Your call: ./css 4 ../items/phase5.csv ../items/not_for_priests.txt no-locks infamous_aq40_run1 -a ../confs/wcl_bwl_speed_log.csv -l infamous_aq40_run1.txt 
Found: -a, val: ../confs/wcl_bwl_speed_log.csv
./css 4 ../items/phase5.csv ../items/not_for_priests.txt no-locks infamous_aq40_run1 -l infamous_aq40_run1.txt 
Found key: buff_fraction, saw val: 1
Found key: healing_from_crit_fraction, saw val: 0.2
Found key: transc8_exists, saw val: 0
Found key: enchantments, saw val: 1
Found key: fort, saw val: 1
Found key: motw, saw val: 1
Found key: spirit, saw val: 1
Found key: ai, saw val: 1
Found key: flask, saw val: 1
Found key: holy_disc, saw val: 0
Found key: min_combat_length, saw val: 2
Found key: max_log_entry_diff_in_combat, saw val: 10
Found key: precast, saw val: 1
Found key: swap_cast, saw val: 1
Found key: time_step, saw val: 0.1
Found key: reaction_time, saw val: 0.1
Found key: skip_player, saw val: Paisti
Found key: use_deficit_time_sum, saw val: 0
Found key: wcl_log, saw val: 1
Found: -l, val: infamous_aq40_run1.txt
./css 4 ../items/phase5.csv ../items/not_for_priests.txt no-locks infamous_aq40_run1 
Will read log from: infamous_aq40_run1.txt
./css 4 ../items/phase5.csv ../items/not_for_priests.txt no-locks infamous_aq40_run1 
./css 4 ../items/phase5.csv ../items/not_for_priests.txt no-locks infamous_aq40_run1 
Shuffle seed: 2416673600
Reading banned from: ../items/not_for_priests.txt
Banning: neltharion's tear
Banning: lok'amir il romathis
Banning: choker of the fire lord
Reading WCL parsed log: infamous_aq40_run1.txt
Saw 58028 lines of log, with 58028 log lines
Sorting by timestamp...
Sorted.
Pruning log from: 58028 entries.
Combat from 0 to 45.323 s
Combat from 60.892 to 68.811 s
Combat from 88.366 to 102.692 s
Combat from 106.468 to 157.663 s
Combat from 204.517 to 260.359 s
Combat from 304.095 to 323.296 s
Combat from 386.409 to 409.096 s
Combat from 422.02 to 484.736 s
Combat from 523.222 to 566.467 s
Combat from 647.009 to 799.839 s
Combat from 1046.65 to 1136.14 s
Combat from 1228.72 to 1350.1 s
Combat from 1438.1 to 1507.72 s
Combat from 1545.2 to 1577.06 s
Combat from 1615.51 to 1631.39 s
Combat from 1665.68 to 1718.33 s
Combat from 1730.87 to 1750.07 s
Combat from 1764.92 to 1828.3 s
Combat from 1941.8 to 1985.09 s
Combat from 2166.27 to 2182.47 s
Combat from 2567.06 to 2610.41 s
Combat from 2654.05 to 2657.66 s
Combat from 2703.82 to 2770.17 s
Combat from 2887.25 to 2927.74 s
Combat from 3003.8 to 3055.24 s
Combat from 3101.42 to 3143.89 s
Combat from 3174.61 to 3187.97 s
Combat from 3219.53 to 3265.3 s
Combat from 3281.46 to 3318.7 s
Combat from 3320.58 to 3433.65 s
Combat from 3790.73 to 3993.32 s
Combat from 4296.62 to 4310.78 s
Combat from 4324.93 to 4363.44 s
Combat from 4380.05 to 4427.78 s
Combat from 4430.69 to 4615.02 s
Combat from 4631.58 to 4636.42 s
Combat from 4964.05 to 5194.91 s
Combat from 5474.28 to 5481.63 s
Combat from 5528.08 to 5549.23 s
Combat from 5550.76 to 5575.77 s
Combat from 5579.16 to 5581.59 s
Combat from 5614.89 to 6098.27 s
Combat from 6485.94 to 6508.52 s
Combat from 6512.05 to 7008.42 s
Combat from 7332.97 to 7388.55 s
Combat from 7397.48 to 7829.11 s
Combat from 8058.87 to 8141.22 s
Combat from 8275.89 to 8350.41 s
Combat from 8456.84 to 8576.3 s
Combat from 8695.24 to 8760.92 s
Combat from 8881.93 to 8985.34 s
Combat from 9032.12 to 9128.07 s
Combat from 9196.99 to 9343.41 s
Combat from 9548.02 to 9598.71 s
Combat from 9625.76 to 9665.08 s
Combat from 9693.95 to 9776 s
Combat from 9850.81 to 9892.55 s
Combat from 10035.1 to 10268.6 s
Combat from 10704.8 to 10809 s
Pruned to: 49518 entries.
----------------------------------------------------------
---- Baseline results without simulated player input: ----
----------------------------------------------------------
oh_limit: 0.9
time_left_mul: 0.5
total_deficit_to_pop_trinkets: 10000
in combat total: 4971.9
Total time casting: 0, which is: 0% of time in combat.
Total hps: 0, raw hps: 0, oh: -nan
Deficit time sum: 8.28922e+11, baseline: 0
Deficit*time change / s: -1.66721e+08 hp
Number of combats: 59
Average mana at start of combat: 0
Average mana at end of combat: 0
Other players with hps > 100:
  Bayoneta : 161.318 hps
  Flibberdigib : 177.414 hps
  Knuuti : 219.03 hps
  Megamatte : 155.395 hps
  Nybjams : 111.582 hps
  Priizii : 160.303 hps
  Stojadin : 175.927 hps
  Vespersianus : 186.854 hps
  Wootqt : 171.825 hps
  Zapperïnn : 204.91 hps
Skip player from: Paisti to: Knuuti
Reading WCL parsed log: infamous_aq40_run1.txt
Saw 58028 lines of log, with 58028 log lines
Sorting by timestamp...
Sorted.
Pruning log from: 58028 entries.
Combat from 0 to 45.323 s
Combat from 60.892 to 68.811 s
Combat from 88.366 to 102.692 s
Combat from 106.468 to 157.663 s
Combat from 204.517 to 260.359 s
Combat from 304.095 to 323.235 s
Combat from 386.409 to 409.096 s
Combat from 422.02 to 484.736 s
Combat from 523.222 to 566.467 s
Combat from 647.009 to 799.839 s
Combat from 1046.65 to 1136.14 s
Combat from 1228.72 to 1350.1 s
Combat from 1438.1 to 1507.72 s
Combat from 1545.2 to 1577.06 s
Combat from 1615.51 to 1631.39 s
Combat from 1665.68 to 1718.33 s
Combat from 1730.87 to 1750.07 s
Combat from 1764.92 to 1828.3 s
Combat from 1941.8 to 1985.09 s
Combat from 2166.27 to 2182.47 s
Combat from 2567.06 to 2610.41 s
Combat from 2654.05 to 2657.66 s
Combat from 2703.82 to 2770.17 s
Combat from 2887.25 to 2927.74 s
Combat from 3003.8 to 3055.24 s
Combat from 3101.42 to 3143.89 s
Combat from 3174.61 to 3187.97 s
Combat from 3219.53 to 3265.3 s
Combat from 3281.46 to 3318.7 s
Combat from 3320.58 to 3433.65 s
Combat from 3790.73 to 3993.32 s
Combat from 4296.62 to 4310.78 s
Combat from 4324.93 to 4363.44 s
Combat from 4380.05 to 4427.78 s
Combat from 4430.69 to 4615.02 s
Combat from 4631.58 to 4636.42 s
Combat from 4964.05 to 5194.91 s
Combat from 5474.28 to 5481.63 s
Combat from 5528.08 to 5549.23 s
Combat from 5550.76 to 5575.77 s
Combat from 5579.16 to 5581.59 s
Combat from 5614.89 to 6098.27 s
Combat from 6485.94 to 6508.52 s
Combat from 6512.05 to 7008.42 s
Combat from 7332.97 to 7388.55 s
Combat from 7397.48 to 7829.11 s
Combat from 8058.87 to 8141.22 s
Combat from 8275.89 to 8350.41 s
Combat from 8456.84 to 8576.3 s
Combat from 8695.24 to 8760.92 s
Combat from 8881.93 to 8985.34 s
Combat from 9032.12 to 9128.07 s
Combat from 9196.99 to 9343.41 s
Combat from 9548.02 to 9598.71 s
Combat from 9625.76 to 9665.08 s
Combat from 9693.95 to 9776 s
Combat from 9850.81 to 9892.55 s
Combat from 10035.1 to 10268.6 s
Combat from 10704.8 to 10809 s
Pruned to: 47774 entries.
Skipped player entries: 2148
Baseline results again due to changed skipped player
oh_limit: 0.9
time_left_mul: 0.5
total_deficit_to_pop_trinkets: 10000
in combat total: 4971.8
Total time casting: 0, which is: 0% of time in combat.
Total hps: 0, raw hps: 0, oh: -nan
Deficit time sum: 1.04612e+12, baseline: 0
Deficit*time change / s: -2.10411e+08 hp
Number of combats: 59
Average mana at start of combat: 0
Average mana at end of combat: 0
Other players with hps > 100:
  Bayoneta : 182.499 hps
  Flibberdigib : 204.245 hps
  Megamatte : 162.784 hps
  Nybjams : 127.023 hps
  Priizii : 168.135 hps
  Stojadin : 187.78 hps
  Vespersianus : 194.056 hps
  Wootqt : 187.889 hps
  Zapperïnn : 219.964 hps
Reading tmp locked from: start_with.txt
Locking: anastari heirloom
Locking: anathema
Locking: animated chain necklace
Locking: argent crusader
Locking: atal'ai gloves of the owl
Locking: ban'thok sash
Locking: banshee finger
Locking: benediction
Locking: blood of the martyr
Locking: briarwood reed
Locking: burial shawl
Locking: clutch of andros
Locking: crimson felt hat
Locking: cyclopean band
Locking: devout belt
Locking: devout bracers
Locking: devout crown
Locking: devout mantle
Locking: devout robe
Locking: devout sandals
Locking: devout skirt
Locking: dragon finger of healing
Locking: dragon finger of intellect
Locking: dragonrider boots
Locking: dragonslayer's signet
Locking: drakefire amulet
Locking: dreadmist mantle
Locking: dreamweave circlet
Locking: dreamweave gloves
Locking: dreamweave vest
Locking: elder magus pendant
Locking: eye of the beast
Locking: fordring's seal
Locking: girdle of prophecy
Locking: gloves of prophecy
Locking: grimgore noose
Locking: halo of transcendence
Locking: heart of the fiend
Locking: hide of the wild
Locking: kentic amice
Locking: leggings of transcendence
Locking: magister's robes
Locking: maleki's footwraps
Locking: mindtap talisman
Locking: nature's breath
Locking: necropile boots
Locking: necropile cuffs
Locking: necropile leggings
Locking: necropile mantle
Locking: necropile robe
Locking: noxious shooter
Locking: omnicast boots
Locking: orb of the forgotten seer
Locking: padre's trousers
Locking: pants of prophecy
Locking: penelope's rose
Locking: quel'dorai channeling rod
Locking: raincaster drape
Locking: rainstrider leggings
Locking: ring of demonic guile
Locking: ring of demonic guile
Locking: robes of prophecy
Locking: robes of the exalted
Locking: robes of the royal crown
Locking: rod of corrosion
Locking: rosewine circle
Locking: royal seal of eldre'thalas
Locking: royal tribunal cloak
Locking: sarah's guide
Locking: seal of rivendare
Locking: seal of rivendare
Locking: shadowy laced handwraps
Locking: silkweb gloves
Locking: soulstealer mantle
Locking: spellbound tome
Locking: spritecaster cape
Locking: star of mystaria
Locking: starfire tiara
Locking: stormrager
Locking: sublime wristguards
Locking: the hammer of grace
Locking: the postmaster's treads
Locking: thuzadin sash
Locking: triune amulet
Locking: vinerot sandals
Locking: whipvine cord
Locking: wolfshear leggings
Locking: boots of the full moon
Locking: mantle of prophecy
Locking: dragon's touch
Locking: bindings of transcendence
Locking: shimmering geta
Locking: empowered leggings
Locking: seal of the archmagus
Locking: circlet of prophecy
Locking: boots of prophecy
Locking: pauldrons of transcendence
Locking: primalist's seal
Locking: zandalar confessor's bindings
Locking: zulian headdress
Locking: mar'li's eye
Locking: shroud of pure thought
Locking: belt of transcendence
Locking: jin'do's evil eye
Locking: primalist's band
Locking: zandalarian hero charm
Locking: zandalar confessor's mantle
Locking: zandalar confessor's wraps 
Locking: pure elementium band
Locking: truefaith vestments
Locking: vambraces of prophecy
Locking: hazza'rah's charm of healing
Locking: handguards of transcendence
Locking: boots of transcendence
Locking: darkmoon card: blue dragon
Locking: rejuvenating gem
Optimizing start items...

*** NEW BEST (1): 191.564

*** NEW BEST (1): 198.468

*** NEW BEST (1): 206.195

*** NEW BEST (1): 224.77

*** NEW BEST (1): 230.081

*** NEW BEST (1): 238.293

*** NEW BEST (1): 242.261

*** NEW BEST (1): 246.934

*** NEW BEST (1): 253.144

*** NEW BEST (1): 258.917

*** NEW BEST (1): 259.148

*** NEW BEST (1): 264.193

*** NEW BEST (1): 268.75

*** NEW BEST (1): 274.575

*** NEW BEST (1): 284.012

*** NEW BEST (1): 286.54
*
*** NEW BEST (1): 287.347
*
*** NEW BEST (1): 287.771

*** NEW BEST (1): 288.761
*
*** NEW BEST (1): 289.034
***
*** NEW BEST (1): 292.224

*** NEW BEST (1): 294.424
*****
*** NEW BEST (0): 217.717
Based on last: 3000 entries, out of total: 3477 entries, (610 dropped), The least-squares solution is:
Int: 20.605
Spirit: 3.09184
Sp / Healing: 100
Mp5: 55.4391
Crit: 556.898
T1 3p/piece: 316.276
T2 3p/piece: 0
Hazza'rah's: 21496.9
Darkmoon: 1804.15
100 points == 1 sp == 0.083316 hps.
neck : animated chain necklace -> jin'do's evil eye => val: 217.717 -> 218.662

*** NEW BEST (0): 218.662
Based on last: 3000 entries, out of total: 3495 entries, (636 dropped), The least-squares solution is:
Int: 20.5787
Spirit: 3.3125
Sp / Healing: 100
Mp5: 55.6302
Crit: 554.287
T1 3p/piece: 316.133
T2 3p/piece: 0
Hazza'rah's: 21508.3
Darkmoon: 1805.01
100 points == 1 sp == 0.0832762 hps.
trinket : eye of the beast -> hazza'rah's charm of healing => val: 218.662 -> 236.357

*** NEW BEST (0): 236.357
Based on last: 3000 entries, out of total: 3505 entries, (642 dropped), The least-squares solution is:
Int: 20.8947
Spirit: 3.04361
Sp / Healing: 100
Mp5: 56.7599
Crit: 555.957
T1 3p/piece: 309.83
T2 3p/piece: 0
Hazza'rah's: 21551.9
Darkmoon: 1805.66
100 points == 1 sp == 0.0832463 hps.
chest : dreamweave vest -> truefaith vestments => val: 236.357 -> 241.182

*** NEW BEST (0): 241.182
Based on last: 3000 entries, out of total: 3520 entries, (647 dropped), The least-squares solution is:
Int: 20.9584
Spirit: 3.09407
Sp / Healing: 100
Mp5: 57.2898
Crit: 553.188
T1 3p/piece: 307.694
T2 3p/piece: 0
Hazza'rah's: 21547
Darkmoon: 1805.21
100 points == 1 sp == 0.0832671 hps.
legs : devout skirt -> empowered leggings => val: 241.182 -> 249.979

*** NEW BEST (0): 249.979
Based on last: 3000 entries, out of total: 3528 entries, (659 dropped), The least-squares solution is:
Int: 20.9635
Spirit: 3.39422
Sp / Healing: 100
Mp5: 57.6785
Crit: 555.698
T1 3p/piece: 298.973
T2 3p/piece: 0
Hazza'rah's: 21541.3
Darkmoon: 1804.72
100 points == 1 sp == 0.0832895 hps.
finger : cyclopean band -> pure elementium band => val: 249.979 -> 253.959

*** NEW BEST (0): 253.959
Based on last: 3000 entries, out of total: 3537 entries, (680 dropped), The least-squares solution is:
Int: 20.7904
Spirit: 4.09213
Sp / Healing: 100
Mp5: 58.4274
Crit: 554.576
T1 3p/piece: 289.944
T2 3p/piece: 0
Hazza'rah's: 21525
Darkmoon: 1803.44
100 points == 1 sp == 0.0833486 hps.
hands : atal'ai gloves of the owl -> handguards of transcendence => val: 253.959 -> 256.573

*** NEW BEST (0): 256.573
Based on last: 3000 entries, out of total: 3544 entries, (695 dropped), The least-squares solution is:
Int: 20.8474
Spirit: 4.35582
Sp / Healing: 100
Mp5: 58.0154
Crit: 556.819
T1 3p/piece: 304.818
T2 3p/piece: 0
Hazza'rah's: 21513.3
Darkmoon: 1802.5
100 points == 1 sp == 0.0833922 hps.
shoulders : soulstealer mantle -> zandalar confessor's mantle => val: 256.573 -> 261.602

*** NEW BEST (0): 261.602
Based on last: 3000 entries, out of total: 3547 entries, (711 dropped), The least-squares solution is:
Int: 20.9647
Spirit: 4.56062
Sp / Healing: 100
Mp5: 57.7083
Crit: 553.274
T1 3p/piece: 302.228
T2 3p/piece: 0
Hazza'rah's: 21504.6
Darkmoon: 1801.85
100 points == 1 sp == 0.0834224 hps.
wrists : devout bracers -> bindings of transcendence => val: 261.602 -> 265.584

*** NEW BEST (0): 265.584
Based on last: 3000 entries, out of total: 3552 entries, (725 dropped), The least-squares solution is:
Int: 21.0993
Spirit: 4.51857
Sp / Healing: 100
Mp5: 57.5096
Crit: 553.775
T1 3p/piece: 297.718
T2 3p/piece: 0
Hazza'rah's: 21487.9
Darkmoon: 1800.56
100 points == 1 sp == 0.0834822 hps.
ranged : dragon finger of intellect -> dragon's touch => val: 265.584 -> 266.215

*** NEW BEST (0): 266.215
Based on last: 3000 entries, out of total: 3556 entries, (738 dropped), The least-squares solution is:
Int: 21.2285
Spirit: 4.41681
Sp / Healing: 100
Mp5: 57.3033
Crit: 552.652
T1 3p/piece: 297.589
T2 3p/piece: 0
Hazza'rah's: 21485.8
Darkmoon: 1800.38
100 points == 1 sp == 0.0834902 hps.
finger 2 : blood of the martyr -> fordring's seal => val: 266.215 -> 269.268

*** NEW BEST (0): 269.268
Based on last: 3000 entries, out of total: 3561 entries, (763 dropped), The least-squares solution is:
Int: 21.202
Spirit: 4.58058
Sp / Healing: 100
Mp5: 56.9822
Crit: 549.871
T1 3p/piece: 323.443
T2 3p/piece: 0
Hazza'rah's: 21471.4
Darkmoon: 1799.27
100 points == 1 sp == 0.0835418 hps.
trinket 2 : briarwood reed -> rejuvenating gem => val: 269.268 -> 273.103

*** NEW BEST (0): 273.103
Based on last: 3000 entries, out of total: 3572 entries, (768 dropped), The least-squares solution is:
Int: 21.3316
Spirit: 4.72849
Sp / Healing: 100
Mp5: 57.0693
Crit: 544.986
T1 3p/piece: 320.988
T2 3p/piece: 0
Hazza'rah's: 21453.7
Darkmoon: 1797.98
100 points == 1 sp == 0.0836017 hps.
feet : boots of the full moon -> boots of transcendence => val: 273.103 -> 276.022

*** NEW BEST (0): 276.022
Based on last: 3000 entries, out of total: 3585 entries, (775 dropped), The least-squares solution is:
Int: 21.6665
Spirit: 4.77079
Sp / Healing: 100
Mp5: 56.7852
Crit: 542.59
T1 3p/piece: 323.555
T2 3p/piece: 0
Hazza'rah's: 21455.8
Darkmoon: 1798.16
100 points == 1 sp == 0.0835936 hps.
head : crimson felt hat -> zulian headdress => val: 276.022 -> 278.421

*** NEW BEST (0): 278.421
Based on last: 3000 entries, out of total: 3598 entries, (786 dropped), The least-squares solution is:
Int: 21.7377
Spirit: 4.67676
Sp / Healing: 100
Mp5: 57.3428
Crit: 544.93
T1 3p/piece: 321.075
T2 3p/piece: 0
Hazza'rah's: 21463.5
Darkmoon: 1798.75
100 points == 1 sp == 0.083566 hps.
waist : ban'thok sash -> whipvine cord => val: 278.421 -> 280.928

*** NEW BEST (0): 280.928
Based on last: 3000 entries, out of total: 3609 entries, (795 dropped), The least-squares solution is:
Int: 21.9349
Spirit: 4.43692
Sp / Healing: 100
Mp5: 57.0754
Crit: 546.759
T1 3p/piece: 300.689
T2 3p/piece: 0
Hazza'rah's: 21465.8
Darkmoon: 1798.91
100 points == 1 sp == 0.0835587 hps.
*two-hand :   the hammer of grace orb of the forgotten seer -> benediction    => val: 280.928 -> 285.943

*** NEW BEST (0): 285.943
Based on last: 3000 entries, out of total: 3686 entries, (909 dropped), The least-squares solution is:
Int: 21.9679
Spirit: 5.7012
Sp / Healing: 100
Mp5: 56.1309
Crit: 528.59
T1 3p/piece: 267.61
T2 3p/piece: 0
Hazza'rah's: 21360.5
Darkmoon: 1794.44
100 points == 1 sp == 0.0837666 hps.
********
Read starting items and cleared locks.
 ----------------------------
 --- head --- 
name: zulian headdress
slot: head
intelligence: 15
stamina: 13
spirit: 14
sp_healing: 55
armor: 78
 ----------------------------
 --- neck --- 
name: jin'do's evil eye
slot: neck
intelligence: 11
stamina: 5
spirit: 6
sp_healing: 44
 ----------------------------
 --- shoulders --- 
name: zandalar confessor's mantle
slot: shoulders
intelligence: 24
stamina: 11
spirit: 15
sp_healing: 22
armor: 78
 ----------------------------
 --- back --- 
name: hide of the wild
slot: back
intelligence: 10
stamina: 8
sp_healing: 42
armor: 48
 ----------------------------
 --- chest --- 
name: truefaith vestments
slot: chest
stamina: 14
sp_healing: 73
mp5: 6
armor: 96
 ----------------------------
 --- wrists --- 
name: bindings of transcendence
slot: wrists
intelligence: 13
stamina: 9
spirit: 16
sp_healing: 33
armor: 51
 ----------------------------
 --- two-hand --- 
name: benediction
slot: two-hand
intelligence: 31
stamina: 10
spirit: 12
sp_healing: 106
spell_crit: 2
shadow_res: 20
 ----------------------------
 ---  --- 
name: 
slot: 
 ----------------------------
 ---  --- 
name: 
slot: 
 ----------------------------
 ---  --- 
name: 
slot: 
 ----------------------------
 --- ranged --- 
name: dragon's touch
slot: ranged
intelligence: 12
stamina: 7
sp: 6
 ----------------------------
 --- hands --- 
name: handguards of transcendence
slot: hands
intelligence: 20
stamina: 12
spirit: 13
sp_healing: 29
spell_crit: 1
armor: 72
 ----------------------------
 --- waist --- 
name: whipvine cord
slot: waist
intelligence: 8
sp_healing: 31
mp5: 6
armor: 47
 ----------------------------
 --- legs --- 
name: empowered leggings
slot: legs
intelligence: 12
stamina: 12
spirit: 24
sp_healing: 77
spell_crit: 1
armor: 103
 ----------------------------
 --- feet --- 
name: boots of transcendence
slot: feet
intelligence: 17
stamina: 17
spirit: 17
sp_healing: 35
fire_res: 10
armor: 80
 ----------------------------
 --- finger --- 
name: pure elementium band
slot: finger
intelligence: 10
stamina: 9
spirit: 10
sp_healing: 53
 ----------------------------
 --- finger --- 
name: fordring's seal
slot: finger
intelligence: 5
stamina: 4
sp_healing: 37
 ----------------------------
 --- trinket --- 
name: hazza'rah's charm of healing
slot: trinket
 ----------------------------
 --- trinket --- 
name: rejuvenating gem
slot: trinket
sp_healing: 66
mp5: 9
 ----------------------------
 --- Set bonuses ---
name: confessor's 2 hazza'rah's 1 transcendence 3 
slot: Set bonuses
sp: 23
 --- And counts for start items ---
oh_limit: 0.9
time_left_mul: 0.5
total_deficit_to_pop_trinkets: 10000
in combat total: 4971.8
Flash Heal 1, casts: 172, avg: 268.413, 3.24742%, cast time 5.18927% of in combat, overheal: 0.577014
Flash Heal 2, casts: 24, avg: 615.773, 1.03953%, cast time 0.724084% of in combat, overheal: 0.146768
Flash Heal 3, casts: 16, avg: 781.552, 0.879598%, cast time 0.482723% of in combat, overheal: 0.0253949
Flash Heal 4, casts: 29, avg: 804.752, 1.6416%, cast time 0.874935% of in combat, overheal: 0.0931865
Flash Heal 5, casts: 21, avg: 877.365, 1.296%, cast time 0.633573% of in combat, overheal: 0.144961
Flash Heal 6, casts: 30, avg: 1022.54, 2.15779%, cast time 0.905105% of in combat, overheal: 0.128864
Flash Heal 7, casts: 697, avg: 1286.15, 63.0565%, cast time 21.0286% of in combat, overheal: 0.0570737
Greater Heal 1, casts: 18, avg: 1834.9, 2.32323%, cast time 0.905105% of in combat, overheal: 0.00535376
Greater Heal 1 hazz, casts: 25, avg: 1311.16, 2.3057%, cast time 0.754254% of in combat, overheal: 0.289259
Greater Heal 2 hazz, casts: 20, avg: 1825.22, 2.56775%, cast time 0.603403% of in combat, overheal: 0.141614
Greater Heal 3 hazz, casts: 11, avg: 1749.75, 1.35387%, cast time 0.331872% of in combat, overheal: 0.286328
Greater Heal 4, casts: 11, avg: 2784.79, 2.15472%, cast time 0.55312% of in combat, overheal: 0.0170759
Greater Heal 4 hazz, casts: 60, avg: 2662, 11.2348%, cast time 1.81021% of in combat, overheal: 0.0604134
Heal 2, casts: 42, avg: 1291.52, 3.81555%, cast time 2.11191% of in combat, overheal: 0.0201997
Heal 4, casts: 7, avg: 1880.4, 0.925881%, cast time 0.351985% of in combat, overheal: 0.0546638
Total time casting: 1852.5, which is: 37.2601% of time in combat.
Total hps: 285.943, raw hps: 320.158, oh: 0.106869
Deficit time sum: 5.28514e+11, baseline: 1.04612e+12
Deficit*time change / s: 1.04109e+08 hp
Number of combats: 59
Average mana at start of combat: 10607.1
Average mana at end of combat: 8636.17
Other players with hps > 100:
  Bayoneta : 168.307 hps
  Flibberdigib : 188.476 hps
  Megamatte : 152.585 hps
  Nybjams : 116.84 hps
  Priizii : 159.87 hps
  Stojadin : 174.949 hps
  Vespersianus : 185.089 hps
  Wootqt : 177.044 hps
  Zapperïnn : 203.697 hps
Reading locked from: no-locks
Setting tag name to: infamous_aq40_run1
.
*** NEW BEST (1): 388.892

*** NEW BEST (1): 393.128

*** NEW BEST (1): 402.308

*** NEW BEST (1): 402.828

*** NEW BEST (1): 403.727

*** NEW BEST (1): 406.217

*** NEW BEST (1): 407.356

*** NEW BEST (1): 408.28

*** NEW BEST (1): 410.076
Temporary bans and partial set bonuses off.
.
*** NEW BEST (0): 411.673
shoulders : ternary mantle -> zandalar confessor's mantle => val: 411.673 -> 412.141

*** NEW BEST (0): 412.141
legs : leggings of transcendence -> empowered leggings => val: 412.141 -> 414.473

*** NEW BEST (0): 414.473
***** INTERMEDIATE RESULTS *****
Iteration: 2
 ----------------------------
 --- head --- 
name: crystal adorned crown
slot: head
intelligence: 14
spirit: 13
sp_healing: 92
armor: 85
 ----------------------------
 --- neck --- 
name: amulet of the fallen god
slot: neck
intelligence: 11
sp_healing: 57
mp5: 6
 ----------------------------
 --- shoulders --- 
name: zandalar confessor's mantle
slot: shoulders
intelligence: 24
stamina: 11
spirit: 15
sp_healing: 22
armor: 78
 ----------------------------
 --- back --- 
name: cloak of clarity
slot: back
intelligence: 12
stamina: 6
spirit: 7
sp_healing: 40
mp5: 8
armor: 66
 ----------------------------
 --- chest --- 
name: robes of the guardian saint
slot: chest
intelligence: 22
stamina: 20
sp_healing: 70
mp5: 7
armor: 117
 ----------------------------
 --- wrists --- 
name: bracelets of royal redemption
slot: wrists
intelligence: 10
stamina: 8
spirit: 9
sp_healing: 53
armor: 54
 ----------------------------
 ---  --- 
name: 
slot: 
 ----------------------------
 --- main hand --- 
name: scepter of the false prophet
slot: main hand
intelligence: 19
stamina: 10
sp_healing: 187
mp5: 3
 ----------------------------
 ---  --- 
name: 
slot: 
 ----------------------------
 --- off hand --- 
name: sartura's might
slot: off hand
intelligence: 6
stamina: 6
sp_healing: 51
mp5: 6
 ----------------------------
 --- ranged --- 
name: lunar wand of healing
slot: ranged
sp_healing: 20
 ----------------------------
 --- hands --- 
name: atal'ai hands of healing
slot: hands
sp: 9
sp_healing: 44
armor: 47
 ----------------------------
 --- waist --- 
name: grasp of the old god
slot: waist
intelligence: 19
stamina: 15
sp_healing: 59
mp5: 7
armor: 75
 ----------------------------
 --- legs --- 
name: empowered leggings
slot: legs
intelligence: 12
stamina: 12
spirit: 24
sp_healing: 77
spell_crit: 1
armor: 103
 ----------------------------
 --- feet --- 
name: boots of pure thought
slot: feet
intelligence: 12
stamina: 8
spirit: 12
sp_healing: 62
armor: 74
 ----------------------------
 --- finger --- 
name: pure elementium band
slot: finger
intelligence: 10
stamina: 9
spirit: 10
sp_healing: 53
 ----------------------------
 --- finger --- 
name: ring of the martyr
slot: finger
stamina: 10
sp_healing: 51
mp5: 5
 ----------------------------
 --- trinket --- 
name: hazza'rah's charm of healing
slot: trinket
 ----------------------------
 --- trinket --- 
name: rejuvenating gem
slot: trinket
sp_healing: 66
mp5: 9
 ----------------------------
 --- Set bonuses ---
name: confessor's 2 hazza'rah's 1 
slot: Set bonuses
sp: 23
------------------
Best value: 414.473
------------------
Char stats: 
Effective hp: 8521.6
Effective mana (100 s, 33 % out of fsr): 16631.3
Raw max mana: 10319.5
Int: 408.48
Stam: 392.38
Spirit: 396.98
Strength: 79.58
Agility: 84.18
All stats multiplier (taken into account above): 1.15
Bonus mana: 2000
Bonus hp: 0
Mp5: 201
Sp: 32
Sp shadow: 0
Sp healing: 1164
Spell crit: 19
Spell hit: 0
Arcane res: 27
Nature res: 27
Fire res: 27
Frost res: 27
Shadow res: 27
Armor: 2897.75
Defense: 300
Dodge: 0
Parry: 0
HpsPvp: 1054.09
ShadowDps: 224.52
Value pvp healing: 2078.61
Value pvp shadow: 94.3025
Effective hp-pvp: 10605.8
Effecctive mana for 100 s, 0.33 fsr: 18279
------------------
Best counts:
oh_limit: 0.7
time_left_mul: 2.9
total_deficit_to_pop_trinkets: 2919.89
in combat total: 4971.8
Flash Heal 1, casts: 29, avg: 417.889, 0.587548%, cast time 0.874935% of in combat, overheal: 0.456012
Flash Heal 2, casts: 8, avg: 746.213, 0.289426%, cast time 0.241361% of in combat, overheal: 0.127016
Flash Heal 3, casts: 3, avg: 934.509, 0.135922%, cast time 0.0905105% of in combat, overheal: 0
Flash Heal 4, casts: 4, avg: 1019.51, 0.197714%, cast time 0.120681% of in combat, overheal: 0
Flash Heal 5, casts: 7, avg: 996.369, 0.338145%, cast time 0.211191% of in combat, overheal: 0.13907
Flash Heal 6, casts: 5, avg: 1304.1, 0.316129%, cast time 0.150851% of in combat, overheal: 0
Flash Heal 7, casts: 109, avg: 1478.92, 7.81546%, cast time 3.28855% of in combat, overheal: 0.00950763
Greater Heal 1, casts: 35, avg: 1861.06, 3.158%, cast time 1.75993% of in combat, overheal: 0.116682
Greater Heal 1 hazz, casts: 51, avg: 1473.6, 3.64362%, cast time 1.53868% of in combat, overheal: 0.300584
Greater Heal 2 hazz, casts: 10, avg: 1989.4, 0.964511%, cast time 0.301702% of in combat, overheal: 0.166466
Greater Heal 3 hazz, casts: 17, avg: 2549.66, 2.10143%, cast time 0.512893% of in combat, overheal: 0.0591988
Greater Heal 4, casts: 321, avg: 2923.81, 45.5029%, cast time 16.141% of in combat, overheal: 0.0535161
Greater Heal 4 hazz, casts: 52, avg: 2916.22, 7.35203%, cast time 1.56885% of in combat, overheal: 0.0559752
Heal 2, casts: 247, avg: 1272.27, 15.2357%, cast time 12.42% of in combat, overheal: 0.197377
Heal 4, casts: 122, avg: 2089.91, 12.3615%, cast time 6.1346% of in combat, overheal: 0.0719714
Total time casting: 2255, which is: 45.3558% of time in combat.
Total hps: 414.86, raw hps: 459.194, oh: 0.0965458
Deficit time sum: 4.1084e+11, baseline: 1.04612e+12
Deficit*time change / s: 1.27777e+08 hp
Number of combats: 59
Average mana at start of combat: 10274.5
Average mana at end of combat: 7958.89
Other players with hps > 100:
  Bayoneta : 160.052 hps
  Flibberdigib : 183.718 hps
  Megamatte : 147.3 hps
  Nybjams : 114.675 hps
  Priizii : 153.937 hps
  Stojadin : 169.615 hps
  Vespersianus : 180.13 hps
  Wootqt : 169.357 hps
  Zapperïnn : 192.809 hps
------------------
Upgrades: 
( following sorted by alt scores, no specials )
benediction, , , (10.3926) -> , scepter of the false prophet, , sartura's might(20.8197) : 10.4271 = +2.5782%
zulian headdress(4.95004) -> crystal adorned crown(8.02625) : 3.0762 = +0.747042%
whipvine cord(3.02609) -> grasp of the old god(5.621) : 2.59491 = +0.629427%
boots of transcendence(3.32584) -> boots of pure thought(5.47165) : 2.14581 = +0.519927%
bindings of transcendence(3.07993) -> bracelets of royal redemption(4.66663) : 1.5867 = +0.383934%
jin'do's evil eye(3.91681) -> amulet of the fallen god(5.25922) : 1.34241 = +0.324631%
fordring's seal(3.19138) -> ring of the martyr(4.5072) : 1.31583 = +0.318182%
handguards of transcendence(3.30212) -> atal'ai hands of healing(4.43964) : 1.13751 = +0.274945%
dragon's touch(0.723419) -> lunar wand of healing(1.67532) : 0.951904 = +0.229979%
hide of the wild(3.70221) -> cloak of clarity(3.98108) : 0.27887 = +0.0672653%
truefaith vestments(6.39706) -> robes of the guardian saint(6.59763) : 0.200562 = +0.0483677%
zandalar confessor's mantle(4.28278) -> zandalar confessor's mantle(4.28278) : 0 = +0%
empowered leggings(7.22824) -> empowered leggings(7.22824) : 0 = +0%
pure elementium band(4.67142) -> pure elementium band(4.67142) : 0 = +0%
hazza'rah's charm of healing(19.8196) -> hazza'rah's charm of healing(19.8196) : 0 = +0%
rejuvenating gem(5.95175) -> rejuvenating gem(5.95175) : 0 = +0%
------------------
~~~~ end of intermediate results ~~~~
Temporary bans and partial set bonuses on.
.
*** NEW BEST (1): 413.046
Temporary bans and partial set bonuses off.
.legs : leggings of transcendence -> empowered leggings => val: 403.132 -> 403.163
neck : amulet of the shifting sands -> amulet of the fallen god => val: 403.163 -> 403.328
waist : eyestalk waist cord -> grasp of the old god => val: 403.328 -> 405.667
shoulders : ternary mantle -> zandalar confessor's mantle => val: 405.667 -> 406.035
two-hand : blessed qiraji augur staff    ->   scepter of the false prophet sartura's might => val: 406.035 -> 411.698
hands : high councillor's gloves of healing -> atal'ai hands of healing => val: 411.698 -> 411.818
***** INTERMEDIATE RESULTS *****
Iteration: 4
 ----------------------------
 --- head --- 
name: crystal adorned crown
slot: head
intelligence: 14
spirit: 13
sp_healing: 92
armor: 85
 ----------------------------
 --- neck --- 
name: amulet of the fallen god
slot: neck
intelligence: 11
sp_healing: 57
mp5: 6
 ----------------------------
 --- shoulders --- 
name: zandalar confessor's mantle
slot: shoulders
intelligence: 24
stamina: 11
spirit: 15
sp_healing: 22
armor: 78
 ----------------------------
 --- back --- 
name: cloak of clarity
slot: back
intelligence: 12
stamina: 6
spirit: 7
sp_healing: 40
mp5: 8
armor: 66
 ----------------------------
 --- chest --- 
name: robes of the guardian saint
slot: chest
intelligence: 22
stamina: 20
sp_healing: 70
mp5: 7
armor: 117
 ----------------------------
 --- wrists --- 
name: bracelets of royal redemption
slot: wrists
intelligence: 10
stamina: 8
spirit: 9
sp_healing: 53
armor: 54
 ----------------------------
 ---  --- 
name: 
slot: 
 ----------------------------
 --- main hand --- 
name: scepter of the false prophet
slot: main hand
intelligence: 19
stamina: 10
sp_healing: 187
mp5: 3
 ----------------------------
 ---  --- 
name: 
slot: 
 ----------------------------
 --- off hand --- 
name: sartura's might
slot: off hand
intelligence: 6
stamina: 6
sp_healing: 51
mp5: 6
 ----------------------------
 --- ranged --- 
name: lunar wand of healing
slot: ranged
sp_healing: 20
 ----------------------------
 --- hands --- 
name: atal'ai hands of healing
slot: hands
sp: 9
sp_healing: 44
armor: 47
 ----------------------------
 --- waist --- 
name: eyestalk waist cord
slot: waist
intelligence: 9
stamina: 10
sp: 41
spell_crit: 1
armor: 75
 ----------------------------
 --- legs --- 
name: empowered leggings
slot: legs
intelligence: 12
stamina: 12
spirit: 24
sp_healing: 77
spell_crit: 1
armor: 103
 ----------------------------
 --- feet --- 
name: boots of pure thought
slot: feet
intelligence: 12
stamina: 8
spirit: 12
sp_healing: 62
armor: 74
 ----------------------------
 --- finger --- 
name: pure elementium band
slot: finger
intelligence: 10
stamina: 9
spirit: 10
sp_healing: 53
 ----------------------------
 --- finger --- 
name: ring of the martyr
slot: finger
stamina: 10
sp_healing: 51
mp5: 5
 ----------------------------
 --- trinket --- 
name: hazza'rah's charm of healing
slot: trinket
 ----------------------------
 --- trinket --- 
name: rejuvenating gem
slot: trinket
sp_healing: 66
mp5: 9
 ----------------------------
 --- Set bonuses ---
name: confessor's 2 hazza'rah's 1 
slot: Set bonuses
sp: 23
------------------
Best value: 414.473
------------------
Char stats: 
Effective hp: 8460.5
Effective mana (100 s, 33 % out of fsr): 16301.6
Raw max mana: 10129.8
Int: 396.98
Stam: 386.63
Spirit: 396.98
Strength: 79.58
Agility: 84.18
All stats multiplier (taken into account above): 1.15
Bonus mana: 2000
Bonus hp: 0
Mp5: 194
Sp: 73
Sp shadow: 0
Sp healing: 1105
Spell crit: 20
Spell hit: 0
Arcane res: 27
Nature res: 27
Fire res: 27
Frost res: 27
Shadow res: 27
Armor: 2897.75
Defense: 300
Dodge: 0
Parry: 0
HpsPvp: 1054.09
ShadowDps: 224.52
Value pvp healing: 2078.61
Value pvp shadow: 94.3025
Effective hp-pvp: 10529.8
Effecctive mana for 100 s, 0.33 fsr: 17949.3
------------------
Best counts:
oh_limit: 0.7
time_left_mul: 2.9
total_deficit_to_pop_trinkets: 3042.95
in combat total: 4971.8
Flash Heal 1, casts: 31, avg: 421.976, 0.638387%, cast time 0.935275% of in combat, overheal: 0.44568
Flash Heal 2, casts: 8, avg: 741.105, 0.289338%, cast time 0.241361% of in combat, overheal: 0.126028
Flash Heal 3, casts: 2, avg: 927.824, 0.0905588%, cast time 0.0603403% of in combat, overheal: 0
Flash Heal 4, casts: 4, avg: 1012.96, 0.197737%, cast time 0.120681% of in combat, overheal: 0
Flash Heal 5, casts: 5, avg: 997.986, 0.243517%, cast time 0.150851% of in combat, overheal: 0.132927
Flash Heal 6, casts: 5, avg: 1198.79, 0.292516%, cast time 0.150851% of in combat, overheal: 0.0764245
Flash Heal 7, casts: 105, avg: 1472.74, 7.54657%, cast time 3.16787% of in combat, overheal: 0.00979669
Greater Heal 1, casts: 33, avg: 1875.16, 3.01986%, cast time 1.65936% of in combat, overheal: 0.104512
Greater Heal 1 hazz, casts: 50, avg: 1431.01, 3.49178%, cast time 1.50851% of in combat, overheal: 0.316618
Greater Heal 2 hazz, casts: 13, avg: 1903.22, 1.20745%, cast time 0.392212% of in combat, overheal: 0.198395
Greater Heal 3 hazz, casts: 15, avg: 2587.93, 1.89443%, cast time 0.452552% of in combat, overheal: 0.0408547
Greater Heal 4, casts: 322, avg: 2913.09, 45.7767%, cast time 16.1913% of in combat, overheal: 0.0535156
Greater Heal 4 hazz, casts: 50, avg: 2921.4, 7.12847%, cast time 1.50851% of in combat, overheal: 0.0508155
Heal 2, casts: 258, avg: 1278.89, 16.1023%, cast time 12.9732% of in combat, overheal: 0.186107
Heal 4, casts: 119, avg: 2080.16, 12.0803%, cast time 5.98375% of in combat, overheal: 0.0710307
Total time casting: 2262, which is: 45.4966% of time in combat.
Total hps: 412.146, raw hps: 455.902, oh: 0.0959763
Deficit time sum: 4.12864e+11, baseline: 1.04612e+12
Deficit*time change / s: 1.2737e+08 hp
Number of combats: 59
Average mana at start of combat: 10077.7
Average mana at end of combat: 7719.13
Other players with hps > 100:
  Bayoneta : 160.419 hps
  Flibberdigib : 184.049 hps
  Megamatte : 146.866 hps
  Nybjams : 114.823 hps
  Priizii : 153.891 hps
  Stojadin : 169.723 hps
  Vespersianus : 180.255 hps
  Wootqt : 169.514 hps
  Zapperïnn : 192.939 hps
------------------
Upgrades: 
( following sorted by alt scores, no specials )
benediction, , , (10.3926) -> , scepter of the false prophet, , sartura's might(20.8197) : 10.4271 = +2.59562%
zulian headdress(4.95004) -> crystal adorned crown(8.02625) : 3.0762 = +0.751999%
boots of transcendence(3.32584) -> boots of pure thought(5.47165) : 2.14581 = +0.523369%
bindings of transcendence(3.07993) -> bracelets of royal redemption(4.66663) : 1.5867 = +0.386473%
jin'do's evil eye(3.91681) -> amulet of the fallen god(5.25922) : 1.34241 = +0.326776%
fordring's seal(3.19138) -> ring of the martyr(4.5072) : 1.31583 = +0.320285%
handguards of transcendence(3.30212) -> atal'ai hands of healing(4.43964) : 1.13751 = +0.276761%
whipvine cord(3.02609) -> eyestalk waist cord(4.04282) : 1.01672 = +0.2473%
dragon's touch(0.723419) -> lunar wand of healing(1.67532) : 0.951904 = +0.231498%
hide of the wild(3.70221) -> cloak of clarity(3.98108) : 0.27887 = +0.0677086%
truefaith vestments(6.39706) -> robes of the guardian saint(6.59763) : 0.200562 = +0.0486864%
zandalar confessor's mantle(4.28278) -> zandalar confessor's mantle(4.28278) : 0 = +0%
empowered leggings(7.22824) -> empowered leggings(7.22824) : 0 = +0%
pure elementium band(4.67142) -> pure elementium band(4.67142) : 0 = +0%
hazza'rah's charm of healing(19.8196) -> hazza'rah's charm of healing(19.8196) : 0 = +0%
rejuvenating gem(5.95175) -> rejuvenating gem(5.95175) : 0 = +0%
------------------
~~~~ end of intermediate results ~~~~
Temporary bans and partial set bonuses on.
.
*** NEW BEST (1): 415.387

*** NEW BEST (1): 415.515
Temporary bans and partial set bonuses off.
.wrists : zandalar confessor's wraps -> bracelets of royal redemption => val: 408.432 -> 409.286
ranged : wandof qiraji nobility -> lunar wand of healing => val: 408.852 -> 408.943
shoulders : ternary mantle -> zandalar confessor's mantle => val: 408.943 -> 409.144
two-hand : blessed qiraji augur staff    ->   scepter of the false prophet sartura's might => val: 409.144 -> 413.167
No swappies for item bonuses found. (best matching was empty)
***** INTERMEDIATE RESULTS *****
Iteration: 6
 ----------------------------
 --- head --- 
name: crystal adorned crown
slot: head
intelligence: 14
spirit: 13
sp_healing: 92
armor: 85
 ----------------------------
 --- neck --- 
name: amulet of the fallen god
slot: neck
intelligence: 11
sp_healing: 57
mp5: 6
 ----------------------------
 --- shoulders --- 
name: ternary mantle
slot: shoulders
intelligence: 17
stamina: 12
spirit: 20
sp_healing: 44
armor: 86
 ----------------------------
 --- back --- 
name: cloak of clarity
slot: back
intelligence: 12
stamina: 6
spirit: 7
sp_healing: 40
mp5: 8
armor: 66
 ----------------------------
 --- chest --- 
name: robes of the guardian saint
slot: chest
intelligence: 22
stamina: 20
sp_healing: 70
mp5: 7
armor: 117
 ----------------------------
 --- wrists --- 
name: zandalar confessor's wraps
slot: wrists
intelligence: 11
stamina: 10
spirit: 12
sp_healing: 24
armor: 41
 ----------------------------
 ---  --- 
name: 
slot: 
 ----------------------------
 --- main hand --- 
name: scepter of the false prophet
slot: main hand
intelligence: 19
stamina: 10
sp_healing: 187
mp5: 3
 ----------------------------
 ---  --- 
name: 
slot: 
 ----------------------------
 --- off hand --- 
name: sartura's might
slot: off hand
intelligence: 6
stamina: 6
sp_healing: 51
mp5: 6
 ----------------------------
 --- ranged --- 
name: lunar wand of healing
slot: ranged
sp_healing: 20
 ----------------------------
 --- hands --- 
name: atal'ai hands of healing
slot: hands
sp: 9
sp_healing: 44
armor: 47
 ----------------------------
 --- waist --- 
name: grasp of the old god
slot: waist
intelligence: 19
stamina: 15
sp_healing: 59
mp5: 7
armor: 75
 ----------------------------
 --- legs --- 
name: empowered leggings
slot: legs
intelligence: 12
stamina: 12
spirit: 24
sp_healing: 77
spell_crit: 1
armor: 103
 ----------------------------
 --- feet --- 
name: boots of pure thought
slot: feet
intelligence: 12
stamina: 8
spirit: 12
sp_healing: 62
armor: 74
 ----------------------------
 --- finger --- 
name: pure elementium band
slot: finger
intelligence: 10
stamina: 9
spirit: 10
sp_healing: 53
 ----------------------------
 --- finger --- 
name: ring of the martyr
slot: finger
stamina: 10
sp_healing: 51
mp5: 5
 ----------------------------
 --- trinket --- 
name: hazza'rah's charm of healing
slot: trinket
 ----------------------------
 --- trinket --- 
name: rejuvenating gem
slot: trinket
sp_healing: 66
mp5: 9
 ----------------------------
 --- Set bonuses ---
name: confessor's 2 hazza'rah's 1 
slot: Set bonuses
sp: 23
------------------
Best value: 414.473
------------------
Char stats: 
Effective hp: 8554.7
Effective mana (100 s, 33 % out of fsr): 16564.5
Raw max mana: 10205.7
Int: 401.58
Stam: 395.83
Spirit: 406.18
Strength: 79.58
Agility: 84.18
All stats multiplier (taken into account above): 1.15
Bonus mana: 2000
Bonus hp: 0
Mp5: 201
Sp: 32
Sp shadow: 0
Sp healing: 1157
Spell crit: 19
Spell hit: 0
Arcane res: 27
Nature res: 27
Fire res: 27
Frost res: 27
Shadow res: 27
Armor: 2892.75
Defense: 300
Dodge: 0
Parry: 0
HpsPvp: 1054.09
ShadowDps: 224.52
Value pvp healing: 2078.61
Value pvp shadow: 94.3025
Effective hp-pvp: 10645
Effecctive mana for 100 s, 0.33 fsr: 18246.2
------------------
Best counts:
oh_limit: 0.7
time_left_mul: 2.9
total_deficit_to_pop_trinkets: 3522.59
in combat total: 4971.8
Flash Heal 1, casts: 30, avg: 429.014, 0.626241%, cast time 0.905105% of in combat, overheal: 0.439111
Flash Heal 2, casts: 8, avg: 743.716, 0.289498%, cast time 0.241361% of in combat, overheal: 0.126535
Flash Heal 3, casts: 3, avg: 792.109, 0.115626%, cast time 0.0905105% of in combat, overheal: 0.149334
Flash Heal 4, casts: 4, avg: 1016.15, 0.197774%, cast time 0.120681% of in combat, overheal: 0
Flash Heal 5, casts: 6, avg: 1025.94, 0.299518%, cast time 0.181021% of in combat, overheal: 0.110915
Flash Heal 6, casts: 6, avg: 1217.57, 0.355462%, cast time 0.181021% of in combat, overheal: 0.0638998
Flash Heal 7, casts: 110, avg: 1471.85, 7.87783%, cast time 3.31872% of in combat, overheal: 0.011953
Greater Heal 1, casts: 34, avg: 1848.5, 3.05808%, cast time 1.70964% of in combat, overheal: 0.11984
Greater Heal 1 hazz, casts: 49, avg: 1480.65, 3.53018%, cast time 1.47834% of in combat, overheal: 0.294994
Greater Heal 2 hazz, casts: 10, avg: 2045.66, 0.995365%, cast time 0.301702% of in combat, overheal: 0.140462
Greater Heal 3 hazz, casts: 11, avg: 2642.25, 1.41422%, cast time 0.331872% of in combat, overheal: 0.0225745
Greater Heal 4, casts: 330, avg: 2907.57, 46.6867%, cast time 16.5936% of in combat, overheal: 0.0566695
Greater Heal 4 hazz, casts: 52, avg: 2894.16, 7.32277%, cast time 1.56885% of in combat, overheal: 0.0610188
Heal 2, casts: 252, avg: 1275.15, 15.6355%, cast time 12.6715% of in combat, overheal: 0.192181
Heal 4, casts: 116, avg: 2054.35, 11.5953%, cast time 5.8329% of in combat, overheal: 0.0850114
Total time casting: 2263.5, which is: 45.5268% of time in combat.
Total hps: 413.368, raw hps: 458.325, oh: 0.09809
Deficit time sum: 4.10517e+11, baseline: 1.04612e+12
Deficit*time change / s: 1.27842e+08 hp
Number of combats: 59
Average mana at start of combat: 10158.8
Average mana at end of combat: 7834.56
Other players with hps > 100:
  Bayoneta : 159.8 hps
  Flibberdigib : 184.517 hps
  Megamatte : 147.054 hps
  Nybjams : 114.736 hps
  Priizii : 154.006 hps
  Stojadin : 170.27 hps
  Vespersianus : 180.362 hps
  Wootqt : 169.008 hps
  Zapperïnn : 193.42 hps
------------------
Upgrades: 
( following sorted by alt scores, no specials )
benediction, , , (10.3926) -> , scepter of the false prophet, , sartura's might(20.8197) : 10.4271 = +2.58775%
zulian headdress(4.95004) -> crystal adorned crown(8.02625) : 3.0762 = +0.749759%
whipvine cord(3.02609) -> grasp of the old god(5.621) : 2.59491 = +0.631713%
boots of transcendence(3.32584) -> boots of pure thought(5.47165) : 2.14581 = +0.521813%
zandalar confessor's mantle(2.35614) -> ternary mantle(4.09409) : 1.73795 = +0.42221%
jin'do's evil eye(3.91681) -> amulet of the fallen god(5.25922) : 1.34241 = +0.325807%
fordring's seal(3.19138) -> ring of the martyr(4.5072) : 1.31583 = +0.319335%
handguards of transcendence(3.30212) -> atal'ai hands of healing(4.43964) : 1.13751 = +0.275941%
bindings of transcendence(3.07993) -> zandalar confessor's wraps(4.19675) : 1.11682 = +0.270908%
dragon's touch(0.723419) -> lunar wand of healing(1.67532) : 0.951904 = +0.230811%
hide of the wild(3.70221) -> cloak of clarity(3.98108) : 0.27887 = +0.0675083%
truefaith vestments(6.39706) -> robes of the guardian saint(6.59763) : 0.200562 = +0.0485424%
empowered leggings(7.22824) -> empowered leggings(7.22824) : 0 = +0%
pure elementium band(4.67142) -> pure elementium band(4.67142) : 0 = +0%
hazza'rah's charm of healing(19.8196) -> hazza'rah's charm of healing(19.8196) : 0 = +0%
rejuvenating gem(5.95175) -> rejuvenating gem(5.95175) : 0 = +0%
------------------
~~~~ end of intermediate results ~~~~
Temporary bans and partial set bonuses on.
.Temporary bans and partial set bonuses off.
.two-hand : blessed qiraji augur staff    ->   scepter of the false prophet sartura's might => val: 408.14 -> 412.229
hands : high councillor's gloves of healing -> atal'ai hands of healing => val: 412.229 -> 412.987
shoulders : ternary mantle -> zandalar confessor's mantle => val: 412.987 -> 413.167
***** INTERMEDIATE RESULTS *****
Iteration: 8
 ----------------------------
 --- head --- 
name: crystal adorned crown
slot: head
intelligence: 14
spirit: 13
sp_healing: 92
armor: 85
 ----------------------------
 --- neck --- 
name: amulet of the fallen god
slot: neck
intelligence: 11
sp_healing: 57
mp5: 6
 ----------------------------
 --- shoulders --- 
name: ternary mantle
slot: shoulders
intelligence: 17
stamina: 12
spirit: 20
sp_healing: 44
armor: 86
 ----------------------------
 --- back --- 
name: cloak of clarity
slot: back
intelligence: 12
stamina: 6
spirit: 7
sp_healing: 40
mp5: 8
armor: 66
 ----------------------------
 --- chest --- 
name: robes of the guardian saint
slot: chest
intelligence: 22
stamina: 20
sp_healing: 70
mp5: 7
armor: 117
 ----------------------------
 --- wrists --- 
name: zandalar confessor's wraps
slot: wrists
intelligence: 11
stamina: 10
spirit: 12
sp_healing: 24
armor: 41
 ----------------------------
 ---  --- 
name: 
slot: 
 ----------------------------
 --- main hand --- 
name: scepter of the false prophet
slot: main hand
intelligence: 19
stamina: 10
sp_healing: 187
mp5: 3
 ----------------------------
 ---  --- 
name: 
slot: 
 ----------------------------
 --- off hand --- 
name: sartura's might
slot: off hand
intelligence: 6
stamina: 6
sp_healing: 51
mp5: 6
 ----------------------------
 --- ranged --- 
name: lunar wand of healing
slot: ranged
sp_healing: 20
 ----------------------------
 --- hands --- 
name: atal'ai hands of healing
slot: hands
sp: 9
sp_healing: 44
armor: 47
 ----------------------------
 --- waist --- 
name: grasp of the old god
slot: waist
intelligence: 19
stamina: 15
sp_healing: 59
mp5: 7
armor: 75
 ----------------------------
 --- legs --- 
name: empowered leggings
slot: legs
intelligence: 12
stamina: 12
spirit: 24
sp_healing: 77
spell_crit: 1
armor: 103
 ----------------------------
 --- feet --- 
name: boots of pure thought
slot: feet
intelligence: 12
stamina: 8
spirit: 12
sp_healing: 62
armor: 74
 ----------------------------
 --- finger --- 
name: pure elementium band
slot: finger
intelligence: 10
stamina: 9
spirit: 10
sp_healing: 53
 ----------------------------
 --- finger --- 
name: ring of the martyr
slot: finger
stamina: 10
sp_healing: 51
mp5: 5
 ----------------------------
 --- trinket --- 
name: hazza'rah's charm of healing
slot: trinket
 ----------------------------
 --- trinket --- 
name: rejuvenating gem
slot: trinket
sp_healing: 66
mp5: 9
 ----------------------------
 --- Set bonuses ---
name: confessor's 2 hazza'rah's 1 
slot: Set bonuses
sp: 23
------------------
Best value: 414.473
------------------
Char stats: 
Effective hp: 8554.7
Effective mana (100 s, 33 % out of fsr): 16564.5
Raw max mana: 10205.7
Int: 401.58
Stam: 395.83
Spirit: 406.18
Strength: 79.58
Agility: 84.18
All stats multiplier (taken into account above): 1.15
Bonus mana: 2000
Bonus hp: 0
Mp5: 201
Sp: 32
Sp shadow: 0
Sp healing: 1157
Spell crit: 19
Spell hit: 0
Arcane res: 27
Nature res: 27
Fire res: 27
Frost res: 27
Shadow res: 27
Armor: 2892.75
Defense: 300
Dodge: 0
Parry: 0
HpsPvp: 1054.09
ShadowDps: 224.52
Value pvp healing: 2078.61
Value pvp shadow: 94.3025
Effective hp-pvp: 10645
Effecctive mana for 100 s, 0.33 fsr: 18246.2
------------------
Best counts:
oh_limit: 0.7
time_left_mul: 2.9
total_deficit_to_pop_trinkets: 3496.24
in combat total: 4971.8
Flash Heal 1, casts: 30, avg: 429.014, 0.626241%, cast time 0.905105% of in combat, overheal: 0.439111
Flash Heal 2, casts: 8, avg: 743.716, 0.289498%, cast time 0.241361% of in combat, overheal: 0.126535
Flash Heal 3, casts: 3, avg: 792.109, 0.115626%, cast time 0.0905105% of in combat, overheal: 0.149334
Flash Heal 4, casts: 4, avg: 1016.15, 0.197774%, cast time 0.120681% of in combat, overheal: 0
Flash Heal 5, casts: 6, avg: 1025.94, 0.299518%, cast time 0.181021% of in combat, overheal: 0.110915
Flash Heal 6, casts: 6, avg: 1217.57, 0.355462%, cast time 0.181021% of in combat, overheal: 0.0638998
Flash Heal 7, casts: 110, avg: 1471.85, 7.87783%, cast time 3.31872% of in combat, overheal: 0.011953
Greater Heal 1, casts: 34, avg: 1848.5, 3.05808%, cast time 1.70964% of in combat, overheal: 0.11984
Greater Heal 1 hazz, casts: 49, avg: 1480.65, 3.53018%, cast time 1.47834% of in combat, overheal: 0.294994
Greater Heal 2 hazz, casts: 10, avg: 2045.66, 0.995365%, cast time 0.301702% of in combat, overheal: 0.140462
Greater Heal 3 hazz, casts: 11, avg: 2642.25, 1.41422%, cast time 0.331872% of in combat, overheal: 0.0225745
Greater Heal 4, casts: 330, avg: 2907.57, 46.6867%, cast time 16.5936% of in combat, overheal: 0.0566695
Greater Heal 4 hazz, casts: 52, avg: 2894.16, 7.32277%, cast time 1.56885% of in combat, overheal: 0.0610188
Heal 2, casts: 252, avg: 1275.15, 15.6355%, cast time 12.6715% of in combat, overheal: 0.192181
Heal 4, casts: 116, avg: 2054.35, 11.5953%, cast time 5.8329% of in combat, overheal: 0.0850114
Total time casting: 2263.5, which is: 45.5268% of time in combat.
Total hps: 413.368, raw hps: 458.325, oh: 0.09809
Deficit time sum: 4.10517e+11, baseline: 1.04612e+12
Deficit*time change / s: 1.27842e+08 hp
Number of combats: 59
Average mana at start of combat: 10158.8
Average mana at end of combat: 7834.56
Other players with hps > 100:
  Bayoneta : 159.8 hps
  Flibberdigib : 184.517 hps
  Megamatte : 147.054 hps
  Nybjams : 114.736 hps
  Priizii : 154.006 hps
  Stojadin : 170.27 hps
  Vespersianus : 180.362 hps
  Wootqt : 169.008 hps
  Zapperïnn : 193.42 hps
------------------
Upgrades: 
( following sorted by alt scores, no specials )
benediction, , , (10.3926) -> , scepter of the false prophet, , sartura's might(20.8197) : 10.4271 = +2.58775%
zulian headdress(4.95004) -> crystal adorned crown(8.02625) : 3.0762 = +0.749759%
whipvine cord(3.02609) -> grasp of the old god(5.621) : 2.59491 = +0.631713%
boots of transcendence(3.32584) -> boots of pure thought(5.47165) : 2.14581 = +0.521813%
zandalar confessor's mantle(2.35614) -> ternary mantle(4.09409) : 1.73795 = +0.42221%
jin'do's evil eye(3.91681) -> amulet of the fallen god(5.25922) : 1.34241 = +0.325807%
fordring's seal(3.19138) -> ring of the martyr(4.5072) : 1.31583 = +0.319335%
handguards of transcendence(3.30212) -> atal'ai hands of healing(4.43964) : 1.13751 = +0.275941%
bindings of transcendence(3.07993) -> zandalar confessor's wraps(4.19675) : 1.11682 = +0.270908%
dragon's touch(0.723419) -> lunar wand of healing(1.67532) : 0.951904 = +0.230811%
hide of the wild(3.70221) -> cloak of clarity(3.98108) : 0.27887 = +0.0675083%
truefaith vestments(6.39706) -> robes of the guardian saint(6.59763) : 0.200562 = +0.0485424%
empowered leggings(7.22824) -> empowered leggings(7.22824) : 0 = +0%
pure elementium band(4.67142) -> pure elementium band(4.67142) : 0 = +0%
hazza'rah's charm of healing(19.8196) -> hazza'rah's charm of healing(19.8196) : 0 = +0%
rejuvenating gem(5.95175) -> rejuvenating gem(5.95175) : 0 = +0%
------------------
~~~~ end of intermediate results ~~~~
Same items for intermediate results again, ending optimization. 
 ----------------------------
 --- head --- 
name: crystal adorned crown
slot: head
intelligence: 14
spirit: 13
sp_healing: 92
armor: 85
 ----------------------------
 --- neck --- 
name: amulet of the fallen god
slot: neck
intelligence: 11
sp_healing: 57
mp5: 6
 ----------------------------
 --- shoulders --- 
name: ternary mantle
slot: shoulders
intelligence: 17
stamina: 12
spirit: 20
sp_healing: 44
armor: 86
 ----------------------------
 --- back --- 
name: cloak of clarity
slot: back
intelligence: 12
stamina: 6
spirit: 7
sp_healing: 40
mp5: 8
armor: 66
 ----------------------------
 --- chest --- 
name: robes of the guardian saint
slot: chest
intelligence: 22
stamina: 20
sp_healing: 70
mp5: 7
armor: 117
 ----------------------------
 --- wrists --- 
name: zandalar confessor's wraps
slot: wrists
intelligence: 11
stamina: 10
spirit: 12
sp_healing: 24
armor: 41
 ----------------------------
 ---  --- 
name: 
slot: 
 ----------------------------
 --- main hand --- 
name: scepter of the false prophet
slot: main hand
intelligence: 19
stamina: 10
sp_healing: 187
mp5: 3
 ----------------------------
 ---  --- 
name: 
slot: 
 ----------------------------
 --- off hand --- 
name: sartura's might
slot: off hand
intelligence: 6
stamina: 6
sp_healing: 51
mp5: 6
 ----------------------------
 --- ranged --- 
name: lunar wand of healing
slot: ranged
sp_healing: 20
 ----------------------------
 --- hands --- 
name: atal'ai hands of healing
slot: hands
sp: 9
sp_healing: 44
armor: 47
 ----------------------------
 --- waist --- 
name: grasp of the old god
slot: waist
intelligence: 19
stamina: 15
sp_healing: 59
mp5: 7
armor: 75
 ----------------------------
 --- legs --- 
name: empowered leggings
slot: legs
intelligence: 12
stamina: 12
spirit: 24
sp_healing: 77
spell_crit: 1
armor: 103
 ----------------------------
 --- feet --- 
name: boots of pure thought
slot: feet
intelligence: 12
stamina: 8
spirit: 12
sp_healing: 62
armor: 74
 ----------------------------
 --- finger --- 
name: pure elementium band
slot: finger
intelligence: 10
stamina: 9
spirit: 10
sp_healing: 53
 ----------------------------
 --- finger --- 
name: ring of the martyr
slot: finger
stamina: 10
sp_healing: 51
mp5: 5
 ----------------------------
 --- trinket --- 
name: hazza'rah's charm of healing
slot: trinket
 ----------------------------
 --- trinket --- 
name: rejuvenating gem
slot: trinket
sp_healing: 66
mp5: 9
 ----------------------------
 --- Set bonuses ---
name: confessor's 2 hazza'rah's 1 
slot: Set bonuses
sp: 23
------------------
Char stats: 
Effective hp: 8554.7
Effective mana (100 s, 33 % out of fsr): 16564.5
Raw max mana: 10205.7
Int: 401.58
Stam: 395.83
Spirit: 406.18
Strength: 79.58
Agility: 84.18
All stats multiplier (taken into account above): 1.15
Bonus mana: 2000
Bonus hp: 0
Mp5: 201
Sp: 32
Sp shadow: 0
Sp healing: 1157
Spell crit: 19
Spell hit: 0
Arcane res: 27
Nature res: 27
Fire res: 27
Frost res: 27
Shadow res: 27
Armor: 2892.75
Defense: 300
Dodge: 0
Parry: 0
HpsPvp: 1051.7
ShadowDps: 224.52
Value pvp healing: 2076.13
Value pvp shadow: 94.6183
Effective hp-pvp: 10645
Effecctive mana for 100 s, 0.33 fsr: 18246.2
------------------
Best counts:
oh_limit: 0.7
time_left_mul: 2.9
total_deficit_to_pop_trinkets: 3496.24
in combat total: 4971.8
Flash Heal 1, casts: 30, avg: 429.014, 0.626241%, cast time 0.905105% of in combat, overheal: 0.439111
Flash Heal 2, casts: 8, avg: 743.716, 0.289498%, cast time 0.241361% of in combat, overheal: 0.126535
Flash Heal 3, casts: 3, avg: 792.109, 0.115626%, cast time 0.0905105% of in combat, overheal: 0.149334
Flash Heal 4, casts: 4, avg: 1016.15, 0.197774%, cast time 0.120681% of in combat, overheal: 0
Flash Heal 5, casts: 6, avg: 1025.94, 0.299518%, cast time 0.181021% of in combat, overheal: 0.110915
Flash Heal 6, casts: 6, avg: 1217.57, 0.355462%, cast time 0.181021% of in combat, overheal: 0.0638998
Flash Heal 7, casts: 110, avg: 1471.85, 7.87783%, cast time 3.31872% of in combat, overheal: 0.011953
Greater Heal 1, casts: 34, avg: 1848.5, 3.05808%, cast time 1.70964% of in combat, overheal: 0.11984
Greater Heal 1 hazz, casts: 49, avg: 1480.65, 3.53018%, cast time 1.47834% of in combat, overheal: 0.294994
Greater Heal 2 hazz, casts: 10, avg: 2045.66, 0.995365%, cast time 0.301702% of in combat, overheal: 0.140462
Greater Heal 3 hazz, casts: 11, avg: 2642.25, 1.41422%, cast time 0.331872% of in combat, overheal: 0.0225745
Greater Heal 4, casts: 330, avg: 2907.57, 46.6867%, cast time 16.5936% of in combat, overheal: 0.0566695
Greater Heal 4 hazz, casts: 52, avg: 2894.16, 7.32277%, cast time 1.56885% of in combat, overheal: 0.0610188
Heal 2, casts: 252, avg: 1275.15, 15.6355%, cast time 12.6715% of in combat, overheal: 0.192181
Heal 4, casts: 116, avg: 2054.35, 11.5953%, cast time 5.8329% of in combat, overheal: 0.0850114
Total time casting: 2263.5, which is: 45.5268% of time in combat.
Total hps: 413.368, raw hps: 458.325, oh: 0.09809
Deficit time sum: 4.10517e+11, baseline: 1.04612e+12
Deficit*time change / s: 1.27842e+08 hp
Number of combats: 59
Average mana at start of combat: 10158.8
Average mana at end of combat: 7834.56
Other players with hps > 100:
  Bayoneta : 159.8 hps
  Flibberdigib : 184.517 hps
  Megamatte : 147.054 hps
  Nybjams : 114.736 hps
  Priizii : 154.006 hps
  Stojadin : 170.27 hps
  Vespersianus : 180.362 hps
  Wootqt : 169.008 hps
  Zapperïnn : 193.42 hps
------------------
Based on last: 3000 entries, out of total: 5111 entries, (4700 dropped), The least-squares solution is:
Int: 24.2396
Spirit: 0.45854
Sp / Healing: 100
Mp5: 61.6866
Crit: 444.335
T1 3p/piece: 395.922
T2 3p/piece: 28.5457
Hazza'rah's: 21326.5
Darkmoon: 1956.4
100 points == 1 sp == 0.0833845 hps.
Appended tag:
( Pawn: v1: "infamous_aq40_run1": Intellect=24.2396, Spirit=0.45854, Healing=100, Mp5=61.6866, SpellCritRating=444.335, IsFist=X, Is2HMace=X, IsCrossbow=X, IsGun=X, IsShield=X, IsPolearm=X, Is2HAxe=X, IsBow=X, IsMail=X, IsPlate=X, IsLeather=X, IsAxe=X, Is2HAxe=X, IsSword=X, Is2HSword=X)
To file: infamous_aq40_run1.pawn_tag.txt
------------------
Diffs to start: 
Upgrades: 
( following sorted by alt scores, no specials )
benediction, , , (10.2109) -> , scepter of the false prophet, , sartura's might(20.8138) : 10.6028 = +2.6325%
zulian headdress(4.89468) -> crystal adorned crown(7.95932) : 3.06464 = +0.746919%
whipvine cord(3.05524) -> grasp of the old god(5.66379) : 2.60855 = +0.635055%
boots of transcendence(3.26855) -> boots of pure thought(5.41696) : 2.14841 = +0.522447%
zandalar confessor's mantle(2.32529) -> ternary mantle(4.02017) : 1.69489 = +0.411706%
jin'do's evil eye(3.89355) -> amulet of the fallen god(5.28387) : 1.39032 = +0.337474%
fordring's seal(3.18628) -> ring of the martyr(4.5098) : 1.32352 = +0.321207%
handguards of transcendence(3.19788) -> atal'ai hands of healing(4.41937) : 1.2215 = +0.296374%
bindings of transcendence(3.02057) -> zandalar confessor's wraps(4.146) : 1.12543 = +0.273001%
dragon's touch(0.742859) -> lunar wand of healing(1.66769) : 0.924835 = +0.224233%
hide of the wild(3.70428) -> cloak of clarity(3.9921) : 0.287811 = +0.0696744%
truefaith vestments(6.39569) -> robes of the guardian saint(6.64163) : 0.245941 = +0.0595323%
empowered leggings(7.04285) -> empowered leggings(7.04285) : 0 = +0%
pure elementium band(4.62534) -> pure elementium band(4.62534) : 0 = +0%
hazza'rah's charm of healing(19.7008) -> hazza'rah's charm of healing(19.7008) : 0 = +0%
rejuvenating gem(5.96631) -> rejuvenating gem(5.96631) : 0 = +0%
- - - - - - - - - - - - - - - - - - - - - - - - - - - - - - - - - - - - - - - - - 
| Upgrades at best in slot level, from start item to candidate, partial bonuses: 1: |
  alt scores are from least squares fit, special score from e.g. set bonuses as s are part of em
. . . . . . . . . . . . . . . . . . . . . . . . . . . . . . . . . . . . . . . . . 
- . - ' - . - ' - . - ' - . - ' - . - ' - . -
head, zulian headdress (5.18924), alt: 4.89468 -> :
    crystal adorned crown (9.27628) : +0.99327 %, alt : +7.95931, from: azuregos
    don rigoberto's lost hat (6.77603) : +0.385637 %, alt : +6.38751, from: aq40
    eternal crown of healing (6.03461) : +0.205449 %, alt : +5.33661, from: random green
    halo of transcendence (5.7269) : +0.130667 %, alt : +4.5804 (s: 0.0238027), from: onyxia
    mish'undare circlet of mind flayer (5.60071) : +0.0999989 %, alt : +4.148, from: bwl
- . - ' - . - ' - . - ' - . - ' - . - ' - . -
neck, jin'do's evil eye (4.43646), alt: 3.89355 -> :
    amulet of the fallen god (6.63016) : +0.53069 %, alt : +5.28387, from: aq40
    amulet of the shifting sands (3.93338) : -0.121704 %, alt : +4.14431, from: aq20
    the all-seeing eye of zuldazar (3.32684) : -0.268435 %, alt : +1.66759, from: zg
- . - ' - . - ' - . - ' - . - ' - . - ' - . -
shoulders, zandalar confessor's mantle (1.15625), alt: 2.32529 -> :
    ternary mantle (4.79727) : +0.883917 %, alt : +4.02017, from: aq40
    mantle of the blackwing cabal (3.48401) : +0.565101 %, alt : +3.15847, from: bwl
    pauldrons of transcendence (3.00906) : +0.449801 %, alt : +2.70207 (s: 0.0238027), from: bwl
    zandalar confessor's mantle (1.15625) : +0 %, alt : +2.32528, from: zg
- . - ' - . - ' - . - ' - . - ' - . - ' - . -
back, hide of the wild (3.8728), alt: 3.70428 -> :
    cloak of clarity (4.84344) : +0.234121 %, alt : +3.9921, from: aq40
- . - ' - . - ' - . - ' - . - ' - . - ' - . -
chest, truefaith vestments (7.15762), alt: 6.39569 -> :
    robes of the guardian saint (8.59018) : +0.345922 %, alt : +6.64164, from: aq40
- . - ' - . - ' - . - ' - . - ' - . - ' - . -
wrists, bindings of transcendence (2.33646), alt: 3.04437 (s: 0.0238027) -> :
    bracelets of royal redemption (4.00574) : +0.403438 %, alt : +4.62494, from: aq40
    zandalar confessor's wraps (4.13217) : +0.433995 %, alt : +4.14599, from: zg
- . - ' - . - ' - . - ' - . - ' - . - ' - . -
two-hand, benediction (6.99161), alt: 10.2109 -> :
    scepter of the false prophet and sartura's might (14.5238) : +1.78256 %, alt : +20.8138, from: aq40, aq40
    scepter of the false prophet and lei of the lifegiver (15.0332) : +1.9031 %, alt : +20.7049, from: aq40, av rep
    scepter of the false prophet and brightly glowing stone (13.6074) : +1.56568 %, alt : +19.2165, from: aq40, pre-raid
    scepter of the false prophet and talon of furious concentration (12.5653) : +1.31905 %, alt : +18.4145, from: aq40, aq20
    scepter of the false prophet and trance stone (12.07) : +1.20184 %, alt : +18.3806, from: aq40, emeriss; lethon; taerar; ysondre
    scepter of the false prophet and royal scepter of vek'lor (12.1945) : +1.23132 %, alt : +18.3513, from: aq40, aq40
    scepter of the false prophet and arlokk's hoodoo stick (12.3524) : +1.26868 %, alt : +18.3362, from: aq40, zg
    blessed qiraji augur staff (8.94327) : +0.461875 %, alt : +13.1806, from: aq40
    gavel of infinite wisdom and sartura's might (8.36938) : +0.326061 %, alt : +12.6152, from: aq20, aq40
    gavel of infinite wisdom and lei of the lifegiver (8.92279) : +0.457029 %, alt : +12.5064, from: aq20, av rep
    lok'amir il romathis and sartura's might (8.13812) : +0.271331 %, alt : +12.0537, from: bwl, aq40
    lok'amir il romathis and lei of the lifegiver (8.57147) : +0.373887 %, alt : +11.9449, from: bwl, av rep
    gavel of infinite wisdom and brightly glowing stone (7.37872) : +0.0916138 %, alt : +11.0179, from: aq20, pre-raid
    lok'amir il romathis and brightly glowing stone (7.2641) : +0.0644872 %, alt : +10.4564, from: bwl, pre-raid
    gavel of infinite wisdom and talon of furious concentration (7.12848) : +0.0323916 %, alt : +10.216, from: aq20, aq20
    gavel of infinite wisdom and trance stone (7.32257) : +0.0783249 %, alt : +10.1821, from: aq20, emeriss; lethon; taerar; ysondre
    gavel of infinite wisdom and royal scepter of vek'lor (6.99991) : +0.00196444 %, alt : +10.1528, from: aq20, aq40
    lok'amir il romathis and talon of furious concentration (7.28787) : +0.0701133 %, alt : +9.65445, from: bwl, aq20
    lok'amir il romathis and trance stone (7.22028) : +0.0541161 %, alt : +9.62054, from: bwl, emeriss; lethon; taerar; ysondre
    lok'amir il romathis and royal scepter of vek'lor (7.37979) : +0.0918666 %, alt : +9.59128, from: bwl, aq40
    lok'amir il romathis and arlokk's hoodoo stick (7.29703) : +0.0722799 %, alt : +9.57614, from: bwl, zg
    jin'do's hexxer and lei of the lifegiver (7.02167) : +0.00711388 %, alt : +9.37872, from: zg, av rep
    staff of the shadow flame (7.19672) : +0.0485405 %, alt : +8.33834, from: bwl
    stinger of ayamiss and sartura's might (7.40192) : +0.0971027 %, alt : +8.19634, from: aq20, aq40
- . - ' - . - ' - . - ' - . - ' - . - ' - . -
ranged, dragon's touch (0.177795), alt: 0.742859 -> :
    lunar wand of healing (2.90683) : +0.661054 %, alt : +1.66769, from: random green
    wandof qiraji nobility (2.71704) : +0.615081 %, alt : +1.58431, from: aq40
    antenna of invigoration (1.82632) : +0.399323 %, alt : +1.31916, from: aq20
    bonecreeper stylus (1.16318) : +0.238689 %, alt : +0.998078, from: pre-raid
    thoughtblighter (0.226624) : +0.0118276 %, alt : +0.257185, from: zg
- . - ' - . - ' - . - ' - . - ' - . - ' - . -
hands, handguards of transcendence (2.62503), alt: 3.22168 (s: 0.0238027) -> :
    atal'ai hands of healing (4.8544) : +0.539367 %, alt : +4.41938, from: sunken temple
    high councillor's gloves of healing (4.36774) : +0.421625 %, alt : +3.83569, from: random green
    gloves of dark wisdom (2.92575) : +0.0727554 %, alt : +3.57988, from: aq20
    dark storm gauntlets (1.85434) : -0.186459 %, alt : +3.38841, from: aq40
- . - ' - . - ' - . - ' - . - ' - . - ' - . -
waist, whipvine cord (3.73642), alt: 3.05524 -> :
    grasp of the old god (7.043) : +0.802075 %, alt : +5.66377, from: aq40
    eyestalk waist cord (3.82382) : +0.0212011 %, alt : +3.97118, from: aq40
    firemaw's clutch (4.24506) : +0.12338 %, alt : +3.41819, from: bwl
    mana igniting cord (4.11163) : +0.0910153 %, alt : +2.77851, from: mc
    belt of transcendence (4.69354) : +0.232169 %, alt : +2.72075 (s: 0.0238027), from: bwl
    zandalar confessor's bindings (3.86121) : +0.0302693 %, alt : +2.57683, from: zg
    belt of the inquisition (4.06473) : +0.0796375 %, alt : +2.51016, from: aq20
- . - ' - . - ' - . - ' - . - ' - . - ' - . -
legs, empowered leggings (8.79474), alt: 7.04285 -> :
- . - ' - . - ' - . - ' - . - ' - . - ' - . -
feet, boots of transcendence (3.9805), alt: 3.29236 (s: 0.0238027) -> :
    boots of pure thought (6.03915) : +0.497859 %, alt : +5.41697, from: bwl
    treads of the wandering nomand (2.39441) : -0.383576 %, alt : +3.45325, from: aq20
- . - ' - . - ' - . - ' - . - ' - . - ' - . -
finger, pure elementium band (4.17514), alt: 4.62534 -> :
- . - ' - . - ' - . - ' - . - ' - . - ' - . -
finger 2, fordring's seal (2.88144), alt: 3.18628 -> :
    pure elementium band (4.31967) : +0.347443 %, alt : +4.62532, from: bwl
    ring of the martyr (4.49371) : +0.389487 %, alt : +4.5098, from: aq40
    cauterizing band (3.84662) : +0.233165 %, alt : +4.07823, from: mc
    primalist's seal (4.4238) : +0.372597 %, alt : +4.0396, from: zg
- . - ' - . - ' - . - ' - . - ' - . - ' - . -
trinket, hazza'rah's charm of healing (12.6304), alt: 19.7008 -> :
    hazza'rah's charm of healing (12.6304) : +0 %, alt : +19.7008, from: zg
    darkmoon card: blue dragon (1.10992) : -2.77229 %, alt : +1.63134, from: 
- . - ' - . - ' - . - ' - . - ' - . - ' - . -
trinket 2, rejuvenating gem (7.5914), alt: 5.96631 -> :
    hazza'rah's charm of healing (0) : -1.82679 %, alt : +19.7008, from: zg
    darkmoon card: blue dragon (1.42181) : -1.48464 %, alt : +1.63134, from: 
- - - - - - - - - - - - - - - - - - - - - - - - - - - - - - - - - - - - - - - - - 
| Upgrades at best in slot level, from start item to candidate, partial bonuses: 0: |
  alt scores are from least squares fit, special score from e.g. set bonuses as s are part of em
. . . . . . . . . . . . . . . . . . . . . . . . . . . . . . . . . . . . . . . . . 
- . - ' - . - ' - . - ' - . - ' - . - ' - . -
head, zulian headdress (4.79401), alt: 4.89468 -> :
    crystal adorned crown (7.44708) : +0.645965 %, alt : +7.95931, from: azuregos
    don rigoberto's lost hat (6.17551) : +0.336365 %, alt : +6.38751, from: aq40
    eternal crown of healing (5.67947) : +0.215592 %, alt : +5.33661, from: random green
    halo of transcendence (5.03448) : +0.0585512 %, alt : +4.55659, from: onyxia
    green lens of healing (4.84396) : +0.0121635 %, alt : +4.50276, from: pre-raid
    mish'undare circlet of mind flayer (4.88892) : +0.0231084 %, alt : +4.148, from: bwl
- . - ' - . - ' - . - ' - . - ' - . - ' - . -
neck, jin'do's evil eye (4.83884), alt: 3.89355 -> :
    amulet of the fallen god (5.53189) : +0.167942 %, alt : +5.28387, from: aq40
    amulet of the shifting sands (5.5108) : +0.162832 %, alt : +4.14431, from: aq20
    the all-seeing eye of zuldazar (3.18405) : -0.40099 %, alt : +1.66759, from: zg
- . - ' - . - ' - . - ' - . - ' - . - ' - . -
shoulders, zandalar confessor's mantle (3.01111), alt: 2.32529 -> :
    ternary mantle (4.07645) : +0.258387 %, alt : +4.02017, from: aq40
    mantle of the blackwing cabal (3.88184) : +0.211186 %, alt : +3.15847, from: bwl
    pauldrons of transcendence (3.5162) : +0.122506 %, alt : +2.67827, from: bwl
    zandalar confessor's mantle (3.01111) : +0 %, alt : +2.32528, from: zg
- . - ' - . - ' - . - ' - . - ' - . - ' - . -
back, hide of the wild (3.91495), alt: 3.70428 -> :
    cloak of clarity (4.31628) : +0.0971837 %, alt : +3.9921, from: aq40
    shroud of pure thought (4.392) : +0.115518 %, alt : +3.28264, from: bwl
    shroud of infinite wisdom (4.19833) : +0.068622 %, alt : +2.2884, from: aq20
- . - ' - . - ' - . - ' - . - ' - . - ' - . -
chest, truefaith vestments (7.28717), alt: 6.39569 -> :
    robes of the guardian saint (7.41129) : +0.0300343 %, alt : +6.64164, from: aq40
- . - ' - . - ' - . - ' - . - ' - . - ' - . -
wrists, bindings of transcendence (1.58997), alt: 3.02057 -> :
    bracelets of royal redemption (4.74036) : +0.765426 %, alt : +4.62494, from: aq40
    zandalar confessor's wraps (3.37137) : +0.432813 %, alt : +4.14599, from: zg
    flameweave cuffs of healing (2.41849) : +0.201299 %, alt : +2.75169, from: brd
    burrower bracers (2.93414) : +0.326584 %, alt : +2.59752, from: aq40
    vambraces of prophecy (2.32956) : +0.179693 %, alt : +2.39089, from: mc
    black bark wristbands (2.09308) : +0.122237 %, alt : +2.16699, from: lethon
    bracers of arcane accuracy (2.35974) : +0.187026 %, alt : +1.99362, from: bwl
    shackles of the unscarred (2.35974) : +0.187026 %, alt : +1.99362, from: aq20
- . - ' - . - ' - . - ' - . - ' - . - ' - . -
two-hand, benediction (10.2316), alt: 10.2109 -> :
    scepter of the false prophet and sartura's might (15.6566) : +1.28069 %, alt : +20.8138, from: aq40, aq40
    scepter of the false prophet and lei of the lifegiver (16.3622) : +1.44728 %, alt : +20.7049, from: aq40, av rep
    scepter of the false prophet and brightly glowing stone (14.3273) : +0.966887 %, alt : +19.2165, from: aq40, pre-raid
    scepter of the false prophet and talon of furious concentration (14.846) : +1.08935 %, alt : +18.4145, from: aq40, aq20
    scepter of the false prophet and trance stone (14.4978) : +1.00715 %, alt : +18.3806, from: aq40, emeriss; lethon; taerar; ysondre
    scepter of the false prophet and royal scepter of vek'lor (14.4832) : +1.0037 %, alt : +18.3513, from: aq40, aq40
    scepter of the false prophet and arlokk's hoodoo stick (14.4935) : +1.00612 %, alt : +18.3362, from: aq40, zg
    blessed qiraji augur staff (10.3597) : +0.0302582 %, alt : +13.1806, from: aq40
    gavel of infinite wisdom and sartura's might (10.2838) : +0.0123194 %, alt : +12.6152, from: aq20, aq40
    gavel of infinite wisdom and lei of the lifegiver (10.2834) : +0.0122474 %, alt : +12.5064, from: aq20, av rep
    lok'amir il romathis and sartura's might (9.70807) : -0.123583 %, alt : +12.0537, from: bwl, aq40
    lok'amir il romathis and lei of the lifegiver (9.66824) : -0.132985 %, alt : +11.9449, from: bwl, av rep
    gavel of infinite wisdom and brightly glowing stone (9.14243) : -0.257116 %, alt : +11.0179, from: aq20, pre-raid
    lok'amir il romathis and brightly glowing stone (9.24695) : -0.232441 %, alt : +10.4564, from: bwl, pre-raid
    gavel of infinite wisdom and talon of furious concentration (9.21725) : -0.239451 %, alt : +10.216, from: aq20, aq20
- . - ' - . - ' - . - ' - . - ' - . - ' - . -
ranged, dragon's touch (-0.382233), alt: 0.742859 -> :
    lunar wand of healing (1.0123) : +0.3385 %, alt : +1.66769, from: random green
    wandof qiraji nobility (0.918884) : +0.315825 %, alt : +1.58431, from: aq40
    antenna of invigoration (0.633331) : +0.246512 %, alt : +1.31916, from: aq20
    bonecreeper stylus (-0.193604) : +0.0457867 %, alt : +0.998078, from: pre-raid
    essence gatherer (1.32571) : +0.414577 %, alt : +0.39867, from: bwl
    thoughtblighter (1.23013) : +0.391376 %, alt : +0.257185, from: zg
    mar'li's touch (0.659882) : +0.252956 %, alt : +0.224627, from: zg
- . - ' - . - ' - . - ' - . - ' - . - ' - . -
hands, handguards of transcendence (4.56216), alt: 3.19788 -> :
    atal'ai hands of healing (4.36423) : -0.047861 %, alt : +4.41938, from: sunken temple
    high councillor's gloves of healing (3.72949) : -0.20134 %, alt : +3.83569, from: random green
    gloves of dark wisdom (4.45523) : -0.0258565 %, alt : +3.57988, from: aq20
    dark storm gauntlets (4.17166) : -0.0944233 %, alt : +3.38841, from: aq40
- . - ' - . - ' - . - ' - . - ' - . - ' - . -
waist, whipvine cord (5.15155), alt: 3.05524 -> :
    grasp of the old god (6.50415) : +0.328289 %, alt : +5.66377, from: aq40
    eyestalk waist cord (5.34631) : +0.0472708 %, alt : +3.97118, from: aq40
    firemaw's clutch (5.16064) : +0.00220726 %, alt : +3.41819, from: bwl
    zandalar confessor's bindings (4.83884) : -0.0758985 %, alt : +2.57683, from: zg
- . - ' - . - ' - . - ' - . - ' - . - ' - . -
legs, empowered leggings (7.34528), alt: 7.04285 -> :
- . - ' - . - ' - . - ' - . - ' - . - ' - . -
feet, boots of transcendence (3.73828), alt: 3.26855 -> :
    boots of pure thought (5.08466) : +0.326773 %, alt : +5.41697, from: bwl
    treads of the wandering nomand (4.04501) : +0.0744456 %, alt : +3.45325, from: aq20
- . - ' - . - ' - . - ' - . - ' - . - ' - . -
finger, pure elementium band (3.90552), alt: 4.62534 -> :
    ring of the martyr (3.97763) : +0.0174452 %, alt : +4.5098, from: aq40
    cauterizing band (4.18466) : +0.0675292 %, alt : +4.07823, from: mc
- . - ' - . - ' - . - ' - . - ' - . - ' - . -
finger 2, fordring's seal (3.7269), alt: 3.18628 -> :
    pure elementium band (5.76611) : +0.493829 %, alt : +4.62532, from: bwl
    ring of the martyr (4.1554) : +0.103768 %, alt : +4.5098, from: aq40
    cauterizing band (4.42468) : +0.16898 %, alt : +4.07823, from: mc
- . - ' - . - ' - . - ' - . - ' - . - ' - . -
trinket, hazza'rah's charm of healing (9.73242), alt: 19.7008 -> :
    hazza'rah's charm of healing (9.73242) : +0 %, alt : +19.7008, from: zg
    darkmoon card: blue dragon (-0.553284) : -2.48827 %, alt : +1.63134, from: 
- . - ' - . - ' - . - ' - . - ' - . - ' - . -
trinket 2, rejuvenating gem (6.63), alt: 5.96631 -> :
    hazza'rah's charm of healing (0) : -1.6039 %, alt : +19.7008, from: zg
    darkmoon card: blue dragon (1.4693) : -1.24845 %, alt : +1.63134, from: 
- - - - - - - - - - - - - - - - - - - - - - - - - - - - - - - - - - - - - - - - - 
| Upgrades at start level, from start item to candidate, partial bonuses: 1: |
  alt scores are from least squares fit, special score from e.g. set bonuses as s are part of em
. . . . . . . . . . . . . . . . . . . . . . . . . . . . . . . . . . . . . . . . . 
- . - ' - . - ' - . - ' - . - ' - . - ' - . -
head, zulian headdress (6.14166), alt: 4.89468 -> :
    crystal adorned crown (5.69522) : -0.113155 %, alt : +7.95931, from: azuregos
    don rigoberto's lost hat (6.77457) : +0.160416 %, alt : +6.38751, from: aq40
    eternal crown of healing (6.68805) : +0.138488 %, alt : +5.33661, from: random green
    halo of transcendence (6.14178) : +3.094e-05 %, alt : +4.55659, from: onyxia
    green lens of healing (6.37872) : +0.0600856 %, alt : +4.50276, from: pre-raid
- . - ' - . - ' - . - ' - . - ' - . - ' - . -
neck, jin'do's evil eye (4.61792), alt: 3.89355 -> :
    amulet of the fallen god (5.45764) : +0.212837 %, alt : +5.28387, from: aq40
    amulet of the shifting sands (4.40976) : -0.0527605 %, alt : +4.14431, from: aq20
    the all-seeing eye of zuldazar (1.599) : -0.765178 %, alt : +1.66759, from: zg
- . - ' - . - ' - . - ' - . - ' - . - ' - . -
shoulders, zandalar confessor's mantle (2.64658), alt: 4.24313 -> :
    zandalar confessor's mantle (2.64658) : +0 %, alt : +4.24313, from: zg
    ternary mantle (3.46082) : +0.206378 %, alt : +4.02017, from: aq40
    pauldrons of transcendence (0.159576) : -0.630357 %, alt : +2.67827, from: bwl
- . - ' - . - ' - . - ' - . - ' - . - ' - . -
back, hide of the wild (4.58273), alt: 3.70428 -> :
    cloak of clarity (4.8725) : +0.0734439 %, alt : +3.9921, from: aq40
- . - ' - . - ' - . - ' - . - ' - . - ' - . -
chest, truefaith vestments (7.17126), alt: 6.39569 -> :
    robes of the guardian saint (8.01169) : +0.213014 %, alt : +6.64164, from: aq40
    robes of the exalted (7.2973) : +0.0319456 %, alt : +5.77541, from: pre-raid
    robes of transcendence (5.40747) : -0.447053 %, alt : +5.30476, from: bwl
- . - ' - . - ' - . - ' - . - ' - . - ' - . -
wrists, bindings of transcendence (3.56332), alt: 3.04437 (s: 0.0238027) -> :
    bracelets of royal redemption (3.81815) : +0.0645873 %, alt : +4.62494, from: aq40
    bindings of transcendence (3.56332) : +0 %, alt : +3.04437 (s: 0.0238027), from: bwl
    flameweave cuffs of healing (4.3537) : +0.200329 %, alt : +2.75169, from: brd
    burrower bracers (4.60669) : +0.264452 %, alt : +2.59752, from: aq40
    zandalar confessor's wraps (2.77502) : -0.199803 %, alt : +2.22815, from: zg
- . - ' - . - ' - . - ' - . - ' - . - ' - . -
two-hand, benediction (11.8221), alt: 10.2109 -> :
    scepter of the false prophet and sartura's might (21.8795) : +2.54914 %, alt : +20.8138, from: aq40, aq40
    scepter of the false prophet and lei of the lifegiver (21.964) : +2.57058 %, alt : +20.7049, from: aq40, av rep
    scepter of the false prophet and brightly glowing stone (20.8354) : +2.2845 %, alt : +19.2165, from: aq40, pre-raid
    scepter of the false prophet and talon of furious concentration (19.0588) : +1.83421 %, alt : +18.4145, from: aq40, aq20
    scepter of the false prophet and trance stone (19.0952) : +1.84345 %, alt : +18.3806, from: aq40, emeriss; lethon; taerar; ysondre
    scepter of the false prophet and royal scepter of vek'lor (18.7807) : +1.76374 %, alt : +18.3513, from: aq40, aq40
    scepter of the false prophet and arlokk's hoodoo stick (19.9155) : +2.05135 %, alt : +18.3362, from: aq40, zg
    blessed qiraji augur staff (11.1666) : -0.166148 %, alt : +13.1806, from: aq40
    gavel of infinite wisdom and sartura's might (10.7359) : -0.27532 %, alt : +12.6152, from: aq20, aq40
    gavel of infinite wisdom and lei of the lifegiver (10.8331) : -0.250668 %, alt : +12.5064, from: aq20, av rep
    lok'amir il romathis and sartura's might (12.6777) : +0.216851 %, alt : +12.0537, from: bwl, aq40
    lok'amir il romathis and lei of the lifegiver (11.6919) : -0.0330053 %, alt : +11.9449, from: bwl, av rep
    gavel of infinite wisdom and brightly glowing stone (12.3018) : +0.121579 %, alt : +11.0179, from: aq20, pre-raid
    lok'amir il romathis and brightly glowing stone (11.3904) : -0.109427 %, alt : +10.4564, from: bwl, pre-raid
    gavel of infinite wisdom and talon of furious concentration (12.5112) : +0.174649 %, alt : +10.216, from: aq20, aq20
    gavel of infinite wisdom and royal scepter of vek'lor (12.644) : +0.208304 %, alt : +10.1528, from: aq20, aq40
    gavel of infinite wisdom and arlokk's hoodoo stick (12.8391) : +0.257762 %, alt : +10.1377, from: aq20, zg
    lok'amir il romathis and arlokk's hoodoo stick (12.2035) : +0.0966722 %, alt : +9.57614, from: bwl, zg
- . - ' - . - ' - . - ' - . - ' - . - ' - . -
ranged, dragon's touch (0.0817871), alt: 0.742859 -> :
    lunar wand of healing (0.583923) : +0.127272 %, alt : +1.66769, from: random green
    wandof qiraji nobility (0.259399) : +0.0450178 %, alt : +1.58431, from: aq40
    antenna of invigoration (0.0332947) : -0.0122909 %, alt : +1.31916, from: aq20
    bonecreeper stylus (-0.47113) : -0.140143 %, alt : +0.998078, from: pre-raid
    essence gatherer (0.512878) : +0.109265 %, alt : +0.39867, from: bwl
    thoughtblighter (0.224579) : +0.0361921 %, alt : +0.257185, from: zg
    mar'li's touch (0.309723) : +0.0577728 %, alt : +0.224627, from: zg
- . - ' - . - ' - . - ' - . - ' - . - ' - . -
hands, handguards of transcendence (5.0925), alt: 3.22168 (s: 0.0238027) -> :
    atal'ai hands of healing (5.08206) : -0.00264537 %, alt : +4.41938, from: sunken temple
    high councillor's gloves of healing (4.61804) : -0.120256 %, alt : +3.83569, from: random green
    gloves of dark wisdom (4.20749) : -0.224315 %, alt : +3.57988, from: aq20
    dark storm gauntlets (3.76599) : -0.336218 %, alt : +3.38841, from: aq40
    handguards of transcendence (5.0925) : +0 %, alt : +3.22167 (s: 0.0238027), from: bwl
    hands of the exalted herald (6.68896) : +0.404642 %, alt : +3.01903, from: pre-raid
    gloves of delusional power (5.22809) : +0.0343667 %, alt : +2.83196, from: emeriss; lethon; taerar; ysondre
- . - ' - . - ' - . - ' - . - ' - . - ' - . -
waist, whipvine cord (3.89713), alt: 3.05524 -> :
    grasp of the old god (2.36102) : -0.389342 %, alt : +5.66377, from: aq40
    eyestalk waist cord (3.89496) : -0.000549186 %, alt : +3.97118, from: aq40
    firemaw's clutch (3.11563) : -0.198078 %, alt : +3.41819, from: bwl
    mana igniting cord (4.069) : +0.0435636 %, alt : +2.77851, from: mc
    belt of transcendence (3.40054) : -0.125864 %, alt : +2.69695, from: bwl
    zandalar confessor's bindings (3.35394) : -0.137675 %, alt : +2.57683, from: zg
    belt of untapped power (3.97382) : +0.0194381 %, alt : +2.55964, from: zg
- . - ' - . - ' - . - ' - . - ' - . - ' - . -
legs, empowered leggings (10.3495), alt: 7.04285 -> :
    leggings of transcendence (6.89529) : -0.87551 %, alt : +4.62823, from: mc
- . - ' - . - ' - . - ' - . - ' - . - ' - . -
feet, boots of transcendence (5.42432), alt: 3.29236 (s: 0.0238027) -> :
    boots of pure thought (5.70804) : +0.0719124 %, alt : +5.41697, from: bwl
    treads of the wandering nomand (4.28851) : -0.287882 %, alt : +3.45325, from: aq20
    boots of transcendence (5.42432) : +0 %, alt : +3.29237 (s: 0.0238027), from: bwl
    snowblind shoes (7.20587) : +0.451554 %, alt : +3.12761, from: azuregos
    betrayer's boots (6.66861) : +0.31538 %, alt : +2.74867, from: zg
- . - ' - . - ' - . - ' - . - ' - . - ' - . -
finger, pure elementium band (6.43484), alt: 4.62534 -> :
    ring of the martyr (7.14581) : +0.180203 %, alt : +4.5098, from: aq40
- . - ' - . - ' - . - ' - . - ' - . - ' - . -
finger 2, fordring's seal (4.70203), alt: 3.18628 -> :
    pure elementium band (4.93372) : +0.0587242 %, alt : +4.62532, from: bwl
    ring of the martyr (5.5463) : +0.213989 %, alt : +4.5098, from: aq40
    cauterizing band (4.29883) : -0.102195 %, alt : +4.07823, from: mc
    primalist's seal (4.11597) : -0.148543 %, alt : +4.0396, from: zg
    ring of spellpower (4.84964) : +0.0374142 %, alt : +2.75169, from: mc
- . - ' - . - ' - . - ' - . - ' - . - ' - . -
trinket, hazza'rah's charm of healing (10.5673), alt: 19.7008 -> :
    hazza'rah's charm of healing (10.5673) : +0 %, alt : +19.7008, from: zg
    darkmoon card: blue dragon (0.529755) : -2.54413 %, alt : +1.63134, from: 
- . - ' - . - ' - . - ' - . - ' - . - ' - . -
trinket 2, rejuvenating gem (6.96219), alt: 5.96631 -> :
    hazza'rah's charm of healing (0) : -1.76464 %, alt : +19.7008, from: zg
    darkmoon card: blue dragon (-0.471558) : -1.88416 %, alt : +1.63134, from: 
- - - - - - - - - - - - - - - - - - - - - - - - - - - - - - - - - - - - - - - - - 
| Upgrades at start level, from start item to candidate, partial bonuses: 0: |
  alt scores are from least squares fit, special score from e.g. set bonuses as s are part of em
. . . . . . . . . . . . . . . . . . . . . . . . . . . . . . . . . . . . . . . . . 
- . - ' - . - ' - . - ' - . - ' - . - ' - . -
head, zulian headdress (5.26151), alt: 4.89468 -> :
    crystal adorned crown (6.95837) : +0.431435 %, alt : +7.95931, from: azuregos
    don rigoberto's lost hat (7.77875) : +0.640017 %, alt : +6.38751, from: aq40
    eternal crown of healing (6.53751) : +0.324427 %, alt : +5.33661, from: random green
    halo of transcendence (4.03143) : -0.31275 %, alt : +4.55659, from: onyxia
    green lens of healing (5.6449) : +0.0974788 %, alt : +4.50276, from: pre-raid
- . - ' - . - ' - . - ' - . - ' - . - ' - . -
neck, jin'do's evil eye (5.58032), alt: 3.89355 -> :
    amulet of the fallen god (6.14911) : +0.144616 %, alt : +5.28387, from: aq40
    amulet of the shifting sands (6.13324) : +0.140581 %, alt : +4.14431, from: aq20
    the all-seeing eye of zuldazar (2.26596) : -0.842687 %, alt : +1.66759, from: zg
- . - ' - . - ' - . - ' - . - ' - . - ' - . -
shoulders, zandalar confessor's mantle (4.0376), alt: 4.24313 -> :
    zandalar confessor's mantle (4.0376) : +0 %, alt : +4.24313, from: zg
    pauldrons of transcendence (1.47675) : -0.651105 %, alt : +2.67827, from: bwl
- . - ' - . - ' - . - ' - . - ' - . - ' - . -
back, hide of the wild (5.32257), alt: 3.70428 -> :
    cloak of clarity (5.82672) : +0.128182 %, alt : +3.9921, from: aq40
- . - ' - . - ' - . - ' - . - ' - . - ' - . -
chest, truefaith vestments (9.17133), alt: 6.39569 -> :
    robes of the guardian saint (9.17862) : +0.00185445 %, alt : +6.64164, from: aq40
    robes of transcendence (6.78949) : -0.60559 %, alt : +5.30476, from: bwl
- . - ' - . - ' - . - ' - . - ' - . - ' - . -
wrists, bindings of transcendence (9.80344), alt: 3.09198 (s: 0.0714081) -> :
    bracelets of royal redemption (7.00552) : -0.711379 %, alt : +4.62494, from: aq40
    bindings of transcendence (9.80344) : +0 %, alt : +3.09197 (s: 0.0714081), from: bwl
    zandalar confessor's wraps (3.47803) : -1.60826 %, alt : +2.22815, from: zg
- . - ' - . - ' - . - ' - . - ' - . - ' - . -
two-hand, benediction (12.3206), alt: 10.2109 -> :
    scepter of the false prophet and sartura's might (22.3934) : +2.56105 %, alt : +20.8138, from: aq40, aq40
    scepter of the false prophet and lei of the lifegiver (23.069) : +2.73281 %, alt : +20.7049, from: aq40, av rep
    scepter of the false prophet and brightly glowing stone (21.629) : +2.3667 %, alt : +19.2165, from: aq40, pre-raid
    scepter of the false prophet and talon of furious concentration (19.2762) : +1.76848 %, alt : +18.4145, from: aq40, aq20
    scepter of the false prophet and trance stone (19.1545) : +1.73756 %, alt : +18.3806, from: aq40, emeriss; lethon; taerar; ysondre
    scepter of the false prophet and royal scepter of vek'lor (19.2552) : +1.76316 %, alt : +18.3513, from: aq40, aq40
    scepter of the false prophet and arlokk's hoodoo stick (19.6202) : +1.85594 %, alt : +18.3362, from: aq40, zg
    blessed qiraji augur staff (14.3911) : +0.526438 %, alt : +13.1806, from: aq40
    gavel of infinite wisdom and sartura's might (14.3922) : +0.526725 %, alt : +12.6152, from: aq20, aq40
    gavel of infinite wisdom and lei of the lifegiver (13.9695) : +0.419245 %, alt : +12.5064, from: aq20, av rep
    lok'amir il romathis and sartura's might (13.5513) : +0.312921 %, alt : +12.0537, from: bwl, aq40
    lok'amir il romathis and lei of the lifegiver (13.5576) : +0.314511 %, alt : +11.9449, from: bwl, av rep
    gavel of infinite wisdom and brightly glowing stone (13.053) : +0.186213 %, alt : +11.0179, from: aq20, pre-raid
    lok'amir il romathis and brightly glowing stone (13.6275) : +0.332288 %, alt : +10.4564, from: bwl, pre-raid
    gavel of infinite wisdom and talon of furious concentration (12.3382) : +0.00448481 %, alt : +10.216, from: aq20, aq20
    gavel of infinite wisdom and trance stone (12.3632) : +0.0108318 %, alt : +10.1821, from: aq20, emeriss; lethon; taerar; ysondre
    gavel of infinite wisdom and royal scepter of vek'lor (12.407) : +0.021974 %, alt : +10.1528, from: aq20, aq40
    gavel of infinite wisdom and arlokk's hoodoo stick (12.8171) : +0.126242 %, alt : +10.1377, from: aq20, zg
- . - ' - . - ' - . - ' - . - ' - . - ' - . -
ranged, dragon's touch (0.707184), alt: 0.742859 -> :
    lunar wand of healing (1.99884) : +0.328408 %, alt : +1.66769, from: random green
    wandof qiraji nobility (2.37448) : +0.423916 %, alt : +1.58431, from: aq40
    antenna of invigoration (2.40039) : +0.430503 %, alt : +1.31916, from: aq20
    bonecreeper stylus (1.40512) : +0.177453 %, alt : +0.998078, from: pre-raid
- . - ' - . - ' - . - ' - . - ' - . - ' - . -
hands, handguards of transcendence (10.4221), alt: 3.26929 (s: 0.0714081) -> :
    atal'ai hands of healing (6.55612) : -0.982943 %, alt : +4.41938, from: sunken temple
    high councillor's gloves of healing (6.61761) : -0.967308 %, alt : +3.83569, from: random green
    gloves of dark wisdom (6.42133) : -1.01721 %, alt : +3.57988, from: aq20
    dark storm gauntlets (5.50882) : -1.24922 %, alt : +3.38841, from: aq40
    handguards of transcendence (10.4221) : +0 %, alt : +3.26928 (s: 0.0714081), from: bwl
- . - ' - . - ' - . - ' - . - ' - . - ' - . -
waist, whipvine cord (3.53381), alt: 3.05524 -> :
    grasp of the old god (4.97534) : +0.366513 %, alt : +5.66377, from: aq40
    eyestalk waist cord (4.56671) : +0.262618 %, alt : +3.97118, from: aq40
    firemaw's clutch (3.94345) : +0.104152 %, alt : +3.41819, from: bwl
    belt of transcendence (1.94012) : -0.405201 %, alt : +2.69695, from: bwl
    zandalar confessor's bindings (2.16373) : -0.348349 %, alt : +2.57683, from: zg
- . - ' - . - ' - . - ' - . - ' - . - ' - . -
legs, empowered leggings (8.93835), alt: 7.04285 -> :
    leggings of transcendence (5.51941) : -0.869278 %, alt : +4.62823, from: mc
- . - ' - . - ' - . - ' - . - ' - . - ' - . -
feet, boots of transcendence (9.89246), alt: 3.33997 (s: 0.0714081) -> :
    boots of pure thought (7.49121) : -0.610525 %, alt : +5.41697, from: bwl
    treads of the wandering nomand (5.5343) : -1.10808 %, alt : +3.45325, from: aq20
    boots of transcendence (9.89246) : +0 %, alt : +3.33997 (s: 0.0714081), from: bwl
- . - ' - . - ' - . - ' - . - ' - . - ' - . -
finger, pure elementium band (5.09488), alt: 4.62534 -> :
- . - ' - . - ' - . - ' - . - ' - . - ' - . -
finger 2, fordring's seal (4.793), alt: 3.18628 -> :
    pure elementium band (5.7645) : +0.247006 %, alt : +4.62532, from: bwl
    ring of the martyr (5.59329) : +0.203477 %, alt : +4.5098, from: aq40
    cauterizing band (6.21408) : +0.361315 %, alt : +4.07823, from: mc
- . - ' - . - ' - . - ' - . - ' - . - ' - . -
trinket, hazza'rah's charm of healing (11.0355), alt: 19.7008 -> :
    hazza'rah's charm of healing (11.0355) : +0 %, alt : +19.7008, from: zg
    darkmoon card: blue dragon (0.276093) : -2.73561 %, alt : +1.63134, from: 
- . - ' - . - ' - . - ' - . - ' - . - ' - . -
trinket 2, rejuvenating gem (8.81979), alt: 5.96631 -> :
    hazza'rah's charm of healing (0) : -2.24246 %, alt : +19.7008, from: zg
    darkmoon card: blue dragon (1.26791) : -1.92009 %, alt : +1.63134, from: 
------------------
Best value: 414.473
