Your call: ./css 4 ../items/phase5.csv ../items/not_for_priests.txt no-locks chocolate_milk_aq40_speed_phase5 -a ../confs/wcl_bwl_speed_log.csv -l chocolate_milk_aq40_speed.txt 
Found: -a, val: ../confs/wcl_bwl_speed_log.csv
./css 4 ../items/phase5.csv ../items/not_for_priests.txt no-locks chocolate_milk_aq40_speed_phase5 -l chocolate_milk_aq40_speed.txt 
Found key: buff_fraction, saw val: 1
Found key: healing_from_crit_fraction, saw val: 0.2
Found key: transc8_exists, saw val: 0
Found key: enchantments, saw val: 1
Found key: fort, saw val: 1
Found key: motw, saw val: 1
Found key: spirit, saw val: 1
Found key: ai, saw val: 1
Found key: flask, saw val: 1
Found key: holy_disc, saw val: 0
Found key: min_combat_length, saw val: 2
Found key: max_log_entry_diff_in_combat, saw val: 10
Found key: precast, saw val: 1
Found key: swap_cast, saw val: 1
Found key: time_step, saw val: 0.1
Found key: reaction_time, saw val: 0.1
Found key: skip_player, saw val: Paisti
Found key: use_deficit_time_sum, saw val: 0
Found key: wcl_log, saw val: 1
Found: -l, val: chocolate_milk_aq40_speed.txt
./css 4 ../items/phase5.csv ../items/not_for_priests.txt no-locks chocolate_milk_aq40_speed_phase5 
Will read log from: chocolate_milk_aq40_speed.txt
./css 4 ../items/phase5.csv ../items/not_for_priests.txt no-locks chocolate_milk_aq40_speed_phase5 
./css 4 ../items/phase5.csv ../items/not_for_priests.txt no-locks chocolate_milk_aq40_speed_phase5 
Shuffle seed: 2416673600
Reading banned from: ../items/not_for_priests.txt
Banning: neltharion's tear
Banning: lok'amir il romathis
Banning: choker of the fire lord
Reading WCL parsed log: chocolate_milk_aq40_speed.txt
Saw 39538 lines of log, with 39538 log lines
Sorting by timestamp...
Sorted.
Pruning log from: 39538 entries.
Combat from 0 to 7.262 s
Combat from 26.429 to 78.907 s
Combat from 106.848 to 112.574 s
Combat from 156.683 to 213.381 s
Combat from 247.795 to 324.75 s
Combat from 368.227 to 386.598 s
Combat from 425.144 to 438.087 s
Combat from 461.882 to 498.689 s
Combat from 501.948 to 555.02 s
Combat from 584.616 to 617.267 s
Combat from 651.412 to 716.598 s
Combat from 719.415 to 734.013 s
Combat from 766.428 to 892.893 s
Combat from 906.843 to 952.577 s
Combat from 974.232 to 999.272 s
Combat from 1038.9 to 1060.55 s
Combat from 1065.6 to 1076.93 s
Combat from 1095.52 to 1160.53 s
Combat from 1202.81 to 1216.21 s
Combat from 1246.24 to 1301.89 s
Combat from 1321.88 to 1324.26 s
Combat from 1353.49 to 1393.61 s
Combat from 1467.3 to 1497.31 s
Combat from 1509.32 to 1546.1 s
Combat from 1584.83 to 1617.32 s
Combat from 1655.48 to 1689.31 s
Combat from 1782.95 to 1801.48 s
Combat from 1836.72 to 2157.9 s
Combat from 2171.6 to 2188.17 s
Combat from 2208.84 to 2224.92 s
Combat from 2230.67 to 2292.2 s
Combat from 2355.25 to 2419.61 s
Combat from 2473.89 to 2554.51 s
Combat from 2599.07 to 2779.16 s
Combat from 3063.41 to 3188.05 s
Combat from 3263.75 to 3352.8 s
Combat from 3398.22 to 3480.76 s
Combat from 3538.62 to 3590.28 s
Combat from 3593.67 to 3629.68 s
Combat from 3649.58 to 3734.11 s
Combat from 3789.64 to 3874.21 s
Combat from 3923.6 to 3959.55 s
Combat from 3974.13 to 4018.32 s
Combat from 4411.36 to 4545.56 s
Combat from 4554.1 to 4563.79 s
Combat from 4564.35 to 4576.47 s
Combat from 4582.51 to 4603.21 s
Combat from 4612.54 to 4635.31 s
Combat from 4642.86 to 4664.32 s
Combat from 4684.11 to 4706.95 s
Combat from 4711.27 to 4731.51 s
Combat from 4740.06 to 4755.84 s
Combat from 4770.01 to 4796.88 s
Combat from 5182.84 to 5426.26 s
Combat from 5971.86 to 6020.17 s
Combat from 6031.4 to 6088.38 s
Combat from 6094.84 to 6147.22 s
Combat from 6249.18 to 6364.15 s
Combat from 6444.69 to 6475.19 s
Combat from 6540.59 to 6579.79 s
Combat from 6609.29 to 6649.25 s
Combat from 6782.27 to 6866.71 s
Pruned to: 37576 entries.
----------------------------------------------------------
---- Baseline results without simulated player input: ----
----------------------------------------------------------
oh_limit: 0.9
time_left_mul: 0.5
total_deficit_to_pop_trinkets: 10000
in combat total: 3390.6
Total time casting: 0, which is: 0% of time in combat.
Total hps: 0, raw hps: 0, oh: -nan
Deficit time sum: 3.31446e+11, baseline: 0
Deficit*time change / s: -9.77543e+07 hp
Number of combats: 62
Average mana at start of combat: 0
Average mana at end of combat: 0
Other players with hps > 100:
  Balsina : 191.195 hps
  Demo : 156.466 hps
  Gehrmoon : 126.15 hps
  Ills : 192.689 hps
  Kvaser : 138.16 hps
  Lolona : 182.825 hps
  Malfeitor : 164.338 hps
  Nalrina : 152.737 hps
  Stygia : 174.714 hps
  Tres : 209.357 hps
  Wanenbaas : 184.281 hps
Skip player from: Paisti to: Tres
Reading WCL parsed log: chocolate_milk_aq40_speed.txt
Saw 39538 lines of log, with 39538 log lines
Sorting by timestamp...
Sorted.
Pruning log from: 39538 entries.
Combat from 0 to 7.262 s
Combat from 26.429 to 78.907 s
Combat from 106.848 to 112.574 s
Combat from 156.683 to 213.381 s
Combat from 247.795 to 324.75 s
Combat from 368.227 to 386.598 s
Combat from 425.144 to 438.087 s
Combat from 461.882 to 498.689 s
Combat from 501.948 to 555.02 s
Combat from 584.616 to 617.267 s
Combat from 651.412 to 716.598 s
Combat from 719.415 to 734.013 s
Combat from 766.428 to 892.54 s
Combat from 906.843 to 952.577 s
Combat from 974.232 to 999.272 s
Combat from 1038.9 to 1057.05 s
Combat from 1065.6 to 1076.93 s
Combat from 1095.52 to 1160.53 s
Combat from 1202.81 to 1216.21 s
Combat from 1246.24 to 1301.89 s
Combat from 1321.88 to 1324.26 s
Combat from 1353.49 to 1393.61 s
Combat from 1467.3 to 1497.31 s
Combat from 1509.32 to 1545.96 s
Combat from 1584.83 to 1617.32 s
Combat from 1655.48 to 1689.31 s
Combat from 1782.95 to 1801.48 s
Combat from 1836.72 to 2157.9 s
Combat from 2171.6 to 2188.17 s
Combat from 2208.84 to 2224.92 s
Combat from 2230.67 to 2292.2 s
Combat from 2355.25 to 2419.61 s
Combat from 2473.89 to 2554.51 s
Combat from 2599.07 to 2779.16 s
Combat from 3063.41 to 3188.05 s
Combat from 3263.75 to 3352.8 s
Combat from 3398.22 to 3480.76 s
Combat from 3538.62 to 3590.28 s
Combat from 3593.67 to 3629.68 s
Combat from 3649.58 to 3734.11 s
Combat from 3789.64 to 3874.21 s
Combat from 3923.6 to 3959.55 s
Combat from 3974.13 to 4018.32 s
Combat from 4411.36 to 4544.57 s
Combat from 4554.1 to 4563.79 s
Combat from 4564.35 to 4576.47 s
Combat from 4582.51 to 4603.21 s
Combat from 4612.54 to 4634.35 s
Combat from 4642.86 to 4664.32 s
Combat from 4684.11 to 4706.95 s
Combat from 4711.27 to 4731.51 s
Combat from 4740.06 to 4755.84 s
Combat from 4770.01 to 4796.88 s
Combat from 5182.84 to 5426.26 s
Combat from 5971.86 to 6019.98 s
Combat from 6031.4 to 6088.38 s
Combat from 6094.84 to 6147.22 s
Combat from 6249.18 to 6364.15 s
Combat from 6444.69 to 6475.19 s
Combat from 6540.59 to 6579.79 s
Combat from 6609.29 to 6649.25 s
Combat from 6782.27 to 6866.71 s
Pruned to: 36148 entries.
Skipped player entries: 1460
Baseline results again due to changed skipped player
oh_limit: 0.9
time_left_mul: 0.5
total_deficit_to_pop_trinkets: 10000
in combat total: 3384.7
Total time casting: 0, which is: 0% of time in combat.
Total hps: 0, raw hps: 0, oh: -nan
Deficit time sum: 4.29309e+11, baseline: 0
Deficit*time change / s: -1.26838e+08 hp
Number of combats: 62
Average mana at start of combat: 0
Average mana at end of combat: 0
Other players with hps > 100:
  Balsina : 213.041 hps
  Demo : 168.924 hps
  Gehrmoon : 142.245 hps
  Ills : 208.106 hps
  Kvaser : 151.018 hps
  Lolona : 198.591 hps
  Malfeitor : 173.622 hps
  Nalrina : 160.93 hps
  Stygia : 183.811 hps
  Wanenbaas : 195.039 hps
Reading tmp locked from: start_with.txt
Locking: anastari heirloom
Locking: anathema
Locking: animated chain necklace
Locking: argent crusader
Locking: atal'ai gloves of the owl
Locking: ban'thok sash
Locking: banshee finger
Locking: benediction
Locking: blood of the martyr
Locking: briarwood reed
Locking: burial shawl
Locking: clutch of andros
Locking: crimson felt hat
Locking: cyclopean band
Locking: devout belt
Locking: devout bracers
Locking: devout crown
Locking: devout mantle
Locking: devout robe
Locking: devout sandals
Locking: devout skirt
Locking: dragon finger of healing
Locking: dragon finger of intellect
Locking: dragonrider boots
Locking: dragonslayer's signet
Locking: drakefire amulet
Locking: dreadmist mantle
Locking: dreamweave circlet
Locking: dreamweave gloves
Locking: dreamweave vest
Locking: elder magus pendant
Locking: eye of the beast
Locking: fordring's seal
Locking: girdle of prophecy
Locking: gloves of prophecy
Locking: grimgore noose
Locking: halo of transcendence
Locking: heart of the fiend
Locking: hide of the wild
Locking: kentic amice
Locking: leggings of transcendence
Locking: magister's robes
Locking: maleki's footwraps
Locking: mindtap talisman
Locking: nature's breath
Locking: necropile boots
Locking: necropile cuffs
Locking: necropile leggings
Locking: necropile mantle
Locking: necropile robe
Locking: noxious shooter
Locking: omnicast boots
Locking: orb of the forgotten seer
Locking: padre's trousers
Locking: pants of prophecy
Locking: penelope's rose
Locking: quel'dorai channeling rod
Locking: raincaster drape
Locking: rainstrider leggings
Locking: ring of demonic guile
Locking: ring of demonic guile
Locking: robes of prophecy
Locking: robes of the exalted
Locking: robes of the royal crown
Locking: rod of corrosion
Locking: rosewine circle
Locking: royal seal of eldre'thalas
Locking: royal tribunal cloak
Locking: sarah's guide
Locking: seal of rivendare
Locking: seal of rivendare
Locking: shadowy laced handwraps
Locking: silkweb gloves
Locking: soulstealer mantle
Locking: spellbound tome
Locking: spritecaster cape
Locking: star of mystaria
Locking: starfire tiara
Locking: stormrager
Locking: sublime wristguards
Locking: the hammer of grace
Locking: the postmaster's treads
Locking: thuzadin sash
Locking: triune amulet
Locking: vinerot sandals
Locking: whipvine cord
Locking: wolfshear leggings
Locking: boots of the full moon
Locking: mantle of prophecy
Locking: dragon's touch
Locking: bindings of transcendence
Locking: shimmering geta
Locking: empowered leggings
Locking: seal of the archmagus
Locking: circlet of prophecy
Locking: boots of prophecy
Locking: pauldrons of transcendence
Locking: primalist's seal
Locking: zandalar confessor's bindings
Locking: zulian headdress
Locking: mar'li's eye
Locking: shroud of pure thought
Locking: belt of transcendence
Locking: jin'do's evil eye
Locking: primalist's band
Locking: zandalarian hero charm
Locking: zandalar confessor's mantle
Locking: zandalar confessor's wraps 
Locking: pure elementium band
Locking: truefaith vestments
Locking: vambraces of prophecy
Locking: hazza'rah's charm of healing
Locking: handguards of transcendence
Locking: boots of transcendence
Locking: darkmoon card: blue dragon
Locking: rejuvenating gem
Optimizing start items...

*** NEW BEST (1): 207.431

*** NEW BEST (1): 210.201

*** NEW BEST (1): 216.858

*** NEW BEST (1): 234.922

*** NEW BEST (1): 239.247

*** NEW BEST (1): 246.132

*** NEW BEST (1): 249.368

*** NEW BEST (1): 252.955

*** NEW BEST (1): 256.514

*** NEW BEST (1): 259.581

*** NEW BEST (1): 260.035

*** NEW BEST (1): 262.471

*** NEW BEST (1): 265.654

*** NEW BEST (1): 271.503

*** NEW BEST (1): 278.718

*** NEW BEST (1): 280.86
*
*** NEW BEST (1): 281.093
*
*** NEW BEST (1): 281.24

*** NEW BEST (1): 281.757

*** NEW BEST (1): 282.795

*** NEW BEST (1): 283.277

*** NEW BEST (1): 283.403
****
*** NEW BEST (1): 287.191
*****
*** NEW BEST (0): 227.489
Based on last: 3000 entries, out of total: 3709 entries, (378 dropped), The least-squares solution is:
Int: 12.8408
Spirit: 0.632015
Sp / Healing: 100
Mp5: 5.14968
Crit: 436.818
T1 3p/piece: 1099.41
T2 3p/piece: 299.27
Hazza'rah's: 26985.7
Darkmoon: 323.014
100 points == 1 sp == 0.0673169 hps.
neck : animated chain necklace -> jin'do's evil eye => val: 227.489 -> 228.125

*** NEW BEST (0): 228.125
Based on last: 3000 entries, out of total: 3725 entries, (406 dropped), The least-squares solution is:
Int: 12.8467
Spirit: 0.502806
Sp / Healing: 100
Mp5: 5.1879
Crit: 436.326
T1 3p/piece: 1117.32
T2 3p/piece: 304.956
Hazza'rah's: 26970.4
Darkmoon: 322.843
100 points == 1 sp == 0.0673526 hps.
trinket : briarwood reed -> hazza'rah's charm of healing => val: 228.125 -> 243.461

*** NEW BEST (0): 243.461
Based on last: 3000 entries, out of total: 3731 entries, (416 dropped), The least-squares solution is:
Int: 12.6426
Spirit: 0.532122
Sp / Healing: 100
Mp5: 5.40855
Crit: 434.299
T1 3p/piece: 1118.62
T2 3p/piece: 305.211
Hazza'rah's: 26879.6
Darkmoon: 322.432
100 points == 1 sp == 0.0674384 hps.
chest : dreamweave vest -> truefaith vestments => val: 243.461 -> 247.46

*** NEW BEST (0): 247.46
Based on last: 3000 entries, out of total: 3732 entries, (435 dropped), The least-squares solution is:
Int: 12.6028
Spirit: 0.598303
Sp / Healing: 100
Mp5: 5.33318
Crit: 433.94
T1 3p/piece: 1118.23
T2 3p/piece: 303.847
Hazza'rah's: 26874.2
Darkmoon: 322.368
100 points == 1 sp == 0.0674517 hps.
legs : devout skirt -> empowered leggings => val: 247.46 -> 253.871

*** NEW BEST (0): 253.871
Based on last: 3000 entries, out of total: 3742 entries, (445 dropped), The least-squares solution is:
Int: 12.3466
Spirit: 1.04794
Sp / Healing: 100
Mp5: 5.3673
Crit: 439.199
T1 3p/piece: 1111.15
T2 3p/piece: 299.158
Hazza'rah's: 26870.5
Darkmoon: 322.319
100 points == 1 sp == 0.0674621 hps.
finger : blood of the martyr -> pure elementium band => val: 253.871 -> 257.298

*** NEW BEST (0): 257.298
Based on last: 3000 entries, out of total: 3752 entries, (465 dropped), The least-squares solution is:
Int: 12.4051
Spirit: 0.931249
Sp / Healing: 100
Mp5: 5.07068
Crit: 438.19
T1 3p/piece: 1124.96
T2 3p/piece: 303.019
Hazza'rah's: 26859.1
Darkmoon: 322.188
100 points == 1 sp == 0.0674895 hps.
hands : atal'ai gloves of the owl -> handguards of transcendence => val: 257.298 -> 260.418

*** NEW BEST (0): 260.418
Based on last: 3000 entries, out of total: 3758 entries, (481 dropped), The least-squares solution is:
Int: 12.4413
Spirit: 0.860144
Sp / Healing: 100
Mp5: 5.06253
Crit: 437.854
T1 3p/piece: 1125.18
T2 3p/piece: 302.808
Hazza'rah's: 26856.1
Darkmoon: 322.153
100 points == 1 sp == 0.0674967 hps.
shoulders : soulstealer mantle -> zandalar confessor's mantle => val: 260.418 -> 262.796

*** NEW BEST (0): 262.796
Based on last: 3000 entries, out of total: 3759 entries, (499 dropped), The least-squares solution is:
Int: 12.381
Spirit: 0.964397
Sp / Healing: 100
Mp5: 5.13772
Crit: 438.174
T1 3p/piece: 1124.57
T2 3p/piece: 302.189
Hazza'rah's: 26857.5
Darkmoon: 322.168
100 points == 1 sp == 0.0674937 hps.
wrists : devout bracers -> bindings of transcendence => val: 262.796 -> 265.56

*** NEW BEST (0): 265.56
Based on last: 3000 entries, out of total: 3760 entries, (517 dropped), The least-squares solution is:
Int: 12.3725
Spirit: 0.957779
Sp / Healing: 100
Mp5: 5.10159
Crit: 438.035
T1 3p/piece: 1124.69
T2 3p/piece: 301.904
Hazza'rah's: 26854.7
Darkmoon: 322.135
100 points == 1 sp == 0.0675005 hps.
ranged : dragon finger of intellect -> dragon's touch => val: 265.56 -> 265.826

*** NEW BEST (0): 265.826
Based on last: 3000 entries, out of total: 3762 entries, (532 dropped), The least-squares solution is:
Int: 12.361
Spirit: 0.976697
Sp / Healing: 100
Mp5: 5.10633
Crit: 437.828
T1 3p/piece: 1124.68
T2 3p/piece: 301.811
Hazza'rah's: 26852.9
Darkmoon: 322.115
100 points == 1 sp == 0.0675047 hps.
finger 2 : cyclopean band -> fordring's seal => val: 265.826 -> 267.166

*** NEW BEST (0): 267.166
Based on last: 3000 entries, out of total: 3771 entries, (553 dropped), The least-squares solution is:
Int: 12.5191
Spirit: 0.833353
Sp / Healing: 100
Mp5: 4.85835
Crit: 435.331
T1 3p/piece: 1124.4
T2 3p/piece: 298.993
Hazza'rah's: 26837.6
Darkmoon: 321.943
100 points == 1 sp == 0.0675407 hps.
trinket 2 : eye of the beast -> rejuvenating gem => val: 267.166 -> 272.258

*** NEW BEST (0): 272.258
Based on last: 3000 entries, out of total: 3772 entries, (568 dropped), The least-squares solution is:
Int: 12.5202
Spirit: 0.866164
Sp / Healing: 100
Mp5: 4.8173
Crit: 435.115
T1 3p/piece: 1124.01
T2 3p/piece: 298.091
Hazza'rah's: 26836.7
Darkmoon: 321.932
100 points == 1 sp == 0.0675431 hps.
feet : boots of the full moon -> boots of transcendence => val: 272.258 -> 272.275

*** NEW BEST (0): 272.275
Based on last: 3000 entries, out of total: 3777 entries, (583 dropped), The least-squares solution is:
Int: 12.5522
Spirit: 0.75233
Sp / Healing: 100
Mp5: 4.78106
Crit: 434.608
T1 3p/piece: 1125.2
T2 3p/piece: 299.828
Hazza'rah's: 26831.4
Darkmoon: 321.878
100 points == 1 sp == 0.0675544 hps.
head : crimson felt hat -> zulian headdress => val: 272.275 -> 273.729

*** NEW BEST (0): 273.729
Based on last: 3000 entries, out of total: 3800 entries, (584 dropped), The least-squares solution is:
Int: 12.6225
Spirit: 0.428222
Sp / Healing: 100
Mp5: 5.13614
Crit: 433.921
T1 3p/piece: 1133.98
T2 3p/piece: 311.722
Hazza'rah's: 26872.5
Darkmoon: 322.352
100 points == 1 sp == 0.0674551 hps.
waist : ban'thok sash -> whipvine cord => val: 273.729 -> 275.522

*** NEW BEST (0): 275.522
Based on last: 3000 entries, out of total: 3808 entries, (596 dropped), The least-squares solution is:
Int: 12.6618
Spirit: 0.425969
Sp / Healing: 100
Mp5: 4.91398
Crit: 432.321
T1 3p/piece: 1155.69
T2 3p/piece: 303.603
Hazza'rah's: 26881.3
Darkmoon: 322.446
100 points == 1 sp == 0.0674353 hps.
*two-hand :   the hammer of grace orb of the forgotten seer -> benediction    => val: 275.522 -> 280.299

*** NEW BEST (0): 280.299
Based on last: 3000 entries, out of total: 3917 entries, (678 dropped), The least-squares solution is:
Int: 12.6692
Spirit: 0.251397
Sp / Healing: 100
Mp5: 3.33584
Crit: 419.61
T1 3p/piece: 1173.56
T2 3p/piece: 317.849
Hazza'rah's: 26871.9
Darkmoon: 323.77
100 points == 1 sp == 0.0671597 hps.
********
Read starting items and cleared locks.
 ----------------------------
 --- head --- 
name: zulian headdress
slot: head
intelligence: 15
stamina: 13
spirit: 14
sp_healing: 55
armor: 78
 ----------------------------
 --- neck --- 
name: jin'do's evil eye
slot: neck
intelligence: 11
stamina: 5
spirit: 6
sp_healing: 44
 ----------------------------
 --- shoulders --- 
name: zandalar confessor's mantle
slot: shoulders
intelligence: 24
stamina: 11
spirit: 15
sp_healing: 22
armor: 78
 ----------------------------
 --- back --- 
name: hide of the wild
slot: back
intelligence: 10
stamina: 8
sp_healing: 42
armor: 48
 ----------------------------
 --- chest --- 
name: truefaith vestments
slot: chest
stamina: 14
sp_healing: 73
mp5: 6
armor: 96
 ----------------------------
 --- wrists --- 
name: bindings of transcendence
slot: wrists
intelligence: 13
stamina: 9
spirit: 16
sp_healing: 33
armor: 51
 ----------------------------
 --- two-hand --- 
name: benediction
slot: two-hand
intelligence: 31
stamina: 10
spirit: 12
sp_healing: 106
spell_crit: 2
shadow_res: 20
 ----------------------------
 ---  --- 
name: 
slot: 
 ----------------------------
 ---  --- 
name: 
slot: 
 ----------------------------
 ---  --- 
name: 
slot: 
 ----------------------------
 --- ranged --- 
name: dragon's touch
slot: ranged
intelligence: 12
stamina: 7
sp: 6
 ----------------------------
 --- hands --- 
name: handguards of transcendence
slot: hands
intelligence: 20
stamina: 12
spirit: 13
sp_healing: 29
spell_crit: 1
armor: 72
 ----------------------------
 --- waist --- 
name: whipvine cord
slot: waist
intelligence: 8
sp_healing: 31
mp5: 6
armor: 47
 ----------------------------
 --- legs --- 
name: empowered leggings
slot: legs
intelligence: 12
stamina: 12
spirit: 24
sp_healing: 77
spell_crit: 1
armor: 103
 ----------------------------
 --- feet --- 
name: boots of transcendence
slot: feet
intelligence: 17
stamina: 17
spirit: 17
sp_healing: 35
fire_res: 10
armor: 80
 ----------------------------
 --- finger --- 
name: pure elementium band
slot: finger
intelligence: 10
stamina: 9
spirit: 10
sp_healing: 53
 ----------------------------
 --- finger --- 
name: fordring's seal
slot: finger
intelligence: 5
stamina: 4
sp_healing: 37
 ----------------------------
 --- trinket --- 
name: hazza'rah's charm of healing
slot: trinket
 ----------------------------
 --- trinket --- 
name: rejuvenating gem
slot: trinket
sp_healing: 66
mp5: 9
 ----------------------------
 --- Set bonuses ---
name: confessor's 2 hazza'rah's 1 transcendence 3 
slot: Set bonuses
sp: 23
 --- And counts for start items ---
oh_limit: 0.9
time_left_mul: 0.5
total_deficit_to_pop_trinkets: 10000
in combat total: 3384.7
Flash Heal 1, casts: 88, avg: 448.377, 4.15895%, cast time 3.8999% of in combat, overheal: 0.293413
Flash Heal 2, casts: 26, avg: 635.416, 1.74137%, cast time 1.15224% of in combat, overheal: 0.119551
Flash Heal 3, casts: 28, avg: 648.583, 1.91418%, cast time 1.24088% of in combat, overheal: 0.191209
Flash Heal 4, casts: 31, avg: 852.958, 2.78707%, cast time 1.37383% of in combat, overheal: 0.0388665
Flash Heal 5, casts: 33, avg: 814.282, 2.83235%, cast time 1.46246% of in combat, overheal: 0.206438
Flash Heal 6, casts: 31, avg: 1099.57, 3.59288%, cast time 1.37383% of in combat, overheal: 0.063241
Flash Heal 7, casts: 497, avg: 1273.1, 66.6924%, cast time 22.0256% of in combat, overheal: 0.0666407
Greater Heal 1 hazz, casts: 15, avg: 1256.67, 1.98688%, cast time 0.664756% of in combat, overheal: 0.318794
Greater Heal 2 hazz, casts: 9, avg: 1522.88, 1.44466%, cast time 0.398854% of in combat, overheal: 0.283804
Greater Heal 3 hazz, casts: 2, avg: 1329, 0.280165%, cast time 0.0886341% of in combat, overheal: 0.45794
Greater Heal 4 hazz, casts: 47, avg: 2537.15, 12.5691%, cast time 2.0829% of in combat, overheal: 0.104481
Total time casting: 1210.5, which is: 35.7639% of time in combat.
Total hps: 280.299, raw hps: 312.464, oh: 0.10294
Deficit time sum: 2.57068e+11, baseline: 4.29309e+11
Deficit*time change / s: 5.08882e+07 hp
Number of combats: 62
Average mana at start of combat: 10500.9
Average mana at end of combat: 9260.32
Other players with hps > 100:
  Balsina : 183.89 hps
  Demo : 156.159 hps
  Gehrmoon : 126.667 hps
  Ills : 189.507 hps
  Kvaser : 137.046 hps
  Lolona : 174.685 hps
  Malfeitor : 160.273 hps
  Nalrina : 148.56 hps
  Stygia : 168.634 hps
  Wanenbaas : 178.579 hps
Reading locked from: no-locks
Setting tag name to: chocolate_milk_aq40_speed_phase5
.
*** NEW BEST (1): 354.182

*** NEW BEST (1): 355.598

*** NEW BEST (1): 363.538

*** NEW BEST (1): 364.729

*** NEW BEST (1): 366.752

*** NEW BEST (1): 367.582
Temporary bans and partial set bonuses off.
.
*** NEW BEST (0): 366.702
shoulders : ternary mantle -> zandalar confessor's mantle => val: 365.835 -> 365.962
legs : leggings of transcendence -> empowered leggings => val: 365.046 -> 367.256

*** NEW BEST (0): 367.256
***** INTERMEDIATE RESULTS *****
Iteration: 2
 ----------------------------
 --- head --- 
name: crystal adorned crown
slot: head
intelligence: 14
spirit: 13
sp_healing: 92
armor: 85
 ----------------------------
 --- neck --- 
name: amulet of the fallen god
slot: neck
intelligence: 11
sp_healing: 57
mp5: 6
 ----------------------------
 --- shoulders --- 
name: zandalar confessor's mantle
slot: shoulders
intelligence: 24
stamina: 11
spirit: 15
sp_healing: 22
armor: 78
 ----------------------------
 --- back --- 
name: hide of the wild
slot: back
intelligence: 10
stamina: 8
sp_healing: 42
armor: 48
 ----------------------------
 --- chest --- 
name: truefaith vestments
slot: chest
stamina: 14
sp_healing: 73
mp5: 6
armor: 96
 ----------------------------
 --- wrists --- 
name: bracelets of royal redemption
slot: wrists
intelligence: 10
stamina: 8
spirit: 9
sp_healing: 53
armor: 54
 ----------------------------
 ---  --- 
name: 
slot: 
 ----------------------------
 --- main hand --- 
name: scepter of the false prophet
slot: main hand
intelligence: 19
stamina: 10
sp_healing: 187
mp5: 3
 ----------------------------
 ---  --- 
name: 
slot: 
 ----------------------------
 --- off hand --- 
name: lei of the lifegiver
slot: off hand
sp_healing: 53
mp5: 3
 ----------------------------
 --- ranged --- 
name: lunar wand of healing
slot: ranged
sp_healing: 20
 ----------------------------
 --- hands --- 
name: atal'ai hands of healing
slot: hands
sp: 9
sp_healing: 44
armor: 47
 ----------------------------
 --- waist --- 
name: grasp of the old god
slot: waist
intelligence: 19
stamina: 15
sp_healing: 59
mp5: 7
armor: 75
 ----------------------------
 --- legs --- 
name: empowered leggings
slot: legs
intelligence: 12
stamina: 12
spirit: 24
sp_healing: 77
spell_crit: 1
armor: 103
 ----------------------------
 --- feet --- 
name: boots of pure thought
slot: feet
intelligence: 12
stamina: 8
spirit: 12
sp_healing: 62
armor: 74
 ----------------------------
 --- finger --- 
name: pure elementium band
slot: finger
intelligence: 10
stamina: 9
spirit: 10
sp_healing: 53
 ----------------------------
 --- finger --- 
name: ring of the martyr
slot: finger
stamina: 10
sp_healing: 51
mp5: 5
 ----------------------------
 --- trinket --- 
name: hazza'rah's charm of healing
slot: trinket
 ----------------------------
 --- trinket --- 
name: rejuvenating gem
slot: trinket
sp_healing: 66
mp5: 9
 ----------------------------
 --- Set bonuses ---
name: confessor's 2 hazza'rah's 1 
slot: Set bonuses
sp: 23
------------------
Best value: 367.256
------------------
Char stats: 
Effective hp: 8408
Effective mana (100 s, 33 % out of fsr): 15780.9
Raw max mana: 9750.27
Int: 373.98
Stam: 380.88
Spirit: 388.93
Strength: 79.58
Agility: 84.18
All stats multiplier (taken into account above): 1.15
Bonus mana: 2000
Bonus hp: 0
Mp5: 189
Sp: 32
Sp shadow: 0
Sp healing: 1171
Spell crit: 19
Spell hit: 0
Arcane res: 27
Nature res: 27
Fire res: 27
Frost res: 27
Shadow res: 27
Armor: 2858.75
Defense: 300
Dodge: 0
Parry: 0
HpsPvp: 1055.72
ShadowDps: 223.541
Value pvp healing: 1920.27
Value pvp shadow: 86.0948
Effective hp-pvp: 10448.8
Effecctive mana for 100 s, 0.33 fsr: 17398.9
------------------
Best counts:
oh_limit: 0.7
time_left_mul: 2.9
total_deficit_to_pop_trinkets: 8145.06
in combat total: 3384.7
Flash Heal 1, casts: 40, avg: 594.884, 1.9085%, cast time 1.77268% of in combat, overheal: 0.228051
Flash Heal 2, casts: 10, avg: 659.652, 0.529072%, cast time 0.443171% of in combat, overheal: 0.230395
Flash Heal 3, casts: 4, avg: 673.64, 0.216116%, cast time 0.177268% of in combat, overheal: 0.280898
Flash Heal 4, casts: 10, avg: 825.622, 0.662187%, cast time 0.443171% of in combat, overheal: 0.191916
Flash Heal 5, casts: 7, avg: 1081.32, 0.607088%, cast time 0.310219% of in combat, overheal: 0.0673238
Flash Heal 6, casts: 14, avg: 1069.22, 1.20059%, cast time 0.620439% of in combat, overheal: 0.181307
Flash Heal 7, casts: 87, avg: 1362.33, 9.5061%, cast time 3.85559% of in combat, overheal: 0.0886466
Greater Heal 1, casts: 22, avg: 1868.35, 3.2967%, cast time 1.62496% of in combat, overheal: 0.115014
Greater Heal 1 hazz, casts: 34, avg: 1429.07, 3.897%, cast time 1.50678% of in combat, overheal: 0.323089
Greater Heal 2 hazz, casts: 5, avg: 1954.48, 0.783792%, cast time 0.221585% of in combat, overheal: 0.182466
Greater Heal 3 hazz, casts: 5, avg: 2620.83, 1.05101%, cast time 0.221585% of in combat, overheal: 0.0342535
Greater Heal 4, casts: 150, avg: 2882.58, 34.6794%, cast time 11.0793% of in combat, overheal: 0.0678666
Greater Heal 4 hazz, casts: 40, avg: 2842.01, 9.1177%, cast time 1.77268% of in combat, overheal: 0.0809836
Heal 2, casts: 219, avg: 1200.41, 21.0849%, cast time 16.1757% of in combat, overheal: 0.245009
Heal 4, casts: 71, avg: 2012.43, 11.4599%, cast time 5.24419% of in combat, overheal: 0.108027
Total time casting: 1539, which is: 45.4693% of time in combat.
Total hps: 368.367, raw hps: 428.255, oh: 0.139842
Deficit time sum: 2.06648e+11, baseline: 4.29309e+11
Deficit*time change / s: 6.57846e+07 hp
Number of combats: 62
Average mana at start of combat: 9668.94
Average mana at end of combat: 8446.2
Other players with hps > 100:
  Balsina : 176.197 hps
  Demo : 149.698 hps
  Gehrmoon : 120.539 hps
  Ills : 186.419 hps
  Kvaser : 130.751 hps
  Lolona : 167.863 hps
  Malfeitor : 153.985 hps
  Nalrina : 145.157 hps
  Stygia : 160.502 hps
  Wanenbaas : 172.883 hps
------------------
Upgrades: 
( following sorted by alt scores, no specials )
benediction, , , (7.94833) -> , scepter of the false prophet, , lei of the lifegiver(16.2934) : 8.34509 = +2.31794%
zulian headdress(3.82376) -> crystal adorned crown(6.30002) : 2.47626 = +0.676775%
whipvine cord(2.16345) -> grasp of the old god(4.13977) : 1.97632 = +0.539402%
boots of transcendence(2.49811) -> boots of pure thought(4.26804) : 1.76993 = +0.482799%
bindings of transcendence(2.32959) -> bracelets of royal redemption(3.64606) : 1.31647 = +0.358661%
handguards of transcendence(2.40179) -> atal'ai hands of healing(3.55945) : 1.15765 = +0.315257%
fordring's seal(2.52747) -> ring of the martyr(3.43634) : 0.908875 = +0.247341%
jin'do's evil eye(3.04962) -> amulet of the fallen god(3.93515) : 0.885529 = +0.240972%
dragon's touch(0.505066) -> lunar wand of healing(1.3432) : 0.838135 = +0.228046%
zandalar confessor's mantle(3.22891) -> zandalar confessor's mantle(3.22891) : 0 = +0%
hide of the wild(2.90579) -> hide of the wild(2.90579) : 0 = +0%
truefaith vestments(4.91611) -> truefaith vestments(4.91611) : 0 = +0%
empowered leggings(5.55927) -> empowered leggings(5.55927) : 0 = +0%
pure elementium band(3.64624) -> pure elementium band(3.64624) : 0 = +0%
hazza'rah's charm of healing(19.5917) -> hazza'rah's charm of healing(19.5917) : 0 = +0%
rejuvenating gem(4.4527) -> rejuvenating gem(4.4527) : 0 = +0%
------------------
~~~~ end of intermediate results ~~~~
Temporary bans and partial set bonuses on.
..
*** NEW BEST (1): 368.741

*** NEW BEST (1): 369.243
Temporary bans and partial set bonuses off.
.
*** NEW BEST (0): 368.367
***** INTERMEDIATE RESULTS *****
Iteration: 5
 ----------------------------
 --- head --- 
name: crystal adorned crown
slot: head
intelligence: 14
spirit: 13
sp_healing: 92
armor: 85
 ----------------------------
 --- neck --- 
name: amulet of the fallen god
slot: neck
intelligence: 11
sp_healing: 57
mp5: 6
 ----------------------------
 --- shoulders --- 
name: zandalar confessor's mantle
slot: shoulders
intelligence: 24
stamina: 11
spirit: 15
sp_healing: 22
armor: 78
 ----------------------------
 --- back --- 
name: hide of the wild
slot: back
intelligence: 10
stamina: 8
sp_healing: 42
armor: 48
 ----------------------------
 --- chest --- 
name: truefaith vestments
slot: chest
stamina: 14
sp_healing: 73
mp5: 6
armor: 96
 ----------------------------
 --- wrists --- 
name: bracelets of royal redemption
slot: wrists
intelligence: 10
stamina: 8
spirit: 9
sp_healing: 53
armor: 54
 ----------------------------
 ---  --- 
name: 
slot: 
 ----------------------------
 --- main hand --- 
name: scepter of the false prophet
slot: main hand
intelligence: 19
stamina: 10
sp_healing: 187
mp5: 3
 ----------------------------
 ---  --- 
name: 
slot: 
 ----------------------------
 --- off hand --- 
name: lei of the lifegiver
slot: off hand
sp_healing: 53
mp5: 3
 ----------------------------
 --- ranged --- 
name: lunar wand of healing
slot: ranged
sp_healing: 20
 ----------------------------
 --- hands --- 
name: atal'ai hands of healing
slot: hands
sp: 9
sp_healing: 44
armor: 47
 ----------------------------
 --- waist --- 
name: grasp of the old god
slot: waist
intelligence: 19
stamina: 15
sp_healing: 59
mp5: 7
armor: 75
 ----------------------------
 --- legs --- 
name: empowered leggings
slot: legs
intelligence: 12
stamina: 12
spirit: 24
sp_healing: 77
spell_crit: 1
armor: 103
 ----------------------------
 --- feet --- 
name: boots of pure thought
slot: feet
intelligence: 12
stamina: 8
spirit: 12
sp_healing: 62
armor: 74
 ----------------------------
 --- finger --- 
name: pure elementium band
slot: finger
intelligence: 10
stamina: 9
spirit: 10
sp_healing: 53
 ----------------------------
 --- finger --- 
name: ring of the martyr
slot: finger
stamina: 10
sp_healing: 51
mp5: 5
 ----------------------------
 --- trinket --- 
name: hazza'rah's charm of healing
slot: trinket
 ----------------------------
 --- trinket --- 
name: rejuvenating gem
slot: trinket
sp_healing: 66
mp5: 9
 ----------------------------
 --- Set bonuses ---
name: confessor's 2 hazza'rah's 1 
slot: Set bonuses
sp: 23
------------------
Best value: 368.367
------------------
Char stats: 
Effective hp: 8408
Effective mana (100 s, 33 % out of fsr): 15780.9
Raw max mana: 9750.27
Int: 373.98
Stam: 380.88
Spirit: 388.93
Strength: 79.58
Agility: 84.18
All stats multiplier (taken into account above): 1.15
Bonus mana: 2000
Bonus hp: 0
Mp5: 189
Sp: 32
Sp shadow: 0
Sp healing: 1171
Spell crit: 19
Spell hit: 0
Arcane res: 27
Nature res: 27
Fire res: 27
Frost res: 27
Shadow res: 27
Armor: 2858.75
Defense: 300
Dodge: 0
Parry: 0
HpsPvp: 1055.72
ShadowDps: 223.541
Value pvp healing: 1920.27
Value pvp shadow: 86.0948
Effective hp-pvp: 10448.8
Effecctive mana for 100 s, 0.33 fsr: 17398.9
------------------
Best counts:
oh_limit: 0.7
time_left_mul: 2.9
total_deficit_to_pop_trinkets: 8145.06
in combat total: 3384.7
Flash Heal 1, casts: 40, avg: 594.884, 1.9085%, cast time 1.77268% of in combat, overheal: 0.228051
Flash Heal 2, casts: 10, avg: 659.652, 0.529072%, cast time 0.443171% of in combat, overheal: 0.230395
Flash Heal 3, casts: 4, avg: 673.64, 0.216116%, cast time 0.177268% of in combat, overheal: 0.280898
Flash Heal 4, casts: 10, avg: 825.622, 0.662187%, cast time 0.443171% of in combat, overheal: 0.191916
Flash Heal 5, casts: 7, avg: 1081.32, 0.607088%, cast time 0.310219% of in combat, overheal: 0.0673238
Flash Heal 6, casts: 14, avg: 1069.22, 1.20059%, cast time 0.620439% of in combat, overheal: 0.181307
Flash Heal 7, casts: 87, avg: 1362.33, 9.5061%, cast time 3.85559% of in combat, overheal: 0.0886466
Greater Heal 1, casts: 22, avg: 1868.35, 3.2967%, cast time 1.62496% of in combat, overheal: 0.115014
Greater Heal 1 hazz, casts: 34, avg: 1429.07, 3.897%, cast time 1.50678% of in combat, overheal: 0.323089
Greater Heal 2 hazz, casts: 5, avg: 1954.48, 0.783792%, cast time 0.221585% of in combat, overheal: 0.182466
Greater Heal 3 hazz, casts: 5, avg: 2620.83, 1.05101%, cast time 0.221585% of in combat, overheal: 0.0342535
Greater Heal 4, casts: 150, avg: 2882.58, 34.6794%, cast time 11.0793% of in combat, overheal: 0.0678666
Greater Heal 4 hazz, casts: 40, avg: 2842.01, 9.1177%, cast time 1.77268% of in combat, overheal: 0.0809836
Heal 2, casts: 219, avg: 1200.41, 21.0849%, cast time 16.1757% of in combat, overheal: 0.245009
Heal 4, casts: 71, avg: 2012.43, 11.4599%, cast time 5.24419% of in combat, overheal: 0.108027
Total time casting: 1539, which is: 45.4693% of time in combat.
Total hps: 368.367, raw hps: 428.255, oh: 0.139842
Deficit time sum: 2.06648e+11, baseline: 4.29309e+11
Deficit*time change / s: 6.57846e+07 hp
Number of combats: 62
Average mana at start of combat: 9668.94
Average mana at end of combat: 8446.2
Other players with hps > 100:
  Balsina : 176.197 hps
  Demo : 149.698 hps
  Gehrmoon : 120.539 hps
  Ills : 186.419 hps
  Kvaser : 130.751 hps
  Lolona : 167.863 hps
  Malfeitor : 153.985 hps
  Nalrina : 145.157 hps
  Stygia : 160.502 hps
  Wanenbaas : 172.883 hps
------------------
Upgrades: 
( following sorted by alt scores, no specials )
benediction, , , (7.94833) -> , scepter of the false prophet, , lei of the lifegiver(16.2934) : 8.34509 = +2.31794%
zulian headdress(3.82376) -> crystal adorned crown(6.30002) : 2.47626 = +0.676775%
whipvine cord(2.16345) -> grasp of the old god(4.13977) : 1.97632 = +0.539402%
boots of transcendence(2.49811) -> boots of pure thought(4.26804) : 1.76993 = +0.482799%
bindings of transcendence(2.32959) -> bracelets of royal redemption(3.64606) : 1.31647 = +0.358661%
handguards of transcendence(2.40179) -> atal'ai hands of healing(3.55945) : 1.15765 = +0.315257%
fordring's seal(2.52747) -> ring of the martyr(3.43634) : 0.908875 = +0.247341%
jin'do's evil eye(3.04962) -> amulet of the fallen god(3.93515) : 0.885529 = +0.240972%
dragon's touch(0.505066) -> lunar wand of healing(1.3432) : 0.838135 = +0.228046%
zandalar confessor's mantle(3.22891) -> zandalar confessor's mantle(3.22891) : 0 = +0%
hide of the wild(2.90579) -> hide of the wild(2.90579) : 0 = +0%
truefaith vestments(4.91611) -> truefaith vestments(4.91611) : 0 = +0%
empowered leggings(5.55927) -> empowered leggings(5.55927) : 0 = +0%
pure elementium band(3.64624) -> pure elementium band(3.64624) : 0 = +0%
hazza'rah's charm of healing(19.5917) -> hazza'rah's charm of healing(19.5917) : 0 = +0%
rejuvenating gem(4.4527) -> rejuvenating gem(4.4527) : 0 = +0%
------------------
~~~~ end of intermediate results ~~~~
Same items for intermediate results again, ending optimization. 
 ----------------------------
 --- head --- 
name: crystal adorned crown
slot: head
intelligence: 14
spirit: 13
sp_healing: 92
armor: 85
 ----------------------------
 --- neck --- 
name: amulet of the fallen god
slot: neck
intelligence: 11
sp_healing: 57
mp5: 6
 ----------------------------
 --- shoulders --- 
name: zandalar confessor's mantle
slot: shoulders
intelligence: 24
stamina: 11
spirit: 15
sp_healing: 22
armor: 78
 ----------------------------
 --- back --- 
name: hide of the wild
slot: back
intelligence: 10
stamina: 8
sp_healing: 42
armor: 48
 ----------------------------
 --- chest --- 
name: truefaith vestments
slot: chest
stamina: 14
sp_healing: 73
mp5: 6
armor: 96
 ----------------------------
 --- wrists --- 
name: bracelets of royal redemption
slot: wrists
intelligence: 10
stamina: 8
spirit: 9
sp_healing: 53
armor: 54
 ----------------------------
 ---  --- 
name: 
slot: 
 ----------------------------
 --- main hand --- 
name: scepter of the false prophet
slot: main hand
intelligence: 19
stamina: 10
sp_healing: 187
mp5: 3
 ----------------------------
 ---  --- 
name: 
slot: 
 ----------------------------
 --- off hand --- 
name: lei of the lifegiver
slot: off hand
sp_healing: 53
mp5: 3
 ----------------------------
 --- ranged --- 
name: lunar wand of healing
slot: ranged
sp_healing: 20
 ----------------------------
 --- hands --- 
name: atal'ai hands of healing
slot: hands
sp: 9
sp_healing: 44
armor: 47
 ----------------------------
 --- waist --- 
name: grasp of the old god
slot: waist
intelligence: 19
stamina: 15
sp_healing: 59
mp5: 7
armor: 75
 ----------------------------
 --- legs --- 
name: empowered leggings
slot: legs
intelligence: 12
stamina: 12
spirit: 24
sp_healing: 77
spell_crit: 1
armor: 103
 ----------------------------
 --- feet --- 
name: boots of pure thought
slot: feet
intelligence: 12
stamina: 8
spirit: 12
sp_healing: 62
armor: 74
 ----------------------------
 --- finger --- 
name: pure elementium band
slot: finger
intelligence: 10
stamina: 9
spirit: 10
sp_healing: 53
 ----------------------------
 --- finger --- 
name: ring of the martyr
slot: finger
stamina: 10
sp_healing: 51
mp5: 5
 ----------------------------
 --- trinket --- 
name: hazza'rah's charm of healing
slot: trinket
 ----------------------------
 --- trinket --- 
name: rejuvenating gem
slot: trinket
sp_healing: 66
mp5: 9
 ----------------------------
 --- Set bonuses ---
name: confessor's 2 hazza'rah's 1 
slot: Set bonuses
sp: 23
------------------
Char stats: 
Effective hp: 8408
Effective mana (100 s, 33 % out of fsr): 15780.9
Raw max mana: 9750.27
Int: 373.98
Stam: 380.88
Spirit: 388.93
Strength: 79.58
Agility: 84.18
All stats multiplier (taken into account above): 1.15
Bonus mana: 2000
Bonus hp: 0
Mp5: 189
Sp: 32
Sp shadow: 0
Sp healing: 1171
Spell crit: 19
Spell hit: 0
Arcane res: 27
Nature res: 27
Fire res: 27
Frost res: 27
Shadow res: 27
Armor: 2858.75
Defense: 300
Dodge: 0
Parry: 0
HpsPvp: 1055.72
ShadowDps: 223.541
Value pvp healing: 1920.27
Value pvp shadow: 86.0948
Effective hp-pvp: 10448.8
Effecctive mana for 100 s, 0.33 fsr: 17398.9
------------------
Best counts:
oh_limit: 0.7
time_left_mul: 2.9
total_deficit_to_pop_trinkets: 8145.06
in combat total: 3384.7
Flash Heal 1, casts: 40, avg: 594.884, 1.9085%, cast time 1.77268% of in combat, overheal: 0.228051
Flash Heal 2, casts: 10, avg: 659.652, 0.529072%, cast time 0.443171% of in combat, overheal: 0.230395
Flash Heal 3, casts: 4, avg: 673.64, 0.216116%, cast time 0.177268% of in combat, overheal: 0.280898
Flash Heal 4, casts: 10, avg: 825.622, 0.662187%, cast time 0.443171% of in combat, overheal: 0.191916
Flash Heal 5, casts: 7, avg: 1081.32, 0.607088%, cast time 0.310219% of in combat, overheal: 0.0673238
Flash Heal 6, casts: 14, avg: 1069.22, 1.20059%, cast time 0.620439% of in combat, overheal: 0.181307
Flash Heal 7, casts: 87, avg: 1362.33, 9.5061%, cast time 3.85559% of in combat, overheal: 0.0886466
Greater Heal 1, casts: 22, avg: 1868.35, 3.2967%, cast time 1.62496% of in combat, overheal: 0.115014
Greater Heal 1 hazz, casts: 34, avg: 1429.07, 3.897%, cast time 1.50678% of in combat, overheal: 0.323089
Greater Heal 2 hazz, casts: 5, avg: 1954.48, 0.783792%, cast time 0.221585% of in combat, overheal: 0.182466
Greater Heal 3 hazz, casts: 5, avg: 2620.83, 1.05101%, cast time 0.221585% of in combat, overheal: 0.0342535
Greater Heal 4, casts: 150, avg: 2882.58, 34.6794%, cast time 11.0793% of in combat, overheal: 0.0678666
Greater Heal 4 hazz, casts: 40, avg: 2842.01, 9.1177%, cast time 1.77268% of in combat, overheal: 0.0809836
Heal 2, casts: 219, avg: 1200.41, 21.0849%, cast time 16.1757% of in combat, overheal: 0.245009
Heal 4, casts: 71, avg: 2012.43, 11.4599%, cast time 5.24419% of in combat, overheal: 0.108027
Total time casting: 1539, which is: 45.4693% of time in combat.
Total hps: 368.367, raw hps: 428.255, oh: 0.139842
Deficit time sum: 2.06648e+11, baseline: 4.29309e+11
Deficit*time change / s: 6.57846e+07 hp
Number of combats: 62
Average mana at start of combat: 9668.94
Average mana at end of combat: 8446.2
Other players with hps > 100:
  Balsina : 176.197 hps
  Demo : 149.698 hps
  Gehrmoon : 120.539 hps
  Ills : 186.419 hps
  Kvaser : 130.751 hps
  Lolona : 167.863 hps
  Malfeitor : 153.985 hps
  Nalrina : 145.157 hps
  Stygia : 160.502 hps
  Wanenbaas : 172.883 hps
------------------
Based on last: 3000 entries, out of total: 5811 entries, (3139 dropped), The least-squares solution is:
Int: 14.6424
Spirit: 2.45145
Sp / Healing: 100
Mp5: 2.02503
Crit: 467.595
T1 3p/piece: 796.565
T2 3p/piece: 195.003
Hazza'rah's: 26013.9
Darkmoon: 317.85
100 points == 1 sp == 0.0677993 hps.
Appended tag:
( Pawn: v1: "chocolate_milk_aq40_speed_phase5": Intellect=14.6424, Spirit=2.45145, Healing=100, Mp5=2.02503, SpellCritRating=467.595, IsFist=X, Is2HMace=X, IsCrossbow=X, IsGun=X, IsShield=X, IsPolearm=X, Is2HAxe=X, IsBow=X, IsMail=X, IsPlate=X, IsLeather=X, IsAxe=X, Is2HAxe=X, IsSword=X, Is2HSword=X)
To file: chocolate_milk_aq40_speed_phase5.pawn_tag.txt
------------------
Diffs to start: 
Upgrades: 
( following sorted by alt scores, no specials )
benediction, , , (8.14847) -> , scepter of the false prophet, , lei of the lifegiver(16.4687) : 8.32022 = +2.31087%
zulian headdress(3.90115) -> crystal adorned crown(6.39813) : 2.49698 = +0.682477%
whipvine cord(2.18942) -> grasp of the old god(4.19839) : 2.00897 = +0.548363%
boots of transcendence(2.57001) -> boots of pure thought(4.34262) : 1.77261 = +0.483535%
bindings of transcendence(2.39304) -> bracelets of royal redemption(3.70758) : 1.31454 = +0.358135%
handguards of transcendence(2.50336) -> atal'ai hands of healing(3.59335) : 1.09 = +0.296778%
fordring's seal(2.5582) -> ring of the martyr(3.46463) : 0.906433 = +0.246675%
jin'do's evil eye(3.10236) -> amulet of the fallen god(3.98199) : 0.879639 = +0.239366%
dragon's touch(0.525909) -> lunar wand of healing(1.35599) : 0.830078 = +0.225849%
zandalar confessor's mantle(3.31415) -> zandalar confessor's mantle(3.31415) : 0 = +0%
hide of the wild(2.94684) -> hide of the wild(2.94684) : 0 = +0%
truefaith vestments(4.95758) -> truefaith vestments(4.95758) : 0 = +0%
empowered leggings(5.69659) -> empowered leggings(5.69659) : 0 = +0%
pure elementium band(3.70926) -> pure elementium band(3.70926) : 0 = +0%
hazza'rah's charm of healing(19.1966) -> hazza'rah's charm of healing(19.1966) : 0 = +0%
rejuvenating gem(4.48712) -> rejuvenating gem(4.48712) : 0 = +0%
- - - - - - - - - - - - - - - - - - - - - - - - - - - - - - - - - - - - - - - - - 
| Upgrades at best in slot level, from start item to candidate, partial bonuses: 1: |
  alt scores are from least squares fit, special score from e.g. set bonuses as s are part of em
. . . . . . . . . . . . . . . . . . . . . . . . . . . . . . . . . . . . . . . . . 
- . - ' - . - ' - . - ' - . - ' - . - ' - . -
head, zulian headdress (2.66208), alt: 3.90115 -> :
    crystal adorned crown (4.66437) : +0.545226 %, alt : +6.39812, from: azuregos
    don rigoberto's lost hat (4.90897) : +0.61183 %, alt : +4.59251, from: aq40
    eternal crown of healing (2.87009) : +0.0566408 %, alt : +4.33915, from: random green
    halo of transcendence (4.37701) : +0.466979 %, alt : +3.69118 (s: 0.13221), from: onyxia
    mish'undare circlet of mind flayer (2.78073) : +0.0323092 %, alt : +3.26024, from: bwl
    tiara of the oracle (3.04416) : +0.104041 %, alt : +2.15299, from: aq40
    crimson felt hat (2.73401) : +0.0195866 %, alt : +2.12669, from: pre-raid
- . - ' - . - ' - . - ' - . - ' - . - ' - . -
neck, jin'do's evil eye (1.40311), alt: 3.10236 -> :
    amulet of the fallen god (2.69791) : +0.351898 %, alt : +3.982, from: aq40
    amulet of the shifting sands (1.84927) : +0.121258 %, alt : +3.127, from: aq20
    angelista's charm (1.50873) : +0.0287055 %, alt : +2.249, from: aq40
    the all-seeing eye of zuldazar (0.518829) : -0.240327 %, alt : +1.32141, from: zg
- . - ' - . - ' - . - ' - . - ' - . - ' - . -
shoulders, zandalar confessor's mantle (2.89658), alt: 3.31415 -> :
    zandalar confessor's mantle (2.89658) : +0 %, alt : +3.31416, from: zg
- . - ' - . - ' - . - ' - . - ' - . - ' - . -
back, hide of the wild (1.9873), alt: 2.94684 -> :
    cloak of clarity (3.08603) : +0.297562 %, alt : +2.85372, from: aq40
    shroud of pure thought (2.32812) : +0.0923025 %, alt : +2.35481, from: bwl
- . - ' - . - ' - . - ' - . - ' - . - ' - . -
chest, truefaith vestments (3.61319), alt: 4.95758 -> :
    robes of the guardian saint (4.50427) : +0.241327 %, alt : +4.97396, from: aq40
    robes of the exalted (3.62448) : +0.00305802 %, alt : +4.67827, from: pre-raid
    robes of transcendence (4.7189) : +0.299454 %, alt : +4.2914 (s: 0.13221), from: bwl
- . - ' - . - ' - . - ' - . - ' - . - ' - . -
wrists, bindings of transcendence (2.22708), alt: 2.52524 (s: 0.13221) -> :
    bracelets of royal redemption (2.30942) : +0.0223037 %, alt : +3.70759, from: aq40
    zandalar confessor's wraps (1.28955) : -0.253963 %, alt : +1.75633, from: zg
- . - ' - . - ' - . - ' - . - ' - . - ' - . -
two-hand, benediction (10.8001), alt: 8.14847 -> :
    scepter of the false prophet and lei of the lifegiver (16.9604) : +1.62095 %, alt : +16.4687, from: aq40, av rep
    scepter of the false prophet and sartura's might (16.9628) : +1.62158 %, alt : +16.3968, from: aq40, aq40
    scepter of the false prophet and brightly glowing stone (15.7482) : +1.30197 %, alt : +15.3798, from: aq40, pre-raid
    scepter of the false prophet and talon of furious concentration (15.1824) : +1.15311 %, alt : +14.6914, from: aq40, aq20
    scepter of the false prophet and arlokk's hoodoo stick (14.7579) : +1.04141 %, alt : +14.6798, from: aq40, zg
    scepter of the false prophet and trance stone (15.1268) : +1.13847 %, alt : +14.6589, from: aq40, emeriss; lethon; taerar; ysondre
    scepter of the false prophet and royal scepter of vek'lor (15.1035) : +1.13235 %, alt : +14.6336, from: aq40, aq40
    scepter of the false prophet and thaurissan's royal scepter (15.3973) : +1.20966 %, alt : +14.429, from: aq40, pre-raid
    scepter of the false prophet and jin'do's bag of whammies (14.8395) : +1.06289 %, alt : +14.2008, from: aq40, zg
    scepter of the false prophet and fire runed grimoire (14.4311) : +0.955422 %, alt : +13.8255, from: aq40, mc
    blessed qiraji augur staff (9.4733) : -0.349122 %, alt : +9.95415, from: aq40
    gavel of infinite wisdom and lei of the lifegiver (8.70291) : -0.551832 %, alt : +9.81411, from: aq20, av rep
    gavel of infinite wisdom and sartura's might (9.24719) : -0.408617 %, alt : +9.74219, from: aq20, aq40
    lok'amir il romathis and lei of the lifegiver (8.36133) : -0.641712 %, alt : +9.48461, from: bwl, av rep
    lok'amir il romathis and sartura's might (9.20374) : -0.420051 %, alt : +9.41269, from: bwl, aq40
    gavel of infinite wisdom and brightly glowing stone (10.5916) : -0.0548692 %, alt : +8.7252, from: aq20, pre-raid
    lok'amir il romathis and brightly glowing stone (10.5766) : -0.058804 %, alt : +8.3957, from: bwl, pre-raid
    gavel of infinite wisdom and trance stone (10.9957) : +0.0514725 %, alt : +8.00432, from: aq20, emeriss; lethon; taerar; ysondre
- . - ' - . - ' - . - ' - . - ' - . - ' - . -
ranged, dragon's touch (1.36975), alt: 0.525909 -> :
    lunar wand of healing (1.79874) : +0.116315 %, alt : +1.35599, from: random green
    wandof qiraji nobility (1.44333) : +0.0199499 %, alt : +1.28819, from: aq40
    antenna of invigoration (1.93311) : +0.152748 %, alt : +0.925219, from: aq20
    bonecreeper stylus (1.3363) : -0.00906888 %, alt : +0.785501, from: pre-raid
- . - ' - . - ' - . - ' - . - ' - . - ' - . -
hands, handguards of transcendence (3.63876), alt: 2.63556 (s: 0.13221) -> :
    atal'ai hands of healing (2.54868) : -0.294354 %, alt : +3.59336, from: sunken temple
    high councillor's gloves of healing (2.04739) : -0.429713 %, alt : +3.11877, from: random green
    dark storm gauntlets (1.80026) : -0.496446 %, alt : +2.65748, from: aq40
    gloves of dark wisdom (2.47598) : -0.313983 %, alt : +2.57839, from: aq20
- . - ' - . - ' - . - ' - . - ' - . - ' - . -
waist, whipvine cord (2.02908), alt: 2.18942 -> :
    grasp of the old god (3.5625) : +0.417019 %, alt : +4.19839, from: aq40
    eyestalk waist cord (1.35245) : -0.184014 %, alt : +3.18614, from: aq40
    firemaw's clutch (2.509) : +0.130516 %, alt : +2.49897, from: bwl
    belt of transcendence (2.54199) : +0.139488 %, alt : +2.16806 (s: 0.13221), from: bwl
    zandalar confessor's bindings (1.48706) : -0.147405 %, alt : +1.98127, from: zg
- . - ' - . - ' - . - ' - . - ' - . - ' - . -
legs, empowered leggings (4.97852), alt: 5.69659 -> :
- . - ' - . - ' - . - ' - . - ' - . - ' - . -
feet, boots of transcendence (2.24762), alt: 2.70221 (s: 0.13221) -> :
    boots of pure thought (2.05115) : -0.0531812 %, alt : +4.34263, from: bwl
    treads of the wandering nomand (1.61429) : -0.17143 %, alt : +2.70555, from: aq20
- . - ' - . - ' - . - ' - . - ' - . - ' - . -
finger, pure elementium band (2.30942), alt: 3.70926 -> :
- . - ' - . - ' - . - ' - . - ' - . - ' - . -
finger 2, fordring's seal (1.40756), alt: 2.5582 -> :
    pure elementium band (2.99176) : +0.430274 %, alt : +3.70926, from: bwl
    ring of the martyr (2.46634) : +0.287567 %, alt : +3.46463, from: aq40
    cauterizing band (2.5087) : +0.299072 %, alt : +3.23789, from: mc
    primalist's seal (2.54349) : +0.308521 %, alt : +3.21729, from: zg
    mindtear band (1.89679) : +0.132876 %, alt : +1.86817, from: taerar
- . - ' - . - ' - . - ' - . - ' - . - ' - . -
trinket, hazza'rah's charm of healing (11.7028), alt: 19.1966 -> :
    hazza'rah's charm of healing (11.7028) : +0 %, alt : +19.1966, from: zg
    darkmoon card: blue dragon (2.18045) : -2.57889 %, alt : +0.2155, from: 
- . - ' - . - ' - . - ' - . - ' - . - ' - . -
trinket 2, rejuvenating gem (2.85333), alt: 4.48712 -> :
    hazza'rah's charm of healing (0) : -0.772753 %, alt : +19.1966, from: zg
    darkmoon card: blue dragon (0.652985) : -0.595908 %, alt : +0.2155, from: 
- - - - - - - - - - - - - - - - - - - - - - - - - - - - - - - - - - - - - - - - - 
| Upgrades at best in slot level, from start item to candidate, partial bonuses: 0: |
  alt scores are from least squares fit, special score from e.g. set bonuses as s are part of em
. . . . . . . . . . . . . . . . . . . . . . . . . . . . . . . . . . . . . . . . . 
- . - ' - . - ' - . - ' - . - ' - . - ' - . -
head, zulian headdress (3.759), alt: 3.90115 -> :
    crystal adorned crown (4.89523) : +0.309405 %, alt : +6.39812, from: azuregos
    don rigoberto's lost hat (4.79385) : +0.281799 %, alt : +4.59251, from: aq40
    eternal crown of healing (3.37415) : -0.1048 %, alt : +4.33915, from: random green
    halo of transcendence (3.85849) : +0.0270912 %, alt : +3.55897, from: onyxia
    the hexxer's cover (3.96317) : +0.0555952 %, alt : +2.87904, from: zg
    dustwind turban (3.78259) : +0.00642378 %, alt : +2.73163, from: aq20
- . - ' - . - ' - . - ' - . - ' - . - ' - . -
neck, jin'do's evil eye (2.76807), alt: 3.10236 -> :
    amulet of the fallen god (3.01822) : +0.0679547 %, alt : +3.982, from: aq40
    amulet of the shifting sands (2.78506) : +0.00461764 %, alt : +3.127, from: aq20
    the all-seeing eye of zuldazar (1.84695) : -0.250223 %, alt : +1.32141, from: zg
- . - ' - . - ' - . - ' - . - ' - . - ' - . -
shoulders, zandalar confessor's mantle (2.47357), alt: 3.31415 -> :
    zandalar confessor's mantle (2.47357) : +0 %, alt : +3.31416, from: zg
- . - ' - . - ' - . - ' - . - ' - . - ' - . -
back, hide of the wild (1.78589), alt: 2.94684 -> :
    cloak of clarity (2.75967) : +0.264352 %, alt : +2.85372, from: aq40
    shroud of pure thought (1.883) : +0.0263615 %, alt : +2.35481, from: bwl
- . - ' - . - ' - . - ' - . - ' - . - ' - . -
chest, truefaith vestments (3.24805), alt: 4.95758 -> :
    robes of the guardian saint (4.13235) : +0.240062 %, alt : +4.97396, from: aq40
    robes of transcendence (3.38519) : +0.0372308 %, alt : +4.15919, from: bwl
- . - ' - . - ' - . - ' - . - ' - . - ' - . -
wrists, bindings of transcendence (1.21695), alt: 2.39304 -> :
    bracelets of royal redemption (1.48105) : +0.071746 %, alt : +3.70759, from: aq40
    zandalar confessor's wraps (0.317688) : -0.244296 %, alt : +1.75633, from: zg
- . - ' - . - ' - . - ' - . - ' - . - ' - . -
two-hand, benediction (11.905), alt: 8.14847 -> :
    scepter of the false prophet and lei of the lifegiver (17.3143) : +1.42249 %, alt : +16.4687, from: aq40, av rep
    scepter of the false prophet and sartura's might (17.3044) : +1.41989 %, alt : +16.3968, from: aq40, aq40
    scepter of the false prophet and brightly glowing stone (15.4418) : +0.930088 %, alt : +15.3798, from: aq40, pre-raid
    scepter of the false prophet and talon of furious concentration (14.966) : +0.804951 %, alt : +14.6914, from: aq40, aq20
    scepter of the false prophet and arlokk's hoodoo stick (14.5418) : +0.693401 %, alt : +14.6798, from: aq40, zg
    scepter of the false prophet and trance stone (14.9306) : +0.795658 %, alt : +14.6589, from: aq40, emeriss; lethon; taerar; ysondre
    scepter of the false prophet and royal scepter of vek'lor (14.8864) : +0.784014 %, alt : +14.6336, from: aq40, aq40
    scepter of the false prophet and thaurissan's royal scepter (15.2408) : +0.87721 %, alt : +14.429, from: aq40, pre-raid
    scepter of the false prophet and jin'do's bag of whammies (14.8183) : +0.766126 %, alt : +14.2008, from: aq40, zg
    scepter of the false prophet and fire runed grimoire (14.4704) : +0.674622 %, alt : +13.8255, from: aq40, mc
    blessed qiraji augur staff (10.105) : -0.473326 %, alt : +9.95415, from: aq40
    gavel of infinite wisdom and lei of the lifegiver (11.9873) : +0.02166 %, alt : +9.81411, from: aq20, av rep
    gavel of infinite wisdom and sartura's might (12.3896) : +0.127456 %, alt : +9.74219, from: aq20, aq40
    lok'amir il romathis and lei of the lifegiver (11.6884) : -0.0569388 %, alt : +9.48461, from: bwl, av rep
    lok'amir il romathis and sartura's might (12.5974) : +0.182092 %, alt : +9.41269, from: bwl, aq40
    gavel of infinite wisdom and brightly glowing stone (11.0505) : -0.224706 %, alt : +8.7252, from: aq20, pre-raid
    lok'amir il romathis and brightly glowing stone (11.4597) : -0.117096 %, alt : +8.3957, from: bwl, pre-raid
- . - ' - . - ' - . - ' - . - ' - . - ' - . -
ranged, dragon's touch (1.38794), alt: 0.525909 -> :
    lunar wand of healing (0.688141) : -0.189613 %, alt : +1.35599, from: random green
    wandof qiraji nobility (0.328339) : -0.287103 %, alt : +1.28819, from: aq40
    antenna of invigoration (0.500488) : -0.240458 %, alt : +0.925219, from: aq20
    bonecreeper stylus (-0.0523987) : -0.390265 %, alt : +0.785501, from: pre-raid
- . - ' - . - ' - . - ' - . - ' - . - ' - . -
hands, handguards of transcendence (1.89828), alt: 2.50336 -> :
    atal'ai hands of healing (1.63934) : -0.0702451 %, alt : +3.59336, from: sunken temple
    high councillor's gloves of healing (0.859009) : -0.281932 %, alt : +3.11877, from: random green
    dark storm gauntlets (1.57532) : -0.0876139 %, alt : +2.65748, from: aq40
    gloves of dark wisdom (2.40402) : +0.137195 %, alt : +2.57839, from: aq20
    gloves of the messiah (2.0329) : +0.0365175 %, alt : +1.94528, from: aq40
- . - ' - . - ' - . - ' - . - ' - . - ' - . -
waist, whipvine cord (2.7865), alt: 2.18942 -> :
    grasp of the old god (3.99316) : +0.328648 %, alt : +4.19839, from: aq40
    eyestalk waist cord (2.83133) : +0.01221 %, alt : +3.18614, from: aq40
    firemaw's clutch (3.10635) : +0.0871158 %, alt : +2.49897, from: bwl
    mana igniting cord (2.89456) : +0.029432 %, alt : +2.17085, from: mc
    belt of transcendence (2.91193) : +0.0341614 %, alt : +2.03585, from: bwl
    zandalar confessor's bindings (2.95392) : +0.0455985 %, alt : +1.98127, from: zg
- . - ' - . - ' - . - ' - . - ' - . - ' - . -
legs, empowered leggings (4.28342), alt: 5.69659 -> :
- . - ' - . - ' - . - ' - . - ' - . - ' - . -
feet, boots of transcendence (1.85043), alt: 2.57001 -> :
    boots of pure thought (2.93314) : +0.294786 %, alt : +4.34263, from: bwl
    treads of the wandering nomand (2.80865) : +0.260894 %, alt : +2.70555, from: aq20
    snowblind shoes (2.24979) : +0.108731 %, alt : +2.27572, from: azuregos
- . - ' - . - ' - . - ' - . - ' - . - ' - . -
finger, pure elementium band (1.48105), alt: 3.70926 -> :
- . - ' - . - ' - . - ' - . - ' - . - ' - . -
finger 2, fordring's seal (1.27652), alt: 2.5582 -> :
    pure elementium band (1.76236) : +0.131896 %, alt : +3.70926, from: bwl
    ring of the martyr (1.29144) : +0.00405131 %, alt : +3.46463, from: aq40
    cauterizing band (0.903412) : -0.101291 %, alt : +3.23789, from: mc
- . - ' - . - ' - . - ' - . - ' - . - ' - . -
trinket, hazza'rah's charm of healing (11.7378), alt: 19.1966 -> :
    hazza'rah's charm of healing (11.7378) : +0 %, alt : +19.1966, from: zg
    darkmoon card: blue dragon (1.83258) : -2.68896 %, alt : +0.2155, from: 
- . - ' - . - ' - . - ' - . - ' - . - ' - . -
trinket 2, rejuvenating gem (4.00092), alt: 4.48712 -> :
    hazza'rah's charm of healing (0) : -1.08612 %, alt : +19.1966, from: zg
    darkmoon card: blue dragon (0.619446) : -0.917962 %, alt : +0.2155, from: 
- - - - - - - - - - - - - - - - - - - - - - - - - - - - - - - - - - - - - - - - - 
| Upgrades at start level, from start item to candidate, partial bonuses: 1: |
  alt scores are from least squares fit, special score from e.g. set bonuses as s are part of em
. . . . . . . . . . . . . . . . . . . . . . . . . . . . . . . . . . . . . . . . . 
- . - ' - . - ' - . - ' - . - ' - . - ' - . -
head, zulian headdress (5.08505), alt: 3.90115 -> :
    crystal adorned crown (6.76227) : +0.472487 %, alt : +6.39812, from: azuregos
    don rigoberto's lost hat (6.54034) : +0.409969 %, alt : +4.59251, from: aq40
    eternal crown of healing (4.49127) : -0.167273 %, alt : +4.33915, from: random green
    halo of transcendence (5.04782) : -0.0104884 %, alt : +3.55897, from: onyxia
- . - ' - . - ' - . - ' - . - ' - . - ' - . -
neck, jin'do's evil eye (4.12552), alt: 3.10236 -> :
    amulet of the fallen god (5.42072) : +0.364869 %, alt : +3.982, from: aq40
    amulet of the shifting sands (4.24475) : +0.0335888 %, alt : +3.127, from: aq20
    the all-seeing eye of zuldazar (1.12814) : -0.844388 %, alt : +1.32141, from: zg
- . - ' - . - ' - . - ' - . - ' - . - ' - . -
shoulders, zandalar confessor's mantle (4.43796), alt: 3.31415 -> :
    zandalar confessor's mantle (4.43796) : +0 %, alt : +3.31416, from: zg
    pauldrons of transcendence (1.53256) : -0.818477 %, alt : +2.03257, from: bwl
- . - ' - . - ' - . - ' - . - ' - . - ' - . -
back, hide of the wild (4.47803), alt: 2.94684 -> :
    cloak of clarity (4.5806) : +0.0288948 %, alt : +2.85372, from: aq40
- . - ' - . - ' - . - ' - . - ' - . - ' - . -
chest, truefaith vestments (5.75034), alt: 4.95758 -> :
    robes of the guardian saint (6.14319) : +0.11067 %, alt : +4.97396, from: aq40
    robes of transcendence (3.83978) : -0.53822 %, alt : +4.15919, from: bwl
- . - ' - . - ' - . - ' - . - ' - . - ' - . -
wrists, bindings of transcendence (4.82861), alt: 2.52524 (s: 0.13221) -> :
    bracelets of royal redemption (4.58856) : -0.0676247 %, alt : +3.70759, from: aq40
    bindings of transcendence (4.82861) : +0 %, alt : +2.52524 (s: 0.13221), from: bwl
    zandalar confessor's wraps (2.9035) : -0.542321 %, alt : +1.75633, from: zg
- . - ' - . - ' - . - ' - . - ' - . - ' - . -
two-hand, benediction (9.59695), alt: 8.14847 -> :
    scepter of the false prophet and lei of the lifegiver (17.7811) : +2.30555 %, alt : +16.4687, from: aq40, av rep
    scepter of the false prophet and sartura's might (18.4284) : +2.48791 %, alt : +16.3968, from: aq40, aq40
    scepter of the false prophet and brightly glowing stone (15.9154) : +1.77997 %, alt : +15.3798, from: aq40, pre-raid
    scepter of the false prophet and talon of furious concentration (16.2869) : +1.88463 %, alt : +14.6914, from: aq40, aq20
    scepter of the false prophet and arlokk's hoodoo stick (15.5623) : +1.6805 %, alt : +14.6798, from: aq40, zg
    scepter of the false prophet and trance stone (15.9753) : +1.79684 %, alt : +14.6589, from: aq40, emeriss; lethon; taerar; ysondre
    scepter of the false prophet and royal scepter of vek'lor (15.7747) : +1.74032 %, alt : +14.6336, from: aq40, aq40
    scepter of the false prophet and thaurissan's royal scepter (15.7848) : +1.74316 %, alt : +14.429, from: aq40, pre-raid
    scepter of the false prophet and jin'do's bag of whammies (16.3221) : +1.89455 %, alt : +14.2008, from: aq40, zg
    scepter of the false prophet and fire runed grimoire (16.1003) : +1.83206 %, alt : +13.8255, from: aq40, mc
    blessed qiraji augur staff (11.3475) : +0.493154 %, alt : +9.95415, from: aq40
    gavel of infinite wisdom and lei of the lifegiver (10.3242) : +0.204886 %, alt : +9.81411, from: aq20, av rep
    gavel of infinite wisdom and sartura's might (10.8558) : +0.354621 %, alt : +9.74219, from: aq20, aq40
    lok'amir il romathis and lei of the lifegiver (9.9335) : +0.0948086 %, alt : +9.48461, from: bwl, av rep
    lok'amir il romathis and sartura's might (10.9123) : +0.370534 %, alt : +9.41269, from: bwl, aq40
    gavel of infinite wisdom and brightly glowing stone (9.49292) : -0.0293075 %, alt : +8.7252, from: aq20, pre-raid
    lok'amir il romathis and brightly glowing stone (9.61423) : +0.00486595 %, alt : +8.3957, from: bwl, pre-raid
- . - ' - . - ' - . - ' - . - ' - . - ' - . -
ranged, dragon's touch (1.01379), alt: 0.525909 -> :
    lunar wand of healing (1.77377) : +0.214093 %, alt : +1.35599, from: random green
    wandof qiraji nobility (1.66922) : +0.18464 %, alt : +1.28819, from: aq40
    antenna of invigoration (1.53967) : +0.148145 %, alt : +0.925219, from: aq20
    bonecreeper stylus (0.922699) : -0.0256623 %, alt : +0.785501, from: pre-raid
- . - ' - . - ' - . - ' - . - ' - . - ' - . -
hands, handguards of transcendence (4.91357), alt: 2.63556 (s: 0.13221) -> :
    atal'ai hands of healing (3.79938) : -0.313879 %, alt : +3.59336, from: sunken temple
    high councillor's gloves of healing (3.44083) : -0.414887 %, alt : +3.11877, from: random green
    dark storm gauntlets (3.25644) : -0.46683 %, alt : +2.65748, from: aq40
    handguards of transcendence (4.91357) : +0 %, alt : +2.63557 (s: 0.13221), from: bwl
    gloves of dark wisdom (3.9585) : -0.269054 %, alt : +2.57839, from: aq20
- . - ' - . - ' - . - ' - . - ' - . - ' - . -
waist, whipvine cord (3.34314), alt: 2.18942 -> :
    grasp of the old god (5.79343) : +0.690268 %, alt : +4.19839, from: aq40
    eyestalk waist cord (3.77698) : +0.122216 %, alt : +3.18614, from: aq40
    firemaw's clutch (3.48022) : +0.0386181 %, alt : +2.49897, from: bwl
    belt of transcendence (3.14679) : -0.0553136 %, alt : +2.03585, from: bwl
    zandalar confessor's bindings (2.9202) : -0.119147 %, alt : +1.98127, from: zg
- . - ' - . - ' - . - ' - . - ' - . - ' - . -
legs, empowered leggings (6.13113), alt: 5.69659 -> :
    leggings of transcendence (3.3129) : -0.793923 %, alt : +3.37176, from: mc
- . - ' - . - ' - . - ' - . - ' - . - ' - . -
feet, boots of transcendence (4.79907), alt: 2.70221 (s: 0.13221) -> :
    boots of pure thought (5.15237) : +0.0995284 %, alt : +4.34263, from: bwl
    treads of the wandering nomand (3.53125) : -0.357157 %, alt : +2.70555, from: aq20
    boots of transcendence (4.79907) : +0 %, alt : +2.70221 (s: 0.13221), from: bwl
- . - ' - . - ' - . - ' - . - ' - . - ' - . -
finger, pure elementium band (4.51047), alt: 3.70926 -> :
- . - ' - . - ' - . - ' - . - ' - . - ' - . -
finger 2, fordring's seal (3.39191), alt: 2.5582 -> :
    pure elementium band (4.3233) : +0.262383 %, alt : +3.70926, from: bwl
    ring of the martyr (4.65585) : +0.356065 %, alt : +3.46463, from: aq40
    cauterizing band (4.15637) : +0.215357 %, alt : +3.23789, from: mc
    primalist's seal (4.21921) : +0.233058 %, alt : +3.21729, from: zg
- . - ' - . - ' - . - ' - . - ' - . - ' - . -
trinket, hazza'rah's charm of healing (14.2137), alt: 19.1966 -> :
    hazza'rah's charm of healing (14.2137) : +0 %, alt : +19.1966, from: zg
    darkmoon card: blue dragon (0.947998) : -3.73708 %, alt : +0.2155, from: 
- . - ' - . - ' - . - ' - . - ' - . - ' - . -
trinket 2, rejuvenating gem (5.3588), alt: 4.48712 -> :
    hazza'rah's charm of healing (0) : -1.50962 %, alt : +19.1966, from: zg
    darkmoon card: blue dragon (0.711975) : -1.30905 %, alt : +0.2155, from: 
- - - - - - - - - - - - - - - - - - - - - - - - - - - - - - - - - - - - - - - - - 
| Upgrades at start level, from start item to candidate, partial bonuses: 0: |
  alt scores are from least squares fit, special score from e.g. set bonuses as s are part of em
. . . . . . . . . . . . . . . . . . . . . . . . . . . . . . . . . . . . . . . . . 
- . - ' - . - ' - . - ' - . - ' - . - ' - . -
head, zulian headdress (4.74734), alt: 3.90115 -> :
    crystal adorned crown (7.10519) : +0.665999 %, alt : +6.39812, from: azuregos
    don rigoberto's lost hat (5.99817) : +0.353308 %, alt : +4.59251, from: aq40
    eternal crown of healing (4.37613) : -0.104854 %, alt : +4.33915, from: random green
    halo of transcendence (3.56293) : -0.334551 %, alt : +3.55897, from: onyxia
- . - ' - . - ' - . - ' - . - ' - . - ' - . -
neck, jin'do's evil eye (3.64102), alt: 3.10236 -> :
    amulet of the fallen god (5.04727) : +0.39721 %, alt : +3.982, from: aq40
    amulet of the shifting sands (3.6684) : +0.00773215 %, alt : +3.127, from: aq20
    the all-seeing eye of zuldazar (1.19507) : -0.690885 %, alt : +1.32141, from: zg
- . - ' - . - ' - . - ' - . - ' - . - ' - . -
shoulders, zandalar confessor's mantle (4.28339), alt: 3.31415 -> :
    zandalar confessor's mantle (4.28339) : +0 %, alt : +3.31416, from: zg
    pauldrons of transcendence (2.5097) : -0.500995 %, alt : +2.03257, from: bwl
- . - ' - . - ' - . - ' - . - ' - . - ' - . -
back, hide of the wild (3.87158), alt: 2.94684 -> :
- . - ' - . - ' - . - ' - . - ' - . - ' - . -
chest, truefaith vestments (4.82501), alt: 4.95758 -> :
    robes of the guardian saint (3.83035) : -0.280952 %, alt : +4.97396, from: aq40
    robes of transcendence (3.39771) : -0.403158 %, alt : +4.15919, from: bwl
- . - ' - . - ' - . - ' - . - ' - . - ' - . -
wrists, bindings of transcendence (6.9657), alt: 2.78964 (s: 0.396631) -> :
    bracelets of royal redemption (4.79108) : -0.614244 %, alt : +3.70759, from: aq40
    bindings of transcendence (6.9657) : +0 %, alt : +2.78966 (s: 0.396631), from: bwl
    zandalar confessor's wraps (1.33566) : -1.59026 %, alt : +1.75633, from: zg
- . - ' - . - ' - . - ' - . - ' - . - ' - . -
two-hand, benediction (9.98035), alt: 8.14847 -> :
    scepter of the false prophet and lei of the lifegiver (17.9932) : +2.26332 %, alt : +16.4687, from: aq40, av rep
    scepter of the false prophet and sartura's might (18.8534) : +2.50628 %, alt : +16.3968, from: aq40, aq40
    scepter of the false prophet and brightly glowing stone (16.7499) : +1.91213 %, alt : +15.3798, from: aq40, pre-raid
    scepter of the false prophet and talon of furious concentration (17.2062) : +2.04103 %, alt : +14.6914, from: aq40, aq20
    scepter of the false prophet and arlokk's hoodoo stick (16.5607) : +1.85868 %, alt : +14.6798, from: aq40, zg
    scepter of the false prophet and trance stone (16.8991) : +1.95428 %, alt : +14.6589, from: aq40, emeriss; lethon; taerar; ysondre
    scepter of the false prophet and royal scepter of vek'lor (16.6964) : +1.897 %, alt : +14.6336, from: aq40, aq40
    scepter of the false prophet and thaurissan's royal scepter (16.6606) : +1.88689 %, alt : +14.429, from: aq40, pre-raid
    scepter of the false prophet and jin'do's bag of whammies (16.919) : +1.9599 %, alt : +14.2008, from: aq40, zg
    scepter of the false prophet and fire runed grimoire (16.4832) : +1.83679 %, alt : +13.8255, from: aq40, mc
    blessed qiraji augur staff (12.1713) : +0.618865 %, alt : +9.95415, from: aq40
    gavel of infinite wisdom and lei of the lifegiver (10.9582) : +0.276211 %, alt : +9.81411, from: aq20, av rep
    gavel of infinite wisdom and sartura's might (11.3796) : +0.395227 %, alt : +9.74219, from: aq20, aq40
    lok'amir il romathis and lei of the lifegiver (10.8254) : +0.238705 %, alt : +9.48461, from: bwl, av rep
    lok'amir il romathis and sartura's might (11.8814) : +0.536966 %, alt : +9.41269, from: bwl, aq40
    gavel of infinite wisdom and brightly glowing stone (9.67499) : -0.0862518 %, alt : +8.7252, from: aq20, pre-raid
    lok'amir il romathis and brightly glowing stone (9.82977) : -0.0425311 %, alt : +8.3957, from: bwl, pre-raid
    gavel of infinite wisdom and trance stone (10.0024) : +0.00623226 %, alt : +8.00432, from: aq20, emeriss; lethon; taerar; ysondre
- . - ' - . - ' - . - ' - . - ' - . - ' - . -
ranged, dragon's touch (2.31046), alt: 0.525909 -> :
    lunar wand of healing (2.85715) : +0.154419 %, alt : +1.35599, from: random green
    wandof qiraji nobility (2.88589) : +0.162539 %, alt : +1.28819, from: aq40
    antenna of invigoration (2.31335) : +0.0008189 %, alt : +0.925219, from: aq20
    bonecreeper stylus (2.46201) : +0.0428069 %, alt : +0.785501, from: pre-raid
- . - ' - . - ' - . - ' - . - ' - . - ' - . -
hands, handguards of transcendence (7.07861), alt: 2.89999 (s: 0.396631) -> :
    atal'ai hands of healing (4.59323) : -0.702022 %, alt : +3.59336, from: sunken temple
    high councillor's gloves of healing (3.39294) : -1.04106 %, alt : +3.11877, from: random green
    handguards of transcendence (7.07861) : +0 %, alt : +2.89999 (s: 0.396631), from: bwl
    dark storm gauntlets (3.08731) : -1.12738 %, alt : +2.65748, from: aq40
    gloves of dark wisdom (3.66208) : -0.965035 %, alt : +2.57839, from: aq20
- . - ' - . - ' - . - ' - . - ' - . - ' - . -
waist, whipvine cord (3.54245), alt: 2.18942 -> :
    grasp of the old god (6.23804) : +0.761396 %, alt : +4.19839, from: aq40
    eyestalk waist cord (3.88586) : +0.0970009 %, alt : +3.18614, from: aq40
    firemaw's clutch (3.80573) : +0.0743648 %, alt : +2.49897, from: bwl
    belt of transcendence (2.3848) : -0.326991 %, alt : +2.03585, from: bwl
    zandalar confessor's bindings (2.15817) : -0.391003 %, alt : +1.98127, from: zg
- . - ' - . - ' - . - ' - . - ' - . - ' - . -
legs, empowered leggings (6.53812), alt: 5.69659 -> :
    leggings of transcendence (4.11111) : -0.685532 %, alt : +3.37176, from: mc
- . - ' - . - ' - . - ' - . - ' - . - ' - . -
feet, boots of transcendence (7.23871), alt: 2.96661 (s: 0.396631) -> :
    boots of pure thought (5.57565) : -0.469747 %, alt : +4.34263, from: bwl
    boots of transcendence (7.23871) : +0 %, alt : +2.96663 (s: 0.396631), from: bwl
    treads of the wandering nomand (3.18863) : -1.14399 %, alt : +2.70555, from: aq20
- . - ' - . - ' - . - ' - . - ' - . - ' - . -
finger, pure elementium band (4.01944), alt: 3.70926 -> :
- . - ' - . - ' - . - ' - . - ' - . - ' - . -
finger 2, fordring's seal (3.10608), alt: 2.5582 -> :
    pure elementium band (4.1553) : +0.296364 %, alt : +3.70926, from: bwl
    ring of the martyr (4.53442) : +0.403451 %, alt : +3.46463, from: aq40
    cauterizing band (3.8898) : +0.22137 %, alt : +3.23789, from: mc
- . - ' - . - ' - . - ' - . - ' - . - ' - . -
trinket, hazza'rah's charm of healing (13.5418), alt: 19.1966 -> :
    hazza'rah's charm of healing (13.5418) : +0 %, alt : +19.1966, from: zg
    darkmoon card: blue dragon (0.955658) : -3.55509 %, alt : +0.2155, from: 
- . - ' - . - ' - . - ' - . - ' - . - ' - . -
trinket 2, rejuvenating gem (5.11835), alt: 4.48712 -> :
    hazza'rah's charm of healing (0) : -1.44573 %, alt : +19.1966, from: zg
    darkmoon card: blue dragon (0.718323) : -1.24283 %, alt : +0.2155, from: 
------------------
Best value: 368.367
