Your call: ./css 4 ../items/phase5.csv ../items/not_for_priests.txt no-locks dread_aq40_speed_phase5 -a ../confs/wcl_bwl_speed_log.csv -l dread_aq40_speed.txt 
Found: -a, val: ../confs/wcl_bwl_speed_log.csv
./css 4 ../items/phase5.csv ../items/not_for_priests.txt no-locks dread_aq40_speed_phase5 -l dread_aq40_speed.txt 
Found key: buff_fraction, saw val: 1
Found key: healing_from_crit_fraction, saw val: 0.2
Found key: transc8_exists, saw val: 0
Found key: enchantments, saw val: 1
Found key: fort, saw val: 1
Found key: motw, saw val: 1
Found key: spirit, saw val: 1
Found key: ai, saw val: 1
Found key: flask, saw val: 1
Found key: holy_disc, saw val: 0
Found key: min_combat_length, saw val: 2
Found key: max_log_entry_diff_in_combat, saw val: 10
Found key: precast, saw val: 1
Found key: swap_cast, saw val: 1
Found key: time_step, saw val: 0.1
Found key: reaction_time, saw val: 0.1
Found key: skip_player, saw val: Paisti
Found key: use_deficit_time_sum, saw val: 0
Found key: wcl_log, saw val: 1
Found: -l, val: dread_aq40_speed.txt
./css 4 ../items/phase5.csv ../items/not_for_priests.txt no-locks dread_aq40_speed_phase5 
Will read log from: dread_aq40_speed.txt
./css 4 ../items/phase5.csv ../items/not_for_priests.txt no-locks dread_aq40_speed_phase5 
./css 4 ../items/phase5.csv ../items/not_for_priests.txt no-locks dread_aq40_speed_phase5 
Shuffle seed: 2416673600
Reading banned from: ../items/not_for_priests.txt
Banning: neltharion's tear
Banning: lok'amir il romathis
Banning: choker of the fire lord
Reading WCL parsed log: dread_aq40_speed.txt
Saw 40214 lines of log, with 40214 log lines
Sorting by timestamp...
Sorted.
Pruning log from: 40214 entries.
Combat from 0 to 9.338 s
Combat from 40.86 to 86.603 s
Combat from 103.579 to 108.07 s
Combat from 125.432 to 170.82 s
Combat from 196.742 to 206.407 s
Combat from 259.414 to 324.662 s
Combat from 377.69 to 388.695 s
Combat from 434.385 to 468.398 s
Combat from 497.928 to 525.71 s
Combat from 574.07 to 602.349 s
Combat from 623.384 to 646.432 s
Combat from 686.895 to 722.929 s
Combat from 821.346 to 911.268 s
Combat from 992.658 to 1150.87 s
Combat from 1170.47 to 1197.22 s
Combat from 1230.81 to 1247.78 s
Combat from 1259.6 to 1275.78 s
Combat from 1333.39 to 1378.65 s
Combat from 1389.55 to 1407.37 s
Combat from 1456.78 to 1478.6 s
Combat from 1485.82 to 1496.41 s
Combat from 1534.08 to 1561.44 s
Combat from 1602.73 to 1631.67 s
Combat from 1647.48 to 1677.82 s
Combat from 1702.95 to 1726.91 s
Combat from 1797.31 to 1829.32 s
Combat from 1868.14 to 1882.74 s
Combat from 1907.02 to 1944.22 s
Combat from 2069.01 to 2073.45 s
Combat from 2092.5 to 2568.55 s
Combat from 2743.35 to 2797.88 s
Combat from 2811.26 to 2886.61 s
Combat from 2929.93 to 2980.86 s
Combat from 3089.11 to 3189.21 s
Combat from 3254.7 to 3322.77 s
Combat from 3377.03 to 3400.85 s
Combat from 3420.78 to 3470.79 s
Combat from 3510.6 to 3550.21 s
Combat from 3555.54 to 3590.78 s
Combat from 3648.21 to 3718.62 s
Combat from 3768.8 to 3798.79 s
Combat from 3840.84 to 3927.21 s
Combat from 3960.29 to 3998.15 s
Combat from 3999.19 to 4004.86 s
Combat from 4298.32 to 4408.56 s
Combat from 4416.55 to 4437.33 s
Combat from 4444.97 to 4464.55 s
Combat from 4475.33 to 4502.84 s
Combat from 4505.27 to 4527.9 s
Combat from 4535.21 to 4559.16 s
Combat from 4584.9 to 4599.51 s
Combat from 4995.46 to 5115.84 s
Combat from 5118.65 to 5198.43 s
Combat from 5498.83 to 5584.32 s
Combat from 5890.23 to 5923.02 s
Combat from 5925.32 to 5936.79 s
Combat from 5937.98 to 6013.65 s
Combat from 6027.2 to 6042.7 s
Combat from 6044.27 to 6077.64 s
Combat from 6086.67 to 6096.11 s
Combat from 6102.74 to 6109.65 s
Combat from 6442.12 to 6567.14 s
Combat from 6687.47 to 6726.81 s
Combat from 6744.19 to 6778.12 s
Combat from 6863.97 to 6969.57 s
Pruned to: 38821 entries.
----------------------------------------------------------
---- Baseline results without simulated player input: ----
----------------------------------------------------------
oh_limit: 0.9
time_left_mul: 0.5
total_deficit_to_pop_trinkets: 10000
in combat total: 3160.7
Total time casting: 0, which is: 0% of time in combat.
Total hps: 0, raw hps: 0, oh: -nan
Deficit time sum: 1.46869e+11, baseline: 0
Deficit*time change / s: -4.64672e+07 hp
Number of combats: 64
Average mana at start of combat: 0
Average mana at end of combat: 0
Other players with hps > 100:
  Crazy : 186.28 hps
  Cressida : 154.721 hps
  Cyba : 197.374 hps
  Futfranz : 182.729 hps
  Kyevice : 160.877 hps
  Nekre : 112.61 hps
  Phk : 194.874 hps
  Suweeny : 153.712 hps
  Wayward : 194.21 hps
  Whatsupdawgx : 183.067 hps
Skip player from: Paisti to: Cyba
Reading WCL parsed log: dread_aq40_speed.txt
Saw 40214 lines of log, with 40214 log lines
Sorting by timestamp...
Sorted.
Pruning log from: 40214 entries.
Combat from 0 to 9.338 s
Combat from 40.86 to 86.603 s
Combat from 103.579 to 108.07 s
Combat from 125.432 to 170.82 s
Combat from 196.742 to 206.407 s
Combat from 259.414 to 324.662 s
Combat from 377.69 to 388.695 s
Combat from 434.385 to 468.398 s
Combat from 497.928 to 525.71 s
Combat from 574.07 to 602.349 s
Combat from 623.384 to 646.432 s
Combat from 686.895 to 722.929 s
Combat from 821.346 to 911.268 s
Combat from 992.658 to 1150.87 s
Combat from 1170.47 to 1197.22 s
Combat from 1230.81 to 1247.78 s
Combat from 1259.6 to 1275.78 s
Combat from 1333.39 to 1378.65 s
Combat from 1389.55 to 1407.37 s
Combat from 1456.78 to 1478.6 s
Combat from 1485.82 to 1496.41 s
Combat from 1534.08 to 1561.44 s
Combat from 1602.73 to 1631.67 s
Combat from 1647.48 to 1677.82 s
Combat from 1702.95 to 1726.91 s
Combat from 1797.31 to 1829.32 s
Combat from 1868.14 to 1882.74 s
Combat from 1907.02 to 1944.22 s
Combat from 2069.01 to 2073.45 s
Combat from 2092.5 to 2568.55 s
Combat from 2743.35 to 2797.88 s
Combat from 2811.26 to 2886.61 s
Combat from 2929.93 to 2980.86 s
Combat from 3089.11 to 3189.21 s
Combat from 3254.7 to 3322.77 s
Combat from 3377.03 to 3400.85 s
Combat from 3420.78 to 3470.79 s
Combat from 3510.6 to 3550.21 s
Combat from 3555.54 to 3590.78 s
Combat from 3648.21 to 3718.62 s
Combat from 3768.8 to 3798.79 s
Combat from 3840.84 to 3927.21 s
Combat from 3960.29 to 3998.15 s
Combat from 3999.19 to 4004.86 s
Combat from 4298.32 to 4408.56 s
Combat from 4416.55 to 4437.33 s
Combat from 4444.97 to 4464.55 s
Combat from 4475.33 to 4502.84 s
Combat from 4505.27 to 4527.9 s
Combat from 4535.21 to 4559.16 s
Combat from 4584.9 to 4599.51 s
Combat from 4995.46 to 5115.84 s
Combat from 5118.65 to 5198.43 s
Combat from 5498.83 to 5584.32 s
Combat from 5890.23 to 5923.02 s
Combat from 5925.32 to 5936.79 s
Combat from 5937.98 to 6013.65 s
Combat from 6027.2 to 6042.7 s
Combat from 6044.27 to 6077.64 s
Combat from 6086.67 to 6096.11 s
Combat from 6102.74 to 6109.65 s
Combat from 6442.12 to 6567.14 s
Combat from 6687.47 to 6726.81 s
Combat from 6744.19 to 6778.12 s
Combat from 6863.97 to 6969.57 s
Pruned to: 37773 entries.
Skipped player entries: 1068
Baseline results again due to changed skipped player
oh_limit: 0.9
time_left_mul: 0.5
total_deficit_to_pop_trinkets: 10000
in combat total: 3160.7
Total time casting: 0, which is: 0% of time in combat.
Total hps: 0, raw hps: 0, oh: -nan
Deficit time sum: 1.85066e+11, baseline: 0
Deficit*time change / s: -5.85523e+07 hp
Number of combats: 64
Average mana at start of combat: 0
Average mana at end of combat: 0
Other players with hps > 100:
  Crazy : 198.015 hps
  Cressida : 170.372 hps
  Futfranz : 205.045 hps
  Kyevice : 168.271 hps
  Nekre : 122.345 hps
  Phk : 207.14 hps
  Suweeny : 165.251 hps
  Wayward : 211.606 hps
  Whatsupdawgx : 198.091 hps
Reading tmp locked from: start_with.txt
Locking: anastari heirloom
Locking: anathema
Locking: animated chain necklace
Locking: argent crusader
Locking: atal'ai gloves of the owl
Locking: ban'thok sash
Locking: banshee finger
Locking: benediction
Locking: blood of the martyr
Locking: briarwood reed
Locking: burial shawl
Locking: clutch of andros
Locking: crimson felt hat
Locking: cyclopean band
Locking: devout belt
Locking: devout bracers
Locking: devout crown
Locking: devout mantle
Locking: devout robe
Locking: devout sandals
Locking: devout skirt
Locking: dragon finger of healing
Locking: dragon finger of intellect
Locking: dragonrider boots
Locking: dragonslayer's signet
Locking: drakefire amulet
Locking: dreadmist mantle
Locking: dreamweave circlet
Locking: dreamweave gloves
Locking: dreamweave vest
Locking: elder magus pendant
Locking: eye of the beast
Locking: fordring's seal
Locking: girdle of prophecy
Locking: gloves of prophecy
Locking: grimgore noose
Locking: halo of transcendence
Locking: heart of the fiend
Locking: hide of the wild
Locking: kentic amice
Locking: leggings of transcendence
Locking: magister's robes
Locking: maleki's footwraps
Locking: mindtap talisman
Locking: nature's breath
Locking: necropile boots
Locking: necropile cuffs
Locking: necropile leggings
Locking: necropile mantle
Locking: necropile robe
Locking: noxious shooter
Locking: omnicast boots
Locking: orb of the forgotten seer
Locking: padre's trousers
Locking: pants of prophecy
Locking: penelope's rose
Locking: quel'dorai channeling rod
Locking: raincaster drape
Locking: rainstrider leggings
Locking: ring of demonic guile
Locking: ring of demonic guile
Locking: robes of prophecy
Locking: robes of the exalted
Locking: robes of the royal crown
Locking: rod of corrosion
Locking: rosewine circle
Locking: royal seal of eldre'thalas
Locking: royal tribunal cloak
Locking: sarah's guide
Locking: seal of rivendare
Locking: seal of rivendare
Locking: shadowy laced handwraps
Locking: silkweb gloves
Locking: soulstealer mantle
Locking: spellbound tome
Locking: spritecaster cape
Locking: star of mystaria
Locking: starfire tiara
Locking: stormrager
Locking: sublime wristguards
Locking: the hammer of grace
Locking: the postmaster's treads
Locking: thuzadin sash
Locking: triune amulet
Locking: vinerot sandals
Locking: whipvine cord
Locking: wolfshear leggings
Locking: boots of the full moon
Locking: mantle of prophecy
Locking: dragon's touch
Locking: bindings of transcendence
Locking: shimmering geta
Locking: empowered leggings
Locking: seal of the archmagus
Locking: circlet of prophecy
Locking: boots of prophecy
Locking: pauldrons of transcendence
Locking: primalist's seal
Locking: zandalar confessor's bindings
Locking: zulian headdress
Locking: mar'li's eye
Locking: shroud of pure thought
Locking: belt of transcendence
Locking: jin'do's evil eye
Locking: primalist's band
Locking: zandalarian hero charm
Locking: zandalar confessor's mantle
Locking: zandalar confessor's wraps 
Locking: pure elementium band
Locking: truefaith vestments
Locking: vambraces of prophecy
Locking: hazza'rah's charm of healing
Locking: handguards of transcendence
Locking: boots of transcendence
Locking: darkmoon card: blue dragon
Locking: rejuvenating gem
Optimizing start items...

*** NEW BEST (1): 189.93

*** NEW BEST (1): 193.914

*** NEW BEST (1): 200.004

*** NEW BEST (1): 215.331

*** NEW BEST (1): 220.654

*** NEW BEST (1): 225.797

*** NEW BEST (1): 229.228

*** NEW BEST (1): 230.766

*** NEW BEST (1): 234.208

*** NEW BEST (1): 236.59

*** NEW BEST (1): 237.361

*** NEW BEST (1): 242.801

*** NEW BEST (1): 247.267

*** NEW BEST (1): 252.403

*** NEW BEST (1): 258.742

*** NEW BEST (1): 260.816
**
*** NEW BEST (1): 261.421

*** NEW BEST (1): 261.81
****
*** NEW BEST (1): 264.184

*** NEW BEST (1): 264.363

*** NEW BEST (1): 264.901
*****
*** NEW BEST (0): 217.934
Based on last: 3000 entries, out of total: 3264 entries, (823 dropped), The least-squares solution is:
Int: 6.58138
Spirit: 4.5736
Sp / Healing: 100
Mp5: 0
Crit: 428.938
T1 3p/piece: 121.879
T2 3p/piece: 0
Hazza'rah's: 28825.5
Darkmoon: 423.583
100 points == 1 sp == 0.0590038 hps.
neck : animated chain necklace -> jin'do's evil eye => val: 217.934 -> 219.246

*** NEW BEST (0): 219.246
Based on last: 3000 entries, out of total: 3269 entries, (862 dropped), The least-squares solution is:
Int: 6.56086
Spirit: 4.49729
Sp / Healing: 100
Mp5: 0
Crit: 430.146
T1 3p/piece: 119.884
T2 3p/piece: 0
Hazza'rah's: 28798.6
Darkmoon: 423.228
100 points == 1 sp == 0.0590532 hps.
trinket : eye of the beast -> hazza'rah's charm of healing => val: 219.246 -> 236.422

*** NEW BEST (0): 236.422
Based on last: 3000 entries, out of total: 3275 entries, (872 dropped), The least-squares solution is:
Int: 6.30426
Spirit: 4.57727
Sp / Healing: 100
Mp5: 0
Crit: 434.117
T1 3p/piece: 113.948
T2 3p/piece: 0
Hazza'rah's: 28685.5
Darkmoon: 422.958
100 points == 1 sp == 0.0590909 hps.
chest : dreamweave vest -> truefaith vestments => val: 236.422 -> 243.168

*** NEW BEST (0): 243.168
Based on last: 3000 entries, out of total: 3275 entries, (892 dropped), The least-squares solution is:
Int: 6.30426
Spirit: 4.57727
Sp / Healing: 100
Mp5: 0
Crit: 434.117
T1 3p/piece: 113.948
T2 3p/piece: 0
Hazza'rah's: 28685.5
Darkmoon: 422.958
100 points == 1 sp == 0.0590909 hps.
finger : blood of the martyr -> pure elementium band => val: 243.168 -> 246.818

*** NEW BEST (0): 246.818
Based on last: 3000 entries, out of total: 3287 entries, (930 dropped), The least-squares solution is:
Int: 6.11918
Spirit: 4.48082
Sp / Healing: 100
Mp5: 0
Crit: 436.701
T1 3p/piece: 113.898
T2 3p/piece: 0
Hazza'rah's: 28643.1
Darkmoon: 422.386
100 points == 1 sp == 0.059171 hps.
hands : dreamweave gloves -> handguards of transcendence => val: 246.818 -> 249.609

*** NEW BEST (0): 249.609
Based on last: 3000 entries, out of total: 3288 entries, (951 dropped), The least-squares solution is:
Int: 6.11791
Spirit: 4.43613
Sp / Healing: 100
Mp5: 0
Crit: 436.882
T1 3p/piece: 114.402
T2 3p/piece: 0
Hazza'rah's: 28642.4
Darkmoon: 422.376
100 points == 1 sp == 0.0591723 hps.
wrists : devout bracers -> bindings of transcendence => val: 249.609 -> 251.088

*** NEW BEST (0): 251.088
Based on last: 3000 entries, out of total: 3297 entries, (980 dropped), The least-squares solution is:
Int: 6.12072
Spirit: 4.42301
Sp / Healing: 100
Mp5: 0
Crit: 436.621
T1 3p/piece: 114.6
T2 3p/piece: 0
Hazza'rah's: 28637.3
Darkmoon: 422.297
100 points == 1 sp == 0.0591834 hps.
finger 2 : primalist's seal -> fordring's seal => val: 250.952 -> 251.963

*** NEW BEST (0): 251.963
Based on last: 3000 entries, out of total: 3308 entries, (1016 dropped), The least-squares solution is:
Int: 6.00897
Spirit: 4.45293
Sp / Healing: 100
Mp5: 0
Crit: 435.202
T1 3p/piece: 125.392
T2 3p/piece: 0
Hazza'rah's: 28629.6
Darkmoon: 422.2
100 points == 1 sp == 0.059197 hps.
trinket 2 : briarwood reed -> rejuvenating gem => val: 251.963 -> 253.563

*** NEW BEST (0): 253.563
Based on last: 3000 entries, out of total: 3314 entries, (1026 dropped), The least-squares solution is:
Int: 5.76844
Spirit: 4.75293
Sp / Healing: 100
Mp5: 0
Crit: 436.5
T1 3p/piece: 121.517
T2 3p/piece: 0
Hazza'rah's: 28643.3
Darkmoon: 422.394
100 points == 1 sp == 0.0591699 hps.
feet : boots of the full moon -> boots of transcendence => val: 253.563 -> 254.869

*** NEW BEST (0): 254.869
Based on last: 3000 entries, out of total: 3322 entries, (1038 dropped), The least-squares solution is:
Int: 5.50878
Spirit: 4.46981
Sp / Healing: 100
Mp5: 0
Crit: 434.266
T1 3p/piece: 131.591
T2 3p/piece: 0
Hazza'rah's: 28611.7
Darkmoon: 421.988
100 points == 1 sp == 0.0592268 hps.
waist : ban'thok sash -> whipvine cord => val: 254.869 -> 255.579

*** NEW BEST (0): 255.579
Based on last: 3000 entries, out of total: 3334 entries, (1070 dropped), The least-squares solution is:
Int: 5.4468
Spirit: 4.25422
Sp / Healing: 100
Mp5: 0
Crit: 434.056
T1 3p/piece: 133.365
T2 3p/piece: 0
Hazza'rah's: 28621.1
Darkmoon: 421.501
100 points == 1 sp == 0.0592951 hps.
*two-hand :   the hammer of grace orb of the forgotten seer -> benediction    => val: 255.579 -> 259.147

*** NEW BEST (0): 259.147
Based on last: 3000 entries, out of total: 3395 entries, (1200 dropped), The least-squares solution is:
Int: 4.19354
Spirit: 4.16686
Sp / Healing: 100
Mp5: 0
Crit: 416.07
T1 3p/piece: 170.394
T2 3p/piece: 0
Hazza'rah's: 28694.9
Darkmoon: 420.002
100 points == 1 sp == 0.0595068 hps.
********
Read starting items and cleared locks.
 ----------------------------
 --- head --- 
name: zulian headdress
slot: head
intelligence: 15
stamina: 13
spirit: 14
sp_healing: 55
armor: 78
 ----------------------------
 --- neck --- 
name: jin'do's evil eye
slot: neck
intelligence: 11
stamina: 5
spirit: 6
sp_healing: 44
 ----------------------------
 --- shoulders --- 
name: zandalar confessor's mantle
slot: shoulders
intelligence: 24
stamina: 11
spirit: 15
sp_healing: 22
armor: 78
 ----------------------------
 --- back --- 
name: hide of the wild
slot: back
intelligence: 10
stamina: 8
sp_healing: 42
armor: 48
 ----------------------------
 --- chest --- 
name: truefaith vestments
slot: chest
stamina: 14
sp_healing: 73
mp5: 6
armor: 96
 ----------------------------
 --- wrists --- 
name: bindings of transcendence
slot: wrists
intelligence: 13
stamina: 9
spirit: 16
sp_healing: 33
armor: 51
 ----------------------------
 --- two-hand --- 
name: benediction
slot: two-hand
intelligence: 31
stamina: 10
spirit: 12
sp_healing: 106
spell_crit: 2
shadow_res: 20
 ----------------------------
 ---  --- 
name: 
slot: 
 ----------------------------
 ---  --- 
name: 
slot: 
 ----------------------------
 ---  --- 
name: 
slot: 
 ----------------------------
 --- ranged --- 
name: dragon's touch
slot: ranged
intelligence: 12
stamina: 7
sp: 6
 ----------------------------
 --- hands --- 
name: handguards of transcendence
slot: hands
intelligence: 20
stamina: 12
spirit: 13
sp_healing: 29
spell_crit: 1
armor: 72
 ----------------------------
 --- waist --- 
name: whipvine cord
slot: waist
intelligence: 8
sp_healing: 31
mp5: 6
armor: 47
 ----------------------------
 --- legs --- 
name: empowered leggings
slot: legs
intelligence: 12
stamina: 12
spirit: 24
sp_healing: 77
spell_crit: 1
armor: 103
 ----------------------------
 --- feet --- 
name: boots of transcendence
slot: feet
intelligence: 17
stamina: 17
spirit: 17
sp_healing: 35
fire_res: 10
armor: 80
 ----------------------------
 --- finger --- 
name: pure elementium band
slot: finger
intelligence: 10
stamina: 9
spirit: 10
sp_healing: 53
 ----------------------------
 --- finger --- 
name: fordring's seal
slot: finger
intelligence: 5
stamina: 4
sp_healing: 37
 ----------------------------
 --- trinket --- 
name: hazza'rah's charm of healing
slot: trinket
 ----------------------------
 --- trinket --- 
name: rejuvenating gem
slot: trinket
sp_healing: 66
mp5: 9
 ----------------------------
 --- Set bonuses ---
name: confessor's 2 hazza'rah's 1 transcendence 3 
slot: Set bonuses
sp: 23
 --- And counts for start items ---
oh_limit: 0.9
time_left_mul: 0.5
total_deficit_to_pop_trinkets: 10000
in combat total: 3160.7
Flash Heal 1, casts: 124, avg: 357.193, 5.40748%, cast time 5.88477% of in combat, overheal: 0.437109
Flash Heal 2, casts: 26, avg: 620.269, 1.9689%, cast time 1.2339% of in combat, overheal: 0.140539
Flash Heal 3, casts: 18, avg: 676.435, 1.48651%, cast time 0.854241% of in combat, overheal: 0.156477
Flash Heal 4, casts: 29, avg: 786.426, 2.78437%, cast time 1.37628% of in combat, overheal: 0.113836
Flash Heal 5, casts: 34, avg: 914.676, 3.79679%, cast time 1.61357% of in combat, overheal: 0.108599
Flash Heal 6, casts: 24, avg: 1062.1, 3.11206%, cast time 1.13899% of in combat, overheal: 0.0951613
Flash Heal 7, casts: 399, avg: 1268.52, 61.7932%, cast time 18.9357% of in combat, overheal: 0.0699979
Greater Heal 1 hazz, casts: 30, avg: 1503.91, 5.50827%, cast time 1.42374% of in combat, overheal: 0.184773
Greater Heal 2 hazz, casts: 10, avg: 1842.21, 2.2491%, cast time 0.474578% of in combat, overheal: 0.133628
Greater Heal 3 hazz, casts: 11, avg: 1632.9, 2.19292%, cast time 0.522036% of in combat, overheal: 0.333989
Greater Heal 4 hazz, casts: 31, avg: 2563.06, 9.70043%, cast time 1.47119% of in combat, overheal: 0.0953375
Total time casting: 1104, which is: 34.929% of time in combat.
Total hps: 259.147, raw hps: 296.238, oh: 0.125206
Deficit time sum: 1.03605e+11, baseline: 1.85066e+11
Deficit*time change / s: 2.57731e+07 hp
Number of combats: 64
Average mana at start of combat: 10568.9
Average mana at end of combat: 9632.68
Other players with hps > 100:
  Crazy : 182.037 hps
  Cressida : 154.48 hps
  Futfranz : 180.568 hps
  Kyevice : 156.152 hps
  Nekre : 110.651 hps
  Phk : 181.766 hps
  Suweeny : 150.493 hps
  Wayward : 185.569 hps
  Whatsupdawgx : 177.889 hps
Reading locked from: no-locks
Setting tag name to: dread_aq40_speed_phase5
.
*** NEW BEST (1): 304.815

*** NEW BEST (1): 308.863

*** NEW BEST (1): 312.896

*** NEW BEST (1): 315.467

*** NEW BEST (1): 315.964
Temporary bans and partial set bonuses off.
.
*** NEW BEST (0): 314.818
chest : robes of the guardian saint -> truefaith vestments => val: 314.818 -> 314.846

*** NEW BEST (0): 314.846
back : cloak of clarity -> hide of the wild => val: 314.322 -> 315.293

*** NEW BEST (0): 315.293
legs : leggings of transcendence -> empowered leggings => val: 315.293 -> 317.399

*** NEW BEST (0): 317.399
***** INTERMEDIATE RESULTS *****
Iteration: 2
 ----------------------------
 --- head --- 
name: crystal adorned crown
slot: head
intelligence: 14
spirit: 13
sp_healing: 92
armor: 85
 ----------------------------
 --- neck --- 
name: amulet of the fallen god
slot: neck
intelligence: 11
sp_healing: 57
mp5: 6
 ----------------------------
 --- shoulders --- 
name: zandalar confessor's mantle
slot: shoulders
intelligence: 24
stamina: 11
spirit: 15
sp_healing: 22
armor: 78
 ----------------------------
 --- back --- 
name: hide of the wild
slot: back
intelligence: 10
stamina: 8
sp_healing: 42
armor: 48
 ----------------------------
 --- chest --- 
name: truefaith vestments
slot: chest
stamina: 14
sp_healing: 73
mp5: 6
armor: 96
 ----------------------------
 --- wrists --- 
name: bracelets of royal redemption
slot: wrists
intelligence: 10
stamina: 8
spirit: 9
sp_healing: 53
armor: 54
 ----------------------------
 ---  --- 
name: 
slot: 
 ----------------------------
 --- main hand --- 
name: scepter of the false prophet
slot: main hand
intelligence: 19
stamina: 10
sp_healing: 187
mp5: 3
 ----------------------------
 ---  --- 
name: 
slot: 
 ----------------------------
 --- off hand --- 
name: lei of the lifegiver
slot: off hand
sp_healing: 53
mp5: 3
 ----------------------------
 --- ranged --- 
name: lunar wand of healing
slot: ranged
sp_healing: 20
 ----------------------------
 --- hands --- 
name: atal'ai hands of healing
slot: hands
sp: 9
sp_healing: 44
armor: 47
 ----------------------------
 --- waist --- 
name: grasp of the old god
slot: waist
intelligence: 19
stamina: 15
sp_healing: 59
mp5: 7
armor: 75
 ----------------------------
 --- legs --- 
name: empowered leggings
slot: legs
intelligence: 12
stamina: 12
spirit: 24
sp_healing: 77
spell_crit: 1
armor: 103
 ----------------------------
 --- feet --- 
name: boots of pure thought
slot: feet
intelligence: 12
stamina: 8
spirit: 12
sp_healing: 62
armor: 74
 ----------------------------
 --- finger --- 
name: pure elementium band
slot: finger
intelligence: 10
stamina: 9
spirit: 10
sp_healing: 53
 ----------------------------
 --- finger --- 
name: ring of the martyr
slot: finger
stamina: 10
sp_healing: 51
mp5: 5
 ----------------------------
 --- trinket --- 
name: hazza'rah's charm of healing
slot: trinket
 ----------------------------
 --- trinket --- 
name: rejuvenating gem
slot: trinket
sp_healing: 66
mp5: 9
 ----------------------------
 --- Set bonuses ---
name: confessor's 2 hazza'rah's 1 
slot: Set bonuses
sp: 23
------------------
Best value: 317.399
------------------
Char stats: 
Effective hp: 8408
Effective mana (100 s, 33 % out of fsr): 15780.9
Raw max mana: 9750.27
Int: 373.98
Stam: 380.88
Spirit: 388.93
Strength: 79.58
Agility: 84.18
All stats multiplier (taken into account above): 1.15
Bonus mana: 2000
Bonus hp: 0
Mp5: 189
Sp: 32
Sp shadow: 0
Sp healing: 1171
Spell crit: 19
Spell hit: 0
Arcane res: 27
Nature res: 27
Fire res: 27
Frost res: 27
Shadow res: 27
Armor: 2858.75
Defense: 300
Dodge: 0
Parry: 0
HpsPvp: 1055.72
ShadowDps: 223.541
Value pvp healing: 1920.27
Value pvp shadow: 86.0948
Effective hp-pvp: 10448.8
Effecctive mana for 100 s, 0.33 fsr: 17398.9
------------------
Best counts:
oh_limit: 0.8
time_left_mul: 2.9
total_deficit_to_pop_trinkets: 7350.92
in combat total: 3160.7
Flash Heal 1, casts: 45, avg: 537.485, 2.40301%, cast time 2.1356% of in combat, overheal: 0.302535
Flash Heal 2, casts: 5, avg: 857.131, 0.425789%, cast time 0.237289% of in combat, overheal: 0
Flash Heal 3, casts: 4, avg: 936.78, 0.372284%, cast time 0.189831% of in combat, overheal: 0
Flash Heal 4, casts: 8, avg: 742.065, 0.589805%, cast time 0.379663% of in combat, overheal: 0.273699
Flash Heal 5, casts: 2, avg: 822.187, 0.163372%, cast time 0.0949157% of in combat, overheal: 0.290835
Flash Heal 6, casts: 3, avg: 1206.34, 0.359558%, cast time 0.142374% of in combat, overheal: 0.0763168
Flash Heal 7, casts: 77, avg: 1373.05, 10.504%, cast time 3.65425% of in combat, overheal: 0.0814761
Greater Heal 1, casts: 22, avg: 1902.65, 4.1587%, cast time 1.74012% of in combat, overheal: 0.0987671
Greater Heal 1 hazz, casts: 41, avg: 1584.53, 6.4545%, cast time 1.94577% of in combat, overheal: 0.249449
Greater Heal 2 hazz, casts: 15, avg: 1799.88, 2.68233%, cast time 0.711868% of in combat, overheal: 0.247133
Greater Heal 3 hazz, casts: 9, avg: 1907.35, 1.70549%, cast time 0.427121% of in combat, overheal: 0.297163
Greater Heal 4, casts: 103, avg: 2646.31, 27.0804%, cast time 8.14693% of in combat, overheal: 0.144269
Greater Heal 4 hazz, casts: 26, avg: 2846.54, 7.35305%, cast time 1.2339% of in combat, overheal: 0.07952
Heal 2, casts: 204, avg: 1077.67, 21.8421%, cast time 16.1357% of in combat, overheal: 0.322202
Heal 4, casts: 75, avg: 1866.18, 13.9057%, cast time 5.93223% of in combat, overheal: 0.17285
Total time casting: 1362.5, which is: 43.1075% of time in combat.
Total hps: 318.449, raw hps: 398.014, oh: 0.199905
Deficit time sum: 9.28912e+10, baseline: 1.85066e+11
Deficit*time change / s: 2.91629e+07 hp
Number of combats: 64
Average mana at start of combat: 9667.8
Average mana at end of combat: 8752.75
Other players with hps > 100:
  Crazy : 178.671 hps
  Cressida : 148.015 hps
  Futfranz : 173.785 hps
  Kyevice : 152.615 hps
  Nekre : 106.984 hps
  Phk : 179.025 hps
  Suweeny : 143.123 hps
  Wayward : 183.551 hps
  Whatsupdawgx : 172.643 hps
------------------
Upgrades: 
( following sorted by alt scores, no specials )
benediction, , , (6.91) -> , scepter of the false prophet, , lei of the lifegiver(14.329) : 7.41904 = +2.38531%
zulian headdress(3.34503) -> crystal adorned crown(5.54181) : 2.19678 = +0.694628%
whipvine cord(1.86469) -> grasp of the old god(3.55832) : 1.69363 = +0.534682%
boots of transcendence(2.16733) -> boots of pure thought(3.74911) : 1.58179 = +0.499196%
bindings of transcendence(2.03583) -> bracelets of royal redemption(3.20114) : 1.16531 = +0.367278%
handguards of transcendence(2.05542) -> atal'ai hands of healing(3.15387) : 1.09845 = +0.346131%
fordring's seal(2.21423) -> ring of the martyr(3.03485) : 0.820618 = +0.258358%
dragon's touch(0.386993) -> lunar wand of healing(1.19012) : 0.803131 = +0.252839%
jin'do's evil eye(2.66061) -> amulet of the fallen god(3.41934) : 0.758728 = +0.238826%
zandalar confessor's mantle(2.7749) -> zandalar confessor's mantle(2.7749) : 0 = +0%
hide of the wild(2.52423) -> hide of the wild(2.52423) : 0 = +0%
truefaith vestments(4.34399) -> truefaith vestments(4.34399) : 0 = +0%
empowered leggings(4.91907) -> empowered leggings(4.91907) : 0 = +0%
pure elementium band(3.20361) -> pure elementium band(3.20361) : 0 = +0%
hazza'rah's charm of healing(18.4441) -> hazza'rah's charm of healing(18.4441) : 0 = +0%
rejuvenating gem(3.92746) -> rejuvenating gem(3.92746) : 0 = +0%
------------------
~~~~ end of intermediate results ~~~~
Temporary bans and partial set bonuses on.
.
*** NEW BEST (1): 318.687
.Temporary bans and partial set bonuses off.
.
*** NEW BEST (0): 318.449
***** INTERMEDIATE RESULTS *****
Iteration: 5
 ----------------------------
 --- head --- 
name: crystal adorned crown
slot: head
intelligence: 14
spirit: 13
sp_healing: 92
armor: 85
 ----------------------------
 --- neck --- 
name: amulet of the fallen god
slot: neck
intelligence: 11
sp_healing: 57
mp5: 6
 ----------------------------
 --- shoulders --- 
name: zandalar confessor's mantle
slot: shoulders
intelligence: 24
stamina: 11
spirit: 15
sp_healing: 22
armor: 78
 ----------------------------
 --- back --- 
name: hide of the wild
slot: back
intelligence: 10
stamina: 8
sp_healing: 42
armor: 48
 ----------------------------
 --- chest --- 
name: truefaith vestments
slot: chest
stamina: 14
sp_healing: 73
mp5: 6
armor: 96
 ----------------------------
 --- wrists --- 
name: bracelets of royal redemption
slot: wrists
intelligence: 10
stamina: 8
spirit: 9
sp_healing: 53
armor: 54
 ----------------------------
 ---  --- 
name: 
slot: 
 ----------------------------
 --- main hand --- 
name: scepter of the false prophet
slot: main hand
intelligence: 19
stamina: 10
sp_healing: 187
mp5: 3
 ----------------------------
 ---  --- 
name: 
slot: 
 ----------------------------
 --- off hand --- 
name: lei of the lifegiver
slot: off hand
sp_healing: 53
mp5: 3
 ----------------------------
 --- ranged --- 
name: lunar wand of healing
slot: ranged
sp_healing: 20
 ----------------------------
 --- hands --- 
name: atal'ai hands of healing
slot: hands
sp: 9
sp_healing: 44
armor: 47
 ----------------------------
 --- waist --- 
name: grasp of the old god
slot: waist
intelligence: 19
stamina: 15
sp_healing: 59
mp5: 7
armor: 75
 ----------------------------
 --- legs --- 
name: empowered leggings
slot: legs
intelligence: 12
stamina: 12
spirit: 24
sp_healing: 77
spell_crit: 1
armor: 103
 ----------------------------
 --- feet --- 
name: boots of pure thought
slot: feet
intelligence: 12
stamina: 8
spirit: 12
sp_healing: 62
armor: 74
 ----------------------------
 --- finger --- 
name: pure elementium band
slot: finger
intelligence: 10
stamina: 9
spirit: 10
sp_healing: 53
 ----------------------------
 --- finger --- 
name: ring of the martyr
slot: finger
stamina: 10
sp_healing: 51
mp5: 5
 ----------------------------
 --- trinket --- 
name: hazza'rah's charm of healing
slot: trinket
 ----------------------------
 --- trinket --- 
name: rejuvenating gem
slot: trinket
sp_healing: 66
mp5: 9
 ----------------------------
 --- Set bonuses ---
name: confessor's 2 hazza'rah's 1 
slot: Set bonuses
sp: 23
------------------
Best value: 318.449
------------------
Char stats: 
Effective hp: 8408
Effective mana (100 s, 33 % out of fsr): 15780.9
Raw max mana: 9750.27
Int: 373.98
Stam: 380.88
Spirit: 388.93
Strength: 79.58
Agility: 84.18
All stats multiplier (taken into account above): 1.15
Bonus mana: 2000
Bonus hp: 0
Mp5: 189
Sp: 32
Sp shadow: 0
Sp healing: 1171
Spell crit: 19
Spell hit: 0
Arcane res: 27
Nature res: 27
Fire res: 27
Frost res: 27
Shadow res: 27
Armor: 2858.75
Defense: 300
Dodge: 0
Parry: 0
HpsPvp: 1055.72
ShadowDps: 223.541
Value pvp healing: 1920.27
Value pvp shadow: 86.0948
Effective hp-pvp: 10448.8
Effecctive mana for 100 s, 0.33 fsr: 17398.9
------------------
Best counts:
oh_limit: 0.8
time_left_mul: 2.9
total_deficit_to_pop_trinkets: 7350.92
in combat total: 3160.7
Flash Heal 1, casts: 45, avg: 537.485, 2.40301%, cast time 2.1356% of in combat, overheal: 0.302535
Flash Heal 2, casts: 5, avg: 857.131, 0.425789%, cast time 0.237289% of in combat, overheal: 0
Flash Heal 3, casts: 4, avg: 936.78, 0.372284%, cast time 0.189831% of in combat, overheal: 0
Flash Heal 4, casts: 8, avg: 742.065, 0.589805%, cast time 0.379663% of in combat, overheal: 0.273699
Flash Heal 5, casts: 2, avg: 822.187, 0.163372%, cast time 0.0949157% of in combat, overheal: 0.290835
Flash Heal 6, casts: 3, avg: 1206.34, 0.359558%, cast time 0.142374% of in combat, overheal: 0.0763168
Flash Heal 7, casts: 77, avg: 1373.05, 10.504%, cast time 3.65425% of in combat, overheal: 0.0814761
Greater Heal 1, casts: 22, avg: 1902.65, 4.1587%, cast time 1.74012% of in combat, overheal: 0.0987671
Greater Heal 1 hazz, casts: 41, avg: 1584.53, 6.4545%, cast time 1.94577% of in combat, overheal: 0.249449
Greater Heal 2 hazz, casts: 15, avg: 1799.88, 2.68233%, cast time 0.711868% of in combat, overheal: 0.247133
Greater Heal 3 hazz, casts: 9, avg: 1907.35, 1.70549%, cast time 0.427121% of in combat, overheal: 0.297163
Greater Heal 4, casts: 103, avg: 2646.31, 27.0804%, cast time 8.14693% of in combat, overheal: 0.144269
Greater Heal 4 hazz, casts: 26, avg: 2846.54, 7.35305%, cast time 1.2339% of in combat, overheal: 0.07952
Heal 2, casts: 204, avg: 1077.67, 21.8421%, cast time 16.1357% of in combat, overheal: 0.322202
Heal 4, casts: 75, avg: 1866.18, 13.9057%, cast time 5.93223% of in combat, overheal: 0.17285
Total time casting: 1362.5, which is: 43.1075% of time in combat.
Total hps: 318.449, raw hps: 398.014, oh: 0.199905
Deficit time sum: 9.28912e+10, baseline: 1.85066e+11
Deficit*time change / s: 2.91629e+07 hp
Number of combats: 64
Average mana at start of combat: 9667.8
Average mana at end of combat: 8752.75
Other players with hps > 100:
  Crazy : 178.671 hps
  Cressida : 148.015 hps
  Futfranz : 173.785 hps
  Kyevice : 152.615 hps
  Nekre : 106.984 hps
  Phk : 179.025 hps
  Suweeny : 143.123 hps
  Wayward : 183.551 hps
  Whatsupdawgx : 172.643 hps
------------------
Upgrades: 
( following sorted by alt scores, no specials )
benediction, , , (6.91) -> , scepter of the false prophet, , lei of the lifegiver(14.329) : 7.41904 = +2.38531%
zulian headdress(3.34503) -> crystal adorned crown(5.54181) : 2.19678 = +0.694628%
whipvine cord(1.86469) -> grasp of the old god(3.55832) : 1.69363 = +0.534682%
boots of transcendence(2.16733) -> boots of pure thought(3.74911) : 1.58179 = +0.499196%
bindings of transcendence(2.03583) -> bracelets of royal redemption(3.20114) : 1.16531 = +0.367278%
handguards of transcendence(2.05542) -> atal'ai hands of healing(3.15387) : 1.09845 = +0.346131%
fordring's seal(2.21423) -> ring of the martyr(3.03485) : 0.820618 = +0.258358%
dragon's touch(0.386993) -> lunar wand of healing(1.19012) : 0.803131 = +0.252839%
jin'do's evil eye(2.66061) -> amulet of the fallen god(3.41934) : 0.758728 = +0.238826%
zandalar confessor's mantle(2.7749) -> zandalar confessor's mantle(2.7749) : 0 = +0%
hide of the wild(2.52423) -> hide of the wild(2.52423) : 0 = +0%
truefaith vestments(4.34399) -> truefaith vestments(4.34399) : 0 = +0%
empowered leggings(4.91907) -> empowered leggings(4.91907) : 0 = +0%
pure elementium band(3.20361) -> pure elementium band(3.20361) : 0 = +0%
hazza'rah's charm of healing(18.4441) -> hazza'rah's charm of healing(18.4441) : 0 = +0%
rejuvenating gem(3.92746) -> rejuvenating gem(3.92746) : 0 = +0%
------------------
~~~~ end of intermediate results ~~~~
Same items for intermediate results again, ending optimization. 
 ----------------------------
 --- head --- 
name: crystal adorned crown
slot: head
intelligence: 14
spirit: 13
sp_healing: 92
armor: 85
 ----------------------------
 --- neck --- 
name: amulet of the fallen god
slot: neck
intelligence: 11
sp_healing: 57
mp5: 6
 ----------------------------
 --- shoulders --- 
name: zandalar confessor's mantle
slot: shoulders
intelligence: 24
stamina: 11
spirit: 15
sp_healing: 22
armor: 78
 ----------------------------
 --- back --- 
name: hide of the wild
slot: back
intelligence: 10
stamina: 8
sp_healing: 42
armor: 48
 ----------------------------
 --- chest --- 
name: truefaith vestments
slot: chest
stamina: 14
sp_healing: 73
mp5: 6
armor: 96
 ----------------------------
 --- wrists --- 
name: bracelets of royal redemption
slot: wrists
intelligence: 10
stamina: 8
spirit: 9
sp_healing: 53
armor: 54
 ----------------------------
 ---  --- 
name: 
slot: 
 ----------------------------
 --- main hand --- 
name: scepter of the false prophet
slot: main hand
intelligence: 19
stamina: 10
sp_healing: 187
mp5: 3
 ----------------------------
 ---  --- 
name: 
slot: 
 ----------------------------
 --- off hand --- 
name: lei of the lifegiver
slot: off hand
sp_healing: 53
mp5: 3
 ----------------------------
 --- ranged --- 
name: lunar wand of healing
slot: ranged
sp_healing: 20
 ----------------------------
 --- hands --- 
name: atal'ai hands of healing
slot: hands
sp: 9
sp_healing: 44
armor: 47
 ----------------------------
 --- waist --- 
name: grasp of the old god
slot: waist
intelligence: 19
stamina: 15
sp_healing: 59
mp5: 7
armor: 75
 ----------------------------
 --- legs --- 
name: empowered leggings
slot: legs
intelligence: 12
stamina: 12
spirit: 24
sp_healing: 77
spell_crit: 1
armor: 103
 ----------------------------
 --- feet --- 
name: boots of pure thought
slot: feet
intelligence: 12
stamina: 8
spirit: 12
sp_healing: 62
armor: 74
 ----------------------------
 --- finger --- 
name: pure elementium band
slot: finger
intelligence: 10
stamina: 9
spirit: 10
sp_healing: 53
 ----------------------------
 --- finger --- 
name: ring of the martyr
slot: finger
stamina: 10
sp_healing: 51
mp5: 5
 ----------------------------
 --- trinket --- 
name: hazza'rah's charm of healing
slot: trinket
 ----------------------------
 --- trinket --- 
name: rejuvenating gem
slot: trinket
sp_healing: 66
mp5: 9
 ----------------------------
 --- Set bonuses ---
name: confessor's 2 hazza'rah's 1 
slot: Set bonuses
sp: 23
------------------
Char stats: 
Effective hp: 8408
Effective mana (100 s, 33 % out of fsr): 15780.9
Raw max mana: 9750.27
Int: 373.98
Stam: 380.88
Spirit: 388.93
Strength: 79.58
Agility: 84.18
All stats multiplier (taken into account above): 1.15
Bonus mana: 2000
Bonus hp: 0
Mp5: 189
Sp: 32
Sp shadow: 0
Sp healing: 1171
Spell crit: 19
Spell hit: 0
Arcane res: 27
Nature res: 27
Fire res: 27
Frost res: 27
Shadow res: 27
Armor: 2858.75
Defense: 300
Dodge: 0
Parry: 0
HpsPvp: 1055.72
ShadowDps: 223.541
Value pvp healing: 1920.27
Value pvp shadow: 86.0948
Effective hp-pvp: 10448.8
Effecctive mana for 100 s, 0.33 fsr: 17398.9
------------------
Best counts:
oh_limit: 0.8
time_left_mul: 2.9
total_deficit_to_pop_trinkets: 7350.92
in combat total: 3160.7
Flash Heal 1, casts: 45, avg: 537.485, 2.40301%, cast time 2.1356% of in combat, overheal: 0.302535
Flash Heal 2, casts: 5, avg: 857.131, 0.425789%, cast time 0.237289% of in combat, overheal: 0
Flash Heal 3, casts: 4, avg: 936.78, 0.372284%, cast time 0.189831% of in combat, overheal: 0
Flash Heal 4, casts: 8, avg: 742.065, 0.589805%, cast time 0.379663% of in combat, overheal: 0.273699
Flash Heal 5, casts: 2, avg: 822.187, 0.163372%, cast time 0.0949157% of in combat, overheal: 0.290835
Flash Heal 6, casts: 3, avg: 1206.34, 0.359558%, cast time 0.142374% of in combat, overheal: 0.0763168
Flash Heal 7, casts: 77, avg: 1373.05, 10.504%, cast time 3.65425% of in combat, overheal: 0.0814761
Greater Heal 1, casts: 22, avg: 1902.65, 4.1587%, cast time 1.74012% of in combat, overheal: 0.0987671
Greater Heal 1 hazz, casts: 41, avg: 1584.53, 6.4545%, cast time 1.94577% of in combat, overheal: 0.249449
Greater Heal 2 hazz, casts: 15, avg: 1799.88, 2.68233%, cast time 0.711868% of in combat, overheal: 0.247133
Greater Heal 3 hazz, casts: 9, avg: 1907.35, 1.70549%, cast time 0.427121% of in combat, overheal: 0.297163
Greater Heal 4, casts: 103, avg: 2646.31, 27.0804%, cast time 8.14693% of in combat, overheal: 0.144269
Greater Heal 4 hazz, casts: 26, avg: 2846.54, 7.35305%, cast time 1.2339% of in combat, overheal: 0.07952
Heal 2, casts: 204, avg: 1077.67, 21.8421%, cast time 16.1357% of in combat, overheal: 0.322202
Heal 4, casts: 75, avg: 1866.18, 13.9057%, cast time 5.93223% of in combat, overheal: 0.17285
Total time casting: 1362.5, which is: 43.1075% of time in combat.
Total hps: 318.449, raw hps: 398.014, oh: 0.199905
Deficit time sum: 9.28912e+10, baseline: 1.85066e+11
Deficit*time change / s: 2.91629e+07 hp
Number of combats: 64
Average mana at start of combat: 9667.8
Average mana at end of combat: 8752.75
Other players with hps > 100:
  Crazy : 178.671 hps
  Cressida : 148.015 hps
  Futfranz : 173.785 hps
  Kyevice : 152.615 hps
  Nekre : 106.984 hps
  Phk : 179.025 hps
  Suweeny : 143.123 hps
  Wayward : 183.551 hps
  Whatsupdawgx : 172.643 hps
------------------
Based on last: 3000 entries, out of total: 4776 entries, (4174 dropped), The least-squares solution is:
Int: 1.39558
Spirit: 0
Sp / Healing: 100
Mp5: 10.4575
Crit: 425.35
T1 3p/piece: 49.8175
T2 3p/piece: 0
Hazza'rah's: 26999.9
Darkmoon: 455.32
100 points == 1 sp == 0.0598596 hps.
Appended tag:
( Pawn: v1: "dread_aq40_speed_phase5": Intellect=1.39558, Spirit=0, Healing=100, Mp5=10.4575, SpellCritRating=425.35, IsFist=X, Is2HMace=X, IsCrossbow=X, IsGun=X, IsShield=X, IsPolearm=X, Is2HAxe=X, IsBow=X, IsMail=X, IsPlate=X, IsLeather=X, IsAxe=X, Is2HAxe=X, IsSword=X, Is2HSword=X)
To file: dread_aq40_speed_phase5.pawn_tag.txt
------------------
Diffs to start: 
Upgrades: 
( following sorted by alt scores, no specials )
benediction, , , (6.88025) -> , scepter of the false prophet, , lei of the lifegiver(14.4197) : 7.53949 = +2.42498%
zulian headdress(3.30481) -> crystal adorned crown(5.51877) : 2.21396 = +0.700099%
whipvine cord(1.8999) -> grasp of the old god(3.5914) : 1.6915 = +0.534004%
boots of transcendence(2.10928) -> boots of pure thought(3.72131) : 1.61203 = +0.508789%
bindings of transcendence(1.98624) -> bracelets of royal redemption(3.18091) : 1.19467 = +0.376566%
handguards of transcendence(2.00726) -> atal'ai hands of healing(3.17255) : 1.16528 = +0.367269%
fordring's seal(2.21899) -> ring of the martyr(3.08414) : 0.865143 = +0.272414%
dragon's touch(0.369171) -> lunar wand of healing(1.1972) : 0.828033 = +0.260699%
jin'do's evil eye(2.64301) -> amulet of the fallen god(3.45874) : 0.815735 = +0.256817%
zandalar confessor's mantle(2.71375) -> zandalar confessor's mantle(2.71375) : 0 = +0%
hide of the wild(2.52246) -> hide of the wild(2.52246) : 0 = +0%
truefaith vestments(4.40732) -> truefaith vestments(4.40732) : 0 = +0%
empowered leggings(4.87381) -> empowered leggings(4.87381) : 0 = +0%
pure elementium band(3.18091) -> pure elementium band(3.18091) : 0 = +0%
hazza'rah's charm of healing(17.5388) -> hazza'rah's charm of healing(17.5388) : 0 = +0%
rejuvenating gem(4.00708) -> rejuvenating gem(4.00708) : 0 = +0%
- - - - - - - - - - - - - - - - - - - - - - - - - - - - - - - - - - - - - - - - - 
| Upgrades at best in slot level, from start item to candidate, partial bonuses: 1: |
  alt scores are from least squares fit, special score from e.g. set bonuses as s are part of em
. . . . . . . . . . . . . . . . . . . . . . . . . . . . . . . . . . . . . . . . . 
- . - ' - . - ' - . - ' - . - ' - . - ' - . -
head, zulian headdress (1.90613), alt: 3.30481 -> :
    crystal adorned crown (3.65271) : +0.55225 %, alt : +5.51878, from: azuregos
    don rigoberto's lost hat (1.64575) : -0.082328 %, alt : +3.91992, from: aq40
    eternal crown of healing (2.16617) : +0.0822219 %, alt : +3.83101, from: random green
    green lens of healing (1.98242) : +0.0241233 %, alt : +3.23242, from: pre-raid
- . - ' - . - ' - . - ' - . - ' - . - ' - . -
neck, jin'do's evil eye (3.65302), alt: 2.64301 -> :
    amulet of the fallen god (2.9783) : -0.211716 %, alt : +3.45874, from: aq40
    amulet of the shifting sands (3.65356) : +0.000172368 %, alt : +2.7911, from: aq20
    the all-seeing eye of zuldazar (1.00162) : -0.831974 %, alt : +1.08416, from: zg
- . - ' - . - ' - . - ' - . - ' - . - ' - . -
shoulders, zandalar confessor's mantle (2.22974), alt: 2.71375 -> :
    zandalar confessor's mantle (2.22974) : +0 %, alt : +2.71373, from: zg
    mantle of the blackwing cabal (2.65915) : +0.13503 %, alt : +2.04859, from: bwl
- . - ' - . - ' - . - ' - . - ' - . - ' - . -
back, hide of the wild (2.27505), alt: 2.52246 -> :
    cloak of clarity (2.39847) : +0.0388076 %, alt : +2.45449, from: aq40
    shroud of pure thought (2.72131) : +0.140327 %, alt : +2.02211, from: bwl
    archivist cape of healing (2.50684) : +0.0728841 %, alt : +2.00041, from: pre-raid
    hakkari loa cloak (2.41043) : +0.0425693 %, alt : +1.98038, from: zg
    drape of benediction (2.47034) : +0.0614069 %, alt : +1.86651, from: azuregos
    cloak of the devoured (2.6745) : +0.125606 %, alt : +1.80414, from: aq40
    cloak of the brood lord (2.9635) : +0.216484 %, alt : +1.68776, from: bwl
    cloak of the cosmos (2.79947) : +0.164903 %, alt : +1.56554, from: pre-raid
    shroud of infinite wisdom (2.6861) : +0.129253 %, alt : +1.44833, from: aq20
    cloak of consumption (2.37808) : +0.0323972 %, alt : +1.38512, from: zg
    cloak of the hakkari worshipers (2.35336) : +0.0246242 %, alt : +1.38178, from: zg
    cloak of the savior (2.31195) : +0.011602 %, alt : +1.3261, from: aq20
- . - ' - . - ' - . - ' - . - ' - . - ' - . -
chest, truefaith vestments (2.95151), alt: 4.40732 -> :
    robes of the exalted (3.44016) : +0.153656 %, alt : +4.07463, from: pre-raid
- . - ' - . - ' - . - ' - . - ' - . - ' - . -
wrists, bindings of transcendence (2.04404), alt: 1.98624 -> :
    bracelets of royal redemption (2.5441) : +0.157493 %, alt : +3.18091, from: aq40
    flameweave cuffs of healing (2.5213) : +0.150313 %, alt : +1.97537, from: brd
    zandalar confessor's wraps (1.05777) : -0.310623 %, alt : +1.44582, from: zg
- . - ' - . - ' - . - ' - . - ' - . - ' - . -
two-hand, benediction (1.31631), alt: 6.88025 -> :
    scepter of the false prophet and lei of the lifegiver (6.21841) : +1.53512 %, alt : +14.4197, from: aq40, av rep
    scepter of the false prophet and sartura's might (6.12546) : +1.50601 %, alt : +14.3238, from: aq40, aq40
    scepter of the false prophet and brightly glowing stone (7.28723) : +1.86983 %, alt : +13.4432, from: aq40, pre-raid
    scepter of the false prophet and arlokk's hoodoo stick (7.4855) : +1.93192 %, alt : +12.7999, from: aq40, zg
    scepter of the false prophet and talon of furious concentration (6.87216) : +1.73985 %, alt : +12.7467, from: aq40, aq20
    scepter of the false prophet and trance stone (6.50955) : +1.6263 %, alt : +12.7316, from: aq40, emeriss; lethon; taerar; ysondre
    scepter of the false prophet and royal scepter of vek'lor (6.81262) : +1.7212 %, alt : +12.6877, from: aq40, aq40
    scepter of the false prophet and thaurissan's royal scepter (6.34479) : +1.5747 %, alt : +12.5495, from: aq40, pre-raid
    scepter of the false prophet and jin'do's bag of whammies (6.1507) : +1.51392 %, alt : +12.3151, from: aq40, zg
    scepter of the false prophet and orb of the forgotten seer (6.30515) : +1.56228 %, alt : +11.9467, from: aq40, pre-raid
    blessed qiraji augur staff (0.208771) : -0.346834 %, alt : +8.67387, from: aq40
    gavel of infinite wisdom and lei of the lifegiver (2.16599) : +0.26608 %, alt : +8.61293, from: aq20, av rep
    gavel of infinite wisdom and sartura's might (2.06818) : +0.23545 %, alt : +8.517, from: aq20, aq40
    lok'amir il romathis and lei of the lifegiver (2.93634) : +0.507321 %, alt : +8.23458, from: bwl, av rep
    lok'amir il romathis and sartura's might (2.82175) : +0.471436 %, alt : +8.13865, from: bwl, aq40
    gavel of infinite wisdom and brightly glowing stone (3.16443) : +0.578749 %, alt : +7.63639, from: aq20, pre-raid
    lok'amir il romathis and brightly glowing stone (2.45554) : +0.356754 %, alt : +7.25805, from: bwl, pre-raid
    gavel of infinite wisdom and arlokk's hoodoo stick (1.8389) : +0.16365 %, alt : +6.99311, from: aq20, zg
    gavel of infinite wisdom and talon of furious concentration (1.22159) : -0.0296642 %, alt : +6.93994, from: aq20, aq20
    gavel of infinite wisdom and trance stone (1.13104) : -0.0580192 %, alt : +6.92476, from: aq20, emeriss; lethon; taerar; ysondre
    gavel of infinite wisdom and royal scepter of vek'lor (1.16196) : -0.0483382 %, alt : +6.88091, from: aq20, aq40
    jin'do's hexxer and brightly glowing stone (1.31876) : +0.000764542 %, alt : +5.52977, from: zg, pre-raid
    fang of the mystics and arlokk's hoodoo stick (1.71121) : +0.123665 %, alt : +4.25391, from: azuregos, zg
    wushoolay's poker and brightly glowing stone (1.9595) : +0.201419 %, alt : +4.10801, from: zg, pre-raid
    the hammer of grace and brightly glowing stone (2.41794) : +0.34498 %, alt : +4.07045, from: pre-raid, pre-raid
    witchblade and lei of the lifegiver (2.08713) : +0.241385 %, alt : +4.03605, from: pre-raid, av rep
    jin'do's hexxer and orb of the forgotten seer (2.08871) : +0.241882 %, alt : +4.03328, from: zg, pre-raid
    stinger of ayamiss and arlokk's hoodoo stick (2.19675) : +0.275713 %, alt : +3.98693, from: aq20, zg
    stinger of ayamiss and talon of furious concentration (2.07321) : +0.237027 %, alt : +3.93375, from: aq20, aq20
    stinger of ayamiss and trance stone (1.76602) : +0.140829 %, alt : +3.91858, from: aq20, emeriss; lethon; taerar; ysondre
    stinger of ayamiss and royal scepter of vek'lor (1.6958) : +0.118838 %, alt : +3.87473, from: aq20, aq40
    zulian scepter of rites and brightly glowing stone (1.34924) : +0.0103118 %, alt : +3.80288, from: zg, pre-raid
    stinger of ayamiss and thaurissan's royal scepter (1.53903) : +0.0697453 %, alt : +3.73649, from: aq20, pre-raid
    the hammer of grace and arlokk's hoodoo stick (1.4292) : +0.0353505 %, alt : +3.42717, from: pre-raid, zg
- . - ' - . - ' - . - ' - . - ' - . - ' - . -
ranged, dragon's touch (0.638763), alt: 0.369171 -> :
    lunar wand of healing (-0.0307617) : -0.210092 %, alt : +1.19719, from: random green
    wandof qiraji nobility (-0.103058) : -0.232778 %, alt : +1.13733, from: aq40
    antenna of invigoration (0.269623) : -0.115833 %, alt : +0.800295, from: aq20
    bonecreeper stylus (0.154419) : -0.151983 %, alt : +0.661797, from: pre-raid
- . - ' - . - ' - . - ' - . - ' - . - ' - . -
hands, handguards of transcendence (1.56369), alt: 2.00723 -> :
    atal'ai hands of healing (2.49579) : +0.293962 %, alt : +3.17256, from: sunken temple
    high councillor's gloves of healing (2.80191) : +0.390506 %, alt : +2.75354, from: random green
    dark storm gauntlets (3.10739) : +0.486848 %, alt : +2.22733, from: aq40
    gloves of dark wisdom (2.11697) : +0.174493 %, alt : +2.14309, from: aq20
    hands of the exalted herald (2.57462) : +0.318822 %, alt : +1.98623, from: pre-raid
- . - ' - . - ' - . - ' - . - ' - . - ' - . -
waist, whipvine cord (1.52988), alt: 1.8999 -> :
    grasp of the old god (3.00714) : +0.466697 %, alt : +3.59141, from: aq40
    eyestalk waist cord (3.68152) : +0.679747 %, alt : +2.71637, from: aq40
    firemaw's clutch (2.42926) : +0.284133 %, alt : +2.13641, from: bwl
    zandalar confessor's bindings (1.03546) : -0.156196 %, alt : +1.57306, from: zg
- . - ' - . - ' - . - ' - . - ' - . - ' - . -
legs, empowered leggings (2.93616), alt: 4.87381 -> :
- . - ' - . - ' - . - ' - . - ' - . - ' - . -
feet, boots of transcendence (1.05038), alt: 2.10928 -> :
    boots of pure thought (2.59903) : +0.489358 %, alt : +3.72132, from: bwl
    treads of the wandering nomand (2.01019) : +0.303291 %, alt : +2.22984, from: aq20
    boots of epiphany (1.44949) : +0.126115 %, alt : +2.0511, from: aq40
- . - ' - . - ' - . - ' - . - ' - . - ' - . -
finger, pure elementium band (2.5441), alt: 3.18091 -> :
    cauterizing band (2.86264) : +0.100166 %, alt : +2.76357, from: mc
    primalist's seal (2.82626) : +0.0887277 %, alt : +2.73364, from: zg
    fordring's seal (3.05151) : +0.159558 %, alt : +2.21898, from: pre-raid
- . - ' - . - ' - . - ' - . - ' - . - ' - . -
finger 2, fordring's seal (3.1185), alt: 2.21899 -> :
    pure elementium band (2.62289) : -0.155501 %, alt : +3.18091, from: bwl
    ring of the martyr (2.41647) : -0.220268 %, alt : +3.08414, from: aq40
    cauterizing band (2.9425) : -0.0552201 %, alt : +2.76357, from: mc
    primalist's seal (2.90622) : -0.066605 %, alt : +2.73364, from: zg
- . - ' - . - ' - . - ' - . - ' - . - ' - . -
trinket, hazza'rah's charm of healing (14.7372), alt: 17.5388 -> :
    hazza'rah's charm of healing (14.7372) : +0 %, alt : +17.5388, from: zg
    darkmoon card: blue dragon (-1.61221) : -5.14111 %, alt : +0.272552, from: 
- . - ' - . - ' - . - ' - . - ' - . - ' - . -
trinket 2, rejuvenating gem (2.93005), alt: 4.00708 -> :
    hazza'rah's charm of healing (0) : -0.921363 %, alt : +17.5388, from: zg
    darkmoon card: blue dragon (0.0936279) : -0.891921 %, alt : +0.272552, from: 
- - - - - - - - - - - - - - - - - - - - - - - - - - - - - - - - - - - - - - - - - 
| Upgrades at best in slot level, from start item to candidate, partial bonuses: 0: |
  alt scores are from least squares fit, special score from e.g. set bonuses as s are part of em
. . . . . . . . . . . . . . . . . . . . . . . . . . . . . . . . . . . . . . . . . 
- . - ' - . - ' - . - ' - . - ' - . - ' - . -
head, zulian headdress (1.9035), alt: 3.30481 -> :
    crystal adorned crown (4.94778) : +0.965199 %, alt : +5.51878, from: azuregos
    don rigoberto's lost hat (1.99118) : +0.0277983 %, alt : +3.91992, from: aq40
    eternal crown of healing (2.43143) : +0.16738 %, alt : +3.83101, from: random green
    green lens of healing (1.95395) : +0.0159939 %, alt : +3.23242, from: pre-raid
    halo of transcendence (1.94534) : +0.0132654 %, alt : +2.89582, from: onyxia
    mish'undare circlet of mind flayer (2.22379) : +0.101546 %, alt : +2.62436, from: bwl
    the hexxer's cover (1.93787) : +0.0108948 %, alt : +2.4626, from: zg
    dustwind turban (1.9726) : +0.0219058 %, alt : +2.13449, from: aq20
    circlet of prophecy (1.94537) : +0.013275 %, alt : +0.74087, from: mc
- . - ' - . - ' - . - ' - . - ' - . - ' - . -
neck, jin'do's evil eye (2.22757), alt: 2.64301 -> :
    amulet of the fallen god (3.23425) : +0.317123 %, alt : +3.45874, from: aq40
    amulet of the shifting sands (2.29593) : +0.0215344 %, alt : +2.7911, from: aq20
    the all-seeing eye of zuldazar (0.399963) : -0.575729 %, alt : +1.08416, from: zg
- . - ' - . - ' - . - ' - . - ' - . - ' - . -
shoulders, zandalar confessor's mantle (3.17664), alt: 2.71375 -> :
    zandalar confessor's mantle (3.17664) : +0 %, alt : +2.71373, from: zg
    ternary mantle (3.46954) : +0.0919795 %, alt : +2.64802, from: aq40
- . - ' - . - ' - . - ' - . - ' - . - ' - . -
back, hide of the wild (3.01627), alt: 2.52246 -> :
    cloak of clarity (3.46863) : +0.142052 %, alt : +2.45449, from: aq40
- . - ' - . - ' - . - ' - . - ' - . - ' - . -
chest, truefaith vestments (3.36575), alt: 4.40732 -> :
    robes of the exalted (3.46313) : +0.03058 %, alt : +4.07463, from: pre-raid
- . - ' - . - ' - . - ' - . - ' - . - ' - . -
wrists, bindings of transcendence (0.854034), alt: 1.98624 -> :
    bracelets of royal redemption (3.15936) : +0.729203 %, alt : +3.18091, from: aq40
    burrower bracers (0.939087) : +0.0269031 %, alt : +1.68693, from: aq40
    zandalar confessor's wraps (0.613068) : -0.0762207 %, alt : +1.44582, from: zg
- . - ' - . - ' - . - ' - . - ' - . - ' - . -
two-hand, benediction (0.120178), alt: 6.88025 -> :
    scepter of the false prophet and lei of the lifegiver (5.87723) : +1.80716 %, alt : +14.4197, from: aq40, av rep
    scepter of the false prophet and sartura's might (5.82117) : +1.78956 %, alt : +14.3238, from: aq40, aq40
    scepter of the false prophet and brightly glowing stone (7.24097) : +2.23524 %, alt : +13.4432, from: aq40, pre-raid
    scepter of the false prophet and arlokk's hoodoo stick (5.96884) : +1.83592 %, alt : +12.7999, from: aq40, zg
    scepter of the false prophet and talon of furious concentration (5.35532) : +1.64333 %, alt : +12.7467, from: aq40, aq20
    scepter of the false prophet and trance stone (4.66998) : +1.4282 %, alt : +12.7316, from: aq40, emeriss; lethon; taerar; ysondre
    scepter of the false prophet and royal scepter of vek'lor (5.29572) : +1.62462 %, alt : +12.6877, from: aq40, aq40
    scepter of the false prophet and thaurissan's royal scepter (5.2941) : +1.62411 %, alt : +12.5495, from: aq40, pre-raid
    scepter of the false prophet and jin'do's bag of whammies (5.75873) : +1.76996 %, alt : +12.3151, from: aq40, zg
    scepter of the false prophet and orb of the forgotten seer (3.71802) : +1.12937 %, alt : +11.9467, from: aq40, pre-raid
    blessed qiraji augur staff (1.30353) : +0.371458 %, alt : +8.67387, from: aq40
    gavel of infinite wisdom and lei of the lifegiver (2.81625) : +0.846308 %, alt : +8.61293, from: aq20, av rep
    gavel of infinite wisdom and sartura's might (2.12863) : +0.630461 %, alt : +8.517, from: aq20, aq40
    lok'amir il romathis and lei of the lifegiver (1.99261) : +0.587765 %, alt : +8.23458, from: bwl, av rep
    lok'amir il romathis and sartura's might (2.06006) : +0.608936 %, alt : +8.13865, from: bwl, aq40
    gavel of infinite wisdom and brightly glowing stone (1.27975) : +0.363995 %, alt : +7.63639, from: aq20, pre-raid
    lok'amir il romathis and brightly glowing stone (0.407471) : +0.0901822 %, alt : +7.25805, from: bwl, pre-raid
    gavel of infinite wisdom and arlokk's hoodoo stick (0.696564) : +0.18093 %, alt : +6.99311, from: aq20, zg
    gavel of infinite wisdom and talon of furious concentration (0.0736389) : -0.0146089 %, alt : +6.93994, from: aq20, aq20
    gavel of infinite wisdom and trance stone (-0.0154114) : -0.0425621 %, alt : +6.92476, from: aq20, emeriss; lethon; taerar; ysondre
    gavel of infinite wisdom and royal scepter of vek'lor (0.013031) : -0.0336339 %, alt : +6.88091, from: aq20, aq40
    gavel of infinite wisdom and thaurissan's royal scepter (0.191711) : +0.0224545 %, alt : +6.74268, from: aq20, pre-raid
    lok'amir il romathis and arlokk's hoodoo stick (0.658966) : +0.169127 %, alt : +6.61476, from: bwl, zg
    lok'amir il romathis and talon of furious concentration (0.22467) : +0.0328005 %, alt : +6.56159, from: bwl, aq20
    lok'amir il romathis and trance stone (0.128845) : +0.0027206 %, alt : +6.54641, from: bwl, emeriss; lethon; taerar; ysondre
    jin'do's hexxer and lei of the lifegiver (1.0376) : +0.287981 %, alt : +6.50631, from: zg, av rep
    lok'amir il romathis and royal scepter of vek'lor (0.163513) : +0.013603 %, alt : +6.50256, from: bwl, aq40
    gavel of infinite wisdom and orb of the forgotten seer (0.553192) : +0.135925 %, alt : +6.1399, from: aq20, pre-raid
    stinger of ayamiss and lei of the lifegiver (0.204742) : +0.026545 %, alt : +5.60674, from: aq20, av rep
    jin'do's hexxer and brightly glowing stone (0.4599) : +0.10664 %, alt : +5.52977, from: zg, pre-raid
    wushoolay's poker and lei of the lifegiver (1.16678) : +0.328532 %, alt : +5.08454, from: zg, av rep
    the hammer of grace and lei of the lifegiver (1.41583) : +0.406711 %, alt : +5.04698, from: pre-raid, av rep
    the hammer of grace and sartura's might (1.46628) : +0.422546 %, alt : +4.95106, from: pre-raid, aq40
    fang of the mystics and brightly glowing stone (1.52026) : +0.439492 %, alt : +4.89719, from: azuregos, pre-raid
    jin'do's hexxer and arlokk's hoodoo stick (1.70233) : +0.496644 %, alt : +4.88649, from: zg, zg
    jin'do's hexxer and talon of furious concentration (1.53461) : +0.443994 %, alt : +4.83332, from: zg, aq20
    jin'do's hexxer and trance stone (1.80658) : +0.529368 %, alt : +4.81814, from: zg, emeriss; lethon; taerar; ysondre
    zulian scepter of rites and lei of the lifegiver (0.938232) : +0.25679 %, alt : +4.77941, from: zg, av rep
    jin'do's hexxer and royal scepter of vek'lor (1.78375) : +0.522202 %, alt : +4.77429, from: zg, aq40
    aurastone hammer and lei of the lifegiver (0.163666) : +0.0136509 %, alt : +4.72748, from: mc, av rep
    jin'do's hexxer and thaurissan's royal scepter (1.26544) : +0.359502 %, alt : +4.63606, from: zg, pre-raid
    stinger of ayamiss and brightly glowing stone (1.42017) : +0.408071 %, alt : +4.63021, from: aq20, pre-raid
    jin'do's hexxer and jin'do's bag of whammies (0.98526) : +0.271552 %, alt : +4.40163, from: zg, zg
    fang of the mystics and arlokk's hoodoo stick (0.786499) : +0.209161 %, alt : +4.25391, from: azuregos, zg
    wushoolay's poker and brightly glowing stone (0.418884) : +0.0937649 %, alt : +4.10801, from: zg, pre-raid
    the hammer of grace and brightly glowing stone (0.880615) : +0.238704 %, alt : +4.07045, from: pre-raid, pre-raid
    witchblade and lei of the lifegiver (0.544037) : +0.133051 %, alt : +4.03605, from: pre-raid, av rep
    jin'do's hexxer and orb of the forgotten seer (0.628784) : +0.159653 %, alt : +4.03328, from: zg, pre-raid
    stinger of ayamiss and arlokk's hoodoo stick (0.740662) : +0.194772 %, alt : +3.98693, from: aq20, zg
    stinger of ayamiss and talon of furious concentration (0.149078) : +0.00907186 %, alt : +3.93375, from: aq20, aq20
    stinger of ayamiss and trance stone (0.524231) : +0.126834 %, alt : +3.91858, from: aq20, emeriss; lethon; taerar; ysondre
    lorespinner and arlokk's hoodoo stick (0.629089) : +0.159749 %, alt : +1.59531, from: pre-raid, zg
    lorespinner and talon of furious concentration (0.422241) : +0.0948187 %, alt : +1.54214, from: pre-raid, aq20
    gift of the elven magi and talon of furious concentration (0.234406) : +0.0358564 %, alt : +1.5267, from: pre-raid (strat live: balnazzar), aq20
    scepter of the unholy and talon of furious concentration (0.205353) : +0.0267366 %, alt : +1.51835, from: pre-raid, aq20
    gift of the elven magi and royal scepter of vek'lor (0.580658) : +0.144546 %, alt : +1.46768, from: pre-raid (strat live: balnazzar), aq40
    scepter of the unholy and royal scepter of vek'lor (0.141266) : +0.00661949 %, alt : +1.45932, from: pre-raid, aq40
    gift of the elven magi and thaurissan's royal scepter (0.32373) : +0.0638958 %, alt : +1.32944, from: pre-raid (strat live: balnazzar), pre-raid
- . - ' - . - ' - . - ' - . - ' - . - ' - . -
ranged, dragon's touch (1.2619), alt: 0.369171 -> :
    lunar wand of healing (2.32416) : +0.334688 %, alt : +1.19719, from: random green
    wandof qiraji nobility (2.59219) : +0.419139 %, alt : +1.13733, from: aq40
    antenna of invigoration (2.02002) : +0.238862 %, alt : +0.800295, from: aq20
    bonecreeper stylus (1.90753) : +0.203421 %, alt : +0.661797, from: pre-raid
- . - ' - . - ' - . - ' - . - ' - . - ' - . -
hands, handguards of transcendence (0.471375), alt: 2.00723 -> :
    atal'ai hands of healing (3.13181) : +0.842472 %, alt : +3.17256, from: sunken temple
    high councillor's gloves of healing (2.83508) : +0.74851 %, alt : +2.75354, from: random green
    dark storm gauntlets (1.62256) : +0.364543 %, alt : +2.22733, from: aq40
    gloves of dark wisdom (0.541351) : +0.0221594 %, alt : +2.14309, from: aq20
    hands of the exalted herald (0.855133) : +0.121524 %, alt : +1.98623, from: pre-raid
    hands of power (1.06308) : +0.187374 %, alt : +1.56136, from: pre-raid
- . - ' - . - ' - . - ' - . - ' - . - ' - . -
waist, whipvine cord (1.10257), alt: 1.8999 -> :
    grasp of the old god (3.63776) : +0.802493 %, alt : +3.59141, from: aq40
    eyestalk waist cord (2.07874) : +0.308998 %, alt : +2.71637, from: aq40
    firemaw's clutch (1.43927) : +0.10658 %, alt : +2.13641, from: bwl
    mana igniting cord (1.10876) : +0.001961 %, alt : +1.76447, from: mc
    zandalar confessor's bindings (0.874573) : -0.0721706 %, alt : +1.57306, from: zg
- . - ' - . - ' - . - ' - . - ' - . - ' - . -
legs, empowered leggings (4.09952), alt: 4.87381 -> :
- . - ' - . - ' - . - ' - . - ' - . - ' - . -
feet, boots of transcendence (1.37778), alt: 2.10928 -> :
    boots of pure thought (3.4527) : +0.655844 %, alt : +3.72132, from: bwl
    treads of the wandering nomand (1.23935) : -0.0437545 %, alt : +2.22984, from: aq20
- . - ' - . - ' - . - ' - . - ' - . - ' - . -
finger, pure elementium band (3.15936), alt: 3.18091 -> :
    ring of the martyr (3.36096) : +0.0633066 %, alt : +3.08414, from: aq40
- . - ' - . - ' - . - ' - . - ' - . - ' - . -
finger 2, fordring's seal (1.9881), alt: 2.21899 -> :
    pure elementium band (2.8252) : +0.263767 %, alt : +3.18091, from: bwl
    ring of the martyr (3.07498) : +0.342474 %, alt : +3.08414, from: aq40
    cauterizing band (3.20337) : +0.382929 %, alt : +2.76357, from: mc
- . - ' - . - ' - . - ' - . - ' - . - ' - . -
trinket, hazza'rah's charm of healing (16.5735), alt: 17.5388 -> :
    hazza'rah's charm of healing (16.5735) : +0 %, alt : +17.5388, from: zg
    darkmoon card: blue dragon (-1.61557) : -5.71176 %, alt : +0.272552, from: 
- . - ' - . - ' - . - ' - . - ' - . - ' - . -
trinket 2, rejuvenating gem (3.49872), alt: 4.00708 -> :
    hazza'rah's charm of healing (0) : -1.09867 %, alt : +17.5388, from: zg
    darkmoon card: blue dragon (0.353394) : -0.987701 %, alt : +0.272552, from: 
- - - - - - - - - - - - - - - - - - - - - - - - - - - - - - - - - - - - - - - - - 
| Upgrades at start level, from start item to candidate, partial bonuses: 1: |
  alt scores are from least squares fit, special score from e.g. set bonuses as s are part of em
. . . . . . . . . . . . . . . . . . . . . . . . . . . . . . . . . . . . . . . . . 
- . - ' - . - ' - . - ' - . - ' - . - ' - . -
head, zulian headdress (4.12354), alt: 3.30481 -> :
    crystal adorned crown (4.39429) : +0.0882839 %, alt : +5.51878, from: azuregos
    don rigoberto's lost hat (2.55469) : -0.511553 %, alt : +3.91992, from: aq40
    eternal crown of healing (4.21683) : +0.0304197 %, alt : +3.83101, from: random green
    green lens of healing (4.66266) : +0.175792 %, alt : +3.23242, from: pre-raid
    halo of transcendence (2.7803) : -0.437987 %, alt : +2.89582, from: onyxia
- . - ' - . - ' - . - ' - . - ' - . - ' - . -
neck, jin'do's evil eye (3.60068), alt: 2.64301 -> :
    amulet of the fallen god (2.1514) : -0.472566 %, alt : +3.45874, from: aq40
    amulet of the shifting sands (3.08856) : -0.166985 %, alt : +2.7911, from: aq20
    the all-seeing eye of zuldazar (1.94217) : -0.540789 %, alt : +1.08416, from: zg
- . - ' - . - ' - . - ' - . - ' - . - ' - . -
shoulders, zandalar confessor's mantle (3.77014), alt: 2.71375 -> :
    zandalar confessor's mantle (3.77014) : +0 %, alt : +2.71373, from: zg
    ternary mantle (4.21112) : +0.14379 %, alt : +2.64802, from: aq40
    pauldrons of transcendence (2.87296) : -0.292545 %, alt : +1.57723, from: bwl
- . - ' - . - ' - . - ' - . - ' - . - ' - . -
back, hide of the wild (3.53394), alt: 2.52246 -> :
- . - ' - . - ' - . - ' - . - ' - . - ' - . -
chest, truefaith vestments (4.79086), alt: 4.40732 -> :
    robes of transcendence (3.76425) : -0.334747 %, alt : +3.43455, from: bwl
- . - ' - . - ' - . - ' - . - ' - . - ' - . -
wrists, bindings of transcendence (2.72653), alt: 1.98624 -> :
    bracelets of royal redemption (3.26407) : +0.175274 %, alt : +3.18091, from: aq40
    bindings of transcendence (2.72653) : +0 %, alt : +1.98623, from: bwl
    zandalar confessor's wraps (1.90298) : -0.268534 %, alt : +1.44582, from: zg
- . - ' - . - ' - . - ' - . - ' - . - ' - . -
two-hand, benediction (6.17532), alt: 6.88025 -> :
    scepter of the false prophet and lei of the lifegiver (9.26126) : +1.00623 %, alt : +14.4197, from: aq40, av rep
    scepter of the false prophet and sartura's might (9.19568) : +0.984845 %, alt : +14.3238, from: aq40, aq40
    scepter of the false prophet and brightly glowing stone (8.6918) : +0.820547 %, alt : +13.4432, from: aq40, pre-raid
    scepter of the false prophet and arlokk's hoodoo stick (9.22586) : +0.994687 %, alt : +12.7999, from: aq40, zg
    scepter of the false prophet and talon of furious concentration (8.68805) : +0.819323 %, alt : +12.7467, from: aq40, aq20
    scepter of the false prophet and trance stone (8.63202) : +0.801053 %, alt : +12.7316, from: aq40, emeriss; lethon; taerar; ysondre
    scepter of the false prophet and royal scepter of vek'lor (8.81738) : +0.861495 %, alt : +12.6877, from: aq40, aq40
    scepter of the false prophet and thaurissan's royal scepter (8.871) : +0.878978 %, alt : +12.5495, from: aq40, pre-raid
    scepter of the false prophet and jin'do's bag of whammies (8.59015) : +0.787401 %, alt : +12.3151, from: aq40, zg
    scepter of the false prophet and orb of the forgotten seer (8.79672) : +0.854758 %, alt : +11.9467, from: aq40, pre-raid
    blessed qiraji augur staff (5.0405) : -0.370032 %, alt : +8.67387, from: aq40
    gavel of infinite wisdom and lei of the lifegiver (5.55539) : -0.202142 %, alt : +8.61293, from: aq20, av rep
    gavel of infinite wisdom and sartura's might (6.2818) : +0.0347185 %, alt : +8.517, from: aq20, aq40
    lok'amir il romathis and lei of the lifegiver (6.36475) : +0.0617649 %, alt : +8.23458, from: bwl, av rep
    lok'amir il romathis and sartura's might (5.8577) : -0.103568 %, alt : +8.13865, from: bwl, aq40
    gavel of infinite wisdom and brightly glowing stone (5.65964) : -0.168149 %, alt : +7.63639, from: aq20, pre-raid
    lok'amir il romathis and brightly glowing stone (6.17804) : +0.000885625 %, alt : +7.25805, from: bwl, pre-raid
    gavel of infinite wisdom and arlokk's hoodoo stick (6.50912) : +0.108842 %, alt : +6.99311, from: aq20, zg
    gavel of infinite wisdom and talon of furious concentration (6.45618) : +0.0915777 %, alt : +6.93994, from: aq20, aq20
    gavel of infinite wisdom and trance stone (5.6095) : -0.184499 %, alt : +6.92476, from: aq20, emeriss; lethon; taerar; ysondre
    gavel of infinite wisdom and royal scepter of vek'lor (5.38049) : -0.25917 %, alt : +6.88091, from: aq20, aq40
    lok'amir il romathis and talon of furious concentration (6.25229) : +0.025096 %, alt : +6.56159, from: bwl, aq20
- . - ' - . - ' - . - ' - . - ' - . - ' - . -
ranged, dragon's touch (0.545105), alt: 0.369171 -> :
    lunar wand of healing (0.14389) : -0.130824 %, alt : +1.19719, from: random green
    wandof qiraji nobility (0.0572815) : -0.159064 %, alt : +1.13733, from: aq40
    antenna of invigoration (-0.255981) : -0.26121 %, alt : +0.800295, from: aq20
    bonecreeper stylus (0.0322876) : -0.167214 %, alt : +0.661797, from: pre-raid
- . - ' - . - ' - . - ' - . - ' - . - ' - . -
hands, handguards of transcendence (3.04825), alt: 2.00726 -> :
    atal'ai hands of healing (3.48209) : +0.141461 %, alt : +3.17256, from: sunken temple
    high councillor's gloves of healing (2.77161) : -0.0902044 %, alt : +2.75354, from: random green
    dark storm gauntlets (2.85336) : -0.0635461 %, alt : +2.22733, from: aq40
    gloves of dark wisdom (3.32318) : +0.0896472 %, alt : +2.14309, from: aq20
    handguards of transcendence (3.04825) : +0 %, alt : +2.00725, from: bwl
- . - ' - . - ' - . - ' - . - ' - . - ' - . -
waist, whipvine cord (2.26147), alt: 1.8999 -> :
    grasp of the old god (2.15509) : -0.0346887 %, alt : +3.59141, from: aq40
    eyestalk waist cord (2.64023) : +0.1235 %, alt : +2.71637, from: aq40
    firemaw's clutch (1.76822) : -0.160836 %, alt : +2.13641, from: bwl
    mana igniting cord (2.81226) : +0.179593 %, alt : +1.76447, from: mc
    belt of untapped power (2.79236) : +0.173105 %, alt : +1.74178, from: zg
    belt of transcendence (0.95462) : -0.426125 %, alt : +1.57807, from: bwl
    zandalar confessor's bindings (1.3952) : -0.282465 %, alt : +1.57306, from: zg
- . - ' - . - ' - . - ' - . - ' - . - ' - . -
legs, empowered leggings (5.17783), alt: 4.87381 -> :
    leggings of transcendence (2.12192) : -0.996438 %, alt : +2.8149, from: mc
- . - ' - . - ' - . - ' - . - ' - . - ' - . -
feet, boots of transcendence (3.16544), alt: 2.10928 -> :
    boots of pure thought (4.24579) : +0.35227 %, alt : +3.72132, from: bwl
    treads of the wandering nomand (2.99329) : -0.0561327 %, alt : +2.22984, from: aq20
    boots of transcendence (3.16544) : +0 %, alt : +2.10929, from: bwl
    boots of epiphany (3.34918) : +0.0599141 %, alt : +2.0511, from: aq40
- . - ' - . - ' - . - ' - . - ' - . - ' - . -
finger, pure elementium band (3.91849), alt: 3.18091 -> :
- . - ' - . - ' - . - ' - . - ' - . - ' - . -
finger 2, fordring's seal (3.18457), alt: 2.21899 -> :
    pure elementium band (2.15399) : -0.33604 %, alt : +3.18091, from: bwl
    ring of the martyr (2.41095) : -0.252254 %, alt : +3.08414, from: aq40
    cauterizing band (2.32599) : -0.279957 %, alt : +2.76357, from: mc
    primalist's seal (1.81488) : -0.446614 %, alt : +2.73364, from: zg
- . - ' - . - ' - . - ' - . - ' - . - ' - . -
trinket, hazza'rah's charm of healing (17.8216), alt: 17.5388 -> :
    hazza'rah's charm of healing (17.8216) : +0 %, alt : +17.5388, from: zg
    darkmoon card: blue dragon (0.496948) : -5.64903 %, alt : +0.272552, from: 
- . - ' - . - ' - . - ' - . - ' - . - ' - . -
trinket 2, rejuvenating gem (4.65906), alt: 4.00708 -> :
    hazza'rah's charm of healing (0) : -1.51918 %, alt : +17.5388, from: zg
    darkmoon card: blue dragon (0.033783) : -1.50816 %, alt : +0.272552, from: 
- - - - - - - - - - - - - - - - - - - - - - - - - - - - - - - - - - - - - - - - - 
| Upgrades at start level, from start item to candidate, partial bonuses: 0: |
  alt scores are from least squares fit, special score from e.g. set bonuses as s are part of em
. . . . . . . . . . . . . . . . . . . . . . . . . . . . . . . . . . . . . . . . . 
- . - ' - . - ' - . - ' - . - ' - . - ' - . -
head, zulian headdress (4.46158), alt: 3.30481 -> :
    crystal adorned crown (5.4483) : +0.322172 %, alt : +5.51878, from: azuregos
    don rigoberto's lost hat (3.62671) : -0.27259 %, alt : +3.91992, from: aq40
    eternal crown of healing (4.13336) : -0.107165 %, alt : +3.83101, from: random green
    halo of transcendence (3.65802) : -0.262367 %, alt : +2.89582, from: onyxia
- . - ' - . - ' - . - ' - . - ' - . - ' - . -
neck, jin'do's evil eye (3.73508), alt: 2.64301 -> :
    amulet of the fallen god (2.77686) : -0.312865 %, alt : +3.45874, from: aq40
    amulet of the shifting sands (3.4523) : -0.092328 %, alt : +2.7911, from: aq20
    the all-seeing eye of zuldazar (1.44135) : -0.748917 %, alt : +1.08416, from: zg
- . - ' - . - ' - . - ' - . - ' - . - ' - . -
shoulders, zandalar confessor's mantle (3.71274), alt: 2.71375 -> :
    zandalar confessor's mantle (3.71274) : +0 %, alt : +2.71373, from: zg
    ternary mantle (3.74762) : +0.011389 %, alt : +2.64802, from: aq40
    pauldrons of transcendence (1.91336) : -0.587507 %, alt : +1.57723, from: bwl
- . - ' - . - ' - . - ' - . - ' - . - ' - . -
back, hide of the wild (3.55246), alt: 2.52246 -> :
- . - ' - . - ' - . - ' - . - ' - . - ' - . -
chest, truefaith vestments (4.86407), alt: 4.40732 -> :
    robes of the exalted (5.14191) : +0.0907138 %, alt : +4.07463, from: pre-raid
    robes of transcendence (3.20193) : -0.542699 %, alt : +3.43455, from: bwl
- . - ' - . - ' - . - ' - . - ' - . - ' - . -
wrists, bindings of transcendence (3.6785), alt: 1.98624 -> :
    bracelets of royal redemption (4.09418) : +0.135722 %, alt : +3.18091, from: aq40
    bindings of transcendence (3.6785) : +0 %, alt : +1.98623, from: bwl
    zandalar confessor's wraps (2.11536) : -0.510375 %, alt : +1.44582, from: zg
- . - ' - . - ' - . - ' - . - ' - . - ' - . -
two-hand, benediction (6.62137), alt: 6.88025 -> :
    scepter of the false prophet and lei of the lifegiver (9.38513) : +0.902385 %, alt : +14.4197, from: aq40, av rep
    scepter of the false prophet and sartura's might (9.26596) : +0.863475 %, alt : +14.3238, from: aq40, aq40
    scepter of the false prophet and brightly glowing stone (10.1483) : +1.15156 %, alt : +13.4432, from: aq40, pre-raid
    scepter of the false prophet and arlokk's hoodoo stick (9.86389) : +1.0587 %, alt : +12.7999, from: aq40, zg
    scepter of the false prophet and talon of furious concentration (9.37183) : +0.898041 %, alt : +12.7467, from: aq40, aq20
    scepter of the false prophet and trance stone (9.48709) : +0.935675 %, alt : +12.7316, from: aq40, emeriss; lethon; taerar; ysondre
    scepter of the false prophet and royal scepter of vek'lor (9.29724) : +0.873688 %, alt : +12.6877, from: aq40, aq40
    scepter of the false prophet and thaurissan's royal scepter (9.10211) : +0.809977 %, alt : +12.5495, from: aq40, pre-raid
    scepter of the false prophet and jin'do's bag of whammies (8.98022) : +0.77018 %, alt : +12.3151, from: aq40, zg
    scepter of the false prophet and orb of the forgotten seer (8.31744) : +0.553779 %, alt : +11.9467, from: aq40, pre-raid
    blessed qiraji augur staff (5.86276) : -0.247689 %, alt : +8.67387, from: aq40
    gavel of infinite wisdom and lei of the lifegiver (6.3725) : -0.0812578 %, alt : +8.61293, from: aq20, av rep
    gavel of infinite wisdom and sartura's might (6.20966) : -0.134427 %, alt : +8.517, from: aq20, aq40
    lok'amir il romathis and lei of the lifegiver (6.42111) : -0.0653849 %, alt : +8.23458, from: bwl, av rep
    lok'amir il romathis and sartura's might (5.86786) : -0.246025 %, alt : +8.13865, from: bwl, aq40
    gavel of infinite wisdom and brightly glowing stone (6.47537) : -0.0476686 %, alt : +7.63639, from: aq20, pre-raid
    lok'amir il romathis and brightly glowing stone (6.77286) : +0.0494621 %, alt : +7.25805, from: bwl, pre-raid
    gavel of infinite wisdom and arlokk's hoodoo stick (6.62424) : +0.000936632 %, alt : +6.99311, from: aq20, zg
    gavel of infinite wisdom and talon of furious concentration (6.29541) : -0.106427 %, alt : +6.93994, from: aq20, aq20
    gavel of infinite wisdom and trance stone (6.25037) : -0.121134 %, alt : +6.92476, from: aq20, emeriss; lethon; taerar; ysondre
    gavel of infinite wisdom and royal scepter of vek'lor (6.50623) : -0.0375948 %, alt : +6.88091, from: aq20, aq40
    lok'amir il romathis and talon of furious concentration (6.79108) : +0.0554107 %, alt : +6.56159, from: bwl, aq20
- . - ' - . - ' - . - ' - . - ' - . - ' - . -
ranged, dragon's touch (0.00924683), alt: 0.369171 -> :
    lunar wand of healing (0.594025) : +0.190933 %, alt : +1.19719, from: random green
    wandof qiraji nobility (0.507446) : +0.162665 %, alt : +1.13733, from: aq40
    antenna of invigoration (-0.266571) : -0.0900562 %, alt : +0.800295, from: aq20
    bonecreeper stylus (0.0958252) : +0.0282684 %, alt : +0.661797, from: pre-raid
- . - ' - . - ' - . - ' - . - ' - . - ' - . -
hands, handguards of transcendence (4.67789), alt: 2.00726 -> :
    atal'ai hands of healing (3.93381) : -0.242946 %, alt : +3.17256, from: sunken temple
    high councillor's gloves of healing (4.36719) : -0.101445 %, alt : +2.75354, from: random green
    dark storm gauntlets (2.88104) : -0.58668 %, alt : +2.22733, from: aq40
    gloves of dark wisdom (3.58109) : -0.358112 %, alt : +2.14309, from: aq20
    handguards of transcendence (4.67789) : +0 %, alt : +2.00725, from: bwl
- . - ' - . - ' - . - ' - . - ' - . - ' - . -
waist, whipvine cord (3.13062), alt: 1.8999 -> :
    grasp of the old god (2.54684) : -0.190605 %, alt : +3.59141, from: aq40
    eyestalk waist cord (3.84839) : +0.234357 %, alt : +2.71637, from: aq40
    firemaw's clutch (2.67514) : -0.148715 %, alt : +2.13641, from: bwl
    belt of transcendence (2.71994) : -0.134088 %, alt : +1.57807, from: bwl
    zandalar confessor's bindings (3.16028) : +0.00968517 %, alt : +1.57306, from: zg
- . - ' - . - ' - . - ' - . - ' - . - ' - . -
legs, empowered leggings (5.02588), alt: 4.87381 -> :
    leggings of transcendence (1.51282) : -1.14704 %, alt : +2.8149, from: mc
- . - ' - . - ' - . - ' - . - ' - . - ' - . -
feet, boots of transcendence (4.34299), alt: 2.10928 -> :
    boots of pure thought (5.12341) : +0.254814 %, alt : +3.72132, from: bwl
    treads of the wandering nomand (2.35626) : -0.648677 %, alt : +2.22984, from: aq20
    boots of transcendence (4.34299) : +0 %, alt : +2.10929, from: bwl
- . - ' - . - ' - . - ' - . - ' - . - ' - . -
finger, pure elementium band (4.2576), alt: 3.18091 -> :
- . - ' - . - ' - . - ' - . - ' - . - ' - . -
finger 2, fordring's seal (3.04218), alt: 2.21899 -> :
    pure elementium band (2.09598) : -0.308939 %, alt : +3.18091, from: bwl
    ring of the martyr (3.02298) : -0.00626746 %, alt : +3.08414, from: aq40
    cauterizing band (3.26273) : +0.0720111 %, alt : +2.76357, from: mc
    ring of spellpower (3.04721) : +0.00164409 %, alt : +1.97537, from: mc
- . - ' - . - ' - . - ' - . - ' - . - ' - . -
trinket, hazza'rah's charm of healing (18.4741), alt: 17.5388 -> :
    hazza'rah's charm of healing (18.4741) : +0 %, alt : +17.5388, from: zg
    darkmoon card: blue dragon (0.517365) : -5.86299 %, alt : +0.272552, from: 
- . - ' - . - ' - . - ' - . - ' - . - ' - . -
trinket 2, rejuvenating gem (4.60556), alt: 4.00708 -> :
    hazza'rah's charm of healing (0) : -1.50374 %, alt : +17.5388, from: zg
    darkmoon card: blue dragon (0.377502) : -1.38049 %, alt : +0.272552, from: 
------------------
Best value: 318.449
