Your call: ./css 4 ../items/phase5.csv ../items/not_for_priests.txt no-locks faint_aq40_speed_phase5 -a ../confs/wcl_bwl_speed_log.csv -l faint_aq40_speed.txt 
Found: -a, val: ../confs/wcl_bwl_speed_log.csv
./css 4 ../items/phase5.csv ../items/not_for_priests.txt no-locks faint_aq40_speed_phase5 -l faint_aq40_speed.txt 
Found key: buff_fraction, saw val: 1
Found key: healing_from_crit_fraction, saw val: 0.2
Found key: transc8_exists, saw val: 0
Found key: enchantments, saw val: 1
Found key: fort, saw val: 1
Found key: motw, saw val: 1
Found key: spirit, saw val: 1
Found key: ai, saw val: 1
Found key: flask, saw val: 1
Found key: holy_disc, saw val: 0
Found key: min_combat_length, saw val: 2
Found key: max_log_entry_diff_in_combat, saw val: 10
Found key: precast, saw val: 1
Found key: swap_cast, saw val: 1
Found key: time_step, saw val: 0.1
Found key: reaction_time, saw val: 0.1
Found key: skip_player, saw val: Paisti
Found key: use_deficit_time_sum, saw val: 0
Found key: wcl_log, saw val: 1
Found: -l, val: faint_aq40_speed.txt
./css 4 ../items/phase5.csv ../items/not_for_priests.txt no-locks faint_aq40_speed_phase5 
Will read log from: faint_aq40_speed.txt
./css 4 ../items/phase5.csv ../items/not_for_priests.txt no-locks faint_aq40_speed_phase5 
./css 4 ../items/phase5.csv ../items/not_for_priests.txt no-locks faint_aq40_speed_phase5 
Shuffle seed: 2416673600
Reading banned from: ../items/not_for_priests.txt
Banning: neltharion's tear
Banning: lok'amir il romathis
Banning: choker of the fire lord
Reading WCL parsed log: faint_aq40_speed.txt
Saw 40632 lines of log, with 40632 log lines
Sorting by timestamp...
Sorted.
Pruning log from: 40632 entries.
Combat from 0 to 12.946 s
Combat from 27.96 to 69.09 s
Combat from 83.366 to 93.1 s
Combat from 110.089 to 157.444 s
Combat from 180.591 to 243.756 s
Combat from 291.903 to 311.296 s
Combat from 348.171 to 368.466 s
Combat from 404.418 to 434.766 s
Combat from 463.054 to 530.277 s
Combat from 582.552 to 610.337 s
Combat from 668.863 to 740.881 s
Combat from 774.039 to 895.99 s
Combat from 907.68 to 1013.26 s
Combat from 1048.42 to 1064.54 s
Combat from 1096.53 to 1121.12 s
Combat from 1137.93 to 1159.67 s
Combat from 1171.9 to 1189.18 s
Combat from 1260.87 to 1358.47 s
Combat from 1423.18 to 1479.44 s
Combat from 1517.62 to 1568.51 s
Combat from 1597.68 to 1672.91 s
Combat from 1695.56 to 1740 s
Combat from 1861.61 to 2356.4 s
Combat from 2399.61 to 2426.36 s
Combat from 2465.7 to 2578.63 s
Combat from 2756.22 to 2841.99 s
Combat from 2947.62 to 3025.06 s
Combat from 3073.07 to 3185.11 s
Combat from 3216.48 to 3265.43 s
Combat from 3290.13 to 3331.51 s
Combat from 3363.67 to 3453.46 s
Combat from 3487.62 to 3561.53 s
Combat from 3596.29 to 3634.38 s
Combat from 3653.84 to 3692.31 s
Combat from 3929.29 to 4094.83 s
Combat from 4098.88 to 4115.41 s
Combat from 4127.67 to 4271.44 s
Combat from 4277.52 to 4335.48 s
Combat from 4354.82 to 4375.04 s
Combat from 4383.57 to 4440.74 s
Combat from 4443.49 to 4475.06 s
Combat from 5095.83 to 5267.57 s
Combat from 5420.7 to 5486.94 s
Combat from 5539.84 to 5614.29 s
Combat from 6237.23 to 6280.97 s
Combat from 6292.68 to 6340.15 s
Combat from 6451.89 to 6554.69 s
Combat from 6670 to 6700.18 s
Combat from 6764.87 to 6800.09 s
Combat from 6885.78 to 6916.93 s
Combat from 7047.19 to 7162.64 s
Pruned to: 40229 entries.
----------------------------------------------------------
---- Baseline results without simulated player input: ----
----------------------------------------------------------
oh_limit: 0.9
time_left_mul: 0.5
total_deficit_to_pop_trinkets: 10000
in combat total: 3501.9
Total time casting: 0, which is: 0% of time in combat.
Total hps: 0, raw hps: 0, oh: -nan
Deficit time sum: 2.06399e+11, baseline: 0
Deficit*time change / s: -5.89391e+07 hp
Number of combats: 51
Average mana at start of combat: 0
Average mana at end of combat: 0
Other players with hps > 100:
  Boriz : 164.733 hps
  Bosskar : 196.12 hps
  Effeks : 156.613 hps
  Gorkenut : 135.167 hps
  Jeromee : 191.597 hps
  Knup : 246.365 hps
  Pecans : 167.008 hps
  Pjuske : 132.382 hps
  Sebus : 201.201 hps
  Shice : 164.683 hps
  Smorisa : 170.632 hps
  Tradbull : 125.753 hps
Skip player from: Paisti to: Knup
Reading WCL parsed log: faint_aq40_speed.txt
Saw 40632 lines of log, with 40632 log lines
Sorting by timestamp...
Sorted.
Pruning log from: 40632 entries.
Combat from 0 to 12.946 s
Combat from 27.96 to 69.09 s
Combat from 83.366 to 93.1 s
Combat from 110.089 to 157.444 s
Combat from 180.591 to 243.756 s
Combat from 291.903 to 311.296 s
Combat from 348.171 to 368.466 s
Combat from 404.418 to 434.766 s
Combat from 463.054 to 530.277 s
Combat from 582.552 to 610.337 s
Combat from 668.863 to 740.881 s
Combat from 774.039 to 895.99 s
Combat from 907.68 to 1013.26 s
Combat from 1048.42 to 1064.54 s
Combat from 1096.53 to 1121.12 s
Combat from 1137.93 to 1159.67 s
Combat from 1171.9 to 1189.18 s
Combat from 1260.87 to 1358.47 s
Combat from 1423.18 to 1479.44 s
Combat from 1517.62 to 1568.51 s
Combat from 1597.68 to 1672.91 s
Combat from 1695.56 to 1740 s
Combat from 1861.61 to 2356.4 s
Combat from 2399.61 to 2426.36 s
Combat from 2465.7 to 2578.63 s
Combat from 2756.22 to 2841.99 s
Combat from 2947.62 to 3025.06 s
Combat from 3073.07 to 3185.11 s
Combat from 3216.48 to 3265.43 s
Combat from 3290.13 to 3331.51 s
Combat from 3363.67 to 3453.46 s
Combat from 3487.62 to 3561.53 s
Combat from 3596.29 to 3634.38 s
Combat from 3653.84 to 3692.31 s
Combat from 3929.29 to 4094.83 s
Combat from 4098.88 to 4115.41 s
Combat from 4127.67 to 4271.44 s
Combat from 4277.52 to 4335.48 s
Combat from 4354.82 to 4374.65 s
Combat from 4383.57 to 4440.74 s
Combat from 4443.49 to 4475.06 s
Combat from 5095.83 to 5267.57 s
Combat from 5420.7 to 5486.94 s
Combat from 5539.84 to 5614.29 s
Combat from 6237.23 to 6280.97 s
Combat from 6292.68 to 6340.15 s
Combat from 6451.89 to 6554.69 s
Combat from 6670 to 6700.18 s
Combat from 6764.87 to 6800.09 s
Combat from 6885.78 to 6916.93 s
Combat from 7047.19 to 7162.64 s
Pruned to: 39304 entries.
Skipped player entries: 973
Baseline results again due to changed skipped player
oh_limit: 0.9
time_left_mul: 0.5
total_deficit_to_pop_trinkets: 10000
in combat total: 3501.5
Total time casting: 0, which is: 0% of time in combat.
Total hps: 0, raw hps: 0, oh: -nan
Deficit time sum: 4.54739e+11, baseline: 0
Deficit*time change / s: -1.2987e+08 hp
Number of combats: 51
Average mana at start of combat: 0
Average mana at end of combat: 0
Other players with hps > 100:
  Boriz : 180.863 hps
  Bosskar : 210.673 hps
  Effeks : 170.931 hps
  Gorkenut : 148.804 hps
  Jeromee : 209.54 hps
  Pecans : 179.603 hps
  Pjuske : 151.025 hps
  Sebus : 222.348 hps
  Shice : 177.167 hps
  Smorisa : 183.239 hps
  Tradbull : 138.446 hps
Reading tmp locked from: start_with.txt
Locking: anastari heirloom
Locking: anathema
Locking: animated chain necklace
Locking: argent crusader
Locking: atal'ai gloves of the owl
Locking: ban'thok sash
Locking: banshee finger
Locking: benediction
Locking: blood of the martyr
Locking: briarwood reed
Locking: burial shawl
Locking: clutch of andros
Locking: crimson felt hat
Locking: cyclopean band
Locking: devout belt
Locking: devout bracers
Locking: devout crown
Locking: devout mantle
Locking: devout robe
Locking: devout sandals
Locking: devout skirt
Locking: dragon finger of healing
Locking: dragon finger of intellect
Locking: dragonrider boots
Locking: dragonslayer's signet
Locking: drakefire amulet
Locking: dreadmist mantle
Locking: dreamweave circlet
Locking: dreamweave gloves
Locking: dreamweave vest
Locking: elder magus pendant
Locking: eye of the beast
Locking: fordring's seal
Locking: girdle of prophecy
Locking: gloves of prophecy
Locking: grimgore noose
Locking: halo of transcendence
Locking: heart of the fiend
Locking: hide of the wild
Locking: kentic amice
Locking: leggings of transcendence
Locking: magister's robes
Locking: maleki's footwraps
Locking: mindtap talisman
Locking: nature's breath
Locking: necropile boots
Locking: necropile cuffs
Locking: necropile leggings
Locking: necropile mantle
Locking: necropile robe
Locking: noxious shooter
Locking: omnicast boots
Locking: orb of the forgotten seer
Locking: padre's trousers
Locking: pants of prophecy
Locking: penelope's rose
Locking: quel'dorai channeling rod
Locking: raincaster drape
Locking: rainstrider leggings
Locking: ring of demonic guile
Locking: ring of demonic guile
Locking: robes of prophecy
Locking: robes of the exalted
Locking: robes of the royal crown
Locking: rod of corrosion
Locking: rosewine circle
Locking: royal seal of eldre'thalas
Locking: royal tribunal cloak
Locking: sarah's guide
Locking: seal of rivendare
Locking: seal of rivendare
Locking: shadowy laced handwraps
Locking: silkweb gloves
Locking: soulstealer mantle
Locking: spellbound tome
Locking: spritecaster cape
Locking: star of mystaria
Locking: starfire tiara
Locking: stormrager
Locking: sublime wristguards
Locking: the hammer of grace
Locking: the postmaster's treads
Locking: thuzadin sash
Locking: triune amulet
Locking: vinerot sandals
Locking: whipvine cord
Locking: wolfshear leggings
Locking: boots of the full moon
Locking: mantle of prophecy
Locking: dragon's touch
Locking: bindings of transcendence
Locking: shimmering geta
Locking: empowered leggings
Locking: seal of the archmagus
Locking: circlet of prophecy
Locking: boots of prophecy
Locking: pauldrons of transcendence
Locking: primalist's seal
Locking: zandalar confessor's bindings
Locking: zulian headdress
Locking: mar'li's eye
Locking: shroud of pure thought
Locking: belt of transcendence
Locking: jin'do's evil eye
Locking: primalist's band
Locking: zandalarian hero charm
Locking: zandalar confessor's mantle
Locking: zandalar confessor's wraps 
Locking: pure elementium band
Locking: truefaith vestments
Locking: vambraces of prophecy
Locking: hazza'rah's charm of healing
Locking: handguards of transcendence
Locking: boots of transcendence
Locking: darkmoon card: blue dragon
Locking: rejuvenating gem
Optimizing start items...

*** NEW BEST (1): 204.472

*** NEW BEST (1): 208.439

*** NEW BEST (1): 214.961

*** NEW BEST (1): 236.513

*** NEW BEST (1): 242.002

*** NEW BEST (1): 247.721

*** NEW BEST (1): 251.66

*** NEW BEST (1): 254.986

*** NEW BEST (1): 258.914

*** NEW BEST (1): 262.313

*** NEW BEST (1): 262.341

*** NEW BEST (1): 267.828

*** NEW BEST (1): 270.364

*** NEW BEST (1): 276.8

*** NEW BEST (1): 285.158

*** NEW BEST (1): 288.297
******
*** NEW BEST (1): 293.854
*****
*** NEW BEST (0): 228.006
Based on last: 3000 entries, out of total: 3523 entries, (564 dropped), The least-squares solution is:
Int: 26.2981
Spirit: 11.0557
Sp / Healing: 100
Mp5: 29.1179
Crit: 496.004
T1 3p/piece: 166.492
T2 3p/piece: 1404.21
Hazza'rah's: 30454.4
Darkmoon: 971.059
100 points == 1 sp == 0.066632 hps.
neck : animated chain necklace -> jin'do's evil eye => val: 228.006 -> 228.798

*** NEW BEST (0): 228.798
Based on last: 3000 entries, out of total: 3543 entries, (588 dropped), The least-squares solution is:
Int: 26.4631
Spirit: 10.0043
Sp / Healing: 100
Mp5: 28.1007
Crit: 491.594
T1 3p/piece: 192.862
T2 3p/piece: 1395.1
Hazza'rah's: 30414.2
Darkmoon: 969.91
100 points == 1 sp == 0.066711 hps.
trinket : eye of the beast -> hazza'rah's charm of healing => val: 228.798 -> 247.12

*** NEW BEST (0): 247.12
Based on last: 3000 entries, out of total: 3547 entries, (600 dropped), The least-squares solution is:
Int: 26.4088
Spirit: 9.91
Sp / Healing: 100
Mp5: 27.9627
Crit: 489.67
T1 3p/piece: 196.105
T2 3p/piece: 1396.4
Hazza'rah's: 30210
Darkmoon: 969.592
100 points == 1 sp == 0.0667329 hps.
chest : dreamweave vest -> truefaith vestments => val: 247.12 -> 252.267

*** NEW BEST (0): 252.267
Based on last: 3000 entries, out of total: 3558 entries, (609 dropped), The least-squares solution is:
Int: 26.5862
Spirit: 10.1002
Sp / Healing: 100
Mp5: 27.4455
Crit: 489.286
T1 3p/piece: 212.788
T2 3p/piece: 1388.55
Hazza'rah's: 30206.6
Darkmoon: 969.476
100 points == 1 sp == 0.0667409 hps.
legs : devout skirt -> empowered leggings => val: 252.267 -> 257.73

*** NEW BEST (0): 257.73
Based on last: 3000 entries, out of total: 3564 entries, (623 dropped), The least-squares solution is:
Int: 26.6149
Spirit: 10.2157
Sp / Healing: 100
Mp5: 27.7919
Crit: 488.033
T1 3p/piece: 211.859
T2 3p/piece: 1388.24
Hazza'rah's: 30221.6
Darkmoon: 969.922
100 points == 1 sp == 0.0667102 hps.
finger : cyclopean band -> pure elementium band => val: 257.73 -> 261.913

*** NEW BEST (0): 261.913
Based on last: 3000 entries, out of total: 3571 entries, (646 dropped), The least-squares solution is:
Int: 26.4983
Spirit: 10.3003
Sp / Healing: 100
Mp5: 27.796
Crit: 487.197
T1 3p/piece: 211.491
T2 3p/piece: 1385.27
Hazza'rah's: 30198.7
Darkmoon: 969.231
100 points == 1 sp == 0.0667577 hps.
hands : atal'ai gloves of the owl -> handguards of transcendence => val: 261.913 -> 264.525

*** NEW BEST (0): 264.525
Based on last: 3000 entries, out of total: 3574 entries, (665 dropped), The least-squares solution is:
Int: 26.4626
Spirit: 10.1516
Sp / Healing: 100
Mp5: 27.4405
Crit: 487.374
T1 3p/piece: 237.296
T2 3p/piece: 1384.96
Hazza'rah's: 30182.8
Darkmoon: 968.74
100 points == 1 sp == 0.0667916 hps.
shoulders : soulstealer mantle -> zandalar confessor's mantle => val: 264.525 -> 267.726

*** NEW BEST (0): 267.726
Based on last: 3000 entries, out of total: 3574 entries, (684 dropped), The least-squares solution is:
Int: 26.4626
Spirit: 10.1516
Sp / Healing: 100
Mp5: 27.4405
Crit: 487.374
T1 3p/piece: 237.296
T2 3p/piece: 1384.96
Hazza'rah's: 30182.8
Darkmoon: 968.74
100 points == 1 sp == 0.0667916 hps.
wrists : devout bracers -> bindings of transcendence => val: 267.726 -> 270.82

*** NEW BEST (0): 270.82
Based on last: 3000 entries, out of total: 3583 entries, (694 dropped), The least-squares solution is:
Int: 26.4967
Spirit: 10.0923
Sp / Healing: 100
Mp5: 27.1581
Crit: 486.784
T1 3p/piece: 238.156
T2 3p/piece: 1389.38
Hazza'rah's: 30180
Darkmoon: 968.651
100 points == 1 sp == 0.0667977 hps.
finger 2 : blood of the martyr -> fordring's seal => val: 270.656 -> 273.202

*** NEW BEST (0): 273.202
Based on last: 3000 entries, out of total: 3595 entries, (729 dropped), The least-squares solution is:
Int: 25.932
Spirit: 10.1643
Sp / Healing: 100
Mp5: 27.6023
Crit: 489.839
T1 3p/piece: 244.741
T2 3p/piece: 1397.78
Hazza'rah's: 30160.9
Darkmoon: 968.102
100 points == 1 sp == 0.0668356 hps.
trinket 2 : briarwood reed -> rejuvenating gem => val: 273.202 -> 275.434

*** NEW BEST (0): 275.434
Based on last: 3000 entries, out of total: 3598 entries, (742 dropped), The least-squares solution is:
Int: 26.0706
Spirit: 10.0751
Sp / Healing: 100
Mp5: 27.2816
Crit: 489.64
T1 3p/piece: 260.489
T2 3p/piece: 1397.78
Hazza'rah's: 30173
Darkmoon: 968.48
100 points == 1 sp == 0.0668095 hps.
feet : boots of the full moon -> boots of transcendence => val: 275.434 -> 277.199

*** NEW BEST (0): 277.199
Based on last: 3000 entries, out of total: 3606 entries, (754 dropped), The least-squares solution is:
Int: 25.9644
Spirit: 9.91723
Sp / Healing: 100
Mp5: 27.3986
Crit: 494.53
T1 3p/piece: 263.124
T2 3p/piece: 1404.24
Hazza'rah's: 30198.5
Darkmoon: 969.214
100 points == 1 sp == 0.0667589 hps.
head : crimson felt hat -> zulian headdress => val: 277.199 -> 278.823

*** NEW BEST (0): 278.823
Based on last: 3000 entries, out of total: 3621 entries, (763 dropped), The least-squares solution is:
Int: 26.0434
Spirit: 10.0126
Sp / Healing: 100
Mp5: 26.8106
Crit: 494.831
T1 3p/piece: 259.002
T2 3p/piece: 1396.78
Hazza'rah's: 30181.1
Darkmoon: 968.668
100 points == 1 sp == 0.0667965 hps.
waist : ban'thok sash -> whipvine cord => val: 278.823 -> 280.647

*** NEW BEST (0): 280.647
Based on last: 3000 entries, out of total: 3632 entries, (772 dropped), The least-squares solution is:
Int: 26.0495
Spirit: 9.85312
Sp / Healing: 100
Mp5: 26.4112
Crit: 497.566
T1 3p/piece: 206.005
T2 3p/piece: 1395.6
Hazza'rah's: 30170.6
Darkmoon: 968.363
100 points == 1 sp == 0.0668176 hps.
*two-hand :   the hammer of grace orb of the forgotten seer -> benediction    => val: 280.647 -> 285.123

*** NEW BEST (0): 285.123
Based on last: 3000 entries, out of total: 3730 entries, (865 dropped), The least-squares solution is:
Int: 26.7164
Spirit: 9.91219
Sp / Healing: 100
Mp5: 24.7089
Crit: 498.12
T1 3p/piece: 226.145
T2 3p/piece: 1454.59
Hazza'rah's: 30167.1
Darkmoon: 968.773
100 points == 1 sp == 0.0667893 hps.
********
Read starting items and cleared locks.
 ----------------------------
 --- head --- 
name: zulian headdress
slot: head
intelligence: 15
stamina: 13
spirit: 14
sp_healing: 55
armor: 78
 ----------------------------
 --- neck --- 
name: jin'do's evil eye
slot: neck
intelligence: 11
stamina: 5
spirit: 6
sp_healing: 44
 ----------------------------
 --- shoulders --- 
name: zandalar confessor's mantle
slot: shoulders
intelligence: 24
stamina: 11
spirit: 15
sp_healing: 22
armor: 78
 ----------------------------
 --- back --- 
name: hide of the wild
slot: back
intelligence: 10
stamina: 8
sp_healing: 42
armor: 48
 ----------------------------
 --- chest --- 
name: truefaith vestments
slot: chest
stamina: 14
sp_healing: 73
mp5: 6
armor: 96
 ----------------------------
 --- wrists --- 
name: bindings of transcendence
slot: wrists
intelligence: 13
stamina: 9
spirit: 16
sp_healing: 33
armor: 51
 ----------------------------
 --- two-hand --- 
name: benediction
slot: two-hand
intelligence: 31
stamina: 10
spirit: 12
sp_healing: 106
spell_crit: 2
shadow_res: 20
 ----------------------------
 ---  --- 
name: 
slot: 
 ----------------------------
 ---  --- 
name: 
slot: 
 ----------------------------
 ---  --- 
name: 
slot: 
 ----------------------------
 --- ranged --- 
name: dragon's touch
slot: ranged
intelligence: 12
stamina: 7
sp: 6
 ----------------------------
 --- hands --- 
name: handguards of transcendence
slot: hands
intelligence: 20
stamina: 12
spirit: 13
sp_healing: 29
spell_crit: 1
armor: 72
 ----------------------------
 --- waist --- 
name: whipvine cord
slot: waist
intelligence: 8
sp_healing: 31
mp5: 6
armor: 47
 ----------------------------
 --- legs --- 
name: empowered leggings
slot: legs
intelligence: 12
stamina: 12
spirit: 24
sp_healing: 77
spell_crit: 1
armor: 103
 ----------------------------
 --- feet --- 
name: boots of transcendence
slot: feet
intelligence: 17
stamina: 17
spirit: 17
sp_healing: 35
fire_res: 10
armor: 80
 ----------------------------
 --- finger --- 
name: pure elementium band
slot: finger
intelligence: 10
stamina: 9
spirit: 10
sp_healing: 53
 ----------------------------
 --- finger --- 
name: fordring's seal
slot: finger
intelligence: 5
stamina: 4
sp_healing: 37
 ----------------------------
 --- trinket --- 
name: hazza'rah's charm of healing
slot: trinket
 ----------------------------
 --- trinket --- 
name: rejuvenating gem
slot: trinket
sp_healing: 66
mp5: 9
 ----------------------------
 --- Set bonuses ---
name: confessor's 2 hazza'rah's 1 transcendence 3 
slot: Set bonuses
sp: 23
 --- And counts for start items ---
oh_limit: 0.9
time_left_mul: 0.5
total_deficit_to_pop_trinkets: 10000
in combat total: 3501.5
Flash Heal 1, casts: 84, avg: 382.448, 3.21784%, cast time 3.59846% of in combat, overheal: 0.397309
Flash Heal 2, casts: 25, avg: 619.777, 1.55199%, cast time 1.07097% of in combat, overheal: 0.14122
Flash Heal 3, casts: 18, avg: 777.608, 1.40199%, cast time 0.771098% of in combat, overheal: 0.030313
Flash Heal 4, casts: 37, avg: 869.78, 3.22347%, cast time 1.58503% of in combat, overheal: 0.0199114
Flash Heal 5, casts: 31, avg: 843.24, 2.61834%, cast time 1.328% of in combat, overheal: 0.178217
Flash Heal 6, casts: 34, avg: 1052.37, 3.58395%, cast time 1.45652% of in combat, overheal: 0.10345
Flash Heal 7, casts: 467, avg: 1244.45, 58.2114%, cast time 20.0057% of in combat, overheal: 0.0876423
Greater Heal 1, casts: 9, avg: 1508.72, 1.36008%, cast time 0.642582% of in combat, overheal: 0.182169
Greater Heal 1 hazz, casts: 18, avg: 1247.56, 2.24929%, cast time 0.771098% of in combat, overheal: 0.323737
Greater Heal 2 hazz, casts: 10, avg: 1654.57, 1.65729%, cast time 0.428388% of in combat, overheal: 0.22187
Greater Heal 3 hazz, casts: 14, avg: 1825.28, 2.55959%, cast time 0.599743% of in combat, overheal: 0.255521
Greater Heal 4, casts: 9, avg: 2643.81, 2.38334%, cast time 0.642582% of in combat, overheal: 0.066834
Greater Heal 4 hazz, casts: 46, avg: 2589, 11.929%, cast time 1.97058% of in combat, overheal: 0.0861816
Heal 2, casts: 24, avg: 1220.37, 2.93371%, cast time 1.71355% of in combat, overheal: 0.0741758
Heal 4, casts: 7, avg: 1595.6, 1.11875%, cast time 0.499786% of in combat, overheal: 0.197843
Total time casting: 1298.5, which is: 37.0841% of time in combat.
Total hps: 285.123, raw hps: 323.89, oh: 0.119691
Deficit time sum: 1.22639e+11, baseline: 4.54739e+11
Deficit*time change / s: 9.48451e+07 hp
Number of combats: 51
Average mana at start of combat: 10464.7
Average mana at end of combat: 8932
Other players with hps > 100:
  Boriz : 167.173 hps
  Bosskar : 194.093 hps
  Effeks : 153.646 hps
  Gorkenut : 139.132 hps
  Jeromee : 191.869 hps
  Pecans : 163.195 hps
  Pjuske : 133.873 hps
  Sebus : 197.748 hps
  Shice : 161.783 hps
  Smorisa : 165.881 hps
  Tradbull : 128.747 hps
Reading locked from: no-locks
Setting tag name to: faint_aq40_speed_phase5
.
*** NEW BEST (1): 339.271

*** NEW BEST (1): 341.78

*** NEW BEST (1): 349.057

*** NEW BEST (1): 349.289

*** NEW BEST (1): 351.365

*** NEW BEST (1): 352.566

*** NEW BEST (1): 352.829

*** NEW BEST (1): 354.888

*** NEW BEST (1): 355.797

*** NEW BEST (1): 357.954
Temporary bans and partial set bonuses off.
.
*** NEW BEST (0): 356.095
chest : robes of transcendence -> robes of the guardian saint => val: 356.095 -> 356.597

*** NEW BEST (0): 356.597
shoulders : ternary mantle -> zandalar confessor's mantle => val: 356.597 -> 357.256

*** NEW BEST (0): 357.256
legs : leggings of transcendence -> empowered leggings => val: 357.256 -> 358.562

*** NEW BEST (0): 358.562
***** INTERMEDIATE RESULTS *****
Iteration: 2
 ----------------------------
 --- head --- 
name: crystal adorned crown
slot: head
intelligence: 14
spirit: 13
sp_healing: 92
armor: 85
 ----------------------------
 --- neck --- 
name: amulet of the fallen god
slot: neck
intelligence: 11
sp_healing: 57
mp5: 6
 ----------------------------
 --- shoulders --- 
name: zandalar confessor's mantle
slot: shoulders
intelligence: 24
stamina: 11
spirit: 15
sp_healing: 22
armor: 78
 ----------------------------
 --- back --- 
name: cloak of clarity
slot: back
intelligence: 12
stamina: 6
spirit: 7
sp_healing: 40
mp5: 8
armor: 66
 ----------------------------
 --- chest --- 
name: robes of the guardian saint
slot: chest
intelligence: 22
stamina: 20
sp_healing: 70
mp5: 7
armor: 117
 ----------------------------
 --- wrists --- 
name: bracelets of royal redemption
slot: wrists
intelligence: 10
stamina: 8
spirit: 9
sp_healing: 53
armor: 54
 ----------------------------
 ---  --- 
name: 
slot: 
 ----------------------------
 --- main hand --- 
name: scepter of the false prophet
slot: main hand
intelligence: 19
stamina: 10
sp_healing: 187
mp5: 3
 ----------------------------
 ---  --- 
name: 
slot: 
 ----------------------------
 --- off hand --- 
name: sartura's might
slot: off hand
intelligence: 6
stamina: 6
sp_healing: 51
mp5: 6
 ----------------------------
 --- ranged --- 
name: lunar wand of healing
slot: ranged
sp_healing: 20
 ----------------------------
 --- hands --- 
name: atal'ai hands of healing
slot: hands
sp: 9
sp_healing: 44
armor: 47
 ----------------------------
 --- waist --- 
name: grasp of the old god
slot: waist
intelligence: 19
stamina: 15
sp_healing: 59
mp5: 7
armor: 75
 ----------------------------
 --- legs --- 
name: empowered leggings
slot: legs
intelligence: 12
stamina: 12
spirit: 24
sp_healing: 77
spell_crit: 1
armor: 103
 ----------------------------
 --- feet --- 
name: boots of pure thought
slot: feet
intelligence: 12
stamina: 8
spirit: 12
sp_healing: 62
armor: 74
 ----------------------------
 --- finger --- 
name: pure elementium band
slot: finger
intelligence: 10
stamina: 9
spirit: 10
sp_healing: 53
 ----------------------------
 --- finger --- 
name: ring of the martyr
slot: finger
stamina: 10
sp_healing: 51
mp5: 5
 ----------------------------
 --- trinket --- 
name: hazza'rah's charm of healing
slot: trinket
 ----------------------------
 --- trinket --- 
name: rejuvenating gem
slot: trinket
sp_healing: 66
mp5: 9
 ----------------------------
 --- Set bonuses ---
name: confessor's 2 hazza'rah's 1 
slot: Set bonuses
sp: 23
------------------
Best value: 358.562
------------------
Char stats: 
Effective hp: 8521.6
Effective mana (100 s, 33 % out of fsr): 16631.3
Raw max mana: 10319.5
Int: 408.48
Stam: 392.38
Spirit: 396.98
Strength: 79.58
Agility: 84.18
All stats multiplier (taken into account above): 1.15
Bonus mana: 2000
Bonus hp: 0
Mp5: 201
Sp: 32
Sp shadow: 0
Sp healing: 1164
Spell crit: 19
Spell hit: 0
Arcane res: 27
Nature res: 27
Fire res: 27
Frost res: 27
Shadow res: 27
Armor: 2897.75
Defense: 300
Dodge: 0
Parry: 0
HpsPvp: 1054.09
ShadowDps: 224.52
Value pvp healing: 2078.61
Value pvp shadow: 94.3025
Effective hp-pvp: 10605.8
Effecctive mana for 100 s, 0.33 fsr: 18279
------------------
Best counts:
oh_limit: 0.5
time_left_mul: 2.9
total_deficit_to_pop_trinkets: 8823.95
in combat total: 3501.5
Flash Heal 1, casts: 32, avg: 644.745, 1.63516%, cast time 1.37084% of in combat, overheal: 0.160702
Flash Heal 2, casts: 6, avg: 845.32, 0.401971%, cast time 0.257033% of in combat, overheal: 0.0110718
Flash Heal 3, casts: 7, avg: 927.722, 0.514681%, cast time 0.299871% of in combat, overheal: 0.00726283
Flash Heal 4, casts: 8, avg: 829.382, 0.525856%, cast time 0.34271% of in combat, overheal: 0.186493
Flash Heal 5, casts: 11, avg: 1143.29, 0.996714%, cast time 0.471227% of in combat, overheal: 0.0121218
Flash Heal 6, casts: 12, avg: 1214.9, 1.15543%, cast time 0.514065% of in combat, overheal: 0.0683987
Flash Heal 7, casts: 95, avg: 1414.09, 10.6469%, cast time 4.06968% of in combat, overheal: 0.0529223
Greater Heal 1, casts: 29, avg: 1727.9, 3.97136%, cast time 2.07054% of in combat, overheal: 0.179881
Greater Heal 1 hazz, casts: 28, avg: 1741.14, 3.86379%, cast time 1.19949% of in combat, overheal: 0.1736
Greater Heal 2 hazz, casts: 13, avg: 2305.98, 2.37586%, cast time 0.556904% of in combat, overheal: 0.0338224
Greater Heal 3 hazz, casts: 9, avg: 2380.74, 1.69815%, cast time 0.385549% of in combat, overheal: 0.121529
Greater Heal 4, casts: 118, avg: 2815.86, 26.3339%, cast time 8.42496% of in combat, overheal: 0.0884634
Greater Heal 4 hazz, casts: 36, avg: 2858.52, 8.15579%, cast time 1.5422% of in combat, overheal: 0.0746514
Heal 2, casts: 191, avg: 1361.65, 20.612%, cast time 13.637% of in combat, overheal: 0.140995
Heal 4, casts: 103, avg: 2096.3, 17.1125%, cast time 7.35399% of in combat, overheal: 0.0691326
Total time casting: 1488, which is: 42.4961% of time in combat.
Total hps: 360.349, raw hps: 399.997, oh: 0.0991189
Deficit time sum: 1.09961e+11, baseline: 4.54739e+11
Deficit*time change / s: 9.84659e+07 hp
Number of combats: 51
Average mana at start of combat: 10220.5
Average mana at end of combat: 8988.85
Other players with hps > 100:
  Boriz : 160.345 hps
  Bosskar : 184.931 hps
  Effeks : 147.738 hps
  Gorkenut : 135.655 hps
  Jeromee : 185.613 hps
  Pecans : 156.783 hps
  Pjuske : 128.091 hps
  Sebus : 193.539 hps
  Shice : 157.74 hps
  Smorisa : 160.013 hps
  Tradbull : 126.709 hps
------------------
Upgrades: 
( following sorted by alt scores, no specials )
benediction, , , (8.37766) -> , scepter of the false prophet, , sartura's might(16.4904) : 8.11279 = +2.30322%
zulian headdress(4.03375) -> crystal adorned crown(6.4805) : 2.44675 = +0.683635%
whipvine cord(2.31223) -> grasp of the old god(4.39511) : 2.08289 = +0.581379%
boots of transcendence(2.75351) -> boots of pure thought(4.43451) : 1.681 = +0.468678%
bindings of transcendence(2.54193) -> bracelets of royal redemption(3.77786) : 1.23593 = +0.344162%
fordring's seal(2.56042) -> ring of the martyr(3.48877) : 0.928345 = +0.258289%
jin'do's evil eye(3.17474) -> amulet of the fallen god(4.10229) : 0.927551 = +0.258068%
handguards of transcendence(2.71252) -> atal'ai hands of healing(3.53983) : 0.827301 = +0.230111%
dragon's touch(0.614868) -> lunar wand of healing(1.33578) : 0.720917 = +0.200462%
truefaith vestments(4.97464) -> robes of the guardian saint(5.18332) : 0.208679 = +0.0579438%
hide of the wild(2.98358) -> cloak of clarity(3.06406) : 0.0804749 = +0.0223374%
zandalar confessor's mantle(3.53308) -> zandalar confessor's mantle(3.53308) : 0 = +0%
empowered leggings(5.84848) -> empowered leggings(5.84848) : 0 = +0%
pure elementium band(3.78448) -> pure elementium band(3.78448) : 0 = +0%
hazza'rah's charm of healing(21.6845) -> hazza'rah's charm of healing(21.6845) : 0 = +0%
rejuvenating gem(4.55661) -> rejuvenating gem(4.55661) : 0 = +0%
------------------
~~~~ end of intermediate results ~~~~
Temporary bans and partial set bonuses on.
..
*** NEW BEST (1): 359.258
Temporary bans and partial set bonuses off.
.***** INTERMEDIATE RESULTS *****
Iteration: 5
 ----------------------------
 --- head --- 
name: crystal adorned crown
slot: head
intelligence: 14
spirit: 13
sp_healing: 92
armor: 85
 ----------------------------
 --- neck --- 
name: amulet of the fallen god
slot: neck
intelligence: 11
sp_healing: 57
mp5: 6
 ----------------------------
 --- shoulders --- 
name: zandalar confessor's mantle
slot: shoulders
intelligence: 24
stamina: 11
spirit: 15
sp_healing: 22
armor: 78
 ----------------------------
 --- back --- 
name: cloak of clarity
slot: back
intelligence: 12
stamina: 6
spirit: 7
sp_healing: 40
mp5: 8
armor: 66
 ----------------------------
 --- chest --- 
name: robes of transcendence
slot: chest
intelligence: 27
stamina: 17
spirit: 16
sp_healing: 57
nature_res: 10
fire_res: 10
armor: 116
 ----------------------------
 --- wrists --- 
name: bracelets of royal redemption
slot: wrists
intelligence: 10
stamina: 8
spirit: 9
sp_healing: 53
armor: 54
 ----------------------------
 ---  --- 
name: 
slot: 
 ----------------------------
 --- main hand --- 
name: scepter of the false prophet
slot: main hand
intelligence: 19
stamina: 10
sp_healing: 187
mp5: 3
 ----------------------------
 ---  --- 
name: 
slot: 
 ----------------------------
 --- off hand --- 
name: sartura's might
slot: off hand
intelligence: 6
stamina: 6
sp_healing: 51
mp5: 6
 ----------------------------
 --- ranged --- 
name: lunar wand of healing
slot: ranged
sp_healing: 20
 ----------------------------
 --- hands --- 
name: handguards of transcendence
slot: hands
intelligence: 20
stamina: 12
spirit: 13
sp_healing: 29
spell_crit: 1
armor: 72
 ----------------------------
 --- waist --- 
name: grasp of the old god
slot: waist
intelligence: 19
stamina: 15
sp_healing: 59
mp5: 7
armor: 75
 ----------------------------
 --- legs --- 
name: empowered leggings
slot: legs
intelligence: 12
stamina: 12
spirit: 24
sp_healing: 77
spell_crit: 1
armor: 103
 ----------------------------
 --- feet --- 
name: boots of pure thought
slot: feet
intelligence: 12
stamina: 8
spirit: 12
sp_healing: 62
armor: 74
 ----------------------------
 --- finger --- 
name: pure elementium band
slot: finger
intelligence: 10
stamina: 9
spirit: 10
sp_healing: 53
 ----------------------------
 --- finger --- 
name: ring of the martyr
slot: finger
stamina: 10
sp_healing: 51
mp5: 5
 ----------------------------
 --- trinket --- 
name: hazza'rah's charm of healing
slot: trinket
 ----------------------------
 --- trinket --- 
name: rejuvenating gem
slot: trinket
sp_healing: 66
mp5: 9
 ----------------------------
 --- Set bonuses ---
name: confessor's 2 hazza'rah's 1 
slot: Set bonuses
sp: 23
------------------
Best value: 358.562
------------------
Char stats: 
Effective hp: 8617.7
Effective mana (100 s, 33 % out of fsr): 17136.1
Raw max mana: 10793.9
Int: 437.23
Stam: 402.73
Spirit: 430.33
Strength: 79.58
Agility: 84.18
All stats multiplier (taken into account above): 1.15
Bonus mana: 2000
Bonus hp: 0
Mp5: 194
Sp: 23
Sp shadow: 0
Sp healing: 1136
Spell crit: 20
Spell hit: 0
Arcane res: 27
Nature res: 37
Fire res: 37
Frost res: 27
Shadow res: 27
Armor: 2921.75
Defense: 300
Dodge: 0
Parry: 0
HpsPvp: 1037.76
ShadowDps: 219.084
Value pvp healing: 2233.62
Value pvp shadow: 99.548
Effective hp-pvp: 10784.2
Effecctive mana for 100 s, 0.33 fsr: 18907
------------------
Best counts:
oh_limit: 0.6
time_left_mul: 2.9
total_deficit_to_pop_trinkets: 9511.68
in combat total: 3501.5
Flash Heal 1, casts: 31, avg: 565.78, 1.41017%, cast time 1.328% of in combat, overheal: 0.249107
Flash Heal 2, casts: 7, avg: 811.784, 0.456879%, cast time 0.299871% of in combat, overheal: 0.0339329
Flash Heal 3, casts: 8, avg: 855.958, 0.550561%, cast time 0.34271% of in combat, overheal: 0.0698513
Flash Heal 4, casts: 11, avg: 958.797, 0.847973%, cast time 0.471227% of in combat, overheal: 0.04642
Flash Heal 5, casts: 12, avg: 1019.73, 0.983854%, cast time 0.514065% of in combat, overheal: 0.108348
Flash Heal 6, casts: 9, avg: 1223.32, 0.88521%, cast time 0.385549% of in combat, overheal: 0.0522885
Flash Heal 7, casts: 97, avg: 1369.33, 10.6793%, cast time 4.15536% of in combat, overheal: 0.0749932
Greater Heal 1, casts: 32, avg: 1746.04, 4.49227%, cast time 2.28473% of in combat, overheal: 0.16024
Greater Heal 1 hazz, casts: 27, avg: 1671.61, 3.62879%, cast time 1.15665% of in combat, overheal: 0.196035
Greater Heal 2 hazz, casts: 15, avg: 2180.49, 2.62971%, cast time 0.642582% of in combat, overheal: 0.075977
Greater Heal 3 hazz, casts: 11, avg: 2469.03, 2.18364%, cast time 0.471227% of in combat, overheal: 0.0801073
Greater Heal 4, casts: 119, avg: 2758.39, 26.3916%, cast time 8.49636% of in combat, overheal: 0.0997725
Greater Heal 4 hazz, casts: 33, avg: 2868.55, 7.61096%, cast time 1.41368% of in combat, overheal: 0.0638196
Heal 2, casts: 222, avg: 1237.05, 22.0801%, cast time 15.8503% of in combat, overheal: 0.204897
Heal 4, casts: 94, avg: 2007.08, 15.169%, cast time 6.71141% of in combat, overheal: 0.0977237
Total time casting: 1559, which is: 44.5238% of time in combat.
Total hps: 355.208, raw hps: 406.805, oh: 0.126835
Deficit time sum: 1.10383e+11, baseline: 4.54739e+11
Deficit*time change / s: 9.83453e+07 hp
Number of combats: 51
Average mana at start of combat: 10679.1
Average mana at end of combat: 9384.41
Other players with hps > 100:
  Boriz : 161.76 hps
  Bosskar : 186.293 hps
  Effeks : 146.969 hps
  Gorkenut : 136.989 hps
  Jeromee : 185.899 hps
  Pecans : 157.529 hps
  Pjuske : 128.457 hps
  Sebus : 194.577 hps
  Shice : 158.462 hps
  Smorisa : 158.738 hps
  Tradbull : 126.033 hps
------------------
Upgrades: 
( following sorted by alt scores, no specials )
benediction, , , (8.37766) -> , scepter of the false prophet, , sartura's might(16.4904) : 8.11279 = +2.33734%
zulian headdress(4.03375) -> crystal adorned crown(6.4805) : 2.44675 = +0.693598%
whipvine cord(2.31223) -> grasp of the old god(4.39511) : 2.08289 = +0.589843%
boots of transcendence(2.75351) -> boots of pure thought(4.43451) : 1.681 = +0.475494%
bindings of transcendence(2.54193) -> bracelets of royal redemption(3.77786) : 1.23593 = +0.34916%
fordring's seal(2.56042) -> ring of the martyr(3.48877) : 0.928345 = +0.262037%
jin'do's evil eye(3.17474) -> amulet of the fallen god(4.10229) : 0.927551 = +0.261813%
dragon's touch(0.614868) -> lunar wand of healing(1.33578) : 0.720917 = +0.203369%
hide of the wild(2.98358) -> cloak of clarity(3.06406) : 0.0804749 = +0.0226608%
zandalar confessor's mantle(3.53308) -> zandalar confessor's mantle(3.53308) : 0 = +0%
handguards of transcendence(2.71252) -> handguards of transcendence(2.71252) : 0 = +0%
empowered leggings(5.84848) -> empowered leggings(5.84848) : 0 = +0%
pure elementium band(3.78448) -> pure elementium band(3.78448) : 0 = +0%
hazza'rah's charm of healing(21.6845) -> hazza'rah's charm of healing(21.6845) : 0 = +0%
rejuvenating gem(4.55661) -> rejuvenating gem(4.55661) : 0 = +0%
truefaith vestments(4.97464) -> robes of transcendence(4.39468) : -0.579956 = +-0.163006%
------------------
~~~~ end of intermediate results ~~~~
Temporary bans and partial set bonuses on.
.
*** NEW BEST (1): 359.411
.Temporary bans and partial set bonuses off.
.chest : robes of transcendence -> robes of the guardian saint => val: 357.175 -> 359.963

*** NEW BEST (0): 359.963
Based on last: 3000 entries, out of total: 5426 entries, (4108 dropped), The least-squares solution is:
Int: 22.9964
Spirit: 10.7437
Sp / Healing: 100
Mp5: 32.2672
Crit: 473.196
T1 3p/piece: 228.101
T2 3p/piece: 1416.93
Hazza'rah's: 28288.4
Darkmoon: 1151.51
100 points == 1 sp == 0.0679996 hps.
shoulders : ternary mantle -> zandalar confessor's mantle => val: 359.963 -> 360.879

*** NEW BEST (0): 360.879
Based on last: 3000 entries, out of total: 5463 entries, (4200 dropped), The least-squares solution is:
Int: 23.2792
Spirit: 10.3493
Sp / Healing: 100
Mp5: 31.0792
Crit: 461.625
T1 3p/piece: 223.697
T2 3p/piece: 1392.51
Hazza'rah's: 28156
Darkmoon: 1146.44
100 points == 1 sp == 0.0683001 hps.
***** INTERMEDIATE RESULTS *****
Iteration: 8
 ----------------------------
 --- head --- 
name: crystal adorned crown
slot: head
intelligence: 14
spirit: 13
sp_healing: 92
armor: 85
 ----------------------------
 --- neck --- 
name: amulet of the fallen god
slot: neck
intelligence: 11
sp_healing: 57
mp5: 6
 ----------------------------
 --- shoulders --- 
name: zandalar confessor's mantle
slot: shoulders
intelligence: 24
stamina: 11
spirit: 15
sp_healing: 22
armor: 78
 ----------------------------
 --- back --- 
name: cloak of clarity
slot: back
intelligence: 12
stamina: 6
spirit: 7
sp_healing: 40
mp5: 8
armor: 66
 ----------------------------
 --- chest --- 
name: robes of the guardian saint
slot: chest
intelligence: 22
stamina: 20
sp_healing: 70
mp5: 7
armor: 117
 ----------------------------
 --- wrists --- 
name: bracelets of royal redemption
slot: wrists
intelligence: 10
stamina: 8
spirit: 9
sp_healing: 53
armor: 54
 ----------------------------
 ---  --- 
name: 
slot: 
 ----------------------------
 --- main hand --- 
name: scepter of the false prophet
slot: main hand
intelligence: 19
stamina: 10
sp_healing: 187
mp5: 3
 ----------------------------
 ---  --- 
name: 
slot: 
 ----------------------------
 --- off hand --- 
name: sartura's might
slot: off hand
intelligence: 6
stamina: 6
sp_healing: 51
mp5: 6
 ----------------------------
 --- ranged --- 
name: lunar wand of healing
slot: ranged
sp_healing: 20
 ----------------------------
 --- hands --- 
name: atal'ai hands of healing
slot: hands
sp: 9
sp_healing: 44
armor: 47
 ----------------------------
 --- waist --- 
name: grasp of the old god
slot: waist
intelligence: 19
stamina: 15
sp_healing: 59
mp5: 7
armor: 75
 ----------------------------
 --- legs --- 
name: empowered leggings
slot: legs
intelligence: 12
stamina: 12
spirit: 24
sp_healing: 77
spell_crit: 1
armor: 103
 ----------------------------
 --- feet --- 
name: boots of pure thought
slot: feet
intelligence: 12
stamina: 8
spirit: 12
sp_healing: 62
armor: 74
 ----------------------------
 --- finger --- 
name: pure elementium band
slot: finger
intelligence: 10
stamina: 9
spirit: 10
sp_healing: 53
 ----------------------------
 --- finger --- 
name: ring of the martyr
slot: finger
stamina: 10
sp_healing: 51
mp5: 5
 ----------------------------
 --- trinket --- 
name: hazza'rah's charm of healing
slot: trinket
 ----------------------------
 --- trinket --- 
name: rejuvenating gem
slot: trinket
sp_healing: 66
mp5: 9
 ----------------------------
 --- Set bonuses ---
name: confessor's 2 hazza'rah's 1 
slot: Set bonuses
sp: 23
------------------
Best value: 360.879
------------------
Char stats: 
Effective hp: 8521.6
Effective mana (100 s, 33 % out of fsr): 16631.3
Raw max mana: 10319.5
Int: 408.48
Stam: 392.38
Spirit: 396.98
Strength: 79.58
Agility: 84.18
All stats multiplier (taken into account above): 1.15
Bonus mana: 2000
Bonus hp: 0
Mp5: 201
Sp: 32
Sp shadow: 0
Sp healing: 1164
Spell crit: 19
Spell hit: 0
Arcane res: 27
Nature res: 27
Fire res: 27
Frost res: 27
Shadow res: 27
Armor: 2897.75
Defense: 300
Dodge: 0
Parry: 0
HpsPvp: 1054.09
ShadowDps: 224.52
Value pvp healing: 2078.61
Value pvp shadow: 94.3025
Effective hp-pvp: 10605.8
Effecctive mana for 100 s, 0.33 fsr: 18279
------------------
Best counts:
oh_limit: 0.5
time_left_mul: 2.9
total_deficit_to_pop_trinkets: 8584.3
in combat total: 3501.5
Flash Heal 1, casts: 32, avg: 644.745, 1.63276%, cast time 1.37084% of in combat, overheal: 0.160702
Flash Heal 2, casts: 6, avg: 845.32, 0.401381%, cast time 0.257033% of in combat, overheal: 0.0110718
Flash Heal 3, casts: 7, avg: 927.722, 0.513926%, cast time 0.299871% of in combat, overheal: 0.00726283
Flash Heal 4, casts: 8, avg: 829.382, 0.525084%, cast time 0.34271% of in combat, overheal: 0.186493
Flash Heal 5, casts: 11, avg: 1143.29, 0.995251%, cast time 0.471227% of in combat, overheal: 0.0121218
Flash Heal 6, casts: 12, avg: 1214.9, 1.15373%, cast time 0.514065% of in combat, overheal: 0.0683987
Flash Heal 7, casts: 95, avg: 1414.09, 10.6313%, cast time 4.06968% of in combat, overheal: 0.0529223
Greater Heal 1, casts: 32, avg: 1756.87, 4.44913%, cast time 2.28473% of in combat, overheal: 0.16613
Greater Heal 1 hazz, casts: 29, avg: 1753.75, 4.02485%, cast time 1.24232% of in combat, overheal: 0.167614
Greater Heal 2 hazz, casts: 14, avg: 2311.75, 2.56126%, cast time 0.599743% of in combat, overheal: 0.0314066
Greater Heal 3 hazz, casts: 10, avg: 2337.27, 1.84966%, cast time 0.428388% of in combat, overheal: 0.13757
Greater Heal 4, casts: 119, avg: 2818.15, 26.5397%, cast time 8.49636% of in combat, overheal: 0.08772
Greater Heal 4 hazz, casts: 35, avg: 2829.33, 7.83674%, cast time 1.49936% of in combat, overheal: 0.0841027
Heal 2, casts: 191, avg: 1361.65, 20.5818%, cast time 13.637% of in combat, overheal: 0.140995
Heal 4, casts: 98, avg: 2102.18, 16.3035%, cast time 6.997% of in combat, overheal: 0.0665203
Total time casting: 1488.5, which is: 42.5103% of time in combat.
Total hps: 360.879, raw hps: 400.643, oh: 0.0992513
Deficit time sum: 1.10018e+11, baseline: 4.54739e+11
Deficit*time change / s: 9.84496e+07 hp
Number of combats: 51
Average mana at start of combat: 10220.5
Average mana at end of combat: 8988.65
Other players with hps > 100:
  Boriz : 160.386 hps
  Bosskar : 185.18 hps
  Effeks : 147.931 hps
  Gorkenut : 135.173 hps
  Jeromee : 185.4 hps
  Pecans : 156.783 hps
  Pjuske : 128.091 hps
  Sebus : 193.721 hps
  Shice : 157.62 hps
  Smorisa : 160.013 hps
  Tradbull : 126.329 hps
------------------
Upgrades: 
( following sorted by alt scores, no specials )
benediction, , , (8.44812) -> , scepter of the false prophet, , sartura's might(16.844) : 8.39584 = +2.38191%
zulian headdress(4.09396) -> crystal adorned crown(6.59811) : 2.50415 = +0.698752%
whipvine cord(2.37186) -> grasp of the old god(4.48041) : 2.10855 = +0.587716%
boots of transcendence(2.78098) -> boots of pure thought(4.51022) : 1.72925 = +0.481484%
bindings of transcendence(2.5737) -> bracelets of royal redemption(3.84253) : 1.26883 = +0.352835%
fordring's seal(2.6066) -> ring of the martyr(3.58945) : 0.982849 = +0.273092%
jin'do's evil eye(3.2225) -> amulet of the fallen god(4.19537) : 0.97287 = +0.270312%
handguards of transcendence(2.70587) -> atal'ai hands of healing(3.6199) : 0.914032 = +0.253922%
dragon's touch(0.600586) -> lunar wand of healing(1.366) : 0.765411 = +0.212547%
truefaith vestments(5.11328) -> robes of the guardian saint(5.27939) : 0.166107 = +0.0460497%
hide of the wild(3.02762) -> cloak of clarity(3.14209) : 0.114471 = +0.0317302%
zandalar confessor's mantle(3.56113) -> zandalar confessor's mantle(3.56113) : 0 = +0%
empowered leggings(5.93484) -> empowered leggings(5.93484) : 0 = +0%
pure elementium band(3.84958) -> pure elementium band(3.84958) : 0 = +0%
hazza'rah's charm of healing(20.8015) -> hazza'rah's charm of healing(20.8015) : 0 = +0%
rejuvenating gem(4.69885) -> rejuvenating gem(4.69885) : 0 = +0%
------------------
~~~~ end of intermediate results ~~~~
Temporary bans and partial set bonuses on.
.
*** NEW BEST (1): 361.087
Based on last: 3000 entries, out of total: 5485 entries, (4281 dropped), The least-squares solution is:
Int: 23.1733
Spirit: 10.6967
Sp / Healing: 100
Mp5: 31.4944
Crit: 461.864
T1 3p/piece: 279.086
T2 3p/piece: 1384.77
Hazza'rah's: 28119.5
Darkmoon: 1160.97
100 points == 1 sp == 0.0683801 hps.
.Temporary bans and partial set bonuses off.
.shoulders : ternary mantle -> zandalar confessor's mantle => val: 350.9 -> 351.052
Swapping to best matching bonuses: 
    hazza'rah's charm of healing -> hazza'rah's charm of healing
    zandalar confessor's mantle -> zandalar confessor's mantle
    bracelets of royal redemption -> bindings of transcendence
    handguards of transcendence -> handguards of transcendence
    robes of transcendence -> robes of transcendence
    halo of transcendence -> crystal adorned crown
    value from: 351.052 -> 353.35
***** INTERMEDIATE RESULTS *****
Iteration: 11
 ----------------------------
 --- head --- 
name: crystal adorned crown
slot: head
intelligence: 14
spirit: 13
sp_healing: 92
armor: 85
 ----------------------------
 --- neck --- 
name: amulet of the fallen god
slot: neck
intelligence: 11
sp_healing: 57
mp5: 6
 ----------------------------
 --- shoulders --- 
name: zandalar confessor's mantle
slot: shoulders
intelligence: 24
stamina: 11
spirit: 15
sp_healing: 22
armor: 78
 ----------------------------
 --- back --- 
name: cloak of clarity
slot: back
intelligence: 12
stamina: 6
spirit: 7
sp_healing: 40
mp5: 8
armor: 66
 ----------------------------
 --- chest --- 
name: robes of the guardian saint
slot: chest
intelligence: 22
stamina: 20
sp_healing: 70
mp5: 7
armor: 117
 ----------------------------
 --- wrists --- 
name: bracelets of royal redemption
slot: wrists
intelligence: 10
stamina: 8
spirit: 9
sp_healing: 53
armor: 54
 ----------------------------
 ---  --- 
name: 
slot: 
 ----------------------------
 --- main hand --- 
name: scepter of the false prophet
slot: main hand
intelligence: 19
stamina: 10
sp_healing: 187
mp5: 3
 ----------------------------
 ---  --- 
name: 
slot: 
 ----------------------------
 --- off hand --- 
name: sartura's might
slot: off hand
intelligence: 6
stamina: 6
sp_healing: 51
mp5: 6
 ----------------------------
 --- ranged --- 
name: lunar wand of healing
slot: ranged
sp_healing: 20
 ----------------------------
 --- hands --- 
name: atal'ai hands of healing
slot: hands
sp: 9
sp_healing: 44
armor: 47
 ----------------------------
 --- waist --- 
name: grasp of the old god
slot: waist
intelligence: 19
stamina: 15
sp_healing: 59
mp5: 7
armor: 75
 ----------------------------
 --- legs --- 
name: empowered leggings
slot: legs
intelligence: 12
stamina: 12
spirit: 24
sp_healing: 77
spell_crit: 1
armor: 103
 ----------------------------
 --- feet --- 
name: boots of pure thought
slot: feet
intelligence: 12
stamina: 8
spirit: 12
sp_healing: 62
armor: 74
 ----------------------------
 --- finger --- 
name: pure elementium band
slot: finger
intelligence: 10
stamina: 9
spirit: 10
sp_healing: 53
 ----------------------------
 --- finger --- 
name: ring of the martyr
slot: finger
stamina: 10
sp_healing: 51
mp5: 5
 ----------------------------
 --- trinket --- 
name: hazza'rah's charm of healing
slot: trinket
 ----------------------------
 --- trinket --- 
name: rejuvenating gem
slot: trinket
sp_healing: 66
mp5: 9
 ----------------------------
 --- Set bonuses ---
name: confessor's 2 hazza'rah's 1 
slot: Set bonuses
sp: 23
------------------
Best value: 360.879
------------------
Char stats: 
Effective hp: 8521.6
Effective mana (100 s, 33 % out of fsr): 16631.3
Raw max mana: 10319.5
Int: 408.48
Stam: 392.38
Spirit: 396.98
Strength: 79.58
Agility: 84.18
All stats multiplier (taken into account above): 1.15
Bonus mana: 2000
Bonus hp: 0
Mp5: 201
Sp: 32
Sp shadow: 0
Sp healing: 1164
Spell crit: 19
Spell hit: 0
Arcane res: 27
Nature res: 27
Fire res: 27
Frost res: 27
Shadow res: 27
Armor: 2897.75
Defense: 300
Dodge: 0
Parry: 0
HpsPvp: 1037.48
ShadowDps: 224.52
Value pvp healing: 2229.55
Value pvp shadow: 104.415
Effective hp-pvp: 10605.8
Effecctive mana for 100 s, 0.33 fsr: 18279
------------------
Best counts:
oh_limit: 0.6
time_left_mul: 2.9
total_deficit_to_pop_trinkets: 5624.16
in combat total: 3501.5
Flash Heal 1, casts: 29, avg: 592.026, 1.3738%, cast time 1.24232% of in combat, overheal: 0.22933
Flash Heal 2, casts: 6, avg: 845.32, 0.405842%, cast time 0.257033% of in combat, overheal: 0.0110718
Flash Heal 3, casts: 8, avg: 862.507, 0.552125%, cast time 0.34271% of in combat, overheal: 0.0770484
Flash Heal 4, casts: 6, avg: 878.343, 0.421696%, cast time 0.257033% of in combat, overheal: 0.138469
Flash Heal 5, casts: 10, avg: 1101.45, 0.881355%, cast time 0.428388% of in combat, overheal: 0.0482697
Flash Heal 6, casts: 9, avg: 1232.17, 0.887359%, cast time 0.385549% of in combat, overheal: 0.0551499
Flash Heal 7, casts: 95, avg: 1374.45, 10.4481%, cast time 4.06968% of in combat, overheal: 0.0794739
Greater Heal 1, casts: 28, avg: 1747.58, 3.91543%, cast time 1.99914% of in combat, overheal: 0.170543
Greater Heal 1 hazz, casts: 40, avg: 1594.96, 5.10499%, cast time 1.71355% of in combat, overheal: 0.242979
Greater Heal 2 hazz, casts: 12, avg: 2007.97, 1.92807%, cast time 0.514065% of in combat, overheal: 0.158686
Greater Heal 3 hazz, casts: 8, avg: 2473.95, 1.58367%, cast time 0.34271% of in combat, overheal: 0.0871368
Greater Heal 4, casts: 119, avg: 2793.4, 26.599%, cast time 8.49636% of in combat, overheal: 0.0957318
Greater Heal 4 hazz, casts: 34, avg: 2830.51, 7.70067%, cast time 1.45652% of in combat, overheal: 0.0837189
Heal 2, casts: 217, avg: 1258.22, 21.8475%, cast time 15.4934% of in combat, overheal: 0.20624
Heal 4, casts: 99, avg: 2063.99, 16.3504%, cast time 7.0684% of in combat, overheal: 0.0834802
Total time casting: 1543, which is: 44.0668% of time in combat.
Total hps: 356.912, raw hps: 411.054, oh: 0.131715
Deficit time sum: 1.10565e+11, baseline: 4.54739e+11
Deficit*time change / s: 9.82932e+07 hp
Number of combats: 51
Average mana at start of combat: 10213
Average mana at end of combat: 8982.81
Other players with hps > 100:
  Boriz : 160.014 hps
  Bosskar : 185.887 hps
  Effeks : 147.819 hps
  Gorkenut : 135.428 hps
  Jeromee : 186.35 hps
  Pecans : 157.17 hps
  Pjuske : 128.29 hps
  Sebus : 195.509 hps
  Shice : 158.045 hps
  Smorisa : 159.39 hps
  Tradbull : 126.533 hps
------------------
Upgrades: 
( following sorted by alt scores, no specials )
benediction, , , (8.45892) -> , scepter of the false prophet, , sartura's might(16.8644) : 8.40552 = +2.41187%
zulian headdress(4.10098) -> crystal adorned crown(6.60791) : 2.50693 = +0.707362%
whipvine cord(2.37576) -> grasp of the old god(4.48624) : 2.11047 = +0.594832%
boots of transcendence(2.78702) -> boots of pure thought(4.51749) : 1.73047 = +0.487207%
bindings of transcendence(2.57956) -> bracelets of royal redemption(3.84842) : 1.26886 = +0.356779%
fordring's seal(2.60928) -> ring of the martyr(3.59506) : 0.985779 = +0.276962%
jin'do's evil eye(3.22693) -> amulet of the fallen god(4.20117) : 0.974243 = +0.273712%
handguards of transcendence(2.71085) -> atal'ai hands of healing(3.62415) : 0.9133 = +0.256546%
dragon's touch(0.600433) -> lunar wand of healing(1.36761) : 0.767181 = +0.215413%
truefaith vestments(5.12097) -> robes of the guardian saint(5.28598) : 0.165009 = +0.0462537%
hide of the wild(3.03043) -> cloak of clarity(3.14883) : 0.118408 = +0.0331867%
zandalar confessor's mantle(3.56711) -> zandalar confessor's mantle(3.56711) : 0 = +0%
empowered leggings(5.94678) -> empowered leggings(5.94678) : 0 = +0%
pure elementium band(3.85574) -> pure elementium band(3.85574) : 0 = +0%
hazza'rah's charm of healing(20.8009) -> hazza'rah's charm of healing(20.8009) : 0 = +0%
rejuvenating gem(4.70691) -> rejuvenating gem(4.70691) : 0 = +0%
------------------
~~~~ end of intermediate results ~~~~
Same items for intermediate results again, ending optimization. 
 ----------------------------
 --- head --- 
name: crystal adorned crown
slot: head
intelligence: 14
spirit: 13
sp_healing: 92
armor: 85
 ----------------------------
 --- neck --- 
name: amulet of the fallen god
slot: neck
intelligence: 11
sp_healing: 57
mp5: 6
 ----------------------------
 --- shoulders --- 
name: zandalar confessor's mantle
slot: shoulders
intelligence: 24
stamina: 11
spirit: 15
sp_healing: 22
armor: 78
 ----------------------------
 --- back --- 
name: cloak of clarity
slot: back
intelligence: 12
stamina: 6
spirit: 7
sp_healing: 40
mp5: 8
armor: 66
 ----------------------------
 --- chest --- 
name: robes of the guardian saint
slot: chest
intelligence: 22
stamina: 20
sp_healing: 70
mp5: 7
armor: 117
 ----------------------------
 --- wrists --- 
name: bracelets of royal redemption
slot: wrists
intelligence: 10
stamina: 8
spirit: 9
sp_healing: 53
armor: 54
 ----------------------------
 ---  --- 
name: 
slot: 
 ----------------------------
 --- main hand --- 
name: scepter of the false prophet
slot: main hand
intelligence: 19
stamina: 10
sp_healing: 187
mp5: 3
 ----------------------------
 ---  --- 
name: 
slot: 
 ----------------------------
 --- off hand --- 
name: sartura's might
slot: off hand
intelligence: 6
stamina: 6
sp_healing: 51
mp5: 6
 ----------------------------
 --- ranged --- 
name: lunar wand of healing
slot: ranged
sp_healing: 20
 ----------------------------
 --- hands --- 
name: atal'ai hands of healing
slot: hands
sp: 9
sp_healing: 44
armor: 47
 ----------------------------
 --- waist --- 
name: grasp of the old god
slot: waist
intelligence: 19
stamina: 15
sp_healing: 59
mp5: 7
armor: 75
 ----------------------------
 --- legs --- 
name: empowered leggings
slot: legs
intelligence: 12
stamina: 12
spirit: 24
sp_healing: 77
spell_crit: 1
armor: 103
 ----------------------------
 --- feet --- 
name: boots of pure thought
slot: feet
intelligence: 12
stamina: 8
spirit: 12
sp_healing: 62
armor: 74
 ----------------------------
 --- finger --- 
name: pure elementium band
slot: finger
intelligence: 10
stamina: 9
spirit: 10
sp_healing: 53
 ----------------------------
 --- finger --- 
name: ring of the martyr
slot: finger
stamina: 10
sp_healing: 51
mp5: 5
 ----------------------------
 --- trinket --- 
name: hazza'rah's charm of healing
slot: trinket
 ----------------------------
 --- trinket --- 
name: rejuvenating gem
slot: trinket
sp_healing: 66
mp5: 9
 ----------------------------
 --- Set bonuses ---
name: confessor's 2 hazza'rah's 1 
slot: Set bonuses
sp: 23
------------------
Char stats: 
Effective hp: 8521.6
Effective mana (100 s, 33 % out of fsr): 16631.3
Raw max mana: 10319.5
Int: 408.48
Stam: 392.38
Spirit: 396.98
Strength: 79.58
Agility: 84.18
All stats multiplier (taken into account above): 1.15
Bonus mana: 2000
Bonus hp: 0
Mp5: 201
Sp: 32
Sp shadow: 0
Sp healing: 1164
Spell crit: 19
Spell hit: 0
Arcane res: 27
Nature res: 27
Fire res: 27
Frost res: 27
Shadow res: 27
Armor: 2897.75
Defense: 300
Dodge: 0
Parry: 0
HpsPvp: 1054.09
ShadowDps: 224.52
Value pvp healing: 2078.61
Value pvp shadow: 94.3025
Effective hp-pvp: 10605.8
Effecctive mana for 100 s, 0.33 fsr: 18279
------------------
Best counts:
oh_limit: 0.6
time_left_mul: 2.9
total_deficit_to_pop_trinkets: 5624.16
in combat total: 3501.5
Flash Heal 1, casts: 29, avg: 592.026, 1.3738%, cast time 1.24232% of in combat, overheal: 0.22933
Flash Heal 2, casts: 6, avg: 845.32, 0.405842%, cast time 0.257033% of in combat, overheal: 0.0110718
Flash Heal 3, casts: 8, avg: 862.507, 0.552125%, cast time 0.34271% of in combat, overheal: 0.0770484
Flash Heal 4, casts: 6, avg: 878.343, 0.421696%, cast time 0.257033% of in combat, overheal: 0.138469
Flash Heal 5, casts: 10, avg: 1101.45, 0.881355%, cast time 0.428388% of in combat, overheal: 0.0482697
Flash Heal 6, casts: 9, avg: 1232.17, 0.887359%, cast time 0.385549% of in combat, overheal: 0.0551499
Flash Heal 7, casts: 95, avg: 1374.45, 10.4481%, cast time 4.06968% of in combat, overheal: 0.0794739
Greater Heal 1, casts: 28, avg: 1747.58, 3.91543%, cast time 1.99914% of in combat, overheal: 0.170543
Greater Heal 1 hazz, casts: 40, avg: 1594.96, 5.10499%, cast time 1.71355% of in combat, overheal: 0.242979
Greater Heal 2 hazz, casts: 12, avg: 2007.97, 1.92807%, cast time 0.514065% of in combat, overheal: 0.158686
Greater Heal 3 hazz, casts: 8, avg: 2473.95, 1.58367%, cast time 0.34271% of in combat, overheal: 0.0871368
Greater Heal 4, casts: 119, avg: 2793.4, 26.599%, cast time 8.49636% of in combat, overheal: 0.0957318
Greater Heal 4 hazz, casts: 34, avg: 2830.51, 7.70067%, cast time 1.45652% of in combat, overheal: 0.0837189
Heal 2, casts: 217, avg: 1258.22, 21.8475%, cast time 15.4934% of in combat, overheal: 0.20624
Heal 4, casts: 99, avg: 2063.99, 16.3504%, cast time 7.0684% of in combat, overheal: 0.0834802
Total time casting: 1543, which is: 44.0668% of time in combat.
Total hps: 356.912, raw hps: 411.054, oh: 0.131715
Deficit time sum: 1.10565e+11, baseline: 4.54739e+11
Deficit*time change / s: 9.82932e+07 hp
Number of combats: 51
Average mana at start of combat: 10213
Average mana at end of combat: 8982.81
Other players with hps > 100:
  Boriz : 160.014 hps
  Bosskar : 185.887 hps
  Effeks : 147.819 hps
  Gorkenut : 135.428 hps
  Jeromee : 186.35 hps
  Pecans : 157.17 hps
  Pjuske : 128.29 hps
  Sebus : 195.509 hps
  Shice : 158.045 hps
  Smorisa : 159.39 hps
  Tradbull : 126.533 hps
------------------
Based on last: 3000 entries, out of total: 7217 entries, (6623 dropped), The least-squares solution is:
Int: 18.7896
Spirit: 0
Sp / Healing: 100
Mp5: 4.25398
Crit: 611.784
T1 3p/piece: 584.349
T2 3p/piece: 2011.64
Hazza'rah's: 27854.1
Darkmoon: 1022.75
100 points == 1 sp == 0.0683859 hps.
Appended tag:
( Pawn: v1: "faint_aq40_speed_phase5": Intellect=18.7896, Spirit=0, Healing=100, Mp5=4.25398, SpellCritRating=611.784, IsFist=X, Is2HMace=X, IsCrossbow=X, IsGun=X, IsShield=X, IsPolearm=X, Is2HAxe=X, IsBow=X, IsMail=X, IsPlate=X, IsLeather=X, IsAxe=X, Is2HAxe=X, IsSword=X, Is2HSword=X)
To file: faint_aq40_speed_phase5.pawn_tag.txt
------------------
Diffs to start: 
Upgrades: 
( following sorted by alt scores, no specials )
benediction, , , (8.48398) -> , scepter of the false prophet, , sartura's might(16.6233) : 8.13928 = +2.33369%
zulian headdress(3.95398) -> crystal adorned crown(6.47141) : 2.51743 = +0.710345%
whipvine cord(2.2402) -> grasp of the old god(4.29929) : 2.05908 = +0.580263%
boots of transcendence(2.61194) -> boots of pure thought(4.39413) : 1.7822 = +0.501844%
bindings of transcendence(2.42377) -> bracelets of royal redemption(3.75296) : 1.32919 = +0.373807%
handguards of transcendence(2.65854) -> atal'ai hands of healing(3.62445) : 0.965912 = +0.271365%
fordring's seal(2.59451) -> ring of the martyr(3.50223) : 0.907715 = +0.254973%
jin'do's evil eye(3.15033) -> amulet of the fallen god(4.05679) : 0.906464 = +0.254621%
dragon's touch(0.564514) -> lunar wand of healing(1.36771) : 0.803192 = +0.225547%
truefaith vestments(5.00961) -> robes of the guardian saint(5.09006) : 0.0804443 = +0.0225441%
zandalar confessor's mantle(3.38574) -> zandalar confessor's mantle(3.38574) : 0 = +0%
empowered leggings(5.83829) -> empowered leggings(5.83829) : 0 = +0%
pure elementium band(3.75296) -> pure elementium band(3.75296) : 0 = +0%
hazza'rah's charm of healing(20.6212) -> hazza'rah's charm of healing(20.6212) : 0 = +0%
rejuvenating gem(4.53964) -> rejuvenating gem(4.53964) : 0 = +0%
hide of the wild(3.0007) -> cloak of clarity(2.9129) : -0.0877991 = +-0.0245936%
- - - - - - - - - - - - - - - - - - - - - - - - - - - - - - - - - - - - - - - - - 
| Upgrades at best in slot level, from start item to candidate, partial bonuses: 1: |
  alt scores are from least squares fit, special score from e.g. set bonuses as s are part of em
. . . . . . . . . . . . . . . . . . . . . . . . . . . . . . . . . . . . . . . . . 
- . - ' - . - ' - . - ' - . - ' - . - ' - . -
head, zulian headdress (2.95117), alt: 3.95398 -> :
    crystal adorned crown (5.83368) : +0.813326 %, alt : +6.4714, from: azuregos
    don rigoberto's lost hat (5.09348) : +0.60447 %, alt : +4.71708, from: aq40
    eternal crown of healing (3.63809) : +0.193821 %, alt : +4.3767, from: random green
- . - ' - . - ' - . - ' - . - ' - . - ' - . -
neck, jin'do's evil eye (2.90802), alt: 3.15033 -> :
    amulet of the fallen god (4.06192) : +0.324003 %, alt : +4.0568, from: aq40
    amulet of the shifting sands (3.26291) : +0.0996491 %, alt : +3.16321, from: aq20
    the all-seeing eye of zuldazar (0.152283) : -0.773782 %, alt : +1.33374, from: zg
- . - ' - . - ' - . - ' - . - ' - . - ' - . -
shoulders, zandalar confessor's mantle (3.52859), alt: 3.38574 -> :
    pauldrons of transcendence (3.83807) : +0.0866178 %, alt : +3.47495 (s: 1.37568), from: bwl
    zandalar confessor's mantle (3.52859) : +0 %, alt : +3.38575, from: zg
- . - ' - . - ' - . - ' - . - ' - . - ' - . -
back, hide of the wild (3.04919), alt: 3.0007 -> :
    cloak of clarity (4.00131) : +0.267193 %, alt : +2.9129, from: aq40
    shroud of pure thought (3.05798) : +0.00246648 %, alt : +2.41553, from: bwl
- . - ' - . - ' - . - ' - . - ' - . - ' - . -
chest, truefaith vestments (3.89151), alt: 5.00961 -> :
    robes of transcendence (4.86108) : +0.271917 %, alt : +5.62061 (s: 1.37568), from: bwl
    robes of the guardian saint (4.61383) : +0.202575 %, alt : +5.09007, from: aq40
- . - ' - . - ' - . - ' - . - ' - . - ' - . -
wrists, bindings of transcendence (3.84109), alt: 3.79947 (s: 1.37568) -> :
    bracelets of royal redemption (3.41895) : -0.118013 %, alt : +3.75295, from: aq40
    zandalar confessor's wraps (1.20865) : -0.735907 %, alt : +1.78261, from: zg
- . - ' - . - ' - . - ' - . - ' - . - ' - . -
two-hand, benediction (7.67102), alt: 8.48398 -> :
    scepter of the false prophet and lei of the lifegiver (15.2407) : +2.07409 %, alt : +16.6742, from: aq40, av rep
    scepter of the false prophet and sartura's might (15.194) : +2.0613 %, alt : +16.6233, from: aq40, aq40
    scepter of the false prophet and brightly glowing stone (14.1753) : +1.78218 %, alt : +15.5713, from: aq40, pre-raid
    scepter of the false prophet and trance stone (13.5071) : +1.59909 %, alt : +14.8535, from: aq40, emeriss; lethon; taerar; ysondre
    blessed qiraji augur staff (10.7188) : +0.835103 %, alt : +10.1312, from: aq40
    gavel of infinite wisdom and lei of the lifegiver (9.97589) : +0.631535 %, alt : +9.94089, from: aq20, av rep
    gavel of infinite wisdom and sartura's might (10.3221) : +0.726383 %, alt : +9.88995, from: aq20, aq40
    lok'amir il romathis and lei of the lifegiver (9.45438) : +0.488639 %, alt : +9.60889, from: bwl, av rep
    lok'amir il romathis and sartura's might (9.82544) : +0.590311 %, alt : +9.55794, from: bwl, aq40
    gavel of infinite wisdom and brightly glowing stone (8.92081) : +0.342441 %, alt : +8.83799, from: aq20, pre-raid
    lok'amir il romathis and brightly glowing stone (7.90253) : +0.0634327 %, alt : +8.50598, from: bwl, pre-raid
    gavel of infinite wisdom and trance stone (7.89496) : +0.061359 %, alt : +8.12016, from: aq20, emeriss; lethon; taerar; ysondre
    staff of rampant growth (7.73654) : +0.0179528 %, alt : +5.98201, from: emeriss; lethon; taerar; ysondre
- . - ' - . - ' - . - ' - . - ' - . - ' - . -
ranged, dragon's touch (0.769592), alt: 0.564514 -> :
    lunar wand of healing (1.05096) : +0.0788133 %, alt : +1.36772, from: random green
    wandof qiraji nobility (0.95929) : +0.0531348 %, alt : +1.29933, from: aq40
    antenna of invigoration (0.767639) : -0.000547077 %, alt : +0.949142, from: aq20
    bonecreeper stylus (0.538147) : -0.0648286 %, alt : +0.803643, from: pre-raid
- . - ' - . - ' - . - ' - . - ' - . - ' - . -
hands, handguards of transcendence (4.42926), alt: 4.03424 (s: 1.37568) -> :
    atal'ai hands of healing (3.70871) : -0.201264 %, alt : +3.62445, from: sunken temple
    high councillor's gloves of healing (3.42624) : -0.280163 %, alt : +3.14575, from: random green
    dark storm gauntlets (3.54755) : -0.24628 %, alt : +2.72302, from: aq40
    gloves of dark wisdom (3.52054) : -0.253824 %, alt : +2.66504, from: aq20
- . - ' - . - ' - . - ' - . - ' - . - ' - . -
waist, whipvine cord (1.59512), alt: 2.2402 -> :
    grasp of the old god (3.88239) : +0.64429 %, alt : +4.29927, from: aq40
    belt of transcendence (2.86548) : +0.357841 %, alt : +3.4878 (s: 1.37568), from: bwl
    eyestalk waist cord (2.44452) : +0.239263 %, alt : +3.33784, from: aq40
    firemaw's clutch (1.78641) : +0.0538821 %, alt : +2.56225, from: bwl
    mana igniting cord (1.84525) : +0.0704559 %, alt : +2.33361, from: mc
    zandalar confessor's bindings (1.79089) : +0.0551457 %, alt : +2.03502, from: zg
- . - ' - . - ' - . - ' - . - ' - . - ' - . -
legs, empowered leggings (6.08469), alt: 5.83829 -> :
- . - ' - . - ' - . - ' - . - ' - . - ' - . -
feet, boots of transcendence (4.17615), alt: 3.98761 (s: 1.37568) -> :
    boots of pure thought (4.39401) : +0.0610139 %, alt : +4.39412, from: bwl
    treads of the wandering nomand (3.21317) : -0.269687 %, alt : +2.76157, from: aq20
- . - ' - . - ' - . - ' - . - ' - . - ' - . -
finger, pure elementium band (3.49881), alt: 3.75296 -> :
- . - ' - . - ' - . - ' - . - ' - . - ' - . -
finger 2, fordring's seal (3.19104), alt: 2.59451 -> :
    pure elementium band (4.15958) : +0.271864 %, alt : +3.75295, from: bwl
    ring of the martyr (4.22635) : +0.290607 %, alt : +3.50223, from: aq40
    cauterizing band (3.46664) : +0.077361 %, alt : +3.29994, from: mc
    primalist's seal (3.51324) : +0.0904416 %, alt : +3.26575, from: zg
- . - ' - . - ' - . - ' - . - ' - . - ' - . -
trinket, hazza'rah's charm of healing (12.0295), alt: 20.6212 -> :
    hazza'rah's charm of healing (12.0295) : +0 %, alt : +20.6211, from: zg
    darkmoon card: blue dragon (1.03555) : -3.07702 %, alt : +0.699417, from: 
- . - ' - . - ' - . - ' - . - ' - . - ' - . -
trinket 2, rejuvenating gem (4.42746), alt: 4.53964 -> :
    hazza'rah's charm of healing (0) : -1.23917 %, alt : +20.6211, from: zg
    darkmoon card: blue dragon (0.824188) : -1.00849 %, alt : +0.699417, from: 
- - - - - - - - - - - - - - - - - - - - - - - - - - - - - - - - - - - - - - - - - 
| Upgrades at best in slot level, from start item to candidate, partial bonuses: 0: |
  alt scores are from least squares fit, special score from e.g. set bonuses as s are part of em
. . . . . . . . . . . . . . . . . . . . . . . . . . . . . . . . . . . . . . . . . 
- . - ' - . - ' - . - ' - . - ' - . - ' - . -
head, zulian headdress (3.94574), alt: 3.95398 -> :
    crystal adorned crown (6.6713) : +0.769526 %, alt : +6.4714, from: azuregos
    don rigoberto's lost hat (4.70883) : +0.215449 %, alt : +4.71708, from: aq40
    eternal crown of healing (4.11285) : +0.0471826 %, alt : +4.3767, from: random green
- . - ' - . - ' - . - ' - . - ' - . - ' - . -
neck, jin'do's evil eye (2.79352), alt: 3.15033 -> :
    amulet of the fallen god (4.39062) : +0.449491 %, alt : +4.0568, from: aq40
    amulet of the shifting sands (3.16553) : +0.104698 %, alt : +3.16321, from: aq20
    the all-seeing eye of zuldazar (0.475861) : -0.652283 %, alt : +1.33374, from: zg
- . - ' - . - ' - . - ' - . - ' - . - ' - . -
shoulders, zandalar confessor's mantle (3.19418), alt: 3.38574 -> :
    zandalar confessor's mantle (3.19418) : +0 %, alt : +3.38575, from: zg
- . - ' - . - ' - . - ' - . - ' - . - ' - . -
back, hide of the wild (3.13147), alt: 3.0007 -> :
    cloak of clarity (4.23166) : +0.309205 %, alt : +2.9129, from: aq40
    shroud of pure thought (3.20639) : +0.0210563 %, alt : +2.41553, from: bwl
- . - ' - . - ' - . - ' - . - ' - . - ' - . -
chest, truefaith vestments (4.36691), alt: 5.00961 -> :
    robes of the guardian saint (5.41522) : +0.294582 %, alt : +5.09007, from: aq40
- . - ' - . - ' - . - ' - . - ' - . - ' - . -
wrists, bindings of transcendence (2.49557), alt: 2.42377 -> :
    bracelets of royal redemption (3.64023) : +0.321742 %, alt : +3.75295, from: aq40
    zandalar confessor's wraps (0.430542) : -0.580445 %, alt : +1.78261, from: zg
- . - ' - . - ' - . - ' - . - ' - . - ' - . -
two-hand, benediction (6.93283), alt: 8.48398 -> :
    scepter of the false prophet and lei of the lifegiver (15.0561) : +2.23263 %, alt : +16.6742, from: aq40, av rep
    scepter of the false prophet and sartura's might (15.0317) : +2.22592 %, alt : +16.6233, from: aq40, aq40
    scepter of the false prophet and brightly glowing stone (13.9797) : +1.93678 %, alt : +15.5713, from: aq40, pre-raid
    scepter of the false prophet and trance stone (12.4217) : +1.50857 %, alt : +14.8535, from: aq40, emeriss; lethon; taerar; ysondre
    blessed qiraji augur staff (10.752) : +1.04967 %, alt : +10.1312, from: aq40
    gavel of infinite wisdom and lei of the lifegiver (9.97263) : +0.835465 %, alt : +9.94089, from: aq20, av rep
    gavel of infinite wisdom and sartura's might (10.3181) : +0.930411 %, alt : +9.88995, from: aq20, aq40
    lok'amir il romathis and lei of the lifegiver (8.80673) : +0.515028 %, alt : +9.60889, from: bwl, av rep
    lok'amir il romathis and sartura's might (9.138) : +0.606074 %, alt : +9.55794, from: bwl, aq40
    gavel of infinite wisdom and brightly glowing stone (7.73029) : +0.219174 %, alt : +8.83799, from: aq20, pre-raid
    lok'amir il romathis and brightly glowing stone (7.45444) : +0.14336 %, alt : +8.50598, from: bwl, pre-raid
    gavel of infinite wisdom and trance stone (6.95175) : +0.00520027 %, alt : +8.12016, from: aq20, emeriss; lethon; taerar; ysondre
    jin'do's hexxer and lei of the lifegiver (7.16907) : +0.0649278 %, alt : +7.65488, from: zg, av rep
    jin'do's hexxer and sartura's might (7.18021) : +0.0679893 %, alt : +7.60393, from: zg, aq40
    staff of the shadow flame (6.95206) : +0.00528414 %, alt : +6.9538, from: bwl
    fang of the mystics and lei of the lifegiver (7.26193) : +0.0904511 %, alt : +6.92712, from: azuregos, av rep
    fang of the mystics and sartura's might (8.50784) : +0.43288 %, alt : +6.87617, from: azuregos, aq40
    stinger of ayamiss and sartura's might (7.17303) : +0.0660182 %, alt : +6.55245, from: aq20, aq40
    staff of rampant growth (8.72247) : +0.49187 %, alt : +5.98201, from: emeriss; lethon; taerar; ysondre
    fang of the mystics and brightly glowing stone (7.11615) : +0.0503839 %, alt : +5.82422, from: azuregos, pre-raid
    wushoolay's poker and lei of the lifegiver (7.29425) : +0.0993335 %, alt : +5.7706, from: zg, av rep
    wushoolay's poker and sartura's might (7.69913) : +0.210611 %, alt : +5.71965, from: zg, aq40
    aurastone hammer and lei of the lifegiver (7.04706) : +0.0313945 %, alt : +5.48587, from: mc, av rep
    zulian scepter of rites and sartura's might (6.95633) : +0.00645839 %, alt : +5.4747, from: zg, aq40
    aurastone hammer and sartura's might (6.996) : +0.0173622 %, alt : +5.43492, from: mc, aq40
    fang of venoxis and sartura's might (7.00916) : +0.0209772 %, alt : +5.34374, from: zg, aq40
- . - ' - . - ' - . - ' - . - ' - . - ' - . -
ranged, dragon's touch (0.222748), alt: 0.564514 -> :
    lunar wand of healing (0.979797) : +0.212562 %, alt : +1.36772, from: random green
    wandof qiraji nobility (0.765167) : +0.152299 %, alt : +1.29933, from: aq40
    antenna of invigoration (1.10486) : +0.247676 %, alt : +0.949142, from: aq20
    bonecreeper stylus (0.48996) : +0.0750269 %, alt : +0.803643, from: pre-raid
- . - ' - . - ' - . - ' - . - ' - . - ' - . -
hands, handguards of transcendence (2.745), alt: 2.65854 -> :
    atal'ai hands of healing (3.2829) : +0.150938 %, alt : +3.62445, from: sunken temple
    high councillor's gloves of healing (2.75177) : +0.00190106 %, alt : +3.14575, from: random green
    dark storm gauntlets (2.38275) : -0.101647 %, alt : +2.72302, from: aq40
    gloves of dark wisdom (2.33963) : -0.113747 %, alt : +2.66504, from: aq20
- . - ' - . - ' - . - ' - . - ' - . - ' - . -
waist, whipvine cord (1.52393), alt: 2.2402 -> :
    grasp of the old god (4.18393) : +0.750879 %, alt : +4.29927, from: aq40
    eyestalk waist cord (2.00842) : +0.136766 %, alt : +3.33784, from: aq40
    firemaw's clutch (1.24921) : -0.0775491 %, alt : +2.56225, from: bwl
    mana igniting cord (1.28867) : -0.0664104 %, alt : +2.33361, from: mc
    zandalar confessor's bindings (0.818329) : -0.199179 %, alt : +2.03502, from: zg
- . - ' - . - ' - . - ' - . - ' - . - ' - . -
legs, empowered leggings (6.82419), alt: 5.83829 -> :
- . - ' - . - ' - . - ' - . - ' - . - ' - . -
feet, boots of transcendence (2.50665), alt: 2.61194 -> :
    boots of pure thought (4.78189) : +0.641569 %, alt : +4.39412, from: bwl
    treads of the wandering nomand (2.9678) : +0.130035 %, alt : +2.76157, from: aq20
- . - ' - . - ' - . - ' - . - ' - . - ' - . -
finger, pure elementium band (3.64023), alt: 3.75296 -> :
    ring of the martyr (3.82889) : +0.0528589 %, alt : +3.50223, from: aq40
- . - ' - . - ' - . - ' - . - ' - . - ' - . -
finger 2, fordring's seal (2.42429), alt: 2.59451 -> :
    pure elementium band (4.23901) : +0.510888 %, alt : +3.75295, from: bwl
    ring of the martyr (4.12607) : +0.479092 %, alt : +3.50223, from: aq40
    cauterizing band (3.40259) : +0.275415 %, alt : +3.29994, from: mc
    rosewine circle (2.71112) : +0.0807507 %, alt : +1.99774, from: pre-raid
- . - ' - . - ' - . - ' - . - ' - . - ' - . -
trinket, hazza'rah's charm of healing (11.4626), alt: 20.6212 -> :
    hazza'rah's charm of healing (11.4626) : +0 %, alt : +20.6211, from: zg
    darkmoon card: blue dragon (1.25934) : -2.85876 %, alt : +0.699417, from: 
- . - ' - . - ' - . - ' - . - ' - . - ' - . -
trinket 2, rejuvenating gem (5.01126), alt: 4.53964 -> :
    hazza'rah's charm of healing (0) : -1.40406 %, alt : +20.6211, from: zg
    darkmoon card: blue dragon (1.15442) : -1.08061 %, alt : +0.699417, from: 
- - - - - - - - - - - - - - - - - - - - - - - - - - - - - - - - - - - - - - - - - 
| Upgrades at start level, from start item to candidate, partial bonuses: 1: |
  alt scores are from least squares fit, special score from e.g. set bonuses as s are part of em
. . . . . . . . . . . . . . . . . . . . . . . . . . . . . . . . . . . . . . . . . 
- . - ' - . - ' - . - ' - . - ' - . - ' - . -
head, zulian headdress (4.40524), alt: 3.95398 -> :
    crystal adorned crown (9.23694) : +1.42283 %, alt : +6.4714, from: azuregos
    don rigoberto's lost hat (6.69659) : +0.674752 %, alt : +4.71708, from: aq40
    eternal crown of healing (5.24207) : +0.246426 %, alt : +4.3767, from: random green
- . - ' - . - ' - . - ' - . - ' - . - ' - . -
neck, jin'do's evil eye (2.85403), alt: 3.15033 -> :
    amulet of the fallen god (5.30661) : +0.722229 %, alt : +4.0568, from: aq40
    amulet of the shifting sands (3.27612) : +0.124296 %, alt : +3.16321, from: aq20
    the all-seeing eye of zuldazar (1.49634) : -0.399811 %, alt : +1.33374, from: zg
- . - ' - . - ' - . - ' - . - ' - . - ' - . -
shoulders, zandalar confessor's mantle (2.45416), alt: 3.38574 -> :
    zandalar confessor's mantle (2.45416) : +0 %, alt : +3.38575, from: zg
    ternary mantle (2.48245) : +0.00833071 %, alt : +3.22742, from: aq40
    pauldrons of transcendence (1.17358) : -0.377102 %, alt : +2.09927, from: bwl
- . - ' - . - ' - . - ' - . - ' - . - ' - . -
back, hide of the wild (2.6214), alt: 3.0007 -> :
    cloak of clarity (4.02441) : +0.413157 %, alt : +2.9129, from: aq40
    shroud of pure thought (2.80911) : +0.0552775 %, alt : +2.41553, from: bwl
- . - ' - . - ' - . - ' - . - ' - . - ' - . -
chest, truefaith vestments (5.4567), alt: 5.00961 -> :
    robes of the guardian saint (6.396) : +0.276603 %, alt : +5.09007, from: aq40
    robes of transcendence (5.46899) : +0.00362166 %, alt : +4.24493, from: bwl
- . - ' - . - ' - . - ' - . - ' - . - ' - . -
wrists, bindings of transcendence (2.96552), alt: 3.79947 (s: 1.37568) -> :
    bindings of transcendence (2.96552) : +0 %, alt : +3.79945 (s: 1.37568), from: bwl
    bracelets of royal redemption (4.52835) : +0.46022 %, alt : +3.75295, from: aq40
    zandalar confessor's wraps (0.415741) : -0.750852 %, alt : +1.78261, from: zg
- . - ' - . - ' - . - ' - . - ' - . - ' - . -
two-hand, benediction (8.03775), alt: 8.48398 -> :
    scepter of the false prophet and lei of the lifegiver (17.4303) : +2.76589 %, alt : +16.6742, from: aq40, av rep
    scepter of the false prophet and sartura's might (17.4445) : +2.77007 %, alt : +16.6233, from: aq40, aq40
    scepter of the false prophet and brightly glowing stone (15.9127) : +2.31898 %, alt : +15.5713, from: aq40, pre-raid
    scepter of the false prophet and trance stone (13.9486) : +1.74061 %, alt : +14.8535, from: aq40, emeriss; lethon; taerar; ysondre
    blessed qiraji augur staff (11.8372) : +1.11886 %, alt : +10.1312, from: aq40
    gavel of infinite wisdom and lei of the lifegiver (11.2141) : +0.935358 %, alt : +9.94089, from: aq20, av rep
    gavel of infinite wisdom and sartura's might (11.365) : +0.979807 %, alt : +9.88995, from: aq20, aq40
    lok'amir il romathis and lei of the lifegiver (10.7375) : +0.79503 %, alt : +9.60889, from: bwl, av rep
    lok'amir il romathis and sartura's might (10.9138) : +0.846947 %, alt : +9.55794, from: bwl, aq40
    gavel of infinite wisdom and brightly glowing stone (9.13803) : +0.324008 %, alt : +8.83799, from: aq20, pre-raid
    lok'amir il romathis and brightly glowing stone (8.99716) : +0.282525 %, alt : +8.50598, from: bwl, pre-raid
- . - ' - . - ' - . - ' - . - ' - . - ' - . -
ranged, dragon's touch (0.942657), alt: 0.564514 -> :
    lunar wand of healing (2.52725) : +0.466628 %, alt : +1.36772, from: random green
    wandof qiraji nobility (2.50174) : +0.459115 %, alt : +1.29933, from: aq40
    antenna of invigoration (2.83316) : +0.556711 %, alt : +0.949142, from: aq20
    bonecreeper stylus (1.66116) : +0.211584 %, alt : +0.803643, from: pre-raid
- . - ' - . - ' - . - ' - . - ' - . - ' - . -
hands, handguards of transcendence (3.1167), alt: 4.03424 (s: 1.37568) -> :
    atal'ai hands of healing (3.39209) : +0.0810964 %, alt : +3.62445, from: sunken temple
    high councillor's gloves of healing (2.73688) : -0.111849 %, alt : +3.14575, from: random green
    dark storm gauntlets (1.86475) : -0.368672 %, alt : +2.72302, from: aq40
    gloves of dark wisdom (1.54611) : -0.462503 %, alt : +2.66504, from: aq20
- . - ' - . - ' - . - ' - . - ' - . - ' - . -
waist, whipvine cord (2.50992), alt: 2.2402 -> :
    grasp of the old god (6.52335) : +1.18186 %, alt : +4.29927, from: aq40
    eyestalk waist cord (3.95425) : +0.425325 %, alt : +3.33784, from: aq40
    firemaw's clutch (3.33578) : +0.243199 %, alt : +2.56225, from: bwl
    mana igniting cord (1.9104) : -0.176545 %, alt : +2.33361, from: mc
    belt of transcendence (1.63733) : -0.256958 %, alt : +2.11212, from: bwl
    zandalar confessor's bindings (1.55298) : -0.281797 %, alt : +2.03502, from: zg
- . - ' - . - ' - . - ' - . - ' - . - ' - . -
legs, empowered leggings (6.64279), alt: 5.83829 -> :
    leggings of transcendence (5.62381) : -0.300067 %, alt : +3.43595, from: mc
- . - ' - . - ' - . - ' - . - ' - . - ' - . -
feet, boots of transcendence (3.56085), alt: 3.98761 (s: 1.37568) -> :
    boots of pure thought (4.85007) : +0.379645 %, alt : +4.39412, from: bwl
    boots of transcendence (3.56085) : +0 %, alt : +3.98762 (s: 1.37568), from: bwl
    treads of the wandering nomand (2.49304) : -0.314446 %, alt : +2.76157, from: aq20
- . - ' - . - ' - . - ' - . - ' - . - ' - . -
finger, pure elementium band (3.7926), alt: 3.75296 -> :
- . - ' - . - ' - . - ' - . - ' - . - ' - . -
finger 2, fordring's seal (2.77426), alt: 2.59451 -> :
    pure elementium band (5.52527) : +0.81011 %, alt : +3.75295, from: bwl
    ring of the martyr (5.01245) : +0.659097 %, alt : +3.50223, from: aq40
    cauterizing band (4.92163) : +0.632352 %, alt : +3.29994, from: mc
    primalist's seal (4.47858) : +0.501883 %, alt : +3.26575, from: zg
- . - ' - . - ' - . - ' - . - ' - . - ' - . -
trinket, hazza'rah's charm of healing (12.3297), alt: 20.6212 -> :
    hazza'rah's charm of healing (12.3297) : +0 %, alt : +20.6211, from: zg
    darkmoon card: blue dragon (1.75528) : -3.11393 %, alt : +0.699417, from: 
- . - ' - . - ' - . - ' - . - ' - . - ' - . -
trinket 2, rejuvenating gem (4.60501), alt: 4.53964 -> :
    hazza'rah's charm of healing (0) : -1.35607 %, alt : +20.6211, from: zg
    darkmoon card: blue dragon (1.12695) : -1.02421 %, alt : +0.699417, from: 
- - - - - - - - - - - - - - - - - - - - - - - - - - - - - - - - - - - - - - - - - 
| Upgrades at start level, from start item to candidate, partial bonuses: 0: |
  alt scores are from least squares fit, special score from e.g. set bonuses as s are part of em
. . . . . . . . . . . . . . . . . . . . . . . . . . . . . . . . . . . . . . . . . 
- . - ' - . - ' - . - ' - . - ' - . - ' - . -
head, zulian headdress (3.79074), alt: 3.95398 -> :
    crystal adorned crown (7.73505) : +1.16317 %, alt : +6.4714, from: azuregos
    don rigoberto's lost hat (5.27512) : +0.437739 %, alt : +4.71708, from: aq40
    eternal crown of healing (2.98993) : -0.236157 %, alt : +4.3767, from: random green
- . - ' - . - ' - . - ' - . - ' - . - ' - . -
neck, jin'do's evil eye (3.55844), alt: 3.15033 -> :
    amulet of the fallen god (4.7515) : +0.351829 %, alt : +4.0568, from: aq40
    amulet of the shifting sands (3.96243) : +0.119136 %, alt : +3.16321, from: aq20
    the all-seeing eye of zuldazar (1.66696) : -0.557793 %, alt : +1.33374, from: zg
- . - ' - . - ' - . - ' - . - ' - . - ' - . -
shoulders, zandalar confessor's mantle (4.28632), alt: 3.38574 -> :
    zandalar confessor's mantle (4.28632) : +0 %, alt : +3.38575, from: zg
    pauldrons of transcendence (3.1665) : -0.33023 %, alt : +2.09927, from: bwl
- . - ' - . - ' - . - ' - . - ' - . - ' - . -
back, hide of the wild (3.22086), alt: 3.0007 -> :
    cloak of clarity (4.34225) : +0.330698 %, alt : +2.9129, from: aq40
- . - ' - . - ' - . - ' - . - ' - . - ' - . -
chest, truefaith vestments (6.4733), alt: 5.00961 -> :
    robes of the guardian saint (7.13037) : +0.19377 %, alt : +5.09007, from: aq40
    robes of transcendence (5.41324) : -0.312609 %, alt : +4.24493, from: bwl
- . - ' - . - ' - . - ' - . - ' - . - ' - . -
wrists, bindings of transcendence (3.60739), alt: 6.55081 (s: 4.12703) -> :
    bindings of transcendence (3.60739) : +0 %, alt : +6.55081 (s: 4.12703), from: bwl
    bracelets of royal redemption (2.42249) : -0.349426 %, alt : +3.75295, from: aq40
    zandalar confessor's wraps (0.535248) : -0.905968 %, alt : +1.78261, from: zg
- . - ' - . - ' - . - ' - . - ' - . - ' - . -
two-hand, benediction (8.85654), alt: 8.48398 -> :
    scepter of the false prophet and lei of the lifegiver (17.6447) : +2.59161 %, alt : +16.6742, from: aq40, av rep
    scepter of the false prophet and sartura's might (17.585) : +2.57399 %, alt : +16.6233, from: aq40, aq40
    scepter of the false prophet and brightly glowing stone (14.8484) : +1.767 %, alt : +15.5713, from: aq40, pre-raid
    scepter of the false prophet and trance stone (13.7799) : +1.45189 %, alt : +14.8535, from: aq40, emeriss; lethon; taerar; ysondre
    blessed qiraji augur staff (12.3964) : +1.04389 %, alt : +10.1312, from: aq40
    gavel of infinite wisdom and lei of the lifegiver (11.5962) : +0.807926 %, alt : +9.94089, from: aq20, av rep
    gavel of infinite wisdom and sartura's might (12.1129) : +0.960307 %, alt : +9.88995, from: aq20, aq40
    lok'amir il romathis and lei of the lifegiver (10.7115) : +0.547011 %, alt : +9.60889, from: bwl, av rep
    lok'amir il romathis and sartura's might (11.3964) : +0.748997 %, alt : +9.55794, from: bwl, aq40
    gavel of infinite wisdom and brightly glowing stone (8.37579) : -0.14177 %, alt : +8.83799, from: aq20, pre-raid
    lok'amir il romathis and brightly glowing stone (8.28067) : -0.169822 %, alt : +8.50598, from: bwl, pre-raid
- . - ' - . - ' - . - ' - . - ' - . - ' - . -
ranged, dragon's touch (0.899353), alt: 0.564514 -> :
    lunar wand of healing (0.928253) : +0.00852258 %, alt : +1.36772, from: random green
    wandof qiraji nobility (0.8237) : -0.0223099 %, alt : +1.29933, from: aq40
    antenna of invigoration (0.515594) : -0.113169 %, alt : +0.949142, from: aq20
    bonecreeper stylus (0.35614) : -0.160192 %, alt : +0.803643, from: pre-raid
- . - ' - . - ' - . - ' - . - ' - . - ' - . -
hands, handguards of transcendence (5.63144), alt: 6.78558 (s: 4.12703) -> :
    atal'ai hands of healing (5.25757) : -0.110254 %, alt : +3.62445, from: sunken temple
    high councillor's gloves of healing (3.98615) : -0.485193 %, alt : +3.14575, from: random green
    dark storm gauntlets (3.24838) : -0.702758 %, alt : +2.72302, from: aq40
    gloves of dark wisdom (3.37875) : -0.664311 %, alt : +2.66504, from: aq20
- . - ' - . - ' - . - ' - . - ' - . - ' - . -
waist, whipvine cord (2.83847), alt: 2.2402 -> :
    grasp of the old god (5.97198) : +0.924066 %, alt : +4.29927, from: aq40
    eyestalk waist cord (2.72195) : -0.0343603 %, alt : +3.33784, from: aq40
    firemaw's clutch (2.50519) : -0.0982842 %, alt : +2.56225, from: bwl
    mana igniting cord (2.02798) : -0.23901 %, alt : +2.33361, from: mc
    belt of transcendence (2.35406) : -0.14285 %, alt : +2.11212, from: bwl
    zandalar confessor's bindings (2.3746) : -0.136793 %, alt : +2.03502, from: zg
- . - ' - . - ' - . - ' - . - ' - . - ' - . -
legs, empowered leggings (7.16275), alt: 5.83829 -> :
    leggings of transcendence (6.13083) : -0.304311 %, alt : +3.43595, from: mc
- . - ' - . - ' - . - ' - . - ' - . - ' - . -
feet, boots of transcendence (5.173), alt: 6.73898 (s: 4.12703) -> :
    boots of transcendence (5.173) : +0 %, alt : +6.73898 (s: 4.12703), from: bwl
    boots of pure thought (4.39676) : -0.228913 %, alt : +4.39412, from: bwl
    treads of the wandering nomand (2.65305) : -0.74313 %, alt : +2.76157, from: aq20
- . - ' - . - ' - . - ' - . - ' - . - ' - . -
finger, pure elementium band (3.83044), alt: 3.75296 -> :
- . - ' - . - ' - . - ' - . - ' - . - ' - . -
finger 2, fordring's seal (2.75397), alt: 2.59451 -> :
    pure elementium band (4.89587) : +0.631643 %, alt : +3.75295, from: bwl
    ring of the martyr (3.73196) : +0.288409 %, alt : +3.50223, from: aq40
    cauterizing band (3.75241) : +0.294439 %, alt : +3.29994, from: mc
    rosewine circle (2.80344) : +0.0145883 %, alt : +1.99774, from: pre-raid
- . - ' - . - ' - . - ' - . - ' - . - ' - . -
trinket, hazza'rah's charm of healing (12.9006), alt: 20.6212 -> :
    hazza'rah's charm of healing (12.9006) : +0 %, alt : +20.6211, from: zg
    darkmoon card: blue dragon (1.44302) : -3.37882 %, alt : +0.699417, from: 
- . - ' - . - ' - . - ' - . - ' - . - ' - . -
trinket 2, rejuvenating gem (5.84714), alt: 4.53964 -> :
    hazza'rah's charm of healing (0) : -1.72431 %, alt : +20.6211, from: zg
    darkmoon card: blue dragon (0.7883) : -1.49184 %, alt : +0.699417, from: 
------------------
Best value: 360.879
