Your call: ./css 4 ../items/phase5.csv ../items/not_for_priests.txt no-locks onslaught_aq40_speed_phase5 -a ../confs/wcl_bwl_speed_log.csv -l onslaught_aq40_speed.txt 
Found: -a, val: ../confs/wcl_bwl_speed_log.csv
./css 4 ../items/phase5.csv ../items/not_for_priests.txt no-locks onslaught_aq40_speed_phase5 -l onslaught_aq40_speed.txt 
Found key: buff_fraction, saw val: 1
Found key: healing_from_crit_fraction, saw val: 0.2
Found key: transc8_exists, saw val: 0
Found key: enchantments, saw val: 1
Found key: fort, saw val: 1
Found key: motw, saw val: 1
Found key: spirit, saw val: 1
Found key: ai, saw val: 1
Found key: flask, saw val: 1
Found key: holy_disc, saw val: 0
Found key: min_combat_length, saw val: 2
Found key: max_log_entry_diff_in_combat, saw val: 10
Found key: precast, saw val: 1
Found key: swap_cast, saw val: 1
Found key: time_step, saw val: 0.1
Found key: reaction_time, saw val: 0.1
Found key: skip_player, saw val: Paisti
Found key: use_deficit_time_sum, saw val: 0
Found key: wcl_log, saw val: 1
Found: -l, val: onslaught_aq40_speed.txt
./css 4 ../items/phase5.csv ../items/not_for_priests.txt no-locks onslaught_aq40_speed_phase5 
Will read log from: onslaught_aq40_speed.txt
./css 4 ../items/phase5.csv ../items/not_for_priests.txt no-locks onslaught_aq40_speed_phase5 
./css 4 ../items/phase5.csv ../items/not_for_priests.txt no-locks onslaught_aq40_speed_phase5 
Shuffle seed: 2416673600
Reading banned from: ../items/not_for_priests.txt
Banning: neltharion's tear
Banning: lok'amir il romathis
Banning: choker of the fire lord
Reading WCL parsed log: onslaught_aq40_speed.txt
Saw 32770 lines of log, with 32770 log lines
Sorting by timestamp...
Sorted.
Pruning log from: 32770 entries.
Combat from 0 to 10.856 s
Combat from 14.912 to 67.524 s
Combat from 69.137 to 113.331 s
Combat from 125.852 to 179.725 s
Combat from 205.45 to 221.445 s
Combat from 271.206 to 287.827 s
Combat from 312.093 to 344.538 s
Combat from 457.917 to 517.071 s
Combat from 529.6 to 637.479 s
Combat from 640.962 to 686.977 s
Combat from 710.664 to 745.112 s
Combat from 769.395 to 794.946 s
Combat from 808.748 to 841.186 s
Combat from 889.354 to 901.509 s
Combat from 914.035 to 956.154 s
Combat from 988.52 to 1017.27 s
Combat from 1046.78 to 1090.42 s
Combat from 1092.09 to 1118.42 s
Combat from 1134.27 to 1173.83 s
Combat from 1191.3 to 1416.06 s
Combat from 1529.66 to 1598.21 s
Combat from 1650.64 to 1718.72 s
Combat from 1739.75 to 1769.32 s
Combat from 1784.27 to 1813.04 s
Combat from 1836.14 to 1874.22 s
Combat from 1926.41 to 1966.12 s
Combat from 2076.52 to 2191.66 s
Combat from 2211.09 to 2228.54 s
Combat from 2243.54 to 2255.89 s
Combat from 2256.09 to 2273.49 s
Combat from 2274.32 to 2281.2 s
Combat from 2401.79 to 2487.11 s
Combat from 2600.48 to 2732.08 s
Combat from 3224.16 to 3245.51 s
Combat from 3265.07 to 3292.18 s
Combat from 3333.07 to 3360.67 s
Combat from 3385.38 to 3462.68 s
Combat from 3528.7 to 3550.59 s
Combat from 3574.9 to 3599.61 s
Combat from 3625.48 to 3650.21 s
Combat from 3708.47 to 3735.21 s
Combat from 3775.67 to 3879.71 s
Combat from 3964.71 to 4093.32 s
Combat from 4603.9 to 4665.53 s
Combat from 4665.89 to 4774.15 s
Combat from 4775.6 to 4779.43 s
Combat from 5688 to 5710.68 s
Combat from 5734.2 to 5741.89 s
Combat from 5819.95 to 5875.59 s
Combat from 7447.11 to 7604.9 s
Combat from 8334.78 to 8391.88 s
Combat from 8393.08 to 8462.09 s
Pruned to: 32344 entries.
----------------------------------------------------------
---- Baseline results without simulated player input: ----
----------------------------------------------------------
oh_limit: 0.9
time_left_mul: 0.5
total_deficit_to_pop_trinkets: 10000
in combat total: 2642.9
Total time casting: 0, which is: 0% of time in combat.
Total hps: 0, raw hps: 0, oh: -nan
Deficit time sum: 2.38641e+11, baseline: 0
Deficit*time change / s: -9.0295e+07 hp
Number of combats: 52
Average mana at start of combat: 0
Average mana at end of combat: 0
Other players with hps > 100:
  Docc : 180.108 hps
  Encyclopedia : 202.65 hps
  Fei : 159.777 hps
  Gearscore : 163.585 hps
  Moephisto : 202.858 hps
  Octopusbread : 196.327 hps
  Restoshaman : 159.533 hps
  Sunny : 188.287 hps
  Vivipoopoo : 151.854 hps
  Walk : 190.238 hps
Skip player from: Paisti to: Moephisto
Reading WCL parsed log: onslaught_aq40_speed.txt
Saw 32770 lines of log, with 32770 log lines
Sorting by timestamp...
Sorted.
Pruning log from: 32770 entries.
Combat from 0 to 10.856 s
Combat from 14.912 to 67.524 s
Combat from 69.137 to 113.331 s
Combat from 125.852 to 179.725 s
Combat from 205.45 to 221.445 s
Combat from 271.206 to 287.827 s
Combat from 312.093 to 344.538 s
Combat from 457.917 to 517.071 s
Combat from 529.6 to 637.479 s
Combat from 640.962 to 686.977 s
Combat from 710.664 to 745.112 s
Combat from 769.395 to 794.946 s
Combat from 808.748 to 841.186 s
Combat from 889.354 to 901.509 s
Combat from 914.035 to 956.154 s
Combat from 988.52 to 1017.27 s
Combat from 1046.78 to 1090.42 s
Combat from 1092.09 to 1118.42 s
Combat from 1134.27 to 1173.83 s
Combat from 1191.3 to 1416.06 s
Combat from 1529.66 to 1598.21 s
Combat from 1650.64 to 1718.72 s
Combat from 1739.75 to 1769.32 s
Combat from 1784.27 to 1813.04 s
Combat from 1836.14 to 1874.22 s
Combat from 1926.41 to 1966.12 s
Combat from 2076.52 to 2191.66 s
Combat from 2211.09 to 2228.54 s
Combat from 2243.54 to 2255.89 s
Combat from 2256.09 to 2273.49 s
Combat from 2274.32 to 2281.2 s
Combat from 2401.79 to 2487.11 s
Combat from 2600.48 to 2732.08 s
Combat from 3224.16 to 3245.51 s
Combat from 3265.07 to 3292.18 s
Combat from 3333.07 to 3360.67 s
Combat from 3385.38 to 3462.68 s
Combat from 3528.7 to 3550.18 s
Combat from 3574.9 to 3599.61 s
Combat from 3625.48 to 3650.21 s
Combat from 3708.47 to 3735.21 s
Combat from 3775.67 to 3879.71 s
Combat from 3964.71 to 4093.32 s
Combat from 4603.9 to 4665.53 s
Combat from 4665.89 to 4774.15 s
Combat from 4775.6 to 4779.43 s
Combat from 5688 to 5710.68 s
Combat from 5734.2 to 5741.89 s
Combat from 5819.95 to 5875.59 s
Combat from 7447.11 to 7604.9 s
Combat from 8334.78 to 8391.88 s
Combat from 8393.08 to 8462.09 s
Pruned to: 31427 entries.
Skipped player entries: 919
Baseline results again due to changed skipped player
oh_limit: 0.9
time_left_mul: 0.5
total_deficit_to_pop_trinkets: 10000
in combat total: 2642.5
Total time casting: 0, which is: 0% of time in combat.
Total hps: 0, raw hps: 0, oh: -nan
Deficit time sum: 3.01749e+11, baseline: 0
Deficit*time change / s: -1.14191e+08 hp
Number of combats: 52
Average mana at start of combat: 0
Average mana at end of combat: 0
Other players with hps > 100:
  Docc : 195.195 hps
  Encyclopedia : 217.298 hps
  Fei : 173.751 hps
  Gearscore : 174.295 hps
  Octopusbread : 206.843 hps
  Restoshaman : 166.558 hps
  Sunny : 199.032 hps
  Vivipoopoo : 162.644 hps
  Walk : 200.233 hps
Reading tmp locked from: start_with.txt
Locking: anastari heirloom
Locking: anathema
Locking: animated chain necklace
Locking: argent crusader
Locking: atal'ai gloves of the owl
Locking: ban'thok sash
Locking: banshee finger
Locking: benediction
Locking: blood of the martyr
Locking: briarwood reed
Locking: burial shawl
Locking: clutch of andros
Locking: crimson felt hat
Locking: cyclopean band
Locking: devout belt
Locking: devout bracers
Locking: devout crown
Locking: devout mantle
Locking: devout robe
Locking: devout sandals
Locking: devout skirt
Locking: dragon finger of healing
Locking: dragon finger of intellect
Locking: dragonrider boots
Locking: dragonslayer's signet
Locking: drakefire amulet
Locking: dreadmist mantle
Locking: dreamweave circlet
Locking: dreamweave gloves
Locking: dreamweave vest
Locking: elder magus pendant
Locking: eye of the beast
Locking: fordring's seal
Locking: girdle of prophecy
Locking: gloves of prophecy
Locking: grimgore noose
Locking: halo of transcendence
Locking: heart of the fiend
Locking: hide of the wild
Locking: kentic amice
Locking: leggings of transcendence
Locking: magister's robes
Locking: maleki's footwraps
Locking: mindtap talisman
Locking: nature's breath
Locking: necropile boots
Locking: necropile cuffs
Locking: necropile leggings
Locking: necropile mantle
Locking: necropile robe
Locking: noxious shooter
Locking: omnicast boots
Locking: orb of the forgotten seer
Locking: padre's trousers
Locking: pants of prophecy
Locking: penelope's rose
Locking: quel'dorai channeling rod
Locking: raincaster drape
Locking: rainstrider leggings
Locking: ring of demonic guile
Locking: ring of demonic guile
Locking: robes of prophecy
Locking: robes of the exalted
Locking: robes of the royal crown
Locking: rod of corrosion
Locking: rosewine circle
Locking: royal seal of eldre'thalas
Locking: royal tribunal cloak
Locking: sarah's guide
Locking: seal of rivendare
Locking: seal of rivendare
Locking: shadowy laced handwraps
Locking: silkweb gloves
Locking: soulstealer mantle
Locking: spellbound tome
Locking: spritecaster cape
Locking: star of mystaria
Locking: starfire tiara
Locking: stormrager
Locking: sublime wristguards
Locking: the hammer of grace
Locking: the postmaster's treads
Locking: thuzadin sash
Locking: triune amulet
Locking: vinerot sandals
Locking: whipvine cord
Locking: wolfshear leggings
Locking: boots of the full moon
Locking: mantle of prophecy
Locking: dragon's touch
Locking: bindings of transcendence
Locking: shimmering geta
Locking: empowered leggings
Locking: seal of the archmagus
Locking: circlet of prophecy
Locking: boots of prophecy
Locking: pauldrons of transcendence
Locking: primalist's seal
Locking: zandalar confessor's bindings
Locking: zulian headdress
Locking: mar'li's eye
Locking: shroud of pure thought
Locking: belt of transcendence
Locking: jin'do's evil eye
Locking: primalist's band
Locking: zandalarian hero charm
Locking: zandalar confessor's mantle
Locking: zandalar confessor's wraps 
Locking: pure elementium band
Locking: truefaith vestments
Locking: vambraces of prophecy
Locking: hazza'rah's charm of healing
Locking: handguards of transcendence
Locking: boots of transcendence
Locking: darkmoon card: blue dragon
Locking: rejuvenating gem
Optimizing start items...

*** NEW BEST (1): 205.543

*** NEW BEST (1): 208.076

*** NEW BEST (1): 213.94

*** NEW BEST (1): 234.808

*** NEW BEST (1): 239.038

*** NEW BEST (1): 244.105

*** NEW BEST (1): 247.306

*** NEW BEST (1): 250.265

*** NEW BEST (1): 252.748

*** NEW BEST (1): 255.156

*** NEW BEST (1): 255.479

*** NEW BEST (1): 259.687

*** NEW BEST (1): 262.92

*** NEW BEST (1): 268.216

*** NEW BEST (1): 277.69

*** NEW BEST (1): 280.37
******
*** NEW BEST (1): 283.933
*****
*** NEW BEST (0): 223.794
Based on last: 3000 entries, out of total: 3585 entries, (502 dropped), The least-squares solution is:
Int: 9.79965
Spirit: 5.99823
Sp / Healing: 100
Mp5: 0
Crit: 336.842
T1 3p/piece: 0
T2 3p/piece: 0
Hazza'rah's: 26333.1
Darkmoon: 20.6988
100 points == 1 sp == 0.0762246 hps.
neck : animated chain necklace -> jin'do's evil eye => val: 223.794 -> 224.819

*** NEW BEST (0): 224.819
Based on last: 3000 entries, out of total: 3613 entries, (518 dropped), The least-squares solution is:
Int: 10.0991
Spirit: 5.95865
Sp / Healing: 100
Mp5: 0
Crit: 336.009
T1 3p/piece: 2.52853
T2 3p/piece: 0
Hazza'rah's: 26338.8
Darkmoon: 20.7037
100 points == 1 sp == 0.0762064 hps.
trinket : briarwood reed -> hazza'rah's charm of healing => val: 224.819 -> 241.949

*** NEW BEST (0): 241.949
Based on last: 3000 entries, out of total: 3623 entries, (524 dropped), The least-squares solution is:
Int: 10.0673
Spirit: 6.02621
Sp / Healing: 100
Mp5: 0
Crit: 336.01
T1 3p/piece: 0.926442
T2 3p/piece: 0
Hazza'rah's: 26234.6
Darkmoon: 20.6976
100 points == 1 sp == 0.0762291 hps.
chest : dreamweave vest -> truefaith vestments => val: 241.949 -> 245.779

*** NEW BEST (0): 245.779
Based on last: 3000 entries, out of total: 3636 entries, (531 dropped), The least-squares solution is:
Int: 10.0012
Spirit: 6.0368
Sp / Healing: 100
Mp5: 0
Crit: 339.051
T1 3p/piece: 38.6146
T2 3p/piece: 0
Hazza'rah's: 26236.5
Darkmoon: 20.699
100 points == 1 sp == 0.0762239 hps.
legs : devout skirt -> empowered leggings => val: 245.779 -> 251.345

*** NEW BEST (0): 251.345
Based on last: 3000 entries, out of total: 3647 entries, (540 dropped), The least-squares solution is:
Int: 10.2623
Spirit: 5.62773
Sp / Healing: 100
Mp5: 0
Crit: 335.35
T1 3p/piece: 42.0224
T2 3p/piece: 0
Hazza'rah's: 26236.1
Darkmoon: 20.699
100 points == 1 sp == 0.0762238 hps.
finger : cyclopean band -> pure elementium band => val: 251.345 -> 254.65

*** NEW BEST (0): 254.65
Based on last: 3000 entries, out of total: 3667 entries, (550 dropped), The least-squares solution is:
Int: 9.95634
Spirit: 6.30703
Sp / Healing: 100
Mp5: 0
Crit: 337.722
T1 3p/piece: 121.431
T2 3p/piece: 0
Hazza'rah's: 26229.4
Darkmoon: 20.6951
100 points == 1 sp == 0.0762385 hps.
hands : atal'ai gloves of the owl -> handguards of transcendence => val: 254.65 -> 256.555

*** NEW BEST (0): 256.555
Based on last: 3000 entries, out of total: 3681 entries, (558 dropped), The least-squares solution is:
Int: 10.0633
Spirit: 6.11767
Sp / Healing: 100
Mp5: 0
Crit: 338.426
T1 3p/piece: 122.71
T2 3p/piece: 0
Hazza'rah's: 26242.9
Darkmoon: 20.7054
100 points == 1 sp == 0.0762003 hps.
shoulders : soulstealer mantle -> zandalar confessor's mantle => val: 256.555 -> 259.779

*** NEW BEST (0): 259.779
Based on last: 3000 entries, out of total: 3694 entries, (564 dropped), The least-squares solution is:
Int: 10.1241
Spirit: 5.90612
Sp / Healing: 100
Mp5: 0
Crit: 341.644
T1 3p/piece: 124.645
T2 3p/piece: 0
Hazza'rah's: 26264.5
Darkmoon: 20.721
100 points == 1 sp == 0.076143 hps.
wrists : devout bracers -> bindings of transcendence => val: 259.779 -> 262.158

*** NEW BEST (0): 262.158
Based on last: 3000 entries, out of total: 3706 entries, (571 dropped), The least-squares solution is:
Int: 10.055
Spirit: 6.0639
Sp / Healing: 100
Mp5: 0
Crit: 342.057
T1 3p/piece: 123.515
T2 3p/piece: 0
Hazza'rah's: 26271.2
Darkmoon: 20.7259
100 points == 1 sp == 0.0761249 hps.
ranged : dragon finger of intellect -> dragon's touch => val: 262.158 -> 262.627

*** NEW BEST (0): 262.627
Based on last: 3000 entries, out of total: 3713 entries, (581 dropped), The least-squares solution is:
Int: 10.0771
Spirit: 6.04934
Sp / Healing: 100
Mp5: 0
Crit: 341.966
T1 3p/piece: 123.421
T2 3p/piece: 0
Hazza'rah's: 26272
Darkmoon: 20.7265
100 points == 1 sp == 0.0761228 hps.
finger 2 : blood of the martyr -> fordring's seal => val: 262.627 -> 264.915

*** NEW BEST (0): 264.915
Based on last: 3000 entries, out of total: 3733 entries, (591 dropped), The least-squares solution is:
Int: 10.0019
Spirit: 6.07745
Sp / Healing: 100
Mp5: 0
Crit: 345.028
T1 3p/piece: 125.402
T2 3p/piece: 0
Hazza'rah's: 26304
Darkmoon: 20.7503
100 points == 1 sp == 0.0760355 hps.
trinket 2 : eye of the beast -> rejuvenating gem => val: 264.915 -> 268.654

*** NEW BEST (0): 268.654
Based on last: 3000 entries, out of total: 3741 entries, (599 dropped), The least-squares solution is:
Int: 9.9372
Spirit: 6.3284
Sp / Healing: 100
Mp5: 0
Crit: 348.717
T1 3p/piece: 124.34
T2 3p/piece: 0
Hazza'rah's: 26345.3
Darkmoon: 20.7807
100 points == 1 sp == 0.0759243 hps.
feet : boots of the full moon -> boots of transcendence => val: 268.654 -> 269.333

*** NEW BEST (0): 269.333
Based on last: 3000 entries, out of total: 3751 entries, (609 dropped), The least-squares solution is:
Int: 9.81089
Spirit: 6.2528
Sp / Healing: 100
Mp5: 0
Crit: 355.521
T1 3p/piece: 127.502
T2 3p/piece: 0
Hazza'rah's: 26392.5
Darkmoon: 20.8149
100 points == 1 sp == 0.0757993 hps.
head : crimson felt hat -> zulian headdress => val: 269.333 -> 270.192

*** NEW BEST (0): 270.192
Based on last: 3000 entries, out of total: 3758 entries, (626 dropped), The least-squares solution is:
Int: 9.84487
Spirit: 6.06641
Sp / Healing: 100
Mp5: 0
Crit: 357.235
T1 3p/piece: 130.099
T2 3p/piece: 0
Hazza'rah's: 26417.2
Darkmoon: 20.833
100 points == 1 sp == 0.0757337 hps.
waist : ban'thok sash -> whipvine cord => val: 270.192 -> 271.451

*** NEW BEST (0): 271.451
Based on last: 3000 entries, out of total: 3761 entries, (643 dropped), The least-squares solution is:
Int: 9.83347
Spirit: 6.03287
Sp / Healing: 100
Mp5: 0
Crit: 359.045
T1 3p/piece: 131.057
T2 3p/piece: 0
Hazza'rah's: 26436
Darkmoon: 20.8468
100 points == 1 sp == 0.0756837 hps.
*two-hand :   the hammer of grace orb of the forgotten seer -> benediction    => val: 271.451 -> 278.832

*** NEW BEST (0): 278.832
Based on last: 3000 entries, out of total: 3811 entries, (784 dropped), The least-squares solution is:
Int: 9.9878
Spirit: 5.63805
Sp / Healing: 100
Mp5: 0
Crit: 369.308
T1 3p/piece: 177.779
T2 3p/piece: 0
Hazza'rah's: 26515.4
Darkmoon: 20.9504
100 points == 1 sp == 0.0753091 hps.
********
Read starting items and cleared locks.
 ----------------------------
 --- head --- 
name: zulian headdress
slot: head
intelligence: 15
stamina: 13
spirit: 14
sp_healing: 55
armor: 78
 ----------------------------
 --- neck --- 
name: jin'do's evil eye
slot: neck
intelligence: 11
stamina: 5
spirit: 6
sp_healing: 44
 ----------------------------
 --- shoulders --- 
name: zandalar confessor's mantle
slot: shoulders
intelligence: 24
stamina: 11
spirit: 15
sp_healing: 22
armor: 78
 ----------------------------
 --- back --- 
name: hide of the wild
slot: back
intelligence: 10
stamina: 8
sp_healing: 42
armor: 48
 ----------------------------
 --- chest --- 
name: truefaith vestments
slot: chest
stamina: 14
sp_healing: 73
mp5: 6
armor: 96
 ----------------------------
 --- wrists --- 
name: bindings of transcendence
slot: wrists
intelligence: 13
stamina: 9
spirit: 16
sp_healing: 33
armor: 51
 ----------------------------
 --- two-hand --- 
name: benediction
slot: two-hand
intelligence: 31
stamina: 10
spirit: 12
sp_healing: 106
spell_crit: 2
shadow_res: 20
 ----------------------------
 ---  --- 
name: 
slot: 
 ----------------------------
 ---  --- 
name: 
slot: 
 ----------------------------
 ---  --- 
name: 
slot: 
 ----------------------------
 --- ranged --- 
name: dragon's touch
slot: ranged
intelligence: 12
stamina: 7
sp: 6
 ----------------------------
 --- hands --- 
name: handguards of transcendence
slot: hands
intelligence: 20
stamina: 12
spirit: 13
sp_healing: 29
spell_crit: 1
armor: 72
 ----------------------------
 --- waist --- 
name: whipvine cord
slot: waist
intelligence: 8
sp_healing: 31
mp5: 6
armor: 47
 ----------------------------
 --- legs --- 
name: empowered leggings
slot: legs
intelligence: 12
stamina: 12
spirit: 24
sp_healing: 77
spell_crit: 1
armor: 103
 ----------------------------
 --- feet --- 
name: boots of transcendence
slot: feet
intelligence: 17
stamina: 17
spirit: 17
sp_healing: 35
fire_res: 10
armor: 80
 ----------------------------
 --- finger --- 
name: pure elementium band
slot: finger
intelligence: 10
stamina: 9
spirit: 10
sp_healing: 53
 ----------------------------
 --- finger --- 
name: fordring's seal
slot: finger
intelligence: 5
stamina: 4
sp_healing: 37
 ----------------------------
 --- trinket --- 
name: hazza'rah's charm of healing
slot: trinket
 ----------------------------
 --- trinket --- 
name: rejuvenating gem
slot: trinket
sp_healing: 66
mp5: 9
 ----------------------------
 --- Set bonuses ---
name: confessor's 2 hazza'rah's 1 transcendence 3 
slot: Set bonuses
sp: 23
 --- And counts for start items ---
oh_limit: 0.9
time_left_mul: 0.5
total_deficit_to_pop_trinkets: 10000
in combat total: 2642.5
Flash Heal 1, casts: 91, avg: 447.607, 5.52817%, cast time 5.16556% of in combat, overheal: 0.294626
Flash Heal 2, casts: 29, avg: 657.145, 2.58644%, cast time 1.64617% of in combat, overheal: 0.0894421
Flash Heal 3, casts: 21, avg: 725.845, 2.06874%, cast time 1.19205% of in combat, overheal: 0.094862
Flash Heal 4, casts: 28, avg: 848.743, 3.22535%, cast time 1.5894% of in combat, overheal: 0.0436163
Flash Heal 5, casts: 21, avg: 872.703, 2.4873%, cast time 1.19205% of in combat, overheal: 0.149504
Flash Heal 6, casts: 26, avg: 1066.23, 3.7624%, cast time 1.47588% of in combat, overheal: 0.0916484
Flash Heal 7, casts: 356, avg: 1278.31, 61.7633%, cast time 20.2081% of in combat, overheal: 0.062817
Greater Heal 1 hazz, casts: 18, avg: 1310.84, 3.20232%, cast time 1.02176% of in combat, overheal: 0.289433
Greater Heal 2 hazz, casts: 11, avg: 1937.58, 2.89265%, cast time 0.624409% of in combat, overheal: 0.0887731
Greater Heal 3 hazz, casts: 2, avg: 1894.61, 0.514272%, cast time 0.113529% of in combat, overheal: 0.227244
Greater Heal 4 hazz, casts: 34, avg: 2555.04, 11.7902%, cast time 1.92999% of in combat, overheal: 0.0981685
Heal 2, casts: 1, avg: 1318.15, 0.178899%, cast time 0.0946074% of in combat, overheal: 0
Total time casting: 958, which is: 36.2535% of time in combat.
Total hps: 278.832, raw hps: 309.237, oh: 0.0983236
Deficit time sum: 2.10484e+11, baseline: 3.01749e+11
Deficit*time change / s: 3.45371e+07 hp
Number of combats: 52
Average mana at start of combat: 10481.4
Average mana at end of combat: 9361.85
Other players with hps > 100:
  Docc : 172.384 hps
  Encyclopedia : 194.201 hps
  Fei : 159.76 hps
  Gearscore : 160.093 hps
  Octopusbread : 178.61 hps
  Restoshaman : 154.415 hps
  Sunny : 182.934 hps
  Vivipoopoo : 145.902 hps
  Walk : 185.625 hps
Reading locked from: no-locks
Setting tag name to: onslaught_aq40_speed_phase5
.
*** NEW BEST (1): 348.078

*** NEW BEST (1): 349.877

*** NEW BEST (1): 354.418

*** NEW BEST (1): 354.84

*** NEW BEST (1): 358.221

*** NEW BEST (1): 360.868

*** NEW BEST (1): 363.562

*** NEW BEST (1): 364.099

*** NEW BEST (1): 364.481

*** NEW BEST (1): 364.972

*** NEW BEST (1): 366.475
Temporary bans and partial set bonuses off.
.
*** NEW BEST (0): 368.341
chest : robes of the guardian saint -> truefaith vestments => val: 368.341 -> 368.485

*** NEW BEST (0): 368.485
shoulders : ternary mantle -> zandalar confessor's mantle => val: 368.485 -> 368.642

*** NEW BEST (0): 368.642
back : cloak of clarity -> hide of the wild => val: 368.642 -> 369.629

*** NEW BEST (0): 369.629
legs : leggings of transcendence -> empowered leggings => val: 369.629 -> 372.234

*** NEW BEST (0): 372.234
***** INTERMEDIATE RESULTS *****
Iteration: 2
 ----------------------------
 --- head --- 
name: crystal adorned crown
slot: head
intelligence: 14
spirit: 13
sp_healing: 92
armor: 85
 ----------------------------
 --- neck --- 
name: amulet of the fallen god
slot: neck
intelligence: 11
sp_healing: 57
mp5: 6
 ----------------------------
 --- shoulders --- 
name: zandalar confessor's mantle
slot: shoulders
intelligence: 24
stamina: 11
spirit: 15
sp_healing: 22
armor: 78
 ----------------------------
 --- back --- 
name: hide of the wild
slot: back
intelligence: 10
stamina: 8
sp_healing: 42
armor: 48
 ----------------------------
 --- chest --- 
name: truefaith vestments
slot: chest
stamina: 14
sp_healing: 73
mp5: 6
armor: 96
 ----------------------------
 --- wrists --- 
name: bracelets of royal redemption
slot: wrists
intelligence: 10
stamina: 8
spirit: 9
sp_healing: 53
armor: 54
 ----------------------------
 ---  --- 
name: 
slot: 
 ----------------------------
 --- main hand --- 
name: scepter of the false prophet
slot: main hand
intelligence: 19
stamina: 10
sp_healing: 187
mp5: 3
 ----------------------------
 ---  --- 
name: 
slot: 
 ----------------------------
 --- off hand --- 
name: lei of the lifegiver
slot: off hand
sp_healing: 53
mp5: 3
 ----------------------------
 --- ranged --- 
name: lunar wand of healing
slot: ranged
sp_healing: 20
 ----------------------------
 --- hands --- 
name: atal'ai hands of healing
slot: hands
sp: 9
sp_healing: 44
armor: 47
 ----------------------------
 --- waist --- 
name: grasp of the old god
slot: waist
intelligence: 19
stamina: 15
sp_healing: 59
mp5: 7
armor: 75
 ----------------------------
 --- legs --- 
name: empowered leggings
slot: legs
intelligence: 12
stamina: 12
spirit: 24
sp_healing: 77
spell_crit: 1
armor: 103
 ----------------------------
 --- feet --- 
name: boots of pure thought
slot: feet
intelligence: 12
stamina: 8
spirit: 12
sp_healing: 62
armor: 74
 ----------------------------
 --- finger --- 
name: pure elementium band
slot: finger
intelligence: 10
stamina: 9
spirit: 10
sp_healing: 53
 ----------------------------
 --- finger --- 
name: ring of the martyr
slot: finger
stamina: 10
sp_healing: 51
mp5: 5
 ----------------------------
 --- trinket --- 
name: hazza'rah's charm of healing
slot: trinket
 ----------------------------
 --- trinket --- 
name: rejuvenating gem
slot: trinket
sp_healing: 66
mp5: 9
 ----------------------------
 --- Set bonuses ---
name: confessor's 2 hazza'rah's 1 
slot: Set bonuses
sp: 23
------------------
Best value: 372.234
------------------
Char stats: 
Effective hp: 8408
Effective mana (100 s, 33 % out of fsr): 15780.9
Raw max mana: 9750.27
Int: 373.98
Stam: 380.88
Spirit: 388.93
Strength: 79.58
Agility: 84.18
All stats multiplier (taken into account above): 1.15
Bonus mana: 2000
Bonus hp: 0
Mp5: 189
Sp: 32
Sp shadow: 0
Sp healing: 1171
Spell crit: 19
Spell hit: 0
Arcane res: 27
Nature res: 27
Fire res: 27
Frost res: 27
Shadow res: 27
Armor: 2858.75
Defense: 300
Dodge: 0
Parry: 0
HpsPvp: 1055.72
ShadowDps: 223.541
Value pvp healing: 1920.27
Value pvp shadow: 86.0948
Effective hp-pvp: 10448.8
Effecctive mana for 100 s, 0.33 fsr: 17398.9
------------------
Best counts:
oh_limit: 0.6
time_left_mul: 2.9
total_deficit_to_pop_trinkets: 6634.2
in combat total: 2642.5
Flash Heal 1, casts: 32, avg: 562.218, 1.81346%, cast time 1.81646% of in combat, overheal: 0.270439
Flash Heal 2, casts: 3, avg: 745.377, 0.225399%, cast time 0.170293% of in combat, overheal: 0.130382
Flash Heal 3, casts: 6, avg: 898.816, 0.543597%, cast time 0.340587% of in combat, overheal: 0.0405254
Flash Heal 4, casts: 8, avg: 975.49, 0.786624%, cast time 0.454115% of in combat, overheal: 0.0452312
Flash Heal 5, casts: 5, avg: 927.499, 0.467453%, cast time 0.283822% of in combat, overheal: 0.2
Flash Heal 6, casts: 11, avg: 1306.01, 1.44809%, cast time 0.624409% of in combat, overheal: 1.35953e-07
Flash Heal 7, casts: 76, avg: 1430.28, 10.957%, cast time 4.3141% of in combat, overheal: 0.0431919
Greater Heal 1, casts: 14, avg: 1776.51, 2.50698%, cast time 1.3245% of in combat, overheal: 0.158514
Greater Heal 1 hazz, casts: 31, avg: 1706.91, 5.33368%, cast time 1.7597% of in combat, overheal: 0.191482
Greater Heal 2 hazz, casts: 6, avg: 2194.61, 1.32728%, cast time 0.340587% of in combat, overheal: 0.082024
Greater Heal 3 hazz, casts: 7, avg: 2326.1, 1.64127%, cast time 0.397351% of in combat, overheal: 0.142857
Greater Heal 4, casts: 124, avg: 2922.87, 36.533%, cast time 11.7313% of in combat, overheal: 0.0548375
Greater Heal 4 hazz, casts: 27, avg: 2978, 8.1048%, cast time 1.53264% of in combat, overheal: 0.0370119
Heal 2, casts: 153, avg: 1262.8, 19.4751%, cast time 14.4749% of in combat, overheal: 0.205766
Heal 4, casts: 46, avg: 1905.71, 8.83625%, cast time 4.35194% of in combat, overheal: 0.155332
Total time casting: 1160.5, which is: 43.9167% of time in combat.
Total hps: 375.431, raw hps: 422.762, oh: 0.111955
Deficit time sum: 1.73909e+11, baseline: 3.01749e+11
Deficit*time change / s: 4.83782e+07 hp
Number of combats: 52
Average mana at start of combat: 9521.85
Average mana at end of combat: 8207.63
Other players with hps > 100:
  Docc : 169.938 hps
  Encyclopedia : 184.573 hps
  Fei : 155.585 hps
  Gearscore : 156.348 hps
  Octopusbread : 170.363 hps
  Restoshaman : 150.596 hps
  Sunny : 179.2 hps
  Vivipoopoo : 141.808 hps
  Walk : 181.576 hps
------------------
Upgrades: 
( following sorted by alt scores, no specials )
benediction, , , (8.82315) -> , scepter of the false prophet, , lei of the lifegiver(18.2171) : 9.39395 = +2.56639%
zulian headdress(4.31427) -> crystal adorned crown(7.08893) : 2.77466 = +0.744561%
whipvine cord(2.39474) -> grasp of the old god(4.58615) : 2.19141 = +0.587131%
boots of transcendence(2.83588) -> boots of pure thought(4.81036) : 1.97449 = +0.528706%
bindings of transcendence(2.65091) -> bracelets of royal redemption(4.10483) : 1.45392 = +0.388772%
handguards of transcendence(2.66772) -> atal'ai hands of healing(3.99139) : 1.32367 = +0.35382%
fordring's seal(2.82404) -> ring of the martyr(3.84076) : 1.01672 = +0.27155%
dragon's touch(0.542114) -> lunar wand of healing(1.5062) : 0.964081 = +0.257454%
jin'do's evil eye(3.42181) -> amulet of the fallen god(4.37537) : 0.953552 = +0.254635%
zandalar confessor's mantle(3.63312) -> zandalar confessor's mantle(3.63312) : 0 = +0%
hide of the wild(3.23819) -> hide of the wild(3.23819) : 0 = +0%
truefaith vestments(5.49756) -> truefaith vestments(5.49756) : 0 = +0%
empowered leggings(6.26907) -> empowered leggings(6.26907) : 0 = +0%
pure elementium band(4.10907) -> pure elementium band(4.10907) : 0 = +0%
hazza'rah's charm of healing(21.7007) -> hazza'rah's charm of healing(21.7007) : 0 = +0%
rejuvenating gem(4.9704) -> rejuvenating gem(4.9704) : 0 = +0%
------------------
~~~~ end of intermediate results ~~~~
Temporary bans and partial set bonuses on.
.
*** NEW BEST (1): 375.168

*** NEW BEST (1): 376.025
.Temporary bans and partial set bonuses off.
.
*** NEW BEST (0): 375.431
***** INTERMEDIATE RESULTS *****
Iteration: 5
 ----------------------------
 --- head --- 
name: crystal adorned crown
slot: head
intelligence: 14
spirit: 13
sp_healing: 92
armor: 85
 ----------------------------
 --- neck --- 
name: amulet of the fallen god
slot: neck
intelligence: 11
sp_healing: 57
mp5: 6
 ----------------------------
 --- shoulders --- 
name: zandalar confessor's mantle
slot: shoulders
intelligence: 24
stamina: 11
spirit: 15
sp_healing: 22
armor: 78
 ----------------------------
 --- back --- 
name: hide of the wild
slot: back
intelligence: 10
stamina: 8
sp_healing: 42
armor: 48
 ----------------------------
 --- chest --- 
name: truefaith vestments
slot: chest
stamina: 14
sp_healing: 73
mp5: 6
armor: 96
 ----------------------------
 --- wrists --- 
name: bracelets of royal redemption
slot: wrists
intelligence: 10
stamina: 8
spirit: 9
sp_healing: 53
armor: 54
 ----------------------------
 ---  --- 
name: 
slot: 
 ----------------------------
 --- main hand --- 
name: scepter of the false prophet
slot: main hand
intelligence: 19
stamina: 10
sp_healing: 187
mp5: 3
 ----------------------------
 ---  --- 
name: 
slot: 
 ----------------------------
 --- off hand --- 
name: lei of the lifegiver
slot: off hand
sp_healing: 53
mp5: 3
 ----------------------------
 --- ranged --- 
name: lunar wand of healing
slot: ranged
sp_healing: 20
 ----------------------------
 --- hands --- 
name: atal'ai hands of healing
slot: hands
sp: 9
sp_healing: 44
armor: 47
 ----------------------------
 --- waist --- 
name: grasp of the old god
slot: waist
intelligence: 19
stamina: 15
sp_healing: 59
mp5: 7
armor: 75
 ----------------------------
 --- legs --- 
name: empowered leggings
slot: legs
intelligence: 12
stamina: 12
spirit: 24
sp_healing: 77
spell_crit: 1
armor: 103
 ----------------------------
 --- feet --- 
name: boots of pure thought
slot: feet
intelligence: 12
stamina: 8
spirit: 12
sp_healing: 62
armor: 74
 ----------------------------
 --- finger --- 
name: pure elementium band
slot: finger
intelligence: 10
stamina: 9
spirit: 10
sp_healing: 53
 ----------------------------
 --- finger --- 
name: ring of the martyr
slot: finger
stamina: 10
sp_healing: 51
mp5: 5
 ----------------------------
 --- trinket --- 
name: hazza'rah's charm of healing
slot: trinket
 ----------------------------
 --- trinket --- 
name: rejuvenating gem
slot: trinket
sp_healing: 66
mp5: 9
 ----------------------------
 --- Set bonuses ---
name: confessor's 2 hazza'rah's 1 
slot: Set bonuses
sp: 23
------------------
Best value: 375.431
------------------
Char stats: 
Effective hp: 8408
Effective mana (100 s, 33 % out of fsr): 15780.9
Raw max mana: 9750.27
Int: 373.98
Stam: 380.88
Spirit: 388.93
Strength: 79.58
Agility: 84.18
All stats multiplier (taken into account above): 1.15
Bonus mana: 2000
Bonus hp: 0
Mp5: 189
Sp: 32
Sp shadow: 0
Sp healing: 1171
Spell crit: 19
Spell hit: 0
Arcane res: 27
Nature res: 27
Fire res: 27
Frost res: 27
Shadow res: 27
Armor: 2858.75
Defense: 300
Dodge: 0
Parry: 0
HpsPvp: 1055.72
ShadowDps: 223.541
Value pvp healing: 1920.27
Value pvp shadow: 86.0948
Effective hp-pvp: 10448.8
Effecctive mana for 100 s, 0.33 fsr: 17398.9
------------------
Best counts:
oh_limit: 0.6
time_left_mul: 2.9
total_deficit_to_pop_trinkets: 6584.57
in combat total: 2642.5
Flash Heal 1, casts: 32, avg: 562.218, 1.81346%, cast time 1.81646% of in combat, overheal: 0.270439
Flash Heal 2, casts: 3, avg: 745.377, 0.225399%, cast time 0.170293% of in combat, overheal: 0.130382
Flash Heal 3, casts: 6, avg: 898.816, 0.543597%, cast time 0.340587% of in combat, overheal: 0.0405254
Flash Heal 4, casts: 8, avg: 975.49, 0.786624%, cast time 0.454115% of in combat, overheal: 0.0452312
Flash Heal 5, casts: 5, avg: 927.499, 0.467453%, cast time 0.283822% of in combat, overheal: 0.2
Flash Heal 6, casts: 11, avg: 1306.01, 1.44809%, cast time 0.624409% of in combat, overheal: 1.35953e-07
Flash Heal 7, casts: 76, avg: 1430.28, 10.957%, cast time 4.3141% of in combat, overheal: 0.0431919
Greater Heal 1, casts: 14, avg: 1776.51, 2.50698%, cast time 1.3245% of in combat, overheal: 0.158514
Greater Heal 1 hazz, casts: 31, avg: 1706.91, 5.33368%, cast time 1.7597% of in combat, overheal: 0.191482
Greater Heal 2 hazz, casts: 6, avg: 2194.61, 1.32728%, cast time 0.340587% of in combat, overheal: 0.082024
Greater Heal 3 hazz, casts: 7, avg: 2326.1, 1.64127%, cast time 0.397351% of in combat, overheal: 0.142857
Greater Heal 4, casts: 124, avg: 2922.87, 36.533%, cast time 11.7313% of in combat, overheal: 0.0548375
Greater Heal 4 hazz, casts: 27, avg: 2978, 8.1048%, cast time 1.53264% of in combat, overheal: 0.0370119
Heal 2, casts: 153, avg: 1262.8, 19.4751%, cast time 14.4749% of in combat, overheal: 0.205766
Heal 4, casts: 46, avg: 1905.71, 8.83625%, cast time 4.35194% of in combat, overheal: 0.155332
Total time casting: 1160.5, which is: 43.9167% of time in combat.
Total hps: 375.431, raw hps: 422.762, oh: 0.111955
Deficit time sum: 1.73909e+11, baseline: 3.01749e+11
Deficit*time change / s: 4.83782e+07 hp
Number of combats: 52
Average mana at start of combat: 9521.85
Average mana at end of combat: 8207.63
Other players with hps > 100:
  Docc : 169.938 hps
  Encyclopedia : 184.573 hps
  Fei : 155.585 hps
  Gearscore : 156.348 hps
  Octopusbread : 170.363 hps
  Restoshaman : 150.596 hps
  Sunny : 179.2 hps
  Vivipoopoo : 141.808 hps
  Walk : 181.576 hps
------------------
Upgrades: 
( following sorted by alt scores, no specials )
benediction, , , (8.82315) -> , scepter of the false prophet, , lei of the lifegiver(18.2171) : 9.39395 = +2.56639%
zulian headdress(4.31427) -> crystal adorned crown(7.08893) : 2.77466 = +0.744561%
whipvine cord(2.39474) -> grasp of the old god(4.58615) : 2.19141 = +0.587131%
boots of transcendence(2.83588) -> boots of pure thought(4.81036) : 1.97449 = +0.528706%
bindings of transcendence(2.65091) -> bracelets of royal redemption(4.10483) : 1.45392 = +0.388772%
handguards of transcendence(2.66772) -> atal'ai hands of healing(3.99139) : 1.32367 = +0.35382%
fordring's seal(2.82404) -> ring of the martyr(3.84076) : 1.01672 = +0.27155%
dragon's touch(0.542114) -> lunar wand of healing(1.5062) : 0.964081 = +0.257454%
jin'do's evil eye(3.42181) -> amulet of the fallen god(4.37537) : 0.953552 = +0.254635%
zandalar confessor's mantle(3.63312) -> zandalar confessor's mantle(3.63312) : 0 = +0%
hide of the wild(3.23819) -> hide of the wild(3.23819) : 0 = +0%
truefaith vestments(5.49756) -> truefaith vestments(5.49756) : 0 = +0%
empowered leggings(6.26907) -> empowered leggings(6.26907) : 0 = +0%
pure elementium band(4.10907) -> pure elementium band(4.10907) : 0 = +0%
hazza'rah's charm of healing(21.7007) -> hazza'rah's charm of healing(21.7007) : 0 = +0%
rejuvenating gem(4.9704) -> rejuvenating gem(4.9704) : 0 = +0%
------------------
~~~~ end of intermediate results ~~~~
Same items for intermediate results again, ending optimization. 
 ----------------------------
 --- head --- 
name: crystal adorned crown
slot: head
intelligence: 14
spirit: 13
sp_healing: 92
armor: 85
 ----------------------------
 --- neck --- 
name: amulet of the fallen god
slot: neck
intelligence: 11
sp_healing: 57
mp5: 6
 ----------------------------
 --- shoulders --- 
name: zandalar confessor's mantle
slot: shoulders
intelligence: 24
stamina: 11
spirit: 15
sp_healing: 22
armor: 78
 ----------------------------
 --- back --- 
name: hide of the wild
slot: back
intelligence: 10
stamina: 8
sp_healing: 42
armor: 48
 ----------------------------
 --- chest --- 
name: truefaith vestments
slot: chest
stamina: 14
sp_healing: 73
mp5: 6
armor: 96
 ----------------------------
 --- wrists --- 
name: bracelets of royal redemption
slot: wrists
intelligence: 10
stamina: 8
spirit: 9
sp_healing: 53
armor: 54
 ----------------------------
 ---  --- 
name: 
slot: 
 ----------------------------
 --- main hand --- 
name: scepter of the false prophet
slot: main hand
intelligence: 19
stamina: 10
sp_healing: 187
mp5: 3
 ----------------------------
 ---  --- 
name: 
slot: 
 ----------------------------
 --- off hand --- 
name: lei of the lifegiver
slot: off hand
sp_healing: 53
mp5: 3
 ----------------------------
 --- ranged --- 
name: lunar wand of healing
slot: ranged
sp_healing: 20
 ----------------------------
 --- hands --- 
name: atal'ai hands of healing
slot: hands
sp: 9
sp_healing: 44
armor: 47
 ----------------------------
 --- waist --- 
name: grasp of the old god
slot: waist
intelligence: 19
stamina: 15
sp_healing: 59
mp5: 7
armor: 75
 ----------------------------
 --- legs --- 
name: empowered leggings
slot: legs
intelligence: 12
stamina: 12
spirit: 24
sp_healing: 77
spell_crit: 1
armor: 103
 ----------------------------
 --- feet --- 
name: boots of pure thought
slot: feet
intelligence: 12
stamina: 8
spirit: 12
sp_healing: 62
armor: 74
 ----------------------------
 --- finger --- 
name: pure elementium band
slot: finger
intelligence: 10
stamina: 9
spirit: 10
sp_healing: 53
 ----------------------------
 --- finger --- 
name: ring of the martyr
slot: finger
stamina: 10
sp_healing: 51
mp5: 5
 ----------------------------
 --- trinket --- 
name: hazza'rah's charm of healing
slot: trinket
 ----------------------------
 --- trinket --- 
name: rejuvenating gem
slot: trinket
sp_healing: 66
mp5: 9
 ----------------------------
 --- Set bonuses ---
name: confessor's 2 hazza'rah's 1 
slot: Set bonuses
sp: 23
------------------
Char stats: 
Effective hp: 8408
Effective mana (100 s, 33 % out of fsr): 15780.9
Raw max mana: 9750.27
Int: 373.98
Stam: 380.88
Spirit: 388.93
Strength: 79.58
Agility: 84.18
All stats multiplier (taken into account above): 1.15
Bonus mana: 2000
Bonus hp: 0
Mp5: 189
Sp: 32
Sp shadow: 0
Sp healing: 1171
Spell crit: 19
Spell hit: 0
Arcane res: 27
Nature res: 27
Fire res: 27
Frost res: 27
Shadow res: 27
Armor: 2858.75
Defense: 300
Dodge: 0
Parry: 0
HpsPvp: 1055.72
ShadowDps: 223.541
Value pvp healing: 1920.27
Value pvp shadow: 86.0948
Effective hp-pvp: 10448.8
Effecctive mana for 100 s, 0.33 fsr: 17398.9
------------------
Best counts:
oh_limit: 0.6
time_left_mul: 2.9
total_deficit_to_pop_trinkets: 6584.57
in combat total: 2642.5
Flash Heal 1, casts: 32, avg: 562.218, 1.81346%, cast time 1.81646% of in combat, overheal: 0.270439
Flash Heal 2, casts: 3, avg: 745.377, 0.225399%, cast time 0.170293% of in combat, overheal: 0.130382
Flash Heal 3, casts: 6, avg: 898.816, 0.543597%, cast time 0.340587% of in combat, overheal: 0.0405254
Flash Heal 4, casts: 8, avg: 975.49, 0.786624%, cast time 0.454115% of in combat, overheal: 0.0452312
Flash Heal 5, casts: 5, avg: 927.499, 0.467453%, cast time 0.283822% of in combat, overheal: 0.2
Flash Heal 6, casts: 11, avg: 1306.01, 1.44809%, cast time 0.624409% of in combat, overheal: 1.35953e-07
Flash Heal 7, casts: 76, avg: 1430.28, 10.957%, cast time 4.3141% of in combat, overheal: 0.0431919
Greater Heal 1, casts: 14, avg: 1776.51, 2.50698%, cast time 1.3245% of in combat, overheal: 0.158514
Greater Heal 1 hazz, casts: 31, avg: 1706.91, 5.33368%, cast time 1.7597% of in combat, overheal: 0.191482
Greater Heal 2 hazz, casts: 6, avg: 2194.61, 1.32728%, cast time 0.340587% of in combat, overheal: 0.082024
Greater Heal 3 hazz, casts: 7, avg: 2326.1, 1.64127%, cast time 0.397351% of in combat, overheal: 0.142857
Greater Heal 4, casts: 124, avg: 2922.87, 36.533%, cast time 11.7313% of in combat, overheal: 0.0548375
Greater Heal 4 hazz, casts: 27, avg: 2978, 8.1048%, cast time 1.53264% of in combat, overheal: 0.0370119
Heal 2, casts: 153, avg: 1262.8, 19.4751%, cast time 14.4749% of in combat, overheal: 0.205766
Heal 4, casts: 46, avg: 1905.71, 8.83625%, cast time 4.35194% of in combat, overheal: 0.155332
Total time casting: 1160.5, which is: 43.9167% of time in combat.
Total hps: 375.431, raw hps: 422.762, oh: 0.111955
Deficit time sum: 1.73909e+11, baseline: 3.01749e+11
Deficit*time change / s: 4.83782e+07 hp
Number of combats: 52
Average mana at start of combat: 9521.85
Average mana at end of combat: 8207.63
Other players with hps > 100:
  Docc : 169.938 hps
  Encyclopedia : 184.573 hps
  Fei : 155.585 hps
  Gearscore : 156.348 hps
  Octopusbread : 170.363 hps
  Restoshaman : 150.596 hps
  Sunny : 179.2 hps
  Vivipoopoo : 141.808 hps
  Walk : 181.576 hps
------------------
Based on last: 3000 entries, out of total: 4848 entries, (4102 dropped), The least-squares solution is:
Int: 8.77508
Spirit: 10.1845
Sp / Healing: 100
Mp5: 0.608338
Crit: 405.875
T1 3p/piece: 214.201
T2 3p/piece: 0
Hazza'rah's: 26541.5
Darkmoon: 20.8784
100 points == 1 sp == 0.0755688 hps.
Appended tag:
( Pawn: v1: "onslaught_aq40_speed_phase5": Intellect=8.77508, Spirit=10.1845, Healing=100, Mp5=0.608338, SpellCritRating=405.875, IsFist=X, Is2HMace=X, IsCrossbow=X, IsGun=X, IsShield=X, IsPolearm=X, Is2HAxe=X, IsBow=X, IsMail=X, IsPlate=X, IsLeather=X, IsAxe=X, Is2HAxe=X, IsSword=X, Is2HSword=X)
To file: onslaught_aq40_speed_phase5.pawn_tag.txt
------------------
Diffs to start: 
Upgrades: 
( following sorted by alt scores, no specials )
benediction, , , (8.92166) -> , scepter of the false prophet, , lei of the lifegiver(18.2653) : 9.3436 = +2.55228%
zulian headdress(4.36349) -> crystal adorned crown(7.14523) : 2.78174 = +0.746476%
whipvine cord(2.39844) -> grasp of the old god(4.58777) : 2.18933 = +0.586571%
boots of transcendence(2.88849) -> boots of pure thought(4.85721) : 1.96872 = +0.527153%
bindings of transcendence(2.70312) -> bracelets of royal redemption(4.14072) : 1.43759 = +0.384389%
handguards of transcendence(2.7309) -> atal'ai hands of healing(4.00516) : 1.27426 = +0.340569%
fordring's seal(2.82919) -> ring of the martyr(3.85632) : 1.02713 = +0.274337%
dragon's touch(0.53299) -> lunar wand of healing(1.51138) : 0.978394 = +0.261286%
jin'do's evil eye(3.44415) -> amulet of the fallen god(4.38312) : 0.938965 = +0.25073%
zandalar confessor's mantle(3.6752) -> zandalar confessor's mantle(3.6752) : 0 = +0%
hide of the wild(3.2402) -> hide of the wild(3.2402) : 0 = +0%
truefaith vestments(5.51929) -> truefaith vestments(5.51929) : 0 = +0%
empowered leggings(6.3898) -> empowered leggings(6.3898) : 0 = +0%
pure elementium band(4.14844) -> pure elementium band(4.14844) : 0 = +0%
hazza'rah's charm of healing(21.7952) -> hazza'rah's charm of healing(21.7952) : 0 = +0%
rejuvenating gem(4.99167) -> rejuvenating gem(4.99167) : 0 = +0%
- - - - - - - - - - - - - - - - - - - - - - - - - - - - - - - - - - - - - - - - - 
| Upgrades at best in slot level, from start item to candidate, partial bonuses: 1: |
  alt scores are from least squares fit, special score from e.g. set bonuses as s are part of em
. . . . . . . . . . . . . . . . . . . . . . . . . . . . . . . . . . . . . . . . . 
- . - ' - . - ' - . - ' - . - ' - . - ' - . -
head, zulian headdress (3.31702), alt: 4.36349 -> :
    crystal adorned crown (6.36295) : +0.817964 %, alt : +7.14522, from: azuregos
    don rigoberto's lost hat (4.22086) : +0.24272 %, alt : +5.00061, from: aq40
    eternal crown of healing (5.18051) : +0.500429 %, alt : +4.8364, from: random green
    green lens of healing (4.31335) : +0.26756 %, alt : +4.08072, from: pre-raid
- . - ' - . - ' - . - ' - . - ' - . - ' - . -
neck, jin'do's evil eye (5.06958), alt: 3.44415 -> :
    amulet of the fallen god (4.72678) : -0.0912275 %, alt : +4.38313, from: aq40
    amulet of the shifting sands (4.77499) : -0.0783957 %, alt : +3.47892, from: aq20
    animated chain necklace (5.2955) : +0.0601226 %, alt : +2.53995, from: pre-raid
    amulet of vek'nilash (5.46057) : +0.104051 %, alt : +2.38023, from: aq40
    the all-seeing eye of zuldazar (2.32736) : -0.729763 %, alt : +1.51334, from: zg
- . - ' - . - ' - . - ' - . - ' - . - ' - . -
shoulders, zandalar confessor's mantle (4.52621), alt: 3.6752 -> :
    zandalar confessor's mantle (4.52621) : +0 %, alt : +3.67519, from: zg
    ternary mantle (4.89111) : +0.0971961 %, alt : +3.59169, from: aq40
    mantle of the blackwing cabal (4.6012) : +0.0199725 %, alt : +2.67544, from: bwl
    mantle of maz'nadir (4.56564) : +0.0105024 %, alt : +1.74029, from: aq20
- . - ' - . - ' - . - ' - . - ' - . - ' - . -
back, hide of the wild (2.56659), alt: 3.2402 -> :
    hakkari loa cloak (2.58673) : +0.00536501 %, alt : +2.59513, from: zg
    cloak of the savior (2.58038) : +0.00367422 %, alt : +1.81242, from: aq20
    cloak of consumption (2.6171) : +0.0134532 %, alt : +1.8044, from: zg
    raincaster drape (3.37091) : +0.214243 %, alt : +1.73178, from: pre-raid
- . - ' - . - ' - . - ' - . - ' - . - ' - . -
chest, truefaith vestments (5.9072), alt: 5.51929 -> :
- . - ' - . - ' - . - ' - . - ' - . - ' - . -
wrists, bindings of transcendence (3.83987), alt: 2.70312 -> :
    bracelets of royal redemption (5.30099) : +0.390711 %, alt : +4.14073, from: aq40
    flameweave cuffs of healing (5.90811) : +0.553058 %, alt : +2.49377, from: brd
    vambraces of prophecy (4.10583) : +0.0711193 %, alt : +2.26893 (s: 0.161869), from: mc
    burrower bracers (4.71216) : +0.233253 %, alt : +2.20213, from: aq40
    zandalar confessor's wraps (2.9715) : -0.232209 %, alt : +1.97895, from: zg
- . - ' - . - ' - . - ' - . - ' - . - ' - . -
two-hand, benediction (3.4559), alt: 8.92166 -> :
    scepter of the false prophet and lei of the lifegiver (12.4927) : +2.38514 %, alt : +18.2653, from: aq40, av rep
    scepter of the false prophet and sartura's might (11.0658) : +2.00853 %, alt : +18.1553, from: aq40, aq40
    scepter of the false prophet and brightly glowing stone (10.3783) : +1.82705 %, alt : +17.0548, from: aq40, pre-raid
    scepter of the false prophet and trance stone (9.56326) : +1.61195 %, alt : +16.2626, from: aq40, emeriss; lethon; taerar; ysondre
    scepter of the false prophet and arlokk's hoodoo stick (9.14148) : +1.50062 %, alt : +16.228, from: aq40, zg
    scepter of the false prophet and talon of furious concentration (9.72571) : +1.65482 %, alt : +16.2055, from: aq40, aq20
    scepter of the false prophet and royal scepter of vek'lor (9.4762) : +1.58897 %, alt : +16.1365, from: aq40, aq40
    scepter of the false prophet and thaurissan's royal scepter (9.09317) : +1.48787 %, alt : +16.0314, from: aq40, pre-raid
    scepter of the false prophet and jin'do's bag of whammies (8.9736) : +1.45631 %, alt : +15.6919, from: aq40, zg
    scepter of the false prophet and fire runed grimoire (8.1319) : +1.23416 %, alt : +15.2293, from: aq40, mc
    blessed qiraji augur staff (3.90073) : +0.117405 %, alt : +10.9724, from: aq40
    gavel of infinite wisdom and lei of the lifegiver (4.38705) : +0.245764 %, alt : +10.8825, from: aq20, av rep
    gavel of infinite wisdom and sartura's might (4.40814) : +0.251329 %, alt : +10.7725, from: aq20, aq40
    lok'amir il romathis and lei of the lifegiver (4.24847) : +0.209187 %, alt : +10.5352, from: bwl, av rep
    lok'amir il romathis and sartura's might (4.07135) : +0.162438 %, alt : +10.4253, from: bwl, aq40
    gavel of infinite wisdom and brightly glowing stone (4.00116) : +0.143913 %, alt : +9.67202, from: aq20, pre-raid
    lok'amir il romathis and brightly glowing stone (3.48206) : +0.00690284 %, alt : +9.32476, from: bwl, pre-raid
- . - ' - . - ' - . - ' - . - ' - . - ' - . -
ranged, dragon's touch (-0.819183), alt: 0.53299 -> :
    lunar wand of healing (0.0499878) : +0.232054 %, alt : +1.51138, from: random green
    wandof qiraji nobility (-0.0488281) : +0.205671 %, alt : +1.43581, from: aq40
    antenna of invigoration (-0.620483) : +0.0530494 %, alt : +1.0103, from: aq20
    bonecreeper stylus (-0.211456) : +0.162253 %, alt : +0.857782, from: pre-raid
    mar'li's touch (-0.132446) : +0.183347 %, alt : +0.119121, from: zg
    lunar wand of the owl (-0.494171) : +0.0867726 %, alt : +0.0859654, from: random green
    oblivion's touch (-0.132446) : +0.183347 %, alt : +0.0729435, from: pre-raid
    crimson shocker (-0.141357) : +0.180968 %, alt : +0.0663122, from: mc
    lunar wand of intellect (-0.46701) : +0.094024 %, alt : +0.059681, from: random green
    dragon finger of intellect (-0.476105) : +0.091596 %, alt : +0.0530498, from: pre-raid
- . - ' - . - ' - . - ' - . - ' - . - ' - . -
hands, handguards of transcendence (3.70358), alt: 2.7309 -> :
    atal'ai hands of healing (5.89362) : +0.58677 %, alt : +4.00515, from: sunken temple
    high councillor's gloves of healing (6.34344) : +0.707292 %, alt : +3.47617, from: random green
    dark storm gauntlets (4.85333) : +0.30805 %, alt : +2.89551, from: aq40
    gloves of dark wisdom (4.97769) : +0.341369 %, alt : +2.77983, from: aq20
    hands of the exalted herald (5.72937) : +0.542764 %, alt : +2.67233, from: pre-raid
    gloves of delusional power (3.96399) : +0.0697701 %, alt : +2.14876, from: emeriss; lethon; taerar; ysondre
    gloves of the messiah (4.01764) : +0.0841443 %, alt : +2.08212, from: aq40
    hands of power (4.70312) : +0.267805 %, alt : +2.05075, from: pre-raid
- . - ' - . - ' - . - ' - . - ' - . - ' - . -
waist, whipvine cord (3.01651), alt: 2.39844 -> :
    grasp of the old god (4.71872) : +0.455473 %, alt : +4.58777, from: aq40
    eyestalk waist cord (4.46118) : +0.386562 %, alt : +3.46472, from: aq40
    firemaw's clutch (4.97354) : +0.523658 %, alt : +2.72678, from: bwl
    mana igniting cord (3.62) : +0.161479 %, alt : +2.30204, from: mc
    belt of untapped power (3.75739) : +0.198242 %, alt : +2.23791, from: zg
    zandalar confessor's bindings (2.47668) : -0.144445 %, alt : +2.18977, from: zg
- . - ' - . - ' - . - ' - . - ' - . - ' - . -
legs, empowered leggings (6.78345), alt: 6.3898 -> :
- . - ' - . - ' - . - ' - . - ' - . - ' - . -
feet, boots of transcendence (2.52856), alt: 2.88849 -> :
    boots of pure thought (4.90109) : +0.635976 %, alt : +4.8572, from: bwl
    treads of the wandering nomand (3.73697) : +0.323923 %, alt : +3.00007, from: aq20
    boots of epiphany (3.61911) : +0.29233 %, alt : +2.69533, from: aq40
- . - ' - . - ' - . - ' - . - ' - . - ' - . -
finger, pure elementium band (5.30099), alt: 4.14844 -> :
    ring of the martyr (5.54099) : +0.0639249 %, alt : +3.85631, from: aq40
    primalist's seal (5.77438) : +0.126094 %, alt : +3.57953, from: zg
    cauterizing band (5.76859) : +0.124549 %, alt : +3.55574, from: mc
    fordring's seal (5.35419) : +0.0141685 %, alt : +2.8292, from: pre-raid
    ring of spellpower (5.90811) : +0.161714 %, alt : +2.49377, from: mc
- . - ' - . - ' - . - ' - . - ' - . - ' - . -
finger 2, fordring's seal (5.25943), alt: 2.82919 -> :
    pure elementium band (5.4603) : +0.0535454 %, alt : +4.14842, from: bwl
    ring of the martyr (5.55115) : +0.0777636 %, alt : +3.85631, from: aq40
    primalist's seal (4.68375) : -0.153461 %, alt : +3.57953, from: zg
    cauterizing band (4.73285) : -0.140372 %, alt : +3.55574, from: mc
    ring of spellpower (5.93402) : +0.179827 %, alt : +2.49377, from: mc
    rosewine circle (5.35529) : +0.0255524 %, alt : +2.19379, from: pre-raid
- . - ' - . - ' - . - ' - . - ' - . - ' - . -
trinket, hazza'rah's charm of healing (15.6877), alt: 21.7952 -> :
    hazza'rah's charm of healing (15.6877) : +0 %, alt : +21.7952, from: zg
    darkmoon card: blue dragon (-1.8468) : -4.67058 %, alt : +0.0157776, from: 
- . - ' - . - ' - . - ' - . - ' - . - ' - . -
trinket 2, rejuvenating gem (5.38324), alt: 4.99167 -> :
    hazza'rah's charm of healing (0) : -1.4339 %, alt : +21.7952, from: zg
    darkmoon card: blue dragon (-0.30542) : -1.51526 %, alt : +0.0157776, from: 
- - - - - - - - - - - - - - - - - - - - - - - - - - - - - - - - - - - - - - - - - 
| Upgrades at best in slot level, from start item to candidate, partial bonuses: 0: |
  alt scores are from least squares fit, special score from e.g. set bonuses as s are part of em
. . . . . . . . . . . . . . . . . . . . . . . . . . . . . . . . . . . . . . . . . 
- . - ' - . - ' - . - ' - . - ' - . - ' - . -
head, zulian headdress (3.46069), alt: 4.36349 -> :
    crystal adorned crown (9.03027) : +1.50585 %, alt : +7.14522, from: azuregos
    don rigoberto's lost hat (4.97903) : +0.410516 %, alt : +5.00061, from: aq40
    eternal crown of healing (6.9664) : +0.947842 %, alt : +4.8364, from: random green
    green lens of healing (3.84482) : +0.103856 %, alt : +4.08072, from: pre-raid
    mish'undare circlet of mind flayer (3.9502) : +0.132347 %, alt : +3.48676, from: bwl
    cassandra's grace (4.27173) : +0.219281 %, alt : +3.3943, from: pre-raid
    cassandra's grace (4.27173) : +0.219281 %, alt : +3.3943, from: pre-raid
- . - ' - . - ' - . - ' - . - ' - . - ' - . -
neck, jin'do's evil eye (5.61856), alt: 3.44415 -> :
    amulet of the fallen god (5.95914) : +0.0907983 %, alt : +4.38313, from: aq40
    amulet of the shifting sands (6.29877) : +0.181344 %, alt : +3.47892, from: aq20
    the all-seeing eye of zuldazar (0.425323) : -1.38453 %, alt : +1.51334, from: zg
- . - ' - . - ' - . - ' - . - ' - . - ' - . -
shoulders, zandalar confessor's mantle (4.32071), alt: 3.6752 -> :
    zandalar confessor's mantle (4.32071) : +0 %, alt : +3.67519, from: zg
    mantle of the blackwing cabal (4.68759) : +0.0977229 %, alt : +2.67544, from: bwl
- . - ' - . - ' - . - ' - . - ' - . - ' - . -
back, hide of the wild (5.15988), alt: 3.2402 -> :
- . - ' - . - ' - . - ' - . - ' - . - ' - . -
chest, truefaith vestments (6.80951), alt: 5.51929 -> :
- . - ' - . - ' - . - ' - . - ' - . - ' - . -
wrists, bindings of transcendence (2.50183), alt: 2.70312 -> :
    bracelets of royal redemption (5.67072) : +0.85125 %, alt : +4.14073, from: aq40
    flameweave cuffs of healing (3.75894) : +0.337695 %, alt : +2.49377, from: brd
    burrower bracers (2.74164) : +0.0644188 %, alt : +2.20213, from: aq40
    zandalar confessor's wraps (2.32193) : -0.0483264 %, alt : +1.97895, from: zg
- . - ' - . - ' - . - ' - . - ' - . - ' - . -
two-hand, benediction (1.90005), alt: 8.92166 -> :
    scepter of the false prophet and lei of the lifegiver (11.2635) : +2.4815 %, alt : +18.2653, from: aq40, av rep
    scepter of the false prophet and sartura's might (10.0374) : +2.15656 %, alt : +18.1553, from: aq40, aq40
    scepter of the false prophet and brightly glowing stone (8.92728) : +1.86235 %, alt : +17.0548, from: aq40, pre-raid
    scepter of the false prophet and trance stone (9.52255) : +2.02011 %, alt : +16.2626, from: aq40, emeriss; lethon; taerar; ysondre
    scepter of the false prophet and arlokk's hoodoo stick (8.75333) : +1.81625 %, alt : +16.228, from: aq40, zg
    scepter of the false prophet and talon of furious concentration (9.36804) : +1.97916 %, alt : +16.2055, from: aq40, aq20
    scepter of the false prophet and royal scepter of vek'lor (9.28409) : +1.95691 %, alt : +16.1365, from: aq40, aq40
    scepter of the false prophet and thaurissan's royal scepter (9.24741) : +1.94719 %, alt : +16.0314, from: aq40, pre-raid
    scepter of the false prophet and jin'do's bag of whammies (8.92917) : +1.86285 %, alt : +15.6919, from: aq40, zg
    scepter of the false prophet and fire runed grimoire (7.21115) : +1.40754 %, alt : +15.2293, from: aq40, mc
    blessed qiraji augur staff (3.08749) : +0.314694 %, alt : +10.9724, from: aq40
    gavel of infinite wisdom and lei of the lifegiver (3.6474) : +0.46308 %, alt : +10.8825, from: aq20, av rep
    gavel of infinite wisdom and sartura's might (3.50226) : +0.424614 %, alt : +10.7725, from: aq20, aq40
    lok'amir il romathis and lei of the lifegiver (3.28543) : +0.367151 %, alt : +10.5352, from: bwl, av rep
    lok'amir il romathis and sartura's might (3.10757) : +0.320016 %, alt : +10.4253, from: bwl, aq40
    gavel of infinite wisdom and brightly glowing stone (3.15036) : +0.331355 %, alt : +9.67202, from: aq20, pre-raid
    lok'amir il romathis and brightly glowing stone (2.47409) : +0.15213 %, alt : +9.32476, from: bwl, pre-raid
    gavel of infinite wisdom and arlokk's hoodoo stick (2.07318) : +0.0458817 %, alt : +8.84521, from: aq20, zg
    gavel of infinite wisdom and thaurissan's royal scepter (2.04272) : +0.0378102 %, alt : +8.64861, from: aq20, pre-raid
    lok'amir il romathis and trance stone (2.03903) : +0.0368316 %, alt : +8.53256, from: bwl, emeriss; lethon; taerar; ysondre
    lok'amir il romathis and arlokk's hoodoo stick (2.00714) : +0.0283799 %, alt : +8.49794, from: bwl, zg
    lok'amir il romathis and royal scepter of vek'lor (2.10159) : +0.0534114 %, alt : +8.40649, from: bwl, aq40
    gavel of infinite wisdom and jin'do's bag of whammies (1.9053) : +0.00139109 %, alt : +8.30916, from: aq20, zg
    jin'do's hexxer and lei of the lifegiver (2.18924) : +0.0766394 %, alt : +8.22693, from: zg, av rep
    wushoolay's poker and lei of the lifegiver (2.27948) : +0.100555 %, alt : +6.35192, from: zg, av rep
    the hammer of grace and lei of the lifegiver (2.19116) : +0.0771489 %, alt : +6.34916, from: pre-raid, av rep
    the hammer of grace and sartura's might (1.99289) : +0.0246029 %, alt : +6.23919, from: pre-raid, aq40
    jin'do's hexxer and trance stone (1.99078) : +0.0240448 %, alt : +6.22425, from: zg, emeriss; lethon; taerar; ysondre
    fang of the mystics and brightly glowing stone (2.02557) : +0.0332649 %, alt : +6.19367, from: azuregos, pre-raid
    jin'do's hexxer and talon of furious concentration (1.9917) : +0.0242875 %, alt : +6.16712, from: zg, aq20
    jin'do's hexxer and royal scepter of vek'lor (1.90219) : +0.000566142 %, alt : +6.09818, from: zg, aq40
    zulian scepter of rites and lei of the lifegiver (2.45865) : +0.148038 %, alt : +6.02621, from: zg, av rep
    aurastone hammer and lei of the lifegiver (2.13214) : +0.0615073 %, alt : +5.96436, from: mc, av rep
    fang of venoxis and lei of the lifegiver (2.01581) : +0.0306768 %, alt : +5.92216, from: zg, av rep
    zulian scepter of rites and sartura's might (2.07043) : +0.0451538 %, alt : +5.91623, from: zg, aq40
    stinger of ayamiss and brightly glowing stone (2.20279) : +0.0802304 %, alt : +5.86966, from: aq20, pre-raid
    jin'do's hexxer and jin'do's bag of whammies (2.17905) : +0.0739381 %, alt : +5.65359, from: zg, zg
    fang of the mystics and arlokk's hoodoo stick (2.03275) : +0.0351655 %, alt : +5.36685, from: azuregos, zg
- . - ' - . - ' - . - ' - . - ' - . - ' - . -
ranged, dragon's touch (1.93256), alt: 0.53299 -> :
    lunar wand of healing (2.64929) : +0.191275 %, alt : +1.51138, from: random green
    wandof qiraji nobility (2.55042) : +0.164888 %, alt : +1.43581, from: aq40
    antenna of invigoration (2.17657) : +0.0651212 %, alt : +1.0103, from: aq20
    bonecreeper stylus (2.03079) : +0.0262162 %, alt : +0.857782, from: pre-raid
- . - ' - . - ' - . - ' - . - ' - . - ' - . -
hands, handguards of transcendence (3.63785), alt: 2.7309 -> :
    atal'ai hands of healing (5.66415) : +0.542656 %, alt : +4.00515, from: sunken temple
    high councillor's gloves of healing (5.75882) : +0.568008 %, alt : +3.47617, from: random green
    dark storm gauntlets (4.81528) : +0.315322 %, alt : +2.89551, from: aq40
    gloves of dark wisdom (4.01859) : +0.101964 %, alt : +2.77983, from: aq20
- . - ' - . - ' - . - ' - . - ' - . - ' - . -
waist, whipvine cord (1.15659), alt: 2.39844 -> :
    grasp of the old god (3.88147) : +0.731107 %, alt : +4.58777, from: aq40
    eyestalk waist cord (4.37119) : +0.862502 %, alt : +3.46472, from: aq40
    firemaw's clutch (1.79269) : +0.170673 %, alt : +2.72678, from: bwl
    mana igniting cord (1.75519) : +0.16061 %, alt : +2.30204, from: mc
    belt of untapped power (2.03583) : +0.235907 %, alt : +2.23791, from: zg
    zandalar confessor's bindings (0.727905) : -0.115018 %, alt : +2.18977, from: zg
- . - ' - . - ' - . - ' - . - ' - . - ' - . -
legs, empowered leggings (6.51984), alt: 6.3898 -> :
- . - ' - . - ' - . - ' - . - ' - . - ' - . -
feet, boots of transcendence (2.05023), alt: 2.88849 -> :
    boots of pure thought (5.76236) : +0.998637 %, alt : +4.8572, from: bwl
    treads of the wandering nomand (2.2597) : +0.0563524 %, alt : +3.00007, from: aq20
    betrayer's boots (2.29865) : +0.0668282 %, alt : +2.439, from: zg
- . - ' - . - ' - . - ' - . - ' - . - ' - . -
finger, pure elementium band (5.67072), alt: 4.14844 -> :
    cauterizing band (5.78345) : +0.0300273 %, alt : +3.55574, from: mc
- . - ' - . - ' - . - ' - . - ' - . - ' - . -
finger 2, fordring's seal (4.40314), alt: 2.82919 -> :
    pure elementium band (5.62418) : +0.326 %, alt : +4.14842, from: bwl
    ring of the martyr (5.28235) : +0.234737 %, alt : +3.85631, from: aq40
    cauterizing band (4.44724) : +0.0117735 %, alt : +3.55574, from: mc
- . - ' - . - ' - . - ' - . - ' - . - ' - . -
trinket, hazza'rah's charm of healing (16.8972), alt: 21.7952 -> :
    hazza'rah's charm of healing (16.8972) : +0 %, alt : +21.7952, from: zg
    darkmoon card: blue dragon (-1.841) : -4.9911 %, alt : +0.0157776, from: 
- . - ' - . - ' - . - ' - . - ' - . - ' - . -
trinket 2, rejuvenating gem (6.77292), alt: 4.99167 -> :
    hazza'rah's charm of healing (0) : -1.80404 %, alt : +21.7952, from: zg
    darkmoon card: blue dragon (-0.161591) : -1.84708 %, alt : +0.0157776, from: 
- - - - - - - - - - - - - - - - - - - - - - - - - - - - - - - - - - - - - - - - - 
| Upgrades at start level, from start item to candidate, partial bonuses: 1: |
  alt scores are from least squares fit, special score from e.g. set bonuses as s are part of em
. . . . . . . . . . . . . . . . . . . . . . . . . . . . . . . . . . . . . . . . . 
- . - ' - . - ' - . - ' - . - ' - . - ' - . -
head, zulian headdress (3.53659), alt: 4.36349 -> :
    crystal adorned crown (6.77631) : +0.931775 %, alt : +7.14522, from: azuregos
    don rigoberto's lost hat (2.08612) : -0.41717 %, alt : +5.00061, from: aq40
    eternal crown of healing (3.30194) : -0.0674876 %, alt : +4.8364, from: random green
    halo of transcendence (2.32352) : -0.348892 %, alt : +3.97567, from: onyxia
    cassandra's grace (3.6853) : +0.0427711 %, alt : +3.3943, from: pre-raid
    cassandra's grace (3.6853) : +0.0427711 %, alt : +3.3943, from: pre-raid
- . - ' - . - ' - . - ' - . - ' - . - ' - . -
neck, jin'do's evil eye (2.96072), alt: 3.44415 -> :
    amulet of the fallen god (3.4679) : +0.145868 %, alt : +4.38313, from: aq40
    amulet of the shifting sands (3.07474) : +0.0327915 %, alt : +3.47892, from: aq20
    amulet of vek'nilash (3.07904) : +0.0340291 %, alt : +2.38023, from: aq40
    the all-seeing eye of zuldazar (0.966888) : -0.573447 %, alt : +1.51334, from: zg
- . - ' - . - ' - . - ' - . - ' - . - ' - . -
shoulders, zandalar confessor's mantle (2.91965), alt: 3.6752 -> :
    zandalar confessor's mantle (2.91965) : +0 %, alt : +3.67519, from: zg
    mantle of the blackwing cabal (3.12646) : +0.0594829 %, alt : +2.67544, from: bwl
    pauldrons of transcendence (1.72992) : -0.342178 %, alt : +2.23062, from: bwl
- . - ' - . - ' - . - ' - . - ' - . - ' - . -
back, hide of the wild (3.03705), alt: 3.2402 -> :
    archivist cape of healing (3.04999) : +0.00372152 %, alt : +2.49561, from: pre-raid
- . - ' - . - ' - . - ' - . - ' - . - ' - . -
chest, truefaith vestments (3.92776), alt: 5.51929 -> :
    robes of the exalted (3.97501) : +0.0135871 %, alt : +5.2565, from: pre-raid
    robes of transcendence (2.43539) : -0.429221 %, alt : +4.60961, from: bwl
- . - ' - . - ' - . - ' - . - ' - . - ' - . -
wrists, bindings of transcendence (1.5947), alt: 2.70312 -> :
    bracelets of royal redemption (4.72424) : +0.90009 %, alt : +4.14073, from: aq40
    bindings of transcendence (1.5947) : +0 %, alt : +2.70312, from: bwl
    zandalar confessor's wraps (1.41043) : -0.0529965 %, alt : +1.97895, from: zg
    black bark wristbands (2.01321) : +0.12037 %, alt : +1.94653, from: lethon
- . - ' - . - ' - . - ' - . - ' - . - ' - . -
two-hand, benediction (5.14478), alt: 8.92166 -> :
    scepter of the false prophet and lei of the lifegiver (13.3818) : +2.36905 %, alt : +18.2653, from: aq40, av rep
    scepter of the false prophet and sartura's might (12.6089) : +2.14675 %, alt : +18.1553, from: aq40, aq40
    scepter of the false prophet and brightly glowing stone (12.1765) : +2.02238 %, alt : +17.0548, from: aq40, pre-raid
    scepter of the false prophet and trance stone (11.5174) : +1.83283 %, alt : +16.2626, from: aq40, emeriss; lethon; taerar; ysondre
    scepter of the false prophet and arlokk's hoodoo stick (11.6482) : +1.87046 %, alt : +16.228, from: aq40, zg
    scepter of the false prophet and talon of furious concentration (11.6147) : +1.86081 %, alt : +16.2055, from: aq40, aq20
    scepter of the false prophet and royal scepter of vek'lor (11.6581) : +1.87329 %, alt : +16.1365, from: aq40, aq40
    scepter of the false prophet and thaurissan's royal scepter (10.2957) : +1.48145 %, alt : +16.0314, from: aq40, pre-raid
    scepter of the false prophet and jin'do's bag of whammies (10.7882) : +1.62311 %, alt : +15.6919, from: aq40, zg
    scepter of the false prophet and fire runed grimoire (10.278) : +1.47635 %, alt : +15.2293, from: aq40, mc
    blessed qiraji augur staff (6.92538) : +0.512121 %, alt : +10.9724, from: aq40
    gavel of infinite wisdom and lei of the lifegiver (7.92572) : +0.799828 %, alt : +10.8825, from: aq20, av rep
    gavel of infinite wisdom and sartura's might (8.08832) : +0.846593 %, alt : +10.7725, from: aq20, aq40
    lok'amir il romathis and lei of the lifegiver (7.98196) : +0.816004 %, alt : +10.5352, from: bwl, av rep
    lok'amir il romathis and sartura's might (8.02631) : +0.828758 %, alt : +10.4253, from: bwl, aq40
    gavel of infinite wisdom and brightly glowing stone (5.60284) : +0.131745 %, alt : +9.67202, from: aq20, pre-raid
    lok'amir il romathis and brightly glowing stone (4.75998) : -0.110671 %, alt : +9.32476, from: bwl, pre-raid
    gavel of infinite wisdom and arlokk's hoodoo stick (5.21744) : +0.0208984 %, alt : +8.84521, from: aq20, zg
    gavel of infinite wisdom and talon of furious concentration (5.18137) : +0.0105238 %, alt : +8.82269, from: aq20, aq20
- . - ' - . - ' - . - ' - . - ' - . - ' - . -
ranged, dragon's touch (0.199036), alt: 0.53299 -> :
    lunar wand of healing (1.25897) : +0.304849 %, alt : +1.51138, from: random green
    wandof qiraji nobility (1.1571) : +0.27555 %, alt : +1.43581, from: aq40
    antenna of invigoration (-0.19754) : -0.114059 %, alt : +1.0103, from: aq20
    bonecreeper stylus (-0.202393) : -0.115455 %, alt : +0.857782, from: pre-raid
- . - ' - . - ' - . - ' - . - ' - . - ' - . -
hands, handguards of transcendence (0.942993), alt: 2.7309 -> :
    atal'ai hands of healing (4.64993) : +1.06615 %, alt : +4.00515, from: sunken temple
    high councillor's gloves of healing (2.30658) : +0.392181 %, alt : +3.47617, from: random green
    dark storm gauntlets (0.424744) : -0.149054 %, alt : +2.89551, from: aq40
    gloves of dark wisdom (0.618469) : -0.0933364 %, alt : +2.77983, from: aq20
    handguards of transcendence (0.942993) : +0 %, alt : +2.73089, from: bwl
    hands of power (1.13434) : +0.0550328 %, alt : +2.05075, from: pre-raid
    dreamweave gloves (1.01532) : +0.0208019 %, alt : +1.44064, from: pre-raid
- . - ' - . - ' - . - ' - . - ' - . - ' - . -
waist, whipvine cord (2.09494), alt: 2.39844 -> :
    grasp of the old god (4.19165) : +0.603035 %, alt : +4.58777, from: aq40
    eyestalk waist cord (3.3414) : +0.358495 %, alt : +3.46472, from: aq40
    firemaw's clutch (2.0853) : -0.00277358 %, alt : +2.72678, from: bwl
    belt of transcendence (0.759155) : -0.384185 %, alt : +2.20647, from: bwl
    zandalar confessor's bindings (1.26221) : -0.239503 %, alt : +2.18977, from: zg
- . - ' - . - ' - . - ' - . - ' - . - ' - . -
legs, empowered leggings (3.76227), alt: 6.3898 -> :
    leggings of transcendence (0.299286) : -0.995989 %, alt : +3.78026, from: mc
- . - ' - . - ' - . - ' - . - ' - . - ' - . -
feet, boots of transcendence (1.60846), alt: 2.88849 -> :
    boots of pure thought (3.89557) : +0.657796 %, alt : +4.8572, from: bwl
    treads of the wandering nomand (1.61374) : +0.00151845 %, alt : +3.00007, from: aq20
    boots of transcendence (1.60846) : +0 %, alt : +2.88848, from: bwl
    omnicast boots (1.64587) : +0.0107608 %, alt : +1.7222, from: pre-raid
- . - ' - . - ' - . - ' - . - ' - . - ' - . -
finger, pure elementium band (3.38815), alt: 4.14844 -> :
- . - ' - . - ' - . - ' - . - ' - . - ' - . -
finger 2, fordring's seal (2.81516), alt: 2.82919 -> :
    pure elementium band (3.65759) : +0.242294 %, alt : +4.14842, from: bwl
    ring of the martyr (3.91965) : +0.317663 %, alt : +3.85631, from: aq40
    primalist's seal (2.12888) : -0.197381 %, alt : +3.57953, from: zg
    cauterizing band (2.7298) : -0.0245497 %, alt : +3.55574, from: mc
    ring of spellpower (2.88358) : +0.0196784 %, alt : +2.49377, from: mc
- . - ' - . - ' - . - ' - . - ' - . - ' - . -
trinket, hazza'rah's charm of healing (15.5996), alt: 21.7952 -> :
    hazza'rah's charm of healing (15.5996) : +0 %, alt : +21.7952, from: zg
    darkmoon card: blue dragon (-1.42471) : -4.89638 %, alt : +0.0157776, from: 
- . - ' - . - ' - . - ' - . - ' - . - ' - . -
trinket 2, rejuvenating gem (4.27753), alt: 4.99167 -> :
    hazza'rah's charm of healing (0) : -1.23026 %, alt : +21.7952, from: zg
    darkmoon card: blue dragon (-1.4588) : -1.64983 %, alt : +0.0157776, from: 
- - - - - - - - - - - - - - - - - - - - - - - - - - - - - - - - - - - - - - - - - 
| Upgrades at start level, from start item to candidate, partial bonuses: 0: |
  alt scores are from least squares fit, special score from e.g. set bonuses as s are part of em
. . . . . . . . . . . . . . . . . . . . . . . . . . . . . . . . . . . . . . . . . 
- . - ' - . - ' - . - ' - . - ' - . - ' - . -
head, zulian headdress (3.43835), alt: 4.36349 -> :
    crystal adorned crown (6.41965) : +0.857859 %, alt : +7.14522, from: azuregos
    don rigoberto's lost hat (1.57367) : -0.536558 %, alt : +5.00061, from: aq40
    eternal crown of healing (3.20544) : -0.0670192 %, alt : +4.8364, from: random green
    green lens of healing (3.59564) : +0.0452591 %, alt : +4.08072, from: pre-raid
    halo of transcendence (1.44821) : -0.572658 %, alt : +3.97567, from: onyxia
- . - ' - . - ' - . - ' - . - ' - . - ' - . -
neck, jin'do's evil eye (3.39105), alt: 3.44415 -> :
    amulet of the fallen god (3.15823) : -0.0669929 %, alt : +4.38313, from: aq40
    amulet of the shifting sands (3.50894) : +0.0339223 %, alt : +3.47892, from: aq20
    the all-seeing eye of zuldazar (0.704987) : -0.772908 %, alt : +1.51334, from: zg
- . - ' - . - ' - . - ' - . - ' - . - ' - . -
shoulders, zandalar confessor's mantle (3.6799), alt: 3.6752 -> :
    zandalar confessor's mantle (3.6799) : +0 %, alt : +3.67519, from: zg
    pauldrons of transcendence (1.48843) : -0.630589 %, alt : +2.23062, from: bwl
- . - ' - . - ' - . - ' - . - ' - . - ' - . -
back, hide of the wild (3.27603), alt: 3.2402 -> :
- . - ' - . - ' - . - ' - . - ' - . - ' - . -
chest, truefaith vestments (3.61182), alt: 5.51929 -> :
    robes of the exalted (3.66568) : +0.0154991 %, alt : +5.2565, from: pre-raid
    robes of transcendence (0.767822) : -0.818351 %, alt : +4.60961, from: bwl
- . - ' - . - ' - . - ' - . - ' - . - ' - . -
wrists, bindings of transcendence (2.23898), alt: 2.70312 -> :
    bracelets of royal redemption (3.22122) : +0.282636 %, alt : +4.14073, from: aq40
    bindings of transcendence (2.23898) : +0 %, alt : +2.70312, from: bwl
    flameweave cuffs of healing (3.08484) : +0.243393 %, alt : +2.49377, from: brd
    zandalar confessor's wraps (1.64038) : -0.172246 %, alt : +1.97895, from: zg
- . - ' - . - ' - . - ' - . - ' - . - ' - . -
two-hand, benediction (5.88477), alt: 8.92166 -> :
    scepter of the false prophet and lei of the lifegiver (14.1424) : +2.37612 %, alt : +18.2653, from: aq40, av rep
    scepter of the false prophet and sartura's might (12.2291) : +1.82555 %, alt : +18.1553, from: aq40, aq40
    scepter of the false prophet and brightly glowing stone (12.4058) : +1.87641 %, alt : +17.0548, from: aq40, pre-raid
    scepter of the false prophet and trance stone (11.8975) : +1.73014 %, alt : +16.2626, from: aq40, emeriss; lethon; taerar; ysondre
    scepter of the false prophet and arlokk's hoodoo stick (12.0274) : +1.76754 %, alt : +16.228, from: aq40, zg
    scepter of the false prophet and talon of furious concentration (11.9937) : +1.75782 %, alt : +16.2055, from: aq40, aq20
    scepter of the false prophet and royal scepter of vek'lor (11.9014) : +1.73128 %, alt : +16.1365, from: aq40, aq40
    scepter of the false prophet and thaurissan's royal scepter (11.5686) : +1.63551 %, alt : +16.0314, from: aq40, pre-raid
    scepter of the false prophet and jin'do's bag of whammies (12.1428) : +1.80072 %, alt : +15.6919, from: aq40, zg
    scepter of the false prophet and fire runed grimoire (11.2245) : +1.53648 %, alt : +15.2293, from: aq40, mc
    blessed qiraji augur staff (7.62531) : +0.500835 %, alt : +10.9724, from: aq40
    gavel of infinite wisdom and lei of the lifegiver (8.6265) : +0.788925 %, alt : +10.8825, from: aq20, av rep
    gavel of infinite wisdom and sartura's might (7.06912) : +0.340795 %, alt : +10.7725, from: aq20, aq40
    lok'amir il romathis and lei of the lifegiver (6.42776) : +0.156247 %, alt : +10.5352, from: bwl, av rep
    lok'amir il romathis and sartura's might (5.77066) : -0.0328335 %, alt : +10.4253, from: bwl, aq40
    gavel of infinite wisdom and brightly glowing stone (5.89191) : +0.00205484 %, alt : +9.67202, from: aq20, pre-raid
    lok'amir il romathis and brightly glowing stone (5.66904) : -0.0620753 %, alt : +9.32476, from: bwl, pre-raid
    gavel of infinite wisdom and arlokk's hoodoo stick (6.00073) : +0.0333691 %, alt : +8.84521, from: aq20, zg
- . - ' - . - ' - . - ' - . - ' - . - ' - . -
ranged, dragon's touch (0.586945), alt: 0.53299 -> :
    lunar wand of healing (0.702362) : +0.0332111 %, alt : +1.51138, from: random green
    wandof qiraji nobility (0.807343) : +0.0634189 %, alt : +1.43581, from: aq40
    antenna of invigoration (0.743683) : +0.045101 %, alt : +1.0103, from: aq20
    bonecreeper stylus (0.564911) : -0.00634013 %, alt : +0.857782, from: pre-raid
- . - ' - . - ' - . - ' - . - ' - . - ' - . -
hands, handguards of transcendence (2.5654), alt: 2.7309 -> :
    atal'ai hands of healing (4.11896) : +0.447032 %, alt : +4.00515, from: sunken temple
    high councillor's gloves of healing (4.45059) : +0.542459 %, alt : +3.47617, from: random green
    dark storm gauntlets (3.21848) : +0.187921 %, alt : +2.89551, from: aq40
    gloves of dark wisdom (3.0162) : +0.129718 %, alt : +2.77983, from: aq20
    handguards of transcendence (2.5654) : +0 %, alt : +2.73089, from: bwl
    hands of the exalted herald (3.03784) : +0.135944 %, alt : +2.67233, from: pre-raid
    gloves of delusional power (2.84253) : +0.0797434 %, alt : +2.14876, from: emeriss; lethon; taerar; ysondre
- . - ' - . - ' - . - ' - . - ' - . - ' - . -
waist, whipvine cord (2.66885), alt: 2.39844 -> :
    grasp of the old god (3.72519) : +0.303958 %, alt : +4.58777, from: aq40
    eyestalk waist cord (3.17499) : +0.145639 %, alt : +3.46472, from: aq40
    firemaw's clutch (2.08548) : -0.167864 %, alt : +2.72678, from: bwl
    mana igniting cord (3.01636) : +0.0999932 %, alt : +2.30204, from: mc
    belt of untapped power (2.86819) : +0.0573598 %, alt : +2.23791, from: zg
    belt of transcendence (1.60156) : -0.30711 %, alt : +2.20647, from: bwl
    zandalar confessor's bindings (2.10593) : -0.161981 %, alt : +2.18977, from: zg
- . - ' - . - ' - . - ' - . - ' - . - ' - . -
legs, empowered leggings (4.38739), alt: 6.3898 -> :
    leggings of transcendence (0.0100403) : -1.25957 %, alt : +3.78026, from: mc
- . - ' - . - ' - . - ' - . - ' - . - ' - . -
feet, boots of transcendence (2.23145), alt: 2.88849 -> :
    boots of pure thought (4.68451) : +0.705862 %, alt : +4.8572, from: bwl
    treads of the wandering nomand (3.11548) : +0.254378 %, alt : +3.00007, from: aq20
    boots of transcendence (2.23145) : +0 %, alt : +2.88848, from: bwl
    snowblind shoes (2.69394) : +0.133081 %, alt : +2.48681, from: azuregos
    betrayer's boots (2.42206) : +0.0548483 %, alt : +2.439, from: zg
- . - ' - . - ' - . - ' - . - ' - . - ' - . -
finger, pure elementium band (4.25171), alt: 4.14844 -> :
- . - ' - . - ' - . - ' - . - ' - . - ' - . -
finger 2, fordring's seal (2.80713), alt: 2.82919 -> :
    pure elementium band (2.07574) : -0.210454 %, alt : +4.14842, from: bwl
    ring of the martyr (2.97974) : +0.0496673 %, alt : +3.85631, from: aq40
    cauterizing band (2.05237) : -0.21718 %, alt : +3.55574, from: mc
- . - ' - . - ' - . - ' - . - ' - . - ' - . -
trinket, hazza'rah's charm of healing (16.5872), alt: 21.7952 -> :
    hazza'rah's charm of healing (16.5872) : +0 %, alt : +21.7952, from: zg
    darkmoon card: blue dragon (-1.10413) : -5.09064 %, alt : +0.0157776, from: 
- . - ' - . - ' - . - ' - . - ' - . - ' - . -
trinket 2, rejuvenating gem (3.10455), alt: 4.99167 -> :
    hazza'rah's charm of healing (0) : -0.893326 %, alt : +21.7952, from: zg
    darkmoon card: blue dragon (-1.08942) : -1.2068 %, alt : +0.0157776, from: 
------------------
Best value: 375.431
