Your call: ./css 4 ../items/phase5.csv ../items/not_for_priests.txt no-locks senseless_aq40_speed_phase5 -a ../confs/wcl_bwl_speed_log.csv -l senseless_aq40_speed.txt 
Found: -a, val: ../confs/wcl_bwl_speed_log.csv
./css 4 ../items/phase5.csv ../items/not_for_priests.txt no-locks senseless_aq40_speed_phase5 -l senseless_aq40_speed.txt 
Found key: buff_fraction, saw val: 1
Found key: healing_from_crit_fraction, saw val: 0.2
Found key: transc8_exists, saw val: 0
Found key: enchantments, saw val: 1
Found key: fort, saw val: 1
Found key: motw, saw val: 1
Found key: spirit, saw val: 1
Found key: ai, saw val: 1
Found key: flask, saw val: 1
Found key: holy_disc, saw val: 0
Found key: min_combat_length, saw val: 2
Found key: max_log_entry_diff_in_combat, saw val: 10
Found key: precast, saw val: 1
Found key: swap_cast, saw val: 1
Found key: time_step, saw val: 0.1
Found key: reaction_time, saw val: 0.1
Found key: skip_player, saw val: Paisti
Found key: use_deficit_time_sum, saw val: 0
Found key: wcl_log, saw val: 1
Found: -l, val: senseless_aq40_speed.txt
./css 4 ../items/phase5.csv ../items/not_for_priests.txt no-locks senseless_aq40_speed_phase5 
Will read log from: senseless_aq40_speed.txt
./css 4 ../items/phase5.csv ../items/not_for_priests.txt no-locks senseless_aq40_speed_phase5 
./css 4 ../items/phase5.csv ../items/not_for_priests.txt no-locks senseless_aq40_speed_phase5 
Shuffle seed: 2416673600
Reading banned from: ../items/not_for_priests.txt
Banning: neltharion's tear
Banning: lok'amir il romathis
Banning: choker of the fire lord
Reading WCL parsed log: senseless_aq40_speed.txt
Saw 32102 lines of log, with 32102 log lines
Sorting by timestamp...
Sorted.
Pruning log from: 32102 entries.
Combat from 0 to 64.04 s
Combat from 88.26 to 126.707 s
Combat from 144.105 to 193.057 s
Combat from 226.25 to 241.173 s
Combat from 301.499 to 316.525 s
Combat from 328.226 to 354.403 s
Combat from 365.844 to 392.708 s
Combat from 399.011 to 424.544 s
Combat from 441.126 to 516.352 s
Combat from 552.809 to 645.202 s
Combat from 692.061 to 800.719 s
Combat from 814.699 to 855.167 s
Combat from 871.281 to 900.508 s
Combat from 930.18 to 1004.14 s
Combat from 1041.79 to 1061.21 s
Combat from 1098.85 to 1123.83 s
Combat from 1127.21 to 1198.04 s
Combat from 1251.55 to 1293.7 s
Combat from 1312.34 to 1388.9 s
Combat from 1391.23 to 1416.38 s
Combat from 1460.12 to 1473.46 s
Combat from 1486.94 to 1929.76 s
Combat from 1952.82 to 2069.84 s
Combat from 2181.48 to 2264.95 s
Combat from 2295.7 to 2391.23 s
Combat from 2417.9 to 2487.12 s
Combat from 2489.56 to 2492.77 s
Combat from 2549.07 to 2616.3 s
Combat from 2643.4 to 2707.39 s
Combat from 2728.81 to 2755.53 s
Combat from 2777.4 to 2809.4 s
Combat from 2983.39 to 3098.12 s
Combat from 3103.63 to 3116.57 s
Combat from 3132.8 to 3148.95 s
Combat from 3162.76 to 3181.06 s
Combat from 3192.72 to 3242.29 s
Combat from 3242.88 to 3245.87 s
Combat from 3492.36 to 3594.32 s
Combat from 3595.56 to 3660.48 s
Combat from 3731.1 to 3763.8 s
Combat from 3780.04 to 3852.48 s
Combat from 3872.28 to 3954.08 s
Combat from 3986.49 to 4051.27 s
Combat from 4146.14 to 4149.22 s
Combat from 4160.32 to 4191.8 s
Combat from 4297.07 to 4352.25 s
Combat from 4485.78 to 4604.09 s
Combat from 4683.45 to 4706.95 s
Combat from 4738.09 to 4769.21 s
Combat from 4793.12 to 4824.76 s
Combat from 4882.63 to 4976.66 s
Combat from 5285.02 to 5440.72 s
Pruned to: 31694 entries.
----------------------------------------------------------
---- Baseline results without simulated player input: ----
----------------------------------------------------------
oh_limit: 0.9
time_left_mul: 0.5
total_deficit_to_pop_trinkets: 10000
in combat total: 3138.9
Total time casting: 0, which is: 0% of time in combat.
Total hps: 0, raw hps: 0, oh: -nan
Deficit time sum: 3.24659e+11, baseline: 0
Deficit*time change / s: -1.03431e+08 hp
Number of combats: 52
Average mana at start of combat: 0
Average mana at end of combat: 0
Other players with hps > 100:
  Aliisa : 219.514 hps
  Alyrra : 112.176 hps
  Banjax : 139.56 hps
  Evalou : 167.513 hps
  Ivaz : 289.645 hps
  Manika : 118.383 hps
  Monkeykhi : 182.968 hps
  Ménèx : 219.97 hps
  Paxus : 196.983 hps
  Sambamamba : 149.399 hps
  Zuchiniz : 180.848 hps
Skip player from: Paisti to: Ivaz
Reading WCL parsed log: senseless_aq40_speed.txt
Saw 32102 lines of log, with 32102 log lines
Sorting by timestamp...
Sorted.
Pruning log from: 32102 entries.
Combat from 0 to 64.04 s
Combat from 88.26 to 126.707 s
Combat from 144.105 to 193.057 s
Combat from 226.25 to 241.173 s
Combat from 301.499 to 316.525 s
Combat from 328.226 to 354.403 s
Combat from 365.844 to 392.708 s
Combat from 399.011 to 424.544 s
Combat from 441.126 to 516.352 s
Combat from 552.809 to 645.202 s
Combat from 692.061 to 800.719 s
Combat from 814.699 to 855.167 s
Combat from 871.281 to 900.508 s
Combat from 930.18 to 1004.14 s
Combat from 1041.79 to 1061.21 s
Combat from 1098.85 to 1123.83 s
Combat from 1127.21 to 1198.04 s
Combat from 1251.55 to 1293.7 s
Combat from 1312.34 to 1388.9 s
Combat from 1391.23 to 1416.38 s
Combat from 1460.12 to 1473.46 s
Combat from 1486.94 to 1929.76 s
Combat from 1952.82 to 2069.84 s
Combat from 2181.48 to 2264.95 s
Combat from 2295.7 to 2391.23 s
Combat from 2417.9 to 2487.12 s
Combat from 2489.56 to 2492.77 s
Combat from 2549.07 to 2616.3 s
Combat from 2643.4 to 2707.39 s
Combat from 2728.81 to 2755.53 s
Combat from 2777.4 to 2809.4 s
Combat from 2983.39 to 3098.12 s
Combat from 3103.63 to 3116.57 s
Combat from 3132.8 to 3148.95 s
Combat from 3162.76 to 3181.06 s
Combat from 3192.72 to 3242.29 s
Combat from 3242.88 to 3245.87 s
Combat from 3492.36 to 3594.32 s
Combat from 3595.56 to 3660.48 s
Combat from 3731.1 to 3763.8 s
Combat from 3780.04 to 3852.48 s
Combat from 3872.28 to 3954.08 s
Combat from 3986.49 to 4051.27 s
Combat from 4146.14 to 4149.22 s
Combat from 4160.32 to 4191.8 s
Combat from 4297.07 to 4352.25 s
Combat from 4485.78 to 4604.09 s
Combat from 4683.45 to 4706.95 s
Combat from 4738.09 to 4769.21 s
Combat from 4793.12 to 4824.76 s
Combat from 4882.63 to 4976.66 s
Combat from 5285.02 to 5440.72 s
Pruned to: 30608 entries.
Skipped player entries: 1117
Baseline results again due to changed skipped player
oh_limit: 0.9
time_left_mul: 0.5
total_deficit_to_pop_trinkets: 10000
in combat total: 3138.9
Total time casting: 0, which is: 0% of time in combat.
Total hps: 0, raw hps: 0, oh: -nan
Deficit time sum: 4.33892e+11, baseline: 0
Deficit*time change / s: -1.38231e+08 hp
Number of combats: 52
Average mana at start of combat: 0
Average mana at end of combat: 0
Other players with hps > 100:
  Aliisa : 246.741 hps
  Alyrra : 125.05 hps
  Banjax : 149.958 hps
  Evalou : 181.717 hps
  Manika : 130.057 hps
  Monkeykhi : 211.185 hps
  Ménèx : 239.114 hps
  Paxus : 209.719 hps
  Sambamamba : 168.497 hps
  Zuchiniz : 188.56 hps
Reading tmp locked from: start_with.txt
Locking: anastari heirloom
Locking: anathema
Locking: animated chain necklace
Locking: argent crusader
Locking: atal'ai gloves of the owl
Locking: ban'thok sash
Locking: banshee finger
Locking: benediction
Locking: blood of the martyr
Locking: briarwood reed
Locking: burial shawl
Locking: clutch of andros
Locking: crimson felt hat
Locking: cyclopean band
Locking: devout belt
Locking: devout bracers
Locking: devout crown
Locking: devout mantle
Locking: devout robe
Locking: devout sandals
Locking: devout skirt
Locking: dragon finger of healing
Locking: dragon finger of intellect
Locking: dragonrider boots
Locking: dragonslayer's signet
Locking: drakefire amulet
Locking: dreadmist mantle
Locking: dreamweave circlet
Locking: dreamweave gloves
Locking: dreamweave vest
Locking: elder magus pendant
Locking: eye of the beast
Locking: fordring's seal
Locking: girdle of prophecy
Locking: gloves of prophecy
Locking: grimgore noose
Locking: halo of transcendence
Locking: heart of the fiend
Locking: hide of the wild
Locking: kentic amice
Locking: leggings of transcendence
Locking: magister's robes
Locking: maleki's footwraps
Locking: mindtap talisman
Locking: nature's breath
Locking: necropile boots
Locking: necropile cuffs
Locking: necropile leggings
Locking: necropile mantle
Locking: necropile robe
Locking: noxious shooter
Locking: omnicast boots
Locking: orb of the forgotten seer
Locking: padre's trousers
Locking: pants of prophecy
Locking: penelope's rose
Locking: quel'dorai channeling rod
Locking: raincaster drape
Locking: rainstrider leggings
Locking: ring of demonic guile
Locking: ring of demonic guile
Locking: robes of prophecy
Locking: robes of the exalted
Locking: robes of the royal crown
Locking: rod of corrosion
Locking: rosewine circle
Locking: royal seal of eldre'thalas
Locking: royal tribunal cloak
Locking: sarah's guide
Locking: seal of rivendare
Locking: seal of rivendare
Locking: shadowy laced handwraps
Locking: silkweb gloves
Locking: soulstealer mantle
Locking: spellbound tome
Locking: spritecaster cape
Locking: star of mystaria
Locking: starfire tiara
Locking: stormrager
Locking: sublime wristguards
Locking: the hammer of grace
Locking: the postmaster's treads
Locking: thuzadin sash
Locking: triune amulet
Locking: vinerot sandals
Locking: whipvine cord
Locking: wolfshear leggings
Locking: boots of the full moon
Locking: mantle of prophecy
Locking: dragon's touch
Locking: bindings of transcendence
Locking: shimmering geta
Locking: empowered leggings
Locking: seal of the archmagus
Locking: circlet of prophecy
Locking: boots of prophecy
Locking: pauldrons of transcendence
Locking: primalist's seal
Locking: zandalar confessor's bindings
Locking: zulian headdress
Locking: mar'li's eye
Locking: shroud of pure thought
Locking: belt of transcendence
Locking: jin'do's evil eye
Locking: primalist's band
Locking: zandalarian hero charm
Locking: zandalar confessor's mantle
Locking: zandalar confessor's wraps 
Locking: pure elementium band
Locking: truefaith vestments
Locking: vambraces of prophecy
Locking: hazza'rah's charm of healing
Locking: handguards of transcendence
Locking: boots of transcendence
Locking: darkmoon card: blue dragon
Locking: rejuvenating gem
Optimizing start items...

*** NEW BEST (1): 205.268

*** NEW BEST (1): 206.247

*** NEW BEST (1): 213.616

*** NEW BEST (1): 234.288

*** NEW BEST (1): 239.197

*** NEW BEST (1): 246.18

*** NEW BEST (1): 250.338

*** NEW BEST (1): 254.194

*** NEW BEST (1): 256.952

*** NEW BEST (1): 261.409

*** NEW BEST (1): 262.031

*** NEW BEST (1): 268.016

*** NEW BEST (1): 270.808

*** NEW BEST (1): 277.292

*** NEW BEST (1): 287.353

*** NEW BEST (1): 290.14
**
*** NEW BEST (1): 290.876
****
*** NEW BEST (1): 294.552

*** NEW BEST (1): 295.18

*** NEW BEST (1): 295.242

*** NEW BEST (1): 295.608
*****
*** NEW BEST (0): 226.4
Based on last: 3000 entries, out of total: 3363 entries, (724 dropped), The least-squares solution is:
Int: 12.4029
Spirit: 10.2438
Sp / Healing: 100
Mp5: 20.6448
Crit: 492.317
T1 3p/piece: 521.74
T2 3p/piece: 0
Hazza'rah's: 25480.6
Darkmoon: 1008.48
100 points == 1 sp == 0.0841933 hps.
neck : animated chain necklace -> jin'do's evil eye => val: 226.4 -> 226.946

*** NEW BEST (0): 226.946
Based on last: 3000 entries, out of total: 3386 entries, (745 dropped), The least-squares solution is:
Int: 12.9049
Spirit: 9.93565
Sp / Healing: 100
Mp5: 21.5849
Crit: 487.906
T1 3p/piece: 537.409
T2 3p/piece: 0
Hazza'rah's: 25492.6
Darkmoon: 1008.89
100 points == 1 sp == 0.0841589 hps.
trinket : eye of the beast -> hazza'rah's charm of healing => val: 226.946 -> 247.393

*** NEW BEST (0): 247.393
Based on last: 3000 entries, out of total: 3395 entries, (752 dropped), The least-squares solution is:
Int: 12.9667
Spirit: 9.7832
Sp / Healing: 100
Mp5: 21.4679
Crit: 485.127
T1 3p/piece: 538.849
T2 3p/piece: 0
Hazza'rah's: 25412.7
Darkmoon: 1008.07
100 points == 1 sp == 0.0842275 hps.
chest : dreamweave vest -> truefaith vestments => val: 247.393 -> 252.376

*** NEW BEST (0): 252.376
Based on last: 3000 entries, out of total: 3410 entries, (757 dropped), The least-squares solution is:
Int: 13.2307
Spirit: 9.54808
Sp / Healing: 100
Mp5: 21.7306
Crit: 486.212
T1 3p/piece: 534.8
T2 3p/piece: 0
Hazza'rah's: 25406
Darkmoon: 1007.84
100 points == 1 sp == 0.0842464 hps.
legs : devout skirt -> empowered leggings => val: 252.376 -> 258.58

*** NEW BEST (0): 258.58
Based on last: 3000 entries, out of total: 3410 entries, (777 dropped), The least-squares solution is:
Int: 13.2307
Spirit: 9.54808
Sp / Healing: 100
Mp5: 21.7306
Crit: 486.212
T1 3p/piece: 534.8
T2 3p/piece: 0
Hazza'rah's: 25406
Darkmoon: 1007.84
100 points == 1 sp == 0.0842464 hps.
finger : blood of the martyr -> pure elementium band => val: 258.58 -> 264.37

*** NEW BEST (0): 264.37
Based on last: 3000 entries, out of total: 3423 entries, (794 dropped), The least-squares solution is:
Int: 13.1482
Spirit: 9.54724
Sp / Healing: 100
Mp5: 22.6008
Crit: 482.42
T1 3p/piece: 532.524
T2 3p/piece: 0
Hazza'rah's: 25351.3
Darkmoon: 1005.87
100 points == 1 sp == 0.0844121 hps.
hands : gloves of prophecy -> handguards of transcendence => val: 264.37 -> 265.199

*** NEW BEST (0): 265.199
Based on last: 3000 entries, out of total: 3428 entries, (811 dropped), The least-squares solution is:
Int: 13.0549
Spirit: 9.5183
Sp / Healing: 100
Mp5: 22.6431
Crit: 479.5
T1 3p/piece: 534.993
T2 3p/piece: 0
Hazza'rah's: 25331
Darkmoon: 1005.11
100 points == 1 sp == 0.0844754 hps.
shoulders : soulstealer mantle -> zandalar confessor's mantle => val: 265.199 -> 267.888

*** NEW BEST (0): 267.888
Based on last: 3000 entries, out of total: 3433 entries, (825 dropped), The least-squares solution is:
Int: 13.1273
Spirit: 9.43137
Sp / Healing: 100
Mp5: 22.5151
Crit: 480.074
T1 3p/piece: 534.168
T2 3p/piece: 0
Hazza'rah's: 25327.5
Darkmoon: 1004.99
100 points == 1 sp == 0.0844859 hps.
wrists : devout bracers -> bindings of transcendence => val: 267.888 -> 270.734

*** NEW BEST (0): 270.734
Based on last: 3000 entries, out of total: 3436 entries, (841 dropped), The least-squares solution is:
Int: 13.1832
Spirit: 9.32001
Sp / Healing: 100
Mp5: 22.4881
Crit: 480.088
T1 3p/piece: 535.207
T2 3p/piece: 0
Hazza'rah's: 25330
Darkmoon: 1005.09
100 points == 1 sp == 0.0844771 hps.
ranged : dragon finger of intellect -> dragon's touch => val: 270.734 -> 271.285

*** NEW BEST (0): 271.285
Based on last: 3000 entries, out of total: 3441 entries, (853 dropped), The least-squares solution is:
Int: 13.172
Spirit: 9.2872
Sp / Healing: 100
Mp5: 22.5742
Crit: 482.326
T1 3p/piece: 533.201
T2 3p/piece: 0
Hazza'rah's: 25323.8
Darkmoon: 1004.87
100 points == 1 sp == 0.0844957 hps.
finger 2 : primalist's seal -> fordring's seal => val: 271.285 -> 271.382

*** NEW BEST (0): 271.382
Based on last: 3000 entries, out of total: 3453 entries, (871 dropped), The least-squares solution is:
Int: 13.2723
Spirit: 9.32182
Sp / Healing: 100
Mp5: 22.6795
Crit: 482.664
T1 3p/piece: 526.156
T2 3p/piece: 0
Hazza'rah's: 25338.4
Darkmoon: 1005.41
100 points == 1 sp == 0.0844503 hps.
trinket 2 : briarwood reed -> rejuvenating gem => val: 271.382 -> 275.374

*** NEW BEST (0): 275.374
Based on last: 3000 entries, out of total: 3463 entries, (877 dropped), The least-squares solution is:
Int: 13.1087
Spirit: 9.39286
Sp / Healing: 100
Mp5: 22.9107
Crit: 482.475
T1 3p/piece: 528.389
T2 3p/piece: 0
Hazza'rah's: 25340.1
Darkmoon: 973.085
100 points == 1 sp == 0.0844455 hps.
feet : boots of the full moon -> boots of transcendence => val: 275.374 -> 279.459

*** NEW BEST (0): 279.459
Based on last: 3000 entries, out of total: 3473 entries, (887 dropped), The least-squares solution is:
Int: 13.0443
Spirit: 9.35408
Sp / Healing: 100
Mp5: 22.8957
Crit: 480.039
T1 3p/piece: 531.055
T2 3p/piece: 0
Hazza'rah's: 25323.2
Darkmoon: 972.508
100 points == 1 sp == 0.0844956 hps.
head : crimson felt hat -> zulian headdress => val: 279.459 -> 281.5

*** NEW BEST (0): 281.5
Based on last: 3000 entries, out of total: 3482 entries, (902 dropped), The least-squares solution is:
Int: 13.1001
Spirit: 9.62909
Sp / Healing: 100
Mp5: 22.5951
Crit: 482.746
T1 3p/piece: 522.187
T2 3p/piece: 0
Hazza'rah's: 25319.1
Darkmoon: 972.28
100 points == 1 sp == 0.0845154 hps.
waist : ban'thok sash -> whipvine cord => val: 281.5 -> 283.099

*** NEW BEST (0): 283.099
Based on last: 3000 entries, out of total: 3496 entries, (908 dropped), The least-squares solution is:
Int: 13.1339
Spirit: 9.6703
Sp / Healing: 100
Mp5: 22.8248
Crit: 480.672
T1 3p/piece: 522.983
T2 3p/piece: 0
Hazza'rah's: 25325.3
Darkmoon: 972.507
100 points == 1 sp == 0.0844957 hps.
*two-hand :   the hammer of grace orb of the forgotten seer -> benediction    => val: 283.099 -> 289.164

*** NEW BEST (0): 289.164
Based on last: 3000 entries, out of total: 3595 entries, (1000 dropped), The least-squares solution is:
Int: 12.6688
Spirit: 10.9663
Sp / Healing: 100
Mp5: 22.2218
Crit: 476.042
T1 3p/piece: 524.695
T2 3p/piece: 0
Hazza'rah's: 25235.5
Darkmoon: 970.182
100 points == 1 sp == 0.0846982 hps.
********
Read starting items and cleared locks.
 ----------------------------
 --- head --- 
name: zulian headdress
slot: head
intelligence: 15
stamina: 13
spirit: 14
sp_healing: 55
armor: 78
 ----------------------------
 --- neck --- 
name: jin'do's evil eye
slot: neck
intelligence: 11
stamina: 5
spirit: 6
sp_healing: 44
 ----------------------------
 --- shoulders --- 
name: zandalar confessor's mantle
slot: shoulders
intelligence: 24
stamina: 11
spirit: 15
sp_healing: 22
armor: 78
 ----------------------------
 --- back --- 
name: hide of the wild
slot: back
intelligence: 10
stamina: 8
sp_healing: 42
armor: 48
 ----------------------------
 --- chest --- 
name: truefaith vestments
slot: chest
stamina: 14
sp_healing: 73
mp5: 6
armor: 96
 ----------------------------
 --- wrists --- 
name: bindings of transcendence
slot: wrists
intelligence: 13
stamina: 9
spirit: 16
sp_healing: 33
armor: 51
 ----------------------------
 --- two-hand --- 
name: benediction
slot: two-hand
intelligence: 31
stamina: 10
spirit: 12
sp_healing: 106
spell_crit: 2
shadow_res: 20
 ----------------------------
 ---  --- 
name: 
slot: 
 ----------------------------
 ---  --- 
name: 
slot: 
 ----------------------------
 ---  --- 
name: 
slot: 
 ----------------------------
 --- ranged --- 
name: dragon's touch
slot: ranged
intelligence: 12
stamina: 7
sp: 6
 ----------------------------
 --- hands --- 
name: handguards of transcendence
slot: hands
intelligence: 20
stamina: 12
spirit: 13
sp_healing: 29
spell_crit: 1
armor: 72
 ----------------------------
 --- waist --- 
name: whipvine cord
slot: waist
intelligence: 8
sp_healing: 31
mp5: 6
armor: 47
 ----------------------------
 --- legs --- 
name: empowered leggings
slot: legs
intelligence: 12
stamina: 12
spirit: 24
sp_healing: 77
spell_crit: 1
armor: 103
 ----------------------------
 --- feet --- 
name: boots of transcendence
slot: feet
intelligence: 17
stamina: 17
spirit: 17
sp_healing: 35
fire_res: 10
armor: 80
 ----------------------------
 --- finger --- 
name: pure elementium band
slot: finger
intelligence: 10
stamina: 9
spirit: 10
sp_healing: 53
 ----------------------------
 --- finger --- 
name: fordring's seal
slot: finger
intelligence: 5
stamina: 4
sp_healing: 37
 ----------------------------
 --- trinket --- 
name: hazza'rah's charm of healing
slot: trinket
 ----------------------------
 --- trinket --- 
name: rejuvenating gem
slot: trinket
sp_healing: 66
mp5: 9
 ----------------------------
 --- Set bonuses ---
name: confessor's 2 hazza'rah's 1 transcendence 3 
slot: Set bonuses
sp: 23
 --- And counts for start items ---
oh_limit: 0.9
time_left_mul: 0.5
total_deficit_to_pop_trinkets: 10000
in combat total: 3138.9
Flash Heal 1, casts: 99, avg: 414.514, 4.52119%, cast time 4.73096% of in combat, overheal: 0.346777
Flash Heal 2, casts: 16, avg: 623.978, 1.09994%, cast time 0.764599% of in combat, overheal: 0.1354
Flash Heal 3, casts: 22, avg: 703.208, 1.70445%, cast time 1.05132% of in combat, overheal: 0.123091
Flash Heal 4, casts: 24, avg: 844.519, 2.23305%, cast time 1.1469% of in combat, overheal: 0.048376
Flash Heal 5, casts: 20, avg: 1002.64, 2.2093%, cast time 0.955749% of in combat, overheal: 0.0228694
Flash Heal 6, casts: 28, avg: 1043.16, 3.21801%, cast time 1.33805% of in combat, overheal: 0.111299
Flash Heal 7, casts: 434, avg: 1301.31, 62.2225%, cast time 20.7397% of in combat, overheal: 0.0459607
Greater Heal 1, casts: 8, avg: 1825.31, 1.60881%, cast time 0.637166% of in combat, overheal: 0.0105555
Greater Heal 1 hazz, casts: 9, avg: 1404.93, 1.39308%, cast time 0.430087% of in combat, overheal: 0.238431
Greater Heal 2 hazz, casts: 8, avg: 2042.79, 1.8005%, cast time 0.3823% of in combat, overheal: 0.0392958
Greater Heal 3 hazz, casts: 7, avg: 2207.54, 1.70249%, cast time 0.334512% of in combat, overheal: 0.0996087
Greater Heal 4, casts: 5, avg: 2516.33, 1.38617%, cast time 0.398229% of in combat, overheal: 0.11183
Greater Heal 4 hazz, casts: 44, avg: 2529.66, 12.2629%, cast time 2.10265% of in combat, overheal: 0.107127
Heal 2, casts: 16, avg: 1247.64, 2.19931%, cast time 1.27433% of in combat, overheal: 0.0534912
Heal 4, casts: 2, avg: 1989.14, 0.438302%, cast time 0.159291% of in combat, overheal: 0
Total time casting: 1144, which is: 36.4459% of time in combat.
Total hps: 289.164, raw hps: 314.792, oh: 0.0814134
Deficit time sum: 1.79433e+11, baseline: 4.33892e+11
Deficit*time change / s: 8.10663e+07 hp
Number of combats: 52
Average mana at start of combat: 10414.8
Average mana at end of combat: 9091.9
Other players with hps > 100:
  Aliisa : 222.764 hps
  Alyrra : 109.148 hps
  Banjax : 138.765 hps
  Evalou : 168.983 hps
  Manika : 117.138 hps
  Monkeykhi : 190.782 hps
  Ménèx : 217.19 hps
  Paxus : 198.246 hps
  Sambamamba : 156.238 hps
  Zuchiniz : 176.79 hps
Reading locked from: no-locks
Setting tag name to: senseless_aq40_speed_phase5
.
*** NEW BEST (1): 355.881

*** NEW BEST (1): 359.418

*** NEW BEST (1): 365.161

*** NEW BEST (1): 367.235

*** NEW BEST (1): 367.964

*** NEW BEST (1): 369.676

*** NEW BEST (1): 370.274

*** NEW BEST (1): 370.625
Temporary bans and partial set bonuses off.
.
*** NEW BEST (0): 370.543
shoulders : ternary mantle -> zandalar confessor's mantle => val: 370.543 -> 370.893

*** NEW BEST (0): 370.893
legs : leggings of transcendence -> empowered leggings => val: 370.893 -> 372.432

*** NEW BEST (0): 372.432
***** INTERMEDIATE RESULTS *****
Iteration: 2
 ----------------------------
 --- head --- 
name: crystal adorned crown
slot: head
intelligence: 14
spirit: 13
sp_healing: 92
armor: 85
 ----------------------------
 --- neck --- 
name: amulet of the fallen god
slot: neck
intelligence: 11
sp_healing: 57
mp5: 6
 ----------------------------
 --- shoulders --- 
name: zandalar confessor's mantle
slot: shoulders
intelligence: 24
stamina: 11
spirit: 15
sp_healing: 22
armor: 78
 ----------------------------
 --- back --- 
name: cloak of clarity
slot: back
intelligence: 12
stamina: 6
spirit: 7
sp_healing: 40
mp5: 8
armor: 66
 ----------------------------
 --- chest --- 
name: robes of the guardian saint
slot: chest
intelligence: 22
stamina: 20
sp_healing: 70
mp5: 7
armor: 117
 ----------------------------
 --- wrists --- 
name: bracelets of royal redemption
slot: wrists
intelligence: 10
stamina: 8
spirit: 9
sp_healing: 53
armor: 54
 ----------------------------
 ---  --- 
name: 
slot: 
 ----------------------------
 --- main hand --- 
name: scepter of the false prophet
slot: main hand
intelligence: 19
stamina: 10
sp_healing: 187
mp5: 3
 ----------------------------
 ---  --- 
name: 
slot: 
 ----------------------------
 --- off hand --- 
name: lei of the lifegiver
slot: off hand
sp_healing: 53
mp5: 3
 ----------------------------
 --- ranged --- 
name: lunar wand of healing
slot: ranged
sp_healing: 20
 ----------------------------
 --- hands --- 
name: atal'ai hands of healing
slot: hands
sp: 9
sp_healing: 44
armor: 47
 ----------------------------
 --- waist --- 
name: grasp of the old god
slot: waist
intelligence: 19
stamina: 15
sp_healing: 59
mp5: 7
armor: 75
 ----------------------------
 --- legs --- 
name: empowered leggings
slot: legs
intelligence: 12
stamina: 12
spirit: 24
sp_healing: 77
spell_crit: 1
armor: 103
 ----------------------------
 --- feet --- 
name: boots of pure thought
slot: feet
intelligence: 12
stamina: 8
spirit: 12
sp_healing: 62
armor: 74
 ----------------------------
 --- finger --- 
name: pure elementium band
slot: finger
intelligence: 10
stamina: 9
spirit: 10
sp_healing: 53
 ----------------------------
 --- finger --- 
name: ring of the martyr
slot: finger
stamina: 10
sp_healing: 51
mp5: 5
 ----------------------------
 --- trinket --- 
name: hazza'rah's charm of healing
slot: trinket
 ----------------------------
 --- trinket --- 
name: rejuvenating gem
slot: trinket
sp_healing: 66
mp5: 9
 ----------------------------
 --- Set bonuses ---
name: confessor's 2 hazza'rah's 1 
slot: Set bonuses
sp: 23
------------------
Best value: 372.432
------------------
Char stats: 
Effective hp: 8453
Effective mana (100 s, 33 % out of fsr): 16457.5
Raw max mana: 10205.7
Int: 401.58
Stam: 385.48
Spirit: 396.98
Strength: 79.58
Agility: 84.18
All stats multiplier (taken into account above): 1.15
Bonus mana: 2000
Bonus hp: 0
Mp5: 198
Sp: 32
Sp shadow: 0
Sp healing: 1166
Spell crit: 19
Spell hit: 0
Arcane res: 27
Nature res: 27
Fire res: 27
Frost res: 27
Shadow res: 27
Armor: 2897.75
Defense: 300
Dodge: 0
Parry: 0
HpsPvp: 1054.61
ShadowDps: 224.52
Value pvp healing: 2025.9
Value pvp shadow: 91.8204
Effective hp-pvp: 10520.4
Effecctive mana for 100 s, 0.33 fsr: 18105.2
------------------
Best counts:
oh_limit: 0.6
time_left_mul: 2.9
total_deficit_to_pop_trinkets: 6568.11
in combat total: 3138.9
Flash Heal 1, casts: 27, avg: 512.549, 1.18041%, cast time 1.29026% of in combat, overheal: 0.333447
Flash Heal 2, casts: 5, avg: 855.526, 0.364869%, cast time 0.238937% of in combat, overheal: 0
Flash Heal 3, casts: 3, avg: 935.235, 0.239318%, cast time 0.143362% of in combat, overheal: 0
Flash Heal 4, casts: 6, avg: 842.483, 0.431167%, cast time 0.286725% of in combat, overheal: 0.174218
Flash Heal 5, casts: 10, avg: 927, 0.790703%, cast time 0.477874% of in combat, overheal: 0.199482
Flash Heal 6, casts: 6, avg: 1304.75, 0.667748%, cast time 0.286725% of in combat, overheal: 6.23722e-08
Flash Heal 7, casts: 100, avg: 1434.79, 12.2383%, cast time 4.77874% of in combat, overheal: 0.0394603
Greater Heal 1, casts: 27, avg: 1737.3, 4.00103%, cast time 2.15043% of in combat, overheal: 0.175968
Greater Heal 1 hazz, casts: 32, avg: 1608.69, 4.39093%, cast time 1.5292% of in combat, overheal: 0.236967
Greater Heal 2 hazz, casts: 8, avg: 2044.4, 1.39505%, cast time 0.3823% of in combat, overheal: 0.143904
Greater Heal 3 hazz, casts: 3, avg: 2711.37, 0.693816%, cast time 0.143362% of in combat, overheal: 0
Greater Heal 4, casts: 138, avg: 2764.29, 32.5384%, cast time 10.9911% of in combat, overheal: 0.105506
Greater Heal 4 hazz, casts: 36, avg: 2862.81, 8.7908%, cast time 1.72035% of in combat, overheal: 0.0736258
Heal 2, casts: 181, avg: 1309.38, 20.2152%, cast time 14.4159% of in combat, overheal: 0.174754
Heal 4, casts: 70, avg: 2020.22, 12.0623%, cast time 5.5752% of in combat, overheal: 0.103466
Total time casting: 1394, which is: 44.4105% of time in combat.
Total hps: 373.498, raw hps: 425.95, oh: 0.12314
Deficit time sum: 1.53237e+11, baseline: 4.33892e+11
Deficit*time change / s: 8.94119e+07 hp
Number of combats: 52
Average mana at start of combat: 10017.1
Average mana at end of combat: 8661.67
Other players with hps > 100:
  Aliisa : 212.851 hps
  Alyrra : 103.286 hps
  Banjax : 134.983 hps
  Evalou : 167.727 hps
  Manika : 114.244 hps
  Monkeykhi : 186.32 hps
  Ménèx : 205.198 hps
  Paxus : 192.164 hps
  Sambamamba : 149.856 hps
  Zuchiniz : 173.661 hps
------------------
Upgrades: 
( following sorted by alt scores, no specials )
benediction, , , (10.2285) -> , scepter of the false prophet, , lei of the lifegiver(20.6443) : 10.4158 = +2.86872%
zulian headdress(4.9494) -> crystal adorned crown(8.0632) : 3.1138 = +0.840694%
whipvine cord(2.8244) -> grasp of the old god(5.33282) : 2.50842 = +0.676143%
boots of transcendence(3.30475) -> boots of pure thought(5.49152) : 2.18677 = +0.58893%
bindings of transcendence(3.08313) -> bracelets of royal redemption(4.6799) : 1.59677 = +0.429353%
handguards of transcendence(3.19479) -> atal'ai hands of healing(4.48901) : 1.29422 = +0.347718%
fordring's seal(3.18747) -> ring of the martyr(4.41373) : 1.22626 = +0.329398%
jin'do's evil eye(3.90048) -> amulet of the fallen god(5.05875) : 1.15826 = +0.311077%
dragon's touch(0.636963) -> lunar wand of healing(1.69397) : 1.05701 = +0.283805%
hide of the wild(3.66461) -> cloak of clarity(3.73227) : 0.0676575 = +0.0181178%
truefaith vestments(6.2959) -> robes of the guardian saint(6.29669) : 0.000793457 = +0.00021244%
zandalar confessor's mantle(4.20825) -> zandalar confessor's mantle(4.20825) : 0 = +0%
empowered leggings(7.27664) -> empowered leggings(7.27664) : 0 = +0%
pure elementium band(4.68918) -> pure elementium band(4.68918) : 0 = +0%
hazza'rah's charm of healing(23.3221) -> hazza'rah's charm of healing(23.3221) : 0 = +0%
rejuvenating gem(5.75946) -> rejuvenating gem(5.75946) : 0 = +0%
------------------
~~~~ end of intermediate results ~~~~
Temporary bans and partial set bonuses on.
.
*** NEW BEST (1): 372.598
.Temporary bans and partial set bonuses off.
.
*** NEW BEST (0): 373.498
***** INTERMEDIATE RESULTS *****
Iteration: 5
 ----------------------------
 --- head --- 
name: crystal adorned crown
slot: head
intelligence: 14
spirit: 13
sp_healing: 92
armor: 85
 ----------------------------
 --- neck --- 
name: amulet of the fallen god
slot: neck
intelligence: 11
sp_healing: 57
mp5: 6
 ----------------------------
 --- shoulders --- 
name: zandalar confessor's mantle
slot: shoulders
intelligence: 24
stamina: 11
spirit: 15
sp_healing: 22
armor: 78
 ----------------------------
 --- back --- 
name: cloak of clarity
slot: back
intelligence: 12
stamina: 6
spirit: 7
sp_healing: 40
mp5: 8
armor: 66
 ----------------------------
 --- chest --- 
name: robes of the guardian saint
slot: chest
intelligence: 22
stamina: 20
sp_healing: 70
mp5: 7
armor: 117
 ----------------------------
 --- wrists --- 
name: bracelets of royal redemption
slot: wrists
intelligence: 10
stamina: 8
spirit: 9
sp_healing: 53
armor: 54
 ----------------------------
 ---  --- 
name: 
slot: 
 ----------------------------
 --- main hand --- 
name: scepter of the false prophet
slot: main hand
intelligence: 19
stamina: 10
sp_healing: 187
mp5: 3
 ----------------------------
 ---  --- 
name: 
slot: 
 ----------------------------
 --- off hand --- 
name: lei of the lifegiver
slot: off hand
sp_healing: 53
mp5: 3
 ----------------------------
 --- ranged --- 
name: lunar wand of healing
slot: ranged
sp_healing: 20
 ----------------------------
 --- hands --- 
name: atal'ai hands of healing
slot: hands
sp: 9
sp_healing: 44
armor: 47
 ----------------------------
 --- waist --- 
name: grasp of the old god
slot: waist
intelligence: 19
stamina: 15
sp_healing: 59
mp5: 7
armor: 75
 ----------------------------
 --- legs --- 
name: empowered leggings
slot: legs
intelligence: 12
stamina: 12
spirit: 24
sp_healing: 77
spell_crit: 1
armor: 103
 ----------------------------
 --- feet --- 
name: boots of pure thought
slot: feet
intelligence: 12
stamina: 8
spirit: 12
sp_healing: 62
armor: 74
 ----------------------------
 --- finger --- 
name: pure elementium band
slot: finger
intelligence: 10
stamina: 9
spirit: 10
sp_healing: 53
 ----------------------------
 --- finger --- 
name: ring of the martyr
slot: finger
stamina: 10
sp_healing: 51
mp5: 5
 ----------------------------
 --- trinket --- 
name: hazza'rah's charm of healing
slot: trinket
 ----------------------------
 --- trinket --- 
name: rejuvenating gem
slot: trinket
sp_healing: 66
mp5: 9
 ----------------------------
 --- Set bonuses ---
name: confessor's 2 hazza'rah's 1 
slot: Set bonuses
sp: 23
------------------
Best value: 373.498
------------------
Char stats: 
Effective hp: 8453
Effective mana (100 s, 33 % out of fsr): 16457.5
Raw max mana: 10205.7
Int: 401.58
Stam: 385.48
Spirit: 396.98
Strength: 79.58
Agility: 84.18
All stats multiplier (taken into account above): 1.15
Bonus mana: 2000
Bonus hp: 0
Mp5: 198
Sp: 32
Sp shadow: 0
Sp healing: 1166
Spell crit: 19
Spell hit: 0
Arcane res: 27
Nature res: 27
Fire res: 27
Frost res: 27
Shadow res: 27
Armor: 2897.75
Defense: 300
Dodge: 0
Parry: 0
HpsPvp: 1054.61
ShadowDps: 224.52
Value pvp healing: 2025.9
Value pvp shadow: 91.8204
Effective hp-pvp: 10520.4
Effecctive mana for 100 s, 0.33 fsr: 18105.2
------------------
Best counts:
oh_limit: 0.6
time_left_mul: 2.9
total_deficit_to_pop_trinkets: 6810.73
in combat total: 3138.9
Flash Heal 1, casts: 27, avg: 512.549, 1.18041%, cast time 1.29026% of in combat, overheal: 0.333447
Flash Heal 2, casts: 5, avg: 855.526, 0.364869%, cast time 0.238937% of in combat, overheal: 0
Flash Heal 3, casts: 3, avg: 935.235, 0.239318%, cast time 0.143362% of in combat, overheal: 0
Flash Heal 4, casts: 6, avg: 842.483, 0.431167%, cast time 0.286725% of in combat, overheal: 0.174218
Flash Heal 5, casts: 10, avg: 927, 0.790703%, cast time 0.477874% of in combat, overheal: 0.199482
Flash Heal 6, casts: 6, avg: 1304.75, 0.667748%, cast time 0.286725% of in combat, overheal: 6.23722e-08
Flash Heal 7, casts: 100, avg: 1434.79, 12.2383%, cast time 4.77874% of in combat, overheal: 0.0394603
Greater Heal 1, casts: 27, avg: 1737.3, 4.00103%, cast time 2.15043% of in combat, overheal: 0.175968
Greater Heal 1 hazz, casts: 32, avg: 1608.69, 4.39093%, cast time 1.5292% of in combat, overheal: 0.236967
Greater Heal 2 hazz, casts: 8, avg: 2044.4, 1.39505%, cast time 0.3823% of in combat, overheal: 0.143904
Greater Heal 3 hazz, casts: 3, avg: 2711.37, 0.693816%, cast time 0.143362% of in combat, overheal: 0
Greater Heal 4, casts: 138, avg: 2764.29, 32.5384%, cast time 10.9911% of in combat, overheal: 0.105506
Greater Heal 4 hazz, casts: 36, avg: 2862.81, 8.7908%, cast time 1.72035% of in combat, overheal: 0.0736258
Heal 2, casts: 181, avg: 1309.38, 20.2152%, cast time 14.4159% of in combat, overheal: 0.174754
Heal 4, casts: 70, avg: 2020.22, 12.0623%, cast time 5.5752% of in combat, overheal: 0.103466
Total time casting: 1394, which is: 44.4105% of time in combat.
Total hps: 373.498, raw hps: 425.95, oh: 0.12314
Deficit time sum: 1.53237e+11, baseline: 4.33892e+11
Deficit*time change / s: 8.94119e+07 hp
Number of combats: 52
Average mana at start of combat: 10017.1
Average mana at end of combat: 8661.67
Other players with hps > 100:
  Aliisa : 212.851 hps
  Alyrra : 103.286 hps
  Banjax : 134.983 hps
  Evalou : 167.727 hps
  Manika : 114.244 hps
  Monkeykhi : 186.32 hps
  Ménèx : 205.198 hps
  Paxus : 192.164 hps
  Sambamamba : 149.856 hps
  Zuchiniz : 173.661 hps
------------------
Upgrades: 
( following sorted by alt scores, no specials )
benediction, , , (10.2285) -> , scepter of the false prophet, , lei of the lifegiver(20.6443) : 10.4158 = +2.86872%
zulian headdress(4.9494) -> crystal adorned crown(8.0632) : 3.1138 = +0.840694%
whipvine cord(2.8244) -> grasp of the old god(5.33282) : 2.50842 = +0.676143%
boots of transcendence(3.30475) -> boots of pure thought(5.49152) : 2.18677 = +0.58893%
bindings of transcendence(3.08313) -> bracelets of royal redemption(4.6799) : 1.59677 = +0.429353%
handguards of transcendence(3.19479) -> atal'ai hands of healing(4.48901) : 1.29422 = +0.347718%
fordring's seal(3.18747) -> ring of the martyr(4.41373) : 1.22626 = +0.329398%
jin'do's evil eye(3.90048) -> amulet of the fallen god(5.05875) : 1.15826 = +0.311077%
dragon's touch(0.636963) -> lunar wand of healing(1.69397) : 1.05701 = +0.283805%
hide of the wild(3.66461) -> cloak of clarity(3.73227) : 0.0676575 = +0.0181178%
truefaith vestments(6.2959) -> robes of the guardian saint(6.29669) : 0.000793457 = +0.00021244%
zandalar confessor's mantle(4.20825) -> zandalar confessor's mantle(4.20825) : 0 = +0%
empowered leggings(7.27664) -> empowered leggings(7.27664) : 0 = +0%
pure elementium band(4.68918) -> pure elementium band(4.68918) : 0 = +0%
hazza'rah's charm of healing(23.3221) -> hazza'rah's charm of healing(23.3221) : 0 = +0%
rejuvenating gem(5.75946) -> rejuvenating gem(5.75946) : 0 = +0%
------------------
~~~~ end of intermediate results ~~~~
Same items for intermediate results again, ending optimization. 
 ----------------------------
 --- head --- 
name: crystal adorned crown
slot: head
intelligence: 14
spirit: 13
sp_healing: 92
armor: 85
 ----------------------------
 --- neck --- 
name: amulet of the fallen god
slot: neck
intelligence: 11
sp_healing: 57
mp5: 6
 ----------------------------
 --- shoulders --- 
name: zandalar confessor's mantle
slot: shoulders
intelligence: 24
stamina: 11
spirit: 15
sp_healing: 22
armor: 78
 ----------------------------
 --- back --- 
name: cloak of clarity
slot: back
intelligence: 12
stamina: 6
spirit: 7
sp_healing: 40
mp5: 8
armor: 66
 ----------------------------
 --- chest --- 
name: robes of the guardian saint
slot: chest
intelligence: 22
stamina: 20
sp_healing: 70
mp5: 7
armor: 117
 ----------------------------
 --- wrists --- 
name: bracelets of royal redemption
slot: wrists
intelligence: 10
stamina: 8
spirit: 9
sp_healing: 53
armor: 54
 ----------------------------
 ---  --- 
name: 
slot: 
 ----------------------------
 --- main hand --- 
name: scepter of the false prophet
slot: main hand
intelligence: 19
stamina: 10
sp_healing: 187
mp5: 3
 ----------------------------
 ---  --- 
name: 
slot: 
 ----------------------------
 --- off hand --- 
name: lei of the lifegiver
slot: off hand
sp_healing: 53
mp5: 3
 ----------------------------
 --- ranged --- 
name: lunar wand of healing
slot: ranged
sp_healing: 20
 ----------------------------
 --- hands --- 
name: atal'ai hands of healing
slot: hands
sp: 9
sp_healing: 44
armor: 47
 ----------------------------
 --- waist --- 
name: grasp of the old god
slot: waist
intelligence: 19
stamina: 15
sp_healing: 59
mp5: 7
armor: 75
 ----------------------------
 --- legs --- 
name: empowered leggings
slot: legs
intelligence: 12
stamina: 12
spirit: 24
sp_healing: 77
spell_crit: 1
armor: 103
 ----------------------------
 --- feet --- 
name: boots of pure thought
slot: feet
intelligence: 12
stamina: 8
spirit: 12
sp_healing: 62
armor: 74
 ----------------------------
 --- finger --- 
name: pure elementium band
slot: finger
intelligence: 10
stamina: 9
spirit: 10
sp_healing: 53
 ----------------------------
 --- finger --- 
name: ring of the martyr
slot: finger
stamina: 10
sp_healing: 51
mp5: 5
 ----------------------------
 --- trinket --- 
name: hazza'rah's charm of healing
slot: trinket
 ----------------------------
 --- trinket --- 
name: rejuvenating gem
slot: trinket
sp_healing: 66
mp5: 9
 ----------------------------
 --- Set bonuses ---
name: confessor's 2 hazza'rah's 1 
slot: Set bonuses
sp: 23
------------------
Char stats: 
Effective hp: 8453
Effective mana (100 s, 33 % out of fsr): 16457.5
Raw max mana: 10205.7
Int: 401.58
Stam: 385.48
Spirit: 396.98
Strength: 79.58
Agility: 84.18
All stats multiplier (taken into account above): 1.15
Bonus mana: 2000
Bonus hp: 0
Mp5: 198
Sp: 32
Sp shadow: 0
Sp healing: 1166
Spell crit: 19
Spell hit: 0
Arcane res: 27
Nature res: 27
Fire res: 27
Frost res: 27
Shadow res: 27
Armor: 2897.75
Defense: 300
Dodge: 0
Parry: 0
HpsPvp: 1054.61
ShadowDps: 224.52
Value pvp healing: 2025.9
Value pvp shadow: 91.8204
Effective hp-pvp: 10520.4
Effecctive mana for 100 s, 0.33 fsr: 18105.2
------------------
Best counts:
oh_limit: 0.6
time_left_mul: 2.9
total_deficit_to_pop_trinkets: 6810.73
in combat total: 3138.9
Flash Heal 1, casts: 27, avg: 512.549, 1.18041%, cast time 1.29026% of in combat, overheal: 0.333447
Flash Heal 2, casts: 5, avg: 855.526, 0.364869%, cast time 0.238937% of in combat, overheal: 0
Flash Heal 3, casts: 3, avg: 935.235, 0.239318%, cast time 0.143362% of in combat, overheal: 0
Flash Heal 4, casts: 6, avg: 842.483, 0.431167%, cast time 0.286725% of in combat, overheal: 0.174218
Flash Heal 5, casts: 10, avg: 927, 0.790703%, cast time 0.477874% of in combat, overheal: 0.199482
Flash Heal 6, casts: 6, avg: 1304.75, 0.667748%, cast time 0.286725% of in combat, overheal: 6.23722e-08
Flash Heal 7, casts: 100, avg: 1434.79, 12.2383%, cast time 4.77874% of in combat, overheal: 0.0394603
Greater Heal 1, casts: 27, avg: 1737.3, 4.00103%, cast time 2.15043% of in combat, overheal: 0.175968
Greater Heal 1 hazz, casts: 32, avg: 1608.69, 4.39093%, cast time 1.5292% of in combat, overheal: 0.236967
Greater Heal 2 hazz, casts: 8, avg: 2044.4, 1.39505%, cast time 0.3823% of in combat, overheal: 0.143904
Greater Heal 3 hazz, casts: 3, avg: 2711.37, 0.693816%, cast time 0.143362% of in combat, overheal: 0
Greater Heal 4, casts: 138, avg: 2764.29, 32.5384%, cast time 10.9911% of in combat, overheal: 0.105506
Greater Heal 4 hazz, casts: 36, avg: 2862.81, 8.7908%, cast time 1.72035% of in combat, overheal: 0.0736258
Heal 2, casts: 181, avg: 1309.38, 20.2152%, cast time 14.4159% of in combat, overheal: 0.174754
Heal 4, casts: 70, avg: 2020.22, 12.0623%, cast time 5.5752% of in combat, overheal: 0.103466
Total time casting: 1394, which is: 44.4105% of time in combat.
Total hps: 373.498, raw hps: 425.95, oh: 0.12314
Deficit time sum: 1.53237e+11, baseline: 4.33892e+11
Deficit*time change / s: 8.94119e+07 hp
Number of combats: 52
Average mana at start of combat: 10017.1
Average mana at end of combat: 8661.67
Other players with hps > 100:
  Aliisa : 212.851 hps
  Alyrra : 103.286 hps
  Banjax : 134.983 hps
  Evalou : 167.727 hps
  Manika : 114.244 hps
  Monkeykhi : 186.32 hps
  Ménèx : 205.198 hps
  Paxus : 192.164 hps
  Sambamamba : 149.856 hps
  Zuchiniz : 173.661 hps
------------------
Based on last: 3000 entries, out of total: 5005 entries, (3945 dropped), The least-squares solution is:
Int: 8.33057
Spirit: 7.47556
Sp / Healing: 100
Mp5: 19.3985
Crit: 484.055
T1 3p/piece: 581.533
T2 3p/piece: 0
Hazza'rah's: 25442.6
Darkmoon: 1093.98
100 points == 1 sp == 0.0847151 hps.
Appended tag:
( Pawn: v1: "senseless_aq40_speed_phase5": Intellect=8.33057, Spirit=7.47556, Healing=100, Mp5=19.3985, SpellCritRating=484.055, IsFist=X, Is2HMace=X, IsCrossbow=X, IsGun=X, IsShield=X, IsPolearm=X, Is2HAxe=X, IsBow=X, IsMail=X, IsPlate=X, IsLeather=X, IsAxe=X, Is2HAxe=X, IsSword=X, Is2HSword=X)
To file: senseless_aq40_speed_phase5.pawn_tag.txt
------------------
Diffs to start: 
Upgrades: 
( following sorted by alt scores, no specials )
benediction, , , (10.0947) -> , scepter of the false prophet, , lei of the lifegiver(20.5643) : 10.4696 = +2.88396%
zulian headdress(4.85385) -> crystal adorned crown(7.97491) : 3.12106 = +0.842671%
whipvine cord(2.78122) -> grasp of the old god(5.24731) : 2.46609 = +0.664658%
boots of transcendence(3.19266) -> boots of pure thought(5.41302) : 2.22037 = +0.598034%
bindings of transcendence(2.98868) -> bracelets of royal redemption(4.61746) : 1.62878 = +0.437999%
handguards of transcendence(3.09027) -> atal'ai hands of healing(4.4899) : 1.39963 = +0.376144%
fordring's seal(3.16974) -> ring of the martyr(4.40265) : 1.23291 = +0.331191%
jin'do's evil eye(3.84308) -> amulet of the fallen god(5.005) : 1.16193 = +0.312063%
dragon's touch(0.592987) -> lunar wand of healing(1.69431) : 1.10132 = +0.295738%
hide of the wild(3.6286) -> cloak of clarity(3.64908) : 0.0204773 = +0.00548287%
zandalar confessor's mantle(4.07654) -> zandalar confessor's mantle(4.07654) : 0 = +0%
empowered leggings(7.1698) -> empowered leggings(7.1698) : 0 = +0%
pure elementium band(4.62381) -> pure elementium band(4.62381) : 0 = +0%
hazza'rah's charm of healing(23.5022) -> hazza'rah's charm of healing(23.5022) : 0 = +0%
rejuvenating gem(5.73911) -> rejuvenating gem(5.73911) : 0 = +0%
truefaith vestments(6.28281) -> robes of the guardian saint(6.20035) : -0.0824585 = +-0.0220725%
- - - - - - - - - - - - - - - - - - - - - - - - - - - - - - - - - - - - - - - - - 
| Upgrades at best in slot level, from start item to candidate, partial bonuses: 1: |
  alt scores are from least squares fit, special score from e.g. set bonuses as s are part of em
. . . . . . . . . . . . . . . . . . . . . . . . . . . . . . . . . . . . . . . . . 
- . - ' - . - ' - . - ' - . - ' - . - ' - . -
head, zulian headdress (0.989227), alt: 4.85385 -> :
    crystal adorned crown (6.43661) : +1.47584 %, alt : +7.97492, from: azuregos
    don rigoberto's lost hat (2.24741) : +0.340874 %, alt : +5.77191, from: aq40
    eternal crown of healing (1.91479) : +0.250761 %, alt : +5.42176, from: random green
    cassandra's grace (1.16922) : +0.0487648 %, alt : +3.78446, from: pre-raid
    cassandra's grace (1.16922) : +0.0487648 %, alt : +3.78446, from: pre-raid
    the hexxer's cover (2.13626) : +0.310762 %, alt : +3.54389, from: zg
    dustwind turban (1.54269) : +0.149949 %, alt : +3.33589, from: aq20
    tiara of the oracle (2.3302) : +0.363305 %, alt : +2.74364, from: aq40
    crimson felt hat (2.05441) : +0.288587 %, alt : +2.64857, from: pre-raid
    papal fez (1.53107) : +0.146799 %, alt : +2.0407, from: pre-raid
    circlet of prophecy (1.06329) : +0.0200665 %, alt : +1.99046 (s: 0.492646), from: mc
    dreamweave circlet (1.92917) : +0.254655 %, alt : +1.92558, from: pre-raid
    the postmaster's band (1.1167) : +0.0345355 %, alt : +1.42577, from: pre-raid
- . - ' - . - ' - . - ' - . - ' - . - ' - . -
neck, jin'do's evil eye (3.06754), alt: 3.84308 -> :
    amulet of the fallen god (5.13901) : +0.556131 %, alt : +5.00499, from: aq40
    amulet of the shifting sands (3.89413) : +0.221918 %, alt : +3.99549, from: aq20
    the all-seeing eye of zuldazar (-0.363556) : -0.921149 %, alt : +1.66366, from: zg
- . - ' - . - ' - . - ' - . - ' - . - ' - . -
shoulders, zandalar confessor's mantle (5.4585), alt: 4.07654 -> :
    zandalar confessor's mantle (5.4585) : +0 %, alt : +4.07655, from: zg
- . - ' - . - ' - . - ' - . - ' - . - ' - . -
back, hide of the wild (6.75888), alt: 3.6286 -> :
    cloak of clarity (6.81613) : +0.0152876 %, alt : +3.64909, from: aq40
- . - ' - . - ' - . - ' - . - ' - . - ' - . -
chest, truefaith vestments (5.51877), alt: 6.28281 -> :
- . - ' - . - ' - . - ' - . - ' - . - ' - . -
wrists, bindings of transcendence (2.905), alt: 2.98868 -> :
    bracelets of royal redemption (4.05664) : +0.308421 %, alt : +4.61747, from: aq40
    zandalar confessor's wraps (-0.705078) : -0.966814 %, alt : +2.18679, from: zg
- . - ' - . - ' - . - ' - . - ' - . - ' - . -
two-hand, benediction (6.2052), alt: 10.0947 -> :
    scepter of the false prophet and lei of the lifegiver (14.3644) : +2.14289 %, alt : +20.5643, from: aq40, av rep
    scepter of the false prophet and sartura's might (15.6183) : +2.47221 %, alt : +20.4865, from: aq40, aq40
    scepter of the false prophet and brightly glowing stone (14.8071) : +2.25917 %, alt : +19.1596, from: aq40, pre-raid
    scepter of the false prophet and arlokk's hoodoo stick (13.5972) : +1.94141 %, alt : +18.2989, from: aq40, zg
    scepter of the false prophet and talon of furious concentration (13.0518) : +1.79815 %, alt : +18.2707, from: aq40, aq20
    scepter of the false prophet and trance stone (12.5207) : +1.65868 %, alt : +18.2501, from: aq40, emeriss; lethon; taerar; ysondre
    scepter of the false prophet and royal scepter of vek'lor (13.143) : +1.8221 %, alt : +18.193, from: aq40, aq40
    scepter of the false prophet and thaurissan's royal scepter (11.6484) : +1.42958 %, alt : +17.9875, from: aq40, pre-raid
    scepter of the false prophet and jin'do's bag of whammies (12.1722) : +1.56716 %, alt : +17.6276, from: aq40, zg
    scepter of the false prophet and fire runed grimoire (11.5046) : +1.3918 %, alt : +17.1052, from: aq40, mc
    blessed qiraji augur staff (9.08337) : +0.75591 %, alt : +12.5301, from: aq40
    gavel of infinite wisdom and lei of the lifegiver (7.73358) : +0.401407 %, alt : +12.3069, from: aq20, av rep
    gavel of infinite wisdom and sartura's might (7.60431) : +0.367455 %, alt : +12.2291, from: aq20, aq40
    lok'amir il romathis and lei of the lifegiver (6.89774) : +0.181884 %, alt : +11.833, from: bwl, av rep
    lok'amir il romathis and sartura's might (7.69696) : +0.391789 %, alt : +11.7552, from: bwl, aq40
    gavel of infinite wisdom and brightly glowing stone (6.85431) : +0.170479 %, alt : +10.9022, from: aq20, pre-raid
    lok'amir il romathis and brightly glowing stone (6.80078) : +0.156421 %, alt : +10.4282, from: bwl, pre-raid
    lok'amir il romathis and talon of furious concentration (6.6246) : +0.11015 %, alt : +9.5393, from: bwl, aq20
    lok'amir il romathis and royal scepter of vek'lor (6.53818) : +0.0874516 %, alt : +9.46164, from: bwl, aq40
    lok'amir il romathis and thaurissan's royal scepter (6.42569) : +0.0579083 %, alt : +9.25611, from: bwl, pre-raid
    gavel of infinite wisdom and fire runed grimoire (6.43875) : +0.0613387 %, alt : +8.84779, from: aq20, mc
- . - ' - . - ' - . - ' - . - ' - . - ' - . -
ranged, dragon's touch (1.28796), alt: 0.592987 -> :
    lunar wand of healing (2.06308) : +0.207375 %, alt : +1.6943, from: random green
    wandof qiraji nobility (2.11127) : +0.220267 %, alt : +1.60959, from: aq40
    antenna of invigoration (1.51761) : +0.0614392 %, alt : +1.17883, from: aq20
    bonecreeper stylus (1.38907) : +0.0270496 %, alt : +0.960095, from: pre-raid
- . - ' - . - ' - . - ' - . - ' - . - ' - . -
hands, handguards of transcendence (3.35373), alt: 3.09027 -> :
    atal'ai hands of healing (4.30606) : +0.254908 %, alt : +4.4899, from: sunken temple
    high councillor's gloves of healing (3.37729) : +0.00630612 %, alt : +3.89689, from: random green
    dark storm gauntlets (3.55844) : +0.0547946 %, alt : +3.24032, from: aq40
    gloves of dark wisdom (2.20508) : -0.307456 %, alt : +3.18834, from: aq20
- . - ' - . - ' - . - ' - . - ' - . - ' - . -
waist, whipvine cord (0.529419), alt: 2.78122 -> :
    grasp of the old god (5.56387) : +1.36244 %, alt : +5.24731, from: aq40
    eyestalk waist cord (3.61111) : +0.833981 %, alt : +3.9469, from: aq40
    firemaw's clutch (0.0879517) : -0.119472 %, alt : +3.13188, from: bwl
    mana igniting cord (0.696899) : +0.0453242 %, alt : +2.64086, from: mc
    zandalar confessor's bindings (0.363281) : -0.0449608 %, alt : +2.41973, from: zg
- . - ' - . - ' - . - ' - . - ' - . - ' - . -
legs, empowered leggings (5.67813), alt: 7.1698 -> :
- . - ' - . - ' - . - ' - . - ' - . - ' - . -
feet, boots of transcendence (-0.973358), alt: 3.19266 -> :
    boots of pure thought (3.87131) : +1.31041 %, alt : +5.41302, from: bwl
    treads of the wandering nomand (-1.25192) : -0.0753475 %, alt : +3.33115, from: aq20
    boots of epiphany (-0.600128) : +0.100953 %, alt : +3.0144, from: aq40
    snowblind shoes (-0.288727) : +0.185183 %, alt : +2.86362, from: azuregos
- . - ' - . - ' - . - ' - . - ' - . - ' - . -
finger, pure elementium band (4.05664), alt: 4.62381 -> :
- . - ' - . - ' - . - ' - . - ' - . - ' - . -
finger 2, fordring's seal (3.4007), alt: 3.16974 -> :
    pure elementium band (5.12378) : +0.462052 %, alt : +4.6238, from: bwl
    ring of the martyr (5.03165) : +0.437346 %, alt : +4.40264, from: aq40
    primalist's seal (4.65228) : +0.335618 %, alt : +3.98989, from: zg
    cauterizing band (4.32928) : +0.249005 %, alt : +3.98158, from: mc
- . - ' - . - ' - . - ' - . - ' - . - ' - . -
trinket, hazza'rah's charm of healing (14.0671), alt: 23.5022 -> :
    hazza'rah's charm of healing (14.0671) : +0 %, alt : +23.5022, from: zg
    darkmoon card: blue dragon (1.32605) : -3.40168 %, alt : +0.92677, from: 
- . - ' - . - ' - . - ' - . - ' - . - ' - . -
trinket 2, rejuvenating gem (4.61014), alt: 5.73911 -> :
    hazza'rah's charm of healing (0) : -1.23084 %, alt : +23.5022, from: zg
    darkmoon card: blue dragon (-0.0484314) : -1.24377 %, alt : +0.92677, from: 
- - - - - - - - - - - - - - - - - - - - - - - - - - - - - - - - - - - - - - - - - 
| Upgrades at best in slot level, from start item to candidate, partial bonuses: 0: |
  alt scores are from least squares fit, special score from e.g. set bonuses as s are part of em
. . . . . . . . . . . . . . . . . . . . . . . . . . . . . . . . . . . . . . . . . 
- . - ' - . - ' - . - ' - . - ' - . - ' - . -
head, zulian headdress (3.35135), alt: 4.85385 -> :
    crystal adorned crown (7.62344) : +1.15704 %, alt : +7.97492, from: azuregos
    don rigoberto's lost hat (3.56833) : +0.0587661 %, alt : +5.77191, from: aq40
    eternal crown of healing (3.18048) : -0.0462773 %, alt : +5.42176, from: random green
    green lens of healing (3.70398) : +0.0955053 %, alt : +4.57461, from: pre-raid
    halo of transcendence (3.95966) : +0.164752 %, alt : +4.39619, from: onyxia
    mish'undare circlet of mind flayer (4.20947) : +0.232411 %, alt : +4.01153, from: bwl
    cassandra's grace (3.58493) : +0.0632624 %, alt : +3.78446, from: pre-raid
    cassandra's grace (3.58493) : +0.0632624 %, alt : +3.78446, from: pre-raid
    the hexxer's cover (4.40158) : +0.284441 %, alt : +3.54389, from: zg
    dustwind turban (3.93433) : +0.157892 %, alt : +3.33589, from: aq20
    tiara of the oracle (4.1767) : +0.223534 %, alt : +2.74364, from: aq40
    crimson felt hat (3.80487) : +0.12283 %, alt : +2.64857, from: pre-raid
- . - ' - . - ' - . - ' - . - ' - . - ' - . -
neck, jin'do's evil eye (-0.511047), alt: 3.84308 -> :
    amulet of the fallen god (3.77695) : +1.1614 %, alt : +5.00499, from: aq40
    amulet of the shifting sands (2.59509) : +0.841293 %, alt : +3.99549, from: aq20
    jeklik's opaline talisman (-0.230103) : +0.0760934 %, alt : +1.91303, from: zg
    the all-seeing eye of zuldazar (-0.178162) : +0.0901615 %, alt : +1.66366, from: zg
    choker of enlightenment (-0.327118) : +0.049817 %, alt : +1.65877, from: mc
    pendant of the fallen dragon (-0.0818787) : +0.11624 %, alt : +0.232588, from: bwl
    soul corruptor's necklace (-0.176666) : +0.0905665 %, alt : +0.169912, from: zg
    tooth of gnarr (0.117676) : +0.170289 %, alt : +0.148102, from: pre-raid
    archlight talisman (0.0197449) : +0.143764 %, alt : +0.133902, from: pre-raid
    heart of the fiend (0.493652) : +0.272121 %, alt : +0.13028, from: pre-raid
- . - ' - . - ' - . - ' - . - ' - . - ' - . -
shoulders, zandalar confessor's mantle (3.91168), alt: 4.07654 -> :
    zandalar confessor's mantle (3.91168) : +0 %, alt : +4.07655, from: zg
- . - ' - . - ' - . - ' - . - ' - . - ' - . -
back, hide of the wild (2.89371), alt: 3.6286 -> :
    cloak of clarity (3.71036) : +0.219128 %, alt : +3.64909, from: aq40
- . - ' - . - ' - . - ' - . - ' - . - ' - . -
chest, truefaith vestments (5.26627), alt: 6.28281 -> :
    robes of the guardian saint (5.51196) : +0.0658259 %, alt : +6.20035, from: aq40
- . - ' - . - ' - . - ' - . - ' - . - ' - . -
wrists, bindings of transcendence (-1.16748), alt: 2.98868 -> :
    bracelets of royal redemption (3.06985) : +1.14752 %, alt : +4.61747, from: aq40
    flameweave cuffs of healing (-1.08728) : +0.0217191 %, alt : +2.7956, from: brd
    zandalar confessor's wraps (-1.63629) : -0.126959 %, alt : +2.18679, from: zg
    black bark wristbands (-1.04205) : +0.0339671 %, alt : +2.17144, from: lethon
    sublime wristguards (-0.268005) : +0.243588 %, alt : +1.12515, from: pre-raid
    blacklight bracer (-0.264893) : +0.244431 %, alt : +0.552476, from: kazzak
    flarecore wraps (-0.406708) : +0.206026 %, alt : +0.204359, from: tailoring boe
    wyrmthalak's shackles (-0.391052) : +0.210265 %, alt : +0.158509, from: pre-raid
- . - ' - . - ' - . - ' - . - ' - . - ' - . -
two-hand, benediction (6.62177), alt: 10.0947 -> :
    scepter of the false prophet and lei of the lifegiver (16.5133) : +2.60221 %, alt : +20.5643, from: aq40, av rep
    scepter of the false prophet and sartura's might (17.2273) : +2.79005 %, alt : +20.4865, from: aq40, aq40
    scepter of the false prophet and brightly glowing stone (14.2675) : +2.0114 %, alt : +19.1596, from: aq40, pre-raid
    scepter of the false prophet and arlokk's hoodoo stick (12.7193) : +1.6041 %, alt : +18.2989, from: aq40, zg
    scepter of the false prophet and talon of furious concentration (12.938) : +1.66165 %, alt : +18.2707, from: aq40, aq20
    scepter of the false prophet and trance stone (12.8383) : +1.6354 %, alt : +18.2501, from: aq40, emeriss; lethon; taerar; ysondre
    scepter of the false prophet and royal scepter of vek'lor (13.062) : +1.69427 %, alt : +18.193, from: aq40, aq40
    scepter of the false prophet and thaurissan's royal scepter (12.7261) : +1.60589 %, alt : +17.9875, from: aq40, pre-raid
    scepter of the false prophet and jin'do's bag of whammies (12.3686) : +1.51184 %, alt : +17.6276, from: aq40, zg
    scepter of the false prophet and fire runed grimoire (11.5537) : +1.29748 %, alt : +17.1052, from: aq40, mc
    blessed qiraji augur staff (9.02408) : +0.631988 %, alt : +12.5301, from: aq40
    gavel of infinite wisdom and lei of the lifegiver (8.27774) : +0.435645 %, alt : +12.3069, from: aq20, av rep
    gavel of infinite wisdom and sartura's might (8.89081) : +0.596928 %, alt : +12.2291, from: aq20, aq40
    lok'amir il romathis and lei of the lifegiver (7.59372) : +0.255697 %, alt : +11.833, from: bwl, av rep
    lok'amir il romathis and sartura's might (8.27219) : +0.434184 %, alt : +11.7552, from: bwl, aq40
    gavel of infinite wisdom and brightly glowing stone (6.99689) : +0.0986851 %, alt : +10.9022, from: aq20, pre-raid
    lok'amir il romathis and brightly glowing stone (6.68478) : +0.0165787 %, alt : +10.4282, from: bwl, pre-raid
    gavel of infinite wisdom and talon of furious concentration (6.84525) : +0.058792 %, alt : +10.0133, from: aq20, aq20
- . - ' - . - ' - . - ' - . - ' - . - ' - . -
ranged, dragon's touch (0.787476), alt: 0.592987 -> :
    lunar wand of healing (4.50607) : +1.00562 %, alt : +1.6943, from: random green
    wandof qiraji nobility (4.4054) : +0.978398 %, alt : +1.60959, from: aq40
    antenna of invigoration (4.12341) : +0.902142 %, alt : +1.17883, from: aq20
    bonecreeper stylus (3.50644) : +0.735293 %, alt : +0.960095, from: pre-raid
    mar'li's touch (1.24127) : +0.122721 %, alt : +0.115627, from: zg
    oblivion's touch (0.982269) : +0.0526783 %, alt : +0.0776297, from: pre-raid
- . - ' - . - ' - . - ' - . - ' - . - ' - . -
hands, handguards of transcendence (-0.504211), alt: 3.09027 -> :
    atal'ai hands of healing (3.30588) : +1.03062 %, alt : +4.4899, from: sunken temple
    high councillor's gloves of healing (2.71811) : +0.871632 %, alt : +3.89689, from: random green
    dark storm gauntlets (-0.787903) : -0.076738 %, alt : +3.24032, from: aq40
    gloves of dark wisdom (-0.457642) : +0.0125971 %, alt : +3.18834, from: aq20
    hands of the exalted herald (-0.0360107) : +0.126647 %, alt : +2.96334, from: pre-raid
    gloves of prophecy (-0.421387) : +0.0224039 %, alt : +1.82432, from: mc
    gloves of rapid evolution (-0.0589905) : +0.120431 %, alt : +0.287341, from: bwl
    mooncloth gloves (-0.313812) : +0.0515026 %, alt : +0.20791, from: pre-raid
    devout gloves (-0.242645) : +0.0707532 %, alt : +0.178232, from: pre-raid
- . - ' - . - ' - . - ' - . - ' - . - ' - . -
waist, whipvine cord (-1.18307), alt: 2.78122 -> :
    grasp of the old god (3.7782) : +1.34621 %, alt : +5.24731, from: aq40
    eyestalk waist cord (-0.0824585) : +0.298645 %, alt : +3.9469, from: aq40
    firemaw's clutch (-0.889404) : +0.0796855 %, alt : +3.13188, from: bwl
    belt of transcendence (-0.358582) : +0.223721 %, alt : +2.44308, from: bwl
    zandalar confessor's bindings (0.294983) : +0.401061 %, alt : +2.41973, from: zg
    belt of the inquisition (-0.265808) : +0.248894 %, alt : +2.20475, from: aq20
    belt of the dark bog (-0.291016) : +0.242054 %, alt : +1.24247, from: lethon
    ban'thok sash (-0.494354) : +0.18688 %, alt : +1.09421, from: pre-raid
    thuzadin sash (-0.635803) : +0.148498 %, alt : +1.08621, from: pre-raid
    girdle of prophecy (0.484924) : +0.4526 %, alt : +1.04676, from: mc
    dustfeather sash (0.535126) : +0.466222 %, alt : +0.889466, from: pre-raid
- . - ' - . - ' - . - ' - . - ' - . - ' - . -
legs, empowered leggings (6.53693), alt: 7.1698 -> :
- . - ' - . - ' - . - ' - . - ' - . - ' - . -
feet, boots of transcendence (-1.58865), alt: 3.19266 -> :
    boots of pure thought (3.37155) : +1.34591 %, alt : +5.41302, from: bwl
    treads of the wandering nomand (-1.09943) : +0.132748 %, alt : +3.33115, from: aq20
    boots of the full moon (-1.09244) : +0.134644 %, alt : +2.34428, from: pre-raid
    footwraps of the oracle (0.124329) : +0.464805 %, alt : +2.02429, from: aq40
    omnicast boots (-0.0578308) : +0.415377 %, alt : +1.92725, from: pre-raid
    boots of prophecy (-0.549072) : +0.282082 %, alt : +1.7469, from: mc
    dragonrider boots (-0.181824) : +0.381732 %, alt : +1.63779, from: pre-raid
    quicksand waders (-0.806946) : +0.21211 %, alt : +1.5239, from: aq20
    wolfrunner shoes (-1.41089) : +0.0482351 %, alt : +1.24859, from: pre-raid
    necropile boots (-0.152527) : +0.389682 %, alt : +1.05943, from: pre-raid
- . - ' - . - ' - . - ' - . - ' - . - ' - . -
finger, pure elementium band (3.06985), alt: 4.62381 -> :
- . - ' - . - ' - . - ' - . - ' - . - ' - . -
finger 2, fordring's seal (-1.45328), alt: 3.16974 -> :
    pure elementium band (3.03586) : +1.21628 %, alt : +4.6238, from: bwl
    ring of the martyr (2.95703) : +1.19492 %, alt : +4.40264, from: aq40
    cauterizing band (2.48471) : +1.06695 %, alt : +3.98158, from: mc
    ring of spellpower (-0.781219) : +0.182086 %, alt : +2.7956, from: mc
    mindtear band (-1.19321) : +0.0704631 %, alt : +2.31614, from: taerar
    band of servitude (-1.40237) : +0.0137916 %, alt : +2.01196, from: zg
    maiden's circle (-1.33307) : +0.0325691 %, alt : +1.61227, from: pre-raid
    eye of orgrimmar (-1.21069) : +0.0657253 %, alt : +1.5996, from: pre-raid
    ring of the devoured (-1.29773) : +0.0421439 %, alt : +1.49394, from: aq40
    cyclopean band (-0.839264) : +0.16636 %, alt : +0.837168, from: pre-raid
    ring of entropy (-1.07263) : +0.103131 %, alt : +0.552476, from: kazzak
    dragonslayer's signet (-1.29028) : +0.0441614 %, alt : +0.532752, from: onyxia
    band of sulfuras (-1.03079) : +0.114467 %, alt : +0.225646, from: mc
    seal of the archmagus (-0.601013) : +0.230911 %, alt : +0.196592, from: mc
    ring of demonic guile (-0.621918) : +0.225247 %, alt : +0.169173, from: pre-raid
    primalist's band (-0.621918) : +0.225247 %, alt : +0.169173, from: zg
    seal of rivendare (-1.04236) : +0.111334 %, alt : +0.164304, from: pre-raid
    band of the hierophant (-0.376648) : +0.2917 %, alt : +0.140235, from: pre-raid
    emerald flame ring (-0.359406) : +0.296372 %, alt : +0.13535, from: pre-raid
    magus ring (-0.626221) : +0.224081 %, alt : +0.129017, from: pre-raid
    royal seal of alexis (-0.644073) : +0.219244 %, alt : +0.121236, from: pre-raid
    blood of the martyr (-0.294647) : +0.313917 %, alt : +0.0705725, from: pre-raid
    zanzil's band (-0.549591) : +0.244843 %, alt : +0.0657338, from: zg
    ring of binding (0) : +0.393748 %, alt : +0, from: onyxia
- . - ' - . - ' - . - ' - . - ' - . - ' - . -
trinket, hazza'rah's charm of healing (12.3103), alt: 23.5022 -> :
    hazza'rah's charm of healing (12.3103) : +0 %, alt : +23.5022, from: zg
    darkmoon card: blue dragon (0.404785) : -3.18757 %, alt : +0.92677, from: 
- . - ' - . - ' - . - ' - . - ' - . - ' - . -
trinket 2, rejuvenating gem (4.27469), alt: 5.73911 -> :
    hazza'rah's charm of healing (0) : -1.1445 %, alt : +23.5022, from: zg
    darkmoon card: blue dragon (-0.0351257) : -1.1539 %, alt : +0.92677, from: 
- - - - - - - - - - - - - - - - - - - - - - - - - - - - - - - - - - - - - - - - - 
| Upgrades at start level, from start item to candidate, partial bonuses: 1: |
  alt scores are from least squares fit, special score from e.g. set bonuses as s are part of em
. . . . . . . . . . . . . . . . . . . . . . . . . . . . . . . . . . . . . . . . . 
- . - ' - . - ' - . - ' - . - ' - . - ' - . -
head, zulian headdress (6.06433), alt: 4.85385 -> :
    crystal adorned crown (9.21213) : +0.87889 %, alt : +7.97492, from: azuregos
    don rigoberto's lost hat (6.45087) : +0.107924 %, alt : +5.77191, from: aq40
    eternal crown of healing (4.7605) : -0.364041 %, alt : +5.42176, from: random green
    halo of transcendence (4.86243) : -0.335581 %, alt : +4.39619, from: onyxia
- . - ' - . - ' - . - ' - . - ' - . - ' - . -
neck, jin'do's evil eye (6.03259), alt: 3.84308 -> :
    amulet of the fallen god (6.28638) : +0.0708586 %, alt : +5.00499, from: aq40
    amulet of the shifting sands (5.75) : -0.0789022 %, alt : +3.99549, from: aq20
    the all-seeing eye of zuldazar (2.93176) : -0.865777 %, alt : +1.66366, from: zg
- . - ' - . - ' - . - ' - . - ' - . - ' - . -
shoulders, zandalar confessor's mantle (5.66534), alt: 4.07654 -> :
    zandalar confessor's mantle (5.66534) : +0 %, alt : +4.07655, from: zg
    pauldrons of transcendence (3.34869) : -0.646828 %, alt : +2.46135, from: bwl
- . - ' - . - ' - . - ' - . - ' - . - ' - . -
back, hide of the wild (5.61166), alt: 3.6286 -> :
    cloak of clarity (5.93918) : +0.0914447 %, alt : +3.64909, from: aq40
- . - ' - . - ' - . - ' - . - ' - . - ' - . -
chest, truefaith vestments (6.35818), alt: 6.28281 -> :
    robes of transcendence (4.79578) : -0.436237 %, alt : +5.12063, from: bwl
- . - ' - . - ' - . - ' - . - ' - . - ' - . -
wrists, bindings of transcendence (5.29166), alt: 2.98868 -> :
    bracelets of royal redemption (4.38449) : -0.253288 %, alt : +4.61747, from: aq40
    bindings of transcendence (5.29166) : +0 %, alt : +2.98867, from: bwl
    zandalar confessor's wraps (3.14294) : -0.599938 %, alt : +2.18679, from: zg
- . - ' - . - ' - . - ' - . - ' - . - ' - . -
two-hand, benediction (11.0773), alt: 10.0947 -> :
    scepter of the false prophet and lei of the lifegiver (16.0463) : +1.3874 %, alt : +20.5643, from: aq40, av rep
    scepter of the false prophet and sartura's might (16.1197) : +1.40789 %, alt : +20.4865, from: aq40, aq40
    scepter of the false prophet and brightly glowing stone (16.3863) : +1.48232 %, alt : +19.1596, from: aq40, pre-raid
    scepter of the false prophet and arlokk's hoodoo stick (15.3317) : +1.18786 %, alt : +18.2989, from: aq40, zg
    scepter of the false prophet and talon of furious concentration (15.429) : +1.21505 %, alt : +18.2707, from: aq40, aq20
    scepter of the false prophet and trance stone (15.4734) : +1.22745 %, alt : +18.2501, from: aq40, emeriss; lethon; taerar; ysondre
    scepter of the false prophet and royal scepter of vek'lor (15.4938) : +1.23312 %, alt : +18.193, from: aq40, aq40
    scepter of the false prophet and thaurissan's royal scepter (15.201) : +1.15137 %, alt : +17.9875, from: aq40, pre-raid
    scepter of the false prophet and jin'do's bag of whammies (15.2258) : +1.15829 %, alt : +17.6276, from: aq40, zg
    scepter of the false prophet and fire runed grimoire (14.9075) : +1.06942 %, alt : +17.1052, from: aq40, mc
    blessed qiraji augur staff (12.3011) : +0.341716 %, alt : +12.5301, from: aq40
    gavel of infinite wisdom and lei of the lifegiver (11.7639) : +0.1917 %, alt : +12.3069, from: aq20, av rep
    gavel of infinite wisdom and sartura's might (12.1368) : +0.295832 %, alt : +12.2291, from: aq20, aq40
    lok'amir il romathis and lei of the lifegiver (11.1127) : +0.00988408 %, alt : +11.833, from: bwl, av rep
    lok'amir il romathis and sartura's might (11.5136) : +0.121838 %, alt : +11.7552, from: bwl, aq40
    gavel of infinite wisdom and brightly glowing stone (9.93909) : -0.31779 %, alt : +10.9022, from: aq20, pre-raid
    lok'amir il romathis and brightly glowing stone (9.95718) : -0.312737 %, alt : +10.4282, from: bwl, pre-raid
- . - ' - . - ' - . - ' - . - ' - . - ' - . -
ranged, dragon's touch (1.05295), alt: 0.592987 -> :
    lunar wand of healing (1.24255) : +0.0529394 %, alt : +1.6943, from: random green
    wandof qiraji nobility (1.23874) : +0.0518744 %, alt : +1.60959, from: aq40
    antenna of invigoration (0.380341) : -0.187797 %, alt : +1.17883, from: aq20
    bonecreeper stylus (0.178528) : -0.244145 %, alt : +0.960095, from: pre-raid
- . - ' - . - ' - . - ' - . - ' - . - ' - . -
hands, handguards of transcendence (4.86023), alt: 3.09027 -> :
    atal'ai hands of healing (3.98907) : -0.243233 %, alt : +4.4899, from: sunken temple
    high councillor's gloves of healing (3.96982) : -0.24861 %, alt : +3.89689, from: random green
    dark storm gauntlets (2.96439) : -0.529335 %, alt : +3.24032, from: aq40
    gloves of dark wisdom (3.36639) : -0.417091 %, alt : +3.18834, from: aq20
    handguards of transcendence (4.86023) : +0 %, alt : +3.09028, from: bwl
- . - ' - . - ' - . - ' - . - ' - . - ' - . -
waist, whipvine cord (4.27008), alt: 2.78122 -> :
    grasp of the old god (5.37006) : +0.307122 %, alt : +5.24731, from: aq40
    eyestalk waist cord (3.81448) : -0.127206 %, alt : +3.9469, from: aq40
    firemaw's clutch (3.59195) : -0.18934 %, alt : +3.13188, from: bwl
    belt of transcendence (3.71124) : -0.156032 %, alt : +2.44308, from: bwl
    zandalar confessor's bindings (3.72424) : -0.152402 %, alt : +2.41973, from: zg
- . - ' - . - ' - . - ' - . - ' - . - ' - . -
legs, empowered leggings (7.74579), alt: 7.1698 -> :
    leggings of transcendence (3.64642) : -1.14458 %, alt : +4.29312, from: mc
- . - ' - . - ' - . - ' - . - ' - . - ' - . -
feet, boots of transcendence (5.20151), alt: 3.19266 -> :
    boots of pure thought (4.90494) : -0.0828047 %, alt : +5.41302, from: bwl
    treads of the wandering nomand (3.4151) : -0.498779 %, alt : +3.33115, from: aq20
    boots of transcendence (5.20151) : +0 %, alt : +3.19266, from: bwl
- . - ' - . - ' - . - ' - . - ' - . - ' - . -
finger, pure elementium band (6.38165), alt: 4.62381 -> :
- . - ' - . - ' - . - ' - . - ' - . - ' - . -
finger 2, fordring's seal (5.323), alt: 3.16974 -> :
    pure elementium band (5.44604) : +0.0343557 %, alt : +4.6238, from: bwl
    ring of the martyr (5.47397) : +0.0421522 %, alt : +4.40264, from: aq40
    primalist's seal (5.52917) : +0.0575662 %, alt : +3.98989, from: zg
    cauterizing band (5.12799) : -0.0544476 %, alt : +3.98158, from: mc
- . - ' - . - ' - . - ' - . - ' - . - ' - . -
trinket, hazza'rah's charm of healing (12.888), alt: 23.5022 -> :
    hazza'rah's charm of healing (12.888) : +0 %, alt : +23.5022, from: zg
    darkmoon card: blue dragon (1.74307) : -3.11176 %, alt : +0.92677, from: 
- . - ' - . - ' - . - ' - . - ' - . - ' - . -
trinket 2, rejuvenating gem (6.28131), alt: 5.73911 -> :
    hazza'rah's charm of healing (0) : -1.75379 %, alt : +23.5022, from: zg
    darkmoon card: blue dragon (-0.045105) : -1.76639 %, alt : +0.92677, from: 
- - - - - - - - - - - - - - - - - - - - - - - - - - - - - - - - - - - - - - - - - 
| Upgrades at start level, from start item to candidate, partial bonuses: 0: |
  alt scores are from least squares fit, special score from e.g. set bonuses as s are part of em
. . . . . . . . . . . . . . . . . . . . . . . . . . . . . . . . . . . . . . . . . 
- . - ' - . - ' - . - ' - . - ' - . - ' - . -
head, zulian headdress (4.74829), alt: 4.85385 -> :
    crystal adorned crown (6.75674) : +0.563339 %, alt : +7.97492, from: azuregos
    don rigoberto's lost hat (6.3118) : +0.438538 %, alt : +5.77191, from: aq40
    eternal crown of healing (5.16061) : +0.11565 %, alt : +5.42176, from: random green
    halo of transcendence (3.61902) : -0.316743 %, alt : +4.39619, from: onyxia
- . - ' - . - ' - . - ' - . - ' - . - ' - . -
neck, jin'do's evil eye (4.93433), alt: 3.84308 -> :
    amulet of the fallen god (5.76501) : +0.232995 %, alt : +5.00499, from: aq40
    amulet of the shifting sands (5.58151) : +0.181525 %, alt : +3.99549, from: aq20
    the all-seeing eye of zuldazar (1.20932) : -1.0448 %, alt : +1.66366, from: zg
- . - ' - . - ' - . - ' - . - ' - . - ' - . -
shoulders, zandalar confessor's mantle (4.52533), alt: 4.07654 -> :
    zandalar confessor's mantle (4.52533) : +0 %, alt : +4.07655, from: zg
    pauldrons of transcendence (2.29965) : -0.624266 %, alt : +2.46135, from: bwl
- . - ' - . - ' - . - ' - . - ' - . - ' - . -
back, hide of the wild (5.23022), alt: 3.6286 -> :
    cloak of clarity (6.26151) : +0.289257 %, alt : +3.64909, from: aq40
- . - ' - . - ' - . - ' - . - ' - . - ' - . -
chest, truefaith vestments (6.29593), alt: 6.28281 -> :
    robes of the guardian saint (6.83826) : +0.152114 %, alt : +6.20035, from: aq40
    robes of transcendence (4.29156) : -0.562191 %, alt : +5.12063, from: bwl
- . - ' - . - ' - . - ' - . - ' - . - ' - . -
wrists, bindings of transcendence (6.29529), alt: 2.98868 -> :
    bracelets of royal redemption (4.58594) : -0.479445 %, alt : +4.61747, from: aq40
    bindings of transcendence (6.29529) : +0 %, alt : +2.98867, from: bwl
    zandalar confessor's wraps (3.20789) : -0.865966 %, alt : +2.18679, from: zg
- . - ' - . - ' - . - ' - . - ' - . - ' - . -
two-hand, benediction (10.2011), alt: 10.0947 -> :
    scepter of the false prophet and lei of the lifegiver (17.2758) : +1.98435 %, alt : +20.5643, from: aq40, av rep
    scepter of the false prophet and sartura's might (17.2891) : +1.98806 %, alt : +20.4865, from: aq40, aq40
    scepter of the false prophet and brightly glowing stone (16.2021) : +1.68318 %, alt : +19.1596, from: aq40, pre-raid
    scepter of the false prophet and arlokk's hoodoo stick (15.7656) : +1.56075 %, alt : +18.2989, from: aq40, zg
    scepter of the false prophet and talon of furious concentration (15.8692) : +1.5898 %, alt : +18.2707, from: aq40, aq20
    scepter of the false prophet and trance stone (15.6449) : +1.52689 %, alt : +18.2501, from: aq40, emeriss; lethon; taerar; ysondre
    scepter of the false prophet and royal scepter of vek'lor (15.8564) : +1.5862 %, alt : +18.193, from: aq40, aq40
    scepter of the false prophet and thaurissan's royal scepter (16.4866) : +1.76298 %, alt : +17.9875, from: aq40, pre-raid
    scepter of the false prophet and jin'do's bag of whammies (16.7338) : +1.83231 %, alt : +17.6276, from: aq40, zg
    scepter of the false prophet and fire runed grimoire (15.7403) : +1.55365 %, alt : +17.1052, from: aq40, mc
    blessed qiraji augur staff (12.4953) : +0.643474 %, alt : +12.5301, from: aq40
    gavel of infinite wisdom and lei of the lifegiver (12.0262) : +0.511903 %, alt : +12.3069, from: aq20, av rep
    gavel of infinite wisdom and sartura's might (12.5222) : +0.651041 %, alt : +12.2291, from: aq20, aq40
    lok'amir il romathis and lei of the lifegiver (11.9165) : +0.48114 %, alt : +11.833, from: bwl, av rep
    lok'amir il romathis and sartura's might (12.0087) : +0.506999 %, alt : +11.7552, from: bwl, aq40
    gavel of infinite wisdom and brightly glowing stone (10.8494) : +0.181842 %, alt : +10.9022, from: aq20, pre-raid
    lok'amir il romathis and brightly glowing stone (10.4837) : +0.0792712 %, alt : +10.4282, from: bwl, pre-raid
    gavel of infinite wisdom and talon of furious concentration (10.8715) : +0.188031 %, alt : +10.0133, from: aq20, aq20
    gavel of infinite wisdom and trance stone (10.5981) : +0.111336 %, alt : +9.99272, from: aq20, emeriss; lethon; taerar; ysondre
    gavel of infinite wisdom and royal scepter of vek'lor (10.4164) : +0.0603971 %, alt : +9.9356, from: aq20, aq40
    gavel of infinite wisdom and thaurissan's royal scepter (10.3108) : +0.0307635 %, alt : +9.73007, from: aq20, pre-raid
- . - ' - . - ' - . - ' - . - ' - . - ' - . -
ranged, dragon's touch (0.995422), alt: 0.592987 -> :
    lunar wand of healing (1.39246) : +0.111361 %, alt : +1.6943, from: random green
    wandof qiraji nobility (1.28598) : +0.0814968 %, alt : +1.60959, from: aq40
    antenna of invigoration (2.05725) : +0.297826 %, alt : +1.17883, from: aq20
    bonecreeper stylus (2.01031) : +0.284661 %, alt : +0.960095, from: pre-raid
- . - ' - . - ' - . - ' - . - ' - . - ' - . -
hands, handguards of transcendence (6.00946), alt: 3.09027 -> :
    atal'ai hands of healing (5.86307) : -0.0410608 %, alt : +4.4899, from: sunken temple
    high councillor's gloves of healing (5.41931) : -0.165527 %, alt : +3.89689, from: random green
    dark storm gauntlets (4.3609) : -0.462394 %, alt : +3.24032, from: aq40
    gloves of dark wisdom (3.98294) : -0.568406 %, alt : +3.18834, from: aq20
    handguards of transcendence (6.00946) : +0 %, alt : +3.09028, from: bwl
- . - ' - . - ' - . - ' - . - ' - . - ' - . -
waist, whipvine cord (3.957), alt: 2.78122 -> :
    grasp of the old god (4.96832) : +0.283659 %, alt : +5.24731, from: aq40
    eyestalk waist cord (4.63757) : +0.19089 %, alt : +3.9469, from: aq40
    firemaw's clutch (4.65115) : +0.194699 %, alt : +3.13188, from: bwl
    belt of transcendence (3.94855) : -0.00237103 %, alt : +2.44308, from: bwl
    zandalar confessor's bindings (3.97632) : +0.00541828 %, alt : +2.41973, from: zg
- . - ' - . - ' - . - ' - . - ' - . - ' - . -
legs, empowered leggings (7.05396), alt: 7.1698 -> :
    leggings of transcendence (3.03442) : -1.12741 %, alt : +4.29312, from: mc
- . - ' - . - ' - . - ' - . - ' - . - ' - . -
feet, boots of transcendence (6.06235), alt: 3.19266 -> :
    boots of pure thought (5.02719) : -0.290345 %, alt : +5.41302, from: bwl
    treads of the wandering nomand (3.5968) : -0.691545 %, alt : +3.33115, from: aq20
    boots of transcendence (6.06235) : +0 %, alt : +3.19266, from: bwl
- . - ' - . - ' - . - ' - . - ' - . - ' - . -
finger, pure elementium band (4.40994), alt: 4.62381 -> :
- . - ' - . - ' - . - ' - . - ' - . - ' - . -
finger 2, fordring's seal (4.77353), alt: 3.16974 -> :
    pure elementium band (6.04236) : +0.355886 %, alt : +4.6238, from: bwl
    ring of the martyr (5.66257) : +0.249361 %, alt : +4.40264, from: aq40
    cauterizing band (5.495) : +0.202359 %, alt : +3.98158, from: mc
- . - ' - . - ' - . - ' - . - ' - . - ' - . -
trinket, hazza'rah's charm of healing (12.2784), alt: 23.5022 -> :
    hazza'rah's charm of healing (12.2784) : +0 %, alt : +23.5022, from: zg
    darkmoon card: blue dragon (1.27341) : -3.08672 %, alt : +0.92677, from: 
- . - ' - . - ' - . - ' - . - ' - . - ' - . -
trinket 2, rejuvenating gem (5.83508), alt: 5.73911 -> :
    hazza'rah's charm of healing (0) : -1.63665 %, alt : +23.5022, from: zg
    darkmoon card: blue dragon (0.0498962) : -1.62265 %, alt : +0.92677, from: 
------------------
Best value: 373.498
