Your call: ./css 5 ../items/more_raid.csv -b 0.8 -r 0.3 
Found: -b, val: 0.8
./css 5 ../items/more_raid.csv -r 0.3 
Found: -r, val: 0.3
./css 5 ../items/more_raid.csv 
Shuffle seed: 4155733926
Reading tmp locked from: start_with.txt
Locking: anastari heirloom
Locking: animated chain necklace
Locking: argent crusader
Locking: atal'ai gloves of the owl
Locking: banshee finger
Locking: blood of the martyr
Locking: briarwood reed
Locking: burial shawl
Locking: crimson felt hat
Locking: cyclopean band
Locking: devout belt
Locking: devout bracers
Locking: devout crown
Locking: devout mantle
Locking: devout robe
Locking: devout sandals
Locking: devout skirt
Locking: dragon finger of intellect
Locking: dragonslayer's signet
Locking: drakefire amulet
Locking: dreadmist mantle
Locking: dreamweave circlet
Locking: dreamweave gloves
Locking: dreamweave vest
Locking: eye of the beast
Locking: fordring's seal
Locking: grimgore noose
Locking: halo of transcendence
Locking: heart of the fiend
Locking: hide of the wild
Locking: kentic amice
Locking: magister's robes
Locking: maleki's footwraps
Locking: nature's breath
Locking: necropile boots
Locking: necropile cuffs
Locking: necropile mantle
Locking: noxious shooter
Locking: omnicast boots
Locking: orb of the forgotten seer
Locking: padre's trousers
Locking: penelope's rose
Locking: quel'dorai channeling rod
Locking: raincaster drape
Locking: rainstrider leggings
Locking: ring of demonic guile
Locking: ring of demonic guile
Locking: robes of the royal crown
Locking: rod of corrosion
Locking: rosewine circle
Locking: royal seal of eldre'thalas
Locking: royal tribunal cloak
Locking: sarah's guide
Locking: seal of rivendare
Locking: seal of rivendare
Locking: shadowy laced handwraps
Locking: silkweb gloves
Locking: soulstealer mantle
Locking: spellbound tome
Locking: spritecaster cape
Locking: starfire tiara
Locking: the hammer of grace
Locking: the postmaster's treads
Locking: thuzadin sash
Locking: triune amulet
Locking: vinerot sandals
Locking: wolfshear leggings
Locking: pants of prophecy
Locking: clutch of andros
Locking: star of mystaria
Locking: dragonrider boots
Locking: anathema
Locking: benediction
Locking: girdle of prophecy
Locking: dragon finger of healings
Locking: whipvine cord
Locking: necropile leggings
Locking: necropile robe
Locking: sublime wristguards
Optimizing start items...
[Perf] spent in FindBestPveHealingCounts: 0.00402765 s, that's: 100.004 % of total.

*** NEW BEST (1): 229.263

*** NEW BEST (1): 239.202

*** NEW BEST (1): 250.535

*** NEW BEST (1): 273.117

*** NEW BEST (1): 299.499

*** NEW BEST (1): 303.782

*** NEW BEST (1): 315.358

*** NEW BEST (1): 329.002

*** NEW BEST (1): 340.184

*** NEW BEST (1): 358.034

*** NEW BEST (1): 369.891

*** NEW BEST (1): 379.145

*** NEW BEST (1): 394.518

*** NEW BEST (1): 438.909

*** NEW BEST (1): 445.947

*** NEW BEST (1): 453.279
**
*** NEW BEST (1): 454.459
***
Read starting items and cleared locks.
 ----------------------------
 --- head --- 
name: halo of transcendence
slot: head
intelligence: 27
stamina: 17
spirit: 22
sp_healing: 48
fire_res: 10
frost_res: 10
armor: 94
 ----------------------------
 --- neck --- 
name: animated chain necklace
slot: neck
stamina: 7
spirit: 6
sp_healing: 33
 ----------------------------
 --- shoulders --- 
name: burial shawl
slot: shoulders
intelligence: 16
sp: 20
armor: 65
 ----------------------------
 --- back --- 
name: hide of the wild
slot: back
intelligence: 10
stamina: 8
sp_healing: 42
armor: 48
 ----------------------------
 --- chest --- 
name: magister's robes
slot: chest
intelligence: 31
stamina: 9
spirit: 8
armor: 89
 ----------------------------
 --- wrists --- 
name: sublime wristguards
slot: wrists
intelligence: 10
stamina: 6
spirit: 6
sp: 12
armor: 37
 ----------------------------
 --- two-hand --- 
name: benediction
slot: two-hand
intelligence: 31
stamina: 10
spirit: 12
sp_healing: 106
spell_crit: 2
shadow_res: 20
 ----------------------------
 ---  --- 
name: 
slot: 
 ----------------------------
 ---  --- 
name: 
slot: 
 ----------------------------
 ---  --- 
name: 
slot: 
 ----------------------------
 --- ranged --- 
name: dragon finger of intellect
slot: ranged
intelligence: 8
 ----------------------------
 --- hands --- 
name: shadowy laced handwraps
slot: hands
intelligence: 15
mp5: 5
shadow_res: 12
armor: 53
 ----------------------------
 --- waist --- 
name: girdle of prophecy
slot: waist
intelligence: 22
stamina: 10
spirit: 10
sp: 9
mp5: 4
fire_res: 7
armor: 57
 ----------------------------
 --- legs --- 
name: padre's trousers
slot: legs
intelligence: 20
sp_healing: 42
mp5: 6
armor: 76
 ----------------------------
 --- feet --- 
name: dragonrider boots
slot: feet
intelligence: 16
stamina: 5
sp_healing: 18
armor: 61
 ----------------------------
 --- finger --- 
name: fordring's seal
slot: finger
intelligence: 5
stamina: 4
sp_healing: 37
 ----------------------------
 --- finger --- 
name: rosewine circle
slot: finger
sp_healing: 29
mp5: 5
 ----------------------------
 --- trinket --- 
name: briarwood reed
slot: trinket
sp: 29
 ----------------------------
 --- trinket --- 
name: royal seal of eldre'thalas
slot: trinket
sp_healing: 33
mp5: 4
 ----------------------------
 --- Set bonuses ---
name: 
slot: 
 --- And counts for start items ---
For 60 s fights:
    casts: 19, ticks: 3, ticks_oom: 0
    Heal, rank: 2, count: 0
    Heal, rank: 4, count: 0
    Greater Heal, rank: 1, count: 7
    Greater Heal, rank: 4, count: 2
    Flash Heal, rank: 7, count: 0
    Renew, rank: 10, count: 1
    Prayer of Healing, rank: 5, count: 0
    pve info: 1
    hps: 749.228
For 120 s fights:
    casts: 11, ticks: 10, ticks_oom: 0
    Heal, rank: 2, count: 1
    Heal, rank: 4, count: 1
    Greater Heal, rank: 1, count: 2
    Greater Heal, rank: 4, count: 1
    Flash Heal, rank: 7, count: 0
    Renew, rank: 10, count: 1
    Prayer of Healing, rank: 5, count: 0
    pve info: 1
    hps: 500.614
For 180 s fights:
    casts: 12, ticks: 10, ticks_oom: 0
    Heal, rank: 2, count: 1
    Heal, rank: 4, count: 0
    Greater Heal, rank: 1, count: 6
    Greater Heal, rank: 4, count: 0
    Flash Heal, rank: 7, count: 0
    Renew, rank: 10, count: 0
    Prayer of Healing, rank: 5, count: 0
    pve info: 1
    hps: 411.038
For 240 s fights:
    casts: 7, ticks: 7, ticks_oom: 0
    Heal, rank: 2, count: 4
    Heal, rank: 4, count: 0
    Greater Heal, rank: 1, count: 1
    Greater Heal, rank: 4, count: 1
    Flash Heal, rank: 7, count: 0
    Renew, rank: 10, count: 0
    Prayer of Healing, rank: 5, count: 0
    pve info: 1
    hps: 372.894
For 300 s fights:
    casts: 11, ticks: 9, ticks_oom: 0
    Heal, rank: 2, count: 18
    Heal, rank: 4, count: 0
    Greater Heal, rank: 1, count: 0
    Greater Heal, rank: 4, count: 2
    Flash Heal, rank: 7, count: 0
    Renew, rank: 10, count: 1
    Prayer of Healing, rank: 5, count: 0
    pve info: 1
    hps: 352.511
For 360 s fights:
    casts: 14, ticks: 10, ticks_oom: 0
    Heal, rank: 2, count: 8
    Heal, rank: 4, count: 0
    Greater Heal, rank: 1, count: 0
    Greater Heal, rank: 4, count: 0
    Flash Heal, rank: 7, count: 0
    Renew, rank: 10, count: 1
    Prayer of Healing, rank: 5, count: 0
    pve info: 1
    hps: 335.227
.
*** NEW BEST (1): 472.498

*** NEW BEST (1): 474.447

*** NEW BEST (1): 482.095

*** NEW BEST (1): 487.837

*** NEW BEST (1): 496.312

*** NEW BEST (1): 525.677

*** NEW BEST (1): 529.235

*** NEW BEST (1): 545.936

*** NEW BEST (1): 554.897

*** NEW BEST (1): 568.599

*** NEW BEST (1): 571.453

*** NEW BEST (1): 575.163

*** NEW BEST (1): 580.147

*** NEW BEST (1): 583.724
.
*** NEW BEST (1): 584.772
...
*** NEW BEST (1): 587.497

*** NEW BEST (1): 589.12
.
*** NEW BEST (1): 594.013
..
*** NEW BEST (1): 595.973
.............
*** NEW BEST (1): 596.843
...........Temporary bans and partial set bonuses off.
.hands : hands of the exalted herald -> handguards of transcendence => val: 591.308 -> 592.204

*** NEW BEST (0): 592.562
Current relative stat values for matching or exceeding +50 pts of sp
int: 36.4074
spi: 27.0755
sta: 0
agi: 0
mp5: 116.478
sp: 100
sp_shadow: 0
sp_healing: 100
spell crit: 296.31
spell hit: 0
arcane res: 0
nature res: 0
fire res: 0
frost res: 0
shadow res: 0
armor: 0
defense: 0
dodge: 0
parry: 0
two-hand : benediction    ->   lok'amir il romathis lei of the lifegiver => val: 592.562 -> 595.699

*** NEW BEST (0): 597.281
Current relative stat values for matching or exceeding +50 pts of sp
int: 43.4954
spi: 26.0533
sta: 0
agi: 0
mp5: 126.376
sp: 100
sp_shadow: 0
sp_healing: 100
spell crit: 302.253
spell hit: 0
arcane res: 0
nature res: 0
fire res: 0
frost res: 0
shadow res: 0
armor: 0
defense: 0
dodge: 0
parry: 0
..neck : pendant of the fallen dragon -> choker of enlightenment => val: 592.426 -> 592.663
ranged : lunar wand of healing -> dragon's touch => val: 592.663 -> 592.782
.ranged : dragon's touch -> lunar wand of healing => val: 592.782 -> 592.899
***** INTERMEDIATE RESULTS *****
Iteration: 36
 ----------------------------
 --- head --- 
name: halo of transcendence
slot: head
intelligence: 27
stamina: 17
spirit: 22
sp_healing: 48
fire_res: 10
frost_res: 10
armor: 94
 ----------------------------
 --- neck --- 
name: pendant of the fallen dragon
slot: neck
intelligence: 12
stamina: 9
mp5: 9
 ----------------------------
 --- shoulders --- 
name: pauldrons of transcendence
slot: shoulders
intelligence: 25
stamina: 12
spirit: 13
sp_healing: 26
fire_res: 10
armor: 87
 ----------------------------
 --- back --- 
name: shroud of pure thought
slot: back
intelligence: 11
stamina: 10
sp_healing: 33
mp5: 6
armor: 57
 ----------------------------
 --- chest --- 
name: robes of transcendence
slot: chest
intelligence: 27
stamina: 17
spirit: 16
sp_healing: 57
nature_res: 10
fire_res: 10
armor: 116
 ----------------------------
 --- wrists --- 
name: bindings of transcendence
slot: wrists
intelligence: 13
stamina: 9
spirit: 16
sp_healing: 33
armor: 51
 ----------------------------
 ---  --- 
name: 
slot: 
 ----------------------------
 --- main hand --- 
name: lok'amir il romathis
slot: main hand
intelligence: 18
stamina: 10
spirit: 8
sp: 84
 ----------------------------
 ---  --- 
name: 
slot: 
 ----------------------------
 --- off hand --- 
name: lei of the lifegiver
slot: off hand
sp_healing: 53
mp5: 3
 ----------------------------
 --- ranged --- 
name: lunar wand of healing
slot: ranged
sp_healing: 20
 ----------------------------
 --- hands --- 
name: handguards of transcendence
slot: hands
intelligence: 20
stamina: 12
spirit: 13
sp_healing: 29
spell_crit: 1
armor: 72
 ----------------------------
 --- waist --- 
name: firemaw's clutch
slot: waist
intelligence: 12
stamina: 12
sp: 35
mp5: 5
armor: 64
 ----------------------------
 --- legs --- 
name: empowered leggings
slot: legs
intelligence: 12
stamina: 12
spirit: 24
sp_healing: 77
spell_crit: 1
armor: 103
 ----------------------------
 --- feet --- 
name: boots of pure thought
slot: feet
intelligence: 12
stamina: 8
spirit: 12
sp_healing: 62
armor: 74
 ----------------------------
 --- finger --- 
name: cauterizing band
slot: finger
intelligence: 12
stamina: 9
sp_healing: 46
 ----------------------------
 --- finger --- 
name: pure elementium band
slot: finger
intelligence: 10
stamina: 9
spirit: 10
sp_healing: 53
 ----------------------------
 --- trinket --- 
name: rejuvenating gem
slot: trinket
sp_healing: 66
mp5: 9
 ----------------------------
 --- trinket --- 
name: darkmoon card: blue dragon
slot: trinket
 ----------------------------
 --- Set bonuses ---
name: darkmoon 1 transcendence 3 
slot: Set bonuses
------------------
Best value: 597.281
------------------
Char stats: 
Effective hp: 6958.4
Effective mana: 12431.4
Raw max mana: 7222.6
Int: 376.2
Stam: 283.2
Spirit: 320.2
Strength: 50.2
Agility: 54.2
Mp5: 139.2
Sp: 119
Sp shadow: 0
Sp healing: 658
Spell crit: 2
Spell hit: 0
Arcane res: 27
Nature res: 37
Fire res: 57
Frost res: 37
Shadow res: 27
Armor: 2916.75
Defense: 300
Dodge: 0
Parry: 0
HpsPvp: 1051.88
ShadowDps: 217.228
Value pvp healing: 864.961
Value pvp shadow: 36.8884
------------------
Best counts:
For 60 s fights:
    casts: 13, ticks: 1, ticks_oom: 0
    Heal, rank: 2, count: 0
    Heal, rank: 4, count: 1
    Greater Heal, rank: 1, count: 6
    Greater Heal, rank: 4, count: 2
    Flash Heal, rank: 7, count: 2
    Renew, rank: 10, count: 2
    Prayer of Healing, rank: 5, count: 0
    pve info: 1
    hps: 873.617
For 120 s fights:
    casts: 20, ticks: 2, ticks_oom: 0
    Heal, rank: 2, count: 11
    Heal, rank: 4, count: 0
    Greater Heal, rank: 1, count: 2
    Greater Heal, rank: 4, count: 1
    Flash Heal, rank: 7, count: 0
    Renew, rank: 10, count: 3
    Prayer of Healing, rank: 5, count: 0
    pve info: 1
    hps: 654.512
For 180 s fights:
    casts: 18, ticks: 1, ticks_oom: 0
    Heal, rank: 2, count: 9
    Heal, rank: 4, count: 0
    Greater Heal, rank: 1, count: 1
    Greater Heal, rank: 4, count: 0
    Flash Heal, rank: 7, count: 0
    Renew, rank: 10, count: 1
    Prayer of Healing, rank: 5, count: 0
    pve info: 1
    hps: 564.127
For 240 s fights:
    casts: 20, ticks: 8, ticks_oom: 0
    Heal, rank: 2, count: 11
    Heal, rank: 4, count: 0
    Greater Heal, rank: 1, count: 0
    Greater Heal, rank: 4, count: 0
    Flash Heal, rank: 7, count: 0
    Renew, rank: 10, count: 2
    Prayer of Healing, rank: 5, count: 0
    pve info: 1
    hps: 515.713
For 300 s fights:
    casts: 20, ticks: 9, ticks_oom: 0
    Heal, rank: 2, count: 34
    Heal, rank: 4, count: 0
    Greater Heal, rank: 1, count: 2
    Greater Heal, rank: 4, count: 0
    Flash Heal, rank: 7, count: 0
    Renew, rank: 10, count: 7
    Prayer of Healing, rank: 5, count: 0
    pve info: 1
    hps: 486.261
For 360 s fights:
    casts: 18, ticks: 5, ticks_oom: 0
    Heal, rank: 2, count: 25
    Heal, rank: 4, count: 0
    Greater Heal, rank: 1, count: 0
    Greater Heal, rank: 4, count: 0
    Flash Heal, rank: 7, count: 0
    Renew, rank: 10, count: 1
    Prayer of Healing, rank: 5, count: 0
    pve info: 1
    hps: 465.38
------------------
Upgrades: 
(0) -> lok'amir il romathis(42.4163) : 42.4163 = +7.67792%
briarwood reed(9.42932) -> rejuvenating gem(36.3035) : 26.8741 = +4.73147%
(0) -> lei of the lifegiver(24.3714) : 24.3714 = +4.27201%
magister's robes(21.8801) -> robes of transcendence(41.0982) : 19.2181 = +3.33855%
dragonrider boots(16.5275) -> boots of pure thought(33.0399) : 16.5125 = +2.8551%
shadowy laced handwraps(14.7354) -> handguards of transcendence(30.1147) : 15.3793 = +2.65397%
rosewine circle(15.2123) -> pure elementium band(29.6868) : 14.4744 = +2.49393%
burial shawl(14.6709) -> pauldrons of transcendence(29.1156) : 14.4447 = +2.48868%
sublime wristguards(11.6303) -> bindings of transcendence(25.8268) : 14.1965 = +2.44488%
fordring's seal(14.211) -> cauterizing band(26.7534) : 12.5424 = +2.15386%
animated chain necklace(12.9017) -> pendant of the fallen dragon(22.9401) : 10.0384 = +1.71648%
royal seal of eldre'thalas(13.9283) -> darkmoon card: blue dragon(23.6496) : 9.72131 = +1.66137%
hide of the wild(16.2125) -> shroud of pure thought(25.2925) : 9.08008 = +1.55008%
padre's trousers(33.6606) -> empowered leggings(41.7818) : 8.12115 = +1.38411%
girdle of prophecy(23.732) -> firemaw's clutch(26.4605) : 2.72852 = +0.460795%
dragon finger of intellect(4.97632) -> lunar wand of healing(6.6701) : 1.69379 = +0.28555%
halo of transcendence(38.772) -> halo of transcendence(38.772) : 0 = +0%
benediction(47.5992) -> (0) : -47.5992 = +-7.4089%
------------------
~~~~ end of intermediate results ~~~~
Temporary bans and partial set bonuses on.
.
*** NEW BEST (1): 597.204
Current relative stat values for matching or exceeding +50 pts of sp
int: 39.0693
spi: 27.4593
sta: 0
agi: 0
mp5: 117.947
sp: 100
sp_shadow: 0
sp_healing: 100
spell crit: 300.977
spell hit: 0
arcane res: 0
nature res: 0
fire res: 0
frost res: 0
shadow res: 0
armor: 0
defense: 0
dodge: 0
parry: 0
..........
*** NEW BEST (1): 597.816
Current relative stat values for matching or exceeding +50 pts of sp
int: 50.0753
spi: 35.5189
sta: 0
agi: 0
mp5: 134.767
sp: 100
sp_shadow: 0
sp_healing: 100
spell crit: 293.206
spell hit: 0
arcane res: 0
nature res: 0
fire res: 0
frost res: 0
shadow res: 0
armor: 0
defense: 0
dodge: 0
parry: 0
.
*** NEW BEST (1): 597.998
Current relative stat values for matching or exceeding +50 pts of sp
int: 49.1876
spi: 30.7527
sta: 0
agi: 0
mp5: 138.572
sp: 100
sp_shadow: 0
sp_healing: 100
spell crit: 292.163
spell hit: 0
arcane res: 0
nature res: 0
fire res: 0
frost res: 0
shadow res: 0
armor: 0
defense: 0
dodge: 0
parry: 0
Temporary bans and partial set bonuses off.
.ranged : dragon finger of healing -> lunar wand of healing => val: 597.998 -> 598.671

*** NEW BEST (0): 598.671
Current relative stat values for matching or exceeding +50 pts of sp
int: 49.2229
spi: 30.7736
sta: 0
agi: 0
mp5: 138.682
sp: 100
sp_shadow: 0
sp_healing: 100
spell crit: 292.496
spell hit: 0
arcane res: 0
nature res: 0
fire res: 0
frost res: 0
shadow res: 0
armor: 0
defense: 0
dodge: 0
parry: 0
legs : leggings of transcendence -> empowered leggings => val: 592.326 -> 593.629
....Copied previous best.
.legs : leggings of transcendence -> empowered leggings => val: 592.326 -> 593.629
hands : handguards of transcendence -> gloves of prophecy => val: 593.629 -> 595.902
***** INTERMEDIATE RESULTS *****
Iteration: 54
 ----------------------------
 --- head --- 
name: halo of transcendence
slot: head
intelligence: 27
stamina: 17
spirit: 22
sp_healing: 48
fire_res: 10
frost_res: 10
armor: 94
 ----------------------------
 --- neck --- 
name: choker of the fire lord
slot: neck
intelligence: 7
stamina: 7
sp: 34
 ----------------------------
 --- shoulders --- 
name: pauldrons of transcendence
slot: shoulders
intelligence: 25
stamina: 12
spirit: 13
sp_healing: 26
fire_res: 10
armor: 87
 ----------------------------
 --- back --- 
name: shroud of pure thought
slot: back
intelligence: 11
stamina: 10
sp_healing: 33
mp5: 6
armor: 57
 ----------------------------
 --- chest --- 
name: robes of transcendence
slot: chest
intelligence: 27
stamina: 17
spirit: 16
sp_healing: 57
nature_res: 10
fire_res: 10
armor: 116
 ----------------------------
 --- wrists --- 
name: bindings of transcendence
slot: wrists
intelligence: 13
stamina: 9
spirit: 16
sp_healing: 33
armor: 51
 ----------------------------
 ---  --- 
name: 
slot: 
 ----------------------------
 --- main hand --- 
name: lok'amir il romathis
slot: main hand
intelligence: 18
stamina: 10
spirit: 8
sp: 84
 ----------------------------
 ---  --- 
name: 
slot: 
 ----------------------------
 --- off hand --- 
name: lei of the lifegiver
slot: off hand
sp_healing: 53
mp5: 3
 ----------------------------
 --- ranged --- 
name: lunar wand of healing
slot: ranged
sp_healing: 20
 ----------------------------
 --- hands --- 
name: handguards of transcendence
slot: hands
intelligence: 20
stamina: 12
spirit: 13
sp_healing: 29
spell_crit: 1
armor: 72
 ----------------------------
 --- waist --- 
name: belt of transcendence
slot: waist
intelligence: 26
stamina: 14
spirit: 9
sp_healing: 26
shadow_res: 10
armor: 65
 ----------------------------
 --- legs --- 
name: leggings of transcendence
slot: legs
intelligence: 21
stamina: 16
spirit: 21
sp_healing: 46
mp5: 7
arcane_res: 10
shadow_res: 10
armor: 101
 ----------------------------
 --- feet --- 
name: boots of pure thought
slot: feet
intelligence: 12
stamina: 8
spirit: 12
sp_healing: 62
armor: 74
 ----------------------------
 --- finger --- 
name: cauterizing band
slot: finger
intelligence: 12
stamina: 9
sp_healing: 46
 ----------------------------
 --- finger --- 
name: pure elementium band
slot: finger
intelligence: 10
stamina: 9
spirit: 10
sp_healing: 53
 ----------------------------
 --- trinket --- 
name: rejuvenating gem
slot: trinket
sp_healing: 66
mp5: 9
 ----------------------------
 --- trinket --- 
name: darkmoon card: blue dragon
slot: trinket
 ----------------------------
 --- Set bonuses ---
name: darkmoon 1 transcendence 3 
slot: Set bonuses
------------------
Best value: 598.671
------------------
Char stats: 
Effective hp: 6997.2
Effective mana: 12600.7
Raw max mana: 7492.6
Int: 394.2
Stam: 287.2
Spirit: 326.2
Strength: 50.2
Agility: 54.2
Mp5: 132.2
Sp: 118
Sp shadow: 0
Sp healing: 653
Spell crit: 1
Spell hit: 0
Arcane res: 37
Nature res: 37
Fire res: 57
Frost res: 37
Shadow res: 47
Armor: 2915.75
Defense: 300
Dodge: 0
Parry: 0
HpsPvp: 1048.77
ShadowDps: 212.575
Value pvp healing: 872.283
Value pvp shadow: 35.8358
------------------
Best counts:
For 60 s fights:
    casts: 13, ticks: 1, ticks_oom: 0
    Heal, rank: 2, count: 0
    Heal, rank: 4, count: 0
    Greater Heal, rank: 1, count: 6
    Greater Heal, rank: 4, count: 2
    Flash Heal, rank: 7, count: 2
    Renew, rank: 10, count: 2
    Prayer of Healing, rank: 5, count: 0
    pve info: 1
    hps: 887.89
For 120 s fights:
    casts: 20, ticks: 2, ticks_oom: 0
    Heal, rank: 2, count: 11
    Heal, rank: 4, count: 0
    Greater Heal, rank: 1, count: 2
    Greater Heal, rank: 4, count: 1
    Flash Heal, rank: 7, count: 0
    Renew, rank: 10, count: 3
    Prayer of Healing, rank: 5, count: 0
    pve info: 1
    hps: 654.41
For 180 s fights:
    casts: 19, ticks: 2, ticks_oom: 0
    Heal, rank: 2, count: 10
    Heal, rank: 4, count: 0
    Greater Heal, rank: 1, count: 0
    Greater Heal, rank: 4, count: 0
    Flash Heal, rank: 7, count: 0
    Renew, rank: 10, count: 2
    Prayer of Healing, rank: 5, count: 0
    pve info: 1
    hps: 566.999
For 240 s fights:
    casts: 20, ticks: 8, ticks_oom: 0
    Heal, rank: 2, count: 11
    Heal, rank: 4, count: 0
    Greater Heal, rank: 1, count: 0
    Greater Heal, rank: 4, count: 0
    Flash Heal, rank: 7, count: 0
    Renew, rank: 10, count: 2
    Prayer of Healing, rank: 5, count: 0
    pve info: 1
    hps: 513.295
For 300 s fights:
    casts: 20, ticks: 9, ticks_oom: 0
    Heal, rank: 2, count: 35
    Heal, rank: 4, count: 0
    Greater Heal, rank: 1, count: 0
    Greater Heal, rank: 4, count: 0
    Flash Heal, rank: 7, count: 0
    Renew, rank: 10, count: 8
    Prayer of Healing, rank: 5, count: 0
    pve info: 0.998671
    hps: 482.536
For 360 s fights:
    casts: 20, ticks: 7, ticks_oom: 0
    Heal, rank: 2, count: 35
    Heal, rank: 4, count: 0
    Greater Heal, rank: 1, count: 0
    Greater Heal, rank: 4, count: 0
    Flash Heal, rank: 7, count: 0
    Renew, rank: 10, count: 3
    Prayer of Healing, rank: 5, count: 0
    pve info: 1
    hps: 462.833
------------------
Upgrades: 
(0) -> lok'amir il romathis(47.4104) : 47.4104 = +8.60036%
briarwood reed(9.58466) -> rejuvenating gem(31.6086) : 22.024 = +3.81932%
(0) -> lei of the lifegiver(19.4443) : 19.4443 = +3.35695%
magister's robes(26.8965) -> robes of transcendence(46.1114) : 19.2149 = +3.31602%
dragonrider boots(19.6584) -> boots of pure thought(35.3698) : 15.7114 = +2.6951%
burial shawl(18.5996) -> pauldrons of transcendence(32.6053) : 14.0057 = +2.3955%
shadowy laced handwraps(22.7264) -> handguards of transcendence(33.7477) : 11.0213 = +1.87549%
sublime wristguards(20.4973) -> bindings of transcendence(31.4496) : 10.9523 = +1.86353%
padre's trousers(36.3495) -> leggings of transcendence(45.9883) : 9.63879 = +1.63638%
royal seal of eldre'thalas(17.7977) -> darkmoon card: blue dragon(27.0817) : 9.284 = +1.57519%
rosewine circle(19.9766) -> pure elementium band(29.0491) : 9.07245 = +1.53875%
hide of the wild(27.4235) -> shroud of pure thought(32.3134) : 4.88989 = +0.823517%
dragon finger of intellect(2.04059) -> lunar wand of healing(6.73395) : 4.69336 = +0.790157%
fordring's seal(18.6885) -> cauterizing band(23.2057) : 4.51715 = +0.760266%
girdle of prophecy(28.3192) -> belt of transcendence(32.4418) : 4.12268 = +0.693414%
animated chain necklace(11.8868) -> choker of the fire lord(12.9213) : 1.03448 = +0.173096%
halo of transcendence(44.6539) -> halo of transcendence(44.6539) : 0 = +0%
benediction(46.4796) -> (0) : -46.4796 = +-7.20446%
------------------
~~~~ end of intermediate results ~~~~
Temporary bans and partial set bonuses on.
..........
*** NEW BEST (1): 601.287
Current relative stat values for matching or exceeding +50 pts of sp
int: 47.8278
spi: 32.4982
sta: 0
agi: 0
mp5: 131.906
sp: 100
sp_shadow: 0
sp_healing: 100
spell crit: 295.166
spell hit: 0
arcane res: 0
nature res: 0
fire res: 0
frost res: 0
shadow res: 0
armor: 0
defense: 0
dodge: 0
parry: 0
....Temporary bans and partial set bonuses off.
.....Copied previous best.
.waist : belt of transcendence -> firemaw's clutch => val: 595.013 -> 595.985
***** INTERMEDIATE RESULTS *****
Iteration: 74
 ----------------------------
 --- head --- 
name: halo of transcendence
slot: head
intelligence: 27
stamina: 17
spirit: 22
sp_healing: 48
fire_res: 10
frost_res: 10
armor: 94
 ----------------------------
 --- neck --- 
name: choker of the fire lord
slot: neck
intelligence: 7
stamina: 7
sp: 34
 ----------------------------
 --- shoulders --- 
name: pauldrons of transcendence
slot: shoulders
intelligence: 25
stamina: 12
spirit: 13
sp_healing: 26
fire_res: 10
armor: 87
 ----------------------------
 --- back --- 
name: shroud of pure thought
slot: back
intelligence: 11
stamina: 10
sp_healing: 33
mp5: 6
armor: 57
 ----------------------------
 --- chest --- 
name: robes of transcendence
slot: chest
intelligence: 27
stamina: 17
spirit: 16
sp_healing: 57
nature_res: 10
fire_res: 10
armor: 116
 ----------------------------
 --- wrists --- 
name: bindings of transcendence
slot: wrists
intelligence: 13
stamina: 9
spirit: 16
sp_healing: 33
armor: 51
 ----------------------------
 ---  --- 
name: 
slot: 
 ----------------------------
 --- main hand --- 
name: lok'amir il romathis
slot: main hand
intelligence: 18
stamina: 10
spirit: 8
sp: 84
 ----------------------------
 ---  --- 
name: 
slot: 
 ----------------------------
 --- off hand --- 
name: lei of the lifegiver
slot: off hand
sp_healing: 53
mp5: 3
 ----------------------------
 --- ranged --- 
name: essence gatherer
slot: ranged
intelligence: 7
stamina: 5
mp5: 5
 ----------------------------
 --- hands --- 
name: handguards of transcendence
slot: hands
intelligence: 20
stamina: 12
spirit: 13
sp_healing: 29
spell_crit: 1
armor: 72
 ----------------------------
 --- waist --- 
name: belt of transcendence
slot: waist
intelligence: 26
stamina: 14
spirit: 9
sp_healing: 26
shadow_res: 10
armor: 65
 ----------------------------
 --- legs --- 
name: empowered leggings
slot: legs
intelligence: 12
stamina: 12
spirit: 24
sp_healing: 77
spell_crit: 1
armor: 103
 ----------------------------
 --- feet --- 
name: boots of pure thought
slot: feet
intelligence: 12
stamina: 8
spirit: 12
sp_healing: 62
armor: 74
 ----------------------------
 --- finger --- 
name: cauterizing band
slot: finger
intelligence: 12
stamina: 9
sp_healing: 46
 ----------------------------
 --- finger --- 
name: pure elementium band
slot: finger
intelligence: 10
stamina: 9
spirit: 10
sp_healing: 53
 ----------------------------
 --- trinket --- 
name: rejuvenating gem
slot: trinket
sp_healing: 66
mp5: 9
 ----------------------------
 --- trinket --- 
name: darkmoon card: blue dragon
slot: trinket
 ----------------------------
 --- Set bonuses ---
name: darkmoon 1 transcendence 3 
slot: Set bonuses
------------------
Best value: 601.599
------------------
Char stats: 
Effective hp: 7009.4
Effective mana: 12550.4
Raw max mana: 7462.6
Int: 392.2
Stam: 288.2
Spirit: 329.2
Strength: 50.2
Agility: 54.2
Mp5: 130.2
Sp: 118
Sp shadow: 0
Sp healing: 664
Spell crit: 2
Spell hit: 0
Arcane res: 27
Nature res: 37
Fire res: 57
Frost res: 37
Shadow res: 37
Armor: 2917.75
Defense: 300
Dodge: 0
Parry: 0
HpsPvp: 1050.64
ShadowDps: 220.181
Value pvp healing: 877.598
Value pvp shadow: 38.5434
------------------
Best counts:
For 60 s fights:
    casts: 13, ticks: 1, ticks_oom: 0
    Heal, rank: 2, count: 0
    Heal, rank: 4, count: 0
    Greater Heal, rank: 1, count: 6
    Greater Heal, rank: 4, count: 2
    Flash Heal, rank: 7, count: 2
    Renew, rank: 10, count: 2
    Prayer of Healing, rank: 5, count: 0
    pve info: 1
    hps: 893.387
For 120 s fights:
    casts: 20, ticks: 2, ticks_oom: 0
    Heal, rank: 2, count: 11
    Heal, rank: 4, count: 0
    Greater Heal, rank: 1, count: 2
    Greater Heal, rank: 4, count: 1
    Flash Heal, rank: 7, count: 0
    Renew, rank: 10, count: 3
    Prayer of Healing, rank: 5, count: 0
    pve info: 1
    hps: 658.003
For 180 s fights:
    casts: 19, ticks: 2, ticks_oom: 0
    Heal, rank: 2, count: 10
    Heal, rank: 4, count: 0
    Greater Heal, rank: 1, count: 0
    Greater Heal, rank: 4, count: 0
    Flash Heal, rank: 7, count: 0
    Renew, rank: 10, count: 2
    Prayer of Healing, rank: 5, count: 0
    pve info: 1
    hps: 570.405
For 240 s fights:
    casts: 20, ticks: 9, ticks_oom: 0
    Heal, rank: 2, count: 14
    Heal, rank: 4, count: 0
    Greater Heal, rank: 1, count: 0
    Greater Heal, rank: 4, count: 0
    Flash Heal, rank: 7, count: 0
    Renew, rank: 10, count: 3
    Prayer of Healing, rank: 5, count: 0
    pve info: 1
    hps: 514.403
For 300 s fights:
    casts: 19, ticks: 10, ticks_oom: 0
    Heal, rank: 2, count: 37
    Heal, rank: 4, count: 0
    Greater Heal, rank: 1, count: 1
    Greater Heal, rank: 4, count: 0
    Flash Heal, rank: 7, count: 0
    Renew, rank: 10, count: 9
    Prayer of Healing, rank: 5, count: 0
    pve info: 1
    hps: 483.196
For 360 s fights:
    casts: 19, ticks: 8, ticks_oom: 0
    Heal, rank: 2, count: 34
    Heal, rank: 4, count: 1
    Greater Heal, rank: 1, count: 2
    Greater Heal, rank: 4, count: 0
    Flash Heal, rank: 7, count: 0
    Renew, rank: 10, count: 3
    Prayer of Healing, rank: 5, count: 0
    pve info: 1
    hps: 462.495
------------------
Upgrades: 
(0) -> lok'amir il romathis(48.1887) : 48.1887 = +8.71261%
briarwood reed(9.45575) -> rejuvenating gem(34.1318) : 24.6761 = +4.27955%
(0) -> lei of the lifegiver(21.1921) : 21.1921 = +3.65325%
magister's robes(24.4841) -> robes of transcendence(43.8688) : 19.3848 = +3.33131%
dragonrider boots(22.1843) -> boots of pure thought(39.563) : 17.3787 = +2.97631%
burial shawl(18.9874) -> pauldrons of transcendence(33.3842) : 14.3968 = +2.45309%
rosewine circle(16.9593) -> pure elementium band(31.0727) : 14.1134 = +2.40364%
royal seal of eldre'thalas(15.93) -> darkmoon card: blue dragon(29.6006) : 13.6706 = +2.32647%
sublime wristguards(19.3821) -> bindings of transcendence(31.9875) : 12.6053 = +2.14131%
shadowy laced handwraps(21.9178) -> handguards of transcendence(32.8677) : 10.9499 = +1.85487%
padre's trousers(37.748) -> empowered leggings(48.4399) : 10.692 = +1.81039%
fordring's seal(18.5129) -> cauterizing band(24.822) : 6.30908 = +1.0604%
dragon finger of intellect(9.09412) -> essence gatherer(14.9501) : 5.85596 = +0.983492%
hide of the wild(28.2164) -> shroud of pure thought(32.4016) : 4.18518 = +0.700923%
girdle of prophecy(28.4386) -> belt of transcendence(32.4491) : 4.0105 = +0.671471%
animated chain necklace(12.0575) -> choker of the fire lord(14.6187) : 2.56122 = +0.427783%
halo of transcendence(42.1171) -> halo of transcendence(42.1171) : 0 = +0%
benediction(47.6065) -> (0) : -47.6065 = +-7.33664%
------------------
~~~~ end of intermediate results ~~~~
Temporary bans and partial set bonuses on.
.Temporary bans and partial set bonuses off.
.***** INTERMEDIATE RESULTS *****
Iteration: 76
 ----------------------------
 --- head --- 
name: halo of transcendence
slot: head
intelligence: 27
stamina: 17
spirit: 22
sp_healing: 48
fire_res: 10
frost_res: 10
armor: 94
 ----------------------------
 --- neck --- 
name: choker of the fire lord
slot: neck
intelligence: 7
stamina: 7
sp: 34
 ----------------------------
 --- shoulders --- 
name: pauldrons of transcendence
slot: shoulders
intelligence: 25
stamina: 12
spirit: 13
sp_healing: 26
fire_res: 10
armor: 87
 ----------------------------
 --- back --- 
name: shroud of pure thought
slot: back
intelligence: 11
stamina: 10
sp_healing: 33
mp5: 6
armor: 57
 ----------------------------
 --- chest --- 
name: robes of transcendence
slot: chest
intelligence: 27
stamina: 17
spirit: 16
sp_healing: 57
nature_res: 10
fire_res: 10
armor: 116
 ----------------------------
 --- wrists --- 
name: bindings of transcendence
slot: wrists
intelligence: 13
stamina: 9
spirit: 16
sp_healing: 33
armor: 51
 ----------------------------
 ---  --- 
name: 
slot: 
 ----------------------------
 --- main hand --- 
name: lok'amir il romathis
slot: main hand
intelligence: 18
stamina: 10
spirit: 8
sp: 84
 ----------------------------
 ---  --- 
name: 
slot: 
 ----------------------------
 --- off hand --- 
name: lei of the lifegiver
slot: off hand
sp_healing: 53
mp5: 3
 ----------------------------
 --- ranged --- 
name: essence gatherer
slot: ranged
intelligence: 7
stamina: 5
mp5: 5
 ----------------------------
 --- hands --- 
name: handguards of transcendence
slot: hands
intelligence: 20
stamina: 12
spirit: 13
sp_healing: 29
spell_crit: 1
armor: 72
 ----------------------------
 --- waist --- 
name: belt of transcendence
slot: waist
intelligence: 26
stamina: 14
spirit: 9
sp_healing: 26
shadow_res: 10
armor: 65
 ----------------------------
 --- legs --- 
name: empowered leggings
slot: legs
intelligence: 12
stamina: 12
spirit: 24
sp_healing: 77
spell_crit: 1
armor: 103
 ----------------------------
 --- feet --- 
name: boots of pure thought
slot: feet
intelligence: 12
stamina: 8
spirit: 12
sp_healing: 62
armor: 74
 ----------------------------
 --- finger --- 
name: cauterizing band
slot: finger
intelligence: 12
stamina: 9
sp_healing: 46
 ----------------------------
 --- finger --- 
name: pure elementium band
slot: finger
intelligence: 10
stamina: 9
spirit: 10
sp_healing: 53
 ----------------------------
 --- trinket --- 
name: rejuvenating gem
slot: trinket
sp_healing: 66
mp5: 9
 ----------------------------
 --- trinket --- 
name: darkmoon card: blue dragon
slot: trinket
 ----------------------------
 --- Set bonuses ---
name: darkmoon 1 transcendence 3 
slot: Set bonuses
------------------
Best value: 598.895
------------------
Char stats: 
Effective hp: 7009.4
Effective mana: 12550.4
Raw max mana: 7462.6
Int: 392.2
Stam: 288.2
Spirit: 329.2
Strength: 50.2
Agility: 54.2
Mp5: 130.2
Sp: 118
Sp shadow: 0
Sp healing: 664
Spell crit: 2
Spell hit: 0
Arcane res: 27
Nature res: 37
Fire res: 57
Frost res: 37
Shadow res: 37
Armor: 2917.75
Defense: 300
Dodge: 0
Parry: 0
HpsPvp: 1050.22
ShadowDps: 214.651
Value pvp healing: 905.417
Value pvp shadow: 37.8228
------------------
Best counts:
For 60 s fights:
    casts: 13, ticks: 1, ticks_oom: 0
    Heal, rank: 2, count: 0
    Heal, rank: 4, count: 0
    Greater Heal, rank: 1, count: 6
    Greater Heal, rank: 4, count: 2
    Flash Heal, rank: 7, count: 2
    Renew, rank: 10, count: 2
    Prayer of Healing, rank: 5, count: 0
    pve info: 1
    hps: 893.387
For 120 s fights:
    casts: 20, ticks: 2, ticks_oom: 0
    Heal, rank: 2, count: 11
    Heal, rank: 4, count: 0
    Greater Heal, rank: 1, count: 2
    Greater Heal, rank: 4, count: 1
    Flash Heal, rank: 7, count: 0
    Renew, rank: 10, count: 3
    Prayer of Healing, rank: 5, count: 0
    pve info: 1
    hps: 658.003
For 180 s fights:
    casts: 19, ticks: 2, ticks_oom: 0
    Heal, rank: 2, count: 10
    Heal, rank: 4, count: 0
    Greater Heal, rank: 1, count: 0
    Greater Heal, rank: 4, count: 0
    Flash Heal, rank: 7, count: 0
    Renew, rank: 10, count: 2
    Prayer of Healing, rank: 5, count: 0
    pve info: 1
    hps: 570.405
For 240 s fights:
    casts: 20, ticks: 9, ticks_oom: 0
    Heal, rank: 2, count: 14
    Heal, rank: 4, count: 0
    Greater Heal, rank: 1, count: 0
    Greater Heal, rank: 4, count: 0
    Flash Heal, rank: 7, count: 0
    Renew, rank: 10, count: 3
    Prayer of Healing, rank: 5, count: 0
    pve info: 1
    hps: 514.403
For 300 s fights:
    casts: 19, ticks: 10, ticks_oom: 0
    Heal, rank: 2, count: 37
    Heal, rank: 4, count: 0
    Greater Heal, rank: 1, count: 1
    Greater Heal, rank: 4, count: 0
    Flash Heal, rank: 7, count: 0
    Renew, rank: 10, count: 9
    Prayer of Healing, rank: 5, count: 0
    pve info: 1
    hps: 483.196
For 360 s fights:
    casts: 19, ticks: 8, ticks_oom: 0
    Heal, rank: 2, count: 34
    Heal, rank: 4, count: 1
    Greater Heal, rank: 1, count: 2
    Greater Heal, rank: 4, count: 0
    Flash Heal, rank: 7, count: 0
    Renew, rank: 10, count: 3
    Prayer of Healing, rank: 5, count: 0
    pve info: 1
    hps: 462.495
------------------
Upgrades: 
(0) -> lok'amir il romathis(48.5168) : 48.5168 = +8.81517%
briarwood reed(9.42572) -> rejuvenating gem(34.493) : 25.0673 = +4.36843%
(0) -> lei of the lifegiver(22.0054) : 22.0054 = +3.81448%
magister's robes(24.5296) -> robes of transcendence(43.7696) : 19.24 = +3.31921%
dragonrider boots(21.2404) -> boots of pure thought(38.0109) : 16.7705 = +2.88091%
rosewine circle(16.3082) -> pure elementium band(31.6477) : 15.3395 = +2.62863%
burial shawl(17.9793) -> pauldrons of transcendence(32.8329) : 14.8536 = +2.54325%
royal seal of eldre'thalas(13.66) -> darkmoon card: blue dragon(27.9666) : 14.3066 = +2.4473%
sublime wristguards(18.4681) -> bindings of transcendence(32.0405) : 13.5724 = +2.3188%
shadowy laced handwraps(22.6201) -> handguards of transcendence(33.553) : 10.933 = +1.85947%
padre's trousers(40.396) -> empowered leggings(48.8535) : 8.45746 = +1.43241%
fordring's seal(18.1476) -> cauterizing band(25.428) : 7.28046 = +1.23061%
dragon finger of intellect(6.15881) -> essence gatherer(13.3442) : 7.18536 = +1.21434%
hide of the wild(25.1411) -> shroud of pure thought(31.0053) : 5.8642 = +0.988852%
animated chain necklace(11.6044) -> choker of the fire lord(15.5809) : 3.9765 = +0.668411%
girdle of prophecy(27.0896) -> belt of transcendence(30.2189) : 3.12933 = +0.525262%
halo of transcendence(41.7303) -> halo of transcendence(41.7303) : 0 = +0%
benediction(48.7419) -> (0) : -48.7419 = +-7.52611%
------------------
~~~~ end of intermediate results ~~~~
Same items for intermediate results again, ending optimization. 
 ----------------------------
 --- head --- 
name: halo of transcendence
slot: head
intelligence: 27
stamina: 17
spirit: 22
sp_healing: 48
fire_res: 10
frost_res: 10
armor: 94
 ----------------------------
 --- neck --- 
name: choker of the fire lord
slot: neck
intelligence: 7
stamina: 7
sp: 34
 ----------------------------
 --- shoulders --- 
name: pauldrons of transcendence
slot: shoulders
intelligence: 25
stamina: 12
spirit: 13
sp_healing: 26
fire_res: 10
armor: 87
 ----------------------------
 --- back --- 
name: shroud of pure thought
slot: back
intelligence: 11
stamina: 10
sp_healing: 33
mp5: 6
armor: 57
 ----------------------------
 --- chest --- 
name: robes of transcendence
slot: chest
intelligence: 27
stamina: 17
spirit: 16
sp_healing: 57
nature_res: 10
fire_res: 10
armor: 116
 ----------------------------
 --- wrists --- 
name: bindings of transcendence
slot: wrists
intelligence: 13
stamina: 9
spirit: 16
sp_healing: 33
armor: 51
 ----------------------------
 ---  --- 
name: 
slot: 
 ----------------------------
 --- main hand --- 
name: lok'amir il romathis
slot: main hand
intelligence: 18
stamina: 10
spirit: 8
sp: 84
 ----------------------------
 ---  --- 
name: 
slot: 
 ----------------------------
 --- off hand --- 
name: lei of the lifegiver
slot: off hand
sp_healing: 53
mp5: 3
 ----------------------------
 --- ranged --- 
name: essence gatherer
slot: ranged
intelligence: 7
stamina: 5
mp5: 5
 ----------------------------
 --- hands --- 
name: handguards of transcendence
slot: hands
intelligence: 20
stamina: 12
spirit: 13
sp_healing: 29
spell_crit: 1
armor: 72
 ----------------------------
 --- waist --- 
name: belt of transcendence
slot: waist
intelligence: 26
stamina: 14
spirit: 9
sp_healing: 26
shadow_res: 10
armor: 65
 ----------------------------
 --- legs --- 
name: empowered leggings
slot: legs
intelligence: 12
stamina: 12
spirit: 24
sp_healing: 77
spell_crit: 1
armor: 103
 ----------------------------
 --- feet --- 
name: boots of pure thought
slot: feet
intelligence: 12
stamina: 8
spirit: 12
sp_healing: 62
armor: 74
 ----------------------------
 --- finger --- 
name: cauterizing band
slot: finger
intelligence: 12
stamina: 9
sp_healing: 46
 ----------------------------
 --- finger --- 
name: pure elementium band
slot: finger
intelligence: 10
stamina: 9
spirit: 10
sp_healing: 53
 ----------------------------
 --- trinket --- 
name: rejuvenating gem
slot: trinket
sp_healing: 66
mp5: 9
 ----------------------------
 --- trinket --- 
name: darkmoon card: blue dragon
slot: trinket
 ----------------------------
 --- Set bonuses ---
name: darkmoon 1 transcendence 3 
slot: Set bonuses
------------------
Char stats: 
Effective hp: 7009.4
Effective mana: 12550.4
Raw max mana: 7462.6
Int: 392.2
Stam: 288.2
Spirit: 329.2
Strength: 50.2
Agility: 54.2
Mp5: 130.2
Sp: 118
Sp shadow: 0
Sp healing: 664
Spell crit: 2
Spell hit: 0
Arcane res: 27
Nature res: 37
Fire res: 57
Frost res: 37
Shadow res: 37
Armor: 2917.75
Defense: 300
Dodge: 0
Parry: 0
HpsPvp: 1054.36
ShadowDps: 229.374
Value pvp healing: 884.242
Value pvp shadow: 41.8485
------------------
Best counts:
For 60 s fights:
    casts: 13, ticks: 1, ticks_oom: 0
    Heal, rank: 2, count: 0
    Heal, rank: 4, count: 0
    Greater Heal, rank: 1, count: 6
    Greater Heal, rank: 4, count: 2
    Flash Heal, rank: 7, count: 2
    Renew, rank: 10, count: 2
    Prayer of Healing, rank: 5, count: 0
    pve info: 1
    hps: 893.387
For 120 s fights:
    casts: 20, ticks: 2, ticks_oom: 0
    Heal, rank: 2, count: 11
    Heal, rank: 4, count: 0
    Greater Heal, rank: 1, count: 2
    Greater Heal, rank: 4, count: 1
    Flash Heal, rank: 7, count: 0
    Renew, rank: 10, count: 3
    Prayer of Healing, rank: 5, count: 0
    pve info: 1
    hps: 658.003
For 180 s fights:
    casts: 19, ticks: 2, ticks_oom: 0
    Heal, rank: 2, count: 10
    Heal, rank: 4, count: 0
    Greater Heal, rank: 1, count: 0
    Greater Heal, rank: 4, count: 0
    Flash Heal, rank: 7, count: 0
    Renew, rank: 10, count: 2
    Prayer of Healing, rank: 5, count: 0
    pve info: 1
    hps: 570.405
For 240 s fights:
    casts: 20, ticks: 9, ticks_oom: 0
    Heal, rank: 2, count: 14
    Heal, rank: 4, count: 0
    Greater Heal, rank: 1, count: 0
    Greater Heal, rank: 4, count: 0
    Flash Heal, rank: 7, count: 0
    Renew, rank: 10, count: 3
    Prayer of Healing, rank: 5, count: 0
    pve info: 1
    hps: 514.403
For 300 s fights:
    casts: 19, ticks: 10, ticks_oom: 0
    Heal, rank: 2, count: 37
    Heal, rank: 4, count: 0
    Greater Heal, rank: 1, count: 1
    Greater Heal, rank: 4, count: 0
    Flash Heal, rank: 7, count: 0
    Renew, rank: 10, count: 9
    Prayer of Healing, rank: 5, count: 0
    pve info: 1
    hps: 483.196
For 360 s fights:
    casts: 19, ticks: 8, ticks_oom: 0
    Heal, rank: 2, count: 34
    Heal, rank: 4, count: 1
    Greater Heal, rank: 1, count: 2
    Greater Heal, rank: 4, count: 0
    Flash Heal, rank: 7, count: 0
    Renew, rank: 10, count: 3
    Prayer of Healing, rank: 5, count: 0
    pve info: 1
    hps: 462.495
------------------
Current relative stat values for matching or exceeding +50 pts of sp
int: 43.5809
spi: 38.2604
sta: 0
agi: 0
mp5: 128.516
sp: 100
sp_shadow: 0
sp_healing: 100
spell crit: 291.865
spell hit: 0
arcane res: 0
nature res: 0
fire res: 0
frost res: 0
shadow res: 0
armor: 0
defense: 0
dodge: 0
parry: 0
------------------
Diffs to start: 
Upgrades: 
(0) -> lok'amir il romathis(48.5168) : 48.5168 = +8.81517%
briarwood reed(9.42572) -> rejuvenating gem(34.493) : 25.0673 = +4.36843%
(0) -> lei of the lifegiver(22.0054) : 22.0054 = +3.81448%
magister's robes(24.5296) -> robes of transcendence(43.7696) : 19.24 = +3.31921%
dragonrider boots(21.2404) -> boots of pure thought(38.0109) : 16.7705 = +2.88091%
rosewine circle(16.3082) -> pure elementium band(31.6477) : 15.3395 = +2.62863%
burial shawl(17.9793) -> pauldrons of transcendence(32.8329) : 14.8536 = +2.54325%
royal seal of eldre'thalas(13.66) -> darkmoon card: blue dragon(27.9666) : 14.3066 = +2.4473%
sublime wristguards(18.4681) -> bindings of transcendence(32.0405) : 13.5724 = +2.3188%
shadowy laced handwraps(22.6201) -> handguards of transcendence(33.553) : 10.933 = +1.85947%
padre's trousers(40.396) -> empowered leggings(48.8535) : 8.45746 = +1.43241%
fordring's seal(18.1476) -> cauterizing band(25.428) : 7.28046 = +1.23061%
dragon finger of intellect(6.15881) -> essence gatherer(13.3442) : 7.18536 = +1.21434%
hide of the wild(25.1411) -> shroud of pure thought(31.0053) : 5.8642 = +0.988852%
animated chain necklace(11.6044) -> choker of the fire lord(15.5809) : 3.9765 = +0.668411%
girdle of prophecy(27.0896) -> belt of transcendence(30.2189) : 3.12933 = +0.525262%
halo of transcendence(41.7303) -> halo of transcendence(41.7303) : 0 = +0%
benediction(48.7419) -> (0) : -48.7419 = +-7.52611%
- - - - - - - - - - - - - - - - - - - - - - - - - - - - - - - - -
| Upgrades at best in slot level, from start item to candidate: |
. . . . . . . . . . . . . . . . . . . . . . . . . . . . . . . . .
- . - ' - . - ' - . - ' - . - ' - . - ' - . -
head, halo of transcendence (42.1918) -> :
- . - ' - . - ' - . - ' - . - ' - . - ' - . -
neck, animated chain necklace (12.0568) -> :
    choker of the fire lord (14.6182) : +0.427799 %, from: mc
- . - ' - . - ' - . - ' - . - ' - . - ' - . -
shoulders, burial shawl (19.2011) -> :
    pauldrons of transcendence (33.2404) : +2.3907 %, from: bwl
    mantle of prophecy (25.0112) : +0.989381 %, from: mc
    mantle of the blackwing cabal (22.4224) : +0.548534 %, from: bwl
    devout mantle (22.0727) : +0.48899 %, from: pre-raid
    soulstealer mantle (21.6054) : +0.409418 %, from: pre-raid
    magister's mantle (20.7791) : +0.268701 %, from: pre-raid
- . - ' - . - ' - . - ' - . - ' - . - ' - . -
back, hide of the wild (28.6132) -> :
    shroud of pure thought (32.4356) : +0.639768 %, from: bwl
- . - ' - . - ' - . - ' - . - ' - . - ' - . -
chest, magister's robes (24.5192) -> :
    robes of transcendence (43.9446) : +3.33849 %, from: bwl
    robes of prophecy (32.6895) : +1.40416 %, from: mc
    truefaith vestments (29.6179) : +0.876283 %, from: tailoring bop
    robes of the exalted (26.4213) : +0.326899 %, from: pre-raid
- . - ' - . - ' - . - ' - . - ' - . - ' - . -
wrists, sublime wristguards (19.3763) -> :
    bindings of transcendence (31.6274) : +2.07987 %, from: bwl
    vambraces of prophecy (29.2634) : +1.67853 %, from: mc
    flarecore wraps (22.1711) : +0.47447 %, from: tailoring boe
    bracers of arcane accuracy (22.0223) : +0.449208 %, from: bwl
- . - ' - . - ' - . - ' - . - ' - . - ' - . -
two-hand, benediction (46.8823) -> :
    lok'amir il romathis and lei of the lifegiver (52.7855) : +0.910759 %, from: bwl, av rep
- . - ' - . - ' - . - ' - . - ' - . - ' - . -
ranged, dragon finger of intellect (8.86346) -> :
    essence gatherer (14.3586) : +0.922332 %, from: bwl
    dragon's touch (12.908) : +0.678854 %, from: bwl
    bonecreeper stylus (11.447) : +0.433634 %, from: pre-raid
    oblivion's touch (10.6783) : +0.304616 %, from: pre-raid
    crimson shocker (9.29559) : +0.0725302 %, from: mc
    lunar wand of the owl (9.00818) : +0.0242894 %, from: random green
    lunar wand of intellect (8.94379) : +0.0134816 %, from: random green
- . - ' - . - ' - . - ' - . - ' - . - ' - . -
hands, shadowy laced handwraps (21.7354) -> :
    handguards of transcendence (32.7289) : +1.86237 %, from: bwl
    gloves of prophecy (30.6707) : +1.5137 %, from: mc
    hands of the exalted herald (26.082) : +0.736348 %, from: pre-raid
    gloves of rapid evolution (23.262) : +0.258609 %, from: bwl
    atal'ai gloves of the owl (21.7934) : +0.0098228 %, from: pre-raid
- . - ' - . - ' - . - ' - . - ' - . - ' - . -
waist, girdle of prophecy (28.3835) -> :
    belt of transcendence (32.392) : +0.671124 %, from: bwl
- . - ' - . - ' - . - ' - . - ' - . - ' - . -
legs, padre's trousers (37.7095) -> :
    empowered leggings (48.4005) : +1.8102 %, from: bwl
    leggings of transcendence (42.2389) : +0.766913 %, from: mc
- . - ' - . - ' - . - ' - . - ' - . - ' - . -
feet, dragonrider boots (21.5905) -> :
    boots of pure thought (39.0112) : +2.98368 %, from: bwl
    boots of transcendence (32.0921) : +1.79863 %, from: bwl
    boots of the full moon (26.6668) : +0.869427 %, from: pre-raid
    boots of prophecy (26.3466) : +0.814577 %, from: mc
    shimmering geta (23.6187) : +0.347363 %, from: bwl
    wolfrunner shoes (22.3716) : +0.133785 %, from: pre-raid
- . - ' - . - ' - . - ' - . - ' - . - ' - . -
finger, fordring's seal (18.5122) -> :
    pure elementium band (28.3737) : +1.65745 %, from: bwl
    cauterizing band (24.8218) : +1.06048 %, from: mc
- . - ' - . - ' - . - ' - . - ' - . - ' - . -
finger 2, rosewine circle (16.5735) -> :
    pure elementium band (30.7299) : +2.41111 %, from: bwl
    cauterizing band (25.2847) : +1.48368 %, from: mc
    ring of blackrock (20.7833) : +0.716998 %, from: bwl
    fordring's seal (19.7615) : +0.542977 %, from: pre-raid
    band of forced concentration (16.9777) : +0.0688286 %, from: bwl
- . - ' - . - ' - . - ' - . - ' - . - ' - . -
trinket, briarwood reed (9.46863) -> :
    royal seal of eldre'thalas (17.0256) : +1.30977 %, from: pre-raid
    shard of the scale (15.6311) : +1.06808 %, from: onyxia
    mindtap talisman (13.044) : +0.619682 %, from: pre-raid
- . - ' - . - ' - . - ' - . - ' - . - ' - . -
trinket 2, royal seal of eldre'thalas (16.8845) -> :
    rejuvenating gem (37.1771) : +3.45239 %, from: bwl
    darkmoon card: blue dragon (30.3893) : +2.29759 %, from: 
    shard of the scale (26.5585) : +1.64585 %, from: onyxia
    mindtap talisman (17.0268) : +0.024205 %, from: pre-raid
------------------
- - - - - - - - - - - - - - - - - - - - - - - - - - - - - -
| Upgrades at start level, from start item to candidate:  |
. . . . . . . . . . . . . . . . . . . . . . . . . . . . . .
- . - ' - . - ' - . - ' - . - ' - . - ' - . -
head, halo of transcendence (34.4462) -> :
- . - ' - . - ' - . - ' - . - ' - . - ' - . -
neck, animated chain necklace (10.5974) -> :
    choker of the fire lord (12.0463) : +0.318822 %, from: mc
- . - ' - . - ' - . - ' - . - ' - . - ' - . -
shoulders, burial shawl (16.8268) -> :
    pauldrons of transcendence (22.3777) : +1.22144 %, from: bwl
    mantle of the blackwing cabal (20.3575) : +0.776889 %, from: bwl
    mantle of prophecy (17.155) : +0.0722214 %, from: mc
- . - ' - . - ' - . - ' - . - ' - . - ' - . -
back, hide of the wild (17.7254) -> :
    shroud of pure thought (18.907) : +0.259997 %, from: bwl
- . - ' - . - ' - . - ' - . - ' - . - ' - . -
chest, magister's robes (20.8257) -> :
    robes of transcendence (34.8458) : +3.08503 %, from: bwl
    robes of prophecy (26.1896) : +1.18029 %, from: mc
    truefaith vestments (23.9032) : +0.677182 %, from: tailoring bop
    robes of the exalted (22.0893) : +0.278061 %, from: pre-raid
- . - ' - . - ' - . - ' - . - ' - . - ' - . -
wrists, sublime wristguards (13.9713) -> :
    bindings of transcendence (21.1705) : +1.58414 %, from: bwl
    vambraces of prophecy (19.7123) : +1.26327 %, from: mc
    bracers of arcane accuracy (15.002) : +0.226797 %, from: bwl
    flarecore wraps (14.3756) : +0.088969 %, from: tailoring boe
- . - ' - . - ' - . - ' - . - ' - . - ' - . -
two-hand, benediction (48.4181) -> :
- . - ' - . - ' - . - ' - . - ' - . - ' - . -
ranged, dragon finger of intellect (6.5831) -> :
    dragon's touch (9.22028) : +0.580289 %, from: bwl
    essence gatherer (9.03958) : +0.540529 %, from: bwl
    oblivion's touch (7.46506) : +0.194068 %, from: pre-raid
    crimson shocker (7.1571) : +0.126305 %, from: mc
    lunar wand of intellect (6.76086) : +0.0391157 %, from: random green
    lunar wand of the owl (6.68643) : +0.0227375 %, from: random green
    bonecreeper stylus (6.59665) : +0.00298152 %, from: pre-raid
- . - ' - . - ' - . - ' - . - ' - . - ' - . -
hands, shadowy laced handwraps (16.0828) -> :
    handguards of transcendence (24.2878) : +1.80545 %, from: bwl
    gloves of prophecy (23.0886) : +1.54156 %, from: mc
    hands of the exalted herald (19.8707) : +0.833484 %, from: pre-raid
    gloves of rapid evolution (16.3167) : +0.0514649 %, from: bwl
- . - ' - . - ' - . - ' - . - ' - . - ' - . -
waist, girdle of prophecy (22.044) -> :
    belt of transcendence (22.5381) : +0.108718 %, from: bwl
- . - ' - . - ' - . - ' - . - ' - . - ' - . -
legs, padre's trousers (29.2448) -> :
    leggings of transcendence (33.5673) : +0.95112 %, from: mc
    empowered leggings (31.4536) : +0.486022 %, from: bwl
- . - ' - . - ' - . - ' - . - ' - . - ' - . -
feet, dragonrider boots (16.3354) -> :
    boots of pure thought (27.5069) : +2.45821 %, from: bwl
    boots of transcendence (22.9377) : +1.4528 %, from: bwl
    boots of prophecy (18.8036) : +0.543101 %, from: mc
    shimmering geta (18.2359) : +0.418199 %, from: bwl
    boots of the full moon (18.1698) : +0.403647 %, from: pre-raid
- . - ' - . - ' - . - ' - . - ' - . - ' - . -
finger, fordring's seal (12.8144) -> :
    pure elementium band (19.4105) : +1.45143 %, from: bwl
    cauterizing band (17.0683) : +0.936044 %, from: mc
- . - ' - . - ' - . - ' - . - ' - . - ' - . -
finger 2, rosewine circle (14.4537) -> :
    pure elementium band (21.8316) : +1.62345 %, from: bwl
    cauterizing band (18.1922) : +0.822612 %, from: mc
- . - ' - . - ' - . - ' - . - ' - . - ' - . -
trinket, briarwood reed (7.3132) -> :
    rejuvenating gem (21.4939) : +3.12034 %, from: bwl
    neltharion's tear (11.0958) : +0.832329 %, from: bwl
    royal seal of eldre'thalas (10.5351) : +0.708952 %, from: pre-raid
    shard of the scale (8.44858) : +0.24983 %, from: onyxia
- . - ' - . - ' - . - ' - . - ' - . - ' - . -
trinket 2, royal seal of eldre'thalas (12.8742) -> :
    rejuvenating gem (23.9048) : +2.4272 %, from: bwl
-- Stat values at start item level: --
Current relative stat values for matching or exceeding +50 pts of sp
int: 193.974
spi: 93.7131
sta: 0
agi: 0
mp5: 387.192
sp: 136.472
sp_shadow: 0
sp_healing: 136.472
spell crit: 338.75
spell hit: 0
arcane res: 0
nature res: 0
fire res: 0
frost res: 0
shadow res: 0
armor: 0
defense: 0
dodge: 0
parry: 0
------------------
Best value: 598.895
