Your call: ./css 5 ../items/more_raid.csv -b 0.9 -r 0.3 
Found: -b, val: 0.9
./css 5 ../items/more_raid.csv -r 0.3 
Found: -r, val: 0.3
./css 5 ../items/more_raid.csv 
Shuffle seed: 3398900937
Reading tmp locked from: start_with.txt
Locking: anastari heirloom
Locking: animated chain necklace
Locking: argent crusader
Locking: atal'ai gloves of the owl
Locking: banshee finger
Locking: blood of the martyr
Locking: briarwood reed
Locking: burial shawl
Locking: crimson felt hat
Locking: cyclopean band
Locking: devout belt
Locking: devout bracers
Locking: devout crown
Locking: devout mantle
Locking: devout robe
Locking: devout sandals
Locking: devout skirt
Locking: dragon finger of intellect
Locking: dragonslayer's signet
Locking: drakefire amulet
Locking: dreadmist mantle
Locking: dreamweave circlet
Locking: dreamweave gloves
Locking: dreamweave vest
Locking: eye of the beast
Locking: fordring's seal
Locking: grimgore noose
Locking: halo of transcendence
Locking: heart of the fiend
Locking: hide of the wild
Locking: kentic amice
Locking: magister's robes
Locking: maleki's footwraps
Locking: nature's breath
Locking: necropile boots
Locking: necropile cuffs
Locking: necropile mantle
Locking: noxious shooter
Locking: omnicast boots
Locking: orb of the forgotten seer
Locking: padre's trousers
Locking: penelope's rose
Locking: quel'dorai channeling rod
Locking: raincaster drape
Locking: rainstrider leggings
Locking: ring of demonic guile
Locking: ring of demonic guile
Locking: robes of the royal crown
Locking: rod of corrosion
Locking: rosewine circle
Locking: royal seal of eldre'thalas
Locking: royal tribunal cloak
Locking: sarah's guide
Locking: seal of rivendare
Locking: seal of rivendare
Locking: shadowy laced handwraps
Locking: silkweb gloves
Locking: soulstealer mantle
Locking: spellbound tome
Locking: spritecaster cape
Locking: starfire tiara
Locking: the hammer of grace
Locking: the postmaster's treads
Locking: thuzadin sash
Locking: triune amulet
Locking: vinerot sandals
Locking: wolfshear leggings
Locking: pants of prophecy
Locking: clutch of andros
Locking: star of mystaria
Locking: dragonrider boots
Locking: anathema
Locking: benediction
Locking: girdle of prophecy
Locking: dragon finger of healings
Locking: whipvine cord
Locking: necropile leggings
Locking: necropile robe
Locking: sublime wristguards
Optimizing start items...
[Perf] spent in FindBestPveHealingCounts: 0.0108024 s, that's: 100.002 % of total.

*** NEW BEST (1): 240.915

*** NEW BEST (1): 251.365

*** NEW BEST (1): 291.957

*** NEW BEST (1): 302.767

*** NEW BEST (1): 314.569

*** NEW BEST (1): 330.053

*** NEW BEST (1): 337.806

*** NEW BEST (1): 362.227

*** NEW BEST (1): 390.106

*** NEW BEST (1): 398.82

*** NEW BEST (1): 403.661

*** NEW BEST (1): 411.109

*** NEW BEST (1): 424.51

*** NEW BEST (1): 437.172

*** NEW BEST (1): 450.52

*** NEW BEST (1): 462.623
**
*** NEW BEST (1): 464.629
***
Read starting items and cleared locks.
 ----------------------------
 --- head --- 
name: halo of transcendence
slot: head
intelligence: 27
stamina: 17
spirit: 22
sp_healing: 48
fire_res: 10
frost_res: 10
armor: 94
 ----------------------------
 --- neck --- 
name: animated chain necklace
slot: neck
stamina: 7
spirit: 6
sp_healing: 33
 ----------------------------
 --- shoulders --- 
name: burial shawl
slot: shoulders
intelligence: 16
sp: 20
armor: 65
 ----------------------------
 --- back --- 
name: hide of the wild
slot: back
intelligence: 10
stamina: 8
sp_healing: 42
armor: 48
 ----------------------------
 --- chest --- 
name: magister's robes
slot: chest
intelligence: 31
stamina: 9
spirit: 8
armor: 89
 ----------------------------
 --- wrists --- 
name: sublime wristguards
slot: wrists
intelligence: 10
stamina: 6
spirit: 6
sp: 12
armor: 37
 ----------------------------
 --- two-hand --- 
name: benediction
slot: two-hand
intelligence: 31
stamina: 10
spirit: 12
sp_healing: 106
spell_crit: 2
shadow_res: 20
 ----------------------------
 ---  --- 
name: 
slot: 
 ----------------------------
 ---  --- 
name: 
slot: 
 ----------------------------
 ---  --- 
name: 
slot: 
 ----------------------------
 --- ranged --- 
name: dragon finger of intellect
slot: ranged
intelligence: 8
 ----------------------------
 --- hands --- 
name: shadowy laced handwraps
slot: hands
intelligence: 15
mp5: 5
shadow_res: 12
armor: 53
 ----------------------------
 --- waist --- 
name: girdle of prophecy
slot: waist
intelligence: 22
stamina: 10
spirit: 10
sp: 9
mp5: 4
fire_res: 7
armor: 57
 ----------------------------
 --- legs --- 
name: padre's trousers
slot: legs
intelligence: 20
sp_healing: 42
mp5: 6
armor: 76
 ----------------------------
 --- feet --- 
name: dragonrider boots
slot: feet
intelligence: 16
stamina: 5
sp_healing: 18
armor: 61
 ----------------------------
 --- finger --- 
name: rosewine circle
slot: finger
sp_healing: 29
mp5: 5
 ----------------------------
 --- finger --- 
name: fordring's seal
slot: finger
intelligence: 5
stamina: 4
sp_healing: 37
 ----------------------------
 --- trinket --- 
name: briarwood reed
slot: trinket
sp: 29
 ----------------------------
 --- trinket --- 
name: royal seal of eldre'thalas
slot: trinket
sp_healing: 33
mp5: 4
 ----------------------------
 --- Set bonuses ---
name: 
slot: Set bonuses
 --- And counts for start items ---
For 60 s fights:
    casts: 18, ticks: 2, ticks_oom: 0
    Heal, rank: 2, count: 1
    Heal, rank: 4, count: 2
    Greater Heal, rank: 1, count: 8
    Greater Heal, rank: 4, count: 3
    Flash Heal, rank: 7, count: 0
    Renew, rank: 10, count: 2
    Prayer of Healing, rank: 5, count: 0
    pve info: 1
    hps: 755.424
For 120 s fights:
    casts: 13, ticks: 6, ticks_oom: 0
    Heal, rank: 2, count: 3
    Heal, rank: 4, count: 0
    Greater Heal, rank: 1, count: 2
    Greater Heal, rank: 4, count: 1
    Flash Heal, rank: 7, count: 0
    Renew, rank: 10, count: 0
    Prayer of Healing, rank: 5, count: 0
    pve info: 1
    hps: 508.176
For 180 s fights:
    casts: 15, ticks: 8, ticks_oom: 0
    Heal, rank: 2, count: 5
    Heal, rank: 4, count: 0
    Greater Heal, rank: 1, count: 0
    Greater Heal, rank: 4, count: 1
    Flash Heal, rank: 7, count: 0
    Renew, rank: 10, count: 1
    Prayer of Healing, rank: 5, count: 0
    pve info: 1
    hps: 431.316
For 240 s fights:
    casts: 10, ticks: 9, ticks_oom: 0
    Heal, rank: 2, count: 2
    Heal, rank: 4, count: 0
    Greater Heal, rank: 1, count: 4
    Greater Heal, rank: 4, count: 0
    Flash Heal, rank: 7, count: 0
    Renew, rank: 10, count: 0
    Prayer of Healing, rank: 5, count: 0
    pve info: 0.998333
    hps: 384.122
For 300 s fights:
    casts: 14, ticks: 9, ticks_oom: 0
    Heal, rank: 2, count: 3
    Heal, rank: 4, count: 0
    Greater Heal, rank: 1, count: 1
    Greater Heal, rank: 4, count: 0
    Flash Heal, rank: 7, count: 0
    Renew, rank: 10, count: 0
    Prayer of Healing, rank: 5, count: 0
    pve info: 1
    hps: 361.011
For 360 s fights:
    casts: 11, ticks: 10, ticks_oom: 0
    Heal, rank: 2, count: 11
    Heal, rank: 4, count: 0
    Greater Heal, rank: 1, count: 9
    Greater Heal, rank: 4, count: 0
    Flash Heal, rank: 7, count: 0
    Renew, rank: 10, count: 1
    Prayer of Healing, rank: 5, count: 0
    pve info: 0.984211
    hps: 337.495
.
*** NEW BEST (1): 472.715

*** NEW BEST (1): 475.496

*** NEW BEST (1): 479.667

*** NEW BEST (1): 486.548

*** NEW BEST (1): 488.833

*** NEW BEST (1): 503.09

*** NEW BEST (1): 504.046

*** NEW BEST (1): 540.886

*** NEW BEST (1): 550.459

*** NEW BEST (1): 559.58

*** NEW BEST (1): 564.043

*** NEW BEST (1): 579.404

*** NEW BEST (1): 584.192

*** NEW BEST (1): 594.703

*** NEW BEST (1): 599.132
.....
*** NEW BEST (1): 601.964
.
*** NEW BEST (1): 605.494
...
*** NEW BEST (1): 608.558
................Temporary bans and partial set bonuses off.
.head : mish'undare circlet of mind flayer -> halo of transcendence => val: 596.862 -> 600.605
shoulders : pauldrons of transcendence -> mantle of the blackwing cabal => val: 600.605 -> 600.822
.two-hand : benediction    ->   lok'amir il romathis lei of the lifegiver => val: 600.822 -> 604.509

*** NEW BEST (0): 605.674
Current relative stat values for matching or exceeding +50 pts of sp
int: 52.8515
spi: 26.5461
sta: 0
agi: 0
mp5: 123.511
sp: 100
sp_shadow: 0
sp_healing: 100
spell crit: 316.366
spell hit: 0
arcane res: 0
nature res: 0
fire res: 0
frost res: 0
shadow res: 0
armor: 0
defense: 0
dodge: 0
parry: 0
***** INTERMEDIATE RESULTS *****
Iteration: 28
 ----------------------------
 --- head --- 
name: halo of transcendence
slot: head
intelligence: 27
stamina: 17
spirit: 22
sp_healing: 48
fire_res: 10
frost_res: 10
armor: 94
 ----------------------------
 --- neck --- 
name: choker of the fire lord
slot: neck
intelligence: 7
stamina: 7
sp: 34
 ----------------------------
 --- shoulders --- 
name: mantle of the blackwing cabal
slot: shoulders
intelligence: 16
stamina: 12
sp: 34
armor: 84
 ----------------------------
 --- back --- 
name: shroud of pure thought
slot: back
intelligence: 11
stamina: 10
sp_healing: 33
mp5: 6
armor: 57
 ----------------------------
 --- chest --- 
name: robes of transcendence
slot: chest
intelligence: 27
stamina: 17
spirit: 16
sp_healing: 57
nature_res: 10
fire_res: 10
armor: 116
 ----------------------------
 --- wrists --- 
name: bindings of transcendence
slot: wrists
intelligence: 13
stamina: 9
spirit: 16
sp_healing: 33
armor: 51
 ----------------------------
 ---  --- 
name: 
slot: 
 ----------------------------
 --- main hand --- 
name: lok'amir il romathis
slot: main hand
intelligence: 18
stamina: 10
spirit: 8
sp: 84
 ----------------------------
 ---  --- 
name: 
slot: 
 ----------------------------
 --- off hand --- 
name: lei of the lifegiver
slot: off hand
sp_healing: 53
mp5: 3
 ----------------------------
 --- ranged --- 
name: lunar wand of healing
slot: ranged
sp_healing: 20
 ----------------------------
 --- hands --- 
name: handguards of transcendence
slot: hands
intelligence: 20
stamina: 12
spirit: 13
sp_healing: 29
spell_crit: 1
armor: 72
 ----------------------------
 --- waist --- 
name: firemaw's clutch
slot: waist
intelligence: 12
stamina: 12
sp: 35
mp5: 5
armor: 64
 ----------------------------
 --- legs --- 
name: empowered leggings
slot: legs
intelligence: 12
stamina: 12
spirit: 24
sp_healing: 77
spell_crit: 1
armor: 103
 ----------------------------
 --- feet --- 
name: boots of pure thought
slot: feet
intelligence: 12
stamina: 8
spirit: 12
sp_healing: 62
armor: 74
 ----------------------------
 --- finger --- 
name: pure elementium band
slot: finger
intelligence: 10
stamina: 9
spirit: 10
sp_healing: 53
 ----------------------------
 --- finger --- 
name: cauterizing band
slot: finger
intelligence: 12
stamina: 9
sp_healing: 46
 ----------------------------
 --- trinket --- 
name: royal seal of eldre'thalas
slot: trinket
sp_healing: 33
mp5: 4
 ----------------------------
 --- trinket --- 
name: rejuvenating gem
slot: trinket
sp_healing: 66
mp5: 9
 ----------------------------
 --- Set bonuses ---
name: transcendence 3 
slot: Set bonuses
------------------
Best value: 605.674
------------------
Char stats: 
Effective hp: 6953.4
Effective mana: 12304.3
Raw max mana: 7012.6
Int: 362.2
Stam: 281.2
Spirit: 307.2
Strength: 50.2
Agility: 54.2
Mp5: 147.6
Sp: 187
Sp shadow: 0
Sp healing: 665
Spell crit: 2
Spell hit: 0
Arcane res: 27
Nature res: 37
Fire res: 47
Frost res: 37
Shadow res: 27
Armor: 2913.75
Defense: 300
Dodge: 0
Parry: 0
HpsPvp: 1077.37
ShadowDps: 243.151
Value pvp healing: 876.485
Value pvp shadow: 44.6442
------------------
Best counts:
For 60 s fights:
    casts: 12, ticks: 1, ticks_oom: 0
    Heal, rank: 2, count: 1
    Heal, rank: 4, count: 1
    Greater Heal, rank: 1, count: 9
    Greater Heal, rank: 4, count: 3
    Flash Heal, rank: 7, count: 0
    Renew, rank: 10, count: 3
    Prayer of Healing, rank: 5, count: 0
    pve info: 1
    hps: 897.597
For 120 s fights:
    casts: 16, ticks: 3, ticks_oom: 0
    Heal, rank: 2, count: 7
    Heal, rank: 4, count: 0
    Greater Heal, rank: 1, count: 0
    Greater Heal, rank: 4, count: 1
    Flash Heal, rank: 7, count: 0
    Renew, rank: 10, count: 2
    Prayer of Healing, rank: 5, count: 0
    pve info: 1
    hps: 661.738
For 180 s fights:
    casts: 18, ticks: 1, ticks_oom: 0
    Heal, rank: 2, count: 10
    Heal, rank: 4, count: 0
    Greater Heal, rank: 1, count: 0
    Greater Heal, rank: 4, count: 0
    Flash Heal, rank: 7, count: 0
    Renew, rank: 10, count: 1
    Prayer of Healing, rank: 5, count: 0
    pve info: 1
    hps: 573.865
For 240 s fights:
    casts: 20, ticks: 7, ticks_oom: 0
    Heal, rank: 2, count: 13
    Heal, rank: 4, count: 0
    Greater Heal, rank: 1, count: 0
    Greater Heal, rank: 4, count: 0
    Flash Heal, rank: 7, count: 0
    Renew, rank: 10, count: 1
    Prayer of Healing, rank: 5, count: 0
    pve info: 1
    hps: 522.409
For 300 s fights:
    casts: 19, ticks: 9, ticks_oom: 0
    Heal, rank: 2, count: 6
    Heal, rank: 4, count: 0
    Greater Heal, rank: 1, count: 0
    Greater Heal, rank: 4, count: 0
    Flash Heal, rank: 7, count: 0
    Renew, rank: 10, count: 1
    Prayer of Healing, rank: 5, count: 0
    pve info: 1
    hps: 493.88
For 360 s fights:
    casts: 18, ticks: 10, ticks_oom: 0
    Heal, rank: 2, count: 12
    Heal, rank: 4, count: 0
    Greater Heal, rank: 1, count: 6
    Greater Heal, rank: 4, count: 0
    Flash Heal, rank: 7, count: 0
    Renew, rank: 10, count: 0
    Prayer of Healing, rank: 5, count: 0
    pve info: 1
    hps: 460.302
------------------
Upgrades: 
(0) -> lok'amir il romathis(42.8855) : 42.8855 = +7.62018%
briarwood reed(9.31836) -> rejuvenating gem(33.4481) : 24.1298 = +4.14925%
(0) -> lei of the lifegiver(21.5895) : 21.5895 = +3.6963%
magister's robes(23.6263) -> robes of transcendence(42.3347) : 18.7084 = +3.18731%
dragonrider boots(19.9712) -> boots of pure thought(35.2947) : 15.3235 = +2.59567%
sublime wristguards(14.3281) -> bindings of transcendence(26.5349) : 12.2068 = +2.05686%
padre's trousers(32.1464) -> empowered leggings(43.2969) : 11.1505 = +1.87554%
shadowy laced handwraps(18.8965) -> handguards of transcendence(29.6414) : 10.7448 = +1.80607%
rosewine circle(20.2981) -> pure elementium band(30.2463) : 9.94818 = +1.66993%
fordring's seal(19.1789) -> cauterizing band(26.4888) : 7.30994 = +1.22165%
girdle of prophecy(22.2184) -> firemaw's clutch(28.6556) : 6.43719 = +1.07423%
hide of the wild(22.1725) -> shroud of pure thought(28.1243) : 5.95178 = +0.992423%
dragon finger of intellect(1.29041) -> lunar wand of healing(6.56848) : 5.27808 = +0.879099%
burial shawl(19.5713) -> mantle of the blackwing cabal(24.1689) : 4.59766 = +0.764904%
animated chain necklace(13.012) -> choker of the fire lord(15.4382) : 2.42615 = +0.402181%
halo of transcendence(40.5323) -> halo of transcendence(40.5323) : 0 = +0%
royal seal of eldre'thalas(15.8525) -> royal seal of eldre'thalas(15.8525) : 0 = +0%
benediction(44.0594) -> (0) : -44.0594 = +-6.78116%
------------------
~~~~ end of intermediate results ~~~~
Temporary bans and partial set bonuses on.
.
*** NEW BEST (1): 608.466
Current relative stat values for matching or exceeding +50 pts of sp
int: 51.1003
spi: 24.2041
sta: 0
agi: 0
mp5: 112.597
sp: 100
sp_shadow: 0
sp_healing: 100
spell crit: 311.387
spell hit: 0
arcane res: 0
nature res: 0
fire res: 0
frost res: 0
shadow res: 0
armor: 0
defense: 0
dodge: 0
parry: 0
.....Temporary bans and partial set bonuses off.
.head : mish'undare circlet of mind flayer -> halo of transcendence => val: 603.104 -> 608.352
.
*** NEW BEST (0): 608.786
Current relative stat values for matching or exceeding +50 pts of sp
int: 51.2348
spi: 25.0758
sta: 0
agi: 0
mp5: 113.066
sp: 100
sp_shadow: 0
sp_healing: 100
spell crit: 308.024
spell hit: 0
arcane res: 0
nature res: 0
fire res: 0
frost res: 0
shadow res: 0
armor: 0
defense: 0
dodge: 0
parry: 0
***** INTERMEDIATE RESULTS *****
Iteration: 36
 ----------------------------
 --- head --- 
name: halo of transcendence
slot: head
intelligence: 27
stamina: 17
spirit: 22
sp_healing: 48
fire_res: 10
frost_res: 10
armor: 94
 ----------------------------
 --- neck --- 
name: choker of the fire lord
slot: neck
intelligence: 7
stamina: 7
sp: 34
 ----------------------------
 --- shoulders --- 
name: pauldrons of transcendence
slot: shoulders
intelligence: 25
stamina: 12
spirit: 13
sp_healing: 26
fire_res: 10
armor: 87
 ----------------------------
 --- back --- 
name: shroud of pure thought
slot: back
intelligence: 11
stamina: 10
sp_healing: 33
mp5: 6
armor: 57
 ----------------------------
 --- chest --- 
name: robes of transcendence
slot: chest
intelligence: 27
stamina: 17
spirit: 16
sp_healing: 57
nature_res: 10
fire_res: 10
armor: 116
 ----------------------------
 --- wrists --- 
name: bindings of transcendence
slot: wrists
intelligence: 13
stamina: 9
spirit: 16
sp_healing: 33
armor: 51
 ----------------------------
 ---  --- 
name: 
slot: 
 ----------------------------
 --- main hand --- 
name: lok'amir il romathis
slot: main hand
intelligence: 18
stamina: 10
spirit: 8
sp: 84
 ----------------------------
 ---  --- 
name: 
slot: 
 ----------------------------
 --- off hand --- 
name: lei of the lifegiver
slot: off hand
sp_healing: 53
mp5: 3
 ----------------------------
 --- ranged --- 
name: lunar wand of healing
slot: ranged
sp_healing: 20
 ----------------------------
 --- hands --- 
name: handguards of transcendence
slot: hands
intelligence: 20
stamina: 12
spirit: 13
sp_healing: 29
spell_crit: 1
armor: 72
 ----------------------------
 --- waist --- 
name: firemaw's clutch
slot: waist
intelligence: 12
stamina: 12
sp: 35
mp5: 5
armor: 64
 ----------------------------
 --- legs --- 
name: empowered leggings
slot: legs
intelligence: 12
stamina: 12
spirit: 24
sp_healing: 77
spell_crit: 1
armor: 103
 ----------------------------
 --- feet --- 
name: boots of pure thought
slot: feet
intelligence: 12
stamina: 8
spirit: 12
sp_healing: 62
armor: 74
 ----------------------------
 --- finger --- 
name: pure elementium band
slot: finger
intelligence: 10
stamina: 9
spirit: 10
sp_healing: 53
 ----------------------------
 --- finger --- 
name: cauterizing band
slot: finger
intelligence: 12
stamina: 9
sp_healing: 46
 ----------------------------
 --- trinket --- 
name: royal seal of eldre'thalas
slot: trinket
sp_healing: 33
mp5: 4
 ----------------------------
 --- trinket --- 
name: rejuvenating gem
slot: trinket
sp_healing: 66
mp5: 9
 ----------------------------
 --- Set bonuses ---
name: transcendence 3 
slot: Set bonuses
------------------
Best value: 608.786
------------------
Char stats: 
Effective hp: 6951.8
Effective mana: 12524.4
Raw max mana: 7147.6
Int: 371.2
Stam: 281.2
Spirit: 320.2
Strength: 50.2
Agility: 54.2
Mp5: 147.6
Sp: 153
Sp shadow: 0
Sp healing: 691
Spell crit: 2
Spell hit: 0
Arcane res: 27
Nature res: 37
Fire res: 57
Frost res: 37
Shadow res: 27
Armor: 2916.75
Defense: 300
Dodge: 0
Parry: 0
HpsPvp: 1074.93
ShadowDps: 236.424
Value pvp healing: 893.309
Value pvp shadow: 43.2142
------------------
Best counts:
For 60 s fights:
    casts: 12, ticks: 1, ticks_oom: 0
    Heal, rank: 2, count: 1
    Heal, rank: 4, count: 1
    Greater Heal, rank: 1, count: 9
    Greater Heal, rank: 4, count: 3
    Flash Heal, rank: 7, count: 0
    Renew, rank: 10, count: 3
    Prayer of Healing, rank: 5, count: 0
    pve info: 1
    hps: 894.903
For 120 s fights:
    casts: 16, ticks: 3, ticks_oom: 0
    Heal, rank: 2, count: 7
    Heal, rank: 4, count: 0
    Greater Heal, rank: 1, count: 0
    Greater Heal, rank: 4, count: 1
    Flash Heal, rank: 7, count: 0
    Renew, rank: 10, count: 2
    Prayer of Healing, rank: 5, count: 0
    pve info: 1
    hps: 664.093
For 180 s fights:
    casts: 18, ticks: 1, ticks_oom: 0
    Heal, rank: 2, count: 9
    Heal, rank: 4, count: 0
    Greater Heal, rank: 1, count: 0
    Greater Heal, rank: 4, count: 0
    Flash Heal, rank: 7, count: 0
    Renew, rank: 10, count: 1
    Prayer of Healing, rank: 5, count: 0
    pve info: 1
    hps: 578.39
For 240 s fights:
    casts: 19, ticks: 10, ticks_oom: 0
    Heal, rank: 2, count: 16
    Heal, rank: 4, count: 0
    Greater Heal, rank: 1, count: 0
    Greater Heal, rank: 4, count: 0
    Flash Heal, rank: 7, count: 0
    Renew, rank: 10, count: 4
    Prayer of Healing, rank: 5, count: 0
    pve info: 1
    hps: 525.914
For 300 s fights:
    casts: 19, ticks: 9, ticks_oom: 0
    Heal, rank: 2, count: 5
    Heal, rank: 4, count: 0
    Greater Heal, rank: 1, count: 0
    Greater Heal, rank: 4, count: 0
    Flash Heal, rank: 7, count: 0
    Renew, rank: 10, count: 1
    Prayer of Healing, rank: 5, count: 0
    pve info: 1
    hps: 497.149
For 360 s fights:
    casts: 18, ticks: 10, ticks_oom: 0
    Heal, rank: 2, count: 14
    Heal, rank: 4, count: 0
    Greater Heal, rank: 1, count: 6
    Greater Heal, rank: 4, count: 0
    Flash Heal, rank: 7, count: 0
    Renew, rank: 10, count: 1
    Prayer of Healing, rank: 5, count: 0
    pve info: 1
    hps: 467.353
------------------
Upgrades: 
(0) -> lok'amir il romathis(39.1132) : 39.1132 = +6.86591%
briarwood reed(9.35205) -> rejuvenating gem(31.7549) : 22.4028 = +3.82051%
(0) -> lei of the lifegiver(19.5178) : 19.5178 = +3.31222%
magister's robes(20.697) -> robes of transcendence(39.9681) : 19.2711 = +3.26897%
dragonrider boots(13.5897) -> boots of pure thought(29.0745) : 15.4849 = +2.60995%
padre's trousers(27.6874) -> empowered leggings(38.8919) : 11.2045 = +1.87498%
shadowy laced handwraps(14.7697) -> handguards of transcendence(25.5101) : 10.7404 = +1.79591%
sublime wristguards(12.956) -> bindings of transcendence(22.3309) : 9.37488 = +1.56402%
burial shawl(20.7025) -> pauldrons of transcendence(30.0005) : 9.29797 = +1.55099%
rosewine circle(15.4553) -> pure elementium band(24.1149) : 8.65961 = +1.44296%
girdle of prophecy(16.7361) -> firemaw's clutch(23.173) : 6.43689 = +1.06863%
dragon finger of intellect(1.28418) -> lunar wand of healing(6.58441) : 5.30023 = +0.87827%
fordring's seal(14.7101) -> cauterizing band(19.2189) : 4.50879 = +0.746146%
hide of the wild(19.3088) -> shroud of pure thought(23.2283) : 3.91943 = +0.647984%
animated chain necklace(11.7221) -> choker of the fire lord(12.721) : 0.998901 = +0.164351%
halo of transcendence(38.3995) -> halo of transcendence(38.3995) : 0 = +0%
royal seal of eldre'thalas(14.6367) -> royal seal of eldre'thalas(14.6367) : 0 = +0%
benediction(43.8231) -> (0) : -43.8231 = +-6.71506%
------------------
~~~~ end of intermediate results ~~~~
Temporary bans and partial set bonuses on.
..........Temporary bans and partial set bonuses off.
.waist : firemaw's clutch -> belt of transcendence => val: 600.717 -> 601.052
two-hand : benediction    ->   lok'amir il romathis lei of the lifegiver => val: 601.052 -> 605.775
.chest : truefaith vestments -> robes of transcendence => val: 605.775 -> 607.258

*** NEW BEST (0): 609.565
Current relative stat values for matching or exceeding +50 pts of sp
int: 48.575
spi: 25.9426
sta: 0
agi: 0
mp5: 141.396
sp: 100
sp_shadow: 0
sp_healing: 100
spell crit: 307.389
spell hit: 0
arcane res: 0
nature res: 0
fire res: 0
frost res: 0
shadow res: 0
armor: 0
defense: 0
dodge: 0
parry: 0
***** INTERMEDIATE RESULTS *****
Iteration: 48
 ----------------------------
 --- head --- 
name: halo of transcendence
slot: head
intelligence: 27
stamina: 17
spirit: 22
sp_healing: 48
fire_res: 10
frost_res: 10
armor: 94
 ----------------------------
 --- neck --- 
name: choker of the fire lord
slot: neck
intelligence: 7
stamina: 7
sp: 34
 ----------------------------
 --- shoulders --- 
name: pauldrons of transcendence
slot: shoulders
intelligence: 25
stamina: 12
spirit: 13
sp_healing: 26
fire_res: 10
armor: 87
 ----------------------------
 --- back --- 
name: shroud of pure thought
slot: back
intelligence: 11
stamina: 10
sp_healing: 33
mp5: 6
armor: 57
 ----------------------------
 --- chest --- 
name: robes of transcendence
slot: chest
intelligence: 27
stamina: 17
spirit: 16
sp_healing: 57
nature_res: 10
fire_res: 10
armor: 116
 ----------------------------
 --- wrists --- 
name: bindings of transcendence
slot: wrists
intelligence: 13
stamina: 9
spirit: 16
sp_healing: 33
armor: 51
 ----------------------------
 ---  --- 
name: 
slot: 
 ----------------------------
 --- main hand --- 
name: lok'amir il romathis
slot: main hand
intelligence: 18
stamina: 10
spirit: 8
sp: 84
 ----------------------------
 ---  --- 
name: 
slot: 
 ----------------------------
 --- off hand --- 
name: lei of the lifegiver
slot: off hand
sp_healing: 53
mp5: 3
 ----------------------------
 --- ranged --- 
name: lunar wand of healing
slot: ranged
sp_healing: 20
 ----------------------------
 --- hands --- 
name: handguards of transcendence
slot: hands
intelligence: 20
stamina: 12
spirit: 13
sp_healing: 29
spell_crit: 1
armor: 72
 ----------------------------
 --- waist --- 
name: belt of transcendence
slot: waist
intelligence: 26
stamina: 14
spirit: 9
sp_healing: 26
shadow_res: 10
armor: 65
 ----------------------------
 --- legs --- 
name: empowered leggings
slot: legs
intelligence: 12
stamina: 12
spirit: 24
sp_healing: 77
spell_crit: 1
armor: 103
 ----------------------------
 --- feet --- 
name: boots of pure thought
slot: feet
intelligence: 12
stamina: 8
spirit: 12
sp_healing: 62
armor: 74
 ----------------------------
 --- finger --- 
name: pure elementium band
slot: finger
intelligence: 10
stamina: 9
spirit: 10
sp_healing: 53
 ----------------------------
 --- finger --- 
name: cauterizing band
slot: finger
intelligence: 12
stamina: 9
sp_healing: 46
 ----------------------------
 --- trinket --- 
name: neltharion's tear
slot: trinket
sp: 44
spell_hit: 2
 ----------------------------
 --- trinket --- 
name: rejuvenating gem
slot: trinket
sp_healing: 66
mp5: 9
 ----------------------------
 --- Set bonuses ---
name: transcendence 3 
slot: Set bonuses
------------------
Best value: 609.565
------------------
Char stats: 
Effective hp: 6972.2
Effective mana: 12613.4
Raw max mana: 7357.6
Int: 385.2
Stam: 283.2
Spirit: 329.2
Strength: 50.2
Agility: 54.2
Mp5: 138.6
Sp: 162
Sp shadow: 0
Sp healing: 684
Spell crit: 2
Spell hit: 2
Arcane res: 27
Nature res: 37
Fire res: 57
Frost res: 37
Shadow res: 37
Armor: 2917.75
Defense: 300
Dodge: 0
Parry: 0
HpsPvp: 1076.08
ShadowDps: 238.625
Value pvp healing: 960.529
Value pvp shadow: 47.2336
------------------
Best counts:
For 60 s fights:
    casts: 12, ticks: 1, ticks_oom: 0
    Heal, rank: 2, count: 1
    Heal, rank: 4, count: 1
    Greater Heal, rank: 1, count: 9
    Greater Heal, rank: 4, count: 3
    Flash Heal, rank: 7, count: 0
    Renew, rank: 10, count: 3
    Prayer of Healing, rank: 5, count: 0
    pve info: 1
    hps: 896.007
For 120 s fights:
    casts: 16, ticks: 3, ticks_oom: 0
    Heal, rank: 2, count: 7
    Heal, rank: 4, count: 0
    Greater Heal, rank: 1, count: 0
    Greater Heal, rank: 4, count: 1
    Flash Heal, rank: 7, count: 0
    Renew, rank: 10, count: 2
    Prayer of Healing, rank: 5, count: 0
    pve info: 1
    hps: 665.76
For 180 s fights:
    casts: 18, ticks: 1, ticks_oom: 0
    Heal, rank: 2, count: 9
    Heal, rank: 4, count: 0
    Greater Heal, rank: 1, count: 0
    Greater Heal, rank: 4, count: 0
    Flash Heal, rank: 7, count: 0
    Renew, rank: 10, count: 1
    Prayer of Healing, rank: 5, count: 0
    pve info: 1
    hps: 579.341
For 240 s fights:
    casts: 19, ticks: 10, ticks_oom: 0
    Heal, rank: 2, count: 16
    Heal, rank: 4, count: 0
    Greater Heal, rank: 1, count: 0
    Greater Heal, rank: 4, count: 0
    Flash Heal, rank: 7, count: 0
    Renew, rank: 10, count: 4
    Prayer of Healing, rank: 5, count: 0
    pve info: 1
    hps: 525.259
For 300 s fights:
    casts: 19, ticks: 9, ticks_oom: 0
    Heal, rank: 2, count: 6
    Heal, rank: 4, count: 0
    Greater Heal, rank: 1, count: 0
    Greater Heal, rank: 4, count: 0
    Flash Heal, rank: 7, count: 0
    Renew, rank: 10, count: 1
    Prayer of Healing, rank: 5, count: 0
    pve info: 1
    hps: 493.899
For 360 s fights:
    casts: 19, ticks: 8, ticks_oom: 0
    Heal, rank: 2, count: 22
    Heal, rank: 4, count: 0
    Greater Heal, rank: 1, count: 3
    Greater Heal, rank: 4, count: 0
    Flash Heal, rank: 7, count: 0
    Renew, rank: 10, count: 1
    Prayer of Healing, rank: 5, count: 0
    pve info: 1
    hps: 471.157
------------------
Upgrades: 
(0) -> lok'amir il romathis(39.1402) : 39.1402 = +6.86158%
(0) -> lei of the lifegiver(20.0189) : 20.0189 = +3.39565%
magister's robes(16.7653) -> robes of transcendence(35.6276) : 18.8623 = +3.1932%
royal seal of eldre'thalas(15.491) -> rejuvenating gem(31.7632) : 16.2722 = +2.74269%
dragonrider boots(14.1849) -> boots of pure thought(29.3783) : 15.1934 = +2.55621%
padre's trousers(27.3696) -> empowered leggings(38.5673) : 11.1977 = +1.87137%
shadowy laced handwraps(12.5509) -> handguards of transcendence(23.3374) : 10.7865 = +1.80142%
sublime wristguards(11.5203) -> bindings of transcendence(21.2938) : 9.77356 = +1.62949%
burial shawl(16.5167) -> pauldrons of transcendence(25.3136) : 8.79688 = +1.46427%
rosewine circle(15.4297) -> pure elementium band(24.1047) : 8.67505 = +1.4437%
dragon finger of intellect(1.28595) -> lunar wand of healing(6.63245) : 5.3465 = +0.884861%
fordring's seal(14.9088) -> cauterizing band(20.1734) : 5.26459 = +0.871186%
briarwood reed(9.61664) -> neltharion's tear(14.5912) : 4.97455 = +0.822796%
girdle of prophecy(20.2935) -> belt of transcendence(25.1119) : 4.81836 = +0.796756%
hide of the wild(19.1206) -> shroud of pure thought(23.2419) : 4.12134 = +0.680713%
animated chain necklace(12.519) -> choker of the fire lord(13.522) : 1.00305 = +0.164823%
halo of transcendence(34.2988) -> halo of transcendence(34.2988) : 0 = +0%
benediction(44.4568) -> (0) : -44.4568 = +-6.79745%
------------------
~~~~ end of intermediate results ~~~~
Temporary bans and partial set bonuses on.
........
*** NEW BEST (1): 610.835
Current relative stat values for matching or exceeding +50 pts of sp
int: 54.5574
spi: 28.4402
sta: 0
agi: 0
mp5: 130.925
sp: 100
sp_shadow: 0
sp_healing: 100
spell crit: 309.518
spell hit: 0
arcane res: 0
nature res: 0
fire res: 0
frost res: 0
shadow res: 0
armor: 0
defense: 0
dodge: 0
parry: 0
Temporary bans and partial set bonuses off.
.two-hand : benediction    ->   lok'amir il romathis lei of the lifegiver => val: 605.315 -> 610.69
***** INTERMEDIATE RESULTS *****
Iteration: 57
 ----------------------------
 --- head --- 
name: halo of transcendence
slot: head
intelligence: 27
stamina: 17
spirit: 22
sp_healing: 48
fire_res: 10
frost_res: 10
armor: 94
 ----------------------------
 --- neck --- 
name: choker of the fire lord
slot: neck
intelligence: 7
stamina: 7
sp: 34
 ----------------------------
 --- shoulders --- 
name: pauldrons of transcendence
slot: shoulders
intelligence: 25
stamina: 12
spirit: 13
sp_healing: 26
fire_res: 10
armor: 87
 ----------------------------
 --- back --- 
name: shroud of pure thought
slot: back
intelligence: 11
stamina: 10
sp_healing: 33
mp5: 6
armor: 57
 ----------------------------
 --- chest --- 
name: robes of transcendence
slot: chest
intelligence: 27
stamina: 17
spirit: 16
sp_healing: 57
nature_res: 10
fire_res: 10
armor: 116
 ----------------------------
 --- wrists --- 
name: bindings of transcendence
slot: wrists
intelligence: 13
stamina: 9
spirit: 16
sp_healing: 33
armor: 51
 ----------------------------
 ---  --- 
name: 
slot: 
 ----------------------------
 --- main hand --- 
name: lok'amir il romathis
slot: main hand
intelligence: 18
stamina: 10
spirit: 8
sp: 84
 ----------------------------
 ---  --- 
name: 
slot: 
 ----------------------------
 --- off hand --- 
name: lei of the lifegiver
slot: off hand
sp_healing: 53
mp5: 3
 ----------------------------
 --- ranged --- 
name: lunar wand of healing
slot: ranged
sp_healing: 20
 ----------------------------
 --- hands --- 
name: handguards of transcendence
slot: hands
intelligence: 20
stamina: 12
spirit: 13
sp_healing: 29
spell_crit: 1
armor: 72
 ----------------------------
 --- waist --- 
name: firemaw's clutch
slot: waist
intelligence: 12
stamina: 12
sp: 35
mp5: 5
armor: 64
 ----------------------------
 --- legs --- 
name: empowered leggings
slot: legs
intelligence: 12
stamina: 12
spirit: 24
sp_healing: 77
spell_crit: 1
armor: 103
 ----------------------------
 --- feet --- 
name: boots of pure thought
slot: feet
intelligence: 12
stamina: 8
spirit: 12
sp_healing: 62
armor: 74
 ----------------------------
 --- finger --- 
name: pure elementium band
slot: finger
intelligence: 10
stamina: 9
spirit: 10
sp_healing: 53
 ----------------------------
 --- finger --- 
name: cauterizing band
slot: finger
intelligence: 12
stamina: 9
sp_healing: 46
 ----------------------------
 --- trinket --- 
name: neltharion's tear
slot: trinket
sp: 44
spell_hit: 2
 ----------------------------
 --- trinket --- 
name: rejuvenating gem
slot: trinket
sp_healing: 66
mp5: 9
 ----------------------------
 --- Set bonuses ---
name: transcendence 3 
slot: Set bonuses
------------------
Best value: 610.69
------------------
Char stats: 
Effective hp: 6954
Effective mana: 12444.4
Raw max mana: 7147.6
Int: 371.2
Stam: 281.2
Spirit: 320.2
Strength: 50.2
Agility: 54.2
Mp5: 143.6
Sp: 197
Sp shadow: 0
Sp healing: 658
Spell crit: 2
Spell hit: 2
Arcane res: 27
Nature res: 37
Fire res: 57
Frost res: 37
Shadow res: 27
Armor: 2916.75
Defense: 300
Dodge: 0
Parry: 0
HpsPvp: 1078.7
ShadowDps: 244.698
Value pvp healing: 939.193
Value pvp shadow: 48.3297
------------------
Best counts:
For 60 s fights:
    casts: 20, ticks: 2, ticks_oom: 0
    Heal, rank: 2, count: 1
    Heal, rank: 4, count: 1
    Greater Heal, rank: 1, count: 8
    Greater Heal, rank: 4, count: 3
    Flash Heal, rank: 7, count: 0
    Renew, rank: 10, count: 3
    Prayer of Healing, rank: 5, count: 0
    pve info: 1
    hps: 904.751
For 120 s fights:
    casts: 16, ticks: 3, ticks_oom: 0
    Heal, rank: 2, count: 7
    Heal, rank: 4, count: 0
    Greater Heal, rank: 1, count: 0
    Greater Heal, rank: 4, count: 1
    Flash Heal, rank: 7, count: 0
    Renew, rank: 10, count: 2
    Prayer of Healing, rank: 5, count: 0
    pve info: 1
    hps: 665.817
For 180 s fights:
    casts: 18, ticks: 1, ticks_oom: 0
    Heal, rank: 2, count: 9
    Heal, rank: 4, count: 0
    Greater Heal, rank: 1, count: 0
    Greater Heal, rank: 4, count: 0
    Flash Heal, rank: 7, count: 0
    Renew, rank: 10, count: 1
    Prayer of Healing, rank: 5, count: 0
    pve info: 0.997778
    hps: 575.808
For 240 s fights:
    casts: 19, ticks: 10, ticks_oom: 0
    Heal, rank: 2, count: 16
    Heal, rank: 4, count: 0
    Greater Heal, rank: 1, count: 0
    Greater Heal, rank: 4, count: 0
    Flash Heal, rank: 7, count: 0
    Renew, rank: 10, count: 4
    Prayer of Healing, rank: 5, count: 0
    pve info: 1
    hps: 526.622
For 300 s fights:
    casts: 19, ticks: 9, ticks_oom: 0
    Heal, rank: 2, count: 6
    Heal, rank: 4, count: 0
    Greater Heal, rank: 1, count: 0
    Greater Heal, rank: 4, count: 0
    Flash Heal, rank: 7, count: 0
    Renew, rank: 10, count: 1
    Prayer of Healing, rank: 5, count: 0
    pve info: 1
    hps: 496.018
For 360 s fights:
    casts: 19, ticks: 8, ticks_oom: 0
    Heal, rank: 2, count: 22
    Heal, rank: 4, count: 0
    Greater Heal, rank: 1, count: 3
    Greater Heal, rank: 4, count: 0
    Flash Heal, rank: 7, count: 0
    Renew, rank: 10, count: 1
    Prayer of Healing, rank: 5, count: 0
    pve info: 1
    hps: 473.472
------------------
Upgrades: 
(0) -> lok'amir il romathis(42.0027) : 42.0027 = +7.38402%
(0) -> lei of the lifegiver(20.3914) : 20.3914 = +3.45358%
magister's robes(21.0327) -> robes of transcendence(40.0098) : 18.9771 = +3.20636%
royal seal of eldre'thalas(15.8582) -> rejuvenating gem(33.3455) : 17.4872 = +2.94722%
dragonrider boots(17.0347) -> boots of pure thought(32.2228) : 15.1881 = +2.54985%
burial shawl(16.7625) -> pauldrons of transcendence(28.2092) : 11.4467 = +1.90973%
shadowy laced handwraps(15.5546) -> handguards of transcendence(26.36) : 10.8055 = +1.80083%
sublime wristguards(13.1529) -> bindings of transcendence(23.7296) : 10.5767 = +1.76202%
padre's trousers(31.3802) -> empowered leggings(41.2615) : 9.88129 = +1.64427%
rosewine circle(18.1789) -> pure elementium band(26.8809) : 8.70197 = +1.44519%
hide of the wild(18.384) -> shroud of pure thought(25.0519) : 6.66791 = +1.10365%
fordring's seal(16.2332) -> cauterizing band(22.2704) : 6.03723 = +0.998224%
girdle of prophecy(21.0029) -> firemaw's clutch(26.3563) : 5.35339 = +0.884155%
briarwood reed(9.56793) -> neltharion's tear(14.5171) : 4.94916 = +0.816847%
dragon finger of intellect(2.58228) -> lunar wand of healing(6.59857) : 4.0163 = +0.661861%
animated chain necklace(11.6356) -> choker of the fire lord(14.244) : 2.60846 = +0.428863%
halo of transcendence(38.3622) -> halo of transcendence(38.3622) : 0 = +0%
benediction(45.4789) -> (0) : -45.4789 = +-6.92944%
------------------
~~~~ end of intermediate results ~~~~
Temporary bans and partial set bonuses on.
...........Temporary bans and partial set bonuses off.
.two-hand : benediction    ->   lok'amir il romathis lei of the lifegiver => val: 598.157 -> 602.11
waist : firemaw's clutch -> belt of transcendence => val: 602.11 -> 603.09
..***** INTERMEDIATE RESULTS *****
Iteration: 71
 ----------------------------
 --- head --- 
name: halo of transcendence
slot: head
intelligence: 27
stamina: 17
spirit: 22
sp_healing: 48
fire_res: 10
frost_res: 10
armor: 94
 ----------------------------
 --- neck --- 
name: choker of the fire lord
slot: neck
intelligence: 7
stamina: 7
sp: 34
 ----------------------------
 --- shoulders --- 
name: pauldrons of transcendence
slot: shoulders
intelligence: 25
stamina: 12
spirit: 13
sp_healing: 26
fire_res: 10
armor: 87
 ----------------------------
 --- back --- 
name: shroud of pure thought
slot: back
intelligence: 11
stamina: 10
sp_healing: 33
mp5: 6
armor: 57
 ----------------------------
 --- chest --- 
name: robes of transcendence
slot: chest
intelligence: 27
stamina: 17
spirit: 16
sp_healing: 57
nature_res: 10
fire_res: 10
armor: 116
 ----------------------------
 --- wrists --- 
name: bindings of transcendence
slot: wrists
intelligence: 13
stamina: 9
spirit: 16
sp_healing: 33
armor: 51
 ----------------------------
 ---  --- 
name: 
slot: 
 ----------------------------
 --- main hand --- 
name: lok'amir il romathis
slot: main hand
intelligence: 18
stamina: 10
spirit: 8
sp: 84
 ----------------------------
 ---  --- 
name: 
slot: 
 ----------------------------
 --- off hand --- 
name: lei of the lifegiver
slot: off hand
sp_healing: 53
mp5: 3
 ----------------------------
 --- ranged --- 
name: lunar wand of healing
slot: ranged
sp_healing: 20
 ----------------------------
 --- hands --- 
name: handguards of transcendence
slot: hands
intelligence: 20
stamina: 12
spirit: 13
sp_healing: 29
spell_crit: 1
armor: 72
 ----------------------------
 --- waist --- 
name: firemaw's clutch
slot: waist
intelligence: 12
stamina: 12
sp: 35
mp5: 5
armor: 64
 ----------------------------
 --- legs --- 
name: empowered leggings
slot: legs
intelligence: 12
stamina: 12
spirit: 24
sp_healing: 77
spell_crit: 1
armor: 103
 ----------------------------
 --- feet --- 
name: boots of pure thought
slot: feet
intelligence: 12
stamina: 8
spirit: 12
sp_healing: 62
armor: 74
 ----------------------------
 --- finger --- 
name: pure elementium band
slot: finger
intelligence: 10
stamina: 9
spirit: 10
sp_healing: 53
 ----------------------------
 --- finger --- 
name: cauterizing band
slot: finger
intelligence: 12
stamina: 9
sp_healing: 46
 ----------------------------
 --- trinket --- 
name: neltharion's tear
slot: trinket
sp: 44
spell_hit: 2
 ----------------------------
 --- trinket --- 
name: rejuvenating gem
slot: trinket
sp_healing: 66
mp5: 9
 ----------------------------
 --- Set bonuses ---
name: transcendence 3 
slot: Set bonuses
------------------
Best value: 610.333
------------------
Char stats: 
Effective hp: 6954
Effective mana: 12444.4
Raw max mana: 7147.6
Int: 371.2
Stam: 281.2
Spirit: 320.2
Strength: 50.2
Agility: 54.2
Mp5: 143.6
Sp: 197
Sp shadow: 0
Sp healing: 658
Spell crit: 2
Spell hit: 2
Arcane res: 27
Nature res: 37
Fire res: 57
Frost res: 37
Shadow res: 27
Armor: 2916.75
Defense: 300
Dodge: 0
Parry: 0
HpsPvp: 1071.41
ShadowDps: 237.153
Value pvp healing: 927.959
Value pvp shadow: 45.4644
------------------
Best counts:
For 60 s fights:
    casts: 20, ticks: 2, ticks_oom: 0
    Heal, rank: 2, count: 1
    Heal, rank: 4, count: 1
    Greater Heal, rank: 1, count: 8
    Greater Heal, rank: 4, count: 3
    Flash Heal, rank: 7, count: 0
    Renew, rank: 10, count: 3
    Prayer of Healing, rank: 5, count: 0
    pve info: 1
    hps: 904.751
For 120 s fights:
    casts: 16, ticks: 3, ticks_oom: 0
    Heal, rank: 2, count: 7
    Heal, rank: 4, count: 0
    Greater Heal, rank: 1, count: 0
    Greater Heal, rank: 4, count: 1
    Flash Heal, rank: 7, count: 0
    Renew, rank: 10, count: 2
    Prayer of Healing, rank: 5, count: 0
    pve info: 1
    hps: 665.817
For 180 s fights:
    casts: 18, ticks: 1, ticks_oom: 0
    Heal, rank: 2, count: 9
    Heal, rank: 4, count: 0
    Greater Heal, rank: 1, count: 0
    Greater Heal, rank: 4, count: 0
    Flash Heal, rank: 7, count: 0
    Renew, rank: 10, count: 1
    Prayer of Healing, rank: 5, count: 0
    pve info: 0.997778
    hps: 575.808
For 240 s fights:
    casts: 19, ticks: 10, ticks_oom: 0
    Heal, rank: 2, count: 16
    Heal, rank: 4, count: 0
    Greater Heal, rank: 1, count: 0
    Greater Heal, rank: 4, count: 0
    Flash Heal, rank: 7, count: 0
    Renew, rank: 10, count: 4
    Prayer of Healing, rank: 5, count: 0
    pve info: 1
    hps: 526.622
For 300 s fights:
    casts: 19, ticks: 9, ticks_oom: 0
    Heal, rank: 2, count: 6
    Heal, rank: 4, count: 0
    Greater Heal, rank: 1, count: 0
    Greater Heal, rank: 4, count: 0
    Flash Heal, rank: 7, count: 0
    Renew, rank: 10, count: 1
    Prayer of Healing, rank: 5, count: 0
    pve info: 1
    hps: 496.018
For 360 s fights:
    casts: 19, ticks: 8, ticks_oom: 0
    Heal, rank: 2, count: 22
    Heal, rank: 4, count: 0
    Greater Heal, rank: 1, count: 3
    Greater Heal, rank: 4, count: 0
    Flash Heal, rank: 7, count: 0
    Renew, rank: 10, count: 1
    Prayer of Healing, rank: 5, count: 0
    pve info: 1
    hps: 473.472
------------------
Upgrades: 
(0) -> lok'amir il romathis(38.3773) : 38.3773 = +6.7125%
magister's robes(18.6019) -> robes of transcendence(37.6021) : 19.0001 = +3.21433%
(0) -> lei of the lifegiver(18.6304) : 18.6304 = +3.14982%
royal seal of eldre'thalas(14.7158) -> rejuvenating gem(29.8507) : 15.1349 = +2.54381%
dragonrider boots(14.8181) -> boots of pure thought(29.7433) : 14.9252 = +2.50768%
padre's trousers(28.1832) -> empowered leggings(39.329) : 11.1458 = +1.86086%
shadowy laced handwraps(13.4271) -> handguards of transcendence(24.2193) : 10.7922 = +1.80076%
burial shawl(16.9623) -> pauldrons of transcendence(26.3483) : 9.38599 = +1.56245%
sublime wristguards(12.5939) -> bindings of transcendence(21.3579) : 8.76398 = +1.4574%
rosewine circle(15.8884) -> pure elementium band(24.5712) : 8.68286 = +1.44372%
girdle of prophecy(17.1555) -> firemaw's clutch(23.7184) : 6.56293 = +1.0874%
dragon finger of intellect(1.28949) -> lunar wand of healing(6.60675) : 5.31726 = +0.879192%
briarwood reed(9.57971) -> neltharion's tear(14.535) : 4.95532 = +0.818857%
hide of the wild(19.1946) -> shroud of pure thought(23.5131) : 4.31848 = +0.71287%
fordring's seal(16.0217) -> cauterizing band(20.1974) : 4.17572 = +0.689141%
animated chain necklace(11.3983) -> choker of the fire lord(12.4235) : 1.02521 = +0.16832%
halo of transcendence(37.5545) -> halo of transcendence(37.5545) : 0 = +0%
benediction(44.2757) -> (0) : -44.2757 = +-6.76603%
------------------
~~~~ end of intermediate results ~~~~
Same items for intermediate results again, ending optimization. 
 ----------------------------
 --- head --- 
name: halo of transcendence
slot: head
intelligence: 27
stamina: 17
spirit: 22
sp_healing: 48
fire_res: 10
frost_res: 10
armor: 94
 ----------------------------
 --- neck --- 
name: choker of the fire lord
slot: neck
intelligence: 7
stamina: 7
sp: 34
 ----------------------------
 --- shoulders --- 
name: pauldrons of transcendence
slot: shoulders
intelligence: 25
stamina: 12
spirit: 13
sp_healing: 26
fire_res: 10
armor: 87
 ----------------------------
 --- back --- 
name: shroud of pure thought
slot: back
intelligence: 11
stamina: 10
sp_healing: 33
mp5: 6
armor: 57
 ----------------------------
 --- chest --- 
name: robes of transcendence
slot: chest
intelligence: 27
stamina: 17
spirit: 16
sp_healing: 57
nature_res: 10
fire_res: 10
armor: 116
 ----------------------------
 --- wrists --- 
name: bindings of transcendence
slot: wrists
intelligence: 13
stamina: 9
spirit: 16
sp_healing: 33
armor: 51
 ----------------------------
 ---  --- 
name: 
slot: 
 ----------------------------
 --- main hand --- 
name: lok'amir il romathis
slot: main hand
intelligence: 18
stamina: 10
spirit: 8
sp: 84
 ----------------------------
 ---  --- 
name: 
slot: 
 ----------------------------
 --- off hand --- 
name: lei of the lifegiver
slot: off hand
sp_healing: 53
mp5: 3
 ----------------------------
 --- ranged --- 
name: lunar wand of healing
slot: ranged
sp_healing: 20
 ----------------------------
 --- hands --- 
name: handguards of transcendence
slot: hands
intelligence: 20
stamina: 12
spirit: 13
sp_healing: 29
spell_crit: 1
armor: 72
 ----------------------------
 --- waist --- 
name: firemaw's clutch
slot: waist
intelligence: 12
stamina: 12
sp: 35
mp5: 5
armor: 64
 ----------------------------
 --- legs --- 
name: empowered leggings
slot: legs
intelligence: 12
stamina: 12
spirit: 24
sp_healing: 77
spell_crit: 1
armor: 103
 ----------------------------
 --- feet --- 
name: boots of pure thought
slot: feet
intelligence: 12
stamina: 8
spirit: 12
sp_healing: 62
armor: 74
 ----------------------------
 --- finger --- 
name: pure elementium band
slot: finger
intelligence: 10
stamina: 9
spirit: 10
sp_healing: 53
 ----------------------------
 --- finger --- 
name: cauterizing band
slot: finger
intelligence: 12
stamina: 9
sp_healing: 46
 ----------------------------
 --- trinket --- 
name: neltharion's tear
slot: trinket
sp: 44
spell_hit: 2
 ----------------------------
 --- trinket --- 
name: rejuvenating gem
slot: trinket
sp_healing: 66
mp5: 9
 ----------------------------
 --- Set bonuses ---
name: transcendence 3 
slot: Set bonuses
------------------
Char stats: 
Effective hp: 6954
Effective mana: 12444.4
Raw max mana: 7147.6
Int: 371.2
Stam: 281.2
Spirit: 320.2
Strength: 50.2
Agility: 54.2
Mp5: 143.6
Sp: 197
Sp shadow: 0
Sp healing: 658
Spell crit: 2
Spell hit: 2
Arcane res: 27
Nature res: 37
Fire res: 57
Frost res: 37
Shadow res: 27
Armor: 2916.75
Defense: 300
Dodge: 0
Parry: 0
HpsPvp: 1078.7
ShadowDps: 244.698
Value pvp healing: 939.193
Value pvp shadow: 48.3297
------------------
Best counts:
For 60 s fights:
    casts: 20, ticks: 2, ticks_oom: 0
    Heal, rank: 2, count: 1
    Heal, rank: 4, count: 1
    Greater Heal, rank: 1, count: 8
    Greater Heal, rank: 4, count: 3
    Flash Heal, rank: 7, count: 0
    Renew, rank: 10, count: 3
    Prayer of Healing, rank: 5, count: 0
    pve info: 1
    hps: 904.751
For 120 s fights:
    casts: 16, ticks: 3, ticks_oom: 0
    Heal, rank: 2, count: 7
    Heal, rank: 4, count: 0
    Greater Heal, rank: 1, count: 0
    Greater Heal, rank: 4, count: 1
    Flash Heal, rank: 7, count: 0
    Renew, rank: 10, count: 2
    Prayer of Healing, rank: 5, count: 0
    pve info: 1
    hps: 665.817
For 180 s fights:
    casts: 18, ticks: 1, ticks_oom: 0
    Heal, rank: 2, count: 9
    Heal, rank: 4, count: 0
    Greater Heal, rank: 1, count: 0
    Greater Heal, rank: 4, count: 0
    Flash Heal, rank: 7, count: 0
    Renew, rank: 10, count: 1
    Prayer of Healing, rank: 5, count: 0
    pve info: 0.997778
    hps: 575.808
For 240 s fights:
    casts: 19, ticks: 10, ticks_oom: 0
    Heal, rank: 2, count: 16
    Heal, rank: 4, count: 0
    Greater Heal, rank: 1, count: 0
    Greater Heal, rank: 4, count: 0
    Flash Heal, rank: 7, count: 0
    Renew, rank: 10, count: 4
    Prayer of Healing, rank: 5, count: 0
    pve info: 1
    hps: 526.622
For 300 s fights:
    casts: 19, ticks: 9, ticks_oom: 0
    Heal, rank: 2, count: 6
    Heal, rank: 4, count: 0
    Greater Heal, rank: 1, count: 0
    Greater Heal, rank: 4, count: 0
    Flash Heal, rank: 7, count: 0
    Renew, rank: 10, count: 1
    Prayer of Healing, rank: 5, count: 0
    pve info: 1
    hps: 496.018
For 360 s fights:
    casts: 19, ticks: 8, ticks_oom: 0
    Heal, rank: 2, count: 22
    Heal, rank: 4, count: 0
    Greater Heal, rank: 1, count: 3
    Greater Heal, rank: 4, count: 0
    Flash Heal, rank: 7, count: 0
    Renew, rank: 10, count: 1
    Prayer of Healing, rank: 5, count: 0
    pve info: 1
    hps: 473.472
------------------
Current relative stat values for matching or exceeding +50 pts of sp
int: 50.6435
spi: 27.5323
sta: 0
agi: 0
mp5: 129.144
sp: 100
sp_shadow: 0
sp_healing: 100
spell crit: 310.398
spell hit: 0
arcane res: 0
nature res: 0
fire res: 0
frost res: 0
shadow res: 0
armor: 0
defense: 0
dodge: 0
parry: 0
------------------
Diffs to start: 
Upgrades: 
(0) -> lok'amir il romathis(38.3773) : 38.3773 = +6.7125%
magister's robes(18.6019) -> robes of transcendence(37.6021) : 19.0001 = +3.21433%
(0) -> lei of the lifegiver(18.6304) : 18.6304 = +3.14982%
royal seal of eldre'thalas(14.7158) -> rejuvenating gem(29.8507) : 15.1349 = +2.54381%
dragonrider boots(14.8181) -> boots of pure thought(29.7433) : 14.9252 = +2.50768%
padre's trousers(28.1832) -> empowered leggings(39.329) : 11.1458 = +1.86086%
shadowy laced handwraps(13.4271) -> handguards of transcendence(24.2193) : 10.7922 = +1.80076%
burial shawl(16.9623) -> pauldrons of transcendence(26.3483) : 9.38599 = +1.56245%
sublime wristguards(12.5939) -> bindings of transcendence(21.3579) : 8.76398 = +1.4574%
rosewine circle(15.8884) -> pure elementium band(24.5712) : 8.68286 = +1.44372%
girdle of prophecy(17.1555) -> firemaw's clutch(23.7184) : 6.56293 = +1.0874%
dragon finger of intellect(1.28949) -> lunar wand of healing(6.60675) : 5.31726 = +0.879192%
briarwood reed(9.57971) -> neltharion's tear(14.535) : 4.95532 = +0.818857%
hide of the wild(19.1946) -> shroud of pure thought(23.5131) : 4.31848 = +0.71287%
fordring's seal(16.0217) -> cauterizing band(20.1974) : 4.17572 = +0.689141%
animated chain necklace(11.3983) -> choker of the fire lord(12.4235) : 1.02521 = +0.16832%
halo of transcendence(37.5545) -> halo of transcendence(37.5545) : 0 = +0%
benediction(44.2757) -> (0) : -44.2757 = +-6.76603%
- - - - - - - - - - - - - - - - - - - - - - - - - - - - - - - - -
| Upgrades at best in slot level, from start item to candidate: |
. . . . . . . . . . . . . . . . . . . . . . . . . . . . . . . . .
- . - ' - . - ' - . - ' - . - ' - . - ' - . -
head, halo of transcendence (38.3622) -> :
- . - ' - . - ' - . - ' - . - ' - . - ' - . -
neck, animated chain necklace (11.6356) -> :
    choker of the fire lord (14.244) : +0.428863 %, from: mc
- . - ' - . - ' - . - ' - . - ' - . - ' - . -
shoulders, burial shawl (16.7625) -> :
    pauldrons of transcendence (28.2092) : +1.90973 %, from: bwl
    mantle of prophecy (21.9241) : +0.861159 %, from: mc
    mantle of the blackwing cabal (20.7731) : +0.669129 %, from: bwl
    sunderseer mantle (18.9125) : +0.358713 %, from: pre-raid
    devout mantle (17.5099) : +0.12471 %, from: pre-raid
    soulstealer mantle (16.8364) : +0.0123417 %, from: pre-raid
- . - ' - . - ' - . - ' - . - ' - . - ' - . -
back, hide of the wild (18.384) -> :
    shroud of pure thought (25.0519) : +1.10365 %, from: bwl
- . - ' - . - ' - . - ' - . - ' - . - ' - . -
chest, magister's robes (21.0327) -> :
    robes of transcendence (40.0098) : +3.20636 %, from: bwl
    truefaith vestments (31.5145) : +1.77101 %, from: tailoring bop
    robes of prophecy (28.5069) : +1.26284 %, from: mc
    robes of the exalted (27.4688) : +1.08745 %, from: pre-raid
    the postmaster's tunic (22.3302) : +0.219233 %, from: pre-raid
    mindsurge robe (22.31) : +0.215819 %, from: pre-raid
    robe of volatile power (22.0632) : +0.174126 %, from: mc
    devout robe (21.3136) : +0.0474683 %, from: pre-raid
- . - ' - . - ' - . - ' - . - ' - . - ' - . -
wrists, sublime wristguards (13.1529) -> :
    bindings of transcendence (23.7296) : +1.76202 %, from: bwl
    vambraces of prophecy (22.3696) : +1.53545 %, from: mc
    bracers of arcane accuracy (15.162) : +0.334715 %, from: bwl
    flarecore wraps (15.129) : +0.329214 %, from: tailoring boe
- . - ' - . - ' - . - ' - . - ' - . - ' - . -
two-hand, benediction (45.4789) -> :
    lok'amir il romathis and lei of the lifegiver (51.5453) : +0.924324 %, from: bwl, av rep
- . - ' - . - ' - . - ' - . - ' - . - ' - . -
ranged, dragon finger of intellect (2.58228) -> :
    lunar wand of healing (6.59857) : +0.661861 %, from: random green
    dragon finger of healing (5.93878) : +0.553132 %, from: random green
    bonecreeper stylus (5.57977) : +0.493969 %, from: pre-raid
    dragon's touch (5.21661) : +0.434123 %, from: bwl
    essence gatherer (4.10571) : +0.251053 %, from: bwl
    oblivion's touch (2.96704) : +0.063407 %, from: pre-raid
    crimson shocker (2.90497) : +0.0531778 %, from: mc
    lunar wand of the owl (2.76843) : +0.0306776 %, from: random green
    mana channeling wand (2.69305) : +0.0182557 %, from: pre-raid
    lunar wand of intellect (2.64465) : +0.0102795 %, from: random green
- . - ' - . - ' - . - ' - . - ' - . - ' - . -
hands, shadowy laced handwraps (15.5546) -> :
    handguards of transcendence (26.36) : +1.80083 %, from: bwl
    gloves of prophecy (24.3868) : +1.47197 %, from: mc
    hands of the exalted herald (23.5274) : +1.32874 %, from: pre-raid
    atal'ai hands of healing (17.5514) : +0.332788 %, from: sunken temple
    gloves of rapid evolution (16.1165) : +0.0936539 %, from: bwl
    atal'ai gloves of the owl (15.7075) : +0.0254809 %, from: pre-raid
- . - ' - . - ' - . - ' - . - ' - . - ' - . -
waist, girdle of prophecy (21.0029) -> :
    firemaw's clutch (26.3563) : +0.884155 %, from: bwl
    belt of transcendence (25.8167) : +0.795034 %, from: bwl
    whipvine cord (24.6094) : +0.595643 %, from: pre-raid
- . - ' - . - ' - . - ' - . - ' - . - ' - . -
legs, padre's trousers (31.3802) -> :
    empowered leggings (41.2615) : +1.64427 %, from: bwl
    leggings of transcendence (34.9453) : +0.593234 %, from: mc
- . - ' - . - ' - . - ' - . - ' - . - ' - . -
feet, dragonrider boots (17.0347) -> :
    boots of pure thought (32.2228) : +2.54985 %, from: bwl
    boots of transcendence (25.7684) : +1.46626 %, from: bwl
    boots of prophecy (20.0873) : +0.512497 %, from: mc
    boots of the full moon (19.993) : +0.496666 %, from: pre-raid
    shimmering geta (17.1307) : +0.0161286 %, from: bwl
- . - ' - . - ' - . - ' - . - ' - . - ' - . -
finger, rosewine circle (18.1789) -> :
    pure elementium band (26.8809) : +1.44519 %, from: bwl
    cauterizing band (23.6735) : +0.912528 %, from: mc
- . - ' - . - ' - . - ' - . - ' - . - ' - . -
finger 2, fordring's seal (16.2332) -> :
    pure elementium band (26.339) : +1.67095 %, from: bwl
    cauterizing band (22.2704) : +0.998224 %, from: mc
    rosewine circle (16.5112) : +0.0459683 %, from: pre-raid
- . - ' - . - ' - . - ' - . - ' - . - ' - . -
trinket, briarwood reed (9.56793) -> :
    rejuvenating gem (26.4073) : +2.7793 %, from: bwl
    neltharion's tear (14.5171) : +0.816847 %, from: bwl
    royal seal of eldre'thalas (13.5936) : +0.664422 %, from: pre-raid
- . - ' - . - ' - . - ' - . - ' - . - ' - . -
trinket 2, royal seal of eldre'thalas (15.8582) -> :
    rejuvenating gem (33.3455) : +2.94722 %, from: bwl
------------------
- - - - - - - - - - - - - - - - - - - - - - - - - - - - - -
| Upgrades at start level, from start item to candidate:  |
. . . . . . . . . . . . . . . . . . . . . . . . . . . . . .
- . - ' - . - ' - . - ' - . - ' - . - ' - . -
head, halo of transcendence (31.0555) -> :
- . - ' - . - ' - . - ' - . - ' - . - ' - . -
neck, animated chain necklace (11.4207) -> :
    choker of the fire lord (13.1692) : +0.376316 %, from: mc
- . - ' - . - ' - . - ' - . - ' - . - ' - . -
shoulders, burial shawl (16.6024) -> :
    pauldrons of transcendence (22.3769) : +1.24283 %, from: bwl
    mantle of the blackwing cabal (20.3822) : +0.813512 %, from: bwl
    mantle of prophecy (16.9427) : +0.0732612 %, from: mc
- . - ' - . - ' - . - ' - . - ' - . - ' - . -
back, hide of the wild (17.5404) -> :
    shroud of pure thought (18.7988) : +0.270831 %, from: bwl
- . - ' - . - ' - . - ' - . - ' - . - ' - . -
chest, magister's robes (17.6945) -> :
    robes of transcendence (32.7345) : +3.237 %, from: bwl
    robes of prophecy (23.4558) : +1.24 %, from: mc
    truefaith vestments (23.0328) : +1.14894 %, from: tailoring bop
    robes of the exalted (21.0784) : +0.72831 %, from: pre-raid
- . - ' - . - ' - . - ' - . - ' - . - ' - . -
wrists, sublime wristguards (10.2929) -> :
    bindings of transcendence (17.8734) : +1.63151 %, from: bwl
    vambraces of prophecy (16.5152) : +1.33921 %, from: mc
    bracers of arcane accuracy (11.9066) : +0.347311 %, from: bwl
    flarecore wraps (10.9813) : +0.148158 %, from: tailoring boe
- . - ' - . - ' - . - ' - . - ' - . - ' - . -
two-hand, benediction (47.4642) -> :
    lok'amir il romathis and lei of the lifegiver (48.7782) : +0.282812 %, from: bwl, av rep
- . - ' - . - ' - . - ' - . - ' - . - ' - . -
ranged, dragon finger of intellect (5.48398) -> :
    essence gatherer (8.29538) : +0.605085 %, from: bwl
    dragon's touch (8.24271) : +0.593748 %, from: bwl
    oblivion's touch (6.37744) : +0.192296 %, from: pre-raid
    crimson shocker (6.07202) : +0.126562 %, from: mc
    lunar wand of intellect (5.67056) : +0.0401577 %, from: random green
    bonecreeper stylus (5.61758) : +0.0287554 %, from: pre-raid
    lunar wand of the owl (5.59402) : +0.0236848 %, from: random green
- . - ' - . - ' - . - ' - . - ' - . - ' - . -
hands, shadowy laced handwraps (14.8548) -> :
    handguards of transcendence (23.4796) : +1.85628 %, from: bwl
    gloves of prophecy (22.156) : +1.5714 %, from: mc
    hands of the exalted herald (18.1077) : +0.700106 %, from: pre-raid
- . - ' - . - ' - . - ' - . - ' - . - ' - . -
waist, girdle of prophecy (20.3062) -> :
    belt of transcendence (21.1337) : +0.178089 %, from: bwl
- . - ' - . - ' - . - ' - . - ' - . - ' - . -
legs, padre's trousers (28.0959) -> :
    leggings of transcendence (32.2679) : +0.897926 %, from: mc
    empowered leggings (31.9419) : +0.827758 %, from: bwl
- . - ' - . - ' - . - ' - . - ' - . - ' - . -
feet, dragonrider boots (16.0749) -> :
    boots of pure thought (27.8995) : +2.54497 %, from: bwl
    boots of transcendence (23.0536) : +1.50201 %, from: bwl
    boots of prophecy (18.4284) : +0.506549 %, from: mc
    shimmering geta (18.1332) : +0.443009 %, from: bwl
    boots of the full moon (18.0576) : +0.426746 %, from: pre-raid
- . - ' - . - ' - . - ' - . - ' - . - ' - . -
finger, rosewine circle (14.2411) -> :
    pure elementium band (21.8589) : +1.63954 %, from: bwl
    cauterizing band (18.468) : +0.909748 %, from: mc
- . - ' - . - ' - . - ' - . - ' - . - ' - . -
finger 2, fordring's seal (13.2069) -> :
    pure elementium band (20.3239) : +1.53175 %, from: bwl
    cauterizing band (17.634) : +0.952816 %, from: mc
- . - ' - . - ' - . - ' - . - ' - . - ' - . -
trinket, briarwood reed (7.82913) -> :
    rejuvenating gem (23.1751) : +3.30285 %, from: bwl
    neltharion's tear (11.8788) : +0.871594 %, from: bwl
    royal seal of eldre'thalas (11.2036) : +0.72626 %, from: pre-raid
    shard of the scale (8.94711) : +0.240618 %, from: onyxia
    darkmoon card: blue dragon (8.45013) : +0.133655 %, from: 
- . - ' - . - ' - . - ' - . - ' - . - ' - . -
trinket 2, royal seal of eldre'thalas (14.5923) -> :
    rejuvenating gem (26.8502) : +2.63819 %, from: bwl
-- Stat values at start item level: --
Current relative stat values for matching or exceeding +50 pts of sp
int: 128.771
spi: 39.748
sta: 0
agi: 0
mp5: 303.58
sp: 100
sp_shadow: 0
sp_healing: 100
spell crit: 255.626
spell hit: 0
arcane res: 0
nature res: 0
fire res: 0
frost res: 0
shadow res: 0
armor: 0
defense: 0
dodge: 0
parry: 0
------------------
Best value: 610.333
