Your call: ./css 5 ../items/more_raid.csv -b 0.1 -r 0.3 
Found: -b, val: 0.1
./css 5 ../items/more_raid.csv -r 0.3 
Found: -r, val: 0.3
./css 5 ../items/more_raid.csv 
Shuffle seed: 2536176449
Reading tmp locked from: start_with.txt
Locking: anastari heirloom
Locking: animated chain necklace
Locking: argent crusader
Locking: atal'ai gloves of the owl
Locking: banshee finger
Locking: blood of the martyr
Locking: briarwood reed
Locking: burial shawl
Locking: crimson felt hat
Locking: cyclopean band
Locking: devout belt
Locking: devout bracers
Locking: devout crown
Locking: devout mantle
Locking: devout robe
Locking: devout sandals
Locking: devout skirt
Locking: dragon finger of intellect
Locking: dragonslayer's signet
Locking: drakefire amulet
Locking: dreadmist mantle
Locking: dreamweave circlet
Locking: dreamweave gloves
Locking: dreamweave vest
Locking: eye of the beast
Locking: fordring's seal
Locking: grimgore noose
Locking: halo of transcendence
Locking: heart of the fiend
Locking: hide of the wild
Locking: kentic amice
Locking: magister's robes
Locking: maleki's footwraps
Locking: nature's breath
Locking: necropile boots
Locking: necropile cuffs
Locking: necropile mantle
Locking: noxious shooter
Locking: omnicast boots
Locking: orb of the forgotten seer
Locking: padre's trousers
Locking: penelope's rose
Locking: quel'dorai channeling rod
Locking: raincaster drape
Locking: rainstrider leggings
Locking: ring of demonic guile
Locking: ring of demonic guile
Locking: robes of the royal crown
Locking: rod of corrosion
Locking: rosewine circle
Locking: royal seal of eldre'thalas
Locking: royal tribunal cloak
Locking: sarah's guide
Locking: seal of rivendare
Locking: seal of rivendare
Locking: shadowy laced handwraps
Locking: silkweb gloves
Locking: soulstealer mantle
Locking: spellbound tome
Locking: spritecaster cape
Locking: starfire tiara
Locking: the hammer of grace
Locking: the postmaster's treads
Locking: thuzadin sash
Locking: triune amulet
Locking: vinerot sandals
Locking: wolfshear leggings
Locking: pants of prophecy
Optimizing start items...
[Perf] spent in FindBestPveHealingCounts: 0.017847 s, that's: 100.001 % of total.

*** NEW BEST: 98.1836 ***

*** NEW BEST: 105.849 ***

*** NEW BEST: 110.742 ***

*** NEW BEST: 118.559 ***

*** NEW BEST: 126.876 ***

*** NEW BEST: 134.42 ***

*** NEW BEST: 154.562 ***

*** NEW BEST: 163.367 ***

*** NEW BEST: 176.863 ***

*** NEW BEST: 197.639 ***

*** NEW BEST: 205.681 ***

*** NEW BEST: 208.094 ***

*** NEW BEST: 216.268 ***

*** NEW BEST: 220.927 ***

*** NEW BEST: 235.631 ***

*** NEW BEST: 244.475 ***
*
best val: 244.475

*** NEW BEST: 245.17 ***
*
best val: 245.17
*
best val: 245.17
waist : grimgore noose -> thuzadin sash => val: 239.456 -> 240.304
hands : shadowy laced handwraps -> atal'ai gloves of the owl => val: 240.304 -> 240.663
shoulders : burial shawl -> devout mantle => val: 240.663 -> 243.566
finger 2 : ring of demonic guile -> fordring's seal => val: 243.566 -> 244.09
*
best val: 245.17
hands : atal'ai gloves of the owl -> shadowy laced handwraps => val: 244.09 -> 245.17
*
best val: 245.17

Read starting items and cleared locks.
 ----------------------------
 --- head --- 
name: halo of transcendence
slot: head
intelligence: 27
stamina: 17
spirit: 22
sp_healing: 48
fire_res: 10
frost_res: 10
armor: 94
 ----------------------------
 --- neck --- 
name: animated chain necklace
slot: neck
stamina: 7
spirit: 6
sp_healing: 33
 ----------------------------
 --- shoulders --- 
name: devout mantle
slot: shoulders
intelligence: 21
stamina: 4
spirit: 9
armor: 64
 ----------------------------
 --- back --- 
name: hide of the wild
slot: back
intelligence: 10
stamina: 8
sp_healing: 42
armor: 48
 ----------------------------
 --- chest --- 
name: devout robe
slot: chest
intelligence: 24
stamina: 13
spirit: 15
armor: 89
 ----------------------------
 --- wrists --- 
name: devout bracers
slot: wrists
intelligence: 10
stamina: 7
spirit: 10
armor: 35
 ----------------------------
 --- two-hand --- 
name: quel'dorai channeling rod
slot: two-hand
intelligence: 18
stamina: 8
spirit: 8
mp5: 8
 ----------------------------
 ---  --- 
name: 
slot: 
 ----------------------------
 ---  --- 
name: 
slot: 
 ----------------------------
 ---  --- 
name: 
slot: 
 ----------------------------
 --- ranged --- 
name: dragon finger of intellect
slot: ranged
intelligence: 8
 ----------------------------
 --- hands --- 
name: shadowy laced handwraps
slot: hands
intelligence: 15
mp5: 5
shadow_res: 12
armor: 53
 ----------------------------
 --- waist --- 
name: thuzadin sash
slot: waist
intelligence: 12
stamina: 11
spirit: 11
sp: 11
armor: 49
 ----------------------------
 --- legs --- 
name: pants of prophecy
slot: legs
intelligence: 24
stamina: 18
spirit: 20
sp_healing: 22
mp5: 6
shadow_res: 10
armor: 89
 ----------------------------
 --- feet --- 
name: devout sandals
slot: feet
intelligence: 10
stamina: 9
spirit: 17
armor: 58
 ----------------------------
 --- finger --- 
name: rosewine circle
slot: finger
sp_healing: 29
mp5: 5
 ----------------------------
 --- finger --- 
name: fordring's seal
slot: finger
intelligence: 5
stamina: 4
sp_healing: 37
 ----------------------------
 --- trinket --- 
name: briarwood reed
slot: trinket
sp: 29
 ----------------------------
 --- trinket --- 
name: royal seal of eldre'thalas
slot: trinket
sp_healing: 33
mp5: 4
 ----------------------------
 --- Set bonuses ---
name: devout 2 devout 4 
slot: Set bonuses
sp: 23
armor: 200
 --- And counts for start items ---
For 120 s fights:
    casts: 5, ticks: 6, ticks_oom: 0
    Heal, rank: 2, count: 0
    Heal, rank: 4, count: 0
    Greater Heal, rank: 1, count: 8
    Greater Heal, rank: 4, count: 0
    Flash Heal, rank: 7, count: 0
    Renew, rank: 10, count: 0
    Prayer of Healing, rank: 5, count: 0
    pve info: 1
    hps: 340.378
For 180 s fights:
    casts: 7, ticks: 7, ticks_oom: 0
    Heal, rank: 2, count: 2
    Heal, rank: 4, count: 0
    Greater Heal, rank: 1, count: 1
    Greater Heal, rank: 4, count: 0
    Flash Heal, rank: 7, count: 0
    Renew, rank: 10, count: 0
    Prayer of Healing, rank: 5, count: 0
    pve info: 0.997784
    hps: 266.681
For 240 s fights:
    casts: 9, ticks: 9, ticks_oom: 0
    Heal, rank: 2, count: 19
    Heal, rank: 4, count: 0
    Greater Heal, rank: 1, count: 0
    Greater Heal, rank: 4, count: 0
    Flash Heal, rank: 7, count: 0
    Renew, rank: 10, count: 0
    Prayer of Healing, rank: 5, count: 0
    pve info: 0.986708
    hps: 229.774
For 300 s fights:
    casts: 6, ticks: 8, ticks_oom: 0
    Heal, rank: 2, count: 9
    Heal, rank: 4, count: 0
    Greater Heal, rank: 1, count: 0
    Greater Heal, rank: 4, count: 0
    Flash Heal, rank: 7, count: 0
    Renew, rank: 10, count: 0
    Prayer of Healing, rank: 5, count: 0
    pve info: 0.938694
    hps: 205.971
For 360 s fights:
    casts: 2, ticks: 4, ticks_oom: 0
    Heal, rank: 2, count: 11
    Heal, rank: 4, count: 0
    Greater Heal, rank: 1, count: 3
    Greater Heal, rank: 4, count: 2
    Flash Heal, rank: 7, count: 0
    Renew, rank: 10, count: 0
    Prayer of Healing, rank: 5, count: 0
    pve info: 1
    hps: 183.045
.
*** NEW BEST: 250.378 ***

*** NEW BEST: 252.953 ***

*** NEW BEST: 254.261 ***

*** NEW BEST: 257.444 ***

*** NEW BEST: 262.38 ***

*** NEW BEST: 271.578 ***

*** NEW BEST: 277.644 ***

*** NEW BEST: 285.668 ***

*** NEW BEST: 286.675 ***

*** NEW BEST: 306.996 ***
..
*** NEW BEST: 316.596 ***

*** NEW BEST: 319.141 ***
..
*** NEW BEST: 322.061 ***
...
*** NEW BEST: 322.893 ***
.........................................................
*** NEW BEST: 323.39 ***
.....................................................................................................Temporary bans and partial set bonuses off.
.
*** NEW BEST: 323.137 ***
Current relative stat values for matching or exceeding +50 pts of sp
int: 132.274
spi: 83.4212
sta: 0
agi: 0
mp5: 359
sp: 100
sp_shadow: 0
sp_healing: 100
spell crit: 286.865
spell hit: 0
arcane res: 0
nature res: 0
fire res: 0
frost res: 0
shadow res: 0
armor: 0
defense: 0
dodge: 0
parry: 0
[Perf] spent in FindBestPveHealingCounts: 17.2757 s, that's: 59.0491 % of total.
Temporary bans and partial set bonuses on.
........................
*** NEW BEST: 323.251 ***
.............................................................................
*** NEW BEST: 323.399 ***
.........................................Temporary bans and partial set bonuses off.
.
*** NEW BEST: 323.202 ***
Current relative stat values for matching or exceeding +50 pts of sp
int: 134.51
spi: 85.0632
sta: 0
agi: 0
mp5: 353.563
sp: 100
sp_shadow: 0
sp_healing: 100
spell crit: 290.14
spell hit: 0
arcane res: 0
nature res: 0
fire res: 0
frost res: 0
shadow res: 0
armor: 0
defense: 0
dodge: 0
parry: 0
......... ----------------------------
 --- head --- 
name: halo of transcendence
slot: head
intelligence: 27
stamina: 17
spirit: 22
sp_healing: 48
fire_res: 10
frost_res: 10
armor: 94
 ----------------------------
 --- neck --- 
name: choker of enlightenment
slot: neck
intelligence: 10
stamina: 9
spirit: 10
sp: 18
 ----------------------------
 --- shoulders --- 
name: mantle of prophecy
slot: shoulders
intelligence: 23
stamina: 13
spirit: 10
sp: 9
shadow_res: 7
armor: 76
 ----------------------------
 --- back --- 
name: hide of the wild
slot: back
intelligence: 10
stamina: 8
sp_healing: 42
armor: 48
 ----------------------------
 --- chest --- 
name: truefaith vestments
slot: chest
stamina: 14
sp_healing: 73
mp5: 6
armor: 96
 ----------------------------
 --- wrists --- 
name: vambraces of prophecy
slot: wrists
intelligence: 14
stamina: 8
spirit: 10
sp_healing: 24
mp5: 2
armor: 44
 ----------------------------
 --- two-hand --- 
name: benediction
slot: two-hand
intelligence: 31
stamina: 10
spirit: 12
sp_healing: 106
spell_crit: 2
shadow_res: 20
 ----------------------------
 ---  --- 
name: 
slot: 
 ----------------------------
 ---  --- 
name: 
slot: 
 ----------------------------
 ---  --- 
name: 
slot: 
 ----------------------------
 --- ranged --- 
name: lunar wand of healing
slot: ranged
sp_healing: 20
 ----------------------------
 --- hands --- 
name: gloves of prophecy
slot: hands
intelligence: 15
stamina: 10
spirit: 15
sp_healing: 18
mp5: 6
fire_res: 7
armor: 63
 ----------------------------
 --- waist --- 
name: girdle of prophecy
slot: waist
intelligence: 22
stamina: 10
spirit: 10
sp: 9
mp5: 4
fire_res: 7
armor: 57
 ----------------------------
 --- legs --- 
name: leggings of transcendence
slot: legs
intelligence: 21
stamina: 16
spirit: 21
sp_healing: 46
mp5: 7
arcane_res: 10
shadow_res: 10
armor: 101
 ----------------------------
 --- feet --- 
name: boots of prophecy
slot: feet
intelligence: 18
stamina: 17
spirit: 15
sp_healing: 18
shadow_res: 7
armor: 70
 ----------------------------
 --- finger --- 
name: band of sulfuras
slot: finger
intelligence: 23
stamina: 13
spirit: 10
 ----------------------------
 --- finger --- 
name: cauterizing band
slot: finger
intelligence: 12
stamina: 9
sp_healing: 46
 ----------------------------
 --- trinket --- 
name: shard of the scale
slot: trinket
mp5: 16
 ----------------------------
 --- trinket --- 
name: royal seal of eldre'thalas
slot: trinket
sp_healing: 33
mp5: 4
 ----------------------------
 --- Set bonuses ---
name: 
slot: Set bonuses
------------------
Char stats: 
Effective hp: 6123
Effective mana: 9769.22
Raw max mana: 6939.6
Int: 357.333
Stam: 205
Spirit: 265
Strength: 34
Agility: 38
Mp5: 58.4
Sp: 36
Sp shadow: 0
Sp healing: 474
Spell crit: 1.77553
Spell hit: 0
Arcane res: 10
Nature res: 0
Fire res: 24
Frost res: 10
Shadow res: 44
Armor: 2463
Defense: 300
Dodge: 0
Parry: 0
HpsPvp: 959.617
ShadowDps: 210.682
Value pvp healing: 481.769
Value pvp shadow: 23.222
------------------
Best counts:
For 120 s fights:
    casts: 8, ticks: 8, ticks_oom: 0
    Heal, rank: 2, count: 2
    Heal, rank: 4, count: 0
    Greater Heal, rank: 1, count: 13
    Greater Heal, rank: 4, count: 2
    Flash Heal, rank: 7, count: 0
    Renew, rank: 10, count: 2
    Prayer of Healing, rank: 5, count: 0
    pve info: 1
    hps: 432.493
For 180 s fights:
    casts: 12, ticks: 10, ticks_oom: 0
    Heal, rank: 2, count: 4
    Heal, rank: 4, count: 0
    Greater Heal, rank: 1, count: 0
    Greater Heal, rank: 4, count: 0
    Flash Heal, rank: 7, count: 0
    Renew, rank: 10, count: 1
    Prayer of Healing, rank: 5, count: 0
    pve info: 1
    hps: 353.4
For 240 s fights:
    casts: 8, ticks: 8, ticks_oom: 0
    Heal, rank: 2, count: 28
    Heal, rank: 4, count: 0
    Greater Heal, rank: 1, count: 1
    Greater Heal, rank: 4, count: 0
    Flash Heal, rank: 7, count: 0
    Renew, rank: 10, count: 0
    Prayer of Healing, rank: 5, count: 0
    pve info: 1
    hps: 310.748
For 300 s fights:
    casts: 7, ticks: 7, ticks_oom: 0
    Heal, rank: 2, count: 15
    Heal, rank: 4, count: 0
    Greater Heal, rank: 1, count: 0
    Greater Heal, rank: 4, count: 0
    Flash Heal, rank: 7, count: 0
    Renew, rank: 10, count: 0
    Prayer of Healing, rank: 5, count: 0
    pve info: 0.998671
    hps: 282.562
For 360 s fights:
    casts: 2, ticks: 4, ticks_oom: 0
    Heal, rank: 2, count: 5
    Heal, rank: 4, count: 0
    Greater Heal, rank: 1, count: 4
    Greater Heal, rank: 4, count: 2
    Flash Heal, rank: 7, count: 0
    Renew, rank: 10, count: 0
    Prayer of Healing, rank: 5, count: 0
    pve info: 1
    hps: 236.806
------------------
Current relative stat values for matching or exceeding +50 pts of sp
int: 134.51
spi: 85.0632
sta: 0
agi: 0
mp5: 353.563
sp: 100
sp_shadow: 0
sp_healing: 100
spell crit: 290.14
spell hit: 0
arcane res: 0
nature res: 0
fire res: 0
frost res: 0
shadow res: 0
armor: 0
defense: 0
dodge: 0
parry: 0
------------------
Diffs to start: 
Upgrades: 
quel'dorai channeling rod(20.4312) -> benediction(43.0422) : 22.611 = +7.52219%
briarwood reed(5.3884) -> shard of the scale(25.3178) : 19.9294 = +6.57146%
shadowy laced handwraps(15.2788) -> gloves of prophecy(27.2005) : 11.9217 = +3.82991%
devout bracers(6.63983) -> vambraces of prophecy(18.0086) : 11.3687 = +3.64578%
thuzadin sash(13.9387) -> girdle of prophecy(24.1473) : 10.2086 = +3.26159%
devout robe(13.8294) -> truefaith vestments(23.8889) : 10.0595 = +3.21243%
devout sandals(10.9941) -> boots of prophecy(19.4731) : 8.47897 = +2.69411%
fordring's seal(9.47427) -> cauterizing band(16.2523) : 6.77802 = +2.14207%
pants of prophecy(33.3239) -> leggings of transcendence(38.3635) : 5.03964 = +1.58399%
animated chain necklace(7.97781) -> choker of enlightenment(12.7244) : 4.74655 = +1.49049%
devout mantle(14.1794) -> mantle of prophecy(18.2879) : 4.10849 = +1.28755%
rosewine circle(13.5374) -> band of sulfuras(16.5472) : 3.00974 = +0.939979%
dragon finger of intellect(2.26328) -> lunar wand of healing(4.08441) : 1.82114 = +0.566661%
halo of transcendence(32.5349) -> halo of transcendence(32.5349) : 0 = +0%
hide of the wild(14.6815) -> hide of the wild(14.6815) : 0 = +0%
royal seal of eldre'thalas(13.4362) -> royal seal of eldre'thalas(13.4362) : 0 = +0%
- - - - - - - - - - - - - - - - - - - - - - - - - - - - - - - - -
| Upgrades at best in slot level, from start item to candidate: |
. . . . . . . . . . . . . . . . . . . . . . . . . . . . . . . . .
- . - ' - . - ' - . - ' - . - ' - . - ' - . -
head, halo of transcendence (32.5349) -> :
- . - ' - . - ' - . - ' - . - ' - . - ' - . -
neck, animated chain necklace (7.97781) -> :
    choker of enlightenment (12.7244) : +1.49049 %, from: mc
    tooth of gnarr (10.579) : +0.816827 %, from: pre-raid
    choker of the fire lord (9.36496) : +0.435586 %, from: mc
    archlight talisman (9.04837) : +0.336172 %, from: pre-raid
- . - ' - . - ' - . - ' - . - ' - . - ' - . -
shoulders, devout mantle (14.1794) -> :
    mantle of prophecy (18.2879) : +1.28755 %, from: mc
    soulstealer mantle (14.4501) : +0.0848505 %, from: pre-raid
- . - ' - . - ' - . - ' - . - ' - . - ' - . -
back, hide of the wild (14.6815) -> :
- . - ' - . - ' - . - ' - . - ' - . - ' - . -
chest, devout robe (13.8294) -> :
    truefaith vestments (23.8889) : +3.21243 %, from: tailoring bop
    robes of the exalted (20.9508) : +2.27419 %, from: pre-raid
    robes of prophecy (19.4208) : +1.78558 %, from: mc
    robe of volatile power (16.2371) : +0.768879 %, from: mc
    mindsurge robe (15.3776) : +0.494414 %, from: pre-raid
    the postmaster's tunic (15.0445) : +0.38805 %, from: pre-raid
    magister's robes (14.2592) : +0.137267 %, from: pre-raid
- . - ' - . - ' - . - ' - . - ' - . - ' - . -
wrists, devout bracers (6.63983) -> :
    vambraces of prophecy (18.0086) : +3.64578 %, from: mc
    flarecore wraps (14.7737) : +2.60842 %, from: tailoring boe
    sublime wristguards (8.22711) : +0.509016 %, from: pre-raid
    wyrmthalak's shackles (8.03906) : +0.448712 %, from: pre-raid
    magister's bindings (7.0108) : +0.118965 %, from: pre-raid
- . - ' - . - ' - . - ' - . - ' - . - ' - . -
two-hand, quel'dorai channeling rod (20.4312) -> :
    benediction (43.0422) : +7.52219 %, from: mc
    staff of dominance (31.1552) : +3.56765 %, from: mc
    aurastone hammer and fire runed grimoire (29.1921) : +2.91457 %, from: mc, mc
    aurastone hammer and ancient cornerstone grimoire (27.3004) : +2.28521 %, from: mc, onyxia
    aurastone hammer and spellbound tome (26.3569) : +1.97136 %, from: mc, pre-raid
    aurastone hammer and thaurissan's royal scepter (26.3559) : +1.97102 %, from: mc, pre-raid
    aurastone hammer and milli's lexicon (25.982) : +1.84662 %, from: mc, pre-raid
    sorcerous dagger and fire runed grimoire (25.9091) : +1.82239 %, from: mc, mc
    aurastone hammer and penelope's rose (24.7411) : +1.4338 %, from: mc, pre-raid (scholo quest)
    aurastone hammer and brightly glowing stone (24.5627) : +1.37446 %, from: mc, pre-raid
    sorcerous dagger and ancient cornerstone grimoire (24.3691) : +1.31004 %, from: mc, onyxia
    aurastone hammer and globe of d'sak (24.0108) : +1.19086 %, from: mc, pre-raid
    sorcerous dagger and milli's lexicon (23.4005) : +0.987801 %, from: mc, pre-raid
    anathema (23.0659) : +0.876509 %, from: mc
    sorcerous dagger and spellbound tome (22.5891) : +0.717866 %, from: mc, pre-raid
    sorcerous dagger and thaurissan's royal scepter (22.388) : +0.650981 %, from: mc, pre-raid
    sorcerous dagger and penelope's rose (21.031) : +0.199528 %, from: mc, pre-raid (scholo quest)
    lorespinner and fire runed grimoire (20.8928) : +0.153557 %, from: pre-raid, mc
    sorcerous dagger and brightly glowing stone (20.5388) : +0.0357877 %, from: mc, pre-raid
- . - ' - . - ' - . - ' - . - ' - . - ' - . -
ranged, dragon finger of intellect (2.26328) -> :
    lunar wand of healing (4.08441) : +0.566661 %, from: random green
    bonecreeper stylus (3.20566) : +0.29323 %, from: pre-raid
    oblivion's touch (3.13016) : +0.269737 %, from: pre-raid
    mana channeling wand (2.90845) : +0.20075 %, from: pre-raid
    crimson shocker (2.74118) : +0.148704 %, from: mc
    lunar wand of the owl (2.71127) : +0.139398 %, from: random green
    lunar wand of intellect (2.58932) : +0.101453 %, from: random green
- . - ' - . - ' - . - ' - . - ' - . - ' - . -
hands, shadowy laced handwraps (15.2788) -> :
    gloves of prophecy (27.2005) : +3.82991 %, from: mc
    hands of the exalted herald (18.8317) : +1.14137 %, from: pre-raid
- . - ' - . - ' - . - ' - . - ' - . - ' - . -
waist, thuzadin sash (13.9387) -> :
    girdle of prophecy (24.1473) : +3.26159 %, from: mc
    whipvine cord (20.0451) : +1.95097 %, from: pre-raid
    mana igniting cord (15.6163) : +0.53599 %, from: mc
- . - ' - . - ' - . - ' - . - ' - . - ' - . -
legs, pants of prophecy (33.3239) -> :
    leggings of transcendence (38.3635) : +1.58399 %, from: mc
- . - ' - . - ' - . - ' - . - ' - . - ' - . -
feet, devout sandals (10.9941) -> :
    boots of prophecy (19.4731) : +2.69411 %, from: mc
    boots of the full moon (14.497) : +1.11301 %, from: pre-raid
    dragonrider boots (12.2494) : +0.398833 %, from: pre-raid
    wolfrunner shoes (11.7206) : +0.230839 %, from: pre-raid
- . - ' - . - ' - . - ' - . - ' - . - ' - . -
finger, rosewine circle (13.5374) -> :
    band of sulfuras (16.5472) : +0.939979 %, from: mc
    cauterizing band (15.9554) : +0.755172 %, from: mc
- . - ' - . - ' - . - ' - . - ' - . - ' - . -
finger 2, fordring's seal (9.47427) -> :
    cauterizing band (16.2523) : +2.14207 %, from: mc
    band of sulfuras (11.6422) : +0.685138 %, from: mc
    rosewine circle (11.0118) : +0.485911 %, from: pre-raid
    seal of the archmagus (10.7774) : +0.411822 %, from: mc
    ring of demonic guile (10.7675) : +0.408716 %, from: pre-raid
    seal of rivendare (9.52454) : +0.0158845 %, from: pre-raid
- . - ' - . - ' - . - ' - . - ' - . - ' - . -
trinket, briarwood reed (5.3884) -> :
    shard of the scale (25.3178) : +6.57146 %, from: onyxia
    mindtap talisman (16.7659) : +3.75158 %, from: pre-raid
    royal seal of eldre'thalas (14.3773) : +2.96396 %, from: pre-raid
    shard of afrasa (9.45615) : +1.34129 %, from: pre-raid
- . - ' - . - ' - . - ' - . - ' - . - ' - . -
trinket 2, royal seal of eldre'thalas (13.4362) -> :
    shard of the scale (15.2446) : +0.55954 %, from: onyxia
------------------
- - - - - - - - - - - - - - - - - - - - - - - - - - - - - -
| Upgrades at start level, from start item to candidate:  |
. . . . . . . . . . . . . . . . . . . . . . . . . . . . . .
- . - ' - . - ' - . - ' - . - ' - . - ' - . -
head, halo of transcendence (25.8613) -> :
- . - ' - . - ' - . - ' - . - ' - . - ' - . -
neck, animated chain necklace (7.28915) -> :
    choker of the fire lord (8.27991) : +0.404108 %, from: mc
    choker of enlightenment (7.70003) : +0.167587 %, from: mc
- . - ' - . - ' - . - ' - . - ' - . - ' - . -
shoulders, devout mantle (15.1007) -> :
- . - ' - . - ' - . - ' - . - ' - . - ' - . -
back, hide of the wild (11.1353) -> :
- . - ' - . - ' - . - ' - . - ' - . - ' - . -
chest, devout robe (19.2645) -> :
    robes of prophecy (20.4309) : +0.475775 %, from: mc
    truefaith vestments (19.9254) : +0.269557 %, from: tailoring bop
- . - ' - . - ' - . - ' - . - ' - . - ' - . -
wrists, devout bracers (12.0518) -> :
    vambraces of prophecy (14.588) : +1.03444 %, from: mc
- . - ' - . - ' - . - ' - . - ' - . - ' - . -
two-hand, quel'dorai channeling rod (18.9153) -> :
    benediction (36.5376) : +7.18779 %, from: mc
    staff of dominance (26.4512) : +3.07372 %, from: mc
    aurastone hammer and fire runed grimoire (25.1544) : +2.54481 %, from: mc, mc
    aurastone hammer and milli's lexicon (24.0043) : +2.07571 %, from: mc, pre-raid
    aurastone hammer and thaurissan's royal scepter (23.4944) : +1.86772 %, from: mc, pre-raid
    aurastone hammer and ancient cornerstone grimoire (23.4155) : +1.83553 %, from: mc, onyxia
    aurastone hammer and penelope's rose (22.2845) : +1.37424 %, from: mc, pre-raid (scholo quest)
    aurastone hammer and spellbound tome (22.2472) : +1.35901 %, from: mc, pre-raid
    sorcerous dagger and fire runed grimoire (21.1488) : +0.91099 %, from: mc, mc
    aurastone hammer and globe of d'sak (21.1159) : +0.897565 %, from: mc, pre-raid
    sorcerous dagger and milli's lexicon (20.3092) : +0.568534 %, from: mc, pre-raid
    sorcerous dagger and ancient cornerstone grimoire (20.2424) : +0.541299 %, from: mc, onyxia
    anathema (20.2142) : +0.529785 %, from: mc
    sorcerous dagger and thaurissan's royal scepter (20.1407) : +0.499805 %, from: mc, pre-raid
    aurastone hammer and brightly glowing stone (19.7045) : +0.321905 %, from: mc, pre-raid
- . - ' - . - ' - . - ' - . - ' - . - ' - . -
ranged, dragon finger of intellect (2.93225) -> :
    mana channeling wand (3.90869) : +0.398271 %, from: pre-raid
    oblivion's touch (3.87975) : +0.386464 %, from: pre-raid
    lunar wand of the owl (3.69823) : +0.312426 %, from: random green
    crimson shocker (3.6151) : +0.278519 %, from: mc
    lunar wand of healing (3.57056) : +0.260352 %, from: random green
    bonecreeper stylus (3.49524) : +0.229632 %, from: pre-raid
    lunar wand of intellect (3.38756) : +0.185711 %, from: random green
- . - ' - . - ' - . - ' - . - ' - . - ' - . -
hands, shadowy laced handwraps (11.804) -> :
    gloves of prophecy (18.2324) : +2.62201 %, from: mc
    hands of the exalted herald (14.9064) : +1.26541 %, from: pre-raid
- . - ' - . - ' - . - ' - . - ' - . - ' - . -
waist, thuzadin sash (10.7944) -> :
    whipvine cord (15.7441) : +2.01888 %, from: pre-raid
    girdle of prophecy (15.4309) : +1.89112 %, from: mc
    mana igniting cord (12.3443) : +0.632153 %, from: mc
- . - ' - . - ' - . - ' - . - ' - . - ' - . -
legs, pants of prophecy (25.5365) -> :
    leggings of transcendence (29.9873) : +1.8154 %, from: mc
- . - ' - . - ' - . - ' - . - ' - . - ' - . -
feet, devout sandals (13.9338) -> :
    boots of prophecy (14.8083) : +0.356708 %, from: mc
- . - ' - . - ' - . - ' - . - ' - . - ' - . -
finger, rosewine circle (10.4196) -> :
    cauterizing band (12.7808) : +0.96307 %, from: mc
- . - ' - . - ' - . - ' - . - ' - . - ' - . -
finger 2, fordring's seal (8.16875) -> :
    cauterizing band (11.7535) : +1.46215 %, from: mc
    rosewine circle (8.71619) : +0.22329 %, from: pre-raid
- . - ' - . - ' - . - ' - . - ' - . - ' - . -
trinket, briarwood reed (5.24489) -> :
    shard of the scale (10.3902) : +2.09868 %, from: onyxia
    royal seal of eldre'thalas (8.5724) : +1.35723 %, from: pre-raid
    mindtap talisman (7.1683) : +0.784523 %, from: pre-raid
- . - ' - . - ' - . - ' - . - ' - . - ' - . -
trinket 2, royal seal of eldre'thalas (10.3371) -> :
    shard of the scale (12.2585) : +0.783726 %, from: onyxia
-- Stat values at start item level: --
Current relative stat values for matching or exceeding +50 pts of sp
int: 341.385
spi: 204.626
sta: 0
agi: 0
mp5: 774.439
sp: 100
sp_shadow: 0
sp_healing: 100
spell crit: 256.342
spell hit: 0
arcane res: 0
nature res: 0
fire res: 0
frost res: 0
shadow res: 0
armor: 0
defense: 0
dodge: 0
parry: 0
------------------
Best value: 323.202
