Your call: ./css 5 ../items/more_raid.csv -b 0.5 -r 0.3 
Found: -b, val: 0.5
./css 5 ../items/more_raid.csv -r 0.3 
Found: -r, val: 0.3
./css 5 ../items/more_raid.csv 
Shuffle seed: 3829996423
Reading tmp locked from: start_with.txt
Locking: anastari heirloom
Locking: animated chain necklace
Locking: argent crusader
Locking: atal'ai gloves of the owl
Locking: banshee finger
Locking: blood of the martyr
Locking: briarwood reed
Locking: burial shawl
Locking: crimson felt hat
Locking: cyclopean band
Locking: devout belt
Locking: devout bracers
Locking: devout crown
Locking: devout mantle
Locking: devout robe
Locking: devout sandals
Locking: devout skirt
Locking: dragon finger of intellect
Locking: dragonslayer's signet
Locking: drakefire amulet
Locking: dreadmist mantle
Locking: dreamweave circlet
Locking: dreamweave gloves
Locking: dreamweave vest
Locking: eye of the beast
Locking: fordring's seal
Locking: grimgore noose
Locking: halo of transcendence
Locking: heart of the fiend
Locking: hide of the wild
Locking: kentic amice
Locking: magister's robes
Locking: maleki's footwraps
Locking: nature's breath
Locking: necropile boots
Locking: necropile cuffs
Locking: necropile mantle
Locking: noxious shooter
Locking: omnicast boots
Locking: orb of the forgotten seer
Locking: padre's trousers
Locking: penelope's rose
Locking: quel'dorai channeling rod
Locking: raincaster drape
Locking: rainstrider leggings
Locking: ring of demonic guile
Locking: ring of demonic guile
Locking: robes of the royal crown
Locking: rod of corrosion
Locking: rosewine circle
Locking: royal seal of eldre'thalas
Locking: royal tribunal cloak
Locking: sarah's guide
Locking: seal of rivendare
Locking: seal of rivendare
Locking: shadowy laced handwraps
Locking: silkweb gloves
Locking: soulstealer mantle
Locking: spellbound tome
Locking: spritecaster cape
Locking: starfire tiara
Locking: the hammer of grace
Locking: the postmaster's treads
Locking: thuzadin sash
Locking: triune amulet
Locking: vinerot sandals
Locking: wolfshear leggings
Locking: pants of prophecy
Locking: clutch of andros
Locking: star of mystaria
Locking: dragonrider boots
Locking: anathema
Locking: benediction
Locking: girdle of prophecy
Locking: dragon finger of healing
Optimizing start items...
[Perf] spent in FindBestPveHealingCounts: 0.0104115 s, that's: 100.003 % of total.

*** NEW BEST (1): 190.34

*** NEW BEST (1): 219.481

*** NEW BEST (1): 230.349

*** NEW BEST (1): 237.643

*** NEW BEST (1): 246.27

*** NEW BEST (1): 257.478

*** NEW BEST (1): 264.316

*** NEW BEST (1): 281.062

*** NEW BEST (1): 294.541

*** NEW BEST (1): 306.213

*** NEW BEST (1): 317.452

*** NEW BEST (1): 325.357

*** NEW BEST (1): 335.833

*** NEW BEST (1): 378.756

*** NEW BEST (1): 393.005

*** NEW BEST (1): 420.013
***neck : star of mystaria -> animated chain necklace => val: 415.405 -> 415.921
finger 2 : rosewine circle -> ring of demonic guile => val: 415.921 -> 417.386

*** NEW BEST (0): 417.524
chest : devout robe -> magister's robes => val: 417.524 -> 418.838

*** NEW BEST (0): 418.838
*finger 2 : ring of demonic guile -> rosewine circle => val: 418.838 -> 422.032

*** NEW BEST (0): 422.166
wrists : devout bracers -> necropile cuffs => val: 422.166 -> 422.239

*** NEW BEST (0): 422.239
*
Read starting items and cleared locks.
 ----------------------------
 --- head --- 
name: halo of transcendence
slot: head
intelligence: 27
stamina: 17
spirit: 22
sp_healing: 48
fire_res: 10
frost_res: 10
armor: 94
 ----------------------------
 --- neck --- 
name: animated chain necklace
slot: neck
stamina: 7
spirit: 6
sp_healing: 33
 ----------------------------
 --- shoulders --- 
name: burial shawl
slot: shoulders
intelligence: 16
sp: 20
armor: 65
 ----------------------------
 --- back --- 
name: hide of the wild
slot: back
intelligence: 10
stamina: 8
sp_healing: 42
armor: 48
 ----------------------------
 --- chest --- 
name: magister's robes
slot: chest
intelligence: 31
stamina: 9
spirit: 8
armor: 89
 ----------------------------
 --- wrists --- 
name: necropile cuffs
slot: wrists
intelligence: 11
stamina: 12
spirit: 7
armor: 38
 ----------------------------
 --- two-hand --- 
name: benediction
slot: two-hand
intelligence: 31
stamina: 10
spirit: 12
sp_healing: 106
spell_crit: 2
shadow_res: 20
 ----------------------------
 ---  --- 
name: 
slot: 
 ----------------------------
 ---  --- 
name: 
slot: 
 ----------------------------
 ---  --- 
name: 
slot: 
 ----------------------------
 --- ranged --- 
name: dragon finger of healing
slot: ranged
sp_healing: 18
 ----------------------------
 --- hands --- 
name: shadowy laced handwraps
slot: hands
intelligence: 15
mp5: 5
shadow_res: 12
armor: 53
 ----------------------------
 --- waist --- 
name: girdle of prophecy
slot: waist
intelligence: 22
stamina: 10
spirit: 10
sp: 9
mp5: 4
fire_res: 7
armor: 57
 ----------------------------
 --- legs --- 
name: pants of prophecy
slot: legs
intelligence: 24
stamina: 18
spirit: 20
sp_healing: 22
mp5: 6
shadow_res: 10
armor: 89
 ----------------------------
 --- feet --- 
name: dragonrider boots
slot: feet
intelligence: 16
stamina: 5
sp_healing: 18
armor: 61
 ----------------------------
 --- finger --- 
name: fordring's seal
slot: finger
intelligence: 5
stamina: 4
sp_healing: 37
 ----------------------------
 --- finger --- 
name: rosewine circle
slot: finger
sp_healing: 29
mp5: 5
 ----------------------------
 --- trinket --- 
name: briarwood reed
slot: trinket
sp: 29
 ----------------------------
 --- trinket --- 
name: royal seal of eldre'thalas
slot: trinket
sp_healing: 33
mp5: 4
 ----------------------------
 --- Set bonuses ---
name: 
slot: Set bonuses
 --- And counts for start items ---
For 60 s fights:
    casts: 13, ticks: 2, ticks_oom: 0
    Heal, rank: 2, count: 0
    Heal, rank: 4, count: 3
    Greater Heal, rank: 1, count: 6
    Greater Heal, rank: 4, count: 0
    Flash Heal, rank: 7, count: 0
    Renew, rank: 10, count: 2
    Prayer of Healing, rank: 5, count: 0
    pve info: 1
    hps: 711.568
For 120 s fights:
    casts: 11, ticks: 10, ticks_oom: 0
    Heal, rank: 2, count: 3
    Heal, rank: 4, count: 0
    Greater Heal, rank: 1, count: 6
    Greater Heal, rank: 4, count: 2
    Flash Heal, rank: 7, count: 0
    Renew, rank: 10, count: 2
    Prayer of Healing, rank: 5, count: 0
    pve info: 1
    hps: 472.366
For 180 s fights:
    casts: 13, ticks: 10, ticks_oom: 0
    Heal, rank: 2, count: 3
    Heal, rank: 4, count: 0
    Greater Heal, rank: 1, count: 1
    Greater Heal, rank: 4, count: 0
    Flash Heal, rank: 7, count: 0
    Renew, rank: 10, count: 1
    Prayer of Healing, rank: 5, count: 0
    pve info: 1
    hps: 383.508
For 240 s fights:
    casts: 14, ticks: 9, ticks_oom: 0
    Heal, rank: 2, count: 11
    Heal, rank: 4, count: 0
    Greater Heal, rank: 1, count: 0
    Greater Heal, rank: 4, count: 0
    Flash Heal, rank: 7, count: 0
    Renew, rank: 10, count: 0
    Prayer of Healing, rank: 5, count: 0
    pve info: 1
    hps: 344.038
For 300 s fights:
    casts: 11, ticks: 9, ticks_oom: 0
    Heal, rank: 2, count: 12
    Heal, rank: 4, count: 1
    Greater Heal, rank: 1, count: 0
    Greater Heal, rank: 4, count: 0
    Flash Heal, rank: 7, count: 0
    Renew, rank: 10, count: 0
    Prayer of Healing, rank: 5, count: 0
    pve info: 0.998669
    hps: 313.283
For 360 s fights:
    casts: 14, ticks: 10, ticks_oom: 3
    Heal, rank: 2, count: 15
    Heal, rank: 4, count: 0
    Greater Heal, rank: 1, count: 0
    Greater Heal, rank: 4, count: 0
    Flash Heal, rank: 7, count: 0
    Renew, rank: 10, count: 0
    Prayer of Healing, rank: 5, count: 0
    pve info: 0.99668
    hps: 297.279
.
*** NEW BEST (1): 425.161

*** NEW BEST (1): 452.466

*** NEW BEST (1): 454.248

*** NEW BEST (1): 462.013

*** NEW BEST (1): 468.277

*** NEW BEST (1): 477.897

*** NEW BEST (1): 489.031

*** NEW BEST (1): 502.802

*** NEW BEST (1): 517.321

*** NEW BEST (1): 518.763

*** NEW BEST (1): 524.876

*** NEW BEST (1): 526.46

*** NEW BEST (1): 543.3

*** NEW BEST (1): 550.421
.....
*** NEW BEST (1): 553.576

*** NEW BEST (1): 555.437

*** NEW BEST (1): 555.718
...........................Temporary bans and partial set bonuses off.
.
*** NEW BEST (0): 550.232
Current relative stat values for matching or exceeding +50 pts of sp
int: 88.1761
spi: 49.9089
sta: 0
agi: 0
mp5: 205.631
sp: 100
sp_shadow: 0
sp_healing: 100
spell crit: 302.093
spell hit: 0
arcane res: 0
nature res: 0
fire res: 0
frost res: 0
shadow res: 0
armor: 0
defense: 0
dodge: 0
parry: 0
two-hand : benediction    ->   lok'amir il romathis lei of the lifegiver => val: 550.232 -> 553.067

*** NEW BEST (0): 554.982
Current relative stat values for matching or exceeding +50 pts of sp
int: 105.852
spi: 47.921
sta: 0
agi: 0
mp5: 203.404
sp: 100
sp_shadow: 0
sp_healing: 100
spell crit: 312.124
spell hit: 0
arcane res: 0
nature res: 0
fire res: 0
frost res: 0
shadow res: 0
armor: 0
defense: 0
dodge: 0
parry: 0
.......***** INTERMEDIATE RESULTS *****
Iteration: 41
 ----------------------------
 --- head --- 
name: halo of transcendence
slot: head
intelligence: 27
stamina: 17
spirit: 22
sp_healing: 48
fire_res: 10
frost_res: 10
armor: 94
 ----------------------------
 --- neck --- 
name: pendant of the fallen dragon
slot: neck
intelligence: 12
stamina: 9
mp5: 9
 ----------------------------
 --- shoulders --- 
name: pauldrons of transcendence
slot: shoulders
intelligence: 25
stamina: 12
spirit: 13
sp_healing: 26
fire_res: 10
armor: 87
 ----------------------------
 --- back --- 
name: shroud of pure thought
slot: back
intelligence: 11
stamina: 10
sp_healing: 33
mp5: 6
armor: 57
 ----------------------------
 --- chest --- 
name: robes of transcendence
slot: chest
intelligence: 27
stamina: 17
spirit: 16
sp_healing: 57
nature_res: 10
fire_res: 10
armor: 116
 ----------------------------
 --- wrists --- 
name: bindings of transcendence
slot: wrists
intelligence: 13
stamina: 9
spirit: 16
sp_healing: 33
armor: 51
 ----------------------------
 ---  --- 
name: 
slot: 
 ----------------------------
 --- main hand --- 
name: lok'amir il romathis
slot: main hand
intelligence: 18
stamina: 10
spirit: 8
sp: 84
 ----------------------------
 ---  --- 
name: 
slot: 
 ----------------------------
 --- off hand --- 
name: lei of the lifegiver
slot: off hand
sp_healing: 53
mp5: 3
 ----------------------------
 --- ranged --- 
name: essence gatherer
slot: ranged
intelligence: 7
stamina: 5
mp5: 5
 ----------------------------
 --- hands --- 
name: handguards of transcendence
slot: hands
intelligence: 20
stamina: 12
spirit: 13
sp_healing: 29
spell_crit: 1
armor: 72
 ----------------------------
 --- waist --- 
name: belt of transcendence
slot: waist
intelligence: 26
stamina: 14
spirit: 9
sp_healing: 26
shadow_res: 10
armor: 65
 ----------------------------
 --- legs --- 
name: leggings of transcendence
slot: legs
intelligence: 21
stamina: 16
spirit: 21
sp_healing: 46
mp5: 7
arcane_res: 10
shadow_res: 10
armor: 101
 ----------------------------
 --- feet --- 
name: boots of pure thought
slot: feet
intelligence: 12
stamina: 8
spirit: 12
sp_healing: 62
armor: 74
 ----------------------------
 --- finger --- 
name: pure elementium band
slot: finger
intelligence: 10
stamina: 9
spirit: 10
sp_healing: 53
 ----------------------------
 --- finger --- 
name: cauterizing band
slot: finger
intelligence: 12
stamina: 9
sp_healing: 46
 ----------------------------
 --- trinket --- 
name: royal seal of eldre'thalas
slot: trinket
sp_healing: 33
mp5: 4
 ----------------------------
 --- trinket --- 
name: rejuvenating gem
slot: trinket
sp_healing: 66
mp5: 9
 ----------------------------
 --- Set bonuses ---
name: transcendence 3 
slot: Set bonuses
------------------
Best value: 554.982
------------------
Char stats: 
Effective hp: 7063
Effective mana: 12336.7
Raw max mana: 7672.6
Int: 406.2
Stam: 294.2
Spirit: 326.2
Strength: 50.2
Agility: 54.2
Mp5: 110
Sp: 84
Sp shadow: 0
Sp healing: 666
Spell crit: 1
Spell hit: 0
Arcane res: 37
Nature res: 37
Fire res: 57
Frost res: 37
Shadow res: 47
Armor: 2915.75
Defense: 300
Dodge: 0
Parry: 0
HpsPvp: 1041.92
ShadowDps: 221.449
Value pvp healing: 872.731
Value pvp shadow: 39.4243
------------------
Best counts:
For 60 s fights:
    casts: 19, ticks: 3, ticks_oom: 0
    Heal, rank: 2, count: 2
    Heal, rank: 4, count: 3
    Greater Heal, rank: 1, count: 0
    Greater Heal, rank: 4, count: 2
    Flash Heal, rank: 7, count: 0
    Renew, rank: 10, count: 2
    Prayer of Healing, rank: 5, count: 1
    pve info: 1
    hps: 842.983
For 120 s fights:
    casts: 18, ticks: 2, ticks_oom: 0
    Heal, rank: 2, count: 12
    Heal, rank: 4, count: 0
    Greater Heal, rank: 1, count: 7
    Greater Heal, rank: 4, count: 0
    Flash Heal, rank: 7, count: 0
    Renew, rank: 10, count: 2
    Prayer of Healing, rank: 5, count: 0
    pve info: 1
    hps: 612.952
For 180 s fights:
    casts: 19, ticks: 4, ticks_oom: 0
    Heal, rank: 2, count: 5
    Heal, rank: 4, count: 0
    Greater Heal, rank: 1, count: 0
    Greater Heal, rank: 4, count: 0
    Flash Heal, rank: 7, count: 0
    Renew, rank: 10, count: 1
    Prayer of Healing, rank: 5, count: 0
    pve info: 1
    hps: 522.88
For 240 s fights:
    casts: 18, ticks: 10, ticks_oom: 0
    Heal, rank: 2, count: 17
    Heal, rank: 4, count: 2
    Greater Heal, rank: 1, count: 1
    Greater Heal, rank: 4, count: 0
    Flash Heal, rank: 7, count: 0
    Renew, rank: 10, count: 1
    Prayer of Healing, rank: 5, count: 0
    pve info: 1
    hps: 467.503
For 300 s fights:
    casts: 20, ticks: 7, ticks_oom: 0
    Heal, rank: 2, count: 12
    Heal, rank: 4, count: 0
    Greater Heal, rank: 1, count: 0
    Greater Heal, rank: 4, count: 0
    Flash Heal, rank: 7, count: 0
    Renew, rank: 10, count: 0
    Prayer of Healing, rank: 5, count: 0
    pve info: 1
    hps: 441.305
For 360 s fights:
    casts: 15, ticks: 9, ticks_oom: 0
    Heal, rank: 2, count: 14
    Heal, rank: 4, count: 0
    Greater Heal, rank: 1, count: 3
    Greater Heal, rank: 4, count: 0
    Flash Heal, rank: 7, count: 0
    Renew, rank: 10, count: 1
    Prayer of Healing, rank: 5, count: 0
    pve info: 1
    hps: 416.404
------------------
Upgrades: 
(0) -> lok'amir il romathis(41.1599) : 41.1599 = +8.01052%
briarwood reed(8.84558) -> rejuvenating gem(30.4553) : 21.6097 = +4.05152%
(0) -> lei of the lifegiver(19.3138) : 19.3138 = +3.60555%
magister's robes(20.7203) -> robes of transcendence(38.6161) : 17.8959 = +3.33203%
dragonrider boots(14.2527) -> boots of pure thought(29.2909) : 15.0382 = +2.78514%
necropile cuffs(8.50055) -> bindings of transcendence(21.4513) : 12.9507 = +2.3893%
fordring's seal(13.7608) -> pure elementium band(24.6235) : 10.8627 = +1.99637%
shadowy laced handwraps(17.3411) -> handguards of transcendence(27.6991) : 10.358 = +1.90186%
burial shawl(17.6746) -> pauldrons of transcendence(27.8227) : 10.1481 = +1.86261%
pants of prophecy(33.013) -> leggings of transcendence(40.5049) : 7.49188 = +1.3684%
rosewine circle(14.8954) -> cauterizing band(21.2994) : 6.40399 = +1.16738%
animated chain necklace(12.7595) -> pendant of the fallen dragon(18.9525) : 6.19305 = +1.12849%
hide of the wild(18.715) -> shroud of pure thought(23.5466) : 4.83154 = +0.878221%
dragon finger of healing(5.5) -> essence gatherer(10.1773) : 4.67731 = +0.849948%
girdle of prophecy(23.3867) -> belt of transcendence(27.5515) : 4.16473 = +0.7561%
royal seal of eldre'thalas(14.4307) -> royal seal of eldre'thalas(14.4307) : 0 = +0%
halo of transcendence(38.648) -> halo of transcendence(38.648) : 0 = +0%
benediction(47.9268) -> (0) : -47.9268 = +-7.94925%
------------------
~~~~ end of intermediate results ~~~~
Temporary bans and partial set bonuses on.
..
*** NEW BEST (1): 555.564
Current relative stat values for matching or exceeding +50 pts of sp
int: 105.102
spi: 61.8256
sta: 0
agi: 0
mp5: 213.885
sp: 100
sp_shadow: 0
sp_healing: 100
spell crit: 312.78
spell hit: 0
arcane res: 0
nature res: 0
fire res: 0
frost res: 0
shadow res: 0
armor: 0
defense: 0
dodge: 0
parry: 0
.
*** NEW BEST (1): 557.513
Current relative stat values for matching or exceeding +50 pts of sp
int: 125.694
spi: 62.7931
sta: 0
agi: 0
mp5: 242.641
sp: 100
sp_shadow: 0
sp_healing: 100
spell crit: 312.692
spell hit: 0
arcane res: 0
nature res: 0
fire res: 0
frost res: 0
shadow res: 0
armor: 0
defense: 0
dodge: 0
parry: 0
..............Temporary bans and partial set bonuses off.
.two-hand : benediction    ->   lok'amir il romathis lei of the lifegiver => val: 555.261 -> 557.306

*** NEW BEST (0): 558.522
Current relative stat values for matching or exceeding +50 pts of sp
int: 112.918
spi: 59.9829
sta: 0
agi: 0
mp5: 219.823
sp: 100
sp_shadow: 0
sp_healing: 100
spell crit: 317.278
spell hit: 0
arcane res: 0
nature res: 0
fire res: 0
frost res: 0
shadow res: 0
armor: 0
defense: 0
dodge: 0
parry: 0
ranged : dragon's touch -> essence gatherer => val: 558.522 -> 558.711

*** NEW BEST (0): 559.211
Current relative stat values for matching or exceeding +50 pts of sp
int: 107.021
spi: 53.6455
sta: 0
agi: 0
mp5: 200.036
sp: 100
sp_shadow: 0
sp_healing: 100
spell crit: 317.345
spell hit: 0
arcane res: 0
nature res: 0
fire res: 0
frost res: 0
shadow res: 0
armor: 0
defense: 0
dodge: 0
parry: 0
.......***** INTERMEDIATE RESULTS *****
Iteration: 66
 ----------------------------
 --- head --- 
name: halo of transcendence
slot: head
intelligence: 27
stamina: 17
spirit: 22
sp_healing: 48
fire_res: 10
frost_res: 10
armor: 94
 ----------------------------
 --- neck --- 
name: choker of the fire lord
slot: neck
intelligence: 7
stamina: 7
sp: 34
 ----------------------------
 --- shoulders --- 
name: pauldrons of transcendence
slot: shoulders
intelligence: 25
stamina: 12
spirit: 13
sp_healing: 26
fire_res: 10
armor: 87
 ----------------------------
 --- back --- 
name: shroud of pure thought
slot: back
intelligence: 11
stamina: 10
sp_healing: 33
mp5: 6
armor: 57
 ----------------------------
 --- chest --- 
name: robes of transcendence
slot: chest
intelligence: 27
stamina: 17
spirit: 16
sp_healing: 57
nature_res: 10
fire_res: 10
armor: 116
 ----------------------------
 --- wrists --- 
name: bindings of transcendence
slot: wrists
intelligence: 13
stamina: 9
spirit: 16
sp_healing: 33
armor: 51
 ----------------------------
 ---  --- 
name: 
slot: 
 ----------------------------
 --- main hand --- 
name: lok'amir il romathis
slot: main hand
intelligence: 18
stamina: 10
spirit: 8
sp: 84
 ----------------------------
 ---  --- 
name: 
slot: 
 ----------------------------
 --- off hand --- 
name: lei of the lifegiver
slot: off hand
sp_healing: 53
mp5: 3
 ----------------------------
 --- ranged --- 
name: essence gatherer
slot: ranged
intelligence: 7
stamina: 5
mp5: 5
 ----------------------------
 --- hands --- 
name: handguards of transcendence
slot: hands
intelligence: 20
stamina: 12
spirit: 13
sp_healing: 29
spell_crit: 1
armor: 72
 ----------------------------
 --- waist --- 
name: belt of transcendence
slot: waist
intelligence: 26
stamina: 14
spirit: 9
sp_healing: 26
shadow_res: 10
armor: 65
 ----------------------------
 --- legs --- 
name: empowered leggings
slot: legs
intelligence: 12
stamina: 12
spirit: 24
sp_healing: 77
spell_crit: 1
armor: 103
 ----------------------------
 --- feet --- 
name: boots of pure thought
slot: feet
intelligence: 12
stamina: 8
spirit: 12
sp_healing: 62
armor: 74
 ----------------------------
 --- finger --- 
name: pure elementium band
slot: finger
intelligence: 10
stamina: 9
spirit: 10
sp_healing: 53
 ----------------------------
 --- finger --- 
name: cauterizing band
slot: finger
intelligence: 12
stamina: 9
sp_healing: 46
 ----------------------------
 --- trinket --- 
name: darkmoon card: blue dragon
slot: trinket
 ----------------------------
 --- trinket --- 
name: rejuvenating gem
slot: trinket
sp_healing: 66
mp5: 9
 ----------------------------
 --- Set bonuses ---
name: darkmoon 1 transcendence 3 
slot: Set bonuses
------------------
Best value: 559.211
------------------
Char stats: 
Effective hp: 7009.4
Effective mana: 11746.4
Raw max mana: 7462.6
Int: 392.2
Stam: 288.2
Spirit: 329.2
Strength: 50.2
Agility: 54.2
Mp5: 90
Sp: 118
Sp shadow: 0
Sp healing: 664
Spell crit: 2
Spell hit: 0
Arcane res: 27
Nature res: 37
Fire res: 57
Frost res: 37
Shadow res: 37
Armor: 2917.75
Defense: 300
Dodge: 0
Parry: 0
HpsPvp: 1054.36
ShadowDps: 229.374
Value pvp healing: 827.596
Value pvp shadow: 39.1676
------------------
Best counts:
For 60 s fights:
    casts: 20, ticks: 3, ticks_oom: 0
    Heal, rank: 2, count: 3
    Heal, rank: 4, count: 3
    Greater Heal, rank: 1, count: 0
    Greater Heal, rank: 4, count: 2
    Flash Heal, rank: 7, count: 0
    Renew, rank: 10, count: 2
    Prayer of Healing, rank: 5, count: 1
    pve info: 1
    hps: 842.349
For 120 s fights:
    casts: 20, ticks: 2, ticks_oom: 0
    Heal, rank: 2, count: 13
    Heal, rank: 4, count: 0
    Greater Heal, rank: 1, count: 7
    Greater Heal, rank: 4, count: 0
    Flash Heal, rank: 7, count: 0
    Renew, rank: 10, count: 2
    Prayer of Healing, rank: 5, count: 0
    pve info: 1
    hps: 618.558
For 180 s fights:
    casts: 17, ticks: 3, ticks_oom: 0
    Heal, rank: 2, count: 8
    Heal, rank: 4, count: 0
    Greater Heal, rank: 1, count: 0
    Greater Heal, rank: 4, count: 0
    Flash Heal, rank: 7, count: 0
    Renew, rank: 10, count: 1
    Prayer of Healing, rank: 5, count: 0
    pve info: 1
    hps: 529.176
For 240 s fights:
    casts: 18, ticks: 10, ticks_oom: 0
    Heal, rank: 2, count: 17
    Heal, rank: 4, count: 0
    Greater Heal, rank: 1, count: 2
    Greater Heal, rank: 4, count: 0
    Flash Heal, rank: 7, count: 0
    Renew, rank: 10, count: 1
    Prayer of Healing, rank: 5, count: 0
    pve info: 1
    hps: 470.948
For 300 s fights:
    casts: 18, ticks: 10, ticks_oom: 0
    Heal, rank: 2, count: 9
    Heal, rank: 4, count: 0
    Greater Heal, rank: 1, count: 0
    Greater Heal, rank: 4, count: 0
    Flash Heal, rank: 7, count: 0
    Renew, rank: 10, count: 1
    Prayer of Healing, rank: 5, count: 0
    pve info: 1
    hps: 446.246
For 360 s fights:
    casts: 18, ticks: 10, ticks_oom: 0
    Heal, rank: 2, count: 22
    Heal, rank: 4, count: 0
    Greater Heal, rank: 1, count: 4
    Greater Heal, rank: 4, count: 0
    Flash Heal, rank: 7, count: 0
    Renew, rank: 10, count: 0
    Prayer of Healing, rank: 5, count: 0
    pve info: 1
    hps: 418.68
------------------
Upgrades: 
(0) -> lok'amir il romathis(43.9605) : 43.9605 = +8.53187%
(0) -> lei of the lifegiver(20.0446) : 20.0446 = +3.7177%
royal seal of eldre'thalas(15.1351) -> rejuvenating gem(33.8311) : 18.6959 = +3.45891%
magister's robes(24.617) -> robes of transcendence(42.6047) : 17.9877 = +3.32352%
dragonrider boots(17.1538) -> boots of pure thought(31.989) : 14.8352 = +2.72518%
burial shawl(17.483) -> pauldrons of transcendence(31.8167) : 14.3336 = +2.63061%
necropile cuffs(13.5967) -> bindings of transcendence(27.6576) : 14.0609 = +2.57926%
fordring's seal(14.2269) -> pure elementium band(27.4676) : 13.2407 = +2.42517%
briarwood reed(8.66064) -> darkmoon card: blue dragon(21.0665) : 12.4059 = +2.26879%
shadowy laced handwraps(18.6467) -> handguards of transcendence(30.8233) : 12.1766 = +2.22593%
pants of prophecy(32.9473) -> empowered leggings(44.7007) : 11.7535 = +2.14692%
hide of the wild(19.3792) -> shroud of pure thought(27.2921) : 7.9129 = +1.43532%
rosewine circle(15.514) -> cauterizing band(23.3723) : 7.85834 = +1.42528%
dragon finger of healing(5.43445) -> essence gatherer(12.8508) : 7.41638 = +1.34405%
girdle of prophecy(26.1745) -> belt of transcendence(30.1086) : 3.93414 = +0.708501%
animated chain necklace(12.4794) -> choker of the fire lord(15.4241) : 2.9447 = +0.529369%
halo of transcendence(40.9641) -> halo of transcendence(40.9641) : 0 = +0%
benediction(49.5077) -> (0) : -49.5077 = +-8.13309%
------------------
~~~~ end of intermediate results ~~~~
Temporary bans and partial set bonuses on.
........
*** NEW BEST (1): 561.423
Current relative stat values for matching or exceeding +50 pts of sp
int: 97.6365
spi: 53.318
sta: 0
agi: 0
mp5: 201.076
sp: 100
sp_shadow: 0
sp_healing: 100
spell crit: 315.328
spell hit: 0
arcane res: 0
nature res: 0
fire res: 0
frost res: 0
shadow res: 0
armor: 0
defense: 0
dodge: 0
parry: 0
.............Temporary bans and partial set bonuses off.
.feet : boots of transcendence -> boots of pure thought => val: 554.805 -> 560.177

*** NEW BEST (0): 560.393
Current relative stat values for matching or exceeding +50 pts of sp
int: 73.6799
spi: 43.5847
sta: 0
agi: 0
mp5: 178.794
sp: 100
sp_shadow: 0
sp_healing: 100
spell crit: 308.788
spell hit: 0
arcane res: 0
nature res: 0
fire res: 0
frost res: 0
shadow res: 0
armor: 0
defense: 0
dodge: 0
parry: 0
........***** INTERMEDIATE RESULTS *****
Iteration: 96
 ----------------------------
 --- head --- 
name: halo of transcendence
slot: head
intelligence: 27
stamina: 17
spirit: 22
sp_healing: 48
fire_res: 10
frost_res: 10
armor: 94
 ----------------------------
 --- neck --- 
name: choker of the fire lord
slot: neck
intelligence: 7
stamina: 7
sp: 34
 ----------------------------
 --- shoulders --- 
name: pauldrons of transcendence
slot: shoulders
intelligence: 25
stamina: 12
spirit: 13
sp_healing: 26
fire_res: 10
armor: 87
 ----------------------------
 --- back --- 
name: shroud of pure thought
slot: back
intelligence: 11
stamina: 10
sp_healing: 33
mp5: 6
armor: 57
 ----------------------------
 --- chest --- 
name: robes of transcendence
slot: chest
intelligence: 27
stamina: 17
spirit: 16
sp_healing: 57
nature_res: 10
fire_res: 10
armor: 116
 ----------------------------
 --- wrists --- 
name: bindings of transcendence
slot: wrists
intelligence: 13
stamina: 9
spirit: 16
sp_healing: 33
armor: 51
 ----------------------------
 ---  --- 
name: 
slot: 
 ----------------------------
 --- main hand --- 
name: lok'amir il romathis
slot: main hand
intelligence: 18
stamina: 10
spirit: 8
sp: 84
 ----------------------------
 ---  --- 
name: 
slot: 
 ----------------------------
 --- off hand --- 
name: lei of the lifegiver
slot: off hand
sp_healing: 53
mp5: 3
 ----------------------------
 --- ranged --- 
name: essence gatherer
slot: ranged
intelligence: 7
stamina: 5
mp5: 5
 ----------------------------
 --- hands --- 
name: gloves of prophecy
slot: hands
intelligence: 15
stamina: 10
spirit: 15
sp_healing: 18
mp5: 6
fire_res: 7
armor: 63
 ----------------------------
 --- waist --- 
name: belt of transcendence
slot: waist
intelligence: 26
stamina: 14
spirit: 9
sp_healing: 26
shadow_res: 10
armor: 65
 ----------------------------
 --- legs --- 
name: empowered leggings
slot: legs
intelligence: 12
stamina: 12
spirit: 24
sp_healing: 77
spell_crit: 1
armor: 103
 ----------------------------
 --- feet --- 
name: boots of pure thought
slot: feet
intelligence: 12
stamina: 8
spirit: 12
sp_healing: 62
armor: 74
 ----------------------------
 --- finger --- 
name: pure elementium band
slot: finger
intelligence: 10
stamina: 9
spirit: 10
sp_healing: 53
 ----------------------------
 --- finger --- 
name: cauterizing band
slot: finger
intelligence: 12
stamina: 9
sp_healing: 46
 ----------------------------
 --- trinket --- 
name: darkmoon card: blue dragon
slot: trinket
 ----------------------------
 --- trinket --- 
name: rejuvenating gem
slot: trinket
sp_healing: 66
mp5: 9
 ----------------------------
 --- Set bonuses ---
name: darkmoon 1 transcendence 3 
slot: Set bonuses
------------------
Best value: 560.393
------------------
Char stats: 
Effective hp: 6987.2
Effective mana: 11804.5
Raw max mana: 7387.6
Int: 387.2
Stam: 286.2
Spirit: 331.2
Strength: 50.2
Agility: 54.2
Mp5: 96
Sp: 118
Sp shadow: 0
Sp healing: 653
Spell crit: 1
Spell hit: 0
Arcane res: 27
Nature res: 37
Fire res: 64
Frost res: 37
Shadow res: 37
Armor: 2908.75
Defense: 300
Dodge: 0
Parry: 0
HpsPvp: 1048.49
ShadowDps: 227.845
Value pvp healing: 819.601
Value pvp shadow: 38.7037
------------------
Best counts:
For 60 s fights:
    casts: 18, ticks: 3, ticks_oom: 0
    Heal, rank: 2, count: 1
    Heal, rank: 4, count: 3
    Greater Heal, rank: 1, count: 1
    Greater Heal, rank: 4, count: 2
    Flash Heal, rank: 7, count: 1
    Renew, rank: 10, count: 2
    Prayer of Healing, rank: 5, count: 0
    pve info: 1
    hps: 854.587
For 120 s fights:
    casts: 12, ticks: 1, ticks_oom: 0
    Heal, rank: 2, count: 13
    Heal, rank: 4, count: 0
    Greater Heal, rank: 1, count: 6
    Greater Heal, rank: 4, count: 0
    Flash Heal, rank: 7, count: 0
    Renew, rank: 10, count: 2
    Prayer of Healing, rank: 5, count: 0
    pve info: 1
    hps: 615.068
For 180 s fights:
    casts: 17, ticks: 3, ticks_oom: 0
    Heal, rank: 2, count: 8
    Heal, rank: 4, count: 0
    Greater Heal, rank: 1, count: 0
    Greater Heal, rank: 4, count: 0
    Flash Heal, rank: 7, count: 0
    Renew, rank: 10, count: 1
    Prayer of Healing, rank: 5, count: 0
    pve info: 1
    hps: 526.836
For 240 s fights:
    casts: 19, ticks: 9, ticks_oom: 0
    Heal, rank: 2, count: 18
    Heal, rank: 4, count: 0
    Greater Heal, rank: 1, count: 0
    Greater Heal, rank: 4, count: 0
    Flash Heal, rank: 7, count: 0
    Renew, rank: 10, count: 2
    Prayer of Healing, rank: 5, count: 0
    pve info: 0.998347
    hps: 476.118
For 300 s fights:
    casts: 19, ticks: 10, ticks_oom: 0
    Heal, rank: 2, count: 8
    Heal, rank: 4, count: 0
    Greater Heal, rank: 1, count: 0
    Greater Heal, rank: 4, count: 0
    Flash Heal, rank: 7, count: 0
    Renew, rank: 10, count: 1
    Prayer of Healing, rank: 5, count: 0
    pve info: 1
    hps: 445.911
For 360 s fights:
    casts: 18, ticks: 9, ticks_oom: 0
    Heal, rank: 2, count: 29
    Heal, rank: 4, count: 0
    Greater Heal, rank: 1, count: 4
    Greater Heal, rank: 4, count: 0
    Flash Heal, rank: 7, count: 0
    Renew, rank: 10, count: 0
    Prayer of Healing, rank: 5, count: 0
    pve info: 1
    hps: 422.72
------------------
Upgrades: 
(0) -> lok'amir il romathis(40.0876) : 40.0876 = +7.70464%
(0) -> lei of the lifegiver(21.1352) : 21.1352 = +3.91931%
magister's robes(24.3282) -> robes of transcendence(43.0574) : 18.7291 = +3.4577%
dragonrider boots(13.6277) -> boots of pure thought(31.2476) : 17.6199 = +3.24627%
royal seal of eldre'thalas(16.6158) -> rejuvenating gem(32.9811) : 16.3654 = +3.00818%
necropile cuffs(10.1477) -> bindings of transcendence(24.8856) : 14.7379 = +2.70096%
briarwood reed(8.10229) -> darkmoon card: blue dragon(22.0726) : 13.9703 = +2.55668%
burial shawl(20.3347) -> pauldrons of transcendence(32.18) : 11.8453 = +2.1594%
pants of prophecy(29.5224) -> empowered leggings(40.991) : 11.4686 = +2.08928%
shadowy laced handwraps(17.4684) -> gloves of prophecy(28.9103) : 11.4419 = +2.08432%
fordring's seal(15.7768) -> pure elementium band(26.4572) : 10.6804 = +1.94291%
rosewine circle(15.4582) -> cauterizing band(23.1111) : 7.65289 = +1.38454%
dragon finger of healing(5.60071) -> essence gatherer(11.4935) : 5.89276 = +1.06272%
hide of the wild(21.1495) -> shroud of pure thought(25.2177) : 4.06818 = +0.731259%
girdle of prophecy(27.6711) -> belt of transcendence(31.6119) : 3.94073 = +0.708189%
animated chain necklace(11.6304) -> choker of the fire lord(14.9026) : 3.27216 = +0.587333%
halo of transcendence(40.8097) -> halo of transcendence(40.8097) : 0 = +0%
benediction(46.8305) -> (0) : -46.8305 = +-7.71224%
------------------
~~~~ end of intermediate results ~~~~
Temporary bans and partial set bonuses on.
....
*** NEW BEST (1): 562.462
Current relative stat values for matching or exceeding +50 pts of sp
int: 60.7661
spi: 36.5473
sta: 0
agi: 0
mp5: 151.489
sp: 100
sp_shadow: 0
sp_healing: 100
spell crit: 309.528
spell hit: 0
arcane res: 0
nature res: 0
fire res: 0
frost res: 0
shadow res: 0
armor: 0
defense: 0
dodge: 0
parry: 0
.................Temporary bans and partial set bonuses off.
.chest : robes of prophecy -> robes of transcendence => val: 548.997 -> 559.935
..[Perf] spent in FindBestPveHealingCounts: 11.1006 s, that's: 4.63296 % of total.
..Copied previous best.
.
*** NEW BEST (0): 562.462
Current relative stat values for matching or exceeding +50 pts of sp
int: 60.7661
spi: 36.5473
sta: 0
agi: 0
mp5: 151.489
sp: 100
sp_shadow: 0
sp_healing: 100
spell crit: 309.528
spell hit: 0
arcane res: 0
nature res: 0
fire res: 0
frost res: 0
shadow res: 0
armor: 0
defense: 0
dodge: 0
parry: 0
...***** INTERMEDIATE RESULTS *****
Iteration: 126
 ----------------------------
 --- head --- 
name: halo of transcendence
slot: head
intelligence: 27
stamina: 17
spirit: 22
sp_healing: 48
fire_res: 10
frost_res: 10
armor: 94
 ----------------------------
 --- neck --- 
name: choker of the fire lord
slot: neck
intelligence: 7
stamina: 7
sp: 34
 ----------------------------
 --- shoulders --- 
name: pauldrons of transcendence
slot: shoulders
intelligence: 25
stamina: 12
spirit: 13
sp_healing: 26
fire_res: 10
armor: 87
 ----------------------------
 --- back --- 
name: shroud of pure thought
slot: back
intelligence: 11
stamina: 10
sp_healing: 33
mp5: 6
armor: 57
 ----------------------------
 --- chest --- 
name: robes of transcendence
slot: chest
intelligence: 27
stamina: 17
spirit: 16
sp_healing: 57
nature_res: 10
fire_res: 10
armor: 116
 ----------------------------
 --- wrists --- 
name: bindings of transcendence
slot: wrists
intelligence: 13
stamina: 9
spirit: 16
sp_healing: 33
armor: 51
 ----------------------------
 ---  --- 
name: 
slot: 
 ----------------------------
 --- main hand --- 
name: lok'amir il romathis
slot: main hand
intelligence: 18
stamina: 10
spirit: 8
sp: 84
 ----------------------------
 ---  --- 
name: 
slot: 
 ----------------------------
 --- off hand --- 
name: lei of the lifegiver
slot: off hand
sp_healing: 53
mp5: 3
 ----------------------------
 --- ranged --- 
name: essence gatherer
slot: ranged
intelligence: 7
stamina: 5
mp5: 5
 ----------------------------
 --- hands --- 
name: handguards of transcendence
slot: hands
intelligence: 20
stamina: 12
spirit: 13
sp_healing: 29
spell_crit: 1
armor: 72
 ----------------------------
 --- waist --- 
name: belt of transcendence
slot: waist
intelligence: 26
stamina: 14
spirit: 9
sp_healing: 26
shadow_res: 10
armor: 65
 ----------------------------
 --- legs --- 
name: empowered leggings
slot: legs
intelligence: 12
stamina: 12
spirit: 24
sp_healing: 77
spell_crit: 1
armor: 103
 ----------------------------
 --- feet --- 
name: boots of pure thought
slot: feet
intelligence: 12
stamina: 8
spirit: 12
sp_healing: 62
armor: 74
 ----------------------------
 --- finger --- 
name: pure elementium band
slot: finger
intelligence: 10
stamina: 9
spirit: 10
sp_healing: 53
 ----------------------------
 --- finger --- 
name: cauterizing band
slot: finger
intelligence: 12
stamina: 9
sp_healing: 46
 ----------------------------
 --- trinket --- 
name: darkmoon card: blue dragon
slot: trinket
 ----------------------------
 --- trinket --- 
name: rejuvenating gem
slot: trinket
sp_healing: 66
mp5: 9
 ----------------------------
 --- Set bonuses ---
name: darkmoon 1 transcendence 3 
slot: Set bonuses
------------------
Best value: 562.462
------------------
Char stats: 
Effective hp: 7009.4
Effective mana: 11746.4
Raw max mana: 7462.6
Int: 392.2
Stam: 288.2
Spirit: 329.2
Strength: 50.2
Agility: 54.2
Mp5: 90
Sp: 118
Sp shadow: 0
Sp healing: 664
Spell crit: 2
Spell hit: 0
Arcane res: 27
Nature res: 37
Fire res: 57
Frost res: 37
Shadow res: 37
Armor: 2917.75
Defense: 300
Dodge: 0
Parry: 0
HpsPvp: 1054.36
ShadowDps: 229.374
Value pvp healing: 827.596
Value pvp shadow: 39.1676
------------------
Best counts:
For 60 s fights:
    casts: 18, ticks: 3, ticks_oom: 0
    Heal, rank: 2, count: 1
    Heal, rank: 4, count: 3
    Greater Heal, rank: 1, count: 1
    Greater Heal, rank: 4, count: 2
    Flash Heal, rank: 7, count: 1
    Renew, rank: 10, count: 2
    Prayer of Healing, rank: 5, count: 0
    pve info: 1
    hps: 860.043
For 120 s fights:
    casts: 16, ticks: 1, ticks_oom: 0
    Heal, rank: 2, count: 15
    Heal, rank: 4, count: 0
    Greater Heal, rank: 1, count: 5
    Greater Heal, rank: 4, count: 0
    Flash Heal, rank: 7, count: 0
    Renew, rank: 10, count: 2
    Prayer of Healing, rank: 5, count: 0
    pve info: 1
    hps: 618.859
For 180 s fights:
    casts: 17, ticks: 3, ticks_oom: 0
    Heal, rank: 2, count: 8
    Heal, rank: 4, count: 0
    Greater Heal, rank: 1, count: 0
    Greater Heal, rank: 4, count: 0
    Flash Heal, rank: 7, count: 0
    Renew, rank: 10, count: 1
    Prayer of Healing, rank: 5, count: 0
    pve info: 1
    hps: 529.176
For 240 s fights:
    casts: 19, ticks: 10, ticks_oom: 0
    Heal, rank: 2, count: 18
    Heal, rank: 4, count: 0
    Greater Heal, rank: 1, count: 1
    Greater Heal, rank: 4, count: 0
    Flash Heal, rank: 7, count: 0
    Renew, rank: 10, count: 2
    Prayer of Healing, rank: 5, count: 0
    pve info: 1
    hps: 475.255
For 300 s fights:
    casts: 18, ticks: 10, ticks_oom: 0
    Heal, rank: 2, count: 9
    Heal, rank: 4, count: 0
    Greater Heal, rank: 1, count: 0
    Greater Heal, rank: 4, count: 0
    Flash Heal, rank: 7, count: 0
    Renew, rank: 10, count: 1
    Prayer of Healing, rank: 5, count: 0
    pve info: 1
    hps: 446.246
For 360 s fights:
    casts: 18, ticks: 9, ticks_oom: 0
    Heal, rank: 2, count: 31
    Heal, rank: 4, count: 0
    Greater Heal, rank: 1, count: 3
    Greater Heal, rank: 4, count: 0
    Flash Heal, rank: 7, count: 0
    Renew, rank: 10, count: 0
    Prayer of Healing, rank: 5, count: 0
    pve info: 1
    hps: 422.081
------------------
Upgrades: 
(0) -> lok'amir il romathis(41.4232) : 41.4232 = +7.95013%
(0) -> lei of the lifegiver(21.343) : 21.343 = +3.94424%
royal seal of eldre'thalas(15.0773) -> rejuvenating gem(34.3401) : 19.2628 = +3.54618%
magister's robes(22.6822) -> robes of transcendence(41.8699) : 19.1877 = +3.53187%
dragonrider boots(17.1537) -> boots of pure thought(33.258) : 16.1043 = +2.94758%
burial shawl(14.2271) -> pauldrons of transcendence(29.4542) : 15.2271 = +2.78256%
necropile cuffs(9.97675) -> bindings of transcendence(25.0944) : 15.1177 = +2.76201%
pants of prophecy(27.2402) -> empowered leggings(41.0015) : 13.7613 = +2.50798%
fordring's seal(16.8737) -> pure elementium band(29.7164) : 12.8427 = +2.33666%
briarwood reed(8.90753) -> darkmoon card: blue dragon(21.2144) : 12.3069 = +2.23699%
shadowy laced handwraps(15.0467) -> handguards of transcendence(25.7255) : 10.6788 = +1.93532%
dragon finger of healing(5.58356) -> essence gatherer(13.3036) : 7.72009 = +1.39166%
rosewine circle(18.5214) -> cauterizing band(26.2029) : 7.68146 = +1.38459%
hide of the wild(18.624) -> shroud of pure thought(25.4798) : 6.85583 = +1.23394%
girdle of prophecy(22.5821) -> belt of transcendence(27.0322) : 4.45007 = +0.797488%
animated chain necklace(11.7963) -> choker of the fire lord(14.754) : 2.9577 = +0.528629%
halo of transcendence(40.1162) -> halo of transcendence(40.1162) : 0 = +0%
benediction(44.6785) -> (0) : -44.6785 = +-7.35885%
------------------
~~~~ end of intermediate results ~~~~
Temporary bans and partial set bonuses on.
.........................Temporary bans and partial set bonuses off.
.two-hand : benediction    ->   lok'amir il romathis lei of the lifegiver => val: 554.482 -> 557.704
trinket : neltharion's tear -> royal seal of eldre'thalas => val: 557.704 -> 558.577
....Copied previous best.
.
*** NEW BEST (0): 562.462
Current relative stat values for matching or exceeding +50 pts of sp
int: 60.7661
spi: 36.5473
sta: 0
agi: 0
mp5: 151.489
sp: 100
sp_shadow: 0
sp_healing: 100
spell crit: 309.528
spell hit: 0
arcane res: 0
nature res: 0
fire res: 0
frost res: 0
shadow res: 0
armor: 0
defense: 0
dodge: 0
parry: 0
...***** INTERMEDIATE RESULTS *****
Iteration: 160
 ----------------------------
 --- head --- 
name: halo of transcendence
slot: head
intelligence: 27
stamina: 17
spirit: 22
sp_healing: 48
fire_res: 10
frost_res: 10
armor: 94
 ----------------------------
 --- neck --- 
name: choker of the fire lord
slot: neck
intelligence: 7
stamina: 7
sp: 34
 ----------------------------
 --- shoulders --- 
name: pauldrons of transcendence
slot: shoulders
intelligence: 25
stamina: 12
spirit: 13
sp_healing: 26
fire_res: 10
armor: 87
 ----------------------------
 --- back --- 
name: shroud of pure thought
slot: back
intelligence: 11
stamina: 10
sp_healing: 33
mp5: 6
armor: 57
 ----------------------------
 --- chest --- 
name: robes of transcendence
slot: chest
intelligence: 27
stamina: 17
spirit: 16
sp_healing: 57
nature_res: 10
fire_res: 10
armor: 116
 ----------------------------
 --- wrists --- 
name: bindings of transcendence
slot: wrists
intelligence: 13
stamina: 9
spirit: 16
sp_healing: 33
armor: 51
 ----------------------------
 ---  --- 
name: 
slot: 
 ----------------------------
 --- main hand --- 
name: lok'amir il romathis
slot: main hand
intelligence: 18
stamina: 10
spirit: 8
sp: 84
 ----------------------------
 ---  --- 
name: 
slot: 
 ----------------------------
 --- off hand --- 
name: lei of the lifegiver
slot: off hand
sp_healing: 53
mp5: 3
 ----------------------------
 --- ranged --- 
name: essence gatherer
slot: ranged
intelligence: 7
stamina: 5
mp5: 5
 ----------------------------
 --- hands --- 
name: handguards of transcendence
slot: hands
intelligence: 20
stamina: 12
spirit: 13
sp_healing: 29
spell_crit: 1
armor: 72
 ----------------------------
 --- waist --- 
name: belt of transcendence
slot: waist
intelligence: 26
stamina: 14
spirit: 9
sp_healing: 26
shadow_res: 10
armor: 65
 ----------------------------
 --- legs --- 
name: empowered leggings
slot: legs
intelligence: 12
stamina: 12
spirit: 24
sp_healing: 77
spell_crit: 1
armor: 103
 ----------------------------
 --- feet --- 
name: boots of pure thought
slot: feet
intelligence: 12
stamina: 8
spirit: 12
sp_healing: 62
armor: 74
 ----------------------------
 --- finger --- 
name: pure elementium band
slot: finger
intelligence: 10
stamina: 9
spirit: 10
sp_healing: 53
 ----------------------------
 --- finger --- 
name: cauterizing band
slot: finger
intelligence: 12
stamina: 9
sp_healing: 46
 ----------------------------
 --- trinket --- 
name: darkmoon card: blue dragon
slot: trinket
 ----------------------------
 --- trinket --- 
name: rejuvenating gem
slot: trinket
sp_healing: 66
mp5: 9
 ----------------------------
 --- Set bonuses ---
name: darkmoon 1 transcendence 3 
slot: Set bonuses
------------------
Best value: 562.462
------------------
Char stats: 
Effective hp: 7009.4
Effective mana: 11746.4
Raw max mana: 7462.6
Int: 392.2
Stam: 288.2
Spirit: 329.2
Strength: 50.2
Agility: 54.2
Mp5: 90
Sp: 118
Sp shadow: 0
Sp healing: 664
Spell crit: 2
Spell hit: 0
Arcane res: 27
Nature res: 37
Fire res: 57
Frost res: 37
Shadow res: 37
Armor: 2917.75
Defense: 300
Dodge: 0
Parry: 0
HpsPvp: 1054.36
ShadowDps: 229.374
Value pvp healing: 827.596
Value pvp shadow: 39.1676
------------------
Best counts:
For 60 s fights:
    casts: 18, ticks: 3, ticks_oom: 0
    Heal, rank: 2, count: 1
    Heal, rank: 4, count: 3
    Greater Heal, rank: 1, count: 1
    Greater Heal, rank: 4, count: 2
    Flash Heal, rank: 7, count: 1
    Renew, rank: 10, count: 2
    Prayer of Healing, rank: 5, count: 0
    pve info: 1
    hps: 860.043
For 120 s fights:
    casts: 16, ticks: 1, ticks_oom: 0
    Heal, rank: 2, count: 15
    Heal, rank: 4, count: 0
    Greater Heal, rank: 1, count: 5
    Greater Heal, rank: 4, count: 0
    Flash Heal, rank: 7, count: 0
    Renew, rank: 10, count: 2
    Prayer of Healing, rank: 5, count: 0
    pve info: 1
    hps: 618.859
For 180 s fights:
    casts: 17, ticks: 3, ticks_oom: 0
    Heal, rank: 2, count: 8
    Heal, rank: 4, count: 0
    Greater Heal, rank: 1, count: 0
    Greater Heal, rank: 4, count: 0
    Flash Heal, rank: 7, count: 0
    Renew, rank: 10, count: 1
    Prayer of Healing, rank: 5, count: 0
    pve info: 1
    hps: 529.176
For 240 s fights:
    casts: 19, ticks: 10, ticks_oom: 0
    Heal, rank: 2, count: 18
    Heal, rank: 4, count: 0
    Greater Heal, rank: 1, count: 1
    Greater Heal, rank: 4, count: 0
    Flash Heal, rank: 7, count: 0
    Renew, rank: 10, count: 2
    Prayer of Healing, rank: 5, count: 0
    pve info: 1
    hps: 475.255
For 300 s fights:
    casts: 18, ticks: 10, ticks_oom: 0
    Heal, rank: 2, count: 9
    Heal, rank: 4, count: 0
    Greater Heal, rank: 1, count: 0
    Greater Heal, rank: 4, count: 0
    Flash Heal, rank: 7, count: 0
    Renew, rank: 10, count: 1
    Prayer of Healing, rank: 5, count: 0
    pve info: 1
    hps: 446.246
For 360 s fights:
    casts: 18, ticks: 9, ticks_oom: 0
    Heal, rank: 2, count: 31
    Heal, rank: 4, count: 0
    Greater Heal, rank: 1, count: 3
    Greater Heal, rank: 4, count: 0
    Flash Heal, rank: 7, count: 0
    Renew, rank: 10, count: 0
    Prayer of Healing, rank: 5, count: 0
    pve info: 1
    hps: 422.081
------------------
Upgrades: 
(0) -> lok'amir il romathis(41.4232) : 41.4232 = +7.95013%
(0) -> lei of the lifegiver(21.343) : 21.343 = +3.94424%
royal seal of eldre'thalas(15.0773) -> rejuvenating gem(34.3401) : 19.2628 = +3.54618%
magister's robes(22.6822) -> robes of transcendence(41.8699) : 19.1877 = +3.53187%
dragonrider boots(17.1537) -> boots of pure thought(33.258) : 16.1043 = +2.94758%
burial shawl(14.2271) -> pauldrons of transcendence(29.4542) : 15.2271 = +2.78256%
necropile cuffs(9.97675) -> bindings of transcendence(25.0944) : 15.1177 = +2.76201%
pants of prophecy(27.2402) -> empowered leggings(41.0015) : 13.7613 = +2.50798%
fordring's seal(16.8737) -> pure elementium band(29.7164) : 12.8427 = +2.33666%
briarwood reed(8.90753) -> darkmoon card: blue dragon(21.2144) : 12.3069 = +2.23699%
shadowy laced handwraps(15.0467) -> handguards of transcendence(25.7255) : 10.6788 = +1.93532%
dragon finger of healing(5.58356) -> essence gatherer(13.3036) : 7.72009 = +1.39166%
rosewine circle(18.5214) -> cauterizing band(26.2029) : 7.68146 = +1.38459%
hide of the wild(18.624) -> shroud of pure thought(25.4798) : 6.85583 = +1.23394%
girdle of prophecy(22.5821) -> belt of transcendence(27.0322) : 4.45007 = +0.797488%
animated chain necklace(11.7963) -> choker of the fire lord(14.754) : 2.9577 = +0.528629%
halo of transcendence(40.1162) -> halo of transcendence(40.1162) : 0 = +0%
benediction(44.6785) -> (0) : -44.6785 = +-7.35885%
------------------
~~~~ end of intermediate results ~~~~
Same items for intermediate results again, ending optimization. 
 ----------------------------
 --- head --- 
name: halo of transcendence
slot: head
intelligence: 27
stamina: 17
spirit: 22
sp_healing: 48
fire_res: 10
frost_res: 10
armor: 94
 ----------------------------
 --- neck --- 
name: choker of the fire lord
slot: neck
intelligence: 7
stamina: 7
sp: 34
 ----------------------------
 --- shoulders --- 
name: pauldrons of transcendence
slot: shoulders
intelligence: 25
stamina: 12
spirit: 13
sp_healing: 26
fire_res: 10
armor: 87
 ----------------------------
 --- back --- 
name: shroud of pure thought
slot: back
intelligence: 11
stamina: 10
sp_healing: 33
mp5: 6
armor: 57
 ----------------------------
 --- chest --- 
name: robes of transcendence
slot: chest
intelligence: 27
stamina: 17
spirit: 16
sp_healing: 57
nature_res: 10
fire_res: 10
armor: 116
 ----------------------------
 --- wrists --- 
name: bindings of transcendence
slot: wrists
intelligence: 13
stamina: 9
spirit: 16
sp_healing: 33
armor: 51
 ----------------------------
 ---  --- 
name: 
slot: 
 ----------------------------
 --- main hand --- 
name: lok'amir il romathis
slot: main hand
intelligence: 18
stamina: 10
spirit: 8
sp: 84
 ----------------------------
 ---  --- 
name: 
slot: 
 ----------------------------
 --- off hand --- 
name: lei of the lifegiver
slot: off hand
sp_healing: 53
mp5: 3
 ----------------------------
 --- ranged --- 
name: essence gatherer
slot: ranged
intelligence: 7
stamina: 5
mp5: 5
 ----------------------------
 --- hands --- 
name: handguards of transcendence
slot: hands
intelligence: 20
stamina: 12
spirit: 13
sp_healing: 29
spell_crit: 1
armor: 72
 ----------------------------
 --- waist --- 
name: belt of transcendence
slot: waist
intelligence: 26
stamina: 14
spirit: 9
sp_healing: 26
shadow_res: 10
armor: 65
 ----------------------------
 --- legs --- 
name: empowered leggings
slot: legs
intelligence: 12
stamina: 12
spirit: 24
sp_healing: 77
spell_crit: 1
armor: 103
 ----------------------------
 --- feet --- 
name: boots of pure thought
slot: feet
intelligence: 12
stamina: 8
spirit: 12
sp_healing: 62
armor: 74
 ----------------------------
 --- finger --- 
name: pure elementium band
slot: finger
intelligence: 10
stamina: 9
spirit: 10
sp_healing: 53
 ----------------------------
 --- finger --- 
name: cauterizing band
slot: finger
intelligence: 12
stamina: 9
sp_healing: 46
 ----------------------------
 --- trinket --- 
name: darkmoon card: blue dragon
slot: trinket
 ----------------------------
 --- trinket --- 
name: rejuvenating gem
slot: trinket
sp_healing: 66
mp5: 9
 ----------------------------
 --- Set bonuses ---
name: darkmoon 1 transcendence 3 
slot: Set bonuses
------------------
Char stats: 
Effective hp: 7009.4
Effective mana: 11746.4
Raw max mana: 7462.6
Int: 392.2
Stam: 288.2
Spirit: 329.2
Strength: 50.2
Agility: 54.2
Mp5: 90
Sp: 118
Sp shadow: 0
Sp healing: 664
Spell crit: 2
Spell hit: 0
Arcane res: 27
Nature res: 37
Fire res: 57
Frost res: 37
Shadow res: 37
Armor: 2917.75
Defense: 300
Dodge: 0
Parry: 0
HpsPvp: 1054.36
ShadowDps: 229.374
Value pvp healing: 827.596
Value pvp shadow: 39.1676
------------------
Best counts:
For 60 s fights:
    casts: 18, ticks: 3, ticks_oom: 0
    Heal, rank: 2, count: 1
    Heal, rank: 4, count: 3
    Greater Heal, rank: 1, count: 1
    Greater Heal, rank: 4, count: 2
    Flash Heal, rank: 7, count: 1
    Renew, rank: 10, count: 2
    Prayer of Healing, rank: 5, count: 0
    pve info: 1
    hps: 860.043
For 120 s fights:
    casts: 16, ticks: 1, ticks_oom: 0
    Heal, rank: 2, count: 15
    Heal, rank: 4, count: 0
    Greater Heal, rank: 1, count: 5
    Greater Heal, rank: 4, count: 0
    Flash Heal, rank: 7, count: 0
    Renew, rank: 10, count: 2
    Prayer of Healing, rank: 5, count: 0
    pve info: 1
    hps: 618.859
For 180 s fights:
    casts: 17, ticks: 3, ticks_oom: 0
    Heal, rank: 2, count: 8
    Heal, rank: 4, count: 0
    Greater Heal, rank: 1, count: 0
    Greater Heal, rank: 4, count: 0
    Flash Heal, rank: 7, count: 0
    Renew, rank: 10, count: 1
    Prayer of Healing, rank: 5, count: 0
    pve info: 1
    hps: 529.176
For 240 s fights:
    casts: 19, ticks: 10, ticks_oom: 0
    Heal, rank: 2, count: 18
    Heal, rank: 4, count: 0
    Greater Heal, rank: 1, count: 1
    Greater Heal, rank: 4, count: 0
    Flash Heal, rank: 7, count: 0
    Renew, rank: 10, count: 2
    Prayer of Healing, rank: 5, count: 0
    pve info: 1
    hps: 475.255
For 300 s fights:
    casts: 18, ticks: 10, ticks_oom: 0
    Heal, rank: 2, count: 9
    Heal, rank: 4, count: 0
    Greater Heal, rank: 1, count: 0
    Greater Heal, rank: 4, count: 0
    Flash Heal, rank: 7, count: 0
    Renew, rank: 10, count: 1
    Prayer of Healing, rank: 5, count: 0
    pve info: 1
    hps: 446.246
For 360 s fights:
    casts: 18, ticks: 9, ticks_oom: 0
    Heal, rank: 2, count: 31
    Heal, rank: 4, count: 0
    Greater Heal, rank: 1, count: 3
    Greater Heal, rank: 4, count: 0
    Flash Heal, rank: 7, count: 0
    Renew, rank: 10, count: 0
    Prayer of Healing, rank: 5, count: 0
    pve info: 1
    hps: 422.081
------------------
Current relative stat values for matching or exceeding +50 pts of sp
int: 60.7661
spi: 36.5473
sta: 0
agi: 0
mp5: 151.489
sp: 100
sp_shadow: 0
sp_healing: 100
spell crit: 309.528
spell hit: 0
arcane res: 0
nature res: 0
fire res: 0
frost res: 0
shadow res: 0
armor: 0
defense: 0
dodge: 0
parry: 0
------------------
Diffs to start: 
Upgrades: 
(0) -> lok'amir il romathis(41.4232) : 41.4232 = +7.95013%
(0) -> lei of the lifegiver(21.343) : 21.343 = +3.94424%
royal seal of eldre'thalas(15.0773) -> rejuvenating gem(34.3401) : 19.2628 = +3.54618%
magister's robes(22.6822) -> robes of transcendence(41.8699) : 19.1877 = +3.53187%
dragonrider boots(17.1537) -> boots of pure thought(33.258) : 16.1043 = +2.94758%
burial shawl(14.2271) -> pauldrons of transcendence(29.4542) : 15.2271 = +2.78256%
necropile cuffs(9.97675) -> bindings of transcendence(25.0944) : 15.1177 = +2.76201%
pants of prophecy(27.2402) -> empowered leggings(41.0015) : 13.7613 = +2.50798%
fordring's seal(16.8737) -> pure elementium band(29.7164) : 12.8427 = +2.33666%
briarwood reed(8.90753) -> darkmoon card: blue dragon(21.2144) : 12.3069 = +2.23699%
shadowy laced handwraps(15.0467) -> handguards of transcendence(25.7255) : 10.6788 = +1.93532%
dragon finger of healing(5.58356) -> essence gatherer(13.3036) : 7.72009 = +1.39166%
rosewine circle(18.5214) -> cauterizing band(26.2029) : 7.68146 = +1.38459%
hide of the wild(18.624) -> shroud of pure thought(25.4798) : 6.85583 = +1.23394%
girdle of prophecy(22.5821) -> belt of transcendence(27.0322) : 4.45007 = +0.797488%
animated chain necklace(11.7963) -> choker of the fire lord(14.754) : 2.9577 = +0.528629%
halo of transcendence(40.1162) -> halo of transcendence(40.1162) : 0 = +0%
benediction(44.6785) -> (0) : -44.6785 = +-7.35885%
- - - - - - - - - - - - - - - - - - - - - - - - - - - - - - - - -
| Upgrades at best in slot level, from start item to candidate: |
. . . . . . . . . . . . . . . . . . . . . . . . . . . . . . . . .
- . - ' - . - ' - . - ' - . - ' - . - ' - . -
head, halo of transcendence (40.1162) -> :
- . - ' - . - ' - . - ' - . - ' - . - ' - . -
neck, animated chain necklace (11.7963) -> :
    choker of the fire lord (14.754) : +0.528629 %, from: mc
- . - ' - . - ' - . - ' - . - ' - . - ' - . -
shoulders, burial shawl (14.2271) -> :
    pauldrons of transcendence (29.4542) : +2.78256 %, from: bwl
    mantle of prophecy (20.7899) : +1.19927 %, from: mc
    mantle of the blackwing cabal (18.5694) : +0.793507 %, from: bwl
    devout mantle (17.4274) : +0.584816 %, from: pre-raid
    soulstealer mantle (17.241) : +0.550754 %, from: pre-raid
    sunderseer mantle (17.1085) : +0.526551 %, from: pre-raid
    magister's mantle (16.3723) : +0.392019 %, from: pre-raid
    elder wizard's mantle (15.3325) : +0.20201 %, from: pre-raid
    shroud of the nathrezim (14.9639) : +0.134655 %, from: pre-raid
    mooncloth shoulders (14.5891) : +0.0661507 %, from: pre-raid
- . - ' - . - ' - . - ' - . - ' - . - ' - . -
back, hide of the wild (18.624) -> :
    shroud of pure thought (25.4798) : +1.23394 %, from: bwl
- . - ' - . - ' - . - ' - . - ' - . - ' - . -
chest, magister's robes (22.6822) -> :
    robes of transcendence (41.8699) : +3.53187 %, from: bwl
    robes of prophecy (30.7305) : +1.48144 %, from: mc
    truefaith vestments (29.1696) : +1.19412 %, from: tailoring bop
    robes of the exalted (27.3788) : +0.864498 %, from: pre-raid
- . - ' - . - ' - . - ' - . - ' - . - ' - . -
wrists, necropile cuffs (9.97675) -> :
    bindings of transcendence (25.0944) : +2.76201 %, from: bwl
    vambraces of prophecy (22.5941) : +2.3052 %, from: mc
    flarecore wraps (15.4078) : +0.992252 %, from: tailoring boe
    bracers of arcane accuracy (13.3598) : +0.618086 %, from: bwl
    magiskull cuffs (11.7384) : +0.321856 %, from: pre-raid
    sublime wristguards (11.468) : +0.272456 %, from: pre-raid
    wyrmthalak's shackles (11.1017) : +0.205538 %, from: pre-raid
    devout bracers (10.6349) : +0.120254 %, from: pre-raid
    flameweave cuffs of healing (10.2101) : +0.042642 %, from: brd
- . - ' - . - ' - . - ' - . - ' - . - ' - . -
two-hand, benediction (44.6785) -> :
    lok'amir il romathis and lei of the lifegiver (50.1989) : +0.909244 %, from: bwl, av rep
- . - ' - . - ' - . - ' - . - ' - . - ' - . -
ranged, dragon finger of healing (5.58356) -> :
    essence gatherer (13.3036) : +1.39166 %, from: bwl
    dragon's touch (10.4988) : +0.886038 %, from: bwl
    bonecreeper stylus (7.14709) : +0.28185 %, from: pre-raid
    oblivion's touch (6.82977) : +0.224648 %, from: pre-raid
    crimson shocker (6.66846) : +0.195569 %, from: mc
    mana channeling wand (6.64429) : +0.191212 %, from: pre-raid
    lunar wand of the owl (6.45245) : +0.156631 %, from: random green
    lunar wand of healing (6.20355) : +0.111763 %, from: random green
    dragon finger of intellect (5.87213) : +0.0520196 %, from: pre-raid
    lunar wand of intellect (5.85388) : +0.0487298 %, from: random green
- . - ' - . - ' - . - ' - . - ' - . - ' - . -
hands, shadowy laced handwraps (15.0467) -> :
    handguards of transcendence (25.7255) : +1.93532 %, from: bwl
    gloves of prophecy (22.8403) : +1.41244 %, from: mc
    hands of the exalted herald (20.1474) : +0.924405 %, from: pre-raid
    atal'ai hands of healing (16.3505) : +0.236295 %, from: sunken temple
    gloves of rapid evolution (15.9147) : +0.157316 %, from: bwl
- . - ' - . - ' - . - ' - . - ' - . - ' - . -
waist, girdle of prophecy (22.5821) -> :
    belt of transcendence (27.0322) : +0.797488 %, from: bwl
    firemaw's clutch (23.7941) : +0.217195 %, from: bwl
- . - ' - . - ' - . - ' - . - ' - . - ' - . -
legs, pants of prophecy (27.2402) -> :
    empowered leggings (41.0015) : +2.50798 %, from: bwl
    leggings of transcendence (34.6257) : +1.346 %, from: mc
    padre's trousers (30.3961) : +0.575156 %, from: pre-raid
- . - ' - . - ' - . - ' - . - ' - . - ' - . -
feet, dragonrider boots (17.1537) -> :
    boots of pure thought (33.258) : +2.94758 %, from: bwl
    boots of transcendence (26.3058) : +1.67511 %, from: bwl
    boots of the full moon (21.1699) : +0.735093 %, from: pre-raid
    boots of prophecy (20.951) : +0.695033 %, from: mc
    shimmering geta (18.2679) : +0.203943 %, from: bwl
- . - ' - . - ' - . - ' - . - ' - . - ' - . -
finger, fordring's seal (16.8737) -> :
    pure elementium band (29.7164) : +2.33666 %, from: bwl
    cauterizing band (25.1522) : +1.50623 %, from: mc
    ring of blackrock (19.3739) : +0.454905 %, from: bwl
    rosewine circle (18.5778) : +0.310051 %, from: pre-raid
    band of forced concentration (17.2162) : +0.0623323 %, from: bwl
- . - ' - . - ' - . - ' - . - ' - . - ' - . -
finger 2, rosewine circle (18.5214) -> :
    pure elementium band (29.2008) : +1.92498 %, from: bwl
    cauterizing band (26.2029) : +1.38459 %, from: mc
    fordring's seal (19.3644) : +0.151955 %, from: pre-raid
    ring of blackrock (18.8447) : +0.0582649 %, from: bwl
- . - ' - . - ' - . - ' - . - ' - . - ' - . -
trinket, briarwood reed (8.90753) -> :
    rejuvenating gem (28.8127) : +3.6181 %, from: bwl
    darkmoon card: blue dragon (21.2144) : +2.23699 %, from: 
    shard of the scale (18.9877) : +1.83224 %, from: onyxia
    royal seal of eldre'thalas (15.3484) : +1.17074 %, from: pre-raid
    neltharion's tear (13.515) : +0.837488 %, from: bwl
    mindtap talisman (9.32196) : +0.0753295 %, from: pre-raid
- . - ' - . - ' - . - ' - . - ' - . - ' - . -
trinket 2, royal seal of eldre'thalas (15.0773) -> :
    shard of the scale (16.1693) : +0.201039 %, from: onyxia
------------------
- - - - - - - - - - - - - - - - - - - - - - - - - - - - - -
| Upgrades at start level, from start item to candidate:  |
. . . . . . . . . . . . . . . . . . . . . . . . . . . . . .
- . - ' - . - ' - . - ' - . - ' - . - ' - . -
head, halo of transcendence (34.8304) -> :
- . - ' - . - ' - . - ' - . - ' - . - ' - . -
neck, animated chain necklace (10.2052) -> :
    choker of the fire lord (11.6501) : +0.342037 %, from: mc
- . - ' - . - ' - . - ' - . - ' - . - ' - . -
shoulders, burial shawl (18.6519) -> :
    pauldrons of transcendence (24.8173) : +1.45952 %, from: bwl
    mantle of the blackwing cabal (22.301) : +0.863859 %, from: bwl
    mantle of prophecy (19.5991) : +0.224229 %, from: mc
- . - ' - . - ' - . - ' - . - ' - . - ' - . -
back, hide of the wild (20.2829) -> :
    shroud of pure thought (22.0739) : +0.42399 %, from: bwl
- . - ' - . - ' - . - ' - . - ' - . - ' - . -
chest, magister's robes (21.2578) -> :
    robes of transcendence (36.1224) : +3.51887 %, from: bwl
    robes of prophecy (27.0243) : +1.36509 %, from: mc
    truefaith vestments (21.9743) : +0.169628 %, from: tailoring bop
- . - ' - . - ' - . - ' - . - ' - . - ' - . -
wrists, necropile cuffs (13.1256) -> :
    bindings of transcendence (23.6964) : +2.50238 %, from: bwl
    vambraces of prophecy (22.1594) : +2.13853 %, from: mc
    bracers of arcane accuracy (16.942) : +0.903427 %, from: bwl
    flarecore wraps (16.5435) : +0.809098 %, from: tailoring boe
    sublime wristguards (14.7619) : +0.387355 %, from: pre-raid
    magiskull cuffs (13.7663) : +0.151654 %, from: pre-raid
    magister's bindings (13.4822) : +0.0844093 %, from: pre-raid
    devout bracers (13.4643) : +0.0801614 %, from: pre-raid
    wyrmthalak's shackles (13.3261) : +0.047464 %, from: pre-raid
    dreadmist bracers (13.182) : +0.0133361 %, from: pre-raid (boe scholo)
- . - ' - . - ' - . - ' - . - ' - . - ' - . -
two-hand, benediction (49.9741) -> :
- . - ' - . - ' - . - ' - . - ' - . - ' - . -
ranged, dragon finger of healing (4.69168) -> :
    essence gatherer (5.4675) : +0.183657 %, from: bwl
    dragon's touch (5.39798) : +0.1672 %, from: bwl
    lunar wand of healing (5.2131) : +0.123435 %, from: random green
- . - ' - . - ' - . - ' - . - ' - . - ' - . -
hands, shadowy laced handwraps (18.0324) -> :
    handguards of transcendence (26.1854) : +1.93004 %, from: bwl
    gloves of prophecy (25.6659) : +1.80706 %, from: mc
    hands of the exalted herald (18.8784) : +0.200281 %, from: pre-raid
    gloves of rapid evolution (18.5715) : +0.127618 %, from: bwl
- . - ' - . - ' - . - ' - . - ' - . - ' - . -
waist, girdle of prophecy (24.1282) -> :
    belt of transcendence (25.7601) : +0.386308 %, from: bwl
- . - ' - . - ' - . - ' - . - ' - . - ' - . -
legs, pants of prophecy (34.0834) -> :
    leggings of transcendence (40.3394) : +1.48096 %, from: mc
- . - ' - . - ' - . - ' - . - ' - . - ' - . -
feet, dragonrider boots (18.1499) -> :
    boots of pure thought (30.2106) : +2.85511 %, from: bwl
    boots of transcendence (25.4622) : +1.73102 %, from: bwl
    boots of prophecy (21.146) : +0.709258 %, from: mc
    shimmering geta (20.9666) : +0.666807 %, from: bwl
    boots of the full moon (20.2643) : +0.500554 %, from: pre-raid
- . - ' - . - ' - . - ' - . - ' - . - ' - . -
finger, fordring's seal (16.2839) -> :
    pure elementium band (23.7784) : +1.77416 %, from: bwl
    cauterizing band (20.8372) : +1.0779 %, from: mc
- . - ' - . - ' - . - ' - . - ' - . - ' - . -
finger 2, rosewine circle (15.2073) -> :
    pure elementium band (22.6297) : +1.75709 %, from: bwl
    cauterizing band (19.3785) : +0.987439 %, from: mc
    ring of blackrock (15.448) : +0.0569857 %, from: bwl
- . - ' - . - ' - . - ' - . - ' - . - ' - . -
trinket, briarwood reed (7.55887) -> :
    rejuvenating gem (23.2043) : +3.70371 %, from: bwl
    royal seal of eldre'thalas (11.4734) : +0.926682 %, from: pre-raid
    neltharion's tear (11.4687) : +0.925555 %, from: bwl
    shard of the scale (9.0571) : +0.354672 %, from: onyxia
    darkmoon card: blue dragon (8.67444) : +0.264086 %, from: 
- . - ' - . - ' - . - ' - . - ' - . - ' - . -
trinket 2, royal seal of eldre'thalas (13.9177) -> :
    rejuvenating gem (25.8806) : +2.83195 %, from: bwl
-- Stat values at start item level: --
Current relative stat values for matching or exceeding +50 pts of sp
int: 214.303
spi: 86.4879
sta: 0
agi: 0
mp5: 431.979
sp: 128.665
sp_shadow: 0
sp_healing: 128.665
spell crit: 457.326
spell hit: 0
arcane res: 0
nature res: 0
fire res: 0
frost res: 0
shadow res: 0
armor: 0
defense: 0
dodge: 0
parry: 0
------------------
Best value: 562.462
