Your call: ./css 5 ../items/more_raid.csv -b 0.2 -r 0.3 
Found: -b, val: 0.2
./css 5 ../items/more_raid.csv -r 0.3 
Found: -r, val: 0.3
./css 5 ../items/more_raid.csv 
Shuffle seed: 1248333532
Reading tmp locked from: start_with.txt
Locking: anastari heirloom
Locking: animated chain necklace
Locking: argent crusader
Locking: atal'ai gloves of the owl
Locking: banshee finger
Locking: blood of the martyr
Locking: briarwood reed
Locking: burial shawl
Locking: crimson felt hat
Locking: cyclopean band
Locking: devout belt
Locking: devout bracers
Locking: devout crown
Locking: devout mantle
Locking: devout robe
Locking: devout sandals
Locking: devout skirt
Locking: dragon finger of intellect
Locking: dragonslayer's signet
Locking: drakefire amulet
Locking: dreadmist mantle
Locking: dreamweave circlet
Locking: dreamweave gloves
Locking: dreamweave vest
Locking: eye of the beast
Locking: fordring's seal
Locking: grimgore noose
Locking: halo of transcendence
Locking: heart of the fiend
Locking: hide of the wild
Locking: kentic amice
Locking: magister's robes
Locking: maleki's footwraps
Locking: nature's breath
Locking: necropile boots
Locking: necropile cuffs
Locking: necropile mantle
Locking: noxious shooter
Locking: omnicast boots
Locking: orb of the forgotten seer
Locking: padre's trousers
Locking: penelope's rose
Locking: quel'dorai channeling rod
Locking: raincaster drape
Locking: rainstrider leggings
Locking: ring of demonic guile
Locking: ring of demonic guile
Locking: robes of the royal crown
Locking: rod of corrosion
Locking: rosewine circle
Locking: royal seal of eldre'thalas
Locking: royal tribunal cloak
Locking: sarah's guide
Locking: seal of rivendare
Locking: seal of rivendare
Locking: shadowy laced handwraps
Locking: silkweb gloves
Locking: soulstealer mantle
Locking: spellbound tome
Locking: spritecaster cape
Locking: starfire tiara
Locking: the hammer of grace
Locking: the postmaster's treads
Locking: thuzadin sash
Locking: triune amulet
Locking: vinerot sandals
Locking: wolfshear leggings
Locking: pants of prophecy
Optimizing start items...
[Perf] spent in FindBestPveHealingCounts: 0.0109693 s, that's: 100.003 % of total.

*** NEW BEST: 115.452 ***

*** NEW BEST: 125.178 ***

*** NEW BEST: 131.639 ***

*** NEW BEST: 136.315 ***

*** NEW BEST: 156.989 ***

*** NEW BEST: 168.558 ***

*** NEW BEST: 178.134 ***

*** NEW BEST: 187.68 ***

*** NEW BEST: 196.864 ***

*** NEW BEST: 205.063 ***

*** NEW BEST: 214.47 ***

*** NEW BEST: 219.481 ***

*** NEW BEST: 226.593 ***

*** NEW BEST: 236.435 ***

*** NEW BEST: 239.099 ***

*** NEW BEST: 261.903 ***
*
best val: 261.903

*** NEW BEST: 263.374 ***
*
best val: 263.374
*
best val: 263.374
*
best val: 263.374
*
best val: 263.374

Read starting items and cleared locks.
 ----------------------------
 --- head --- 
name: halo of transcendence
slot: head
intelligence: 27
stamina: 17
spirit: 22
sp_healing: 48
fire_res: 10
frost_res: 10
armor: 94
 ----------------------------
 --- neck --- 
name: animated chain necklace
slot: neck
stamina: 7
spirit: 6
sp_healing: 33
 ----------------------------
 --- shoulders --- 
name: devout mantle
slot: shoulders
intelligence: 21
stamina: 4
spirit: 9
armor: 64
 ----------------------------
 --- back --- 
name: hide of the wild
slot: back
intelligence: 10
stamina: 8
sp_healing: 42
armor: 48
 ----------------------------
 --- chest --- 
name: devout robe
slot: chest
intelligence: 24
stamina: 13
spirit: 15
armor: 89
 ----------------------------
 --- wrists --- 
name: devout bracers
slot: wrists
intelligence: 10
stamina: 7
spirit: 10
armor: 35
 ----------------------------
 --- two-hand --- 
name: quel'dorai channeling rod
slot: two-hand
intelligence: 18
stamina: 8
spirit: 8
mp5: 8
 ----------------------------
 ---  --- 
name: 
slot: 
 ----------------------------
 ---  --- 
name: 
slot: 
 ----------------------------
 ---  --- 
name: 
slot: 
 ----------------------------
 --- ranged --- 
name: dragon finger of intellect
slot: ranged
intelligence: 8
 ----------------------------
 --- hands --- 
name: shadowy laced handwraps
slot: hands
intelligence: 15
mp5: 5
shadow_res: 12
armor: 53
 ----------------------------
 --- waist --- 
name: thuzadin sash
slot: waist
intelligence: 12
stamina: 11
spirit: 11
sp: 11
armor: 49
 ----------------------------
 --- legs --- 
name: pants of prophecy
slot: legs
intelligence: 24
stamina: 18
spirit: 20
sp_healing: 22
mp5: 6
shadow_res: 10
armor: 89
 ----------------------------
 --- feet --- 
name: devout sandals
slot: feet
intelligence: 10
stamina: 9
spirit: 17
armor: 58
 ----------------------------
 --- finger --- 
name: rosewine circle
slot: finger
sp_healing: 29
mp5: 5
 ----------------------------
 --- finger --- 
name: ring of demonic guile
slot: finger
intelligence: 10
mp5: 6
 ----------------------------
 --- trinket --- 
name: briarwood reed
slot: trinket
sp: 29
 ----------------------------
 --- trinket --- 
name: royal seal of eldre'thalas
slot: trinket
sp_healing: 33
mp5: 4
 ----------------------------
 --- Set bonuses ---
name: devout 2 devout 4 
slot: Set bonuses
sp: 23
armor: 200
 --- And counts for start items ---
For 120 s fights:
    casts: 5, ticks: 6, ticks_oom: 0
    Heal, rank: 2, count: 0
    Heal, rank: 4, count: 0
    Greater Heal, rank: 1, count: 6
    Greater Heal, rank: 4, count: 1
    Flash Heal, rank: 7, count: 0
    Renew, rank: 10, count: 0
    Prayer of Healing, rank: 5, count: 0
    pve info: 1
    hps: 359.111
For 180 s fights:
    casts: 9, ticks: 9, ticks_oom: 0
    Heal, rank: 2, count: 1
    Heal, rank: 4, count: 0
    Greater Heal, rank: 1, count: 1
    Greater Heal, rank: 4, count: 0
    Flash Heal, rank: 7, count: 0
    Renew, rank: 10, count: 0
    Prayer of Healing, rank: 5, count: 0
    pve info: 0.990608
    hps: 282.21
For 240 s fights:
    casts: 7, ticks: 7, ticks_oom: 0
    Heal, rank: 2, count: 13
    Heal, rank: 4, count: 0
    Greater Heal, rank: 1, count: 0
    Greater Heal, rank: 4, count: 0
    Flash Heal, rank: 7, count: 0
    Renew, rank: 10, count: 0
    Prayer of Healing, rank: 5, count: 0
    pve info: 0.996667
    hps: 249.554
For 300 s fights:
    casts: 8, ticks: 8, ticks_oom: 0
    Heal, rank: 2, count: 14
    Heal, rank: 4, count: 0
    Greater Heal, rank: 1, count: 0
    Greater Heal, rank: 4, count: 0
    Flash Heal, rank: 7, count: 0
    Renew, rank: 10, count: 0
    Prayer of Healing, rank: 5, count: 0
    pve info: 0.986711
    hps: 221.985
For 360 s fights:
    casts: 5, ticks: 6, ticks_oom: 0
    Heal, rank: 2, count: 11
    Heal, rank: 4, count: 0
    Greater Heal, rank: 1, count: 2
    Greater Heal, rank: 4, count: 0
    Flash Heal, rank: 7, count: 0
    Renew, rank: 10, count: 0
    Prayer of Healing, rank: 5, count: 0
    pve info: 0.98932
    hps: 204.01
.
*** NEW BEST: 268.188 ***

*** NEW BEST: 269.826 ***

*** NEW BEST: 273.423 ***

*** NEW BEST: 280.328 ***

*** NEW BEST: 282.221 ***

*** NEW BEST: 286.018 ***

*** NEW BEST: 291.098 ***

*** NEW BEST: 296.174 ***

*** NEW BEST: 306.804 ***

*** NEW BEST: 313.978 ***

*** NEW BEST: 316.284 ***

*** NEW BEST: 333.046 ***
.
*** NEW BEST: 335.381 ***

*** NEW BEST: 343.693 ***
......
*** NEW BEST: 345.096 ***
......
*** NEW BEST: 345.268 ***
.....
*** NEW BEST: 346.213 ***
.....................................................................................................Temporary bans and partial set bonuses off.
.ranged : bonecreeper stylus -> lunar wand of healing => val: 345.603 -> 346.358
.
*** NEW BEST: 346.618 ***
Current relative stat values for matching or exceeding +50 pts of sp
int: 125.411
spi: 81.1093
sta: 0
agi: 0
mp5: 334.95
sp: 100
sp_shadow: 0
sp_healing: 100
spell crit: 295.105
spell hit: 0
arcane res: 0
nature res: 0
fire res: 0
frost res: 0
shadow res: 0
armor: 0
defense: 0
dodge: 0
parry: 0
Temporary bans and partial set bonuses on.
...........................................[Perf] spent in FindBestPveHealingCounts: 16.2064 s, that's: 54.8097 % of total.
..........................................................Temporary bans and partial set bonuses off.
.
*** NEW BEST: 344.789 ***
Current relative stat values for matching or exceeding +50 pts of sp
int: 120.935
spi: 76.2979
sta: 0
agi: 0
mp5: 342.691
sp: 100
sp_shadow: 0
sp_healing: 100
spell crit: 288.66
spell hit: 0
arcane res: 0
nature res: 0
fire res: 0
frost res: 0
shadow res: 0
armor: 0
defense: 0
dodge: 0
parry: 0
ranged : bonecreeper stylus -> lunar wand of healing => val: 344.789 -> 345.175

*** NEW BEST: 345.497 ***
Current relative stat values for matching or exceeding +50 pts of sp
int: 124.49
spi: 80.6151
sta: 0
agi: 0
mp5: 348.261
sp: 100
sp_shadow: 0
sp_healing: 100
spell crit: 290.323
spell hit: 0
arcane res: 0
nature res: 0
fire res: 0
frost res: 0
shadow res: 0
armor: 0
defense: 0
dodge: 0
parry: 0
Temporary bans and partial set bonuses on.
...........................................Temporary bans and partial set bonuses off.
.back : archivist cape of healing -> hide of the wild => val: 343.44 -> 345.283
.......... ----------------------------
 --- head --- 
name: halo of transcendence
slot: head
intelligence: 27
stamina: 17
spirit: 22
sp_healing: 48
fire_res: 10
frost_res: 10
armor: 94
 ----------------------------
 --- neck --- 
name: choker of enlightenment
slot: neck
intelligence: 10
stamina: 9
spirit: 10
sp: 18
 ----------------------------
 --- shoulders --- 
name: mantle of prophecy
slot: shoulders
intelligence: 23
stamina: 13
spirit: 10
sp: 9
shadow_res: 7
armor: 76
 ----------------------------
 --- back --- 
name: hide of the wild
slot: back
intelligence: 10
stamina: 8
sp_healing: 42
armor: 48
 ----------------------------
 --- chest --- 
name: truefaith vestments
slot: chest
stamina: 14
sp_healing: 73
mp5: 6
armor: 96
 ----------------------------
 --- wrists --- 
name: vambraces of prophecy
slot: wrists
intelligence: 14
stamina: 8
spirit: 10
sp_healing: 24
mp5: 2
armor: 44
 ----------------------------
 --- two-hand --- 
name: benediction
slot: two-hand
intelligence: 31
stamina: 10
spirit: 12
sp_healing: 106
spell_crit: 2
shadow_res: 20
 ----------------------------
 ---  --- 
name: 
slot: 
 ----------------------------
 ---  --- 
name: 
slot: 
 ----------------------------
 ---  --- 
name: 
slot: 
 ----------------------------
 --- ranged --- 
name: lunar wand of healing
slot: ranged
sp_healing: 20
 ----------------------------
 --- hands --- 
name: gloves of prophecy
slot: hands
intelligence: 15
stamina: 10
spirit: 15
sp_healing: 18
mp5: 6
fire_res: 7
armor: 63
 ----------------------------
 --- waist --- 
name: girdle of prophecy
slot: waist
intelligence: 22
stamina: 10
spirit: 10
sp: 9
mp5: 4
fire_res: 7
armor: 57
 ----------------------------
 --- legs --- 
name: leggings of transcendence
slot: legs
intelligence: 21
stamina: 16
spirit: 21
sp_healing: 46
mp5: 7
arcane_res: 10
shadow_res: 10
armor: 101
 ----------------------------
 --- feet --- 
name: boots of prophecy
slot: feet
intelligence: 18
stamina: 17
spirit: 15
sp_healing: 18
shadow_res: 7
armor: 70
 ----------------------------
 --- finger --- 
name: rosewine circle
slot: finger
sp_healing: 29
mp5: 5
 ----------------------------
 --- finger --- 
name: cauterizing band
slot: finger
intelligence: 12
stamina: 9
sp_healing: 46
 ----------------------------
 --- trinket --- 
name: royal seal of eldre'thalas
slot: trinket
sp_healing: 33
mp5: 4
 ----------------------------
 --- trinket --- 
name: shard of the scale
slot: trinket
mp5: 16
 ----------------------------
 --- Set bonuses ---
name: 
slot: Set bonuses
------------------
Char stats: 
Effective hp: 5998.8
Effective mana: 9939.47
Raw max mana: 6794.6
Int: 347.667
Stam: 192
Spirit: 255
Strength: 34
Agility: 38
Mp5: 76.8
Sp: 36
Sp shadow: 0
Sp healing: 503
Spell crit: 1.55107
Spell hit: 0
Arcane res: 10
Nature res: 0
Fire res: 24
Frost res: 10
Shadow res: 44
Armor: 2463
Defense: 300
Dodge: 0
Parry: 0
HpsPvp: 968.856
ShadowDps: 210.107
Value pvp healing: 479.584
Value pvp shadow: 22.5542
------------------
Best counts:
For 120 s fights:
    casts: 9, ticks: 7, ticks_oom: 0
    Heal, rank: 2, count: 2
    Heal, rank: 4, count: 0
    Greater Heal, rank: 1, count: 6
    Greater Heal, rank: 4, count: 0
    Flash Heal, rank: 7, count: 0
    Renew, rank: 10, count: 1
    Prayer of Healing, rank: 5, count: 0
    pve info: 1
    hps: 449.758
For 180 s fights:
    casts: 12, ticks: 10, ticks_oom: 0
    Heal, rank: 2, count: 3
    Heal, rank: 4, count: 0
    Greater Heal, rank: 1, count: 2
    Greater Heal, rank: 4, count: 0
    Flash Heal, rank: 7, count: 0
    Renew, rank: 10, count: 0
    Prayer of Healing, rank: 5, count: 0
    pve info: 1
    hps: 364.437
For 240 s fights:
    casts: 13, ticks: 10, ticks_oom: 0
    Heal, rank: 2, count: 30
    Heal, rank: 4, count: 0
    Greater Heal, rank: 1, count: 0
    Greater Heal, rank: 4, count: 0
    Flash Heal, rank: 7, count: 0
    Renew, rank: 10, count: 0
    Prayer of Healing, rank: 5, count: 0
    pve info: 0.998333
    hps: 328.998
For 300 s fights:
    casts: 13, ticks: 10, ticks_oom: 5
    Heal, rank: 2, count: 99
    Heal, rank: 4, count: 0
    Greater Heal, rank: 1, count: 0
    Greater Heal, rank: 4, count: 0
    Flash Heal, rank: 7, count: 0
    Renew, rank: 10, count: 0
    Prayer of Healing, rank: 5, count: 0
    pve info: 0.993344
    hps: 301.957
For 360 s fights:
    casts: 7, ticks: 7, ticks_oom: 0
    Heal, rank: 2, count: 34
    Heal, rank: 4, count: 0
    Greater Heal, rank: 1, count: 2
    Greater Heal, rank: 4, count: 0
    Flash Heal, rank: 7, count: 0
    Renew, rank: 10, count: 0
    Prayer of Healing, rank: 5, count: 0
    pve info: 0.996133
    hps: 282.336
------------------
Current relative stat values for matching or exceeding +50 pts of sp
int: 124.577
spi: 74.3303
sta: 0
agi: 0
mp5: 326.996
sp: 100
sp_shadow: 0
sp_healing: 100
spell crit: 292.777
spell hit: 0
arcane res: 0
nature res: 0
fire res: 0
frost res: 0
shadow res: 0
armor: 0
defense: 0
dodge: 0
parry: 0
------------------
Diffs to start: 
Upgrades: 
quel'dorai channeling rod(16.7311) -> benediction(40.2089) : 23.4778 = +7.29565%
briarwood reed(6.11502) -> shard of the scale(18.8012) : 12.6862 = +3.81427%
devout robe(12.3294) -> truefaith vestments(23.9688) : 11.6394 = +3.48856%
devout bracers(6.03622) -> vambraces of prophecy(16.2011) : 10.1649 = +3.03322%
shadowy laced handwraps(11.9716) -> gloves of prophecy(21.856) : 9.8844 = +2.94706%
thuzadin sash(10.7647) -> girdle of prophecy(18.9166) : 8.15182 = +2.418%
devout sandals(8.94458) -> boots of prophecy(15.8908) : 6.9462 = +2.05304%
ring of demonic guile(9.04849) -> cauterizing band(15.4874) : 6.4389 = +1.90025%
pants of prophecy(27.7892) -> leggings of transcendence(33.6515) : 5.86227 = +1.72714%
devout mantle(11.197) -> mantle of prophecy(14.3076) : 3.11063 = +0.909081%
animated chain necklace(8.98337) -> choker of enlightenment(11.2433) : 2.25998 = +0.658841%
dragon finger of intellect(2.39453) -> lunar wand of healing(4.51093) : 2.11639 = +0.616724%
halo of transcendence(28.0491) -> halo of transcendence(28.0491) : 0 = +0%
hide of the wild(14.2392) -> hide of the wild(14.2392) : 0 = +0%
rosewine circle(12.6084) -> rosewine circle(12.6084) : 0 = +0%
royal seal of eldre'thalas(12.4793) -> royal seal of eldre'thalas(12.4793) : 0 = +0%
- - - - - - - - - - - - - - - - - - - - - - - - - - - - - - - - -
| Upgrades at best in slot level, from start item to candidate: |
. . . . . . . . . . . . . . . . . . . . . . . . . . . . . . . . .
- . - ' - . - ' - . - ' - . - ' - . - ' - . -
head, halo of transcendence (30.0774) -> :
- . - ' - . - ' - . - ' - . - ' - . - ' - . -
neck, animated chain necklace (8.93661) -> :
    choker of enlightenment (12.497) : +1.04124 %, from: mc
    tooth of gnarr (10.2353) : +0.379791 %, from: pre-raid
    choker of the fire lord (9.85944) : +0.26988 %, from: mc
- . - ' - . - ' - . - ' - . - ' - . - ' - . -
shoulders, devout mantle (11.8867) -> :
    mantle of prophecy (15.0215) : +0.915654 %, from: mc
    soulstealer mantle (12.1742) : +0.0839771 %, from: pre-raid
    sunderseer mantle (12.0769) : +0.0555777 %, from: pre-raid
- . - ' - . - ' - . - ' - . - ' - . - ' - . -
back, hide of the wild (15.5779) -> :
- . - ' - . - ' - . - ' - . - ' - . - ' - . -
chest, devout robe (13.1376) -> :
    truefaith vestments (24.9821) : +3.54995 %, from: tailoring bop
    robes of the exalted (20.6831) : +2.26148 %, from: pre-raid
    robes of prophecy (19.3501) : +1.86195 %, from: mc
    robe of volatile power (16.4829) : +1.00262 %, from: mc
    mindsurge robe (14.8667) : +0.518214 %, from: pre-raid
    the postmaster's tunic (14.7256) : +0.475929 %, from: pre-raid
    magister's robes (13.7593) : +0.186333 %, from: pre-raid
- . - ' - . - ' - . - ' - . - ' - . - ' - . -
wrists, devout bracers (5.27457) -> :
    vambraces of prophecy (16.7657) : +3.44038 %, from: mc
    flarecore wraps (13.2321) : +2.38246 %, from: tailoring boe
    wyrmthalak's shackles (7.57477) : +0.68867 %, from: pre-raid
    sublime wristguards (7.31586) : +0.611153 %, from: pre-raid
    flameweave cuffs of healing (7.23386) : +0.586603 %, from: brd
    magister's bindings (5.76196) : +0.145924 %, from: pre-raid
    magiskull cuffs (5.39536) : +0.0361636 %, from: pre-raid
    necropile cuffs (5.32938) : +0.0164097 %, from: pre-raid
- . - ' - . - ' - . - ' - . - ' - . - ' - . -
two-hand, quel'dorai channeling rod (17.1257) -> :
    benediction (40.8439) : +7.37096 %, from: mc
    staff of dominance (27.3434) : +3.17537 %, from: mc
    aurastone hammer and fire runed grimoire (25.3471) : +2.55498 %, from: mc, mc
    aurastone hammer and thaurissan's royal scepter (24.975) : +2.43935 %, from: mc, pre-raid
    aurastone hammer and milli's lexicon (23.2234) : +1.89501 %, from: mc, pre-raid
    aurastone hammer and ancient cornerstone grimoire (23.0987) : +1.85624 %, from: mc, onyxia
    aurastone hammer and spellbound tome (22.2387) : +1.58897 %, from: mc, pre-raid
    aurastone hammer and brightly glowing stone (22.0005) : +1.51497 %, from: mc, pre-raid
    aurastone hammer and penelope's rose (21.9267) : +1.49202 %, from: mc, pre-raid (scholo quest)
    sorcerous dagger and fire runed grimoire (21.5429) : +1.37274 %, from: mc, mc
    aurastone hammer and globe of d'sak (21.1913) : +1.26347 %, from: mc, pre-raid
    sorcerous dagger and milli's lexicon (20.2747) : +0.978627 %, from: mc, pre-raid
    sorcerous dagger and ancient cornerstone grimoire (19.9174) : +0.867588 %, from: mc, onyxia
    sorcerous dagger and thaurissan's royal scepter (19.1971) : +0.643746 %, from: mc, pre-raid
    anathema (18.5908) : +0.455318 %, from: mc
    sorcerous dagger and brightly glowing stone (18.3852) : +0.391424 %, from: mc, pre-raid
    sorcerous dagger and penelope's rose (18.316) : +0.369905 %, from: mc, pre-raid (scholo quest)
    sorcerous dagger and spellbound tome (18.1517) : +0.318853 %, from: mc, pre-raid
    lorespinner and fire runed grimoire (17.9047) : +0.242098 %, from: pre-raid, mc
- . - ' - . - ' - . - ' - . - ' - . - ' - . -
ranged, dragon finger of intellect (2.45654) -> :
    lunar wand of healing (4.56644) : +0.614435 %, from: random green
    bonecreeper stylus (3.84348) : +0.403897 %, from: pre-raid
    oblivion's touch (3.24252) : +0.22889 %, from: pre-raid
    mana channeling wand (3.07083) : +0.178891 %, from: pre-raid
    crimson shocker (2.93964) : +0.140685 %, from: mc
    lunar wand of the owl (2.79919) : +0.0997856 %, from: random green
    lunar wand of intellect (2.6796) : +0.0649567 %, from: random green
- . - ' - . - ' - . - ' - . - ' - . - ' - . -
hands, shadowy laced handwraps (12.3699) -> :
    gloves of prophecy (23.5717) : +3.35089 %, from: mc
    hands of the exalted herald (16.7385) : +1.30681 %, from: pre-raid
- . - ' - . - ' - . - ' - . - ' - . - ' - . -
waist, thuzadin sash (12.4346) -> :
    girdle of prophecy (21.4548) : +2.68079 %, from: mc
    whipvine cord (17.8911) : +1.62167 %, from: pre-raid
    mana igniting cord (14.5358) : +0.624478 %, from: mc
- . - ' - . - ' - . - ' - . - ' - . - ' - . -
legs, pants of prophecy (28.9308) -> :
    leggings of transcendence (34.8591) : +1.74584 %, from: mc
- . - ' - . - ' - . - ' - . - ' - . - ' - . -
feet, devout sandals (9.23663) -> :
    boots of prophecy (16.455) : +2.13386 %, from: mc
    boots of the full moon (11.8976) : +0.786605 %, from: pre-raid
    dragonrider boots (9.57724) : +0.100688 %, from: pre-raid
    wolfrunner shoes (9.55441) : +0.0939401 %, from: pre-raid
- . - ' - . - ' - . - ' - . - ' - . - ' - . -
finger, rosewine circle (13.9034) -> :
    cauterizing band (15.9427) : +0.590261 %, from: mc
- . - ' - . - ' - . - ' - . - ' - . - ' - . -
finger 2, ring of demonic guile (10.2556) -> :
    cauterizing band (16.8274) : +1.93898 %, from: mc
    rosewine circle (13.4873) : +0.953492 %, from: pre-raid
    band of sulfuras (11.2124) : +0.2823 %, from: mc
    fordring's seal (11.1856) : +0.274376 %, from: pre-raid
    seal of the archmagus (10.2667) : +0.00325952 %, from: mc
- . - ' - . - ' - . - ' - . - ' - . - ' - . -
trinket, briarwood reed (6.44608) -> :
    shard of the scale (15.8727) : +2.78783 %, from: onyxia
    royal seal of eldre'thalas (13.8087) : +2.17743 %, from: pre-raid
    mindtap talisman (11.5843) : +1.51958 %, from: pre-raid
    shard of afrasa (7.19727) : +0.222157 %, from: pre-raid
- . - ' - . - ' - . - ' - . - ' - . - ' - . -
trinket 2, royal seal of eldre'thalas (11.3965) -> :
    shard of the scale (20.2288) : +2.62348 %, from: onyxia
    mindtap talisman (12.7551) : +0.403568 %, from: pre-raid
------------------
- - - - - - - - - - - - - - - - - - - - - - - - - - - - - -
| Upgrades at start level, from start item to candidate:  |
. . . . . . . . . . . . . . . . . . . . . . . . . . . . . .
- . - ' - . - ' - . - ' - . - ' - . - ' - . -
head, halo of transcendence (27.0687) -> :
- . - ' - . - ' - . - ' - . - ' - . - ' - . -
neck, animated chain necklace (7.66473) -> :
    choker of the fire lord (8.66946) : +0.381484 %, from: mc
    choker of enlightenment (7.86078) : +0.074436 %, from: mc
- . - ' - . - ' - . - ' - . - ' - . - ' - . -
shoulders, devout mantle (14.8847) -> :
- . - ' - . - ' - . - ' - . - ' - . - ' - . -
back, hide of the wild (11.3479) -> :
- . - ' - . - ' - . - ' - . - ' - . - ' - . -
chest, devout robe (17.7778) -> :
    truefaith vestments (20.1153) : +0.887508 %, from: tailoring bop
    robes of prophecy (18.6141) : +0.3175 %, from: mc
- . - ' - . - ' - . - ' - . - ' - . - ' - . -
wrists, devout bracers (11.1057) -> :
    vambraces of prophecy (13.4547) : +0.891888 %, from: mc
- . - ' - . - ' - . - ' - . - ' - . - ' - . -
two-hand, quel'dorai channeling rod (19.7926) -> :
    benediction (38.9174) : +7.26146 %, from: mc
    staff of dominance (28.2622) : +3.21583 %, from: mc
    aurastone hammer and fire runed grimoire (26.343) : +2.48712 %, from: mc, mc
    aurastone hammer and thaurissan's royal scepter (25.47) : +2.15565 %, from: mc, pre-raid
    aurastone hammer and milli's lexicon (25.0498) : +1.99612 %, from: mc, pre-raid
    aurastone hammer and ancient cornerstone grimoire (24.9382) : +1.95372 %, from: mc, onyxia
    aurastone hammer and spellbound tome (23.6411) : +1.46122 %, from: mc, pre-raid
    aurastone hammer and penelope's rose (23.4615) : +1.39304 %, from: mc, pre-raid (scholo quest)
    sorcerous dagger and fire runed grimoire (22.7643) : +1.12835 %, from: mc, mc
    aurastone hammer and brightly glowing stone (22.2874) : +0.947274 %, from: mc, pre-raid
    aurastone hammer and globe of d'sak (21.8264) : +0.772239 %, from: mc, pre-raid
    sorcerous dagger and milli's lexicon (21.5548) : +0.66909 %, from: mc, pre-raid
    sorcerous dagger and thaurissan's royal scepter (21.2604) : +0.557308 %, from: mc, pre-raid
    sorcerous dagger and ancient cornerstone grimoire (21.1728) : +0.524041 %, from: mc, onyxia
    anathema (21.0218) : +0.466708 %, from: mc
    sorcerous dagger and spellbound tome (20.0562) : +0.100078 %, from: mc, pre-raid
    sorcerous dagger and penelope's rose (19.9858) : +0.0733584 %, from: mc, pre-raid (scholo quest)
- . - ' - . - ' - . - ' - . - ' - . - ' - . -
ranged, dragon finger of intellect (2.73584) -> :
    lunar wand of healing (3.88074) : +0.434704 %, from: random green
    bonecreeper stylus (3.67871) : +0.357997 %, from: pre-raid
    oblivion's touch (3.49731) : +0.289123 %, from: pre-raid
    mana channeling wand (3.27048) : +0.202996 %, from: pre-raid
    crimson shocker (3.22058) : +0.184051 %, from: mc
    lunar wand of the owl (3.21155) : +0.180621 %, from: random green
    lunar wand of intellect (2.84314) : +0.0407405 %, from: random green
- . - ' - . - ' - . - ' - . - ' - . - ' - . -
hands, shadowy laced handwraps (11.4427) -> :
    gloves of prophecy (18.1782) : +2.55737 %, from: mc
    hands of the exalted herald (15.4357) : +1.5161 %, from: pre-raid
- . - ' - . - ' - . - ' - . - ' - . - ' - . -
waist, thuzadin sash (10.4953) -> :
    girdle of prophecy (15.7501) : +1.99516 %, from: mc
    whipvine cord (15.3717) : +1.85151 %, from: pre-raid
    mana igniting cord (12.5419) : +0.777059 %, from: mc
- . - ' - . - ' - . - ' - . - ' - . - ' - . -
legs, pants of prophecy (27.0271) -> :
    leggings of transcendence (31.7559) : +1.79548 %, from: mc
- . - ' - . - ' - . - ' - . - ' - . - ' - . -
feet, devout sandals (13.6427) -> :
    boots of prophecy (14.2166) : +0.217897 %, from: mc
- . - ' - . - ' - . - ' - . - ' - . - ' - . -
finger, rosewine circle (10.8412) -> :
    cauterizing band (13.4576) : +0.993438 %, from: mc
- . - ' - . - ' - . - ' - . - ' - . - ' - . -
finger 2, ring of demonic guile (10.5439) -> :
    cauterizing band (14.0821) : +1.34342 %, from: mc
    band of sulfuras (11.213) : +0.254037 %, from: mc
    rosewine circle (11.1897) : +0.245185 %, from: pre-raid
    seal of the archmagus (10.5527) : +0.00333711 %, from: mc
- . - ' - . - ' - . - ' - . - ' - . - ' - . -
trinket, briarwood reed (5.67773) -> :
    shard of the scale (11.2151) : +2.10247 %, from: onyxia
    royal seal of eldre'thalas (8.98083) : +1.25415 %, from: pre-raid
    mindtap talisman (8.06952) : +0.908133 %, from: pre-raid
- . - ' - . - ' - . - ' - . - ' - . - ' - . -
trinket 2, royal seal of eldre'thalas (10.3334) -> :
    shard of the scale (12.48) : +0.81503 %, from: onyxia
-- Stat values at start item level: --
Current relative stat values for matching or exceeding +50 pts of sp
int: 192.557
spi: 142.083
sta: 0
agi: 0
mp5: 553.915
sp: 100
sp_shadow: 0
sp_healing: 100
spell crit: 245.509
spell hit: 0
arcane res: 0
nature res: 0
fire res: 0
frost res: 0
shadow res: 0
armor: 0
defense: 0
dodge: 0
parry: 0
------------------
Best value: 345.283
