Your call: ./css 5 ../items/more_raid.csv -b 0.4 -r 0.3 
Found: -b, val: 0.4
./css 5 ../items/more_raid.csv -r 0.3 
Found: -r, val: 0.3
./css 5 ../items/more_raid.csv 
Shuffle seed: 2774817532
Reading tmp locked from: start_with.txt
Locking: anastari heirloom
Locking: animated chain necklace
Locking: argent crusader
Locking: atal'ai gloves of the owl
Locking: banshee finger
Locking: blood of the martyr
Locking: briarwood reed
Locking: burial shawl
Locking: crimson felt hat
Locking: cyclopean band
Locking: devout belt
Locking: devout bracers
Locking: devout crown
Locking: devout mantle
Locking: devout robe
Locking: devout sandals
Locking: devout skirt
Locking: dragon finger of intellect
Locking: dragonslayer's signet
Locking: drakefire amulet
Locking: dreadmist mantle
Locking: dreamweave circlet
Locking: dreamweave gloves
Locking: dreamweave vest
Locking: eye of the beast
Locking: fordring's seal
Locking: grimgore noose
Locking: halo of transcendence
Locking: heart of the fiend
Locking: hide of the wild
Locking: kentic amice
Locking: magister's robes
Locking: maleki's footwraps
Locking: nature's breath
Locking: necropile boots
Locking: necropile cuffs
Locking: necropile mantle
Locking: noxious shooter
Locking: omnicast boots
Locking: orb of the forgotten seer
Locking: padre's trousers
Locking: penelope's rose
Locking: quel'dorai channeling rod
Locking: raincaster drape
Locking: rainstrider leggings
Locking: ring of demonic guile
Locking: ring of demonic guile
Locking: robes of the royal crown
Locking: rod of corrosion
Locking: rosewine circle
Locking: royal seal of eldre'thalas
Locking: royal tribunal cloak
Locking: sarah's guide
Locking: seal of rivendare
Locking: seal of rivendare
Locking: shadowy laced handwraps
Locking: silkweb gloves
Locking: soulstealer mantle
Locking: spellbound tome
Locking: spritecaster cape
Locking: starfire tiara
Locking: the hammer of grace
Locking: the postmaster's treads
Locking: thuzadin sash
Locking: triune amulet
Locking: vinerot sandals
Locking: wolfshear leggings
Locking: pants of prophecy
Optimizing start items...
[Perf] spent in FindBestPveHealingCounts: 0.00705704 s, that's: 100.005 % of total.

*** NEW BEST: 133.982 ***

*** NEW BEST: 142.605 ***

*** NEW BEST: 151.46 ***

*** NEW BEST: 155.767 ***

*** NEW BEST: 167.006 ***

*** NEW BEST: 174.663 ***

*** NEW BEST: 186.318 ***

*** NEW BEST: 193.54 ***

*** NEW BEST: 208.499 ***

*** NEW BEST: 232.061 ***

*** NEW BEST: 253.887 ***

*** NEW BEST: 264.238 ***

*** NEW BEST: 275.278 ***

*** NEW BEST: 284.741 ***

*** NEW BEST: 291.746 ***

*** NEW BEST: 293.744 ***
*
best val: 293.744
*
best val: 293.744
*
best val: 293.744

*** NEW BEST: 295.314 ***
waist : grimgore noose -> thuzadin sash => val: 295.314 -> 295.325

*** NEW BEST: 296.023 ***
*
best val: 296.023
*
best val: 296.023

Read starting items and cleared locks.
 ----------------------------
 --- head --- 
name: halo of transcendence
slot: head
intelligence: 27
stamina: 17
spirit: 22
sp_healing: 48
fire_res: 10
frost_res: 10
armor: 94
 ----------------------------
 --- neck --- 
name: animated chain necklace
slot: neck
stamina: 7
spirit: 6
sp_healing: 33
 ----------------------------
 --- shoulders --- 
name: devout mantle
slot: shoulders
intelligence: 21
stamina: 4
spirit: 9
armor: 64
 ----------------------------
 --- back --- 
name: hide of the wild
slot: back
intelligence: 10
stamina: 8
sp_healing: 42
armor: 48
 ----------------------------
 --- chest --- 
name: devout robe
slot: chest
intelligence: 24
stamina: 13
spirit: 15
armor: 89
 ----------------------------
 --- wrists --- 
name: devout bracers
slot: wrists
intelligence: 10
stamina: 7
spirit: 10
armor: 35
 ----------------------------
 --- two-hand --- 
name: quel'dorai channeling rod
slot: two-hand
intelligence: 18
stamina: 8
spirit: 8
mp5: 8
 ----------------------------
 ---  --- 
name: 
slot: 
 ----------------------------
 ---  --- 
name: 
slot: 
 ----------------------------
 ---  --- 
name: 
slot: 
 ----------------------------
 --- ranged --- 
name: dragon finger of intellect
slot: ranged
intelligence: 8
 ----------------------------
 --- hands --- 
name: shadowy laced handwraps
slot: hands
intelligence: 15
mp5: 5
shadow_res: 12
armor: 53
 ----------------------------
 --- waist --- 
name: thuzadin sash
slot: waist
intelligence: 12
stamina: 11
spirit: 11
sp: 11
armor: 49
 ----------------------------
 --- legs --- 
name: pants of prophecy
slot: legs
intelligence: 24
stamina: 18
spirit: 20
sp_healing: 22
mp5: 6
shadow_res: 10
armor: 89
 ----------------------------
 --- feet --- 
name: devout sandals
slot: feet
intelligence: 10
stamina: 9
spirit: 17
armor: 58
 ----------------------------
 --- finger --- 
name: rosewine circle
slot: finger
sp_healing: 29
mp5: 5
 ----------------------------
 --- finger --- 
name: fordring's seal
slot: finger
intelligence: 5
stamina: 4
sp_healing: 37
 ----------------------------
 --- trinket --- 
name: royal seal of eldre'thalas
slot: trinket
sp_healing: 33
mp5: 4
 ----------------------------
 --- trinket --- 
name: briarwood reed
slot: trinket
sp: 29
 ----------------------------
 --- Set bonuses ---
name: devout 2 devout 4 
slot: Set bonuses
sp: 23
armor: 200
 --- And counts for start items ---
For 120 s fights:
    casts: 8, ticks: 8, ticks_oom: 0
    Heal, rank: 2, count: 1
    Heal, rank: 4, count: 0
    Greater Heal, rank: 1, count: 3
    Greater Heal, rank: 4, count: 1
    Flash Heal, rank: 7, count: 0
    Renew, rank: 10, count: 1
    Prayer of Healing, rank: 5, count: 0
    pve info: 0.996667
    hps: 395.059
For 180 s fights:
    casts: 9, ticks: 8, ticks_oom: 0
    Heal, rank: 2, count: 3
    Heal, rank: 4, count: 0
    Greater Heal, rank: 1, count: 4
    Greater Heal, rank: 4, count: 0
    Flash Heal, rank: 7, count: 0
    Renew, rank: 10, count: 0
    Prayer of Healing, rank: 5, count: 0
    pve info: 1
    hps: 313.916
For 240 s fights:
    casts: 10, ticks: 9, ticks_oom: 2
    Heal, rank: 2, count: 14
    Heal, rank: 4, count: 0
    Greater Heal, rank: 1, count: 0
    Greater Heal, rank: 4, count: 0
    Flash Heal, rank: 7, count: 0
    Renew, rank: 10, count: 1
    Prayer of Healing, rank: 5, count: 0
    pve info: 0.996674
    hps: 282.09
For 300 s fights:
    casts: 11, ticks: 9, ticks_oom: 0
    Heal, rank: 2, count: 12
    Heal, rank: 4, count: 0
    Greater Heal, rank: 1, count: 0
    Greater Heal, rank: 4, count: 0
    Flash Heal, rank: 7, count: 0
    Renew, rank: 10, count: 0
    Prayer of Healing, rank: 5, count: 0
    pve info: 0.996027
    hps: 254.251
For 360 s fights:
    casts: 8, ticks: 8, ticks_oom: 0
    Heal, rank: 2, count: 19
    Heal, rank: 4, count: 1
    Greater Heal, rank: 1, count: 1
    Greater Heal, rank: 4, count: 0
    Flash Heal, rank: 7, count: 0
    Renew, rank: 10, count: 0
    Prayer of Healing, rank: 5, count: 0
    pve info: 0.993352
    hps: 234.8
.
*** NEW BEST: 297.465 ***

*** NEW BEST: 297.826 ***

*** NEW BEST: 304.736 ***

*** NEW BEST: 311.315 ***

*** NEW BEST: 315.32 ***

*** NEW BEST: 316.547 ***

*** NEW BEST: 317.028 ***

*** NEW BEST: 321.439 ***

*** NEW BEST: 330.765 ***

*** NEW BEST: 338.939 ***

*** NEW BEST: 363.099 ***

*** NEW BEST: 366.856 ***

*** NEW BEST: 374.313 ***
..
*** NEW BEST: 376.548 ***
...
*** NEW BEST: 376.802 ***
.
*** NEW BEST: 380.412 ***
......................................................
*** NEW BEST: 380.937 ***
.....................................................................................................Temporary bans and partial set bonuses off.
.head : circlet of prophecy -> halo of transcendence => val: 371.345 -> 380.665
..[Perf] spent in FindBestPveHealingCounts: 14.8592 s, that's: 57.8332 % of total.
........ ----------------------------
 --- head --- 
name: halo of transcendence
slot: head
intelligence: 27
stamina: 17
spirit: 22
sp_healing: 48
fire_res: 10
frost_res: 10
armor: 94
 ----------------------------
 --- neck --- 
name: choker of the fire lord
slot: neck
intelligence: 7
stamina: 7
sp: 34
 ----------------------------
 --- shoulders --- 
name: mantle of prophecy
slot: shoulders
intelligence: 23
stamina: 13
spirit: 10
sp: 9
shadow_res: 7
armor: 76
 ----------------------------
 --- back --- 
name: hide of the wild
slot: back
intelligence: 10
stamina: 8
sp_healing: 42
armor: 48
 ----------------------------
 --- chest --- 
name: truefaith vestments
slot: chest
stamina: 14
sp_healing: 73
mp5: 6
armor: 96
 ----------------------------
 --- wrists --- 
name: vambraces of prophecy
slot: wrists
intelligence: 14
stamina: 8
spirit: 10
sp_healing: 24
mp5: 2
armor: 44
 ----------------------------
 --- two-hand --- 
name: benediction
slot: two-hand
intelligence: 31
stamina: 10
spirit: 12
sp_healing: 106
spell_crit: 2
shadow_res: 20
 ----------------------------
 ---  --- 
name: 
slot: 
 ----------------------------
 ---  --- 
name: 
slot: 
 ----------------------------
 ---  --- 
name: 
slot: 
 ----------------------------
 --- ranged --- 
name: lunar wand of healing
slot: ranged
sp_healing: 20
 ----------------------------
 --- hands --- 
name: gloves of prophecy
slot: hands
intelligence: 15
stamina: 10
spirit: 15
sp_healing: 18
mp5: 6
fire_res: 7
armor: 63
 ----------------------------
 --- waist --- 
name: whipvine cord
slot: waist
intelligence: 8
sp_healing: 31
mp5: 6
armor: 47
 ----------------------------
 --- legs --- 
name: leggings of transcendence
slot: legs
intelligence: 21
stamina: 16
spirit: 21
sp_healing: 46
mp5: 7
arcane_res: 10
shadow_res: 10
armor: 101
 ----------------------------
 --- feet --- 
name: boots of prophecy
slot: feet
intelligence: 18
stamina: 17
spirit: 15
sp_healing: 18
shadow_res: 7
armor: 70
 ----------------------------
 --- finger --- 
name: cauterizing band
slot: finger
intelligence: 12
stamina: 9
sp_healing: 46
 ----------------------------
 --- finger --- 
name: rosewine circle
slot: finger
sp_healing: 29
mp5: 5
 ----------------------------
 --- trinket --- 
name: royal seal of eldre'thalas
slot: trinket
sp_healing: 33
mp5: 4
 ----------------------------
 --- trinket --- 
name: shard of the scale
slot: trinket
mp5: 16
 ----------------------------
 --- Set bonuses ---
name: 
slot: Set bonuses
------------------
Char stats: 
Effective hp: 5886.4
Effective mana: 10555
Raw max mana: 6939.6
Int: 357.333
Stam: 180
Spirit: 235
Strength: 34
Agility: 38
Mp5: 105.6
Sp: 43
Sp shadow: 0
Sp healing: 534
Spell crit: 1.10213
Spell hit: 0
Arcane res: 10
Nature res: 0
Fire res: 17
Frost res: 10
Shadow res: 44
Armor: 2453
Defense: 300
Dodge: 0
Parry: 0
HpsPvp: 981.343
ShadowDps: 211.989
Value pvp healing: 500.636
Value pvp shadow: 23.3618
------------------
Best counts:
For 120 s fights:
    casts: 16, ticks: 9, ticks_oom: 0
    Heal, rank: 2, count: 2
    Heal, rank: 4, count: 0
    Greater Heal, rank: 1, count: 3
    Greater Heal, rank: 4, count: 0
    Flash Heal, rank: 7, count: 0
    Renew, rank: 10, count: 1
    Prayer of Healing, rank: 5, count: 0
    pve info: 1
    hps: 487.856
For 180 s fights:
    casts: 13, ticks: 10, ticks_oom: 0
    Heal, rank: 2, count: 3
    Heal, rank: 4, count: 0
    Greater Heal, rank: 1, count: 1
    Greater Heal, rank: 4, count: 0
    Flash Heal, rank: 7, count: 0
    Renew, rank: 10, count: 1
    Prayer of Healing, rank: 5, count: 0
    pve info: 1
    hps: 404.651
For 240 s fights:
    casts: 14, ticks: 9, ticks_oom: 0
    Heal, rank: 2, count: 14
    Heal, rank: 4, count: 0
    Greater Heal, rank: 1, count: 0
    Greater Heal, rank: 4, count: 0
    Flash Heal, rank: 7, count: 0
    Renew, rank: 10, count: 0
    Prayer of Healing, rank: 5, count: 0
    pve info: 1
    hps: 364.464
For 300 s fights:
    casts: 14, ticks: 10, ticks_oom: 0
    Heal, rank: 2, count: 10
    Heal, rank: 4, count: 0
    Greater Heal, rank: 1, count: 0
    Greater Heal, rank: 4, count: 0
    Flash Heal, rank: 7, count: 0
    Renew, rank: 10, count: 0
    Prayer of Healing, rank: 5, count: 0
    pve info: 1
    hps: 337.505
For 360 s fights:
    casts: 7, ticks: 7, ticks_oom: 0
    Heal, rank: 2, count: 15
    Heal, rank: 4, count: 0
    Greater Heal, rank: 1, count: 5
    Greater Heal, rank: 4, count: 0
    Flash Heal, rank: 7, count: 0
    Renew, rank: 10, count: 0
    Prayer of Healing, rank: 5, count: 0
    pve info: 0.996133
    hps: 310.21
------------------
Current relative stat values for matching or exceeding +50 pts of sp
int: 114.722
spi: 64.7468
sta: 0
agi: 0
mp5: 302.194
sp: 100
sp_shadow: 0
sp_healing: 100
spell crit: 281.538
spell hit: 0
arcane res: 0
nature res: 0
fire res: 0
frost res: 0
shadow res: 0
armor: 0
defense: 0
dodge: 0
parry: 0
------------------
Diffs to start: 
Upgrades: 
quel'dorai channeling rod(22.4351) -> benediction(49.6277) : 27.1926 = +7.69299%
briarwood reed(6.48889) -> shard of the scale(25.6116) : 19.1227 = +5.28919%
devout robe(14.3468) -> truefaith vestments(27.527) : 13.1803 = +3.58661%
devout bracers(10.1407) -> vambraces of prophecy(21.5405) : 11.3998 = +3.08717%
shadowy laced handwraps(18.8858) -> gloves of prophecy(29.3711) : 10.4853 = +2.83249%
devout sandals(11.9198) -> boots of prophecy(20.93) : 9.01013 = +2.42433%
fordring's seal(10.5382) -> cauterizing band(17.4684) : 6.93021 = +1.85431%
thuzadin sash(15.6779) -> whipvine cord(22.4568) : 6.77884 = +1.81307%
pants of prophecy(36.2264) -> leggings of transcendence(42.312) : 6.08563 = +1.62466%
devout mantle(17.9661) -> mantle of prophecy(21.1313) : 3.16516 = +0.838453%
animated chain necklace(10.0243) -> choker of the fire lord(12.9757) : 2.95142 = +0.781389%
dragon finger of intellect(1.96875) -> lunar wand of healing(4.88919) : 2.92044 = +0.773125%
halo of transcendence(36.2853) -> halo of transcendence(36.2853) : 0 = +0%
hide of the wild(16.0236) -> hide of the wild(16.0236) : 0 = +0%
rosewine circle(14.2346) -> rosewine circle(14.2346) : 0 = +0%
royal seal of eldre'thalas(13.7393) -> royal seal of eldre'thalas(13.7393) : 0 = +0%
- - - - - - - - - - - - - - - - - - - - - - - - - - - - - - - - -
| Upgrades at best in slot level, from start item to candidate: |
. . . . . . . . . . . . . . . . . . . . . . . . . . . . . . . . .
- . - ' - . - ' - . - ' - . - ' - . - ' - . -
head, halo of transcendence (36.4897) -> :
- . - ' - . - ' - . - ' - . - ' - . - ' - . -
neck, animated chain necklace (10.8816) -> :
    choker of the fire lord (13.8331) : +0.780868 %, from: mc
    choker of enlightenment (12.3009) : +0.37551 %, from: mc
- . - ' - . - ' - . - ' - . - ' - . - ' - . -
shoulders, devout mantle (18.3366) -> :
    mantle of prophecy (21.4177) : +0.815428 %, from: mc
    soulstealer mantle (18.7377) : +0.106166 %, from: pre-raid
- . - ' - . - ' - . - ' - . - ' - . - ' - . -
back, hide of the wild (17.2813) -> :
- . - ' - . - ' - . - ' - . - ' - . - ' - . -
chest, devout robe (15.6608) -> :
    truefaith vestments (28.7714) : +3.56434 %, from: tailoring bop
    robes of the exalted (25.3632) : +2.63775 %, from: pre-raid
    robes of prophecy (22.0882) : +1.7474 %, from: mc
    robe of volatile power (19.1354) : +0.944632 %, from: mc
    mindsurge robe (17.4167) : +0.47736 %, from: pre-raid
    the postmaster's tunic (17.2848) : +0.441519 %, from: pre-raid
    magister's robes (16.2957) : +0.172622 %, from: pre-raid
    dreamweave vest (15.6867) : +0.00703562 %, from: pre-raid
- . - ' - . - ' - . - ' - . - ' - . - ' - . -
wrists, devout bracers (8.75076) -> :
    vambraces of prophecy (21.4912) : +3.46023 %, from: mc
    flarecore wraps (17.4636) : +2.36636 %, from: tailoring boe
    magister's bindings (11.95) : +0.868905 %, from: pre-raid
    wyrmthalak's shackles (11.1484) : +0.651194 %, from: pre-raid
    magiskull cuffs (11.1008) : +0.638264 %, from: pre-raid
    sublime wristguards (10.3351) : +0.430292 %, from: pre-raid
    necropile cuffs (9.3223) : +0.155225 %, from: pre-raid
- . - ' - . - ' - . - ' - . - ' - . - ' - . -
two-hand, quel'dorai channeling rod (23.4209) -> :
    benediction (50.5142) : +7.65683 %, from: mc
    staff of dominance (35.5385) : +3.42456 %, from: mc
    aurastone hammer and fire runed grimoire (33.7635) : +2.92293 %, from: mc, mc
    aurastone hammer and ancient cornerstone grimoire (31.112) : +2.17358 %, from: mc, onyxia
    aurastone hammer and thaurissan's royal scepter (31.0769) : +2.16366 %, from: mc, pre-raid
    aurastone hammer and spellbound tome (30.3687) : +1.9635 %, from: mc, pre-raid
    sorcerous dagger and fire runed grimoire (30.3389) : +1.95508 %, from: mc, mc
    aurastone hammer and milli's lexicon (30.182) : +1.91075 %, from: mc, pre-raid
    aurastone hammer and globe of d'sak (29.655) : +1.76182 %, from: mc, pre-raid
    aurastone hammer and brightly glowing stone (28.8229) : +1.52665 %, from: mc, pre-raid
    sorcerous dagger and milli's lexicon (28.5828) : +1.45879 %, from: mc, pre-raid
    aurastone hammer and penelope's rose (28.4648) : +1.42545 %, from: mc, pre-raid (scholo quest)
    sorcerous dagger and ancient cornerstone grimoire (28.222) : +1.35685 %, from: mc, onyxia
    sorcerous dagger and spellbound tome (27.1777) : +1.06169 %, from: mc, pre-raid
    sorcerous dagger and thaurissan's royal scepter (26.7909) : +0.952395 %, from: mc, pre-raid
    anathema (26.3596) : +0.830504 %, from: mc
    lorespinner and fire runed grimoire (25.909) : +0.703154 %, from: pre-raid, mc
    sorcerous dagger and globe of d'sak (25.6695) : +0.635477 %, from: mc, pre-raid
    sorcerous dagger and penelope's rose (25.5977) : +0.615166 %, from: mc, pre-raid (scholo quest)
    gift of the elven magi and fire runed grimoire (24.6473) : +0.346588 %, from: pre-raid (strat live: balnazzar), mc
    hypnotic blade and fire runed grimoire (23.5421) : +0.0342568 %, from: pre-raid, mc
    witchblade and fire runed grimoire (23.5416) : +0.0341102 %, from: pre-raid, mc
    sorcerous dagger and brightly glowing stone (23.5009) : +0.0225878 %, from: mc, pre-raid
- . - ' - . - ' - . - ' - . - ' - . - ' - . -
ranged, dragon finger of intellect (2.10217) -> :
    lunar wand of healing (4.88416) : +0.735672 %, from: random green
    bonecreeper stylus (3.72772) : +0.429863 %, from: pre-raid
    oblivion's touch (2.9939) : +0.235809 %, from: pre-raid
    mana channeling wand (2.84293) : +0.195886 %, from: pre-raid
    crimson shocker (2.65869) : +0.147167 %, from: mc
    lunar wand of the owl (2.55771) : +0.120463 %, from: random green
    lunar wand of intellect (2.44824) : +0.0915151 %, from: random green
- . - ' - . - ' - . - ' - . - ' - . - ' - . -
hands, shadowy laced handwraps (17.5243) -> :
    gloves of prophecy (29.3616) : +3.20707 %, from: mc
    hands of the exalted herald (18.713) : +0.322059 %, from: pre-raid
- . - ' - . - ' - . - ' - . - ' - . - ' - . -
waist, thuzadin sash (14.6501) -> :
    whipvine cord (22.2714) : +2.0415 %, from: pre-raid
    girdle of prophecy (20.9161) : +1.67848 %, from: mc
    mana igniting cord (16.9685) : +0.621034 %, from: mc
- . - ' - . - ' - . - ' - . - ' - . - ' - . -
legs, pants of prophecy (36.2584) -> :
    leggings of transcendence (42.203) : +1.58527 %, from: mc
- . - ' - . - ' - . - ' - . - ' - . - ' - . -
feet, devout sandals (11.3569) -> :
    boots of prophecy (20.8573) : +2.55775 %, from: mc
    boots of the full moon (15.8137) : +1.19987 %, from: pre-raid
    dragonrider boots (13.6226) : +0.609979 %, from: pre-raid
    wolfrunner shoes (12.8874) : +0.412045 %, from: pre-raid
    the postmaster's treads (12.1959) : +0.225868 %, from: pre-raid
- . - ' - . - ' - . - ' - . - ' - . - ' - . -
finger, rosewine circle (13.2237) -> :
    cauterizing band (18.7714) : +1.47784 %, from: mc
- . - ' - . - ' - . - ' - . - ' - . - ' - . -
finger 2, fordring's seal (12.6197) -> :
    cauterizing band (18.4012) : +1.52821 %, from: mc
    rosewine circle (15.2351) : +0.691313 %, from: pre-raid
- . - ' - . - ' - . - ' - . - ' - . - ' - . -
trinket, royal seal of eldre'thalas (14.8404) -> :
    shard of the scale (15.5921) : +0.197339 %, from: onyxia
- . - ' - . - ' - . - ' - . - ' - . - ' - . -
trinket 2, briarwood reed (6.45856) -> :
    shard of the scale (25.7481) : +5.3338 %, from: onyxia
    mindtap talisman (17.4306) : +3.0339 %, from: pre-raid
    royal seal of eldre'thalas (13.2662) : +1.88239 %, from: pre-raid
    shard of afrasa (7.30695) : +0.23459 %, from: pre-raid
------------------
- - - - - - - - - - - - - - - - - - - - - - - - - - - - - -
| Upgrades at start level, from start item to candidate:  |
. . . . . . . . . . . . . . . . . . . . . . . . . . . . . .
- . - ' - . - ' - . - ' - . - ' - . - ' - . -
head, halo of transcendence (28.8445) -> :
- . - ' - . - ' - . - ' - . - ' - . - ' - . -
neck, animated chain necklace (8.85049) -> :
    choker of the fire lord (10.34) : +0.50316 %, from: mc
    choker of enlightenment (8.93723) : +0.0292987 %, from: mc
- . - ' - . - ' - . - ' - . - ' - . - ' - . -
shoulders, devout mantle (17.4804) -> :
- . - ' - . - ' - . - ' - . - ' - . - ' - . -
back, hide of the wild (13.8252) -> :
- . - ' - . - ' - . - ' - . - ' - . - ' - . -
chest, devout robe (19.8331) -> :
    robes of prophecy (21.2123) : +0.465913 %, from: mc
- . - ' - . - ' - . - ' - . - ' - . - ' - . -
wrists, devout bracers (12.1602) -> :
    vambraces of prophecy (15.0203) : +0.966177 %, from: mc
- . - ' - . - ' - . - ' - . - ' - . - ' - . -
two-hand, quel'dorai channeling rod (20.9075) -> :
    benediction (42.2196) : +7.19948 %, from: mc
    staff of dominance (30.3937) : +3.20454 %, from: mc
    aurastone hammer and fire runed grimoire (28.427) : +2.54017 %, from: mc, mc
    aurastone hammer and ancient cornerstone grimoire (27.0074) : +2.0606 %, from: mc, onyxia
    aurastone hammer and milli's lexicon (26.8543) : +2.0089 %, from: mc, pre-raid
    aurastone hammer and thaurissan's royal scepter (26.1445) : +1.76913 %, from: mc, pre-raid
    aurastone hammer and spellbound tome (25.2466) : +1.4658 %, from: mc, pre-raid
    aurastone hammer and penelope's rose (24.6893) : +1.27755 %, from: mc, pre-raid (scholo quest)
    aurastone hammer and brightly glowing stone (23.8307) : +0.987476 %, from: mc, pre-raid
    sorcerous dagger and fire runed grimoire (23.7667) : +0.965878 %, from: mc, mc
    aurastone hammer and globe of d'sak (23.66) : +0.929827 %, from: mc, pre-raid
    anathema (22.6684) : +0.59485 %, from: mc
    sorcerous dagger and ancient cornerstone grimoire (22.633) : +0.582902 %, from: mc, onyxia
    sorcerous dagger and milli's lexicon (22.553) : +0.555882 %, from: mc, pre-raid
    sorcerous dagger and thaurissan's royal scepter (22.0328) : +0.380141 %, from: mc, pre-raid
- . - ' - . - ' - . - ' - . - ' - . - ' - . -
ranged, dragon finger of intellect (4.06146) -> :
    oblivion's touch (5.50333) : +0.487078 %, from: pre-raid
    crimson shocker (5.19107) : +0.381595 %, from: mc
    mana channeling wand (4.76297) : +0.236977 %, from: pre-raid
    bonecreeper stylus (4.74554) : +0.231091 %, from: pre-raid
    lunar wand of the owl (4.67584) : +0.207545 %, from: random green
    lunar wand of intellect (4.63864) : +0.194978 %, from: random green
    lunar wand of healing (4.2648) : +0.0686901 %, from: random green
- . - ' - . - ' - . - ' - . - ' - . - ' - . -
hands, shadowy laced handwraps (13.7498) -> :
    gloves of prophecy (21.0742) : +2.47427 %, from: mc
    hands of the exalted herald (17.1501) : +1.14864 %, from: pre-raid
- . - ' - . - ' - . - ' - . - ' - . - ' - . -
waist, thuzadin sash (11.3578) -> :
    whipvine cord (17.3023) : +2.00814 %, from: pre-raid
    girdle of prophecy (16.4916) : +1.73426 %, from: mc
    mana igniting cord (13.0746) : +0.579943 %, from: mc
- . - ' - . - ' - . - ' - . - ' - . - ' - . -
legs, pants of prophecy (28.7294) -> :
    leggings of transcendence (34.1409) : +1.82807 %, from: mc
- . - ' - . - ' - . - ' - . - ' - . - ' - . -
feet, devout sandals (14.6841) -> :
    boots of prophecy (15.7115) : +0.347038 %, from: mc
- . - ' - . - ' - . - ' - . - ' - . - ' - . -
finger, rosewine circle (13.3252) -> :
    cauterizing band (16.217) : +0.976888 %, from: mc
- . - ' - . - ' - . - ' - . - ' - . - ' - . -
finger 2, fordring's seal (10.1726) -> :
    cauterizing band (14.261) : +1.38113 %, from: mc
    rosewine circle (10.6626) : +0.165545 %, from: pre-raid
- . - ' - . - ' - . - ' - . - ' - . - ' - . -
trinket, royal seal of eldre'thalas (13.177) -> :
    shard of the scale (14.3516) : +0.39679 %, from: onyxia
- . - ' - . - ' - . - ' - . - ' - . - ' - . -
trinket 2, briarwood reed (6.28217) -> :
    shard of the scale (10.9004) : +1.5601 %, from: onyxia
    royal seal of eldre'thalas (9.9758) : +1.24775 %, from: pre-raid
    mindtap talisman (7.68973) : +0.475491 %, from: pre-raid
-- Stat values at start item level: --
Current relative stat values for matching or exceeding +50 pts of sp
int: 203.246
spi: 120.911
sta: 0
agi: 0
mp5: 515.052
sp: 100
sp_shadow: 0
sp_healing: 100
spell crit: 237.396
spell hit: 0
arcane res: 0
nature res: 0
fire res: 0
frost res: 0
shadow res: 0
armor: 0
defense: 0
dodge: 0
parry: 0
------------------
Best value: 380.665
