Your call: ./css 5 ../items/more_raid.csv -b 0.3 -r 0.3 
Found: -b, val: 0.3
./css 5 ../items/more_raid.csv -r 0.3 
Found: -r, val: 0.3
./css 5 ../items/more_raid.csv 
Shuffle seed: 1920313008
Reading tmp locked from: start_with.txt
Locking: anastari heirloom
Locking: animated chain necklace
Locking: argent crusader
Locking: atal'ai gloves of the owl
Locking: banshee finger
Locking: blood of the martyr
Locking: briarwood reed
Locking: burial shawl
Locking: crimson felt hat
Locking: cyclopean band
Locking: devout belt
Locking: devout bracers
Locking: devout crown
Locking: devout mantle
Locking: devout robe
Locking: devout sandals
Locking: devout skirt
Locking: dragon finger of intellect
Locking: dragonslayer's signet
Locking: drakefire amulet
Locking: dreadmist mantle
Locking: dreamweave circlet
Locking: dreamweave gloves
Locking: dreamweave vest
Locking: eye of the beast
Locking: fordring's seal
Locking: grimgore noose
Locking: halo of transcendence
Locking: heart of the fiend
Locking: hide of the wild
Locking: kentic amice
Locking: magister's robes
Locking: maleki's footwraps
Locking: nature's breath
Locking: necropile boots
Locking: necropile cuffs
Locking: necropile mantle
Locking: noxious shooter
Locking: omnicast boots
Locking: orb of the forgotten seer
Locking: padre's trousers
Locking: penelope's rose
Locking: quel'dorai channeling rod
Locking: raincaster drape
Locking: rainstrider leggings
Locking: ring of demonic guile
Locking: ring of demonic guile
Locking: robes of the royal crown
Locking: rod of corrosion
Locking: rosewine circle
Locking: royal seal of eldre'thalas
Locking: royal tribunal cloak
Locking: sarah's guide
Locking: seal of rivendare
Locking: seal of rivendare
Locking: shadowy laced handwraps
Locking: silkweb gloves
Locking: soulstealer mantle
Locking: spellbound tome
Locking: spritecaster cape
Locking: starfire tiara
Locking: the hammer of grace
Locking: the postmaster's treads
Locking: thuzadin sash
Locking: triune amulet
Locking: vinerot sandals
Locking: wolfshear leggings
Locking: pants of prophecy
Locking: clutch of andros
Locking: star of mystaria
Locking: dragonrider boots
Locking: anathema
Locking: benediction
Locking: girdle of prophecy
Locking: dragon finger of healings
Locking: whipvine cord
Locking: necropile leggings
Locking: necropile robe
Locking: sublime wristguards
Optimizing start items...
[Perf] spent in FindBestPveHealingCounts: 0.00508282 s, that's: 100.004 % of total.

*** NEW BEST (1): 175.621

*** NEW BEST (1): 191.203

*** NEW BEST (1): 199.206

*** NEW BEST (1): 223.491

*** NEW BEST (1): 234.848

*** NEW BEST (1): 249.795

*** NEW BEST (1): 258.046

*** NEW BEST (1): 298.834

*** NEW BEST (1): 325.236

*** NEW BEST (1): 336.371

*** NEW BEST (1): 347.063

*** NEW BEST (1): 351.097

*** NEW BEST (1): 366.632

*** NEW BEST (1): 376.92

*** NEW BEST (1): 389.751

*** NEW BEST (1): 396.789
***shoulders : devout mantle -> burial shawl => val: 393.58 -> 394.491
wrists : devout bracers -> sublime wristguards => val: 394.491 -> 396.789
**
Read starting items and cleared locks.
 ----------------------------
 --- head --- 
name: halo of transcendence
slot: head
intelligence: 27
stamina: 17
spirit: 22
sp_healing: 48
fire_res: 10
frost_res: 10
armor: 94
 ----------------------------
 --- neck --- 
name: animated chain necklace
slot: neck
stamina: 7
spirit: 6
sp_healing: 33
 ----------------------------
 --- shoulders --- 
name: burial shawl
slot: shoulders
intelligence: 16
sp: 20
armor: 65
 ----------------------------
 --- back --- 
name: hide of the wild
slot: back
intelligence: 10
stamina: 8
sp_healing: 42
armor: 48
 ----------------------------
 --- chest --- 
name: magister's robes
slot: chest
intelligence: 31
stamina: 9
spirit: 8
armor: 89
 ----------------------------
 --- wrists --- 
name: sublime wristguards
slot: wrists
intelligence: 10
stamina: 6
spirit: 6
sp: 12
armor: 37
 ----------------------------
 --- two-hand --- 
name: benediction
slot: two-hand
intelligence: 31
stamina: 10
spirit: 12
sp_healing: 106
spell_crit: 2
shadow_res: 20
 ----------------------------
 ---  --- 
name: 
slot: 
 ----------------------------
 ---  --- 
name: 
slot: 
 ----------------------------
 ---  --- 
name: 
slot: 
 ----------------------------
 --- ranged --- 
name: dragon finger of intellect
slot: ranged
intelligence: 8
 ----------------------------
 --- hands --- 
name: shadowy laced handwraps
slot: hands
intelligence: 15
mp5: 5
shadow_res: 12
armor: 53
 ----------------------------
 --- waist --- 
name: girdle of prophecy
slot: waist
intelligence: 22
stamina: 10
spirit: 10
sp: 9
mp5: 4
fire_res: 7
armor: 57
 ----------------------------
 --- legs --- 
name: pants of prophecy
slot: legs
intelligence: 24
stamina: 18
spirit: 20
sp_healing: 22
mp5: 6
shadow_res: 10
armor: 89
 ----------------------------
 --- feet --- 
name: dragonrider boots
slot: feet
intelligence: 16
stamina: 5
sp_healing: 18
armor: 61
 ----------------------------
 --- finger --- 
name: fordring's seal
slot: finger
intelligence: 5
stamina: 4
sp_healing: 37
 ----------------------------
 --- finger --- 
name: rosewine circle
slot: finger
sp_healing: 29
mp5: 5
 ----------------------------
 --- trinket --- 
name: briarwood reed
slot: trinket
sp: 29
 ----------------------------
 --- trinket --- 
name: royal seal of eldre'thalas
slot: trinket
sp_healing: 33
mp5: 4
 ----------------------------
 --- Set bonuses ---
name: 
slot: 
 --- And counts for start items ---
For 60 s fights:
    casts: 16, ticks: 4, ticks_oom: 0
    Heal, rank: 2, count: 1
    Heal, rank: 4, count: 2
    Greater Heal, rank: 1, count: 1
    Greater Heal, rank: 4, count: 1
    Flash Heal, rank: 7, count: 0
    Renew, rank: 10, count: 1
    Prayer of Healing, rank: 5, count: 0
    pve info: 1
    hps: 691.211
For 120 s fights:
    casts: 8, ticks: 7, ticks_oom: 0
    Heal, rank: 2, count: 6
    Heal, rank: 4, count: 0
    Greater Heal, rank: 1, count: 3
    Greater Heal, rank: 4, count: 3
    Flash Heal, rank: 7, count: 0
    Renew, rank: 10, count: 3
    Prayer of Healing, rank: 5, count: 0
    pve info: 0.99668
    hps: 446.282
For 180 s fights:
    casts: 12, ticks: 10, ticks_oom: 0
    Heal, rank: 2, count: 3
    Heal, rank: 4, count: 0
    Greater Heal, rank: 1, count: 3
    Greater Heal, rank: 4, count: 0
    Flash Heal, rank: 7, count: 0
    Renew, rank: 10, count: 0
    Prayer of Healing, rank: 5, count: 0
    pve info: 0.99779
    hps: 356.672
For 240 s fights:
    casts: 13, ticks: 10, ticks_oom: 0
    Heal, rank: 2, count: 10
    Heal, rank: 4, count: 0
    Greater Heal, rank: 1, count: 0
    Greater Heal, rank: 4, count: 0
    Flash Heal, rank: 7, count: 0
    Renew, rank: 10, count: 0
    Prayer of Healing, rank: 5, count: 0
    pve info: 1
    hps: 320.944
For 300 s fights:
    casts: 15, ticks: 9, ticks_oom: 10
    Heal, rank: 2, count: 11
    Heal, rank: 4, count: 0
    Greater Heal, rank: 1, count: 0
    Greater Heal, rank: 4, count: 0
    Flash Heal, rank: 7, count: 0
    Renew, rank: 10, count: 0
    Prayer of Healing, rank: 5, count: 0
    pve info: 0.973333
    hps: 285.199
For 360 s fights:
    casts: 11, ticks: 10, ticks_oom: 0
    Heal, rank: 2, count: 10
    Heal, rank: 4, count: 0
    Greater Heal, rank: 1, count: 0
    Greater Heal, rank: 4, count: 0
    Flash Heal, rank: 7, count: 0
    Renew, rank: 10, count: 0
    Prayer of Healing, rank: 5, count: 0
    pve info: 0.981379
    hps: 271.052
.
*** NEW BEST (1): 408.393

*** NEW BEST (1): 411.261

*** NEW BEST (1): 413.855

*** NEW BEST (1): 419.762

*** NEW BEST (1): 427.458

*** NEW BEST (1): 445.946

*** NEW BEST (1): 471.138

*** NEW BEST (1): 476.395

*** NEW BEST (1): 489.963

*** NEW BEST (1): 494.14

*** NEW BEST (1): 503.875

*** NEW BEST (1): 520.32

*** NEW BEST (1): 530.155
.
*** NEW BEST (1): 532.132
........
*** NEW BEST (1): 533.672

*** NEW BEST (1): 535.977

*** NEW BEST (1): 536.976
.
*** NEW BEST (1): 538.241
.
*** NEW BEST (1): 539.735
...................Temporary bans and partial set bonuses off.
.....Copied previous best.
.
*** NEW BEST (0): 539.735
Current relative stat values for matching or exceeding +50 pts of sp
int: 107.338
spi: 54.4381
sta: 0
agi: 0
mp5: 206.066
sp: 100
sp_shadow: 0
sp_healing: 100
spell crit: 296.833
spell hit: 0
arcane res: 0
nature res: 0
fire res: 0
frost res: 0
shadow res: 0
armor: 0
defense: 0
dodge: 0
parry: 0
.... ----------------------------
 --- head --- 
name: halo of transcendence
slot: head
intelligence: 27
stamina: 17
spirit: 22
sp_healing: 48
fire_res: 10
frost_res: 10
armor: 94
 ----------------------------
 --- neck --- 
name: pendant of the fallen dragon
slot: neck
intelligence: 12
stamina: 9
mp5: 9
 ----------------------------
 --- shoulders --- 
name: pauldrons of transcendence
slot: shoulders
intelligence: 25
stamina: 12
spirit: 13
sp_healing: 26
fire_res: 10
armor: 87
 ----------------------------
 --- back --- 
name: shroud of pure thought
slot: back
intelligence: 11
stamina: 10
sp_healing: 33
mp5: 6
armor: 57
 ----------------------------
 --- chest --- 
name: robes of transcendence
slot: chest
intelligence: 27
stamina: 17
spirit: 16
sp_healing: 57
nature_res: 10
fire_res: 10
armor: 116
 ----------------------------
 --- wrists --- 
name: bindings of transcendence
slot: wrists
intelligence: 13
stamina: 9
spirit: 16
sp_healing: 33
armor: 51
 ----------------------------
 ---  --- 
name: 
slot: 
 ----------------------------
 --- main hand --- 
name: lok'amir il romathis
slot: main hand
intelligence: 18
stamina: 10
spirit: 8
sp: 84
 ----------------------------
 ---  --- 
name: 
slot: 
 ----------------------------
 --- off hand --- 
name: lei of the lifegiver
slot: off hand
sp_healing: 53
mp5: 3
 ----------------------------
 --- ranged --- 
name: essence gatherer
slot: ranged
intelligence: 7
stamina: 5
mp5: 5
 ----------------------------
 --- hands --- 
name: handguards of transcendence
slot: hands
intelligence: 20
stamina: 12
spirit: 13
sp_healing: 29
spell_crit: 1
armor: 72
 ----------------------------
 --- waist --- 
name: belt of transcendence
slot: waist
intelligence: 26
stamina: 14
spirit: 9
sp_healing: 26
shadow_res: 10
armor: 65
 ----------------------------
 --- legs --- 
name: empowered leggings
slot: legs
intelligence: 12
stamina: 12
spirit: 24
sp_healing: 77
spell_crit: 1
armor: 103
 ----------------------------
 --- feet --- 
name: boots of pure thought
slot: feet
intelligence: 12
stamina: 8
spirit: 12
sp_healing: 62
armor: 74
 ----------------------------
 --- finger --- 
name: pure elementium band
slot: finger
intelligence: 10
stamina: 9
spirit: 10
sp_healing: 53
 ----------------------------
 --- finger --- 
name: cauterizing band
slot: finger
intelligence: 12
stamina: 9
sp_healing: 46
 ----------------------------
 --- trinket --- 
name: rejuvenating gem
slot: trinket
sp_healing: 66
mp5: 9
 ----------------------------
 --- trinket --- 
name: darkmoon card: blue dragon
slot: trinket
 ----------------------------
 --- Set bonuses ---
name: darkmoon 1 transcendence 3 
slot: Set bonuses
------------------
Char stats: 
Effective hp: 7022.6
Effective mana: 11465.4
Raw max mana: 7537.6
Int: 397.2
Stam: 290.2
Spirit: 329.2
Strength: 50.2
Agility: 54.2
Mp5: 72.2
Sp: 84
Sp shadow: 0
Sp healing: 664
Spell crit: 2
Spell hit: 0
Arcane res: 27
Nature res: 37
Fire res: 57
Frost res: 37
Shadow res: 37
Armor: 2917.75
Defense: 300
Dodge: 0
Parry: 0
HpsPvp: 1042.86
ShadowDps: 221.928
Value pvp healing: 793.581
Value pvp shadow: 35.9389
------------------
Best counts:
For 60 s fights:
    casts: 19, ticks: 2, ticks_oom: 0
    Heal, rank: 2, count: 0
    Heal, rank: 4, count: 1
    Greater Heal, rank: 1, count: 2
    Greater Heal, rank: 4, count: 1
    Flash Heal, rank: 7, count: 0
    Renew, rank: 10, count: 1
    Prayer of Healing, rank: 5, count: 0
    pve info: 1
    hps: 863.758
For 120 s fights:
    casts: 17, ticks: 3, ticks_oom: 0
    Heal, rank: 2, count: 7
    Heal, rank: 4, count: 0
    Greater Heal, rank: 1, count: 1
    Greater Heal, rank: 4, count: 0
    Flash Heal, rank: 7, count: 0
    Renew, rank: 10, count: 2
    Prayer of Healing, rank: 5, count: 0
    pve info: 1
    hps: 597.731
For 180 s fights:
    casts: 20, ticks: 9, ticks_oom: 0
    Heal, rank: 2, count: 9
    Heal, rank: 4, count: 0
    Greater Heal, rank: 1, count: 1
    Greater Heal, rank: 4, count: 0
    Flash Heal, rank: 7, count: 0
    Renew, rank: 10, count: 2
    Prayer of Healing, rank: 5, count: 0
    pve info: 1
    hps: 496.363
For 240 s fights:
    casts: 19, ticks: 10, ticks_oom: 0
    Heal, rank: 2, count: 13
    Heal, rank: 4, count: 0
    Greater Heal, rank: 1, count: 0
    Greater Heal, rank: 4, count: 0
    Flash Heal, rank: 7, count: 0
    Renew, rank: 10, count: 1
    Prayer of Healing, rank: 5, count: 0
    pve info: 0.998333
    hps: 449.406
For 300 s fights:
    casts: 18, ticks: 9, ticks_oom: 0
    Heal, rank: 2, count: 18
    Heal, rank: 4, count: 0
    Greater Heal, rank: 1, count: 0
    Greater Heal, rank: 4, count: 0
    Flash Heal, rank: 7, count: 0
    Renew, rank: 10, count: 0
    Prayer of Healing, rank: 5, count: 0
    pve info: 1
    hps: 418.662
For 360 s fights:
    casts: 18, ticks: 9, ticks_oom: 0
    Heal, rank: 2, count: 23
    Heal, rank: 4, count: 0
    Greater Heal, rank: 1, count: 0
    Greater Heal, rank: 4, count: 0
    Flash Heal, rank: 7, count: 0
    Renew, rank: 10, count: 0
    Prayer of Healing, rank: 5, count: 0
    pve info: 0.998889
    hps: 397.864
------------------
Current relative stat values for matching or exceeding +50 pts of sp
int: 107.338
spi: 54.4381
sta: 0
agi: 0
mp5: 206.066
sp: 100
sp_shadow: 0
sp_healing: 100
spell crit: 296.833
spell hit: 0
arcane res: 0
nature res: 0
fire res: 0
frost res: 0
shadow res: 0
armor: 0
defense: 0
dodge: 0
parry: 0
------------------
Diffs to start: 
Upgrades: 
(0) -> lok'amir il romathis(39.8573) : 39.8573 = +7.97342%
briarwood reed(8.56604) -> rejuvenating gem(30.6248) : 22.0588 = +4.26112%
(0) -> lei of the lifegiver(19.2206) : 19.2206 = +3.69261%
magister's robes(23.0515) -> robes of transcendence(41.6223) : 18.5708 = +3.56333%
dragonrider boots(16.4667) -> boots of pure thought(32.0078) : 15.5411 = +2.96476%
fordring's seal(13.028) -> pure elementium band(25.5403) : 12.5123 = +2.37325%
burial shawl(19.9126) -> pauldrons of transcendence(31.4019) : 11.4893 = +2.17498%
shadowy laced handwraps(18.2316) -> handguards of transcendence(29.4698) : 11.2382 = +2.12645%
pants of prophecy(31.0886) -> empowered leggings(42.0845) : 10.9959 = +2.07965%
sublime wristguards(13.5222) -> bindings of transcendence(24.3777) : 10.8555 = +2.05255%
animated chain necklace(10.881) -> pendant of the fallen dragon(20.7468) : 9.86578 = +1.86193%
rosewine circle(13.3231) -> cauterizing band(21.8481) : 8.52496 = +1.60482%
royal seal of eldre'thalas(13.8275) -> darkmoon card: blue dragon(21.4435) : 7.61609 = +1.43128%
hide of the wild(19.4949) -> shroud of pure thought(25.1356) : 5.64075 = +1.05613%
dragon finger of intellect(5.56293) -> essence gatherer(10.0351) : 4.47217 = +0.835509%
girdle of prophecy(26.133) -> belt of transcendence(29.4721) : 3.33911 = +0.622509%
halo of transcendence(39.9974) -> halo of transcendence(39.9974) : 0 = +0%
benediction(47.1771) -> (0) : -47.1771 = +-8.03819%
- - - - - - - - - - - - - - - - - - - - - - - - - - - - - - - - -
| Upgrades at best in slot level, from start item to candidate: |
. . . . . . . . . . . . . . . . . . . . . . . . . . . . . . . . .
- . - ' - . - ' - . - ' - . - ' - . - ' - . -
head, halo of transcendence (39.9974) -> :
- . - ' - . - ' - . - ' - . - ' - . - ' - . -
neck, animated chain necklace (10.881) -> :
    pendant of the fallen dragon (20.7468) : +1.86193 %, from: bwl
    choker of the fire lord (17.5052) : +1.25015 %, from: mc
    choker of enlightenment (17.3873) : +1.22789 %, from: mc
    tooth of gnarr (16.2122) : +1.00613 %, from: pre-raid
    archlight talisman (11.8786) : +0.188265 %, from: pre-raid
    heart of the fiend (11.0229) : +0.02677 %, from: pre-raid
    star of mystaria (10.9682) : +0.016449 %, from: pre-raid
- . - ' - . - ' - . - ' - . - ' - . - ' - . -
shoulders, burial shawl (19.9126) -> :
    pauldrons of transcendence (31.4019) : +2.17498 %, from: bwl
    mantle of the blackwing cabal (24.1844) : +0.808675 %, from: bwl
    mantle of prophecy (24.0379) : +0.780933 %, from: mc
    devout mantle (21.1365) : +0.231687 %, from: pre-raid
    soulstealer mantle (20.6181) : +0.133545 %, from: pre-raid
    magister's mantle (20.1633) : +0.0474536 %, from: pre-raid
- . - ' - . - ' - . - ' - . - ' - . - ' - . -
back, hide of the wild (19.4949) -> :
    shroud of pure thought (25.1356) : +1.05613 %, from: bwl
- . - ' - . - ' - . - ' - . - ' - . - ' - . -
chest, magister's robes (23.0515) -> :
    robes of transcendence (41.6223) : +3.56333 %, from: bwl
    robes of prophecy (31.019) : +1.52877 %, from: mc
    truefaith vestments (29.7642) : +1.28801 %, from: tailoring bop
    robes of the exalted (27.9173) : +0.933638 %, from: pre-raid
    robe of volatile power (23.6303) : +0.111047 %, from: mc
- . - ' - . - ' - . - ' - . - ' - . - ' - . -
wrists, sublime wristguards (13.5222) -> :
    bindings of transcendence (24.3777) : +2.05255 %, from: bwl
    vambraces of prophecy (22.0154) : +1.60588 %, from: mc
    bracers of arcane accuracy (15.9599) : +0.460915 %, from: bwl
    flarecore wraps (15.6608) : +0.404367 %, from: tailoring boe
- . - ' - . - ' - . - ' - . - ' - . - ' - . -
two-hand, benediction (47.1771) -> :
    lok'amir il romathis and lei of the lifegiver (52.4738) : +0.902479 %, from: bwl, av rep
- . - ' - . - ' - . - ' - . - ' - . - ' - . -
ranged, dragon finger of intellect (5.56293) -> :
    essence gatherer (10.0351) : +0.835509 %, from: bwl
    dragon's touch (9.11249) : +0.663144 %, from: bwl
    lunar wand of the owl (6.60657) : +0.194977 %, from: random green
    oblivion's touch (6.58252) : +0.190485 %, from: pre-raid
    crimson shocker (6.31549) : +0.140597 %, from: mc
    lunar wand of intellect (6.16669) : +0.112797 %, from: random green
    lunar wand of healing (6.09772) : +0.0999117 %, from: random green
- . - ' - . - ' - . - ' - . - ' - . - ' - . -
hands, shadowy laced handwraps (18.2316) -> :
    handguards of transcendence (29.4698) : +2.12645 %, from: bwl
    gloves of prophecy (27.8746) : +1.82461 %, from: mc
    hands of the exalted herald (23.5561) : +1.00749 %, from: pre-raid
    gloves of rapid evolution (20.7256) : +0.471908 %, from: bwl
- . - ' - . - ' - . - ' - . - ' - . - ' - . -
waist, girdle of prophecy (26.133) -> :
    belt of transcendence (29.4721) : +0.622509 %, from: bwl
- . - ' - . - ' - . - ' - . - ' - . - ' - . -
legs, pants of prophecy (31.0886) -> :
    empowered leggings (42.0845) : +2.07965 %, from: bwl
    leggings of transcendence (38.3228) : +1.3682 %, from: mc
    padre's trousers (32.3392) : +0.236527 %, from: pre-raid
- . - ' - . - ' - . - ' - . - ' - . - ' - . -
feet, dragonrider boots (16.4667) -> :
    boots of pure thought (32.0078) : +2.96476 %, from: bwl
    boots of transcendence (26.5809) : +1.92948 %, from: bwl
    boots of prophecy (21.2016) : +0.903278 %, from: mc
    boots of the full moon (19.6995) : +0.616728 %, from: pre-raid
    shimmering geta (19.6293) : +0.603326 %, from: bwl
- . - ' - . - ' - . - ' - . - ' - . - ' - . -
finger, fordring's seal (13.028) -> :
    pure elementium band (25.5403) : +2.37325 %, from: bwl
    cauterizing band (21.1312) : +1.53696 %, from: mc
    band of sulfuras (13.6411) : +0.116277 %, from: mc
    ring of blackrock (13.4274) : +0.0757582 %, from: bwl
    band of forced concentration (13.4011) : +0.0707686 %, from: bwl
    rosewine circle (13.0696) : +0.00789534 %, from: pre-raid
- . - ' - . - ' - . - ' - . - ' - . - ' - . -
finger 2, rosewine circle (13.3231) -> :
    pure elementium band (25.5369) : +2.29924 %, from: bwl
    cauterizing band (21.8481) : +1.60482 %, from: mc
    band of forced concentration (14.1074) : +0.147633 %, from: bwl
- . - ' - . - ' - . - ' - . - ' - . - ' - . -
trinket, briarwood reed (8.56604) -> :
    royal seal of eldre'thalas (15.4893) : +1.33737 %, from: pre-raid
    shard of the scale (14.5872) : +1.16311 %, from: onyxia
    mindtap talisman (11.8782) : +0.63982 %, from: pre-raid
    rejuvenating gem (9.18127) : +0.118845 %, from: bwl
- . - ' - . - ' - . - ' - . - ' - . - ' - . -
trinket 2, royal seal of eldre'thalas (13.8275) -> :
    rejuvenating gem (30.8215) : +3.19366 %, from: bwl
    darkmoon card: blue dragon (21.4435) : +1.43128 %, from: 
    shard of the scale (21.2462) : +1.39418 %, from: onyxia
    mindtap talisman (13.8906) : +0.0118602 %, from: pre-raid
------------------
- - - - - - - - - - - - - - - - - - - - - - - - - - - - - -
| Upgrades at start level, from start item to candidate:  |
. . . . . . . . . . . . . . . . . . . . . . . . . . . . . .
- . - ' - . - ' - . - ' - . - ' - . - ' - . -
head, halo of transcendence (34.8757) -> :
- . - ' - . - ' - . - ' - . - ' - . - ' - . -
neck, animated chain necklace (11.4904) -> :
    choker of the fire lord (13.4273) : +0.488141 %, from: mc
    pendant of the fallen dragon (12.8537) : +0.343571 %, from: bwl
    choker of enlightenment (12.6306) : +0.287348 %, from: mc
- . - ' - . - ' - . - ' - . - ' - . - ' - . -
shoulders, burial shawl (13.0356) -> :
    pauldrons of transcendence (20.717) : +1.93588 %, from: bwl
    mantle of the blackwing cabal (16.4332) : +0.856262 %, from: bwl
    mantle of prophecy (15.1175) : +0.524674 %, from: mc
- . - ' - . - ' - . - ' - . - ' - . - ' - . -
back, hide of the wild (16.0779) -> :
    shroud of pure thought (19.3655) : +0.82855 %, from: bwl
- . - ' - . - ' - . - ' - . - ' - . - ' - . -
chest, magister's robes (23.2821) -> :
    robes of transcendence (35.9397) : +3.19001 %, from: bwl
    robes of prophecy (27.5414) : +1.07344 %, from: mc
    truefaith vestments (24.8701) : +0.400223 %, from: tailoring bop
    robes of the exalted (23.4192) : +0.0345486 %, from: pre-raid
- . - ' - . - ' - . - ' - . - ' - . - ' - . -
wrists, sublime wristguards (10.1801) -> :
    bindings of transcendence (18.8737) : +2.19097 %, from: bwl
    vambraces of prophecy (17.4216) : +1.82502 %, from: mc
    flarecore wraps (12.4014) : +0.559799 %, from: tailoring boe
    bracers of arcane accuracy (10.3674) : +0.0471928 %, from: bwl
- . - ' - . - ' - . - ' - . - ' - . - ' - . -
two-hand, benediction (49.7824) -> :
    lok'amir il romathis and lei of the lifegiver (50.802) : +0.256961 %, from: bwl, av rep
- . - ' - . - ' - . - ' - . - ' - . - ' - . -
ranged, dragon finger of intellect (5.01923) -> :
    essence gatherer (9.05502) : +1.01711 %, from: bwl
    dragon's touch (8.07199) : +0.769367 %, from: bwl
    oblivion's touch (6.30615) : +0.324335 %, from: pre-raid
    crimson shocker (5.69821) : +0.17112 %, from: mc
    lunar wand of intellect (5.39359) : +0.0943471 %, from: random green
    lunar wand of the owl (5.31183) : +0.0737426 %, from: random green
- . - ' - . - ' - . - ' - . - ' - . - ' - . -
hands, shadowy laced handwraps (13.908) -> :
    gloves of prophecy (22.1805) : +2.08486 %, from: mc
    handguards of transcendence (21.7409) : +1.97408 %, from: bwl
    hands of the exalted herald (17.3202) : +0.859969 %, from: pre-raid
    gloves of rapid evolution (14.6582) : +0.189071 %, from: bwl
- . - ' - . - ' - . - ' - . - ' - . - ' - . -
waist, girdle of prophecy (22.4035) -> :
- . - ' - . - ' - . - ' - . - ' - . - ' - . -
legs, pants of prophecy (32.5343) -> :
    leggings of transcendence (36.9448) : +1.11153 %, from: mc
    empowered leggings (33.2101) : +0.170305 %, from: bwl
- . - ' - . - ' - . - ' - . - ' - . - ' - . -
feet, dragonrider boots (12.562) -> :
    boots of pure thought (24.1479) : +2.91992 %, from: bwl
    boots of transcendence (20.9191) : +2.10618 %, from: bwl
    shimmering geta (17.292) : +1.19206 %, from: bwl
    boots of prophecy (16.6962) : +1.04193 %, from: mc
    boots of the full moon (13.4354) : +0.220113 %, from: pre-raid
- . - ' - . - ' - . - ' - . - ' - . - ' - . -
finger, fordring's seal (12.6932) -> :
    pure elementium band (20.8733) : +2.06159 %, from: bwl
    cauterizing band (17.5812) : +1.2319 %, from: mc
    ring of blackrock (13.8656) : +0.295486 %, from: bwl
    rosewine circle (12.9979) : +0.0768037 %, from: pre-raid
- . - ' - . - ' - . - ' - . - ' - . - ' - . -
finger 2, rosewine circle (13.8046) -> :
    pure elementium band (21.4967) : +1.93858 %, from: bwl
    cauterizing band (18.4581) : +1.17278 %, from: mc
    ring of blackrock (15.1696) : +0.344001 %, from: bwl
- . - ' - . - ' - . - ' - . - ' - . - ' - . -
trinket, briarwood reed (7.0376) -> :
    rejuvenating gem (22.9553) : +4.01163 %, from: bwl
    royal seal of eldre'thalas (11.8416) : +1.21073 %, from: pre-raid
    shard of the scale (11.1939) : +1.04748 %, from: onyxia
    neltharion's tear (10.6779) : +0.917437 %, from: bwl
    darkmoon card: blue dragon (10.0523) : +0.759776 %, from: 
    mindtap talisman (7.98157) : +0.237902 %, from: pre-raid
- . - ' - . - ' - . - ' - . - ' - . - ' - . -
trinket 2, royal seal of eldre'thalas (14.2127) -> :
    rejuvenating gem (26.8615) : +3.18781 %, from: bwl
    shard of the scale (14.529) : +0.0797109 %, from: onyxia
-- Stat values at start item level: --
Current relative stat values for matching or exceeding +50 pts of sp
int: 265.887
spi: 121.059
sta: 0
agi: 0
mp5: 565.195
sp: 100
sp_shadow: 0
sp_healing: 100
spell crit: 257.474
spell hit: 0
arcane res: 0
nature res: 0
fire res: 0
frost res: 0
shadow res: 0
armor: 0
defense: 0
dodge: 0
parry: 0
------------------
Best value: 539.735
