Your call: ./css 5 ../items/more_raid.csv -b 0.7 -r 0.3 
Found: -b, val: 0.7
./css 5 ../items/more_raid.csv -r 0.3 
Found: -r, val: 0.3
./css 5 ../items/more_raid.csv 
Shuffle seed: 4285940058
Reading tmp locked from: start_with.txt
Locking: anastari heirloom
Locking: animated chain necklace
Locking: argent crusader
Locking: atal'ai gloves of the owl
Locking: banshee finger
Locking: blood of the martyr
Locking: briarwood reed
Locking: burial shawl
Locking: crimson felt hat
Locking: cyclopean band
Locking: devout belt
Locking: devout bracers
Locking: devout crown
Locking: devout mantle
Locking: devout robe
Locking: devout sandals
Locking: devout skirt
Locking: dragon finger of intellect
Locking: dragonslayer's signet
Locking: drakefire amulet
Locking: dreadmist mantle
Locking: dreamweave circlet
Locking: dreamweave gloves
Locking: dreamweave vest
Locking: eye of the beast
Locking: fordring's seal
Locking: grimgore noose
Locking: halo of transcendence
Locking: heart of the fiend
Locking: hide of the wild
Locking: kentic amice
Locking: magister's robes
Locking: maleki's footwraps
Locking: nature's breath
Locking: necropile boots
Locking: necropile cuffs
Locking: necropile mantle
Locking: noxious shooter
Locking: omnicast boots
Locking: orb of the forgotten seer
Locking: padre's trousers
Locking: penelope's rose
Locking: quel'dorai channeling rod
Locking: raincaster drape
Locking: rainstrider leggings
Locking: ring of demonic guile
Locking: ring of demonic guile
Locking: robes of the royal crown
Locking: rod of corrosion
Locking: rosewine circle
Locking: royal seal of eldre'thalas
Locking: royal tribunal cloak
Locking: sarah's guide
Locking: seal of rivendare
Locking: seal of rivendare
Locking: shadowy laced handwraps
Locking: silkweb gloves
Locking: soulstealer mantle
Locking: spellbound tome
Locking: spritecaster cape
Locking: starfire tiara
Locking: the hammer of grace
Locking: the postmaster's treads
Locking: thuzadin sash
Locking: triune amulet
Locking: vinerot sandals
Locking: wolfshear leggings
Locking: pants of prophecy
Locking: clutch of andros
Locking: star of mystaria
Optimizing start items...
[Perf] spent in FindBestPveHealingCounts: 0.0121209 s, that's: 100.004 % of total.

*** NEW BEST: 180.449 ***

*** NEW BEST: 191.093 ***

*** NEW BEST: 201.669 ***

*** NEW BEST: 209.355 ***

*** NEW BEST: 217.105 ***

*** NEW BEST: 226.159 ***

*** NEW BEST: 237.814 ***

*** NEW BEST: 247.167 ***

*** NEW BEST: 253.42 ***

*** NEW BEST: 275.955 ***

*** NEW BEST: 296.087 ***

*** NEW BEST: 308.731 ***

*** NEW BEST: 312.219 ***

*** NEW BEST: 322.423 ***

*** NEW BEST: 331.144 ***

*** NEW BEST: 337.644 ***
*
best val: 337.644
*
best val: 337.644

*** NEW BEST: 339.728 ***

*** NEW BEST: 344.202 ***

*** NEW BEST: 344.804 ***
*
best val: 344.804
chest : devout robe -> magister's robes => val: 338.537 -> 339.054
*
best val: 343.261
*
best val: 343.261

Read starting items and cleared locks.
 ----------------------------
 --- head --- 
name: halo of transcendence
slot: head
intelligence: 27
stamina: 17
spirit: 22
sp_healing: 48
fire_res: 10
frost_res: 10
armor: 94
 ----------------------------
 --- neck --- 
name: animated chain necklace
slot: neck
stamina: 7
spirit: 6
sp_healing: 33
 ----------------------------
 --- shoulders --- 
name: burial shawl
slot: shoulders
intelligence: 16
sp: 20
armor: 65
 ----------------------------
 --- back --- 
name: hide of the wild
slot: back
intelligence: 10
stamina: 8
sp_healing: 42
armor: 48
 ----------------------------
 --- chest --- 
name: devout robe
slot: chest
intelligence: 24
stamina: 13
spirit: 15
armor: 89
 ----------------------------
 --- wrists --- 
name: devout bracers
slot: wrists
intelligence: 10
stamina: 7
spirit: 10
armor: 35
 ----------------------------
 ---  --- 
name: 
slot: 
 ----------------------------
 --- one-hand --- 
name: aurastone hammer
slot: one-hand
intelligence: 10
stamina: 10
sp: 25
mp5: 5
 ----------------------------
 ---  --- 
name: 
slot: 
 ----------------------------
 --- off hand --- 
name: penelope's rose
slot: off hand
intelligence: 11
stamina: 10
spirit: 11
 ----------------------------
 --- ranged --- 
name: dragon finger of intellect
slot: ranged
intelligence: 8
 ----------------------------
 --- hands --- 
name: atal'ai gloves of the owl
slot: hands
intelligence: 13
spirit: 13
sp: 9
armor: 47
 ----------------------------
 --- waist --- 
name: thuzadin sash
slot: waist
intelligence: 12
stamina: 11
spirit: 11
sp: 11
armor: 49
 ----------------------------
 --- legs --- 
name: pants of prophecy
slot: legs
intelligence: 24
stamina: 18
spirit: 20
sp_healing: 22
mp5: 6
shadow_res: 10
armor: 89
 ----------------------------
 --- feet --- 
name: omnicast boots
slot: feet
intelligence: 9
stamina: 6
sp_healing: 22
armor: 58
 ----------------------------
 --- finger --- 
name: rosewine circle
slot: finger
sp_healing: 29
mp5: 5
 ----------------------------
 --- finger --- 
name: fordring's seal
slot: finger
intelligence: 5
stamina: 4
sp_healing: 37
 ----------------------------
 --- trinket --- 
name: briarwood reed
slot: trinket
sp: 29
 ----------------------------
 --- trinket --- 
name: royal seal of eldre'thalas
slot: trinket
sp_healing: 33
mp5: 4
 ----------------------------
 --- Set bonuses ---
name: devout 2 
slot: Set bonuses
armor: 200
 --- And counts for start items ---
For 120 s fights:
    casts: 11, ticks: 10, ticks_oom: 0
    Heal, rank: 2, count: 1
    Heal, rank: 4, count: 0
    Greater Heal, rank: 1, count: 5
    Greater Heal, rank: 4, count: 1
    Flash Heal, rank: 7, count: 0
    Renew, rank: 10, count: 1
    Prayer of Healing, rank: 5, count: 0
    pve info: 1
    hps: 451.077
For 180 s fights:
    casts: 9, ticks: 9, ticks_oom: 0
    Heal, rank: 2, count: 4
    Heal, rank: 4, count: 0
    Greater Heal, rank: 1, count: 12
    Greater Heal, rank: 4, count: 3
    Flash Heal, rank: 7, count: 0
    Renew, rank: 10, count: 0
    Prayer of Healing, rank: 5, count: 0
    pve info: 0.990608
    hps: 362.034
For 240 s fights:
    casts: 10, ticks: 9, ticks_oom: 0
    Heal, rank: 2, count: 6
    Heal, rank: 4, count: 0
    Greater Heal, rank: 1, count: 4
    Greater Heal, rank: 4, count: 0
    Flash Heal, rank: 7, count: 0
    Renew, rank: 10, count: 0
    Prayer of Healing, rank: 5, count: 0
    pve info: 1
    hps: 326.342
For 300 s fights:
    casts: 12, ticks: 9, ticks_oom: 0
    Heal, rank: 2, count: 14
    Heal, rank: 4, count: 0
    Greater Heal, rank: 1, count: 1
    Greater Heal, rank: 4, count: 0
    Flash Heal, rank: 7, count: 0
    Renew, rank: 10, count: 1
    Prayer of Healing, rank: 5, count: 0
    pve info: 1
    hps: 298.957
For 360 s fights:
    casts: 7, ticks: 7, ticks_oom: 0
    Heal, rank: 2, count: 5
    Heal, rank: 4, count: 0
    Greater Heal, rank: 1, count: 3
    Greater Heal, rank: 4, count: 0
    Flash Heal, rank: 7, count: 0
    Renew, rank: 10, count: 0
    Prayer of Healing, rank: 5, count: 0
    pve info: 0.996133
    hps: 277.897
.
*** NEW BEST: 350.394 ***

*** NEW BEST: 356.705 ***

*** NEW BEST: 381.792 ***

*** NEW BEST: 383.426 ***

*** NEW BEST: 391.337 ***

*** NEW BEST: 400.75 ***

*** NEW BEST: 408.275 ***

*** NEW BEST: 412.66 ***

*** NEW BEST: 415.675 ***
.
*** NEW BEST: 425.675 ***
....
*** NEW BEST: 427.192 ***
...............
*** NEW BEST: 427.786 ***
.........Temporary bans and partial set bonuses off.
.two-hand :   aurastone hammer lei of the lifegiver -> benediction    => val: 417.155 -> 427.752
.
*** NEW BEST: 427.786 ***
Current relative stat values for matching or exceeding +50 pts of sp
int: 119.357
spi: 65.9319
sta: 0
agi: 0
mp5: 308.852
sp: 100
sp_shadow: 0
sp_healing: 100
spell crit: 296.286
spell hit: 0
arcane res: 0
nature res: 0
fire res: 0
frost res: 0
shadow res: 0
armor: 0
defense: 0
dodge: 0
parry: 0
....***** INTERMEDIATE RESULTS *****
Iteration: 36
 ----------------------------
 --- head --- 
name: halo of transcendence
slot: head
intelligence: 27
stamina: 17
spirit: 22
sp_healing: 48
fire_res: 10
frost_res: 10
armor: 94
 ----------------------------
 --- neck --- 
name: choker of the fire lord
slot: neck
intelligence: 7
stamina: 7
sp: 34
 ----------------------------
 --- shoulders --- 
name: mantle of prophecy
slot: shoulders
intelligence: 23
stamina: 13
spirit: 10
sp: 9
shadow_res: 7
armor: 76
 ----------------------------
 --- back --- 
name: hide of the wild
slot: back
intelligence: 10
stamina: 8
sp_healing: 42
armor: 48
 ----------------------------
 --- chest --- 
name: truefaith vestments
slot: chest
stamina: 14
sp_healing: 73
mp5: 6
armor: 96
 ----------------------------
 --- wrists --- 
name: vambraces of prophecy
slot: wrists
intelligence: 14
stamina: 8
spirit: 10
sp_healing: 24
mp5: 2
armor: 44
 ----------------------------
 --- two-hand --- 
name: benediction
slot: two-hand
intelligence: 31
stamina: 10
spirit: 12
sp_healing: 106
spell_crit: 2
shadow_res: 20
 ----------------------------
 ---  --- 
name: 
slot: 
 ----------------------------
 ---  --- 
name: 
slot: 
 ----------------------------
 ---  --- 
name: 
slot: 
 ----------------------------
 --- ranged --- 
name: lunar wand of healing
slot: ranged
sp_healing: 20
 ----------------------------
 --- hands --- 
name: gloves of prophecy
slot: hands
intelligence: 15
stamina: 10
spirit: 15
sp_healing: 18
mp5: 6
fire_res: 7
armor: 63
 ----------------------------
 --- waist --- 
name: whipvine cord
slot: waist
intelligence: 8
sp_healing: 31
mp5: 6
armor: 47
 ----------------------------
 --- legs --- 
name: leggings of transcendence
slot: legs
intelligence: 21
stamina: 16
spirit: 21
sp_healing: 46
mp5: 7
arcane_res: 10
shadow_res: 10
armor: 101
 ----------------------------
 --- feet --- 
name: boots of prophecy
slot: feet
intelligence: 18
stamina: 17
spirit: 15
sp_healing: 18
shadow_res: 7
armor: 70
 ----------------------------
 --- finger --- 
name: cauterizing band
slot: finger
intelligence: 12
stamina: 9
sp_healing: 46
 ----------------------------
 --- finger --- 
name: rosewine circle
slot: finger
sp_healing: 29
mp5: 5
 ----------------------------
 --- trinket --- 
name: shard of the scale
slot: trinket
mp5: 16
 ----------------------------
 --- trinket --- 
name: royal seal of eldre'thalas
slot: trinket
sp_healing: 33
mp5: 4
 ----------------------------
 --- Set bonuses ---
name: 
slot: Set bonuses
------------------
Best value: 427.786
------------------
Char stats: 
Effective hp: 5886.4
Effective mana: 11959
Raw max mana: 7539.6
Int: 397.333
Stam: 180
Spirit: 235
Strength: 34
Agility: 38
Mp5: 145.8
Sp: 43
Sp shadow: 0
Sp healing: 534
Spell crit: 0.428732
Spell hit: 0
Arcane res: 10
Nature res: 0
Fire res: 17
Frost res: 10
Shadow res: 44
Armor: 2453
Defense: 300
Dodge: 0
Parry: 0
HpsPvp: 981.343
ShadowDps: 212.575
Value pvp healing: 567.23
Value pvp shadow: 26.6159
------------------
Best counts:
For 120 s fights:
    casts: 13, ticks: 8, ticks_oom: 0
    Heal, rank: 2, count: 1
    Heal, rank: 4, count: 0
    Greater Heal, rank: 1, count: 3
    Greater Heal, rank: 4, count: 0
    Flash Heal, rank: 7, count: 0
    Renew, rank: 10, count: 1
    Prayer of Healing, rank: 5, count: 0
    pve info: 1
    hps: 540.968
For 180 s fights:
    casts: 10, ticks: 8, ticks_oom: 0
    Heal, rank: 2, count: 7
    Heal, rank: 4, count: 0
    Greater Heal, rank: 1, count: 14
    Greater Heal, rank: 4, count: 6
    Flash Heal, rank: 7, count: 0
    Renew, rank: 10, count: 3
    Prayer of Healing, rank: 5, count: 0
    pve info: 0.995568
    hps: 444.805
For 240 s fights:
    casts: 10, ticks: 9, ticks_oom: 0
    Heal, rank: 2, count: 9
    Heal, rank: 4, count: 0
    Greater Heal, rank: 1, count: 19
    Greater Heal, rank: 4, count: 0
    Flash Heal, rank: 7, count: 0
    Renew, rank: 10, count: 0
    Prayer of Healing, rank: 5, count: 0
    pve info: 1
    hps: 402.808
For 300 s fights:
    casts: 15, ticks: 9, ticks_oom: 0
    Heal, rank: 2, count: 20
    Heal, rank: 4, count: 0
    Greater Heal, rank: 1, count: 0
    Greater Heal, rank: 4, count: 0
    Flash Heal, rank: 7, count: 0
    Renew, rank: 10, count: 3
    Prayer of Healing, rank: 5, count: 0
    pve info: 1
    hps: 384.958
For 360 s fights:
    casts: 15, ticks: 10, ticks_oom: 0
    Heal, rank: 2, count: 6
    Heal, rank: 4, count: 0
    Greater Heal, rank: 1, count: 0
    Greater Heal, rank: 4, count: 0
    Flash Heal, rank: 7, count: 0
    Renew, rank: 10, count: 1
    Prayer of Healing, rank: 5, count: 0
    pve info: 1
    hps: 365.389
------------------
Upgrades: 
(0) -> benediction(43.0421) : 43.0421 = +11.1872%
devout robe(12.8827) -> truefaith vestments(26.7403) : 13.8576 = +3.34783%
atal'ai gloves of the owl(9.57825) -> gloves of prophecy(21.8348) : 12.2566 = +2.94963%
briarwood reed(6.93994) -> shard of the scale(18.485) : 11.545 = +2.77364%
devout bracers(7.25961) -> vambraces of prophecy(17.5026) : 10.243 = +2.45316%
omnicast boots(8.4057) -> boots of prophecy(17.0114) : 8.60568 = +2.05298%
thuzadin sash(10.9297) -> whipvine cord(19.1552) : 8.22549 = +1.9605%
pants of prophecy(26.6948) -> leggings of transcendence(32.9673) : 6.27246 = +1.48808%
fordring's seal(11.7664) -> cauterizing band(16.7113) : 4.94495 = +1.16946%
burial shawl(10.8715) -> mantle of prophecy(15.1488) : 4.27734 = +1.00998%
dragon finger of intellect(2.14569) -> lunar wand of healing(5.04736) : 2.90167 = +0.682932%
animated chain necklace(8.56119) -> choker of the fire lord(11.2086) : 2.64737 = +0.622707%
hide of the wild(15.0566) -> hide of the wild(15.0566) : 0 = +0%
rosewine circle(13.5438) -> rosewine circle(13.5438) : 0 = +0%
halo of transcendence(28.7661) -> halo of transcendence(28.7661) : 0 = +0%
royal seal of eldre'thalas(13.2221) -> royal seal of eldre'thalas(13.2221) : 0 = +0%
penelope's rose(4.90683) -> (0) : -4.90683 = +-1.13402%
aurastone hammer(12.8892) -> (0) : -12.8892 = +-2.92487%
------------------
~~~~ end of intermediate results ~~~~
Temporary bans and partial set bonuses on.
...........................
*** NEW BEST: 428.622 ***
Current relative stat values for matching or exceeding +50 pts of sp
int: 112.79
spi: 61.1693
sta: 0
agi: 0
mp5: 291.042
sp: 100
sp_shadow: 0
sp_healing: 100
spell crit: 296.793
spell hit: 0
arcane res: 0
nature res: 0
fire res: 0
frost res: 0
shadow res: 0
armor: 0
defense: 0
dodge: 0
parry: 0
Temporary bans and partial set bonuses off.
........***** INTERMEDIATE RESULTS *****
Iteration: 71
 ----------------------------
 --- head --- 
name: halo of transcendence
slot: head
intelligence: 27
stamina: 17
spirit: 22
sp_healing: 48
fire_res: 10
frost_res: 10
armor: 94
 ----------------------------
 --- neck --- 
name: choker of the fire lord
slot: neck
intelligence: 7
stamina: 7
sp: 34
 ----------------------------
 --- shoulders --- 
name: mantle of prophecy
slot: shoulders
intelligence: 23
stamina: 13
spirit: 10
sp: 9
shadow_res: 7
armor: 76
 ----------------------------
 --- back --- 
name: hide of the wild
slot: back
intelligence: 10
stamina: 8
sp_healing: 42
armor: 48
 ----------------------------
 --- chest --- 
name: truefaith vestments
slot: chest
stamina: 14
sp_healing: 73
mp5: 6
armor: 96
 ----------------------------
 --- wrists --- 
name: vambraces of prophecy
slot: wrists
intelligence: 14
stamina: 8
spirit: 10
sp_healing: 24
mp5: 2
armor: 44
 ----------------------------
 --- two-hand --- 
name: benediction
slot: two-hand
intelligence: 31
stamina: 10
spirit: 12
sp_healing: 106
spell_crit: 2
shadow_res: 20
 ----------------------------
 ---  --- 
name: 
slot: 
 ----------------------------
 ---  --- 
name: 
slot: 
 ----------------------------
 ---  --- 
name: 
slot: 
 ----------------------------
 --- ranged --- 
name: lunar wand of healing
slot: ranged
sp_healing: 20
 ----------------------------
 --- hands --- 
name: gloves of prophecy
slot: hands
intelligence: 15
stamina: 10
spirit: 15
sp_healing: 18
mp5: 6
fire_res: 7
armor: 63
 ----------------------------
 --- waist --- 
name: whipvine cord
slot: waist
intelligence: 8
sp_healing: 31
mp5: 6
armor: 47
 ----------------------------
 --- legs --- 
name: leggings of transcendence
slot: legs
intelligence: 21
stamina: 16
spirit: 21
sp_healing: 46
mp5: 7
arcane_res: 10
shadow_res: 10
armor: 101
 ----------------------------
 --- feet --- 
name: boots of prophecy
slot: feet
intelligence: 18
stamina: 17
spirit: 15
sp_healing: 18
shadow_res: 7
armor: 70
 ----------------------------
 --- finger --- 
name: cauterizing band
slot: finger
intelligence: 12
stamina: 9
sp_healing: 46
 ----------------------------
 --- finger --- 
name: rosewine circle
slot: finger
sp_healing: 29
mp5: 5
 ----------------------------
 --- trinket --- 
name: shard of the scale
slot: trinket
mp5: 16
 ----------------------------
 --- trinket --- 
name: royal seal of eldre'thalas
slot: trinket
sp_healing: 33
mp5: 4
 ----------------------------
 --- Set bonuses ---
name: 
slot: Set bonuses
------------------
Best value: 428.622
------------------
Char stats: 
Effective hp: 5886.4
Effective mana: 11959
Raw max mana: 7539.6
Int: 397.333
Stam: 180
Spirit: 235
Strength: 34
Agility: 38
Mp5: 145.8
Sp: 43
Sp shadow: 0
Sp healing: 534
Spell crit: 0.428732
Spell hit: 0
Arcane res: 10
Nature res: 0
Fire res: 17
Frost res: 10
Shadow res: 44
Armor: 2453
Defense: 300
Dodge: 0
Parry: 0
HpsPvp: 981.343
ShadowDps: 212.575
Value pvp healing: 567.23
Value pvp shadow: 26.6159
------------------
Best counts:
For 120 s fights:
    casts: 13, ticks: 8, ticks_oom: 0
    Heal, rank: 2, count: 1
    Heal, rank: 4, count: 0
    Greater Heal, rank: 1, count: 3
    Greater Heal, rank: 4, count: 0
    Flash Heal, rank: 7, count: 0
    Renew, rank: 10, count: 1
    Prayer of Healing, rank: 5, count: 0
    pve info: 1
    hps: 540.968
For 180 s fights:
    casts: 10, ticks: 8, ticks_oom: 0
    Heal, rank: 2, count: 9
    Heal, rank: 4, count: 0
    Greater Heal, rank: 1, count: 13
    Greater Heal, rank: 4, count: 6
    Flash Heal, rank: 7, count: 0
    Renew, rank: 10, count: 2
    Prayer of Healing, rank: 5, count: 0
    pve info: 1
    hps: 448.984
For 240 s fights:
    casts: 10, ticks: 9, ticks_oom: 0
    Heal, rank: 2, count: 10
    Heal, rank: 4, count: 0
    Greater Heal, rank: 1, count: 21
    Greater Heal, rank: 4, count: 0
    Flash Heal, rank: 7, count: 0
    Renew, rank: 10, count: 0
    Prayer of Healing, rank: 5, count: 0
    pve info: 1
    hps: 402.808
For 300 s fights:
    casts: 15, ticks: 9, ticks_oom: 0
    Heal, rank: 2, count: 20
    Heal, rank: 4, count: 0
    Greater Heal, rank: 1, count: 0
    Greater Heal, rank: 4, count: 0
    Flash Heal, rank: 7, count: 0
    Renew, rank: 10, count: 3
    Prayer of Healing, rank: 5, count: 0
    pve info: 1
    hps: 384.958
For 360 s fights:
    casts: 15, ticks: 10, ticks_oom: 0
    Heal, rank: 2, count: 12
    Heal, rank: 4, count: 0
    Greater Heal, rank: 1, count: 0
    Greater Heal, rank: 4, count: 0
    Flash Heal, rank: 7, count: 0
    Renew, rank: 10, count: 2
    Prayer of Healing, rank: 5, count: 0
    pve info: 1
    hps: 365.389
------------------
Upgrades: 
(0) -> benediction(42.8226) : 42.8226 = +11.0997%
devout robe(12.0706) -> truefaith vestments(26.1204) : 14.0498 = +3.389%
atal'ai gloves of the owl(9.91699) -> gloves of prophecy(21.4426) : 11.5256 = +2.7633%
briarwood reed(6.99292) -> shard of the scale(18.0585) : 11.0656 = +2.65008%
devout bracers(6.56442) -> vambraces of prophecy(17.3518) : 10.7874 = +2.58174%
thuzadin sash(10.4377) -> whipvine cord(18.6069) : 8.16922 = +1.94296%
omnicast boots(8.59619) -> boots of prophecy(16.4479) : 7.85175 = +1.86604%
pants of prophecy(26.5985) -> leggings of transcendence(32.9025) : 6.30396 = +1.4927%
fordring's seal(11.5847) -> cauterizing band(17.11) : 5.52524 = +1.30591%
burial shawl(11.0709) -> mantle of prophecy(14.573) : 3.50211 = +0.823793%
dragon finger of intellect(2.04239) -> lunar wand of healing(5.07382) : 3.03143 = +0.712289%
animated chain necklace(9.26968) -> choker of the fire lord(11.8261) : 2.55643 = +0.600008%
hide of the wild(15.6217) -> hide of the wild(15.6217) : 0 = +0%
rosewine circle(14.0945) -> rosewine circle(14.0945) : 0 = +0%
halo of transcendence(28.4304) -> halo of transcendence(28.4304) : 0 = +0%
royal seal of eldre'thalas(13.7766) -> royal seal of eldre'thalas(13.7766) : 0 = +0%
penelope's rose(4.80695) -> (0) : -4.80695 = +-1.10905%
aurastone hammer(12.8238) -> (0) : -12.8238 = +-2.90496%
------------------
~~~~ end of intermediate results ~~~~
Same items for intermediate results again, ending optimization. 
 ----------------------------
 --- head --- 
name: halo of transcendence
slot: head
intelligence: 27
stamina: 17
spirit: 22
sp_healing: 48
fire_res: 10
frost_res: 10
armor: 94
 ----------------------------
 --- neck --- 
name: choker of the fire lord
slot: neck
intelligence: 7
stamina: 7
sp: 34
 ----------------------------
 --- shoulders --- 
name: mantle of prophecy
slot: shoulders
intelligence: 23
stamina: 13
spirit: 10
sp: 9
shadow_res: 7
armor: 76
 ----------------------------
 --- back --- 
name: hide of the wild
slot: back
intelligence: 10
stamina: 8
sp_healing: 42
armor: 48
 ----------------------------
 --- chest --- 
name: truefaith vestments
slot: chest
stamina: 14
sp_healing: 73
mp5: 6
armor: 96
 ----------------------------
 --- wrists --- 
name: vambraces of prophecy
slot: wrists
intelligence: 14
stamina: 8
spirit: 10
sp_healing: 24
mp5: 2
armor: 44
 ----------------------------
 --- two-hand --- 
name: benediction
slot: two-hand
intelligence: 31
stamina: 10
spirit: 12
sp_healing: 106
spell_crit: 2
shadow_res: 20
 ----------------------------
 ---  --- 
name: 
slot: 
 ----------------------------
 ---  --- 
name: 
slot: 
 ----------------------------
 ---  --- 
name: 
slot: 
 ----------------------------
 --- ranged --- 
name: lunar wand of healing
slot: ranged
sp_healing: 20
 ----------------------------
 --- hands --- 
name: gloves of prophecy
slot: hands
intelligence: 15
stamina: 10
spirit: 15
sp_healing: 18
mp5: 6
fire_res: 7
armor: 63
 ----------------------------
 --- waist --- 
name: whipvine cord
slot: waist
intelligence: 8
sp_healing: 31
mp5: 6
armor: 47
 ----------------------------
 --- legs --- 
name: leggings of transcendence
slot: legs
intelligence: 21
stamina: 16
spirit: 21
sp_healing: 46
mp5: 7
arcane_res: 10
shadow_res: 10
armor: 101
 ----------------------------
 --- feet --- 
name: boots of prophecy
slot: feet
intelligence: 18
stamina: 17
spirit: 15
sp_healing: 18
shadow_res: 7
armor: 70
 ----------------------------
 --- finger --- 
name: cauterizing band
slot: finger
intelligence: 12
stamina: 9
sp_healing: 46
 ----------------------------
 --- finger --- 
name: rosewine circle
slot: finger
sp_healing: 29
mp5: 5
 ----------------------------
 --- trinket --- 
name: shard of the scale
slot: trinket
mp5: 16
 ----------------------------
 --- trinket --- 
name: royal seal of eldre'thalas
slot: trinket
sp_healing: 33
mp5: 4
 ----------------------------
 --- Set bonuses ---
name: 
slot: Set bonuses
------------------
Char stats: 
Effective hp: 5886.4
Effective mana: 11959
Raw max mana: 7539.6
Int: 397.333
Stam: 180
Spirit: 235
Strength: 34
Agility: 38
Mp5: 145.8
Sp: 43
Sp shadow: 0
Sp healing: 534
Spell crit: 0.428732
Spell hit: 0
Arcane res: 10
Nature res: 0
Fire res: 17
Frost res: 10
Shadow res: 44
Armor: 2453
Defense: 300
Dodge: 0
Parry: 0
HpsPvp: 981.343
ShadowDps: 212.575
Value pvp healing: 567.23
Value pvp shadow: 26.6159
------------------
Best counts:
For 120 s fights:
    casts: 13, ticks: 8, ticks_oom: 0
    Heal, rank: 2, count: 1
    Heal, rank: 4, count: 0
    Greater Heal, rank: 1, count: 3
    Greater Heal, rank: 4, count: 0
    Flash Heal, rank: 7, count: 0
    Renew, rank: 10, count: 1
    Prayer of Healing, rank: 5, count: 0
    pve info: 1
    hps: 540.968
For 180 s fights:
    casts: 10, ticks: 8, ticks_oom: 0
    Heal, rank: 2, count: 9
    Heal, rank: 4, count: 0
    Greater Heal, rank: 1, count: 13
    Greater Heal, rank: 4, count: 6
    Flash Heal, rank: 7, count: 0
    Renew, rank: 10, count: 2
    Prayer of Healing, rank: 5, count: 0
    pve info: 1
    hps: 448.984
For 240 s fights:
    casts: 10, ticks: 9, ticks_oom: 0
    Heal, rank: 2, count: 10
    Heal, rank: 4, count: 0
    Greater Heal, rank: 1, count: 21
    Greater Heal, rank: 4, count: 0
    Flash Heal, rank: 7, count: 0
    Renew, rank: 10, count: 0
    Prayer of Healing, rank: 5, count: 0
    pve info: 1
    hps: 402.808
For 300 s fights:
    casts: 15, ticks: 9, ticks_oom: 0
    Heal, rank: 2, count: 20
    Heal, rank: 4, count: 0
    Greater Heal, rank: 1, count: 0
    Greater Heal, rank: 4, count: 0
    Flash Heal, rank: 7, count: 0
    Renew, rank: 10, count: 3
    Prayer of Healing, rank: 5, count: 0
    pve info: 1
    hps: 384.958
For 360 s fights:
    casts: 15, ticks: 10, ticks_oom: 0
    Heal, rank: 2, count: 12
    Heal, rank: 4, count: 0
    Greater Heal, rank: 1, count: 0
    Greater Heal, rank: 4, count: 0
    Flash Heal, rank: 7, count: 0
    Renew, rank: 10, count: 2
    Prayer of Healing, rank: 5, count: 0
    pve info: 1
    hps: 365.389
------------------
Current relative stat values for matching or exceeding +50 pts of sp
int: 112.79
spi: 61.1693
sta: 0
agi: 0
mp5: 291.042
sp: 100
sp_shadow: 0
sp_healing: 100
spell crit: 296.793
spell hit: 0
arcane res: 0
nature res: 0
fire res: 0
frost res: 0
shadow res: 0
armor: 0
defense: 0
dodge: 0
parry: 0
------------------
Diffs to start: 
Upgrades: 
(0) -> benediction(42.8226) : 42.8226 = +11.0997%
devout robe(12.0706) -> truefaith vestments(26.1204) : 14.0498 = +3.389%
atal'ai gloves of the owl(9.91699) -> gloves of prophecy(21.4426) : 11.5256 = +2.7633%
briarwood reed(6.99292) -> shard of the scale(18.0585) : 11.0656 = +2.65008%
devout bracers(6.56442) -> vambraces of prophecy(17.3518) : 10.7874 = +2.58174%
thuzadin sash(10.4377) -> whipvine cord(18.6069) : 8.16922 = +1.94296%
omnicast boots(8.59619) -> boots of prophecy(16.4479) : 7.85175 = +1.86604%
pants of prophecy(26.5985) -> leggings of transcendence(32.9025) : 6.30396 = +1.4927%
fordring's seal(11.5847) -> cauterizing band(17.11) : 5.52524 = +1.30591%
burial shawl(11.0709) -> mantle of prophecy(14.573) : 3.50211 = +0.823793%
dragon finger of intellect(2.04239) -> lunar wand of healing(5.07382) : 3.03143 = +0.712289%
animated chain necklace(9.26968) -> choker of the fire lord(11.8261) : 2.55643 = +0.600008%
hide of the wild(15.6217) -> hide of the wild(15.6217) : 0 = +0%
rosewine circle(14.0945) -> rosewine circle(14.0945) : 0 = +0%
halo of transcendence(28.4304) -> halo of transcendence(28.4304) : 0 = +0%
royal seal of eldre'thalas(13.7766) -> royal seal of eldre'thalas(13.7766) : 0 = +0%
penelope's rose(4.80695) -> (0) : -4.80695 = +-1.10905%
aurastone hammer(12.8238) -> (0) : -12.8238 = +-2.90496%
- - - - - - - - - - - - - - - - - - - - - - - - - - - - - - - - -
| Upgrades at best in slot level, from start item to candidate: |
. . . . . . . . . . . . . . . . . . . . . . . . . . . . . . . . .
- . - ' - . - ' - . - ' - . - ' - . - ' - . -
head, halo of transcendence (28.4304) -> :
- . - ' - . - ' - . - ' - . - ' - . - ' - . -
neck, animated chain necklace (9.26968) -> :
    choker of the fire lord (11.8261) : +0.600008 %, from: mc
    choker of enlightenment (10.203) : +0.219063 %, from: mc
- . - ' - . - ' - . - ' - . - ' - . - ' - . -
shoulders, burial shawl (11.0709) -> :
    mantle of prophecy (14.573) : +0.823793 %, from: mc
    soulstealer mantle (11.493) : +0.099287 %, from: pre-raid
    sunderseer mantle (11.3844) : +0.0737313 %, from: pre-raid
- . - ' - . - ' - . - ' - . - ' - . - ' - . -
back, hide of the wild (15.6217) -> :
- . - ' - . - ' - . - ' - . - ' - . - ' - . -
chest, devout robe (12.0706) -> :
    truefaith vestments (26.1204) : +3.389 %, from: tailoring bop
    robes of the exalted (22.9251) : +2.61825 %, from: pre-raid
    robes of prophecy (18.8528) : +1.63594 %, from: mc
    robe of volatile power (16.1003) : +0.972021 %, from: mc
    mindsurge robe (14.105) : +0.490736 %, from: pre-raid
    the postmaster's tunic (14.0523) : +0.478016 %, from: pre-raid
    magister's robes (12.9349) : +0.208477 %, from: pre-raid
    dreamweave vest (12.4169) : +0.0835279 %, from: pre-raid
- . - ' - . - ' - . - ' - . - ' - . - ' - . -
wrists, devout bracers (6.56442) -> :
    vambraces of prophecy (17.3518) : +2.58174 %, from: mc
    flarecore wraps (12.97) : +1.53305 %, from: tailoring boe
    sublime wristguards (8.50021) : +0.463292 %, from: pre-raid
    flameweave cuffs of healing (8.09982) : +0.367466 %, from: brd
    wyrmthalak's shackles (7.87155) : +0.312834 %, from: pre-raid
    magister's bindings (7.59348) : +0.246283 %, from: pre-raid
    magiskull cuffs (6.72159) : +0.0376143 %, from: pre-raid
- . - ' - . - ' - . - ' - . - ' - . - ' - . -
two-hand,  (0) -> :
    benediction (42.8226) : +11.0997 %, from: mc
    aurastone hammer and lei of the lifegiver (30.3516) : +7.86721 %, from: mc, av rep
    staff of dominance (27.3244) : +7.08254 %, from: mc
    sorcerous dagger and lei of the lifegiver (27.2427) : +7.06136 %, from: mc, av rep
    aurastone hammer and fire runed grimoire (25.2561) : +6.54644 %, from: mc, mc
    aurastone hammer and thaurissan's royal scepter (24.0164) : +6.22509 %, from: mc, pre-raid
    aurastone hammer and brightly glowing stone (23.7556) : +6.15752 %, from: mc, pre-raid
    the hammer of grace and lei of the lifegiver (23.2679) : +6.0311 %, from: pre-raid, av rep
    aurastone hammer and milli's lexicon (23.0181) : +5.96635 %, from: mc, pre-raid
    aurastone hammer and ancient cornerstone grimoire (22.6638) : +5.87452 %, from: mc, onyxia
    lorespinner and lei of the lifegiver (22.364) : +5.79681 %, from: pre-raid, av rep
    sorcerous dagger and fire runed grimoire (21.976) : +5.69624 %, from: mc, mc
    aurastone hammer and spellbound tome (21.9209) : +5.68195 %, from: mc, pre-raid
    witchblade and lei of the lifegiver (21.5437) : +5.58418 %, from: pre-raid, av rep
    aurastone hammer and penelope's rose (21.3227) : +5.52688 %, from: mc, pre-raid (scholo quest)
    aurastone hammer and globe of d'sak (21.2051) : +5.49642 %, from: mc, pre-raid
    hypnotic blade and lei of the lifegiver (20.8907) : +5.41491 %, from: pre-raid, av rep
    gift of the elven magi and lei of the lifegiver (20.3659) : +5.27888 %, from: pre-raid (strat live: balnazzar), av rep
    sorcerous dagger and thaurissan's royal scepter (20.2262) : +5.24268 %, from: mc, pre-raid
    sorcerous dagger and milli's lexicon (19.9265) : +5.16499 %, from: mc, pre-raid
    sorcerous dagger and ancient cornerstone grimoire (19.5879) : +5.07723 %, from: mc, onyxia
    sorcerous dagger and brightly glowing stone (19.2397) : +4.98697 %, from: mc, pre-raid
    sorcerous dagger and spellbound tome (18.4851) : +4.79137 %, from: mc, pre-raid
    aurastone hammer and orb of the forgotten seer (17.5378) : +4.54583 %, from: mc, pre-raid
    anathema (17.4616) : +4.52609 %, from: mc
    sorcerous dagger and penelope's rose (17.2995) : +4.48406 %, from: mc, pre-raid (scholo quest)
    the hammer of grace and fire runed grimoire (17.1359) : +4.44166 %, from: pre-raid, mc
    lorespinner and fire runed grimoire (17.1064) : +4.43403 %, from: pre-raid, mc
    sorcerous dagger and globe of d'sak (16.653) : +4.31649 %, from: mc, pre-raid
    the hammer of grace and brightly glowing stone (16.4418) : +4.26175 %, from: pre-raid, pre-raid
    the hammer of grace and thaurissan's royal scepter (16.3621) : +4.24108 %, from: pre-raid, pre-raid
    witchblade and fire runed grimoire (16.2984) : +4.22458 %, from: pre-raid, mc
    hypnotic blade and fire runed grimoire (16.0456) : +4.15905 %, from: pre-raid, mc
    quel'dorai channeling rod (15.9937) : +4.14561 %, from: pre-raid
    the hammer of grace and milli's lexicon (15.9673) : +4.13877 %, from: pre-raid, pre-raid
    scepter of the unholy and lei of the lifegiver (15.7007) : +4.06967 %, from: pre-raid, av rep
    lorespinner and thaurissan's royal scepter (15.4791) : +4.01221 %, from: pre-raid, pre-raid
    gift of the elven magi and fire runed grimoire (15.1137) : +3.91751 %, from: pre-raid (strat live: balnazzar), mc
    witchblade and brightly glowing stone (15.1024) : +3.91458 %, from: pre-raid, pre-raid
    lorespinner and milli's lexicon (14.9246) : +3.8685 %, from: pre-raid, pre-raid
    witchblade and thaurissan's royal scepter (14.9121) : +3.86525 %, from: pre-raid, pre-raid
    the hammer of grace and ancient cornerstone grimoire (14.9008) : +3.86233 %, from: pre-raid, onyxia
    guiding stave of wisdom (14.886) : +3.85849 %, from: pre-raid
    hypnotic blade and thaurissan's royal scepter (14.7991) : +3.83597 %, from: pre-raid, pre-raid
    lorespinner and brightly glowing stone (14.4501) : +3.74551 %, from: pre-raid, pre-raid
    lorespinner and ancient cornerstone grimoire (14.3539) : +3.72057 %, from: pre-raid, onyxia
    hypnotic blade and brightly glowing stone (14.2994) : +3.70644 %, from: pre-raid, pre-raid
    gift of the elven magi and thaurissan's royal scepter (14.2579) : +3.69567 %, from: pre-raid (strat live: balnazzar), pre-raid
    witchblade and milli's lexicon (14.2409) : +3.69127 %, from: pre-raid, pre-raid
    hypnotic blade and milli's lexicon (14.0369) : +3.6384 %, from: pre-raid, pre-raid
    witchblade and ancient cornerstone grimoire (13.7648) : +3.56787 %, from: pre-raid, onyxia
    hypnotic blade and ancient cornerstone grimoire (13.7505) : +3.56417 %, from: pre-raid, onyxia
    gift of the elven magi and brightly glowing stone (13.6441) : +3.53657 %, from: pre-raid (strat live: balnazzar), pre-raid
    the hammer of grace and spellbound tome (13.503) : +3.50001 %, from: pre-raid, pre-raid
    argent crusader (13.4838) : +3.49504 %, from: pre-raid
    the hammer of grace and penelope's rose (13.1797) : +3.41621 %, from: pre-raid, pre-raid (scholo quest)
    gift of the elven magi and milli's lexicon (13.1677) : +3.41309 %, from: pre-raid (strat live: balnazzar), pre-raid
    sorcerous dagger and orb of the forgotten seer (13.1129) : +3.39889 %, from: mc, pre-raid
    witchblade and spellbound tome (12.9494) : +3.35651 %, from: pre-raid, pre-raid
    lorespinner and spellbound tome (12.5438) : +3.25138 %, from: pre-raid, pre-raid
    the hammer of grace and globe of d'sak (12.5413) : +3.25073 %, from: pre-raid, pre-raid
    witchblade and penelope's rose (12.5132) : +3.24345 %, from: pre-raid, pre-raid (scholo quest)
    gift of the elven magi and ancient cornerstone grimoire (12.3751) : +3.20764 %, from: pre-raid (strat live: balnazzar), onyxia
    lorespinner and penelope's rose (12.3271) : +3.19523 %, from: pre-raid, pre-raid (scholo quest)
    hypnotic blade and spellbound tome (12.0518) : +3.12386 %, from: pre-raid, pre-raid
    rod of the ogre magi (12.0499) : +3.12335 %, from: pre-raid
    lorespinner and globe of d'sak (11.8361) : +3.06795 %, from: pre-raid, pre-raid
    hypnotic blade and penelope's rose (11.7573) : +3.04751 %, from: pre-raid, pre-raid (scholo quest)
    gift of the elven magi and spellbound tome (11.7441) : +3.04409 %, from: pre-raid (strat live: balnazzar), pre-raid
    trindlehaven staff (11.5889) : +3.00388 %, from: pre-raid
    witchblade and globe of d'sak (11.4217) : +2.96052 %, from: pre-raid, pre-raid
    hypnotic blade and globe of d'sak (11.4202) : +2.96015 %, from: pre-raid, pre-raid
    gift of the elven magi and penelope's rose (11.3727) : +2.94782 %, from: pre-raid (strat live: balnazzar), pre-raid (scholo quest)
    the hammer of grace and orb of the forgotten seer (10.397) : +2.69492 %, from: pre-raid, pre-raid
    gift of the elven magi and globe of d'sak (10.2194) : +2.64888 %, from: pre-raid (strat live: balnazzar), pre-raid
    scepter of the unholy and fire runed grimoire (9.46747) : +2.45399 %, from: pre-raid, mc
    witchblade and orb of the forgotten seer (9.0004) : +2.33292 %, from: pre-raid, pre-raid
    scepter of the unholy and brightly glowing stone (8.94629) : +2.3189 %, from: pre-raid, pre-raid
    scepter of the unholy and thaurissan's royal scepter (8.78766) : +2.27778 %, from: pre-raid, pre-raid
    scepter of the unholy and milli's lexicon (8.25903) : +2.14076 %, from: pre-raid, pre-raid
    hypnotic blade and orb of the forgotten seer (8.19376) : +2.12384 %, from: pre-raid, pre-raid
    lorespinner and orb of the forgotten seer (8.17548) : +2.1191 %, from: pre-raid, pre-raid
    gift of the elven magi and orb of the forgotten seer (7.49985) : +1.94398 %, from: pre-raid (strat live: balnazzar), pre-raid
    scepter of the unholy and ancient cornerstone grimoire (7.2193) : +1.87126 %, from: pre-raid, onyxia
    scepter of the unholy and spellbound tome (5.75665) : +1.49214 %, from: pre-raid, pre-raid
    scepter of the unholy and penelope's rose (5.43805) : +1.40955 %, from: pre-raid, pre-raid (scholo quest)
    scepter of the unholy and globe of d'sak (4.94809) : +1.28256 %, from: pre-raid, pre-raid
    sarah's guide (4.90994) : +1.27267 %, from: pre-raid
    scepter of the unholy and orb of the forgotten seer (2.90182) : +0.75216 %, from: pre-raid, pre-raid
- . - ' - . - ' - . - ' - . - ' - . - ' - . -
ranged, dragon finger of intellect (2.04239) -> :
    lunar wand of healing (5.07382) : +0.712289 %, from: random green
    bonecreeper stylus (3.78339) : +0.409078 %, from: pre-raid
    oblivion's touch (2.95441) : +0.214295 %, from: pre-raid
    crimson shocker (2.83344) : +0.18587 %, from: mc
    mana channeling wand (2.76642) : +0.170124 %, from: pre-raid
    lunar wand of the owl (2.51328) : +0.110643 %, from: random green
    lunar wand of intellect (2.45966) : +0.0980443 %, from: random green
- . - ' - . - ' - . - ' - . - ' - . - ' - . -
hands, atal'ai gloves of the owl (9.91699) -> :
    gloves of prophecy (21.4426) : +2.7633 %, from: mc
    hands of the exalted herald (15.8729) : +1.42795 %, from: pre-raid
    atal'ai hands of healing (12.803) : +0.691938 %, from: sunken temple
    high councillor's gloves of healing (11.1124) : +0.286602 %, from: random green
    shadowy laced handwraps (11.0517) : +0.272056 %, from: pre-raid
- . - ' - . - ' - . - ' - . - ' - . - ' - . -
waist, thuzadin sash (10.4377) -> :
    whipvine cord (18.6069) : +1.94296 %, from: pre-raid
    girdle of prophecy (17.0888) : +1.58188 %, from: mc
    mana igniting cord (13.7493) : +0.787617 %, from: mc
    magister's belt (10.6482) : +0.0500603 %, from: pre-raid
- . - ' - . - ' - . - ' - . - ' - . - ' - . -
legs, pants of prophecy (26.5985) -> :
    leggings of transcendence (32.9025) : +1.4927 %, from: mc
- . - ' - . - ' - . - ' - . - ' - . - ' - . -
feet, omnicast boots (8.59619) -> :
    boots of prophecy (16.4479) : +1.86604 %, from: mc
    boots of the full moon (13.3465) : +1.12895 %, from: pre-raid
    dragonrider boots (10.7792) : +0.518814 %, from: pre-raid
    wolfrunner shoes (10.2279) : +0.387785 %, from: pre-raid
    necropile boots (9.0451) : +0.106689 %, from: pre-raid
    the postmaster's treads (8.8457) : +0.0592988 %, from: pre-raid
    devout sandals (8.69556) : +0.0236151 %, from: pre-raid
- . - ' - . - ' - . - ' - . - ' - . - ' - . -
finger, rosewine circle (13.0242) -> :
    cauterizing band (17.11) : +0.962398 %, from: mc
- . - ' - . - ' - . - ' - . - ' - . - ' - . -
finger 2, fordring's seal (12.1055) -> :
    cauterizing band (17.609) : +1.29 %, from: mc
    rosewine circle (14.0945) : +0.466212 %, from: pre-raid
- . - ' - . - ' - . - ' - . - ' - . - ' - . -
trinket, briarwood reed (6.99292) -> :
    shard of the scale (18.0585) : +2.65008 %, from: onyxia
    royal seal of eldre'thalas (12.188) : +1.24416 %, from: pre-raid
    mindtap talisman (11.1869) : +1.00442 %, from: pre-raid
- . - ' - . - ' - . - ' - . - ' - . - ' - . -
trinket 2, royal seal of eldre'thalas (13.7766) -> :
    shard of the scale (14.2395) : +0.107995 %, from: onyxia
------------------
- - - - - - - - - - - - - - - - - - - - - - - - - - - - - -
| Upgrades at start level, from start item to candidate:  |
. . . . . . . . . . . . . . . . . . . . . . . . . . . . . .
- . - ' - . - ' - . - ' - . - ' - . - ' - . -
head, halo of transcendence (25.5685) -> :
- . - ' - . - ' - . - ' - . - ' - . - ' - . -
neck, animated chain necklace (8.58359) -> :
    choker of the fire lord (9.61237) : +0.299707 %, from: mc
- . - ' - . - ' - . - ' - . - ' - . - ' - . -
shoulders, burial shawl (9.82007) -> :
    mantle of prophecy (10.8169) : +0.290399 %, from: mc
- . - ' - . - ' - . - ' - . - ' - . - ' - . -
back, hide of the wild (12.3977) -> :
- . - ' - . - ' - . - ' - . - ' - . - ' - . -
chest, devout robe (12.6035) -> :
    truefaith vestments (23.0244) : +3.03585 %, from: tailoring bop
    robes of the exalted (19.7259) : +2.0749 %, from: pre-raid
    robes of prophecy (18.6105) : +1.74997 %, from: mc
    robe of volatile power (14.8286) : +0.648214 %, from: mc
    mindsurge robe (14.1324) : +0.445377 %, from: pre-raid
    the postmaster's tunic (13.3809) : +0.226458 %, from: pre-raid
    magister's robes (13.2506) : +0.188496 %, from: pre-raid
- . - ' - . - ' - . - ' - . - ' - . - ' - . -
wrists, devout bracers (5.70056) -> :
    vambraces of prophecy (13.4314) : +2.25218 %, from: mc
    flarecore wraps (9.66693) : +1.1555 %, from: tailoring boe
    sublime wristguards (7.61755) : +0.558464 %, from: pre-raid
    flameweave cuffs of healing (7.24368) : +0.449547 %, from: brd
    wyrmthalak's shackles (6.3042) : +0.175854 %, from: pre-raid
    magister's bindings (5.95398) : +0.0738265 %, from: pre-raid
    magiskull cuffs (5.86713) : +0.0485242 %, from: pre-raid
- . - ' - . - ' - . - ' - . - ' - . - ' - . -
two-hand,  (0) -> :
    benediction (35.3813) : +10.3074 %, from: mc
    aurastone hammer and lei of the lifegiver (25.8643) : +7.53486 %, from: mc, av rep
    sorcerous dagger and lei of the lifegiver (23.0353) : +6.71073 %, from: mc, av rep
    staff of dominance (22.4629) : +6.54396 %, from: mc
    the hammer of grace and lei of the lifegiver (20.9505) : +6.10337 %, from: pre-raid, av rep
    aurastone hammer and fire runed grimoire (20.6273) : +6.00922 %, from: mc, mc
    aurastone hammer and brightly glowing stone (20.0712) : +5.8472 %, from: mc, pre-raid
    aurastone hammer and thaurissan's royal scepter (19.6374) : +5.72082 %, from: mc, pre-raid
    witchblade and lei of the lifegiver (19.2613) : +5.61125 %, from: pre-raid, av rep
    hypnotic blade and lei of the lifegiver (18.5515) : +5.40448 %, from: pre-raid, av rep
    aurastone hammer and milli's lexicon (18.5088) : +5.39203 %, from: mc, pre-raid
    lorespinner and lei of the lifegiver (18.416) : +5.365 %, from: pre-raid, av rep
    aurastone hammer and ancient cornerstone grimoire (18.1084) : +5.2754 %, from: mc, onyxia
    gift of the elven magi and lei of the lifegiver (17.6375) : +5.13822 %, from: pre-raid (strat live: balnazzar), av rep
    sorcerous dagger and brightly glowing stone (17.1941) : +5.00903 %, from: mc, pre-raid
    sorcerous dagger and thaurissan's royal scepter (16.8475) : +4.90808 %, from: mc, pre-raid
    sorcerous dagger and fire runed grimoire (16.8135) : +4.89816 %, from: mc, mc
    aurastone hammer and spellbound tome (16.765) : +4.88405 %, from: mc, pre-raid
    aurastone hammer and penelope's rose (16.4569) : +4.79428 %, from: mc, pre-raid (scholo quest)
    aurastone hammer and globe of d'sak (15.896) : +4.63087 %, from: mc, pre-raid
    the hammer of grace and brightly glowing stone (15.2043) : +4.42938 %, from: pre-raid, pre-raid
    sorcerous dagger and milli's lexicon (15.1468) : +4.41261 %, from: mc, pre-raid
    the hammer of grace and fire runed grimoire (14.8867) : +4.33685 %, from: pre-raid, mc
    the hammer of grace and thaurissan's royal scepter (14.8041) : +4.31278 %, from: pre-raid, pre-raid
    sorcerous dagger and ancient cornerstone grimoire (14.5872) : +4.24959 %, from: mc, onyxia
    aurastone hammer and orb of the forgotten seer (14.4223) : +4.20154 %, from: mc, pre-raid
    scepter of the unholy and lei of the lifegiver (13.9941) : +4.07682 %, from: pre-raid, av rep
    anathema (13.8973) : +4.04862 %, from: mc
    sorcerous dagger and spellbound tome (13.7308) : +4.00011 %, from: mc, pre-raid
    sorcerous dagger and penelope's rose (13.5726) : +3.95401 %, from: mc, pre-raid (scholo quest)
    guiding stave of wisdom (13.5546) : +3.94876 %, from: pre-raid
    witchblade and brightly glowing stone (13.5408) : +3.94475 %, from: pre-raid, pre-raid
    witchblade and thaurissan's royal scepter (13.1999) : +3.84544 %, from: pre-raid, pre-raid
    witchblade and fire runed grimoire (13.1678) : +3.8361 %, from: pre-raid, mc
    sorcerous dagger and globe of d'sak (13.0992) : +3.81611 %, from: mc, pre-raid
    the hammer of grace and milli's lexicon (12.9318) : +3.76733 %, from: pre-raid, pre-raid
    lorespinner and brightly glowing stone (12.818) : +3.73419 %, from: pre-raid, pre-raid
    hypnotic blade and brightly glowing stone (12.817) : +3.73389 %, from: pre-raid, pre-raid
    the hammer of grace and ancient cornerstone grimoire (12.717) : +3.70477 %, from: pre-raid, onyxia
    hypnotic blade and fire runed grimoire (12.5797) : +3.66476 %, from: pre-raid, mc
    hypnotic blade and thaurissan's royal scepter (12.468) : +3.6322 %, from: pre-raid, pre-raid
    lorespinner and fire runed grimoire (12.4045) : +3.61373 %, from: pre-raid, mc
    lorespinner and thaurissan's royal scepter (12.2836) : +3.57851 %, from: pre-raid, pre-raid
    the hammer of grace and spellbound tome (11.8822) : +3.46156 %, from: pre-raid, pre-raid
    gift of the elven magi and brightly glowing stone (11.8189) : +3.44312 %, from: pre-raid (strat live: balnazzar), pre-raid
    the hammer of grace and penelope's rose (11.6732) : +3.40066 %, from: pre-raid, pre-raid (scholo quest)
    quel'dorai channeling rod (11.6304) : +3.38821 %, from: pre-raid
    sorcerous dagger and orb of the forgotten seer (11.5608) : +3.36793 %, from: mc, pre-raid
    gift of the elven magi and thaurissan's royal scepter (11.4538) : +3.33676 %, from: pre-raid (strat live: balnazzar), pre-raid
    gift of the elven magi and fire runed grimoire (11.403) : +3.32197 %, from: pre-raid (strat live: balnazzar), mc
    witchblade and milli's lexicon (11.1996) : +3.26271 %, from: pre-raid, pre-raid
    the hammer of grace and globe of d'sak (11.0376) : +3.21551 %, from: pre-raid, pre-raid
    witchblade and ancient cornerstone grimoire (10.9509) : +3.19024 %, from: pre-raid, onyxia
    rod of the ogre magi (10.6192) : +3.09361 %, from: pre-raid
    hypnotic blade and milli's lexicon (10.5566) : +3.07539 %, from: pre-raid, pre-raid
    lorespinner and milli's lexicon (10.3883) : +3.02635 %, from: pre-raid, pre-raid
    hypnotic blade and ancient cornerstone grimoire (10.2106) : +2.97458 %, from: pre-raid, onyxia
    lorespinner and ancient cornerstone grimoire (10.1749) : +2.96418 %, from: pre-raid, onyxia
    witchblade and spellbound tome (10.0967) : +2.9414 %, from: pre-raid, pre-raid
    witchblade and penelope's rose (9.79001) : +2.85206 %, from: pre-raid, pre-raid (scholo quest)
    gift of the elven magi and milli's lexicon (9.69788) : +2.82522 %, from: pre-raid (strat live: balnazzar), pre-raid
    trindlehaven staff (9.68765) : +2.82224 %, from: pre-raid
    the hammer of grace and orb of the forgotten seer (9.61441) : +2.8009 %, from: pre-raid, pre-raid
    hypnotic blade and spellbound tome (9.50739) : +2.76972 %, from: pre-raid, pre-raid
    lorespinner and spellbound tome (9.37427) : +2.73094 %, from: pre-raid, pre-raid
    argent crusader (9.33459) : +2.71938 %, from: pre-raid
    witchblade and globe of d'sak (9.31815) : +2.71459 %, from: pre-raid, pre-raid
    gift of the elven magi and ancient cornerstone grimoire (9.23819) : +2.6913 %, from: pre-raid (strat live: balnazzar), onyxia
    hypnotic blade and penelope's rose (9.20093) : +2.68044 %, from: pre-raid, pre-raid (scholo quest)
    lorespinner and penelope's rose (8.95975) : +2.61018 %, from: pre-raid, pre-raid (scholo quest)
    hypnotic blade and globe of d'sak (8.73001) : +2.54325 %, from: pre-raid, pre-raid
    lorespinner and globe of d'sak (8.59982) : +2.50533 %, from: pre-raid, pre-raid
    gift of the elven magi and spellbound tome (8.53735) : +2.48713 %, from: pre-raid (strat live: balnazzar), pre-raid
    scepter of the unholy and brightly glowing stone (8.27283) : +2.41007 %, from: pre-raid, pre-raid
    gift of the elven magi and penelope's rose (8.17258) : +2.38086 %, from: pre-raid (strat live: balnazzar), pre-raid (scholo quest)
    witchblade and orb of the forgotten seer (7.9303) : +2.31028 %, from: pre-raid, pre-raid
    scepter of the unholy and fire runed grimoire (7.88879) : +2.29819 %, from: pre-raid, mc
    scepter of the unholy and thaurissan's royal scepter (7.8378) : +2.28333 %, from: pre-raid, pre-raid
    gift of the elven magi and globe of d'sak (7.70267) : +2.24397 %, from: pre-raid (strat live: balnazzar), pre-raid
    hypnotic blade and orb of the forgotten seer (7.20251) : +2.09826 %, from: pre-raid, pre-raid
    lorespinner and orb of the forgotten seer (7.18469) : +2.09307 %, from: pre-raid, pre-raid
    gift of the elven magi and orb of the forgotten seer (6.19464) : +1.80464 %, from: pre-raid (strat live: balnazzar), pre-raid
    scepter of the unholy and milli's lexicon (5.92896) : +1.72724 %, from: pre-raid, pre-raid
    scepter of the unholy and ancient cornerstone grimoire (5.71609) : +1.66523 %, from: pre-raid, onyxia
    scepter of the unholy and spellbound tome (4.89081) : +1.42481 %, from: pre-raid, pre-raid
    scepter of the unholy and penelope's rose (4.68475) : +1.36478 %, from: pre-raid, pre-raid (scholo quest)
    scepter of the unholy and globe of d'sak (4.05637) : +1.18171 %, from: pre-raid, pre-raid
    sarah's guide (3.89728) : +1.13537 %, from: pre-raid
    scepter of the unholy and orb of the forgotten seer (2.68298) : +0.781615 %, from: pre-raid, pre-raid
- . - ' - . - ' - . - ' - . - ' - . - ' - . -
ranged, dragon finger of intellect (2.63443) -> :
    lunar wand of healing (4.43713) : +0.525169 %, from: random green
    bonecreeper stylus (4.03561) : +0.408197 %, from: pre-raid
    oblivion's touch (3.38123) : +0.217559 %, from: pre-raid
    mana channeling wand (3.31461) : +0.198151 %, from: pre-raid
    lunar wand of the owl (3.12766) : +0.143688 %, from: random green
    crimson shocker (3.0874) : +0.131961 %, from: mc
    lunar wand of intellect (2.92834) : +0.0856242 %, from: random green
- . - ' - . - ' - . - ' - . - ' - . - ' - . -
hands, atal'ai gloves of the owl (9.93384) -> :
    gloves of prophecy (16.875) : +2.02213 %, from: mc
    hands of the exalted herald (15.1506) : +1.51977 %, from: pre-raid
    atal'ai hands of healing (11.5319) : +0.465541 %, from: sunken temple
    high councillor's gloves of healing (10.0089) : +0.0218617 %, from: random green
- . - ' - . - ' - . - ' - . - ' - . - ' - . -
waist, thuzadin sash (9.37698) -> :
    whipvine cord (15.1127) : +1.67095 %, from: pre-raid
    girdle of prophecy (14.2635) : +1.42356 %, from: mc
    mana igniting cord (12.0706) : +0.784709 %, from: mc
- . - ' - . - ' - . - ' - . - ' - . - ' - . -
legs, pants of prophecy (26.0699) -> :
    leggings of transcendence (31.5879) : +1.60754 %, from: mc
- . - ' - . - ' - . - ' - . - ' - . - ' - . -
feet, omnicast boots (7.87909) -> :
    boots of prophecy (11.8726) : +1.16341 %, from: mc
    boots of the full moon (11.0598) : +0.926601 %, from: pre-raid
    dragonrider boots (8.7829) : +0.2633 %, from: pre-raid
    wolfrunner shoes (8.22839) : +0.10176 %, from: pre-raid
- . - ' - . - ' - . - ' - . - ' - . - ' - . -
finger, rosewine circle (11.055) -> :
    cauterizing band (14.4439) : +0.98727 %, from: mc
- . - ' - . - ' - . - ' - . - ' - . - ' - . -
finger 2, fordring's seal (9.82092) -> :
    cauterizing band (13.6407) : +1.11278 %, from: mc
    rosewine circle (10.1896) : +0.107397 %, from: pre-raid
- . - ' - . - ' - . - ' - . - ' - . - ' - . -
trinket, briarwood reed (6.48431) -> :
    shard of the scale (10.9686) : +1.30637 %, from: onyxia
    royal seal of eldre'thalas (10.1326) : +1.06284 %, from: pre-raid
    mindtap talisman (7.47498) : +0.288603 %, from: pre-raid
- . - ' - . - ' - . - ' - . - ' - . - ' - . -
trinket 2, royal seal of eldre'thalas (11.1899) -> :
    shard of the scale (11.9238) : +0.213789 %, from: onyxia
-- Stat values at start item level: --
Current relative stat values for matching or exceeding +50 pts of sp
int: 168.146
spi: 116.539
sta: 0
agi: 0
mp5: 462.255
sp: 100
sp_shadow: 0
sp_healing: 100
spell crit: 262.856
spell hit: 0
arcane res: 0
nature res: 0
fire res: 0
frost res: 0
shadow res: 0
armor: 0
defense: 0
dodge: 0
parry: 0
------------------
Best value: 428.622
