Your call: ./css 4 ../items/phase5.csv ../items/not_for_priests.txt no-locks calamity_bwl_speed_phase5 -a ../confs/wcl_bwl_speed_log.csv -l calamity_speed.txt 
Found: -a, val: ../confs/wcl_bwl_speed_log.csv
./css 4 ../items/phase5.csv ../items/not_for_priests.txt no-locks calamity_bwl_speed_phase5 -l calamity_speed.txt 
Found key: buff_fraction, saw val: 1
Found key: healing_from_crit_fraction, saw val: 0.2
Found key: transc8_exists, saw val: 0
Found key: enchantments, saw val: 1
Found key: fort, saw val: 1
Found key: motw, saw val: 1
Found key: spirit, saw val: 1
Found key: ai, saw val: 1
Found key: flask, saw val: 1
Found key: holy_disc, saw val: 0
Found key: min_combat_length, saw val: 2
Found key: max_log_entry_diff_in_combat, saw val: 10
Found key: precast, saw val: 1
Found key: swap_cast, saw val: 1
Found key: time_step, saw val: 0.1
Found key: reaction_time, saw val: 0.1
Found key: skip_player, saw val: Paisti
Found key: use_deficit_time_sum, saw val: 0
Found key: wcl_log, saw val: 1
Found: -l, val: calamity_speed.txt
./css 4 ../items/phase5.csv ../items/not_for_priests.txt no-locks calamity_bwl_speed_phase5 
Will read log from: calamity_speed.txt
./css 4 ../items/phase5.csv ../items/not_for_priests.txt no-locks calamity_bwl_speed_phase5 
./css 4 ../items/phase5.csv ../items/not_for_priests.txt no-locks calamity_bwl_speed_phase5 
Shuffle seed: 2416673600
Reading banned from: ../items/not_for_priests.txt
Banning: neltharion's tear
Banning: lok'amir il romathis
Banning: choker of the fire lord
Reading WCL parsed log: calamity_speed.txt
Saw 17310 lines of log, with 17310 log lines
Sorting by timestamp...
Sorted.
Pruning log from: 17310 entries.
Combat from 0 to 11.727 s
Combat from 53.851 to 65.971 s
Combat from 68.41 to 138.07 s
Combat from 145.373 to 203.324 s
Combat from 208.571 to 251.913 s
Combat from 255.995 to 296.068 s
Combat from 302.55 to 316.977 s
Combat from 317.161 to 339.446 s
Combat from 354.446 to 369.365 s
Combat from 399.37 to 418.281 s
Combat from 447.918 to 663.055 s
Combat from 675.602 to 688.761 s
Combat from 702.73 to 727.824 s
Combat from 745.216 to 776.444 s
Combat from 799.962 to 895.539 s
Combat from 910.612 to 1059.05 s
Combat from 1095.1 to 1194.33 s
Combat from 1230.07 to 1359.98 s
Combat from 1370.94 to 1440.59 s
Pruned to: 17174 entries.
----------------------------------------------------------
---- Baseline results without simulated player input: ----
----------------------------------------------------------
oh_limit: 0.9
time_left_mul: 0.5
total_deficit_to_pop_trinkets: 10000
in combat total: 1135.7
Total time casting: 0, which is: 0% of time in combat.
Total hps: 0, raw hps: 0, oh: -nan
Deficit time sum: 1.34666e+07, baseline: 0
Deficit*time change / s: -11857.5 hp
Number of combats: 19
Average mana at start of combat: 0
Average mana at end of combat: 0
Other players with hps > 100:
  Filon : 120.943 hps
  Jun : 163.549 hps
  Lio : 123.372 hps
  Mercado : 150.982 hps
  Mordfustang : 172.255 hps
  Morfar : 162.373 hps
  Nyz : 126.187 hps
  Razza : 138.217 hps
  Smuttan : 144.588 hps
  Thorminator : 153.687 hps
  Untamed : 122.988 hps
Reading tmp locked from: start_with.txt
Locking: anastari heirloom
Locking: anathema
Locking: animated chain necklace
Locking: argent crusader
Locking: atal'ai gloves of the owl
Locking: ban'thok sash
Locking: banshee finger
Locking: benediction
Locking: blood of the martyr
Locking: briarwood reed
Locking: burial shawl
Locking: clutch of andros
Locking: crimson felt hat
Locking: cyclopean band
Locking: devout belt
Locking: devout bracers
Locking: devout crown
Locking: devout mantle
Locking: devout robe
Locking: devout sandals
Locking: devout skirt
Locking: dragon finger of healing
Locking: dragon finger of intellect
Locking: dragonrider boots
Locking: dragonslayer's signet
Locking: drakefire amulet
Locking: dreadmist mantle
Locking: dreamweave circlet
Locking: dreamweave gloves
Locking: dreamweave vest
Locking: elder magus pendant
Locking: eye of the beast
Locking: fordring's seal
Locking: girdle of prophecy
Locking: gloves of prophecy
Locking: grimgore noose
Locking: halo of transcendence
Locking: heart of the fiend
Locking: hide of the wild
Locking: kentic amice
Locking: magister's robes
Locking: maleki's footwraps
Locking: mindtap talisman
Locking: nature's breath
Locking: necropile boots
Locking: necropile cuffs
Locking: necropile leggings
Locking: necropile mantle
Locking: necropile robe
Locking: noxious shooter
Locking: omnicast boots
Locking: orb of the forgotten seer
Locking: padre's trousers
Locking: penelope's rose
Locking: quel'dorai channeling rod
Locking: raincaster drape
Locking: rainstrider leggings
Locking: ring of demonic guile
Locking: ring of demonic guile
Locking: robes of prophecy
Locking: robes of the exalted
Locking: robes of the royal crown
Locking: rod of corrosion
Locking: rosewine circle
Locking: royal seal of eldre'thalas
Locking: royal tribunal cloak
Locking: sarah's guide
Locking: seal of rivendare
Locking: seal of rivendare
Locking: shadowy laced handwraps
Locking: silkweb gloves
Locking: soulstealer mantle
Locking: spellbound tome
Locking: spritecaster cape
Locking: star of mystaria
Locking: starfire tiara
Locking: stormrager
Locking: sublime wristguards
Locking: the hammer of grace
Locking: the postmaster's treads
Locking: thuzadin sash
Locking: triune amulet
Locking: vinerot sandals
Locking: whipvine cord
Locking: wolfshear leggings
Locking: boots of the full moon
Locking: mantle of prophecy
Locking: dragon's touch
Locking: bindings of transcendence
Locking: shimmering geta
Locking: empowered leggings
Locking: seal of the archmagus
Locking: circlet of prophecy
Locking: boots of prophecy
Locking: pauldrons of transcendence
Locking: primalist's seal
Locking: zandalar confessor's bindings
Locking: zulian headdress
Locking: mar'li's eye
Locking: shroud of pure thought
Locking: belt of transcendence
Locking: jin'do's evil eye
Locking: primalist's band
Locking: zandalarian hero charm
Locking: zandalar confessor's mantle
Locking: zandalar confessor's wraps 
Locking: pure elementium band
Locking: truefaith vestments
Locking: vambraces of prophecy
Locking: hazza'rah's charm of healing
Locking: handguards of transcendence
Locking: boots of transcendence
Locking: darkmoon card: blue dragon
Locking: rejuvenating gem
Optimizing start items...

*** NEW BEST (1): 168.916

*** NEW BEST (1): 171.537

*** NEW BEST (1): 175.188

*** NEW BEST (1): 179.351

*** NEW BEST (1): 182.118

*** NEW BEST (1): 186.815

*** NEW BEST (1): 188.738

*** NEW BEST (1): 189.081

*** NEW BEST (1): 191.213

*** NEW BEST (1): 192.702

*** NEW BEST (1): 192.801

*** NEW BEST (1): 194.34

*** NEW BEST (1): 196.447

*** NEW BEST (1): 199.243

*** NEW BEST (1): 205.729

*** NEW BEST (1): 208.414
*
*** NEW BEST (1): 208.474

*** NEW BEST (1): 209.62
*****
*** NEW BEST (1): 210.555

*** NEW BEST (1): 210.874
*****
*** NEW BEST (0): 180.986
Based on last: 3000 entries, out of total: 3410 entries, The least-squares solution is:
Int: 15.4468
Spirit: 0
Sp / Healing: 100
Mp5: 9.61452
Crit: 483.57
T1 3p/piece: 5585.29
T2 3p/piece: 43.5671
Hazza'rah's: 10578.7
Darkmoon: 0
100 points == 1 sp == 0.0552941 hps.
neck : animated chain necklace -> jin'do's evil eye => val: 180.986 -> 181.305

*** NEW BEST (0): 181.305
Based on last: 3000 entries, out of total: 3445 entries, The least-squares solution is:
Int: 15.5689
Spirit: 0
Sp / Healing: 100
Mp5: 9.63987
Crit: 482.158
T1 3p/piece: 5565.24
T2 3p/piece: 35.8363
Hazza'rah's: 10548.5
Darkmoon: 0
100 points == 1 sp == 0.0554143 hps.
trinket : eye of the beast -> hazza'rah's charm of healing => val: 181.305 -> 185.405

*** NEW BEST (0): 185.405
Based on last: 3000 entries, out of total: 3448 entries, The least-squares solution is:
Int: 15.5155
Spirit: 0
Sp / Healing: 100
Mp5: 9.41593
Crit: 480.75
T1 3p/piece: 5555.12
T2 3p/piece: 36.4276
Hazza'rah's: 10275.9
Darkmoon: 0
100 points == 1 sp == 0.0555037 hps.
chest : dreamweave vest -> truefaith vestments => val: 185.405 -> 186.621

*** NEW BEST (0): 186.621
Based on last: 3000 entries, out of total: 3466 entries, The least-squares solution is:
Int: 15.6628
Spirit: 0
Sp / Healing: 100
Mp5: 8.83217
Crit: 481.186
T1 3p/piece: 5556.15
T2 3p/piece: 44.7161
Hazza'rah's: 10256.3
Darkmoon: 0
100 points == 1 sp == 0.055602 hps.
legs : devout skirt -> empowered leggings => val: 186.621 -> 190.329

*** NEW BEST (0): 190.329
Based on last: 3000 entries, out of total: 3481 entries, The least-squares solution is:
Int: 15.6322
Spirit: 0
Sp / Healing: 100
Mp5: 8.5396
Crit: 485.156
T1 3p/piece: 5552.97
T2 3p/piece: 50.4801
Hazza'rah's: 10241.6
Darkmoon: 0
100 points == 1 sp == 0.0556642 hps.
finger : cyclopean band -> pure elementium band => val: 190.329 -> 192.019

*** NEW BEST (0): 192.019
Based on last: 3000 entries, out of total: 3486 entries, The least-squares solution is:
Int: 15.6635
Spirit: 0
Sp / Healing: 100
Mp5: 8.86315
Crit: 487.477
T1 3p/piece: 5558.49
T2 3p/piece: 53.4146
Hazza'rah's: 10256.6
Darkmoon: 0
100 points == 1 sp == 0.0555917 hps.
hands : atal'ai gloves of the owl -> handguards of transcendence => val: 192.019 -> 192.98

*** NEW BEST (0): 192.98
Based on last: 3000 entries, out of total: 3501 entries, The least-squares solution is:
Int: 15.6303
Spirit: 0
Sp / Healing: 100
Mp5: 8.09387
Crit: 484.654
T1 3p/piece: 5555.83
T2 3p/piece: 83.5249
Hazza'rah's: 10239.9
Darkmoon: 0
100 points == 1 sp == 0.0556647 hps.
shoulders : soulstealer mantle -> zandalar confessor's mantle => val: 192.98 -> 196.164

*** NEW BEST (0): 196.164
Based on last: 3000 entries, out of total: 3504 entries, The least-squares solution is:
Int: 15.6929
Spirit: 0
Sp / Healing: 100
Mp5: 7.83074
Crit: 482.242
T1 3p/piece: 5551.69
T2 3p/piece: 80.2109
Hazza'rah's: 10234.8
Darkmoon: 0
100 points == 1 sp == 0.0556874 hps.
wrists : devout bracers -> bindings of transcendence => val: 196.164 -> 197.341

*** NEW BEST (0): 197.341
Based on last: 3000 entries, out of total: 3521 entries, The least-squares solution is:
Int: 15.7133
Spirit: 0
Sp / Healing: 100
Mp5: 8.54097
Crit: 487.645
T1 3p/piece: 5561.83
T2 3p/piece: 87.5206
Hazza'rah's: 10256.2
Darkmoon: 0
100 points == 1 sp == 0.0555852 hps.
ranged : dragon finger of intellect -> dragon's touch => val: 197.341 -> 198.266

*** NEW BEST (0): 198.266
Based on last: 3000 entries, out of total: 3533 entries, The least-squares solution is:
Int: 15.7598
Spirit: 0
Sp / Healing: 100
Mp5: 8.21942
Crit: 482.6
T1 3p/piece: 5563.46
T2 3p/piece: 88.0159
Hazza'rah's: 10256.8
Darkmoon: 0
100 points == 1 sp == 0.0555812 hps.
trinket 2 : briarwood reed -> rejuvenating gem => val: 197.552 -> 199.041

*** NEW BEST (0): 199.041
Based on last: 3000 entries, out of total: 3536 entries, The least-squares solution is:
Int: 15.7516
Spirit: 0
Sp / Healing: 100
Mp5: 8.20502
Crit: 481.759
T1 3p/piece: 5563.28
T2 3p/piece: 88.2227
Hazza'rah's: 10255.4
Darkmoon: 0
100 points == 1 sp == 0.0555871 hps.
feet : boots of the full moon -> boots of transcendence => val: 199.041 -> 199.556

*** NEW BEST (0): 199.556
Based on last: 3000 entries, out of total: 3551 entries, The least-squares solution is:
Int: 15.7553
Spirit: 0
Sp / Healing: 100
Mp5: 8.74746
Crit: 487.521
T1 3p/piece: 5574.46
T2 3p/piece: 36.8717
Hazza'rah's: 10270.1
Darkmoon: 0
100 points == 1 sp == 0.0555228 hps.
head : crimson felt hat -> zulian headdress => val: 199.556 -> 200.277

*** NEW BEST (0): 200.277
Based on last: 3000 entries, out of total: 3568 entries, The least-squares solution is:
Int: 15.8198
Spirit: 0
Sp / Healing: 100
Mp5: 9.17897
Crit: 487.752
T1 3p/piece: 5592.32
T2 3p/piece: 52.1514
Hazza'rah's: 10290.1
Darkmoon: 0
100 points == 1 sp == 0.0554233 hps.
waist : ban'thok sash -> whipvine cord => val: 200.277 -> 201.215

*** NEW BEST (0): 201.215
Based on last: 3000 entries, out of total: 3582 entries, The least-squares solution is:
Int: 15.6579
Spirit: 0
Sp / Healing: 100
Mp5: 9.73722
Crit: 484.93
T1 3p/piece: 5600.64
T2 3p/piece: 58.5655
Hazza'rah's: 10300.7
Darkmoon: 0
100 points == 1 sp == 0.0553757 hps.
*two-hand :   the hammer of grace orb of the forgotten seer -> benediction    => val: 201.215 -> 206.006

*** NEW BEST (0): 206.006
Based on last: 3000 entries, out of total: 3708 entries, The least-squares solution is:
Int: 15.1147
Spirit: 0
Sp / Healing: 100
Mp5: 13.9809
Crit: 480.499
T1 3p/piece: 5600.01
T2 3p/piece: 71.3072
Hazza'rah's: 10481.5
Darkmoon: 0
100 points == 1 sp == 0.0550593 hps.
********
Read starting items and cleared locks.
 ----------------------------
 --- head --- 
name: zulian headdress
slot: head
intelligence: 15
stamina: 13
spirit: 14
sp_healing: 55
armor: 78
 ----------------------------
 --- neck --- 
name: jin'do's evil eye
slot: neck
intelligence: 11
stamina: 5
spirit: 6
sp_healing: 44
 ----------------------------
 --- shoulders --- 
name: zandalar confessor's mantle
slot: shoulders
intelligence: 24
stamina: 11
spirit: 15
sp_healing: 22
armor: 78
 ----------------------------
 --- back --- 
name: hide of the wild
slot: back
intelligence: 10
stamina: 8
sp_healing: 42
armor: 48
 ----------------------------
 --- chest --- 
name: truefaith vestments
slot: chest
stamina: 14
sp_healing: 73
mp5: 6
armor: 96
 ----------------------------
 --- wrists --- 
name: bindings of transcendence
slot: wrists
intelligence: 13
stamina: 9
spirit: 16
sp_healing: 33
armor: 51
 ----------------------------
 --- two-hand --- 
name: benediction
slot: two-hand
intelligence: 31
stamina: 10
spirit: 12
sp_healing: 106
spell_crit: 2
shadow_res: 20
 ----------------------------
 ---  --- 
name: 
slot: 
 ----------------------------
 ---  --- 
name: 
slot: 
 ----------------------------
 ---  --- 
name: 
slot: 
 ----------------------------
 --- ranged --- 
name: dragon's touch
slot: ranged
intelligence: 12
stamina: 7
sp: 6
 ----------------------------
 --- hands --- 
name: handguards of transcendence
slot: hands
intelligence: 20
stamina: 12
spirit: 13
sp_healing: 29
spell_crit: 1
armor: 72
 ----------------------------
 --- waist --- 
name: whipvine cord
slot: waist
intelligence: 8
sp_healing: 31
mp5: 6
armor: 47
 ----------------------------
 --- legs --- 
name: empowered leggings
slot: legs
intelligence: 12
stamina: 12
spirit: 24
sp_healing: 77
spell_crit: 1
armor: 103
 ----------------------------
 --- feet --- 
name: boots of transcendence
slot: feet
intelligence: 17
stamina: 17
spirit: 17
sp_healing: 35
fire_res: 10
armor: 80
 ----------------------------
 --- finger --- 
name: pure elementium band
slot: finger
intelligence: 10
stamina: 9
spirit: 10
sp_healing: 53
 ----------------------------
 --- finger --- 
name: fordring's seal
slot: finger
intelligence: 5
stamina: 4
sp_healing: 37
 ----------------------------
 --- trinket --- 
name: hazza'rah's charm of healing
slot: trinket
 ----------------------------
 --- trinket --- 
name: rejuvenating gem
slot: trinket
sp_healing: 66
mp5: 9
 ----------------------------
 --- Set bonuses ---
name: confessor's 2 hazza'rah's 1 transcendence 3 
slot: Set bonuses
sp: 23
 --- And counts for start items ---
oh_limit: 0.9
time_left_mul: 0.5
total_deficit_to_pop_trinkets: 10000
in combat total: 1135.7
Flash Heal 1, casts: 70, avg: 443.524, 13.27%, cast time 9.2454% of in combat, overheal: 0.301061
Flash Heal 2, casts: 19, avg: 658.723, 5.3495%, cast time 2.50947% of in combat, overheal: 0.0872562
Flash Heal 3, casts: 9, avg: 663.166, 2.55107%, cast time 1.18869% of in combat, overheal: 0.173023
Flash Heal 4, casts: 24, avg: 785.523, 8.05799%, cast time 3.16985% of in combat, overheal: 0.114854
Flash Heal 5, casts: 17, avg: 907.437, 6.59359%, cast time 2.24531% of in combat, overheal: 0.115653
Flash Heal 6, casts: 19, avg: 998.654, 8.11008%, cast time 2.50947% of in combat, overheal: 0.149214
Flash Heal 7, casts: 92, avg: 1216.68, 47.8435%, cast time 12.1511% of in combat, overheal: 0.107999
Greater Heal 1 hazz, casts: 3, avg: 1134.26, 1.45442%, cast time 0.396231% of in combat, overheal: 0.385152
Greater Heal 3 hazz, casts: 2, avg: 836.5, 0.715077%, cast time 0.264154% of in combat, overheal: 0.658816
Greater Heal 4 hazz, casts: 5, avg: 2833.17, 6.05478%, cast time 0.660386% of in combat, overheal: 0
Total time casting: 390, which is: 34.3401% of time in combat.
Total hps: 206.006, raw hps: 243.449, oh: 0.153804
Deficit time sum: 1.13164e+07, baseline: 1.34666e+07
Deficit*time change / s: 1893.22 hp
Number of combats: 19
Average mana at start of combat: 10547.6
Average mana at end of combat: 9858.75
Other players with hps > 100:
  Filon : 107.29 hps
  Jun : 150.755 hps
  Lio : 112.575 hps
  Mercado : 141.598 hps
  Mordfustang : 155.523 hps
  Morfar : 144.166 hps
  Nyz : 105.84 hps
  Razza : 123.707 hps
  Smuttan : 131.939 hps
  Thorminator : 132.668 hps
  Untamed : 113.541 hps
Reading locked from: no-locks
Setting tag name to: calamity_bwl_speed_phase5
.
*** NEW BEST (1): 220.029

*** NEW BEST (1): 224.79

*** NEW BEST (1): 225.699

*** NEW BEST (1): 226.836

*** NEW BEST (1): 227.72

*** NEW BEST (1): 227.975
.
*** NEW BEST (1): 231.382
.
*** NEW BEST (1): 231.999
Temporary bans and partial set bonuses off.
.
*** NEW BEST (0): 226.535
***** INTERMEDIATE RESULTS *****
Iteration: 4
 ----------------------------
 --- head --- 
name: crystal adorned crown
slot: head
intelligence: 14
spirit: 13
sp_healing: 92
armor: 85
 ----------------------------
 --- neck --- 
name: amulet of the fallen god
slot: neck
intelligence: 11
sp_healing: 57
mp5: 6
 ----------------------------
 --- shoulders --- 
name: zandalar confessor's mantle
slot: shoulders
intelligence: 24
stamina: 11
spirit: 15
sp_healing: 22
armor: 78
 ----------------------------
 --- back --- 
name: hide of the wild
slot: back
intelligence: 10
stamina: 8
sp_healing: 42
armor: 48
 ----------------------------
 --- chest --- 
name: robes of prophecy
slot: chest
intelligence: 27
stamina: 20
spirit: 17
sp_healing: 22
fire_res: 10
armor: 102
 ----------------------------
 --- wrists --- 
name: bracelets of royal redemption
slot: wrists
intelligence: 10
stamina: 8
spirit: 9
sp_healing: 53
armor: 54
 ----------------------------
 ---  --- 
name: 
slot: 
 ----------------------------
 --- main hand --- 
name: scepter of the false prophet
slot: main hand
intelligence: 19
stamina: 10
sp_healing: 187
mp5: 3
 ----------------------------
 ---  --- 
name: 
slot: 
 ----------------------------
 --- off hand --- 
name: lei of the lifegiver
slot: off hand
sp_healing: 53
mp5: 3
 ----------------------------
 --- ranged --- 
name: lunar wand of healing
slot: ranged
sp_healing: 20
 ----------------------------
 --- hands --- 
name: atal'ai hands of healing
slot: hands
sp: 9
sp_healing: 44
armor: 47
 ----------------------------
 --- waist --- 
name: grasp of the old god
slot: waist
intelligence: 19
stamina: 15
sp_healing: 59
mp5: 7
armor: 75
 ----------------------------
 --- legs --- 
name: pants of prophecy
slot: legs
intelligence: 24
stamina: 18
spirit: 20
sp_healing: 22
mp5: 6
shadow_res: 10
armor: 89
 ----------------------------
 --- feet --- 
name: boots of prophecy
slot: feet
intelligence: 18
stamina: 17
spirit: 15
sp_healing: 18
shadow_res: 7
armor: 70
 ----------------------------
 --- finger --- 
name: pure elementium band
slot: finger
intelligence: 10
stamina: 9
spirit: 10
sp_healing: 53
 ----------------------------
 --- finger --- 
name: ring of the martyr
slot: finger
stamina: 10
sp_healing: 51
mp5: 5
 ----------------------------
 --- trinket --- 
name: hazza'rah's charm of healing
slot: trinket
 ----------------------------
 --- trinket --- 
name: rejuvenating gem
slot: trinket
sp_healing: 66
mp5: 9
 ----------------------------
 --- Set bonuses ---
name: confessor's 2 hazza'rah's 1 prophecy 3 
slot: Set bonuses
sp: 23
------------------
Best value: 226.535
------------------
Char stats: 
Effective hp: 8619.5
Effective mana (100 s, 33 % out of fsr): 16728.8
Raw max mana: 10604.1
Int: 425.73
Stam: 405.03
Spirit: 407.33
Strength: 79.58
Agility: 84.18
All stats multiplier (taken into account above): 1.15
Bonus mana: 2000
Bonus hp: 0
Mp5: 189
Sp: 32
Sp shadow: 0
Sp healing: 1021
Spell crit: 18
Spell hit: 0
Arcane res: 27
Nature res: 27
Fire res: 37
Frost res: 27
Shadow res: 44
Armor: 2846.75
Defense: 300
Dodge: 0
Parry: 0
HpsPvp: 1053.8
ShadowDps: 224.52
Value pvp healing: 2171.36
Value pvp shadow: 98.5661
Effective hp-pvp: 10811.3
Effecctive mana for 100 s, 0.33 fsr: 18414.8
------------------
Best counts:
oh_limit: 0.5
time_left_mul: 2.1
total_deficit_to_pop_trinkets: 7737.81
in combat total: 1135.7
Flash Heal 1, casts: 32, avg: 521.903, 6.40112%, cast time 3.9447% of in combat, overheal: 0.257072
Flash Heal 2, casts: 4, avg: 534.99, 0.820204%, cast time 0.493088% of in combat, overheal: 0.321906
Flash Heal 3, casts: 5, avg: 742.859, 1.42361%, cast time 0.61636% of in combat, overheal: 0.144737
Flash Heal 4, casts: 8, avg: 873.151, 2.67729%, cast time 0.986176% of in combat, overheal: 0.0842273
Flash Heal 5, casts: 7, avg: 1018.77, 2.73332%, cast time 0.862904% of in combat, overheal: 0.066261
Flash Heal 6, casts: 3, avg: 1145.76, 1.31744%, cast time 0.369816% of in combat, overheal: 0.0742372
Flash Heal 7, casts: 37, avg: 1295.03, 18.3653%, cast time 4.56106% of in combat, overheal: 0.0920885
Greater Heal 1, casts: 4, avg: 1507.1, 2.31056%, cast time 0.880514% of in combat, overheal: 0.237061
Greater Heal 1 hazz, casts: 13, avg: 1633.98, 8.14155%, cast time 1.717% of in combat, overheal: 0.172826
Greater Heal 2 hazz, casts: 3, avg: 2150.53, 2.47277%, cast time 0.396231% of in combat, overheal: 0.046242
Greater Heal 3 hazz, casts: 1, avg: 2577.73, 0.98799%, cast time 0.132077% of in combat, overheal: 0
Greater Heal 4, casts: 15, avg: 2613.38, 15.0249%, cast time 3.30193% of in combat, overheal: 0.115971
Greater Heal 4 hazz, casts: 3, avg: 2724.15, 3.13233%, cast time 0.396231% of in combat, overheal: 0.0785036
Heal 2, casts: 58, avg: 1160.29, 25.7936%, cast time 12.7675% of in combat, overheal: 0.201809
Heal 4, casts: 11, avg: 1991.9, 8.39802%, cast time 2.42141% of in combat, overheal: 0.0602228
Total time casting: 384.4, which is: 33.847% of time in combat.
Total hps: 229.731, raw hps: 268.993, oh: 0.145958
Deficit time sum: 1.13239e+07, baseline: 1.34666e+07
Deficit*time change / s: 1886.63 hp
Number of combats: 19
Average mana at start of combat: 10546.3
Average mana at end of combat: 9971.65
Other players with hps > 100:
  Filon : 106.828 hps
  Jun : 151.654 hps
  Lio : 111.521 hps
  Mercado : 141.954 hps
  Mordfustang : 148.949 hps
  Morfar : 140.161 hps
  Nyz : 107.35 hps
  Razza : 120.272 hps
  Smuttan : 129.814 hps
  Thorminator : 129.447 hps
  Untamed : 108.394 hps
------------------
Upgrades: 
( following sorted by alt scores, no specials )
benediction, , , (6.62338) -> , scepter of the false prophet, , lei of the lifegiver(13.4185) : 6.79515 = +3.04802%
zulian headdress(3.15309) -> crystal adorned crown(5.18196) : 2.02887 = +0.891018%
whipvine cord(1.8196) -> grasp of the old god(3.46049) : 1.6409 = +0.719407%
bindings of transcendence(1.92514) -> bracelets of royal redemption(3.00136) : 1.07622 = +0.470673%
handguards of transcendence(2.02773) -> atal'ai hands of healing(2.91814) : 0.890411 = +0.389096%
fordring's seal(2.0788) -> ring of the martyr(2.84651) : 0.767715 = +0.3353%
jin'do's evil eye(2.51414) -> amulet of the fallen god(3.27611) : 0.761963 = +0.332779%
dragon's touch(0.430222) -> lunar wand of healing(1.10118) : 0.670959 = +0.292918%
zandalar confessor's mantle(2.6774) -> zandalar confessor's mantle(2.6774) : 0 = +0%
hide of the wild(2.39571) -> hide of the wild(2.39571) : 0 = +0%
pure elementium band(3.00136) -> pure elementium band(3.00136) : 0 = +0%
hazza'rah's charm of healing(7.03737) -> hazza'rah's charm of healing(7.03737) : 0 = +0%
rejuvenating gem(3.70319) -> rejuvenating gem(3.70319) : 0 = +0%
boots of transcendence(2.06854) -> boots of prophecy(1.14087) : -0.927673 = +-0.402184%
truefaith vestments(4.06552) -> robes of prophecy(1.436) : -2.62952 = +-1.13165%
empowered leggings(4.60399) -> pants of prophecy(1.45721) : -3.14677 = +-1.35125%
------------------
~~~~ end of intermediate results ~~~~
Temporary bans and partial set bonuses on.
....Temporary bans and partial set bonuses off.
.two-hand : blessed qiraji augur staff    ->   scepter of the false prophet lei of the lifegiver => val: 225.297 -> 225.725
***** INTERMEDIATE RESULTS *****
Iteration: 9
 ----------------------------
 --- head --- 
name: crystal adorned crown
slot: head
intelligence: 14
spirit: 13
sp_healing: 92
armor: 85
 ----------------------------
 --- neck --- 
name: amulet of the fallen god
slot: neck
intelligence: 11
sp_healing: 57
mp5: 6
 ----------------------------
 --- shoulders --- 
name: zandalar confessor's mantle
slot: shoulders
intelligence: 24
stamina: 11
spirit: 15
sp_healing: 22
armor: 78
 ----------------------------
 --- back --- 
name: hide of the wild
slot: back
intelligence: 10
stamina: 8
sp_healing: 42
armor: 48
 ----------------------------
 --- chest --- 
name: robes of prophecy
slot: chest
intelligence: 27
stamina: 20
spirit: 17
sp_healing: 22
fire_res: 10
armor: 102
 ----------------------------
 --- wrists --- 
name: bracelets of royal redemption
slot: wrists
intelligence: 10
stamina: 8
spirit: 9
sp_healing: 53
armor: 54
 ----------------------------
 ---  --- 
name: 
slot: 
 ----------------------------
 --- main hand --- 
name: scepter of the false prophet
slot: main hand
intelligence: 19
stamina: 10
sp_healing: 187
mp5: 3
 ----------------------------
 ---  --- 
name: 
slot: 
 ----------------------------
 --- off hand --- 
name: lei of the lifegiver
slot: off hand
sp_healing: 53
mp5: 3
 ----------------------------
 --- ranged --- 
name: lunar wand of healing
slot: ranged
sp_healing: 20
 ----------------------------
 --- hands --- 
name: atal'ai hands of healing
slot: hands
sp: 9
sp_healing: 44
armor: 47
 ----------------------------
 --- waist --- 
name: grasp of the old god
slot: waist
intelligence: 19
stamina: 15
sp_healing: 59
mp5: 7
armor: 75
 ----------------------------
 --- legs --- 
name: pants of prophecy
slot: legs
intelligence: 24
stamina: 18
spirit: 20
sp_healing: 22
mp5: 6
shadow_res: 10
armor: 89
 ----------------------------
 --- feet --- 
name: boots of prophecy
slot: feet
intelligence: 18
stamina: 17
spirit: 15
sp_healing: 18
shadow_res: 7
armor: 70
 ----------------------------
 --- finger --- 
name: pure elementium band
slot: finger
intelligence: 10
stamina: 9
spirit: 10
sp_healing: 53
 ----------------------------
 --- finger --- 
name: ring of the martyr
slot: finger
stamina: 10
sp_healing: 51
mp5: 5
 ----------------------------
 --- trinket --- 
name: hazza'rah's charm of healing
slot: trinket
 ----------------------------
 --- trinket --- 
name: rejuvenating gem
slot: trinket
sp_healing: 66
mp5: 9
 ----------------------------
 --- Set bonuses ---
name: confessor's 2 hazza'rah's 1 prophecy 3 
slot: Set bonuses
sp: 23
------------------
Best value: 226.535
------------------
Char stats: 
Effective hp: 8619.5
Effective mana (100 s, 33 % out of fsr): 16728.8
Raw max mana: 10604.1
Int: 425.73
Stam: 405.03
Spirit: 407.33
Strength: 79.58
Agility: 84.18
All stats multiplier (taken into account above): 1.15
Bonus mana: 2000
Bonus hp: 0
Mp5: 189
Sp: 32
Sp shadow: 0
Sp healing: 1021
Spell crit: 18
Spell hit: 0
Arcane res: 27
Nature res: 27
Fire res: 37
Frost res: 27
Shadow res: 44
Armor: 2846.75
Defense: 300
Dodge: 0
Parry: 0
HpsPvp: 1067.62
ShadowDps: 222.089
Value pvp healing: 2153.13
Value pvp shadow: 93.1736
Effective hp-pvp: 10811.3
Effecctive mana for 100 s, 0.33 fsr: 18414.8
------------------
Best counts:
oh_limit: 0.7
time_left_mul: 2.7
total_deficit_to_pop_trinkets: 7737.81
in combat total: 1135.7
Flash Heal 1, casts: 23, avg: 465.541, 4.15016%, cast time 2.83526% of in combat, overheal: 0.337304
Flash Heal 2, casts: 2, avg: 639.5, 0.495736%, cast time 0.246544% of in combat, overheal: 0.189441
Flash Heal 3, casts: 5, avg: 740.544, 1.43516%, cast time 0.61636% of in combat, overheal: 0.147402
Flash Heal 4, casts: 9, avg: 826.194, 2.88207%, cast time 1.10945% of in combat, overheal: 0.133476
Flash Heal 5, casts: 5, avg: 1091.07, 2.11446%, cast time 0.61636% of in combat, overheal: 0
Flash Heal 6, casts: 5, avg: 993.654, 1.92568%, cast time 0.61636% of in combat, overheal: 0.197135
Flash Heal 7, casts: 26, avg: 1274.26, 12.8413%, cast time 3.20507% of in combat, overheal: 0.106652
Greater Heal 1, casts: 7, avg: 997.912, 2.70751%, cast time 1.5409% of in combat, overheal: 0.494826
Greater Heal 1 hazz, casts: 14, avg: 1442.02, 7.82491%, cast time 1.84908% of in combat, overheal: 0.270004
Greater Heal 2 hazz, casts: 3, avg: 2114.6, 2.45883%, cast time 0.396231% of in combat, overheal: 0.062178
Greater Heal 4, casts: 14, avg: 2550.68, 13.8409%, cast time 3.0818% of in combat, overheal: 0.137182
Greater Heal 4 hazz, casts: 5, avg: 2059.33, 3.99095%, cast time 0.660386% of in combat, overheal: 0.30339
Heal 2, casts: 86, avg: 995.419, 33.1806%, cast time 18.9311% of in combat, overheal: 0.31523
Heal 4, casts: 14, avg: 1870.82, 10.1517%, cast time 3.0818% of in combat, overheal: 0.11735
Total time casting: 440.5, which is: 38.7867% of time in combat.
Total hps: 227.173, raw hps: 298.047, oh: 0.237796
Deficit time sum: 1.12362e+07, baseline: 1.34666e+07
Deficit*time change / s: 1963.87 hp
Number of combats: 19
Average mana at start of combat: 10604.1
Average mana at end of combat: 10027.1
Other players with hps > 100:
  Filon : 104.351 hps
  Jun : 149.511 hps
  Lio : 114.296 hps
  Mercado : 139.588 hps
  Mordfustang : 151.342 hps
  Morfar : 138.506 hps
  Nyz : 106.152 hps
  Razza : 120.321 hps
  Smuttan : 134.114 hps
  Thorminator : 132.372 hps
  Untamed : 111.496 hps
------------------
Upgrades: 
( following sorted by alt scores, no specials )
benediction, , , (6.62338) -> , scepter of the false prophet, , lei of the lifegiver(13.4185) : 6.79515 = +3.08341%
zulian headdress(3.15309) -> crystal adorned crown(5.18196) : 2.02887 = +0.901142%
whipvine cord(1.8196) -> grasp of the old god(3.46049) : 1.6409 = +0.727568%
bindings of transcendence(1.92514) -> bracelets of royal redemption(3.00136) : 1.07622 = +0.475999%
handguards of transcendence(2.02773) -> atal'ai hands of healing(2.91814) : 0.890411 = +0.393495%
fordring's seal(2.0788) -> ring of the martyr(2.84651) : 0.767715 = +0.339089%
jin'do's evil eye(2.51414) -> amulet of the fallen god(3.27611) : 0.761963 = +0.33654%
dragon's touch(0.430222) -> lunar wand of healing(1.10118) : 0.670959 = +0.296227%
zandalar confessor's mantle(2.6774) -> zandalar confessor's mantle(2.6774) : 0 = +0%
hide of the wild(2.39571) -> hide of the wild(2.39571) : 0 = +0%
pure elementium band(3.00136) -> pure elementium band(3.00136) : 0 = +0%
hazza'rah's charm of healing(7.03737) -> hazza'rah's charm of healing(7.03737) : 0 = +0%
rejuvenating gem(3.70319) -> rejuvenating gem(3.70319) : 0 = +0%
boots of transcendence(2.06854) -> boots of prophecy(1.14087) : -0.927673 = +-0.406695%
truefaith vestments(4.06552) -> robes of prophecy(1.436) : -2.62952 = +-1.14425%
empowered leggings(4.60399) -> pants of prophecy(1.45721) : -3.14677 = +-1.36626%
------------------
~~~~ end of intermediate results ~~~~
Same items for intermediate results again, ending optimization. 
 ----------------------------
 --- head --- 
name: crystal adorned crown
slot: head
intelligence: 14
spirit: 13
sp_healing: 92
armor: 85
 ----------------------------
 --- neck --- 
name: amulet of the fallen god
slot: neck
intelligence: 11
sp_healing: 57
mp5: 6
 ----------------------------
 --- shoulders --- 
name: zandalar confessor's mantle
slot: shoulders
intelligence: 24
stamina: 11
spirit: 15
sp_healing: 22
armor: 78
 ----------------------------
 --- back --- 
name: hide of the wild
slot: back
intelligence: 10
stamina: 8
sp_healing: 42
armor: 48
 ----------------------------
 --- chest --- 
name: robes of prophecy
slot: chest
intelligence: 27
stamina: 20
spirit: 17
sp_healing: 22
fire_res: 10
armor: 102
 ----------------------------
 --- wrists --- 
name: bracelets of royal redemption
slot: wrists
intelligence: 10
stamina: 8
spirit: 9
sp_healing: 53
armor: 54
 ----------------------------
 ---  --- 
name: 
slot: 
 ----------------------------
 --- main hand --- 
name: scepter of the false prophet
slot: main hand
intelligence: 19
stamina: 10
sp_healing: 187
mp5: 3
 ----------------------------
 ---  --- 
name: 
slot: 
 ----------------------------
 --- off hand --- 
name: lei of the lifegiver
slot: off hand
sp_healing: 53
mp5: 3
 ----------------------------
 --- ranged --- 
name: lunar wand of healing
slot: ranged
sp_healing: 20
 ----------------------------
 --- hands --- 
name: atal'ai hands of healing
slot: hands
sp: 9
sp_healing: 44
armor: 47
 ----------------------------
 --- waist --- 
name: grasp of the old god
slot: waist
intelligence: 19
stamina: 15
sp_healing: 59
mp5: 7
armor: 75
 ----------------------------
 --- legs --- 
name: pants of prophecy
slot: legs
intelligence: 24
stamina: 18
spirit: 20
sp_healing: 22
mp5: 6
shadow_res: 10
armor: 89
 ----------------------------
 --- feet --- 
name: boots of prophecy
slot: feet
intelligence: 18
stamina: 17
spirit: 15
sp_healing: 18
shadow_res: 7
armor: 70
 ----------------------------
 --- finger --- 
name: pure elementium band
slot: finger
intelligence: 10
stamina: 9
spirit: 10
sp_healing: 53
 ----------------------------
 --- finger --- 
name: ring of the martyr
slot: finger
stamina: 10
sp_healing: 51
mp5: 5
 ----------------------------
 --- trinket --- 
name: hazza'rah's charm of healing
slot: trinket
 ----------------------------
 --- trinket --- 
name: rejuvenating gem
slot: trinket
sp_healing: 66
mp5: 9
 ----------------------------
 --- Set bonuses ---
name: confessor's 2 hazza'rah's 1 prophecy 3 
slot: Set bonuses
sp: 23
------------------
Char stats: 
Effective hp: 8619.5
Effective mana (100 s, 33 % out of fsr): 16728.8
Raw max mana: 10604.1
Int: 425.73
Stam: 405.03
Spirit: 407.33
Strength: 79.58
Agility: 84.18
All stats multiplier (taken into account above): 1.15
Bonus mana: 2000
Bonus hp: 0
Mp5: 189
Sp: 32
Sp shadow: 0
Sp healing: 1021
Spell crit: 18
Spell hit: 0
Arcane res: 27
Nature res: 27
Fire res: 37
Frost res: 27
Shadow res: 44
Armor: 2846.75
Defense: 300
Dodge: 0
Parry: 0
HpsPvp: 1053.8
ShadowDps: 224.52
Value pvp healing: 2171.36
Value pvp shadow: 98.5661
Effective hp-pvp: 10811.3
Effecctive mana for 100 s, 0.33 fsr: 18414.8
------------------
Best counts:
oh_limit: 0.7
time_left_mul: 2.7
total_deficit_to_pop_trinkets: 7737.81
in combat total: 1135.7
Flash Heal 1, casts: 23, avg: 465.541, 4.15016%, cast time 2.83526% of in combat, overheal: 0.337304
Flash Heal 2, casts: 2, avg: 639.5, 0.495736%, cast time 0.246544% of in combat, overheal: 0.189441
Flash Heal 3, casts: 5, avg: 740.544, 1.43516%, cast time 0.61636% of in combat, overheal: 0.147402
Flash Heal 4, casts: 9, avg: 826.194, 2.88207%, cast time 1.10945% of in combat, overheal: 0.133476
Flash Heal 5, casts: 5, avg: 1091.07, 2.11446%, cast time 0.61636% of in combat, overheal: 0
Flash Heal 6, casts: 5, avg: 993.654, 1.92568%, cast time 0.61636% of in combat, overheal: 0.197135
Flash Heal 7, casts: 26, avg: 1274.26, 12.8413%, cast time 3.20507% of in combat, overheal: 0.106652
Greater Heal 1, casts: 7, avg: 997.912, 2.70751%, cast time 1.5409% of in combat, overheal: 0.494826
Greater Heal 1 hazz, casts: 14, avg: 1442.02, 7.82491%, cast time 1.84908% of in combat, overheal: 0.270004
Greater Heal 2 hazz, casts: 3, avg: 2114.6, 2.45883%, cast time 0.396231% of in combat, overheal: 0.062178
Greater Heal 4, casts: 14, avg: 2550.68, 13.8409%, cast time 3.0818% of in combat, overheal: 0.137182
Greater Heal 4 hazz, casts: 5, avg: 2059.33, 3.99095%, cast time 0.660386% of in combat, overheal: 0.30339
Heal 2, casts: 86, avg: 995.419, 33.1806%, cast time 18.9311% of in combat, overheal: 0.31523
Heal 4, casts: 14, avg: 1870.82, 10.1517%, cast time 3.0818% of in combat, overheal: 0.11735
Total time casting: 440.5, which is: 38.7867% of time in combat.
Total hps: 227.173, raw hps: 298.047, oh: 0.237796
Deficit time sum: 1.12362e+07, baseline: 1.34666e+07
Deficit*time change / s: 1963.87 hp
Number of combats: 19
Average mana at start of combat: 10604.1
Average mana at end of combat: 10027.1
Other players with hps > 100:
  Filon : 104.351 hps
  Jun : 149.511 hps
  Lio : 114.296 hps
  Mercado : 139.588 hps
  Mordfustang : 151.342 hps
  Morfar : 138.506 hps
  Nyz : 106.152 hps
  Razza : 120.321 hps
  Smuttan : 134.114 hps
  Thorminator : 132.372 hps
  Untamed : 111.496 hps
------------------
Based on last: 3000 entries, out of total: 6584 entries, The least-squares solution is:
Int: 0
Spirit: 26.4856
Sp / Healing: 100
Mp5: 20.6298
Crit: 651.402
T1 3p/piece: 3211.89
T2 3p/piece: 0
Hazza'rah's: 13545.1
Darkmoon: 530.947
100 points == 1 sp == 0.0557581 hps.
Appended tag:
( Pawn: v1: "calamity_bwl_speed_phase5": Intellect=0, Spirit=26.4856, Healing=100, Mp5=20.6298, SpellCritRating=651.402, IsFist=X, Is2HMace=X, IsCrossbow=X, IsGun=X, IsShield=X, IsPolearm=X, Is2HAxe=X, IsBow=X, IsMail=X, IsPlate=X, IsLeather=X, IsAxe=X, Is2HAxe=X, IsSword=X, Is2HSword=X)
To file: calamity_bwl_speed_phase5.pawn_tag.txt
------------------
Diffs to start: 
Upgrades: 
( following sorted by alt scores, no specials )
benediction, , , (6.814) -> , scepter of the false prophet, , lei of the lifegiver(13.451) : 6.63696 = +3.00947%
zulian headdress(3.27345) -> crystal adorned crown(5.32173) : 2.04828 = +0.909842%
whipvine cord(1.79752) -> grasp of the old god(3.37024) : 1.57272 = +0.697128%
bindings of transcendence(2.07631) -> bracelets of royal redemption(3.08809) : 1.01178 = +0.447371%
fordring's seal(2.06305) -> ring of the martyr(2.90118) : 0.838135 = +0.370307%
handguards of transcendence(2.17218) -> atal'ai hands of healing(2.95518) : 0.783005 = +0.345865%
dragon's touch(0.334549) -> lunar wand of healing(1.11516) : 0.780609 = +0.344804%
jin'do's evil eye(2.54196) -> amulet of the fallen god(3.24722) : 0.705261 = +0.311418%
zandalar confessor's mantle(2.73064) -> zandalar confessor's mantle(2.73064) : 0 = +0%
hide of the wild(2.34184) -> hide of the wild(2.34184) : 0 = +0%
pure elementium band(3.10286) -> pure elementium band(3.10286) : 0 = +0%
hazza'rah's charm of healing(8.83495) -> hazza'rah's charm of healing(8.83495) : 0 = +0%
rejuvenating gem(3.78355) -> rejuvenating gem(3.78355) : 0 = +0%
boots of transcendence(2.20259) -> boots of prophecy(1.22516) : -0.977432 = +-0.428416%
truefaith vestments(4.13936) -> robes of prophecy(1.47774) : -2.66162 = +-1.15806%
empowered leggings(5.01102) -> pants of prophecy(1.59105) : -3.41997 = +-1.48312%
- - - - - - - - - - - - - - - - - - - - - - - - - - - - - - - - - - - - - - - - - 
| Upgrades at best in slot level, from start item to candidate, partial bonuses: 1: |
  alt scores are from least squares fit, special score from e.g. set bonuses as s are part of em
. . . . . . . . . . . . . . . . . . . . . . . . . . . . . . . . . . . . . . . . . 
- . - ' - . - ' - . - ' - . - ' - . - ' - . -
head, zulian headdress (1.32048), alt: 3.27345 -> :
    crystal adorned crown (3.53635) : +0.982972 %, alt : +5.32173, from: azuregos
    don rigoberto's lost hat (2.75871) : +0.638009 %, alt : +3.69505, from: aq40
    eternal crown of healing (2.65887) : +0.59372 %, alt : +3.56852, from: random green
    green lens of healing (1.32814) : +0.00339799 %, alt : +3.01094, from: pre-raid
    cassandra's grace (1.53627) : +0.0957257 %, alt : +2.58627, from: pre-raid
    cassandra's grace (1.53627) : +0.0957257 %, alt : +2.58627, from: pre-raid
    the hexxer's cover (1.40446) : +0.037256 %, alt : +2.28608, from: zg
- . - ' - . - ' - . - ' - . - ' - . - ' - . -
neck, jin'do's evil eye (1.88887), alt: 2.54196 -> :
    amulet of the fallen god (1.9734) : +0.0371484 %, alt : +3.24723, from: aq40
    amulet of the shifting sands (1.95773) : +0.0302619 %, alt : +2.63389, from: aq20
    amulet of vek'nilash (1.96718) : +0.0344126 %, alt : +1.86868, from: aq40
    the all-seeing eye of zuldazar (-0.246704) : -0.938481 %, alt : +1.19563, from: zg
- . - ' - . - ' - . - ' - . - ' - . - ' - . -
shoulders, zandalar confessor's mantle (2.11758), alt: 2.73064 -> :
    ternary mantle (2.03078) : -0.0381334 %, alt : +2.74871, from: aq40
    zandalar confessor's mantle (2.11758) : +0 %, alt : +2.73063, from: zg
    mantle of prophecy (1.2282) : -0.390698 %, alt : +1.23064, from: mc
- . - ' - . - ' - . - ' - . - ' - . - ' - . -
back, hide of the wild (2.42146), alt: 2.34184 -> :
    cloak of clarity (2.34828) : -0.0321476 %, alt : +2.42572, from: aq40
    hakkari loa cloak (2.55005) : +0.0564862 %, alt : +1.95816, from: zg
    shroud of pure thought (2.5311) : +0.0481611 %, alt : +1.90903, from: bwl
    archivist cape of healing (2.5249) : +0.0454397 %, alt : +1.88603, from: pre-raid
    drape of benediction (2.46443) : +0.0188757 %, alt : +1.84664, from: azuregos
- . - ' - . - ' - . - ' - . - ' - . - ' - . -
chest, truefaith vestments (5.2115), alt: 4.13936 -> :
    robes of prophecy (0.884109) : -1.86551 %, alt : +3.70447 (s: 1.79089), from: mc
- . - ' - . - ' - . - ' - . - ' - . - ' - . -
wrists, bindings of transcendence (1.9257), alt: 2.07631 -> :
    bracelets of royal redemption (2.2726) : +0.152619 %, alt : +3.08809, from: aq40
    vambraces of prophecy (1.80753) : -0.051994 %, alt : +2.09001, from: mc
    zandalar confessor's wraps (1.40007) : -0.231258 %, alt : +1.51541, from: zg
- . - ' - . - ' - . - ' - . - ' - . - ' - . -
two-hand, benediction (8.07677), alt: 6.814 -> :
    scepter of the false prophet and lei of the lifegiver (1.65421) : -2.72468 %, alt : +13.451, from: aq40, av rep
    scepter of the false prophet and sartura's might (1.65266) : -2.72534 %, alt : +13.374, from: aq40, aq40
    scepter of the false prophet and brightly glowing stone (9.56432) : +0.631072 %, alt : +12.5243, from: aq40, pre-raid
    scepter of the false prophet and arlokk's hoodoo stick (9.09161) : +0.430535 %, alt : +12.0512, from: aq40, zg
    scepter of the false prophet and talon of furious concentration (9.07169) : +0.422081 %, alt : +11.9954, from: aq40, aq20
    scepter of the false prophet and trance stone (9.03958) : +0.408461 %, alt : +11.9734, from: aq40, emeriss; lethon; taerar; ysondre
    blessed qiraji augur staff (7.43951) : -0.270346 %, alt : +8.14595, from: aq40
    gavel of infinite wisdom and lei of the lifegiver (7.38496) : -0.293488 %, alt : +8.05393, from: aq20, av rep
    gavel of infinite wisdom and sartura's might (8.43172) : +0.150583 %, alt : +7.97692, from: aq20, aq40
    lok'amir il romathis and lei of the lifegiver (8.29514) : +0.0926398 %, alt : +7.79151, from: bwl, av rep
    lok'amir il romathis and sartura's might (8.21126) : +0.0570559 %, alt : +7.7145, from: bwl, aq40
    gavel of infinite wisdom and brightly glowing stone (7.96558) : -0.0471712 %, alt : +7.12729, from: aq20, pre-raid
    lok'amir il romathis and brightly glowing stone (8.27777) : +0.0852732 %, alt : +6.86487, from: bwl, pre-raid
    gavel of infinite wisdom and arlokk's hoodoo stick (8.07751) : +0.000317193 %, alt : +6.65413, from: aq20, zg
- . - ' - . - ' - . - ' - . - ' - . - ' - . -
ranged, dragon's touch (0.267563), alt: 0.334549 -> :
    lunar wand of healing (0.359406) : +0.0403617 %, alt : +1.11516, from: random green
    wandof qiraji nobility (0.301926) : +0.0151013 %, alt : +1.0594, from: aq40
    antenna of invigoration (0.56134) : +0.129105 %, alt : +0.759364, from: aq20
    bonecreeper stylus (0.446411) : +0.0785976 %, alt : +0.613339, from: pre-raid
- . - ' - . - ' - . - ' - . - ' - . - ' - . -
hands, handguards of transcendence (1.80067), alt: 2.17218 -> :
    atal'ai hands of healing (2.23096) : +0.189376 %, alt : +2.95518, from: sunken temple
    high councillor's gloves of healing (2.41615) : +0.270884 %, alt : +2.56487, from: random green
    dark storm gauntlets (2.03662) : +0.103845 %, alt : +2.06305, from: aq40
    hands of the exalted herald (1.9258) : +0.0550687 %, alt : +2.01723, from: pre-raid
    gloves of dark wisdom (1.89948) : +0.0434842 %, alt : +2.00905, from: aq20
    gloves of prophecy (1.46553) : -0.147504 %, alt : +1.87531, from: mc
- . - ' - . - ' - . - ' - . - ' - . - ' - . -
waist, whipvine cord (1.13794), alt: 1.79752 -> :
    grasp of the old god (2.0029) : +0.381416 %, alt : +3.37025, from: aq40
    eyestalk waist cord (2.54785) : +0.62172 %, alt : +2.64929, from: aq40
    firemaw's clutch (1.38443) : +0.108693 %, alt : +2.00905, from: bwl
    mana igniting cord (1.77731) : +0.281941 %, alt : +1.75716, from: mc
    zandalar confessor's bindings (0.900421) : -0.104737 %, alt : +1.62692, from: zg
    belt of untapped power (1.72218) : +0.25763 %, alt : +1.61698, from: zg
- . - ' - . - ' - . - ' - . - ' - . - ' - . -
legs, empowered leggings (4.93445), alt: 5.01102 -> :
    pants of prophecy (0.16864) : -2.05063 %, alt : +3.81779 (s: 1.79089), from: mc
- . - ' - . - ' - . - ' - . - ' - . - ' - . -
feet, boots of transcendence (4.30144), alt: 2.20259 -> :
    boots of pure thought (4.64426) : +0.148198 %, alt : +3.63422, from: bwl
    boots of prophecy (0.61734) : -1.59261 %, alt : +3.4519 (s: 1.79089), from: mc
    treads of the wandering nomand (3.88672) : -0.17928 %, alt : +2.2255, from: aq20
- . - ' - . - ' - . - ' - . - ' - . - ' - . -
finger, pure elementium band (2.2726), alt: 3.10286 -> :
    primalist's seal (2.43745) : +0.0724193 %, alt : +2.65514, from: zg
    cauterizing band (2.46617) : +0.0850343 %, alt : +2.56487, from: mc
- . - ' - . - ' - . - ' - . - ' - . - ' - . -
finger 2, fordring's seal (1.99408), alt: 2.06305 -> :
    pure elementium band (2.27214) : +0.122214 %, alt : +3.10286, from: bwl
    ring of the martyr (2.11519) : +0.0532301 %, alt : +2.90118, from: aq40
    primalist's seal (2.43692) : +0.194638 %, alt : +2.65514, from: zg
    cauterizing band (2.07822) : +0.0369801 %, alt : +2.56487, from: mc
- . - ' - . - ' - . - ' - . - ' - . - ' - . -
trinket, hazza'rah's charm of healing (15.7941), alt: 8.83495 -> :
    hazza'rah's charm of healing (15.7941) : +0 %, alt : +8.83494, from: zg
    darkmoon card: blue dragon (0) : -6.93815 %, alt : +0.296046, from: 
- . - ' - . - ' - . - ' - . - ' - . - ' - . -
trinket 2, rejuvenating gem (1.74976), alt: 3.78355 -> :
    hazza'rah's charm of healing (0) : -0.768647 %, alt : +8.83494, from: zg
    darkmoon card: blue dragon (-0.752167) : -1.09907 %, alt : +0.296046, from: 
- - - - - - - - - - - - - - - - - - - - - - - - - - - - - - - - - - - - - - - - - 
| Upgrades at best in slot level, from start item to candidate, partial bonuses: 0: |
  alt scores are from least squares fit, special score from e.g. set bonuses as s are part of em
. . . . . . . . . . . . . . . . . . . . . . . . . . . . . . . . . . . . . . . . . 
- . - ' - . - ' - . - ' - . - ' - . - ' - . -
head, zulian headdress (1.70766), alt: 3.27344 -> :
    crystal adorned crown (3.8027) : +0.930809 %, alt : +5.32173, from: azuregos
    don rigoberto's lost hat (2.70023) : +0.440989 %, alt : +3.69505, from: aq40
    eternal crown of healing (2.65482) : +0.420814 %, alt : +3.56852, from: random green
    mish'undare circlet of mind flayer (1.91362) : +0.0915075 %, alt : +2.81086, from: bwl
    cassandra's grace (1.83588) : +0.0569667 %, alt : +2.58627, from: pre-raid
    cassandra's grace (1.83588) : +0.0569667 %, alt : +2.58627, from: pre-raid
- . - ' - . - ' - . - ' - . - ' - . - ' - . -
neck, jin'do's evil eye (2.74275), alt: 2.54196 -> :
    amulet of the fallen god (3.32037) : +0.254913 %, alt : +3.24723, from: aq40
    amulet of the shifting sands (2.81126) : +0.0302354 %, alt : +2.63389, from: aq20
    amulet of vek'nilash (3.03522) : +0.129069 %, alt : +1.86868, from: aq40
    the all-seeing eye of zuldazar (1.05693) : -0.743979 %, alt : +1.19563, from: zg
- . - ' - . - ' - . - ' - . - ' - . - ' - . -
shoulders, zandalar confessor's mantle (1.8351), alt: 2.73064 -> :
    ternary mantle (1.74854) : -0.0381045 %, alt : +2.74871, from: aq40
    zandalar confessor's mantle (1.8351) : +0 %, alt : +2.73063, from: zg
    mantle of prophecy (-0.210327) : -0.900382 %, alt : +0.649502, from: mc
- . - ' - . - ' - . - ' - . - ' - . - ' - . -
back, hide of the wild (2.34572), alt: 2.34184 -> :
    cloak of clarity (2.23967) : -0.0466819 %, alt : +2.42572, from: aq40
- . - ' - . - ' - . - ' - . - ' - . - ' - . -
chest, truefaith vestments (5.68095), alt: 4.13936 -> :
    robes of prophecy (3.26994) : -1.05016 %, alt : +6.85039 (s: 5.37266), from: mc
    robes of the exalted (5.82077) : +0.0608998 %, alt : +3.954, from: pre-raid
- . - ' - . - ' - . - ' - . - ' - . - ' - . -
wrists, bindings of transcendence (0.27597), alt: 2.07631 -> :
    bracelets of royal redemption (2.16521) : +0.838603 %, alt : +3.08809, from: aq40
    burrower bracers (0.7267) : +0.200072 %, alt : +1.56123, from: aq40
    zandalar confessor's wraps (1.02264) : +0.331437 %, alt : +1.51541, from: zg
    vambraces of prophecy (1.0352) : +0.337011 %, alt : +1.50888, from: mc
    black bark wristbands (1.05089) : +0.343974 %, alt : +1.45302, from: lethon
    bracers of arcane accuracy (0.363525) : +0.0388643 %, alt : +1.17092, from: bwl
    shackles of the unscarred (0.363525) : +0.0388643 %, alt : +1.17092, from: aq20
- . - ' - . - ' - . - ' - . - ' - . - ' - . -
two-hand, benediction (6.86882), alt: 6.814 -> :
    scepter of the false prophet and lei of the lifegiver (9.68373) : +1.20274 %, alt : +13.451, from: aq40, av rep
    scepter of the false prophet and sartura's might (9.6743) : +1.19871 %, alt : +13.374, from: aq40, aq40
    scepter of the false prophet and brightly glowing stone (9.04178) : +0.928449 %, alt : +12.5243, from: aq40, pre-raid
    scepter of the false prophet and arlokk's hoodoo stick (9.54533) : +1.1436 %, alt : +12.0512, from: aq40, zg
    scepter of the false prophet and talon of furious concentration (9.52592) : +1.13531 %, alt : +11.9954, from: aq40, aq20
    scepter of the false prophet and trance stone (8.62833) : +0.751791 %, alt : +11.9734, from: aq40, emeriss; lethon; taerar; ysondre
    blessed qiraji augur staff (8.75023) : +0.803877 %, alt : +8.14595, from: aq40
    gavel of infinite wisdom and lei of the lifegiver (8.69598) : +0.7807 %, alt : +8.05393, from: aq20, av rep
    gavel of infinite wisdom and sartura's might (8.68689) : +0.776814 %, alt : +7.97692, from: aq20, aq40
    lok'amir il romathis and lei of the lifegiver (8.47319) : +0.685506 %, alt : +7.79151, from: bwl, av rep
    lok'amir il romathis and sartura's might (8.38924) : +0.649634 %, alt : +7.7145, from: bwl, aq40
    gavel of infinite wisdom and brightly glowing stone (7.63191) : +0.326049 %, alt : +7.12729, from: aq20, pre-raid
    lok'amir il romathis and brightly glowing stone (7.39998) : +0.22695 %, alt : +6.86487, from: bwl, pre-raid
    gavel of infinite wisdom and arlokk's hoodoo stick (6.87016) : +0.000573732 %, alt : +6.65413, from: aq20, zg
- . - ' - . - ' - . - ' - . - ' - . - ' - . -
ranged, dragon's touch (1.31693), alt: 0.334549 -> :
    lunar wand of healing (1.90175) : +0.2581 %, alt : +1.11516, from: random green
    wandof qiraji nobility (1.84451) : +0.23284 %, alt : +1.0594, from: aq40
    antenna of invigoration (1.5179) : +0.0886955 %, alt : +0.759364, from: aq20
    bonecreeper stylus (1.40346) : +0.0381894 %, alt : +0.613339, from: pre-raid
- . - ' - . - ' - . - ' - . - ' - . - ' - . -
hands, handguards of transcendence (0.270248), alt: 2.17218 -> :
    atal'ai hands of healing (2.12312) : +0.82233 %, alt : +2.95518, from: sunken temple
    high councillor's gloves of healing (1.72258) : +0.644563 %, alt : +2.56487, from: random green
    dark storm gauntlets (0.38588) : +0.0513186 %, alt : +2.06305, from: aq40
    hands of the exalted herald (0.275467) : +0.00231604 %, alt : +2.01723, from: pre-raid
    gloves of dark wisdom (0.368027) : +0.0433953 %, alt : +2.00905, from: aq20
    gloves of the messiah (0.573746) : +0.134696 %, alt : +1.56474, from: aq40
    gloves of delusional power (0.627304) : +0.158466 %, alt : +1.56298, from: emeriss; lethon; taerar; ysondre
    hands of power (1.11676) : +0.375693 %, alt : +1.53832, from: pre-raid
    gloves of prophecy (0.144974) : -0.0555985 %, alt : +1.29418, from: mc
- . - ' - . - ' - . - ' - . - ' - . - ' - . -
waist, whipvine cord (1.01224), alt: 1.79752 -> :
    grasp of the old god (2.14751) : +0.502248 %, alt : +3.37025, from: aq40
    eyestalk waist cord (1.13893) : +0.0560498 %, alt : +2.64929, from: aq40
    firemaw's clutch (0.724457) : -0.127315 %, alt : +2.00905, from: bwl
    mana igniting cord (1.15215) : +0.0618958 %, alt : +1.75716, from: mc
    zandalar confessor's bindings (0.283997) : -0.322177 %, alt : +1.62692, from: zg
    belt of untapped power (1.09509) : +0.0366555 %, alt : +1.61698, from: zg
    belt of the dark bog (1.05402) : +0.018483 %, alt : +0.780613, from: lethon
- . - ' - . - ' - . - ' - . - ' - . - ' - . -
legs, empowered leggings (5.55807), alt: 5.01102 -> :
    pants of prophecy (2.56223) : -1.30159 %, alt : +6.96371 (s: 5.37266), from: mc
- . - ' - . - ' - . - ' - . - ' - . - ' - . -
feet, boots of transcendence (2.04974), alt: 2.20259 -> :
    boots of prophecy (3.7438) : +0.751317 %, alt : +6.59782 (s: 5.37266), from: mc
    boots of pure thought (6.2494) : +1.86255 %, alt : +3.63422, from: bwl
    treads of the wandering nomand (2.09663) : +0.0207958 %, alt : +2.2255, from: aq20
    betrayer's boots (2.27931) : +0.101814 %, alt : +1.84996, from: zg
    snowblind shoes (2.30914) : +0.115044 %, alt : +1.84177, from: azuregos
    boots of the full moon (2.0537) : +0.00175273 %, alt : +1.58262, from: pre-raid
- . - ' - . - ' - . - ' - . - ' - . - ' - . -
finger, pure elementium band (2.16521), alt: 3.10286 -> :
- . - ' - . - ' - . - ' - . - ' - . - ' - . -
finger 2, fordring's seal (1.46786), alt: 2.06305 -> :
    pure elementium band (2.2382) : +0.340017 %, alt : +3.10286, from: bwl
    ring of the martyr (2.08188) : +0.271017 %, alt : +2.90118, from: aq40
    cauterizing band (1.84593) : +0.166874 %, alt : +2.56487, from: mc
- . - ' - . - ' - . - ' - . - ' - . - ' - . -
trinket, hazza'rah's charm of healing (16.4804), alt: 8.83495 -> :
    hazza'rah's charm of healing (16.4804) : +0 %, alt : +8.83494, from: zg
    darkmoon card: blue dragon (0) : -7.25457 %, alt : +0.296046, from: 
- . - ' - . - ' - . - ' - . - ' - . - ' - . -
trinket 2, rejuvenating gem (2.47722), alt: 3.78355 -> :
    hazza'rah's charm of healing (0) : -1.09045 %, alt : +8.83494, from: zg
    darkmoon card: blue dragon (-0.678879) : -1.38929 %, alt : +0.296046, from: 
- - - - - - - - - - - - - - - - - - - - - - - - - - - - - - - - - - - - - - - - - 
| Upgrades at start level, from start item to candidate, partial bonuses: 1: |
  alt scores are from least squares fit, special score from e.g. set bonuses as s are part of em
. . . . . . . . . . . . . . . . . . . . . . . . . . . . . . . . . . . . . . . . . 
- . - ' - . - ' - . - ' - . - ' - . - ' - . -
head, zulian headdress (5.08008), alt: 3.27344 -> :
    crystal adorned crown (7.57863) : +1.14336 %, alt : +5.32173, from: azuregos
    don rigoberto's lost hat (6.84631) : +0.808246 %, alt : +3.69505, from: aq40
    eternal crown of healing (6.74724) : +0.762908 %, alt : +3.56852, from: random green
    halo of transcendence (4.20187) : -0.401875 %, alt : +3.00128, from: onyxia
- . - ' - . - ' - . - ' - . - ' - . - ' - . -
neck, jin'do's evil eye (3.5804), alt: 2.54196 -> :
    amulet of the fallen god (5.54831) : +0.900535 %, alt : +3.24723, from: aq40
    amulet of the shifting sands (3.6552) : +0.0342285 %, alt : +2.63389, from: aq20
    the all-seeing eye of zuldazar (2.14172) : -0.658351 %, alt : +1.19563, from: zg
- . - ' - . - ' - . - ' - . - ' - . - ' - . -
shoulders, zandalar confessor's mantle (3.69009), alt: 2.73064 -> :
    ternary mantle (3.16145) : -0.241911 %, alt : +2.74871, from: aq40
    zandalar confessor's mantle (3.69009) : +0 %, alt : +2.73063, from: zg
    mantle of prophecy (4.75723) : +0.488333 %, alt : +2.58567 (s: 1.79089), from: mc
    pauldrons of transcendence (2.5685) : -0.513254 %, alt : +1.64169, from: bwl
- . - ' - . - ' - . - ' - . - ' - . - ' - . -
back, hide of the wild (3.45958), alt: 2.34184 -> :
    cloak of clarity (2.90855) : -0.252155 %, alt : +2.42572, from: aq40
- . - ' - . - ' - . - ' - . - ' - . - ' - . -
chest, truefaith vestments (5.79517), alt: 4.13936 -> :
    robes of transcendence (4.4408) : -0.619773 %, alt : +3.4145, from: bwl
- . - ' - . - ' - . - ' - . - ' - . - ' - . -
wrists, bindings of transcendence (0.354248), alt: 2.07631 -> :
    vambraces of prophecy (1.45355) : +0.503052 %, alt : +3.44505 (s: 1.79089), from: mc
    bracelets of royal redemption (2.72047) : +1.08281 %, alt : +3.08809, from: aq40
    bindings of transcendence (0.354248) : +0 %, alt : +2.0763, from: bwl
    flameweave cuffs of healing (0.515106) : +0.0736102 %, alt : +1.84002, from: brd
    zandalar confessor's wraps (-0.700272) : -0.482558 %, alt : +1.51541, from: zg
- . - ' - . - ' - . - ' - . - ' - . - ' - . -
two-hand, benediction (11.3733), alt: 6.814 -> :
    scepter of the false prophet and lei of the lifegiver (17.5511) : +2.82705 %, alt : +13.451, from: aq40, av rep
    scepter of the false prophet and sartura's might (17.4617) : +2.78612 %, alt : +13.374, from: aq40, aq40
    scepter of the false prophet and brightly glowing stone (15.9749) : +2.10573 %, alt : +12.5243, from: aq40, pre-raid
    scepter of the false prophet and arlokk's hoodoo stick (15.984) : +2.10992 %, alt : +12.0512, from: aq40, zg
    scepter of the false prophet and talon of furious concentration (15.9591) : +2.09852 %, alt : +11.9954, from: aq40, aq20
    scepter of the false prophet and trance stone (15.9452) : +2.09214 %, alt : +11.9734, from: aq40, emeriss; lethon; taerar; ysondre
    blessed qiraji augur staff (13.5081) : +0.976903 %, alt : +8.14595, from: aq40
    gavel of infinite wisdom and lei of the lifegiver (13.9529) : +1.18047 %, alt : +8.05393, from: aq20, av rep
    gavel of infinite wisdom and sartura's might (13.8643) : +1.13993 %, alt : +7.97692, from: aq20, aq40
    lok'amir il romathis and lei of the lifegiver (13.7815) : +1.10202 %, alt : +7.79151, from: bwl, av rep
    lok'amir il romathis and sartura's might (13.6895) : +1.05991 %, alt : +7.7145, from: bwl, aq40
    gavel of infinite wisdom and brightly glowing stone (13.2467) : +0.857271 %, alt : +7.12729, from: aq20, pre-raid
    lok'amir il romathis and brightly glowing stone (12.917) : +0.706405 %, alt : +6.86487, from: bwl, pre-raid
- . - ' - . - ' - . - ' - . - ' - . - ' - . -
ranged, dragon's touch (0.916351), alt: 0.334549 -> :
    lunar wand of healing (2.89462) : +0.905276 %, alt : +1.11516, from: random green
    wandof qiraji nobility (2.83536) : +0.878156 %, alt : +1.0594, from: aq40
    antenna of invigoration (2.49232) : +0.721181 %, alt : +0.759364, from: aq20
    bonecreeper stylus (1.18359) : +0.122293 %, alt : +0.613339, from: pre-raid
- . - ' - . - ' - . - ' - . - ' - . - ' - . -
hands, handguards of transcendence (0.256409), alt: 2.17218 -> :
    gloves of prophecy (0.963837) : +0.323726 %, alt : +3.23035 (s: 1.79089), from: mc
    atal'ai hands of healing (3.20811) : +1.35073 %, alt : +2.95518, from: sunken temple
    high councillor's gloves of healing (2.79584) : +1.16207 %, alt : +2.56487, from: random green
    handguards of transcendence (0.256409) : +0 %, alt : +2.17218, from: bwl
    dark storm gauntlets (1.12695) : +0.398369 %, alt : +2.06305, from: aq40
    gloves of dark wisdom (0.371765) : +0.0527882 %, alt : +2.00905, from: aq20
- . - ' - . - ' - . - ' - . - ' - . - ' - . -
waist, whipvine cord (0.924347), alt: 1.79752 -> :
    grasp of the old god (3.09242) : +0.992132 %, alt : +3.37025, from: aq40
    eyestalk waist cord (2.9604) : +0.931719 %, alt : +2.64929, from: aq40
    firemaw's clutch (1.181) : +0.117447 %, alt : +2.00905, from: bwl
    zandalar confessor's bindings (0.237198) : -0.314446 %, alt : +1.62692, from: zg
    belt of transcendence (0.261398) : -0.303372 %, alt : +1.58262, from: bwl
- . - ' - . - ' - . - ' - . - ' - . - ' - . -
legs, empowered leggings (6.30396), alt: 5.01102 -> :
    leggings of transcendence (5.27544) : -0.47066 %, alt : +2.95552, from: mc
- . - ' - . - ' - . - ' - . - ' - . - ' - . -
feet, boots of transcendence (0.288101), alt: 2.20259 -> :
    boots of pure thought (2.97742) : +1.23066 %, alt : +3.63422, from: bwl
    boots of prophecy (0.953644) : +0.304559 %, alt : +3.16133 (s: 1.79089), from: mc
    treads of the wandering nomand (0.412292) : +0.0568311 %, alt : +2.2255, from: aq20
    boots of transcendence (0.288101) : +0 %, alt : +2.20259, from: bwl
    boots of epiphany (0.45105) : +0.0745668 %, alt : +1.89578, from: aq40
- . - ' - . - ' - . - ' - . - ' - . - ' - . -
finger, pure elementium band (4.94724), alt: 3.10286 -> :
- . - ' - . - ' - . - ' - . - ' - . - ' - . -
finger 2, fordring's seal (1.00101), alt: 2.06305 -> :
    pure elementium band (3.16586) : +0.990659 %, alt : +3.10286, from: bwl
    ring of the martyr (3.00778) : +0.918319 %, alt : +2.90118, from: aq40
    primalist's seal (2.72897) : +0.790734 %, alt : +2.65514, from: zg
    cauterizing band (2.75899) : +0.804469 %, alt : +2.56487, from: mc
- . - ' - . - ' - . - ' - . - ' - . - ' - . -
trinket, hazza'rah's charm of healing (15.7888), alt: 8.83495 -> :
    hazza'rah's charm of healing (15.7888) : +0 %, alt : +8.83494, from: zg
    darkmoon card: blue dragon (0) : -7.22509 %, alt : +0.296046, from: 
- . - ' - . - ' - . - ' - . - ' - . - ' - . -
trinket 2, rejuvenating gem (5.51765), alt: 3.78355 -> :
    hazza'rah's charm of healing (0) : -2.52493 %, alt : +8.83494, from: zg
    darkmoon card: blue dragon (0) : -2.52493 %, alt : +0.296046, from: 
- - - - - - - - - - - - - - - - - - - - - - - - - - - - - - - - - - - - - - - - - 
| Upgrades at start level, from start item to candidate, partial bonuses: 0: |
  alt scores are from least squares fit, special score from e.g. set bonuses as s are part of em
. . . . . . . . . . . . . . . . . . . . . . . . . . . . . . . . . . . . . . . . . 
- . - ' - . - ' - . - ' - . - ' - . - ' - . -
head, zulian headdress (4.40796), alt: 3.27345 -> :
    crystal adorned crown (8.22229) : +1.75508 %, alt : +5.32173, from: azuregos
    don rigoberto's lost hat (5.05133) : +0.296032 %, alt : +3.69505, from: aq40
    eternal crown of healing (4.95421) : +0.251344 %, alt : +3.56852, from: random green
    halo of transcendence (4.55634) : +0.068272 %, alt : +3.00128, from: onyxia
    dustwind turban (4.66463) : +0.1181 %, alt : +2.31323, from: aq20
    tiara of the oracle (4.6906) : +0.13005 %, alt : +1.87803, from: aq40
    crimson felt hat (4.6246) : +0.0996838 %, alt : +1.79089, from: pre-raid
- . - ' - . - ' - . - ' - . - ' - . - ' - . -
neck, jin'do's evil eye (3.89766), alt: 2.54196 -> :
    amulet of the fallen god (5.18317) : +0.591496 %, alt : +3.24723, from: aq40
    amulet of the shifting sands (3.97217) : +0.0342834 %, alt : +2.63389, from: aq20
    wavefront necklace (4.15076) : +0.116457 %, alt : +1.43022, from: silithus
    jeklik's opaline talisman (4.075) : +0.0815978 %, alt : +1.26119, from: zg
    the all-seeing eye of zuldazar (4.19997) : +0.1391 %, alt : +1.19563, from: zg
    choker of enlightenment (4.20821) : +0.142891 %, alt : +1.15132, from: mc
- . - ' - . - ' - . - ' - . - ' - . - ' - . -
shoulders, zandalar confessor's mantle (4.00435), alt: 2.73064 -> :
    ternary mantle (3.91626) : -0.0405321 %, alt : +2.74871, from: aq40
    zandalar confessor's mantle (4.00435) : +0 %, alt : +2.73063, from: zg
    pauldrons of transcendence (4.26772) : +0.121182 %, alt : +1.64169, from: bwl
    mantle of maz'nadir (4.27357) : +0.123878 %, alt : +1.27429, from: aq20
    mantle of the oracle (4.23335) : +0.105371 %, alt : +1.26781, from: aq40
    burial shawl (4.21687) : +0.0977882 %, alt : +1.11516, from: pre-raid
- . - ' - . - ' - . - ' - . - ' - . - ' - . -
back, hide of the wild (3.7802), alt: 2.34184 -> :
    cloak of clarity (3.66902) : -0.0511548 %, alt : +2.42572, from: aq40
    shroud of infinite wisdom (3.99423) : +0.0984832 %, alt : +1.50064, from: aq20
    cloak of the cosmos (3.88127) : +0.046507 %, alt : +1.44971, from: pre-raid
    cloak of consumption (4.03943) : +0.119279 %, alt : +1.28244, from: zg
    cloak of the hakkari worshipers (4.02295) : +0.111697 %, alt : +1.28244, from: zg
- . - ' - . - ' - . - ' - . - ' - . - ' - . -
chest, truefaith vestments (5.62097), alt: 4.13936 -> :
    robes of the exalted (5.63708) : +0.00741415 %, alt : +3.954, from: pre-raid
    robes of transcendence (5.4097) : -0.0972124 %, alt : +3.4145, from: bwl
- . - ' - . - ' - . - ' - . - ' - . - ' - . -
wrists, bindings of transcendence (1.78491), alt: 2.07631 -> :
    bracelets of royal redemption (5.32581) : +1.62926 %, alt : +3.08809, from: aq40
    bindings of transcendence (1.78491) : +0 %, alt : +2.0763, from: bwl
    flameweave cuffs of healing (2.38239) : +0.274913 %, alt : +1.84002, from: brd
    burrower bracers (2.42963) : +0.29665 %, alt : +1.56123, from: aq40
    zandalar confessor's wraps (2.40331) : +0.284539 %, alt : +1.51541, from: zg
    vambraces of prophecy (2.41571) : +0.290247 %, alt : +1.50888, from: mc
    black bark wristbands (2.43517) : +0.299199 %, alt : +1.45302, from: lethon
    bracers of arcane accuracy (2.34694) : +0.258604 %, alt : +1.17092, from: bwl
    shackles of the unscarred (2.34694) : +0.258604 %, alt : +1.17092, from: aq20
- . - ' - . - ' - . - ' - . - ' - . - ' - . -
two-hand, benediction (10.3283), alt: 6.814 -> :
    scepter of the false prophet and lei of the lifegiver (16.3819) : +2.78545 %, alt : +13.451, from: aq40, av rep
    scepter of the false prophet and sartura's might (16.2924) : +2.74425 %, alt : +13.374, from: aq40, aq40
    scepter of the false prophet and brightly glowing stone (16.0915) : +2.65179 %, alt : +12.5243, from: aq40, pre-raid
    scepter of the false prophet and arlokk's hoodoo stick (16.1742) : +2.68985 %, alt : +12.0512, from: aq40, zg
    scepter of the false prophet and talon of furious concentration (16.1493) : +2.6784 %, alt : +11.9954, from: aq40, aq20
    scepter of the false prophet and trance stone (16.1352) : +2.67193 %, alt : +11.9734, from: aq40, emeriss; lethon; taerar; ysondre
    blessed qiraji augur staff (13.6965) : +1.5498 %, alt : +8.14595, from: aq40
    gavel of infinite wisdom and lei of the lifegiver (13.6598) : +1.53292 %, alt : +8.05393, from: aq20, av rep
    gavel of infinite wisdom and sartura's might (13.5678) : +1.49059 %, alt : +7.97692, from: aq20, aq40
    lok'amir il romathis and lei of the lifegiver (13.3365) : +1.38416 %, alt : +7.79151, from: bwl, av rep
    lok'amir il romathis and sartura's might (13.2418) : +1.3406 %, alt : +7.7145, from: bwl, aq40
    gavel of infinite wisdom and brightly glowing stone (11.0372) : +0.326202 %, alt : +7.12729, from: aq20, pre-raid
    lok'amir il romathis and brightly glowing stone (10.7537) : +0.195738 %, alt : +6.86487, from: bwl, pre-raid
    gavel of infinite wisdom and arlokk's hoodoo stick (10.3625) : +0.015741 %, alt : +6.65413, from: aq20, zg
    gavel of infinite wisdom and talon of furious concentration (10.3356) : +0.00335603 %, alt : +6.59837, from: aq20, aq20
    gavel of infinite wisdom and trance stone (10.3312) : +0.00131994 %, alt : +6.57633, from: aq20, emeriss; lethon; taerar; ysondre
    lok'amir il romathis and arlokk's hoodoo stick (10.5467) : +0.100512 %, alt : +6.39171, from: bwl, zg
    lok'amir il romathis and talon of furious concentration (10.5227) : +0.0894683 %, alt : +6.33595, from: bwl, aq20
    lok'amir il romathis and trance stone (10.738) : +0.188506 %, alt : +6.31392, from: bwl, emeriss; lethon; taerar; ysondre
    jin'do's hexxer and lei of the lifegiver (10.3947) : +0.0305483 %, alt : +6.19656, from: zg, av rep
    staff of the shadow flame (10.5427) : +0.0986518 %, alt : +5.67592, from: bwl
    fang of the mystics and lei of the lifegiver (10.6195) : +0.134002 %, alt : +5.62923, from: azuregos, av rep
    fang of the mystics and sartura's might (10.5236) : +0.0898545 %, alt : +5.55222, from: azuregos, aq40
    stinger of ayamiss and lei of the lifegiver (10.5701) : +0.111268 %, alt : +5.36019, from: aq20, av rep
    stinger of ayamiss and sartura's might (10.6191) : +0.133806 %, alt : +5.28318, from: aq20, aq40
    jin'do's hexxer and brightly glowing stone (10.6633) : +0.154132 %, alt : +5.26992, from: zg, pre-raid
- . - ' - . - ' - . - ' - . - ' - . - ' - . -
ranged, dragon's touch (-0.110519), alt: 0.334549 -> :
    lunar wand of healing (1.18568) : +0.596418 %, alt : +1.11516, from: random green
    wandof qiraji nobility (1.12563) : +0.568783 %, alt : +1.0594, from: aq40
    antenna of invigoration (0.346405) : +0.210243 %, alt : +0.759364, from: aq20
    bonecreeper stylus (0.15509) : +0.122214 %, alt : +0.613339, from: pre-raid
    mar'li's touch (0.044693) : +0.0714174 %, alt : +0.0886072, from: zg
    essence gatherer (0.0283966) : +0.063919 %, alt : +0.057514, from: bwl
- . - ' - . - ' - . - ' - . - ' - . - ' - . -
hands, handguards of transcendence (1.81493), alt: 2.17218 -> :
    atal'ai hands of healing (5.27849) : +1.59368 %, alt : +2.95518, from: sunken temple
    high councillor's gloves of healing (3.18495) : +0.630385 %, alt : +2.56487, from: random green
    handguards of transcendence (1.81493) : +0 %, alt : +2.17218, from: bwl
    dark storm gauntlets (2.68076) : +0.398391 %, alt : +2.06305, from: aq40
    hands of the exalted herald (2.43282) : +0.284307 %, alt : +2.01723, from: pre-raid
    gloves of dark wisdom (2.58147) : +0.352706 %, alt : +2.00905, from: aq20
    gloves of the messiah (2.54626) : +0.336508 %, alt : +1.56474, from: aq40
    gloves of delusional power (2.60173) : +0.36203 %, alt : +1.56298, from: emeriss; lethon; taerar; ysondre
    hands of power (2.50104) : +0.315698 %, alt : +1.53832, from: pre-raid
    gloves of prophecy (2.17564) : +0.165976 %, alt : +1.29418, from: mc
    bloodtinged gloves (2.21567) : +0.184392 %, alt : +1.20708, from: zg
    dreamweave gloves (2.54753) : +0.337091 %, alt : +1.10702, from: pre-raid
- . - ' - . - ' - . - ' - . - ' - . - ' - . -
waist, whipvine cord (2.28542), alt: 1.79752 -> :
    grasp of the old god (5.69923) : +1.57079 %, alt : +3.37025, from: aq40
    eyestalk waist cord (3.63898) : +0.62281 %, alt : +2.64929, from: aq40
    firemaw's clutch (2.54025) : +0.117257 %, alt : +2.00905, from: bwl
    zandalar confessor's bindings (2.32986) : +0.0204521 %, alt : +1.62692, from: zg
    belt of transcendence (2.11029) : -0.0805798 %, alt : +1.58262, from: bwl
    belt of the inquisition (2.41345) : +0.058913 %, alt : +1.38421, from: aq20
    belt of the dark bog (2.54292) : +0.118486 %, alt : +0.780613, from: lethon
- . - ' - . - ' - . - ' - . - ' - . - ' - . -
legs, empowered leggings (4.94951), alt: 5.01102 -> :
    leggings of transcendence (2.49657) : -1.12866 %, alt : +2.95552, from: mc
- . - ' - . - ' - . - ' - . - ' - . - ' - . -
feet, boots of transcendence (1.91846), alt: 2.20259 -> :
    boots of pure thought (5.87056) : +1.81847 %, alt : +3.63422, from: bwl
    treads of the wandering nomand (2.69348) : +0.356609 %, alt : +2.2255, from: aq20
    boots of transcendence (1.91846) : +0 %, alt : +2.20259, from: bwl
    boots of epiphany (2.51744) : +0.275608 %, alt : +1.89578, from: aq40
    betrayer's boots (2.7655) : +0.389749 %, alt : +1.84996, from: zg
    snowblind shoes (2.41032) : +0.226321 %, alt : +1.84177, from: azuregos
    boots of the full moon (2.52443) : +0.278824 %, alt : +1.58262, from: pre-raid
    footwraps of the oracle (2.36298) : +0.204535 %, alt : +1.38264, from: aq40
    omnicast boots (2.39081) : +0.217341 %, alt : +1.22668, from: pre-raid
    boots of prophecy (2.82405) : +0.416688 %, alt : +1.22516, from: mc
- . - ' - . - ' - . - ' - . - ' - . - ' - . -
finger, pure elementium band (4.40518), alt: 3.10286 -> :
    cauterizing band (4.51295) : +0.0495892 %, alt : +2.56487, from: mc
    fordring's seal (4.48195) : +0.0353225 %, alt : +2.06305, from: pre-raid
    ring of spellpower (4.63768) : +0.106979 %, alt : +1.84002, from: mc
    primalist's seal (4.71974) : +0.144737 %, alt : +1.73513, from: zg
    rosewine circle (4.67029) : +0.121982 %, alt : +1.6745, from: pre-raid
- . - ' - . - ' - . - ' - . - ' - . - ' - . -
finger 2, fordring's seal (2.62415), alt: 2.06305 -> :
    pure elementium band (4.11038) : +0.683857 %, alt : +3.10286, from: bwl
    ring of the martyr (3.94911) : +0.609653 %, alt : +2.90118, from: aq40
    cauterizing band (3.2594) : +0.292297 %, alt : +2.56487, from: mc
    ring of spellpower (2.659) : +0.0160359 %, alt : +1.84002, from: mc
    primalist's seal (2.69255) : +0.031475 %, alt : +1.73513, from: zg
    rosewine circle (2.64351) : +0.00890962 %, alt : +1.6745, from: pre-raid
    band of forced concentration (2.74951) : +0.0576844 %, alt : +1.17092, from: bwl
    ring of blackrock (2.92337) : +0.137681 %, alt : +1.16293, from: bwl
    maiden's circle (2.8916) : +0.123064 %, alt : +1.09225, from: pre-raid
    eye of orgrimmar (2.8916) : +0.123064 %, alt : +1.06272, from: pre-raid
    ring of the devoured (2.8091) : +0.0851013 %, alt : +0.928394, from: aq40
    zanzil's seal (2.82935) : +0.0944181 %, alt : +0.613339, from: zg
- . - ' - . - ' - . - ' - . - ' - . - ' - . -
trinket, hazza'rah's charm of healing (13.2777), alt: 8.83495 -> :
    hazza'rah's charm of healing (13.2777) : +0 %, alt : +8.83494, from: zg
    darkmoon card: blue dragon (0) : -6.10943 %, alt : +0.296046, from: 
- . - ' - . - ' - . - ' - . - ' - . - ' - . -
trinket 2, rejuvenating gem (4.86089), alt: 3.78355 -> :
    hazza'rah's charm of healing (0) : -2.23662 %, alt : +8.83494, from: zg
    darkmoon card: blue dragon (0) : -2.23662 %, alt : +0.296046, from: 
------------------
Best value: 226.535
