Your call: ./css 4 ../items/phase5.csv ban_tmp_phase4.txt no-locks calamity_bwl_speed_phase4 -a ../confs/wcl_bwl_speed_log.csv -l calamity_speed.txt 
Found: -a, val: ../confs/wcl_bwl_speed_log.csv
./css 4 ../items/phase5.csv ban_tmp_phase4.txt no-locks calamity_bwl_speed_phase4 -l calamity_speed.txt 
Found key: buff_fraction, saw val: 1
Found key: healing_from_crit_fraction, saw val: 0.2
Found key: transc8_exists, saw val: 0
Found key: enchantments, saw val: 1
Found key: fort, saw val: 1
Found key: motw, saw val: 1
Found key: spirit, saw val: 1
Found key: ai, saw val: 1
Found key: flask, saw val: 1
Found key: holy_disc, saw val: 0
Found key: min_combat_length, saw val: 2
Found key: max_log_entry_diff_in_combat, saw val: 10
Found key: precast, saw val: 1
Found key: swap_cast, saw val: 1
Found key: time_step, saw val: 0.1
Found key: reaction_time, saw val: 0.1
Found key: skip_player, saw val: Paisti
Found key: use_deficit_time_sum, saw val: 0
Found key: wcl_log, saw val: 1
Found: -l, val: calamity_speed.txt
./css 4 ../items/phase5.csv ban_tmp_phase4.txt no-locks calamity_bwl_speed_phase4 
Will read log from: calamity_speed.txt
./css 4 ../items/phase5.csv ban_tmp_phase4.txt no-locks calamity_bwl_speed_phase4 
./css 4 ../items/phase5.csv ban_tmp_phase4.txt no-locks calamity_bwl_speed_phase4 
Shuffle seed: 2416673600
Reading banned from: ban_tmp_phase4.txt
Banning: aq20
Banning: aq40
Banning: naxx
Banning: neltharion's tear
Banning: lok'amir il romathis
Banning: choker of the fire lord
Reading WCL parsed log: calamity_speed.txt
Saw 17310 lines of log, with 17310 log lines
Sorting by timestamp...
Sorted.
Pruning log from: 17310 entries.
Combat from 0 to 11.727 s
Combat from 53.851 to 65.971 s
Combat from 68.41 to 138.07 s
Combat from 145.373 to 203.324 s
Combat from 208.571 to 251.913 s
Combat from 255.995 to 296.068 s
Combat from 302.55 to 316.977 s
Combat from 317.161 to 339.446 s
Combat from 354.446 to 369.365 s
Combat from 399.37 to 418.281 s
Combat from 447.918 to 663.055 s
Combat from 675.602 to 688.761 s
Combat from 702.73 to 727.824 s
Combat from 745.216 to 776.444 s
Combat from 799.962 to 895.539 s
Combat from 910.612 to 1059.05 s
Combat from 1095.1 to 1194.33 s
Combat from 1230.07 to 1359.98 s
Combat from 1370.94 to 1440.59 s
Pruned to: 17174 entries.
----------------------------------------------------------
---- Baseline results without simulated player input: ----
----------------------------------------------------------
oh_limit: 0.9
time_left_mul: 0.5
total_deficit_to_pop_trinkets: 10000
in combat total: 1135.7
Total time casting: 0, which is: 0% of time in combat.
Total hps: 0, raw hps: 0, oh: -nan
Deficit time sum: 2.64529e+10, baseline: 0
Deficit*time change / s: -2.32921e+07 hp
Number of combats: 19
Average mana at start of combat: 0
Average mana at end of combat: 0
Other players with hps > 100:
  Filon : 120.943 hps
  Jun : 163.549 hps
  Lio : 123.372 hps
  Mercado : 150.982 hps
  Mordfustang : 172.255 hps
  Morfar : 162.373 hps
  Nyz : 126.187 hps
  Razza : 138.217 hps
  Smuttan : 144.588 hps
  Thorminator : 153.687 hps
  Untamed : 122.988 hps
Skip player from: Paisti to: Mordfustang
Reading WCL parsed log: calamity_speed.txt
Saw 17310 lines of log, with 17310 log lines
Sorting by timestamp...
Sorted.
Pruning log from: 17310 entries.
Combat from 0 to 11.727 s
Combat from 53.851 to 65.971 s
Combat from 68.41 to 138.07 s
Combat from 145.373 to 203.324 s
Combat from 208.571 to 251.913 s
Combat from 255.995 to 296.068 s
Combat from 302.55 to 316.977 s
Combat from 317.161 to 339.446 s
Combat from 354.446 to 369.365 s
Combat from 399.37 to 418.281 s
Combat from 447.918 to 663.055 s
Combat from 675.602 to 688.761 s
Combat from 702.73 to 727.824 s
Combat from 745.216 to 776.444 s
Combat from 799.962 to 895.539 s
Combat from 910.612 to 1059.05 s
Combat from 1095.1 to 1194.33 s
Combat from 1230.07 to 1359.98 s
Combat from 1370.94 to 1440.59 s
Pruned to: 16817 entries.
Skipped player entries: 358
Baseline results again due to changed skipped player
oh_limit: 0.9
time_left_mul: 0.5
total_deficit_to_pop_trinkets: 10000
in combat total: 1135.7
Total time casting: 0, which is: 0% of time in combat.
Total hps: 0, raw hps: 0, oh: -nan
Deficit time sum: 3.6618e+10, baseline: 0
Deficit*time change / s: -3.22427e+07 hp
Number of combats: 19
Average mana at start of combat: 0
Average mana at end of combat: 0
Other players with hps > 100:
  Filon : 126.843 hps
  Jun : 177.933 hps
  Lio : 134.727 hps
  Mercado : 158.78 hps
  Morfar : 170.8 hps
  Nyz : 138.22 hps
  Razza : 148.451 hps
  Smuttan : 153.744 hps
  Thorminator : 168.777 hps
  Untamed : 130.864 hps
Reading tmp locked from: start_with.txt
Locking: anastari heirloom
Locking: anathema
Locking: animated chain necklace
Locking: argent crusader
Locking: atal'ai gloves of the owl
Locking: ban'thok sash
Locking: banshee finger
Locking: benediction
Locking: blood of the martyr
Locking: briarwood reed
Locking: burial shawl
Locking: clutch of andros
Locking: crimson felt hat
Locking: cyclopean band
Locking: devout belt
Locking: devout bracers
Locking: devout crown
Locking: devout mantle
Locking: devout robe
Locking: devout sandals
Locking: devout skirt
Locking: dragon finger of healing
Locking: dragon finger of intellect
Locking: dragonrider boots
Locking: dragonslayer's signet
Locking: drakefire amulet
Locking: dreadmist mantle
Locking: dreamweave circlet
Locking: dreamweave gloves
Locking: dreamweave vest
Locking: elder magus pendant
Locking: eye of the beast
Locking: fordring's seal
Locking: girdle of prophecy
Locking: gloves of prophecy
Locking: grimgore noose
Locking: halo of transcendence
Locking: heart of the fiend
Locking: hide of the wild
Locking: kentic amice
Locking: magister's robes
Locking: maleki's footwraps
Locking: mindtap talisman
Locking: nature's breath
Locking: necropile boots
Locking: necropile cuffs
Locking: necropile leggings
Locking: necropile mantle
Locking: necropile robe
Locking: noxious shooter
Locking: omnicast boots
Locking: orb of the forgotten seer
Locking: padre's trousers
Locking: penelope's rose
Locking: quel'dorai channeling rod
Locking: raincaster drape
Locking: rainstrider leggings
Locking: ring of demonic guile
Locking: ring of demonic guile
Locking: robes of prophecy
Locking: robes of the exalted
Locking: robes of the royal crown
Locking: rod of corrosion
Locking: rosewine circle
Locking: royal seal of eldre'thalas
Locking: royal tribunal cloak
Locking: sarah's guide
Locking: seal of rivendare
Locking: seal of rivendare
Locking: shadowy laced handwraps
Locking: silkweb gloves
Locking: soulstealer mantle
Locking: spellbound tome
Locking: spritecaster cape
Locking: star of mystaria
Locking: starfire tiara
Locking: stormrager
Locking: sublime wristguards
Locking: the hammer of grace
Locking: the postmaster's treads
Locking: thuzadin sash
Locking: triune amulet
Locking: vinerot sandals
Locking: whipvine cord
Locking: wolfshear leggings
Locking: boots of the full moon
Locking: mantle of prophecy
Locking: dragon's touch
Locking: bindings of transcendence
Locking: shimmering geta
Locking: empowered leggings
Locking: seal of the archmagus
Locking: circlet of prophecy
Locking: boots of prophecy
Locking: pauldrons of transcendence
Locking: primalist's seal
Locking: zandalar confessor's bindings
Locking: zulian headdress
Locking: mar'li's eye
Locking: shroud of pure thought
Locking: belt of transcendence
Locking: jin'do's evil eye
Locking: primalist's band
Locking: zandalarian hero charm
Locking: zandalar confessor's mantle
Locking: zandalar confessor's wraps 
Locking: pure elementium band
Locking: truefaith vestments
Locking: vambraces of prophecy
Locking: hazza'rah's charm of healing
Locking: handguards of transcendence
Locking: boots of transcendence
Locking: darkmoon card: blue dragon
Locking: rejuvenating gem
Optimizing start items...

*** NEW BEST (1): 176.769

*** NEW BEST (1): 179.259

*** NEW BEST (1): 183.145

*** NEW BEST (1): 188.144

*** NEW BEST (1): 189.601

*** NEW BEST (1): 195.477

*** NEW BEST (1): 197.812

*** NEW BEST (1): 199.521

*** NEW BEST (1): 201.239

*** NEW BEST (1): 204.81

*** NEW BEST (1): 205.141

*** NEW BEST (1): 206.317

*** NEW BEST (1): 209.466

*** NEW BEST (1): 214.57

*** NEW BEST (1): 217.197

*** NEW BEST (1): 219.928
******
*** NEW BEST (1): 219.967

*** NEW BEST (1): 220.205

*** NEW BEST (1): 220.521
**
*** NEW BEST (1): 220.64
***
*** NEW BEST (0): 192.552
Based on last: 3000 entries, out of total: 3345 entries, (742 dropped), The least-squares solution is:
Int: 20.6576
Spirit: 1.86551
Sp / Healing: 100
Mp5: 0.474267
Crit: 227.297
T1 3p/piece: 308.575
T2 3p/piece: 482.373
Hazza'rah's: 16264.3
Darkmoon: 0
100 points == 1 sp == 0.0457016 hps.
neck : animated chain necklace -> jin'do's evil eye => val: 192.552 -> 193.123

*** NEW BEST (0): 193.123
Based on last: 3000 entries, out of total: 3352 entries, (779 dropped), The least-squares solution is:
Int: 20.7862
Spirit: 1.9756
Sp / Healing: 100
Mp5: 0.075512
Crit: 226.643
T1 3p/piece: 300.997
T2 3p/piece: 467.984
Hazza'rah's: 16240.6
Darkmoon: 0
100 points == 1 sp == 0.0457661 hps.
trinket : eye of the beast -> hazza'rah's charm of healing => val: 193.123 -> 199.075

*** NEW BEST (0): 199.075
Based on last: 3000 entries, out of total: 3359 entries, (788 dropped), The least-squares solution is:
Int: 20.7351
Spirit: 1.94962
Sp / Healing: 100
Mp5: 0.0593977
Crit: 225.774
T1 3p/piece: 301.428
T2 3p/piece: 466.089
Hazza'rah's: 16011.4
Darkmoon: 0
100 points == 1 sp == 0.0457935 hps.
chest : dreamweave vest -> truefaith vestments => val: 199.075 -> 201.128

*** NEW BEST (0): 201.128
Based on last: 3000 entries, out of total: 3366 entries, (801 dropped), The least-squares solution is:
Int: 20.7261
Spirit: 1.91878
Sp / Healing: 100
Mp5: 0
Crit: 223.664
T1 3p/piece: 303.093
T2 3p/piece: 465.795
Hazza'rah's: 15999
Darkmoon: 0
100 points == 1 sp == 0.0458237 hps.
legs : devout skirt -> empowered leggings => val: 201.128 -> 205.427

*** NEW BEST (0): 205.427
Based on last: 3000 entries, out of total: 3375 entries, (812 dropped), The least-squares solution is:
Int: 20.571
Spirit: 2.60983
Sp / Healing: 100
Mp5: 0
Crit: 223.194
T1 3p/piece: 293.485
T2 3p/piece: 449.934
Hazza'rah's: 15985.8
Darkmoon: 0
100 points == 1 sp == 0.045863 hps.
finger : cyclopean band -> pure elementium band => val: 205.427 -> 207.282

*** NEW BEST (0): 207.282
Based on last: 3000 entries, out of total: 3387 entries, (830 dropped), The least-squares solution is:
Int: 21.0501
Spirit: 1.99219
Sp / Healing: 100
Mp5: 0
Crit: 217.701
T1 3p/piece: 290.545
T2 3p/piece: 440.546
Hazza'rah's: 15944.7
Darkmoon: 0
100 points == 1 sp == 0.0459689 hps.
shoulders : soulstealer mantle -> zandalar confessor's mantle => val: 207.282 -> 211.113

*** NEW BEST (0): 211.113
Based on last: 3000 entries, out of total: 3392 entries, (866 dropped), The least-squares solution is:
Int: 21.1808
Spirit: 1.84724
Sp / Healing: 100
Mp5: 0.0909126
Crit: 216.766
T1 3p/piece: 289.965
T2 3p/piece: 442.075
Hazza'rah's: 15947.3
Darkmoon: 0
100 points == 1 sp == 0.0459603 hps.
wrists : devout bracers -> bindings of transcendence => val: 211.113 -> 213.088

*** NEW BEST (0): 213.088
Based on last: 3000 entries, out of total: 3400 entries, (877 dropped), The least-squares solution is:
Int: 21.0131
Spirit: 2.00808
Sp / Healing: 100
Mp5: 1.05337
Crit: 226.104
T1 3p/piece: 280.251
T2 3p/piece: 440.872
Hazza'rah's: 15918
Darkmoon: 0
100 points == 1 sp == 0.046028 hps.
ranged : dragon finger of intellect -> dragon's touch => val: 213.088 -> 214.016

*** NEW BEST (0): 214.016
Based on last: 3000 entries, out of total: 3400 entries, (894 dropped), The least-squares solution is:
Int: 21.0131
Spirit: 2.00808
Sp / Healing: 100
Mp5: 1.05337
Crit: 226.104
T1 3p/piece: 280.251
T2 3p/piece: 440.872
Hazza'rah's: 15918
Darkmoon: 0
100 points == 1 sp == 0.046028 hps.
trinket 2 : briarwood reed -> rejuvenating gem => val: 212.942 -> 213.889
feet : boots of the full moon -> boots of transcendence => val: 213.889 -> 214.436

*** NEW BEST (0): 214.436
Based on last: 3000 entries, out of total: 3403 entries, (957 dropped), The least-squares solution is:
Int: 21.0904
Spirit: 1.9093
Sp / Healing: 100
Mp5: 0.186218
Crit: 227.457
T1 3p/piece: 281.887
T2 3p/piece: 442.204
Hazza'rah's: 15927.2
Darkmoon: 0
100 points == 1 sp == 0.0460056 hps.
head : crimson felt hat -> zulian headdress => val: 214.436 -> 216.155

*** NEW BEST (0): 216.155
Based on last: 3000 entries, out of total: 3413 entries, (971 dropped), The least-squares solution is:
Int: 21.2211
Spirit: 1.69258
Sp / Healing: 100
Mp5: 0.74327
Crit: 224.092
T1 3p/piece: 281.172
T2 3p/piece: 436.872
Hazza'rah's: 15918.9
Darkmoon: 0
100 points == 1 sp == 0.0460317 hps.
*two-hand :   the hammer of grace orb of the forgotten seer -> benediction    => val: 214.796 -> 218.57

*** NEW BEST (0): 218.57
Based on last: 3000 entries, out of total: 3463 entries, (1132 dropped), The least-squares solution is:
Int: 21.4449
Spirit: 1.46906
Sp / Healing: 100
Mp5: 0.370381
Crit: 238.001
T1 3p/piece: 262.553
T2 3p/piece: 423.96
Hazza'rah's: 15545.6
Darkmoon: 0
100 points == 1 sp == 0.0462018 hps.
********
Read starting items and cleared locks.
 ----------------------------
 --- head --- 
name: zulian headdress
slot: head
intelligence: 15
stamina: 13
spirit: 14
sp_healing: 55
armor: 78
 ----------------------------
 --- neck --- 
name: jin'do's evil eye
slot: neck
intelligence: 11
stamina: 5
spirit: 6
sp_healing: 44
 ----------------------------
 --- shoulders --- 
name: zandalar confessor's mantle
slot: shoulders
intelligence: 24
stamina: 11
spirit: 15
sp_healing: 22
armor: 78
 ----------------------------
 --- back --- 
name: hide of the wild
slot: back
intelligence: 10
stamina: 8
sp_healing: 42
armor: 48
 ----------------------------
 --- chest --- 
name: truefaith vestments
slot: chest
stamina: 14
sp_healing: 73
mp5: 6
armor: 96
 ----------------------------
 --- wrists --- 
name: bindings of transcendence
slot: wrists
intelligence: 13
stamina: 9
spirit: 16
sp_healing: 33
armor: 51
 ----------------------------
 --- two-hand --- 
name: benediction
slot: two-hand
intelligence: 31
stamina: 10
spirit: 12
sp_healing: 106
spell_crit: 2
shadow_res: 20
 ----------------------------
 ---  --- 
name: 
slot: 
 ----------------------------
 ---  --- 
name: 
slot: 
 ----------------------------
 ---  --- 
name: 
slot: 
 ----------------------------
 --- ranged --- 
name: dragon's touch
slot: ranged
intelligence: 12
stamina: 7
sp: 6
 ----------------------------
 --- hands --- 
name: handguards of transcendence
slot: hands
intelligence: 20
stamina: 12
spirit: 13
sp_healing: 29
spell_crit: 1
armor: 72
 ----------------------------
 --- waist --- 
name: whipvine cord
slot: waist
intelligence: 8
sp_healing: 31
mp5: 6
armor: 47
 ----------------------------
 --- legs --- 
name: empowered leggings
slot: legs
intelligence: 12
stamina: 12
spirit: 24
sp_healing: 77
spell_crit: 1
armor: 103
 ----------------------------
 --- feet --- 
name: boots of transcendence
slot: feet
intelligence: 17
stamina: 17
spirit: 17
sp_healing: 35
fire_res: 10
armor: 80
 ----------------------------
 --- finger --- 
name: pure elementium band
slot: finger
intelligence: 10
stamina: 9
spirit: 10
sp_healing: 53
 ----------------------------
 --- finger --- 
name: fordring's seal
slot: finger
intelligence: 5
stamina: 4
sp_healing: 37
 ----------------------------
 --- trinket --- 
name: hazza'rah's charm of healing
slot: trinket
 ----------------------------
 --- trinket --- 
name: rejuvenating gem
slot: trinket
sp_healing: 66
mp5: 9
 ----------------------------
 --- Set bonuses ---
name: confessor's 2 hazza'rah's 1 transcendence 3 
slot: Set bonuses
sp: 23
 --- And counts for start items ---
oh_limit: 0.9
time_left_mul: 0.5
total_deficit_to_pop_trinkets: 10000
in combat total: 1135.7
Flash Heal 1, casts: 65, avg: 449.672, 11.7748%, cast time 8.58501% of in combat, overheal: 0.291372
Flash Heal 2, casts: 17, avg: 651.314, 4.46051%, cast time 2.24531% of in combat, overheal: 0.0975216
Flash Heal 3, casts: 10, avg: 677.041, 2.72747%, cast time 1.32077% of in combat, overheal: 0.155721
Flash Heal 4, casts: 24, avg: 764.565, 7.39215%, cast time 3.16985% of in combat, overheal: 0.13847
Flash Heal 5, casts: 11, avg: 975.191, 4.32143%, cast time 1.45285% of in combat, overheal: 0.0496234
Flash Heal 6, casts: 19, avg: 1103.41, 8.44572%, cast time 2.50947% of in combat, overheal: 0.0599673
Flash Heal 7, casts: 102, avg: 1263.86, 51.9331%, cast time 13.4719% of in combat, overheal: 0.0734139
Greater Heal 1 hazz, casts: 4, avg: 1096, 1.7661%, cast time 0.528309% of in combat, overheal: 0.405891
Greater Heal 2 hazz, casts: 3, avg: 1882.78, 2.27545%, cast time 0.396231% of in combat, overheal: 0.114546
Greater Heal 3 hazz, casts: 2, avg: 1750, 1.40998%, cast time 0.264154% of in combat, overheal: 0.286226
Greater Heal 4 hazz, casts: 4, avg: 2167.83, 3.49326%, cast time 0.528309% of in combat, overheal: 0.234837
Total time casting: 391.5, which is: 34.4721% of time in combat.
Total hps: 218.57, raw hps: 251.426, oh: 0.130679
Deficit time sum: 2.58047e+10, baseline: 3.6618e+10
Deficit*time change / s: 9.52124e+06 hp
Number of combats: 19
Average mana at start of combat: 10534.2
Average mana at end of combat: 9765.38
Other players with hps > 100:
  Filon : 114.263 hps
  Jun : 164.814 hps
  Lio : 125.488 hps
  Mercado : 150.163 hps
  Morfar : 151.391 hps
  Nyz : 122.423 hps
  Razza : 130.504 hps
  Smuttan : 140.332 hps
  Thorminator : 146.47 hps
  Untamed : 121.378 hps
Reading locked from: no-locks
Setting tag name to: calamity_bwl_speed_phase4
.
*** NEW BEST (1): 243.776
.
*** NEW BEST (1): 244.238
.Temporary bans and partial set bonuses off.
.legs : leggings of transcendence -> empowered leggings => val: 242.505 -> 247.326

*** NEW BEST (0): 247.326
neck : animated chain necklace -> jin'do's evil eye => val: 247.326 -> 247.717

*** NEW BEST (0): 247.717
two-hand :   jin'do's hexxer lei of the lifegiver -> benediction    => val: 246.09 -> 246.561
***** INTERMEDIATE RESULTS *****
Iteration: 4
 ----------------------------
 --- head --- 
name: crystal adorned crown
slot: head
intelligence: 14
spirit: 13
sp_healing: 92
armor: 85
 ----------------------------
 --- neck --- 
name: jin'do's evil eye
slot: neck
intelligence: 11
stamina: 5
spirit: 6
sp_healing: 44
 ----------------------------
 --- shoulders --- 
name: pauldrons of transcendence
slot: shoulders
intelligence: 25
stamina: 12
spirit: 13
sp_healing: 26
fire_res: 10
armor: 87
 ----------------------------
 --- back --- 
name: hide of the wild
slot: back
intelligence: 10
stamina: 8
sp_healing: 42
armor: 48
 ----------------------------
 --- chest --- 
name: truefaith vestments
slot: chest
stamina: 14
sp_healing: 73
mp5: 6
armor: 96
 ----------------------------
 --- wrists --- 
name: zandalar confessor's wraps
slot: wrists
intelligence: 11
stamina: 10
spirit: 12
sp_healing: 24
armor: 41
 ----------------------------
 ---  --- 
name: 
slot: 
 ----------------------------
 --- main hand --- 
name: jin'do's hexxer
slot: main hand
intelligence: 9
stamina: 6
sp_healing: 51
spell_crit: 1
 ----------------------------
 ---  --- 
name: 
slot: 
 ----------------------------
 --- off hand --- 
name: lei of the lifegiver
slot: off hand
sp_healing: 53
mp5: 3
 ----------------------------
 --- ranged --- 
name: lunar wand of healing
slot: ranged
sp_healing: 20
 ----------------------------
 --- hands --- 
name: atal'ai hands of healing
slot: hands
sp: 9
sp_healing: 44
armor: 47
 ----------------------------
 --- waist --- 
name: belt of transcendence
slot: waist
intelligence: 26
stamina: 14
spirit: 9
sp_healing: 26
shadow_res: 10
armor: 65
 ----------------------------
 --- legs --- 
name: empowered leggings
slot: legs
intelligence: 12
stamina: 12
spirit: 24
sp_healing: 77
spell_crit: 1
armor: 103
 ----------------------------
 --- feet --- 
name: boots of pure thought
slot: feet
intelligence: 12
stamina: 8
spirit: 12
sp_healing: 62
armor: 74
 ----------------------------
 --- finger --- 
name: pure elementium band
slot: finger
intelligence: 10
stamina: 9
spirit: 10
sp_healing: 53
 ----------------------------
 --- finger --- 
name: cauterizing band
slot: finger
intelligence: 12
stamina: 9
sp_healing: 46
 ----------------------------
 --- trinket --- 
name: hazza'rah's charm of healing
slot: trinket
 ----------------------------
 --- trinket --- 
name: rejuvenating gem
slot: trinket
sp_healing: 66
mp5: 9
 ----------------------------
 --- Set bonuses ---
name: confessor's 2 hazza'rah's 1 
slot: Set bonuses
sp: 23
------------------
Best value: 247.717
------------------
Char stats: 
Effective hp: 8388.6
Effective mana (100 s, 33 % out of fsr): 15663.7
Raw max mana: 9958.99
Int: 386.63
Stam: 383.18
Spirit: 407.33
Strength: 79.58
Agility: 84.18
All stats multiplier (taken into account above): 1.15
Bonus mana: 2000
Bonus hp: 0
Mp5: 168
Sp: 32
Sp shadow: 0
Sp healing: 959
Spell crit: 20
Spell hit: 0
Arcane res: 27
Nature res: 27
Fire res: 37
Frost res: 27
Shadow res: 37
Armor: 2844.75
Defense: 300
Dodge: 0
Parry: 0
HpsPvp: 986.226
ShadowDps: 227.34
Value pvp healing: 1918.46
Value pvp shadow: 101.942
Effective hp-pvp: 10491.8
Effecctive mana for 100 s, 0.33 fsr: 17349.6
------------------
Best counts:
oh_limit: 0.7
time_left_mul: 2.7
total_deficit_to_pop_trinkets: 7737.81
in combat total: 1135.7
Flash Heal 1, casts: 19, avg: 483.138, 3.26561%, cast time 2.50947% of in combat, overheal: 0.285625
Flash Heal 2, casts: 3, avg: 428.333, 0.457134%, cast time 0.396231% of in combat, overheal: 0.438625
Flash Heal 3, casts: 4, avg: 842.836, 1.19934%, cast time 0.528309% of in combat, overheal: 0
Flash Heal 4, casts: 4, avg: 773.712, 1.10098%, cast time 0.528309% of in combat, overheal: 0.166213
Flash Heal 5, casts: 6, avg: 965.942, 2.06178%, cast time 0.792463% of in combat, overheal: 0.0938039
Flash Heal 6, casts: 5, avg: 1012.54, 1.80103%, cast time 0.660386% of in combat, overheal: 0.16519
Flash Heal 7, casts: 31, avg: 1371.66, 15.1268%, cast time 4.09439% of in combat, overheal: 0.0217516
Greater Heal 1, casts: 6, avg: 1761.61, 3.76012%, cast time 1.32077% of in combat, overheal: 0.0848251
Greater Heal 1 hazz, casts: 12, avg: 1502.28, 6.41316%, cast time 1.58493% of in combat, overheal: 0.219551
Greater Heal 2 hazz, casts: 1, avg: 2205.07, 0.784445%, cast time 0.132077% of in combat, overheal: 0
Greater Heal 3 hazz, casts: 2, avg: 2528.88, 1.79928%, cast time 0.264154% of in combat, overheal: 0
Greater Heal 4, casts: 21, avg: 2337.72, 17.4644%, cast time 4.6227% of in combat, overheal: 0.196217
Greater Heal 4 hazz, casts: 5, avg: 1923.88, 3.42207%, cast time 0.660386% of in combat, overheal: 0.338509
Heal 2, casts: 93, avg: 958.97, 31.727%, cast time 20.472% of in combat, overheal: 0.315706
Heal 4, casts: 15, avg: 1802.2, 9.61689%, cast time 3.30193% of in combat, overheal: 0.128993
Total time casting: 475.5, which is: 41.8684% of time in combat.
Total hps: 247.512, raw hps: 314.383, oh: 0.212707
Deficit time sum: 2.57144e+10, baseline: 3.6618e+10
Deficit*time change / s: 9.60081e+06 hp
Number of combats: 19
Average mana at start of combat: 9832.24
Average mana at end of combat: 9001.49
Other players with hps > 100:
  Filon : 110.699 hps
  Jun : 162.456 hps
  Lio : 123.623 hps
  Mercado : 149.166 hps
  Morfar : 149.858 hps
  Nyz : 122.472 hps
  Razza : 129.095 hps
  Smuttan : 139.468 hps
  Thorminator : 139.63 hps
  Untamed : 115.381 hps
------------------
Upgrades: 
( following sorted by alt scores, no specials )
zulian headdress(2.69922) -> crystal adorned crown(4.3981) : 1.69888 = +0.691128%
boots of transcendence(1.79704) -> boots of pure thought(2.99155) : 1.1945 = +0.484945%
handguards of transcendence(1.6568) -> atal'ai hands of healing(2.4487) : 0.791901 = +0.320971%
bindings of transcendence(1.66432) -> zandalar confessor's wraps(2.28862) : 0.624298 = +0.252867%
dragon's touch(0.396103) -> lunar wand of healing(0.924042) : 0.527939 = +0.213754%
fordring's seal(1.759) -> cauterizing band(2.24417) : 0.485168 = +0.196403%
zandalar confessor's mantle(1.2644) -> pauldrons of transcendence(1.45776) : 0.193359 = +0.0781823%
jin'do's evil eye(2.14594) -> jin'do's evil eye(2.14594) : 0 = +0%
hide of the wild(2.03955) -> hide of the wild(2.03955) : 0 = +0%
truefaith vestments(3.37376) -> truefaith vestments(3.37376) : 0 = +0%
empowered leggings(3.80269) -> empowered leggings(3.80269) : 0 = +0%
pure elementium band(2.55457) -> pure elementium band(2.55457) : 0 = +0%
hazza'rah's charm of healing(8.24496) -> hazza'rah's charm of healing(8.24496) : 0 = +0%
rejuvenating gem(3.05086) -> rejuvenating gem(3.05086) : 0 = +0%
whipvine cord(1.51254) -> belt of transcendence(1.46497) : -0.0475769 = +-0.0192184%
benediction, , , (5.4326) -> , jin'do's hexxer, , lei of the lifegiver(5.00464) : -0.427963 = +-0.172608%
------------------
~~~~ end of intermediate results ~~~~
Temporary bans and partial set bonuses on.
.
*** NEW BEST (1): 248.022
.
*** NEW BEST (1): 248.305
.
*** NEW BEST (1): 248.402
Based on last: 3000 entries, out of total: 4151 entries, (5296 dropped), The least-squares solution is:
Int: 22.355
Spirit: 0
Sp / Healing: 100
Mp5: 0
Crit: 225.525
T1 3p/piece: 90.4559
T2 3p/piece: 432.595
Hazza'rah's: 14985.2
Darkmoon: 2203.93
100 points == 1 sp == 0.0482991 hps.
.Temporary bans and partial set bonuses off.
.two-hand :   jin'do's hexxer lei of the lifegiver -> benediction    => val: 246.337 -> 246.802
legs : leggings of transcendence -> empowered leggings => val: 246.802 -> 247.724

*** NEW BEST (0): 247.724
Based on last: 3000 entries, out of total: 4248 entries, (5633 dropped), The least-squares solution is:
Int: 22.2562
Spirit: 0
Sp / Healing: 100
Mp5: 0
Crit: 226.684
T1 3p/piece: 129.879
T2 3p/piece: 412.693
Hazza'rah's: 15024.2
Darkmoon: 2208.85
100 points == 1 sp == 0.0481915 hps.
***** INTERMEDIATE RESULTS *****
Iteration: 9
 ----------------------------
 --- head --- 
name: crystal adorned crown
slot: head
intelligence: 14
spirit: 13
sp_healing: 92
armor: 85
 ----------------------------
 --- neck --- 
name: jin'do's evil eye
slot: neck
intelligence: 11
stamina: 5
spirit: 6
sp_healing: 44
 ----------------------------
 --- shoulders --- 
name: mantle of the blackwing cabal
slot: shoulders
intelligence: 16
stamina: 12
sp: 34
armor: 84
 ----------------------------
 --- back --- 
name: hide of the wild
slot: back
intelligence: 10
stamina: 8
sp_healing: 42
armor: 48
 ----------------------------
 --- chest --- 
name: truefaith vestments
slot: chest
stamina: 14
sp_healing: 73
mp5: 6
armor: 96
 ----------------------------
 --- wrists --- 
name: bindings of transcendence
slot: wrists
intelligence: 13
stamina: 9
spirit: 16
sp_healing: 33
armor: 51
 ----------------------------
 --- two-hand --- 
name: benediction
slot: two-hand
intelligence: 31
stamina: 10
spirit: 12
sp_healing: 106
spell_crit: 2
shadow_res: 20
 ----------------------------
 ---  --- 
name: 
slot: 
 ----------------------------
 ---  --- 
name: 
slot: 
 ----------------------------
 ---  --- 
name: 
slot: 
 ----------------------------
 --- ranged --- 
name: lunar wand of healing
slot: ranged
sp_healing: 20
 ----------------------------
 --- hands --- 
name: atal'ai hands of healing
slot: hands
sp: 9
sp_healing: 44
armor: 47
 ----------------------------
 --- waist --- 
name: zandalar confessor's bindings
slot: waist
intelligence: 20
stamina: 12
spirit: 12
sp_healing: 26
armor: 53
 ----------------------------
 --- legs --- 
name: empowered leggings
slot: legs
intelligence: 12
stamina: 12
spirit: 24
sp_healing: 77
spell_crit: 1
armor: 103
 ----------------------------
 --- feet --- 
name: boots of pure thought
slot: feet
intelligence: 12
stamina: 8
spirit: 12
sp_healing: 62
armor: 74
 ----------------------------
 --- finger --- 
name: pure elementium band
slot: finger
intelligence: 10
stamina: 9
spirit: 10
sp_healing: 53
 ----------------------------
 --- finger --- 
name: cauterizing band
slot: finger
intelligence: 12
stamina: 9
sp_healing: 46
 ----------------------------
 --- trinket --- 
name: hazza'rah's charm of healing
slot: trinket
 ----------------------------
 --- trinket --- 
name: rejuvenating gem
slot: trinket
sp_healing: 66
mp5: 9
 ----------------------------
 --- Set bonuses ---
name: confessor's 2 hazza'rah's 1 
slot: Set bonuses
sp: 23
------------------
Best value: 247.724
------------------
Char stats: 
Effective hp: 8403.9
Effective mana (100 s, 33 % out of fsr): 15809.7
Raw max mana: 10129.8
Int: 396.98
Stam: 384.33
Spirit: 414.23
Strength: 79.58
Agility: 84.18
All stats multiplier (taken into account above): 1.15
Bonus mana: 2000
Bonus hp: 0
Mp5: 165
Sp: 66
Sp shadow: 0
Sp healing: 944
Spell crit: 21
Spell hit: 0
Arcane res: 27
Nature res: 27
Fire res: 27
Frost res: 27
Shadow res: 47
Armor: 2839.75
Defense: 300
Dodge: 0
Parry: 0
HpsPvp: 996.128
ShadowDps: 233.908
Value pvp healing: 1735.63
Value pvp shadow: 95.7009
Effective hp-pvp: 10518.4
Effecctive mana for 100 s, 0.33 fsr: 17521.2
------------------
Best counts:
oh_limit: 0.7
time_left_mul: 2.5
total_deficit_to_pop_trinkets: 7737.81
in combat total: 1135.7
Flash Heal 1, casts: 21, avg: 494.467, 3.68457%, cast time 2.77362% of in combat, overheal: 0.27963
Flash Heal 2, casts: 3, avg: 426.333, 0.453838%, cast time 0.396231% of in combat, overheal: 0.448681
Flash Heal 3, casts: 4, avg: 853.298, 1.21113%, cast time 0.528309% of in combat, overheal: 0
Flash Heal 4, casts: 7, avg: 848.856, 2.10844%, cast time 0.92454% of in combat, overheal: 0.0956131
Flash Heal 5, casts: 4, avg: 924.159, 1.31171%, cast time 0.528309% of in combat, overheal: 0.141817
Flash Heal 6, casts: 6, avg: 1053.44, 2.24281%, cast time 0.792463% of in combat, overheal: 0.13946
Flash Heal 7, casts: 33, avg: 1321.53, 15.4747%, cast time 4.35854% of in combat, overheal: 0.0652861
Greater Heal 1, casts: 5, avg: 1611.85, 2.85974%, cast time 1.10064% of in combat, overheal: 0.171823
Greater Heal 1 hazz, casts: 12, avg: 1512.97, 6.4423%, cast time 1.58493% of in combat, overheal: 0.222631
Greater Heal 2 hazz, casts: 3, avg: 2200.37, 2.34233%, cast time 0.396231% of in combat, overheal: 0.0119826
Greater Heal 3 hazz, casts: 1, avg: 2551.57, 0.905396%, cast time 0.132077% of in combat, overheal: 0
Greater Heal 4, casts: 21, avg: 2346.84, 17.4877%, cast time 4.6227% of in combat, overheal: 0.199558
Greater Heal 4 hazz, casts: 5, avg: 2144.57, 3.80488%, cast time 0.660386% of in combat, overheal: 0.268546
Heal 2, casts: 89, avg: 963.517, 30.4284%, cast time 19.5914% of in combat, overheal: 0.322284
Heal 4, casts: 14, avg: 1860.4, 9.24198%, cast time 3.0818% of in combat, overheal: 0.110223
Total time casting: 471, which is: 41.4722% of time in combat.
Total hps: 248.145, raw hps: 316.44, oh: 0.215822
Deficit time sum: 2.57068e+10, baseline: 3.6618e+10
Deficit*time change / s: 9.60749e+06 hp
Number of combats: 19
Average mana at start of combat: 9999.56
Average mana at end of combat: 9137.62
Other players with hps > 100:
  Filon : 111.625 hps
  Jun : 161.556 hps
  Lio : 123.977 hps
  Mercado : 147.405 hps
  Morfar : 150.026 hps
  Nyz : 122.378 hps
  Razza : 129.276 hps
  Smuttan : 139.385 hps
  Thorminator : 140.385 hps
  Untamed : 115.156 hps
------------------
Upgrades: 
( following sorted by alt scores, no specials )
zulian headdress(2.81142) -> crystal adorned crown(4.58377) : 1.77235 = +0.719378%
boots of transcendence(1.86903) -> boots of pure thought(3.11658) : 1.24754 = +0.505287%
whipvine cord(1.57974) -> zandalar confessor's bindings(2.5759) : 0.996155 = +0.403058%
handguards of transcendence(1.72131) -> atal'ai hands of healing(2.55415) : 0.83284 = +0.336756%
dragon's touch(0.417862) -> lunar wand of healing(0.963837) : 0.545975 = +0.220507%
fordring's seal(1.83672) -> cauterizing band(2.34552) : 0.508804 = +0.205464%
zandalar confessor's mantle(1.31763) -> mantle of the blackwing cabal(1.81012) : 0.492493 = +0.198864%
jin'do's evil eye(2.2384) -> jin'do's evil eye(2.2384) : 0 = +0%
hide of the wild(2.1313) -> hide of the wild(2.1313) : 0 = +0%
truefaith vestments(3.51797) -> truefaith vestments(3.51797) : 0 = +0%
bindings of transcendence(1.72975) -> bindings of transcendence(1.72975) : 0 = +0%
benediction, , , (5.65927) -> benediction, , , (5.65927) : 0 = +0%
empowered leggings(3.9487) -> empowered leggings(3.9487) : 0 = +0%
pure elementium band(2.66141) -> pure elementium band(2.66141) : 0 = +0%
hazza'rah's charm of healing(8.34879) -> hazza'rah's charm of healing(8.34879) : 0 = +0%
rejuvenating gem(3.18063) -> rejuvenating gem(3.18063) : 0 = +0%
------------------
~~~~ end of intermediate results ~~~~
Temporary bans and partial set bonuses on.
....Temporary bans and partial set bonuses off.
.
*** NEW BEST (0): 248.145
Based on last: 3000 entries, out of total: 4486 entries, (6270 dropped), The least-squares solution is:
Int: 22.2971
Spirit: 0
Sp / Healing: 100
Mp5: 0
Crit: 285.945
T1 3p/piece: 95.6988
T2 3p/piece: 388.343
Hazza'rah's: 14572.1
Darkmoon: 2163.41
100 points == 1 sp == 0.0492038 hps.
***** INTERMEDIATE RESULTS *****
Iteration: 14
 ----------------------------
 --- head --- 
name: crystal adorned crown
slot: head
intelligence: 14
spirit: 13
sp_healing: 92
armor: 85
 ----------------------------
 --- neck --- 
name: jin'do's evil eye
slot: neck
intelligence: 11
stamina: 5
spirit: 6
sp_healing: 44
 ----------------------------
 --- shoulders --- 
name: mantle of the blackwing cabal
slot: shoulders
intelligence: 16
stamina: 12
sp: 34
armor: 84
 ----------------------------
 --- back --- 
name: hide of the wild
slot: back
intelligence: 10
stamina: 8
sp_healing: 42
armor: 48
 ----------------------------
 --- chest --- 
name: truefaith vestments
slot: chest
stamina: 14
sp_healing: 73
mp5: 6
armor: 96
 ----------------------------
 --- wrists --- 
name: bindings of transcendence
slot: wrists
intelligence: 13
stamina: 9
spirit: 16
sp_healing: 33
armor: 51
 ----------------------------
 --- two-hand --- 
name: benediction
slot: two-hand
intelligence: 31
stamina: 10
spirit: 12
sp_healing: 106
spell_crit: 2
shadow_res: 20
 ----------------------------
 ---  --- 
name: 
slot: 
 ----------------------------
 ---  --- 
name: 
slot: 
 ----------------------------
 ---  --- 
name: 
slot: 
 ----------------------------
 --- ranged --- 
name: lunar wand of healing
slot: ranged
sp_healing: 20
 ----------------------------
 --- hands --- 
name: atal'ai hands of healing
slot: hands
sp: 9
sp_healing: 44
armor: 47
 ----------------------------
 --- waist --- 
name: zandalar confessor's bindings
slot: waist
intelligence: 20
stamina: 12
spirit: 12
sp_healing: 26
armor: 53
 ----------------------------
 --- legs --- 
name: empowered leggings
slot: legs
intelligence: 12
stamina: 12
spirit: 24
sp_healing: 77
spell_crit: 1
armor: 103
 ----------------------------
 --- feet --- 
name: boots of pure thought
slot: feet
intelligence: 12
stamina: 8
spirit: 12
sp_healing: 62
armor: 74
 ----------------------------
 --- finger --- 
name: pure elementium band
slot: finger
intelligence: 10
stamina: 9
spirit: 10
sp_healing: 53
 ----------------------------
 --- finger --- 
name: cauterizing band
slot: finger
intelligence: 12
stamina: 9
sp_healing: 46
 ----------------------------
 --- trinket --- 
name: hazza'rah's charm of healing
slot: trinket
 ----------------------------
 --- trinket --- 
name: rejuvenating gem
slot: trinket
sp_healing: 66
mp5: 9
 ----------------------------
 --- Set bonuses ---
name: confessor's 2 hazza'rah's 1 
slot: Set bonuses
sp: 23
------------------
Best value: 248.145
------------------
Char stats: 
Effective hp: 8403.9
Effective mana (100 s, 33 % out of fsr): 15809.7
Raw max mana: 10129.8
Int: 396.98
Stam: 384.33
Spirit: 414.23
Strength: 79.58
Agility: 84.18
All stats multiplier (taken into account above): 1.15
Bonus mana: 2000
Bonus hp: 0
Mp5: 165
Sp: 66
Sp shadow: 0
Sp healing: 944
Spell crit: 21
Spell hit: 0
Arcane res: 27
Nature res: 27
Fire res: 27
Frost res: 27
Shadow res: 47
Armor: 2839.75
Defense: 300
Dodge: 0
Parry: 0
HpsPvp: 996.128
ShadowDps: 233.908
Value pvp healing: 1735.63
Value pvp shadow: 95.7009
Effective hp-pvp: 10518.4
Effecctive mana for 100 s, 0.33 fsr: 17521.2
------------------
Best counts:
oh_limit: 0.7
time_left_mul: 2.5
total_deficit_to_pop_trinkets: 7737.81
in combat total: 1135.7
Flash Heal 1, casts: 21, avg: 494.467, 3.68457%, cast time 2.77362% of in combat, overheal: 0.27963
Flash Heal 2, casts: 3, avg: 426.333, 0.453838%, cast time 0.396231% of in combat, overheal: 0.448681
Flash Heal 3, casts: 4, avg: 853.298, 1.21113%, cast time 0.528309% of in combat, overheal: 0
Flash Heal 4, casts: 7, avg: 848.856, 2.10844%, cast time 0.92454% of in combat, overheal: 0.0956131
Flash Heal 5, casts: 4, avg: 924.159, 1.31171%, cast time 0.528309% of in combat, overheal: 0.141817
Flash Heal 6, casts: 6, avg: 1053.44, 2.24281%, cast time 0.792463% of in combat, overheal: 0.13946
Flash Heal 7, casts: 33, avg: 1321.53, 15.4747%, cast time 4.35854% of in combat, overheal: 0.0652861
Greater Heal 1, casts: 5, avg: 1611.85, 2.85974%, cast time 1.10064% of in combat, overheal: 0.171823
Greater Heal 1 hazz, casts: 12, avg: 1512.97, 6.4423%, cast time 1.58493% of in combat, overheal: 0.222631
Greater Heal 2 hazz, casts: 3, avg: 2200.37, 2.34233%, cast time 0.396231% of in combat, overheal: 0.0119826
Greater Heal 3 hazz, casts: 1, avg: 2551.57, 0.905396%, cast time 0.132077% of in combat, overheal: 0
Greater Heal 4, casts: 21, avg: 2346.84, 17.4877%, cast time 4.6227% of in combat, overheal: 0.199558
Greater Heal 4 hazz, casts: 5, avg: 2144.57, 3.80488%, cast time 0.660386% of in combat, overheal: 0.268546
Heal 2, casts: 89, avg: 963.517, 30.4284%, cast time 19.5914% of in combat, overheal: 0.322284
Heal 4, casts: 14, avg: 1860.4, 9.24198%, cast time 3.0818% of in combat, overheal: 0.110223
Total time casting: 471, which is: 41.4722% of time in combat.
Total hps: 248.145, raw hps: 316.44, oh: 0.215822
Deficit time sum: 2.57068e+10, baseline: 3.6618e+10
Deficit*time change / s: 9.60749e+06 hp
Number of combats: 19
Average mana at start of combat: 9999.56
Average mana at end of combat: 9137.62
Other players with hps > 100:
  Filon : 111.625 hps
  Jun : 161.556 hps
  Lio : 123.977 hps
  Mercado : 147.405 hps
  Morfar : 150.026 hps
  Nyz : 122.378 hps
  Razza : 129.276 hps
  Smuttan : 139.385 hps
  Thorminator : 140.385 hps
  Untamed : 115.156 hps
------------------
Upgrades: 
( following sorted by alt scores, no specials )
zulian headdress(2.87077) -> crystal adorned crown(4.68034) : 1.80957 = +0.734595%
boots of transcendence(1.90865) -> boots of pure thought(3.18228) : 1.27364 = +0.51591%
whipvine cord(1.61308) -> zandalar confessor's bindings(2.6304) : 1.01732 = +0.411657%
handguards of transcendence(1.78703) -> atal'ai hands of healing(2.6078) : 0.82077 = +0.33186%
dragon's touch(0.42688) -> lunar wand of healing(0.98407) : 0.55719 = +0.225047%
fordring's seal(1.8754) -> cauterizing band(2.39502) : 0.519623 = +0.209842%
zandalar confessor's mantle(1.34579) -> mantle of the blackwing cabal(1.84846) : 0.50267 = +0.202982%
jin'do's evil eye(2.28564) -> jin'do's evil eye(2.28564) : 0 = +0%
hide of the wild(2.17627) -> hide of the wild(2.17627) : 0 = +0%
truefaith vestments(3.59187) -> truefaith vestments(3.59187) : 0 = +0%
bindings of transcendence(1.76634) -> bindings of transcendence(1.76634) : 0 = +0%
benediction, , , (5.8371) -> benediction, , , (5.8371) : 0 = +0%
empowered leggings(4.06104) -> empowered leggings(4.06104) : 0 = +0%
pure elementium band(2.71751) -> pure elementium band(2.71751) : 0 = +0%
hazza'rah's charm of healing(8.3017) -> hazza'rah's charm of healing(8.3017) : 0 = +0%
rejuvenating gem(3.24745) -> rejuvenating gem(3.24745) : 0 = +0%
------------------
~~~~ end of intermediate results ~~~~
Same items for intermediate results again, ending optimization. 
 ----------------------------
 --- head --- 
name: crystal adorned crown
slot: head
intelligence: 14
spirit: 13
sp_healing: 92
armor: 85
 ----------------------------
 --- neck --- 
name: jin'do's evil eye
slot: neck
intelligence: 11
stamina: 5
spirit: 6
sp_healing: 44
 ----------------------------
 --- shoulders --- 
name: mantle of the blackwing cabal
slot: shoulders
intelligence: 16
stamina: 12
sp: 34
armor: 84
 ----------------------------
 --- back --- 
name: hide of the wild
slot: back
intelligence: 10
stamina: 8
sp_healing: 42
armor: 48
 ----------------------------
 --- chest --- 
name: truefaith vestments
slot: chest
stamina: 14
sp_healing: 73
mp5: 6
armor: 96
 ----------------------------
 --- wrists --- 
name: bindings of transcendence
slot: wrists
intelligence: 13
stamina: 9
spirit: 16
sp_healing: 33
armor: 51
 ----------------------------
 --- two-hand --- 
name: benediction
slot: two-hand
intelligence: 31
stamina: 10
spirit: 12
sp_healing: 106
spell_crit: 2
shadow_res: 20
 ----------------------------
 ---  --- 
name: 
slot: 
 ----------------------------
 ---  --- 
name: 
slot: 
 ----------------------------
 ---  --- 
name: 
slot: 
 ----------------------------
 --- ranged --- 
name: lunar wand of healing
slot: ranged
sp_healing: 20
 ----------------------------
 --- hands --- 
name: atal'ai hands of healing
slot: hands
sp: 9
sp_healing: 44
armor: 47
 ----------------------------
 --- waist --- 
name: zandalar confessor's bindings
slot: waist
intelligence: 20
stamina: 12
spirit: 12
sp_healing: 26
armor: 53
 ----------------------------
 --- legs --- 
name: empowered leggings
slot: legs
intelligence: 12
stamina: 12
spirit: 24
sp_healing: 77
spell_crit: 1
armor: 103
 ----------------------------
 --- feet --- 
name: boots of pure thought
slot: feet
intelligence: 12
stamina: 8
spirit: 12
sp_healing: 62
armor: 74
 ----------------------------
 --- finger --- 
name: pure elementium band
slot: finger
intelligence: 10
stamina: 9
spirit: 10
sp_healing: 53
 ----------------------------
 --- finger --- 
name: cauterizing band
slot: finger
intelligence: 12
stamina: 9
sp_healing: 46
 ----------------------------
 --- trinket --- 
name: hazza'rah's charm of healing
slot: trinket
 ----------------------------
 --- trinket --- 
name: rejuvenating gem
slot: trinket
sp_healing: 66
mp5: 9
 ----------------------------
 --- Set bonuses ---
name: confessor's 2 hazza'rah's 1 
slot: Set bonuses
sp: 23
------------------
Char stats: 
Effective hp: 8403.9
Effective mana (100 s, 33 % out of fsr): 15809.7
Raw max mana: 10129.8
Int: 396.98
Stam: 384.33
Spirit: 414.23
Strength: 79.58
Agility: 84.18
All stats multiplier (taken into account above): 1.15
Bonus mana: 2000
Bonus hp: 0
Mp5: 165
Sp: 66
Sp shadow: 0
Sp healing: 944
Spell crit: 21
Spell hit: 0
Arcane res: 27
Nature res: 27
Fire res: 27
Frost res: 27
Shadow res: 47
Armor: 2839.75
Defense: 300
Dodge: 0
Parry: 0
HpsPvp: 996.128
ShadowDps: 233.908
Value pvp healing: 1735.63
Value pvp shadow: 95.7009
Effective hp-pvp: 10518.4
Effecctive mana for 100 s, 0.33 fsr: 17521.2
------------------
Best counts:
oh_limit: 0.7
time_left_mul: 2.5
total_deficit_to_pop_trinkets: 7737.81
in combat total: 1135.7
Flash Heal 1, casts: 21, avg: 494.467, 3.68457%, cast time 2.77362% of in combat, overheal: 0.27963
Flash Heal 2, casts: 3, avg: 426.333, 0.453838%, cast time 0.396231% of in combat, overheal: 0.448681
Flash Heal 3, casts: 4, avg: 853.298, 1.21113%, cast time 0.528309% of in combat, overheal: 0
Flash Heal 4, casts: 7, avg: 848.856, 2.10844%, cast time 0.92454% of in combat, overheal: 0.0956131
Flash Heal 5, casts: 4, avg: 924.159, 1.31171%, cast time 0.528309% of in combat, overheal: 0.141817
Flash Heal 6, casts: 6, avg: 1053.44, 2.24281%, cast time 0.792463% of in combat, overheal: 0.13946
Flash Heal 7, casts: 33, avg: 1321.53, 15.4747%, cast time 4.35854% of in combat, overheal: 0.0652861
Greater Heal 1, casts: 5, avg: 1611.85, 2.85974%, cast time 1.10064% of in combat, overheal: 0.171823
Greater Heal 1 hazz, casts: 12, avg: 1512.97, 6.4423%, cast time 1.58493% of in combat, overheal: 0.222631
Greater Heal 2 hazz, casts: 3, avg: 2200.37, 2.34233%, cast time 0.396231% of in combat, overheal: 0.0119826
Greater Heal 3 hazz, casts: 1, avg: 2551.57, 0.905396%, cast time 0.132077% of in combat, overheal: 0
Greater Heal 4, casts: 21, avg: 2346.84, 17.4877%, cast time 4.6227% of in combat, overheal: 0.199558
Greater Heal 4 hazz, casts: 5, avg: 2144.57, 3.80488%, cast time 0.660386% of in combat, overheal: 0.268546
Heal 2, casts: 89, avg: 963.517, 30.4284%, cast time 19.5914% of in combat, overheal: 0.322284
Heal 4, casts: 14, avg: 1860.4, 9.24198%, cast time 3.0818% of in combat, overheal: 0.110223
Total time casting: 471, which is: 41.4722% of time in combat.
Total hps: 248.145, raw hps: 316.44, oh: 0.215822
Deficit time sum: 2.57068e+10, baseline: 3.6618e+10
Deficit*time change / s: 9.60749e+06 hp
Number of combats: 19
Average mana at start of combat: 9999.56
Average mana at end of combat: 9137.62
Other players with hps > 100:
  Filon : 111.625 hps
  Jun : 161.556 hps
  Lio : 123.977 hps
  Mercado : 147.405 hps
  Morfar : 150.026 hps
  Nyz : 122.378 hps
  Razza : 129.276 hps
  Smuttan : 139.385 hps
  Thorminator : 140.385 hps
  Untamed : 115.156 hps
------------------
Based on last: 3000 entries, out of total: 4520 entries, (6391 dropped), The least-squares solution is:
Int: 22.4575
Spirit: 0
Sp / Healing: 100
Mp5: 0
Crit: 275.347
T1 3p/piece: 102.057
T2 3p/piece: 354.022
Hazza'rah's: 14658
Darkmoon: 2173.95
100 points == 1 sp == 0.0489653 hps.
Appended tag:
( Pawn: v1: "calamity_bwl_speed_phase4": Intellect=22.4575, Spirit=0, Healing=100, Mp5=0, SpellCritRating=275.347, IsFist=X, Is2HMace=X, IsCrossbow=X, IsGun=X, IsShield=X, IsPolearm=X, Is2HAxe=X, IsBow=X, IsMail=X, IsPlate=X, IsLeather=X, IsAxe=X, Is2HAxe=X, IsSword=X, Is2HSword=X)
To file: calamity_bwl_speed_phase4.pawn_tag.txt
------------------
Diffs to start: 
Upgrades: 
( following sorted by alt scores, no specials )
zulian headdress(2.85803) -> crystal adorned crown(4.65875) : 1.80072 = +0.730976%
boots of transcendence(1.90073) -> boots of pure thought(3.1678) : 1.26707 = +0.513239%
whipvine cord(1.6059) -> zandalar confessor's bindings(2.61923) : 1.01334 = +0.410038%
handguards of transcendence(1.77475) -> atal'ai hands of healing(2.59515) : 0.820404 = +0.331711%
dragon's touch(0.425751) -> lunar wand of healing(0.979309) : 0.553558 = +0.223577%
fordring's seal(1.8667) -> cauterizing band(2.38435) : 0.517654 = +0.209045%
zandalar confessor's mantle(1.34116) -> mantle of the blackwing cabal(1.84076) : 0.499603 = +0.201741%
jin'do's evil eye(2.27544) -> jin'do's evil eye(2.27544) : 0 = +0%
hide of the wild(2.1665) -> hide of the wild(2.1665) : 0 = +0%
truefaith vestments(3.57446) -> truefaith vestments(3.57446) : 0 = +0%
bindings of transcendence(1.7588) -> bindings of transcendence(1.7588) : 0 = +0%
benediction, , , (5.80086) -> benediction, , , (5.80086) : 0 = +0%
empowered leggings(4.03711) -> empowered leggings(4.03711) : 0 = +0%
pure elementium band(2.70512) -> pure elementium band(2.70512) : 0 = +0%
hazza'rah's charm of healing(8.3035) -> hazza'rah's charm of healing(8.3035) : 0 = +0%
rejuvenating gem(3.2317) -> rejuvenating gem(3.2317) : 0 = +0%
- - - - - - - - - - - - - - - - - - - - - - - - - - - - - - - - - - - - - - - - - 
| Upgrades at best in slot level, from start item to candidate, partial bonuses: 1: |
  alt scores are from least squares fit, special score from e.g. set bonuses as s are part of em
. . . . . . . . . . . . . . . . . . . . . . . . . . . . . . . . . . . . . . . . . 
- . - ' - . - ' - . - ' - . - ' - . - ' - . -
head, zulian headdress (2.77951), alt: 2.85803 -> :
    crystal adorned crown (0.582352) : -0.887243 %, alt : +4.65875, from: azuregos
    eternal crown of healing (3.23906) : +0.185572 %, alt : +3.13378, from: random green
    halo of transcendence (1.61365) : -0.470792 %, alt : +2.82058 (s: 0.173348), from: onyxia
- . - ' - . - ' - . - ' - . - ' - . - ' - . -
neck, jin'do's evil eye (-1.73755), alt: 2.27544 -> :
    animated chain necklace (0.947739) : +1.09406 %, alt : +1.61585, from: pre-raid
- . - ' - . - ' - . - ' - . - ' - . - ' - . -
shoulders, zandalar confessor's mantle (0.410812), alt: 1.34116 -> :
    mantle of the blackwing cabal (-2.29849) : -1.0918 %, alt : +1.84076, from: bwl
    pauldrons of transcendence (0.643524) : +0.0937783 %, alt : +1.72135 (s: 0.173348), from: bwl
    zandalar confessor's mantle (0.410812) : +0 %, alt : +1.34115, from: zg
- . - ' - . - ' - . - ' - . - ' - . - ' - . -
back, hide of the wild (-1.85838), alt: 2.1665 -> :
    shroud of pure thought (0.99234) : +1.16147 %, alt : +1.73681, from: bwl
    hakkari loa cloak (0.970947) : +1.15275 %, alt : +1.68183, from: zg
    drape of benediction (0.886673) : +1.11842 %, alt : +1.66088, from: azuregos
    archivist cape of healing (0.945282) : +1.14229 %, alt : +1.61585, from: pre-raid
- . - ' - . - ' - . - ' - . - ' - . - ' - . -
chest, truefaith vestments (3.26735), alt: 3.57446 -> :
    robes of the exalted (3.38368) : +0.0473974 %, alt : +3.38462, from: pre-raid
    robes of transcendence (5.82866) : +1.04355 %, alt : +3.26127 (s: 0.173348), from: bwl
    jade inlaid vestments (5.71848) : +0.99866 %, alt : +2.35241, from: ysondre
- . - ' - . - ' - . - ' - . - ' - . - ' - . -
wrists, bindings of transcendence (-2.65686), alt: 1.93216 (s: 0.173348) -> :
    bindings of transcendence (-2.65686) : +0 %, alt : +1.93215 (s: 0.173348), from: bwl
    flameweave cuffs of healing (-2.44664) : +0.0856498 %, alt : +1.61585, from: brd
- . - ' - . - ' - . - ' - . - ' - . - ' - . -
two-hand, benediction (6.03036), alt: 5.80086 -> :
    lok'amir il romathis and lei of the lifegiver (4.01846) : -0.819707 %, alt : +6.90618, from: bwl, av rep
    lok'amir il romathis and brightly glowing stone (4.73943) : -0.525966 %, alt : +6.12273, from: bwl, pre-raid
    lok'amir il romathis and trance stone (6.79085) : +0.309843 %, alt : +5.62312, from: bwl, emeriss; lethon; taerar; ysondre
    jin'do's hexxer and lei of the lifegiver (8.92747) : +1.18037 %, alt : +5.32618, from: zg, av rep
    fang of the mystics and lei of the lifegiver (8.30319) : +0.926015 %, alt : +4.79856, from: azuregos, av rep
    staff of the shadow flame (8.68129) : +1.08006 %, alt : +4.70163, from: bwl
    jin'do's hexxer and brightly glowing stone (8.69133) : +1.08415 %, alt : +4.54274, from: zg, pre-raid
    staff of rampant growth (8.51619) : +1.0128 %, alt : +4.28902, from: emeriss; lethon; taerar; ysondre
    wushoolay's poker and lei of the lifegiver (8.44672) : +0.984491 %, alt : +4.11308, from: zg, av rep
    the hammer of grace and lei of the lifegiver (8.44672) : +0.984491 %, alt : +4.11308, from: pre-raid, av rep
    jin'do's hexxer and trance stone (8.31345) : +0.930193 %, alt : +4.04312, from: zg, emeriss; lethon; taerar; ysondre
    fang of the mystics and brightly glowing stone (8.34122) : +0.941508 %, alt : +4.01511, from: azuregos, pre-raid
    zulian scepter of rites and lei of the lifegiver (8.19136) : +0.880452 %, alt : +3.95623, from: zg, av rep
    aurastone hammer and lei of the lifegiver (7.33292) : +0.530697 %, alt : +3.92925, from: mc, av rep
    fang of venoxis and lei of the lifegiver (7.26572) : +0.503318 %, alt : +3.8583, from: zg, av rep
    sorcerous dagger and lei of the lifegiver (7.88214) : +0.754467 %, alt : +3.7614, from: mc, av rep
    fang of the mystics and trance stone (7.67813) : +0.671347 %, alt : +3.5155, from: azuregos, emeriss; lethon; taerar; ysondre
    witchblade and lei of the lifegiver (7.49513) : +0.596789 %, alt : +3.36864, from: pre-raid, av rep
    wushoolay's poker and brightly glowing stone (7.51863) : +0.606363 %, alt : +3.32964, from: zg, pre-raid
    the hammer of grace and brightly glowing stone (7.51863) : +0.606363 %, alt : +3.32964, from: pre-raid, pre-raid
    zulian scepter of rites and brightly glowing stone (7.26306) : +0.502236 %, alt : +3.17278, from: zg, pre-raid
    aurastone hammer and brightly glowing stone (7.21361) : +0.482087 %, alt : +3.14581, from: mc, pre-raid
    hypnotic blade and lei of the lifegiver (7.20505) : +0.4786 %, alt : +3.12382, from: pre-raid, av rep
    fang of venoxis and brightly glowing stone (7.14702) : +0.454957 %, alt : +3.07485, from: zg, pre-raid
    sorcerous dagger and brightly glowing stone (6.95212) : +0.375549 %, alt : +2.97796, from: mc, pre-raid
    the hammer of grace and trance stone (6.85378) : +0.335481 %, alt : +2.83003, from: pre-raid, emeriss; lethon; taerar; ysondre
    wushoolay's poker and trance stone (6.85378) : +0.335481 %, alt : +2.83003, from: zg, emeriss; lethon; taerar; ysondre
    gift of the elven magi and lei of the lifegiver (6.6848) : +0.266635 %, alt : +2.70512, from: pre-raid (strat live: balnazzar), av rep
    zulian scepter of rites and trance stone (6.59241) : +0.228992 %, alt : +2.67317, from: zg, emeriss; lethon; taerar; ysondre
    lorespinner and lei of the lifegiver (6.66743) : +0.259561 %, alt : +2.66114, from: pre-raid, av rep
    aurastone hammer and trance stone (6.54189) : +0.208408 %, alt : +2.6462, from: mc, emeriss; lethon; taerar; ysondre
    scepter of the unholy and lei of the lifegiver (6.64136) : +0.248936 %, alt : +2.59516, from: pre-raid, av rep
    witchblade and brightly glowing stone (6.55771) : +0.214855 %, alt : +2.5852, from: pre-raid, pre-raid
    sorcerous dagger and trance stone (7.60547) : +0.641743 %, alt : +2.47835, from: mc, emeriss; lethon; taerar; ysondre
    hypnotic blade and brightly glowing stone (7.59064) : +0.6357 %, alt : +2.34037, from: pre-raid, pre-raid
- . - ' - . - ' - . - ' - . - ' - . - ' - . -
ranged, dragon's touch (0.396423), alt: 0.425751 -> :
    lunar wand of healing (-2.21559) : -1.053 %, alt : +0.979305, from: random green
    bonecreeper stylus (0.647919) : +0.101387 %, alt : +0.582603, from: pre-raid
- . - ' - . - ' - . - ' - . - ' - . - ' - . -
hands, handguards of transcendence (0.265717), alt: 1.94809 (s: 0.173348) -> :
    atal'ai hands of healing (-1.26031) : -0.617907 %, alt : +2.59516, from: sunken temple
    high councillor's gloves of healing (1.7003) : +0.58088 %, alt : +2.2524, from: random green
    handguards of transcendence (0.265717) : +0 %, alt : +1.94809 (s: 0.173348), from: bwl
    hands of the exalted herald (1.01094) : +0.30175 %, alt : +1.75881, from: pre-raid
    gloves of delusional power (1.35709) : +0.441908 %, alt : +1.498, from: emeriss; lethon; taerar; ysondre
- . - ' - . - ' - . - ' - . - ' - . - ' - . -
waist, whipvine cord (0.871597), alt: 1.6059 -> :
    zandalar confessor's bindings (-1.40758) : -0.920058 %, alt : +2.61923, from: zg
    firemaw's clutch (1.11859) : +0.0997066 %, alt : +1.84574, from: bwl
- . - ' - . - ' - . - ' - . - ' - . - ' - . -
legs, empowered leggings (2.95137), alt: 4.03711 -> :
    leggings of transcendence (4.46901) : +0.61833 %, alt : +2.65667 (s: 0.173348), from: mc
    padre's trousers (5.03871) : +0.850443 %, alt : +2.27647, from: pre-raid
    senior designer's pantaloons (4.86624) : +0.780174 %, alt : +2.03559, from: pre-raid
- . - ' - . - ' - . - ' - . - ' - . - ' - . -
feet, boots of transcendence (1.83705), alt: 2.07407 (s: 0.173348) -> :
    boots of pure thought (-0.674469) : -1.0129 %, alt : +3.1678, from: bwl
    boots of transcendence (1.83705) : +0 %, alt : +2.07407 (s: 0.173348), from: bwl
    snowblind shoes (1.91771) : +0.0325295 %, alt : +1.67685, from: azuregos
- . - ' - . - ' - . - ' - . - ' - . - ' - . -
finger, pure elementium band (-1.21747), alt: 2.70512 -> :
    cauterizing band (1.01108) : +0.907974 %, alt : +2.38436, from: mc
    primalist's seal (1.72314) : +1.19809 %, alt : +2.35988, from: zg
    fordring's seal (1.20663) : +0.987649 %, alt : +1.8667, from: pre-raid
    ring of spellpower (1.51529) : +1.1134 %, alt : +1.61585, from: mc
    rosewine circle (1.40401) : +1.06806 %, alt : +1.41999, from: pre-raid
    mindtear band (1.27856) : +1.01696 %, alt : +1.27804, from: taerar
    band of servitude (1.379) : +1.05788 %, alt : +1.22517, from: zg
    band of forced concentration (1.27541) : +1.01567 %, alt : +1.16023, from: bwl
    eye of orgrimmar (1.07896) : +0.935633 %, alt : +0.958349, from: pre-raid
    maiden's circle (1.07896) : +0.935633 %, alt : +0.958349, from: pre-raid
    ring of blackrock (0.300613) : +0.61851 %, alt : +0.93034, from: bwl
    zanzil's seal (0.683945) : +0.774691 %, alt : +0.648582, from: zg
- . - ' - . - ' - . - ' - . - ' - . - ' - . -
finger 2, fordring's seal (1.19981), alt: 1.8667 -> :
    pure elementium band (-2.81268) : -1.61626 %, alt : +2.70512, from: bwl
    cauterizing band (-1.61667) : -1.1345 %, alt : +2.38436, from: mc
    primalist's seal (-1.64461) : -1.14575 %, alt : +2.35988, from: zg
- . - ' - . - ' - . - ' - . - ' - . - ' - . -
trinket, hazza'rah's charm of healing (7.47279), alt: 8.30351 -> :
    hazza'rah's charm of healing (7.47279) : +0 %, alt : +8.3035, from: zg
    darkmoon card: blue dragon (-1.04164) : -3.46903 %, alt : +1.06448, from: 
- . - ' - . - ' - . - ' - . - ' - . - ' - . -
trinket 2, rejuvenating gem (-0.619171), alt: 3.2317 -> :
    hazza'rah's charm of healing (0) : +0.252268 %, alt : +8.3035, from: zg
    royal seal of eldre'thalas (1.80681) : +0.988414 %, alt : +1.61585, from: pre-raid
    briarwood reed (1.61766) : +0.91135 %, alt : +1.41999, from: pre-raid
    second wind (1.21251) : +0.746279 %, alt : +1.07724, from: pre-raid
    darkmoon card: blue dragon (-0.87442) : -0.103996 %, alt : +1.06448, from: 
    burst of knowledge (0.633667) : +0.510442 %, alt : +0.587583, from: pre-raid
    eye of the beast (0.434998) : +0.429499 %, alt : +0.269649, from: pre-raid
    mindtap talisman (-0.0556183) : +0.229608 %, alt : +0, from: pre-raid
    shard of afrasa (-0.0556183) : +0.229608 %, alt : +0, from: pre-raid
- - - - - - - - - - - - - - - - - - - - - - - - - - - - - - - - - - - - - - - - - 
| Upgrades at best in slot level, from start item to candidate, partial bonuses: 0: |
  alt scores are from least squares fit, special score from e.g. set bonuses as s are part of em
. . . . . . . . . . . . . . . . . . . . . . . . . . . . . . . . . . . . . . . . . 
- . - ' - . - ' - . - ' - . - ' - . - ' - . -
head, zulian headdress (3.94481), alt: 2.85803 -> :
    crystal adorned crown (5.07306) : +0.45675 %, alt : +4.65875, from: azuregos
    eternal crown of healing (4.64851) : +0.284881 %, alt : +3.13378, from: random green
    green lens of healing (4.07391) : +0.0522655 %, alt : +2.64412, from: pre-raid
- . - ' - . - ' - . - ' - . - ' - . - ' - . -
neck, jin'do's evil eye (1.33426), alt: 2.27544 -> :
    animated chain necklace (1.37357) : +0.0158402 %, alt : +1.61585, from: pre-raid
- . - ' - . - ' - . - ' - . - ' - . - ' - . -
shoulders, zandalar confessor's mantle (0.803528), alt: 1.34116 -> :
    mantle of the blackwing cabal (0.778656) : -0.0100221 %, alt : +1.84076, from: bwl
    pauldrons of transcendence (0.357819) : -0.179598 %, alt : +1.54801, from: bwl
    zandalar confessor's mantle (0.803528) : +0 %, alt : +1.34115, from: zg
- . - ' - . - ' - . - ' - . - ' - . - ' - . -
back, hide of the wild (1.21376), alt: 2.1665 -> :
    hakkari loa cloak (1.23973) : +0.0104658 %, alt : +1.68183, from: zg
    drape of benediction (1.27522) : +0.0247687 %, alt : +1.66088, from: azuregos
- . - ' - . - ' - . - ' - . - ' - . - ' - . -
chest, truefaith vestments (4.97128), alt: 3.57446 -> :
- . - ' - . - ' - . - ' - . - ' - . - ' - . -
wrists, bindings of transcendence (0.707581), alt: 1.7588 -> :
    flameweave cuffs of healing (0.921341) : +0.0861432 %, alt : +1.61585, from: brd
- . - ' - . - ' - . - ' - . - ' - . - ' - . -
two-hand, benediction (8.80693), alt: 5.80086 -> :
    lok'amir il romathis and lei of the lifegiver (5.9529) : -1.15015 %, alt : +6.90618, from: bwl, av rep
    lok'amir il romathis and brightly glowing stone (6.89211) : -0.771655 %, alt : +6.12273, from: bwl, pre-raid
- . - ' - . - ' - . - ' - . - ' - . - ' - . -
ranged, dragon's touch (0.115906), alt: 0.425751 -> :
    lunar wand of healing (0.190338) : +0.0300045 %, alt : +0.979305, from: random green
    bonecreeper stylus (-0.309418) : -0.171452 %, alt : +0.582603, from: pre-raid
- . - ' - . - ' - . - ' - . - ' - . - ' - . -
hands, handguards of transcendence (1.99048), alt: 1.77475 -> :
    atal'ai hands of healing (2.071) : +0.0324595 %, alt : +2.59516, from: sunken temple
    high councillor's gloves of healing (1.6691) : -0.129555 %, alt : +2.2524, from: random green
- . - ' - . - ' - . - ' - . - ' - . - ' - . -
waist, whipvine cord (1.53952), alt: 1.6059 -> :
    zandalar confessor's bindings (1.66525) : +0.0506946 %, alt : +2.61923, from: zg
    firemaw's clutch (1.50427) : -0.0142117 %, alt : +1.84574, from: bwl
- . - ' - . - ' - . - ' - . - ' - . - ' - . -
legs, empowered leggings (4.20016), alt: 4.03711 -> :
- . - ' - . - ' - . - ' - . - ' - . - ' - . -
feet, boots of transcendence (4.46121), alt: 1.90073 -> :
    boots of pure thought (4.99348) : +0.214961 %, alt : +3.1678, from: bwl
- . - ' - . - ' - . - ' - . - ' - . - ' - . -
finger, pure elementium band (1.85797), alt: 2.70512 -> :
    fordring's seal (2.16058) : +0.12195 %, alt : +1.8667, from: pre-raid
    ring of spellpower (1.90929) : +0.0206795 %, alt : +1.61585, from: mc
- . - ' - . - ' - . - ' - . - ' - . - ' - . -
finger 2, fordring's seal (1.50642), alt: 1.8667 -> :
    pure elementium band (-1.13272) : -1.06333 %, alt : +2.70512, from: bwl
    cauterizing band (1.45589) : -0.0203618 %, alt : +2.38436, from: mc
- . - ' - . - ' - . - ' - . - ' - . - ' - . -
trinket, hazza'rah's charm of healing (10.5969), alt: 8.30351 -> :
    hazza'rah's charm of healing (10.5969) : +0 %, alt : +8.3035, from: zg
    darkmoon card: blue dragon (-1.05194) : -4.69435 %, alt : +1.06448, from: 
- . - ' - . - ' - . - ' - . - ' - . - ' - . -
trinket 2, rejuvenating gem (5.17941), alt: 3.2317 -> :
    hazza'rah's charm of healing (0) : -2.08725 %, alt : +8.3035, from: zg
    darkmoon card: blue dragon (-0.322052) : -2.21703 %, alt : +1.06448, from: 
- - - - - - - - - - - - - - - - - - - - - - - - - - - - - - - - - - - - - - - - - 
| Upgrades at start level, from start item to candidate, partial bonuses: 1: |
  alt scores are from least squares fit, special score from e.g. set bonuses as s are part of em
. . . . . . . . . . . . . . . . . . . . . . . . . . . . . . . . . . . . . . . . . 
- . - ' - . - ' - . - ' - . - ' - . - ' - . -
head, zulian headdress (1.23335), alt: 2.85803 -> :
    crystal adorned crown (1.91206) : +0.28115 %, alt : +4.65875, from: azuregos
    eternal crown of healing (3.71695) : +1.02881 %, alt : +3.13378, from: random green
    halo of transcendence (-0.758728) : -0.825202 %, alt : +2.64723, from: onyxia
- . - ' - . - ' - . - ' - . - ' - . - ' - . -
neck, jin'do's evil eye (1.47426), alt: 2.27544 -> :
- . - ' - . - ' - . - ' - . - ' - . - ' - . -
shoulders, zandalar confessor's mantle (1.59709), alt: 2.46735 -> :
    zandalar confessor's mantle (1.59709) : +0 %, alt : +2.46735, from: zg
    pauldrons of transcendence (-0.425751) : -0.837945 %, alt : +1.54801, from: bwl
- . - ' - . - ' - . - ' - . - ' - . - ' - . -
back, hide of the wild (1.34169), alt: 2.1665 -> :
- . - ' - . - ' - . - ' - . - ' - . - ' - . -
chest, truefaith vestments (2.61003), alt: 3.57446 -> :
    robes of transcendence (0.593567) : -0.835303 %, alt : +3.08792, from: bwl
- . - ' - . - ' - . - ' - . - ' - . - ' - . -
wrists, bindings of transcendence (0.558853), alt: 1.93216 (s: 0.173348) -> :
    bindings of transcendence (0.558853) : +0 %, alt : +1.93215 (s: 0.173348), from: bwl
- . - ' - . - ' - . - ' - . - ' - . - ' - . -
two-hand, benediction (5.10947), alt: 5.80086 -> :
    lok'amir il romathis and lei of the lifegiver (7.58333) : +1.02478 %, alt : +6.90618, from: bwl, av rep
    lok'amir il romathis and brightly glowing stone (7.47591) : +0.980277 %, alt : +6.12273, from: bwl, pre-raid
    staff of rampant growth (5.20192) : +0.0382978 %, alt : +4.28902, from: emeriss; lethon; taerar; ysondre
    the hammer of grace and lei of the lifegiver (5.25081) : +0.0585497 %, alt : +4.11308, from: pre-raid, av rep
    wushoolay's poker and lei of the lifegiver (5.25081) : +0.0585497 %, alt : +4.11308, from: zg, av rep
    jin'do's hexxer and trance stone (5.23007) : +0.0499598 %, alt : +4.04312, from: zg, emeriss; lethon; taerar; ysondre
    fang of the mystics and brightly glowing stone (5.18822) : +0.0326217 %, alt : +4.01511, from: azuregos, pre-raid
    zulian scepter of rites and lei of the lifegiver (5.24104) : +0.0545044 %, alt : +3.95623, from: zg, av rep
    aurastone hammer and lei of the lifegiver (5.23172) : +0.0506424 %, alt : +3.92925, from: mc, av rep
- . - ' - . - ' - . - ' - . - ' - . - ' - . -
ranged, dragon's touch (2.07402), alt: 0.425751 -> :
    lunar wand of healing (4.92628) : +1.18153 %, alt : +0.979305, from: random green
    bonecreeper stylus (3.17395) : +0.455636 %, alt : +0.582603, from: pre-raid
- . - ' - . - ' - . - ' - . - ' - . - ' - . -
hands, handguards of transcendence (0.434647), alt: 1.94809 (s: 0.173348) -> :
    atal'ai hands of healing (3.58884) : +1.3066 %, alt : +2.59516, from: sunken temple
    high councillor's gloves of healing (3.14308) : +1.12195 %, alt : +2.2524, from: random green
    handguards of transcendence (0.434647) : +0 %, alt : +1.94809 (s: 0.173348), from: bwl
- . - ' - . - ' - . - ' - . - ' - . - ' - . -
waist, whipvine cord (0.849701), alt: 1.6059 -> :
    firemaw's clutch (1.9398) : +0.451566 %, alt : +1.84574, from: bwl
    zandalar confessor's bindings (-1.11107) : -0.812232 %, alt : +1.49302, from: zg
- . - ' - . - ' - . - ' - . - ' - . - ' - . -
legs, empowered leggings (3.21138), alt: 4.03711 -> :
    leggings of transcendence (3.34511) : +0.0553957 %, alt : +2.48333, from: mc
    padre's trousers (3.28502) : +0.0305043 %, alt : +2.27647, from: pre-raid
- . - ' - . - ' - . - ' - . - ' - . - ' - . -
feet, boots of transcendence (0.46579), alt: 2.07407 (s: 0.173348) -> :
    boots of pure thought (3.22876) : +1.14454 %, alt : +3.1678, from: bwl
    boots of transcendence (0.46579) : +0 %, alt : +2.07407 (s: 0.173348), from: bwl
- . - ' - . - ' - . - ' - . - ' - . - ' - . -
finger, pure elementium band (1.36554), alt: 2.70512 -> :
    ring of blackrock (1.39713) : +0.0130841 %, alt : +0.93034, from: bwl
- . - ' - . - ' - . - ' - . - ' - . - ' - . -
finger 2, fordring's seal (0.0243225), alt: 1.8667 -> :
    pure elementium band (3.08026) : +1.2659 %, alt : +2.70512, from: bwl
    cauterizing band (2.64116) : +1.084 %, alt : +2.38436, from: mc
    primalist's seal (2.60876) : +1.07058 %, alt : +2.35988, from: zg
    seal of rivendare (0.128525) : +0.0431649 %, alt : +0.186938, from: pre-raid
    emerald flame ring (0.105637) : +0.0336836 %, alt : +0.131957, from: pre-raid
    magus ring (0.105637) : +0.0336836 %, alt : +0.131957, from: pre-raid
    seal of the archmagus (0.101013) : +0.0317684 %, alt : +0.12096, from: mc
    band of the hierophant (0.0964355) : +0.0298722 %, alt : +0.109964, from: pre-raid
    blood of the martyr (0.0964355) : +0.0298722 %, alt : +0.109964, from: pre-raid
    royal seal of alexis (0.0964355) : +0.0298722 %, alt : +0.109964, from: pre-raid
    ring of demonic guile (0.0964355) : +0.0298722 %, alt : +0.109964, from: pre-raid
    zanzil's band (0.0505981) : +0.0108844 %, alt : +0, from: zg
- . - ' - . - ' - . - ' - . - ' - . - ' - . -
trinket, hazza'rah's charm of healing (12.2363), alt: 8.3035 -> :
    hazza'rah's charm of healing (12.2363) : +0 %, alt : +8.3035, from: zg
    darkmoon card: blue dragon (0.188049) : -4.99087 %, alt : +1.06448, from: 
- . - ' - . - ' - . - ' - . - ' - . - ' - . -
trinket 2, rejuvenating gem (1.75624), alt: 3.2317 -> :
    hazza'rah's charm of healing (0) : -0.727507 %, alt : +8.3035, from: zg
    darkmoon card: blue dragon (0.579788) : -0.487335 %, alt : +1.06448, from: 
- - - - - - - - - - - - - - - - - - - - - - - - - - - - - - - - - - - - - - - - - 
| Upgrades at start level, from start item to candidate, partial bonuses: 0: |
  alt scores are from least squares fit, special score from e.g. set bonuses as s are part of em
. . . . . . . . . . . . . . . . . . . . . . . . . . . . . . . . . . . . . . . . . 
- . - ' - . - ' - . - ' - . - ' - . - ' - . -
head, zulian headdress (0.00140381), alt: 2.85803 -> :
    crystal adorned crown (4.57097) : +1.90757 %, alt : +4.65875, from: azuregos
    eternal crown of healing (-0.104263) : -0.0441109 %, alt : +3.13378, from: random green
    halo of transcendence (-0.0854187) : -0.0362442 %, alt : +2.64723, from: onyxia
    mish'undare circlet of mind flayer (0.806244) : +0.335982 %, alt : +2.24735, from: bwl
- . - ' - . - ' - . - ' - . - ' - . - ' - . -
neck, jin'do's evil eye (-0.608765), alt: 2.27544 -> :
- . - ' - . - ' - . - ' - . - ' - . - ' - . -
shoulders, zandalar confessor's mantle (-0.483231), alt: 2.46735 -> :
    zandalar confessor's mantle (-0.483231) : +0 %, alt : +2.46735, from: zg
    pauldrons of transcendence (0.570236) : +0.439771 %, alt : +1.54801, from: bwl
- . - ' - . - ' - . - ' - . - ' - . - ' - . -
back, hide of the wild (-0.744553), alt: 2.1665 -> :
- . - ' - . - ' - . - ' - . - ' - . - ' - . -
chest, truefaith vestments (1.72531), alt: 3.57446 -> :
    robes of transcendence (2.33066) : +0.252703 %, alt : +3.08792, from: bwl
    jade inlaid vestments (2.51526) : +0.329765 %, alt : +2.35241, from: ysondre
- . - ' - . - ' - . - ' - . - ' - . - ' - . -
wrists, bindings of transcendence (-0.577164), alt: 2.27885 (s: 0.520044) -> :
    bindings of transcendence (-0.577164) : +0 %, alt : +2.27885 (s: 0.520044), from: bwl
- . - ' - . - ' - . - ' - . - ' - . - ' - . -
two-hand, benediction (3.72397), alt: 5.80086 -> :
    lok'amir il romathis and lei of the lifegiver (8.2375) : +1.88418 %, alt : +6.90618, from: bwl, av rep
    lok'amir il romathis and brightly glowing stone (3.56538) : -0.0662014 %, alt : +6.12273, from: bwl, pre-raid
    lok'amir il romathis and trance stone (3.87445) : +0.062819 %, alt : +5.62312, from: bwl, emeriss; lethon; taerar; ysondre
    fang of the mystics and lei of the lifegiver (4.74889) : +0.427853 %, alt : +4.79856, from: azuregos, av rep
    staff of the shadow flame (5.60603) : +0.785671 %, alt : +4.70163, from: bwl
    jin'do's hexxer and brightly glowing stone (5.69701) : +0.823647 %, alt : +4.54274, from: zg, pre-raid
    staff of rampant growth (4.78653) : +0.443568 %, alt : +4.28902, from: emeriss; lethon; taerar; ysondre
    wushoolay's poker and lei of the lifegiver (4.14642) : +0.176354 %, alt : +4.11308, from: zg, av rep
    the hammer of grace and lei of the lifegiver (4.14642) : +0.176354 %, alt : +4.11308, from: pre-raid, av rep
    jin'do's hexxer and trance stone (3.98317) : +0.108204 %, alt : +4.04312, from: zg, emeriss; lethon; taerar; ysondre
    fang of the mystics and brightly glowing stone (4.0153) : +0.121619 %, alt : +4.01511, from: azuregos, pre-raid
    zulian scepter of rites and lei of the lifegiver (3.86411) : +0.0585003 %, alt : +3.95623, from: zg, av rep
    aurastone hammer and lei of the lifegiver (3.86075) : +0.0570989 %, alt : +3.92925, from: mc, av rep
    fang of venoxis and lei of the lifegiver (4.30574) : +0.242862 %, alt : +3.8583, from: zg, av rep
    sorcerous dagger and lei of the lifegiver (4.49059) : +0.320025 %, alt : +3.7614, from: mc, av rep
    fang of the mystics and trance stone (4.24629) : +0.218045 %, alt : +3.5155, from: azuregos, emeriss; lethon; taerar; ysondre
    witchblade and lei of the lifegiver (4.05679) : +0.138938 %, alt : +3.36864, from: pre-raid, av rep
    wushoolay's poker and brightly glowing stone (4.08516) : +0.15078 %, alt : +3.32964, from: zg, pre-raid
    the hammer of grace and brightly glowing stone (4.08516) : +0.15078 %, alt : +3.32964, from: pre-raid, pre-raid
    zulian scepter of rites and brightly glowing stone (3.79543) : +0.0298298 %, alt : +3.17278, from: zg, pre-raid
    aurastone hammer and brightly glowing stone (3.86877) : +0.0604494 %, alt : +3.14581, from: mc, pre-raid
    hypnotic blade and lei of the lifegiver (3.85953) : +0.0565893 %, alt : +3.12382, from: pre-raid, av rep
    fang of venoxis and brightly glowing stone (3.79419) : +0.0293138 %, alt : +3.07485, from: zg, pre-raid
- . - ' - . - ' - . - ' - . - ' - . - ' - . -
ranged, dragon's touch (0.173462), alt: 0.425751 -> :
    lunar wand of healing (2.94945) : +1.15884 %, alt : +0.979305, from: random green
    bonecreeper stylus (-0.0574036) : -0.0963751 %, alt : +0.582603, from: pre-raid
- . - ' - . - ' - . - ' - . - ' - . - ' - . -
hands, handguards of transcendence (-0.53183), alt: 2.29478 (s: 0.520044) -> :
    atal'ai hands of healing (3.82999) : +1.82085 %, alt : +2.59516, from: sunken temple
    handguards of transcendence (-0.53183) : +0 %, alt : +2.29479 (s: 0.520044), from: bwl
    high councillor's gloves of healing (0.441101) : +0.406151 %, alt : +2.2524, from: random green
- . - ' - . - ' - . - ' - . - ' - . - ' - . -
waist, whipvine cord (-0.491867), alt: 1.6059 -> :
    firemaw's clutch (-0.69313) : -0.0840177 %, alt : +1.84574, from: bwl
    zandalar confessor's bindings (-0.455002) : +0.0153894 %, alt : +1.49302, from: zg
- . - ' - . - ' - . - ' - . - ' - . - ' - . -
legs, empowered leggings (3.3067), alt: 4.03711 -> :
    leggings of transcendence (4.17686) : +0.363251 %, alt : +2.48333, from: mc
    padre's trousers (3.91742) : +0.254945 %, alt : +2.27647, from: pre-raid
    senior designer's pantaloons (3.84203) : +0.223472 %, alt : +2.03559, from: pre-raid
- . - ' - . - ' - . - ' - . - ' - . - ' - . -
feet, boots of transcendence (-0.431061), alt: 2.42076 (s: 0.520044) -> :
    boots of pure thought (4.64529) : +2.11913 %, alt : +3.1678, from: bwl
    boots of transcendence (-0.431061) : +0 %, alt : +2.42077 (s: 0.520044), from: bwl
- . - ' - . - ' - . - ' - . - ' - . - ' - . -
finger, pure elementium band (-0.0227814), alt: 2.70512 -> :
    fordring's seal (0.808533) : +0.347033 %, alt : +1.8667, from: pre-raid
    ring of spellpower (0.942001) : +0.40275 %, alt : +1.61585, from: mc
    primalist's seal (1.82243) : +0.770288 %, alt : +1.55195, from: zg
    rosewine circle (1.93488) : +0.817227 %, alt : +1.41999, from: pre-raid
    mindtear band (0.756577) : +0.325344 %, alt : +1.27804, from: taerar
    band of servitude (0.56488) : +0.24532 %, alt : +1.22517, from: zg
    band of forced concentration (0.450409) : +0.197534 %, alt : +1.16023, from: bwl
    eye of orgrimmar (0.235641) : +0.107879 %, alt : +0.958349, from: pre-raid
    maiden's circle (0.235641) : +0.107879 %, alt : +0.958349, from: pre-raid
    ring of blackrock (0.839569) : +0.359989 %, alt : +0.93034, from: bwl
    zanzil's seal (0.481415) : +0.210477 %, alt : +0.648582, from: zg
- . - ' - . - ' - . - ' - . - ' - . - ' - . -
finger 2, fordring's seal (-0.121307), alt: 1.8667 -> :
    pure elementium band (2.86227) : +1.2455 %, alt : +2.70512, from: bwl
    cauterizing band (-0.0926361) : +0.0119689 %, alt : +2.38436, from: mc
    mindtear band (0.701385) : +0.343434 %, alt : +1.27804, from: taerar
    band of servitude (0.508804) : +0.263041 %, alt : +1.22517, from: zg
    band of forced concentration (0.811157) : +0.389259 %, alt : +1.16023, from: bwl
    eye of orgrimmar (0.936768) : +0.441695 %, alt : +0.958349, from: pre-raid
    maiden's circle (0.936768) : +0.441695 %, alt : +0.958349, from: pre-raid
    ring of blackrock (0.969696) : +0.455441 %, alt : +0.93034, from: bwl
    zanzil's seal (1.77463) : +0.791461 %, alt : +0.648582, from: zg
    cyclopean band (0.659622) : +0.326 %, alt : +0.517662, from: pre-raid
    ring of entropy (0.899948) : +0.426325 %, alt : +0.277777, from: kazzak
    dragonslayer's signet (0.895432) : +0.424439 %, alt : +0.266781, from: onyxia
    band of sulfuras (0.676727) : +0.333141 %, alt : +0.252917, from: mc
    seal of rivendare (0.649597) : +0.321815 %, alt : +0.186938, from: pre-raid
    emerald flame ring (0.627014) : +0.312388 %, alt : +0.131957, from: pre-raid
    magus ring (0.627014) : +0.312388 %, alt : +0.131957, from: pre-raid
    seal of the archmagus (0.622528) : +0.310515 %, alt : +0.12096, from: mc
    band of the hierophant (0.617981) : +0.308617 %, alt : +0.109964, from: pre-raid
    primalist's band (0.617981) : +0.308617 %, alt : +0.109964, from: zg
    ring of demonic guile (0.617981) : +0.308617 %, alt : +0.109964, from: pre-raid
    royal seal of alexis (0.617981) : +0.308617 %, alt : +0.109964, from: pre-raid
    blood of the martyr (0.100464) : +0.0925787 %, alt : +0.109964, from: pre-raid
    ring of binding (0) : +0.0506399 %, alt : +0, from: onyxia
    zanzil's band (0.5728) : +0.289756 %, alt : +0, from: zg
- . - ' - . - ' - . - ' - . - ' - . - ' - . -
trinket, hazza'rah's charm of healing (7.8102), alt: 8.3035 -> :
    hazza'rah's charm of healing (7.8102) : +0 %, alt : +8.3035, from: zg
    darkmoon card: blue dragon (0.188049) : -3.18188 %, alt : +1.06448, from: 
- . - ' - . - ' - . - ' - . - ' - . - ' - . -
trinket 2, rejuvenating gem (1.05608), alt: 3.2317 -> :
    hazza'rah's charm of healing (0) : -0.440861 %, alt : +8.3035, from: zg
    royal seal of eldre'thalas (1.45615) : +0.16701 %, alt : +1.61585, from: pre-raid
    briarwood reed (1.19998) : +0.0600736 %, alt : +1.41999, from: pre-raid
    second wind (1.7155) : +0.275277 %, alt : +1.07724, from: pre-raid
    darkmoon card: blue dragon (0.584412) : -0.196897 %, alt : +1.06448, from: 
    burst of knowledge (1.0591) : +0.00126122 %, alt : +0.587583, from: pre-raid
------------------
Best value: 248.145
