Your call: ./css 4 ../items/phase5.csv ban_tmp_phase4.txt no-locks chocolate_milk_bwl_speed_phase4 -a ../confs/wcl_bwl_speed_log.csv -l chocolate_milk_speed.txt 
Found: -a, val: ../confs/wcl_bwl_speed_log.csv
./css 4 ../items/phase5.csv ban_tmp_phase4.txt no-locks chocolate_milk_bwl_speed_phase4 -l chocolate_milk_speed.txt 
Found key: buff_fraction, saw val: 1
Found key: healing_from_crit_fraction, saw val: 0.2
Found key: transc8_exists, saw val: 0
Found key: enchantments, saw val: 1
Found key: fort, saw val: 1
Found key: motw, saw val: 1
Found key: spirit, saw val: 1
Found key: ai, saw val: 1
Found key: flask, saw val: 1
Found key: holy_disc, saw val: 0
Found key: min_combat_length, saw val: 2
Found key: max_log_entry_diff_in_combat, saw val: 10
Found key: precast, saw val: 1
Found key: swap_cast, saw val: 1
Found key: time_step, saw val: 0.1
Found key: reaction_time, saw val: 0.1
Found key: skip_player, saw val: Paisti
Found key: use_deficit_time_sum, saw val: 0
Found key: wcl_log, saw val: 1
Found: -l, val: chocolate_milk_speed.txt
./css 4 ../items/phase5.csv ban_tmp_phase4.txt no-locks chocolate_milk_bwl_speed_phase4 
Will read log from: chocolate_milk_speed.txt
./css 4 ../items/phase5.csv ban_tmp_phase4.txt no-locks chocolate_milk_bwl_speed_phase4 
./css 4 ../items/phase5.csv ban_tmp_phase4.txt no-locks chocolate_milk_bwl_speed_phase4 
Shuffle seed: 2416673600
Reading banned from: ban_tmp_phase4.txt
Banning: aq20
Banning: aq40
Banning: naxx
Banning: neltharion's tear
Banning: lok'amir il romathis
Banning: choker of the fire lord
Reading WCL parsed log: chocolate_milk_speed.txt
Saw 40567 lines of log, with 40567 log lines
Sorting by timestamp...
Sorted.
Pruning log from: 40567 entries.
Combat from 0 to 11.707 s
Combat from 48.92 to 73.433 s
Combat from 78.039 to 233.401 s
Combat from 234.767 to 241.755 s
Combat from 249.731 to 363.973 s
Combat from 392.525 to 418.744 s
Combat from 445.478 to 733.07 s
Combat from 734.168 to 819.501 s
Combat from 819.706 to 873.265 s
Combat from 875.114 to 934.403 s
Combat from 946.861 to 1014.52 s
Combat from 1037.93 to 1078.45 s
Combat from 1089.76 to 1261.55 s
Combat from 1297.81 to 1419.96 s
Combat from 1433.47 to 1508.82 s
Combat from 1664.7 to 1694.66 s
Combat from 1734.26 to 1767.09 s
Combat from 1785.71 to 1797.1 s
Combat from 1830.31 to 1879.57 s
Combat from 2018.76 to 2053.46 s
Combat from 2066.41 to 2106.21 s
Combat from 2118.22 to 2154.38 s
Combat from 2159.1 to 2238.82 s
Combat from 2250.79 to 2315.5 s
Combat from 2327.26 to 2364.24 s
Combat from 2374.57 to 2464.11 s
Combat from 2528.28 to 2631.25 s
Combat from 2652.3 to 2671.36 s
Combat from 2682.29 to 2721.94 s
Combat from 2736.59 to 2749.87 s
Combat from 2763.64 to 2774.59 s
Combat from 2788.38 to 2827.51 s
Combat from 2842.28 to 2849.94 s
Combat from 2882.31 to 2957.96 s
Combat from 2968.14 to 2985.74 s
Combat from 3017.05 to 3023.61 s
Combat from 3039.33 to 3133.28 s
Combat from 3153.19 to 3189.21 s
Combat from 3209.34 to 3226.35 s
Combat from 3254.31 to 3260.36 s
Combat from 3287.03 to 3300.82 s
Combat from 3315.39 to 3379.33 s
Combat from 3403.83 to 3526.3 s
Combat from 3540.06 to 3577.31 s
Combat from 3605.95 to 3619.52 s
Combat from 3631.89 to 3642.82 s
Combat from 3647.36 to 3675.41 s
Combat from 3689.43 to 3729.51 s
Combat from 3768.02 to 3789.46 s
Combat from 4027.89 to 4073.28 s
Combat from 4169.03 to 4183.79 s
Combat from 4199.48 to 4206.01 s
Combat from 4243.21 to 4253.17 s
Combat from 4309.72 to 4359.96 s
Pruned to: 40171 entries.
----------------------------------------------------------
---- Baseline results without simulated player input: ----
----------------------------------------------------------
oh_limit: 0.9
time_left_mul: 0.5
total_deficit_to_pop_trinkets: 10000
in combat total: 2778.2
Total time casting: 0, which is: 0% of time in combat.
Total hps: 0, raw hps: 0, oh: -nan
Deficit time sum: 1.31407e+11, baseline: 0
Deficit*time change / s: -4.72994e+07 hp
Number of combats: 54
Average mana at start of combat: 0
Average mana at end of combat: 0
Other players with hps > 100:
  Balsina : 208.669 hps
  Demo : 176.637 hps
  Gehrmoon : 118.947 hps
  Ills : 205.749 hps
  Kvaser : 167.621 hps
  Lolona : 153.459 hps
  Stygia : 221.067 hps
  Torg : 202.279 hps
  Tres : 166.54 hps
  Wanenbaas : 231.396 hps
Skip player from: Paisti to: Wanenbaas
Reading WCL parsed log: chocolate_milk_speed.txt
Saw 40567 lines of log, with 40567 log lines
Sorting by timestamp...
Sorted.
Pruning log from: 40567 entries.
Combat from 0 to 10.201 s
Combat from 48.92 to 73.433 s
Combat from 78.039 to 233.401 s
Combat from 234.767 to 241.755 s
Combat from 249.731 to 363.973 s
Combat from 392.525 to 418.744 s
Combat from 445.478 to 733.07 s
Combat from 734.168 to 819.501 s
Combat from 819.706 to 873.265 s
Combat from 875.114 to 934.403 s
Combat from 946.861 to 1014.14 s
Combat from 1037.93 to 1078.45 s
Combat from 1089.76 to 1261.55 s
Combat from 1297.81 to 1419.96 s
Combat from 1433.47 to 1508.82 s
Combat from 1664.7 to 1694.66 s
Combat from 1734.26 to 1767.09 s
Combat from 1785.71 to 1797.1 s
Combat from 1830.31 to 1879.57 s
Combat from 2018.76 to 2053.46 s
Combat from 2066.41 to 2106.21 s
Combat from 2118.22 to 2154.38 s
Combat from 2159.1 to 2238.82 s
Combat from 2250.79 to 2315.5 s
Combat from 2327.26 to 2364.24 s
Combat from 2374.57 to 2464.11 s
Combat from 2528.28 to 2631.25 s
Combat from 2652.3 to 2671.36 s
Combat from 2682.29 to 2721.94 s
Combat from 2736.59 to 2749.87 s
Combat from 2763.64 to 2774.59 s
Combat from 2788.38 to 2827.51 s
Combat from 2842.28 to 2849.94 s
Combat from 2882.31 to 2957.96 s
Combat from 2968.14 to 2985.74 s
Combat from 3017.05 to 3023.61 s
Combat from 3039.33 to 3133.28 s
Combat from 3153.19 to 3189.21 s
Combat from 3209.34 to 3226.35 s
Combat from 3254.31 to 3260.36 s
Combat from 3287.03 to 3300.82 s
Combat from 3315.39 to 3379.33 s
Combat from 3403.83 to 3526.3 s
Combat from 3540.06 to 3577.31 s
Combat from 3605.95 to 3619.52 s
Combat from 3631.89 to 3642.82 s
Combat from 3647.36 to 3675.41 s
Combat from 3689.43 to 3729.51 s
Combat from 3768.02 to 3789.46 s
Combat from 4027.89 to 4073.28 s
Combat from 4169.03 to 4183.79 s
Combat from 4199.48 to 4206.01 s
Combat from 4243.21 to 4253.17 s
Combat from 4309.72 to 4359.96 s
Pruned to: 39099 entries.
Skipped player entries: 1075
Baseline results again due to changed skipped player
oh_limit: 0.9
time_left_mul: 0.5
total_deficit_to_pop_trinkets: 10000
in combat total: 2776.3
Total time casting: 0, which is: 0% of time in combat.
Total hps: 0, raw hps: 0, oh: -nan
Deficit time sum: 2.33661e+11, baseline: 0
Deficit*time change / s: -8.41629e+07 hp
Number of combats: 54
Average mana at start of combat: 0
Average mana at end of combat: 0
Other players with hps > 100:
  Balsina : 222.613 hps
  Demo : 189.629 hps
  Gehrmoon : 127.238 hps
  Ills : 220.206 hps
  Kvaser : 178.473 hps
  Lolona : 162.355 hps
  Stygia : 228.776 hps
  Torg : 217.329 hps
  Tres : 172.816 hps
Reading tmp locked from: start_with.txt
Locking: anastari heirloom
Locking: anathema
Locking: animated chain necklace
Locking: argent crusader
Locking: atal'ai gloves of the owl
Locking: ban'thok sash
Locking: banshee finger
Locking: benediction
Locking: blood of the martyr
Locking: briarwood reed
Locking: burial shawl
Locking: clutch of andros
Locking: crimson felt hat
Locking: cyclopean band
Locking: devout belt
Locking: devout bracers
Locking: devout crown
Locking: devout mantle
Locking: devout robe
Locking: devout sandals
Locking: devout skirt
Locking: dragon finger of healing
Locking: dragon finger of intellect
Locking: dragonrider boots
Locking: dragonslayer's signet
Locking: drakefire amulet
Locking: dreadmist mantle
Locking: dreamweave circlet
Locking: dreamweave gloves
Locking: dreamweave vest
Locking: elder magus pendant
Locking: eye of the beast
Locking: fordring's seal
Locking: girdle of prophecy
Locking: gloves of prophecy
Locking: grimgore noose
Locking: halo of transcendence
Locking: heart of the fiend
Locking: hide of the wild
Locking: kentic amice
Locking: magister's robes
Locking: maleki's footwraps
Locking: mindtap talisman
Locking: nature's breath
Locking: necropile boots
Locking: necropile cuffs
Locking: necropile leggings
Locking: necropile mantle
Locking: necropile robe
Locking: noxious shooter
Locking: omnicast boots
Locking: orb of the forgotten seer
Locking: padre's trousers
Locking: penelope's rose
Locking: quel'dorai channeling rod
Locking: raincaster drape
Locking: rainstrider leggings
Locking: ring of demonic guile
Locking: ring of demonic guile
Locking: robes of prophecy
Locking: robes of the exalted
Locking: robes of the royal crown
Locking: rod of corrosion
Locking: rosewine circle
Locking: royal seal of eldre'thalas
Locking: royal tribunal cloak
Locking: sarah's guide
Locking: seal of rivendare
Locking: seal of rivendare
Locking: shadowy laced handwraps
Locking: silkweb gloves
Locking: soulstealer mantle
Locking: spellbound tome
Locking: spritecaster cape
Locking: star of mystaria
Locking: starfire tiara
Locking: stormrager
Locking: sublime wristguards
Locking: the hammer of grace
Locking: the postmaster's treads
Locking: thuzadin sash
Locking: triune amulet
Locking: vinerot sandals
Locking: whipvine cord
Locking: wolfshear leggings
Locking: boots of the full moon
Locking: mantle of prophecy
Locking: dragon's touch
Locking: bindings of transcendence
Locking: shimmering geta
Locking: empowered leggings
Locking: seal of the archmagus
Locking: circlet of prophecy
Locking: boots of prophecy
Locking: pauldrons of transcendence
Locking: primalist's seal
Locking: zandalar confessor's bindings
Locking: zulian headdress
Locking: mar'li's eye
Locking: shroud of pure thought
Locking: belt of transcendence
Locking: jin'do's evil eye
Locking: primalist's band
Locking: zandalarian hero charm
Locking: zandalar confessor's mantle
Locking: zandalar confessor's wraps 
Locking: pure elementium band
Locking: truefaith vestments
Locking: vambraces of prophecy
Locking: hazza'rah's charm of healing
Locking: handguards of transcendence
Locking: boots of transcendence
Locking: darkmoon card: blue dragon
Locking: rejuvenating gem
Optimizing start items...

*** NEW BEST (1): 203.84

*** NEW BEST (1): 206.812

*** NEW BEST (1): 211.914

*** NEW BEST (1): 225.768

*** NEW BEST (1): 229.588

*** NEW BEST (1): 237.205

*** NEW BEST (1): 241.267

*** NEW BEST (1): 245.174

*** NEW BEST (1): 248.688

*** NEW BEST (1): 252.263

*** NEW BEST (1): 252.742

*** NEW BEST (1): 257.073

*** NEW BEST (1): 261.176

*** NEW BEST (1): 267.599

*** NEW BEST (1): 276.634

*** NEW BEST (1): 279.678
******
*** NEW BEST (1): 279.892
*****
*** NEW BEST (0): 224.254
Based on last: 3000 entries, out of total: 3781 entries, (306 dropped), The least-squares solution is:
Int: 37.2326
Spirit: 30.872
Sp / Healing: 100
Mp5: 140.482
Crit: 445.65
T1 3p/piece: 603.989
T2 3p/piece: 1907.56
Hazza'rah's: 18632.7
Darkmoon: 2622.01
100 points == 1 sp == 0.0699175 hps.
neck : animated chain necklace -> jin'do's evil eye => val: 224.254 -> 225.76

*** NEW BEST (0): 225.76
Based on last: 3000 entries, out of total: 3799 entries, (332 dropped), The least-squares solution is:
Int: 37.4034
Spirit: 30.789
Sp / Healing: 100
Mp5: 139.839
Crit: 442.291
T1 3p/piece: 603.139
T2 3p/piece: 1902.61
Hazza'rah's: 18619.9
Darkmoon: 2620.41
100 points == 1 sp == 0.0699604 hps.
trinket : briarwood reed -> hazza'rah's charm of healing => val: 225.76 -> 235.572

*** NEW BEST (0): 235.572
Based on last: 3000 entries, out of total: 3809 entries, (338 dropped), The least-squares solution is:
Int: 37.1997
Spirit: 30.6852
Sp / Healing: 100
Mp5: 139.375
Crit: 437.909
T1 3p/piece: 605.284
T2 3p/piece: 1897.25
Hazza'rah's: 18463.9
Darkmoon: 2615.16
100 points == 1 sp == 0.0701007 hps.
chest : dreamweave vest -> truefaith vestments => val: 235.572 -> 239.656

*** NEW BEST (0): 239.656
Based on last: 3000 entries, out of total: 3820 entries, (347 dropped), The least-squares solution is:
Int: 36.8717
Spirit: 30.7466
Sp / Healing: 100
Mp5: 139.245
Crit: 446.214
T1 3p/piece: 581.736
T2 3p/piece: 1894.25
Hazza'rah's: 18438.4
Darkmoon: 2611.81
100 points == 1 sp == 0.0701908 hps.
legs : devout skirt -> empowered leggings => val: 239.656 -> 245.17

*** NEW BEST (0): 245.17
Based on last: 3000 entries, out of total: 3830 entries, (357 dropped), The least-squares solution is:
Int: 37.0135
Spirit: 29.9066
Sp / Healing: 100
Mp5: 139.31
Crit: 439.247
T1 3p/piece: 598.513
T2 3p/piece: 1908.86
Hazza'rah's: 18454.1
Darkmoon: 2613.81
100 points == 1 sp == 0.0701369 hps.
finger : blood of the martyr -> pure elementium band => val: 245.17 -> 249.167

*** NEW BEST (0): 249.167
Based on last: 3000 entries, out of total: 3848 entries, (369 dropped), The least-squares solution is:
Int: 36.6477
Spirit: 29.8008
Sp / Healing: 100
Mp5: 138.973
Crit: 438.562
T1 3p/piece: 598.242
T2 3p/piece: 1908.84
Hazza'rah's: 18427.8
Darkmoon: 2610.3
100 points == 1 sp == 0.0702312 hps.
hands : atal'ai gloves of the owl -> handguards of transcendence => val: 249.167 -> 251.097

*** NEW BEST (0): 251.097
Based on last: 3000 entries, out of total: 3853 entries, (386 dropped), The least-squares solution is:
Int: 36.735
Spirit: 29.8293
Sp / Healing: 100
Mp5: 139.05
Crit: 439.183
T1 3p/piece: 595.009
T2 3p/piece: 1904.46
Hazza'rah's: 18429.3
Darkmoon: 2610.41
100 points == 1 sp == 0.0702284 hps.
shoulders : soulstealer mantle -> zandalar confessor's mantle => val: 251.097 -> 256.077

*** NEW BEST (0): 256.077
Based on last: 3000 entries, out of total: 3861 entries, (397 dropped), The least-squares solution is:
Int: 36.8597
Spirit: 29.749
Sp / Healing: 100
Mp5: 138.93
Crit: 439.066
T1 3p/piece: 594.159
T2 3p/piece: 1903.17
Hazza'rah's: 18431.3
Darkmoon: 2610.64
100 points == 1 sp == 0.0702222 hps.
wrists : devout bracers -> bindings of transcendence => val: 256.077 -> 259.064

*** NEW BEST (0): 259.064
Based on last: 3000 entries, out of total: 3867 entries, (410 dropped), The least-squares solution is:
Int: 36.7911
Spirit: 29.8558
Sp / Healing: 100
Mp5: 138.677
Crit: 438.636
T1 3p/piece: 585.02
T2 3p/piece: 1899.17
Hazza'rah's: 18422.3
Darkmoon: 2609.42
100 points == 1 sp == 0.0702548 hps.
ranged : dragon finger of intellect -> dragon's touch => val: 259.064 -> 259.594

*** NEW BEST (0): 259.594
Based on last: 3000 entries, out of total: 3871 entries, (423 dropped), The least-squares solution is:
Int: 36.8188
Spirit: 29.8484
Sp / Healing: 100
Mp5: 138.56
Crit: 438.317
T1 3p/piece: 584.914
T2 3p/piece: 1898.47
Hazza'rah's: 18421.9
Darkmoon: 2609.36
100 points == 1 sp == 0.0702566 hps.
finger 2 : cyclopean band -> fordring's seal => val: 259.594 -> 261.366

*** NEW BEST (0): 261.366
Based on last: 3000 entries, out of total: 3881 entries, (443 dropped), The least-squares solution is:
Int: 37.0294
Spirit: 29.6869
Sp / Healing: 100
Mp5: 138.333
Crit: 439.738
T1 3p/piece: 584.538
T2 3p/piece: 1899.88
Hazza'rah's: 18432.9
Darkmoon: 2610.8
100 points == 1 sp == 0.0702179 hps.
trinket 2 : eye of the beast -> rejuvenating gem => val: 261.366 -> 266.181

*** NEW BEST (0): 266.181
Based on last: 3000 entries, out of total: 3890 entries, (450 dropped), The least-squares solution is:
Int: 37.1355
Spirit: 29.5109
Sp / Healing: 100
Mp5: 137.189
Crit: 438.384
T1 3p/piece: 586.667
T2 3p/piece: 1897.44
Hazza'rah's: 18425.2
Darkmoon: 2555.73
100 points == 1 sp == 0.0702463 hps.
feet : boots of the full moon -> boots of transcendence => val: 266.181 -> 268.323

*** NEW BEST (0): 268.323
Based on last: 3000 entries, out of total: 3894 entries, (466 dropped), The least-squares solution is:
Int: 37.0698
Spirit: 29.4989
Sp / Healing: 100
Mp5: 137.049
Crit: 438.21
T1 3p/piece: 587.658
T2 3p/piece: 1897.98
Hazza'rah's: 18418.8
Darkmoon: 2554.96
100 points == 1 sp == 0.0702677 hps.
head : crimson felt hat -> zulian headdress => val: 268.323 -> 269.772

*** NEW BEST (0): 269.772
Based on last: 3000 entries, out of total: 3911 entries, (473 dropped), The least-squares solution is:
Int: 36.7626
Spirit: 29.4188
Sp / Healing: 100
Mp5: 137.029
Crit: 430.914
T1 3p/piece: 595.136
T2 3p/piece: 1899.1
Hazza'rah's: 18444.7
Darkmoon: 2527.94
100 points == 1 sp == 0.0703717 hps.
waist : ban'thok sash -> whipvine cord => val: 269.772 -> 271.82

*** NEW BEST (0): 271.82
Based on last: 3000 entries, out of total: 3926 entries, (478 dropped), The least-squares solution is:
Int: 36.9105
Spirit: 29.179
Sp / Healing: 100
Mp5: 136.84
Crit: 432.071
T1 3p/piece: 595.082
T2 3p/piece: 1896.61
Hazza'rah's: 18437.8
Darkmoon: 2527.04
100 points == 1 sp == 0.0703968 hps.
*two-hand :   the hammer of grace orb of the forgotten seer -> benediction    => val: 271.82 -> 278.011

*** NEW BEST (0): 278.011
Based on last: 3000 entries, out of total: 4004 entries, (591 dropped), The least-squares solution is:
Int: 36.1251
Spirit: 29.5459
Sp / Healing: 100
Mp5: 135.621
Crit: 433.927
T1 3p/piece: 609.861
T2 3p/piece: 1916.05
Hazza'rah's: 18527.3
Darkmoon: 2543.09
100 points == 1 sp == 0.0703888 hps.
********
Read starting items and cleared locks.
 ----------------------------
 --- head --- 
name: zulian headdress
slot: head
intelligence: 15
stamina: 13
spirit: 14
sp_healing: 55
armor: 78
 ----------------------------
 --- neck --- 
name: jin'do's evil eye
slot: neck
intelligence: 11
stamina: 5
spirit: 6
sp_healing: 44
 ----------------------------
 --- shoulders --- 
name: zandalar confessor's mantle
slot: shoulders
intelligence: 24
stamina: 11
spirit: 15
sp_healing: 22
armor: 78
 ----------------------------
 --- back --- 
name: hide of the wild
slot: back
intelligence: 10
stamina: 8
sp_healing: 42
armor: 48
 ----------------------------
 --- chest --- 
name: truefaith vestments
slot: chest
stamina: 14
sp_healing: 73
mp5: 6
armor: 96
 ----------------------------
 --- wrists --- 
name: bindings of transcendence
slot: wrists
intelligence: 13
stamina: 9
spirit: 16
sp_healing: 33
armor: 51
 ----------------------------
 --- two-hand --- 
name: benediction
slot: two-hand
intelligence: 31
stamina: 10
spirit: 12
sp_healing: 106
spell_crit: 2
shadow_res: 20
 ----------------------------
 ---  --- 
name: 
slot: 
 ----------------------------
 ---  --- 
name: 
slot: 
 ----------------------------
 ---  --- 
name: 
slot: 
 ----------------------------
 --- ranged --- 
name: dragon's touch
slot: ranged
intelligence: 12
stamina: 7
sp: 6
 ----------------------------
 --- hands --- 
name: handguards of transcendence
slot: hands
intelligence: 20
stamina: 12
spirit: 13
sp_healing: 29
spell_crit: 1
armor: 72
 ----------------------------
 --- waist --- 
name: whipvine cord
slot: waist
intelligence: 8
sp_healing: 31
mp5: 6
armor: 47
 ----------------------------
 --- legs --- 
name: empowered leggings
slot: legs
intelligence: 12
stamina: 12
spirit: 24
sp_healing: 77
spell_crit: 1
armor: 103
 ----------------------------
 --- feet --- 
name: boots of transcendence
slot: feet
intelligence: 17
stamina: 17
spirit: 17
sp_healing: 35
fire_res: 10
armor: 80
 ----------------------------
 --- finger --- 
name: pure elementium band
slot: finger
intelligence: 10
stamina: 9
spirit: 10
sp_healing: 53
 ----------------------------
 --- finger --- 
name: fordring's seal
slot: finger
intelligence: 5
stamina: 4
sp_healing: 37
 ----------------------------
 --- trinket --- 
name: hazza'rah's charm of healing
slot: trinket
 ----------------------------
 --- trinket --- 
name: rejuvenating gem
slot: trinket
sp_healing: 66
mp5: 9
 ----------------------------
 --- Set bonuses ---
name: confessor's 2 hazza'rah's 1 transcendence 3 
slot: Set bonuses
sp: 23
 --- And counts for start items ---
oh_limit: 0.9
time_left_mul: 0.5
total_deficit_to_pop_trinkets: 10000
in combat total: 2776.3
Flash Heal 1, casts: 68, avg: 475.797, 4.19182%, cast time 3.67395% of in combat, overheal: 0.250203
Flash Heal 2, casts: 26, avg: 622.351, 2.09643%, cast time 1.40475% of in combat, overheal: 0.137654
Flash Heal 3, casts: 22, avg: 643.727, 1.83483%, cast time 1.18863% of in combat, overheal: 0.197264
Flash Heal 4, casts: 27, avg: 762.741, 2.66817%, cast time 1.45878% of in combat, overheal: 0.140525
Flash Heal 5, casts: 36, avg: 904.895, 4.22059%, cast time 1.94503% of in combat, overheal: 0.118131
Flash Heal 6, casts: 31, avg: 1033.19, 4.14967%, cast time 1.67489% of in combat, overheal: 0.119793
Flash Heal 7, casts: 335, avg: 1278.96, 55.5102%, cast time 18.0996% of in combat, overheal: 0.0623457
Greater Heal 1, casts: 10, avg: 1844.78, 2.3901%, cast time 0.900479% of in combat, overheal: 0
Greater Heal 1 hazz, casts: 27, avg: 1295.58, 4.53212%, cast time 1.45878% of in combat, overheal: 0.297702
Greater Heal 2 hazz, casts: 11, avg: 1730.52, 2.46628%, cast time 0.594316% of in combat, overheal: 0.186153
Greater Heal 3 hazz, casts: 7, avg: 1925.4, 1.74619%, cast time 0.378201% of in combat, overheal: 0.214687
Greater Heal 4, casts: 1, avg: 2833.17, 0.367066%, cast time 0.0900479% of in combat, overheal: 0
Greater Heal 4 hazz, casts: 22, avg: 2514.86, 7.16816%, cast time 1.18863% of in combat, overheal: 0.112352
Heal 2, casts: 30, avg: 1182.74, 4.5971%, cast time 2.70144% of in combat, overheal: 0.102723
Heal 4, casts: 9, avg: 1767.76, 2.06128%, cast time 0.810431% of in combat, overheal: 0.111294
Total time casting: 1043, which is: 37.568% of time in combat.
Total hps: 278.011, raw hps: 311.639, oh: 0.107908
Deficit time sum: 1.1995e+11, baseline: 2.33661e+11
Deficit*time change / s: 4.09581e+07 hp
Number of combats: 54
Average mana at start of combat: 9884.91
Average mana at end of combat: 8857.19
Other players with hps > 100:
  Balsina : 195.951 hps
  Demo : 173.355 hps
  Gehrmoon : 116.36 hps
  Ills : 200.49 hps
  Kvaser : 165.581 hps
  Lolona : 143.69 hps
  Stygia : 216.599 hps
  Torg : 197.108 hps
  Tres : 156.025 hps
Reading locked from: no-locks
Setting tag name to: chocolate_milk_bwl_speed_phase4
.
*** NEW BEST (1): 317.254

*** NEW BEST (1): 321.834

*** NEW BEST (1): 322.303

*** NEW BEST (1): 323.467

*** NEW BEST (1): 323.94
Temporary bans and partial set bonuses off.
.
*** NEW BEST (0): 322.865
two-hand :   jin'do's hexxer lei of the lifegiver -> benediction    => val: 322.865 -> 323.676

*** NEW BEST (0): 323.676
back : shroud of pure thought -> hide of the wild => val: 323.676 -> 325.577

*** NEW BEST (0): 325.577
neck : wavefront necklace -> jin'do's evil eye => val: 325.577 -> 326.603

*** NEW BEST (0): 326.603
finger 2 : primalist's seal -> cauterizing band => val: 326.603 -> 327.437

*** NEW BEST (0): 327.437
***** INTERMEDIATE RESULTS *****
Iteration: 2
 ----------------------------
 --- head --- 
name: crystal adorned crown
slot: head
intelligence: 14
spirit: 13
sp_healing: 92
armor: 85
 ----------------------------
 --- neck --- 
name: jin'do's evil eye
slot: neck
intelligence: 11
stamina: 5
spirit: 6
sp_healing: 44
 ----------------------------
 --- shoulders --- 
name: mantle of the blackwing cabal
slot: shoulders
intelligence: 16
stamina: 12
sp: 34
armor: 84
 ----------------------------
 --- back --- 
name: hide of the wild
slot: back
intelligence: 10
stamina: 8
sp_healing: 42
armor: 48
 ----------------------------
 --- chest --- 
name: robes of transcendence
slot: chest
intelligence: 27
stamina: 17
spirit: 16
sp_healing: 57
nature_res: 10
fire_res: 10
armor: 116
 ----------------------------
 --- wrists --- 
name: zandalar confessor's wraps
slot: wrists
intelligence: 11
stamina: 10
spirit: 12
sp_healing: 24
armor: 41
 ----------------------------
 --- two-hand --- 
name: benediction
slot: two-hand
intelligence: 31
stamina: 10
spirit: 12
sp_healing: 106
spell_crit: 2
shadow_res: 20
 ----------------------------
 ---  --- 
name: 
slot: 
 ----------------------------
 ---  --- 
name: 
slot: 
 ----------------------------
 ---  --- 
name: 
slot: 
 ----------------------------
 --- ranged --- 
name: lunar wand of healing
slot: ranged
sp_healing: 20
 ----------------------------
 --- hands --- 
name: atal'ai hands of healing
slot: hands
sp: 9
sp_healing: 44
armor: 47
 ----------------------------
 --- waist --- 
name: belt of transcendence
slot: waist
intelligence: 26
stamina: 14
spirit: 9
sp_healing: 26
shadow_res: 10
armor: 65
 ----------------------------
 --- legs --- 
name: leggings of transcendence
slot: legs
intelligence: 21
stamina: 16
spirit: 21
sp_healing: 46
mp5: 7
arcane_res: 10
shadow_res: 10
armor: 101
 ----------------------------
 --- feet --- 
name: boots of pure thought
slot: feet
intelligence: 12
stamina: 8
spirit: 12
sp_healing: 62
armor: 74
 ----------------------------
 --- finger --- 
name: pure elementium band
slot: finger
intelligence: 10
stamina: 9
spirit: 10
sp_healing: 53
 ----------------------------
 --- finger --- 
name: cauterizing band
slot: finger
intelligence: 12
stamina: 9
sp_healing: 46
 ----------------------------
 --- trinket --- 
name: hazza'rah's charm of healing
slot: trinket
 ----------------------------
 --- trinket --- 
name: rejuvenating gem
slot: trinket
sp_healing: 66
mp5: 9
 ----------------------------
 --- Set bonuses ---
name: confessor's 2 hazza'rah's 1 transcendence 3 
slot: Set bonuses
sp: 23
------------------
Best value: 327.437
------------------
Char stats: 
Effective hp: 8507.7
Effective mana (100 s, 33 % out of fsr): 17154.6
Raw max mana: 10888.8
Int: 442.98
Stam: 395.83
Spirit: 421.13
Strength: 79.58
Agility: 84.18
All stats multiplier (taken into account above): 1.15
Bonus mana: 2000
Bonus hp: 0
Mp5: 166
Sp: 66
Sp shadow: 0
Sp healing: 888
Spell crit: 20
Spell hit: 0
Arcane res: 37
Nature res: 37
Fire res: 37
Frost res: 27
Shadow res: 67
Armor: 2859.75
Defense: 300
Dodge: 0
Parry: 0
HpsPvp: 977.603
ShadowDps: 234.98
Value pvp healing: 1915.05
Value pvp shadow: 110.641
Effective hp-pvp: 10807.8
Effecctive mana for 100 s, 0.33 fsr: 18626.2
------------------
Best counts:
oh_limit: 0.7
time_left_mul: 2.9
total_deficit_to_pop_trinkets: 3405.62
in combat total: 2776.3
Flash Heal 1, casts: 9, avg: 467.366, 0.460445%, cast time 0.486259% of in combat, overheal: 0.292485
Flash Heal 2, casts: 6, avg: 725.174, 0.47629%, cast time 0.324172% of in combat, overheal: 0.0297493
Flash Heal 3, casts: 5, avg: 661.889, 0.362271%, cast time 0.270144% of in combat, overheal: 0.2
Flash Heal 4, casts: 10, avg: 859.326, 0.940667%, cast time 0.540287% of in combat, overheal: 0.058385
Flash Heal 5, casts: 9, avg: 941.848, 0.9279%, cast time 0.486259% of in combat, overheal: 0.103689
Flash Heal 6, casts: 10, avg: 1114.2, 1.21967%, cast time 0.540287% of in combat, overheal: 0.06995
Flash Heal 7, casts: 81, avg: 1316.99, 11.6774%, cast time 4.37633% of in combat, overheal: 0.0508578
Greater Heal 1, casts: 31, avg: 1713.18, 5.81355%, cast time 2.79149% of in combat, overheal: 0.0957196
Greater Heal 1 hazz, casts: 32, avg: 1181.59, 4.13901%, cast time 1.72892% of in combat, overheal: 0.376309
Greater Heal 2 hazz, casts: 11, avg: 1981.27, 2.38569%, cast time 0.594316% of in combat, overheal: 0.0891288
Greater Heal 3 hazz, casts: 8, avg: 2201.59, 1.92798%, cast time 0.43223% of in combat, overheal: 0.119171
Greater Heal 4, casts: 86, avg: 2689.98, 25.3236%, cast time 7.74412% of in combat, overheal: 0.0658389
Greater Heal 4 hazz, casts: 17, avg: 2663.48, 4.95651%, cast time 0.918489% of in combat, overheal: 0.0750429
Heal 2, casts: 222, avg: 1115.91, 27.1182%, cast time 19.9906% of in combat, overheal: 0.185469
Heal 4, casts: 65, avg: 1724.58, 12.2709%, cast time 5.85311% of in combat, overheal: 0.154096
Total time casting: 1307, which is: 47.077% of time in combat.
Total hps: 329.045, raw hps: 379.661, oh: 0.133319
Deficit time sum: 1.10288e+11, baseline: 2.33661e+11
Deficit*time change / s: 4.44381e+07 hp
Number of combats: 54
Average mana at start of combat: 10067.3
Average mana at end of combat: 9074.65
Other players with hps > 100:
  Balsina : 192.466 hps
  Demo : 168.652 hps
  Gehrmoon : 113.966 hps
  Ills : 194.034 hps
  Kvaser : 163.786 hps
  Lolona : 136.462 hps
  Stygia : 215.816 hps
  Torg : 189.275 hps
  Tres : 153.775 hps
------------------
Upgrades: 
( following sorted by alt scores, no specials )
zulian headdress(4.54398) -> crystal adorned crown(7.10211) : 2.55814 = +0.783533%
boots of transcendence(3.24942) -> boots of pure thought(4.91879) : 1.66937 = +0.509925%
bindings of transcendence(2.98615) -> zandalar confessor's wraps(3.83755) : 0.85141 = +0.259423%
fordring's seal(2.73154) -> cauterizing band(3.54303) : 0.811493 = +0.24723%
dragon's touch(0.727478) -> lunar wand of healing(1.40778) : 0.680298 = +0.207177%
handguards of transcendence(3.12564) -> atal'ai hands of healing(3.73059) : 0.60495 = +0.184189%
zandalar confessor's mantle(2.47079) -> mantle of the blackwing cabal(2.80008) : 0.329285 = +0.100173%
jin'do's evil eye(3.50159) -> jin'do's evil eye(3.50159) : 0 = +0%
hide of the wild(3.2106) -> hide of the wild(3.2106) : 0 = +0%
benediction, , , (9.10992) -> benediction, , , (9.10992) : 0 = +0%
pure elementium band(4.19284) -> pure elementium band(4.19284) : 0 = +0%
hazza'rah's charm of healing(14.6601) -> hazza'rah's charm of healing(14.6601) : 0 = +0%
rejuvenating gem(5.50482) -> rejuvenating gem(5.50482) : 0 = +0%
whipvine cord(2.95825) -> belt of transcendence(2.67841) : -0.279846 = +-0.0849756%
truefaith vestments(5.71115) -> robes of transcendence(5.03146) : -0.679688 = +-0.206138%
empowered leggings(6.52963) -> leggings of transcendence(4.87683) : -1.6528 = +-0.499792%
------------------
~~~~ end of intermediate results ~~~~
Temporary bans and partial set bonuses on.
.
*** NEW BEST (1): 330.755
.Temporary bans and partial set bonuses off.
.wrists : vambraces of prophecy -> bindings of transcendence => val: 325.591 -> 326.567
legs : leggings of transcendence -> empowered leggings => val: 326.567 -> 331.51

*** NEW BEST (0): 331.51
***** INTERMEDIATE RESULTS *****
Iteration: 5
 ----------------------------
 --- head --- 
name: crystal adorned crown
slot: head
intelligence: 14
spirit: 13
sp_healing: 92
armor: 85
 ----------------------------
 --- neck --- 
name: jin'do's evil eye
slot: neck
intelligence: 11
stamina: 5
spirit: 6
sp_healing: 44
 ----------------------------
 --- shoulders --- 
name: zandalar confessor's mantle
slot: shoulders
intelligence: 24
stamina: 11
spirit: 15
sp_healing: 22
armor: 78
 ----------------------------
 --- back --- 
name: hide of the wild
slot: back
intelligence: 10
stamina: 8
sp_healing: 42
armor: 48
 ----------------------------
 --- chest --- 
name: robes of transcendence
slot: chest
intelligence: 27
stamina: 17
spirit: 16
sp_healing: 57
nature_res: 10
fire_res: 10
armor: 116
 ----------------------------
 --- wrists --- 
name: bindings of transcendence
slot: wrists
intelligence: 13
stamina: 9
spirit: 16
sp_healing: 33
armor: 51
 ----------------------------
 --- two-hand --- 
name: benediction
slot: two-hand
intelligence: 31
stamina: 10
spirit: 12
sp_healing: 106
spell_crit: 2
shadow_res: 20
 ----------------------------
 ---  --- 
name: 
slot: 
 ----------------------------
 ---  --- 
name: 
slot: 
 ----------------------------
 ---  --- 
name: 
slot: 
 ----------------------------
 --- ranged --- 
name: lunar wand of healing
slot: ranged
sp_healing: 20
 ----------------------------
 --- hands --- 
name: handguards of transcendence
slot: hands
intelligence: 20
stamina: 12
spirit: 13
sp_healing: 29
spell_crit: 1
armor: 72
 ----------------------------
 --- waist --- 
name: firemaw's clutch
slot: waist
intelligence: 12
stamina: 12
sp: 35
mp5: 5
armor: 64
 ----------------------------
 --- legs --- 
name: empowered leggings
slot: legs
intelligence: 12
stamina: 12
spirit: 24
sp_healing: 77
spell_crit: 1
armor: 103
 ----------------------------
 --- feet --- 
name: boots of pure thought
slot: feet
intelligence: 12
stamina: 8
spirit: 12
sp_healing: 62
armor: 74
 ----------------------------
 --- finger --- 
name: pure elementium band
slot: finger
intelligence: 10
stamina: 9
spirit: 10
sp_healing: 53
 ----------------------------
 --- finger --- 
name: primalist's seal
slot: finger
intelligence: 12
spirit: 8
sp_healing: 29
 ----------------------------
 --- trinket --- 
name: hazza'rah's charm of healing
slot: trinket
 ----------------------------
 --- trinket --- 
name: rejuvenating gem
slot: trinket
sp_healing: 66
mp5: 9
 ----------------------------
 --- Set bonuses ---
name: confessor's 2 hazza'rah's 1 transcendence 3 
slot: Set bonuses
sp: 23
------------------
Best value: 331.51
------------------
Char stats: 
Effective hp: 8449.4
Effective mana (100 s, 33 % out of fsr): 17490.5
Raw max mana: 11021.6
Int: 451.03
Stam: 390.08
Spirit: 460.23
Strength: 79.58
Agility: 84.18
All stats multiplier (taken into account above): 1.15
Bonus mana: 2000
Bonus hp: 0
Mp5: 164
Sp: 58
Sp shadow: 0
Sp healing: 892
Spell crit: 22
Spell hit: 0
Arcane res: 27
Nature res: 37
Fire res: 37
Frost res: 27
Shadow res: 47
Armor: 2889.75
Defense: 300
Dodge: 0
Parry: 0
HpsPvp: 984.291
ShadowDps: 235.339
Value pvp healing: 1962.46
Value pvp shadow: 112.187
Effective hp-pvp: 10644.5
Effecctive mana for 100 s, 0.33 fsr: 19085
------------------
Best counts:
oh_limit: 0.7
time_left_mul: 2.9
total_deficit_to_pop_trinkets: 3405.62
in combat total: 2776.3
Flash Heal 1, casts: 9, avg: 467.73, 0.460629%, cast time 0.486259% of in combat, overheal: 0.292811
Flash Heal 2, casts: 6, avg: 726.147, 0.476748%, cast time 0.324172% of in combat, overheal: 0.0299628
Flash Heal 3, casts: 5, avg: 663.079, 0.362784%, cast time 0.270144% of in combat, overheal: 0.2
Flash Heal 4, casts: 10, avg: 860.605, 0.94171%, cast time 0.540287% of in combat, overheal: 0.0588678
Flash Heal 5, casts: 9, avg: 943.699, 0.929371%, cast time 0.486259% of in combat, overheal: 0.103957
Flash Heal 6, casts: 10, avg: 1116.58, 1.2218%, cast time 0.540287% of in combat, overheal: 0.0702716
Flash Heal 7, casts: 82, avg: 1321.17, 11.8545%, cast time 4.43036% of in combat, overheal: 0.0503971
Greater Heal 1, casts: 31, avg: 1738.4, 5.89692%, cast time 2.79149% of in combat, overheal: 0.0843348
Greater Heal 1 hazz, casts: 32, avg: 1144.68, 4.00817%, cast time 1.72892% of in combat, overheal: 0.397067
Greater Heal 2 hazz, casts: 12, avg: 1963.63, 2.57842%, cast time 0.648345% of in combat, overheal: 0.0993596
Greater Heal 3 hazz, casts: 7, avg: 2163.63, 1.65727%, cast time 0.378201% of in combat, overheal: 0.136579
Greater Heal 4, casts: 86, avg: 2689.79, 25.3122%, cast time 7.74412% of in combat, overheal: 0.0684821
Greater Heal 4 hazz, casts: 17, avg: 2667.94, 4.96293%, cast time 0.918489% of in combat, overheal: 0.076047
Heal 2, casts: 220, avg: 1111.2, 26.7502%, cast time 19.8105% of in combat, overheal: 0.189994
Heal 4, casts: 66, avg: 1742.78, 12.5864%, cast time 5.94316% of in combat, overheal: 0.147055
Total time casting: 1306, which is: 47.041% of time in combat.
Total hps: 329.17, raw hps: 380.612, oh: 0.135154
Deficit time sum: 1.10415e+11, baseline: 2.33661e+11
Deficit*time change / s: 4.43922e+07 hp
Number of combats: 54
Average mana at start of combat: 10213
Average mana at end of combat: 9236.78
Other players with hps > 100:
  Balsina : 192.31 hps
  Demo : 169.144 hps
  Gehrmoon : 113.972 hps
  Ills : 193.68 hps
  Kvaser : 163.731 hps
  Lolona : 136.58 hps
  Stygia : 215.759 hps
  Torg : 188.935 hps
  Tres : 153.427 hps
------------------
Upgrades: 
( following sorted by alt scores, no specials )
zulian headdress(4.54398) -> crystal adorned crown(7.10211) : 2.55814 = +0.783234%
boots of transcendence(3.24942) -> boots of pure thought(4.91879) : 1.66937 = +0.509731%
dragon's touch(0.727478) -> lunar wand of healing(1.40778) : 0.680298 = +0.207099%
whipvine cord(2.95825) -> firemaw's clutch(3.24606) : 0.287811 = +0.0875119%
jin'do's evil eye(3.50159) -> jin'do's evil eye(3.50159) : 0 = +0%
zandalar confessor's mantle(4.08972) -> zandalar confessor's mantle(4.08972) : 0 = +0%
hide of the wild(3.2106) -> hide of the wild(3.2106) : 0 = +0%
bindings of transcendence(2.98615) -> bindings of transcendence(2.98615) : 0 = +0%
benediction, , , (9.10992) -> benediction, , , (9.10992) : 0 = +0%
handguards of transcendence(3.12564) -> handguards of transcendence(3.12564) : 0 = +0%
empowered leggings(6.52963) -> empowered leggings(6.52963) : 0 = +0%
pure elementium band(4.19284) -> pure elementium band(4.19284) : 0 = +0%
hazza'rah's charm of healing(14.6601) -> hazza'rah's charm of healing(14.6601) : 0 = +0%
rejuvenating gem(5.50482) -> rejuvenating gem(5.50482) : 0 = +0%
fordring's seal(2.73154) -> primalist's seal(2.51279) : -0.21875 = +-0.0664108%
truefaith vestments(5.71115) -> robes of transcendence(5.03146) : -0.679688 = +-0.20606%
------------------
~~~~ end of intermediate results ~~~~
Temporary bans and partial set bonuses on.
.
*** NEW BEST (1): 332.365

*** NEW BEST (1): 332.509

*** NEW BEST (1): 332.519
.
*** NEW BEST (1): 334.352
Based on last: 3000 entries, out of total: 6138 entries, (3309 dropped), The least-squares solution is:
Int: 31.9469
Spirit: 29.4159
Sp / Healing: 100
Mp5: 126.919
Crit: 418.049
T1 3p/piece: 371.388
T2 3p/piece: 2051.51
Hazza'rah's: 19179.3
Darkmoon: 2301.38
100 points == 1 sp == 0.0708464 hps.
Temporary bans and partial set bonuses off.
.shoulders : mantle of the blackwing cabal -> zandalar confessor's mantle => val: 328.764 -> 329.134
finger 2 : primalist's seal -> cauterizing band => val: 329.134 -> 332.185

*** NEW BEST (0): 332.185
Based on last: 3000 entries, out of total: 6216 entries, (3477 dropped), The least-squares solution is:
Int: 32.3961
Spirit: 30.0801
Sp / Healing: 100
Mp5: 127.56
Crit: 418.096
T1 3p/piece: 469.715
T2 3p/piece: 2156
Hazza'rah's: 19174.9
Darkmoon: 2319.81
100 points == 1 sp == 0.0708567 hps.
***** INTERMEDIATE RESULTS *****
Iteration: 8
 ----------------------------
 --- head --- 
name: crystal adorned crown
slot: head
intelligence: 14
spirit: 13
sp_healing: 92
armor: 85
 ----------------------------
 --- neck --- 
name: jin'do's evil eye
slot: neck
intelligence: 11
stamina: 5
spirit: 6
sp_healing: 44
 ----------------------------
 --- shoulders --- 
name: zandalar confessor's mantle
slot: shoulders
intelligence: 24
stamina: 11
spirit: 15
sp_healing: 22
armor: 78
 ----------------------------
 --- back --- 
name: hide of the wild
slot: back
intelligence: 10
stamina: 8
sp_healing: 42
armor: 48
 ----------------------------
 --- chest --- 
name: robes of transcendence
slot: chest
intelligence: 27
stamina: 17
spirit: 16
sp_healing: 57
nature_res: 10
fire_res: 10
armor: 116
 ----------------------------
 --- wrists --- 
name: bindings of transcendence
slot: wrists
intelligence: 13
stamina: 9
spirit: 16
sp_healing: 33
armor: 51
 ----------------------------
 --- two-hand --- 
name: benediction
slot: two-hand
intelligence: 31
stamina: 10
spirit: 12
sp_healing: 106
spell_crit: 2
shadow_res: 20
 ----------------------------
 ---  --- 
name: 
slot: 
 ----------------------------
 ---  --- 
name: 
slot: 
 ----------------------------
 ---  --- 
name: 
slot: 
 ----------------------------
 --- ranged --- 
name: lunar wand of healing
slot: ranged
sp_healing: 20
 ----------------------------
 --- hands --- 
name: atal'ai hands of healing
slot: hands
sp: 9
sp_healing: 44
armor: 47
 ----------------------------
 --- waist --- 
name: belt of transcendence
slot: waist
intelligence: 26
stamina: 14
spirit: 9
sp_healing: 26
shadow_res: 10
armor: 65
 ----------------------------
 --- legs --- 
name: empowered leggings
slot: legs
intelligence: 12
stamina: 12
spirit: 24
sp_healing: 77
spell_crit: 1
armor: 103
 ----------------------------
 --- feet --- 
name: boots of pure thought
slot: feet
intelligence: 12
stamina: 8
spirit: 12
sp_healing: 62
armor: 74
 ----------------------------
 --- finger --- 
name: pure elementium band
slot: finger
intelligence: 10
stamina: 9
spirit: 10
sp_healing: 53
 ----------------------------
 --- finger --- 
name: cauterizing band
slot: finger
intelligence: 12
stamina: 9
sp_healing: 46
 ----------------------------
 --- trinket --- 
name: hazza'rah's charm of healing
slot: trinket
 ----------------------------
 --- trinket --- 
name: rejuvenating gem
slot: trinket
sp_healing: 66
mp5: 9
 ----------------------------
 --- Set bonuses ---
name: confessor's 2 hazza'rah's 1 transcendence 3 
slot: Set bonuses
sp: 23
------------------
Best value: 332.185
------------------
Char stats: 
Effective hp: 8444.3
Effective mana (100 s, 33 % out of fsr): 17190.9
Raw max mana: 10907.7
Int: 444.13
Stam: 388.93
Spirit: 446.43
Strength: 79.58
Agility: 84.18
All stats multiplier (taken into account above): 1.15
Bonus mana: 2000
Bonus hp: 0
Mp5: 159
Sp: 32
Sp shadow: 0
Sp healing: 950
Spell crit: 21
Spell hit: 0
Arcane res: 27
Nature res: 37
Fire res: 37
Frost res: 27
Shadow res: 57
Armor: 2865.75
Defense: 300
Dodge: 0
Parry: 0
HpsPvp: 987.867
ShadowDps: 227.34
Value pvp healing: 1910.16
Value pvp shadow: 101.163
Effective hp-pvp: 10670.6
Effecctive mana for 100 s, 0.33 fsr: 18742
------------------
Best counts:
oh_limit: 0.7
time_left_mul: 2.9
total_deficit_to_pop_trinkets: 3405.62
in combat total: 2776.3
Flash Heal 1, casts: 11, avg: 509.303, 0.607467%, cast time 0.594316% of in combat, overheal: 0.244998
Flash Heal 2, casts: 4, avg: 724.681, 0.314311%, cast time 0.216115% of in combat, overheal: 0.0484438
Flash Heal 3, casts: 5, avg: 673.344, 0.365057%, cast time 0.270144% of in combat, overheal: 0.2
Flash Heal 4, casts: 11, avg: 874.702, 1.04329%, cast time 0.594316% of in combat, overheal: 0.0565085
Flash Heal 5, casts: 10, avg: 956.886, 1.03756%, cast time 0.540287% of in combat, overheal: 0.101981
Flash Heal 6, casts: 9, avg: 1139.69, 1.1122%, cast time 0.486259% of in combat, overheal: 0.0604632
Flash Heal 7, casts: 80, avg: 1354.77, 11.7519%, cast time 4.3223% of in combat, overheal: 0.0343441
Greater Heal 1, casts: 29, avg: 1735.77, 5.45814%, cast time 2.61139% of in combat, overheal: 0.097595
Greater Heal 1 hazz, casts: 31, avg: 1164.67, 3.91489%, cast time 1.67489% of in combat, overheal: 0.394502
Greater Heal 2 hazz, casts: 15, avg: 1966.66, 3.1987%, cast time 0.810431% of in combat, overheal: 0.107951
Greater Heal 3 hazz, casts: 5, avg: 2296.28, 1.24494%, cast time 0.270144% of in combat, overheal: 0.0922358
Greater Heal 4, casts: 82, avg: 2696.31, 23.9738%, cast time 7.38393% of in combat, overheal: 0.0735782
Greater Heal 4 hazz, casts: 17, avg: 2680.74, 4.94148%, cast time 0.918489% of in combat, overheal: 0.078927
Heal 2, casts: 230, avg: 1139.53, 28.4188%, cast time 20.711% of in combat, overheal: 0.184947
Heal 4, casts: 65, avg: 1790.22, 12.6175%, cast time 5.85311% of in combat, overheal: 0.134373
Total time casting: 1312, which is: 47.2571% of time in combat.
Total hps: 332.185, raw hps: 383.221, oh: 0.133175
Deficit time sum: 1.09477e+11, baseline: 2.33661e+11
Deficit*time change / s: 4.473e+07 hp
Number of combats: 54
Average mana at start of combat: 10099.7
Average mana at end of combat: 9117.43
Other players with hps > 100:
  Balsina : 191.933 hps
  Demo : 168.986 hps
  Gehrmoon : 112.875 hps
  Ills : 193.408 hps
  Kvaser : 163.633 hps
  Lolona : 135.841 hps
  Stygia : 215.872 hps
  Torg : 189.289 hps
  Tres : 153.945 hps
------------------
Upgrades: 
( following sorted by alt scores, no specials )
zulian headdress(4.53983) -> crystal adorned crown(7.11725) : 2.57742 = +0.781967%
boots of transcendence(3.23254) -> boots of pure thought(4.92435) : 1.6918 = +0.511902%
fordring's seal(2.73648) -> cauterizing band(3.53485) : 0.79837 = +0.240918%
dragon's touch(0.700592) -> lunar wand of healing(1.41714) : 0.716553 = +0.216175%
handguards of transcendence(3.08728) -> atal'ai hands of healing(3.7554) : 0.668121 = +0.201534%
jin'do's evil eye(3.49808) -> jin'do's evil eye(3.49808) : 0 = +0%
zandalar confessor's mantle(4.05917) -> zandalar confessor's mantle(4.05917) : 0 = +0%
hide of the wild(3.20554) -> hide of the wild(3.20554) : 0 = +0%
bindings of transcendence(2.97769) -> bindings of transcendence(2.97769) : 0 = +0%
benediction, , , (9.07068) -> benediction, , , (9.07068) : 0 = +0%
empowered leggings(6.53918) -> empowered leggings(6.53918) : 0 = +0%
pure elementium band(4.19809) -> pure elementium band(4.19809) : 0 = +0%
hazza'rah's charm of healing(15.2164) -> hazza'rah's charm of healing(15.2164) : 0 = +0%
rejuvenating gem(5.48999) -> rejuvenating gem(5.48999) : 0 = +0%
whipvine cord(2.92252) -> belt of transcendence(2.63092) : -0.291595 = +-0.087704%
truefaith vestments(5.71484) -> robes of transcendence(4.99963) : -0.71521 = +-0.214842%
------------------
~~~~ end of intermediate results ~~~~
Temporary bans and partial set bonuses on.
.
*** NEW BEST (1): 334.845
Based on last: 3000 entries, out of total: 6272 entries, (3633 dropped), The least-squares solution is:
Int: 32.0768
Spirit: 29.8001
Sp / Healing: 100
Mp5: 128.731
Crit: 415.513
T1 3p/piece: 467.272
T2 3p/piece: 2214.25
Hazza'rah's: 19241.8
Darkmoon: 2321.98
100 points == 1 sp == 0.0715272 hps.
.Temporary bans and partial set bonuses off.
.finger 2 : primalist's seal -> cauterizing band => val: 327.013 -> 330.114
neck : wavefront necklace -> jin'do's evil eye => val: 330.114 -> 330.913
shoulders : mantle of the blackwing cabal -> zandalar confessor's mantle => val: 330.913 -> 331.497
Swapping to best matching bonuses: 
    hazza'rah's charm of healing -> hazza'rah's charm of healing
    zandalar confessor's mantle -> zandalar confessor's mantle
    belt of transcendence -> belt of transcendence
    bindings of transcendence -> bindings of transcendence
    atal'ai hands of healing -> handguards of transcendence
    robes of transcendence -> truefaith vestments
    value from: 331.497 -> 331.289
***** INTERMEDIATE RESULTS *****
Iteration: 11
 ----------------------------
 --- head --- 
name: crystal adorned crown
slot: head
intelligence: 14
spirit: 13
sp_healing: 92
armor: 85
 ----------------------------
 --- neck --- 
name: jin'do's evil eye
slot: neck
intelligence: 11
stamina: 5
spirit: 6
sp_healing: 44
 ----------------------------
 --- shoulders --- 
name: zandalar confessor's mantle
slot: shoulders
intelligence: 24
stamina: 11
spirit: 15
sp_healing: 22
armor: 78
 ----------------------------
 --- back --- 
name: hide of the wild
slot: back
intelligence: 10
stamina: 8
sp_healing: 42
armor: 48
 ----------------------------
 --- chest --- 
name: robes of transcendence
slot: chest
intelligence: 27
stamina: 17
spirit: 16
sp_healing: 57
nature_res: 10
fire_res: 10
armor: 116
 ----------------------------
 --- wrists --- 
name: bindings of transcendence
slot: wrists
intelligence: 13
stamina: 9
spirit: 16
sp_healing: 33
armor: 51
 ----------------------------
 --- two-hand --- 
name: benediction
slot: two-hand
intelligence: 31
stamina: 10
spirit: 12
sp_healing: 106
spell_crit: 2
shadow_res: 20
 ----------------------------
 ---  --- 
name: 
slot: 
 ----------------------------
 ---  --- 
name: 
slot: 
 ----------------------------
 ---  --- 
name: 
slot: 
 ----------------------------
 --- ranged --- 
name: lunar wand of healing
slot: ranged
sp_healing: 20
 ----------------------------
 --- hands --- 
name: high councillor's gloves of healing
slot: hands
sp_healing: 46
armor: 49
 ----------------------------
 --- waist --- 
name: belt of transcendence
slot: waist
intelligence: 26
stamina: 14
spirit: 9
sp_healing: 26
shadow_res: 10
armor: 65
 ----------------------------
 --- legs --- 
name: empowered leggings
slot: legs
intelligence: 12
stamina: 12
spirit: 24
sp_healing: 77
spell_crit: 1
armor: 103
 ----------------------------
 --- feet --- 
name: boots of pure thought
slot: feet
intelligence: 12
stamina: 8
spirit: 12
sp_healing: 62
armor: 74
 ----------------------------
 --- finger --- 
name: pure elementium band
slot: finger
intelligence: 10
stamina: 9
spirit: 10
sp_healing: 53
 ----------------------------
 --- finger --- 
name: primalist's seal
slot: finger
intelligence: 12
spirit: 8
sp_healing: 29
 ----------------------------
 --- trinket --- 
name: hazza'rah's charm of healing
slot: trinket
 ----------------------------
 --- trinket --- 
name: rejuvenating gem
slot: trinket
sp_healing: 66
mp5: 9
 ----------------------------
 --- Set bonuses ---
name: confessor's 2 hazza'rah's 1 transcendence 3 
slot: Set bonuses
sp: 23
------------------
Best value: 332.185
------------------
Char stats: 
Effective hp: 8336
Effective mana (100 s, 33 % out of fsr): 17248.1
Raw max mana: 10907.7
Int: 444.13
Stam: 378.58
Spirit: 455.63
Strength: 79.58
Agility: 84.18
All stats multiplier (taken into account above): 1.15
Bonus mana: 2000
Bonus hp: 0
Mp5: 159
Sp: 23
Sp shadow: 0
Sp healing: 935
Spell crit: 21
Spell hit: 0
Arcane res: 27
Nature res: 37
Fire res: 37
Frost res: 27
Shadow res: 57
Armor: 2867.75
Defense: 300
Dodge: 0
Parry: 0
HpsPvp: 986.307
ShadowDps: 226.336
Value pvp healing: 1929.44
Value pvp shadow: 101.605
Effective hp-pvp: 10534.5
Effecctive mana for 100 s, 0.33 fsr: 18828.1
------------------
Best counts:
oh_limit: 0.6
time_left_mul: 2.9
total_deficit_to_pop_trinkets: 3405.62
in combat total: 2776.3
Flash Heal 1, casts: 10, avg: 518.064, 0.564264%, cast time 0.540287% of in combat, overheal: 0.219384
Flash Heal 2, casts: 6, avg: 727.886, 0.475678%, cast time 0.324172% of in combat, overheal: 0.0303426
Flash Heal 3, casts: 6, avg: 692.307, 0.452427%, cast time 0.324172% of in combat, overheal: 0.166667
Flash Heal 4, casts: 9, avg: 869.806, 0.852636%, cast time 0.486259% of in combat, overheal: 0.0506159
Flash Heal 5, casts: 11, avg: 964.797, 1.15592%, cast time 0.594316% of in combat, overheal: 0.085189
Flash Heal 6, casts: 10, avg: 1138.8, 1.24035%, cast time 0.540287% of in combat, overheal: 0.0526769
Flash Heal 7, casts: 80, avg: 1358.39, 11.8362%, cast time 4.3223% of in combat, overheal: 0.0241758
Greater Heal 1, casts: 29, avg: 1723.99, 5.44541%, cast time 2.61139% of in combat, overheal: 0.0934935
Greater Heal 1 hazz, casts: 29, avg: 1252.14, 3.95504%, cast time 1.56683% of in combat, overheal: 0.341599
Greater Heal 2 hazz, casts: 14, avg: 2047.04, 3.12143%, cast time 0.756402% of in combat, overheal: 0.0622604
Greater Heal 3 hazz, casts: 8, avg: 1806.95, 1.57447%, cast time 0.43223% of in combat, overheal: 0.279496
Greater Heal 4, casts: 83, avg: 2689.8, 24.3163%, cast time 7.47398% of in combat, overheal: 0.0688703
Greater Heal 4 hazz, casts: 17, avg: 2672.01, 4.9475%, cast time 0.918489% of in combat, overheal: 0.0750282
Heal 2, casts: 218, avg: 1151.44, 27.3398%, cast time 19.6304% of in combat, overheal: 0.163367
Heal 4, casts: 66, avg: 1769.85, 12.7227%, cast time 5.94316% of in combat, overheal: 0.135095
Total time casting: 1290, which is: 46.4647% of time in combat.
Total hps: 330.701, raw hps: 376.128, oh: 0.120775
Deficit time sum: 1.09683e+11, baseline: 2.33661e+11
Deficit*time change / s: 4.46559e+07 hp
Number of combats: 54
Average mana at start of combat: 10108.9
Average mana at end of combat: 9132.21
Other players with hps > 100:
  Balsina : 192.138 hps
  Demo : 168.568 hps
  Gehrmoon : 112.902 hps
  Ills : 194.923 hps
  Kvaser : 163.847 hps
  Lolona : 136.245 hps
  Stygia : 216.099 hps
  Torg : 188.577 hps
  Tres : 153.139 hps
------------------
Upgrades: 
( following sorted by alt scores, no specials )
zulian headdress(4.57657) -> crystal adorned crown(7.1788) : 2.60223 = +0.793126%
boots of transcendence(3.25586) -> boots of pure thought(4.96579) : 1.70993 = +0.51975%
dragon's touch(0.704498) -> lunar wand of healing(1.43054) : 0.726044 = +0.22003%
handguards of transcendence(3.10745) -> high councillor's gloves of healing(3.29025) : 0.1828 = +0.0553072%
jin'do's evil eye(3.52747) -> jin'do's evil eye(3.52747) : 0 = +0%
zandalar confessor's mantle(4.08911) -> zandalar confessor's mantle(4.08911) : 0 = +0%
hide of the wild(3.23358) -> hide of the wild(3.23358) : 0 = +0%
bindings of transcendence(2.99969) -> bindings of transcendence(2.99969) : 0 = +0%
benediction, , , (9.14331) -> benediction, , , (9.14331) : 0 = +0%
empowered leggings(6.59167) -> empowered leggings(6.59167) : 0 = +0%
pure elementium band(4.23352) -> pure elementium band(4.23352) : 0 = +0%
hazza'rah's charm of healing(15.4083) -> hazza'rah's charm of healing(15.4083) : 0 = +0%
rejuvenating gem(5.5495) -> rejuvenating gem(5.5495) : 0 = +0%
fordring's seal(2.76123) -> primalist's seal(2.52014) : -0.241089 = +-0.0728493%
whipvine cord(2.95337) -> belt of transcendence(2.64807) : -0.305298 = +-0.0922333%
truefaith vestments(5.77396) -> robes of transcendence(5.03757) : -0.736389 = +-0.222181%
------------------
~~~~ end of intermediate results ~~~~
Temporary bans and partial set bonuses on.
..Temporary bans and partial set bonuses off.
.finger 2 : primalist's seal -> cauterizing band => val: 330.879 -> 331.193
***** INTERMEDIATE RESULTS *****
Iteration: 14
 ----------------------------
 --- head --- 
name: crystal adorned crown
slot: head
intelligence: 14
spirit: 13
sp_healing: 92
armor: 85
 ----------------------------
 --- neck --- 
name: jin'do's evil eye
slot: neck
intelligence: 11
stamina: 5
spirit: 6
sp_healing: 44
 ----------------------------
 --- shoulders --- 
name: zandalar confessor's mantle
slot: shoulders
intelligence: 24
stamina: 11
spirit: 15
sp_healing: 22
armor: 78
 ----------------------------
 --- back --- 
name: hide of the wild
slot: back
intelligence: 10
stamina: 8
sp_healing: 42
armor: 48
 ----------------------------
 --- chest --- 
name: robes of transcendence
slot: chest
intelligence: 27
stamina: 17
spirit: 16
sp_healing: 57
nature_res: 10
fire_res: 10
armor: 116
 ----------------------------
 --- wrists --- 
name: bindings of transcendence
slot: wrists
intelligence: 13
stamina: 9
spirit: 16
sp_healing: 33
armor: 51
 ----------------------------
 --- two-hand --- 
name: benediction
slot: two-hand
intelligence: 31
stamina: 10
spirit: 12
sp_healing: 106
spell_crit: 2
shadow_res: 20
 ----------------------------
 ---  --- 
name: 
slot: 
 ----------------------------
 ---  --- 
name: 
slot: 
 ----------------------------
 ---  --- 
name: 
slot: 
 ----------------------------
 --- ranged --- 
name: lunar wand of healing
slot: ranged
sp_healing: 20
 ----------------------------
 --- hands --- 
name: high councillor's gloves of healing
slot: hands
sp_healing: 46
armor: 49
 ----------------------------
 --- waist --- 
name: belt of transcendence
slot: waist
intelligence: 26
stamina: 14
spirit: 9
sp_healing: 26
shadow_res: 10
armor: 65
 ----------------------------
 --- legs --- 
name: empowered leggings
slot: legs
intelligence: 12
stamina: 12
spirit: 24
sp_healing: 77
spell_crit: 1
armor: 103
 ----------------------------
 --- feet --- 
name: boots of pure thought
slot: feet
intelligence: 12
stamina: 8
spirit: 12
sp_healing: 62
armor: 74
 ----------------------------
 --- finger --- 
name: pure elementium band
slot: finger
intelligence: 10
stamina: 9
spirit: 10
sp_healing: 53
 ----------------------------
 --- finger --- 
name: primalist's seal
slot: finger
intelligence: 12
spirit: 8
sp_healing: 29
 ----------------------------
 --- trinket --- 
name: hazza'rah's charm of healing
slot: trinket
 ----------------------------
 --- trinket --- 
name: rejuvenating gem
slot: trinket
sp_healing: 66
mp5: 9
 ----------------------------
 --- Set bonuses ---
name: confessor's 2 hazza'rah's 1 transcendence 3 
slot: Set bonuses
sp: 23
------------------
Best value: 332.185
------------------
Char stats: 
Effective hp: 8336
Effective mana (100 s, 33 % out of fsr): 17248.1
Raw max mana: 10907.7
Int: 444.13
Stam: 378.58
Spirit: 455.63
Strength: 79.58
Agility: 84.18
All stats multiplier (taken into account above): 1.15
Bonus mana: 2000
Bonus hp: 0
Mp5: 159
Sp: 23
Sp shadow: 0
Sp healing: 935
Spell crit: 21
Spell hit: 0
Arcane res: 27
Nature res: 37
Fire res: 37
Frost res: 27
Shadow res: 57
Armor: 2867.75
Defense: 300
Dodge: 0
Parry: 0
HpsPvp: 982.805
ShadowDps: 228.014
Value pvp healing: 1882.35
Value pvp shadow: 101.319
Effective hp-pvp: 10534.5
Effecctive mana for 100 s, 0.33 fsr: 18828.1
------------------
Best counts:
oh_limit: 0.6
time_left_mul: 2.9
total_deficit_to_pop_trinkets: 3405.62
in combat total: 2776.3
Flash Heal 1, casts: 10, avg: 518.064, 0.564264%, cast time 0.540287% of in combat, overheal: 0.219384
Flash Heal 2, casts: 6, avg: 727.886, 0.475678%, cast time 0.324172% of in combat, overheal: 0.0303426
Flash Heal 3, casts: 6, avg: 692.307, 0.452427%, cast time 0.324172% of in combat, overheal: 0.166667
Flash Heal 4, casts: 9, avg: 869.806, 0.852636%, cast time 0.486259% of in combat, overheal: 0.0506159
Flash Heal 5, casts: 11, avg: 964.797, 1.15592%, cast time 0.594316% of in combat, overheal: 0.085189
Flash Heal 6, casts: 10, avg: 1138.8, 1.24035%, cast time 0.540287% of in combat, overheal: 0.0526769
Flash Heal 7, casts: 80, avg: 1358.39, 11.8362%, cast time 4.3223% of in combat, overheal: 0.0241758
Greater Heal 1, casts: 29, avg: 1723.99, 5.44541%, cast time 2.61139% of in combat, overheal: 0.0934935
Greater Heal 1 hazz, casts: 29, avg: 1252.14, 3.95504%, cast time 1.56683% of in combat, overheal: 0.341599
Greater Heal 2 hazz, casts: 14, avg: 2047.04, 3.12143%, cast time 0.756402% of in combat, overheal: 0.0622604
Greater Heal 3 hazz, casts: 8, avg: 1806.95, 1.57447%, cast time 0.43223% of in combat, overheal: 0.279496
Greater Heal 4, casts: 83, avg: 2689.8, 24.3163%, cast time 7.47398% of in combat, overheal: 0.0688703
Greater Heal 4 hazz, casts: 17, avg: 2672.01, 4.9475%, cast time 0.918489% of in combat, overheal: 0.0750282
Heal 2, casts: 218, avg: 1151.44, 27.3398%, cast time 19.6304% of in combat, overheal: 0.163367
Heal 4, casts: 66, avg: 1769.85, 12.7227%, cast time 5.94316% of in combat, overheal: 0.135095
Total time casting: 1290, which is: 46.4647% of time in combat.
Total hps: 330.701, raw hps: 376.128, oh: 0.120775
Deficit time sum: 1.09683e+11, baseline: 2.33661e+11
Deficit*time change / s: 4.46559e+07 hp
Number of combats: 54
Average mana at start of combat: 10108.9
Average mana at end of combat: 9132.21
Other players with hps > 100:
  Balsina : 192.138 hps
  Demo : 168.568 hps
  Gehrmoon : 112.902 hps
  Ills : 194.923 hps
  Kvaser : 163.847 hps
  Lolona : 136.245 hps
  Stygia : 216.099 hps
  Torg : 188.577 hps
  Tres : 153.139 hps
------------------
Upgrades: 
( following sorted by alt scores, no specials )
zulian headdress(4.57657) -> crystal adorned crown(7.1788) : 2.60223 = +0.793126%
boots of transcendence(3.25586) -> boots of pure thought(4.96579) : 1.70993 = +0.51975%
dragon's touch(0.704498) -> lunar wand of healing(1.43054) : 0.726044 = +0.22003%
handguards of transcendence(3.10745) -> high councillor's gloves of healing(3.29025) : 0.1828 = +0.0553072%
jin'do's evil eye(3.52747) -> jin'do's evil eye(3.52747) : 0 = +0%
zandalar confessor's mantle(4.08911) -> zandalar confessor's mantle(4.08911) : 0 = +0%
hide of the wild(3.23358) -> hide of the wild(3.23358) : 0 = +0%
bindings of transcendence(2.99969) -> bindings of transcendence(2.99969) : 0 = +0%
benediction, , , (9.14331) -> benediction, , , (9.14331) : 0 = +0%
empowered leggings(6.59167) -> empowered leggings(6.59167) : 0 = +0%
pure elementium band(4.23352) -> pure elementium band(4.23352) : 0 = +0%
hazza'rah's charm of healing(15.4083) -> hazza'rah's charm of healing(15.4083) : 0 = +0%
rejuvenating gem(5.5495) -> rejuvenating gem(5.5495) : 0 = +0%
fordring's seal(2.76123) -> primalist's seal(2.52014) : -0.241089 = +-0.0728493%
whipvine cord(2.95337) -> belt of transcendence(2.64807) : -0.305298 = +-0.0922333%
truefaith vestments(5.77396) -> robes of transcendence(5.03757) : -0.736389 = +-0.222181%
------------------
~~~~ end of intermediate results ~~~~
Same items for intermediate results again, ending optimization. 
 ----------------------------
 --- head --- 
name: crystal adorned crown
slot: head
intelligence: 14
spirit: 13
sp_healing: 92
armor: 85
 ----------------------------
 --- neck --- 
name: jin'do's evil eye
slot: neck
intelligence: 11
stamina: 5
spirit: 6
sp_healing: 44
 ----------------------------
 --- shoulders --- 
name: zandalar confessor's mantle
slot: shoulders
intelligence: 24
stamina: 11
spirit: 15
sp_healing: 22
armor: 78
 ----------------------------
 --- back --- 
name: hide of the wild
slot: back
intelligence: 10
stamina: 8
sp_healing: 42
armor: 48
 ----------------------------
 --- chest --- 
name: robes of transcendence
slot: chest
intelligence: 27
stamina: 17
spirit: 16
sp_healing: 57
nature_res: 10
fire_res: 10
armor: 116
 ----------------------------
 --- wrists --- 
name: bindings of transcendence
slot: wrists
intelligence: 13
stamina: 9
spirit: 16
sp_healing: 33
armor: 51
 ----------------------------
 --- two-hand --- 
name: benediction
slot: two-hand
intelligence: 31
stamina: 10
spirit: 12
sp_healing: 106
spell_crit: 2
shadow_res: 20
 ----------------------------
 ---  --- 
name: 
slot: 
 ----------------------------
 ---  --- 
name: 
slot: 
 ----------------------------
 ---  --- 
name: 
slot: 
 ----------------------------
 --- ranged --- 
name: lunar wand of healing
slot: ranged
sp_healing: 20
 ----------------------------
 --- hands --- 
name: high councillor's gloves of healing
slot: hands
sp_healing: 46
armor: 49
 ----------------------------
 --- waist --- 
name: belt of transcendence
slot: waist
intelligence: 26
stamina: 14
spirit: 9
sp_healing: 26
shadow_res: 10
armor: 65
 ----------------------------
 --- legs --- 
name: empowered leggings
slot: legs
intelligence: 12
stamina: 12
spirit: 24
sp_healing: 77
spell_crit: 1
armor: 103
 ----------------------------
 --- feet --- 
name: boots of pure thought
slot: feet
intelligence: 12
stamina: 8
spirit: 12
sp_healing: 62
armor: 74
 ----------------------------
 --- finger --- 
name: pure elementium band
slot: finger
intelligence: 10
stamina: 9
spirit: 10
sp_healing: 53
 ----------------------------
 --- finger --- 
name: primalist's seal
slot: finger
intelligence: 12
spirit: 8
sp_healing: 29
 ----------------------------
 --- trinket --- 
name: hazza'rah's charm of healing
slot: trinket
 ----------------------------
 --- trinket --- 
name: rejuvenating gem
slot: trinket
sp_healing: 66
mp5: 9
 ----------------------------
 --- Set bonuses ---
name: confessor's 2 hazza'rah's 1 transcendence 3 
slot: Set bonuses
sp: 23
------------------
Char stats: 
Effective hp: 8336
Effective mana (100 s, 33 % out of fsr): 17248.1
Raw max mana: 10907.7
Int: 444.13
Stam: 378.58
Spirit: 455.63
Strength: 79.58
Agility: 84.18
All stats multiplier (taken into account above): 1.15
Bonus mana: 2000
Bonus hp: 0
Mp5: 159
Sp: 23
Sp shadow: 0
Sp healing: 935
Spell crit: 21
Spell hit: 0
Arcane res: 27
Nature res: 37
Fire res: 37
Frost res: 27
Shadow res: 57
Armor: 2867.75
Defense: 300
Dodge: 0
Parry: 0
HpsPvp: 980.084
ShadowDps: 225.177
Value pvp healing: 1838.64
Value pvp shadow: 97.0552
Effective hp-pvp: 10534.5
Effecctive mana for 100 s, 0.33 fsr: 18828.1
------------------
Best counts:
oh_limit: 0.6
time_left_mul: 2.9
total_deficit_to_pop_trinkets: 3405.62
in combat total: 2776.3
Flash Heal 1, casts: 10, avg: 518.064, 0.564264%, cast time 0.540287% of in combat, overheal: 0.219384
Flash Heal 2, casts: 6, avg: 727.886, 0.475678%, cast time 0.324172% of in combat, overheal: 0.0303426
Flash Heal 3, casts: 6, avg: 692.307, 0.452427%, cast time 0.324172% of in combat, overheal: 0.166667
Flash Heal 4, casts: 9, avg: 869.806, 0.852636%, cast time 0.486259% of in combat, overheal: 0.0506159
Flash Heal 5, casts: 11, avg: 964.797, 1.15592%, cast time 0.594316% of in combat, overheal: 0.085189
Flash Heal 6, casts: 10, avg: 1138.8, 1.24035%, cast time 0.540287% of in combat, overheal: 0.0526769
Flash Heal 7, casts: 80, avg: 1358.39, 11.8362%, cast time 4.3223% of in combat, overheal: 0.0241758
Greater Heal 1, casts: 29, avg: 1723.99, 5.44541%, cast time 2.61139% of in combat, overheal: 0.0934935
Greater Heal 1 hazz, casts: 29, avg: 1252.14, 3.95504%, cast time 1.56683% of in combat, overheal: 0.341599
Greater Heal 2 hazz, casts: 14, avg: 2047.04, 3.12143%, cast time 0.756402% of in combat, overheal: 0.0622604
Greater Heal 3 hazz, casts: 8, avg: 1806.95, 1.57447%, cast time 0.43223% of in combat, overheal: 0.279496
Greater Heal 4, casts: 83, avg: 2689.8, 24.3163%, cast time 7.47398% of in combat, overheal: 0.0688703
Greater Heal 4 hazz, casts: 17, avg: 2672.01, 4.9475%, cast time 0.918489% of in combat, overheal: 0.0750282
Heal 2, casts: 218, avg: 1151.44, 27.3398%, cast time 19.6304% of in combat, overheal: 0.163367
Heal 4, casts: 66, avg: 1769.85, 12.7227%, cast time 5.94316% of in combat, overheal: 0.135095
Total time casting: 1290, which is: 46.4647% of time in combat.
Total hps: 330.701, raw hps: 376.128, oh: 0.120775
Deficit time sum: 1.09683e+11, baseline: 2.33661e+11
Deficit*time change / s: 4.46559e+07 hp
Number of combats: 54
Average mana at start of combat: 10108.9
Average mana at end of combat: 9132.21
Other players with hps > 100:
  Balsina : 192.138 hps
  Demo : 168.568 hps
  Gehrmoon : 112.902 hps
  Ills : 194.923 hps
  Kvaser : 163.847 hps
  Lolona : 136.245 hps
  Stygia : 216.099 hps
  Torg : 188.577 hps
  Tres : 153.139 hps
------------------
Based on last: 3000 entries, out of total: 7455 entries, (6358 dropped), The least-squares solution is:
Int: 33.2893
Spirit: 20.023
Sp / Healing: 100
Mp5: 166.455
Crit: 373.694
T1 3p/piece: 682.5
T2 3p/piece: 3292.72
Hazza'rah's: 20919.5
Darkmoon: 2541.14
100 points == 1 sp == 0.0715517 hps.
Appended tag:
( Pawn: v1: "chocolate_milk_bwl_speed_phase4": Intellect=33.2893, Spirit=20.023, Healing=100, Mp5=166.455, SpellCritRating=373.694, IsFist=X, Is2HMace=X, IsCrossbow=X, IsGun=X, IsShield=X, IsPolearm=X, Is2HAxe=X, IsBow=X, IsMail=X, IsPlate=X, IsLeather=X, IsAxe=X, Is2HAxe=X, IsSword=X, Is2HSword=X)
To file: chocolate_milk_bwl_speed_phase4.pawn_tag.txt
------------------
Diffs to start: 
Upgrades: 
( following sorted by alt scores, no specials )
zulian headdress(4.49319) -> crystal adorned crown(7.10248) : 2.60928 = +0.795291%
boots of transcendence(3.1528) -> boots of pure thought(4.89395) : 1.74115 = +0.52929%
dragon's touch(0.715149) -> lunar wand of healing(1.43103) : 0.715881 = +0.216944%
handguards of transcendence(3.005) -> high councillor's gloves of healing(3.29138) : 0.286377 = +0.0866721%
jin'do's evil eye(3.49625) -> jin'do's evil eye(3.49625) : 0 = +0%
zandalar confessor's mantle(4.00638) -> zandalar confessor's mantle(4.00638) : 0 = +0%
hide of the wild(3.24338) -> hide of the wild(3.24338) : 0 = +0%
bindings of transcendence(2.90009) -> bindings of transcendence(2.90009) : 0 = +0%
benediction, , , (9.02957) -> benediction, , , (9.02957) : 0 = +0%
empowered leggings(6.40652) -> empowered leggings(6.40652) : 0 = +0%
pure elementium band(4.17371) -> pure elementium band(4.17371) : 0 = +0%
hazza'rah's charm of healing(16.614) -> hazza'rah's charm of healing(16.614) : 0 = +0%
rejuvenating gem(5.79434) -> rejuvenating gem(5.79434) : 0 = +0%
fordring's seal(2.76651) -> primalist's seal(2.47543) : -0.291077 = +-0.0879407%
whipvine cord(3.12326) -> belt of transcendence(2.60858) : -0.514679 = +-0.155391%
truefaith vestments(5.9379) -> robes of transcendence(4.95081) : -0.987091 = +-0.297596%
- - - - - - - - - - - - - - - - - - - - - - - - - - - - - - - - - - - - - - - - - 
| Upgrades at best in slot level, from start item to candidate, partial bonuses: 1: |
  alt scores are from least squares fit, special score from e.g. set bonuses as s are part of em
. . . . . . . . . . . . . . . . . . . . . . . . . . . . . . . . . . . . . . . . . 
- . - ' - . - ' - . - ' - . - ' - . - ' - . -
head, zulian headdress (8.60953), alt: 4.49319 -> :
    crystal adorned crown (11.6886) : +0.932856 %, alt : +7.10247, from: azuregos
    eternal crown of healing (8.52301) : -0.0262116 %, alt : +4.57931, from: random green
    halo of transcendence (8.51733) : -0.0279313 %, alt : +4.39279, from: onyxia
- . - ' - . - ' - . - ' - . - ' - . - ' - . -
neck, jin'do's evil eye (4.05704), alt: 3.49625 -> :
    the all-seeing eye of zuldazar (1.84589) : -0.663707 %, alt : +1.66473, from: zg
- . - ' - . - ' - . - ' - . - ' - . - ' - . -
shoulders, zandalar confessor's mantle (4.685), alt: 4.00638 -> :
    zandalar confessor's mantle (4.685) : +0 %, alt : +4.00639, from: zg
    pauldrons of transcendence (2.66846) : -0.605292 %, alt : +2.64207, from: bwl
- . - ' - . - ' - . - ' - . - ' - . - ' - . -
back, hide of the wild (3.92603), alt: 3.24338 -> :
    shroud of pure thought (2.91354) : -0.30391 %, alt : +3.33783, from: bwl
- . - ' - . - ' - . - ' - . - ' - . - ' - . -
chest, truefaith vestments (7.79001), alt: 5.9379 -> :
    robes of transcendence (9.2363) : +0.436016 %, alt : +7.30679 (s: 2.356), from: bwl
- . - ' - . - ' - . - ' - . - ' - . - ' - . -
wrists, bindings of transcendence (4.81186), alt: 5.25607 (s: 2.356) -> :
    bindings of transcendence (4.81186) : +0 %, alt : +5.25608 (s: 2.356), from: bwl
- . - ' - . - ' - . - ' - . - ' - . - ' - . -
two-hand, benediction (14.0191), alt: 9.02957 -> :
    lok'amir il romathis and lei of the lifegiver (13.8428) : -0.0529372 %, alt : +10.7032, from: bwl, av rep
    lok'amir il romathis and brightly glowing stone (14.2005) : +0.0544395 %, alt : +9.20112, from: bwl, pre-raid
- . - ' - . - ' - . - ' - . - ' - . - ' - . -
ranged, dragon's touch (0.0997925), alt: 0.715149 -> :
    lunar wand of healing (2.02411) : +0.580966 %, alt : +1.43103, from: random green
    bonecreeper stylus (0.269928) : +0.0513652 %, alt : +0.882345, from: pre-raid
- . - ' - . - ' - . - ' - . - ' - . - ' - . -
hands, handguards of transcendence (1.92059), alt: 3.005 -> :
    atal'ai hands of healing (4.34647) : +0.732723 %, alt : +3.79224, from: sunken temple
    high councillor's gloves of healing (3.9957) : +0.626775 %, alt : +3.29138, from: random green
    handguards of transcendence (1.92059) : +0 %, alt : +3.00501, from: bwl
    hands of the exalted herald (2.49292) : +0.172868 %, alt : +2.84278, from: pre-raid
- . - ' - . - ' - . - ' - . - ' - . - ' - . -
waist, whipvine cord (3.90698), alt: 3.12326 -> :
    firemaw's clutch (4.15152) : +0.0736695 %, alt : +3.38565, from: bwl
- . - ' - . - ' - . - ' - . - ' - . - ' - . -
legs, empowered leggings (10.6007), alt: 6.40652 -> :
    leggings of transcendence (8.23898) : -0.708913 %, alt : +4.92615, from: mc
- . - ' - . - ' - . - ' - . - ' - . - ' - . -
feet, boots of transcendence (5.82541), alt: 3.1528 -> :
    boots of pure thought (8.07257) : +0.679097 %, alt : +4.89396, from: bwl
    boots of transcendence (5.82541) : +0 %, alt : +3.15279, from: bwl
- . - ' - . - ' - . - ' - . - ' - . - ' - . -
finger, pure elementium band (7.1431), alt: 4.17371 -> :
    primalist's seal (3.98984) : -0.946494 %, alt : +3.65605, from: zg
- . - ' - . - ' - . - ' - . - ' - . - ' - . -
finger 2, fordring's seal (2.9303), alt: 2.76651 -> :
    pure elementium band (4.14093) : +0.364932 %, alt : +4.1737, from: bwl
    primalist's seal (4.33984) : +0.424892 %, alt : +3.65605, from: zg
    cauterizing band (4.23047) : +0.391922 %, alt : +3.57721, from: mc
    ring of blackrock (2.96417) : +0.0102111 %, alt : +2.4314, from: bwl
    primalist's band (2.21515) : -0.215574 %, alt : +2.1334, from: zg
- . - ' - . - ' - . - ' - . - ' - . - ' - . -
trinket, hazza'rah's charm of healing (18.0602), alt: 16.614 -> :
    hazza'rah's charm of healing (18.0602) : +0 %, alt : +16.614, from: zg
    darkmoon card: blue dragon (2.35431) : -4.71434 %, alt : +1.81823, from: 
- . - ' - . - ' - . - ' - . - ' - . - ' - . -
trinket 2, rejuvenating gem (9.18765), alt: 5.79434 -> :
    hazza'rah's charm of healing (0) : -2.7578 %, alt : +16.614, from: zg
    darkmoon card: blue dragon (2.40179) : -2.03687 %, alt : +1.81823, from: 
- - - - - - - - - - - - - - - - - - - - - - - - - - - - - - - - - - - - - - - - - 
| Upgrades at best in slot level, from start item to candidate, partial bonuses: 0: |
  alt scores are from least squares fit, special score from e.g. set bonuses as s are part of em
. . . . . . . . . . . . . . . . . . . . . . . . . . . . . . . . . . . . . . . . . 
- . - ' - . - ' - . - ' - . - ' - . - ' - . -
head, zulian headdress (3.6106), alt: 4.49319 -> :
    crystal adorned crown (9.27908) : +1.74398 %, alt : +7.10247, from: azuregos
    eternal crown of healing (4.59326) : +0.302329 %, alt : +4.57931, from: random green
    halo of transcendence (3.96161) : +0.107993 %, alt : +4.39279, from: onyxia
- . - ' - . - ' - . - ' - . - ' - . - ' - . -
neck, jin'do's evil eye (6.2951), alt: 3.49625 -> :
    the all-seeing eye of zuldazar (2.36734) : -1.18771 %, alt : +1.66473, from: zg
- . - ' - . - ' - . - ' - . - ' - . - ' - . -
shoulders, zandalar confessor's mantle (6.88477), alt: 4.00638 -> :
    zandalar confessor's mantle (6.88477) : +0 %, alt : +4.00639, from: zg
    pauldrons of transcendence (5.19394) : -0.511286 %, alt : +2.64207, from: bwl
- . - ' - . - ' - . - ' - . - ' - . - ' - . -
back, hide of the wild (6.26797), alt: 3.24338 -> :
    shroud of pure thought (6.41272) : +0.0437691 %, alt : +3.33783, from: bwl
- . - ' - . - ' - . - ' - . - ' - . - ' - . -
chest, truefaith vestments (9.92291), alt: 5.9379 -> :
    robes of transcendence (13.9386) : +1.22923 %, alt : +12.0188 (s: 7.068), from: bwl
- . - ' - . - ' - . - ' - . - ' - . - ' - . -
wrists, bindings of transcendence (11.007), alt: 9.96808 (s: 7.068) -> :
    bindings of transcendence (11.007) : +0 %, alt : +9.96808 (s: 7.068), from: bwl
- . - ' - . - ' - . - ' - . - ' - . - ' - . -
two-hand, benediction (12.5699), alt: 9.02957 -> :
    lok'amir il romathis and lei of the lifegiver (13.8615) : +0.390554 %, alt : +10.7032, from: bwl, av rep
    lok'amir il romathis and brightly glowing stone (12.5511) : -0.005703 %, alt : +9.20112, from: bwl, pre-raid
- . - ' - . - ' - . - ' - . - ' - . - ' - . -
ranged, dragon's touch (2.27405), alt: 0.715149 -> :
    lunar wand of healing (2.91953) : +0.195566 %, alt : +1.43103, from: random green
    bonecreeper stylus (2.6759) : +0.121754 %, alt : +0.882345, from: pre-raid
- . - ' - . - ' - . - ' - . - ' - . - ' - . -
hands, handguards of transcendence (5.16339), alt: 3.005 -> :
    atal'ai hands of healing (6.55115) : +0.420995 %, alt : +3.79224, from: sunken temple
    high councillor's gloves of healing (6.22699) : +0.322657 %, alt : +3.29138, from: random green
    handguards of transcendence (5.16339) : +0 %, alt : +3.00501, from: bwl
    hands of the exalted herald (5.74481) : +0.176382 %, alt : +2.84278, from: pre-raid
- . - ' - . - ' - . - ' - . - ' - . - ' - . -
waist, whipvine cord (5.19031), alt: 3.12326 -> :
    firemaw's clutch (5.37186) : +0.055586 %, alt : +3.38565, from: bwl
- . - ' - . - ' - . - ' - . - ' - . - ' - . -
legs, empowered leggings (10.326), alt: 6.40652 -> :
    leggings of transcendence (5.28683) : -1.52377 %, alt : +4.92615, from: mc
- . - ' - . - ' - . - ' - . - ' - . - ' - . -
feet, boots of transcendence (4.54745), alt: 3.1528 -> :
    boots of pure thought (8.6019) : +1.24123 %, alt : +4.89396, from: bwl
    boots of transcendence (4.54745) : +0 %, alt : +3.15279, from: bwl
- . - ' - . - ' - . - ' - . - ' - . - ' - . -
finger, pure elementium band (7.87576), alt: 4.17371 -> :
- . - ' - . - ' - . - ' - . - ' - . - ' - . -
finger 2, fordring's seal (4.71075), alt: 2.76651 -> :
    pure elementium band (5.26874) : +0.1686 %, alt : +4.1737, from: bwl
    cauterizing band (5.35046) : +0.193294 %, alt : +3.57721, from: mc
    rosewine circle (4.79688) : +0.0260222 %, alt : +2.67051, from: pre-raid
- . - ' - . - ' - . - ' - . - ' - . - ' - . -
trinket, hazza'rah's charm of healing (18.5181), alt: 16.614 -> :
    hazza'rah's charm of healing (18.5181) : +0 %, alt : +16.614, from: zg
    darkmoon card: blue dragon (1.21118) : -5.2334 %, alt : +1.81823, from: 
- . - ' - . - ' - . - ' - . - ' - . - ' - . -
trinket 2, rejuvenating gem (9.77097), alt: 5.79434 -> :
    hazza'rah's charm of healing (0) : -2.95462 %, alt : +16.614, from: zg
    darkmoon card: blue dragon (2.39456) : -2.23054 %, alt : +1.81823, from: 
- - - - - - - - - - - - - - - - - - - - - - - - - - - - - - - - - - - - - - - - - 
| Upgrades at start level, from start item to candidate, partial bonuses: 1: |
  alt scores are from least squares fit, special score from e.g. set bonuses as s are part of em
. . . . . . . . . . . . . . . . . . . . . . . . . . . . . . . . . . . . . . . . . 
- . - ' - . - ' - . - ' - . - ' - . - ' - . -
head, zulian headdress (3.87131), alt: 4.49319 -> :
    crystal adorned crown (10.0021) : +1.88939 %, alt : +7.10247, from: azuregos
    eternal crown of healing (4.02911) : +0.048633 %, alt : +4.57931, from: random green
    halo of transcendence (3.49551) : -0.115812 %, alt : +4.39279, from: onyxia
- . - ' - . - ' - . - ' - . - ' - . - ' - . -
neck, jin'do's evil eye (2.3363), alt: 3.49625 -> :
    the all-seeing eye of zuldazar (-0.159454) : -0.769146 %, alt : +1.66473, from: zg
- . - ' - . - ' - . - ' - . - ' - . - ' - . -
shoulders, zandalar confessor's mantle (2.91708), alt: 4.00638 -> :
    zandalar confessor's mantle (2.91708) : +0 %, alt : +4.00639, from: zg
    pauldrons of transcendence (1.14459) : -0.546249 %, alt : +2.64207, from: bwl
- . - ' - . - ' - . - ' - . - ' - . - ' - . -
back, hide of the wild (1.74567), alt: 3.24338 -> :
    shroud of pure thought (0.876129) : -0.267975 %, alt : +3.33783, from: bwl
- . - ' - . - ' - . - ' - . - ' - . - ' - . -
chest, truefaith vestments (5.54056), alt: 5.9379 -> :
    robes of transcendence (4.11374) : -0.439719 %, alt : +4.95079, from: bwl
- . - ' - . - ' - . - ' - . - ' - . - ' - . -
wrists, bindings of transcendence (5.59512), alt: 5.25607 (s: 2.356) -> :
    bindings of transcendence (5.59512) : +0 %, alt : +5.25608 (s: 2.356), from: bwl
- . - ' - . - ' - . - ' - . - ' - . - ' - . -
two-hand, benediction (9.34741), alt: 9.02957 -> :
    lok'amir il romathis and lei of the lifegiver (11.9941) : +0.815663 %, alt : +10.7032, from: bwl, av rep
    lok'amir il romathis and brightly glowing stone (9.95169) : +0.186227 %, alt : +9.20112, from: bwl, pre-raid
- . - ' - . - ' - . - ' - . - ' - . - ' - . -
ranged, dragon's touch (0.96051), alt: 0.715149 -> :
    lunar wand of healing (2.48996) : +0.471348 %, alt : +1.43103, from: random green
    bonecreeper stylus (1.93216) : +0.299444 %, alt : +0.882345, from: pre-raid
- . - ' - . - ' - . - ' - . - ' - . - ' - . -
hands, handguards of transcendence (5.64676), alt: 5.36102 (s: 2.356) -> :
    handguards of transcendence (5.64676) : +0 %, alt : +5.36101 (s: 2.356), from: bwl
    atal'ai hands of healing (4.87814) : -0.236873 %, alt : +3.79224, from: sunken temple
    high councillor's gloves of healing (4.41592) : -0.37932 %, alt : +3.29138, from: random green
- . - ' - . - ' - . - ' - . - ' - . - ' - . -
waist, whipvine cord (3.54282), alt: 3.12326 -> :
    firemaw's clutch (4.14017) : +0.184092 %, alt : +3.38565, from: bwl
- . - ' - . - ' - . - ' - . - ' - . - ' - . -
legs, empowered leggings (5.36899), alt: 6.40652 -> :
    leggings of transcendence (2.67593) : -0.829949 %, alt : +4.92615, from: mc
- . - ' - . - ' - . - ' - . - ' - . - ' - . -
feet, boots of transcendence (5.75723), alt: 5.50879 (s: 2.356) -> :
    boots of transcendence (5.75723) : +0 %, alt : +5.50879 (s: 2.356), from: bwl
    boots of pure thought (7.14188) : +0.426721 %, alt : +4.89396, from: bwl
- . - ' - . - ' - . - ' - . - ' - . - ' - . -
finger, pure elementium band (3.80051), alt: 4.17371 -> :
- . - ' - . - ' - . - ' - . - ' - . - ' - . -
finger 2, fordring's seal (1.27451), alt: 2.76651 -> :
    pure elementium band (2.68063) : +0.433342 %, alt : +4.1737, from: bwl
    primalist's seal (2.3317) : +0.325806 %, alt : +3.65605, from: zg
    cauterizing band (2.99197) : +0.529292 %, alt : +3.57721, from: mc
- . - ' - . - ' - . - ' - . - ' - . - ' - . -
trinket, hazza'rah's charm of healing (16.8077), alt: 16.614 -> :
    hazza'rah's charm of healing (16.8077) : +0 %, alt : +16.614, from: zg
    darkmoon card: blue dragon (1.71848) : -4.65023 %, alt : +1.81823, from: 
- . - ' - . - ' - . - ' - . - ' - . - ' - . -
trinket 2, rejuvenating gem (5.62726), alt: 5.79434 -> :
    hazza'rah's charm of healing (0) : -1.73422 %, alt : +16.614, from: zg
    darkmoon card: blue dragon (2.19998) : -1.05622 %, alt : +1.81823, from: 
- - - - - - - - - - - - - - - - - - - - - - - - - - - - - - - - - - - - - - - - - 
| Upgrades at start level, from start item to candidate, partial bonuses: 0: |
  alt scores are from least squares fit, special score from e.g. set bonuses as s are part of em
. . . . . . . . . . . . . . . . . . . . . . . . . . . . . . . . . . . . . . . . . 
- . - ' - . - ' - . - ' - . - ' - . - ' - . -
head, zulian headdress (4.22156), alt: 4.49319 -> :
    crystal adorned crown (8.51614) : +1.32829 %, alt : +7.10247, from: azuregos
    eternal crown of healing (3.90567) : -0.0977022 %, alt : +4.57931, from: random green
    halo of transcendence (4.13892) : -0.0255606 %, alt : +4.39279, from: onyxia
- . - ' - . - ' - . - ' - . - ' - . - ' - . -
neck, jin'do's evil eye (2.28836), alt: 3.49625 -> :
    the all-seeing eye of zuldazar (1.96338) : -0.100515 %, alt : +1.66473, from: zg
- . - ' - . - ' - . - ' - . - ' - . - ' - . -
shoulders, zandalar confessor's mantle (3.17932), alt: 4.00638 -> :
    zandalar confessor's mantle (3.17932) : +0 %, alt : +4.00639, from: zg
    pauldrons of transcendence (1.58127) : -0.494269 %, alt : +2.64207, from: bwl
- . - ' - . - ' - . - ' - . - ' - . - ' - . -
back, hide of the wild (1.5925), alt: 3.24338 -> :
    shroud of pure thought (1.14529) : -0.138318 %, alt : +3.33783, from: bwl
- . - ' - . - ' - . - ' - . - ' - . - ' - . -
chest, truefaith vestments (5.46689), alt: 5.9379 -> :
    robes of transcendence (4.32114) : -0.354375 %, alt : +4.95079, from: bwl
- . - ' - . - ' - . - ' - . - ' - . - ' - . -
wrists, bindings of transcendence (6.31418), alt: 9.96808 (s: 7.068) -> :
    bindings of transcendence (6.31418) : +0 %, alt : +9.96808 (s: 7.068), from: bwl
- . - ' - . - ' - . - ' - . - ' - . - ' - . -
two-hand, benediction (10.0542), alt: 9.02957 -> :
    lok'amir il romathis and lei of the lifegiver (12.7231) : +0.825471 %, alt : +10.7032, from: bwl, av rep
    lok'amir il romathis and brightly glowing stone (10.1308) : +0.0237011 %, alt : +9.20112, from: bwl, pre-raid
    staff of rampant growth (10.5293) : +0.146945 %, alt : +7.70157, from: emeriss; lethon; taerar; ysondre
- . - ' - . - ' - . - ' - . - ' - . - ' - . -
ranged, dragon's touch (0.775452), alt: 0.715149 -> :
    lunar wand of healing (1.63739) : +0.266593 %, alt : +1.43103, from: random green
    bonecreeper stylus (1.14883) : +0.115485 %, alt : +0.882345, from: pre-raid
- . - ' - . - ' - . - ' - . - ' - . - ' - . -
hands, handguards of transcendence (6.83707), alt: 10.073 (s: 7.068) -> :
    handguards of transcendence (6.83707) : +0 %, alt : +10.073 (s: 7.068), from: bwl
    atal'ai hands of healing (3.47665) : -1.03936 %, alt : +3.79224, from: sunken temple
    high councillor's gloves of healing (1.98999) : -1.49917 %, alt : +3.29138, from: random green
- . - ' - . - ' - . - ' - . - ' - . - ' - . -
waist, whipvine cord (1.38806), alt: 3.12326 -> :
    firemaw's clutch (1.39725) : +0.00284111 %, alt : +3.38565, from: bwl
- . - ' - . - ' - . - ' - . - ' - . - ' - . -
legs, empowered leggings (5.64755), alt: 6.40652 -> :
    leggings of transcendence (5.26129) : -0.119468 %, alt : +4.92615, from: mc
- . - ' - . - ' - . - ' - . - ' - . - ' - . -
feet, boots of transcendence (6.65649), alt: 10.2208 (s: 7.068) -> :
    boots of transcendence (6.65649) : +0 %, alt : +10.2208 (s: 7.068), from: bwl
    boots of pure thought (4.16531) : -0.770508 %, alt : +4.89396, from: bwl
- . - ' - . - ' - . - ' - . - ' - . - ' - . -
finger, pure elementium band (4.24319), alt: 4.17371 -> :
- . - ' - . - ' - . - ' - . - ' - . - ' - . -
finger 2, fordring's seal (0.904266), alt: 2.76651 -> :
    pure elementium band (3.39664) : +0.770876 %, alt : +4.1737, from: bwl
    cauterizing band (2.18912) : +0.397397 %, alt : +3.57721, from: mc
    zanzil's seal (0.914398) : +0.00313372 %, alt : +1.02526, from: zg
- . - ' - . - ' - . - ' - . - ' - . - ' - . -
trinket, hazza'rah's charm of healing (16.7743), alt: 16.614 -> :
    hazza'rah's charm of healing (16.7743) : +0 %, alt : +16.614, from: zg
    darkmoon card: blue dragon (1.82309) : -4.62431 %, alt : +1.81823, from: 
- . - ' - . - ' - . - ' - . - ' - . - ' - . -
trinket 2, rejuvenating gem (4.19943), alt: 5.79434 -> :
    hazza'rah's charm of healing (0) : -1.29886 %, alt : +16.614, from: zg
    darkmoon card: blue dragon (1.68918) : -0.776407 %, alt : +1.81823, from: 
------------------
Best value: 332.185
