Your call: ./css 4 ../items/phase5.csv ban_tmp_phase4.txt no-locks dreamstate_bwl_speed_phase4 -a ../confs/wcl_bwl_speed_log.csv -l dreamstate_speed.txt 
Found: -a, val: ../confs/wcl_bwl_speed_log.csv
./css 4 ../items/phase5.csv ban_tmp_phase4.txt no-locks dreamstate_bwl_speed_phase4 -l dreamstate_speed.txt 
Found key: buff_fraction, saw val: 1
Found key: healing_from_crit_fraction, saw val: 0.2
Found key: transc8_exists, saw val: 0
Found key: enchantments, saw val: 1
Found key: fort, saw val: 1
Found key: motw, saw val: 1
Found key: spirit, saw val: 1
Found key: ai, saw val: 1
Found key: flask, saw val: 1
Found key: holy_disc, saw val: 0
Found key: min_combat_length, saw val: 2
Found key: max_log_entry_diff_in_combat, saw val: 10
Found key: precast, saw val: 1
Found key: swap_cast, saw val: 1
Found key: time_step, saw val: 0.1
Found key: reaction_time, saw val: 0.1
Found key: skip_player, saw val: Paisti
Found key: use_deficit_time_sum, saw val: 0
Found key: wcl_log, saw val: 1
Found: -l, val: dreamstate_speed.txt
./css 4 ../items/phase5.csv ban_tmp_phase4.txt no-locks dreamstate_bwl_speed_phase4 
Will read log from: dreamstate_speed.txt
./css 4 ../items/phase5.csv ban_tmp_phase4.txt no-locks dreamstate_bwl_speed_phase4 
./css 4 ../items/phase5.csv ban_tmp_phase4.txt no-locks dreamstate_bwl_speed_phase4 
Shuffle seed: 2416673600
Reading banned from: ban_tmp_phase4.txt
Banning: aq20
Banning: aq40
Banning: naxx
Banning: neltharion's tear
Banning: lok'amir il romathis
Banning: choker of the fire lord
Reading WCL parsed log: dreamstate_speed.txt
Saw 15004 lines of log, with 15004 log lines
Sorting by timestamp...
Sorted.
Pruning log from: 15004 entries.
Combat from 0 to 15.249 s
Combat from 53.426 to 76.378 s
Combat from 81.22 to 105.117 s
Combat from 111.218 to 217.788 s
Combat from 219.401 to 315.015 s
Combat from 373.252 to 389.718 s
Combat from 416.944 to 456.026 s
Combat from 458.292 to 622.531 s
Combat from 646.656 to 700.109 s
Combat from 740.613 to 878.142 s
Combat from 898.156 to 943.511 s
Combat from 948.389 to 995.334 s
Combat from 1019.67 to 1061.76 s
Combat from 1091.27 to 1164.87 s
Combat from 1191.33 to 1416.63 s
Pruned to: 14894 entries.
----------------------------------------------------------
---- Baseline results without simulated player input: ----
----------------------------------------------------------
oh_limit: 0.9
time_left_mul: 0.5
total_deficit_to_pop_trinkets: 10000
in combat total: 1105.7
Total time casting: 0, which is: 0% of time in combat.
Total hps: 0, raw hps: 0, oh: -nan
Deficit time sum: 9.16893e+10, baseline: 0
Deficit*time change / s: -8.29242e+07 hp
Number of combats: 15
Average mana at start of combat: 0
Average mana at end of combat: 0
Other players with hps > 100:
  Ajjtem : 180.516 hps
  Cano : 214.721 hps
  Cometz : 137.195 hps
  Kromozomi : 106.599 hps
  Lonnert : 220.033 hps
  Losst : 115.512 hps
  Mokrish : 229.667 hps
  Naks : 283.403 hps
  Unagi : 309.56 hps
  Ztrider : 101.011 hps
Skip player from: Paisti to: Unagi
Reading WCL parsed log: dreamstate_speed.txt
Saw 15004 lines of log, with 15004 log lines
Sorting by timestamp...
Sorted.
Pruning log from: 15004 entries.
Combat from 0 to 15.249 s
Combat from 53.426 to 76.378 s
Combat from 81.22 to 105.117 s
Combat from 111.218 to 217.788 s
Combat from 219.401 to 315.015 s
Combat from 373.252 to 389.718 s
Combat from 416.944 to 456.026 s
Combat from 458.292 to 622.102 s
Combat from 646.656 to 700.109 s
Combat from 740.613 to 878.142 s
Combat from 898.156 to 943.511 s
Combat from 948.389 to 995.334 s
Combat from 1019.67 to 1061.76 s
Combat from 1091.27 to 1164.87 s
Combat from 1191.33 to 1416.63 s
Pruned to: 14295 entries.
Skipped player entries: 601
Baseline results again due to changed skipped player
oh_limit: 0.9
time_left_mul: 0.5
total_deficit_to_pop_trinkets: 10000
in combat total: 1105.3
Total time casting: 0, which is: 0% of time in combat.
Total hps: 0, raw hps: 0, oh: -nan
Deficit time sum: 1.48835e+11, baseline: 0
Deficit*time change / s: -1.34655e+08 hp
Number of combats: 15
Average mana at start of combat: 0
Average mana at end of combat: 0
Other players with hps > 100:
  Ajjtem : 235.874 hps
  Cano : 239.007 hps
  Cometz : 139.275 hps
  Kromozomi : 110.193 hps
  Lonnert : 240.699 hps
  Losst : 121.71 hps
  Mokrish : 262.671 hps
  Naks : 314.628 hps
  Ztrider : 111.267 hps
Reading tmp locked from: start_with.txt
Locking: anastari heirloom
Locking: anathema
Locking: animated chain necklace
Locking: argent crusader
Locking: atal'ai gloves of the owl
Locking: ban'thok sash
Locking: banshee finger
Locking: benediction
Locking: blood of the martyr
Locking: briarwood reed
Locking: burial shawl
Locking: clutch of andros
Locking: crimson felt hat
Locking: cyclopean band
Locking: devout belt
Locking: devout bracers
Locking: devout crown
Locking: devout mantle
Locking: devout robe
Locking: devout sandals
Locking: devout skirt
Locking: dragon finger of healing
Locking: dragon finger of intellect
Locking: dragonrider boots
Locking: dragonslayer's signet
Locking: drakefire amulet
Locking: dreadmist mantle
Locking: dreamweave circlet
Locking: dreamweave gloves
Locking: dreamweave vest
Locking: elder magus pendant
Locking: eye of the beast
Locking: fordring's seal
Locking: girdle of prophecy
Locking: gloves of prophecy
Locking: grimgore noose
Locking: halo of transcendence
Locking: heart of the fiend
Locking: hide of the wild
Locking: kentic amice
Locking: leggings of transcendence
Locking: magister's robes
Locking: maleki's footwraps
Locking: mindtap talisman
Locking: nature's breath
Locking: necropile boots
Locking: necropile cuffs
Locking: necropile leggings
Locking: necropile mantle
Locking: necropile robe
Locking: noxious shooter
Locking: omnicast boots
Locking: orb of the forgotten seer
Locking: padre's trousers
Locking: pants of prophecy
Locking: penelope's rose
Locking: quel'dorai channeling rod
Locking: raincaster drape
Locking: rainstrider leggings
Locking: ring of demonic guile
Locking: ring of demonic guile
Locking: robes of prophecy
Locking: robes of the exalted
Locking: robes of the royal crown
Locking: rod of corrosion
Locking: rosewine circle
Locking: royal seal of eldre'thalas
Locking: royal tribunal cloak
Locking: sarah's guide
Locking: seal of rivendare
Locking: seal of rivendare
Locking: shadowy laced handwraps
Locking: silkweb gloves
Locking: soulstealer mantle
Locking: spellbound tome
Locking: spritecaster cape
Locking: star of mystaria
Locking: starfire tiara
Locking: stormrager
Locking: sublime wristguards
Locking: the hammer of grace
Locking: the postmaster's treads
Locking: thuzadin sash
Locking: triune amulet
Locking: vinerot sandals
Locking: whipvine cord
Locking: wolfshear leggings
Locking: boots of the full moon
Locking: mantle of prophecy
Locking: dragon's touch
Locking: bindings of transcendence
Locking: shimmering geta
Locking: empowered leggings
Locking: seal of the archmagus
Locking: circlet of prophecy
Locking: boots of prophecy
Locking: pauldrons of transcendence
Locking: primalist's seal
Locking: zandalar confessor's bindings
Locking: zulian headdress
Locking: mar'li's eye
Locking: shroud of pure thought
Locking: belt of transcendence
Locking: jin'do's evil eye
Locking: primalist's band
Locking: zandalarian hero charm
Locking: zandalar confessor's mantle
Locking: zandalar confessor's wraps 
Locking: pure elementium band
Locking: truefaith vestments
Locking: vambraces of prophecy
Locking: hazza'rah's charm of healing
Locking: handguards of transcendence
Locking: boots of transcendence
Locking: darkmoon card: blue dragon
Locking: rejuvenating gem
Optimizing start items...

*** NEW BEST (1): 211.697

*** NEW BEST (1): 215.217

*** NEW BEST (1): 219.519

*** NEW BEST (1): 236.755

*** NEW BEST (1): 240.994

*** NEW BEST (1): 246.037

*** NEW BEST (1): 250.646

*** NEW BEST (1): 256.343

*** NEW BEST (1): 258.766

*** NEW BEST (1): 262.936

*** NEW BEST (1): 263.403

*** NEW BEST (1): 267.642

*** NEW BEST (1): 271.29

*** NEW BEST (1): 276.657

*** NEW BEST (1): 284.915

*** NEW BEST (1): 287.377
***********
*** NEW BEST (0): 229.096
Based on last: 3000 entries, out of total: 3686 entries, (401 dropped), The least-squares solution is:
Int: 4.52327
Spirit: 5.95445
Sp / Healing: 100
Mp5: 4.10873
Crit: 613.634
T1 3p/piece: 654.743
T2 3p/piece: 0
Hazza'rah's: 25529
Darkmoon: 0
100 points == 1 sp == 0.0717342 hps.
neck : animated chain necklace -> jin'do's evil eye => val: 229.096 -> 230.206

*** NEW BEST (0): 230.206
Based on last: 3000 entries, out of total: 3697 entries, (434 dropped), The least-squares solution is:
Int: 4.58114
Spirit: 5.88574
Sp / Healing: 100
Mp5: 3.92176
Crit: 614.654
T1 3p/piece: 673.612
T2 3p/piece: 0
Hazza'rah's: 25531.5
Darkmoon: 0
100 points == 1 sp == 0.0717287 hps.
trinket : briarwood reed -> hazza'rah's charm of healing => val: 230.206 -> 246.29

*** NEW BEST (0): 246.29
Based on last: 3000 entries, out of total: 3705 entries, (442 dropped), The least-squares solution is:
Int: 4.47881
Spirit: 6.02979
Sp / Healing: 100
Mp5: 4.05801
Crit: 612.163
T1 3p/piece: 672.848
T2 3p/piece: 0
Hazza'rah's: 25517.3
Darkmoon: 0
100 points == 1 sp == 0.0717953 hps.
chest : dreamweave vest -> truefaith vestments => val: 246.29 -> 250.747

*** NEW BEST (0): 250.747
Based on last: 3000 entries, out of total: 3717 entries, (450 dropped), The least-squares solution is:
Int: 4.53595
Spirit: 6.02916
Sp / Healing: 100
Mp5: 3.89865
Crit: 610.601
T1 3p/piece: 672.404
T2 3p/piece: 0
Hazza'rah's: 25510.9
Darkmoon: 0
100 points == 1 sp == 0.0718131 hps.
legs : devout skirt -> empowered leggings => val: 250.747 -> 257.598

*** NEW BEST (0): 257.598
Based on last: 3000 entries, out of total: 3723 entries, (464 dropped), The least-squares solution is:
Int: 4.37056
Spirit: 6.57935
Sp / Healing: 100
Mp5: 4.23794
Crit: 613.84
T1 3p/piece: 662.979
T2 3p/piece: 0
Hazza'rah's: 25503.3
Darkmoon: 0
100 points == 1 sp == 0.0718351 hps.
finger : blood of the martyr -> pure elementium band => val: 257.598 -> 262.143

*** NEW BEST (0): 262.143
Based on last: 3000 entries, out of total: 3735 entries, (482 dropped), The least-squares solution is:
Int: 4.47849
Spirit: 6.47162
Sp / Healing: 100
Mp5: 3.97625
Crit: 614.973
T1 3p/piece: 674.118
T2 3p/piece: 0
Hazza'rah's: 25491.1
Darkmoon: 0
100 points == 1 sp == 0.0718687 hps.
hands : atal'ai gloves of the owl -> handguards of transcendence => val: 262.143 -> 263.976

*** NEW BEST (0): 263.976
Based on last: 3000 entries, out of total: 3749 entries, (490 dropped), The least-squares solution is:
Int: 4.50972
Spirit: 6.56262
Sp / Healing: 100
Mp5: 4.15929
Crit: 614.176
T1 3p/piece: 671.518
T2 3p/piece: 0
Hazza'rah's: 25486.1
Darkmoon: 0
100 points == 1 sp == 0.0718828 hps.
shoulders : soulstealer mantle -> zandalar confessor's mantle => val: 263.976 -> 267.307

*** NEW BEST (0): 267.307
Based on last: 3000 entries, out of total: 3754 entries, (504 dropped), The least-squares solution is:
Int: 4.52958
Spirit: 6.54745
Sp / Healing: 100
Mp5: 4.15752
Crit: 613.38
T1 3p/piece: 671.259
T2 3p/piece: 0
Hazza'rah's: 25479.9
Darkmoon: 0
100 points == 1 sp == 0.0718995 hps.
wrists : devout bracers -> bindings of transcendence => val: 267.307 -> 268.866

*** NEW BEST (0): 268.866
Based on last: 3000 entries, out of total: 3765 entries, (512 dropped), The least-squares solution is:
Int: 4.57278
Spirit: 6.59552
Sp / Healing: 100
Mp5: 4.21491
Crit: 611.433
T1 3p/piece: 670.254
T2 3p/piece: 0
Hazza'rah's: 25469.8
Darkmoon: 0
100 points == 1 sp == 0.0719256 hps.
ranged : dragon finger of intellect -> dragon's touch => val: 268.866 -> 269.441

*** NEW BEST (0): 269.441
Based on last: 3000 entries, out of total: 3768 entries, (526 dropped), The least-squares solution is:
Int: 4.57499
Spirit: 6.57733
Sp / Healing: 100
Mp5: 4.21238
Crit: 611.526
T1 3p/piece: 670.397
T2 3p/piece: 0
Hazza'rah's: 25469.9
Darkmoon: 0
100 points == 1 sp == 0.0719253 hps.
finger 2 : cyclopean band -> fordring's seal => val: 269.441 -> 270.664

*** NEW BEST (0): 270.664
Based on last: 3000 entries, out of total: 3768 entries, (556 dropped), The least-squares solution is:
Int: 4.57499
Spirit: 6.57733
Sp / Healing: 100
Mp5: 4.21238
Crit: 611.526
T1 3p/piece: 670.397
T2 3p/piece: 0
Hazza'rah's: 25469.9
Darkmoon: 0
100 points == 1 sp == 0.0719253 hps.
trinket 2 : eye of the beast -> rejuvenating gem => val: 270.664 -> 276.045

*** NEW BEST (0): 276.045
Based on last: 3000 entries, out of total: 3775 entries, (565 dropped), The least-squares solution is:
Int: 4.56831
Spirit: 6.54278
Sp / Healing: 100
Mp5: 4.17172
Crit: 611.221
T1 3p/piece: 670.907
T2 3p/piece: 0
Hazza'rah's: 25465.2
Darkmoon: 0
100 points == 1 sp == 0.0719377 hps.
feet : boots of the full moon -> boots of transcendence => val: 276.045 -> 276.625

*** NEW BEST (0): 276.625
Based on last: 3000 entries, out of total: 3777 entries, (583 dropped), The least-squares solution is:
Int: 4.56939
Spirit: 6.54807
Sp / Healing: 100
Mp5: 4.15643
Crit: 611.038
T1 3p/piece: 670.711
T2 3p/piece: 0
Hazza'rah's: 25463.4
Darkmoon: 0
100 points == 1 sp == 0.0719428 hps.
head : crimson felt hat -> zulian headdress => val: 276.625 -> 277.682

*** NEW BEST (0): 277.682
Based on last: 3000 entries, out of total: 3786 entries, (598 dropped), The least-squares solution is:
Int: 4.30207
Spirit: 6.84515
Sp / Healing: 100
Mp5: 3.75837
Crit: 612.169
T1 3p/piece: 666.892
T2 3p/piece: 0
Hazza'rah's: 25426.1
Darkmoon: 0
100 points == 1 sp == 0.0720455 hps.
waist : ban'thok sash -> whipvine cord => val: 277.682 -> 278.972

*** NEW BEST (0): 278.972
Based on last: 3000 entries, out of total: 3791 entries, (613 dropped), The least-squares solution is:
Int: 4.33742
Spirit: 6.63512
Sp / Healing: 100
Mp5: 3.80833
Crit: 614.82
T1 3p/piece: 678.591
T2 3p/piece: 0
Hazza'rah's: 25413
Darkmoon: 0
100 points == 1 sp == 0.0720801 hps.
*two-hand :   the hammer of grace orb of the forgotten seer -> benediction    => val: 278.972 -> 284.718

*** NEW BEST (0): 284.718
Based on last: 3000 entries, out of total: 3847 entries, (748 dropped), The least-squares solution is:
Int: 4.38745
Spirit: 6.79376
Sp / Healing: 100
Mp5: 4.18471
Crit: 626.366
T1 3p/piece: 680.026
T2 3p/piece: 0
Hazza'rah's: 25288.5
Darkmoon: 0
100 points == 1 sp == 0.0723179 hps.
********
Read starting items and cleared locks.
 ----------------------------
 --- head --- 
name: zulian headdress
slot: head
intelligence: 15
stamina: 13
spirit: 14
sp_healing: 55
armor: 78
 ----------------------------
 --- neck --- 
name: jin'do's evil eye
slot: neck
intelligence: 11
stamina: 5
spirit: 6
sp_healing: 44
 ----------------------------
 --- shoulders --- 
name: zandalar confessor's mantle
slot: shoulders
intelligence: 24
stamina: 11
spirit: 15
sp_healing: 22
armor: 78
 ----------------------------
 --- back --- 
name: hide of the wild
slot: back
intelligence: 10
stamina: 8
sp_healing: 42
armor: 48
 ----------------------------
 --- chest --- 
name: truefaith vestments
slot: chest
stamina: 14
sp_healing: 73
mp5: 6
armor: 96
 ----------------------------
 --- wrists --- 
name: bindings of transcendence
slot: wrists
intelligence: 13
stamina: 9
spirit: 16
sp_healing: 33
armor: 51
 ----------------------------
 --- two-hand --- 
name: benediction
slot: two-hand
intelligence: 31
stamina: 10
spirit: 12
sp_healing: 106
spell_crit: 2
shadow_res: 20
 ----------------------------
 ---  --- 
name: 
slot: 
 ----------------------------
 ---  --- 
name: 
slot: 
 ----------------------------
 ---  --- 
name: 
slot: 
 ----------------------------
 --- ranged --- 
name: dragon's touch
slot: ranged
intelligence: 12
stamina: 7
sp: 6
 ----------------------------
 --- hands --- 
name: handguards of transcendence
slot: hands
intelligence: 20
stamina: 12
spirit: 13
sp_healing: 29
spell_crit: 1
armor: 72
 ----------------------------
 --- waist --- 
name: whipvine cord
slot: waist
intelligence: 8
sp_healing: 31
mp5: 6
armor: 47
 ----------------------------
 --- legs --- 
name: empowered leggings
slot: legs
intelligence: 12
stamina: 12
spirit: 24
sp_healing: 77
spell_crit: 1
armor: 103
 ----------------------------
 --- feet --- 
name: boots of transcendence
slot: feet
intelligence: 17
stamina: 17
spirit: 17
sp_healing: 35
fire_res: 10
armor: 80
 ----------------------------
 --- finger --- 
name: pure elementium band
slot: finger
intelligence: 10
stamina: 9
spirit: 10
sp_healing: 53
 ----------------------------
 --- finger --- 
name: fordring's seal
slot: finger
intelligence: 5
stamina: 4
sp_healing: 37
 ----------------------------
 --- trinket --- 
name: hazza'rah's charm of healing
slot: trinket
 ----------------------------
 --- trinket --- 
name: rejuvenating gem
slot: trinket
sp_healing: 66
mp5: 9
 ----------------------------
 --- Set bonuses ---
name: confessor's 2 hazza'rah's 1 transcendence 3 
slot: Set bonuses
sp: 23
 --- And counts for start items ---
oh_limit: 0.9
time_left_mul: 0.5
total_deficit_to_pop_trinkets: 10000
in combat total: 1105.3
Flash Heal 1, casts: 41, avg: 518.284, 6.75238%, cast time 5.5641% of in combat, overheal: 0.183248
Flash Heal 2, casts: 5, avg: 677.417, 1.07629%, cast time 0.678549% of in combat, overheal: 0.0613528
Flash Heal 3, casts: 9, avg: 757.5, 2.16636%, cast time 1.22139% of in combat, overheal: 0.055388
Flash Heal 4, casts: 17, avg: 842.306, 4.55013%, cast time 2.30707% of in combat, overheal: 0.0508694
Flash Heal 5, casts: 11, avg: 765.412, 2.67542%, cast time 1.49281% of in combat, overheal: 0.254065
Flash Heal 6, casts: 7, avg: 1006.12, 2.23795%, cast time 0.949968% of in combat, overheal: 0.142857
Flash Heal 7, casts: 157, avg: 1322.18, 65.9621%, cast time 21.3064% of in combat, overheal: 0.0306572
Greater Heal 3 hazz, casts: 1, avg: 2451.76, 0.77908%, cast time 0.13571% of in combat, overheal: 0
Greater Heal 4 hazz, casts: 18, avg: 2412.74, 13.8003%, cast time 2.44278% of in combat, overheal: 0.148396
Total time casting: 399, which is: 36.0988% of time in combat.
Total hps: 284.718, raw hps: 306.731, oh: 0.0717653
Deficit time sum: 8.67476e+10, baseline: 1.48835e+11
Deficit*time change / s: 5.61722e+07 hp
Number of combats: 15
Average mana at start of combat: 10486.4
Average mana at end of combat: 8892.51
Other players with hps > 100:
  Ajjtem : 208.096 hps
  Cano : 218.612 hps
  Cometz : 136.806 hps
  Kromozomi : 105.133 hps
  Lonnert : 218.483 hps
  Losst : 114.869 hps
  Mokrish : 238.32 hps
  Naks : 291.846 hps
Reading locked from: no-locks
Setting tag name to: dreamstate_bwl_speed_phase4
.
*** NEW BEST (1): 398.498

*** NEW BEST (1): 398.939

*** NEW BEST (1): 400.55

*** NEW BEST (1): 401.472

*** NEW BEST (1): 404.765

*** NEW BEST (1): 405.231
.
*** NEW BEST (1): 405.346

*** NEW BEST (1): 405.622

*** NEW BEST (1): 407.698
Temporary bans and partial set bonuses off.
.
*** NEW BEST (0): 400.656
feet : boots of transcendence -> boots of pure thought => val: 400.656 -> 402.001

*** NEW BEST (0): 402.001
head : eternal crown of healing -> crystal adorned crown => val: 402.001 -> 406.864

*** NEW BEST (0): 406.864
finger 2 : primalist's seal -> cauterizing band => val: 406.864 -> 408.348

*** NEW BEST (0): 408.348
hands : high councillor's gloves of healing -> atal'ai hands of healing => val: 408.348 -> 409.897

*** NEW BEST (0): 409.897
***** INTERMEDIATE RESULTS *****
Iteration: 3
 ----------------------------
 --- head --- 
name: crystal adorned crown
slot: head
intelligence: 14
spirit: 13
sp_healing: 92
armor: 85
 ----------------------------
 --- neck --- 
name: jin'do's evil eye
slot: neck
intelligence: 11
stamina: 5
spirit: 6
sp_healing: 44
 ----------------------------
 --- shoulders --- 
name: mantle of the blackwing cabal
slot: shoulders
intelligence: 16
stamina: 12
sp: 34
armor: 84
 ----------------------------
 --- back --- 
name: hide of the wild
slot: back
intelligence: 10
stamina: 8
sp_healing: 42
armor: 48
 ----------------------------
 --- chest --- 
name: truefaith vestments
slot: chest
stamina: 14
sp_healing: 73
mp5: 6
armor: 96
 ----------------------------
 --- wrists --- 
name: zandalar confessor's wraps
slot: wrists
intelligence: 11
stamina: 10
spirit: 12
sp_healing: 24
armor: 41
 ----------------------------
 --- two-hand --- 
name: benediction
slot: two-hand
intelligence: 31
stamina: 10
spirit: 12
sp_healing: 106
spell_crit: 2
shadow_res: 20
 ----------------------------
 ---  --- 
name: 
slot: 
 ----------------------------
 ---  --- 
name: 
slot: 
 ----------------------------
 ---  --- 
name: 
slot: 
 ----------------------------
 --- ranged --- 
name: lunar wand of healing
slot: ranged
sp_healing: 20
 ----------------------------
 --- hands --- 
name: atal'ai hands of healing
slot: hands
sp: 9
sp_healing: 44
armor: 47
 ----------------------------
 --- waist --- 
name: firemaw's clutch
slot: waist
intelligence: 12
stamina: 12
sp: 35
mp5: 5
armor: 64
 ----------------------------
 --- legs --- 
name: empowered leggings
slot: legs
intelligence: 12
stamina: 12
spirit: 24
sp_healing: 77
spell_crit: 1
armor: 103
 ----------------------------
 --- feet --- 
name: boots of pure thought
slot: feet
intelligence: 12
stamina: 8
spirit: 12
sp_healing: 62
armor: 74
 ----------------------------
 --- finger --- 
name: pure elementium band
slot: finger
intelligence: 10
stamina: 9
spirit: 10
sp_healing: 53
 ----------------------------
 --- finger --- 
name: cauterizing band
slot: finger
intelligence: 12
stamina: 9
sp_healing: 46
 ----------------------------
 --- trinket --- 
name: hazza'rah's charm of healing
slot: trinket
 ----------------------------
 --- trinket --- 
name: rejuvenating gem
slot: trinket
sp_healing: 66
mp5: 9
 ----------------------------
 --- Set bonuses ---
name: confessor's 2 hazza'rah's 1 
slot: Set bonuses
sp: 23
------------------
Best value: 409.897
------------------
Char stats: 
Effective hp: 8415.4
Effective mana (100 s, 33 % out of fsr): 15625.9
Raw max mana: 9940.02
Int: 385.48
Stam: 385.48
Spirit: 395.83
Strength: 79.58
Agility: 84.18
All stats multiplier (taken into account above): 1.15
Bonus mana: 2000
Bonus hp: 0
Mp5: 170
Sp: 101
Sp shadow: 0
Sp healing: 909
Spell crit: 21
Spell hit: 0
Arcane res: 27
Nature res: 27
Fire res: 27
Frost res: 27
Shadow res: 47
Armor: 2840.75
Defense: 300
Dodge: 0
Parry: 0
HpsPvp: 995.929
ShadowDps: 240.866
Value pvp healing: 1719.6
Value pvp shadow: 100.583
Effective hp-pvp: 10533.3
Effecctive mana for 100 s, 0.33 fsr: 17269.4
------------------
Best counts:
oh_limit: 0.4
time_left_mul: 2.9
total_deficit_to_pop_trinkets: 17103.4
in combat total: 1105.3
Flash Heal 1, casts: 17, avg: 522.633, 1.96106%, cast time 2.30707% of in combat, overheal: 0.238355
Flash Heal 2, casts: 4, avg: 684.526, 0.604359%, cast time 0.542839% of in combat, overheal: 0.114515
Flash Heal 4, casts: 3, avg: 938.3, 0.62131%, cast time 0.407129% of in combat, overheal: 0
Flash Heal 5, casts: 2, avg: 953.174, 0.420772%, cast time 0.271419% of in combat, overheal: 0.114593
Flash Heal 7, casts: 18, avg: 1413.39, 5.61539%, cast time 2.44278% of in combat, overheal: -7.67707e-08
Greater Heal 1, casts: 7, avg: 1759.76, 2.71892%, cast time 1.58328% of in combat, overheal: 0.095539
Greater Heal 1 hazz, casts: 2, avg: 1658.82, 0.732277%, cast time 0.271419% of in combat, overheal: 0.147418
Greater Heal 2 hazz, casts: 2, avg: 2226.35, 0.982807%, cast time 0.271419% of in combat, overheal: 0
Greater Heal 3 hazz, casts: 2, avg: 2550.76, 1.12602%, cast time 0.271419% of in combat, overheal: 0
Greater Heal 4, casts: 79, avg: 2828.19, 49.3151%, cast time 17.8685% of in combat, overheal: 0.0350765
Greater Heal 4 hazz, casts: 11, avg: 2821.63, 6.85076%, cast time 1.49281% of in combat, overheal: 0.0373124
Heal 2, casts: 67, avg: 1205.09, 17.8213%, cast time 15.1543% of in combat, overheal: 0.1521
Heal 4, casts: 25, avg: 2035.13, 11.2299%, cast time 5.65457% of in combat, overheal: 0.0263475
Total time casting: 536.5, which is: 48.5389% of time in combat.
Total hps: 409.897, raw hps: 437.438, oh: 0.0629605
Deficit time sum: 7.34598e+10, baseline: 1.48835e+11
Deficit*time change / s: 6.8194e+07 hp
Number of combats: 15
Average mana at start of combat: 9058.65
Average mana at end of combat: 6781.41
Other players with hps > 100:
  Ajjtem : 196.851 hps
  Cano : 205.761 hps
  Cometz : 134.294 hps
  Lonnert : 211.519 hps
  Losst : 111.787 hps
  Mokrish : 231.105 hps
  Naks : 270.311 hps
------------------
Upgrades: 
( following sorted by alt scores, no specials )
zulian headdress(4.09387) -> crystal adorned crown(6.76154) : 2.66766 = +0.655077%
boots of transcendence(2.66858) -> boots of pure thought(4.58075) : 1.91217 = +0.468687%
handguards of transcendence(2.67752) -> atal'ai hands of healing(3.83286) : 1.15533 = +0.282657%
bindings of transcendence(2.50635) -> zandalar confessor's wraps(3.4928) : 0.98645 = +0.241239%
dragon's touch(0.471985) -> lunar wand of healing(1.44635) : 0.974365 = +0.238276%
zandalar confessor's mantle(1.74084) -> mantle of the blackwing cabal(2.50958) : 0.768738 = +0.187897%
fordring's seal(2.69162) -> cauterizing band(3.36469) : 0.673065 = +0.164474%
whipvine cord(2.2854) -> firemaw's clutch(2.58432) : 0.29892 = +0.0729788%
jin'do's evil eye(3.24637) -> jin'do's evil eye(3.24637) : 0 = +0%
hide of the wild(3.06909) -> hide of the wild(3.06909) : 0 = +0%
truefaith vestments(5.29736) -> truefaith vestments(5.29736) : 0 = +0%
benediction, , , (8.72897) -> benediction, , , (8.72897) : 0 = +0%
empowered leggings(6.17746) -> empowered leggings(6.17746) : 0 = +0%
pure elementium band(3.9137) -> pure elementium band(3.9137) : 0 = +0%
hazza'rah's charm of healing(19.9514) -> hazza'rah's charm of healing(19.9514) : 0 = +0%
rejuvenating gem(4.80023) -> rejuvenating gem(4.80023) : 0 = +0%
------------------
~~~~ end of intermediate results ~~~~
Temporary bans and partial set bonuses on.
.
*** NEW BEST (1): 408.637
.
*** NEW BEST (1): 411.568
.
*** NEW BEST (1): 412.362
Temporary bans and partial set bonuses off.
.wrists : vambraces of prophecy -> bindings of transcendence => val: 404.342 -> 405.242
two-hand :   jin'do's hexxer lei of the lifegiver -> benediction    => val: 405.242 -> 406.875
finger 2 : primalist's seal -> cauterizing band => val: 406.875 -> 409.318
***** INTERMEDIATE RESULTS *****
Iteration: 7
 ----------------------------
 --- head --- 
name: crystal adorned crown
slot: head
intelligence: 14
spirit: 13
sp_healing: 92
armor: 85
 ----------------------------
 --- neck --- 
name: jin'do's evil eye
slot: neck
intelligence: 11
stamina: 5
spirit: 6
sp_healing: 44
 ----------------------------
 --- shoulders --- 
name: pauldrons of transcendence
slot: shoulders
intelligence: 25
stamina: 12
spirit: 13
sp_healing: 26
fire_res: 10
armor: 87
 ----------------------------
 --- back --- 
name: hide of the wild
slot: back
intelligence: 10
stamina: 8
sp_healing: 42
armor: 48
 ----------------------------
 --- chest --- 
name: truefaith vestments
slot: chest
stamina: 14
sp_healing: 73
mp5: 6
armor: 96
 ----------------------------
 --- wrists --- 
name: vambraces of prophecy
slot: wrists
intelligence: 14
stamina: 8
spirit: 10
sp_healing: 24
mp5: 2
armor: 44
 ----------------------------
 --- two-hand --- 
name: benediction
slot: two-hand
intelligence: 31
stamina: 10
spirit: 12
sp_healing: 106
spell_crit: 2
shadow_res: 20
 ----------------------------
 ---  --- 
name: 
slot: 
 ----------------------------
 ---  --- 
name: 
slot: 
 ----------------------------
 ---  --- 
name: 
slot: 
 ----------------------------
 --- ranged --- 
name: lunar wand of healing
slot: ranged
sp_healing: 20
 ----------------------------
 --- hands --- 
name: atal'ai hands of healing
slot: hands
sp: 9
sp_healing: 44
armor: 47
 ----------------------------
 --- waist --- 
name: zandalar confessor's bindings
slot: waist
intelligence: 20
stamina: 12
spirit: 12
sp_healing: 26
armor: 53
 ----------------------------
 --- legs --- 
name: empowered leggings
slot: legs
intelligence: 12
stamina: 12
spirit: 24
sp_healing: 77
spell_crit: 1
armor: 103
 ----------------------------
 --- feet --- 
name: boots of pure thought
slot: feet
intelligence: 12
stamina: 8
spirit: 12
sp_healing: 62
armor: 74
 ----------------------------
 --- finger --- 
name: pure elementium band
slot: finger
intelligence: 10
stamina: 9
spirit: 10
sp_healing: 53
 ----------------------------
 --- finger --- 
name: primalist's seal
slot: finger
intelligence: 12
spirit: 8
sp_healing: 29
 ----------------------------
 --- trinket --- 
name: hazza'rah's charm of healing
slot: trinket
 ----------------------------
 --- trinket --- 
name: rejuvenating gem
slot: trinket
sp_healing: 66
mp5: 9
 ----------------------------
 --- Set bonuses ---
name: confessor's 2 hazza'rah's 1 
slot: Set bonuses
sp: 23
------------------
Best value: 409.897
------------------
Char stats: 
Effective hp: 8282.1
Effective mana (100 s, 33 % out of fsr): 16127.6
Raw max mana: 10319.5
Int: 408.48
Stam: 372.83
Spirit: 431.48
Strength: 79.58
Agility: 84.18
All stats multiplier (taken into account above): 1.15
Bonus mana: 2000
Bonus hp: 0
Mp5: 167
Sp: 32
Sp shadow: 0
Sp healing: 944
Spell crit: 21
Spell hit: 0
Arcane res: 27
Nature res: 27
Fire res: 37
Frost res: 27
Shadow res: 47
Armor: 2835.75
Defense: 300
Dodge: 0
Parry: 0
HpsPvp: 996.128
ShadowDps: 233.908
Value pvp healing: 1735.63
Value pvp shadow: 95.7009
Effective hp-pvp: 10396
Effecctive mana for 100 s, 0.33 fsr: 17902.8
------------------
Best counts:
oh_limit: 0.4
time_left_mul: 2.9
total_deficit_to_pop_trinkets: 17103.4
in combat total: 1105.3
Flash Heal 1, casts: 19, avg: 521.919, 2.20953%, cast time 2.57849% of in combat, overheal: 0.22239
Flash Heal 2, casts: 3, avg: 650.033, 0.434511%, cast time 0.407129% of in combat, overheal: 0.142549
Flash Heal 4, casts: 3, avg: 923.454, 0.617278%, cast time 0.407129% of in combat, overheal: 0
Flash Heal 5, casts: 3, avg: 989.458, 0.661398%, cast time 0.407129% of in combat, overheal: 0.0681127
Flash Heal 7, casts: 18, avg: 1398.85, 5.6103%, cast time 2.44278% of in combat, overheal: -7.75689e-08
Greater Heal 1, casts: 8, avg: 1858.07, 3.31205%, cast time 1.80946% of in combat, overheal: 0.0303204
Greater Heal 1 hazz, casts: 3, avg: 1734.78, 1.15961%, cast time 0.407129% of in combat, overheal: 0.0946633
Greater Heal 2 hazz, casts: 2, avg: 2197.05, 0.979072%, cast time 0.271419% of in combat, overheal: 0
Greater Heal 3 hazz, casts: 2, avg: 2521.67, 1.12373%, cast time 0.271419% of in combat, overheal: 0
Greater Heal 4, casts: 80, avg: 2795.62, 49.8325%, cast time 18.0946% of in combat, overheal: 0.0367081
Greater Heal 4 hazz, casts: 11, avg: 2798.03, 6.85788%, cast time 1.49281% of in combat, overheal: 0.0358763
Heal 2, casts: 64, avg: 1186.24, 16.916%, cast time 14.4757% of in combat, overheal: 0.147371
Heal 4, casts: 23, avg: 2007.17, 10.2862%, cast time 5.20221% of in combat, overheal: 0.025946
Total time casting: 533.5, which is: 48.2674% of time in combat.
Total hps: 406.046, raw hps: 431.746, oh: 0.0595251
Deficit time sum: 7.3663e+10, baseline: 1.48835e+11
Deficit*time change / s: 6.80102e+07 hp
Number of combats: 15
Average mana at start of combat: 9446.35
Average mana at end of combat: 7154.02
Other players with hps > 100:
  Ajjtem : 196.687 hps
  Cano : 205.987 hps
  Cometz : 134.401 hps
  Kromozomi : 100.076 hps
  Lonnert : 212.617 hps
  Losst : 112.526 hps
  Mokrish : 231.061 hps
  Naks : 270.37 hps
------------------
Upgrades: 
( following sorted by alt scores, no specials )
zulian headdress(4.09387) -> crystal adorned crown(6.76154) : 2.66766 = +0.66133%
boots of transcendence(2.66858) -> boots of pure thought(4.58075) : 1.91217 = +0.473152%
whipvine cord(2.2854) -> zandalar confessor's bindings(3.66599) : 1.38058 = +0.341167%
handguards of transcendence(2.67752) -> atal'ai hands of healing(3.83286) : 1.15533 = +0.285344%
dragon's touch(0.471985) -> lunar wand of healing(1.44635) : 0.974365 = +0.240541%
zandalar confessor's mantle(1.74084) -> pauldrons of transcendence(2.02347) : 0.282623 = +0.0696522%
jin'do's evil eye(3.24637) -> jin'do's evil eye(3.24637) : 0 = +0%
hide of the wild(3.06909) -> hide of the wild(3.06909) : 0 = +0%
truefaith vestments(5.29736) -> truefaith vestments(5.29736) : 0 = +0%
benediction, , , (8.72897) -> benediction, , , (8.72897) : 0 = +0%
empowered leggings(6.17746) -> empowered leggings(6.17746) : 0 = +0%
pure elementium band(3.9137) -> pure elementium band(3.9137) : 0 = +0%
hazza'rah's charm of healing(19.9514) -> hazza'rah's charm of healing(19.9514) : 0 = +0%
rejuvenating gem(4.80023) -> rejuvenating gem(4.80023) : 0 = +0%
fordring's seal(2.69162) -> primalist's seal(2.17459) : -0.517029 = +-0.12717%
bindings of transcendence(2.50635) -> vambraces of prophecy(1.83524) : -0.671112 = +-0.165007%
------------------
~~~~ end of intermediate results ~~~~
Temporary bans and partial set bonuses on.
...Temporary bans and partial set bonuses off.
.finger 2 : primalist's seal -> cauterizing band => val: 403.993 -> 405.73
wrists : vambraces of prophecy -> bindings of transcendence => val: 405.73 -> 406.626
neck : animated chain necklace -> jin'do's evil eye => val: 406.626 -> 408.503
shoulders : pauldrons of transcendence -> mantle of the blackwing cabal => val: 408.503 -> 409.318
No swappies for item bonuses found. (best matching was empty)
***** INTERMEDIATE RESULTS *****
Iteration: 11
 ----------------------------
 --- head --- 
name: crystal adorned crown
slot: head
intelligence: 14
spirit: 13
sp_healing: 92
armor: 85
 ----------------------------
 --- neck --- 
name: jin'do's evil eye
slot: neck
intelligence: 11
stamina: 5
spirit: 6
sp_healing: 44
 ----------------------------
 --- shoulders --- 
name: pauldrons of transcendence
slot: shoulders
intelligence: 25
stamina: 12
spirit: 13
sp_healing: 26
fire_res: 10
armor: 87
 ----------------------------
 --- back --- 
name: hide of the wild
slot: back
intelligence: 10
stamina: 8
sp_healing: 42
armor: 48
 ----------------------------
 --- chest --- 
name: truefaith vestments
slot: chest
stamina: 14
sp_healing: 73
mp5: 6
armor: 96
 ----------------------------
 --- wrists --- 
name: vambraces of prophecy
slot: wrists
intelligence: 14
stamina: 8
spirit: 10
sp_healing: 24
mp5: 2
armor: 44
 ----------------------------
 --- two-hand --- 
name: benediction
slot: two-hand
intelligence: 31
stamina: 10
spirit: 12
sp_healing: 106
spell_crit: 2
shadow_res: 20
 ----------------------------
 ---  --- 
name: 
slot: 
 ----------------------------
 ---  --- 
name: 
slot: 
 ----------------------------
 ---  --- 
name: 
slot: 
 ----------------------------
 --- ranged --- 
name: lunar wand of healing
slot: ranged
sp_healing: 20
 ----------------------------
 --- hands --- 
name: atal'ai hands of healing
slot: hands
sp: 9
sp_healing: 44
armor: 47
 ----------------------------
 --- waist --- 
name: zandalar confessor's bindings
slot: waist
intelligence: 20
stamina: 12
spirit: 12
sp_healing: 26
armor: 53
 ----------------------------
 --- legs --- 
name: empowered leggings
slot: legs
intelligence: 12
stamina: 12
spirit: 24
sp_healing: 77
spell_crit: 1
armor: 103
 ----------------------------
 --- feet --- 
name: boots of pure thought
slot: feet
intelligence: 12
stamina: 8
spirit: 12
sp_healing: 62
armor: 74
 ----------------------------
 --- finger --- 
name: pure elementium band
slot: finger
intelligence: 10
stamina: 9
spirit: 10
sp_healing: 53
 ----------------------------
 --- finger --- 
name: primalist's seal
slot: finger
intelligence: 12
spirit: 8
sp_healing: 29
 ----------------------------
 --- trinket --- 
name: hazza'rah's charm of healing
slot: trinket
 ----------------------------
 --- trinket --- 
name: rejuvenating gem
slot: trinket
sp_healing: 66
mp5: 9
 ----------------------------
 --- Set bonuses ---
name: confessor's 2 hazza'rah's 1 
slot: Set bonuses
sp: 23
------------------
Best value: 409.897
------------------
Char stats: 
Effective hp: 8282.1
Effective mana (100 s, 33 % out of fsr): 16127.6
Raw max mana: 10319.5
Int: 408.48
Stam: 372.83
Spirit: 431.48
Strength: 79.58
Agility: 84.18
All stats multiplier (taken into account above): 1.15
Bonus mana: 2000
Bonus hp: 0
Mp5: 167
Sp: 32
Sp shadow: 0
Sp healing: 944
Spell crit: 21
Spell hit: 0
Arcane res: 27
Nature res: 27
Fire res: 37
Frost res: 27
Shadow res: 47
Armor: 2835.75
Defense: 300
Dodge: 0
Parry: 0
HpsPvp: 996.128
ShadowDps: 233.908
Value pvp healing: 1735.63
Value pvp shadow: 95.7009
Effective hp-pvp: 10396
Effecctive mana for 100 s, 0.33 fsr: 17902.8
------------------
Best counts:
oh_limit: 0.4
time_left_mul: 2.9
total_deficit_to_pop_trinkets: 17103.4
in combat total: 1105.3
Flash Heal 1, casts: 19, avg: 521.919, 2.20953%, cast time 2.57849% of in combat, overheal: 0.22239
Flash Heal 2, casts: 3, avg: 650.033, 0.434511%, cast time 0.407129% of in combat, overheal: 0.142549
Flash Heal 4, casts: 3, avg: 923.454, 0.617278%, cast time 0.407129% of in combat, overheal: 0
Flash Heal 5, casts: 3, avg: 989.458, 0.661398%, cast time 0.407129% of in combat, overheal: 0.0681127
Flash Heal 7, casts: 18, avg: 1398.85, 5.6103%, cast time 2.44278% of in combat, overheal: -7.75689e-08
Greater Heal 1, casts: 8, avg: 1858.07, 3.31205%, cast time 1.80946% of in combat, overheal: 0.0303204
Greater Heal 1 hazz, casts: 3, avg: 1734.78, 1.15961%, cast time 0.407129% of in combat, overheal: 0.0946633
Greater Heal 2 hazz, casts: 2, avg: 2197.05, 0.979072%, cast time 0.271419% of in combat, overheal: 0
Greater Heal 3 hazz, casts: 2, avg: 2521.67, 1.12373%, cast time 0.271419% of in combat, overheal: 0
Greater Heal 4, casts: 80, avg: 2795.62, 49.8325%, cast time 18.0946% of in combat, overheal: 0.0367081
Greater Heal 4 hazz, casts: 11, avg: 2798.03, 6.85788%, cast time 1.49281% of in combat, overheal: 0.0358763
Heal 2, casts: 64, avg: 1186.24, 16.916%, cast time 14.4757% of in combat, overheal: 0.147371
Heal 4, casts: 23, avg: 2007.17, 10.2862%, cast time 5.20221% of in combat, overheal: 0.025946
Total time casting: 533.5, which is: 48.2674% of time in combat.
Total hps: 406.046, raw hps: 431.746, oh: 0.0595251
Deficit time sum: 7.3663e+10, baseline: 1.48835e+11
Deficit*time change / s: 6.80102e+07 hp
Number of combats: 15
Average mana at start of combat: 9446.35
Average mana at end of combat: 7154.02
Other players with hps > 100:
  Ajjtem : 196.687 hps
  Cano : 205.987 hps
  Cometz : 134.401 hps
  Kromozomi : 100.076 hps
  Lonnert : 212.617 hps
  Losst : 112.526 hps
  Mokrish : 231.061 hps
  Naks : 270.37 hps
------------------
Upgrades: 
( following sorted by alt scores, no specials )
zulian headdress(4.09387) -> crystal adorned crown(6.76154) : 2.66766 = +0.66133%
boots of transcendence(2.66858) -> boots of pure thought(4.58075) : 1.91217 = +0.473152%
whipvine cord(2.2854) -> zandalar confessor's bindings(3.66599) : 1.38058 = +0.341167%
handguards of transcendence(2.67752) -> atal'ai hands of healing(3.83286) : 1.15533 = +0.285344%
dragon's touch(0.471985) -> lunar wand of healing(1.44635) : 0.974365 = +0.240541%
zandalar confessor's mantle(1.74084) -> pauldrons of transcendence(2.02347) : 0.282623 = +0.0696522%
jin'do's evil eye(3.24637) -> jin'do's evil eye(3.24637) : 0 = +0%
hide of the wild(3.06909) -> hide of the wild(3.06909) : 0 = +0%
truefaith vestments(5.29736) -> truefaith vestments(5.29736) : 0 = +0%
benediction, , , (8.72897) -> benediction, , , (8.72897) : 0 = +0%
empowered leggings(6.17746) -> empowered leggings(6.17746) : 0 = +0%
pure elementium band(3.9137) -> pure elementium band(3.9137) : 0 = +0%
hazza'rah's charm of healing(19.9514) -> hazza'rah's charm of healing(19.9514) : 0 = +0%
rejuvenating gem(4.80023) -> rejuvenating gem(4.80023) : 0 = +0%
fordring's seal(2.69162) -> primalist's seal(2.17459) : -0.517029 = +-0.12717%
bindings of transcendence(2.50635) -> vambraces of prophecy(1.83524) : -0.671112 = +-0.165007%
------------------
~~~~ end of intermediate results ~~~~
Same items for intermediate results again, ending optimization. 
 ----------------------------
 --- head --- 
name: crystal adorned crown
slot: head
intelligence: 14
spirit: 13
sp_healing: 92
armor: 85
 ----------------------------
 --- neck --- 
name: jin'do's evil eye
slot: neck
intelligence: 11
stamina: 5
spirit: 6
sp_healing: 44
 ----------------------------
 --- shoulders --- 
name: pauldrons of transcendence
slot: shoulders
intelligence: 25
stamina: 12
spirit: 13
sp_healing: 26
fire_res: 10
armor: 87
 ----------------------------
 --- back --- 
name: hide of the wild
slot: back
intelligence: 10
stamina: 8
sp_healing: 42
armor: 48
 ----------------------------
 --- chest --- 
name: truefaith vestments
slot: chest
stamina: 14
sp_healing: 73
mp5: 6
armor: 96
 ----------------------------
 --- wrists --- 
name: vambraces of prophecy
slot: wrists
intelligence: 14
stamina: 8
spirit: 10
sp_healing: 24
mp5: 2
armor: 44
 ----------------------------
 --- two-hand --- 
name: benediction
slot: two-hand
intelligence: 31
stamina: 10
spirit: 12
sp_healing: 106
spell_crit: 2
shadow_res: 20
 ----------------------------
 ---  --- 
name: 
slot: 
 ----------------------------
 ---  --- 
name: 
slot: 
 ----------------------------
 ---  --- 
name: 
slot: 
 ----------------------------
 --- ranged --- 
name: lunar wand of healing
slot: ranged
sp_healing: 20
 ----------------------------
 --- hands --- 
name: atal'ai hands of healing
slot: hands
sp: 9
sp_healing: 44
armor: 47
 ----------------------------
 --- waist --- 
name: zandalar confessor's bindings
slot: waist
intelligence: 20
stamina: 12
spirit: 12
sp_healing: 26
armor: 53
 ----------------------------
 --- legs --- 
name: empowered leggings
slot: legs
intelligence: 12
stamina: 12
spirit: 24
sp_healing: 77
spell_crit: 1
armor: 103
 ----------------------------
 --- feet --- 
name: boots of pure thought
slot: feet
intelligence: 12
stamina: 8
spirit: 12
sp_healing: 62
armor: 74
 ----------------------------
 --- finger --- 
name: pure elementium band
slot: finger
intelligence: 10
stamina: 9
spirit: 10
sp_healing: 53
 ----------------------------
 --- finger --- 
name: primalist's seal
slot: finger
intelligence: 12
spirit: 8
sp_healing: 29
 ----------------------------
 --- trinket --- 
name: hazza'rah's charm of healing
slot: trinket
 ----------------------------
 --- trinket --- 
name: rejuvenating gem
slot: trinket
sp_healing: 66
mp5: 9
 ----------------------------
 --- Set bonuses ---
name: confessor's 2 hazza'rah's 1 
slot: Set bonuses
sp: 23
------------------
Char stats: 
Effective hp: 8282.1
Effective mana (100 s, 33 % out of fsr): 16127.6
Raw max mana: 10319.5
Int: 408.48
Stam: 372.83
Spirit: 431.48
Strength: 79.58
Agility: 84.18
All stats multiplier (taken into account above): 1.15
Bonus mana: 2000
Bonus hp: 0
Mp5: 167
Sp: 32
Sp shadow: 0
Sp healing: 944
Spell crit: 21
Spell hit: 0
Arcane res: 27
Nature res: 27
Fire res: 37
Frost res: 27
Shadow res: 47
Armor: 2835.75
Defense: 300
Dodge: 0
Parry: 0
HpsPvp: 985.309
ShadowDps: 226.336
Value pvp healing: 1692.17
Value pvp shadow: 89.2909
Effective hp-pvp: 10396
Effecctive mana for 100 s, 0.33 fsr: 17902.8
------------------
Best counts:
oh_limit: 0.4
time_left_mul: 2.9
total_deficit_to_pop_trinkets: 17103.4
in combat total: 1105.3
Flash Heal 1, casts: 19, avg: 521.919, 2.20953%, cast time 2.57849% of in combat, overheal: 0.22239
Flash Heal 2, casts: 3, avg: 650.033, 0.434511%, cast time 0.407129% of in combat, overheal: 0.142549
Flash Heal 4, casts: 3, avg: 923.454, 0.617278%, cast time 0.407129% of in combat, overheal: 0
Flash Heal 5, casts: 3, avg: 989.458, 0.661398%, cast time 0.407129% of in combat, overheal: 0.0681127
Flash Heal 7, casts: 18, avg: 1398.85, 5.6103%, cast time 2.44278% of in combat, overheal: -7.75689e-08
Greater Heal 1, casts: 8, avg: 1858.07, 3.31205%, cast time 1.80946% of in combat, overheal: 0.0303204
Greater Heal 1 hazz, casts: 3, avg: 1734.78, 1.15961%, cast time 0.407129% of in combat, overheal: 0.0946633
Greater Heal 2 hazz, casts: 2, avg: 2197.05, 0.979072%, cast time 0.271419% of in combat, overheal: 0
Greater Heal 3 hazz, casts: 2, avg: 2521.67, 1.12373%, cast time 0.271419% of in combat, overheal: 0
Greater Heal 4, casts: 80, avg: 2795.62, 49.8325%, cast time 18.0946% of in combat, overheal: 0.0367081
Greater Heal 4 hazz, casts: 11, avg: 2798.03, 6.85788%, cast time 1.49281% of in combat, overheal: 0.0358763
Heal 2, casts: 64, avg: 1186.24, 16.916%, cast time 14.4757% of in combat, overheal: 0.147371
Heal 4, casts: 23, avg: 2007.17, 10.2862%, cast time 5.20221% of in combat, overheal: 0.025946
Total time casting: 533.5, which is: 48.2674% of time in combat.
Total hps: 406.046, raw hps: 431.746, oh: 0.0595251
Deficit time sum: 7.3663e+10, baseline: 1.48835e+11
Deficit*time change / s: 6.80102e+07 hp
Number of combats: 15
Average mana at start of combat: 9446.35
Average mana at end of combat: 7154.02
Other players with hps > 100:
  Ajjtem : 196.687 hps
  Cano : 205.987 hps
  Cometz : 134.401 hps
  Kromozomi : 100.076 hps
  Lonnert : 212.617 hps
  Losst : 112.526 hps
  Mokrish : 231.061 hps
  Naks : 270.37 hps
------------------
Based on last: 3000 entries, out of total: 5156 entries, (5289 dropped), The least-squares solution is:
Int: 3.77138
Spirit: 10.0504
Sp / Healing: 100
Mp5: 2.90233
Crit: 623.633
T1 3p/piece: 698.176
T2 3p/piece: 0
Hazza'rah's: 25374.9
Darkmoon: 1907.2
100 points == 1 sp == 0.0716013 hps.
Appended tag:
( Pawn: v1: "dreamstate_bwl_speed_phase4": Intellect=3.77138, Spirit=10.0504, Healing=100, Mp5=2.90233, SpellCritRating=623.633, IsFist=X, Is2HMace=X, IsCrossbow=X, IsGun=X, IsShield=X, IsPolearm=X, Is2HAxe=X, IsBow=X, IsMail=X, IsPlate=X, IsLeather=X, IsAxe=X, Is2HAxe=X, IsSword=X, Is2HSword=X)
To file: dreamstate_bwl_speed_phase4.pawn_tag.txt
------------------
Diffs to start: 
Upgrades: 
( following sorted by alt scores, no specials )
zulian headdress(4.07932) -> crystal adorned crown(6.71869) : 2.63937 = +0.654271%
boots of transcendence(2.67429) -> boots of pure thought(4.55804) : 1.88376 = +0.466089%
whipvine cord(2.25372) -> zandalar confessor's bindings(3.64883) : 1.39511 = +0.344769%
handguards of transcendence(2.67053) -> atal'ai hands of healing(3.79486) : 1.12433 = +0.277665%
dragon's touch(0.462006) -> lunar wand of healing(1.43204) : 0.970032 = +0.239469%
zandalar confessor's mantle(1.74799) -> pauldrons of transcendence(2.02271) : 0.274719 = +0.0677029%
jin'do's evil eye(3.22333) -> jin'do's evil eye(3.22333) : 0 = +0%
hide of the wild(3.03427) -> hide of the wild(3.03427) : 0 = +0%
truefaith vestments(5.23935) -> truefaith vestments(5.23935) : 0 = +0%
benediction, , , (8.65286) -> benediction, , , (8.65286) : 0 = +0%
empowered leggings(6.16495) -> empowered leggings(6.16495) : 0 = +0%
pure elementium band(3.89383) -> pure elementium band(3.89383) : 0 = +0%
hazza'rah's charm of healing(19.8156) -> hazza'rah's charm of healing(19.8156) : 0 = +0%
rejuvenating gem(4.74438) -> rejuvenating gem(4.74438) : 0 = +0%
fordring's seal(2.66275) -> primalist's seal(2.16641) : -0.496338 = +-0.122087%
bindings of transcendence(2.51309) -> vambraces of prophecy(1.83237) : -0.680725 = +-0.167367%
- - - - - - - - - - - - - - - - - - - - - - - - - - - - - - - - - - - - - - - - - 
| Upgrades at best in slot level, from start item to candidate, partial bonuses: 1: |
  alt scores are from least squares fit, special score from e.g. set bonuses as s are part of em
. . . . . . . . . . . . . . . . . . . . . . . . . . . . . . . . . . . . . . . . . 
- . - ' - . - ' - . - ' - . - ' - . - ' - . -
head, zulian headdress (9.91559), alt: 4.07932 -> :
    crystal adorned crown (15.1365) : +1.28233 %, alt : +6.71868, from: azuregos
    eternal crown of healing (9.52142) : -0.0968129 %, alt : +4.58248, from: random green
    halo of transcendence (11.5226) : +0.394702 %, alt : +3.66809, from: onyxia
- . - ' - . - ' - . - ' - . - ' - . - ' - . -
neck, jin'do's evil eye (6.92371), alt: 3.22333 -> :
    the all-seeing eye of zuldazar (2.94418) : -0.965055 %, alt : +1.40398, from: zg
- . - ' - . - ' - . - ' - . - ' - . - ' - . -
shoulders, zandalar confessor's mantle (3.7551), alt: 1.74799 -> :
    mantle of the blackwing cabal (4.19736) : +0.108264 %, alt : +2.47765, from: bwl
    pauldrons of transcendence (7.61398) : +0.944641 %, alt : +2.02269, from: bwl
    zandalar confessor's mantle (3.7551) : +0 %, alt : +1.74798, from: zg
- . - ' - . - ' - . - ' - . - ' - . - ' - . -
back, hide of the wild (5.9364), alt: 3.03427 -> :
- . - ' - . - ' - . - ' - . - ' - . - ' - . -
chest, truefaith vestments (9.36475), alt: 5.23935 -> :
    robes of transcendence (9.22256) : -0.0344797 %, alt : +4.26932, from: bwl
- . - ' - . - ' - . - ' - . - ' - . - ' - . -
wrists, bindings of transcendence (6.35236), alt: 2.51309 -> :
    bindings of transcendence (6.35236) : +0 %, alt : +2.51309, from: bwl
    vambraces of prophecy (5.51645) : -0.202302 %, alt : +2.51087 (s: 0.499903), from: mc
    zandalar confessor's wraps (4.10947) : -0.542812 %, alt : +1.83449, from: zg
- . - ' - . - ' - . - ' - . - ' - . - ' - . -
two-hand, benediction (16.2469), alt: 8.65286 -> :
    lok'amir il romathis and lei of the lifegiver (9.61877) : -1.60736 %, alt : +9.92179, from: bwl, av rep
    lok'amir il romathis and brightly glowing stone (9.21027) : -1.70643 %, alt : +8.76993, from: bwl, pre-raid
- . - ' - . - ' - . - ' - . - ' - . - ' - . -
ranged, dragon's touch (-1.29236), alt: 0.462006 -> :
    lunar wand of healing (3.25888) : +1.11602 %, alt : +1.43203, from: random green
    bonecreeper stylus (2.46448) : +0.92122 %, alt : +0.798416, from: pre-raid
- . - ' - . - ' - . - ' - . - ' - . - ' - . -
hands, handguards of transcendence (6.03033), alt: 2.67053 -> :
    atal'ai hands of healing (6.58319) : +0.134251 %, alt : +3.79487, from: sunken temple
    high councillor's gloves of healing (5.64038) : -0.0946928 %, alt : +3.29366, from: random green
    handguards of transcendence (6.03033) : +0 %, alt : +2.67052, from: bwl
- . - ' - . - ' - . - ' - . - ' - . - ' - . -
waist, whipvine cord (4.76367), alt: 2.25372 -> :
    zandalar confessor's bindings (8.2037) : +0.841244 %, alt : +3.64883, from: zg
    firemaw's clutch (5.25992) : +0.121355 %, alt : +2.54884, from: bwl
- . - ' - . - ' - . - ' - . - ' - . - ' - . -
legs, empowered leggings (12.6386), alt: 6.16495 -> :
    leggings of transcendence (9.86652) : -0.67224 %, alt : +3.51603, from: mc
- . - ' - . - ' - . - ' - . - ' - . - ' - . -
feet, boots of transcendence (5.43448), alt: 2.67429 -> :
    boots of pure thought (8.56271) : +0.764413 %, alt : +4.55804, from: bwl
    boots of transcendence (5.43448) : +0 %, alt : +2.67429, from: bwl
- . - ' - . - ' - . - ' - . - ' - . - ' - . -
finger, pure elementium band (7.96872), alt: 3.89383 -> :
    primalist's seal (4.26941) : -0.897102 %, alt : +3.34783, from: zg
    primalist's band (-0.374512) : -2.02328 %, alt : +1.22089, from: zg
- . - ' - . - ' - . - ' - . - ' - . - ' - . -
finger 2, fordring's seal (5.3761), alt: 2.66275 -> :
    pure elementium band (6.87024) : +0.363866 %, alt : +3.89383, from: bwl
    primalist's seal (7.10934) : +0.422096 %, alt : +3.34783, from: zg
    cauterizing band (6.87384) : +0.364743 %, alt : +3.32606, from: mc
    primalist's band (1.02335) : -1.06002 %, alt : +1.22089, from: zg
- . - ' - . - ' - . - ' - . - ' - . - ' - . -
trinket, hazza'rah's charm of healing (8.52808), alt: 19.8156 -> :
    hazza'rah's charm of healing (8.52808) : +0 %, alt : +19.8156, from: zg
    darkmoon card: blue dragon (-0.757965) : -2.25191 %, alt : +1.36558, from: 
- . - ' - . - ' - . - ' - . - ' - . - ' - . -
trinket 2, rejuvenating gem (8.18741), alt: 4.74438 -> :
    hazza'rah's charm of healing (0) : -1.98549 %, alt : +19.8156, from: zg
    darkmoon card: blue dragon (0.206299) : -1.93546 %, alt : +1.36558, from: 
- - - - - - - - - - - - - - - - - - - - - - - - - - - - - - - - - - - - - - - - - 
| Upgrades at best in slot level, from start item to candidate, partial bonuses: 0: |
  alt scores are from least squares fit, special score from e.g. set bonuses as s are part of em
. . . . . . . . . . . . . . . . . . . . . . . . . . . . . . . . . . . . . . . . . 
- . - ' - . - ' - . - ' - . - ' - . - ' - . -
head, zulian headdress (9.77261), alt: 4.07932 -> :
    crystal adorned crown (12.4793) : +0.671063 %, alt : +6.71868, from: azuregos
    eternal crown of healing (9.27502) : -0.123367 %, alt : +4.58248, from: random green
    halo of transcendence (9.95163) : +0.0443834 %, alt : +3.66809, from: onyxia
- . - ' - . - ' - . - ' - . - ' - . - ' - . -
neck, jin'do's evil eye (4.94974), alt: 3.22333 -> :
    the all-seeing eye of zuldazar (2.89182) : -0.506819 %, alt : +1.40398, from: zg
- . - ' - . - ' - . - ' - . - ' - . - ' - . -
shoulders, zandalar confessor's mantle (2.83383), alt: 1.74799 -> :
    mantle of the blackwing cabal (3.27457) : +0.108737 %, alt : +2.47765, from: bwl
    pauldrons of transcendence (3.55988) : +0.179128 %, alt : +2.02269, from: bwl
    zandalar confessor's mantle (2.83383) : +0 %, alt : +1.74798, from: zg
- . - ' - . - ' - . - ' - . - ' - . - ' - . -
back, hide of the wild (4.0932), alt: 3.03427 -> :
    shroud of pure thought (4.16666) : +0.0180905 %, alt : +2.40502, from: bwl
- . - ' - . - ' - . - ' - . - ' - . - ' - . -
chest, truefaith vestments (10.4966), alt: 5.23935 -> :
    robes of transcendence (10.7906) : +0.0723995 %, alt : +4.26932, from: bwl
- . - ' - . - ' - . - ' - . - ' - . - ' - . -
wrists, bindings of transcendence (3.47995), alt: 2.51309 -> :
    zandalar confessor's wraps (1.99631) : -0.364467 %, alt : +1.83449, from: zg
- . - ' - . - ' - . - ' - . - ' - . - ' - . -
two-hand, benediction (14.5297), alt: 8.65286 -> :
    lok'amir il romathis and lei of the lifegiver (16.4513) : +0.473231 %, alt : +9.92179, from: bwl, av rep
    lok'amir il romathis and brightly glowing stone (14.0716) : -0.112827 %, alt : +8.76993, from: bwl, pre-raid
- . - ' - . - ' - . - ' - . - ' - . - ' - . -
ranged, dragon's touch (1.93402), alt: 0.462006 -> :
    lunar wand of healing (1.80777) : -0.0310831 %, alt : +1.43203, from: random green
    bonecreeper stylus (1.14941) : -0.193171 %, alt : +0.798416, from: pre-raid
- . - ' - . - ' - . - ' - . - ' - . - ' - . -
hands, handguards of transcendence (7.64771), alt: 2.67053 -> :
    atal'ai hands of healing (7.48203) : -0.0407865 %, alt : +3.79487, from: sunken temple
    high councillor's gloves of healing (6.66779) : -0.241233 %, alt : +3.29366, from: random green
- . - ' - . - ' - . - ' - . - ' - . - ' - . -
waist, whipvine cord (3.7132), alt: 2.25372 -> :
    zandalar confessor's bindings (5.40436) : +0.418237 %, alt : +3.64883, from: zg
    firemaw's clutch (3.96674) : +0.0627023 %, alt : +2.54884, from: bwl
- . - ' - . - ' - . - ' - . - ' - . - ' - . -
legs, empowered leggings (8.79892), alt: 6.16495 -> :
- . - ' - . - ' - . - ' - . - ' - . - ' - . -
feet, boots of transcendence (9.33945), alt: 2.67429 -> :
    boots of pure thought (10.5764) : +0.305561 %, alt : +4.55804, from: bwl
- . - ' - . - ' - . - ' - . - ' - . - ' - . -
finger, pure elementium band (9.24475), alt: 3.89383 -> :
- . - ' - . - ' - . - ' - . - ' - . - ' - . -
finger 2, fordring's seal (3.1268), alt: 2.66275 -> :
    pure elementium band (5.384) : +0.555959 %, alt : +3.89383, from: bwl
    cauterizing band (4.86429) : +0.427951 %, alt : +3.32606, from: mc
    primalist's seal (3.17188) : +0.011102 %, alt : +2.16641, from: zg
- . - ' - . - ' - . - ' - . - ' - . - ' - . -
trinket, hazza'rah's charm of healing (7.73508), alt: 19.8156 -> :
    hazza'rah's charm of healing (7.73508) : +0 %, alt : +19.8156, from: zg
    darkmoon card: blue dragon (3.69168) : -0.995796 %, alt : +1.36558, from: 
- . - ' - . - ' - . - ' - . - ' - . - ' - . -
trinket 2, rejuvenating gem (9.8638), alt: 4.74438 -> :
    hazza'rah's charm of healing (0) : -2.42923 %, alt : +19.8156, from: zg
    darkmoon card: blue dragon (1.59787) : -2.03571 %, alt : +1.36558, from: 
- - - - - - - - - - - - - - - - - - - - - - - - - - - - - - - - - - - - - - - - - 
| Upgrades at start level, from start item to candidate, partial bonuses: 1: |
  alt scores are from least squares fit, special score from e.g. set bonuses as s are part of em
. . . . . . . . . . . . . . . . . . . . . . . . . . . . . . . . . . . . . . . . . 
- . - ' - . - ' - . - ' - . - ' - . - ' - . -
head, zulian headdress (-0.943787), alt: 4.07932 -> :
    crystal adorned crown (7.87201) : +2.21821 %, alt : +6.71868, from: azuregos
    eternal crown of healing (1.84695) : +0.702198 %, alt : +4.58248, from: random green
    green lens of healing (2.05423) : +0.754352 %, alt : +3.86647, from: pre-raid
    halo of transcendence (-1.57632) : -0.159157 %, alt : +3.66809, from: onyxia
    mish'undare circlet of mind flayer (0.772186) : +0.431768 %, alt : +3.52868, from: bwl
    cassandra's grace (3.10211) : +1.01802 %, alt : +3.21522, from: pre-raid
    cassandra's grace (3.10211) : +1.01802 %, alt : +3.21522, from: pre-raid
    the hexxer's cover (1.8703) : +0.708073 %, alt : +2.96266, from: zg
    crimson felt hat (4.19171) : +1.29218 %, alt : +2.22721, from: pre-raid
- . - ' - . - ' - . - ' - . - ' - . - ' - . -
neck, jin'do's evil eye (-2.36142), alt: 3.22333 -> :
    animated chain necklace (0.39389) : +0.693283 %, alt : +2.40602, from: pre-raid
    wavefront necklace (-0.846802) : +0.381104 %, alt : +1.75126, from: silithus
    jeklik's opaline talisman (-0.650513) : +0.430494 %, alt : +1.58146, from: zg
    the all-seeing eye of zuldazar (1.37076) : +0.93908 %, alt : +1.40398, from: zg
- . - ' - . - ' - . - ' - . - ' - . - ' - . -
shoulders, zandalar confessor's mantle (-1.42728), alt: 3.39481 -> :
    zandalar confessor's mantle (-1.42728) : +0 %, alt : +3.39481, from: zg
    mantle of the blackwing cabal (1.35669) : +0.700494 %, alt : +2.47765, from: bwl
    pauldrons of transcendence (1.63129) : +0.769587 %, alt : +2.02269, from: bwl
    burial shawl (2.93488) : +1.09759 %, alt : +1.47523, from: pre-raid
- . - ' - . - ' - . - ' - . - ' - . - ' - . -
back, hide of the wild (-2.61267), alt: 3.03427 -> :
    hakkari loa cloak (-0.94577) : +0.419421 %, alt : +2.43661, from: zg
    shroud of pure thought (-0.937164) : +0.421586 %, alt : +2.40502, from: bwl
    archivist cape of healing (0.381348) : +0.753347 %, alt : +2.37116, from: pre-raid
    drape of benediction (-1.09299) : +0.382379 %, alt : +2.31231, from: azuregos
    cloak of the brood lord (0.287476) : +0.729727 %, alt : +2.04264, from: bwl
    cloak of the cosmos (0.0296936) : +0.664864 %, alt : +1.89134, from: pre-raid
- . - ' - . - ' - . - ' - . - ' - . - ' - . -
chest, truefaith vestments (-0.52478), alt: 5.23935 -> :
    robes of the exalted (0.34436) : +0.218691 %, alt : +4.96155, from: pre-raid
    robes of transcendence (0.995911) : +0.382632 %, alt : +4.26932, from: bwl
    jade inlaid vestments (3.05542) : +0.90084 %, alt : +3.25663, from: ysondre
- . - ' - . - ' - . - ' - . - ' - . - ' - . -
wrists, bindings of transcendence (-0.987244), alt: 2.51309 -> :
    bindings of transcendence (-0.987244) : +0 %, alt : +2.51309, from: bwl
    vambraces of prophecy (2.56888) : +0.894781 %, alt : +2.51087 (s: 0.499903), from: mc
    flameweave cuffs of healing (0.602234) : +0.39994 %, alt : +2.36284, from: brd
    zandalar confessor's wraps (1.98849) : +0.748747 %, alt : +1.83449, from: zg
    black bark wristbands (1.39758) : +0.600063 %, alt : +1.82962, from: lethon
- . - ' - . - ' - . - ' - . - ' - . - ' - . -
two-hand, benediction (9.44528), alt: 8.65286 -> :
    lok'amir il romathis and lei of the lifegiver (16.3841) : +1.74592 %, alt : +9.92179, from: bwl, av rep
    lok'amir il romathis and brightly glowing stone (9.93552) : +0.123351 %, alt : +8.76993, from: bwl, pre-raid
    lok'amir il romathis and arlokk's hoodoo stick (10.1493) : +0.177141 %, alt : +8.14244, from: bwl, zg
    jin'do's hexxer and lei of the lifegiver (12.7883) : +0.841161 %, alt : +7.9236, from: zg, av rep
    fang of the mystics and lei of the lifegiver (12.9728) : +0.887579 %, alt : +7.147, from: azuregos, av rep
    staff of the shadow flame (11.2435) : +0.45247 %, alt : +7.11541, from: bwl
    jin'do's hexxer and brightly glowing stone (10.5516) : +0.278362 %, alt : +6.77175, from: zg, pre-raid
    jin'do's hexxer and arlokk's hoodoo stick (11.4774) : +0.51132 %, alt : +6.14426, from: zg, zg
    staff of rampant growth (12.4504) : +0.756149 %, alt : +6.08057, from: emeriss; lethon; taerar; ysondre
    wushoolay's poker and lei of the lifegiver (12.9821) : +0.889928 %, alt : +6.03321, from: zg, av rep
    the hammer of grace and lei of the lifegiver (11.7415) : +0.577772 %, alt : +6.02074, from: pre-raid, av rep
    fang of the mystics and brightly glowing stone (12.2054) : +0.694504 %, alt : +5.99515, from: azuregos, pre-raid
    zulian scepter of rites and lei of the lifegiver (12.861) : +0.859444 %, alt : +5.69265, from: zg, av rep
    aurastone hammer and lei of the lifegiver (12.7604) : +0.83415 %, alt : +5.62853, from: mc, av rep
    fang of venoxis and lei of the lifegiver (11.7679) : +0.584399 %, alt : +5.59678, from: zg, av rep
    fang of the mystics and arlokk's hoodoo stick (11.5781) : +0.536645 %, alt : +5.36766, from: azuregos, zg
    sorcerous dagger and lei of the lifegiver (11.9319) : +0.625664 %, alt : +5.27904, from: mc, av rep
    wushoolay's poker and brightly glowing stone (10.559) : +0.280221 %, alt : +4.88136, from: zg, pre-raid
    the hammer of grace and brightly glowing stone (9.79892) : +0.0889813 %, alt : +4.86889, from: pre-raid, pre-raid
    witchblade and lei of the lifegiver (11.0777) : +0.410744 %, alt : +4.82512, from: pre-raid, av rep
    zulian scepter of rites and brightly glowing stone (10.5111) : +0.268188 %, alt : +4.5408, from: zg, pre-raid
    hypnotic blade and lei of the lifegiver (10.9492) : +0.378401 %, alt : +4.48871, from: pre-raid, av rep
    aurastone hammer and brightly glowing stone (10.5405) : +0.275567 %, alt : +4.47668, from: mc, pre-raid
    fang of venoxis and brightly glowing stone (10.4007) : +0.240391 %, alt : +4.44493, from: zg, pre-raid
    wushoolay's poker and arlokk's hoodoo stick (10.368) : +0.232182 %, alt : +4.25387, from: zg, zg
    sorcerous dagger and brightly glowing stone (10.9092) : +0.368357 %, alt : +4.12718, from: mc, pre-raid
    zulian scepter of rites and arlokk's hoodoo stick (10.3178) : +0.219543 %, alt : +3.91331, from: zg, zg
    gift of the elven magi and lei of the lifegiver (10.4877) : +0.262291 %, alt : +3.87128, from: pre-raid (strat live: balnazzar), av rep
    lorespinner and lei of the lifegiver (10.4485) : +0.252416 %, alt : +3.85952, from: pre-raid, av rep
    aurastone hammer and arlokk's hoodoo stick (10.3466) : +0.226792 %, alt : +3.84918, from: mc, zg
    fang of venoxis and arlokk's hoodoo stick (10.5573) : +0.279791 %, alt : +3.81744, from: zg, zg
    sorcerous dagger and arlokk's hoodoo stick (10.0219) : +0.14509 %, alt : +3.49969, from: mc, zg
- . - ' - . - ' - . - ' - . - ' - . - ' - . -
ranged, dragon's touch (-0.357635), alt: 0.462006 -> :
    lunar wand of healing (1.202) : +0.39243 %, alt : +1.43203, from: random green
    bonecreeper stylus (0.162842) : +0.130961 %, alt : +0.798416, from: pre-raid
- . - ' - . - ' - . - ' - . - ' - . - ' - . -
hands, handguards of transcendence (-1.54028), alt: 2.67053 -> :
    atal'ai hands of healing (5.46902) : +1.76366 %, alt : +3.79487, from: sunken temple
    high councillor's gloves of healing (0.937622) : +0.623484 %, alt : +3.29366, from: random green
    handguards of transcendence (-1.54028) : +0 %, alt : +2.67052, from: bwl
    hands of the exalted herald (0.944092) : +0.625111 %, alt : +2.4843, from: pre-raid
    gloves of delusional power (0.630768) : +0.546274 %, alt : +1.98683, from: emeriss; lethon; taerar; ysondre
    hands of power (0.266296) : +0.454566 %, alt : +1.92101, from: pre-raid
    bloodtinged gloves (0.730316) : +0.571322 %, alt : +1.45939, from: zg
- . - ' - . - ' - . - ' - . - ' - . - ' - . -
waist, whipvine cord (-3.72415), alt: 2.25372 -> :
    firemaw's clutch (-3.20502) : +0.130623 %, alt : +2.54884, from: bwl
    zandalar confessor's bindings (-4.11847) : -0.0992171 %, alt : +2.002, from: zg
- . - ' - . - ' - . - ' - . - ' - . - ' - . -
legs, empowered leggings (5.09323), alt: 6.16495 -> :
    leggings of transcendence (6.16254) : +0.269056 %, alt : +3.51603, from: mc
    padre's trousers (7.58737) : +0.627569 %, alt : +3.07373, from: pre-raid
    senior designer's pantaloons (7.21912) : +0.534909 %, alt : +3.01249, from: pre-raid
    ritualistic legguards (6.9278) : +0.461608 %, alt : +2.83098, from: zg
    skyshroud leggings (7.62) : +0.635777 %, alt : +2.45605, from: pre-raid
- . - ' - . - ' - . - ' - . - ' - . - ' - . -
feet, boots of transcendence (-1.39987), alt: 2.67429 -> :
    boots of pure thought (8.12039) : +2.39546 %, alt : +4.55804, from: bwl
    boots of transcendence (-1.39987) : +0 %, alt : +2.67429, from: bwl
    snowblind shoes (1.30554) : +0.680729 %, alt : +2.32864, from: azuregos
    betrayer's boots (0.607635) : +0.505123 %, alt : +2.2668, from: zg
    boots of the full moon (1.54688) : +0.741452 %, alt : +1.9588, from: pre-raid
- . - ' - . - ' - . - ' - . - ' - . - ' - . -
finger, pure elementium band (-1.28494), alt: 3.89383 -> :
    primalist's seal (0.327637) : +0.405753 %, alt : +3.34783, from: zg
    fordring's seal (1.30011) : +0.650444 %, alt : +2.66275, from: pre-raid
    ring of spellpower (2.11261) : +0.854883 %, alt : +2.36284, from: mc
    rosewine circle (0.201752) : +0.374078 %, alt : +2.08683, from: pre-raid
    mindtear band (3.74573) : +1.2658 %, alt : +2.03796, from: taerar
    band of servitude (2.06931) : +0.843986 %, alt : +1.67113, from: zg
    band of forced concentration (1.991) : +0.824283 %, alt : +1.53603, from: bwl
    ring of blackrock (1.13992) : +0.610138 %, alt : +1.37913, from: bwl
    maiden's circle (0.791687) : +0.522516 %, alt : +1.3509, from: pre-raid
    eye of orgrimmar (0.791687) : +0.522516 %, alt : +1.33651, from: pre-raid
    primalist's band (0.771057) : +0.517325 %, alt : +1.22089, from: zg
    zanzil's seal (0.873108) : +0.543003 %, alt : +0.814618, from: zg
    cyclopean band (0.602966) : +0.47503 %, alt : +0.692099, from: pre-raid
    ring of entropy (0.159729) : +0.363504 %, alt : +0.539204, from: kazzak
- . - ' - . - ' - . - ' - . - ' - . - ' - . -
finger 2, fordring's seal (-1.94684), alt: 2.66275 -> :
    pure elementium band (4.99783) : +1.7474 %, alt : +3.89383, from: bwl
    primalist's seal (-0.858246) : +0.273909 %, alt : +3.34783, from: zg
    cauterizing band (-0.798309) : +0.28899 %, alt : +3.32606, from: mc
    ring of spellpower (-1.05658) : +0.224004 %, alt : +2.36284, from: mc
    rosewine circle (-0.213623) : +0.436107 %, alt : +2.08683, from: pre-raid
    mindtear band (1.03198) : +0.749523 %, alt : +2.03796, from: taerar
    band of servitude (0.953308) : +0.729727 %, alt : +1.67113, from: zg
    band of forced concentration (0.752808) : +0.679277 %, alt : +1.53603, from: bwl
    ring of blackrock (-0.199829) : +0.439578 %, alt : +1.37913, from: bwl
    maiden's circle (1.12146) : +0.772037 %, alt : +1.3509, from: pre-raid
    eye of orgrimmar (1.12146) : +0.772037 %, alt : +1.33651, from: pre-raid
    primalist's band (-0.393463) : +0.390856 %, alt : +1.22089, from: zg
    zanzil's seal (1.86359) : +0.958768 %, alt : +0.814618, from: zg
    cyclopean band (1.59607) : +0.891456 %, alt : +0.692099, from: pre-raid
    ring of entropy (0.876587) : +0.710422 %, alt : +0.539204, from: kazzak
    dragonslayer's signet (0.866791) : +0.707957 %, alt : +0.522111, from: onyxia
    band of sulfuras (-1.22443) : +0.181771 %, alt : +0.13407, from: mc
    seal of the archmagus (-1.21109) : +0.185127 %, alt : +0.115096, from: mc
    band of the hierophant (0.0981445) : +0.514553 %, alt : +0.106162, from: pre-raid
    seal of rivendare (-1.28296) : +0.167043 %, alt : +0.0962795, from: pre-raid
    emerald flame ring (0.117767) : +0.51949 %, alt : +0.0899739, from: pre-raid
    royal seal of alexis (0.0981445) : +0.514553 %, alt : +0.0845732, from: pre-raid
    magus ring (0.117767) : +0.51949 %, alt : +0.0827777, from: pre-raid
    ring of demonic guile (-1.22089) : +0.182662 %, alt : +0.0394722, from: pre-raid
    blood of the martyr (0.0981445) : +0.514553 %, alt : +0.0270036, from: pre-raid
    zanzil's band (0) : +0.489858 %, alt : +0.00831244, from: zg
    ring of binding (0) : +0.489858 %, alt : +0, from: onyxia
- . - ' - . - ' - . - ' - . - ' - . - ' - . -
trinket, hazza'rah's charm of healing (3.48199), alt: 19.8156 -> :
    hazza'rah's charm of healing (3.48199) : +0 %, alt : +19.8156, from: zg
    rejuvenating gem (7.83081) : +1.09424 %, alt : +4.74439, from: bwl
    hibernation crystal (7.77545) : +1.08031 %, alt : +4.22448, from: ysondre
    darkmoon card: blue dragon (-0.559662) : -1.01695 %, alt : +1.36558, from: 
- . - ' - . - ' - . - ' - . - ' - . - ' - . -
trinket 2, rejuvenating gem (-0.369812), alt: 4.74438 -> :
    hazza'rah's charm of healing (0) : +0.0930511 %, alt : +19.8156, from: zg
    royal seal of eldre'thalas (2.83035) : +0.805216 %, alt : +2.37116, from: pre-raid
    briarwood reed (2.05069) : +0.60904 %, alt : +2.07644, from: pre-raid
    second wind (2.53006) : +0.729658 %, alt : +1.57523, from: pre-raid
    darkmoon card: blue dragon (-0.89801) : -0.132904 %, alt : +1.36558, from: 
    eye of the beast (0.949158) : +0.331875 %, alt : +0.893059, from: pre-raid
    burst of knowledge (1.31863) : +0.424842 %, alt : +0.859216, from: pre-raid
    mindtap talisman (0.408997) : +0.195962 %, alt : +0.0228592, from: pre-raid
    shard of afrasa (1.50375) : +0.471421 %, alt : +0.0103905, from: pre-raid
- - - - - - - - - - - - - - - - - - - - - - - - - - - - - - - - - - - - - - - - - 
| Upgrades at start level, from start item to candidate, partial bonuses: 0: |
  alt scores are from least squares fit, special score from e.g. set bonuses as s are part of em
. . . . . . . . . . . . . . . . . . . . . . . . . . . . . . . . . . . . . . . . . 
- . - ' - . - ' - . - ' - . - ' - . - ' - . -
head, zulian headdress (2.08942), alt: 4.07932 -> :
    crystal adorned crown (6.87247) : +1.19507 %, alt : +6.71868, from: azuregos
    eternal crown of healing (2.10315) : +0.00343123 %, alt : +4.58248, from: random green
    green lens of healing (2.74139) : +0.1629 %, alt : +3.86647, from: pre-raid
    halo of transcendence (0.375977) : -0.428111 %, alt : +3.66809, from: onyxia
    mish'undare circlet of mind flayer (3.64056) : +0.387562 %, alt : +3.52868, from: bwl
    the hexxer's cover (3.61807) : +0.381942 %, alt : +2.96266, from: zg
- . - ' - . - ' - . - ' - . - ' - . - ' - . -
neck, jin'do's evil eye (1.82971), alt: 3.22333 -> :
    the all-seeing eye of zuldazar (0.9328) : -0.224098 %, alt : +1.40398, from: zg
- . - ' - . - ' - . - ' - . - ' - . - ' - . -
shoulders, zandalar confessor's mantle (2.84692), alt: 3.39481 -> :
    zandalar confessor's mantle (2.84692) : +0 %, alt : +3.39481, from: zg
    pauldrons of transcendence (3.35794) : +0.12768 %, alt : +2.02269, from: bwl
- . - ' - . - ' - . - ' - . - ' - . - ' - . -
back, hide of the wild (1.57852), alt: 3.03427 -> :
    hakkari loa cloak (1.61111) : +0.00814346 %, alt : +2.43661, from: zg
    cloak of the brood lord (2.63547) : +0.264083 %, alt : +2.04264, from: bwl
    cloak of the cosmos (2.36792) : +0.197235 %, alt : +1.89134, from: pre-raid
- . - ' - . - ' - . - ' - . - ' - . - ' - . -
chest, truefaith vestments (7.21603), alt: 5.23935 -> :
    robes of transcendence (6.93588) : -0.0699972 %, alt : +4.26932, from: bwl
- . - ' - . - ' - . - ' - . - ' - . - ' - . -
wrists, bindings of transcendence (5.58578), alt: 2.51309 -> :
    bindings of transcendence (5.58578) : +0 %, alt : +2.51309, from: bwl
    zandalar confessor's wraps (2.5459) : -0.75953 %, alt : +1.83449, from: zg
- . - ' - . - ' - . - ' - . - ' - . - ' - . -
two-hand, benediction (12.9187), alt: 8.65286 -> :
    lok'amir il romathis and lei of the lifegiver (11.143) : -0.443666 %, alt : +9.92179, from: bwl, av rep
    lok'amir il romathis and brightly glowing stone (10.6505) : -0.566726 %, alt : +8.76993, from: bwl, pre-raid
    lok'amir il romathis and arlokk's hoodoo stick (13.8954) : +0.244052 %, alt : +8.14244, from: bwl, zg
    jin'do's hexxer and lei of the lifegiver (13.4448) : +0.131447 %, alt : +7.9236, from: zg, av rep
    fang of the mystics and lei of the lifegiver (13.9059) : +0.246668 %, alt : +7.147, from: azuregos, av rep
- . - ' - . - ' - . - ' - . - ' - . - ' - . -
ranged, dragon's touch (-0.866272), alt: 0.462006 -> :
    lunar wand of healing (-3.48819) : -0.655099 %, alt : +1.43203, from: random green
    bonecreeper stylus (-0.706421) : +0.0399396 %, alt : +0.798416, from: pre-raid
- . - ' - . - ' - . - ' - . - ' - . - ' - . -
hands, handguards of transcendence (4.92233), alt: 2.67053 -> :
    atal'ai hands of healing (2.37894) : -0.63548 %, alt : +3.79487, from: sunken temple
    high councillor's gloves of healing (1.61673) : -0.825921 %, alt : +3.29366, from: random green
    handguards of transcendence (4.92233) : +0 %, alt : +2.67052, from: bwl
- . - ' - . - ' - . - ' - . - ' - . - ' - . -
waist, whipvine cord (-0.199615), alt: 2.25372 -> :
    firemaw's clutch (-1.37103) : -0.292684 %, alt : +2.54884, from: bwl
    zandalar confessor's bindings (-0.312775) : -0.0282734 %, alt : +2.002, from: zg
- . - ' - . - ' - . - ' - . - ' - . - ' - . -
legs, empowered leggings (8.50922), alt: 6.16495 -> :
    leggings of transcendence (5.99451) : -0.628312 %, alt : +3.51603, from: mc
- . - ' - . - ' - . - ' - . - ' - . - ' - . -
feet, boots of transcendence (4.81784), alt: 2.67429 -> :
    boots of pure thought (3.90244) : -0.228718 %, alt : +4.55804, from: bwl
    boots of transcendence (4.81784) : +0 %, alt : +2.67429, from: bwl
- . - ' - . - ' - . - ' - . - ' - . - ' - . -
finger, pure elementium band (1.45175), alt: 3.89383 -> :
    cauterizing band (1.77493) : +0.0807484 %, alt : +3.32606, from: mc
    fordring's seal (3.50488) : +0.512985 %, alt : +2.66275, from: pre-raid
    ring of spellpower (2.42392) : +0.242901 %, alt : +2.36284, from: mc
- . - ' - . - ' - . - ' - . - ' - . - ' - . -
finger 2, fordring's seal (1.47635), alt: 2.66275 -> :
    pure elementium band (-0.737854) : -0.553229 %, alt : +3.89383, from: bwl
    cauterizing band (-1.47241) : -0.736762 %, alt : +3.32606, from: mc
    primalist's seal (1.68835) : +0.0529706 %, alt : +2.16641, from: zg
    rosewine circle (1.57162) : +0.0238051 %, alt : +2.08683, from: pre-raid
    band of servitude (2.53329) : +0.264083 %, alt : +1.67113, from: zg
    band of forced concentration (2.32446) : +0.211905 %, alt : +1.53603, from: bwl
    maiden's circle (1.99716) : +0.130128 %, alt : +1.3509, from: pre-raid
    eye of orgrimmar (1.99716) : +0.130128 %, alt : +1.33651, from: pre-raid
- . - ' - . - ' - . - ' - . - ' - . - ' - . -
trinket, hazza'rah's charm of healing (5.5043), alt: 19.8156 -> :
    hazza'rah's charm of healing (5.5043) : +0 %, alt : +19.8156, from: zg
    rejuvenating gem (6.63724) : +0.283069 %, alt : +4.74439, from: bwl
    darkmoon card: blue dragon (-0.505157) : -1.50149 %, alt : +1.36558, from: 
- . - ' - . - ' - . - ' - . - ' - . - ' - . -
trinket 2, rejuvenating gem (6.19455), alt: 4.74438 -> :
    hazza'rah's charm of healing (0) : -1.54774 %, alt : +19.8156, from: zg
    royal seal of eldre'thalas (6.36105) : +0.0416018 %, alt : +2.37116, from: pre-raid
    darkmoon card: blue dragon (1.50986) : -1.17049 %, alt : +1.36558, from: 
------------------
Best value: 409.897
