Your call: ./css 4 ../items/phase5.csv ../items/not_for_priests.txt no-locks dreamstate_bwl_speed_phase5 -a ../confs/wcl_bwl_speed_log.csv -l dreamstate_speed.txt 
Found: -a, val: ../confs/wcl_bwl_speed_log.csv
./css 4 ../items/phase5.csv ../items/not_for_priests.txt no-locks dreamstate_bwl_speed_phase5 -l dreamstate_speed.txt 
Found key: buff_fraction, saw val: 1
Found key: healing_from_crit_fraction, saw val: 0.2
Found key: transc8_exists, saw val: 0
Found key: enchantments, saw val: 1
Found key: fort, saw val: 1
Found key: motw, saw val: 1
Found key: spirit, saw val: 1
Found key: ai, saw val: 1
Found key: flask, saw val: 1
Found key: holy_disc, saw val: 0
Found key: min_combat_length, saw val: 2
Found key: max_log_entry_diff_in_combat, saw val: 10
Found key: precast, saw val: 1
Found key: swap_cast, saw val: 1
Found key: time_step, saw val: 0.1
Found key: reaction_time, saw val: 0.1
Found key: skip_player, saw val: Paisti
Found key: use_deficit_time_sum, saw val: 0
Found key: wcl_log, saw val: 1
Found: -l, val: dreamstate_speed.txt
./css 4 ../items/phase5.csv ../items/not_for_priests.txt no-locks dreamstate_bwl_speed_phase5 
Will read log from: dreamstate_speed.txt
./css 4 ../items/phase5.csv ../items/not_for_priests.txt no-locks dreamstate_bwl_speed_phase5 
./css 4 ../items/phase5.csv ../items/not_for_priests.txt no-locks dreamstate_bwl_speed_phase5 
Shuffle seed: 2416673600
Reading banned from: ../items/not_for_priests.txt
Banning: neltharion's tear
Banning: lok'amir il romathis
Banning: choker of the fire lord
Reading WCL parsed log: dreamstate_speed.txt
Saw 15004 lines of log, with 15004 log lines
Sorting by timestamp...
Sorted.
Pruning log from: 15004 entries.
Combat from 0 to 15.249 s
Combat from 53.426 to 76.378 s
Combat from 81.22 to 105.117 s
Combat from 111.218 to 217.788 s
Combat from 219.401 to 315.015 s
Combat from 373.252 to 389.718 s
Combat from 416.944 to 456.026 s
Combat from 458.292 to 622.531 s
Combat from 646.656 to 700.109 s
Combat from 740.613 to 878.142 s
Combat from 898.156 to 943.511 s
Combat from 948.389 to 995.334 s
Combat from 1019.67 to 1061.76 s
Combat from 1091.27 to 1164.87 s
Combat from 1191.33 to 1416.63 s
Pruned to: 14894 entries.
Reading tmp locked from: start_with.txt
Locking: anastari heirloom
Locking: anathema
Locking: animated chain necklace
Locking: argent crusader
Locking: atal'ai gloves of the owl
Locking: ban'thok sash
Locking: banshee finger
Locking: benediction
Locking: blood of the martyr
Locking: briarwood reed
Locking: burial shawl
Locking: clutch of andros
Locking: crimson felt hat
Locking: cyclopean band
Locking: devout belt
Locking: devout bracers
Locking: devout crown
Locking: devout mantle
Locking: devout robe
Locking: devout sandals
Locking: devout skirt
Locking: dragon finger of healing
Locking: dragon finger of intellect
Locking: dragonrider boots
Locking: dragonslayer's signet
Locking: drakefire amulet
Locking: dreadmist mantle
Locking: dreamweave circlet
Locking: dreamweave gloves
Locking: dreamweave vest
Locking: elder magus pendant
Locking: eye of the beast
Locking: fordring's seal
Locking: girdle of prophecy
Locking: gloves of prophecy
Locking: grimgore noose
Locking: halo of transcendence
Locking: heart of the fiend
Locking: hide of the wild
Locking: kentic amice
Locking: magister's robes
Locking: maleki's footwraps
Locking: mindtap talisman
Locking: nature's breath
Locking: necropile boots
Locking: necropile cuffs
Locking: necropile leggings
Locking: necropile mantle
Locking: necropile robe
Locking: noxious shooter
Locking: omnicast boots
Locking: orb of the forgotten seer
Locking: padre's trousers
Locking: penelope's rose
Locking: quel'dorai channeling rod
Locking: raincaster drape
Locking: rainstrider leggings
Locking: ring of demonic guile
Locking: ring of demonic guile
Locking: robes of prophecy
Locking: robes of the exalted
Locking: robes of the royal crown
Locking: rod of corrosion
Locking: rosewine circle
Locking: royal seal of eldre'thalas
Locking: royal tribunal cloak
Locking: sarah's guide
Locking: seal of rivendare
Locking: seal of rivendare
Locking: shadowy laced handwraps
Locking: silkweb gloves
Locking: soulstealer mantle
Locking: spellbound tome
Locking: spritecaster cape
Locking: star of mystaria
Locking: starfire tiara
Locking: stormrager
Locking: sublime wristguards
Locking: the hammer of grace
Locking: the postmaster's treads
Locking: thuzadin sash
Locking: triune amulet
Locking: vinerot sandals
Locking: whipvine cord
Locking: wolfshear leggings
Locking: boots of the full moon
Locking: mantle of prophecy
Locking: dragon's touch
Locking: bindings of transcendence
Locking: shimmering geta
Locking: empowered leggings
Locking: seal of the archmagus
Locking: circlet of prophecy
Locking: boots of prophecy
Locking: pauldrons of transcendence
Locking: primalist's seal
Locking: zandalar confessor's bindings
Locking: zulian headdress
Locking: mar'li's eye
Locking: shroud of pure thought
Locking: belt of transcendence
Locking: jin'do's evil eye
Locking: primalist's band
Locking: zandalarian hero charm
Locking: zandalar confessor's mantle
Locking: zandalar confessor's wraps 
Locking: pure elementium band
Locking: truefaith vestments
Locking: vambraces of prophecy
Locking: hazza'rah's charm of healing
Locking: handguards of transcendence
Locking: boots of transcendence
Locking: darkmoon card: blue dragon
Locking: rejuvenating gem
Optimizing start items...

*** NEW BEST (1): 202.781

*** NEW BEST (1): 205.336

*** NEW BEST (1): 208.102

*** NEW BEST (1): 223.47

*** NEW BEST (1): 227.375

*** NEW BEST (1): 232.676

*** NEW BEST (1): 237.018

*** NEW BEST (1): 238.491

*** NEW BEST (1): 241.36

*** NEW BEST (1): 245.461

*** NEW BEST (1): 245.946

*** NEW BEST (1): 250.612

*** NEW BEST (1): 253.683

*** NEW BEST (1): 258.846

*** NEW BEST (1): 265.167

*** NEW BEST (1): 267.3
**
*** NEW BEST (1): 267.366
*
*** NEW BEST (1): 268.541

*** NEW BEST (1): 268.939
***
*** NEW BEST (1): 272.636
*****
*** NEW BEST (0): 234.979
Based on last: 3000 entries, out of total: 4043 entries, The least-squares solution is:
Int: 7.11196
Spirit: 0.527876
Sp / Healing: 100
Mp5: 0
Crit: 457.461
T1 3p/piece: 0
T2 3p/piece: 0
100 points == 1 sp == 0.0616563 hps.
neck : animated chain necklace -> jin'do's evil eye => val: 234.979 -> 235.894

*** NEW BEST (0): 235.894
Based on last: 3000 entries, out of total: 4087 entries, The least-squares solution is:
Int: 7.12136
Spirit: 0.490929
Sp / Healing: 100
Mp5: 0
Crit: 455.779
T1 3p/piece: 0
T2 3p/piece: 0
100 points == 1 sp == 0.0614733 hps.
trinket : briarwood reed -> rejuvenating gem => val: 235.894 -> 238.2

*** NEW BEST (0): 238.2
Based on last: 3000 entries, out of total: 4101 entries, The least-squares solution is:
Int: 7.22113
Spirit: 0.462796
Sp / Healing: 100
Mp5: 0
Crit: 457.859
T1 3p/piece: 0
T2 3p/piece: 0
100 points == 1 sp == 0.0614209 hps.
chest : dreamweave vest -> truefaith vestments => val: 238.2 -> 239.885

*** NEW BEST (0): 239.885
Based on last: 3000 entries, out of total: 4121 entries, The least-squares solution is:
Int: 6.91874
Spirit: 0.283534
Sp / Healing: 100
Mp5: 0
Crit: 447.312
T1 3p/piece: 0
T2 3p/piece: 0
100 points == 1 sp == 0.0611878 hps.
legs : devout skirt -> empowered leggings => val: 239.885 -> 246.743

*** NEW BEST (0): 246.743
Based on last: 3000 entries, out of total: 4141 entries, The least-squares solution is:
Int: 6.36762
Spirit: 0.725533
Sp / Healing: 100
Mp5: 0
Crit: 457.544
T1 3p/piece: 0
T2 3p/piece: 0
100 points == 1 sp == 0.0611958 hps.
finger : cyclopean band -> pure elementium band => val: 246.743 -> 250.103

*** NEW BEST (0): 250.103
Based on last: 3000 entries, out of total: 4171 entries, The least-squares solution is:
Int: 6.37167
Spirit: 0
Sp / Healing: 100
Mp5: 0
Crit: 461.698
T1 3p/piece: 0
T2 3p/piece: 0
100 points == 1 sp == 0.0613621 hps.
hands : atal'ai gloves of the owl -> handguards of transcendence => val: 250.103 -> 252.119

*** NEW BEST (0): 252.119
Based on last: 3000 entries, out of total: 4193 entries, The least-squares solution is:
Int: 6.4398
Spirit: 0
Sp / Healing: 100
Mp5: 0
Crit: 461.174
T1 3p/piece: 0
T2 3p/piece: 0
100 points == 1 sp == 0.0614071 hps.
shoulders : soulstealer mantle -> zandalar confessor's mantle => val: 252.119 -> 255.003

*** NEW BEST (0): 255.003
Based on last: 3000 entries, out of total: 4212 entries, The least-squares solution is:
Int: 7.00894
Spirit: 0
Sp / Healing: 100
Mp5: 0
Crit: 454.716
T1 3p/piece: 0
T2 3p/piece: 0
100 points == 1 sp == 0.0613497 hps.
wrists : devout bracers -> bindings of transcendence => val: 255.003 -> 257.357

*** NEW BEST (0): 257.357
Based on last: 3000 entries, out of total: 4231 entries, The least-squares solution is:
Int: 6.92377
Spirit: 0
Sp / Healing: 100
Mp5: 0
Crit: 453.367
T1 3p/piece: 0
T2 3p/piece: 0
100 points == 1 sp == 0.061336 hps.
ranged : dragon finger of intellect -> dragon's touch => val: 257.357 -> 257.717

*** NEW BEST (0): 257.717
Based on last: 3000 entries, out of total: 4248 entries, The least-squares solution is:
Int: 6.91095
Spirit: 0
Sp / Healing: 100
Mp5: 0
Crit: 452.729
T1 3p/piece: 0
T2 3p/piece: 0
100 points == 1 sp == 0.0612618 hps.
finger 2 : blood of the martyr -> fordring's seal => val: 257.717 -> 259.485

*** NEW BEST (0): 259.485
Based on last: 3000 entries, out of total: 4278 entries, The least-squares solution is:
Int: 6.89221
Spirit: 0
Sp / Healing: 100
Mp5: 0
Crit: 459.611
T1 3p/piece: 0
T2 3p/piece: 0
100 points == 1 sp == 0.0611358 hps.
feet : boots of the full moon -> boots of transcendence => val: 259.485 -> 259.734

*** NEW BEST (0): 259.734
Based on last: 3000 entries, out of total: 4312 entries, The least-squares solution is:
Int: 6.3196
Spirit: 0
Sp / Healing: 100
Mp5: 0
Crit: 456.834
T1 3p/piece: 0
T2 3p/piece: 0
100 points == 1 sp == 0.0610492 hps.
head : crimson felt hat -> zulian headdress => val: 259.734 -> 261.489

*** NEW BEST (0): 261.489
Based on last: 3000 entries, out of total: 4336 entries, The least-squares solution is:
Int: 6.43922
Spirit: 0
Sp / Healing: 100
Mp5: 0
Crit: 456.223
T1 3p/piece: 0
T2 3p/piece: 0
100 points == 1 sp == 0.0609429 hps.
waist : ban'thok sash -> whipvine cord => val: 261.489 -> 262.767

*** NEW BEST (0): 262.767
Based on last: 3000 entries, out of total: 4356 entries, The least-squares solution is:
Int: 6.45997
Spirit: 0
Sp / Healing: 100
Mp5: 0
Crit: 453.903
T1 3p/piece: 0
T2 3p/piece: 0
100 points == 1 sp == 0.0609153 hps.
*two-hand :   the hammer of grace orb of the forgotten seer -> benediction    => val: 262.767 -> 267.788

*** NEW BEST (0): 267.788
Based on last: 3000 entries, out of total: 4545 entries, The least-squares solution is:
Int: 4.71262
Spirit: 1.08321
Sp / Healing: 100
Mp5: 0
Crit: 482.322
T1 3p/piece: 0
T2 3p/piece: 0
100 points == 1 sp == 0.060496 hps.
********
Read starting items and cleared locks.
 ----------------------------
 --- head --- 
name: zulian headdress
slot: head
intelligence: 15
stamina: 13
spirit: 14
sp_healing: 55
armor: 78
 ----------------------------
 --- neck --- 
name: jin'do's evil eye
slot: neck
intelligence: 11
stamina: 5
spirit: 6
sp_healing: 44
 ----------------------------
 --- shoulders --- 
name: zandalar confessor's mantle
slot: shoulders
intelligence: 24
stamina: 11
spirit: 15
sp_healing: 22
armor: 78
 ----------------------------
 --- back --- 
name: hide of the wild
slot: back
intelligence: 10
stamina: 8
sp_healing: 42
armor: 48
 ----------------------------
 --- chest --- 
name: truefaith vestments
slot: chest
stamina: 14
sp_healing: 73
mp5: 6
armor: 96
 ----------------------------
 --- wrists --- 
name: bindings of transcendence
slot: wrists
intelligence: 13
stamina: 9
spirit: 16
sp_healing: 33
armor: 51
 ----------------------------
 --- two-hand --- 
name: benediction
slot: two-hand
intelligence: 31
stamina: 10
spirit: 12
sp_healing: 106
spell_crit: 2
shadow_res: 20
 ----------------------------
 ---  --- 
name: 
slot: 
 ----------------------------
 ---  --- 
name: 
slot: 
 ----------------------------
 ---  --- 
name: 
slot: 
 ----------------------------
 --- ranged --- 
name: dragon's touch
slot: ranged
intelligence: 12
stamina: 7
sp: 6
 ----------------------------
 --- hands --- 
name: handguards of transcendence
slot: hands
intelligence: 20
stamina: 12
spirit: 13
sp_healing: 29
spell_crit: 1
armor: 72
 ----------------------------
 --- waist --- 
name: whipvine cord
slot: waist
intelligence: 8
sp_healing: 31
mp5: 6
armor: 47
 ----------------------------
 --- legs --- 
name: empowered leggings
slot: legs
intelligence: 12
stamina: 12
spirit: 24
sp_healing: 77
spell_crit: 1
armor: 103
 ----------------------------
 --- feet --- 
name: boots of transcendence
slot: feet
intelligence: 17
stamina: 17
spirit: 17
sp_healing: 35
fire_res: 10
armor: 80
 ----------------------------
 --- finger --- 
name: pure elementium band
slot: finger
intelligence: 10
stamina: 9
spirit: 10
sp_healing: 53
 ----------------------------
 --- finger --- 
name: fordring's seal
slot: finger
intelligence: 5
stamina: 4
sp_healing: 37
 ----------------------------
 --- trinket --- 
name: rejuvenating gem
slot: trinket
sp_healing: 66
mp5: 9
 ----------------------------
 --- trinket --- 
name: hazza'rah's charm of healing
slot: trinket
 ----------------------------
 --- Set bonuses ---
name: confessor's 2 hazza'rah's 1 transcendence 3 
slot: Set bonuses
sp: 23
 --- And counts for start items ---
oh_limit: 0.9
time_left_mul: 0.5
total_deficit_to_pop_trinkets: 10000
in combat total: 1105.7
Flash Heal 1, casts: 41, avg: 500.027, 6.92386%, cast time 5.56209% of in combat, overheal: 0.21202
Flash Heal 2, casts: 9, avg: 685.352, 2.08318%, cast time 1.22095% of in combat, overheal: 0.0503576
Flash Heal 3, casts: 6, avg: 801.916, 1.62499%, cast time 0.813964% of in combat, overheal: 0
Flash Heal 4, casts: 15, avg: 783.057, 3.96694%, cast time 2.03491% of in combat, overheal: 0.117633
Flash Heal 5, casts: 12, avg: 1009.47, 4.09116%, cast time 1.62793% of in combat, overheal: 0.0162164
Flash Heal 6, casts: 10, avg: 975.442, 3.29437%, cast time 1.35661% of in combat, overheal: 0.16899
Flash Heal 7, casts: 149, avg: 1266.72, 63.7437%, cast time 20.2134% of in combat, overheal: 0.0713179
Greater Heal 1 hazz, casts: 3, avg: 844.333, 0.855473%, cast time 0.406982% of in combat, overheal: 0.542312
Greater Heal 2 hazz, casts: 1, avg: 2126.35, 0.718134%, cast time 0.135661% of in combat, overheal: 0
Greater Heal 3 hazz, casts: 1, avg: 1372, 0.463367%, cast time 0.135661% of in combat, overheal: 0.440401
Greater Heal 4 hazz, casts: 16, avg: 2264.15, 12.2348%, cast time 2.17057% of in combat, overheal: 0.200841
Total time casting: 394.5, which is: 35.6788% of time in combat.
Total hps: 267.788, raw hps: 301.497, oh: 0.111806
Deficit time sum: 2.52354e+07, baseline: 3.06871e+07
Deficit*time change / s: 4930.52 hp
Number of combats: 15
Average mana at start of combat: 10482.2
Average mana at end of combat: 9020.6
Other players with hps > 100:
  Ajjtem : 156.137 hps
  Cano : 196.164 hps
  Cometz : 134.491 hps
  Lonnert : 193.008 hps
  Losst : 107.24 hps
  Mokrish : 210.351 hps
  Naks : 261.672 hps
  Unagi : 272.714 hps
Reading locked from: no-locks
Setting tag name to: dreamstate_bwl_speed_phase5
.
*** NEW BEST (1): 348.133

*** NEW BEST (1): 351.259

*** NEW BEST (1): 355.349

*** NEW BEST (1): 360.173

*** NEW BEST (1): 361.678

*** NEW BEST (1): 363.1
.
*** NEW BEST (1): 366.063
.
*** NEW BEST (1): 369.318
Temporary bans and partial set bonuses off.
.legs : leggings of transcendence -> empowered leggings => val: 370.594 -> 373.622

*** NEW BEST (0): 373.622
shoulders : ternary mantle -> zandalar confessor's mantle => val: 373.295 -> 373.446
***** INTERMEDIATE RESULTS *****
Iteration: 4
 ----------------------------
 --- head --- 
name: crystal adorned crown
slot: head
intelligence: 14
spirit: 13
sp_healing: 92
armor: 85
 ----------------------------
 --- neck --- 
name: amulet of the fallen god
slot: neck
intelligence: 11
sp_healing: 57
mp5: 6
 ----------------------------
 --- shoulders --- 
name: ternary mantle
slot: shoulders
intelligence: 17
stamina: 12
spirit: 20
sp_healing: 44
armor: 86
 ----------------------------
 --- back --- 
name: hide of the wild
slot: back
intelligence: 10
stamina: 8
sp_healing: 42
armor: 48
 ----------------------------
 --- chest --- 
name: truefaith vestments
slot: chest
stamina: 14
sp_healing: 73
mp5: 6
armor: 96
 ----------------------------
 --- wrists --- 
name: bracelets of royal redemption
slot: wrists
intelligence: 10
stamina: 8
spirit: 9
sp_healing: 53
armor: 54
 ----------------------------
 ---  --- 
name: 
slot: 
 ----------------------------
 --- main hand --- 
name: scepter of the false prophet
slot: main hand
intelligence: 19
stamina: 10
sp_healing: 187
mp5: 3
 ----------------------------
 ---  --- 
name: 
slot: 
 ----------------------------
 --- off hand --- 
name: lei of the lifegiver
slot: off hand
sp_healing: 53
mp5: 3
 ----------------------------
 --- ranged --- 
name: lunar wand of healing
slot: ranged
sp_healing: 20
 ----------------------------
 --- hands --- 
name: atal'ai hands of healing
slot: hands
sp: 9
sp_healing: 44
armor: 47
 ----------------------------
 --- waist --- 
name: eyestalk waist cord
slot: waist
intelligence: 9
stamina: 10
sp: 41
spell_crit: 1
armor: 75
 ----------------------------
 --- legs --- 
name: empowered leggings
slot: legs
intelligence: 12
stamina: 12
spirit: 24
sp_healing: 77
spell_crit: 1
armor: 103
 ----------------------------
 --- feet --- 
name: boots of pure thought
slot: feet
intelligence: 12
stamina: 8
spirit: 12
sp_healing: 62
armor: 74
 ----------------------------
 --- finger --- 
name: pure elementium band
slot: finger
intelligence: 10
stamina: 9
spirit: 10
sp_healing: 53
 ----------------------------
 --- finger --- 
name: ring of the martyr
slot: finger
stamina: 10
sp_healing: 51
mp5: 5
 ----------------------------
 --- trinket --- 
name: rejuvenating gem
slot: trinket
sp_healing: 66
mp5: 9
 ----------------------------
 --- trinket --- 
name: hazza'rah's charm of healing
slot: trinket
 ----------------------------
 --- Set bonuses ---
name: hazza'rah's 1 
slot: Set bonuses
------------------
Best value: 373.622
------------------
Char stats: 
Effective hp: 8358.2
Effective mana (100 s, 33 % out of fsr): 15347.7
Raw max mana: 9427.7
Int: 354.43
Stam: 376.28
Spirit: 394.68
Strength: 79.58
Agility: 84.18
All stats multiplier (taken into account above): 1.15
Bonus mana: 2000
Bonus hp: 0
Mp5: 182
Sp: 50
Sp shadow: 0
Sp healing: 1134
Spell crit: 20
Spell hit: 0
Arcane res: 27
Nature res: 27
Fire res: 27
Frost res: 27
Shadow res: 27
Armor: 2866.75
Defense: 300
Dodge: 0
Parry: 0
HpsPvp: 1055.72
ShadowDps: 223.541
Value pvp healing: 1920.27
Value pvp shadow: 86.0948
Effective hp-pvp: 10390.1
Effecctive mana for 100 s, 0.33 fsr: 16987
------------------
Best counts:
oh_limit: 0.7
time_left_mul: 2.9
total_deficit_to_pop_trinkets: 4401.27
in combat total: 1105.7
Flash Heal 1, casts: 18, avg: 593.3, 2.5851%, cast time 2.44189% of in combat, overheal: 0.22248
Flash Heal 2, casts: 1, avg: 714, 0.172833%, cast time 0.135661% of in combat, overheal: 0.159694
Flash Heal 3, casts: 5, avg: 929.447, 1.12493%, cast time 0.678303% of in combat, overheal: 0
Flash Heal 4, casts: 2, avg: 1014.49, 0.49114%, cast time 0.271321% of in combat, overheal: 0
Flash Heal 6, casts: 1, avg: 1299.18, 0.314484%, cast time 0.135661% of in combat, overheal: 0
Flash Heal 7, casts: 19, avg: 1396.87, 6.42452%, cast time 2.57755% of in combat, overheal: 0.0614115
Greater Heal 1, casts: 9, avg: 1740.4, 3.7916%, cast time 2.03491% of in combat, overheal: 0.170022
Greater Heal 1 hazz, casts: 11, avg: 1225.35, 3.26274%, cast time 1.49227% of in combat, overheal: 0.415645
Greater Heal 2 hazz, casts: 1, avg: 2376.85, 0.57535%, cast time 0.135661% of in combat, overheal: 0
Greater Heal 3 hazz, casts: 1, avg: 2700.37, 0.653661%, cast time 0.135661% of in combat, overheal: 0
Greater Heal 4, casts: 67, avg: 2806.16, 45.5111%, cast time 15.1488% of in combat, overheal: 0.0887763
Greater Heal 4 hazz, casts: 11, avg: 2981.54, 7.93894%, cast time 1.49227% of in combat, overheal: 0.0318295
Heal 2, casts: 75, avg: 1105.94, 20.0781%, cast time 16.9576% of in combat, overheal: 0.297776
Heal 4, casts: 14, avg: 2087.86, 7.07554%, cast time 3.16542% of in combat, overheal: 0.0687536
Total time casting: 517.5, which is: 46.8029% of time in combat.
Total hps: 373.622, raw hps: 440.956, oh: 0.152698
Deficit time sum: 2.37521e+07, baseline: 3.06871e+07
Deficit*time change / s: 6272.02 hp
Number of combats: 15
Average mana at start of combat: 8847.4
Average mana at end of combat: 7167.18
Other players with hps > 100:
  Ajjtem : 147.051 hps
  Cano : 189.97 hps
  Cometz : 130.486 hps
  Lonnert : 186.429 hps
  Losst : 102.084 hps
  Mokrish : 210.413 hps
  Naks : 249.947 hps
  Unagi : 264.46 hps
------------------
Upgrades: 
( following sorted by alt scores, no specials )
benediction, , , (7.09238) -> , scepter of the false prophet, , lei of the lifegiver(14.5732) : 7.4808 = +2.04314%
zulian headdress(3.37921) -> crystal adorned crown(5.61407) : 2.23486 = +0.60176%
boots of transcendence(2.17697) -> boots of pure thought(3.79282) : 1.61584 = +0.434359%
bindings of transcendence(2.04391) -> bracelets of royal redemption(3.24069) : 1.19678 = +0.321347%
handguards of transcendence(2.11169) -> atal'ai hands of healing(3.2063) : 1.0946 = +0.293832%
whipvine cord(1.89819) -> eyestalk waist cord(2.79779) : 0.899597 = +0.241358%
fordring's seal(2.25259) -> ring of the martyr(3.0853) : 0.832703 = +0.223371%
dragon's touch(0.397186) -> lunar wand of healing(1.20993) : 0.812744 = +0.218005%
jin'do's evil eye(2.69711) -> amulet of the fallen god(3.47961) : 0.782501 = +0.209876%
hide of the wild(2.56934) -> hide of the wild(2.56934) : 0 = +0%
truefaith vestments(4.4162) -> truefaith vestments(4.4162) : 0 = +0%
empowered leggings(4.99991) -> empowered leggings(4.99991) : 0 = +0%
pure elementium band(3.24133) -> pure elementium band(3.24133) : 0 = +0%
rejuvenating gem(3.99274) -> rejuvenating gem(3.99274) : 0 = +0%
hazza'rah's charm of healing(0) -> hazza'rah's charm of healing(0) : 0 = +0%
zandalar confessor's mantle(2.80057) -> ternary mantle(2.72339) : -0.077179 = +-0.0206527%
------------------
~~~~ end of intermediate results ~~~~
Temporary bans and partial set bonuses on.
.
*** NEW BEST (1): 373.796
..Temporary bans and partial set bonuses off.
.two-hand : blessed qiraji augur staff    ->   scepter of the false prophet lei of the lifegiver => val: 364.304 -> 373.333
shoulders : ternary mantle -> zandalar confessor's mantle => val: 373.295 -> 373.446
***** INTERMEDIATE RESULTS *****
Iteration: 8
 ----------------------------
 --- head --- 
name: crystal adorned crown
slot: head
intelligence: 14
spirit: 13
sp_healing: 92
armor: 85
 ----------------------------
 --- neck --- 
name: amulet of the fallen god
slot: neck
intelligence: 11
sp_healing: 57
mp5: 6
 ----------------------------
 --- shoulders --- 
name: ternary mantle
slot: shoulders
intelligence: 17
stamina: 12
spirit: 20
sp_healing: 44
armor: 86
 ----------------------------
 --- back --- 
name: hide of the wild
slot: back
intelligence: 10
stamina: 8
sp_healing: 42
armor: 48
 ----------------------------
 --- chest --- 
name: truefaith vestments
slot: chest
stamina: 14
sp_healing: 73
mp5: 6
armor: 96
 ----------------------------
 --- wrists --- 
name: bracelets of royal redemption
slot: wrists
intelligence: 10
stamina: 8
spirit: 9
sp_healing: 53
armor: 54
 ----------------------------
 ---  --- 
name: 
slot: 
 ----------------------------
 --- main hand --- 
name: scepter of the false prophet
slot: main hand
intelligence: 19
stamina: 10
sp_healing: 187
mp5: 3
 ----------------------------
 ---  --- 
name: 
slot: 
 ----------------------------
 --- off hand --- 
name: lei of the lifegiver
slot: off hand
sp_healing: 53
mp5: 3
 ----------------------------
 --- ranged --- 
name: lunar wand of healing
slot: ranged
sp_healing: 20
 ----------------------------
 --- hands --- 
name: atal'ai hands of healing
slot: hands
sp: 9
sp_healing: 44
armor: 47
 ----------------------------
 --- waist --- 
name: grasp of the old god
slot: waist
intelligence: 19
stamina: 15
sp_healing: 59
mp5: 7
armor: 75
 ----------------------------
 --- legs --- 
name: empowered leggings
slot: legs
intelligence: 12
stamina: 12
spirit: 24
sp_healing: 77
spell_crit: 1
armor: 103
 ----------------------------
 --- feet --- 
name: boots of pure thought
slot: feet
intelligence: 12
stamina: 8
spirit: 12
sp_healing: 62
armor: 74
 ----------------------------
 --- finger --- 
name: pure elementium band
slot: finger
intelligence: 10
stamina: 9
spirit: 10
sp_healing: 53
 ----------------------------
 --- finger --- 
name: ring of the martyr
slot: finger
stamina: 10
sp_healing: 51
mp5: 5
 ----------------------------
 --- trinket --- 
name: rejuvenating gem
slot: trinket
sp_healing: 66
mp5: 9
 ----------------------------
 --- trinket --- 
name: hazza'rah's charm of healing
slot: trinket
 ----------------------------
 --- Set bonuses ---
name: hazza'rah's 1 
slot: Set bonuses
------------------
Best value: 373.622
------------------
Char stats: 
Effective hp: 8419.3
Effective mana (100 s, 33 % out of fsr): 15677.5
Raw max mana: 9617.45
Int: 365.93
Stam: 382.03
Spirit: 394.68
Strength: 79.58
Agility: 84.18
All stats multiplier (taken into account above): 1.15
Bonus mana: 2000
Bonus hp: 0
Mp5: 189
Sp: 9
Sp shadow: 0
Sp healing: 1193
Spell crit: 19
Spell hit: 0
Arcane res: 27
Nature res: 27
Fire res: 27
Frost res: 27
Shadow res: 27
Armor: 2866.75
Defense: 300
Dodge: 0
Parry: 0
HpsPvp: 1055.72
ShadowDps: 223.541
Value pvp healing: 1920.27
Value pvp shadow: 86.0948
Effective hp-pvp: 10466
Effecctive mana for 100 s, 0.33 fsr: 17316.7
------------------
Best counts:
oh_limit: 0.7
time_left_mul: 2.9
total_deficit_to_pop_trinkets: 4401.27
in combat total: 1105.7
Flash Heal 1, casts: 18, avg: 595.612, 2.59744%, cast time 2.44189% of in combat, overheal: 0.22648
Flash Heal 2, casts: 2, avg: 785.244, 0.380491%, cast time 0.271321% of in combat, overheal: 0.0831814
Flash Heal 3, casts: 5, avg: 936.119, 1.134%, cast time 0.678303% of in combat, overheal: 0
Flash Heal 4, casts: 2, avg: 1021.02, 0.494739%, cast time 0.271321% of in combat, overheal: 0
Flash Heal 6, casts: 1, avg: 1305.27, 0.316235%, cast time 0.135661% of in combat, overheal: 0
Flash Heal 7, casts: 20, avg: 1406.66, 6.81598%, cast time 2.71321% of in combat, overheal: 0.0585024
Greater Heal 1, casts: 9, avg: 1747.55, 3.8105%, cast time 2.03491% of in combat, overheal: 0.171695
Greater Heal 1 hazz, casts: 11, avg: 1227.69, 3.27183%, cast time 1.49227% of in combat, overheal: 0.418098
Greater Heal 2 hazz, casts: 1, avg: 2389.27, 0.578863%, cast time 0.135661% of in combat, overheal: 0
Greater Heal 3 hazz, casts: 1, avg: 2712.27, 0.657119%, cast time 0.135661% of in combat, overheal: 0
Greater Heal 4, casts: 66, avg: 2809.56, 44.9254%, cast time 14.9227% of in combat, overheal: 0.0910107
Greater Heal 4 hazz, casts: 11, avg: 2988.73, 7.96507%, cast time 1.49227% of in combat, overheal: 0.0330427
Heal 2, casts: 74, avg: 1112.36, 19.9428%, cast time 16.7315% of in combat, overheal: 0.299833
Heal 4, casts: 14, avg: 2096.05, 7.10953%, cast time 3.16542% of in combat, overheal: 0.0703835
Total time casting: 515.5, which is: 46.6221% of time in combat.
Total hps: 373.295, raw hps: 441.264, oh: 0.154033
Deficit time sum: 2.37457e+07, baseline: 3.06871e+07
Deficit*time change / s: 6277.85 hp
Number of combats: 15
Average mana at start of combat: 9105.46
Average mana at end of combat: 7501.72
Other players with hps > 100:
  Ajjtem : 146.961 hps
  Cano : 189.854 hps
  Cometz : 130.434 hps
  Lonnert : 186.354 hps
  Losst : 102.039 hps
  Mokrish : 210.382 hps
  Naks : 249.839 hps
  Unagi : 264.401 hps
------------------
Upgrades: 
( following sorted by alt scores, no specials )
benediction, , , (7.09238) -> , scepter of the false prophet, , lei of the lifegiver(14.5732) : 7.4808 = +2.04497%
zulian headdress(3.37921) -> crystal adorned crown(5.61404) : 2.23483 = +0.602283%
whipvine cord(1.89819) -> grasp of the old god(3.62344) : 1.72525 = +0.464314%
boots of transcendence(2.17697) -> boots of pure thought(3.79282) : 1.61584 = +0.434742%
bindings of transcendence(2.04391) -> bracelets of royal redemption(3.24069) : 1.19678 = +0.321629%
handguards of transcendence(2.11169) -> atal'ai hands of healing(3.2063) : 1.0946 = +0.29409%
fordring's seal(2.25259) -> ring of the martyr(3.0853) : 0.832703 = +0.223567%
dragon's touch(0.397186) -> lunar wand of healing(1.20993) : 0.812744 = +0.218197%
jin'do's evil eye(2.69711) -> amulet of the fallen god(3.47964) : 0.782532 = +0.210068%
hide of the wild(2.56934) -> hide of the wild(2.56934) : 0 = +0%
truefaith vestments(4.4162) -> truefaith vestments(4.4162) : 0 = +0%
empowered leggings(4.99991) -> empowered leggings(4.99991) : 0 = +0%
pure elementium band(3.24133) -> pure elementium band(3.24133) : 0 = +0%
rejuvenating gem(3.99274) -> rejuvenating gem(3.99274) : 0 = +0%
hazza'rah's charm of healing(0) -> hazza'rah's charm of healing(0) : 0 = +0%
zandalar confessor's mantle(2.80057) -> ternary mantle(2.72339) : -0.077179 = +-0.0206708%
------------------
~~~~ end of intermediate results ~~~~
Temporary bans and partial set bonuses on.
.
*** NEW BEST (1): 373.948
Based on last: 3000 entries, out of total: 9654 entries, The least-squares solution is:
Int: 0
Spirit: 0
Sp / Healing: 100
Mp5: 0
Crit: 415.733
T1 3p/piece: 0
T2 3p/piece: 0
100 points == 1 sp == 0.0702511 hps.
...Temporary bans and partial set bonuses off.
.head : eternal crown of healing -> crystal adorned crown => val: 371.145 -> 373.446
***** INTERMEDIATE RESULTS *****
Iteration: 13
 ----------------------------
 --- head --- 
name: crystal adorned crown
slot: head
intelligence: 14
spirit: 13
sp_healing: 92
armor: 85
 ----------------------------
 --- neck --- 
name: amulet of the fallen god
slot: neck
intelligence: 11
sp_healing: 57
mp5: 6
 ----------------------------
 --- shoulders --- 
name: zandalar confessor's mantle
slot: shoulders
intelligence: 24
stamina: 11
spirit: 15
sp_healing: 22
armor: 78
 ----------------------------
 --- back --- 
name: hide of the wild
slot: back
intelligence: 10
stamina: 8
sp_healing: 42
armor: 48
 ----------------------------
 --- chest --- 
name: truefaith vestments
slot: chest
stamina: 14
sp_healing: 73
mp5: 6
armor: 96
 ----------------------------
 --- wrists --- 
name: bracelets of royal redemption
slot: wrists
intelligence: 10
stamina: 8
spirit: 9
sp_healing: 53
armor: 54
 ----------------------------
 ---  --- 
name: 
slot: 
 ----------------------------
 --- main hand --- 
name: scepter of the false prophet
slot: main hand
intelligence: 19
stamina: 10
sp_healing: 187
mp5: 3
 ----------------------------
 ---  --- 
name: 
slot: 
 ----------------------------
 --- off hand --- 
name: lei of the lifegiver
slot: off hand
sp_healing: 53
mp5: 3
 ----------------------------
 --- ranged --- 
name: lunar wand of healing
slot: ranged
sp_healing: 20
 ----------------------------
 --- hands --- 
name: atal'ai hands of healing
slot: hands
sp: 9
sp_healing: 44
armor: 47
 ----------------------------
 --- waist --- 
name: grasp of the old god
slot: waist
intelligence: 19
stamina: 15
sp_healing: 59
mp5: 7
armor: 75
 ----------------------------
 --- legs --- 
name: empowered leggings
slot: legs
intelligence: 12
stamina: 12
spirit: 24
sp_healing: 77
spell_crit: 1
armor: 103
 ----------------------------
 --- feet --- 
name: boots of pure thought
slot: feet
intelligence: 12
stamina: 8
spirit: 12
sp_healing: 62
armor: 74
 ----------------------------
 --- finger --- 
name: pure elementium band
slot: finger
intelligence: 10
stamina: 9
spirit: 10
sp_healing: 53
 ----------------------------
 --- finger --- 
name: ring of the martyr
slot: finger
stamina: 10
sp_healing: 51
mp5: 5
 ----------------------------
 --- trinket --- 
name: rejuvenating gem
slot: trinket
sp_healing: 66
mp5: 9
 ----------------------------
 --- trinket --- 
name: hazza'rah's charm of healing
slot: trinket
 ----------------------------
 --- Set bonuses ---
name: confessor's 2 hazza'rah's 1 
slot: Set bonuses
sp: 23
------------------
Best value: 373.622
------------------
Char stats: 
Effective hp: 8408
Effective mana (100 s, 33 % out of fsr): 15780.9
Raw max mana: 9750.27
Int: 373.98
Stam: 380.88
Spirit: 388.93
Strength: 79.58
Agility: 84.18
All stats multiplier (taken into account above): 1.15
Bonus mana: 2000
Bonus hp: 0
Mp5: 189
Sp: 32
Sp shadow: 0
Sp healing: 1171
Spell crit: 19
Spell hit: 0
Arcane res: 27
Nature res: 27
Fire res: 27
Frost res: 27
Shadow res: 27
Armor: 2858.75
Defense: 300
Dodge: 0
Parry: 0
HpsPvp: 1055.72
ShadowDps: 223.541
Value pvp healing: 1920.27
Value pvp shadow: 86.0948
Effective hp-pvp: 10448.8
Effecctive mana for 100 s, 0.33 fsr: 17398.9
------------------
Best counts:
oh_limit: 0.7
time_left_mul: 2.9
total_deficit_to_pop_trinkets: 4401.27
in combat total: 1105.7
Flash Heal 1, casts: 18, avg: 595.82, 2.5973%, cast time 2.44189% of in combat, overheal: 0.226836
Flash Heal 2, casts: 2, avg: 785.566, 0.380493%, cast time 0.271321% of in combat, overheal: 0.0834944
Flash Heal 3, casts: 5, avg: 936.78, 1.13434%, cast time 0.678303% of in combat, overheal: 0
Flash Heal 4, casts: 2, avg: 1021.7, 0.494868%, cast time 0.271321% of in combat, overheal: 0
Flash Heal 6, casts: 1, avg: 1306.01, 0.316287%, cast time 0.135661% of in combat, overheal: 0
Flash Heal 7, casts: 20, avg: 1407.36, 6.81665%, cast time 2.71321% of in combat, overheal: 0.0585242
Greater Heal 1, casts: 9, avg: 1748.31, 3.81062%, cast time 2.03491% of in combat, overheal: 0.171872
Greater Heal 1 hazz, casts: 11, avg: 1227.94, 3.27118%, cast time 1.49227% of in combat, overheal: 0.418359
Greater Heal 2 hazz, casts: 1, avg: 2390.71, 0.578976%, cast time 0.135661% of in combat, overheal: 0
Greater Heal 3 hazz, casts: 1, avg: 2713.78, 0.657218%, cast time 0.135661% of in combat, overheal: 0
Greater Heal 4, casts: 66, avg: 2810.62, 44.9242%, cast time 14.9227% of in combat, overheal: 0.0911356
Greater Heal 4 hazz, casts: 11, avg: 2989.74, 7.96455%, cast time 1.49227% of in combat, overheal: 0.0332131
Heal 2, casts: 74, avg: 1112.85, 19.9436%, cast time 16.7315% of in combat, overheal: 0.300077
Heal 4, casts: 14, avg: 2096.96, 7.10973%, cast time 3.16542% of in combat, overheal: 0.0705624
Total time casting: 515.5, which is: 46.6221% of time in combat.
Total hps: 373.446, raw hps: 441.535, oh: 0.15421
Deficit time sum: 2.37435e+07, baseline: 3.06871e+07
Deficit*time change / s: 6279.87 hp
Number of combats: 15
Average mana at start of combat: 9230.31
Average mana at end of combat: 7619.45
Other players with hps > 100:
  Ajjtem : 146.951 hps
  Cano : 189.842 hps
  Cometz : 130.427 hps
  Lonnert : 186.337 hps
  Losst : 102.034 hps
  Mokrish : 210.378 hps
  Naks : 249.825 hps
  Unagi : 264.388 hps
------------------
Upgrades: 
( following sorted by alt scores, no specials )
benediction, , , (8.03073) -> , scepter of the false prophet, , lei of the lifegiver(16.8603) : 8.82953 = +2.42159%
zulian headdress(3.8638) -> crystal adorned crown(6.4631) : 2.5993 = +0.70091%
whipvine cord(2.1778) -> grasp of the old god(4.14481) : 1.96701 = +0.529508%
boots of transcendence(2.4588) -> boots of pure thought(4.35556) : 1.89676 = +0.5105%
bindings of transcendence(2.3183) -> bracelets of royal redemption(3.7233) : 1.405 = +0.377646%
handguards of transcendence(2.32935) -> atal'ai hands of healing(3.7233) : 1.39395 = +0.374665%
dragon's touch(0.421509) -> lunar wand of healing(1.40503) : 0.983521 = +0.264059%
fordring's seal(2.5993) -> ring of the martyr(3.58279) : 0.98349 = +0.264051%
jin'do's evil eye(3.09103) -> amulet of the fallen god(4.0043) : 0.913269 = +0.245151%
zandalar confessor's mantle(3.16129) -> zandalar confessor's mantle(3.16129) : 0 = +0%
hide of the wild(2.95053) -> hide of the wild(2.95053) : 0 = +0%
truefaith vestments(5.12833) -> truefaith vestments(5.12833) : 0 = +0%
empowered leggings(5.70139) -> empowered leggings(5.70139) : 0 = +0%
pure elementium band(3.7233) -> pure elementium band(3.7233) : 0 = +0%
rejuvenating gem(4.63657) -> rejuvenating gem(4.63657) : 0 = +0%
hazza'rah's charm of healing(1.61578) -> hazza'rah's charm of healing(1.61578) : 0 = +0%
------------------
~~~~ end of intermediate results ~~~~
Temporary bans and partial set bonuses on.
....Temporary bans and partial set bonuses off.
.ranged : wandof qiraji nobility -> lunar wand of healing => val: 373.353 -> 373.446
***** INTERMEDIATE RESULTS *****
Iteration: 18
 ----------------------------
 --- head --- 
name: crystal adorned crown
slot: head
intelligence: 14
spirit: 13
sp_healing: 92
armor: 85
 ----------------------------
 --- neck --- 
name: amulet of the fallen god
slot: neck
intelligence: 11
sp_healing: 57
mp5: 6
 ----------------------------
 --- shoulders --- 
name: zandalar confessor's mantle
slot: shoulders
intelligence: 24
stamina: 11
spirit: 15
sp_healing: 22
armor: 78
 ----------------------------
 --- back --- 
name: hide of the wild
slot: back
intelligence: 10
stamina: 8
sp_healing: 42
armor: 48
 ----------------------------
 --- chest --- 
name: truefaith vestments
slot: chest
stamina: 14
sp_healing: 73
mp5: 6
armor: 96
 ----------------------------
 --- wrists --- 
name: bracelets of royal redemption
slot: wrists
intelligence: 10
stamina: 8
spirit: 9
sp_healing: 53
armor: 54
 ----------------------------
 ---  --- 
name: 
slot: 
 ----------------------------
 --- main hand --- 
name: scepter of the false prophet
slot: main hand
intelligence: 19
stamina: 10
sp_healing: 187
mp5: 3
 ----------------------------
 ---  --- 
name: 
slot: 
 ----------------------------
 --- off hand --- 
name: lei of the lifegiver
slot: off hand
sp_healing: 53
mp5: 3
 ----------------------------
 --- ranged --- 
name: lunar wand of healing
slot: ranged
sp_healing: 20
 ----------------------------
 --- hands --- 
name: atal'ai hands of healing
slot: hands
sp: 9
sp_healing: 44
armor: 47
 ----------------------------
 --- waist --- 
name: grasp of the old god
slot: waist
intelligence: 19
stamina: 15
sp_healing: 59
mp5: 7
armor: 75
 ----------------------------
 --- legs --- 
name: empowered leggings
slot: legs
intelligence: 12
stamina: 12
spirit: 24
sp_healing: 77
spell_crit: 1
armor: 103
 ----------------------------
 --- feet --- 
name: boots of pure thought
slot: feet
intelligence: 12
stamina: 8
spirit: 12
sp_healing: 62
armor: 74
 ----------------------------
 --- finger --- 
name: pure elementium band
slot: finger
intelligence: 10
stamina: 9
spirit: 10
sp_healing: 53
 ----------------------------
 --- finger --- 
name: ring of the martyr
slot: finger
stamina: 10
sp_healing: 51
mp5: 5
 ----------------------------
 --- trinket --- 
name: rejuvenating gem
slot: trinket
sp_healing: 66
mp5: 9
 ----------------------------
 --- trinket --- 
name: hazza'rah's charm of healing
slot: trinket
 ----------------------------
 --- Set bonuses ---
name: confessor's 2 hazza'rah's 1 
slot: Set bonuses
sp: 23
------------------
Best value: 373.622
------------------
Char stats: 
Effective hp: 8408
Effective mana (100 s, 33 % out of fsr): 15780.9
Raw max mana: 9750.27
Int: 373.98
Stam: 380.88
Spirit: 388.93
Strength: 79.58
Agility: 84.18
All stats multiplier (taken into account above): 1.15
Bonus mana: 2000
Bonus hp: 0
Mp5: 189
Sp: 32
Sp shadow: 0
Sp healing: 1171
Spell crit: 19
Spell hit: 0
Arcane res: 27
Nature res: 27
Fire res: 27
Frost res: 27
Shadow res: 27
Armor: 2858.75
Defense: 300
Dodge: 0
Parry: 0
HpsPvp: 1055.72
ShadowDps: 223.541
Value pvp healing: 1920.27
Value pvp shadow: 86.0948
Effective hp-pvp: 10448.8
Effecctive mana for 100 s, 0.33 fsr: 17398.9
------------------
Best counts:
oh_limit: 0.7
time_left_mul: 2.9
total_deficit_to_pop_trinkets: 4401.27
in combat total: 1105.7
Flash Heal 1, casts: 18, avg: 595.82, 2.5973%, cast time 2.44189% of in combat, overheal: 0.226836
Flash Heal 2, casts: 2, avg: 785.566, 0.380493%, cast time 0.271321% of in combat, overheal: 0.0834944
Flash Heal 3, casts: 5, avg: 936.78, 1.13434%, cast time 0.678303% of in combat, overheal: 0
Flash Heal 4, casts: 2, avg: 1021.7, 0.494868%, cast time 0.271321% of in combat, overheal: 0
Flash Heal 6, casts: 1, avg: 1306.01, 0.316287%, cast time 0.135661% of in combat, overheal: 0
Flash Heal 7, casts: 20, avg: 1407.36, 6.81665%, cast time 2.71321% of in combat, overheal: 0.0585242
Greater Heal 1, casts: 9, avg: 1748.31, 3.81062%, cast time 2.03491% of in combat, overheal: 0.171872
Greater Heal 1 hazz, casts: 11, avg: 1227.94, 3.27118%, cast time 1.49227% of in combat, overheal: 0.418359
Greater Heal 2 hazz, casts: 1, avg: 2390.71, 0.578976%, cast time 0.135661% of in combat, overheal: 0
Greater Heal 3 hazz, casts: 1, avg: 2713.78, 0.657218%, cast time 0.135661% of in combat, overheal: 0
Greater Heal 4, casts: 66, avg: 2810.62, 44.9242%, cast time 14.9227% of in combat, overheal: 0.0911356
Greater Heal 4 hazz, casts: 11, avg: 2989.74, 7.96455%, cast time 1.49227% of in combat, overheal: 0.0332131
Heal 2, casts: 74, avg: 1112.85, 19.9436%, cast time 16.7315% of in combat, overheal: 0.300077
Heal 4, casts: 14, avg: 2096.96, 7.10973%, cast time 3.16542% of in combat, overheal: 0.0705624
Total time casting: 515.5, which is: 46.6221% of time in combat.
Total hps: 373.446, raw hps: 441.535, oh: 0.15421
Deficit time sum: 2.37435e+07, baseline: 3.06871e+07
Deficit*time change / s: 6279.87 hp
Number of combats: 15
Average mana at start of combat: 9230.31
Average mana at end of combat: 7619.45
Other players with hps > 100:
  Ajjtem : 146.951 hps
  Cano : 189.842 hps
  Cometz : 130.427 hps
  Lonnert : 186.337 hps
  Losst : 102.034 hps
  Mokrish : 210.378 hps
  Naks : 249.825 hps
  Unagi : 264.388 hps
------------------
Upgrades: 
( following sorted by alt scores, no specials )
benediction, , , (8.03073) -> , scepter of the false prophet, , lei of the lifegiver(16.8603) : 8.82953 = +2.42159%
zulian headdress(3.8638) -> crystal adorned crown(6.4631) : 2.5993 = +0.70091%
whipvine cord(2.1778) -> grasp of the old god(4.14481) : 1.96701 = +0.529508%
boots of transcendence(2.4588) -> boots of pure thought(4.35556) : 1.89676 = +0.5105%
bindings of transcendence(2.3183) -> bracelets of royal redemption(3.7233) : 1.405 = +0.377646%
handguards of transcendence(2.32935) -> atal'ai hands of healing(3.7233) : 1.39395 = +0.374665%
dragon's touch(0.421509) -> lunar wand of healing(1.40503) : 0.983521 = +0.264059%
fordring's seal(2.5993) -> ring of the martyr(3.58279) : 0.98349 = +0.264051%
jin'do's evil eye(3.09103) -> amulet of the fallen god(4.0043) : 0.913269 = +0.245151%
zandalar confessor's mantle(3.16129) -> zandalar confessor's mantle(3.16129) : 0 = +0%
hide of the wild(2.95053) -> hide of the wild(2.95053) : 0 = +0%
truefaith vestments(5.12833) -> truefaith vestments(5.12833) : 0 = +0%
empowered leggings(5.70139) -> empowered leggings(5.70139) : 0 = +0%
pure elementium band(3.7233) -> pure elementium band(3.7233) : 0 = +0%
rejuvenating gem(4.63657) -> rejuvenating gem(4.63657) : 0 = +0%
hazza'rah's charm of healing(1.61578) -> hazza'rah's charm of healing(1.61578) : 0 = +0%
------------------
~~~~ end of intermediate results ~~~~
Same items for intermediate results again, ending optimization. 
 ----------------------------
 --- head --- 
name: crystal adorned crown
slot: head
intelligence: 14
spirit: 13
sp_healing: 92
armor: 85
 ----------------------------
 --- neck --- 
name: amulet of the fallen god
slot: neck
intelligence: 11
sp_healing: 57
mp5: 6
 ----------------------------
 --- shoulders --- 
name: zandalar confessor's mantle
slot: shoulders
intelligence: 24
stamina: 11
spirit: 15
sp_healing: 22
armor: 78
 ----------------------------
 --- back --- 
name: hide of the wild
slot: back
intelligence: 10
stamina: 8
sp_healing: 42
armor: 48
 ----------------------------
 --- chest --- 
name: truefaith vestments
slot: chest
stamina: 14
sp_healing: 73
mp5: 6
armor: 96
 ----------------------------
 --- wrists --- 
name: bracelets of royal redemption
slot: wrists
intelligence: 10
stamina: 8
spirit: 9
sp_healing: 53
armor: 54
 ----------------------------
 ---  --- 
name: 
slot: 
 ----------------------------
 --- main hand --- 
name: scepter of the false prophet
slot: main hand
intelligence: 19
stamina: 10
sp_healing: 187
mp5: 3
 ----------------------------
 ---  --- 
name: 
slot: 
 ----------------------------
 --- off hand --- 
name: lei of the lifegiver
slot: off hand
sp_healing: 53
mp5: 3
 ----------------------------
 --- ranged --- 
name: lunar wand of healing
slot: ranged
sp_healing: 20
 ----------------------------
 --- hands --- 
name: atal'ai hands of healing
slot: hands
sp: 9
sp_healing: 44
armor: 47
 ----------------------------
 --- waist --- 
name: grasp of the old god
slot: waist
intelligence: 19
stamina: 15
sp_healing: 59
mp5: 7
armor: 75
 ----------------------------
 --- legs --- 
name: empowered leggings
slot: legs
intelligence: 12
stamina: 12
spirit: 24
sp_healing: 77
spell_crit: 1
armor: 103
 ----------------------------
 --- feet --- 
name: boots of pure thought
slot: feet
intelligence: 12
stamina: 8
spirit: 12
sp_healing: 62
armor: 74
 ----------------------------
 --- finger --- 
name: pure elementium band
slot: finger
intelligence: 10
stamina: 9
spirit: 10
sp_healing: 53
 ----------------------------
 --- finger --- 
name: ring of the martyr
slot: finger
stamina: 10
sp_healing: 51
mp5: 5
 ----------------------------
 --- trinket --- 
name: rejuvenating gem
slot: trinket
sp_healing: 66
mp5: 9
 ----------------------------
 --- trinket --- 
name: hazza'rah's charm of healing
slot: trinket
 ----------------------------
 --- Set bonuses ---
name: confessor's 2 hazza'rah's 1 
slot: Set bonuses
sp: 23
------------------
Char stats: 
Effective hp: 8408
Effective mana (100 s, 33 % out of fsr): 15780.9
Raw max mana: 9750.27
Int: 373.98
Stam: 380.88
Spirit: 388.93
Strength: 79.58
Agility: 84.18
All stats multiplier (taken into account above): 1.15
Bonus mana: 2000
Bonus hp: 0
Mp5: 189
Sp: 32
Sp shadow: 0
Sp healing: 1171
Spell crit: 19
Spell hit: 0
Arcane res: 27
Nature res: 27
Fire res: 27
Frost res: 27
Shadow res: 27
Armor: 2858.75
Defense: 300
Dodge: 0
Parry: 0
HpsPvp: 1055.72
ShadowDps: 223.541
Value pvp healing: 1920.27
Value pvp shadow: 86.0948
Effective hp-pvp: 10448.8
Effecctive mana for 100 s, 0.33 fsr: 17398.9
------------------
Best counts:
oh_limit: 0.7
time_left_mul: 2.9
total_deficit_to_pop_trinkets: 4401.27
in combat total: 1105.7
Flash Heal 1, casts: 18, avg: 595.82, 2.5973%, cast time 2.44189% of in combat, overheal: 0.226836
Flash Heal 2, casts: 2, avg: 785.566, 0.380493%, cast time 0.271321% of in combat, overheal: 0.0834944
Flash Heal 3, casts: 5, avg: 936.78, 1.13434%, cast time 0.678303% of in combat, overheal: 0
Flash Heal 4, casts: 2, avg: 1021.7, 0.494868%, cast time 0.271321% of in combat, overheal: 0
Flash Heal 6, casts: 1, avg: 1306.01, 0.316287%, cast time 0.135661% of in combat, overheal: 0
Flash Heal 7, casts: 20, avg: 1407.36, 6.81665%, cast time 2.71321% of in combat, overheal: 0.0585242
Greater Heal 1, casts: 9, avg: 1748.31, 3.81062%, cast time 2.03491% of in combat, overheal: 0.171872
Greater Heal 1 hazz, casts: 11, avg: 1227.94, 3.27118%, cast time 1.49227% of in combat, overheal: 0.418359
Greater Heal 2 hazz, casts: 1, avg: 2390.71, 0.578976%, cast time 0.135661% of in combat, overheal: 0
Greater Heal 3 hazz, casts: 1, avg: 2713.78, 0.657218%, cast time 0.135661% of in combat, overheal: 0
Greater Heal 4, casts: 66, avg: 2810.62, 44.9242%, cast time 14.9227% of in combat, overheal: 0.0911356
Greater Heal 4 hazz, casts: 11, avg: 2989.74, 7.96455%, cast time 1.49227% of in combat, overheal: 0.0332131
Heal 2, casts: 74, avg: 1112.85, 19.9436%, cast time 16.7315% of in combat, overheal: 0.300077
Heal 4, casts: 14, avg: 2096.96, 7.10973%, cast time 3.16542% of in combat, overheal: 0.0705624
Total time casting: 515.5, which is: 46.6221% of time in combat.
Total hps: 373.446, raw hps: 441.535, oh: 0.15421
Deficit time sum: 2.37435e+07, baseline: 3.06871e+07
Deficit*time change / s: 6279.87 hp
Number of combats: 15
Average mana at start of combat: 9230.31
Average mana at end of combat: 7619.45
Other players with hps > 100:
  Ajjtem : 146.951 hps
  Cano : 189.842 hps
  Cometz : 130.427 hps
  Lonnert : 186.337 hps
  Losst : 102.034 hps
  Mokrish : 210.378 hps
  Naks : 249.825 hps
  Unagi : 264.388 hps
------------------
Based on last: 3000 entries, out of total: 11325 entries, The least-squares solution is:
Int: 0
Spirit: 0
Sp / Healing: 100
Mp5: 0
Crit: 353.304
T1 3p/piece: 340.884
T2 3p/piece: 0
100 points == 1 sp == 0.0812988 hps.
Appended tag:
( Pawn: v1: "dreamstate_bwl_speed_phase5": Intellect=0, Spirit=0, Healing=100, Mp5=0, SpellCritRating=353.304, IsFist=X, Is2HMace=X, IsCrossbow=X, IsGun=X, IsShield=X, IsPolearm=X, Is2HAxe=X, IsBow=X, IsMail=X, IsPlate=X, IsLeather=X, IsAxe=X, Is2HAxe=X, IsSword=X, Is2HSword=X)
To file: dreamstate_bwl_speed_phase5.pawn_tag.txt
------------------
Diffs to start: 
Upgrades: 
( following sorted by alt scores, no specials )
benediction, , , (9.19214) -> , scepter of the false prophet, , lei of the lifegiver(19.5117) : 10.3195 = +2.84186%
zulian headdress(4.47144) -> crystal adorned crown(7.47949) : 3.00806 = +0.812027%
whipvine cord(2.52026) -> grasp of the old god(4.79663) : 2.27637 = +0.613295%
boots of transcendence(2.84546) -> boots of pure thought(5.04053) : 2.19507 = +0.591262%
handguards of transcendence(2.6449) -> atal'ai hands of healing(4.30884) : 1.66394 = +0.447558%
bindings of transcendence(2.68286) -> bracelets of royal redemption(4.30884) : 1.62598 = +0.437302%
dragon's touch(0.487793) -> lunar wand of healing(1.62598) : 1.13818 = +0.30571%
fordring's seal(3.00806) -> ring of the martyr(4.14624) : 1.13818 = +0.30571%
jin'do's evil eye(3.57715) -> amulet of the fallen god(4.63403) : 1.05688 = +0.283812%
zandalar confessor's mantle(3.65845) -> zandalar confessor's mantle(3.65845) : 0 = +0%
hide of the wild(3.41455) -> hide of the wild(3.41455) : 0 = +0%
truefaith vestments(5.93481) -> truefaith vestments(5.93481) : 0 = +0%
empowered leggings(6.54724) -> empowered leggings(6.54724) : 0 = +0%
pure elementium band(4.30884) -> pure elementium band(4.30884) : 0 = +0%
rejuvenating gem(5.36572) -> rejuvenating gem(5.36572) : 0 = +0%
hazza'rah's charm of healing(1.86987) -> hazza'rah's charm of healing(1.86987) : 0 = +0%
- - - - - - - - - - - - - - - - - - - - - - - - - - - - - - - - - - - - - - - - - 
| Upgrades at best in slot level, from start item to candidate, partial bonuses: 1: |
  alt scores are from least squares fit, special score from e.g. set bonuses as s are part of em
. . . . . . . . . . . . . . . . . . . . . . . . . . . . . . . . . . . . . . . . . 
- . - ' - . - ' - . - ' - . - ' - . - ' - . -
head, zulian headdress (6.12329), alt: 4.47144 -> :
    crystal adorned crown (8.84915) : +0.734294 %, alt : +7.47949, from: azuregos
    eternal crown of healing (6.85681) : +0.197596 %, alt : +5.20312, from: random green
    don rigoberto's lost hat (4.16068) : -0.528691 %, alt : +5.20312, from: aq40
- . - ' - . - ' - . - ' - . - ' - . - ' - . -
neck, jin'do's evil eye (0.890747), alt: 3.57715 -> :
    amulet of the fallen god (1.52338) : +0.169463 %, alt : +4.63403, from: aq40
    amulet of the shifting sands (0.986359) : +0.0256115 %, alt : +3.73974, from: aq20
- . - ' - . - ' - . - ' - . - ' - . - ' - . -
shoulders, zandalar confessor's mantle (2.98758), alt: 3.65845 -> :
    zandalar confessor's mantle (2.98758) : +0 %, alt : +3.65844, from: zg
- . - ' - . - ' - . - ' - . - ' - . - ' - . -
back, hide of the wild (2.60538), alt: 3.41455 -> :
- . - ' - . - ' - . - ' - . - ' - . - ' - . -
chest, truefaith vestments (9.33514), alt: 5.93481 -> :
- . - ' - . - ' - . - ' - . - ' - . - ' - . -
wrists, bindings of transcendence (-0.443481), alt: 2.68286 -> :
    bracelets of royal redemption (3.6333) : +1.10222 %, alt : +4.30883, from: aq40
    flameweave cuffs of healing (2.94733) : +0.916754 %, alt : +2.68286, from: brd
    burrower bracers (2.0448) : +0.672743 %, alt : +2.27637, from: aq40
- . - ' - . - ' - . - ' - . - ' - . - ' - . -
two-hand, benediction (3.86713), alt: 9.19214 -> :
    scepter of the false prophet and lei of the lifegiver (10.6553) : +1.79669 %, alt : +19.5117, from: aq40, av rep
    scepter of the false prophet and sartura's might (9.2446) : +1.42331 %, alt : +19.3491, from: aq40, aq40
    scepter of the false prophet and brightly glowing stone (9.40344) : +1.46535 %, alt : +18.2109, from: aq40, pre-raid
    scepter of the false prophet and arlokk's hoodoo stick (11.1461) : +1.92661 %, alt : +17.2787, from: aq40, zg
    blessed qiraji augur staff (5.93161) : +0.546427 %, alt : +11.6257, from: aq40
    gavel of infinite wisdom and lei of the lifegiver (6.91922) : +0.807828 %, alt : +11.6257, from: aq20, av rep
    gavel of infinite wisdom and sartura's might (5.58371) : +0.454345 %, alt : +11.4631, from: aq20, aq40
    lok'amir il romathis and lei of the lifegiver (6.43671) : +0.680116 %, alt : +11.1379, from: bwl, av rep
    lok'amir il romathis and sartura's might (6.30624) : +0.645585 %, alt : +10.9753, from: bwl, aq40
    gavel of infinite wisdom and brightly glowing stone (6.12677) : +0.598082 %, alt : +10.3249, from: aq20, pre-raid
    lok'amir il romathis and brightly glowing stone (5.64825) : +0.471429 %, alt : +9.83715, from: bwl, pre-raid
    gavel of infinite wisdom and arlokk's hoodoo stick (4.04733) : +0.047697 %, alt : +9.39269, from: aq20, zg
    fang of the mystics and lei of the lifegiver (3.9003) : +0.00878012 %, alt : +7.84802, from: azuregos, av rep
    stinger of ayamiss and lei of the lifegiver (5.00311) : +0.300673 %, alt : +7.52282, from: aq20, av rep
    jin'do's hexxer and brightly glowing stone (4.92847) : +0.280915 %, alt : +7.44152, from: zg, pre-raid
    the hammer of grace and lei of the lifegiver (4.11646) : +0.0659923 %, alt : +6.8291, from: pre-raid, av rep
    jin'do's hexxer and arlokk's hoodoo stick (4.16769) : +0.0795542 %, alt : +6.50927, from: zg, zg
    stinger of ayamiss and arlokk's hoodoo stick (3.92227) : +0.0145958 %, alt : +5.28979, from: aq20, zg
    zulian scepter of rites and brightly glowing stone (4.16751) : +0.0795057 %, alt : +5.12182, from: zg, pre-raid
    hypnotic blade and lei of the lifegiver (4.07452) : +0.0548939 %, alt : +5.04052, from: pre-raid, av rep
    witchblade and arlokk's hoodoo stick (4.74057) : +0.231183 %, alt : +3.21399, from: pre-raid, zg
    scepter of the unholy and brightly glowing stone (4.28912) : +0.111694 %, alt : +3.00805, from: pre-raid, pre-raid
    scepter of the unholy and arlokk's hoodoo stick (3.95532) : +0.0233437 %, alt : +2.0758, from: pre-raid, zg
    gift of the elven magi and arlokk's hoodoo stick (3.96405) : +0.0256538 %, alt : +2.0758, from: pre-raid (strat live: balnazzar), zg
- . - ' - . - ' - . - ' - . - ' - . - ' - . -
ranged, dragon's touch (0.0445251), alt: 0.487793 -> :
    lunar wand of healing (0.603882) : +0.149806 %, alt : +1.62598, from: random green
    wandof qiraji nobility (0.509735) : +0.124591 %, alt : +1.54468, from: aq40
    antenna of invigoration (0.449249) : +0.108392 %, alt : +1.05688, from: aq20
    bonecreeper stylus (0.260834) : +0.0579313 %, alt : +0.894286, from: pre-raid
- . - ' - . - ' - . - ' - . - ' - . - ' - . -
hands, handguards of transcendence (-1.21323), alt: 2.6449 -> :
    atal'ai hands of healing (3.57513) : +1.2971 %, alt : +4.30883, from: sunken temple
    high councillor's gloves of healing (3.38727) : +1.24621 %, alt : +3.73974, from: random green
    dark storm gauntlets (2.85373) : +1.10168 %, alt : +3.00805, from: aq40
    gloves of dark wisdom (-0.178345) : +0.280335 %, alt : +2.84546, from: aq20
- . - ' - . - ' - . - ' - . - ' - . - ' - . -
waist, whipvine cord (-1.61044), alt: 2.52026 -> :
    grasp of the old god (0.35733) : +0.529 %, alt : +4.79663, from: aq40
    eyestalk waist cord (1.18607) : +0.75179 %, alt : +3.62048, from: aq40
    firemaw's clutch (-1.20605) : +0.108712 %, alt : +2.84546, from: bwl
- . - ' - . - ' - . - ' - . - ' - . - ' - . -
legs, empowered leggings (8.33069), alt: 6.54724 -> :
- . - ' - . - ' - . - ' - . - ' - . - ' - . -
feet, boots of transcendence (-2.62589), alt: 2.84546 -> :
    boots of pure thought (2.01059) : +1.25544 %, alt : +5.04052, from: bwl
    treads of the wandering nomand (0.446716) : +0.831981 %, alt : +3.00805, from: aq20
    boots of epiphany (0.174835) : +0.758363 %, alt : +2.76416, from: aq40
- . - ' - . - ' - . - ' - . - ' - . - ' - . -
finger, pure elementium band (3.6333), alt: 4.30884 -> :
- . - ' - . - ' - . - ' - . - ' - . - ' - . -
finger 2, fordring's seal (2.75125), alt: 3.00806 -> :
    pure elementium band (3.63052) : +0.235515 %, alt : +4.30883, from: bwl
    ring of the martyr (3.35901) : +0.162789 %, alt : +4.14624, from: aq40
    cauterizing band (2.98764) : +0.0633174 %, alt : +3.73974, from: mc
    primalist's seal (2.94046) : +0.0506801 %, alt : +3.69909, from: zg
- . - ' - . - ' - . - ' - . - ' - . - ' - . -
trinket, rejuvenating gem (2.29294), alt: 5.36572 -> :
    hazza'rah's charm of healing (0) : -0.613171 %, alt : +1.86987, from: zg
    darkmoon card: blue dragon (-1.45352) : -1.00187 %, alt : +0, from: 
- . - ' - . - ' - . - ' - . - ' - . - ' - . -
trinket 2, hazza'rah's charm of healing (15.8443), alt: 1.86987 -> :
    rejuvenating gem (6.31787) : -2.54753 %, alt : +5.36572, from: bwl
    hibernation crystal (7.50247) : -2.23075 %, alt : +4.79663, from: ysondre
    zandalarian hero charm (2.86856) : -3.46993 %, alt : +3.25195, from: zg
    royal seal of eldre'thalas (0.00280762) : -4.23628 %, alt : +2.68286, from: pre-raid
    briarwood reed (1.93314) : -3.72008 %, alt : +2.35766, from: pre-raid
    scarab brooch (1.56442) : -3.81868 %, alt : +2.03247, from: aq40
    hazza'rah's charm of healing (15.8443) : +0 %, alt : +1.86987, from: zg
    darkmoon card: blue dragon (-2.19534) : -4.82411 %, alt : +0, from: 
- - - - - - - - - - - - - - - - - - - - - - - - - - - - - - - - - - - - - - - - - 
| Upgrades at best in slot level, from start item to candidate, partial bonuses: 0: |
  alt scores are from least squares fit, special score from e.g. set bonuses as s are part of em
. . . . . . . . . . . . . . . . . . . . . . . . . . . . . . . . . . . . . . . . . 
- . - ' - . - ' - . - ' - . - ' - . - ' - . -
head, zulian headdress (5.20007), alt: 4.47144 -> :
    crystal adorned crown (7.83423) : +0.710375 %, alt : +7.47949, from: azuregos
    eternal crown of healing (5.53336) : +0.0898791 %, alt : +5.20312, from: random green
    don rigoberto's lost hat (2.57971) : -0.706655 %, alt : +5.20312, from: aq40
- . - ' - . - ' - . - ' - . - ' - . - ' - . -
neck, jin'do's evil eye (1.07202), alt: 3.57715 -> :
    amulet of the fallen god (2.12308) : +0.282242 %, alt : +4.63403, from: aq40
    amulet of the shifting sands (1.16779) : +0.0257157 %, alt : +3.73974, from: aq20
- . - ' - . - ' - . - ' - . - ' - . - ' - . -
shoulders, zandalar confessor's mantle (-0.342224), alt: 3.65845 -> :
    zandalar confessor's mantle (-0.342224) : +0 %, alt : +3.65844, from: zg
- . - ' - . - ' - . - ' - . - ' - . - ' - . -
back, hide of the wild (3.20529), alt: 3.41455 -> :
- . - ' - . - ' - . - ' - . - ' - . - ' - . -
chest, truefaith vestments (8.28491), alt: 5.93481 -> :
- . - ' - . - ' - . - ' - . - ' - . - ' - . -
wrists, bindings of transcendence (1.46082), alt: 2.68286 -> :
    bracelets of royal redemption (3.15463) : +0.45563 %, alt : +4.30883, from: aq40
- . - ' - . - ' - . - ' - . - ' - . - ' - . -
two-hand, benediction (3.49817), alt: 9.19214 -> :
    scepter of the false prophet and lei of the lifegiver (10.3034) : +1.80537 %, alt : +19.5117, from: aq40, av rep
    scepter of the false prophet and sartura's might (8.9007) : +1.43324 %, alt : +19.3491, from: aq40, aq40
    scepter of the false prophet and brightly glowing stone (11.4637) : +2.1132 %, alt : +18.2109, from: aq40, pre-raid
    scepter of the false prophet and arlokk's hoodoo stick (9.40161) : +1.56613 %, alt : +17.2787, from: aq40, zg
    blessed qiraji augur staff (5.58051) : +0.552425 %, alt : +11.6257, from: aq40
    gavel of infinite wisdom and lei of the lifegiver (6.55942) : +0.812122 %, alt : +11.6257, from: aq20, av rep
    gavel of infinite wisdom and sartura's might (5.23416) : +0.460543 %, alt : +11.4631, from: aq20, aq40
    lok'amir il romathis and lei of the lifegiver (6.55185) : +0.810114 %, alt : +11.1379, from: bwl, av rep
    lok'amir il romathis and sartura's might (6.42249) : +0.775795 %, alt : +10.9753, from: bwl, aq40
    gavel of infinite wisdom and brightly glowing stone (4.37399) : +0.232348 %, alt : +10.3249, from: aq20, pre-raid
    lok'amir il romathis and brightly glowing stone (4.36652) : +0.230365 %, alt : +9.83715, from: bwl, pre-raid
    gavel of infinite wisdom and arlokk's hoodoo stick (4.61118) : +0.295271 %, alt : +9.39269, from: aq20, zg
    lok'amir il romathis and arlokk's hoodoo stick (4.60312) : +0.293133 %, alt : +8.9049, from: bwl, zg
    jin'do's hexxer and lei of the lifegiver (5.83859) : +0.620894 %, alt : +8.7423, from: zg, av rep
    jin'do's hexxer and sartura's might (4.21716) : +0.190743 %, alt : +8.57971, from: zg, aq40
    stinger of ayamiss and lei of the lifegiver (4.57382) : +0.285361 %, alt : +7.52282, from: aq20, av rep
    jin'do's hexxer and brightly glowing stone (4.49881) : +0.265461 %, alt : +7.44152, from: zg, pre-raid
    the hammer of grace and lei of the lifegiver (3.77008) : +0.0721357 %, alt : +6.8291, from: pre-raid, av rep
    jin'do's hexxer and arlokk's hoodoo stick (4.76709) : +0.336633 %, alt : +6.50927, from: zg, zg
    stinger of ayamiss and brightly glowing stone (4.25775) : +0.20151 %, alt : +6.22204, from: aq20, pre-raid
    wushoolay's poker and brightly glowing stone (3.75784) : +0.0688892 %, alt : +5.52832, from: zg, pre-raid
    the hammer of grace and brightly glowing stone (3.75784) : +0.0688892 %, alt : +5.52832, from: pre-raid, pre-raid
    witchblade and lei of the lifegiver (3.73203) : +0.06204 %, alt : +5.44702, from: pre-raid, av rep
    stinger of ayamiss and arlokk's hoodoo stick (3.87161) : +0.0990713 %, alt : +5.28979, from: aq20, zg
    zulian scepter of rites and brightly glowing stone (4.16595) : +0.177158 %, alt : +5.12182, from: zg, pre-raid
    hypnotic blade and lei of the lifegiver (4.07626) : +0.153363 %, alt : +5.04052, from: pre-raid, av rep
    the hammer of grace and arlokk's hoodoo stick (3.68188) : +0.0487382 %, alt : +4.59607, from: pre-raid, zg
    wushoolay's poker and arlokk's hoodoo stick (3.68188) : +0.0487382 %, alt : +4.59607, from: zg, zg
    scepter of the unholy and lei of the lifegiver (3.72607) : +0.0604612 %, alt : +4.30883, from: pre-raid, av rep
    lorespinner and lei of the lifegiver (3.77408) : +0.0731963 %, alt : +4.30883, from: pre-raid, av rep
    gift of the elven magi and lei of the lifegiver (3.806) : +0.0816648 %, alt : +4.30883, from: pre-raid (strat live: balnazzar), av rep
    zulian scepter of rites and arlokk's hoodoo stick (3.81937) : +0.0852108 %, alt : +4.18957, from: zg, zg
    scepter of the unholy and sartura's might (3.59628) : +0.0260288 %, alt : +4.14624, from: pre-raid, aq40
    witchblade and brightly glowing stone (5.07809) : +0.41914 %, alt : +4.14624, from: pre-raid, pre-raid
    aurastone hammer and arlokk's hoodoo stick (3.74625) : +0.0658127 %, alt : +4.10827, from: mc, zg
    fang of venoxis and arlokk's hoodoo stick (3.64127) : +0.0379623 %, alt : +4.02697, from: zg, zg
    witchblade and arlokk's hoodoo stick (4.67722) : +0.312791 %, alt : +3.21399, from: pre-raid, zg
    gift of the elven magi and brightly glowing stone (4.37531) : +0.232696 %, alt : +3.00805, from: pre-raid (strat live: balnazzar), pre-raid
    scepter of the unholy and brightly glowing stone (4.29428) : +0.211201 %, alt : +3.00805, from: pre-raid, pre-raid
    hypnotic blade and arlokk's hoodoo stick (4.29382) : +0.21108 %, alt : +2.80749, from: pre-raid, zg
- . - ' - . - ' - . - ' - . - ' - . - ' - . -
ranged, dragon's touch (0.658508), alt: 0.487793 -> :
    lunar wand of healing (1.71832) : +0.284601 %, alt : +1.62598, from: random green
    wandof qiraji nobility (1.62491) : +0.259515 %, alt : +1.54468, from: aq40
    antenna of invigoration (1.17444) : +0.138547 %, alt : +1.05688, from: aq20
    bonecreeper stylus (1.60233) : +0.253451 %, alt : +0.894286, from: pre-raid
- . - ' - . - ' - . - ' - . - ' - . - ' - . -
hands, handguards of transcendence (1.62827), alt: 2.6449 -> :
    atal'ai hands of healing (3.0712) : +0.387882 %, alt : +4.30883, from: sunken temple
    high councillor's gloves of healing (2.49448) : +0.23285 %, alt : +3.73974, from: random green
    dark storm gauntlets (1.84924) : +0.0594021 %, alt : +3.00805, from: aq40
    gloves of dark wisdom (-1.17374) : -0.75322 %, alt : +2.84546, from: aq20
- . - ' - . - ' - . - ' - . - ' - . - ' - . -
waist, whipvine cord (5.88647), alt: 2.52026 -> :
    grasp of the old god (8.42737) : +0.685052 %, alt : +4.79663, from: aq40
    eyestalk waist cord (8.75455) : +0.773263 %, alt : +3.62048, from: aq40
    firemaw's clutch (6.29675) : +0.110615 %, alt : +2.84546, from: bwl
- . - ' - . - ' - . - ' - . - ' - . - ' - . -
legs, empowered leggings (7.32584), alt: 6.54724 -> :
- . - ' - . - ' - . - ' - . - ' - . - ' - . -
feet, boots of transcendence (6.64487), alt: 2.84546 -> :
    boots of pure thought (8.97791) : +0.628659 %, alt : +5.04052, from: bwl
    treads of the wandering nomand (6.84174) : +0.0530482 %, alt : +3.00805, from: aq20
- . - ' - . - ' - . - ' - . - ' - . - ' - . -
finger, pure elementium band (3.15463), alt: 4.30884 -> :
- . - ' - . - ' - . - ' - . - ' - . - ' - . -
finger 2, fordring's seal (0.352875), alt: 3.00806 -> :
    pure elementium band (1.6893) : +0.358923 %, alt : +4.30883, from: bwl
    ring of the martyr (1.45609) : +0.296289 %, alt : +4.14624, from: aq40
    cauterizing band (1.16479) : +0.218057 %, alt : +3.73974, from: mc
- . - ' - . - ' - . - ' - . - ' - . - ' - . -
trinket, rejuvenating gem (8.92728), alt: 5.36572 -> :
    hazza'rah's charm of healing (0) : -2.39051 %, alt : +1.86987, from: zg
    darkmoon card: blue dragon (-0.363678) : -2.4879 %, alt : +0, from: 
- . - ' - . - ' - . - ' - . - ' - . - ' - . -
trinket 2, hazza'rah's charm of healing (16.3933), alt: 1.86987 -> :
    rejuvenating gem (6.85281) : -2.55471 %, alt : +5.36572, from: bwl
    hibernation crystal (7.89627) : -2.2753 %, alt : +4.79663, from: ysondre
    zandalarian hero charm (2.93747) : -3.60315 %, alt : +3.25195, from: zg
    royal seal of eldre'thalas (0.0795593) : -4.36843 %, alt : +2.68286, from: pre-raid
    briarwood reed (2.39505) : -3.74839 %, alt : +2.35766, from: pre-raid
    scarab brooch (2.09845) : -3.82781 %, alt : +2.03247, from: aq40
    hazza'rah's charm of healing (16.3933) : +0 %, alt : +1.86987, from: zg
    darkmoon card: blue dragon (-2.18597) : -4.97508 %, alt : +0, from: 
- - - - - - - - - - - - - - - - - - - - - - - - - - - - - - - - - - - - - - - - - 
| Upgrades at start level, from start item to candidate, partial bonuses: 1: |
  alt scores are from least squares fit, special score from e.g. set bonuses as s are part of em
. . . . . . . . . . . . . . . . . . . . . . . . . . . . . . . . . . . . . . . . . 
- . - ' - . - ' - . - ' - . - ' - . - ' - . -
head, zulian headdress (4.58789), alt: 4.47144 -> :
    crystal adorned crown (7.8374) : +0.925092 %, alt : +7.47949, from: azuregos
    eternal crown of healing (4.56909) : -0.00535177 %, alt : +5.20312, from: random green
    don rigoberto's lost hat (4.65469) : +0.0190179 %, alt : +5.20312, from: aq40
- . - ' - . - ' - . - ' - . - ' - . - ' - . -
neck, jin'do's evil eye (4.81442), alt: 3.57715 -> :
    amulet of the fallen god (4.95844) : +0.0409984 %, alt : +4.63403, from: aq40
    amulet of the shifting sands (4.92545) : +0.0316067 %, alt : +3.73974, from: aq20
- . - ' - . - ' - . - ' - . - ' - . - ' - . -
shoulders, zandalar confessor's mantle (3.70749), alt: 3.65845 -> :
    zandalar confessor's mantle (3.70749) : +0 %, alt : +3.65844, from: zg
    pauldrons of transcendence (1.16745) : -0.723115 %, alt : +2.11377, from: bwl
- . - ' - . - ' - . - ' - . - ' - . - ' - . -
back, hide of the wild (4.60196), alt: 3.41455 -> :
- . - ' - . - ' - . - ' - . - ' - . - ' - . -
chest, truefaith vestments (5.32825), alt: 5.93481 -> :
    robes of transcendence (3.27942) : -0.583274 %, alt : +4.63403, from: bwl
- . - ' - . - ' - . - ' - . - ' - . - ' - . -
wrists, bindings of transcendence (1.21069), alt: 2.68286 -> :
    bracelets of royal redemption (3.1228) : +0.544352 %, alt : +4.30883, from: aq40
    flameweave cuffs of healing (2.19672) : +0.280707 %, alt : +2.68286, from: brd
    bindings of transcendence (1.21069) : +0 %, alt : +2.68286, from: bwl
- . - ' - . - ' - . - ' - . - ' - . - ' - . -
two-hand, benediction (6.297), alt: 9.19214 -> :
    scepter of the false prophet and lei of the lifegiver (14.8997) : +2.44908 %, alt : +19.5117, from: aq40, av rep
    scepter of the false prophet and sartura's might (14.564) : +2.3535 %, alt : +19.3491, from: aq40, aq40
    scepter of the false prophet and brightly glowing stone (14.1414) : +2.23319 %, alt : +18.2109, from: aq40, pre-raid
    scepter of the false prophet and arlokk's hoodoo stick (13.7418) : +2.11944 %, alt : +17.2787, from: aq40, zg
    blessed qiraji augur staff (7.5148) : +0.346692 %, alt : +11.6257, from: aq40
    gavel of infinite wisdom and lei of the lifegiver (7.52063) : +0.348352 %, alt : +11.6257, from: aq20, av rep
    gavel of infinite wisdom and sartura's might (7.36905) : +0.305199 %, alt : +11.4631, from: aq20, aq40
    lok'amir il romathis and lei of the lifegiver (7.10532) : +0.230117 %, alt : +11.1379, from: bwl, av rep
    lok'amir il romathis and sartura's might (6.95349) : +0.186895 %, alt : +10.9753, from: bwl, aq40
    gavel of infinite wisdom and brightly glowing stone (6.36481) : +0.0193046 %, alt : +10.3249, from: aq20, pre-raid
    lok'amir il romathis and brightly glowing stone (5.8949) : -0.114472 %, alt : +9.83715, from: bwl, pre-raid
    gavel of infinite wisdom and arlokk's hoodoo stick (6.28796) : -0.00257163 %, alt : +9.39269, from: aq20, zg
- . - ' - . - ' - . - ' - . - ' - . - ' - . -
ranged, dragon's touch (1.87933), alt: 0.487793 -> :
    lunar wand of healing (2.02643) : +0.0418759 %, alt : +1.62598, from: random green
    wandof qiraji nobility (2.17966) : +0.085498 %, alt : +1.54468, from: aq40
    antenna of invigoration (1.68292) : -0.0559156 %, alt : +1.05688, from: aq20
    bonecreeper stylus (1.48019) : -0.11363 %, alt : +0.894286, from: pre-raid
- . - ' - . - ' - . - ' - . - ' - . - ' - . -
hands, handguards of transcendence (1.34286), alt: 2.6449 -> :
    atal'ai hands of healing (3.03177) : +0.480808 %, alt : +4.30883, from: sunken temple
    high councillor's gloves of healing (2.58066) : +0.352383 %, alt : +3.73974, from: random green
    dark storm gauntlets (1.87512) : +0.151526 %, alt : +3.00805, from: aq40
    gloves of dark wisdom (2.8291) : +0.423111 %, alt : +2.84546, from: aq20
- . - ' - . - ' - . - ' - . - ' - . - ' - . -
waist, whipvine cord (1.97583), alt: 2.52026 -> :
    grasp of the old god (3.52579) : +0.441252 %, alt : +4.79663, from: aq40
    eyestalk waist cord (2.34003) : +0.103682 %, alt : +3.62048, from: aq40
    firemaw's clutch (1.57343) : -0.114559 %, alt : +2.84546, from: bwl
- . - ' - . - ' - . - ' - . - ' - . - ' - . -
legs, empowered leggings (6.23361), alt: 6.54724 -> :
    leggings of transcendence (2.23627) : -1.13799 %, alt : +3.73974, from: mc
- . - ' - . - ' - . - ' - . - ' - . - ' - . -
feet, boots of transcendence (1.44479), alt: 2.84546 -> :
    boots of pure thought (3.84222) : +0.682516 %, alt : +5.04052, from: bwl
    treads of the wandering nomand (2.74347) : +0.369715 %, alt : +3.00805, from: aq20
    boots of transcendence (1.44479) : +0 %, alt : +2.84546, from: bwl
    boots of epiphany (2.45227) : +0.286815 %, alt : +2.76416, from: aq40
- . - ' - . - ' - . - ' - . - ' - . - ' - . -
finger, pure elementium band (5.7262), alt: 4.30884 -> :
- . - ' - . - ' - . - ' - . - ' - . - ' - . -
finger 2, fordring's seal (4.23721), alt: 3.00806 -> :
    pure elementium band (4.72653) : +0.139302 %, alt : +4.30883, from: bwl
    ring of the martyr (4.44171) : +0.0582179 %, alt : +4.14624, from: aq40
    cauterizing band (4.36646) : +0.0367934 %, alt : +3.73974, from: mc
    primalist's seal (4.31577) : +0.0223628 %, alt : +3.69909, from: zg
- . - ' - . - ' - . - ' - . - ' - . - ' - . -
trinket, rejuvenating gem (4.69086), alt: 5.36572 -> :
    hazza'rah's charm of healing (0) : -1.33542 %, alt : +1.86987, from: zg
    darkmoon card: blue dragon (-0.0627441) : -1.35329 %, alt : +0, from: 
- . - ' - . - ' - . - ' - . - ' - . - ' - . -
trinket 2, hazza'rah's charm of healing (17.0996), alt: 1.86987 -> :
    rejuvenating gem (4.90588) : -3.47138 %, alt : +5.36572, from: bwl
    hibernation crystal (5.93457) : -3.17853 %, alt : +4.79663, from: ysondre
    zandalarian hero charm (4.77423) : -3.50886 %, alt : +3.25195, from: zg
    royal seal of eldre'thalas (3.97198) : -3.73725 %, alt : +2.68286, from: pre-raid
    briarwood reed (3.88455) : -3.76214 %, alt : +2.35766, from: pre-raid
    scarab brooch (4.33508) : -3.63388 %, alt : +2.03247, from: aq40
    hazza'rah's charm of healing (17.0996) : +0 %, alt : +1.86987, from: zg
    darkmoon card: blue dragon (-0.447296) : -4.99536 %, alt : +0, from: 
- - - - - - - - - - - - - - - - - - - - - - - - - - - - - - - - - - - - - - - - - 
| Upgrades at start level, from start item to candidate, partial bonuses: 0: |
  alt scores are from least squares fit, special score from e.g. set bonuses as s are part of em
. . . . . . . . . . . . . . . . . . . . . . . . . . . . . . . . . . . . . . . . . 
- . - ' - . - ' - . - ' - . - ' - . - ' - . -
head, zulian headdress (3.09818), alt: 4.47144 -> :
    crystal adorned crown (6.25204) : +0.902551 %, alt : +7.47949, from: azuregos
    eternal crown of healing (3.35593) : +0.0737614 %, alt : +5.20312, from: random green
    don rigoberto's lost hat (4.74493) : +0.471258 %, alt : +5.20312, from: aq40
    green lens of healing (4.25385) : +0.330721 %, alt : +4.39013, from: pre-raid
- . - ' - . - ' - . - ' - . - ' - . - ' - . -
neck, jin'do's evil eye (4.09293), alt: 3.57715 -> :
    amulet of the fallen god (6.06744) : +0.565053 %, alt : +4.63403, from: aq40
    amulet of the shifting sands (4.20023) : +0.0307063 %, alt : +3.73974, from: aq20
- . - ' - . - ' - . - ' - . - ' - . - ' - . -
shoulders, zandalar confessor's mantle (2.85995), alt: 3.65845 -> :
    zandalar confessor's mantle (2.85995) : +0 %, alt : +3.65844, from: zg
    mantle of the blackwing cabal (3.23111) : +0.106214 %, alt : +2.76416, from: bwl
    pauldrons of transcendence (1.45917) : -0.400867 %, alt : +2.11377, from: bwl
- . - ' - . - ' - . - ' - . - ' - . - ' - . -
back, hide of the wild (3.95303), alt: 3.41455 -> :
- . - ' - . - ' - . - ' - . - ' - . - ' - . -
chest, truefaith vestments (4.61111), alt: 5.93481 -> :
    robes of transcendence (3.53125) : -0.309028 %, alt : +4.63403, from: bwl
- . - ' - . - ' - . - ' - . - ' - . - ' - . -
wrists, bindings of transcendence (-0.929626), alt: 2.68286 -> :
    bracelets of royal redemption (2.00824) : +0.840737 %, alt : +4.30883, from: aq40
    flameweave cuffs of healing (3.02356) : +1.13129 %, alt : +2.68286, from: brd
    bindings of transcendence (-0.929626) : +0 %, alt : +2.68286, from: bwl
    burrower bracers (2.64145) : +1.02194 %, alt : +2.27637, from: aq40
- . - ' - . - ' - . - ' - . - ' - . - ' - . -
two-hand, benediction (5.34454), alt: 9.19214 -> :
    scepter of the false prophet and lei of the lifegiver (15.4383) : +2.88856 %, alt : +19.5117, from: aq40, av rep
    scepter of the false prophet and sartura's might (15.2967) : +2.84804 %, alt : +19.3491, from: aq40, aq40
    scepter of the false prophet and brightly glowing stone (14.4778) : +2.61368 %, alt : +18.2109, from: aq40, pre-raid
    scepter of the false prophet and arlokk's hoodoo stick (15.2634) : +2.83851 %, alt : +17.2787, from: aq40, zg
    blessed qiraji augur staff (7.54446) : +0.629557 %, alt : +11.6257, from: aq40
    gavel of infinite wisdom and lei of the lifegiver (7.43741) : +0.598921 %, alt : +11.6257, from: aq20, av rep
    gavel of infinite wisdom and sartura's might (7.28491) : +0.555281 %, alt : +11.4631, from: aq20, aq40
    lok'amir il romathis and lei of the lifegiver (7.1427) : +0.514583 %, alt : +11.1379, from: bwl, av rep
    lok'amir il romathis and sartura's might (6.99011) : +0.470917 %, alt : +10.9753, from: bwl, aq40
    gavel of infinite wisdom and brightly glowing stone (7.02628) : +0.481266 %, alt : +10.3249, from: aq20, pre-raid
    lok'amir il romathis and brightly glowing stone (5.26938) : -0.0215101 %, alt : +9.83715, from: bwl, pre-raid
    gavel of infinite wisdom and arlokk's hoodoo stick (5.34415) : -0.000113533 %, alt : +9.39269, from: aq20, zg
- . - ' - . - ' - . - ' - . - ' - . - ' - . -
ranged, dragon's touch (0.628876), alt: 0.487793 -> :
    lunar wand of healing (2.64102) : +0.575821 %, alt : +1.62598, from: random green
    wandof qiraji nobility (2.54132) : +0.54729 %, alt : +1.54468, from: aq40
    antenna of invigoration (0.711334) : +0.0235974 %, alt : +1.05688, from: aq20
    bonecreeper stylus (0.518372) : -0.0316233 %, alt : +0.894286, from: pre-raid
- . - ' - . - ' - . - ' - . - ' - . - ' - . -
hands, handguards of transcendence (-2.11108), alt: 2.6449 -> :
    atal'ai hands of healing (1.17917) : +0.941581 %, alt : +4.30883, from: sunken temple
    high councillor's gloves of healing (0.733124) : +0.813935 %, alt : +3.73974, from: random green
    dark storm gauntlets (1.68176) : +1.08541 %, alt : +3.00805, from: aq40
    gloves of dark wisdom (1.49063) : +1.03071 %, alt : +2.84546, from: aq20
- . - ' - . - ' - . - ' - . - ' - . - ' - . -
waist, whipvine cord (1.4968), alt: 2.52026 -> :
    grasp of the old god (3.91037) : +0.690699 %, alt : +4.79663, from: aq40
    eyestalk waist cord (3.69473) : +0.62899 %, alt : +3.62048, from: aq40
    firemaw's clutch (1.38318) : -0.0325141 %, alt : +2.84546, from: bwl
- . - ' - . - ' - . - ' - . - ' - . - ' - . -
legs, empowered leggings (4.76117), alt: 6.54724 -> :
    leggings of transcendence (1.55173) : -0.918455 %, alt : +3.73974, from: mc
- . - ' - . - ' - . - ' - . - ' - . - ' - . -
feet, boots of transcendence (-2.00467), alt: 2.84546 -> :
    boots of pure thought (1.28745) : +0.942113 %, alt : +5.04052, from: bwl
    treads of the wandering nomand (1.6315) : +1.04057 %, alt : +3.00805, from: aq20
    boots of transcendence (-2.00467) : +0 %, alt : +2.84546, from: bwl
    boots of epiphany (1.4046) : +0.97564 %, alt : +2.76416, from: aq40
- . - ' - . - ' - . - ' - . - ' - . - ' - . -
finger, pure elementium band (2.85754), alt: 4.30884 -> :
- . - ' - . - ' - . - ' - . - ' - . - ' - . -
finger 2, fordring's seal (3.45731), alt: 3.00806 -> :
    pure elementium band (4.93805) : +0.423748 %, alt : +4.30883, from: bwl
    ring of the martyr (5.49139) : +0.582101 %, alt : +4.14624, from: aq40
    cauterizing band (3.84949) : +0.112232 %, alt : +3.73974, from: mc
- . - ' - . - ' - . - ' - . - ' - . - ' - . -
trinket, rejuvenating gem (3.89285), alt: 5.36572 -> :
    hazza'rah's charm of healing (0) : -1.11403 %, alt : +1.86987, from: zg
    darkmoon card: blue dragon (-0.0674744) : -1.13334 %, alt : +0, from: 
- . - ' - . - ' - . - ' - . - ' - . - ' - . -
trinket 2, hazza'rah's charm of healing (16.3612), alt: 1.86987 -> :
    rejuvenating gem (6.98538) : -2.6831 %, alt : +5.36572, from: bwl
    hibernation crystal (6.51666) : -2.81723 %, alt : +4.79663, from: ysondre
    zandalarian hero charm (4.92206) : -3.27356 %, alt : +3.25195, from: zg
    royal seal of eldre'thalas (5.15869) : -3.20585 %, alt : +2.68286, from: pre-raid
    briarwood reed (1.59503) : -4.22567 %, alt : +2.35766, from: pre-raid
    scarab brooch (1.74979) : -4.18138 %, alt : +2.03247, from: aq40
    hazza'rah's charm of healing (16.3612) : +0 %, alt : +1.86987, from: zg
    darkmoon card: blue dragon (-0.452026) : -4.81148 %, alt : +0, from: 
------------------
Best value: 373.622
