Your call: ./css 4 ../items/phase5.csv ../items/not_for_priests.txt no-locks fiend_bwl_speed_phase5 -a ../confs/wcl_bwl_speed_log.csv -l fiend_speed.txt 
Found: -a, val: ../confs/wcl_bwl_speed_log.csv
./css 4 ../items/phase5.csv ../items/not_for_priests.txt no-locks fiend_bwl_speed_phase5 -l fiend_speed.txt 
Found key: buff_fraction, saw val: 1
Found key: healing_from_crit_fraction, saw val: 0.2
Found key: transc8_exists, saw val: 0
Found key: enchantments, saw val: 1
Found key: fort, saw val: 1
Found key: motw, saw val: 1
Found key: spirit, saw val: 1
Found key: ai, saw val: 1
Found key: flask, saw val: 1
Found key: holy_disc, saw val: 0
Found key: min_combat_length, saw val: 2
Found key: max_log_entry_diff_in_combat, saw val: 10
Found key: precast, saw val: 1
Found key: swap_cast, saw val: 1
Found key: time_step, saw val: 0.1
Found key: reaction_time, saw val: 0.1
Found key: skip_player, saw val: Paisti
Found key: use_deficit_time_sum, saw val: 0
Found key: wcl_log, saw val: 1
Found: -l, val: fiend_speed.txt
./css 4 ../items/phase5.csv ../items/not_for_priests.txt no-locks fiend_bwl_speed_phase5 
Will read log from: fiend_speed.txt
./css 4 ../items/phase5.csv ../items/not_for_priests.txt no-locks fiend_bwl_speed_phase5 
./css 4 ../items/phase5.csv ../items/not_for_priests.txt no-locks fiend_bwl_speed_phase5 
Shuffle seed: 2416673600
Reading banned from: ../items/not_for_priests.txt
Banning: neltharion's tear
Banning: lok'amir il romathis
Banning: choker of the fire lord
Reading WCL parsed log: fiend_speed.txt
Saw 13969 lines of log, with 13969 log lines
Sorting by timestamp...
Sorted.
Pruning log from: 13969 entries.
Combat from 0 to 8.957 s
Combat from 47.423 to 69.294 s
Combat from 78.663 to 154.056 s
Combat from 156.761 to 170.419 s
Combat from 172.526 to 309.496 s
Combat from 311.495 to 327.306 s
Combat from 328.532 to 365.213 s
Combat from 399.37 to 419.897 s
Combat from 446.278 to 687.46 s
Combat from 694.581 to 714.606 s
Combat from 739.061 to 985.07 s
Combat from 985.808 to 1021.69 s
Combat from 1062.28 to 1129.95 s
Combat from 1142.09 to 1299.34 s
Combat from 1313.75 to 1386.62 s
Pruned to: 13894 entries.
----------------------------------------------------------
---- Baseline results without simulated player input: ----
----------------------------------------------------------
oh_limit: 0.9
time_left_mul: 0.5
total_deficit_to_pop_trinkets: 10000
in combat total: 1172.9
Total time casting: 0, which is: 0% of time in combat.
Total hps: 0, raw hps: 0, oh: -nan
Deficit time sum: 3.43467e+07, baseline: 0
Deficit*time change / s: -29283.6 hp
Number of combats: 15
Average mana at start of combat: 0
Average mana at end of combat: 0
Other players with hps > 100:
  Aralyn : 111.921 hps
  Disco : 175.195 hps
  Exxylia : 168.32 hps
  Farligeabe : 140.887 hps
  Limpkey : 116.047 hps
  Lohse : 219.774 hps
  Nemezis : 196.903 hps
  Sentex : 265 hps
  Sneakerplay : 243.288 hps
  Vespa : 125.599 hps
Reading tmp locked from: start_with.txt
Locking: anastari heirloom
Locking: anathema
Locking: animated chain necklace
Locking: argent crusader
Locking: atal'ai gloves of the owl
Locking: ban'thok sash
Locking: banshee finger
Locking: benediction
Locking: blood of the martyr
Locking: briarwood reed
Locking: burial shawl
Locking: clutch of andros
Locking: crimson felt hat
Locking: cyclopean band
Locking: devout belt
Locking: devout bracers
Locking: devout crown
Locking: devout mantle
Locking: devout robe
Locking: devout sandals
Locking: devout skirt
Locking: dragon finger of healing
Locking: dragon finger of intellect
Locking: dragonrider boots
Locking: dragonslayer's signet
Locking: drakefire amulet
Locking: dreadmist mantle
Locking: dreamweave circlet
Locking: dreamweave gloves
Locking: dreamweave vest
Locking: elder magus pendant
Locking: eye of the beast
Locking: fordring's seal
Locking: girdle of prophecy
Locking: gloves of prophecy
Locking: grimgore noose
Locking: halo of transcendence
Locking: heart of the fiend
Locking: hide of the wild
Locking: kentic amice
Locking: magister's robes
Locking: maleki's footwraps
Locking: mindtap talisman
Locking: nature's breath
Locking: necropile boots
Locking: necropile cuffs
Locking: necropile leggings
Locking: necropile mantle
Locking: necropile robe
Locking: noxious shooter
Locking: omnicast boots
Locking: orb of the forgotten seer
Locking: padre's trousers
Locking: penelope's rose
Locking: quel'dorai channeling rod
Locking: raincaster drape
Locking: rainstrider leggings
Locking: ring of demonic guile
Locking: ring of demonic guile
Locking: robes of prophecy
Locking: robes of the exalted
Locking: robes of the royal crown
Locking: rod of corrosion
Locking: rosewine circle
Locking: royal seal of eldre'thalas
Locking: royal tribunal cloak
Locking: sarah's guide
Locking: seal of rivendare
Locking: seal of rivendare
Locking: shadowy laced handwraps
Locking: silkweb gloves
Locking: soulstealer mantle
Locking: spellbound tome
Locking: spritecaster cape
Locking: star of mystaria
Locking: starfire tiara
Locking: stormrager
Locking: sublime wristguards
Locking: the hammer of grace
Locking: the postmaster's treads
Locking: thuzadin sash
Locking: triune amulet
Locking: vinerot sandals
Locking: whipvine cord
Locking: wolfshear leggings
Locking: boots of the full moon
Locking: mantle of prophecy
Locking: dragon's touch
Locking: bindings of transcendence
Locking: shimmering geta
Locking: empowered leggings
Locking: seal of the archmagus
Locking: circlet of prophecy
Locking: boots of prophecy
Locking: pauldrons of transcendence
Locking: primalist's seal
Locking: zandalar confessor's bindings
Locking: zulian headdress
Locking: mar'li's eye
Locking: shroud of pure thought
Locking: belt of transcendence
Locking: jin'do's evil eye
Locking: primalist's band
Locking: zandalarian hero charm
Locking: zandalar confessor's mantle
Locking: zandalar confessor's wraps 
Locking: pure elementium band
Locking: truefaith vestments
Locking: vambraces of prophecy
Locking: hazza'rah's charm of healing
Locking: handguards of transcendence
Locking: boots of transcendence
Locking: darkmoon card: blue dragon
Locking: rejuvenating gem
Optimizing start items...

*** NEW BEST (1): 200.157

*** NEW BEST (1): 204.112

*** NEW BEST (1): 212.717

*** NEW BEST (1): 222.742

*** NEW BEST (1): 228.656

*** NEW BEST (1): 236.739

*** NEW BEST (1): 240.5

*** NEW BEST (1): 241.5

*** NEW BEST (1): 243.41

*** NEW BEST (1): 243.709

*** NEW BEST (1): 249.292

*** NEW BEST (1): 253.259

*** NEW BEST (1): 261.194

*** NEW BEST (1): 268.542

*** NEW BEST (1): 269.532
*
*** NEW BEST (1): 269.54

*** NEW BEST (1): 269.867

*** NEW BEST (1): 270.056

*** NEW BEST (1): 271.814

*** NEW BEST (1): 273.031
*
*** NEW BEST (1): 273.383

*** NEW BEST (1): 273.458

*** NEW BEST (1): 273.843

*** NEW BEST (1): 274.566
****
*** NEW BEST (1): 275.717

*** NEW BEST (1): 276.007

*** NEW BEST (1): 276.331

*** NEW BEST (1): 276.712

*** NEW BEST (1): 277.295
*****
*** NEW BEST (0): 226.108
Based on last: 3000 entries, out of total: 3324 entries, The least-squares solution is:
Int: 39.3915
Spirit: 21.7674
Sp / Healing: 100
Mp5: 17.3065
Crit: 458.976
T1 3p/piece: 0
T2 3p/piece: 2066.47
Hazza'rah's: 19104.9
Darkmoon: 2462.64
100 points == 1 sp == 0.0545607 hps.
neck : animated chain necklace -> jin'do's evil eye => val: 226.108 -> 227.094

*** NEW BEST (0): 227.094
Based on last: 3000 entries, out of total: 3350 entries, The least-squares solution is:
Int: 39.6515
Spirit: 21.6636
Sp / Healing: 100
Mp5: 18.5314
Crit: 455.078
T1 3p/piece: 0
T2 3p/piece: 2051.47
Hazza'rah's: 19088.5
Darkmoon: 2460.42
100 points == 1 sp == 0.0546099 hps.
trinket : eye of the beast -> hazza'rah's charm of healing => val: 227.094 -> 233.81

*** NEW BEST (0): 233.81
Based on last: 3000 entries, out of total: 3359 entries, The least-squares solution is:
Int: 39.1399
Spirit: 21.2732
Sp / Healing: 100
Mp5: 19.3992
Crit: 441.431
T1 3p/piece: 0
T2 3p/piece: 2034.91
Hazza'rah's: 18422.4
Darkmoon: 2602.69
100 points == 1 sp == 0.0549145 hps.
chest : dreamweave vest -> truefaith vestments => val: 233.81 -> 239.334

*** NEW BEST (0): 239.334
Based on last: 3000 entries, out of total: 3363 entries, The least-squares solution is:
Int: 39.4832
Spirit: 21.4432
Sp / Healing: 100
Mp5: 18.767
Crit: 444.385
T1 3p/piece: 0
T2 3p/piece: 2022.69
Hazza'rah's: 18415.4
Darkmoon: 2601.82
100 points == 1 sp == 0.054933 hps.
legs : devout skirt -> empowered leggings => val: 239.334 -> 247.335

*** NEW BEST (0): 247.335
Based on last: 3000 entries, out of total: 3377 entries, The least-squares solution is:
Int: 39.0745
Spirit: 23.1267
Sp / Healing: 100
Mp5: 19.3567
Crit: 451.931
T1 3p/piece: 0
T2 3p/piece: 1994.12
Hazza'rah's: 18405.1
Darkmoon: 2600.17
100 points == 1 sp == 0.0549678 hps.
finger : cyclopean band -> pure elementium band => val: 247.335 -> 249.38

*** NEW BEST (0): 249.38
Based on last: 3000 entries, out of total: 3391 entries, The least-squares solution is:
Int: 38.928
Spirit: 23.0218
Sp / Healing: 100
Mp5: 22.2131
Crit: 461.067
T1 3p/piece: 0
T2 3p/piece: 1982.31
Hazza'rah's: 18350.5
Darkmoon: 2593.41
100 points == 1 sp == 0.055111 hps.
hands : atal'ai gloves of the owl -> handguards of transcendence => val: 249.38 -> 250.826

*** NEW BEST (0): 250.826
Based on last: 3000 entries, out of total: 3407 entries, The least-squares solution is:
Int: 39.2981
Spirit: 22.4457
Sp / Healing: 100
Mp5: 22.7479
Crit: 453.276
T1 3p/piece: 0
T2 3p/piece: 1962.8
Hazza'rah's: 18276.4
Darkmoon: 2584.13
100 points == 1 sp == 0.055309 hps.
shoulders : soulstealer mantle -> zandalar confessor's mantle => val: 250.826 -> 255.682

*** NEW BEST (0): 255.682
Based on last: 3000 entries, out of total: 3417 entries, The least-squares solution is:
Int: 40.1152
Spirit: 22.1842
Sp / Healing: 100
Mp5: 21.458
Crit: 445.029
T1 3p/piece: 0
T2 3p/piece: 1948.95
Hazza'rah's: 18268.1
Darkmoon: 2583.12
100 points == 1 sp == 0.0553306 hps.
wrists : devout bracers -> bindings of transcendence => val: 255.682 -> 258.86

*** NEW BEST (0): 258.86
Based on last: 3000 entries, out of total: 3429 entries, The least-squares solution is:
Int: 40.3131
Spirit: 22.4266
Sp / Healing: 100
Mp5: 21.345
Crit: 446.436
T1 3p/piece: 0
T2 3p/piece: 1942.86
Hazza'rah's: 18268.9
Darkmoon: 2583.33
100 points == 1 sp == 0.0553261 hps.
ranged : dragon finger of intellect -> dragon's touch => val: 258.86 -> 260.11

*** NEW BEST (0): 260.11
Based on last: 3000 entries, out of total: 3432 entries, The least-squares solution is:
Int: 40.6044
Spirit: 22.1728
Sp / Healing: 100
Mp5: 22.3781
Crit: 446.12
T1 3p/piece: 0
T2 3p/piece: 1942.25
Hazza'rah's: 18277.9
Darkmoon: 2584.42
100 points == 1 sp == 0.0553028 hps.
finger 2 : blood of the martyr -> fordring's seal => val: 260.11 -> 261.882

*** NEW BEST (0): 261.882
Based on last: 3000 entries, out of total: 3446 entries, The least-squares solution is:
Int: 40.7364
Spirit: 22.002
Sp / Healing: 100
Mp5: 22.4999
Crit: 448.841
T1 3p/piece: 0
T2 3p/piece: 1923.79
Hazza'rah's: 18245.9
Darkmoon: 2579.93
100 points == 1 sp == 0.0553991 hps.
trinket 2 : briarwood reed -> rejuvenating gem => val: 261.882 -> 264.02

*** NEW BEST (0): 264.02
Based on last: 3000 entries, out of total: 3457 entries, The least-squares solution is:
Int: 40.4375
Spirit: 22.0957
Sp / Healing: 100
Mp5: 23.7362
Crit: 439.382
T1 3p/piece: 0
T2 3p/piece: 1909.45
Hazza'rah's: 18174.2
Darkmoon: 2555.88
100 points == 1 sp == 0.0555914 hps.
feet : boots of the full moon -> boots of transcendence => val: 264.02 -> 265.102

*** NEW BEST (0): 265.102
Based on last: 3000 entries, out of total: 3470 entries, The least-squares solution is:
Int: 40.035
Spirit: 24.1279
Sp / Healing: 100
Mp5: 23.9308
Crit: 437.68
T1 3p/piece: 0
T2 3p/piece: 1870.94
Hazza'rah's: 18134.5
Darkmoon: 2550.76
100 points == 1 sp == 0.055703 hps.
head : crimson felt hat -> zulian headdress => val: 265.102 -> 266.611

*** NEW BEST (0): 266.611
Based on last: 3000 entries, out of total: 3487 entries, The least-squares solution is:
Int: 40.8863
Spirit: 24.547
Sp / Healing: 100
Mp5: 23.6635
Crit: 424.685
T1 3p/piece: 0
T2 3p/piece: 1841.11
Hazza'rah's: 18111.3
Darkmoon: 2547.88
100 points == 1 sp == 0.0557659 hps.
waist : ban'thok sash -> belt of transcendence => val: 266.611 -> 268.353

*** NEW BEST (0): 268.353
Based on last: 3000 entries, out of total: 3505 entries, The least-squares solution is:
Int: 41.4484
Spirit: 24.362
Sp / Healing: 100
Mp5: 23.4717
Crit: 419.111
T1 3p/piece: 0
T2 3p/piece: 1830.28
Hazza'rah's: 18091.3
Darkmoon: 2545.58
100 points == 1 sp == 0.0558164 hps.
*two-hand :   the hammer of grace orb of the forgotten seer -> benediction    => val: 268.353 -> 272.075

*** NEW BEST (0): 272.075
Based on last: 3000 entries, out of total: 3584 entries, The least-squares solution is:
Int: 41.4941
Spirit: 25.1027
Sp / Healing: 100
Mp5: 26.3814
Crit: 436.326
T1 3p/piece: 0
T2 3p/piece: 1984.14
Hazza'rah's: 18380.5
Darkmoon: 2572.2
100 points == 1 sp == 0.0552386 hps.
********
Read starting items and cleared locks.
 ----------------------------
 --- head --- 
name: zulian headdress
slot: head
intelligence: 15
stamina: 13
spirit: 14
sp_healing: 55
armor: 78
 ----------------------------
 --- neck --- 
name: jin'do's evil eye
slot: neck
intelligence: 11
stamina: 5
spirit: 6
sp_healing: 44
 ----------------------------
 --- shoulders --- 
name: zandalar confessor's mantle
slot: shoulders
intelligence: 24
stamina: 11
spirit: 15
sp_healing: 22
armor: 78
 ----------------------------
 --- back --- 
name: hide of the wild
slot: back
intelligence: 10
stamina: 8
sp_healing: 42
armor: 48
 ----------------------------
 --- chest --- 
name: truefaith vestments
slot: chest
stamina: 14
sp_healing: 73
mp5: 6
armor: 96
 ----------------------------
 --- wrists --- 
name: bindings of transcendence
slot: wrists
intelligence: 13
stamina: 9
spirit: 16
sp_healing: 33
armor: 51
 ----------------------------
 --- two-hand --- 
name: benediction
slot: two-hand
intelligence: 31
stamina: 10
spirit: 12
sp_healing: 106
spell_crit: 2
shadow_res: 20
 ----------------------------
 ---  --- 
name: 
slot: 
 ----------------------------
 ---  --- 
name: 
slot: 
 ----------------------------
 ---  --- 
name: 
slot: 
 ----------------------------
 --- ranged --- 
name: dragon's touch
slot: ranged
intelligence: 12
stamina: 7
sp: 6
 ----------------------------
 --- hands --- 
name: handguards of transcendence
slot: hands
intelligence: 20
stamina: 12
spirit: 13
sp_healing: 29
spell_crit: 1
armor: 72
 ----------------------------
 --- waist --- 
name: belt of transcendence
slot: waist
intelligence: 26
stamina: 14
spirit: 9
sp_healing: 26
shadow_res: 10
armor: 65
 ----------------------------
 --- legs --- 
name: empowered leggings
slot: legs
intelligence: 12
stamina: 12
spirit: 24
sp_healing: 77
spell_crit: 1
armor: 103
 ----------------------------
 --- feet --- 
name: boots of transcendence
slot: feet
intelligence: 17
stamina: 17
spirit: 17
sp_healing: 35
fire_res: 10
armor: 80
 ----------------------------
 --- finger --- 
name: pure elementium band
slot: finger
intelligence: 10
stamina: 9
spirit: 10
sp_healing: 53
 ----------------------------
 --- finger --- 
name: fordring's seal
slot: finger
intelligence: 5
stamina: 4
sp_healing: 37
 ----------------------------
 --- trinket --- 
name: hazza'rah's charm of healing
slot: trinket
 ----------------------------
 --- trinket --- 
name: rejuvenating gem
slot: trinket
sp_healing: 66
mp5: 9
 ----------------------------
 --- Set bonuses ---
name: confessor's 2 hazza'rah's 1 transcendence 3 
slot: Set bonuses
sp: 23
 --- And counts for start items ---
oh_limit: 0.9
time_left_mul: 0.5
total_deficit_to_pop_trinkets: 10000
in combat total: 1172.9
Flash Heal 1, casts: 36, avg: 369.184, 4.16481%, cast time 4.60397% of in combat, overheal: 0.41645
Flash Heal 2, casts: 7, avg: 705.853, 1.54833%, cast time 0.895217% of in combat, overheal: 0.0194151
Flash Heal 3, casts: 11, avg: 733.542, 2.52853%, cast time 1.40677% of in combat, overheal: 0.0831827
Flash Heal 4, casts: 17, avg: 796.676, 4.24406%, cast time 2.1741% of in combat, overheal: 0.10049
Flash Heal 5, casts: 16, avg: 982.241, 4.9248%, cast time 2.04621% of in combat, overheal: 0.0411719
Flash Heal 6, casts: 9, avg: 1170.28, 3.30053%, cast time 1.15099% of in combat, overheal: 0.00162983
Flash Heal 7, casts: 159, avg: 1293.86, 64.4666%, cast time 20.3342% of in combat, overheal: 0.0503743
Greater Heal 1, casts: 1, avg: 1841.31, 0.577001%, cast time 0.213147% of in combat, overheal: 0
Greater Heal 1 hazz, casts: 9, avg: 1214.46, 3.42512%, cast time 1.15099% of in combat, overheal: 0.340437
Greater Heal 2 hazz, casts: 4, avg: 1707.27, 2.13999%, cast time 0.511553% of in combat, overheal: 0.195836
Greater Heal 3 hazz, casts: 3, avg: 1923.09, 1.80789%, cast time 0.383664% of in combat, overheal: 0.214628
Greater Heal 4, casts: 2, avg: 2830.26, 1.77381%, cast time 0.426294% of in combat, overheal: 0
Greater Heal 4 hazz, casts: 5, avg: 2288.96, 3.58639%, cast time 0.639441% of in combat, overheal: 0.191256
Heal 2, casts: 1, avg: 854, 0.267614%, cast time 0.213147% of in combat, overheal: 0.350245
Heal 4, casts: 2, avg: 1985.71, 1.24451%, cast time 0.426294% of in combat, overheal: 0
Total time casting: 429, which is: 36.576% of time in combat.
Total hps: 272.075, raw hps: 302.326, oh: 0.10006
Deficit time sum: 2.4829e+07, baseline: 3.43467e+07
Deficit*time change / s: 8114.71 hp
Number of combats: 15
Average mana at start of combat: 10018.7
Average mana at end of combat: 8347.26
Other players with hps > 100:
  Aralyn : 103.667 hps
  Disco : 149.465 hps
  Exxylia : 149.065 hps
  Farligeabe : 129.954 hps
  Limpkey : 107.29 hps
  Lohse : 188.438 hps
  Nemezis : 189.125 hps
  Sentex : 239.769 hps
  Sneakerplay : 221.447 hps
  Vespa : 112.271 hps
Reading locked from: no-locks
Setting tag name to: fiend_bwl_speed_phase5
.
*** NEW BEST (1): 348.279

*** NEW BEST (1): 353.081

*** NEW BEST (1): 355.263

*** NEW BEST (1): 355.926

*** NEW BEST (1): 355.975

*** NEW BEST (1): 359.69

*** NEW BEST (1): 360.943

*** NEW BEST (1): 361.929
.
*** NEW BEST (1): 370.601
..Temporary bans and partial set bonuses off.
.
*** NEW BEST (0): 359.65
two-hand :   gavel of infinite wisdom lei of the lifegiver ->   scepter of the false prophet sartura's might => val: 359.65 -> 369.404

*** NEW BEST (0): 369.404
neck : jin'do's evil eye -> amulet of the fallen god => val: 369.404 -> 369.691

*** NEW BEST (0): 369.691
***** INTERMEDIATE RESULTS *****
Iteration: 5
 ----------------------------
 --- head --- 
name: crystal adorned crown
slot: head
intelligence: 14
spirit: 13
sp_healing: 92
armor: 85
 ----------------------------
 --- neck --- 
name: amulet of the fallen god
slot: neck
intelligence: 11
sp_healing: 57
mp5: 6
 ----------------------------
 --- shoulders --- 
name: pauldrons of transcendence
slot: shoulders
intelligence: 25
stamina: 12
spirit: 13
sp_healing: 26
fire_res: 10
armor: 87
 ----------------------------
 --- back --- 
name: cloak of clarity
slot: back
intelligence: 12
stamina: 6
spirit: 7
sp_healing: 40
mp5: 8
armor: 66
 ----------------------------
 --- chest --- 
name: robes of transcendence
slot: chest
intelligence: 27
stamina: 17
spirit: 16
sp_healing: 57
nature_res: 10
fire_res: 10
armor: 116
 ----------------------------
 --- wrists --- 
name: bindings of transcendence
slot: wrists
intelligence: 13
stamina: 9
spirit: 16
sp_healing: 33
armor: 51
 ----------------------------
 ---  --- 
name: 
slot: 
 ----------------------------
 --- main hand --- 
name: scepter of the false prophet
slot: main hand
intelligence: 19
stamina: 10
sp_healing: 187
mp5: 3
 ----------------------------
 ---  --- 
name: 
slot: 
 ----------------------------
 --- off hand --- 
name: sartura's might
slot: off hand
intelligence: 6
stamina: 6
sp_healing: 51
mp5: 6
 ----------------------------
 --- ranged --- 
name: lunar wand of healing
slot: ranged
sp_healing: 20
 ----------------------------
 --- hands --- 
name: atal'ai hands of healing
slot: hands
sp: 9
sp_healing: 44
armor: 47
 ----------------------------
 --- waist --- 
name: grasp of the old god
slot: waist
intelligence: 19
stamina: 15
sp_healing: 59
mp5: 7
armor: 75
 ----------------------------
 --- legs --- 
name: empowered leggings
slot: legs
intelligence: 12
stamina: 12
spirit: 24
sp_healing: 77
spell_crit: 1
armor: 103
 ----------------------------
 --- feet --- 
name: boots of pure thought
slot: feet
intelligence: 12
stamina: 8
spirit: 12
sp_healing: 62
armor: 74
 ----------------------------
 --- finger --- 
name: pure elementium band
slot: finger
intelligence: 10
stamina: 9
spirit: 10
sp_healing: 53
 ----------------------------
 --- finger --- 
name: primalist's seal
slot: finger
intelligence: 12
spirit: 8
sp_healing: 29
 ----------------------------
 --- trinket --- 
name: hazza'rah's charm of healing
slot: trinket
 ----------------------------
 --- trinket --- 
name: rejuvenating gem
slot: trinket
sp_healing: 66
mp5: 9
 ----------------------------
 --- Set bonuses ---
name: hazza'rah's 1 transcendence 3 
slot: Set bonuses
------------------
Best value: 369.691
------------------
Char stats: 
Effective hp: 8380.3
Effective mana (100 s, 33 % out of fsr): 17501
Raw max mana: 10718
Int: 432.63
Stam: 379.73
Spirit: 430.33
Strength: 79.58
Agility: 84.18
All stats multiplier (taken into account above): 1.15
Bonus mana: 2000
Bonus hp: 0
Mp5: 189
Sp: 9
Sp shadow: 0
Sp healing: 1113
Spell crit: 19
Spell hit: 0
Arcane res: 27
Nature res: 37
Fire res: 47
Frost res: 27
Shadow res: 27
Armor: 2902.75
Defense: 300
Dodge: 0
Parry: 0
HpsPvp: 1037.47
ShadowDps: 219.24
Value pvp healing: 2118.39
Value pvp shadow: 94.6008
Effective hp-pvp: 10511.3
Effecctive mana for 100 s, 0.33 fsr: 19001.6
------------------
Best counts:
oh_limit: 0.7
time_left_mul: 2.7
total_deficit_to_pop_trinkets: 4864.56
in combat total: 1172.9
Flash Heal 1, casts: 18, avg: 470.3, 1.95834%, cast time 2.30199% of in combat, overheal: 0.360313
Flash Heal 2, casts: 2, avg: 821.851, 0.380245%, cast time 0.255776% of in combat, overheal: 0
Flash Heal 3, casts: 8, avg: 840.551, 1.55559%, cast time 1.02311% of in combat, overheal: 0.0677426
Flash Heal 4, casts: 8, avg: 986.691, 1.82605%, cast time 1.02311% of in combat, overheal: 0
Flash Heal 5, casts: 6, avg: 1124.59, 1.56093%, cast time 0.767329% of in combat, overheal: 0
Flash Heal 6, casts: 5, avg: 1171.97, 1.35559%, cast time 0.639441% of in combat, overheal: 0.0782505
Flash Heal 7, casts: 10, avg: 1226.46, 2.83723%, cast time 1.27888% of in combat, overheal: 0.160305
Greater Heal 1, casts: 7, avg: 2041.67, 3.30616%, cast time 1.49203% of in combat, overheal: -6.83308e-08
Greater Heal 1 hazz, casts: 13, avg: 1497.49, 4.50347%, cast time 1.66255% of in combat, overheal: 0.266537
Greater Heal 2 hazz, casts: 3, avg: 1665, 1.15552%, cast time 0.383664% of in combat, overheal: 0.282845
Greater Heal 3 hazz, casts: 4, avg: 2312.14, 2.13951%, cast time 0.511553% of in combat, overheal: 0.125937
Greater Heal 4, casts: 73, avg: 2595.79, 43.8361%, cast time 15.5597% of in combat, overheal: 0.141767
Greater Heal 4 hazz, casts: 2, avg: 2732.78, 1.26438%, cast time 0.255776% of in combat, overheal: 0.0964715
Heal 2, casts: 68, avg: 1140.8, 17.9457%, cast time 14.494% of in combat, overheal: 0.24907
Heal 4, casts: 31, avg: 2004.52, 14.3752%, cast time 6.60755% of in combat, overheal: 0.083214
Total time casting: 566, which is: 48.2565% of time in combat.
Total hps: 368.552, raw hps: 438.232, oh: 0.159003
Deficit time sum: 2.28554e+07, baseline: 3.43467e+07
Deficit*time change / s: 9797.35 hp
Number of combats: 15
Average mana at start of combat: 9754.3
Average mana at end of combat: 8286.64
Other players with hps > 100:
  Aralyn : 100.051 hps
  Disco : 131.34 hps
  Exxylia : 145.826 hps
  Farligeabe : 126.232 hps
  Lohse : 176.807 hps
  Nemezis : 179.131 hps
  Sentex : 231.652 hps
  Sneakerplay : 210.818 hps
  Vespa : 102.237 hps
------------------
Upgrades: 
( following sorted by alt scores, no specials )
benediction, , , (7.21426) -> , scepter of the false prophet, , sartura's might(13.851) : 6.63669 = +1.83377%
zulian headdress(3.57605) -> crystal adorned crown(5.5831) : 2.00705 = +0.547559%
belt of transcendence(2.15695) -> grasp of the old god(3.79657) : 1.63962 = +0.446869%
boots of transcendence(2.55875) -> boots of pure thought(3.86624) : 1.3075 = +0.356029%
jin'do's evil eye(2.76584) -> amulet of the fallen god(3.48816) : 0.722321 = +0.196374%
dragon's touch(0.606476) -> lunar wand of healing(1.10477) : 0.498291 = +0.135386%
handguards of transcendence(2.48163) -> atal'ai hands of healing(2.92764) : 0.446014 = +0.121165%
hide of the wild(2.54922) -> cloak of clarity(2.69824) : 0.149017 = +0.0404496%
bindings of transcendence(2.34271) -> bindings of transcendence(2.34271) : 0 = +0%
empowered leggings(5.10223) -> empowered leggings(5.10223) : 0 = +0%
hazza'rah's charm of healing(10.1531) -> hazza'rah's charm of healing(10.1531) : 0 = +0%
rejuvenating gem(3.77692) -> rejuvenating gem(3.77692) : 0 = +0%
pure elementium band(3.29553) -> pure elementium band(3.2955) : -3.05176e-05 = +-8.28041e-06%
truefaith vestments(4.11984) -> robes of transcendence(3.98932) : -0.130524 = +-0.0354028%
fordring's seal(2.15842) -> primalist's seal(1.98788) : -0.170532 = +-0.0462495%
zandalar confessor's mantle(3.24384) -> pauldrons of transcendence(2.18948) : -1.05435 = +-0.285264%
------------------
~~~~ end of intermediate results ~~~~
Temporary bans and partial set bonuses on.
....Temporary bans and partial set bonuses off.
.
*** NEW BEST (0): 370.438
Based on last: 3000 entries, out of total: 6343 entries, The least-squares solution is:
Int: 31.1688
Spirit: 12.8452
Sp / Healing: 100
Mp5: 0
Crit: 192.533
T1 3p/piece: 754.44
T2 3p/piece: 3342.78
Hazza'rah's: 14754.2
Darkmoon: 2384.6
100 points == 1 sp == 0.0623858 hps.
two-hand :   scepter of the false prophet sartura's might ->   scepter of the false prophet lei of the lifegiver => val: 370.438 -> 370.508

*** NEW BEST (0): 370.508
Based on last: 3000 entries, out of total: 6355 entries, The least-squares solution is:
Int: 31.2092
Spirit: 10.6115
Sp / Healing: 100
Mp5: 0
Crit: 192.364
T1 3p/piece: 765.786
T2 3p/piece: 3307.02
Hazza'rah's: 14607.8
Darkmoon: 2122.19
100 points == 1 sp == 0.0629481 hps.
.Swapping to best matching bonuses: 
    bindings of transcendence -> bindings of transcendence
    atal'ai hands of healing -> handguards of transcendence
    robes of transcendence -> robes of transcendence
    pauldrons of transcendence -> zandalar confessor's mantle
    value from: 369.423 -> 369.184
***** INTERMEDIATE RESULTS *****
Iteration: 11
 ----------------------------
 --- head --- 
name: crystal adorned crown
slot: head
intelligence: 14
spirit: 13
sp_healing: 92
armor: 85
 ----------------------------
 --- neck --- 
name: amulet of the fallen god
slot: neck
intelligence: 11
sp_healing: 57
mp5: 6
 ----------------------------
 --- shoulders --- 
name: pauldrons of transcendence
slot: shoulders
intelligence: 25
stamina: 12
spirit: 13
sp_healing: 26
fire_res: 10
armor: 87
 ----------------------------
 --- back --- 
name: cloak of clarity
slot: back
intelligence: 12
stamina: 6
spirit: 7
sp_healing: 40
mp5: 8
armor: 66
 ----------------------------
 --- chest --- 
name: robes of transcendence
slot: chest
intelligence: 27
stamina: 17
spirit: 16
sp_healing: 57
nature_res: 10
fire_res: 10
armor: 116
 ----------------------------
 --- wrists --- 
name: bindings of transcendence
slot: wrists
intelligence: 13
stamina: 9
spirit: 16
sp_healing: 33
armor: 51
 ----------------------------
 ---  --- 
name: 
slot: 
 ----------------------------
 --- main hand --- 
name: scepter of the false prophet
slot: main hand
intelligence: 19
stamina: 10
sp_healing: 187
mp5: 3
 ----------------------------
 ---  --- 
name: 
slot: 
 ----------------------------
 --- off hand --- 
name: lei of the lifegiver
slot: off hand
sp_healing: 53
mp5: 3
 ----------------------------
 --- ranged --- 
name: lunar wand of healing
slot: ranged
sp_healing: 20
 ----------------------------
 --- hands --- 
name: atal'ai hands of healing
slot: hands
sp: 9
sp_healing: 44
armor: 47
 ----------------------------
 --- waist --- 
name: grasp of the old god
slot: waist
intelligence: 19
stamina: 15
sp_healing: 59
mp5: 7
armor: 75
 ----------------------------
 --- legs --- 
name: empowered leggings
slot: legs
intelligence: 12
stamina: 12
spirit: 24
sp_healing: 77
spell_crit: 1
armor: 103
 ----------------------------
 --- feet --- 
name: boots of pure thought
slot: feet
intelligence: 12
stamina: 8
spirit: 12
sp_healing: 62
armor: 74
 ----------------------------
 --- finger --- 
name: pure elementium band
slot: finger
intelligence: 10
stamina: 9
spirit: 10
sp_healing: 53
 ----------------------------
 --- finger --- 
name: primalist's seal
slot: finger
intelligence: 12
spirit: 8
sp_healing: 29
 ----------------------------
 --- trinket --- 
name: hazza'rah's charm of healing
slot: trinket
 ----------------------------
 --- trinket --- 
name: rejuvenating gem
slot: trinket
sp_healing: 66
mp5: 9
 ----------------------------
 --- Set bonuses ---
name: hazza'rah's 1 transcendence 3 
slot: Set bonuses
------------------
Best value: 370.508
------------------
Char stats: 
Effective hp: 8311.7
Effective mana (100 s, 33 % out of fsr): 17327.2
Raw max mana: 10604.1
Int: 425.73
Stam: 372.83
Spirit: 430.33
Strength: 79.58
Agility: 84.18
All stats multiplier (taken into account above): 1.15
Bonus mana: 2000
Bonus hp: 0
Mp5: 186
Sp: 9
Sp shadow: 0
Sp healing: 1115
Spell crit: 19
Spell hit: 0
Arcane res: 27
Nature res: 37
Fire res: 47
Frost res: 27
Shadow res: 27
Armor: 2902.75
Defense: 300
Dodge: 0
Parry: 0
HpsPvp: 1038.61
ShadowDps: 224.52
Value pvp healing: 2155.62
Value pvp shadow: 100.734
Effective hp-pvp: 10425.3
Effecctive mana for 100 s, 0.33 fsr: 18827.7
------------------
Best counts:
oh_limit: 0.9
time_left_mul: 2.9
total_deficit_to_pop_trinkets: 3380.14
in combat total: 1172.9
Flash Heal 1, casts: 15, avg: 364.865, 1.26217%, cast time 1.91832% of in combat, overheal: 0.504239
Flash Heal 2, casts: 2, avg: 822.599, 0.379415%, cast time 0.255776% of in combat, overheal: 0
Flash Heal 3, casts: 7, avg: 832.454, 1.34386%, cast time 0.895217% of in combat, overheal: 0.0774732
Flash Heal 4, casts: 8, avg: 987.408, 1.82173%, cast time 1.02311% of in combat, overheal: 0
Flash Heal 5, casts: 4, avg: 1125.28, 1.03804%, cast time 0.511553% of in combat, overheal: 0
Flash Heal 6, casts: 4, avg: 1147.59, 1.05863%, cast time 0.511553% of in combat, overheal: 0.0978923
Flash Heal 7, casts: 8, avg: 1183.18, 2.18291%, cast time 1.02311% of in combat, overheal: 0.190288
Greater Heal 1, casts: 12, avg: 1604.8, 4.44119%, cast time 2.55776% of in combat, overheal: 0.214518
Greater Heal 1 hazz, casts: 12, avg: 1403.31, 3.88356%, cast time 1.53466% of in combat, overheal: 0.313142
Greater Heal 2 hazz, casts: 2, avg: 1847.01, 0.851915%, cast time 0.255776% of in combat, overheal: 0.204911
Greater Heal 3 hazz, casts: 4, avg: 2312.79, 2.13349%, cast time 0.511553% of in combat, overheal: 0.12612
Greater Heal 4, casts: 80, avg: 2568.13, 47.3809%, cast time 17.0518% of in combat, overheal: 0.151252
Greater Heal 4 hazz, casts: 2, avg: 2733.39, 1.26075%, cast time 0.255776% of in combat, overheal: 0.0966341
Heal 2, casts: 78, avg: 1050.95, 18.9048%, cast time 16.6255% of in combat, overheal: 0.308909
Heal 4, casts: 29, avg: 1802.74, 12.0567%, cast time 6.18126% of in combat, overheal: 0.176028
Total time casting: 599.5, which is: 51.1126% of time in combat.
Total hps: 369.694, raw hps: 462.634, oh: 0.200893
Deficit time sum: 2.29175e+07, baseline: 3.43467e+07
Deficit*time change / s: 9744.44 hp
Number of combats: 15
Average mana at start of combat: 9361.83
Average mana at end of combat: 7787.65
Other players with hps > 100:
  Aralyn : 100.242 hps
  Disco : 131.443 hps
  Exxylia : 142.637 hps
  Farligeabe : 123.534 hps
  Lohse : 179.981 hps
  Nemezis : 181.066 hps
  Sentex : 229.905 hps
  Sneakerplay : 209.697 hps
  Vespa : 102.035 hps
------------------
Upgrades: 
( following sorted by alt scores, no specials )
benediction, , , (7.60385) -> , scepter of the false prophet, , lei of the lifegiver(15.4808) : 7.87695 = +2.17705%
zulian headdress(3.85034) -> crystal adorned crown(6.15311) : 2.30276 = +0.626788%
belt of transcendence(2.20755) -> grasp of the old god(4.08722) : 1.87967 = +0.511037%
boots of transcendence(2.65073) -> boots of pure thought(4.21869) : 1.56796 = +0.425931%
handguards of transcendence(2.42633) -> atal'ai hands of healing(3.33624) : 0.909912 = +0.246733%
jin'do's evil eye(3.02591) -> amulet of the fallen god(3.80414) : 0.778229 = +0.21095%
dragon's touch(0.613434) -> lunar wand of healing(1.25897) : 0.645538 = +0.17492%
bindings of transcendence(2.43954) -> bindings of transcendence(2.43954) : 0 = +0%
empowered leggings(5.36417) -> empowered leggings(5.36417) : 0 = +0%
pure elementium band(3.59949) -> pure elementium band(3.59949) : 0 = +0%
hazza'rah's charm of healing(9.19537) -> hazza'rah's charm of healing(9.19537) : 0 = +0%
rejuvenating gem(4.15457) -> rejuvenating gem(4.15457) : 0 = +0%
hide of the wild(2.84027) -> cloak of clarity(2.80042) : -0.039856 = +-0.0107796%
fordring's seal(2.42731) -> primalist's seal(2.11469) : -0.312622 = +-0.0844909%
truefaith vestments(4.59521) -> robes of transcendence(4.22534) : -0.369873 = +-0.0999484%
zandalar confessor's mantle(3.40436) -> pauldrons of transcendence(2.21463) : -1.18973 = +-0.320782%
------------------
~~~~ end of intermediate results ~~~~
Temporary bans and partial set bonuses on.
.....Temporary bans and partial set bonuses off.
.two-hand : blessed qiraji augur staff    ->   scepter of the false prophet lei of the lifegiver => val: 362.195 -> 368.319
***** INTERMEDIATE RESULTS *****
Iteration: 17
 ----------------------------
 --- head --- 
name: crystal adorned crown
slot: head
intelligence: 14
spirit: 13
sp_healing: 92
armor: 85
 ----------------------------
 --- neck --- 
name: amulet of the fallen god
slot: neck
intelligence: 11
sp_healing: 57
mp5: 6
 ----------------------------
 --- shoulders --- 
name: pauldrons of transcendence
slot: shoulders
intelligence: 25
stamina: 12
spirit: 13
sp_healing: 26
fire_res: 10
armor: 87
 ----------------------------
 --- back --- 
name: cloak of clarity
slot: back
intelligence: 12
stamina: 6
spirit: 7
sp_healing: 40
mp5: 8
armor: 66
 ----------------------------
 --- chest --- 
name: robes of transcendence
slot: chest
intelligence: 27
stamina: 17
spirit: 16
sp_healing: 57
nature_res: 10
fire_res: 10
armor: 116
 ----------------------------
 --- wrists --- 
name: bindings of transcendence
slot: wrists
intelligence: 13
stamina: 9
spirit: 16
sp_healing: 33
armor: 51
 ----------------------------
 ---  --- 
name: 
slot: 
 ----------------------------
 --- main hand --- 
name: scepter of the false prophet
slot: main hand
intelligence: 19
stamina: 10
sp_healing: 187
mp5: 3
 ----------------------------
 ---  --- 
name: 
slot: 
 ----------------------------
 --- off hand --- 
name: lei of the lifegiver
slot: off hand
sp_healing: 53
mp5: 3
 ----------------------------
 --- ranged --- 
name: lunar wand of healing
slot: ranged
sp_healing: 20
 ----------------------------
 --- hands --- 
name: atal'ai hands of healing
slot: hands
sp: 9
sp_healing: 44
armor: 47
 ----------------------------
 --- waist --- 
name: grasp of the old god
slot: waist
intelligence: 19
stamina: 15
sp_healing: 59
mp5: 7
armor: 75
 ----------------------------
 --- legs --- 
name: empowered leggings
slot: legs
intelligence: 12
stamina: 12
spirit: 24
sp_healing: 77
spell_crit: 1
armor: 103
 ----------------------------
 --- feet --- 
name: boots of pure thought
slot: feet
intelligence: 12
stamina: 8
spirit: 12
sp_healing: 62
armor: 74
 ----------------------------
 --- finger --- 
name: pure elementium band
slot: finger
intelligence: 10
stamina: 9
spirit: 10
sp_healing: 53
 ----------------------------
 --- finger --- 
name: primalist's seal
slot: finger
intelligence: 12
spirit: 8
sp_healing: 29
 ----------------------------
 --- trinket --- 
name: hazza'rah's charm of healing
slot: trinket
 ----------------------------
 --- trinket --- 
name: rejuvenating gem
slot: trinket
sp_healing: 66
mp5: 9
 ----------------------------
 --- Set bonuses ---
name: hazza'rah's 1 transcendence 3 
slot: Set bonuses
------------------
Best value: 370.508
------------------
Char stats: 
Effective hp: 8311.7
Effective mana (100 s, 33 % out of fsr): 17327.2
Raw max mana: 10604.1
Int: 425.73
Stam: 372.83
Spirit: 430.33
Strength: 79.58
Agility: 84.18
All stats multiplier (taken into account above): 1.15
Bonus mana: 2000
Bonus hp: 0
Mp5: 186
Sp: 9
Sp shadow: 0
Sp healing: 1115
Spell crit: 19
Spell hit: 0
Arcane res: 27
Nature res: 37
Fire res: 47
Frost res: 27
Shadow res: 27
Armor: 2902.75
Defense: 300
Dodge: 0
Parry: 0
HpsPvp: 1033.94
ShadowDps: 223.216
Value pvp healing: 2199.13
Value pvp shadow: 102.497
Effective hp-pvp: 10425.3
Effecctive mana for 100 s, 0.33 fsr: 18827.7
------------------
Best counts:
oh_limit: 0.9
time_left_mul: 2.9
total_deficit_to_pop_trinkets: 3401.28
in combat total: 1172.9
Flash Heal 1, casts: 15, avg: 364.865, 1.26217%, cast time 1.91832% of in combat, overheal: 0.504239
Flash Heal 2, casts: 2, avg: 822.599, 0.379415%, cast time 0.255776% of in combat, overheal: 0
Flash Heal 3, casts: 7, avg: 832.454, 1.34386%, cast time 0.895217% of in combat, overheal: 0.0774732
Flash Heal 4, casts: 8, avg: 987.408, 1.82173%, cast time 1.02311% of in combat, overheal: 0
Flash Heal 5, casts: 4, avg: 1125.28, 1.03804%, cast time 0.511553% of in combat, overheal: 0
Flash Heal 6, casts: 4, avg: 1147.59, 1.05863%, cast time 0.511553% of in combat, overheal: 0.0978923
Flash Heal 7, casts: 8, avg: 1183.18, 2.18291%, cast time 1.02311% of in combat, overheal: 0.190288
Greater Heal 1, casts: 12, avg: 1604.8, 4.44119%, cast time 2.55776% of in combat, overheal: 0.214518
Greater Heal 1 hazz, casts: 12, avg: 1403.31, 3.88356%, cast time 1.53466% of in combat, overheal: 0.313142
Greater Heal 2 hazz, casts: 2, avg: 1847.01, 0.851915%, cast time 0.255776% of in combat, overheal: 0.204911
Greater Heal 3 hazz, casts: 4, avg: 2312.79, 2.13349%, cast time 0.511553% of in combat, overheal: 0.12612
Greater Heal 4, casts: 80, avg: 2568.13, 47.3809%, cast time 17.0518% of in combat, overheal: 0.151252
Greater Heal 4 hazz, casts: 2, avg: 2733.39, 1.26075%, cast time 0.255776% of in combat, overheal: 0.0966341
Heal 2, casts: 78, avg: 1050.95, 18.9048%, cast time 16.6255% of in combat, overheal: 0.308909
Heal 4, casts: 29, avg: 1802.74, 12.0567%, cast time 6.18126% of in combat, overheal: 0.176028
Total time casting: 599.5, which is: 51.1126% of time in combat.
Total hps: 369.694, raw hps: 462.634, oh: 0.200893
Deficit time sum: 2.29175e+07, baseline: 3.43467e+07
Deficit*time change / s: 9744.44 hp
Number of combats: 15
Average mana at start of combat: 9361.83
Average mana at end of combat: 7787.65
Other players with hps > 100:
  Aralyn : 100.242 hps
  Disco : 131.443 hps
  Exxylia : 142.637 hps
  Farligeabe : 123.534 hps
  Lohse : 179.981 hps
  Nemezis : 181.066 hps
  Sentex : 229.905 hps
  Sneakerplay : 209.697 hps
  Vespa : 102.035 hps
------------------
Upgrades: 
( following sorted by alt scores, no specials )
benediction, , , (7.60385) -> , scepter of the false prophet, , lei of the lifegiver(15.4808) : 7.87695 = +2.17705%
zulian headdress(3.85034) -> crystal adorned crown(6.15311) : 2.30276 = +0.626788%
belt of transcendence(2.20755) -> grasp of the old god(4.08722) : 1.87967 = +0.511037%
boots of transcendence(2.65073) -> boots of pure thought(4.21869) : 1.56796 = +0.425931%
handguards of transcendence(2.42633) -> atal'ai hands of healing(3.33624) : 0.909912 = +0.246733%
jin'do's evil eye(3.02591) -> amulet of the fallen god(3.80414) : 0.778229 = +0.21095%
dragon's touch(0.613434) -> lunar wand of healing(1.25897) : 0.645538 = +0.17492%
bindings of transcendence(2.43954) -> bindings of transcendence(2.43954) : 0 = +0%
empowered leggings(5.36417) -> empowered leggings(5.36417) : 0 = +0%
pure elementium band(3.59949) -> pure elementium band(3.59949) : 0 = +0%
hazza'rah's charm of healing(9.19537) -> hazza'rah's charm of healing(9.19537) : 0 = +0%
rejuvenating gem(4.15457) -> rejuvenating gem(4.15457) : 0 = +0%
hide of the wild(2.84027) -> cloak of clarity(2.80042) : -0.039856 = +-0.0107796%
fordring's seal(2.42731) -> primalist's seal(2.11469) : -0.312622 = +-0.0844909%
truefaith vestments(4.59521) -> robes of transcendence(4.22534) : -0.369873 = +-0.0999484%
zandalar confessor's mantle(3.40436) -> pauldrons of transcendence(2.21463) : -1.18973 = +-0.320782%
------------------
~~~~ end of intermediate results ~~~~
Same items for intermediate results again, ending optimization. 
 ----------------------------
 --- head --- 
name: crystal adorned crown
slot: head
intelligence: 14
spirit: 13
sp_healing: 92
armor: 85
 ----------------------------
 --- neck --- 
name: amulet of the fallen god
slot: neck
intelligence: 11
sp_healing: 57
mp5: 6
 ----------------------------
 --- shoulders --- 
name: pauldrons of transcendence
slot: shoulders
intelligence: 25
stamina: 12
spirit: 13
sp_healing: 26
fire_res: 10
armor: 87
 ----------------------------
 --- back --- 
name: cloak of clarity
slot: back
intelligence: 12
stamina: 6
spirit: 7
sp_healing: 40
mp5: 8
armor: 66
 ----------------------------
 --- chest --- 
name: robes of transcendence
slot: chest
intelligence: 27
stamina: 17
spirit: 16
sp_healing: 57
nature_res: 10
fire_res: 10
armor: 116
 ----------------------------
 --- wrists --- 
name: bindings of transcendence
slot: wrists
intelligence: 13
stamina: 9
spirit: 16
sp_healing: 33
armor: 51
 ----------------------------
 ---  --- 
name: 
slot: 
 ----------------------------
 --- main hand --- 
name: scepter of the false prophet
slot: main hand
intelligence: 19
stamina: 10
sp_healing: 187
mp5: 3
 ----------------------------
 ---  --- 
name: 
slot: 
 ----------------------------
 --- off hand --- 
name: lei of the lifegiver
slot: off hand
sp_healing: 53
mp5: 3
 ----------------------------
 --- ranged --- 
name: lunar wand of healing
slot: ranged
sp_healing: 20
 ----------------------------
 --- hands --- 
name: atal'ai hands of healing
slot: hands
sp: 9
sp_healing: 44
armor: 47
 ----------------------------
 --- waist --- 
name: grasp of the old god
slot: waist
intelligence: 19
stamina: 15
sp_healing: 59
mp5: 7
armor: 75
 ----------------------------
 --- legs --- 
name: empowered leggings
slot: legs
intelligence: 12
stamina: 12
spirit: 24
sp_healing: 77
spell_crit: 1
armor: 103
 ----------------------------
 --- feet --- 
name: boots of pure thought
slot: feet
intelligence: 12
stamina: 8
spirit: 12
sp_healing: 62
armor: 74
 ----------------------------
 --- finger --- 
name: pure elementium band
slot: finger
intelligence: 10
stamina: 9
spirit: 10
sp_healing: 53
 ----------------------------
 --- finger --- 
name: primalist's seal
slot: finger
intelligence: 12
spirit: 8
sp_healing: 29
 ----------------------------
 --- trinket --- 
name: hazza'rah's charm of healing
slot: trinket
 ----------------------------
 --- trinket --- 
name: rejuvenating gem
slot: trinket
sp_healing: 66
mp5: 9
 ----------------------------
 --- Set bonuses ---
name: hazza'rah's 1 transcendence 3 
slot: Set bonuses
------------------
Char stats: 
Effective hp: 8311.7
Effective mana (100 s, 33 % out of fsr): 17327.2
Raw max mana: 10604.1
Int: 425.73
Stam: 372.83
Spirit: 430.33
Strength: 79.58
Agility: 84.18
All stats multiplier (taken into account above): 1.15
Bonus mana: 2000
Bonus hp: 0
Mp5: 186
Sp: 9
Sp shadow: 0
Sp healing: 1115
Spell crit: 19
Spell hit: 0
Arcane res: 27
Nature res: 37
Fire res: 47
Frost res: 27
Shadow res: 27
Armor: 2902.75
Defense: 300
Dodge: 0
Parry: 0
HpsPvp: 1031.13
ShadowDps: 219.24
Value pvp healing: 2002.3
Value pvp shadow: 90.52
Effective hp-pvp: 10425.3
Effecctive mana for 100 s, 0.33 fsr: 18827.7
------------------
Best counts:
oh_limit: 0.9
time_left_mul: 2.9
total_deficit_to_pop_trinkets: 3401.28
in combat total: 1172.9
Flash Heal 1, casts: 15, avg: 364.865, 1.26217%, cast time 1.91832% of in combat, overheal: 0.504239
Flash Heal 2, casts: 2, avg: 822.599, 0.379415%, cast time 0.255776% of in combat, overheal: 0
Flash Heal 3, casts: 7, avg: 832.454, 1.34386%, cast time 0.895217% of in combat, overheal: 0.0774732
Flash Heal 4, casts: 8, avg: 987.408, 1.82173%, cast time 1.02311% of in combat, overheal: 0
Flash Heal 5, casts: 4, avg: 1125.28, 1.03804%, cast time 0.511553% of in combat, overheal: 0
Flash Heal 6, casts: 4, avg: 1147.59, 1.05863%, cast time 0.511553% of in combat, overheal: 0.0978923
Flash Heal 7, casts: 8, avg: 1183.18, 2.18291%, cast time 1.02311% of in combat, overheal: 0.190288
Greater Heal 1, casts: 12, avg: 1604.8, 4.44119%, cast time 2.55776% of in combat, overheal: 0.214518
Greater Heal 1 hazz, casts: 12, avg: 1403.31, 3.88356%, cast time 1.53466% of in combat, overheal: 0.313142
Greater Heal 2 hazz, casts: 2, avg: 1847.01, 0.851915%, cast time 0.255776% of in combat, overheal: 0.204911
Greater Heal 3 hazz, casts: 4, avg: 2312.79, 2.13349%, cast time 0.511553% of in combat, overheal: 0.12612
Greater Heal 4, casts: 80, avg: 2568.13, 47.3809%, cast time 17.0518% of in combat, overheal: 0.151252
Greater Heal 4 hazz, casts: 2, avg: 2733.39, 1.26075%, cast time 0.255776% of in combat, overheal: 0.0966341
Heal 2, casts: 78, avg: 1050.95, 18.9048%, cast time 16.6255% of in combat, overheal: 0.308909
Heal 4, casts: 29, avg: 1802.74, 12.0567%, cast time 6.18126% of in combat, overheal: 0.176028
Total time casting: 599.5, which is: 51.1126% of time in combat.
Total hps: 369.694, raw hps: 462.634, oh: 0.200893
Deficit time sum: 2.29175e+07, baseline: 3.43467e+07
Deficit*time change / s: 9744.44 hp
Number of combats: 15
Average mana at start of combat: 9361.83
Average mana at end of combat: 7787.65
Other players with hps > 100:
  Aralyn : 100.242 hps
  Disco : 131.443 hps
  Exxylia : 142.637 hps
  Farligeabe : 123.534 hps
  Lohse : 179.981 hps
  Nemezis : 181.066 hps
  Sentex : 229.905 hps
  Sneakerplay : 209.697 hps
  Vespa : 102.035 hps
------------------
Based on last: 3000 entries, out of total: 7452 entries, The least-squares solution is:
Int: 36.9043
Spirit: 3.03412
Sp / Healing: 100
Mp5: 19.3033
Crit: 218.871
T1 3p/piece: 442.217
T2 3p/piece: 3890.17
Hazza'rah's: 13981.9
Darkmoon: 1965.14
100 points == 1 sp == 0.0673139 hps.
Appended tag:
( Pawn: v1: "fiend_bwl_speed_phase5": Intellect=36.9043, Spirit=3.03412, Healing=100, Mp5=19.3033, SpellCritRating=218.871, IsFist=X, Is2HMace=X, IsCrossbow=X, IsGun=X, IsShield=X, IsPolearm=X, Is2HAxe=X, IsBow=X, IsMail=X, IsPlate=X, IsLeather=X, IsAxe=X, Is2HAxe=X, IsSword=X, Is2HSword=X)
To file: fiend_bwl_speed_phase5.pawn_tag.txt
------------------
Diffs to start: 
Upgrades: 
( following sorted by alt scores, no specials )
benediction, , , (8.22455) -> , scepter of the false prophet, , lei of the lifegiver(16.7053) : 8.48074 = +2.34785%
zulian headdress(4.10349) -> crystal adorned crown(6.56723) : 2.46375 = +0.670899%
belt of transcendence(2.41443) -> grasp of the old god(4.53448) : 2.12006 = +0.57677%
boots of transcendence(2.81302) -> boots of pure thought(4.49606) : 1.68304 = +0.457335%
handguards of transcendence(2.62283) -> atal'ai hands of healing(3.56763) : 0.944794 = +0.256216%
jin'do's evil eye(3.24731) -> amulet of the fallen god(4.18811) : 0.940796 = +0.255129%
dragon's touch(0.701996) -> lunar wand of healing(1.34628) : 0.644287 = +0.17458%
hide of the wild(3.07559) -> cloak of clarity(3.10892) : 0.0333252 = +0.00901507%
bindings of transcendence(2.57697) -> bindings of transcendence(2.57697) : 0 = +0%
empowered leggings(5.67761) -> empowered leggings(5.67761) : 0 = +0%
pure elementium band(3.83649) -> pure elementium band(3.83649) : 0 = +0%
hazza'rah's charm of healing(9.4118) -> hazza'rah's charm of healing(9.4118) : 0 = +0%
rejuvenating gem(4.55966) -> rejuvenating gem(4.55966) : 0 = +0%
fordring's seal(2.61484) -> primalist's seal(2.26654) : -0.348297 = +-0.0941235%
truefaith vestments(4.99188) -> robes of transcendence(4.54028) : -0.451599 = +-0.122006%
zandalar confessor's mantle(3.65598) -> pauldrons of transcendence(2.39777) : -1.25821 = +-0.339183%
- - - - - - - - - - - - - - - - - - - - - - - - - - - - - - - - - - - - - - - - - 
| Upgrades at best in slot level, from start item to candidate, partial bonuses: 1: |
  alt scores are from least squares fit, special score from e.g. set bonuses as s are part of em
. . . . . . . . . . . . . . . . . . . . . . . . . . . . . . . . . . . . . . . . . 
- . - ' - . - ' - . - ' - . - ' - . - ' - . -
head, zulian headdress (4.78922), alt: 4.10349 -> :
    crystal adorned crown (6.45825) : +0.452235 %, alt : +6.56722, from: azuregos
    don rigoberto's lost hat (5.25549) : +0.126341 %, alt : +5.04722, from: aq40
    eternal crown of healing (4.75256) : -0.00993096 %, alt : +4.30809, from: random green
    halo of transcendence (4.77628) : -0.00350602 %, alt : +3.94673, from: onyxia
- . - ' - . - ' - . - ' - . - ' - . - ' - . -
neck, jin'do's evil eye (0.160065), alt: 3.24731 -> :
    amulet of the fallen god (2.56635) : +0.6533 %, alt : +4.18812, from: aq40
    amulet of the shifting sands (0.856873) : +0.189182 %, alt : +3.1744, from: aq20
- . - ' - . - ' - . - ' - . - ' - . - ' - . -
shoulders, zandalar confessor's mantle (3.89667), alt: 3.65598 -> :
    pauldrons of transcendence (5.3667) : +0.398099 %, alt : +5.01638 (s: 2.61863), from: bwl
    zandalar confessor's mantle (3.89667) : +0 %, alt : +3.65596, from: zg
- . - ' - . - ' - . - ' - . - ' - . - ' - . -
back, hide of the wild (1.83057), alt: 3.07559 -> :
    cloak of clarity (3.80481) : +0.535375 %, alt : +3.1089, from: aq40
    shroud of pure thought (2.52921) : +0.189457 %, alt : +2.57258, from: bwl
- . - ' - . - ' - . - ' - . - ' - . - ' - . -
chest, truefaith vestments (4.62314), alt: 4.99188 -> :
    robes of transcendence (6.41745) : +0.486344 %, alt : +7.15892 (s: 2.61863), from: bwl
    robes of the guardian saint (4.62082) : -0.000628651 %, alt : +5.34945, from: aq40
- . - ' - . - ' - . - ' - . - ' - . - ' - . -
wrists, bindings of transcendence (5.79404), alt: 5.19562 (s: 2.61863) -> :
    bindings of transcendence (5.79404) : +0 %, alt : +5.19561 (s: 2.61863), from: bwl
    bracelets of royal redemption (3.31985) : -0.667376 %, alt : +3.83444, from: aq40
    zandalar confessor's wraps (3.97119) : -0.491687 %, alt : +3.46152, from: zg
- . - ' - . - ' - . - ' - . - ' - . - ' - . -
two-hand, benediction (5.54279), alt: 8.22455 -> :
    scepter of the false prophet and sartura's might (4.9653) : -0.153474 %, alt : +16.7587, from: aq40, aq40
    scepter of the false prophet and lei of the lifegiver (4.6962) : -0.224991 %, alt : +16.7053, from: aq40, av rep
    scepter of the false prophet and brightly glowing stone (3.07916) : -0.654738 %, alt : +15.5893, from: aq40, pre-raid
    scepter of the false prophet and trance stone (2.94696) : -0.689873 %, alt : +14.9966, from: aq40, emeriss; lethon; taerar; ysondre
    blessed qiraji augur staff (5.77432) : +0.0615338 %, alt : +10.417, from: aq40
    gavel of infinite wisdom and sartura's might (7.28058) : +0.46184 %, alt : +10.0435, from: aq20, aq40
    gavel of infinite wisdom and lei of the lifegiver (7.45349) : +0.507794 %, alt : +9.99011, from: aq20, av rep
    lok'amir il romathis and sartura's might (6.88986) : +0.358002 %, alt : +9.77788, from: bwl, aq40
    lok'amir il romathis and lei of the lifegiver (6.99719) : +0.386527 %, alt : +9.72448, from: bwl, av rep
    gavel of infinite wisdom and brightly glowing stone (6.17282) : +0.16744 %, alt : +8.8741, from: aq20, pre-raid
    lok'amir il romathis and brightly glowing stone (5.77185) : +0.0608769 %, alt : +8.60847, from: bwl, pre-raid
    gavel of infinite wisdom and trance stone (5.34564) : -0.0523934 %, alt : +8.28141, from: aq20, emeriss; lethon; taerar; ysondre
- . - ' - . - ' - . - ' - . - ' - . - ' - . -
ranged, dragon's touch (0.0331116), alt: 0.701996 -> :
    lunar wand of healing (1.2395) : +0.326469 %, alt : +1.34628, from: random green
    wandof qiraji nobility (1.15369) : +0.303246 %, alt : +1.27896, from: aq40
    antenna of invigoration (0.871552) : +0.226896 %, alt : +1.01343, from: aq20
    bonecreeper stylus (0.259003) : +0.0611298 %, alt : +0.83982, from: pre-raid
- . - ' - . - ' - . - ' - . - ' - . - ' - . -
hands, handguards of transcendence (-0.845703), alt: 2.62283 -> :
    atal'ai hands of healing (0.316895) : +0.314581 %, alt : +3.56764, from: sunken temple
    high councillor's gloves of healing (-0.588684) : +0.0695453 %, alt : +3.09644, from: random green
    dark storm gauntlets (0.176056) : +0.276472 %, alt : +2.86324, from: aq40
    handguards of transcendence (-0.845703) : +0 %, alt : +2.62282, from: bwl
- . - ' - . - ' - . - ' - . - ' - . - ' - . -
waist, belt of transcendence (2.04337), alt: 2.41443 -> :
    grasp of the old god (3.99472) : +0.529135 %, alt : +4.53447, from: aq40
    eyestalk waist cord (2.78363) : +0.200733 %, alt : +3.13078, from: aq40
    firemaw's clutch (2.22833) : +0.0501562 %, alt : +2.71906, from: bwl
    belt of transcendence (2.04337) : +0 %, alt : +2.41443, from: bwl
- . - ' - . - ' - . - ' - . - ' - . - ' - . -
legs, empowered leggings (5.28311), alt: 5.67761 -> :
    leggings of transcendence (3.4483) : -0.494914 %, alt : +3.75196, from: mc
- . - ' - . - ' - . - ' - . - ' - . - ' - . -
feet, boots of transcendence (1.89771), alt: 2.81302 -> :
    boots of pure thought (2.78369) : +0.239555 %, alt : +4.49607, from: bwl
    treads of the wandering nomand (1.50446) : -0.106328 %, alt : +2.96023, from: aq20
    boots of transcendence (1.89771) : +0 %, alt : +2.81302, from: bwl
- . - ' - . - ' - . - ' - . - ' - . - ' - . -
finger, pure elementium band (0.960358), alt: 3.83649 -> :
    primalist's seal (-0.531769) : -0.40248 %, alt : +3.37722, from: zg
- . - ' - . - ' - . - ' - . - ' - . - ' - . -
finger 2, fordring's seal (-1.80841), alt: 2.61484 -> :
    pure elementium band (-0.525696) : +0.34798 %, alt : +3.83648, from: bwl
    ring of the martyr (-0.770844) : +0.281475 %, alt : +3.49798, from: aq40
    cauterizing band (-0.363861) : +0.391883 %, alt : +3.39454, from: mc
    primalist's seal (0.307495) : +0.574012 %, alt : +3.37722, from: zg
    ring of spellpower (-1.69547) : +0.0306403 %, alt : +2.22136, from: mc
    rosewine circle (-0.00979614) : +0.487936 %, alt : +2.01707, from: pre-raid
    mindtear band (-0.764008) : +0.28333 %, alt : +1.77729, from: taerar
    band of servitude (-1.12918) : +0.184264 %, alt : +1.7718, from: zg
    band of forced concentration (-1.45184) : +0.0967311 %, alt : +1.71169, from: bwl
    primalist's band (-0.205475) : +0.434851 %, alt : +1.43706, from: zg
    ring of the devoured (-0.311157) : +0.406181 %, alt : +1.4366, from: aq40
    maiden's circle (-0.724487) : +0.294051 %, alt : +1.3978, from: pre-raid
    ring of blackrock (-0.0655212) : +0.472818 %, alt : +1.39591, from: bwl
    eye of orgrimmar (-1.1698) : +0.173245 %, alt : +1.39371, from: pre-raid
    zanzil's seal (-1.41772) : +0.105987 %, alt : +0.98887, from: zg
    cyclopean band (-1.4848) : +0.0877898 %, alt : +0.787887, from: pre-raid
    band of sulfuras (-0.801575) : +0.273139 %, alt : +0.591783, from: mc
    ring of entropy (-1.34167) : +0.126618 %, alt : +0.486612, from: kazzak
    dragonslayer's signet (-1.79498) : +0.00364273 %, alt : +0.457686, from: onyxia
    seal of rivendare (-0.464478) : +0.364588 %, alt : +0.436606, from: pre-raid
    seal of the archmagus (-0.457825) : +0.366393 %, alt : +0.334706, from: mc
    ring of demonic guile (0.814941) : +0.711674 %, alt : +0.32638, from: pre-raid
    emerald flame ring (-0.622864) : +0.32162 %, alt : +0.314439, from: pre-raid
    magus ring (-1.06836) : +0.200764 %, alt : +0.312397, from: pre-raid
    band of the hierophant (0.320801) : +0.577621 %, alt : +0.270883, from: pre-raid
    royal seal of alexis (0.197449) : +0.544158 %, alt : +0.264756, from: pre-raid
    blood of the martyr (0.0740967) : +0.510694 %, alt : +0.248417, from: pre-raid
    zanzil's band (0.123352) : +0.524057 %, alt : +0.0519752, from: zg
    ring of binding (0) : +0.490593 %, alt : +0, from: onyxia
- . - ' - . - ' - . - ' - . - ' - . - ' - . -
trinket, hazza'rah's charm of healing (8.77426), alt: 10.1859 -> :
    hazza'rah's charm of healing (8.77426) : +0 %, alt : +10.1859, from: zg
    darkmoon card: blue dragon (-0.837463) : -2.59263 %, alt : +1.32281, from: 
- . - ' - . - ' - . - ' - . - ' - . - ' - . -
trinket 2, rejuvenating gem (2.51749), alt: 4.55966 -> :
    hazza'rah's charm of healing (0) : -0.679056 %, alt : +10.1859, from: zg
    darkmoon card: blue dragon (2.53052) : +0.00351493 %, alt : +1.32281, from: 
    shard of the scale (2.53052) : +0.00351493 %, alt : +0.207901, from: onyxia
- - - - - - - - - - - - - - - - - - - - - - - - - - - - - - - - - - - - - - - - - 
| Upgrades at best in slot level, from start item to candidate, partial bonuses: 0: |
  alt scores are from least squares fit, special score from e.g. set bonuses as s are part of em
. . . . . . . . . . . . . . . . . . . . . . . . . . . . . . . . . . . . . . . . . 
- . - ' - . - ' - . - ' - . - ' - . - ' - . -
head, zulian headdress (8.45758), alt: 4.10349 -> :
    crystal adorned crown (8.93155) : +0.12837 %, alt : +6.56722, from: azuregos
    don rigoberto's lost hat (8.77853) : +0.0869273 %, alt : +5.04722, from: aq40
    eternal crown of healing (8.75748) : +0.0812242 %, alt : +4.30809, from: random green
    halo of transcendence (9.33704) : +0.238193 %, alt : +3.94673, from: onyxia
- . - ' - . - ' - . - ' - . - ' - . - ' - . -
neck, jin'do's evil eye (3.91791), alt: 3.24731 -> :
    amulet of the fallen god (5.14062) : +0.331835 %, alt : +4.18812, from: aq40
    amulet of the shifting sands (4.13336) : +0.0584724 %, alt : +3.1744, from: aq20
- . - ' - . - ' - . - ' - . - ' - . - ' - . -
shoulders, zandalar confessor's mantle (3.13605), alt: 3.65598 -> :
    pauldrons of transcendence (12.7574) : +2.67205 %, alt : +10.2536 (s: 7.85588), from: bwl
- . - ' - . - ' - . - ' - . - ' - . - ' - . -
back, hide of the wild (2.25583), alt: 3.07559 -> :
    cloak of clarity (4.27823) : +0.550056 %, alt : +3.1089, from: aq40
    shroud of pure thought (3.13828) : +0.240009 %, alt : +2.57258, from: bwl
    drape of benediction (2.37057) : +0.0312088 %, alt : +2.42601, from: azuregos
- . - ' - . - ' - . - ' - . - ' - . - ' - . -
chest, truefaith vestments (3.28918), alt: 4.99188 -> :
    robes of transcendence (12.8507) : +2.655 %, alt : +12.3962 (s: 7.85588), from: bwl
    robes of the guardian saint (4.91412) : +0.451206 %, alt : +5.34945, from: aq40
- . - ' - . - ' - . - ' - . - ' - . - ' - . -
wrists, bindings of transcendence (11.785), alt: 10.4329 (s: 7.85588) -> :
    bindings of transcendence (11.785) : +0 %, alt : +10.4329 (s: 7.85588), from: bwl
    bracelets of royal redemption (1.46368) : -2.79184 %, alt : +3.83444, from: aq40
    zandalar confessor's wraps (2.3277) : -2.55813 %, alt : +3.46152, from: zg
- . - ' - . - ' - . - ' - . - ' - . - ' - . -
two-hand, benediction (2.41977), alt: 8.22455 -> :
    scepter of the false prophet and sartura's might (4.7999) : +0.639623 %, alt : +16.7587, from: aq40, aq40
    scepter of the false prophet and lei of the lifegiver (4.53629) : +0.568782 %, alt : +16.7053, from: aq40, av rep
    scepter of the false prophet and brightly glowing stone (4.03586) : +0.434299 %, alt : +15.5893, from: aq40, pre-raid
    scepter of the false prophet and trance stone (4.44708) : +0.54481 %, alt : +14.9966, from: aq40, emeriss; lethon; taerar; ysondre
    blessed qiraji augur staff (6.28284) : +1.03814 %, alt : +10.417, from: aq40
    gavel of infinite wisdom and sartura's might (6.14386) : +1.00079 %, alt : +10.0435, from: aq20, aq40
    gavel of infinite wisdom and lei of the lifegiver (6.32626) : +1.04981 %, alt : +9.99011, from: aq20, av rep
    lok'amir il romathis and sartura's might (5.81534) : +0.912508 %, alt : +9.77788, from: bwl, aq40
    lok'amir il romathis and lei of the lifegiver (5.87582) : +0.928762 %, alt : +9.72448, from: bwl, av rep
    gavel of infinite wisdom and brightly glowing stone (5.18134) : +0.742129 %, alt : +8.8741, from: aq20, pre-raid
    lok'amir il romathis and brightly glowing stone (3.71368) : +0.34772 %, alt : +8.60847, from: bwl, pre-raid
    gavel of infinite wisdom and trance stone (2.22729) : -0.0517246 %, alt : +8.28141, from: aq20, emeriss; lethon; taerar; ysondre
    lok'amir il romathis and trance stone (2.54102) : +0.0325831 %, alt : +8.01578, from: bwl, emeriss; lethon; taerar; ysondre
    jin'do's hexxer and lei of the lifegiver (2.52219) : +0.027523 %, alt : +7.41054, from: zg, av rep
- . - ' - . - ' - . - ' - . - ' - . - ' - . -
ranged, dragon's touch (-2.2392), alt: 0.701996 -> :
    lunar wand of healing (-1.16779) : +0.290652 %, alt : +1.34628, from: random green
    wandof qiraji nobility (-1.25165) : +0.267902 %, alt : +1.27896, from: aq40
    antenna of invigoration (-1.10901) : +0.306597 %, alt : +1.01343, from: aq20
    bonecreeper stylus (-1.18567) : +0.285801 %, alt : +0.83982, from: pre-raid
- . - ' - . - ' - . - ' - . - ' - . - ' - . -
hands, handguards of transcendence (2.78525), alt: 2.62283 -> :
    atal'ai hands of healing (2.92462) : +0.037714 %, alt : +3.56764, from: sunken temple
    high councillor's gloves of healing (2.77875) : -0.00175894 %, alt : +3.09644, from: random green
    dark storm gauntlets (2.29553) : -0.132515 %, alt : +2.86324, from: aq40
    handguards of transcendence (2.78525) : +0 %, alt : +2.62282, from: bwl
- . - ' - . - ' - . - ' - . - ' - . - ' - . -
waist, belt of transcendence (4.24426), alt: 2.41443 -> :
    grasp of the old god (5.47107) : +0.332948 %, alt : +4.53447, from: aq40
    eyestalk waist cord (2.47409) : -0.480415 %, alt : +3.13078, from: aq40
    firemaw's clutch (4.77072) : +0.142878 %, alt : +2.71906, from: bwl
    belt of transcendence (4.24426) : +0 %, alt : +2.41443, from: bwl
- . - ' - . - ' - . - ' - . - ' - . - ' - . -
legs, empowered leggings (8.25549), alt: 5.67761 -> :
    leggings of transcendence (7.26694) : -0.267398 %, alt : +3.75196, from: mc
    padre's trousers (8.53271) : +0.0749867 %, alt : +3.40198, from: pre-raid
- . - ' - . - ' - . - ' - . - ' - . - ' - . -
feet, boots of transcendence (5.49945), alt: 2.81302 -> :
    boots of pure thought (4.89722) : -0.162636 %, alt : +4.49607, from: bwl
    treads of the wandering nomand (5.93289) : +0.117052 %, alt : +2.96023, from: aq20
    boots of transcendence (5.49945) : +0 %, alt : +2.81302, from: bwl
- . - ' - . - ' - . - ' - . - ' - . - ' - . -
finger, pure elementium band (4.02588), alt: 3.83649 -> :
    ring of the martyr (4.50168) : +0.128701 %, alt : +3.49798, from: aq40
    primalist's seal (4.40652) : +0.102962 %, alt : +2.26654, from: zg
    ring of spellpower (4.55087) : +0.142008 %, alt : +2.22136, from: mc
    rosewine circle (5.03159) : +0.272037 %, alt : +2.01707, from: pre-raid
- . - ' - . - ' - . - ' - . - ' - . - ' - . -
finger 2, fordring's seal (-0.434631), alt: 2.61484 -> :
    pure elementium band (1.16757) : +0.434245 %, alt : +3.83648, from: bwl
    ring of the martyr (0.42868) : +0.233983 %, alt : +3.49798, from: aq40
    cauterizing band (-0.369995) : +0.0175183 %, alt : +3.39454, from: mc
    primalist's seal (0.296478) : +0.198152 %, alt : +2.26654, from: zg
    ring of spellpower (0.424347) : +0.232809 %, alt : +2.22136, from: mc
    rosewine circle (0.121765) : +0.1508 %, alt : +2.01707, from: pre-raid
    band of servitude (-0.354706) : +0.0216622 %, alt : +1.7718, from: zg
    ring of the devoured (-0.261383) : +0.0469554 %, alt : +1.4366, from: aq40
    ring of blackrock (-0.0133667) : +0.114175 %, alt : +1.39591, from: bwl
    zanzil's seal (1.05765) : +0.404452 %, alt : +0.98887, from: zg
    cyclopean band (0.981689) : +0.383865 %, alt : +0.787887, from: pre-raid
    band of sulfuras (0.908661) : +0.364072 %, alt : +0.591783, from: mc
    ring of entropy (1.10974) : +0.418571 %, alt : +0.486612, from: kazzak
    dragonslayer's signet (0.655914) : +0.29557 %, alt : +0.457686, from: onyxia
    seal of rivendare (0.818909) : +0.339747 %, alt : +0.436606, from: pre-raid
    seal of the archmagus (0.818481) : +0.339631 %, alt : +0.334706, from: mc
    ring of demonic guile (0.810974) : +0.337596 %, alt : +0.32638, from: pre-raid
    primalist's band (0.810974) : +0.337596 %, alt : +0.32638, from: zg
    emerald flame ring (0.658295) : +0.296215 %, alt : +0.314439, from: pre-raid
    magus ring (0.212799) : +0.175473 %, alt : +0.312397, from: pre-raid
    band of the hierophant (0.321198) : +0.204852 %, alt : +0.270883, from: pre-raid
    royal seal of alexis (0.197876) : +0.171428 %, alt : +0.264756, from: pre-raid
    blood of the martyr (0.074585) : +0.138013 %, alt : +0.248417, from: pre-raid
    zanzil's band (0.12326) : +0.151205 %, alt : +0.0519752, from: zg
    ring of binding (0) : +0.117798 %, alt : +0, from: onyxia
- . - ' - . - ' - . - ' - . - ' - . - ' - . -
trinket, hazza'rah's charm of healing (8.30991), alt: 9.4118 -> :
    hazza'rah's charm of healing (8.30991) : +0 %, alt : +9.4118, from: zg
    darkmoon card: blue dragon (-0.858948) : -2.48012 %, alt : +1.32281, from: 
- . - ' - . - ' - . - ' - . - ' - . - ' - . -
trinket 2, rejuvenating gem (5.48587), alt: 4.55966 -> :
    hazza'rah's charm of healing (0) : -1.48389 %, alt : +9.4118, from: zg
    darkmoon card: blue dragon (2.46524) : -0.817062 %, alt : +1.32281, from: 
- - - - - - - - - - - - - - - - - - - - - - - - - - - - - - - - - - - - - - - - - 
| Upgrades at start level, from start item to candidate, partial bonuses: 1: |
  alt scores are from least squares fit, special score from e.g. set bonuses as s are part of em
. . . . . . . . . . . . . . . . . . . . . . . . . . . . . . . . . . . . . . . . . 
- . - ' - . - ' - . - ' - . - ' - . - ' - . -
head, zulian headdress (7.51285), alt: 4.10349 -> :
    crystal adorned crown (14.7405) : +2.10922 %, alt : +6.56722, from: azuregos
    don rigoberto's lost hat (10.4814) : +0.866296 %, alt : +5.04722, from: aq40
    eternal crown of healing (5.24112) : -0.662949 %, alt : +4.30809, from: random green
    halo of transcendence (7.10757) : -0.118269 %, alt : +3.94673, from: onyxia
- . - ' - . - ' - . - ' - . - ' - . - ' - . -
neck, jin'do's evil eye (6.91336), alt: 3.24731 -> :
    amulet of the fallen god (8.7132) : +0.525238 %, alt : +4.18812, from: aq40
    amulet of the shifting sands (7.61032) : +0.203391 %, alt : +3.1744, from: aq20
- . - ' - . - ' - . - ' - . - ' - . - ' - . -
shoulders, zandalar confessor's mantle (9.75195), alt: 3.65598 -> :
    zandalar confessor's mantle (9.75195) : +0 %, alt : +3.65596, from: zg
    pauldrons of transcendence (6.15765) : -1.04891 %, alt : +2.39776, from: bwl
- . - ' - . - ' - . - ' - . - ' - . - ' - . -
back, hide of the wild (7.99686), alt: 3.07559 -> :
    cloak of clarity (10.651) : +0.774539 %, alt : +3.1089, from: aq40
    shroud of pure thought (8.10461) : +0.0314464 %, alt : +2.57258, from: bwl
- . - ' - . - ' - . - ' - . - ' - . - ' - . -
chest, truefaith vestments (11.2225), alt: 4.99188 -> :
    robes of the guardian saint (11.3712) : +0.0433891 %, alt : +5.34945, from: aq40
    robes of transcendence (10.1494) : -0.313173 %, alt : +4.5403, from: bwl
- . - ' - . - ' - . - ' - . - ' - . - ' - . -
wrists, bindings of transcendence (8.38666), alt: 2.57697 -> :
    bracelets of royal redemption (8.70026) : +0.0915162 %, alt : +3.83444, from: aq40
    bindings of transcendence (8.38666) : +0 %, alt : +2.57698, from: bwl
    zandalar confessor's wraps (7.01422) : -0.400512 %, alt : +1.9133, from: zg
- . - ' - . - ' - . - ' - . - ' - . - ' - . -
two-hand, benediction (13.2882), alt: 8.22455 -> :
    scepter of the false prophet and sartura's might (31.9065) : +5.43332 %, alt : +16.7587, from: aq40, aq40
    scepter of the false prophet and lei of the lifegiver (30.6157) : +5.05661 %, alt : +16.7053, from: aq40, av rep
    scepter of the false prophet and brightly glowing stone (27.3082) : +4.0914 %, alt : +15.5893, from: aq40, pre-raid
    scepter of the false prophet and trance stone (28.7271) : +4.50549 %, alt : +14.9966, from: aq40, emeriss; lethon; taerar; ysondre
    blessed qiraji augur staff (18.5051) : +1.52244 %, alt : +10.417, from: aq40
    gavel of infinite wisdom and sartura's might (15.9495) : +0.776641 %, alt : +10.0435, from: aq20, aq40
    gavel of infinite wisdom and lei of the lifegiver (14.8671) : +0.460778 %, alt : +9.99011, from: aq20, av rep
    lok'amir il romathis and sartura's might (15.2124) : +0.56153 %, alt : +9.77788, from: bwl, aq40
    lok'amir il romathis and lei of the lifegiver (14.3734) : +0.316682 %, alt : +9.72448, from: bwl, av rep
    gavel of infinite wisdom and brightly glowing stone (13.3952) : +0.0312238 %, alt : +8.8741, from: aq20, pre-raid
    lok'amir il romathis and brightly glowing stone (12.5141) : -0.225896 %, alt : +8.60847, from: bwl, pre-raid
    gavel of infinite wisdom and trance stone (13.0925) : -0.057113 %, alt : +8.28141, from: aq20, emeriss; lethon; taerar; ysondre
- . - ' - . - ' - . - ' - . - ' - . - ' - . -
ranged, dragon's touch (1.53976), alt: 0.701996 -> :
    lunar wand of healing (1.77728) : +0.069314 %, alt : +1.34628, from: random green
    wandof qiraji nobility (1.67697) : +0.0400406 %, alt : +1.27896, from: aq40
    antenna of invigoration (2.21826) : +0.198003 %, alt : +1.01343, from: aq20
    bonecreeper stylus (1.29166) : -0.0724043 %, alt : +0.83982, from: pre-raid
- . - ' - . - ' - . - ' - . - ' - . - ' - . -
hands, handguards of transcendence (8.5946), alt: 2.62283 -> :
    atal'ai hands of healing (7.91891) : -0.197184 %, alt : +3.56764, from: sunken temple
    high councillor's gloves of healing (4.19733) : -1.28324 %, alt : +3.09644, from: random green
    dark storm gauntlets (6.81851) : -0.51831 %, alt : +2.86324, from: aq40
    handguards of transcendence (8.5946) : +0 %, alt : +2.62282, from: bwl
- . - ' - . - ' - . - ' - . - ' - . - ' - . -
waist, belt of transcendence (6.32022), alt: 2.41443 -> :
    grasp of the old god (14.098) : +2.26976 %, alt : +4.53447, from: aq40
    eyestalk waist cord (6.47263) : +0.0444757 %, alt : +3.13078, from: aq40
    firemaw's clutch (6.73199) : +0.120166 %, alt : +2.71906, from: bwl
    belt of transcendence (6.32022) : +0 %, alt : +2.41443, from: bwl
- . - ' - . - ' - . - ' - . - ' - . - ' - . -
legs, empowered leggings (10.7463), alt: 5.67761 -> :
    leggings of transcendence (6.82138) : -1.14539 %, alt : +3.75196, from: mc
- . - ' - . - ' - . - ' - . - ' - . - ' - . -
feet, boots of transcendence (8.86246), alt: 2.81302 -> :
    boots of pure thought (9.6561) : +0.231605 %, alt : +4.49607, from: bwl
    treads of the wandering nomand (8.49985) : -0.105819 %, alt : +2.96023, from: aq20
    boots of transcendence (8.86246) : +0 %, alt : +2.81302, from: bwl
- . - ' - . - ' - . - ' - . - ' - . - ' - . -
finger, pure elementium band (8.1026), alt: 3.83649 -> :
    ring of the martyr (8.15961) : +0.0166361 %, alt : +3.49798, from: aq40
- . - ' - . - ' - . - ' - . - ' - . - ' - . -
finger 2, fordring's seal (6.85757), alt: 2.61484 -> :
    pure elementium band (8.60825) : +0.510891 %, alt : +3.83648, from: bwl
    ring of the martyr (7.78) : +0.269187 %, alt : +3.49798, from: aq40
    cauterizing band (7.28104) : +0.123577 %, alt : +3.39454, from: mc
    primalist's seal (7.23105) : +0.108989 %, alt : +3.37722, from: zg
- . - ' - . - ' - . - ' - . - ' - . - ' - . -
trinket, hazza'rah's charm of healing (12.651), alt: 10.96 -> :
    hazza'rah's charm of healing (12.651) : +0 %, alt : +10.96, from: zg
    rejuvenating gem (16.5756) : +1.14531 %, alt : +4.55966, from: bwl
    darkmoon card: blue dragon (4.4902) : -2.38152 %, alt : +1.32281, from: 
- . - ' - . - ' - . - ' - . - ' - . - ' - . -
trinket 2, rejuvenating gem (11.3883), alt: 4.55966 -> :
    hazza'rah's charm of healing (0) : -3.32341 %, alt : +10.96, from: zg
    darkmoon card: blue dragon (6.04825) : -1.55838 %, alt : +1.32281, from: 
- - - - - - - - - - - - - - - - - - - - - - - - - - - - - - - - - - - - - - - - - 
| Upgrades at start level, from start item to candidate, partial bonuses: 0: |
  alt scores are from least squares fit, special score from e.g. set bonuses as s are part of em
. . . . . . . . . . . . . . . . . . . . . . . . . . . . . . . . . . . . . . . . . 
- . - ' - . - ' - . - ' - . - ' - . - ' - . -
head, zulian headdress (7.05606), alt: 4.10349 -> :
    crystal adorned crown (9.74371) : +0.786711 %, alt : +6.56722, from: azuregos
    don rigoberto's lost hat (9.72974) : +0.78262 %, alt : +5.04722, from: aq40
    eternal crown of healing (5.63522) : -0.415898 %, alt : +4.30809, from: random green
    halo of transcendence (5.89127) : -0.340951 %, alt : +3.94673, from: onyxia
- . - ' - . - ' - . - ' - . - ' - . - ' - . -
neck, jin'do's evil eye (6.43109), alt: 3.24731 -> :
    amulet of the fallen god (8.52609) : +0.613234 %, alt : +4.18812, from: aq40
    amulet of the shifting sands (7.1377) : +0.206832 %, alt : +3.1744, from: aq20
- . - ' - . - ' - . - ' - . - ' - . - ' - . -
shoulders, zandalar confessor's mantle (9.26974), alt: 3.65598 -> :
    zandalar confessor's mantle (9.26974) : +0 %, alt : +3.65596, from: zg
    pauldrons of transcendence (3.2944) : -1.74906 %, alt : +2.39776, from: bwl
- . - ' - . - ' - . - ' - . - ' - . - ' - . -
back, hide of the wild (7.50641), alt: 3.07559 -> :
    cloak of clarity (10.1726) : +0.780423 %, alt : +3.1089, from: aq40
- . - ' - . - ' - . - ' - . - ' - . - ' - . -
chest, truefaith vestments (11.2745), alt: 4.99188 -> :
    robes of the guardian saint (11.4349) : +0.0469334 %, alt : +5.34945, from: aq40
    robes of transcendence (8.29071) : -0.873405 %, alt : +4.5403, from: bwl
- . - ' - . - ' - . - ' - . - ' - . - ' - . -
wrists, bindings of transcendence (7.09094), alt: 2.57697 -> :
    bracelets of royal redemption (7.55209) : +0.134985 %, alt : +3.83444, from: aq40
    bindings of transcendence (7.09094) : +0 %, alt : +2.57698, from: bwl
    zandalar confessor's wraps (3.80539) : -0.961725 %, alt : +1.9133, from: zg
- . - ' - . - ' - . - ' - . - ' - . - ' - . -
two-hand, benediction (12.5734), alt: 8.22455 -> :
    scepter of the false prophet and sartura's might (30.6432) : +5.28928 %, alt : +16.7587, from: aq40, aq40
    scepter of the false prophet and lei of the lifegiver (29.3895) : +4.92229 %, alt : +16.7053, from: aq40, av rep
    scepter of the false prophet and brightly glowing stone (27.6852) : +4.4234 %, alt : +15.5893, from: aq40, pre-raid
    scepter of the false prophet and trance stone (27.3651) : +4.32973 %, alt : +14.9966, from: aq40, emeriss; lethon; taerar; ysondre
    blessed qiraji augur staff (17.7693) : +1.5209 %, alt : +10.417, from: aq40
    gavel of infinite wisdom and sartura's might (15.5917) : +0.883499 %, alt : +10.0435, from: aq20, aq40
    gavel of infinite wisdom and lei of the lifegiver (14.6057) : +0.594886 %, alt : +9.99011, from: aq20, av rep
    lok'amir il romathis and sartura's might (14.3954) : +0.53333 %, alt : +9.77788, from: bwl, aq40
    lok'amir il romathis and lei of the lifegiver (14.0679) : +0.437462 %, alt : +9.72448, from: bwl, av rep
    gavel of infinite wisdom and brightly glowing stone (12.6829) : +0.0320423 %, alt : +8.8741, from: aq20, pre-raid
    lok'amir il romathis and brightly glowing stone (11.6843) : -0.260269 %, alt : +8.60847, from: bwl, pre-raid
    gavel of infinite wisdom and trance stone (12.3913) : -0.0533115 %, alt : +8.28141, from: aq20, emeriss; lethon; taerar; ysondre
- . - ' - . - ' - . - ' - . - ' - . - ' - . -
ranged, dragon's touch (4.88516), alt: 0.701996 -> :
    lunar wand of healing (5.24323) : +0.10481 %, alt : +1.34628, from: random green
    wandof qiraji nobility (5.14227) : +0.0752597 %, alt : +1.27896, from: aq40
    antenna of invigoration (5.5318) : +0.189279 %, alt : +1.01343, from: aq20
    bonecreeper stylus (4.52286) : -0.106051 %, alt : +0.83982, from: pre-raid
- . - ' - . - ' - . - ' - . - ' - . - ' - . -
hands, handguards of transcendence (8.21692), alt: 2.62283 -> :
    atal'ai hands of healing (7.68906) : -0.154512 %, alt : +3.56764, from: sunken temple
    high councillor's gloves of healing (6.99521) : -0.357611 %, alt : +3.09644, from: random green
    dark storm gauntlets (6.45468) : -0.51583 %, alt : +2.86324, from: aq40
    handguards of transcendence (8.21692) : +0 %, alt : +2.62282, from: bwl
- . - ' - . - ' - . - ' - . - ' - . - ' - . -
waist, belt of transcendence (5.89023), alt: 2.41443 -> :
    grasp of the old god (8.77917) : +0.845633 %, alt : +4.53447, from: aq40
    eyestalk waist cord (5.55045) : -0.0994589 %, alt : +3.13078, from: aq40
    firemaw's clutch (6.1218) : +0.0677828 %, alt : +2.71906, from: bwl
    belt of transcendence (5.89023) : +0 %, alt : +2.41443, from: bwl
- . - ' - . - ' - . - ' - . - ' - . - ' - . -
legs, empowered leggings (11.2981), alt: 5.67761 -> :
    leggings of transcendence (7.96686) : -0.975097 %, alt : +3.75196, from: mc
- . - ' - . - ' - . - ' - . - ' - . - ' - . -
feet, boots of transcendence (6.39563), alt: 2.81302 -> :
    boots of pure thought (8.10504) : +0.500367 %, alt : +4.49607, from: bwl
    treads of the wandering nomand (6.03369) : -0.105944 %, alt : +2.96023, from: aq20
    boots of transcendence (6.39563) : +0 %, alt : +2.81302, from: bwl
- . - ' - . - ' - . - ' - . - ' - . - ' - . -
finger, pure elementium band (7.79257), alt: 3.83649 -> :
- . - ' - . - ' - . - ' - . - ' - . - ' - . -
finger 2, fordring's seal (6.57675), alt: 2.61484 -> :
    pure elementium band (8.52948) : +0.571589 %, alt : +3.83648, from: bwl
    ring of the martyr (7.92752) : +0.395388 %, alt : +3.49798, from: aq40
    cauterizing band (7.72318) : +0.335573 %, alt : +3.39454, from: mc
- . - ' - . - ' - . - ' - . - ' - . - ' - . -
trinket, hazza'rah's charm of healing (12.3083), alt: 10.96 -> :
    hazza'rah's charm of healing (12.3083) : +0 %, alt : +10.96, from: zg
    rejuvenating gem (13.7336) : +0.417193 %, alt : +4.55966, from: bwl
    darkmoon card: blue dragon (3.93112) : -2.45211 %, alt : +1.32281, from: 
- . - ' - . - ' - . - ' - . - ' - . - ' - . -
trinket 2, rejuvenating gem (10.8497), alt: 4.55966 -> :
    hazza'rah's charm of healing (0) : -3.17584 %, alt : +10.96, from: zg
    darkmoon card: blue dragon (5.79608) : -1.47925 %, alt : +1.32281, from: 
------------------
Best value: 370.508
