Your call: ./css 4 ../items/phase5.csv ban_tmp_phase4.txt no-locks fika_bwl_speed_phase4 -a ../confs/wcl_bwl_speed_log.csv -l fika_speed.txt 
Found: -a, val: ../confs/wcl_bwl_speed_log.csv
./css 4 ../items/phase5.csv ban_tmp_phase4.txt no-locks fika_bwl_speed_phase4 -l fika_speed.txt 
Found key: buff_fraction, saw val: 1
Found key: healing_from_crit_fraction, saw val: 0.2
Found key: transc8_exists, saw val: 0
Found key: enchantments, saw val: 1
Found key: fort, saw val: 1
Found key: motw, saw val: 1
Found key: spirit, saw val: 1
Found key: ai, saw val: 1
Found key: flask, saw val: 1
Found key: holy_disc, saw val: 0
Found key: min_combat_length, saw val: 2
Found key: max_log_entry_diff_in_combat, saw val: 10
Found key: precast, saw val: 1
Found key: swap_cast, saw val: 1
Found key: time_step, saw val: 0.1
Found key: reaction_time, saw val: 0.1
Found key: skip_player, saw val: Paisti
Found key: use_deficit_time_sum, saw val: 0
Found key: wcl_log, saw val: 1
Found: -l, val: fika_speed.txt
./css 4 ../items/phase5.csv ban_tmp_phase4.txt no-locks fika_bwl_speed_phase4 
Will read log from: fika_speed.txt
./css 4 ../items/phase5.csv ban_tmp_phase4.txt no-locks fika_bwl_speed_phase4 
./css 4 ../items/phase5.csv ban_tmp_phase4.txt no-locks fika_bwl_speed_phase4 
Shuffle seed: 2416673600
Reading banned from: ban_tmp_phase4.txt
Banning: aq20
Banning: aq40
Banning: naxx
Banning: neltharion's tear
Banning: lok'amir il romathis
Banning: choker of the fire lord
Reading WCL parsed log: fika_speed.txt
Saw 17557 lines of log, with 17557 log lines
Sorting by timestamp...
Sorted.
Pruning log from: 17557 entries.
Combat from 0 to 13.41 s
Combat from 51.06 to 59.566 s
Combat from 67.263 to 234.07 s
Combat from 238.961 to 326.792 s
Combat from 341.125 to 345.466 s
Combat from 387.855 to 408.222 s
Combat from 428.786 to 472.512 s
Combat from 482.234 to 696.993 s
Combat from 714.39 to 751.255 s
Combat from 764.174 to 1128.49 s
Combat from 1146.66 to 1221.95 s
Combat from 1261.26 to 1391.14 s
Combat from 1402.89 to 1440.74 s
Combat from 1442.6 to 1475.45 s
Pruned to: 17487 entries.
Reading tmp locked from: start_with.txt
Locking: anastari heirloom
Locking: anathema
Locking: animated chain necklace
Locking: argent crusader
Locking: atal'ai gloves of the owl
Locking: ban'thok sash
Locking: banshee finger
Locking: benediction
Locking: blood of the martyr
Locking: briarwood reed
Locking: burial shawl
Locking: clutch of andros
Locking: crimson felt hat
Locking: cyclopean band
Locking: devout belt
Locking: devout bracers
Locking: devout crown
Locking: devout mantle
Locking: devout robe
Locking: devout sandals
Locking: devout skirt
Locking: dragon finger of healing
Locking: dragon finger of intellect
Locking: dragonrider boots
Locking: dragonslayer's signet
Locking: drakefire amulet
Locking: dreadmist mantle
Locking: dreamweave circlet
Locking: dreamweave gloves
Locking: dreamweave vest
Locking: elder magus pendant
Locking: eye of the beast
Locking: fordring's seal
Locking: girdle of prophecy
Locking: gloves of prophecy
Locking: grimgore noose
Locking: halo of transcendence
Locking: heart of the fiend
Locking: hide of the wild
Locking: kentic amice
Locking: magister's robes
Locking: maleki's footwraps
Locking: mindtap talisman
Locking: nature's breath
Locking: necropile boots
Locking: necropile cuffs
Locking: necropile leggings
Locking: necropile mantle
Locking: necropile robe
Locking: noxious shooter
Locking: omnicast boots
Locking: orb of the forgotten seer
Locking: padre's trousers
Locking: penelope's rose
Locking: quel'dorai channeling rod
Locking: raincaster drape
Locking: rainstrider leggings
Locking: ring of demonic guile
Locking: ring of demonic guile
Locking: robes of prophecy
Locking: robes of the exalted
Locking: robes of the royal crown
Locking: rod of corrosion
Locking: rosewine circle
Locking: royal seal of eldre'thalas
Locking: royal tribunal cloak
Locking: sarah's guide
Locking: seal of rivendare
Locking: seal of rivendare
Locking: shadowy laced handwraps
Locking: silkweb gloves
Locking: soulstealer mantle
Locking: spellbound tome
Locking: spritecaster cape
Locking: star of mystaria
Locking: starfire tiara
Locking: stormrager
Locking: sublime wristguards
Locking: the hammer of grace
Locking: the postmaster's treads
Locking: thuzadin sash
Locking: triune amulet
Locking: vinerot sandals
Locking: whipvine cord
Locking: wolfshear leggings
Locking: boots of the full moon
Locking: mantle of prophecy
Locking: dragon's touch
Locking: bindings of transcendence
Locking: shimmering geta
Locking: empowered leggings
Locking: seal of the archmagus
Locking: circlet of prophecy
Locking: boots of prophecy
Locking: pauldrons of transcendence
Locking: primalist's seal
Locking: zandalar confessor's bindings
Locking: zulian headdress
Locking: mar'li's eye
Locking: shroud of pure thought
Locking: belt of transcendence
Locking: jin'do's evil eye
Locking: primalist's band
Locking: zandalarian hero charm
Locking: zandalar confessor's mantle
Locking: zandalar confessor's wraps 
Locking: pure elementium band
Locking: truefaith vestments
Locking: vambraces of prophecy
Locking: hazza'rah's charm of healing
Locking: handguards of transcendence
Locking: boots of transcendence
Locking: darkmoon card: blue dragon
Locking: rejuvenating gem
Optimizing start items...

*** NEW BEST (1): 175.918

*** NEW BEST (1): 181.476

*** NEW BEST (1): 187.676

*** NEW BEST (1): 195.543

*** NEW BEST (1): 199.899

*** NEW BEST (1): 207.552

*** NEW BEST (1): 212.861

*** NEW BEST (1): 218.227

*** NEW BEST (1): 220.089

*** NEW BEST (1): 222.435

*** NEW BEST (1): 224.298

*** NEW BEST (1): 225.586

*** NEW BEST (1): 230.57

*** NEW BEST (1): 233.169

*** NEW BEST (1): 240.017

*** NEW BEST (1): 242.91
*
*** NEW BEST (1): 243.26

*** NEW BEST (1): 243.724

*** NEW BEST (1): 244.693
*
*** NEW BEST (1): 245.935

*** NEW BEST (1): 246.009
*********
*** NEW BEST (0): 208.129
Based on last: 3000 entries, out of total: 4043 entries, The least-squares solution is:
Int: 0
Spirit: 24.3822
Sp / Healing: 100
Mp5: 32.3293
Crit: 354.635
T1 3p/piece: 1299.38
T2 3p/piece: 2063.35
100 points == 1 sp == 0.0690305 hps.
neck : animated chain necklace -> jin'do's evil eye => val: 208.129 -> 208.675

*** NEW BEST (0): 208.675
Based on last: 3000 entries, out of total: 4087 entries, The least-squares solution is:
Int: 0
Spirit: 21.3825
Sp / Healing: 100
Mp5: 28.962
Crit: 317.327
T1 3p/piece: 1286.49
T2 3p/piece: 1998.49
100 points == 1 sp == 0.0697436 hps.
trinket : darkmoon card: blue dragon -> rejuvenating gem => val: 208.675 -> 212.218

*** NEW BEST (0): 212.218
Based on last: 3000 entries, out of total: 4101 entries, The least-squares solution is:
Int: 0
Spirit: 22.4261
Sp / Healing: 100
Mp5: 37.4308
Crit: 329.152
T1 3p/piece: 1269.83
T2 3p/piece: 1992.9
100 points == 1 sp == 0.0701934 hps.
chest : dreamweave vest -> truefaith vestments => val: 212.218 -> 218.434

*** NEW BEST (0): 218.434
Based on last: 3000 entries, out of total: 4121 entries, The least-squares solution is:
Int: 0
Spirit: 18.9578
Sp / Healing: 100
Mp5: 38.9303
Crit: 321.153
T1 3p/piece: 1349.55
T2 3p/piece: 2077.26
100 points == 1 sp == 0.0699252 hps.
legs : devout skirt -> empowered leggings => val: 218.434 -> 222.179

*** NEW BEST (0): 222.179
Based on last: 3000 entries, out of total: 4141 entries, The least-squares solution is:
Int: 0
Spirit: 15.7567
Sp / Healing: 100
Mp5: 37.4507
Crit: 318.753
T1 3p/piece: 1362.18
T2 3p/piece: 2113.4
100 points == 1 sp == 0.0699524 hps.
finger : cyclopean band -> pure elementium band => val: 222.179 -> 225.917

*** NEW BEST (0): 225.917
Based on last: 3000 entries, out of total: 4171 entries, The least-squares solution is:
Int: 0
Spirit: 15.7886
Sp / Healing: 100
Mp5: 38.2473
Crit: 313.777
T1 3p/piece: 1410.59
T2 3p/piece: 2128.41
100 points == 1 sp == 0.070117 hps.
hands : atal'ai gloves of the owl -> handguards of transcendence => val: 225.917 -> 228.81

*** NEW BEST (0): 228.81
Based on last: 3000 entries, out of total: 4193 entries, The least-squares solution is:
Int: 0
Spirit: 14.8123
Sp / Healing: 100
Mp5: 38.7054
Crit: 320.567
T1 3p/piece: 1412.08
T2 3p/piece: 2134.07
100 points == 1 sp == 0.0700782 hps.
shoulders : soulstealer mantle -> zandalar confessor's mantle => val: 228.81 -> 230.178

*** NEW BEST (0): 230.178
Based on last: 3000 entries, out of total: 4212 entries, The least-squares solution is:
Int: 0
Spirit: 15.2565
Sp / Healing: 100
Mp5: 37.1763
Crit: 309.956
T1 3p/piece: 1391.2
T2 3p/piece: 2144.28
100 points == 1 sp == 0.0699874 hps.
wrists : devout bracers -> bindings of transcendence => val: 230.178 -> 232.722

*** NEW BEST (0): 232.722
Based on last: 3000 entries, out of total: 4231 entries, The least-squares solution is:
Int: 0
Spirit: 15.56
Sp / Healing: 100
Mp5: 36.218
Crit: 303.525
T1 3p/piece: 1372.82
T2 3p/piece: 2117.16
100 points == 1 sp == 0.0699898 hps.
ranged : dragon finger of intellect -> dragon's touch => val: 232.722 -> 233.661

*** NEW BEST (0): 233.661
Based on last: 3000 entries, out of total: 4248 entries, The least-squares solution is:
Int: 0
Spirit: 15.2207
Sp / Healing: 100
Mp5: 35.8087
Crit: 303.632
T1 3p/piece: 1364.79
T2 3p/piece: 2106.77
100 points == 1 sp == 0.0699827 hps.
finger 2 : blood of the martyr -> fordring's seal => val: 233.661 -> 236.652

*** NEW BEST (0): 236.652
Based on last: 3000 entries, out of total: 4278 entries, The least-squares solution is:
Int: 0
Spirit: 16.8029
Sp / Healing: 100
Mp5: 34.7912
Crit: 300.586
T1 3p/piece: 1371.58
T2 3p/piece: 2125.23
100 points == 1 sp == 0.0700514 hps.
feet : boots of the full moon -> boots of transcendence => val: 236.652 -> 236.932

*** NEW BEST (0): 236.932
Based on last: 3000 entries, out of total: 4312 entries, The least-squares solution is:
Int: 0
Spirit: 16.9444
Sp / Healing: 100
Mp5: 26.5362
Crit: 301.835
T1 3p/piece: 1397.84
T2 3p/piece: 1815.01
100 points == 1 sp == 0.0694549 hps.
head : crimson felt hat -> zulian headdress => val: 236.932 -> 238.718

*** NEW BEST (0): 238.718
Based on last: 3000 entries, out of total: 4336 entries, The least-squares solution is:
Int: 0
Spirit: 16.8461
Sp / Healing: 100
Mp5: 25.6607
Crit: 307.721
T1 3p/piece: 1393.74
T2 3p/piece: 1808.51
100 points == 1 sp == 0.0694306 hps.
waist : ban'thok sash -> whipvine cord => val: 238.718 -> 240.946

*** NEW BEST (0): 240.946
Based on last: 3000 entries, out of total: 4356 entries, The least-squares solution is:
Int: 0
Spirit: 16.9234
Sp / Healing: 100
Mp5: 26.0503
Crit: 303.625
T1 3p/piece: 1396.32
T2 3p/piece: 1807.5
100 points == 1 sp == 0.0694634 hps.
*two-hand :   the hammer of grace orb of the forgotten seer -> benediction    => val: 240.946 -> 244.707

*** NEW BEST (0): 244.707
Based on last: 3000 entries, out of total: 4545 entries, The least-squares solution is:
Int: 0
Spirit: 19.5343
Sp / Healing: 100
Mp5: 24.4469
Crit: 309.137
T1 3p/piece: 1500.63
T2 3p/piece: 1967.8
100 points == 1 sp == 0.069105 hps.
********
Read starting items and cleared locks.
 ----------------------------
 --- head --- 
name: zulian headdress
slot: head
intelligence: 15
stamina: 13
spirit: 14
sp_healing: 55
armor: 78
 ----------------------------
 --- neck --- 
name: jin'do's evil eye
slot: neck
intelligence: 11
stamina: 5
spirit: 6
sp_healing: 44
 ----------------------------
 --- shoulders --- 
name: zandalar confessor's mantle
slot: shoulders
intelligence: 24
stamina: 11
spirit: 15
sp_healing: 22
armor: 78
 ----------------------------
 --- back --- 
name: hide of the wild
slot: back
intelligence: 10
stamina: 8
sp_healing: 42
armor: 48
 ----------------------------
 --- chest --- 
name: truefaith vestments
slot: chest
stamina: 14
sp_healing: 73
mp5: 6
armor: 96
 ----------------------------
 --- wrists --- 
name: bindings of transcendence
slot: wrists
intelligence: 13
stamina: 9
spirit: 16
sp_healing: 33
armor: 51
 ----------------------------
 --- two-hand --- 
name: benediction
slot: two-hand
intelligence: 31
stamina: 10
spirit: 12
sp_healing: 106
spell_crit: 2
shadow_res: 20
 ----------------------------
 ---  --- 
name: 
slot: 
 ----------------------------
 ---  --- 
name: 
slot: 
 ----------------------------
 ---  --- 
name: 
slot: 
 ----------------------------
 --- ranged --- 
name: dragon's touch
slot: ranged
intelligence: 12
stamina: 7
sp: 6
 ----------------------------
 --- hands --- 
name: handguards of transcendence
slot: hands
intelligence: 20
stamina: 12
spirit: 13
sp_healing: 29
spell_crit: 1
armor: 72
 ----------------------------
 --- waist --- 
name: whipvine cord
slot: waist
intelligence: 8
sp_healing: 31
mp5: 6
armor: 47
 ----------------------------
 --- legs --- 
name: empowered leggings
slot: legs
intelligence: 12
stamina: 12
spirit: 24
sp_healing: 77
spell_crit: 1
armor: 103
 ----------------------------
 --- feet --- 
name: boots of transcendence
slot: feet
intelligence: 17
stamina: 17
spirit: 17
sp_healing: 35
fire_res: 10
armor: 80
 ----------------------------
 --- finger --- 
name: pure elementium band
slot: finger
intelligence: 10
stamina: 9
spirit: 10
sp_healing: 53
 ----------------------------
 --- finger --- 
name: fordring's seal
slot: finger
intelligence: 5
stamina: 4
sp_healing: 37
 ----------------------------
 --- trinket --- 
name: rejuvenating gem
slot: trinket
sp_healing: 66
mp5: 9
 ----------------------------
 --- trinket --- 
name: hazza'rah's charm of healing
slot: trinket
 ----------------------------
 --- Set bonuses ---
name: confessor's 2 hazza'rah's 1 transcendence 3 
slot: Set bonuses
sp: 23
 --- And counts for start items ---
oh_limit: 0.9
time_left_mul: 0.5
total_deficit_to_pop_trinkets: 10000
in combat total: 1238.9
Flash Heal 1, casts: 56, avg: 462.014, 8.53415%, cast time 6.78021% of in combat, overheal: 0.271923
Flash Heal 2, casts: 16, avg: 685.149, 3.61595%, cast time 1.9372% of in combat, overheal: 0.0506393
Flash Heal 3, casts: 6, avg: 625.111, 1.23716%, cast time 0.726451% of in combat, overheal: 0.220479
Flash Heal 4, casts: 15, avg: 702.433, 3.47547%, cast time 1.81613% of in combat, overheal: 0.208481
Flash Heal 5, casts: 19, avg: 943.982, 5.91609%, cast time 2.30043% of in combat, overheal: 0.0800386
Flash Heal 6, casts: 13, avg: 1028.71, 4.41116%, cast time 1.57398% of in combat, overheal: 0.123609
Flash Heal 7, casts: 144, avg: 1269.28, 60.2889%, cast time 17.4348% of in combat, overheal: 0.0694386
Greater Heal 1 hazz, casts: 11, avg: 1466.15, 5.31972%, cast time 1.33183% of in combat, overheal: 0.205243
Greater Heal 2 hazz, casts: 1, avg: 1767, 0.582846%, cast time 0.121075% of in combat, overheal: 0.168997
Greater Heal 3 hazz, casts: 2, avg: 2334.88, 1.54032%, cast time 0.24215% of in combat, overheal: 0.0476715
Greater Heal 4 hazz, casts: 6, avg: 2565.92, 5.07821%, cast time 0.726451% of in combat, overheal: 0.094329
Total time casting: 433.5, which is: 34.9907% of time in combat.
Total hps: 244.707, raw hps: 275.001, oh: 0.110159
Deficit time sum: 1.6273e+07, baseline: 2.18547e+07
Deficit*time change / s: 4505.35 hp
Number of combats: 14
Average mana at start of combat: 10210.3
Average mana at end of combat: 8948.79
Other players with hps > 100:
  Anderhage : 181.054 hps
  Avashock : 154.472 hps
  Firali : 190.083 hps
  Mysburgarn : 120.437 hps
  Naturn : 168.499 hps
  Takyon : 171.389 hps
  Xnetica : 131.999 hps
  Zanzor : 157.681 hps
Reading locked from: no-locks
Setting tag name to: fika_bwl_speed_phase4
.
*** NEW BEST (1): 259.46

*** NEW BEST (1): 261.521

*** NEW BEST (1): 261.689

*** NEW BEST (1): 261.749

*** NEW BEST (1): 263.537

*** NEW BEST (1): 263.871

*** NEW BEST (1): 263.962
Temporary bans and partial set bonuses off.
.
*** NEW BEST (0): 262.825
two-hand :   jin'do's hexxer lei of the lifegiver -> benediction    => val: 262.825 -> 263.774

*** NEW BEST (0): 263.774
back : hakkari loa cloak -> hide of the wild => val: 263.774 -> 263.886

*** NEW BEST (0): 263.886
neck : animated chain necklace -> jin'do's evil eye => val: 263.886 -> 267.846

*** NEW BEST (0): 267.846
***** INTERMEDIATE RESULTS *****
Iteration: 2
 ----------------------------
 --- head --- 
name: crystal adorned crown
slot: head
intelligence: 14
spirit: 13
sp_healing: 92
armor: 85
 ----------------------------
 --- neck --- 
name: jin'do's evil eye
slot: neck
intelligence: 11
stamina: 5
spirit: 6
sp_healing: 44
 ----------------------------
 --- shoulders --- 
name: mantle of the blackwing cabal
slot: shoulders
intelligence: 16
stamina: 12
sp: 34
armor: 84
 ----------------------------
 --- back --- 
name: hide of the wild
slot: back
intelligence: 10
stamina: 8
sp_healing: 42
armor: 48
 ----------------------------
 --- chest --- 
name: robes of transcendence
slot: chest
intelligence: 27
stamina: 17
spirit: 16
sp_healing: 57
nature_res: 10
fire_res: 10
armor: 116
 ----------------------------
 --- wrists --- 
name: zandalar confessor's wraps
slot: wrists
intelligence: 11
stamina: 10
spirit: 12
sp_healing: 24
armor: 41
 ----------------------------
 --- two-hand --- 
name: benediction
slot: two-hand
intelligence: 31
stamina: 10
spirit: 12
sp_healing: 106
spell_crit: 2
shadow_res: 20
 ----------------------------
 ---  --- 
name: 
slot: 
 ----------------------------
 ---  --- 
name: 
slot: 
 ----------------------------
 ---  --- 
name: 
slot: 
 ----------------------------
 --- ranged --- 
name: lunar wand of healing
slot: ranged
sp_healing: 20
 ----------------------------
 --- hands --- 
name: atal'ai hands of healing
slot: hands
sp: 9
sp_healing: 44
armor: 47
 ----------------------------
 --- waist --- 
name: belt of transcendence
slot: waist
intelligence: 26
stamina: 14
spirit: 9
sp_healing: 26
shadow_res: 10
armor: 65
 ----------------------------
 --- legs --- 
name: leggings of transcendence
slot: legs
intelligence: 21
stamina: 16
spirit: 21
sp_healing: 46
mp5: 7
arcane_res: 10
shadow_res: 10
armor: 101
 ----------------------------
 --- feet --- 
name: boots of pure thought
slot: feet
intelligence: 12
stamina: 8
spirit: 12
sp_healing: 62
armor: 74
 ----------------------------
 --- finger --- 
name: pure elementium band
slot: finger
intelligence: 10
stamina: 9
spirit: 10
sp_healing: 53
 ----------------------------
 --- finger --- 
name: primalist's seal
slot: finger
intelligence: 12
spirit: 8
sp_healing: 29
 ----------------------------
 --- trinket --- 
name: rejuvenating gem
slot: trinket
sp_healing: 66
mp5: 9
 ----------------------------
 --- trinket --- 
name: hazza'rah's charm of healing
slot: trinket
 ----------------------------
 --- Set bonuses ---
name: confessor's 2 hazza'rah's 1 transcendence 3 
slot: Set bonuses
sp: 23
------------------
Best value: 267.846
------------------
Char stats: 
Effective hp: 8400.8
Effective mana (100 s, 33 % out of fsr): 17211.8
Raw max mana: 10888.8
Int: 442.98
Stam: 385.48
Spirit: 430.33
Strength: 79.58
Agility: 84.18
All stats multiplier (taken into account above): 1.15
Bonus mana: 2000
Bonus hp: 0
Mp5: 166
Sp: 66
Sp shadow: 0
Sp healing: 871
Spell crit: 20
Spell hit: 0
Arcane res: 37
Nature res: 37
Fire res: 37
Frost res: 27
Shadow res: 67
Armor: 2859.75
Defense: 300
Dodge: 0
Parry: 0
HpsPvp: 977.603
ShadowDps: 234.98
Value pvp healing: 1915.05
Value pvp shadow: 110.641
Effective hp-pvp: 10672
Effecctive mana for 100 s, 0.33 fsr: 18712.3
------------------
Best counts:
oh_limit: 0.8
time_left_mul: 1.5
total_deficit_to_pop_trinkets: 3073.57
in combat total: 1238.9
Flash Heal 1, casts: 34, avg: 470.156, 4.79629%, cast time 4.11655% of in combat, overheal: 0.279851
Flash Heal 2, casts: 5, avg: 677.678, 1.01666%, cast time 0.605376% of in combat, overheal: 0.0838414
Flash Heal 3, casts: 1, avg: 819.647, 0.24593%, cast time 0.121075% of in combat, overheal: 0
Flash Heal 4, casts: 11, avg: 763.206, 2.51894%, cast time 1.33183% of in combat, overheal: 0.156581
Flash Heal 5, casts: 6, avg: 1043.09, 1.87783%, cast time 0.726451% of in combat, overheal: 7.80184e-08
Flash Heal 6, casts: 11, avg: 1004.18, 3.31428%, cast time 1.33183% of in combat, overheal: 0.156353
Flash Heal 7, casts: 53, avg: 1268.01, 20.1643%, cast time 6.41698% of in combat, overheal: 0.0810438
Greater Heal 1, casts: 4, avg: 1605.59, 1.92698%, cast time 0.807168% of in combat, overheal: 0.145589
Greater Heal 1 hazz, casts: 14, avg: 1321.98, 5.55311%, cast time 1.69505% of in combat, overheal: 0.296511
Greater Heal 2 hazz, casts: 4, avg: 1356.25, 1.62774%, cast time 0.484301% of in combat, overheal: 0.372046
Greater Heal 3 hazz, casts: 1, avg: 2371, 0.711403%, cast time 0.121075% of in combat, overheal: 0.0455319
Greater Heal 4, casts: 29, avg: 2339.24, 20.3543%, cast time 5.85197% of in combat, overheal: 0.183292
Greater Heal 4 hazz, casts: 9, avg: 2691.82, 7.26896%, cast time 1.08968% of in combat, overheal: 0.0601939
Heal 2, casts: 70, avg: 969.678, 20.3662%, cast time 14.1254% of in combat, overheal: 0.284145
Heal 4, casts: 19, avg: 1448.39, 8.25704%, cast time 3.83405% of in combat, overheal: 0.284147
Total time casting: 528.5, which is: 42.6588% of time in combat.
Total hps: 269.017, raw hps: 335.947, oh: 0.199228
Deficit time sum: 1.58753e+07, baseline: 2.18547e+07
Deficit*time change / s: 4826.34 hp
Number of combats: 14
Average mana at start of combat: 10469.8
Average mana at end of combat: 9302.12
Other players with hps > 100:
  Anderhage : 174.978 hps
  Avashock : 156.068 hps
  Firali : 186.262 hps
  Mysburgarn : 115.884 hps
  Naturn : 164.476 hps
  Takyon : 169.456 hps
  Xnetica : 130.542 hps
  Zanzor : 154.214 hps
------------------
Upgrades: 
( following sorted by alt scores, no specials )
zulian headdress(3.98978) -> crystal adorned crown(6.53314) : 2.54337 = +0.954453%
boots of transcendence(2.64816) -> boots of pure thought(4.4465) : 1.79834 = +0.672984%
handguards of transcendence(2.39316) -> atal'ai hands of healing(3.66257) : 1.26941 = +0.474107%
dragon's touch(0.414642) -> lunar wand of healing(1.38211) : 0.967468 = +0.360929%
bindings of transcendence(2.49646) -> zandalar confessor's wraps(3.40991) : 0.913452 = +0.340709%
zandalar confessor's mantle(1.72281) -> mantle of the blackwing cabal(2.34958) : 0.62677 = +0.233529%
jin'do's evil eye(3.12161) -> jin'do's evil eye(3.12161) : 0 = +0%
hide of the wild(2.9024) -> hide of the wild(2.9024) : 0 = +0%
benediction, , , (7.91437) -> benediction, , , (7.91437) : 0 = +0%
pure elementium band(3.79755) -> pure elementium band(3.79755) : 0 = +0%
rejuvenating gem(4.71298) -> rejuvenating gem(4.71298) : 0 = +0%
hazza'rah's charm of healing(1.58942) -> hazza'rah's charm of healing(1.58942) : 0 = +0%
whipvine cord(2.24362) -> belt of transcendence(1.91821) : -0.325409 = +-0.120816%
fordring's seal(2.55688) -> primalist's seal(2.11203) : -0.444855 = +-0.16509%
truefaith vestments(5.14603) -> robes of transcendence(4.15497) : -0.991058 = +-0.367048%
empowered leggings(5.8587) -> leggings of transcendence(3.58057) : -2.27814 = +-0.839726%
------------------
~~~~ end of intermediate results ~~~~
Temporary bans and partial set bonuses on.
.
*** NEW BEST (1): 268.996

*** NEW BEST (1): 270.785

*** NEW BEST (1): 270.988
.Temporary bans and partial set bonuses off.
.wrists : vambraces of prophecy -> bindings of transcendence => val: 266.344 -> 266.552
legs : leggings of transcendence -> empowered leggings => val: 266.552 -> 268.472

*** NEW BEST (0): 268.472
finger 2 : primalist's seal -> cauterizing band => val: 268.472 -> 270.714

*** NEW BEST (0): 270.714
***** INTERMEDIATE RESULTS *****
Iteration: 5
 ----------------------------
 --- head --- 
name: crystal adorned crown
slot: head
intelligence: 14
spirit: 13
sp_healing: 92
armor: 85
 ----------------------------
 --- neck --- 
name: jin'do's evil eye
slot: neck
intelligence: 11
stamina: 5
spirit: 6
sp_healing: 44
 ----------------------------
 --- shoulders --- 
name: zandalar confessor's mantle
slot: shoulders
intelligence: 24
stamina: 11
spirit: 15
sp_healing: 22
armor: 78
 ----------------------------
 --- back --- 
name: hide of the wild
slot: back
intelligence: 10
stamina: 8
sp_healing: 42
armor: 48
 ----------------------------
 --- chest --- 
name: robes of transcendence
slot: chest
intelligence: 27
stamina: 17
spirit: 16
sp_healing: 57
nature_res: 10
fire_res: 10
armor: 116
 ----------------------------
 --- wrists --- 
name: bindings of transcendence
slot: wrists
intelligence: 13
stamina: 9
spirit: 16
sp_healing: 33
armor: 51
 ----------------------------
 --- two-hand --- 
name: benediction
slot: two-hand
intelligence: 31
stamina: 10
spirit: 12
sp_healing: 106
spell_crit: 2
shadow_res: 20
 ----------------------------
 ---  --- 
name: 
slot: 
 ----------------------------
 ---  --- 
name: 
slot: 
 ----------------------------
 ---  --- 
name: 
slot: 
 ----------------------------
 --- ranged --- 
name: lunar wand of healing
slot: ranged
sp_healing: 20
 ----------------------------
 --- hands --- 
name: handguards of transcendence
slot: hands
intelligence: 20
stamina: 12
spirit: 13
sp_healing: 29
spell_crit: 1
armor: 72
 ----------------------------
 --- waist --- 
name: firemaw's clutch
slot: waist
intelligence: 12
stamina: 12
sp: 35
mp5: 5
armor: 64
 ----------------------------
 --- legs --- 
name: empowered leggings
slot: legs
intelligence: 12
stamina: 12
spirit: 24
sp_healing: 77
spell_crit: 1
armor: 103
 ----------------------------
 --- feet --- 
name: boots of pure thought
slot: feet
intelligence: 12
stamina: 8
spirit: 12
sp_healing: 62
armor: 74
 ----------------------------
 --- finger --- 
name: pure elementium band
slot: finger
intelligence: 10
stamina: 9
spirit: 10
sp_healing: 53
 ----------------------------
 --- finger --- 
name: cauterizing band
slot: finger
intelligence: 12
stamina: 9
sp_healing: 46
 ----------------------------
 --- trinket --- 
name: rejuvenating gem
slot: trinket
sp_healing: 66
mp5: 9
 ----------------------------
 --- trinket --- 
name: hazza'rah's charm of healing
slot: trinket
 ----------------------------
 --- Set bonuses ---
name: confessor's 2 hazza'rah's 1 transcendence 3 
slot: Set bonuses
sp: 23
------------------
Best value: 270.714
------------------
Char stats: 
Effective hp: 8556.3
Effective mana (100 s, 33 % out of fsr): 17433.3
Raw max mana: 11021.6
Int: 451.03
Stam: 400.43
Spirit: 451.03
Strength: 79.58
Agility: 84.18
All stats multiplier (taken into account above): 1.15
Bonus mana: 2000
Bonus hp: 0
Mp5: 164
Sp: 58
Sp shadow: 0
Sp healing: 909
Spell crit: 22
Spell hit: 0
Arcane res: 27
Nature res: 37
Fire res: 37
Frost res: 27
Shadow res: 47
Armor: 2889.75
Defense: 300
Dodge: 0
Parry: 0
HpsPvp: 984.291
ShadowDps: 235.339
Value pvp healing: 1962.46
Value pvp shadow: 112.187
Effective hp-pvp: 10779.2
Effecctive mana for 100 s, 0.33 fsr: 18998.9
------------------
Best counts:
oh_limit: 0.8
time_left_mul: 2.9
total_deficit_to_pop_trinkets: 3073.57
in combat total: 1238.9
Flash Heal 1, casts: 16, avg: 413.543, 1.97285%, cast time 1.9372% of in combat, overheal: 0.381976
Flash Heal 2, casts: 2, avg: 695.161, 0.414542%, cast time 0.24215% of in combat, overheal: 0.0808659
Flash Heal 3, casts: 2, avg: 836.593, 0.498881%, cast time 0.24215% of in combat, overheal: 0
Flash Heal 4, casts: 3, avg: 922.181, 0.824879%, cast time 0.363225% of in combat, overheal: 0
Flash Heal 5, casts: 1, avg: 814, 0.242704%, cast time 0.121075% of in combat, overheal: 0.232748
Flash Heal 6, casts: 5, avg: 906.229, 1.35102%, cast time 0.605376% of in combat, overheal: 0.250254
Flash Heal 7, casts: 33, avg: 1371.54, 13.4951%, cast time 3.99548% of in combat, overheal: 0.0196487
Greater Heal 1, casts: 7, avg: 1408.26, 2.93924%, cast time 1.41254% of in combat, overheal: 0.2642
Greater Heal 1 hazz, casts: 16, avg: 1346.22, 6.4223%, cast time 1.9372% of in combat, overheal: 0.296614
Greater Heal 2 hazz, casts: 2, avg: 2040.83, 1.217%, cast time 0.24215% of in combat, overheal: 0.0705173
Greater Heal 3 hazz, casts: 3, avg: 2471.19, 2.21045%, cast time 0.363225% of in combat, overheal: 0.0198686
Greater Heal 4, casts: 35, avg: 2216.52, 23.1309%, cast time 7.06272% of in combat, overheal: 0.236457
Greater Heal 4 hazz, casts: 7, avg: 2675.38, 5.58389%, cast time 0.847526% of in combat, overheal: 0.0783871
Heal 2, casts: 104, avg: 944.306, 29.2819%, cast time 20.9864% of in combat, overheal: 0.319336
Heal 4, casts: 23, avg: 1518.64, 10.4144%, cast time 4.64121% of in combat, overheal: 0.262347
Total time casting: 557.5, which is: 44.9996% of time in combat.
Total hps: 270.714, raw hps: 354.72, oh: 0.236824
Deficit time sum: 1.58835e+07, baseline: 2.18547e+07
Deficit*time change / s: 4819.7 hp
Number of combats: 14
Average mana at start of combat: 10744.1
Average mana at end of combat: 9723.67
Other players with hps > 100:
  Anderhage : 174.656 hps
  Avashock : 155.796 hps
  Firali : 185.341 hps
  Mysburgarn : 118.007 hps
  Naturn : 164.426 hps
  Takyon : 168.419 hps
  Xnetica : 130.054 hps
  Zanzor : 154.871 hps
------------------
Upgrades: 
( following sorted by alt scores, no specials )
zulian headdress(3.98978) -> crystal adorned crown(6.53314) : 2.54337 = +0.948413%
boots of transcendence(2.64816) -> boots of pure thought(4.4465) : 1.79834 = +0.668737%
dragon's touch(0.414642) -> lunar wand of healing(1.38211) : 0.967468 = +0.358658%
fordring's seal(2.55688) -> cauterizing band(3.17883) : 0.621948 = +0.230273%
whipvine cord(2.24362) -> firemaw's clutch(2.50314) : 0.259521 = +0.0959575%
jin'do's evil eye(3.12161) -> jin'do's evil eye(3.12161) : 0 = +0%
zandalar confessor's mantle(3.31223) -> zandalar confessor's mantle(3.31223) : 0 = +0%
hide of the wild(2.9024) -> hide of the wild(2.9024) : 0 = +0%
bindings of transcendence(2.49646) -> bindings of transcendence(2.49646) : 0 = +0%
benediction, , , (7.91437) -> benediction, , , (7.91437) : 0 = +0%
handguards of transcendence(2.39316) -> handguards of transcendence(2.39316) : 0 = +0%
empowered leggings(5.8587) -> empowered leggings(5.8587) : 0 = +0%
pure elementium band(3.79755) -> pure elementium band(3.79755) : 0 = +0%
rejuvenating gem(4.71298) -> rejuvenating gem(4.71298) : 0 = +0%
hazza'rah's charm of healing(1.58942) -> hazza'rah's charm of healing(1.58942) : 0 = +0%
truefaith vestments(5.14603) -> robes of transcendence(4.15497) : -0.991058 = +-0.364755%
------------------
~~~~ end of intermediate results ~~~~
Temporary bans and partial set bonuses on.
.
*** NEW BEST (1): 273.433

*** NEW BEST (1): 276.219
.Temporary bans and partial set bonuses off.
.
*** NEW BEST (0): 275.442
Based on last: 3000 entries, out of total: 9403 entries, The least-squares solution is:
Int: 23.3288
Spirit: 1.73851
Sp / Healing: 100
Mp5: 34.4592
Crit: 353.113
T1 3p/piece: 0
T2 3p/piece: 351.288
100 points == 1 sp == 0.0658206 hps.
chest : robes of transcendence -> truefaith vestments => val: 275.442 -> 276.327

*** NEW BEST (0): 276.327
Based on last: 3000 entries, out of total: 9426 entries, The least-squares solution is:
Int: 24.0353
Spirit: 2.44657
Sp / Healing: 100
Mp5: 35.2225
Crit: 367.332
T1 3p/piece: 0
T2 3p/piece: 330.604
100 points == 1 sp == 0.065915 hps.
***** INTERMEDIATE RESULTS *****
Iteration: 8
 ----------------------------
 --- head --- 
name: crystal adorned crown
slot: head
intelligence: 14
spirit: 13
sp_healing: 92
armor: 85
 ----------------------------
 --- neck --- 
name: jin'do's evil eye
slot: neck
intelligence: 11
stamina: 5
spirit: 6
sp_healing: 44
 ----------------------------
 --- shoulders --- 
name: mantle of the blackwing cabal
slot: shoulders
intelligence: 16
stamina: 12
sp: 34
armor: 84
 ----------------------------
 --- back --- 
name: hide of the wild
slot: back
intelligence: 10
stamina: 8
sp_healing: 42
armor: 48
 ----------------------------
 --- chest --- 
name: truefaith vestments
slot: chest
stamina: 14
sp_healing: 73
mp5: 6
armor: 96
 ----------------------------
 --- wrists --- 
name: bindings of transcendence
slot: wrists
intelligence: 13
stamina: 9
spirit: 16
sp_healing: 33
armor: 51
 ----------------------------
 --- two-hand --- 
name: benediction
slot: two-hand
intelligence: 31
stamina: 10
spirit: 12
sp_healing: 106
spell_crit: 2
shadow_res: 20
 ----------------------------
 ---  --- 
name: 
slot: 
 ----------------------------
 ---  --- 
name: 
slot: 
 ----------------------------
 ---  --- 
name: 
slot: 
 ----------------------------
 --- ranged --- 
name: lunar wand of healing
slot: ranged
sp_healing: 20
 ----------------------------
 --- hands --- 
name: atal'ai hands of healing
slot: hands
sp: 9
sp_healing: 44
armor: 47
 ----------------------------
 --- waist --- 
name: zandalar confessor's bindings
slot: waist
intelligence: 20
stamina: 12
spirit: 12
sp_healing: 26
armor: 53
 ----------------------------
 --- legs --- 
name: empowered leggings
slot: legs
intelligence: 12
stamina: 12
spirit: 24
sp_healing: 77
spell_crit: 1
armor: 103
 ----------------------------
 --- feet --- 
name: boots of pure thought
slot: feet
intelligence: 12
stamina: 8
spirit: 12
sp_healing: 62
armor: 74
 ----------------------------
 --- finger --- 
name: pure elementium band
slot: finger
intelligence: 10
stamina: 9
spirit: 10
sp_healing: 53
 ----------------------------
 --- finger --- 
name: primalist's seal
slot: finger
intelligence: 12
spirit: 8
sp_healing: 29
 ----------------------------
 --- trinket --- 
name: rejuvenating gem
slot: trinket
sp_healing: 66
mp5: 9
 ----------------------------
 --- trinket --- 
name: hazza'rah's charm of healing
slot: trinket
 ----------------------------
 --- Set bonuses ---
name: confessor's 2 hazza'rah's 1 
slot: Set bonuses
sp: 23
------------------
Best value: 276.327
------------------
Char stats: 
Effective hp: 8297
Effective mana (100 s, 33 % out of fsr): 15856.7
Raw max mana: 10129.8
Int: 396.98
Stam: 373.98
Spirit: 423.43
Strength: 79.58
Agility: 84.18
All stats multiplier (taken into account above): 1.15
Bonus mana: 2000
Bonus hp: 0
Mp5: 165
Sp: 66
Sp shadow: 0
Sp healing: 927
Spell crit: 21
Spell hit: 0
Arcane res: 27
Nature res: 27
Fire res: 27
Frost res: 27
Shadow res: 47
Armor: 2839.75
Defense: 300
Dodge: 0
Parry: 0
HpsPvp: 996.128
ShadowDps: 233.908
Value pvp healing: 1735.63
Value pvp shadow: 95.7009
Effective hp-pvp: 10384.6
Effecctive mana for 100 s, 0.33 fsr: 17602.2
------------------
Best counts:
oh_limit: 0.8
time_left_mul: 2.9
total_deficit_to_pop_trinkets: 3073.57
in combat total: 1238.9
Flash Heal 1, casts: 15, avg: 397.299, 1.7408%, cast time 1.81613% of in combat, overheal: 0.414608
Flash Heal 2, casts: 3, avg: 721.719, 0.632455%, cast time 0.363225% of in combat, overheal: 0.0572891
Flash Heal 3, casts: 2, avg: 845.58, 0.493998%, cast time 0.24215% of in combat, overheal: 0
Flash Heal 4, casts: 3, avg: 689.253, 0.604005%, cast time 0.363225% of in combat, overheal: 0.259568
Flash Heal 5, casts: 1, avg: 814, 0.237774%, cast time 0.121075% of in combat, overheal: 0.238655
Flash Heal 6, casts: 4, avg: 834.474, 0.975019%, cast time 0.484301% of in combat, overheal: 0.314008
Flash Heal 7, casts: 21, avg: 1375.72, 8.43896%, cast time 2.54258% of in combat, overheal: 0.0216225
Greater Heal 1, casts: 8, avg: 1492.67, 3.48815%, cast time 1.61434% of in combat, overheal: 0.22696
Greater Heal 1 hazz, casts: 19, avg: 1411.66, 7.83472%, cast time 2.30043% of in combat, overheal: 0.268918
Greater Heal 2 hazz, casts: 2, avg: 2048.85, 1.19696%, cast time 0.24215% of in combat, overheal: 0.073632
Greater Heal 3 hazz, casts: 3, avg: 2481.15, 2.17427%, cast time 0.363225% of in combat, overheal: 0.0217148
Greater Heal 4, casts: 41, avg: 2283.01, 27.3422%, cast time 8.27347% of in combat, overheal: 0.217229
Greater Heal 4 hazz, casts: 3, avg: 2778.05, 2.43446%, cast time 0.363225% of in combat, overheal: 0.0474962
Heal 2, casts: 111, avg: 978.774, 31.7356%, cast time 22.3989% of in combat, overheal: 0.303993
Heal 4, casts: 23, avg: 1588.27, 10.6707%, cast time 4.64121% of in combat, overheal: 0.234724
Total time casting: 571.5, which is: 46.1296% of time in combat.
Total hps: 276.327, raw hps: 362.218, oh: 0.237124
Deficit time sum: 1.57141e+07, baseline: 2.18547e+07
Deficit*time change / s: 4956.48 hp
Number of combats: 14
Average mana at start of combat: 9607.48
Average mana at end of combat: 8183.73
Other players with hps > 100:
  Anderhage : 173.661 hps
  Avashock : 156.638 hps
  Firali : 185.225 hps
  Mysburgarn : 117.53 hps
  Naturn : 165.276 hps
  Takyon : 166.8 hps
  Xnetica : 129.19 hps
  Zanzor : 154.692 hps
------------------
Upgrades: 
( following sorted by alt scores, no specials )
zulian headdress(3.88556) -> crystal adorned crown(6.30695) : 2.42139 = +0.884022%
boots of transcendence(2.60376) -> boots of pure thought(4.2962) : 1.69244 = +0.616253%
whipvine cord(2.30942) -> zandalar confessor's bindings(3.56604) : 1.25662 = +0.456837%
handguards of transcendence(2.49149) -> atal'ai hands of healing(3.4935) : 1.00201 = +0.363939%
dragon's touch(0.585602) -> lunar wand of healing(1.3183) : 0.732697 = +0.265861%
zandalar confessor's mantle(1.85455) -> mantle of the blackwing cabal(2.4946) : 0.640045 = +0.232164%
jin'do's evil eye(3.0842) -> jin'do's evil eye(3.0842) : 0 = +0%
hide of the wild(2.92685) -> hide of the wild(2.92685) : 0 = +0%
truefaith vestments(4.95111) -> truefaith vestments(4.95111) : 0 = +0%
bindings of transcendence(2.40695) -> bindings of transcendence(2.40695) : 0 = +0%
benediction, , , (7.98172) -> benediction, , , (7.98172) : 0 = +0%
empowered leggings(5.54639) -> empowered leggings(5.54639) : 0 = +0%
pure elementium band(3.66806) -> pure elementium band(3.66806) : 0 = +0%
rejuvenating gem(4.55933) -> rejuvenating gem(4.55933) : 0 = +0%
hazza'rah's charm of healing(1.51605) -> hazza'rah's charm of healing(1.51605) : 0 = +0%
fordring's seal(2.51807) -> primalist's seal(2.11456) : -0.403503 = +-0.145811%
------------------
~~~~ end of intermediate results ~~~~
Temporary bans and partial set bonuses on.
.
*** NEW BEST (1): 278.066
Based on last: 3000 entries, out of total: 9654 entries, The least-squares solution is:
Int: 25.4723
Spirit: 3.59808
Sp / Healing: 100
Mp5: 33.5592
Crit: 363.889
T1 3p/piece: 0
T2 3p/piece: 133.876
100 points == 1 sp == 0.0675098 hps.
.Temporary bans and partial set bonuses off.
.No swappies for item bonuses found. (best matching was empty)
***** INTERMEDIATE RESULTS *****
Iteration: 11
 ----------------------------
 --- head --- 
name: crystal adorned crown
slot: head
intelligence: 14
spirit: 13
sp_healing: 92
armor: 85
 ----------------------------
 --- neck --- 
name: jin'do's evil eye
slot: neck
intelligence: 11
stamina: 5
spirit: 6
sp_healing: 44
 ----------------------------
 --- shoulders --- 
name: mantle of the blackwing cabal
slot: shoulders
intelligence: 16
stamina: 12
sp: 34
armor: 84
 ----------------------------
 --- back --- 
name: hide of the wild
slot: back
intelligence: 10
stamina: 8
sp_healing: 42
armor: 48
 ----------------------------
 --- chest --- 
name: truefaith vestments
slot: chest
stamina: 14
sp_healing: 73
mp5: 6
armor: 96
 ----------------------------
 --- wrists --- 
name: bindings of transcendence
slot: wrists
intelligence: 13
stamina: 9
spirit: 16
sp_healing: 33
armor: 51
 ----------------------------
 --- two-hand --- 
name: benediction
slot: two-hand
intelligence: 31
stamina: 10
spirit: 12
sp_healing: 106
spell_crit: 2
shadow_res: 20
 ----------------------------
 ---  --- 
name: 
slot: 
 ----------------------------
 ---  --- 
name: 
slot: 
 ----------------------------
 ---  --- 
name: 
slot: 
 ----------------------------
 --- ranged --- 
name: lunar wand of healing
slot: ranged
sp_healing: 20
 ----------------------------
 --- hands --- 
name: atal'ai hands of healing
slot: hands
sp: 9
sp_healing: 44
armor: 47
 ----------------------------
 --- waist --- 
name: zandalar confessor's bindings
slot: waist
intelligence: 20
stamina: 12
spirit: 12
sp_healing: 26
armor: 53
 ----------------------------
 --- legs --- 
name: empowered leggings
slot: legs
intelligence: 12
stamina: 12
spirit: 24
sp_healing: 77
spell_crit: 1
armor: 103
 ----------------------------
 --- feet --- 
name: boots of pure thought
slot: feet
intelligence: 12
stamina: 8
spirit: 12
sp_healing: 62
armor: 74
 ----------------------------
 --- finger --- 
name: pure elementium band
slot: finger
intelligence: 10
stamina: 9
spirit: 10
sp_healing: 53
 ----------------------------
 --- finger --- 
name: cauterizing band
slot: finger
intelligence: 12
stamina: 9
sp_healing: 46
 ----------------------------
 --- trinket --- 
name: rejuvenating gem
slot: trinket
sp_healing: 66
mp5: 9
 ----------------------------
 --- trinket --- 
name: hazza'rah's charm of healing
slot: trinket
 ----------------------------
 --- Set bonuses ---
name: confessor's 2 hazza'rah's 1 
slot: Set bonuses
sp: 23
------------------
Best value: 276.327
------------------
Char stats: 
Effective hp: 8403.9
Effective mana (100 s, 33 % out of fsr): 15809.7
Raw max mana: 10129.8
Int: 396.98
Stam: 384.33
Spirit: 414.23
Strength: 79.58
Agility: 84.18
All stats multiplier (taken into account above): 1.15
Bonus mana: 2000
Bonus hp: 0
Mp5: 165
Sp: 66
Sp shadow: 0
Sp healing: 944
Spell crit: 21
Spell hit: 0
Arcane res: 27
Nature res: 27
Fire res: 27
Frost res: 27
Shadow res: 47
Armor: 2839.75
Defense: 300
Dodge: 0
Parry: 0
HpsPvp: 996.128
ShadowDps: 233.908
Value pvp healing: 1735.63
Value pvp shadow: 95.7009
Effective hp-pvp: 10518.4
Effecctive mana for 100 s, 0.33 fsr: 17521.2
------------------
Best counts:
oh_limit: 0.8
time_left_mul: 2.9
total_deficit_to_pop_trinkets: 3073.57
in combat total: 1238.9
Flash Heal 1, casts: 17, avg: 434.248, 2.15923%, cast time 2.05828% of in combat, overheal: 0.367361
Flash Heal 2, casts: 1, avg: 773.297, 0.226182%, cast time 0.121075% of in combat, overheal: 0
Flash Heal 3, casts: 3, avg: 853.299, 0.748744%, cast time 0.363225% of in combat, overheal: 0
Flash Heal 4, casts: 2, avg: 572.299, 0.334783%, cast time 0.24215% of in combat, overheal: 0.390262
Flash Heal 5, casts: 1, avg: 814, 0.238087%, cast time 0.121075% of in combat, overheal: 0.244112
Flash Heal 6, casts: 5, avg: 915.5, 1.33887%, cast time 0.605376% of in combat, overheal: 0.252144
Flash Heal 7, casts: 21, avg: 1368.65, 8.40666%, cast time 2.54258% of in combat, overheal: 0.0319597
Greater Heal 1, casts: 8, avg: 1437.38, 3.36336%, cast time 1.61434% of in combat, overheal: 0.261467
Greater Heal 1 hazz, casts: 20, avg: 1439.98, 8.4236%, cast time 2.4215% of in combat, overheal: 0.260132
Greater Heal 2 hazz, casts: 1, avg: 2227.06, 0.651392%, cast time 0.121075% of in combat, overheal: 0
Greater Heal 3 hazz, casts: 3, avg: 2491.38, 2.18611%, cast time 0.363225% of in combat, overheal: 0.0235899
Greater Heal 4, casts: 40, avg: 2286.79, 26.7545%, cast time 8.07168% of in combat, overheal: 0.22004
Greater Heal 4 hazz, casts: 3, avg: 2788.29, 2.44664%, cast time 0.363225% of in combat, overheal: 0.0489928
Heal 2, casts: 112, avg: 995.256, 32.6035%, cast time 22.6007% of in combat, overheal: 0.299959
Heal 4, casts: 22, avg: 1572.44, 10.1183%, cast time 4.43942% of in combat, overheal: 0.247945
Total time casting: 570.5, which is: 46.0489% of time in combat.
Total hps: 275.964, raw hps: 362.78, oh: 0.239308
Deficit time sum: 1.57184e+07, baseline: 2.18547e+07
Deficit*time change / s: 4953 hp
Number of combats: 14
Average mana at start of combat: 9620.37
Average mana at end of combat: 8214.83
Other players with hps > 100:
  Anderhage : 173.723 hps
  Avashock : 156.757 hps
  Firali : 186.185 hps
  Mysburgarn : 117.468 hps
  Naturn : 165.71 hps
  Takyon : 165.927 hps
  Xnetica : 129.655 hps
  Zanzor : 153.92 hps
------------------
Upgrades: 
( following sorted by alt scores, no specials )
zulian headdress(4.005) -> crystal adorned crown(6.48325) : 2.47824 = +0.906168%
boots of transcendence(2.69647) -> boots of pure thought(4.42111) : 1.72464 = +0.628881%
whipvine cord(2.3663) -> zandalar confessor's bindings(3.68106) : 1.31476 = +0.478704%
handguards of transcendence(2.57895) -> atal'ai hands of healing(3.57803) : 0.999084 = +0.36335%
dragon's touch(0.61142) -> lunar wand of healing(1.35019) : 0.73877 = +0.268423%
fordring's seal(2.58383) -> cauterizing band(3.3118) : 0.727966 = +0.264488%
zandalar confessor's mantle(1.93436) -> mantle of the blackwing cabal(2.57047) : 0.636108 = +0.231036%
jin'do's evil eye(3.17416) -> jin'do's evil eye(3.17416) : 0 = +0%
hide of the wild(3.00739) -> hide of the wild(3.00739) : 0 = +0%
truefaith vestments(5.06415) -> truefaith vestments(5.06415) : 0 = +0%
bindings of transcendence(2.49023) -> bindings of transcendence(2.49023) : 0 = +0%
benediction, , , (8.20959) -> benediction, , , (8.20959) : 0 = +0%
empowered leggings(5.70856) -> empowered leggings(5.70856) : 0 = +0%
pure elementium band(3.77426) -> pure elementium band(3.77426) : 0 = +0%
rejuvenating gem(4.65955) -> rejuvenating gem(4.65955) : 0 = +0%
hazza'rah's charm of healing(1.55273) -> hazza'rah's charm of healing(1.55273) : 0 = +0%
------------------
~~~~ end of intermediate results ~~~~
Temporary bans and partial set bonuses on.
..Temporary bans and partial set bonuses off.
.two-hand :   jin'do's hexxer lei of the lifegiver -> benediction    => val: 273.002 -> 275.964
***** INTERMEDIATE RESULTS *****
Iteration: 14
 ----------------------------
 --- head --- 
name: crystal adorned crown
slot: head
intelligence: 14
spirit: 13
sp_healing: 92
armor: 85
 ----------------------------
 --- neck --- 
name: jin'do's evil eye
slot: neck
intelligence: 11
stamina: 5
spirit: 6
sp_healing: 44
 ----------------------------
 --- shoulders --- 
name: mantle of the blackwing cabal
slot: shoulders
intelligence: 16
stamina: 12
sp: 34
armor: 84
 ----------------------------
 --- back --- 
name: hide of the wild
slot: back
intelligence: 10
stamina: 8
sp_healing: 42
armor: 48
 ----------------------------
 --- chest --- 
name: truefaith vestments
slot: chest
stamina: 14
sp_healing: 73
mp5: 6
armor: 96
 ----------------------------
 --- wrists --- 
name: bindings of transcendence
slot: wrists
intelligence: 13
stamina: 9
spirit: 16
sp_healing: 33
armor: 51
 ----------------------------
 --- two-hand --- 
name: benediction
slot: two-hand
intelligence: 31
stamina: 10
spirit: 12
sp_healing: 106
spell_crit: 2
shadow_res: 20
 ----------------------------
 ---  --- 
name: 
slot: 
 ----------------------------
 ---  --- 
name: 
slot: 
 ----------------------------
 ---  --- 
name: 
slot: 
 ----------------------------
 --- ranged --- 
name: lunar wand of healing
slot: ranged
sp_healing: 20
 ----------------------------
 --- hands --- 
name: atal'ai hands of healing
slot: hands
sp: 9
sp_healing: 44
armor: 47
 ----------------------------
 --- waist --- 
name: zandalar confessor's bindings
slot: waist
intelligence: 20
stamina: 12
spirit: 12
sp_healing: 26
armor: 53
 ----------------------------
 --- legs --- 
name: empowered leggings
slot: legs
intelligence: 12
stamina: 12
spirit: 24
sp_healing: 77
spell_crit: 1
armor: 103
 ----------------------------
 --- feet --- 
name: boots of pure thought
slot: feet
intelligence: 12
stamina: 8
spirit: 12
sp_healing: 62
armor: 74
 ----------------------------
 --- finger --- 
name: pure elementium band
slot: finger
intelligence: 10
stamina: 9
spirit: 10
sp_healing: 53
 ----------------------------
 --- finger --- 
name: cauterizing band
slot: finger
intelligence: 12
stamina: 9
sp_healing: 46
 ----------------------------
 --- trinket --- 
name: rejuvenating gem
slot: trinket
sp_healing: 66
mp5: 9
 ----------------------------
 --- trinket --- 
name: hazza'rah's charm of healing
slot: trinket
 ----------------------------
 --- Set bonuses ---
name: confessor's 2 hazza'rah's 1 
slot: Set bonuses
sp: 23
------------------
Best value: 276.327
------------------
Char stats: 
Effective hp: 8403.9
Effective mana (100 s, 33 % out of fsr): 15809.7
Raw max mana: 10129.8
Int: 396.98
Stam: 384.33
Spirit: 414.23
Strength: 79.58
Agility: 84.18
All stats multiplier (taken into account above): 1.15
Bonus mana: 2000
Bonus hp: 0
Mp5: 165
Sp: 66
Sp shadow: 0
Sp healing: 944
Spell crit: 21
Spell hit: 0
Arcane res: 27
Nature res: 27
Fire res: 27
Frost res: 27
Shadow res: 47
Armor: 2839.75
Defense: 300
Dodge: 0
Parry: 0
HpsPvp: 996.128
ShadowDps: 233.908
Value pvp healing: 1735.63
Value pvp shadow: 95.7009
Effective hp-pvp: 10518.4
Effecctive mana for 100 s, 0.33 fsr: 17521.2
------------------
Best counts:
oh_limit: 0.8
time_left_mul: 2.9
total_deficit_to_pop_trinkets: 3073.57
in combat total: 1238.9
Flash Heal 1, casts: 17, avg: 434.248, 2.15923%, cast time 2.05828% of in combat, overheal: 0.367361
Flash Heal 2, casts: 1, avg: 773.297, 0.226182%, cast time 0.121075% of in combat, overheal: 0
Flash Heal 3, casts: 3, avg: 853.299, 0.748744%, cast time 0.363225% of in combat, overheal: 0
Flash Heal 4, casts: 2, avg: 572.299, 0.334783%, cast time 0.24215% of in combat, overheal: 0.390262
Flash Heal 5, casts: 1, avg: 814, 0.238087%, cast time 0.121075% of in combat, overheal: 0.244112
Flash Heal 6, casts: 5, avg: 915.5, 1.33887%, cast time 0.605376% of in combat, overheal: 0.252144
Flash Heal 7, casts: 21, avg: 1368.65, 8.40666%, cast time 2.54258% of in combat, overheal: 0.0319597
Greater Heal 1, casts: 8, avg: 1437.38, 3.36336%, cast time 1.61434% of in combat, overheal: 0.261467
Greater Heal 1 hazz, casts: 20, avg: 1439.98, 8.4236%, cast time 2.4215% of in combat, overheal: 0.260132
Greater Heal 2 hazz, casts: 1, avg: 2227.06, 0.651392%, cast time 0.121075% of in combat, overheal: 0
Greater Heal 3 hazz, casts: 3, avg: 2491.38, 2.18611%, cast time 0.363225% of in combat, overheal: 0.0235899
Greater Heal 4, casts: 40, avg: 2286.79, 26.7545%, cast time 8.07168% of in combat, overheal: 0.22004
Greater Heal 4 hazz, casts: 3, avg: 2788.29, 2.44664%, cast time 0.363225% of in combat, overheal: 0.0489928
Heal 2, casts: 112, avg: 995.256, 32.6035%, cast time 22.6007% of in combat, overheal: 0.299959
Heal 4, casts: 22, avg: 1572.44, 10.1183%, cast time 4.43942% of in combat, overheal: 0.247945
Total time casting: 570.5, which is: 46.0489% of time in combat.
Total hps: 275.964, raw hps: 362.78, oh: 0.239308
Deficit time sum: 1.57184e+07, baseline: 2.18547e+07
Deficit*time change / s: 4953 hp
Number of combats: 14
Average mana at start of combat: 9620.37
Average mana at end of combat: 8214.83
Other players with hps > 100:
  Anderhage : 173.723 hps
  Avashock : 156.757 hps
  Firali : 186.185 hps
  Mysburgarn : 117.468 hps
  Naturn : 165.71 hps
  Takyon : 165.927 hps
  Xnetica : 129.655 hps
  Zanzor : 153.92 hps
------------------
Upgrades: 
( following sorted by alt scores, no specials )
zulian headdress(4.005) -> crystal adorned crown(6.48325) : 2.47824 = +0.906168%
boots of transcendence(2.69647) -> boots of pure thought(4.42111) : 1.72464 = +0.628881%
whipvine cord(2.3663) -> zandalar confessor's bindings(3.68106) : 1.31476 = +0.478704%
handguards of transcendence(2.57895) -> atal'ai hands of healing(3.57803) : 0.999084 = +0.36335%
dragon's touch(0.61142) -> lunar wand of healing(1.35019) : 0.73877 = +0.268423%
fordring's seal(2.58383) -> cauterizing band(3.3118) : 0.727966 = +0.264488%
zandalar confessor's mantle(1.93436) -> mantle of the blackwing cabal(2.57047) : 0.636108 = +0.231036%
jin'do's evil eye(3.17416) -> jin'do's evil eye(3.17416) : 0 = +0%
hide of the wild(3.00739) -> hide of the wild(3.00739) : 0 = +0%
truefaith vestments(5.06415) -> truefaith vestments(5.06415) : 0 = +0%
bindings of transcendence(2.49023) -> bindings of transcendence(2.49023) : 0 = +0%
benediction, , , (8.20959) -> benediction, , , (8.20959) : 0 = +0%
empowered leggings(5.70856) -> empowered leggings(5.70856) : 0 = +0%
pure elementium band(3.77426) -> pure elementium band(3.77426) : 0 = +0%
rejuvenating gem(4.65955) -> rejuvenating gem(4.65955) : 0 = +0%
hazza'rah's charm of healing(1.55273) -> hazza'rah's charm of healing(1.55273) : 0 = +0%
------------------
~~~~ end of intermediate results ~~~~
Same items for intermediate results again, ending optimization. 
 ----------------------------
 --- head --- 
name: crystal adorned crown
slot: head
intelligence: 14
spirit: 13
sp_healing: 92
armor: 85
 ----------------------------
 --- neck --- 
name: jin'do's evil eye
slot: neck
intelligence: 11
stamina: 5
spirit: 6
sp_healing: 44
 ----------------------------
 --- shoulders --- 
name: mantle of the blackwing cabal
slot: shoulders
intelligence: 16
stamina: 12
sp: 34
armor: 84
 ----------------------------
 --- back --- 
name: hide of the wild
slot: back
intelligence: 10
stamina: 8
sp_healing: 42
armor: 48
 ----------------------------
 --- chest --- 
name: truefaith vestments
slot: chest
stamina: 14
sp_healing: 73
mp5: 6
armor: 96
 ----------------------------
 --- wrists --- 
name: bindings of transcendence
slot: wrists
intelligence: 13
stamina: 9
spirit: 16
sp_healing: 33
armor: 51
 ----------------------------
 --- two-hand --- 
name: benediction
slot: two-hand
intelligence: 31
stamina: 10
spirit: 12
sp_healing: 106
spell_crit: 2
shadow_res: 20
 ----------------------------
 ---  --- 
name: 
slot: 
 ----------------------------
 ---  --- 
name: 
slot: 
 ----------------------------
 ---  --- 
name: 
slot: 
 ----------------------------
 --- ranged --- 
name: lunar wand of healing
slot: ranged
sp_healing: 20
 ----------------------------
 --- hands --- 
name: atal'ai hands of healing
slot: hands
sp: 9
sp_healing: 44
armor: 47
 ----------------------------
 --- waist --- 
name: zandalar confessor's bindings
slot: waist
intelligence: 20
stamina: 12
spirit: 12
sp_healing: 26
armor: 53
 ----------------------------
 --- legs --- 
name: empowered leggings
slot: legs
intelligence: 12
stamina: 12
spirit: 24
sp_healing: 77
spell_crit: 1
armor: 103
 ----------------------------
 --- feet --- 
name: boots of pure thought
slot: feet
intelligence: 12
stamina: 8
spirit: 12
sp_healing: 62
armor: 74
 ----------------------------
 --- finger --- 
name: pure elementium band
slot: finger
intelligence: 10
stamina: 9
spirit: 10
sp_healing: 53
 ----------------------------
 --- finger --- 
name: cauterizing band
slot: finger
intelligence: 12
stamina: 9
sp_healing: 46
 ----------------------------
 --- trinket --- 
name: rejuvenating gem
slot: trinket
sp_healing: 66
mp5: 9
 ----------------------------
 --- trinket --- 
name: hazza'rah's charm of healing
slot: trinket
 ----------------------------
 --- Set bonuses ---
name: confessor's 2 hazza'rah's 1 
slot: Set bonuses
sp: 23
------------------
Char stats: 
Effective hp: 8403.9
Effective mana (100 s, 33 % out of fsr): 15809.7
Raw max mana: 10129.8
Int: 396.98
Stam: 384.33
Spirit: 414.23
Strength: 79.58
Agility: 84.18
All stats multiplier (taken into account above): 1.15
Bonus mana: 2000
Bonus hp: 0
Mp5: 165
Sp: 66
Sp shadow: 0
Sp healing: 944
Spell crit: 21
Spell hit: 0
Arcane res: 27
Nature res: 27
Fire res: 27
Frost res: 27
Shadow res: 47
Armor: 2839.75
Defense: 300
Dodge: 0
Parry: 0
HpsPvp: 996.128
ShadowDps: 233.908
Value pvp healing: 1735.63
Value pvp shadow: 95.7009
Effective hp-pvp: 10518.4
Effecctive mana for 100 s, 0.33 fsr: 17521.2
------------------
Best counts:
oh_limit: 0.8
time_left_mul: 2.9
total_deficit_to_pop_trinkets: 3073.57
in combat total: 1238.9
Flash Heal 1, casts: 17, avg: 434.248, 2.15923%, cast time 2.05828% of in combat, overheal: 0.367361
Flash Heal 2, casts: 1, avg: 773.297, 0.226182%, cast time 0.121075% of in combat, overheal: 0
Flash Heal 3, casts: 3, avg: 853.299, 0.748744%, cast time 0.363225% of in combat, overheal: 0
Flash Heal 4, casts: 2, avg: 572.299, 0.334783%, cast time 0.24215% of in combat, overheal: 0.390262
Flash Heal 5, casts: 1, avg: 814, 0.238087%, cast time 0.121075% of in combat, overheal: 0.244112
Flash Heal 6, casts: 5, avg: 915.5, 1.33887%, cast time 0.605376% of in combat, overheal: 0.252144
Flash Heal 7, casts: 21, avg: 1368.65, 8.40666%, cast time 2.54258% of in combat, overheal: 0.0319597
Greater Heal 1, casts: 8, avg: 1437.38, 3.36336%, cast time 1.61434% of in combat, overheal: 0.261467
Greater Heal 1 hazz, casts: 20, avg: 1439.98, 8.4236%, cast time 2.4215% of in combat, overheal: 0.260132
Greater Heal 2 hazz, casts: 1, avg: 2227.06, 0.651392%, cast time 0.121075% of in combat, overheal: 0
Greater Heal 3 hazz, casts: 3, avg: 2491.38, 2.18611%, cast time 0.363225% of in combat, overheal: 0.0235899
Greater Heal 4, casts: 40, avg: 2286.79, 26.7545%, cast time 8.07168% of in combat, overheal: 0.22004
Greater Heal 4 hazz, casts: 3, avg: 2788.29, 2.44664%, cast time 0.363225% of in combat, overheal: 0.0489928
Heal 2, casts: 112, avg: 995.256, 32.6035%, cast time 22.6007% of in combat, overheal: 0.299959
Heal 4, casts: 22, avg: 1572.44, 10.1183%, cast time 4.43942% of in combat, overheal: 0.247945
Total time casting: 570.5, which is: 46.0489% of time in combat.
Total hps: 275.964, raw hps: 362.78, oh: 0.239308
Deficit time sum: 1.57184e+07, baseline: 2.18547e+07
Deficit*time change / s: 4953 hp
Number of combats: 14
Average mana at start of combat: 9620.37
Average mana at end of combat: 8214.83
Other players with hps > 100:
  Anderhage : 173.723 hps
  Avashock : 156.757 hps
  Firali : 186.185 hps
  Mysburgarn : 117.468 hps
  Naturn : 165.71 hps
  Takyon : 165.927 hps
  Xnetica : 129.655 hps
  Zanzor : 153.92 hps
------------------
Based on last: 3000 entries, out of total: 10800 entries, The least-squares solution is:
Int: 53.4613
Spirit: 0
Sp / Healing: 100
Mp5: 13.9035
Crit: 478.655
T1 3p/piece: 0
T2 3p/piece: 0
100 points == 1 sp == 0.0689686 hps.
Appended tag:
( Pawn: v1: "fika_bwl_speed_phase4": Intellect=53.4613, Spirit=0, Healing=100, Mp5=13.9035, SpellCritRating=478.655, IsFist=X, Is2HMace=X, IsCrossbow=X, IsGun=X, IsShield=X, IsPolearm=X, Is2HAxe=X, IsBow=X, IsMail=X, IsPlate=X, IsLeather=X, IsAxe=X, Is2HAxe=X, IsSword=X, Is2HSword=X)
To file: fika_bwl_speed_phase4.pawn_tag.txt
------------------
Diffs to start: 
Upgrades: 
( following sorted by alt scores, no specials )
zulian headdress(4.34634) -> crystal adorned crown(6.8613) : 2.51495 = +0.919715%
boots of transcendence(3.04071) -> boots of pure thought(4.71851) : 1.6778 = +0.611695%
whipvine cord(2.49054) -> zandalar confessor's bindings(4.11688) : 1.62634 = +0.592825%
fordring's seal(2.73621) -> cauterizing band(3.61502) : 0.878815 = +0.31947%
handguards of transcendence(3.06763) -> atal'ai hands of healing(3.65533) : 0.587708 = +0.21342%
zandalar confessor's mantle(2.40222) -> mantle of the blackwing cabal(2.93488) : 0.532654 = +0.193389%
dragon's touch(0.856262) -> lunar wand of healing(1.37936) : 0.523102 = +0.189914%
jin'do's evil eye(3.44022) -> jin'do's evil eye(3.44022) : 0 = +0%
hide of the wild(3.26538) -> hide of the wild(3.26538) : 0 = +0%
truefaith vestments(5.09225) -> truefaith vestments(5.09225) : 0 = +0%
bindings of transcendence(2.75528) -> bindings of transcendence(2.75528) : 0 = +0%
benediction, , , (9.11392) -> benediction, , , (9.11392) : 0 = +0%
empowered leggings(6.08316) -> empowered leggings(6.08316) : 0 = +0%
pure elementium band(4.02405) -> pure elementium band(4.02405) : 0 = +0%
rejuvenating gem(4.63821) -> rejuvenating gem(4.63821) : 0 = +0%
hazza'rah's charm of healing(1.58627) -> hazza'rah's charm of healing(1.58627) : 0 = +0%
- - - - - - - - - - - - - - - - - - - - - - - - - - - - - - - - - - - - - - - - - 
| Upgrades at best in slot level, from start item to candidate, partial bonuses: 1: |
  alt scores are from least squares fit, special score from e.g. set bonuses as s are part of em
. . . . . . . . . . . . . . . . . . . . . . . . . . . . . . . . . . . . . . . . . 
- . - ' - . - ' - . - ' - . - ' - . - ' - . -
head, zulian headdress (3.98483), alt: 4.34634 -> :
    crystal adorned crown (5.09525) : +0.400935 %, alt : +6.86131, from: azuregos
    eternal crown of healing (2.56598) : -0.512304 %, alt : +4.41399, from: random green
    halo of transcendence (1.29181) : -0.972367 %, alt : +4.30602, from: onyxia
- . - ' - . - ' - . - ' - . - ' - . - ' - . -
neck, jin'do's evil eye (2.01373), alt: 3.44022 -> :
- . - ' - . - ' - . - ' - . - ' - . - ' - . -
shoulders, zandalar confessor's mantle (2.52924), alt: 2.40222 -> :
    mantle of the blackwing cabal (2.0929) : -0.156674 %, alt : +2.93488, from: bwl
    pauldrons of transcendence (1.35229) : -0.422597 %, alt : +2.71497, from: bwl
    zandalar confessor's mantle (2.52924) : +0 %, alt : +2.40222, from: zg
- . - ' - . - ' - . - ' - . - ' - . - ' - . -
back, hide of the wild (2.92221), alt: 3.26538 -> :
    shroud of pure thought (3.80179) : +0.31632 %, alt : +2.73908, from: bwl
- . - ' - . - ' - . - ' - . - ' - . - ' - . -
chest, truefaith vestments (4.37521), alt: 5.09225 -> :
    robes of transcendence (3.14014) : -0.444167 %, alt : +4.92674, from: bwl
- . - ' - . - ' - . - ' - . - ' - . - ' - . -
wrists, bindings of transcendence (5.68002), alt: 2.75528 -> :
    bindings of transcendence (5.68002) : +0 %, alt : +2.75529, from: bwl
- . - ' - . - ' - . - ' - . - ' - . - ' - . -
two-hand, benediction (9.18069), alt: 9.11392 -> :
    lok'amir il romathis and lei of the lifegiver (6.52039) : -0.956719 %, alt : +10.1411, from: bwl, av rep
    staff of rampant growth (9.6293) : +0.161332 %, alt : +6.48878, from: emeriss; lethon; taerar; ysondre
- . - ' - . - ' - . - ' - . - ' - . - ' - . -
ranged, dragon's touch (1.02521), alt: 0.856262 -> :
    lunar wand of healing (1.42996) : +0.145773 %, alt : +1.37937, from: random green
    bonecreeper stylus (0.776215) : -0.0896751 %, alt : +0.90614, from: pre-raid
- . - ' - . - ' - . - ' - . - ' - . - ' - . -
hands, handguards of transcendence (1.57495), alt: 3.06763 -> :
    atal'ai hands of healing (3.45029) : +0.679001 %, alt : +3.65533, from: sunken temple
    high councillor's gloves of healing (2.87125) : +0.469348 %, alt : +3.17255, from: random green
    handguards of transcendence (1.57495) : +0 %, alt : +3.06764, from: bwl
    hands of the exalted herald (3.85742) : +0.826411 %, alt : +2.75529, from: pre-raid
- . - ' - . - ' - . - ' - . - ' - . - ' - . -
waist, whipvine cord (3.04239), alt: 2.49054 -> :
    zandalar confessor's bindings (4.16306) : +0.404653 %, alt : +4.11689, from: zg
    firemaw's clutch (3.01035) : -0.0115703 %, alt : +2.9043, from: bwl
- . - ' - . - ' - . - ' - . - ' - . - ' - . -
legs, empowered leggings (4.84427), alt: 6.08316 -> :
    leggings of transcendence (2.06503) : -0.999488 %, alt : +4.01398, from: mc
    padre's trousers (5.04172) : +0.0710079 %, alt : +3.69164, from: pre-raid
- . - ' - . - ' - . - ' - . - ' - . - ' - . -
feet, boots of transcendence (2.96735), alt: 3.04071 -> :
    boots of pure thought (4.58286) : +0.584376 %, alt : +4.71851, from: bwl
    boots of transcendence (2.96735) : +0 %, alt : +3.04072, from: bwl
    snowblind shoes (4.35159) : +0.500722 %, alt : +2.62365, from: azuregos
- . - ' - . - ' - . - ' - . - ' - . - ' - . -
finger, pure elementium band (3.59772), alt: 4.02405 -> :
    ring of blackrock (3.95438) : +0.128264 %, alt : +1.3967, from: bwl
- . - ' - . - ' - . - ' - . - ' - . - ' - . -
finger 2, fordring's seal (2.82327), alt: 2.73621 -> :
    pure elementium band (4.45142) : +0.587506 %, alt : +4.02405, from: bwl
    cauterizing band (3.76126) : +0.338468 %, alt : +3.61501, from: mc
    primalist's seal (3.77335) : +0.342828 %, alt : +3.58053, from: zg
    mindtear band (3.09644) : +0.0985692 %, alt : +2.06866, from: taerar
    rosewine circle (2.97501) : +0.0547521 %, alt : +2.04803, from: pre-raid
    band of servitude (3.15347) : +0.119151 %, alt : +1.91812, from: zg
    band of forced concentration (3.05374) : +0.0831633 %, alt : +1.8908, from: bwl
    primalist's band (4.36151) : +0.555064 %, alt : +1.56423, from: zg
    ring of blackrock (4.48923) : +0.60115 %, alt : +1.3967, from: bwl
- . - ' - . - ' - . - ' - . - ' - . - ' - . -
trinket, rejuvenating gem (5.93335), alt: 4.63821 -> :
    hazza'rah's charm of healing (0) : -2.13379 %, alt : +1.58628, from: zg
    darkmoon card: blue dragon (1.47955) : -1.60171 %, alt : +0, from: 
- . - ' - . - ' - . - ' - . - ' - . - ' - . -
trinket 2, hazza'rah's charm of healing (4.50436), alt: 1.58627 -> :
    rejuvenating gem (-10.5898) : -5.42826 %, alt : +4.63823, from: bwl
    hibernation crystal (-8.9859) : -4.85146 %, alt : +4.06915, from: ysondre
    zandalarian hero charm (-2.04227) : -2.35434 %, alt : +2.75874, from: zg
    royal seal of eldre'thalas (-0.183472) : -1.68587 %, alt : +2.31432, from: pre-raid
    briarwood reed (0.76532) : -1.34466 %, alt : +2.00009, from: pre-raid
    hazza'rah's charm of healing (4.50436) : +0 %, alt : +1.58628, from: zg
    darkmoon card: blue dragon (-6.06915) : -3.80252 %, alt : +0, from: 
- - - - - - - - - - - - - - - - - - - - - - - - - - - - - - - - - - - - - - - - - 
| Upgrades at best in slot level, from start item to candidate, partial bonuses: 0: |
  alt scores are from least squares fit, special score from e.g. set bonuses as s are part of em
. . . . . . . . . . . . . . . . . . . . . . . . . . . . . . . . . . . . . . . . . 
- . - ' - . - ' - . - ' - . - ' - . - ' - . -
head, zulian headdress (4.58881), alt: 4.34634 -> :
    crystal adorned crown (7.79669) : +1.1761 %, alt : +6.86131, from: azuregos
    eternal crown of healing (7.38196) : +1.02405 %, alt : +4.41399, from: random green
    halo of transcendence (5.67142) : +0.396915 %, alt : +4.30602, from: onyxia
    cassandra's grace (5.6499) : +0.389027 %, alt : +3.03462, from: pre-raid
    cassandra's grace (5.6499) : +0.389027 %, alt : +3.03462, from: pre-raid
- . - ' - . - ' - . - ' - . - ' - . - ' - . -
neck, jin'do's evil eye (3.54816), alt: 3.44022 -> :
- . - ' - . - ' - . - ' - . - ' - . - ' - . -
shoulders, zandalar confessor's mantle (3.55917), alt: 2.40222 -> :
    mantle of the blackwing cabal (2.89136) : -0.24141 %, alt : +2.93488, from: bwl
    pauldrons of transcendence (3.02454) : -0.193267 %, alt : +2.71497, from: bwl
    zandalar confessor's mantle (3.55917) : +0 %, alt : +2.40222, from: zg
- . - ' - . - ' - . - ' - . - ' - . - ' - . -
back, hide of the wild (2.97397), alt: 3.26538 -> :
    drape of benediction (3.90125) : +0.336013 %, alt : +2.61736, from: azuregos
- . - ' - . - ' - . - ' - . - ' - . - ' - . -
chest, truefaith vestments (4.84717), alt: 5.09225 -> :
- . - ' - . - ' - . - ' - . - ' - . - ' - . -
wrists, bindings of transcendence (2.6618), alt: 2.75528 -> :
- . - ' - . - ' - . - ' - . - ' - . - ' - . -
two-hand, benediction (8.94312), alt: 9.11392 -> :
    lok'amir il romathis and lei of the lifegiver (8.24265) : -0.253826 %, alt : +10.1411, from: bwl, av rep
- . - ' - . - ' - . - ' - . - ' - . - ' - . -
ranged, dragon's touch (1.5191), alt: 0.856262 -> :
    lunar wand of healing (1.96259) : +0.160961 %, alt : +1.37937, from: random green
    bonecreeper stylus (0.106598) : -0.512668 %, alt : +0.90614, from: pre-raid
- . - ' - . - ' - . - ' - . - ' - . - ' - . -
hands, handguards of transcendence (4.18512), alt: 3.06763 -> :
    atal'ai hands of healing (4.66956) : +0.175852 %, alt : +3.65533, from: sunken temple
    high councillor's gloves of healing (2.8223) : -0.494709 %, alt : +3.17255, from: random green
    hands of the exalted herald (4.22015) : +0.0127175 %, alt : +2.75529, from: pre-raid
- . - ' - . - ' - . - ' - . - ' - . - ' - . -
waist, whipvine cord (5.43295), alt: 2.49054 -> :
    zandalar confessor's bindings (5.20389) : -0.0829365 %, alt : +4.11689, from: zg
    firemaw's clutch (3.75128) : -0.608875 %, alt : +2.9043, from: bwl
- . - ' - . - ' - . - ' - . - ' - . - ' - . -
legs, empowered leggings (5.4552), alt: 6.08316 -> :
- . - ' - . - ' - . - ' - . - ' - . - ' - . -
feet, boots of transcendence (4.7457), alt: 3.04071 -> :
    boots of pure thought (4.61816) : -0.0461922 %, alt : +4.71851, from: bwl
- . - ' - . - ' - . - ' - . - ' - . - ' - . -
finger, pure elementium band (5.0799), alt: 4.02405 -> :
- . - ' - . - ' - . - ' - . - ' - . - ' - . -
finger 2, fordring's seal (-0.902344), alt: 2.73621 -> :
    pure elementium band (0.433258) : +0.488318 %, alt : +4.02405, from: bwl
    cauterizing band (1.55103) : +0.896992 %, alt : +3.61501, from: mc
    primalist's seal (1.91379) : +1.02962 %, alt : +2.44255, from: zg
    ring of spellpower (1.177) : +0.760243 %, alt : +2.27596, from: mc
    mindtear band (1.14178) : +0.747367 %, alt : +2.06866, from: taerar
    rosewine circle (0.167267) : +0.391067 %, alt : +2.04803, from: pre-raid
    band of servitude (-0.638397) : +0.0965031 %, alt : +1.91812, from: zg
    band of forced concentration (-0.64798) : +0.0929996 %, alt : +1.8908, from: bwl
    eye of orgrimmar (2.13654) : +1.11106 %, alt : +1.49953, from: pre-raid
    maiden's circle (1.38931) : +0.837867 %, alt : +1.49953, from: pre-raid
    ring of blackrock (1.05881) : +0.717029 %, alt : +1.3967, from: bwl
    zanzil's seal (0.332642) : +0.451531 %, alt : +1.12737, from: zg
    band of sulfuras (-0.827271) : +0.027448 %, alt : +0.848045, from: mc
    ring of demonic guile (-0.760651) : +0.0518053 %, alt : +0.426249, from: pre-raid
    primalist's band (-0.760651) : +0.0518053 %, alt : +0.426249, from: zg
    ring of binding (0) : +0.329912 %, alt : +0, from: onyxia
- . - ' - . - ' - . - ' - . - ' - . - ' - . -
trinket, rejuvenating gem (3.65335), alt: 4.63821 -> :
    hazza'rah's charm of healing (0) : -1.32385 %, alt : +1.58628, from: zg
    darkmoon card: blue dragon (1.38501) : -0.821969 %, alt : +0, from: 
- . - ' - . - ' - . - ' - . - ' - . - ' - . -
trinket 2, hazza'rah's charm of healing (7.31299), alt: 1.58627 -> :
    rejuvenating gem (-3.87177) : -4.05297 %, alt : +4.63823, from: bwl
    hibernation crystal (1.35211) : -2.16002 %, alt : +4.06915, from: ysondre
    zandalarian hero charm (5.30313) : -0.728304 %, alt : +2.75874, from: zg
    royal seal of eldre'thalas (4.46902) : -1.03056 %, alt : +2.31432, from: pre-raid
    briarwood reed (4.45956) : -1.03398 %, alt : +2.00009, from: pre-raid
    hazza'rah's charm of healing (7.31299) : +0 %, alt : +1.58628, from: zg
    darkmoon card: blue dragon (0.207184) : -2.5749 %, alt : +0, from: 
- - - - - - - - - - - - - - - - - - - - - - - - - - - - - - - - - - - - - - - - - 
| Upgrades at start level, from start item to candidate, partial bonuses: 1: |
  alt scores are from least squares fit, special score from e.g. set bonuses as s are part of em
. . . . . . . . . . . . . . . . . . . . . . . . . . . . . . . . . . . . . . . . . 
- . - ' - . - ' - . - ' - . - ' - . - ' - . -
head, zulian headdress (4.57828), alt: 4.34634 -> :
    crystal adorned crown (7.4155) : +1.06461 %, alt : +6.86131, from: azuregos
    eternal crown of healing (4.71399) : +0.0509231 %, alt : +4.41399, from: random green
    halo of transcendence (3.37283) : -0.452319 %, alt : +4.30602, from: onyxia
- . - ' - . - ' - . - ' - . - ' - . - ' - . -
neck, jin'do's evil eye (4.38968), alt: 3.44022 -> :
- . - ' - . - ' - . - ' - . - ' - . - ' - . -
shoulders, zandalar confessor's mantle (4.48044), alt: 3.98849 -> :
    zandalar confessor's mantle (4.48044) : +0 %, alt : +3.9885, from: zg
    pauldrons of transcendence (1.33389) : -1.18068 %, alt : +2.71497, from: bwl
- . - ' - . - ' - . - ' - . - ' - . - ' - . -
back, hide of the wild (4.24689), alt: 3.26538 -> :
- . - ' - . - ' - . - ' - . - ' - . - ' - . -
chest, truefaith vestments (5.5817), alt: 5.09225 -> :
    robes of transcendence (3.90085) : -0.630704 %, alt : +4.92674, from: bwl
- . - ' - . - ' - . - ' - . - ' - . - ' - . -
wrists, bindings of transcendence (1.35529), alt: 2.75528 -> :
    bindings of transcendence (1.35529) : +0 %, alt : +2.75529, from: bwl
    flameweave cuffs of healing (3.07513) : +0.645338 %, alt : +2.27596, from: brd
- . - ' - . - ' - . - ' - . - ' - . - ' - . -
two-hand, benediction (5.9426), alt: 9.11392 -> :
    lok'amir il romathis and lei of the lifegiver (7.8699) : +0.723183 %, alt : +10.1411, from: bwl, av rep
    lok'amir il romathis and brightly glowing stone (6.32489) : +0.143448 %, alt : +9.00888, from: bwl, pre-raid
- . - ' - . - ' - . - ' - . - ' - . - ' - . -
ranged, dragon's touch (1.04846), alt: 0.856262 -> :
    lunar wand of healing (1.54553) : +0.186516 %, alt : +1.37937, from: random green
    bonecreeper stylus (1.35245) : +0.114064 %, alt : +0.90614, from: pre-raid
- . - ' - . - ' - . - ' - . - ' - . - ' - . -
hands, handguards of transcendence (1.40085), alt: 3.06763 -> :
    atal'ai hands of healing (6.08325) : +1.75698 %, alt : +3.65533, from: sunken temple
    high councillor's gloves of healing (4.06573) : +0.999945 %, alt : +3.17255, from: random green
    handguards of transcendence (1.40085) : +0 %, alt : +3.06764, from: bwl
    hands of the exalted herald (3.13489) : +0.650663 %, alt : +2.75529, from: pre-raid
- . - ' - . - ' - . - ' - . - ' - . - ' - . -
waist, whipvine cord (4.27771), alt: 2.49054 -> :
    firemaw's clutch (4.57166) : +0.110297 %, alt : +2.9043, from: bwl
    zandalar confessor's bindings (3.67072) : -0.227762 %, alt : +2.53061, from: zg
- . - ' - . - ' - . - ' - . - ' - . - ' - . -
legs, empowered leggings (7.2446), alt: 6.08316 -> :
    leggings of transcendence (3.28284) : -1.48657 %, alt : +4.01398, from: mc
- . - ' - . - ' - . - ' - . - ' - . - ' - . -
feet, boots of transcendence (1.41403), alt: 3.04071 -> :
    boots of pure thought (5.32959) : +1.46923 %, alt : +4.71851, from: bwl
    boots of transcendence (1.41403) : +0 %, alt : +3.04072, from: bwl
- . - ' - . - ' - . - ' - . - ' - . - ' - . -
finger, pure elementium band (4.41809), alt: 4.02405 -> :
- . - ' - . - ' - . - ' - . - ' - . - ' - . -
finger 2, fordring's seal (3.90326), alt: 2.73621 -> :
    pure elementium band (4.35651) : +0.170072 %, alt : +4.02405, from: bwl
    cauterizing band (4.1474) : +0.0916088 %, alt : +3.61501, from: mc
    primalist's seal (3.85086) : -0.0196615 %, alt : +3.58053, from: zg
- . - ' - . - ' - . - ' - . - ' - . - ' - . -
trinket, rejuvenating gem (5.95386), alt: 4.63821 -> :
    hazza'rah's charm of healing (0) : -2.23406 %, alt : +1.58628, from: zg
    darkmoon card: blue dragon (0.488464) : -2.05078 %, alt : +0, from: 
- . - ' - . - ' - . - ' - . - ' - . - ' - . -
trinket 2, hazza'rah's charm of healing (12.2328), alt: 1.58627 -> :
    rejuvenating gem (3.68402) : -3.20775 %, alt : +4.63823, from: bwl
    hibernation crystal (2.17084) : -3.77554 %, alt : +4.06915, from: ysondre
    zandalarian hero charm (0.492722) : -4.40522 %, alt : +2.75874, from: zg
    royal seal of eldre'thalas (0.670883) : -4.33837 %, alt : +2.31432, from: pre-raid
    briarwood reed (0.806305) : -4.28756 %, alt : +2.00009, from: pre-raid
    hazza'rah's charm of healing (12.2328) : +0 %, alt : +1.58628, from: zg
    darkmoon card: blue dragon (0.297043) : -4.47865 %, alt : +0, from: 
- - - - - - - - - - - - - - - - - - - - - - - - - - - - - - - - - - - - - - - - - 
| Upgrades at start level, from start item to candidate, partial bonuses: 0: |
  alt scores are from least squares fit, special score from e.g. set bonuses as s are part of em
. . . . . . . . . . . . . . . . . . . . . . . . . . . . . . . . . . . . . . . . . 
- . - ' - . - ' - . - ' - . - ' - . - ' - . -
head, zulian headdress (3.86032), alt: 4.34634 -> :
    crystal adorned crown (7.8223) : +1.49508 %, alt : +6.86131, from: azuregos
    eternal crown of healing (4.7265) : +0.326859 %, alt : +4.41399, from: random green
    halo of transcendence (2.38544) : -0.556558 %, alt : +4.30602, from: onyxia
    green lens of healing (4.17999) : +0.12063 %, alt : +3.7243, from: pre-raid
- . - ' - . - ' - . - ' - . - ' - . - ' - . -
neck, jin'do's evil eye (3.09116), alt: 3.44022 -> :
- . - ' - . - ' - . - ' - . - ' - . - ' - . -
shoulders, zandalar confessor's mantle (3.22113), alt: 3.98849 -> :
    zandalar confessor's mantle (3.22113) : +0 %, alt : +3.9885, from: zg
    pauldrons of transcendence (1.2048) : -0.760875 %, alt : +2.71497, from: bwl
- . - ' - . - ' - . - ' - . - ' - . - ' - . -
back, hide of the wild (2.94998), alt: 3.26538 -> :
- . - ' - . - ' - . - ' - . - ' - . - ' - . -
chest, truefaith vestments (5.37061), alt: 5.09225 -> :
    robes of transcendence (3.69431) : -0.632563 %, alt : +4.92674, from: bwl
- . - ' - . - ' - . - ' - . - ' - . - ' - . -
wrists, bindings of transcendence (-2.2536), alt: 2.75528 -> :
    bindings of transcendence (-2.2536) : +0 %, alt : +2.75529, from: bwl
    flameweave cuffs of healing (3.11716) : +2.02669 %, alt : +2.27596, from: brd
- . - ' - . - ' - . - ' - . - ' - . - ' - . -
two-hand, benediction (5.28827), alt: 9.11392 -> :
    lok'amir il romathis and lei of the lifegiver (6.81342) : +0.575525 %, alt : +10.1411, from: bwl, av rep
    lok'amir il romathis and brightly glowing stone (5.80807) : +0.196152 %, alt : +9.00888, from: bwl, pre-raid
- . - ' - . - ' - . - ' - . - ' - . - ' - . -
ranged, dragon's touch (1.0621), alt: 0.856262 -> :
    lunar wand of healing (2.67734) : +0.60952 %, alt : +1.37937, from: random green
    bonecreeper stylus (1.5011) : +0.165658 %, alt : +0.90614, from: pre-raid
- . - ' - . - ' - . - ' - . - ' - . - ' - . -
hands, handguards of transcendence (-1.72327), alt: 3.06763 -> :
    atal'ai hands of healing (4.79117) : +2.45827 %, alt : +3.65533, from: sunken temple
    high councillor's gloves of healing (4.31741) : +2.27949 %, alt : +3.17255, from: random green
    handguards of transcendence (-1.72327) : +0 %, alt : +3.06764, from: bwl
    hands of the exalted herald (4.23172) : +2.24716 %, alt : +2.75529, from: pre-raid
- . - ' - . - ' - . - ' - . - ' - . - ' - . -
waist, whipvine cord (2.73148), alt: 2.49054 -> :
    firemaw's clutch (2.95502) : +0.0843548 %, alt : +2.9043, from: bwl
    zandalar confessor's bindings (1.85571) : -0.330475 %, alt : +2.53061, from: zg
- . - ' - . - ' - . - ' - . - ' - . - ' - . -
legs, empowered leggings (3.60107), alt: 6.08316 -> :
    leggings of transcendence (0.472992) : -1.1804 %, alt : +4.01398, from: mc
- . - ' - . - ' - . - ' - . - ' - . - ' - . -
feet, boots of transcendence (-1.83588), alt: 3.04071 -> :
    boots of pure thought (5.40857) : +2.73374 %, alt : +4.71851, from: bwl
    boots of transcendence (-1.83588) : +0 %, alt : +3.04072, from: bwl
    snowblind shoes (2.45319) : +1.61851 %, alt : +2.62365, from: azuregos
- . - ' - . - ' - . - ' - . - ' - . - ' - . -
finger, pure elementium band (3.70032), alt: 4.02405 -> :
- . - ' - . - ' - . - ' - . - ' - . - ' - . -
finger 2, fordring's seal (3.16879), alt: 2.73621 -> :
    pure elementium band (4.74384) : +0.594353 %, alt : +4.02405, from: bwl
    cauterizing band (4.5336) : +0.515019 %, alt : +3.61501, from: mc
- . - ' - . - ' - . - ' - . - ' - . - ' - . -
trinket, rejuvenating gem (4.04736), alt: 4.63821 -> :
    hazza'rah's charm of healing (0) : -1.5273 %, alt : +1.58628, from: zg
    darkmoon card: blue dragon (-0.439148) : -1.69302 %, alt : +0, from: 
- . - ' - . - ' - . - ' - . - ' - . - ' - . -
trinket 2, hazza'rah's charm of healing (11.2453), alt: 1.58627 -> :
    rejuvenating gem (3.75551) : -2.82632 %, alt : +4.63823, from: bwl
    hibernation crystal (2.52388) : -3.29108 %, alt : +4.06915, from: ysondre
    zandalarian hero charm (1.28708) : -3.7578 %, alt : +2.75874, from: zg
    royal seal of eldre'thalas (0.811707) : -3.93718 %, alt : +2.31432, from: pre-raid
    briarwood reed (0.82869) : -3.93077 %, alt : +2.00009, from: pre-raid
    hazza'rah's charm of healing (11.2453) : +0 %, alt : +1.58628, from: zg
    darkmoon card: blue dragon (0.297043) : -4.13139 %, alt : +0, from: 
------------------
Best value: 276.327
