Your call: ./css 4 ../items/phase5.csv ../items/not_for_priests.txt no-locks fika_bwl_speed_phase5 -a ../confs/wcl_bwl_speed_log.csv -l fika_speed.txt 
Found: -a, val: ../confs/wcl_bwl_speed_log.csv
./css 4 ../items/phase5.csv ../items/not_for_priests.txt no-locks fika_bwl_speed_phase5 -l fika_speed.txt 
Found key: buff_fraction, saw val: 1
Found key: healing_from_crit_fraction, saw val: 0.2
Found key: transc8_exists, saw val: 0
Found key: enchantments, saw val: 1
Found key: fort, saw val: 1
Found key: motw, saw val: 1
Found key: spirit, saw val: 1
Found key: ai, saw val: 1
Found key: flask, saw val: 1
Found key: holy_disc, saw val: 0
Found key: min_combat_length, saw val: 2
Found key: max_log_entry_diff_in_combat, saw val: 10
Found key: precast, saw val: 1
Found key: swap_cast, saw val: 1
Found key: time_step, saw val: 0.1
Found key: reaction_time, saw val: 0.1
Found key: skip_player, saw val: Paisti
Found key: use_deficit_time_sum, saw val: 0
Found key: wcl_log, saw val: 1
Found: -l, val: fika_speed.txt
./css 4 ../items/phase5.csv ../items/not_for_priests.txt no-locks fika_bwl_speed_phase5 
Will read log from: fika_speed.txt
./css 4 ../items/phase5.csv ../items/not_for_priests.txt no-locks fika_bwl_speed_phase5 
./css 4 ../items/phase5.csv ../items/not_for_priests.txt no-locks fika_bwl_speed_phase5 
Shuffle seed: 1624277110
Reading banned from: ../items/not_for_priests.txt
Banning: neltharion's tear
Banning: lok'amir il romathis
Banning: choker of the fire lord
Reading WCL parsed log: fika_speed.txt
Saw 17557 lines of log, with 17557 log lines
Sorting by timestamp...
Sorted.
Pruning log from: 17557 entries.
Combat from 0 to 13.41 s
Combat from 51.06 to 59.566 s
Combat from 67.263 to 234.07 s
Combat from 238.961 to 326.792 s
Combat from 341.125 to 345.466 s
Combat from 387.855 to 408.222 s
Combat from 428.786 to 472.512 s
Combat from 482.234 to 696.993 s
Combat from 714.39 to 751.255 s
Combat from 764.174 to 1128.49 s
Combat from 1146.66 to 1221.95 s
Combat from 1261.26 to 1391.14 s
Combat from 1402.89 to 1440.74 s
Combat from 1442.6 to 1475.45 s
Pruned to: 17487 entries.
Reading tmp locked from: start_with.txt
Locking: anastari heirloom
Locking: anathema
Locking: animated chain necklace
Locking: argent crusader
Locking: atal'ai gloves of the owl
Locking: ban'thok sash
Locking: banshee finger
Locking: benediction
Locking: blood of the martyr
Locking: briarwood reed
Locking: burial shawl
Locking: clutch of andros
Locking: crimson felt hat
Locking: cyclopean band
Locking: devout belt
Locking: devout bracers
Locking: devout crown
Locking: devout mantle
Locking: devout robe
Locking: devout sandals
Locking: devout skirt
Locking: dragon finger of healing
Locking: dragon finger of intellect
Locking: dragonrider boots
Locking: dragonslayer's signet
Locking: drakefire amulet
Locking: dreadmist mantle
Locking: dreamweave circlet
Locking: dreamweave gloves
Locking: dreamweave vest
Locking: elder magus pendant
Locking: eye of the beast
Locking: fordring's seal
Locking: girdle of prophecy
Locking: gloves of prophecy
Locking: grimgore noose
Locking: halo of transcendence
Locking: heart of the fiend
Locking: hide of the wild
Locking: kentic amice
Locking: magister's robes
Locking: maleki's footwraps
Locking: mindtap talisman
Locking: nature's breath
Locking: necropile boots
Locking: necropile cuffs
Locking: necropile leggings
Locking: necropile mantle
Locking: necropile robe
Locking: noxious shooter
Locking: omnicast boots
Locking: orb of the forgotten seer
Locking: padre's trousers
Locking: penelope's rose
Locking: quel'dorai channeling rod
Locking: raincaster drape
Locking: rainstrider leggings
Locking: ring of demonic guile
Locking: ring of demonic guile
Locking: robes of prophecy
Locking: robes of the exalted
Locking: robes of the royal crown
Locking: rod of corrosion
Locking: rosewine circle
Locking: royal seal of eldre'thalas
Locking: royal tribunal cloak
Locking: sarah's guide
Locking: seal of rivendare
Locking: seal of rivendare
Locking: shadowy laced handwraps
Locking: silkweb gloves
Locking: soulstealer mantle
Locking: spellbound tome
Locking: spritecaster cape
Locking: star of mystaria
Locking: starfire tiara
Locking: stormrager
Locking: sublime wristguards
Locking: the hammer of grace
Locking: the postmaster's treads
Locking: thuzadin sash
Locking: triune amulet
Locking: vinerot sandals
Locking: whipvine cord
Locking: wolfshear leggings
Locking: boots of the full moon
Locking: mantle of prophecy
Locking: dragon's touch
Locking: bindings of transcendence
Locking: shimmering geta
Locking: empowered leggings
Locking: seal of the archmagus
Locking: circlet of prophecy
Locking: boots of prophecy
Locking: pauldrons of transcendence
Locking: primalist's seal
Locking: zandalar confessor's bindings
Locking: zulian headdress
Locking: mar'li's eye
Locking: shroud of pure thought
Locking: belt of transcendence
Locking: jin'do's evil eye
Locking: primalist's band
Locking: zandalarian hero charm
Locking: zandalar confessor's mantle
Locking: zandalar confessor's wraps 
Locking: pure elementium band
Locking: truefaith vestments
Locking: vambraces of prophecy
Locking: hazza'rah's charm of healing
Locking: handguards of transcendence
Locking: boots of transcendence
Optimizing start items...

*** NEW BEST (1): 173.642

*** NEW BEST (1): 182.338

*** NEW BEST (1): 187.48

*** NEW BEST (1): 190.794

*** NEW BEST (1): 200.033

*** NEW BEST (1): 205.213

*** NEW BEST (1): 209.232

*** NEW BEST (1): 210.656

*** NEW BEST (1): 214.844

*** NEW BEST (1): 218.89

*** NEW BEST (1): 220.714

*** NEW BEST (1): 225.319

*** NEW BEST (1): 226.435

*** NEW BEST (1): 228.988

*** NEW BEST (1): 231.179

*** NEW BEST (1): 238.654
**
*** NEW BEST (1): 239.28

*** NEW BEST (1): 240.893

*** NEW BEST (1): 241.162

*** NEW BEST (1): 241.757

*** NEW BEST (1): 241.782

*** NEW BEST (1): 244.62
*
*** NEW BEST (1): 245.082

*** NEW BEST (1): 245.109
********
*** NEW BEST (0): 203.86
Based on last: 3000 entries, out of total: 4012 entries, The least-squares solution is:
Int: 40.1197
Spirit: 15.9567
Sp / Healing: 100
Mp5: 99.3943
Crit: 431.738
T1 3p/piece: 1002.92
T2 3p/piece: 2097.94
100 points == 1 sp == 0.0691183 hps.
finger 2 : cyclopean band -> pure elementium band => val: 203.86 -> 208.934

*** NEW BEST (0): 208.934
Based on last: 3000 entries, out of total: 4042 entries, The least-squares solution is:
Int: 38.3807
Spirit: 19.2801
Sp / Healing: 100
Mp5: 100.834
Crit: 408.258
T1 3p/piece: 999.809
T2 3p/piece: 2090.53
100 points == 1 sp == 0.069085 hps.
chest : dreamweave vest -> truefaith vestments => val: 208.934 -> 214.232

*** NEW BEST (0): 214.232
Based on last: 3000 entries, out of total: 4062 entries, The least-squares solution is:
Int: 40.9251
Spirit: 21.4553
Sp / Healing: 100
Mp5: 103.131
Crit: 424.278
T1 3p/piece: 929.379
T2 3p/piece: 2000.81
100 points == 1 sp == 0.0690497 hps.
ranged : dragon finger of intellect -> dragon's touch => val: 212.447 -> 215.324

*** NEW BEST (0): 215.324
Based on last: 3000 entries, out of total: 4115 entries, The least-squares solution is:
Int: 40.3153
Spirit: 22.695
Sp / Healing: 100
Mp5: 114.392
Crit: 423.717
T1 3p/piece: 857.415
T2 3p/piece: 1907.36
100 points == 1 sp == 0.0699494 hps.
wrists : devout bracers -> bindings of transcendence => val: 215.324 -> 216.32

*** NEW BEST (0): 216.32
Based on last: 3000 entries, out of total: 4134 entries, The least-squares solution is:
Int: 41.6295
Spirit: 21.9382
Sp / Healing: 100
Mp5: 114.491
Crit: 422.119
T1 3p/piece: 918.13
T2 3p/piece: 1892.13
100 points == 1 sp == 0.0699574 hps.
legs : devout skirt -> empowered leggings => val: 216.32 -> 222.799

*** NEW BEST (0): 222.799
Based on last: 3000 entries, out of total: 4154 entries, The least-squares solution is:
Int: 41.2651
Spirit: 29.8478
Sp / Healing: 100
Mp5: 120.715
Crit: 401.386
T1 3p/piece: 801.818
T2 3p/piece: 1757.72
100 points == 1 sp == 0.0701503 hps.
waist : ban'thok sash -> zandalar confessor's bindings => val: 222.799 -> 229.361

*** NEW BEST (0): 229.361
Based on last: 3000 entries, out of total: 4196 entries, The least-squares solution is:
Int: 43.3015
Spirit: 30.267
Sp / Healing: 100
Mp5: 119.608
Crit: 409.461
T1 3p/piece: 803.362
T2 3p/piece: 1663.04
100 points == 1 sp == 0.0704971 hps.
trinket : briarwood reed -> zandalarian hero charm => val: 228.178 -> 228.948
hands : atal'ai gloves of the owl -> handguards of transcendence => val: 228.948 -> 231.97

*** NEW BEST (0): 231.97
Based on last: 3000 entries, out of total: 4252 entries, The least-squares solution is:
Int: 45.5118
Spirit: 30.4476
Sp / Healing: 100
Mp5: 124.203
Crit: 390.625
T1 3p/piece: 699.48
T2 3p/piece: 1451.1
100 points == 1 sp == 0.0715733 hps.
two-hand :   the hammer of grace orb of the forgotten seer -> benediction    => val: 231.97 -> 236.519

*** NEW BEST (0): 236.519
Based on last: 3000 entries, out of total: 4302 entries, The least-squares solution is:
Int: 46.0295
Spirit: 35.6669
Sp / Healing: 100
Mp5: 124.848
Crit: 371.802
T1 3p/piece: 723.719
T2 3p/piece: 1410.96
100 points == 1 sp == 0.0710015 hps.
finger : blood of the martyr -> fordring's seal => val: 236.519 -> 238.769

*** NEW BEST (0): 238.769
Based on last: 3000 entries, out of total: 4332 entries, The least-squares solution is:
Int: 46.1092
Spirit: 36.2828
Sp / Healing: 100
Mp5: 124.962
Crit: 374.726
T1 3p/piece: 765.741
T2 3p/piece: 1389.12
100 points == 1 sp == 0.0709676 hps.
head : crimson felt hat -> halo of transcendence => val: 238.769 -> 240.561

*** NEW BEST (0): 240.561
Based on last: 3000 entries, out of total: 4356 entries, The least-squares solution is:
Int: 46.7747
Spirit: 37.3961
Sp / Healing: 100
Mp5: 122.542
Crit: 397.413
T1 3p/piece: 714.854
T2 3p/piece: 1344.7
100 points == 1 sp == 0.0710596 hps.
*shoulders : soulstealer mantle -> pauldrons of transcendence => val: 240.561 -> 242.098

*** NEW BEST (0): 242.098
Based on last: 3000 entries, out of total: 4672 entries, The least-squares solution is:
Int: 48.7004
Spirit: 32.1802
Sp / Healing: 100
Mp5: 122.778
Crit: 446.149
T1 3p/piece: 549.039
T2 3p/piece: 1276.42
100 points == 1 sp == 0.0721175 hps.
********
Read starting items and cleared locks.
 ----------------------------
 --- head --- 
name: halo of transcendence
slot: head
intelligence: 27
stamina: 17
spirit: 22
sp_healing: 48
fire_res: 10
frost_res: 10
armor: 94
 ----------------------------
 --- neck --- 
name: jin'do's evil eye
slot: neck
intelligence: 11
stamina: 5
spirit: 6
sp_healing: 44
 ----------------------------
 --- shoulders --- 
name: pauldrons of transcendence
slot: shoulders
intelligence: 25
stamina: 12
spirit: 13
sp_healing: 26
fire_res: 10
armor: 87
 ----------------------------
 --- back --- 
name: hide of the wild
slot: back
intelligence: 10
stamina: 8
sp_healing: 42
armor: 48
 ----------------------------
 --- chest --- 
name: truefaith vestments
slot: chest
stamina: 14
sp_healing: 73
mp5: 6
armor: 96
 ----------------------------
 --- wrists --- 
name: bindings of transcendence
slot: wrists
intelligence: 13
stamina: 9
spirit: 16
sp_healing: 33
armor: 51
 ----------------------------
 --- two-hand --- 
name: benediction
slot: two-hand
intelligence: 31
stamina: 10
spirit: 12
sp_healing: 106
spell_crit: 2
shadow_res: 20
 ----------------------------
 ---  --- 
name: 
slot: 
 ----------------------------
 ---  --- 
name: 
slot: 
 ----------------------------
 ---  --- 
name: 
slot: 
 ----------------------------
 --- ranged --- 
name: dragon's touch
slot: ranged
intelligence: 12
stamina: 7
sp: 6
 ----------------------------
 --- hands --- 
name: handguards of transcendence
slot: hands
intelligence: 20
stamina: 12
spirit: 13
sp_healing: 29
spell_crit: 1
armor: 72
 ----------------------------
 --- waist --- 
name: zandalar confessor's bindings
slot: waist
intelligence: 20
stamina: 12
spirit: 12
sp_healing: 26
armor: 53
 ----------------------------
 --- legs --- 
name: empowered leggings
slot: legs
intelligence: 12
stamina: 12
spirit: 24
sp_healing: 77
spell_crit: 1
armor: 103
 ----------------------------
 --- feet --- 
name: boots of transcendence
slot: feet
intelligence: 17
stamina: 17
spirit: 17
sp_healing: 35
fire_res: 10
armor: 80
 ----------------------------
 --- finger --- 
name: fordring's seal
slot: finger
intelligence: 5
stamina: 4
sp_healing: 37
 ----------------------------
 --- finger --- 
name: pure elementium band
slot: finger
intelligence: 10
stamina: 9
spirit: 10
sp_healing: 53
 ----------------------------
 --- trinket --- 
name: zandalarian hero charm
slot: trinket
sp: 20
sp_healing: 20
 ----------------------------
 --- trinket --- 
name: hazza'rah's charm of healing
slot: trinket
 ----------------------------
 --- Set bonuses ---
name: confessor's 2 hazza'rah's 1 transcendence 3 
slot: Set bonuses
sp: 23
 --- And counts for start items ---
oh_limit: 0.9
time_left_mul: 0.5
total_deficit_to_pop_trinkets: 10000
in combat total: 1238.9
Flash Heal 1, casts: 54, avg: 452.052, 8.13871%, cast time 6.53806% of in combat, overheal: 0.270387
Flash Heal 2, casts: 15, avg: 677.553, 3.3885%, cast time 1.81613% of in combat, overheal: 0.041345
Flash Heal 3, casts: 8, avg: 658.169, 1.7555%, cast time 0.968601% of in combat, overheal: 0.163761
Flash Heal 4, casts: 15, avg: 750.307, 3.75235%, cast time 1.81613% of in combat, overheal: 0.140207
Flash Heal 5, casts: 20, avg: 885.773, 5.90644%, cast time 2.4215% of in combat, overheal: 0.124238
Flash Heal 6, casts: 13, avg: 1047.03, 4.53812%, cast time 1.57398% of in combat, overheal: 0.0967955
Flash Heal 7, casts: 141, avg: 1251.65, 58.8403%, cast time 17.0716% of in combat, overheal: 0.072567
Greater Heal 1 hazz, casts: 9, avg: 1368.97, 4.10781%, cast time 1.08968% of in combat, overheal: 0.245927
Greater Heal 2 hazz, casts: 3, avg: 1987.15, 1.98758%, cast time 0.363225% of in combat, overheal: 0.052486
Greater Heal 3 hazz, casts: 2, avg: 2320.45, 1.5473%, cast time 0.24215% of in combat, overheal: 0.0422834
Greater Heal 4, casts: 1, avg: 2804.61, 0.935073%, cast time 0.201792% of in combat, overheal: 0
Greater Heal 4 hazz, casts: 6, avg: 2550.57, 5.10226%, cast time 0.726451% of in combat, overheal: 0.0905782
Total time casting: 431.5, which is: 34.8293% of time in combat.
Total hps: 242.098, raw hps: 271.324, oh: 0.10772
Deficit time sum: 1.63062e+07, baseline: 2.18547e+07
Deficit*time change / s: 4478.57 hp
Number of combats: 14
Average mana at start of combat: 10318.4
Average mana at end of combat: 8822.94
Other players with hps > 100:
  Anderhage : 181.159 hps
  Avashock : 154.099 hps
  Firali : 190.291 hps
  Mysburgarn : 120.543 hps
  Naturn : 169.14 hps
  Takyon : 172.586 hps
  Xnetica : 131.554 hps
  Zanzor : 158.211 hps
Reading locked from: no-locks
Setting tag name to: fika_bwl_speed_phase5
.
*** NEW BEST (1): 262.057

*** NEW BEST (1): 262.629

*** NEW BEST (1): 265.291

*** NEW BEST (1): 265.549

*** NEW BEST (1): 268.49

*** NEW BEST (1): 269.449

*** NEW BEST (1): 273.081

*** NEW BEST (1): 273.194
.
*** NEW BEST (1): 276.36

*** NEW BEST (1): 279.873
.......
*** NEW BEST (1): 280.701
Temporary bans and partial set bonuses off.
.hands : handguards of transcendence -> atal'ai hands of healing => val: 281.394 -> 283.284

*** NEW BEST (0): 283.284
Based on last: 3000 entries, out of total: 9864 entries, The least-squares solution is:
Int: 0
Spirit: 0
Sp / Healing: 100
Mp5: 0
Crit: 705.8
T1 3p/piece: 0
T2 3p/piece: 0
100 points == 1 sp == 0.0432786 hps.
.
*** NEW BEST (0): 285.304
Based on last: 3000 entries, out of total: 10068 entries, The least-squares solution is:
Int: 0
Spirit: 0
Sp / Healing: 100
Mp5: 0
Crit: 755.505
T1 3p/piece: 0
T2 3p/piece: 0
100 points == 1 sp == 0.0455592 hps.
No swappies for item bonuses found. (best matching was empty)
..***** INTERMEDIATE RESULTS *****
Iteration: 13
 ----------------------------
 --- head --- 
name: crystal adorned crown
slot: head
intelligence: 14
spirit: 13
sp_healing: 92
armor: 85
 ----------------------------
 --- neck --- 
name: amulet of the fallen god
slot: neck
intelligence: 11
sp_healing: 57
mp5: 6
 ----------------------------
 --- shoulders --- 
name: zandalar confessor's mantle
slot: shoulders
intelligence: 24
stamina: 11
spirit: 15
sp_healing: 22
armor: 78
 ----------------------------
 --- back --- 
name: hide of the wild
slot: back
intelligence: 10
stamina: 8
sp_healing: 42
armor: 48
 ----------------------------
 --- chest --- 
name: truefaith vestments
slot: chest
stamina: 14
sp_healing: 73
mp5: 6
armor: 96
 ----------------------------
 --- wrists --- 
name: bracelets of royal redemption
slot: wrists
intelligence: 10
stamina: 8
spirit: 9
sp_healing: 53
armor: 54
 ----------------------------
 ---  --- 
name: 
slot: 
 ----------------------------
 --- main hand --- 
name: scepter of the false prophet
slot: main hand
intelligence: 19
stamina: 10
sp_healing: 187
mp5: 3
 ----------------------------
 ---  --- 
name: 
slot: 
 ----------------------------
 --- off hand --- 
name: lei of the lifegiver
slot: off hand
sp_healing: 53
mp5: 3
 ----------------------------
 --- ranged --- 
name: lunar wand of healing
slot: ranged
sp_healing: 20
 ----------------------------
 --- hands --- 
name: atal'ai hands of healing
slot: hands
sp: 9
sp_healing: 44
armor: 47
 ----------------------------
 --- waist --- 
name: grasp of the old god
slot: waist
intelligence: 19
stamina: 15
sp_healing: 59
mp5: 7
armor: 75
 ----------------------------
 --- legs --- 
name: empowered leggings
slot: legs
intelligence: 12
stamina: 12
spirit: 24
sp_healing: 77
spell_crit: 1
armor: 103
 ----------------------------
 --- feet --- 
name: boots of pure thought
slot: feet
intelligence: 12
stamina: 8
spirit: 12
sp_healing: 62
armor: 74
 ----------------------------
 --- finger --- 
name: ring of the martyr
slot: finger
stamina: 10
sp_healing: 51
mp5: 5
 ----------------------------
 --- finger --- 
name: pure elementium band
slot: finger
intelligence: 10
stamina: 9
spirit: 10
sp_healing: 53
 ----------------------------
 --- trinket --- 
name: rejuvenating gem
slot: trinket
sp_healing: 66
mp5: 9
 ----------------------------
 --- trinket --- 
name: hazza'rah's charm of healing
slot: trinket
 ----------------------------
 --- Set bonuses ---
name: confessor's 2 hazza'rah's 1 
slot: Set bonuses
sp: 23
------------------
Best value: 285.304
------------------
Char stats: 
Effective hp: 8408
Effective mana (100 s, 33 % out of fsr): 15540.9
Raw max mana: 9750.27
Int: 373.98
Stam: 380.88
Spirit: 388.93
Strength: 79.58
Agility: 84.18
All stats multiplier (taken into account above): 1.15
Bonus mana: 2000
Bonus hp: 0
Mp5: 177
Sp: 32
Sp shadow: 0
Sp healing: 1171
Spell crit: 19
Spell hit: 0
Arcane res: 27
Nature res: 27
Fire res: 27
Frost res: 27
Shadow res: 27
Armor: 2858.75
Defense: 300
Dodge: 0
Parry: 0
HpsPvp: 1055.72
ShadowDps: 223.541
Value pvp healing: 1891.06
Value pvp shadow: 84.7854
Effective hp-pvp: 10448.8
Effecctive mana for 100 s, 0.33 fsr: 17158.9
------------------
Best counts:
oh_limit: 0.8
time_left_mul: 2.9
total_deficit_to_pop_trinkets: 3058.22
in combat total: 1238.9
Flash Heal 1, casts: 14, avg: 406.875, 1.61155%, cast time 1.69505% of in combat, overheal: 0.47202
Flash Heal 2, casts: 4, avg: 788.566, 0.892387%, cast time 0.484301% of in combat, overheal: 0.0799943
Flash Heal 3, casts: 2, avg: 936.78, 0.530057%, cast time 0.24215% of in combat, overheal: 0
Flash Heal 4, casts: 2, avg: 510, 0.288573%, cast time 0.24215% of in combat, overheal: 0.500834
Flash Heal 5, casts: 3, avg: 772.916, 0.656008%, cast time 0.363225% of in combat, overheal: 0.333333
Flash Heal 6, casts: 2, avg: 1105.51, 0.625528%, cast time 0.24215% of in combat, overheal: 0.153525
Flash Heal 7, casts: 22, avg: 1446.75, 9.00472%, cast time 2.66365% of in combat, overheal: 0.0321786
Greater Heal 1, casts: 10, avg: 1821.01, 5.15191%, cast time 2.01792% of in combat, overheal: 0.137435
Greater Heal 1 hazz, casts: 17, avg: 1443.34, 6.94183%, cast time 2.05828% of in combat, overheal: 0.316327
Greater Heal 2 hazz, casts: 1, avg: 1665, 0.471053%, cast time 0.121075% of in combat, overheal: 0.303553
Greater Heal 3 hazz, casts: 5, avg: 2645.23, 3.74186%, cast time 0.605376% of in combat, overheal: 0.0252623
Greater Heal 4, casts: 39, avg: 2339.76, 25.8161%, cast time 7.86988% of in combat, overheal: 0.243397
Greater Heal 4 hazz, casts: 5, avg: 2525.22, 3.57211%, cast time 0.605376% of in combat, overheal: 0.183423
Heal 2, casts: 109, avg: 1040.77, 32.0948%, cast time 21.9953% of in combat, overheal: 0.345414
Heal 4, casts: 18, avg: 1689.06, 8.60145%, cast time 3.63225% of in combat, overheal: 0.251358
Total time casting: 555.5, which is: 44.8382% of time in combat.
Total hps: 285.304, raw hps: 387.486, oh: 0.263704
Deficit time sum: 1.55571e+07, baseline: 2.18547e+07
Deficit*time change / s: 5083.2 hp
Number of combats: 14
Average mana at start of combat: 9339.48
Average mana at end of combat: 8109.44
Other players with hps > 100:
  Anderhage : 172.001 hps
  Avashock : 154.825 hps
  Firali : 184.927 hps
  Mysburgarn : 116.989 hps
  Naturn : 167.063 hps
  Takyon : 166.269 hps
  Xnetica : 127.892 hps
  Zanzor : 152.357 hps
------------------
Upgrades: 
( following sorted by alt scores, no specials )
benediction, , , (5.51767) -> , scepter of the false prophet, , lei of the lifegiver(10.9342) : 5.41656 = +1.93526%
halo of transcendence(2.18686) -> crystal adorned crown(4.19144) : 2.00458 = +0.707582%
zandalar confessor's bindings(1.18454) -> grasp of the old god(2.68799) : 1.50345 = +0.529755%
boots of transcendence(1.59457) -> boots of pure thought(2.82468) : 1.2301 = +0.433021%
zandalarian hero charm(1.82236) -> rejuvenating gem(3.0069) : 1.18454 = +0.416916%
bindings of transcendence(1.50345) -> bracelets of royal redemption(2.41464) : 0.911194 = +0.320399%
pauldrons of transcendence(1.18454) -> zandalar confessor's mantle(2.05017) : 0.865631 = +0.30433%
handguards of transcendence(1.66544) -> atal'ai hands of healing(2.41464) : 0.749207 = +0.26329%
dragon's touch(0.273346) -> lunar wand of healing(0.911194) : 0.637848 = +0.224068%
fordring's seal(1.6857) -> ring of the martyr(2.32352) : 0.637817 = +0.224058%
jin'do's evil eye(2.00461) -> amulet of the fallen god(2.59686) : 0.592255 = +0.208019%
hide of the wild(1.91348) -> hide of the wild(1.91348) : 0 = +0%
truefaith vestments(3.32584) -> truefaith vestments(3.32584) : 0 = +0%
empowered leggings(3.85226) -> empowered leggings(3.85226) : 0 = +0%
pure elementium band(2.41464) -> pure elementium band(2.41464) : 0 = +0%
hazza'rah's charm of healing(1.04785) -> hazza'rah's charm of healing(1.04785) : 0 = +0%
------------------
~~~~ end of intermediate results ~~~~
Temporary bans and partial set bonuses on.
.
*** NEW BEST (1): 283.04
Based on last: 3000 entries, out of total: 10647 entries, The least-squares solution is:
Int: 10.0595
Spirit: 43.1652
Sp / Healing: 100
Mp5: 0
Crit: 185.772
T1 3p/piece: 0
T2 3p/piece: 0
100 points == 1 sp == 0.0490737 hps.

*** NEW BEST (1): 283.342
Based on last: 3000 entries, out of total: 10651 entries, The least-squares solution is:
Int: 9.44091
Spirit: 43.8534
Sp / Healing: 100
Mp5: 0
Crit: 191.042
T1 3p/piece: 0
T2 3p/piece: 0
100 points == 1 sp == 0.0490568 hps.
...............Temporary bans and partial set bonuses off.
..No swappies for item bonuses found. (best matching was empty)
...***** INTERMEDIATE RESULTS *****
Iteration: 34
 ----------------------------
 --- head --- 
name: crystal adorned crown
slot: head
intelligence: 14
spirit: 13
sp_healing: 92
armor: 85
 ----------------------------
 --- neck --- 
name: amulet of the fallen god
slot: neck
intelligence: 11
sp_healing: 57
mp5: 6
 ----------------------------
 --- shoulders --- 
name: ternary mantle
slot: shoulders
intelligence: 17
stamina: 12
spirit: 20
sp_healing: 44
armor: 86
 ----------------------------
 --- back --- 
name: hide of the wild
slot: back
intelligence: 10
stamina: 8
sp_healing: 42
armor: 48
 ----------------------------
 --- chest --- 
name: robes of the guardian saint
slot: chest
intelligence: 22
stamina: 20
sp_healing: 70
mp5: 7
armor: 117
 ----------------------------
 --- wrists --- 
name: bracelets of royal redemption
slot: wrists
intelligence: 10
stamina: 8
spirit: 9
sp_healing: 53
armor: 54
 ----------------------------
 ---  --- 
name: 
slot: 
 ----------------------------
 --- main hand --- 
name: scepter of the false prophet
slot: main hand
intelligence: 19
stamina: 10
sp_healing: 187
mp5: 3
 ----------------------------
 ---  --- 
name: 
slot: 
 ----------------------------
 --- off hand --- 
name: lei of the lifegiver
slot: off hand
sp_healing: 53
mp5: 3
 ----------------------------
 --- ranged --- 
name: lunar wand of healing
slot: ranged
sp_healing: 20
 ----------------------------
 --- hands --- 
name: atal'ai hands of healing
slot: hands
sp: 9
sp_healing: 44
armor: 47
 ----------------------------
 --- waist --- 
name: grasp of the old god
slot: waist
intelligence: 19
stamina: 15
sp_healing: 59
mp5: 7
armor: 75
 ----------------------------
 --- legs --- 
name: empowered leggings
slot: legs
intelligence: 12
stamina: 12
spirit: 24
sp_healing: 77
spell_crit: 1
armor: 103
 ----------------------------
 --- feet --- 
name: boots of pure thought
slot: feet
intelligence: 12
stamina: 8
spirit: 12
sp_healing: 62
armor: 74
 ----------------------------
 --- finger --- 
name: ring of the martyr
slot: finger
stamina: 10
sp_healing: 51
mp5: 5
 ----------------------------
 --- finger --- 
name: pure elementium band
slot: finger
intelligence: 10
stamina: 9
spirit: 10
sp_healing: 53
 ----------------------------
 --- trinket --- 
name: rejuvenating gem
slot: trinket
sp_healing: 66
mp5: 9
 ----------------------------
 --- trinket --- 
name: hazza'rah's charm of healing
slot: trinket
 ----------------------------
 --- Set bonuses ---
name: hazza'rah's 1 
slot: Set bonuses
------------------
Best value: 285.304
------------------
Char stats: 
Effective hp: 8487.7
Effective mana (100 s, 33 % out of fsr): 15874.9
Raw max mana: 10034.9
Int: 391.23
Stam: 388.93
Spirit: 394.68
Strength: 79.58
Agility: 84.18
All stats multiplier (taken into account above): 1.15
Bonus mana: 2000
Bonus hp: 0
Mp5: 178
Sp: 9
Sp shadow: 0
Sp healing: 1190
Spell crit: 19
Spell hit: 0
Arcane res: 27
Nature res: 27
Fire res: 27
Frost res: 27
Shadow res: 27
Armor: 2887.75
Defense: 300
Dodge: 0
Parry: 0
HpsPvp: 1031.81
ShadowDps: 218.772
Value pvp healing: 1728.77
Value pvp shadow: 77.7182
Effective hp-pvp: 10559.6
Effecctive mana for 100 s, 0.33 fsr: 17514.2
------------------
Best counts:
oh_limit: 0.8
time_left_mul: 1.3
total_deficit_to_pop_trinkets: 2746.26
in combat total: 1238.9
Flash Heal 1, casts: 42, avg: 521.224, 6.2383%, cast time 5.08516% of in combat, overheal: 0.322369
Flash Heal 2, casts: 4, avg: 637.078, 0.726182%, cast time 0.484301% of in combat, overheal: 0.255517
Flash Heal 3, casts: 10, avg: 822.135, 2.3428%, cast time 1.21075% of in combat, overheal: 0.121105
Flash Heal 4, casts: 8, avg: 912.287, 2.07977%, cast time 0.968601% of in combat, overheal: 0.105936
Flash Heal 5, casts: 8, avg: 1089.73, 2.48429%, cast time 0.968601% of in combat, overheal: 0.0590526
Flash Heal 6, casts: 11, avg: 1093.35, 3.42722%, cast time 1.33183% of in combat, overheal: 0.162077
Flash Heal 7, casts: 53, avg: 1396.34, 21.0892%, cast time 6.41698% of in combat, overheal: 0.0652136
Greater Heal 1, casts: 8, avg: 1833.81, 4.18058%, cast time 1.61434% of in combat, overheal: 0.13031
Greater Heal 1 hazz, casts: 15, avg: 1474.24, 6.30163%, cast time 1.81613% of in combat, overheal: 0.300836
Greater Heal 2 hazz, casts: 1, avg: 1665, 0.474468%, cast time 0.121075% of in combat, overheal: 0.302839
Greater Heal 3 hazz, casts: 3, avg: 2414.5, 2.06415%, cast time 0.363225% of in combat, overheal: 0.109532
Greater Heal 4, casts: 25, avg: 2318.84, 16.5198%, cast time 5.0448% of in combat, overheal: 0.249648
Greater Heal 4 hazz, casts: 7, avg: 2809.25, 5.60377%, cast time 0.847526% of in combat, overheal: 0.0909603
Heal 2, casts: 59, avg: 1183.23, 19.8937%, cast time 11.9057% of in combat, overheal: 0.254469
Heal 4, casts: 14, avg: 1647.86, 6.57416%, cast time 2.82509% of in combat, overheal: 0.268796
Total time casting: 508, which is: 41.0041% of time in combat.
Total hps: 283.251, raw hps: 354.455, oh: 0.200883
Deficit time sum: 1.56971e+07, baseline: 2.18547e+07
Deficit*time change / s: 4970.19 hp
Number of combats: 14
Average mana at start of combat: 9535.74
Average mana at end of combat: 8223.89
Other players with hps > 100:
  Anderhage : 172.162 hps
  Avashock : 155.008 hps
  Firali : 185.518 hps
  Mysburgarn : 115.33 hps
  Naturn : 164.699 hps
  Takyon : 166.841 hps
  Xnetica : 127.926 hps
  Zanzor : 151.738 hps
------------------
Upgrades: 
( following sorted by alt scores, no specials )
benediction, , , (5.78918) -> , scepter of the false prophet, , lei of the lifegiver(11.8616) : 6.07245 = +2.19081%
halo of transcendence(2.95306) -> crystal adorned crown(4.85773) : 1.90466 = +0.676982%
zandalarian hero charm(1.96228) -> rejuvenating gem(3.23776) : 1.27548 = +0.452338%
boots of transcendence(2.16144) -> boots of pure thought(3.35526) : 1.19382 = +0.423254%
pauldrons of transcendence(1.67093) -> ternary mantle(2.66751) : 0.996582 = +0.35308%
bindings of transcendence(2.02328) -> bracelets of royal redemption(2.83994) : 0.81665 = +0.289147%
handguards of transcendence(1.88867) -> atal'ai hands of healing(2.60001) : 0.711334 = +0.251765%
fordring's seal(1.83826) -> ring of the martyr(2.50189) : 0.663635 = +0.234843%
dragon's touch(0.349915) -> lunar wand of healing(0.98114) : 0.631226 = +0.223348%
jin'do's evil eye(2.33853) -> amulet of the fallen god(2.8472) : 0.508667 = +0.179905%
zandalar confessor's bindings(2.75458) -> grasp of the old god(2.98236) : 0.227783 = +0.0804822%
hide of the wild(2.10669) -> hide of the wild(2.10669) : 0 = +0%
empowered leggings(4.44299) -> empowered leggings(4.44299) : 0 = +0%
pure elementium band(2.86145) -> pure elementium band(2.86145) : 0 = +0%
hazza'rah's charm of healing(0) -> hazza'rah's charm of healing(0) : 0 = +0%
truefaith vestments(3.58115) -> robes of the guardian saint(3.53586) : -0.0452881 = +-0.0159861%
------------------
~~~~ end of intermediate results ~~~~
Temporary bans and partial set bonuses on.
......
*** NEW BEST (1): 283.542
Based on last: 3000 entries, out of total: 13966 entries, The least-squares solution is:
Int: 65.7426
Spirit: 0
Sp / Healing: 100
Mp5: 0
Crit: 11.4899
T1 3p/piece: 0
T2 3p/piece: 0
100 points == 1 sp == 0.052432 hps.
..........Temporary bans and partial set bonuses off.
.wrists : bindings of transcendence -> bracelets of royal redemption => val: 280.993 -> 282.145
No swappies for item bonuses found. (best matching was empty)
....***** INTERMEDIATE RESULTS *****
Iteration: 55
 ----------------------------
 --- head --- 
name: crystal adorned crown
slot: head
intelligence: 14
spirit: 13
sp_healing: 92
armor: 85
 ----------------------------
 --- neck --- 
name: amulet of the fallen god
slot: neck
intelligence: 11
sp_healing: 57
mp5: 6
 ----------------------------
 --- shoulders --- 
name: zandalar confessor's mantle
slot: shoulders
intelligence: 24
stamina: 11
spirit: 15
sp_healing: 22
armor: 78
 ----------------------------
 --- back --- 
name: cloak of clarity
slot: back
intelligence: 12
stamina: 6
spirit: 7
sp_healing: 40
mp5: 8
armor: 66
 ----------------------------
 --- chest --- 
name: robes of the exalted
slot: chest
intelligence: 5
spirit: 11
sp_healing: 68
armor: 89
 ----------------------------
 --- wrists --- 
name: bracelets of royal redemption
slot: wrists
intelligence: 10
stamina: 8
spirit: 9
sp_healing: 53
armor: 54
 ----------------------------
 ---  --- 
name: 
slot: 
 ----------------------------
 --- main hand --- 
name: scepter of the false prophet
slot: main hand
intelligence: 19
stamina: 10
sp_healing: 187
mp5: 3
 ----------------------------
 ---  --- 
name: 
slot: 
 ----------------------------
 --- off hand --- 
name: lei of the lifegiver
slot: off hand
sp_healing: 53
mp5: 3
 ----------------------------
 --- ranged --- 
name: lunar wand of healing
slot: ranged
sp_healing: 20
 ----------------------------
 --- hands --- 
name: atal'ai hands of healing
slot: hands
sp: 9
sp_healing: 44
armor: 47
 ----------------------------
 --- waist --- 
name: grasp of the old god
slot: waist
intelligence: 19
stamina: 15
sp_healing: 59
mp5: 7
armor: 75
 ----------------------------
 --- legs --- 
name: empowered leggings
slot: legs
intelligence: 12
stamina: 12
spirit: 24
sp_healing: 77
spell_crit: 1
armor: 103
 ----------------------------
 --- feet --- 
name: boots of pure thought
slot: feet
intelligence: 12
stamina: 8
spirit: 12
sp_healing: 62
armor: 74
 ----------------------------
 --- finger --- 
name: ring of the martyr
slot: finger
stamina: 10
sp_healing: 51
mp5: 5
 ----------------------------
 --- finger --- 
name: pure elementium band
slot: finger
intelligence: 10
stamina: 9
spirit: 10
sp_healing: 53
 ----------------------------
 --- trinket --- 
name: rejuvenating gem
slot: trinket
sp_healing: 66
mp5: 9
 ----------------------------
 --- trinket --- 
name: hazza'rah's charm of healing
slot: trinket
 ----------------------------
 --- Set bonuses ---
name: confessor's 2 hazza'rah's 1 
slot: Set bonuses
sp: 23
------------------
Best value: 285.304
------------------
Char stats: 
Effective hp: 8222.6
Effective mana (100 s, 33 % out of fsr): 15819.5
Raw max mana: 9883.09
Int: 382.03
Stam: 362.48
Spirit: 409.63
Strength: 79.58
Agility: 84.18
All stats multiplier (taken into account above): 1.15
Bonus mana: 2000
Bonus hp: 0
Mp5: 179
Sp: 32
Sp shadow: 0
Sp healing: 1164
Spell crit: 19
Spell hit: 0
Arcane res: 27
Nature res: 27
Fire res: 27
Frost res: 27
Shadow res: 27
Armor: 2869.75
Defense: 300
Dodge: 0
Parry: 0
HpsPvp: 1031.99
ShadowDps: 224.848
Value pvp healing: 1925
Value pvp shadow: 91.381
Effective hp-pvp: 10222.7
Effecctive mana for 100 s, 0.33 fsr: 17514
------------------
Best counts:
oh_limit: 0.8
time_left_mul: 1.3
total_deficit_to_pop_trinkets: 2746.26
in combat total: 1238.9
Flash Heal 1, casts: 42, avg: 520.743, 6.26978%, cast time 5.08516% of in combat, overheal: 0.321624
Flash Heal 2, casts: 4, avg: 637.083, 0.730525%, cast time 0.484301% of in combat, overheal: 0.254138
Flash Heal 3, casts: 10, avg: 820.859, 2.35314%, cast time 1.21075% of in combat, overheal: 0.12097
Flash Heal 4, casts: 8, avg: 911.075, 2.08941%, cast time 0.968601% of in combat, overheal: 0.105708
Flash Heal 5, casts: 9, avg: 1095.86, 2.82733%, cast time 1.08968% of in combat, overheal: 0.0524075
Flash Heal 6, casts: 11, avg: 1060.89, 3.34537%, cast time 1.33183% of in combat, overheal: 0.185894
Flash Heal 7, casts: 52, avg: 1394.74, 20.7911%, cast time 6.29591% of in combat, overheal: 0.065196
Greater Heal 1, casts: 7, avg: 1792.24, 3.59645%, cast time 1.41254% of in combat, overheal: 0.148716
Greater Heal 1 hazz, casts: 15, avg: 1474.04, 6.33841%, cast time 1.81613% of in combat, overheal: 0.299855
Greater Heal 2 hazz, casts: 1, avg: 1665, 0.477302%, cast time 0.121075% of in combat, overheal: 0.301872
Greater Heal 3 hazz, casts: 3, avg: 2413.37, 2.0755%, cast time 0.363225% of in combat, overheal: 0.108833
Greater Heal 4, casts: 26, avg: 2354.16, 17.5464%, cast time 5.24659% of in combat, overheal: 0.23736
Greater Heal 4 hazz, casts: 7, avg: 2806.75, 5.63224%, cast time 0.847526% of in combat, overheal: 0.09074
Heal 2, casts: 60, avg: 1155.74, 19.8788%, cast time 12.1075% of in combat, overheal: 0.27036
Heal 4, casts: 13, avg: 1622.98, 6.04831%, cast time 2.62329% of in combat, overheal: 0.278784
Total time casting: 508, which is: 41.0041% of time in combat.
Total hps: 281.569, raw hps: 353.91, oh: 0.204406
Deficit time sum: 1.57053e+07, baseline: 2.18547e+07
Deficit*time change / s: 4963.55 hp
Number of combats: 14
Average mana at start of combat: 9405.59
Average mana at end of combat: 8122.44
Other players with hps > 100:
  Anderhage : 172.056 hps
  Avashock : 155.034 hps
  Firali : 185.675 hps
  Mysburgarn : 115.75 hps
  Naturn : 164.82 hps
  Takyon : 166.164 hps
  Xnetica : 128.796 hps
  Zanzor : 152.204 hps
------------------
Upgrades: 
( following sorted by alt scores, no specials )
benediction, , , (6.63843) -> , scepter of the false prophet, , lei of the lifegiver(13.2386) : 6.60019 = +2.40034%
halo of transcendence(3.44742) -> crystal adorned crown(5.30634) : 1.85892 = +0.664587%
zandalar confessor's bindings(2.05264) -> grasp of the old god(3.74841) : 1.69577 = +0.605907%
zandalarian hero charm(2.09729) -> rejuvenating gem(3.46051) : 1.36322 = +0.486507%
boots of transcendence(2.42111) -> boots of pure thought(3.66443) : 1.24332 = +0.443526%
pauldrons of transcendence(2.22498) -> zandalar confessor's mantle(3.18674) : 0.961761 = +0.342743%
bindings of transcendence(2.17838) -> bracelets of royal redemption(3.1236) : 0.945221 = +0.336829%
jin'do's evil eye(2.68619) -> amulet of the fallen god(3.3678) : 0.68161 = +0.242663%
handguards of transcendence(2.21594) -> atal'ai hands of healing(2.7789) : 0.562958 = +0.200337%
fordring's seal(2.11234) -> ring of the martyr(2.67404) : 0.561707 = +0.19989%
dragon's touch(0.728241) -> lunar wand of healing(1.04865) : 0.320404 = +0.113922%
empowered leggings(4.45694) -> empowered leggings(4.45694) : 0 = +0%
pure elementium band(3.1236) -> pure elementium band(3.1236) : 0 = +0%
hazza'rah's charm of healing(1.20593) -> hazza'rah's charm of healing(1.20593) : 0 = +0%
hide of the wild(2.54684) -> cloak of clarity(2.51093) : -0.0359192 = +-0.0127552%
truefaith vestments(3.82755) -> robes of the exalted(3.73773) : -0.0898132 = +-0.0318873%
------------------
~~~~ end of intermediate results ~~~~
Temporary bans and partial set bonuses on.
......
*** NEW BEST (1): 284.038
Based on last: 3000 entries, out of total: 16430 entries, The least-squares solution is:
Int: 61.3244
Spirit: 21.4729
Sp / Healing: 100
Mp5: 12.0345
Crit: 196.737
T1 3p/piece: 0
T2 3p/piece: 0
100 points == 1 sp == 0.0553475 hps.
..........Temporary bans and partial set bonuses off.
.two-hand : blessed qiraji augur staff    ->   scepter of the false prophet sartura's might => val: 273.565 -> 281.052
finger : primalist's seal -> cauterizing band => val: 281.052 -> 282.027
....No swappies for item bonuses found. (best matching was empty)
***** INTERMEDIATE RESULTS *****
Iteration: 76
 ----------------------------
 --- head --- 
name: crystal adorned crown
slot: head
intelligence: 14
spirit: 13
sp_healing: 92
armor: 85
 ----------------------------
 --- neck --- 
name: amulet of the fallen god
slot: neck
intelligence: 11
sp_healing: 57
mp5: 6
 ----------------------------
 --- shoulders --- 
name: zandalar confessor's mantle
slot: shoulders
intelligence: 24
stamina: 11
spirit: 15
sp_healing: 22
armor: 78
 ----------------------------
 --- back --- 
name: hide of the wild
slot: back
intelligence: 10
stamina: 8
sp_healing: 42
armor: 48
 ----------------------------
 --- chest --- 
name: robes of the guardian saint
slot: chest
intelligence: 22
stamina: 20
sp_healing: 70
mp5: 7
armor: 117
 ----------------------------
 --- wrists --- 
name: bracelets of royal redemption
slot: wrists
intelligence: 10
stamina: 8
spirit: 9
sp_healing: 53
armor: 54
 ----------------------------
 ---  --- 
name: 
slot: 
 ----------------------------
 --- main hand --- 
name: scepter of the false prophet
slot: main hand
intelligence: 19
stamina: 10
sp_healing: 187
mp5: 3
 ----------------------------
 ---  --- 
name: 
slot: 
 ----------------------------
 --- off hand --- 
name: sartura's might
slot: off hand
intelligence: 6
stamina: 6
sp_healing: 51
mp5: 6
 ----------------------------
 --- ranged --- 
name: lunar wand of healing
slot: ranged
sp_healing: 20
 ----------------------------
 --- hands --- 
name: atal'ai hands of healing
slot: hands
sp: 9
sp_healing: 44
armor: 47
 ----------------------------
 --- waist --- 
name: eyestalk waist cord
slot: waist
intelligence: 9
stamina: 10
sp: 41
spell_crit: 1
armor: 75
 ----------------------------
 --- legs --- 
name: empowered leggings
slot: legs
intelligence: 12
stamina: 12
spirit: 24
sp_healing: 77
spell_crit: 1
armor: 103
 ----------------------------
 --- feet --- 
name: boots of pure thought
slot: feet
intelligence: 12
stamina: 8
spirit: 12
sp_healing: 62
armor: 74
 ----------------------------
 --- finger --- 
name: cauterizing band
slot: finger
intelligence: 12
stamina: 9
sp_healing: 46
 ----------------------------
 --- finger --- 
name: pure elementium band
slot: finger
intelligence: 10
stamina: 9
spirit: 10
sp_healing: 53
 ----------------------------
 --- trinket --- 
name: rejuvenating gem
slot: trinket
sp_healing: 66
mp5: 9
 ----------------------------
 --- trinket --- 
name: hazza'rah's charm of healing
slot: trinket
 ----------------------------
 --- Set bonuses ---
name: confessor's 2 hazza'rah's 1 
slot: Set bonuses
sp: 23
------------------
Best value: 285.304
------------------
Char stats: 
Effective hp: 8471.4
Effective mana (100 s, 33 % out of fsr): 15950.2
Raw max mana: 10319.5
Int: 408.48
Stam: 387.78
Spirit: 388.93
Strength: 79.58
Agility: 84.18
All stats multiplier (taken into account above): 1.15
Bonus mana: 2000
Bonus hp: 0
Mp5: 169
Sp: 73
Sp shadow: 0
Sp healing: 1102
Spell crit: 20
Spell hit: 0
Arcane res: 27
Nature res: 27
Fire res: 27
Frost res: 27
Shadow res: 27
Armor: 2879.75
Defense: 300
Dodge: 0
Parry: 0
HpsPvp: 1052.73
ShadowDps: 225.177
Value pvp healing: 2053.2
Value pvp shadow: 93.9388
Effective hp-pvp: 10536.1
Effecctive mana for 100 s, 0.33 fsr: 17568.2
------------------
Best counts:
oh_limit: 0.8
time_left_mul: 1.3
total_deficit_to_pop_trinkets: 2712.1
in combat total: 1238.9
Flash Heal 1, casts: 42, avg: 504.468, 6.14906%, cast time 5.08516% of in combat, overheal: 0.336341
Flash Heal 2, casts: 4, avg: 783.942, 0.91006%, cast time 0.484301% of in combat, overheal: 0.0743216
Flash Heal 3, casts: 9, avg: 802.813, 2.09693%, cast time 1.08968% of in combat, overheal: 0.133742
Flash Heal 4, casts: 9, avg: 917.719, 2.39706%, cast time 1.08968% of in combat, overheal: 0.0930953
Flash Heal 5, casts: 8, avg: 1082.62, 2.51357%, cast time 0.968601% of in combat, overheal: 0.0585864
Flash Heal 6, casts: 10, avg: 1067.53, 3.09817%, cast time 1.21075% of in combat, overheal: 0.176955
Flash Heal 7, casts: 53, avg: 1392.35, 21.4167%, cast time 6.41698% of in combat, overheal: 0.0632831
Greater Heal 1, casts: 6, avg: 1731.15, 3.01447%, cast time 1.21075% of in combat, overheal: 0.17248
Greater Heal 1 hazz, casts: 16, avg: 1510.88, 7.01577%, cast time 1.9372% of in combat, overheal: 0.277773
Greater Heal 2 hazz, casts: 1, avg: 1665, 0.483215%, cast time 0.121075% of in combat, overheal: 0.298155
Greater Heal 3 hazz, casts: 3, avg: 2409.44, 2.0978%, cast time 0.363225% of in combat, overheal: 0.106397
Greater Heal 4, casts: 26, avg: 2348.77, 17.7231%, cast time 5.24659% of in combat, overheal: 0.23644
Greater Heal 4 hazz, casts: 5, avg: 2961.06, 4.29679%, cast time 0.605376% of in combat, overheal: 0.0373905
Heal 2, casts: 60, avg: 1150.25, 20.0295%, cast time 12.1075% of in combat, overheal: 0.266937
Heal 4, casts: 14, avg: 1663.22, 6.75779%, cast time 2.82509% of in combat, overheal: 0.256562
Total time casting: 505, which is: 40.762% of time in combat.
Total hps: 278.123, raw hps: 347.907, oh: 0.200581
Deficit time sum: 1.57209e+07, baseline: 2.18547e+07
Deficit*time change / s: 4951 hp
Number of combats: 14
Average mana at start of combat: 9812.05
Average mana at end of combat: 8458.35
Other players with hps > 100:
  Anderhage : 172.325 hps
  Avashock : 154.905 hps
  Firali : 185.746 hps
  Mysburgarn : 116.161 hps
  Naturn : 164.925 hps
  Takyon : 165.513 hps
  Xnetica : 129.682 hps
  Zanzor : 154.309 hps
------------------
Upgrades: 
( following sorted by alt scores, no specials )
benediction, , , (7.27942) -> , scepter of the false prophet, , sartura's might(14.0812) : 6.80176 = +2.5069%
halo of transcendence(3.83456) -> crystal adorned crown(5.72165) : 1.88708 = +0.683141%
zandalarian hero charm(2.2139) -> rejuvenating gem(3.71289) : 1.49899 = +0.541887%
boots of transcendence(2.71622) -> boots of pure thought(3.98145) : 1.26523 = +0.456995%
pauldrons of transcendence(2.44208) -> zandalar confessor's mantle(3.48349) : 1.04141 = +0.37585%
bindings of transcendence(2.45786) -> bracelets of royal redemption(3.37979) : 0.921936 = +0.332587%
fordring's seal(2.21756) -> cauterizing band(2.95328) : 0.735718 = +0.265231%
jin'do's evil eye(2.87994) -> amulet of the fallen god(3.56812) : 0.688171 = +0.248048%
truefaith vestments(4.08032) -> robes of the guardian saint(4.66766) : 0.587341 = +0.211627%
zandalar confessor's bindings(2.26047) -> eyestalk waist cord(2.68362) : 0.423157 = +0.152379%
handguards of transcendence(2.5473) -> atal'ai hands of healing(2.93341) : 0.386108 = +0.139019%
dragon's touch(0.73938) -> lunar wand of healing(1.10696) : 0.367584 = +0.132341%
hide of the wild(2.664) -> hide of the wild(2.664) : 0 = +0%
empowered leggings(5.06317) -> empowered leggings(5.06317) : 0 = +0%
pure elementium band(3.39169) -> pure elementium band(3.39169) : 0 = +0%
hazza'rah's charm of healing(1.27298) -> hazza'rah's charm of healing(1.27298) : 0 = +0%
------------------
~~~~ end of intermediate results ~~~~
Temporary bans and partial set bonuses on.
.
*** NEW BEST (1): 285.065
Based on last: 3000 entries, out of total: 18330 entries, The least-squares solution is:
Int: 30.6877
Spirit: 0
Sp / Healing: 100
Mp5: 0
Crit: 462.606
T1 3p/piece: 0
T2 3p/piece: 0
100 points == 1 sp == 0.0562782 hps.
...............Temporary bans and partial set bonuses off.
....Swapping to best matching bonuses: 
    darkmoon card: blue dragon -> hazza'rah's charm of healing
    zandalar confessor's mantle -> zandalar confessor's mantle
    value from: 277.311 -> 272.636
***** INTERMEDIATE RESULTS *****
Iteration: 96
 ----------------------------
 --- head --- 
name: crystal adorned crown
slot: head
intelligence: 14
spirit: 13
sp_healing: 92
armor: 85
 ----------------------------
 --- neck --- 
name: amulet of the fallen god
slot: neck
intelligence: 11
sp_healing: 57
mp5: 6
 ----------------------------
 --- shoulders --- 
name: zandalar confessor's mantle
slot: shoulders
intelligence: 24
stamina: 11
spirit: 15
sp_healing: 22
armor: 78
 ----------------------------
 --- back --- 
name: cloak of clarity
slot: back
intelligence: 12
stamina: 6
spirit: 7
sp_healing: 40
mp5: 8
armor: 66
 ----------------------------
 --- chest --- 
name: robes of the guardian saint
slot: chest
intelligence: 22
stamina: 20
sp_healing: 70
mp5: 7
armor: 117
 ----------------------------
 --- wrists --- 
name: bracelets of royal redemption
slot: wrists
intelligence: 10
stamina: 8
spirit: 9
sp_healing: 53
armor: 54
 ----------------------------
 ---  --- 
name: 
slot: 
 ----------------------------
 --- main hand --- 
name: scepter of the false prophet
slot: main hand
intelligence: 19
stamina: 10
sp_healing: 187
mp5: 3
 ----------------------------
 ---  --- 
name: 
slot: 
 ----------------------------
 --- off hand --- 
name: sartura's might
slot: off hand
intelligence: 6
stamina: 6
sp_healing: 51
mp5: 6
 ----------------------------
 --- ranged --- 
name: lunar wand of healing
slot: ranged
sp_healing: 20
 ----------------------------
 --- hands --- 
name: atal'ai hands of healing
slot: hands
sp: 9
sp_healing: 44
armor: 47
 ----------------------------
 --- waist --- 
name: grasp of the old god
slot: waist
intelligence: 19
stamina: 15
sp_healing: 59
mp5: 7
armor: 75
 ----------------------------
 --- legs --- 
name: empowered leggings
slot: legs
intelligence: 12
stamina: 12
spirit: 24
sp_healing: 77
spell_crit: 1
armor: 103
 ----------------------------
 --- feet --- 
name: boots of pure thought
slot: feet
intelligence: 12
stamina: 8
spirit: 12
sp_healing: 62
armor: 74
 ----------------------------
 --- finger --- 
name: cauterizing band
slot: finger
intelligence: 12
stamina: 9
sp_healing: 46
 ----------------------------
 --- finger --- 
name: pure elementium band
slot: finger
intelligence: 10
stamina: 9
spirit: 10
sp_healing: 53
 ----------------------------
 --- trinket --- 
name: rejuvenating gem
slot: trinket
sp_healing: 66
mp5: 9
 ----------------------------
 --- trinket --- 
name: hazza'rah's charm of healing
slot: trinket
 ----------------------------
 --- Set bonuses ---
name: confessor's 2 hazza'rah's 1 
slot: Set bonuses
sp: 23
------------------
Best value: 285.304
------------------
Char stats: 
Effective hp: 8509.1
Effective mana (100 s, 33 % out of fsr): 16519
Raw max mana: 10547.2
Int: 422.28
Stam: 391.23
Spirit: 396.98
Strength: 79.58
Agility: 84.18
All stats multiplier (taken into account above): 1.15
Bonus mana: 2000
Bonus hp: 0
Mp5: 184
Sp: 32
Sp shadow: 0
Sp healing: 1159
Spell crit: 19
Spell hit: 0
Arcane res: 27
Nature res: 27
Fire res: 27
Frost res: 27
Shadow res: 27
Armor: 2897.75
Defense: 300
Dodge: 0
Parry: 0
HpsPvp: 1033.88
ShadowDps: 224.52
Value pvp healing: 1870.99
Value pvp shadow: 88.2342
Effective hp-pvp: 10590.3
Effecctive mana for 100 s, 0.33 fsr: 18166.7
------------------
Best counts:
oh_limit: 0.8
time_left_mul: 2.9
total_deficit_to_pop_trinkets: 3046.69
in combat total: 1238.9
Flash Heal 1, casts: 16, avg: 428.466, 1.98046%, cast time 1.9372% of in combat, overheal: 0.44081
Flash Heal 2, casts: 4, avg: 786.424, 0.908754%, cast time 0.484301% of in combat, overheal: 0.0778851
Flash Heal 3, casts: 1, avg: 932.604, 0.269418%, cast time 0.121075% of in combat, overheal: 0
Flash Heal 4, casts: 2, avg: 611.82, 0.353495%, cast time 0.24215% of in combat, overheal: 0.398786
Flash Heal 5, casts: 4, avg: 781.248, 0.902773%, cast time 0.484301% of in combat, overheal: 0.323885
Flash Heal 6, casts: 2, avg: 1103.67, 0.637672%, cast time 0.24215% of in combat, overheal: 0.152546
Flash Heal 7, casts: 30, avg: 1440.94, 12.4881%, cast time 3.63225% of in combat, overheal: 0.033846
Greater Heal 1, casts: 8, avg: 1743.5, 4.02942%, cast time 1.61434% of in combat, overheal: 0.171025
Greater Heal 1 hazz, casts: 17, avg: 1442.08, 7.0822%, cast time 2.05828% of in combat, overheal: 0.314341
Greater Heal 2 hazz, casts: 1, avg: 1665, 0.480999%, cast time 0.121075% of in combat, overheal: 0.301338
Greater Heal 3 hazz, casts: 3, avg: 2594.76, 2.24878%, cast time 0.363225% of in combat, overheal: 0.0413351
Greater Heal 4, casts: 35, avg: 2256.38, 22.8144%, cast time 7.06272% of in combat, overheal: 0.26879
Greater Heal 4 hazz, casts: 7, avg: 2806.01, 5.67437%, cast time 0.847526% of in combat, overheal: 0.0906746
Heal 2, casts: 108, avg: 1023.17, 31.9227%, cast time 21.7935% of in combat, overheal: 0.352927
Heal 4, casts: 17, avg: 1670.98, 8.20635%, cast time 3.43046% of in combat, overheal: 0.256786
Total time casting: 550.5, which is: 44.4346% of time in combat.
Total hps: 279.405, raw hps: 381.217, oh: 0.267071
Deficit time sum: 1.57039e+07, baseline: 2.18547e+07
Deficit*time change / s: 4964.67 hp
Number of combats: 14
Average mana at start of combat: 10173.5
Average mana at end of combat: 8994.95
Other players with hps > 100:
  Anderhage : 171.933 hps
  Avashock : 156.459 hps
  Firali : 184.306 hps
  Mysburgarn : 117.753 hps
  Naturn : 167.521 hps
  Takyon : 166.102 hps
  Xnetica : 128.483 hps
  Zanzor : 153.187 hps
------------------
Upgrades: 
( following sorted by alt scores, no specials )
benediction, , , (7.02158) -> , scepter of the false prophet, , sartura's might(13.826) : 6.80441 = +2.49611%
halo of transcendence(3.16766) -> crystal adorned crown(5.41937) : 2.25171 = +0.812442%
zandalar confessor's bindings(1.80865) -> grasp of the old god(3.64856) : 1.8399 = +0.662873%
zandalarian hero charm(2.25113) -> rejuvenating gem(3.71436) : 1.46323 = +0.526451%
boots of transcendence(2.26334) -> boots of pure thought(3.6965) : 1.43317 = +0.51558%
bindings of transcendence(2.0817) -> bracelets of royal redemption(3.15546) : 1.07376 = +0.385785%
pauldrons of transcendence(1.89499) -> zandalar confessor's mantle(2.94702) : 1.05203 = +0.377949%
handguards of transcendence(2.23782) -> atal'ai hands of healing(2.98276) : 0.744934 = +0.267327%
jin'do's evil eye(2.66623) -> amulet of the fallen god(3.39783) : 0.731598 = +0.262529%
fordring's seal(2.16864) -> cauterizing band(2.79605) : 0.627411 = +0.225058%
dragon's touch(0.544922) -> lunar wand of healing(1.12555) : 0.580627 = +0.208241%
truefaith vestments(4.10831) -> robes of the guardian saint(4.31943) : 0.211121 = +0.0756179%
empowered leggings(4.80103) -> empowered leggings(4.80103) : 0 = +0%
pure elementium band(3.15546) -> pure elementium band(3.15546) : 0 = +0%
hazza'rah's charm of healing(1.2944) -> hazza'rah's charm of healing(1.2944) : 0 = +0%
hide of the wild(2.53638) -> cloak of clarity(2.45837) : -0.0780029 = +-0.0279097%
------------------
~~~~ end of intermediate results ~~~~
Temporary bans and partial set bonuses on.
.!!!! Trying to remove non existing item: hazza'rah's charm of healing from set: confessor's??? come on.
!!!! Trying to remove non existing item: hazza'rah's charm of healing from set: confessor's??? come on.
.!!!! Trying to remove non existing item: hazza'rah's charm of healing from set: confessor's??? come on.
!!!! Trying to remove non existing item: hazza'rah's charm of healing from set: confessor's??? come on.
.!!!! Trying to remove non existing item: hazza'rah's charm of healing from set: confessor's??? come on.
!!!! Trying to remove non existing item: hazza'rah's charm of healing from set: confessor's??? come on.
.!!!! Trying to remove non existing item: hazza'rah's charm of healing from set: confessor's??? come on.
!!!! Trying to remove non existing item: hazza'rah's charm of healing from set: confessor's??? come on.
.!!!! Trying to remove non existing item: hazza'rah's charm of healing from set: confessor's??? come on.
!!!! Trying to remove non existing item: hazza'rah's charm of healing from set: confessor's??? come on.
.!!!! Trying to remove non existing item: hazza'rah's charm of healing from set: confessor's??? come on.
!!!! Trying to remove non existing item: hazza'rah's charm of healing from set: confessor's??? come on.
.!!!! Trying to remove non existing item: hazza'rah's charm of healing from set: confessor's??? come on.
!!!! Trying to remove non existing item: hazza'rah's charm of healing from set: confessor's??? come on.
.!!!! Trying to remove non existing item: hazza'rah's charm of healing from set: confessor's??? come on.
!!!! Trying to remove non existing item: hazza'rah's charm of healing from set: confessor's??? come on.
.!!!! Trying to remove non existing item: hazza'rah's charm of healing from set: confessor's??? come on.
!!!! Trying to remove non existing item: hazza'rah's charm of healing from set: confessor's??? come on.
.!!!! Trying to remove non existing item: hazza'rah's charm of healing from set: confessor's??? come on.
!!!! Trying to remove non existing item: hazza'rah's charm of healing from set: confessor's??? come on.
.!!!! Trying to remove non existing item: hazza'rah's charm of healing from set: confessor's??? come on.
!!!! Trying to remove non existing item: hazza'rah's charm of healing from set: confessor's??? come on.
.!!!! Trying to remove non existing item: hazza'rah's charm of healing from set: confessor's??? come on.
!!!! Trying to remove non existing item: hazza'rah's charm of healing from set: confessor's??? come on.
.!!!! Trying to remove non existing item: hazza'rah's charm of healing from set: confessor's??? come on.
!!!! Trying to remove non existing item: hazza'rah's charm of healing from set: confessor's??? come on.
.!!!! Trying to remove non existing item: hazza'rah's charm of healing from set: confessor's??? come on.
!!!! Trying to remove non existing item: hazza'rah's charm of healing from set: confessor's??? come on.
.!!!! Trying to remove non existing item: hazza'rah's charm of healing from set: confessor's??? come on.
!!!! Trying to remove non existing item: hazza'rah's charm of healing from set: confessor's??? come on.
.!!!! Trying to remove non existing item: hazza'rah's charm of healing from set: confessor's??? come on.
!!!! Trying to remove non existing item: hazza'rah's charm of healing from set: confessor's??? come on.
Temporary bans and partial set bonuses off.
.wrists : bindings of transcendence -> bracelets of royal redemption => val: 268.566 -> 270.645
!!!! Trying to remove non existing item: hazza'rah's charm of healing from set: confessor's??? come on.
!!!! Trying to remove non existing item: hazza'rah's charm of healing from set: confessor's??? come on.
!!!! Trying to remove non existing item: hazza'rah's charm of healing from set: confessor's??? come on.
!!!! Trying to remove non existing item: hazza'rah's charm of healing from set: confessor's??? come on.
trinket : hazza'rah's charm of healing -> hazza'rah's charm of healing => val: 270.645 -> 282.538
.!!!! Trying to remove non existing item: hazza'rah's charm of healing from set: confessor's??? come on.
!!!! Trying to remove non existing item: hazza'rah's charm of healing from set: confessor's??? come on.
!!!! Trying to remove non existing item: hazza'rah's charm of healing from set: confessor's??? come on.
!!!! Trying to remove non existing item: hazza'rah's charm of healing from set: confessor's??? come on.
trinket : hazza'rah's charm of healing -> hazza'rah's charm of healing => val: 270.645 -> 282.538
.!!!! Trying to remove non existing item: hazza'rah's charm of healing from set: confessor's??? come on.
!!!! Trying to remove non existing item: hazza'rah's charm of healing from set: confessor's??? come on.
!!!! Trying to remove non existing item: hazza'rah's charm of healing from set: confessor's??? come on.
!!!! Trying to remove non existing item: hazza'rah's charm of healing from set: confessor's??? come on.
trinket : hazza'rah's charm of healing -> hazza'rah's charm of healing => val: 270.645 -> 282.538
.!!!! Trying to remove non existing item: hazza'rah's charm of healing from set: confessor's??? come on.
!!!! Trying to remove non existing item: hazza'rah's charm of healing from set: confessor's??? come on.
!!!! Trying to remove non existing item: hazza'rah's charm of healing from set: confessor's??? come on.
!!!! Trying to remove non existing item: hazza'rah's charm of healing from set: confessor's??? come on.
trinket : hazza'rah's charm of healing -> hazza'rah's charm of healing => val: 270.645 -> 282.538
No swappies for item bonuses found. (best matching was empty)
.!!!! Trying to remove non existing item: hazza'rah's charm of healing from set: confessor's??? come on.
!!!! Trying to remove non existing item: hazza'rah's charm of healing from set: confessor's??? come on.
!!!! Trying to remove non existing item: hazza'rah's charm of healing from set: confessor's??? come on.
!!!! Trying to remove non existing item: hazza'rah's charm of healing from set: confessor's??? come on.
trinket : hazza'rah's charm of healing -> hazza'rah's charm of healing => val: 270.645 -> 282.538
***** INTERMEDIATE RESULTS *****
Iteration: 117
 ----------------------------
 --- head --- 
name: crystal adorned crown
slot: head
intelligence: 14
spirit: 13
sp_healing: 92
armor: 85
 ----------------------------
 --- neck --- 
name: amulet of the fallen god
slot: neck
intelligence: 11
sp_healing: 57
mp5: 6
 ----------------------------
 --- shoulders --- 
name: zandalar confessor's mantle
slot: shoulders
intelligence: 24
stamina: 11
spirit: 15
sp_healing: 22
armor: 78
 ----------------------------
 --- back --- 
name: cloak of clarity
slot: back
intelligence: 12
stamina: 6
spirit: 7
sp_healing: 40
mp5: 8
armor: 66
 ----------------------------
 --- chest --- 
name: robes of the guardian saint
slot: chest
intelligence: 22
stamina: 20
sp_healing: 70
mp5: 7
armor: 117
 ----------------------------
 --- wrists --- 
name: bracelets of royal redemption
slot: wrists
intelligence: 10
stamina: 8
spirit: 9
sp_healing: 53
armor: 54
 ----------------------------
 ---  --- 
name: 
slot: 
 ----------------------------
 --- main hand --- 
name: scepter of the false prophet
slot: main hand
intelligence: 19
stamina: 10
sp_healing: 187
mp5: 3
 ----------------------------
 ---  --- 
name: 
slot: 
 ----------------------------
 --- off hand --- 
name: sartura's might
slot: off hand
intelligence: 6
stamina: 6
sp_healing: 51
mp5: 6
 ----------------------------
 --- ranged --- 
name: lunar wand of healing
slot: ranged
sp_healing: 20
 ----------------------------
 --- hands --- 
name: atal'ai hands of healing
slot: hands
sp: 9
sp_healing: 44
armor: 47
 ----------------------------
 --- waist --- 
name: grasp of the old god
slot: waist
intelligence: 19
stamina: 15
sp_healing: 59
mp5: 7
armor: 75
 ----------------------------
 --- legs --- 
name: empowered leggings
slot: legs
intelligence: 12
stamina: 12
spirit: 24
sp_healing: 77
spell_crit: 1
armor: 103
 ----------------------------
 --- feet --- 
name: boots of pure thought
slot: feet
intelligence: 12
stamina: 8
spirit: 12
sp_healing: 62
armor: 74
 ----------------------------
 --- finger --- 
name: cauterizing band
slot: finger
intelligence: 12
stamina: 9
sp_healing: 46
 ----------------------------
 --- finger --- 
name: pure elementium band
slot: finger
intelligence: 10
stamina: 9
spirit: 10
sp_healing: 53
 ----------------------------
 --- trinket --- 
name: rejuvenating gem
slot: trinket
sp_healing: 66
mp5: 9
 ----------------------------
 --- trinket --- 
name: hazza'rah's charm of healing
slot: trinket
 ----------------------------
 --- Set bonuses ---
name: confessor's 2 hazza'rah's 1 
slot: Set bonuses
sp: 23
------------------
Best value: 285.304
------------------
Char stats: 
Effective hp: 8509.1
Effective mana (100 s, 33 % out of fsr): 16519
Raw max mana: 10547.2
Int: 422.28
Stam: 391.23
Spirit: 396.98
Strength: 79.58
Agility: 84.18
All stats multiplier (taken into account above): 1.15
Bonus mana: 2000
Bonus hp: 0
Mp5: 184
Sp: 32
Sp shadow: 0
Sp healing: 1159
Spell crit: 19
Spell hit: 0
Arcane res: 27
Nature res: 27
Fire res: 27
Frost res: 27
Shadow res: 27
Armor: 2897.75
Defense: 300
Dodge: 0
Parry: 0
HpsPvp: 1054.75
ShadowDps: 219.084
Value pvp healing: 1969.25
Value pvp shadow: 84.9622
Effective hp-pvp: 10590.3
Effecctive mana for 100 s, 0.33 fsr: 18166.7
------------------
Best counts:
oh_limit: 0.8
time_left_mul: 1.3
total_deficit_to_pop_trinkets: 3046.69
in combat total: 1238.9
Flash Heal 1, casts: 39, avg: 494.135, 5.52951%, cast time 4.72193% of in combat, overheal: 0.355106
Flash Heal 2, casts: 6, avg: 708.99, 1.22058%, cast time 0.726451% of in combat, overheal: 0.16868
Flash Heal 3, casts: 10, avg: 819.883, 2.35249%, cast time 1.21075% of in combat, overheal: 0.120867
Flash Heal 4, casts: 7, avg: 915.407, 1.83861%, cast time 0.847526% of in combat, overheal: 0.100462
Flash Heal 5, casts: 8, avg: 1087.43, 2.49614%, cast time 0.968601% of in combat, overheal: 0.0589028
Flash Heal 6, casts: 10, avg: 1070.7, 3.07216%, cast time 1.21075% of in combat, overheal: 0.17786
Flash Heal 7, casts: 54, avg: 1393.94, 21.598%, cast time 6.53806% of in combat, overheal: 0.0653618
Greater Heal 1, casts: 7, avg: 1790.72, 3.59668%, cast time 1.41254% of in combat, overheal: 0.148577
Greater Heal 1 hazz, casts: 16, avg: 1342.17, 6.16176%, cast time 1.9372% of in combat, overheal: 0.361843
Greater Heal 2 hazz, casts: 1, avg: 1665, 0.477739%, cast time 0.121075% of in combat, overheal: 0.301338
Greater Heal 3 hazz, casts: 3, avg: 2412.88, 2.07698%, cast time 0.363225% of in combat, overheal: 0.108533
Greater Heal 4, casts: 26, avg: 2353.64, 17.5586%, cast time 5.24659% of in combat, overheal: 0.237272
Greater Heal 4 hazz, casts: 7, avg: 2806.01, 5.63591%, cast time 0.847526% of in combat, overheal: 0.0906746
Heal 2, casts: 61, avg: 1161.71, 20.3331%, cast time 12.3093% of in combat, overheal: 0.265313
Heal 4, casts: 13, avg: 1622.41, 6.05175%, cast time 2.62329% of in combat, overheal: 0.278388
Total time casting: 509, which is: 41.0848% of time in combat.
Total hps: 281.311, raw hps: 355.674, oh: 0.209076
Deficit time sum: 1.5728e+07, baseline: 2.18547e+07
Deficit*time change / s: 4945.27 hp
Number of combats: 14
Average mana at start of combat: 10075.8
Average mana at end of combat: 8816.67
Other players with hps > 100:
  Anderhage : 172.077 hps
  Avashock : 155.05 hps
  Firali : 185.685 hps
  Mysburgarn : 116.403 hps
  Naturn : 164.838 hps
  Takyon : 165.705 hps
  Xnetica : 128.803 hps
  Zanzor : 152.289 hps
------------------
Upgrades: 
( following sorted by alt scores, no specials )
benediction, , , (7.02158) -> , scepter of the false prophet, , sartura's might(13.826) : 6.80441 = +2.47878%
halo of transcendence(3.16766) -> crystal adorned crown(5.41937) : 2.25171 = +0.806892%
zandalar confessor's bindings(1.80865) -> grasp of the old god(3.64856) : 1.8399 = +0.658352%
zandalarian hero charm(2.25113) -> rejuvenating gem(3.71436) : 1.46323 = +0.522864%
boots of transcendence(2.26334) -> boots of pure thought(3.6965) : 1.43317 = +0.512068%
bindings of transcendence(2.0817) -> bracelets of royal redemption(3.15546) : 1.07376 = +0.383161%
pauldrons of transcendence(1.89499) -> zandalar confessor's mantle(2.94702) : 1.05203 = +0.375378%
handguards of transcendence(2.23782) -> atal'ai hands of healing(2.98276) : 0.744934 = +0.265511%
jin'do's evil eye(2.66623) -> amulet of the fallen god(3.39783) : 0.731598 = +0.260745%
fordring's seal(2.16864) -> cauterizing band(2.79605) : 0.627411 = +0.223529%
dragon's touch(0.544922) -> lunar wand of healing(1.12555) : 0.580627 = +0.206827%
truefaith vestments(4.10831) -> robes of the guardian saint(4.31943) : 0.211121 = +0.0751051%
empowered leggings(4.80103) -> empowered leggings(4.80103) : 0 = +0%
pure elementium band(3.15546) -> pure elementium band(3.15546) : 0 = +0%
hazza'rah's charm of healing(1.2944) -> hazza'rah's charm of healing(1.2944) : 0 = +0%
hide of the wild(2.53638) -> cloak of clarity(2.45837) : -0.0780029 = +-0.0277206%
------------------
~~~~ end of intermediate results ~~~~
Same items for intermediate results again, ending optimization. 
 ----------------------------
 --- head --- 
name: crystal adorned crown
slot: head
intelligence: 14
spirit: 13
sp_healing: 92
armor: 85
 ----------------------------
 --- neck --- 
name: amulet of the fallen god
slot: neck
intelligence: 11
sp_healing: 57
mp5: 6
 ----------------------------
 --- shoulders --- 
name: zandalar confessor's mantle
slot: shoulders
intelligence: 24
stamina: 11
spirit: 15
sp_healing: 22
armor: 78
 ----------------------------
 --- back --- 
name: cloak of clarity
slot: back
intelligence: 12
stamina: 6
spirit: 7
sp_healing: 40
mp5: 8
armor: 66
 ----------------------------
 --- chest --- 
name: robes of the guardian saint
slot: chest
intelligence: 22
stamina: 20
sp_healing: 70
mp5: 7
armor: 117
 ----------------------------
 --- wrists --- 
name: bracelets of royal redemption
slot: wrists
intelligence: 10
stamina: 8
spirit: 9
sp_healing: 53
armor: 54
 ----------------------------
 ---  --- 
name: 
slot: 
 ----------------------------
 --- main hand --- 
name: scepter of the false prophet
slot: main hand
intelligence: 19
stamina: 10
sp_healing: 187
mp5: 3
 ----------------------------
 ---  --- 
name: 
slot: 
 ----------------------------
 --- off hand --- 
name: sartura's might
slot: off hand
intelligence: 6
stamina: 6
sp_healing: 51
mp5: 6
 ----------------------------
 --- ranged --- 
name: lunar wand of healing
slot: ranged
sp_healing: 20
 ----------------------------
 --- hands --- 
name: atal'ai hands of healing
slot: hands
sp: 9
sp_healing: 44
armor: 47
 ----------------------------
 --- waist --- 
name: grasp of the old god
slot: waist
intelligence: 19
stamina: 15
sp_healing: 59
mp5: 7
armor: 75
 ----------------------------
 --- legs --- 
name: empowered leggings
slot: legs
intelligence: 12
stamina: 12
spirit: 24
sp_healing: 77
spell_crit: 1
armor: 103
 ----------------------------
 --- feet --- 
name: boots of pure thought
slot: feet
intelligence: 12
stamina: 8
spirit: 12
sp_healing: 62
armor: 74
 ----------------------------
 --- finger --- 
name: cauterizing band
slot: finger
intelligence: 12
stamina: 9
sp_healing: 46
 ----------------------------
 --- finger --- 
name: pure elementium band
slot: finger
intelligence: 10
stamina: 9
spirit: 10
sp_healing: 53
 ----------------------------
 --- trinket --- 
name: rejuvenating gem
slot: trinket
sp_healing: 66
mp5: 9
 ----------------------------
 --- trinket --- 
name: hazza'rah's charm of healing
slot: trinket
 ----------------------------
 --- Set bonuses ---
name: confessor's 2 hazza'rah's 1 
slot: Set bonuses
sp: 23
------------------
Char stats: 
Effective hp: 8509.1
Effective mana (100 s, 33 % out of fsr): 16519
Raw max mana: 10547.2
Int: 422.28
Stam: 391.23
Spirit: 396.98
Strength: 79.58
Agility: 84.18
All stats multiplier (taken into account above): 1.15
Bonus mana: 2000
Bonus hp: 0
Mp5: 184
Sp: 32
Sp shadow: 0
Sp healing: 1159
Spell crit: 19
Spell hit: 0
Arcane res: 27
Nature res: 27
Fire res: 27
Frost res: 27
Shadow res: 27
Armor: 2897.75
Defense: 300
Dodge: 0
Parry: 0
HpsPvp: 1052.73
ShadowDps: 225.177
Value pvp healing: 2053.2
Value pvp shadow: 93.9388
Effective hp-pvp: 10590.3
Effecctive mana for 100 s, 0.33 fsr: 18166.7
------------------
Best counts:
oh_limit: 0.8
time_left_mul: 1.3
total_deficit_to_pop_trinkets: 3046.69
in combat total: 1238.9
Flash Heal 1, casts: 39, avg: 494.135, 5.52951%, cast time 4.72193% of in combat, overheal: 0.355106
Flash Heal 2, casts: 6, avg: 708.99, 1.22058%, cast time 0.726451% of in combat, overheal: 0.16868
Flash Heal 3, casts: 10, avg: 819.883, 2.35249%, cast time 1.21075% of in combat, overheal: 0.120867
Flash Heal 4, casts: 7, avg: 915.407, 1.83861%, cast time 0.847526% of in combat, overheal: 0.100462
Flash Heal 5, casts: 8, avg: 1087.43, 2.49614%, cast time 0.968601% of in combat, overheal: 0.0589028
Flash Heal 6, casts: 10, avg: 1070.7, 3.07216%, cast time 1.21075% of in combat, overheal: 0.17786
Flash Heal 7, casts: 54, avg: 1393.94, 21.598%, cast time 6.53806% of in combat, overheal: 0.0653618
Greater Heal 1, casts: 7, avg: 1790.72, 3.59668%, cast time 1.41254% of in combat, overheal: 0.148577
Greater Heal 1 hazz, casts: 16, avg: 1342.17, 6.16176%, cast time 1.9372% of in combat, overheal: 0.361843
Greater Heal 2 hazz, casts: 1, avg: 1665, 0.477739%, cast time 0.121075% of in combat, overheal: 0.301338
Greater Heal 3 hazz, casts: 3, avg: 2412.88, 2.07698%, cast time 0.363225% of in combat, overheal: 0.108533
Greater Heal 4, casts: 26, avg: 2353.64, 17.5586%, cast time 5.24659% of in combat, overheal: 0.237272
Greater Heal 4 hazz, casts: 7, avg: 2806.01, 5.63591%, cast time 0.847526% of in combat, overheal: 0.0906746
Heal 2, casts: 61, avg: 1161.71, 20.3331%, cast time 12.3093% of in combat, overheal: 0.265313
Heal 4, casts: 13, avg: 1622.41, 6.05175%, cast time 2.62329% of in combat, overheal: 0.278388
Total time casting: 509, which is: 41.0848% of time in combat.
Total hps: 281.311, raw hps: 355.674, oh: 0.209076
Deficit time sum: 1.5728e+07, baseline: 2.18547e+07
Deficit*time change / s: 4945.27 hp
Number of combats: 14
Average mana at start of combat: 10075.8
Average mana at end of combat: 8816.67
Other players with hps > 100:
  Anderhage : 172.077 hps
  Avashock : 155.05 hps
  Firali : 185.685 hps
  Mysburgarn : 116.403 hps
  Naturn : 164.838 hps
  Takyon : 165.705 hps
  Xnetica : 128.803 hps
  Zanzor : 152.289 hps
------------------
Based on last: 3000 entries, out of total: 23231 entries, The least-squares solution is:
Int: 0
Spirit: 33.8889
Sp / Healing: 100
Mp5: 0
Crit: 1340.18
T1 3p/piece: 0
T2 3p/piece: 0
100 points == 1 sp == 0.043601 hps.
Appended tag:
( Pawn: v1: "fika_bwl_speed_phase5": Intellect=0, Spirit=33.8889, Healing=100, Mp5=0, SpellCritRating=1340.18, IsFist=X, Is2HMace=X, IsCrossbow=X, IsGun=X, IsShield=X, IsPolearm=X, Is2HAxe=X, IsBow=X, IsMail=X, IsPlate=X, IsLeather=X, IsAxe=X, Is2HAxe=X, IsSword=X, Is2HSword=X)
To file: fika_bwl_speed_phase5.pawn_tag.txt
------------------
Diffs to start: 
Upgrades: 
( following sorted by alt scores, no specials )
benediction, , , (5.96768) -> , scepter of the false prophet, , sartura's might(10.377) : 4.40936 = +1.59239%
halo of transcendence(2.41791) -> crystal adorned crown(4.20337) : 1.78546 = +0.638746%
zandalar confessor's bindings(1.31094) -> grasp of the old god(2.57245) : 1.26151 = +0.450457%
zandalarian hero charm(1.74405) -> rejuvenating gem(2.87766) : 1.13361 = +0.404602%
boots of transcendence(1.77722) -> boots of pure thought(2.88058) : 1.10336 = +0.393766%
pauldrons of transcendence(1.32571) -> zandalar confessor's mantle(2.18369) : 0.857971 = +0.305923%
bindings of transcendence(1.67523) -> bracelets of royal redemption(2.44385) : 0.768616 = +0.273975%
dragon's touch(0.261597) -> lunar wand of healing(0.872009) : 0.610413 = +0.21746%
jin'do's evil eye(2.00711) -> amulet of the fallen god(2.48526) : 0.478149 = +0.170261%
fordring's seal(1.61325) -> cauterizing band(2.00565) : 0.392395 = +0.139683%
handguards of transcendence(2.04083) -> atal'ai hands of healing(2.31085) : 0.27002 = +0.0960782%
hide of the wild(1.83124) -> cloak of clarity(1.84747) : 0.0162354 = +0.00577164%
empowered leggings(4.29623) -> empowered leggings(4.29623) : 0 = +0%
pure elementium band(2.45862) -> pure elementium band(2.45862) : 0 = +0%
hazza'rah's charm of healing(1.00281) -> hazza'rah's charm of healing(1.00281) : 0 = +0%
truefaith vestments(3.18286) -> robes of the guardian saint(3.05206) : -0.130798 = +-0.0464743%
- - - - - - - - - - - - - - - - - - - - - - - - - - - - - - - - - - - - - - - - - 
| Upgrades at best in slot level, from start item to candidate, partial bonuses: 1: |
  alt scores are from least squares fit, special score from e.g. set bonuses as s are part of em
. . . . . . . . . . . . . . . . . . . . . . . . . . . . . . . . . . . . . . . . . 
- . - ' - . - ' - . - ' - . - ' - . - ' - . -
head, halo of transcendence (4.2699), alt: 2.41791 -> :
    crystal adorned crown (9.91766) : +2.02642 %, alt : +4.20338, from: azuregos
    eternal crown of healing (5.85361) : +0.568237 %, alt : +2.79046, from: random green
    don rigoberto's lost hat (4.67459) : +0.145205 %, alt : +2.79046, from: aq40
    zulian headdress (4.1033) : -0.0597746 %, alt : +2.60492, from: zg
- . - ' - . - ' - . - ' - . - ' - . - ' - . -
neck, jin'do's evil eye (4.38535), alt: 2.00711 -> :
    amulet of the fallen god (7.52454) : +1.1163 %, alt : +2.48526, from: aq40
    amulet of the shifting sands (4.45654) : +0.0253179 %, alt : +2.00564, from: aq20
- . - ' - . - ' - . - ' - . - ' - . - ' - . -
shoulders, pauldrons of transcendence (1.69623), alt: 1.32571 -> :
    ternary mantle (4.11078) : +0.863455 %, alt : +2.21396, from: aq40
    zandalar confessor's mantle (6.4115) : +1.6862 %, alt : +2.18368, from: zg
    mantle of the blackwing cabal (3.35928) : +0.594716 %, alt : +1.48243, from: bwl
- . - ' - . - ' - . - ' - . - ' - . - ' - . -
back, hide of the wild (5.09848), alt: 1.83124 -> :
    cloak of clarity (6.62891) : +0.541125 %, alt : +1.84747, from: aq40
- . - ' - . - ' - . - ' - . - ' - . - ' - . -
chest, truefaith vestments (7.86847), alt: 3.18286 -> :
    robes of the guardian saint (9.43948) : +0.555555 %, alt : +3.05207, from: aq40
- . - ' - . - ' - . - ' - . - ' - . - ' - . -
wrists, bindings of transcendence (1.8324), alt: 1.67523 -> :
    bracelets of royal redemption (6.84555) : +1.79464 %, alt : +2.44383, from: aq40
    flameweave cuffs of healing (3.31891) : +0.53215 %, alt : +1.43883, from: brd
    burrower bracers (3.06439) : +0.441037 %, alt : +1.22083, from: aq40
- . - ' - . - ' - . - ' - . - ' - . - ' - . -
two-hand, benediction (2.34097), alt: 5.96768 -> :
    scepter of the false prophet and lei of the lifegiver (7.34445) : +1.74523 %, alt : +10.4642, from: aq40, av rep
    scepter of the false prophet and sartura's might (7.36652) : +1.75293 %, alt : +10.377, from: aq40, aq40
    scepter of the false prophet and brightly glowing stone (7.59424) : +1.83236 %, alt : +9.76662, from: aq40, pre-raid
    scepter of the false prophet and talon of furious concentration (7.90118) : +1.93942 %, alt : +9.65333, from: aq40, aq20
    blessed qiraji augur staff (1.99271) : -0.121476 %, alt : +6.23494, from: aq40
    gavel of infinite wisdom and lei of the lifegiver (1.67682) : -0.231659 %, alt : +6.23494, from: aq20, av rep
    gavel of infinite wisdom and sartura's might (2.00549) : -0.117016 %, alt : +6.14774, from: aq20, aq40
    lok'amir il romathis and lei of the lifegiver (2.6713) : +0.115217 %, alt : +6.09154, from: bwl, av rep
    lok'amir il romathis and sartura's might (1.97708) : -0.126927 %, alt : +6.00434, from: bwl, aq40
    gavel of infinite wisdom and brightly glowing stone (2.58649) : +0.085636 %, alt : +5.53732, from: aq20, pre-raid
    lok'amir il romathis and brightly glowing stone (3.26443) : +0.322106 %, alt : +5.39392, from: bwl, pre-raid
    lok'amir il romathis and talon of furious concentration (2.46426) : +0.0430043 %, alt : +5.28064, from: bwl, aq20
    jin'do's hexxer and lei of the lifegiver (3.0025) : +0.230744 %, alt : +5.11883, from: zg, av rep
- . - ' - . - ' - . - ' - . - ' - . - ' - . -
ranged, dragon's touch (-0.323639), alt: 0.261597 -> :
    lunar wand of healing (3.47409) : +1.35364 %, alt : +0.872019, from: random green
    wandof qiraji nobility (3.40802) : +1.33009 %, alt : +0.828418, from: aq40
    antenna of invigoration (0.304626) : +0.223936 %, alt : +0.566813, from: aq20
    bonecreeper stylus (-0.045166) : +0.0992575 %, alt : +0.479611, from: pre-raid
- . - ' - . - ' - . - ' - . - ' - . - ' - . -
hands, handguards of transcendence (2.97534), alt: 2.04083 -> :
    atal'ai hands of healing (6.79208) : +1.36051 %, alt : +2.31085, from: sunken temple
    high councillor's gloves of healing (6.44833) : +1.23798 %, alt : +2.00564, from: random green
- . - ' - . - ' - . - ' - . - ' - . - ' - . -
waist, zandalar confessor's bindings (3.659), alt: 1.31094 -> :
    grasp of the old god (7.97165) : +1.54001 %, alt : +2.57246, from: aq40
    eyestalk waist cord (4.76944) : +0.396529 %, alt : +2.37197, from: aq40
    firemaw's clutch (4.20251) : +0.194085 %, alt : +1.52603, from: bwl
    whipvine cord (3.92328) : +0.0943727 %, alt : +1.35163, from: pre-raid
- . - ' - . - ' - . - ' - . - ' - . - ' - . -
legs, empowered leggings (9.27579), alt: 4.29623 -> :
- . - ' - . - ' - . - ' - . - ' - . - ' - . -
feet, boots of transcendence (2.01779), alt: 1.77722 -> :
    boots of pure thought (7.46497) : +1.95305 %, alt : +2.88057, from: bwl
    treads of the wandering nomand (3.04651) : +0.368839 %, alt : +1.77577, from: aq20
    betrayer's boots (3.21304) : +0.428549 %, alt : +1.48534, from: zg
- . - ' - . - ' - . - ' - . - ' - . - ' - . -
finger, fordring's seal (3.49683), alt: 1.61325 -> :
    pure elementium band (6.75482) : +1.15763 %, alt : +2.45861, from: bwl
    ring of the martyr (6.56851) : +1.09143 %, alt : +2.22365, from: aq40
    primalist's seal (6.38168) : +1.02505 %, alt : +2.10205, from: zg
    cauterizing band (6.4147) : +1.03678 %, alt : +2.00564, from: mc
- . - ' - . - ' - . - ' - . - ' - . - ' - . -
finger 2, pure elementium band (6.84555), alt: 2.45862 -> :
- . - ' - . - ' - . - ' - . - ' - . - ' - . -
trinket, zandalarian hero charm (3.84494), alt: 1.74405 -> :
    rejuvenating gem (8.08679) : +1.51434 %, alt : +2.87766, from: bwl
    hibernation crystal (-8.00345) : -4.22988 %, alt : +2.57246, from: ysondre
    hazza'rah's charm of healing (0) : -1.37264 %, alt : +1.00282, from: zg
- . - ' - . - ' - . - ' - . - ' - . - ' - . -
trinket 2, hazza'rah's charm of healing (14.1209), alt: 1.00281 -> :
    rejuvenating gem (1.54266) : -4.42345 %, alt : +2.87766, from: bwl
    hibernation crystal (-0.0935974) : -4.99888 %, alt : +2.57246, from: ysondre
    zandalarian hero charm (-0.06604) : -4.98919 %, alt : +1.74404, from: zg
    royal seal of eldre'thalas (2.05798) : -4.24223 %, alt : +1.43883, from: pre-raid
    briarwood reed (-0.615356) : -5.18237 %, alt : +1.26443, from: pre-raid
    eye of the beast (-2.29556) : -5.77326 %, alt : +1.16866, from: pre-raid
    scarab brooch (-0.879578) : -5.27529 %, alt : +1.09002, from: aq40
    hazza'rah's charm of healing (14.1209) : +0 %, alt : +1.00282, from: zg
- - - - - - - - - - - - - - - - - - - - - - - - - - - - - - - - - - - - - - - - - 
| Upgrades at best in slot level, from start item to candidate, partial bonuses: 0: |
  alt scores are from least squares fit, special score from e.g. set bonuses as s are part of em
. . . . . . . . . . . . . . . . . . . . . . . . . . . . . . . . . . . . . . . . . 
- . - ' - . - ' - . - ' - . - ' - . - ' - . -
head, halo of transcendence (3.29312), alt: 2.41791 -> :
    crystal adorned crown (7.71426) : +1.59671 %, alt : +4.20338, from: azuregos
    eternal crown of healing (4.76611) : +0.531977 %, alt : +2.79046, from: random green
    don rigoberto's lost hat (2.9202) : -0.134683 %, alt : +2.79046, from: aq40
    zulian headdress (4.24228) : +0.342792 %, alt : +2.60492, from: zg
- . - ' - . - ' - . - ' - . - ' - . - ' - . -
neck, jin'do's evil eye (4.49179), alt: 2.00711 -> :
    amulet of the fallen god (5.21417) : +0.257452 %, alt : +2.48526, from: aq40
    amulet of the shifting sands (4.5632) : +0.0254504 %, alt : +2.00564, from: aq20
- . - ' - . - ' - . - ' - . - ' - . - ' - . -
shoulders, pauldrons of transcendence (3.00885), alt: 1.32571 -> :
    ternary mantle (4.01257) : +0.358209 %, alt : +2.21396, from: aq40
    zandalar confessor's mantle (4.11411) : +0.394444 %, alt : +2.18368, from: zg
    mantle of the blackwing cabal (3.47888) : +0.167745 %, alt : +1.48243, from: bwl
- . - ' - . - ' - . - ' - . - ' - . - ' - . -
back, hide of the wild (4.48068), alt: 1.83124 -> :
    cloak of clarity (4.36215) : -0.0421172 %, alt : +1.84747, from: aq40
- . - ' - . - ' - . - ' - . - ' - . - ' - . -
chest, truefaith vestments (7.13986), alt: 3.18286 -> :
- . - ' - . - ' - . - ' - . - ' - . - ' - . -
wrists, bindings of transcendence (2.84445), alt: 1.67523 -> :
    bracelets of royal redemption (4.58578) : +0.622861 %, alt : +2.44383, from: aq40
    flameweave cuffs of healing (3.35602) : +0.182983 %, alt : +1.43883, from: brd
- . - ' - . - ' - . - ' - . - ' - . - ' - . -
two-hand, benediction (5.1416), alt: 5.96768 -> :
    scepter of the false prophet and lei of the lifegiver (10.1041) : +1.73238 %, alt : +10.4642, from: aq40, av rep
    scepter of the false prophet and sartura's might (10.0144) : +1.70107 %, alt : +10.377, from: aq40, aq40
    scepter of the false prophet and brightly glowing stone (11.1982) : +2.11435 %, alt : +9.76662, from: aq40, pre-raid
    scepter of the false prophet and talon of furious concentration (9.52948) : +1.5318 %, alt : +9.65333, from: aq40, aq20
    blessed qiraji augur staff (5.08688) : -0.0191019 %, alt : +6.23494, from: aq40
    gavel of infinite wisdom and lei of the lifegiver (4.77139) : -0.129239 %, alt : +6.23494, from: aq20, av rep
    gavel of infinite wisdom and sartura's might (5.22394) : +0.0287434 %, alt : +6.14774, from: aq20, aq40
    lok'amir il romathis and lei of the lifegiver (5.57169) : +0.150141 %, alt : +6.09154, from: bwl, av rep
    lok'amir il romathis and sartura's might (5.63382) : +0.171832 %, alt : +6.00434, from: bwl, aq40
    gavel of infinite wisdom and brightly glowing stone (5.23166) : +0.0314388 %, alt : +5.53732, from: aq20, pre-raid
    lok'amir il romathis and brightly glowing stone (6.05338) : +0.318298 %, alt : +5.39392, from: bwl, pre-raid
    jin'do's hexxer and lei of the lifegiver (5.56653) : +0.148341 %, alt : +5.11883, from: zg, av rep
    the hammer of grace and brightly glowing stone (5.47452) : +0.11622 %, alt : +2.96487, from: pre-raid, pre-raid
- . - ' - . - ' - . - ' - . - ' - . - ' - . -
ranged, dragon's touch (-0.200317), alt: 0.261597 -> :
    lunar wand of healing (1.17661) : +0.491873 %, alt : +0.872019, from: random green
    wandof qiraji nobility (1.11206) : +0.468816 %, alt : +0.828418, from: aq40
    antenna of invigoration (0.207336) : +0.145625 %, alt : +0.566813, from: aq20
    bonecreeper stylus (0.733582) : +0.333613 %, alt : +0.479611, from: pre-raid
- . - ' - . - ' - . - ' - . - ' - . - ' - . -
hands, handguards of transcendence (5.01025), alt: 2.04083 -> :
    atal'ai hands of healing (4.53049) : -0.170256 %, alt : +2.31085, from: sunken temple
- . - ' - . - ' - . - ' - . - ' - . - ' - . -
waist, zandalar confessor's bindings (3.10376), alt: 1.31094 -> :
    grasp of the old god (6.30463) : +1.15093 %, alt : +2.57246, from: aq40
    eyestalk waist cord (5.13934) : +0.731933 %, alt : +2.37197, from: aq40
    firemaw's clutch (3.5889) : +0.174441 %, alt : +1.52603, from: bwl
    whipvine cord (3.37241) : +0.0965969 %, alt : +1.35163, from: pre-raid
- . - ' - . - ' - . - ' - . - ' - . - ' - . -
legs, empowered leggings (6.94867), alt: 4.29623 -> :
- . - ' - . - ' - . - ' - . - ' - . - ' - . -
feet, boots of transcendence (2.21887), alt: 1.77722 -> :
    boots of pure thought (5.64655) : +1.23349 %, alt : +2.88057, from: bwl
    treads of the wandering nomand (2.3548) : +0.0489145 %, alt : +1.77577, from: aq20
    betrayer's boots (2.50726) : +0.103781 %, alt : +1.48534, from: zg
- . - ' - . - ' - . - ' - . - ' - . - ' - . -
finger, fordring's seal (3.61679), alt: 1.61325 -> :
    pure elementium band (6.8519) : +1.15206 %, alt : +2.45861, from: bwl
    ring of the martyr (6.7843) : +1.12799 %, alt : +2.22365, from: aq40
    cauterizing band (4.11758) : +0.178339 %, alt : +2.00564, from: mc
- . - ' - . - ' - . - ' - . - ' - . - ' - . -
finger 2, pure elementium band (4.58578), alt: 2.45862 -> :
- . - ' - . - ' - . - ' - . - ' - . - ' - . -
trinket, zandalarian hero charm (3.07208), alt: 1.74405 -> :
    rejuvenating gem (6.27097) : +1.15021 %, alt : +2.87766, from: bwl
    hibernation crystal (-8.72733) : -4.24267 %, alt : +2.57246, from: ysondre
    hazza'rah's charm of healing (0) : -1.10462 %, alt : +1.00282, from: zg
- . - ' - . - ' - . - ' - . - ' - . - ' - . -
trinket 2, hazza'rah's charm of healing (13.1045), alt: 1.00281 -> :
    rejuvenating gem (3.66928) : -3.354 %, alt : +2.87766, from: bwl
    hibernation crystal (1.97467) : -3.9564 %, alt : +2.57246, from: ysondre
    zandalarian hero charm (1.37747) : -4.16869 %, alt : +1.74404, from: zg
    royal seal of eldre'thalas (3.47461) : -3.4232 %, alt : +1.43883, from: pre-raid
    briarwood reed (0.761993) : -4.38748 %, alt : +1.26443, from: pre-raid
    eye of the beast (1.90015) : -3.98289 %, alt : +1.16866, from: pre-raid
    scarab brooch (-0.0158691) : -4.66399 %, alt : +1.09002, from: aq40
    hazza'rah's charm of healing (13.1045) : +0 %, alt : +1.00282, from: zg
- - - - - - - - - - - - - - - - - - - - - - - - - - - - - - - - - - - - - - - - - 
| Upgrades at start level, from start item to candidate, partial bonuses: 1: |
  alt scores are from least squares fit, special score from e.g. set bonuses as s are part of em
. . . . . . . . . . . . . . . . . . . . . . . . . . . . . . . . . . . . . . . . . 
- . - ' - . - ' - . - ' - . - ' - . - ' - . -
head, halo of transcendence (4.5354), alt: 2.41791 -> :
    crystal adorned crown (5.42465) : +0.334511 %, alt : +4.20338, from: azuregos
    eternal crown of healing (4.48126) : -0.0203653 %, alt : +2.79046, from: random green
    don rigoberto's lost hat (6.15527) : +0.60935 %, alt : +2.79046, from: aq40
    zulian headdress (3.38745) : -0.431826 %, alt : +2.60492, from: zg
- . - ' - . - ' - . - ' - . - ' - . - ' - . -
neck, jin'do's evil eye (4.24222), alt: 2.00711 -> :
    amulet of the fallen god (5.17709) : +0.351674 %, alt : +2.48526, from: aq40
    amulet of the shifting sands (4.3378) : +0.0359549 %, alt : +2.00564, from: aq20
- . - ' - . - ' - . - ' - . - ' - . - ' - . -
shoulders, pauldrons of transcendence (3.18924), alt: 1.32571 -> :
    ternary mantle (4.53906) : +0.507765 %, alt : +2.21396, from: aq40
    mantle of the blackwing cabal (2.13684) : -0.395883 %, alt : +1.48243, from: bwl
    pauldrons of transcendence (3.18924) : +0 %, alt : +1.32571, from: bwl
    zandalar confessor's mantle (2.86624) : -0.121503 %, alt : +1.18086, from: zg
- . - ' - . - ' - . - ' - . - ' - . - ' - . -
back, hide of the wild (4.47186), alt: 1.83124 -> :
    cloak of clarity (2.65646) : -0.682902 %, alt : +1.84747, from: aq40
- . - ' - . - ' - . - ' - . - ' - . - ' - . -
chest, truefaith vestments (4.44269), alt: 3.18286 -> :
    robes of transcendence (3.16953) : -0.478928 %, alt : +2.72167, from: bwl
- . - ' - . - ' - . - ' - . - ' - . - ' - . -
wrists, bindings of transcendence (3.60934), alt: 1.67523 -> :
    bracelets of royal redemption (5.04242) : +0.539082 %, alt : +2.44383, from: aq40
    bindings of transcendence (3.60934) : +0 %, alt : +1.67525, from: bwl
- . - ' - . - ' - . - ' - . - ' - . - ' - . -
two-hand, benediction (7.742), alt: 5.96768 -> :
    scepter of the false prophet and lei of the lifegiver (15.8434) : +3.04753 %, alt : +10.4642, from: aq40, av rep
    scepter of the false prophet and sartura's might (18.0891) : +3.89229 %, alt : +10.377, from: aq40, aq40
    scepter of the false prophet and brightly glowing stone (16.1565) : +3.16528 %, alt : +9.76662, from: aq40, pre-raid
    scepter of the false prophet and talon of furious concentration (14.8535) : +2.67513 %, alt : +9.65333, from: aq40, aq20
    blessed qiraji augur staff (7.49725) : -0.0920684 %, alt : +6.23494, from: aq40
    gavel of infinite wisdom and lei of the lifegiver (9.06393) : +0.497273 %, alt : +6.23494, from: aq20, av rep
    gavel of infinite wisdom and sartura's might (8.99899) : +0.472843 %, alt : +6.14774, from: aq20, aq40
    lok'amir il romathis and lei of the lifegiver (9.22699) : +0.558609 %, alt : +6.09154, from: bwl, av rep
    lok'amir il romathis and sartura's might (9.15509) : +0.531563 %, alt : +6.00434, from: bwl, aq40
- . - ' - . - ' - . - ' - . - ' - . - ' - . -
ranged, dragon's touch (3.00116), alt: 0.261597 -> :
    lunar wand of healing (1.92099) : -0.406329 %, alt : +0.872019, from: random green
    wandof qiraji nobility (1.84363) : -0.435431 %, alt : +0.828418, from: aq40
    antenna of invigoration (3.51047) : +0.191587 %, alt : +0.566813, from: aq20
    bonecreeper stylus (1.30829) : -0.63681 %, alt : +0.479611, from: pre-raid
- . - ' - . - ' - . - ' - . - ' - . - ' - . -
hands, handguards of transcendence (3.73248), alt: 2.04083 -> :
    atal'ai hands of healing (3.4039) : -0.123604 %, alt : +2.31085, from: sunken temple
    handguards of transcendence (3.73248) : +0 %, alt : +2.04085, from: bwl
- . - ' - . - ' - . - ' - . - ' - . - ' - . -
waist, zandalar confessor's bindings (4.57498), alt: 2.31375 -> :
    grasp of the old god (5.35757) : +0.294389 %, alt : +2.57246, from: aq40
    eyestalk waist cord (2.58936) : -0.746936 %, alt : +2.37197, from: aq40
- . - ' - . - ' - . - ' - . - ' - . - ' - . -
legs, empowered leggings (5.03418), alt: 4.29623 -> :
    leggings of transcendence (1.29688) : -1.40587 %, alt : +2.31594, from: mc
- . - ' - . - ' - . - ' - . - ' - . - ' - . -
feet, boots of transcendence (3.78964), alt: 1.77722 -> :
    boots of pure thought (5.09314) : +0.490339 %, alt : +2.88057, from: bwl
    boots of transcendence (3.78964) : +0 %, alt : +1.77722, from: bwl
- . - ' - . - ' - . - ' - . - ' - . - ' - . -
finger, fordring's seal (2.17712), alt: 1.61325 -> :
    pure elementium band (3.8696) : +0.636661 %, alt : +2.45861, from: bwl
    ring of the martyr (3.23181) : +0.396744 %, alt : +2.22365, from: aq40
    primalist's seal (2.88647) : +0.266838 %, alt : +2.10205, from: zg
    cauterizing band (2.93027) : +0.283311 %, alt : +2.00564, from: mc
- . - ' - . - ' - . - ' - . - ' - . - ' - . -
finger 2, pure elementium band (4.38083), alt: 2.45862 -> :
- . - ' - . - ' - . - ' - . - ' - . - ' - . -
trinket, zandalarian hero charm (2.38788), alt: 1.74405 -> :
    rejuvenating gem (2.07483) : -0.11776 %, alt : +2.87766, from: bwl
    hibernation crystal (-9.07513) : -4.31206 %, alt : +2.57246, from: ysondre
    hazza'rah's charm of healing (0) : -0.898252 %, alt : +1.00282, from: zg
- . - ' - . - ' - . - ' - . - ' - . - ' - . -
trinket 2, hazza'rah's charm of healing (12.3749), alt: 1.00282 -> :
    rejuvenating gem (1.45613) : -4.10732 %, alt : +2.87766, from: bwl
    hibernation crystal (2.81732) : -3.59528 %, alt : +2.57246, from: ysondre
    zandalarian hero charm (2.35483) : -3.76926 %, alt : +1.74404, from: zg
    royal seal of eldre'thalas (1.82094) : -3.97009 %, alt : +1.43883, from: pre-raid
    briarwood reed (1.57458) : -4.06276 %, alt : +1.26443, from: pre-raid
    eye of the beast (0.519958) : -4.45949 %, alt : +1.16866, from: pre-raid
    scarab brooch (1.39677) : -4.12965 %, alt : +1.09002, from: aq40
    hazza'rah's charm of healing (12.3749) : +0 %, alt : +1.00282, from: zg
- - - - - - - - - - - - - - - - - - - - - - - - - - - - - - - - - - - - - - - - - 
| Upgrades at start level, from start item to candidate, partial bonuses: 0: |
  alt scores are from least squares fit, special score from e.g. set bonuses as s are part of em
. . . . . . . . . . . . . . . . . . . . . . . . . . . . . . . . . . . . . . . . . 
- . - ' - . - ' - . - ' - . - ' - . - ' - . -
head, halo of transcendence (3.16278), alt: 2.41791 -> :
    crystal adorned crown (4.90207) : +0.656999 %, alt : +4.20338, from: azuregos
    eternal crown of healing (2.83716) : -0.123001 %, alt : +2.79046, from: random green
    don rigoberto's lost hat (4.59662) : +0.541618 %, alt : +2.79046, from: aq40
    zulian headdress (2.21518) : -0.357947 %, alt : +2.60492, from: zg
- . - ' - . - ' - . - ' - . - ' - . - ' - . -
neck, jin'do's evil eye (3.36789), alt: 2.00711 -> :
    amulet of the fallen god (4.57794) : +0.457085 %, alt : +2.48526, from: aq40
    amulet of the shifting sands (3.46423) : +0.036393 %, alt : +2.00564, from: aq20
- . - ' - . - ' - . - ' - . - ' - . - ' - . -
shoulders, pauldrons of transcendence (2.78958), alt: 1.32571 -> :
    ternary mantle (2.31784) : -0.178195 %, alt : +2.21396, from: aq40
    mantle of the blackwing cabal (1.93753) : -0.321854 %, alt : +1.48243, from: bwl
    pauldrons of transcendence (2.78958) : +0 %, alt : +1.32571, from: bwl
    zandalar confessor's mantle (2.52982) : -0.0981239 %, alt : +1.18086, from: zg
- . - ' - . - ' - . - ' - . - ' - . - ' - . -
back, hide of the wild (3.20447), alt: 1.83124 -> :
    cloak of clarity (1.39667) : -0.682879 %, alt : +1.84747, from: aq40
- . - ' - . - ' - . - ' - . - ' - . - ' - . -
chest, truefaith vestments (4.12302), alt: 3.18286 -> :
    robes of transcendence (3.8609) : -0.0990116 %, alt : +2.72167, from: bwl
- . - ' - . - ' - . - ' - . - ' - . - ' - . -
wrists, bindings of transcendence (3.14896), alt: 1.67523 -> :
    bracelets of royal redemption (2.86188) : -0.108441 %, alt : +2.44383, from: aq40
    bindings of transcendence (3.14896) : +0 %, alt : +1.67525, from: bwl
- . - ' - . - ' - . - ' - . - ' - . - ' - . -
two-hand, benediction (6.69751), alt: 5.96768 -> :
    scepter of the false prophet and lei of the lifegiver (15.9283) : +3.48683 %, alt : +10.4642, from: aq40, av rep
    scepter of the false prophet and sartura's might (14.7549) : +3.04361 %, alt : +10.377, from: aq40, aq40
    scepter of the false prophet and brightly glowing stone (13.5639) : +2.59371 %, alt : +9.76662, from: aq40, pre-raid
    scepter of the false prophet and talon of furious concentration (13.4467) : +2.54944 %, alt : +9.65333, from: aq40, aq20
    blessed qiraji augur staff (7.37375) : +0.255443 %, alt : +6.23494, from: aq40
    gavel of infinite wisdom and lei of the lifegiver (9.06546) : +0.89447 %, alt : +6.23494, from: aq20, av rep
    gavel of infinite wisdom and sartura's might (9.36676) : +1.00828 %, alt : +6.14774, from: aq20, aq40
    lok'amir il romathis and lei of the lifegiver (6.47256) : -0.0849708 %, alt : +6.09154, from: bwl, av rep
    lok'amir il romathis and sartura's might (8.39102) : +0.639708 %, alt : +6.00434, from: bwl, aq40
- . - ' - . - ' - . - ' - . - ' - . - ' - . -
ranged, dragon's touch (1.95856), alt: 0.261597 -> :
    lunar wand of healing (1.15143) : -0.304885 %, alt : +0.872019, from: random green
    wandof qiraji nobility (1.07318) : -0.334442 %, alt : +0.828418, from: aq40
    antenna of invigoration (2.65964) : +0.264826 %, alt : +0.566813, from: aq20
    bonecreeper stylus (2.07544) : +0.0441512 %, alt : +0.479611, from: pre-raid
- . - ' - . - ' - . - ' - . - ' - . - ' - . -
hands, handguards of transcendence (3.20535), alt: 2.04083 -> :
    atal'ai hands of healing (3.20959) : +0.00160235 %, alt : +2.31085, from: sunken temple
    handguards of transcendence (3.20535) : +0 %, alt : +2.04085, from: bwl
- . - ' - . - ' - . - ' - . - ' - . - ' - . -
waist, zandalar confessor's bindings (3.20224), alt: 2.31375 -> :
    grasp of the old god (4.16513) : +0.363723 %, alt : +2.57246, from: aq40
    eyestalk waist cord (1.8291) : -0.51869 %, alt : +2.37197, from: aq40
- . - ' - . - ' - . - ' - . - ' - . - ' - . -
legs, empowered leggings (4.82791), alt: 4.29623 -> :
    leggings of transcendence (1.54803) : -1.23894 %, alt : +2.31594, from: mc
- . - ' - . - ' - . - ' - . - ' - . - ' - . -
feet, boots of transcendence (3.32843), alt: 1.77722 -> :
    boots of pure thought (3.92905) : +0.226877 %, alt : +2.88057, from: bwl
    boots of transcendence (3.32843) : +0 %, alt : +1.77722, from: bwl
    treads of the wandering nomand (3.49359) : +0.062388 %, alt : +1.77577, from: aq20
- . - ' - . - ' - . - ' - . - ' - . - ' - . -
finger, fordring's seal (3.78052), alt: 1.61325 -> :
    pure elementium band (5.26102) : +0.559244 %, alt : +2.45861, from: bwl
    ring of the martyr (5.04184) : +0.476452 %, alt : +2.22365, from: aq40
    cauterizing band (4.7262) : +0.357221 %, alt : +2.00564, from: mc
    primalist's seal (3.82489) : +0.0167613 %, alt : +1.38264, from: zg
- . - ' - . - ' - . - ' - . - ' - . - ' - . -
finger 2, pure elementium band (3.23312), alt: 2.45862 -> :
    cauterizing band (3.29346) : +0.0227903 %, alt : +2.00564, from: mc
- . - ' - . - ' - . - ' - . - ' - . - ' - . -
trinket, zandalarian hero charm (1.93625), alt: 1.74405 -> :
    rejuvenating gem (2.29337) : +0.134897 %, alt : +2.87766, from: bwl
    hibernation crystal (-9.44196) : -4.29801 %, alt : +2.57246, from: ysondre
    hazza'rah's charm of healing (0) : -0.731399 %, alt : +1.00282, from: zg
- . - ' - . - ' - . - ' - . - ' - . - ' - . -
trinket 2, hazza'rah's charm of healing (14.2617), alt: 1.00282 -> :
    rejuvenating gem (4.27924) : -3.77078 %, alt : +2.87766, from: bwl
    hibernation crystal (5.29968) : -3.38532 %, alt : +2.57246, from: ysondre
    zandalarian hero charm (4.52521) : -3.67787 %, alt : +1.74404, from: zg
    royal seal of eldre'thalas (4.0885) : -3.84283 %, alt : +1.43883, from: pre-raid
    briarwood reed (3.78134) : -3.95885 %, alt : +1.26443, from: pre-raid
    eye of the beast (2.8557) : -4.30851 %, alt : +1.16866, from: pre-raid
    scarab brooch (3.31252) : -4.13595 %, alt : +1.09002, from: aq40
    hazza'rah's charm of healing (14.2617) : +0 %, alt : +1.00282, from: zg
------------------
Best value: 285.304
