Your call: ./css 4 ../items/phase5.csv ../items/not_for_priests.txt no-locks helix_bwl_speed_phase5 -a ../confs/wcl_bwl_speed_log.csv -l helix_speed.txt 
Found: -a, val: ../confs/wcl_bwl_speed_log.csv
./css 4 ../items/phase5.csv ../items/not_for_priests.txt no-locks helix_bwl_speed_phase5 -l helix_speed.txt 
Found key: buff_fraction, saw val: 1
Found key: healing_from_crit_fraction, saw val: 0.2
Found key: transc8_exists, saw val: 0
Found key: enchantments, saw val: 1
Found key: fort, saw val: 1
Found key: motw, saw val: 1
Found key: spirit, saw val: 1
Found key: ai, saw val: 1
Found key: flask, saw val: 1
Found key: holy_disc, saw val: 0
Found key: min_combat_length, saw val: 2
Found key: max_log_entry_diff_in_combat, saw val: 10
Found key: precast, saw val: 1
Found key: swap_cast, saw val: 1
Found key: time_step, saw val: 0.1
Found key: reaction_time, saw val: 0.1
Found key: skip_player, saw val: Paisti
Found key: use_deficit_time_sum, saw val: 0
Found key: wcl_log, saw val: 1
Found: -l, val: helix_speed.txt
./css 4 ../items/phase5.csv ../items/not_for_priests.txt no-locks helix_bwl_speed_phase5 
Will read log from: helix_speed.txt
./css 4 ../items/phase5.csv ../items/not_for_priests.txt no-locks helix_bwl_speed_phase5 
./css 4 ../items/phase5.csv ../items/not_for_priests.txt no-locks helix_bwl_speed_phase5 
Shuffle seed: 2416673600
Reading banned from: ../items/not_for_priests.txt
Banning: neltharion's tear
Banning: lok'amir il romathis
Banning: choker of the fire lord
Reading WCL parsed log: helix_speed.txt
Saw 18778 lines of log, with 18778 log lines
Sorting by timestamp...
Sorted.
Pruning log from: 18778 entries.
Combat from 0 to 10.866 s
Combat from 51.767 to 64.273 s
Combat from 67.164 to 120.131 s
Combat from 129.462 to 137.931 s
Combat from 144.021 to 209.92 s
Combat from 221.672 to 347.629 s
Combat from 383.707 to 403.293 s
Combat from 439.55 to 480.014 s
Combat from 481.632 to 856.545 s
Combat from 889.632 to 923.663 s
Combat from 927.14 to 965.621 s
Combat from 967.817 to 1041.61 s
Combat from 1069.13 to 1153.78 s
Combat from 1188.5 to 1265.65 s
Combat from 1294.63 to 1428.98 s
Combat from 1442.45 to 1476.25 s
Combat from 1476.86 to 1518.52 s
Pruned to: 18572 entries.
----------------------------------------------------------
---- Baseline results without simulated player input: ----
----------------------------------------------------------
oh_limit: 0.9
time_left_mul: 0.5
total_deficit_to_pop_trinkets: 10000
in combat total: 1231.6
Total time casting: 0, which is: 0% of time in combat.
Total hps: 0, raw hps: 0, oh: -nan
Deficit time sum: 5.46656e+10, baseline: 0
Deficit*time change / s: -4.43859e+07 hp
Number of combats: 17
Average mana at start of combat: 0
Average mana at end of combat: 0
Other players with hps > 100:
  Bianco : 203.187 hps
  Crippx : 217.131 hps
  Geenee : 156.031 hps
  Karabienchen : 176.275 hps
  Nekwii : 216.09 hps
  Restaw : 164.145 hps
  Rynar : 136.568 hps
  Wuz : 205.058 hps
  Yst : 189.916 hps
Skip player from: Paisti to: Crippx
Reading WCL parsed log: helix_speed.txt
Saw 18778 lines of log, with 18778 log lines
Sorting by timestamp...
Sorted.
Pruning log from: 18778 entries.
Combat from 0 to 10.866 s
Combat from 51.767 to 64.273 s
Combat from 67.164 to 120.131 s
Combat from 129.462 to 137.931 s
Combat from 144.021 to 209.92 s
Combat from 221.672 to 347.629 s
Combat from 383.707 to 403.293 s
Combat from 439.55 to 480.014 s
Combat from 481.632 to 856.545 s
Combat from 889.632 to 923.663 s
Combat from 927.14 to 965.621 s
Combat from 967.817 to 1041.61 s
Combat from 1069.13 to 1153.78 s
Combat from 1188.5 to 1265.65 s
Combat from 1294.63 to 1428.98 s
Combat from 1442.45 to 1476.25 s
Combat from 1476.86 to 1518.52 s
Pruned to: 18058 entries.
Skipped player entries: 518
Baseline results again due to changed skipped player
oh_limit: 0.9
time_left_mul: 0.5
total_deficit_to_pop_trinkets: 10000
in combat total: 1231.6
Total time casting: 0, which is: 0% of time in combat.
Total hps: 0, raw hps: 0, oh: -nan
Deficit time sum: 1.17631e+11, baseline: 0
Deficit*time change / s: -9.55108e+07 hp
Number of combats: 17
Average mana at start of combat: 0
Average mana at end of combat: 0
Other players with hps > 100:
  Bianco : 223.22 hps
  Geenee : 170.203 hps
  Karabienchen : 190.309 hps
  Nekwii : 234.769 hps
  Restaw : 185.235 hps
  Rynar : 145.797 hps
  Wuz : 228.674 hps
  Yst : 202.546 hps
Reading tmp locked from: start_with.txt
Locking: anastari heirloom
Locking: anathema
Locking: animated chain necklace
Locking: argent crusader
Locking: atal'ai gloves of the owl
Locking: ban'thok sash
Locking: banshee finger
Locking: benediction
Locking: blood of the martyr
Locking: briarwood reed
Locking: burial shawl
Locking: clutch of andros
Locking: crimson felt hat
Locking: cyclopean band
Locking: devout belt
Locking: devout bracers
Locking: devout crown
Locking: devout mantle
Locking: devout robe
Locking: devout sandals
Locking: devout skirt
Locking: dragon finger of healing
Locking: dragon finger of intellect
Locking: dragonrider boots
Locking: dragonslayer's signet
Locking: drakefire amulet
Locking: dreadmist mantle
Locking: dreamweave circlet
Locking: dreamweave gloves
Locking: dreamweave vest
Locking: elder magus pendant
Locking: eye of the beast
Locking: fordring's seal
Locking: girdle of prophecy
Locking: gloves of prophecy
Locking: grimgore noose
Locking: halo of transcendence
Locking: heart of the fiend
Locking: hide of the wild
Locking: kentic amice
Locking: magister's robes
Locking: maleki's footwraps
Locking: mindtap talisman
Locking: nature's breath
Locking: necropile boots
Locking: necropile cuffs
Locking: necropile leggings
Locking: necropile mantle
Locking: necropile robe
Locking: noxious shooter
Locking: omnicast boots
Locking: orb of the forgotten seer
Locking: padre's trousers
Locking: penelope's rose
Locking: quel'dorai channeling rod
Locking: raincaster drape
Locking: rainstrider leggings
Locking: ring of demonic guile
Locking: ring of demonic guile
Locking: robes of prophecy
Locking: robes of the exalted
Locking: robes of the royal crown
Locking: rod of corrosion
Locking: rosewine circle
Locking: royal seal of eldre'thalas
Locking: royal tribunal cloak
Locking: sarah's guide
Locking: seal of rivendare
Locking: seal of rivendare
Locking: shadowy laced handwraps
Locking: silkweb gloves
Locking: soulstealer mantle
Locking: spellbound tome
Locking: spritecaster cape
Locking: star of mystaria
Locking: starfire tiara
Locking: stormrager
Locking: sublime wristguards
Locking: the hammer of grace
Locking: the postmaster's treads
Locking: thuzadin sash
Locking: triune amulet
Locking: vinerot sandals
Locking: whipvine cord
Locking: wolfshear leggings
Locking: boots of the full moon
Locking: mantle of prophecy
Locking: dragon's touch
Locking: bindings of transcendence
Locking: shimmering geta
Locking: empowered leggings
Locking: seal of the archmagus
Locking: circlet of prophecy
Locking: boots of prophecy
Locking: pauldrons of transcendence
Locking: primalist's seal
Locking: zandalar confessor's bindings
Locking: zulian headdress
Locking: mar'li's eye
Locking: shroud of pure thought
Locking: belt of transcendence
Locking: jin'do's evil eye
Locking: primalist's band
Locking: zandalarian hero charm
Locking: zandalar confessor's mantle
Locking: zandalar confessor's wraps 
Locking: pure elementium band
Locking: truefaith vestments
Locking: vambraces of prophecy
Locking: hazza'rah's charm of healing
Locking: handguards of transcendence
Locking: boots of transcendence
Locking: darkmoon card: blue dragon
Locking: rejuvenating gem
Optimizing start items...

*** NEW BEST (1): 178.187

*** NEW BEST (1): 185.468

*** NEW BEST (1): 192.009

*** NEW BEST (1): 206.34

*** NEW BEST (1): 211.142

*** NEW BEST (1): 218.75

*** NEW BEST (1): 223.032

*** NEW BEST (1): 226.779

*** NEW BEST (1): 230.453

*** NEW BEST (1): 235.01

*** NEW BEST (1): 238.651

*** NEW BEST (1): 241.872

*** NEW BEST (1): 245.223

*** NEW BEST (1): 254.287

*** NEW BEST (1): 256.413
*
*** NEW BEST (1): 256.567

*** NEW BEST (1): 257.094

*** NEW BEST (1): 257.957
*
*** NEW BEST (1): 259.071

*** NEW BEST (1): 259.467

*** NEW BEST (1): 259.524
**
*** NEW BEST (1): 259.902
**
*** NEW BEST (1): 260.049

*** NEW BEST (1): 260.708
**
*** NEW BEST (1): 263.233
*
*** NEW BEST (1): 264.986

*** NEW BEST (1): 266.709
**
*** NEW BEST (0): 209.704
Based on last: 3000 entries, out of total: 3338 entries, (749 dropped), The least-squares solution is:
Int: 66.8286
Spirit: 25.1501
Sp / Healing: 100
Mp5: 88.5723
Crit: 283.581
T1 3p/piece: 767.221
T2 3p/piece: 0
Hazza'rah's: 22942.4
Darkmoon: 2512.22
100 points == 1 sp == 0.0650177 hps.
trinket : eye of the beast -> hazza'rah's charm of healing => val: 209.337 -> 222.383

*** NEW BEST (0): 222.383
Based on last: 3000 entries, out of total: 3358 entries, (789 dropped), The least-squares solution is:
Int: 66.3765
Spirit: 25.1215
Sp / Healing: 100
Mp5: 88.8743
Crit: 281.251
T1 3p/piece: 770.08
T2 3p/piece: 0
Hazza'rah's: 22068.3
Darkmoon: 2841.06
100 points == 1 sp == 0.0651483 hps.
chest : dreamweave vest -> truefaith vestments => val: 222.383 -> 227.672

*** NEW BEST (0): 227.672
Based on last: 3000 entries, out of total: 3368 entries, (799 dropped), The least-squares solution is:
Int: 66.8929
Spirit: 25.3076
Sp / Healing: 100
Mp5: 88.4649
Crit: 276.257
T1 3p/piece: 765.468
T2 3p/piece: 0
Hazza'rah's: 22078.9
Darkmoon: 2842.48
100 points == 1 sp == 0.0651157 hps.
legs : devout skirt -> empowered leggings => val: 227.672 -> 233.709

*** NEW BEST (0): 233.709
Based on last: 3000 entries, out of total: 3375 entries, (812 dropped), The least-squares solution is:
Int: 67.1312
Spirit: 25.7364
Sp / Healing: 100
Mp5: 88.294
Crit: 272.791
T1 3p/piece: 759.538
T2 3p/piece: 0
Hazza'rah's: 22085.9
Darkmoon: 2843.21
100 points == 1 sp == 0.0650991 hps.
finger : blood of the martyr -> fordring's seal => val: 233.709 -> 237.111

*** NEW BEST (0): 237.111
Based on last: 3000 entries, out of total: 3379 entries, (838 dropped), The least-squares solution is:
Int: 67.1539
Spirit: 25.6677
Sp / Healing: 100
Mp5: 88.1382
Crit: 275.224
T1 3p/piece: 755.773
T2 3p/piece: 0
Hazza'rah's: 22073.6
Darkmoon: 2841.76
100 points == 1 sp == 0.0651321 hps.
hands : gloves of prophecy -> handguards of transcendence => val: 237.111 -> 238.225

*** NEW BEST (0): 238.225
Based on last: 3000 entries, out of total: 3381 entries, (858 dropped), The least-squares solution is:
Int: 67.5239
Spirit: 25.8293
Sp / Healing: 100
Mp5: 90.8957
Crit: 274.053
T1 3p/piece: 742.906
T2 3p/piece: 0
Hazza'rah's: 22086.7
Darkmoon: 2843.31
100 points == 1 sp == 0.0650968 hps.
shoulders : soulstealer mantle -> zandalar confessor's mantle => val: 238.225 -> 240.468

*** NEW BEST (0): 240.468
Based on last: 3000 entries, out of total: 3382 entries, (876 dropped), The least-squares solution is:
Int: 67.6038
Spirit: 25.8458
Sp / Healing: 100
Mp5: 90.8146
Crit: 276.694
T1 3p/piece: 739.44
T2 3p/piece: 0
Hazza'rah's: 22093.5
Darkmoon: 2844.07
100 points == 1 sp == 0.0650793 hps.
wrists : devout bracers -> bindings of transcendence => val: 240.468 -> 242.982

*** NEW BEST (0): 242.982
Based on last: 3000 entries, out of total: 3383 entries, (894 dropped), The least-squares solution is:
Int: 67.6297
Spirit: 25.8319
Sp / Healing: 100
Mp5: 90.7782
Crit: 276.555
T1 3p/piece: 739.333
T2 3p/piece: 0
Hazza'rah's: 22093.8
Darkmoon: 2844.1
100 points == 1 sp == 0.0650786 hps.
trinket 2 : briarwood reed -> rejuvenating gem => val: 241.534 -> 243.265

*** NEW BEST (0): 243.265
Based on last: 3000 entries, out of total: 3394 entries, (946 dropped), The least-squares solution is:
Int: 67.706
Spirit: 25.779
Sp / Healing: 100
Mp5: 90.8127
Crit: 277.72
T1 3p/piece: 736.334
T2 3p/piece: 0
Hazza'rah's: 22089.8
Darkmoon: 2843.61
100 points == 1 sp == 0.0650898 hps.
feet : boots of the full moon -> boots of transcendence => val: 243.265 -> 250.117

*** NEW BEST (0): 250.117
Based on last: 3000 entries, out of total: 3395 entries, (965 dropped), The least-squares solution is:
Int: 67.7855
Spirit: 25.705
Sp / Healing: 100
Mp5: 90.9789
Crit: 278.247
T1 3p/piece: 736.549
T2 3p/piece: 0
Hazza'rah's: 22097.4
Darkmoon: 2844.56
100 points == 1 sp == 0.0650681 hps.
head : crimson felt hat -> halo of transcendence => val: 250.117 -> 250.96

*** NEW BEST (0): 250.96
Based on last: 3000 entries, out of total: 3402 entries, (982 dropped), The least-squares solution is:
Int: 67.8754
Spirit: 25.4454
Sp / Healing: 100
Mp5: 91.2069
Crit: 278.7
T1 3p/piece: 738.593
T2 3p/piece: 0
Hazza'rah's: 22100.2
Darkmoon: 2844.97
100 points == 1 sp == 0.0650588 hps.
*two-hand :   the hammer of grace orb of the forgotten seer -> benediction    => val: 250.783 -> 256.188

*** NEW BEST (0): 256.188
Based on last: 3000 entries, out of total: 3458 entries, (1137 dropped), The least-squares solution is:
Int: 67.8726
Spirit: 25.1707
Sp / Healing: 100
Mp5: 90.5108
Crit: 272.36
T1 3p/piece: 743.819
T2 3p/piece: 0
Hazza'rah's: 22147.1
Darkmoon: 2837.71
100 points == 1 sp == 0.0652253 hps.
********
Read starting items and cleared locks.
 ----------------------------
 --- head --- 
name: halo of transcendence
slot: head
intelligence: 27
stamina: 17
spirit: 22
sp_healing: 48
fire_res: 10
frost_res: 10
armor: 94
 ----------------------------
 --- neck --- 
name: jin'do's evil eye
slot: neck
intelligence: 11
stamina: 5
spirit: 6
sp_healing: 44
 ----------------------------
 --- shoulders --- 
name: zandalar confessor's mantle
slot: shoulders
intelligence: 24
stamina: 11
spirit: 15
sp_healing: 22
armor: 78
 ----------------------------
 --- back --- 
name: hide of the wild
slot: back
intelligence: 10
stamina: 8
sp_healing: 42
armor: 48
 ----------------------------
 --- chest --- 
name: truefaith vestments
slot: chest
stamina: 14
sp_healing: 73
mp5: 6
armor: 96
 ----------------------------
 --- wrists --- 
name: bindings of transcendence
slot: wrists
intelligence: 13
stamina: 9
spirit: 16
sp_healing: 33
armor: 51
 ----------------------------
 --- two-hand --- 
name: benediction
slot: two-hand
intelligence: 31
stamina: 10
spirit: 12
sp_healing: 106
spell_crit: 2
shadow_res: 20
 ----------------------------
 ---  --- 
name: 
slot: 
 ----------------------------
 ---  --- 
name: 
slot: 
 ----------------------------
 ---  --- 
name: 
slot: 
 ----------------------------
 --- ranged --- 
name: dragon's touch
slot: ranged
intelligence: 12
stamina: 7
sp: 6
 ----------------------------
 --- hands --- 
name: handguards of transcendence
slot: hands
intelligence: 20
stamina: 12
spirit: 13
sp_healing: 29
spell_crit: 1
armor: 72
 ----------------------------
 --- waist --- 
name: belt of transcendence
slot: waist
intelligence: 26
stamina: 14
spirit: 9
sp_healing: 26
shadow_res: 10
armor: 65
 ----------------------------
 --- legs --- 
name: empowered leggings
slot: legs
intelligence: 12
stamina: 12
spirit: 24
sp_healing: 77
spell_crit: 1
armor: 103
 ----------------------------
 --- feet --- 
name: boots of transcendence
slot: feet
intelligence: 17
stamina: 17
spirit: 17
sp_healing: 35
fire_res: 10
armor: 80
 ----------------------------
 --- finger --- 
name: fordring's seal
slot: finger
intelligence: 5
stamina: 4
sp_healing: 37
 ----------------------------
 --- finger --- 
name: pure elementium band
slot: finger
intelligence: 10
stamina: 9
spirit: 10
sp_healing: 53
 ----------------------------
 --- trinket --- 
name: hazza'rah's charm of healing
slot: trinket
 ----------------------------
 --- trinket --- 
name: rejuvenating gem
slot: trinket
sp_healing: 66
mp5: 9
 ----------------------------
 --- Set bonuses ---
name: confessor's 2 hazza'rah's 1 transcendence 3 
slot: Set bonuses
sp: 23
 --- And counts for start items ---
oh_limit: 0.9
time_left_mul: 0.5
total_deficit_to_pop_trinkets: 10000
in combat total: 1231.6
Flash Heal 1, casts: 52, avg: 476.995, 7.86121%, cast time 6.33322% of in combat, overheal: 0.242507
Flash Heal 2, casts: 6, avg: 635.775, 1.209%, cast time 0.730757% of in combat, overheal: 0.113176
Flash Heal 3, casts: 12, avg: 725.008, 2.75738%, cast time 1.46151% of in combat, overheal: 0.0905678
Flash Heal 4, casts: 12, avg: 872.271, 3.31745%, cast time 1.46151% of in combat, overheal: 0.011955
Flash Heal 5, casts: 21, avg: 812.144, 5.40536%, cast time 2.55765% of in combat, overheal: 0.205041
Flash Heal 6, casts: 10, avg: 1053.6, 3.33926%, cast time 1.21793% of in combat, overheal: 0.0990594
Flash Heal 7, casts: 125, avg: 1273.26, 50.4429%, cast time 15.2241% of in combat, overheal: 0.063657
Greater Heal 1, casts: 5, avg: 1701.15, 2.69578%, cast time 1.01494% of in combat, overheal: 0.07328
Greater Heal 1 hazz, casts: 7, avg: 1060.95, 2.35378%, cast time 0.852549% of in combat, overheal: 0.422034
Greater Heal 2 hazz, casts: 2, avg: 2117.5, 1.34223%, cast time 0.243586% of in combat, overheal: 0
Greater Heal 3 hazz, casts: 3, avg: 2443.22, 2.32304%, cast time 0.365378% of in combat, overheal: 0
Greater Heal 4, casts: 2, avg: 1858.5, 1.17805%, cast time 0.405976% of in combat, overheal: 0.342123
Greater Heal 4 hazz, casts: 14, avg: 2437.28, 10.8145%, cast time 1.7051% of in combat, overheal: 0.137244
Heal 2, casts: 9, avg: 1308.46, 3.73229%, cast time 1.82689% of in combat, overheal: 0
Heal 4, casts: 3, avg: 1291.36, 1.22784%, cast time 0.608964% of in combat, overheal: 0.347826
Total time casting: 443.5, which is: 36.0101% of time in combat.
Total hps: 256.188, raw hps: 289.738, oh: 0.115797
Deficit time sum: 4.37878e+10, baseline: 1.17631e+11
Deficit*time change / s: 5.99573e+07 hp
Number of combats: 17
Average mana at start of combat: 10531.1
Average mana at end of combat: 9327.5
Other players with hps > 100:
  Bianco : 203.99 hps
  Geenee : 155.519 hps
  Karabienchen : 164.501 hps
  Nekwii : 212.116 hps
  Restaw : 165.745 hps
  Rynar : 136.384 hps
  Wuz : 205.411 hps
  Yst : 183.986 hps
Reading locked from: no-locks
Setting tag name to: helix_bwl_speed_phase5
.
*** NEW BEST (1): 318.268

*** NEW BEST (1): 319.814

*** NEW BEST (1): 327.789

*** NEW BEST (1): 328.122

*** NEW BEST (1): 332.532

*** NEW BEST (1): 333.34

*** NEW BEST (1): 333.583

*** NEW BEST (1): 336.545

*** NEW BEST (1): 338.717
.
*** NEW BEST (1): 339.378
.Temporary bans and partial set bonuses off.
.legs : leggings of transcendence -> empowered leggings => val: 331.385 -> 333.533

*** NEW BEST (0): 333.533
waist : eyestalk waist cord -> grasp of the old god => val: 333.533 -> 336.986

*** NEW BEST (0): 336.986
shoulders : ternary mantle -> zandalar confessor's mantle => val: 336.986 -> 337.253

*** NEW BEST (0): 337.253
finger : primalist's seal -> ring of the martyr => val: 337.253 -> 338.92

*** NEW BEST (0): 338.92
***** INTERMEDIATE RESULTS *****
Iteration: 4
 ----------------------------
 --- head --- 
name: crystal adorned crown
slot: head
intelligence: 14
spirit: 13
sp_healing: 92
armor: 85
 ----------------------------
 --- neck --- 
name: amulet of the fallen god
slot: neck
intelligence: 11
sp_healing: 57
mp5: 6
 ----------------------------
 --- shoulders --- 
name: zandalar confessor's mantle
slot: shoulders
intelligence: 24
stamina: 11
spirit: 15
sp_healing: 22
armor: 78
 ----------------------------
 --- back --- 
name: cloak of clarity
slot: back
intelligence: 12
stamina: 6
spirit: 7
sp_healing: 40
mp5: 8
armor: 66
 ----------------------------
 --- chest --- 
name: robes of the guardian saint
slot: chest
intelligence: 22
stamina: 20
sp_healing: 70
mp5: 7
armor: 117
 ----------------------------
 --- wrists --- 
name: bracelets of royal redemption
slot: wrists
intelligence: 10
stamina: 8
spirit: 9
sp_healing: 53
armor: 54
 ----------------------------
 ---  --- 
name: 
slot: 
 ----------------------------
 --- main hand --- 
name: scepter of the false prophet
slot: main hand
intelligence: 19
stamina: 10
sp_healing: 187
mp5: 3
 ----------------------------
 ---  --- 
name: 
slot: 
 ----------------------------
 --- off hand --- 
name: sartura's might
slot: off hand
intelligence: 6
stamina: 6
sp_healing: 51
mp5: 6
 ----------------------------
 --- ranged --- 
name: lunar wand of healing
slot: ranged
sp_healing: 20
 ----------------------------
 --- hands --- 
name: gloves of dark wisdom
slot: hands
intelligence: 20
stamina: 19
sp_healing: 35
mp5: 5
armor: 69
 ----------------------------
 --- waist --- 
name: grasp of the old god
slot: waist
intelligence: 19
stamina: 15
sp_healing: 59
mp5: 7
armor: 75
 ----------------------------
 --- legs --- 
name: empowered leggings
slot: legs
intelligence: 12
stamina: 12
spirit: 24
sp_healing: 77
spell_crit: 1
armor: 103
 ----------------------------
 --- feet --- 
name: boots of pure thought
slot: feet
intelligence: 12
stamina: 8
spirit: 12
sp_healing: 62
armor: 74
 ----------------------------
 --- finger --- 
name: ring of the martyr
slot: finger
stamina: 10
sp_healing: 51
mp5: 5
 ----------------------------
 --- finger --- 
name: pure elementium band
slot: finger
intelligence: 10
stamina: 9
spirit: 10
sp_healing: 53
 ----------------------------
 --- trinket --- 
name: hazza'rah's charm of healing
slot: trinket
 ----------------------------
 --- trinket --- 
name: rejuvenating gem
slot: trinket
sp_healing: 66
mp5: 9
 ----------------------------
 --- Set bonuses ---
name: confessor's 2 hazza'rah's 1 
slot: Set bonuses
sp: 23
------------------
Best value: 338.92
------------------
Char stats: 
Effective hp: 8736.5
Effective mana (100 s, 33 % out of fsr): 17110.8
Raw max mana: 10699
Int: 431.48
Stam: 414.23
Spirit: 396.98
Strength: 79.58
Agility: 84.18
All stats multiplier (taken into account above): 1.15
Bonus mana: 2000
Bonus hp: 0
Mp5: 206
Sp: 23
Sp shadow: 0
Sp healing: 1155
Spell crit: 19
Spell hit: 0
Arcane res: 27
Nature res: 27
Fire res: 27
Frost res: 27
Shadow res: 27
Armor: 2919.75
Defense: 300
Dodge: 0
Parry: 0
HpsPvp: 1048.7
ShadowDps: 223.055
Value pvp healing: 2228.54
Value pvp shadow: 100.819
Effective hp-pvp: 10882.4
Effecctive mana for 100 s, 0.33 fsr: 18758.5
------------------
Best counts:
oh_limit: 0.5
time_left_mul: 1.9
total_deficit_to_pop_trinkets: 7205.18
in combat total: 1231.6
Flash Heal 1, casts: 27, avg: 661.204, 4.27651%, cast time 3.2884% of in combat, overheal: 0.130608
Flash Heal 2, casts: 8, avg: 747.317, 1.43214%, cast time 0.974342% of in combat, overheal: 0.117876
Flash Heal 3, casts: 4, avg: 695.217, 0.666147%, cast time 0.487171% of in combat, overheal: 0.25
Flash Heal 4, casts: 10, avg: 751.109, 1.79926%, cast time 1.21793% of in combat, overheal: 0.257808
Flash Heal 5, casts: 7, avg: 1149.91, 1.92819%, cast time 0.852549% of in combat, overheal: 0
Flash Heal 6, casts: 3, avg: 1296.78, 0.931916%, cast time 0.365378% of in combat, overheal: 0
Flash Heal 7, casts: 21, avg: 1462.16, 7.35536%, cast time 2.55765% of in combat, overheal: 0.0159871
Greater Heal 1, casts: 13, avg: 1888.72, 5.88166%, cast time 2.63884% of in combat, overheal: 0.0971871
Greater Heal 1 hazz, casts: 10, avg: 1343.7, 3.2188%, cast time 1.21793% of in combat, overheal: 0.357705
Greater Heal 2 hazz, casts: 1, avg: 2351, 0.563174%, cast time 0.121793% of in combat, overheal: 0.00886543
Greater Heal 3 hazz, casts: 3, avg: 2695.62, 1.93718%, cast time 0.365378% of in combat, overheal: 0
Greater Heal 4, casts: 38, avg: 2913.69, 26.5227%, cast time 7.71354% of in combat, overheal: 0.052428
Greater Heal 4 hazz, casts: 9, avg: 2920.71, 6.29682%, cast time 1.09614% of in combat, overheal: 0.0501446
Heal 2, casts: 64, avg: 1309.82, 20.0809%, cast time 12.9912% of in combat, overheal: 0.165641
Heal 4, casts: 35, avg: 2040.67, 17.1093%, cast time 7.10458% of in combat, overheal: 0.0878111
Total time casting: 529.5, which is: 42.9929% of time in combat.
Total hps: 338.954, raw hps: 378.491, oh: 0.104461
Deficit time sum: 3.66775e+10, baseline: 1.17631e+11
Deficit*time change / s: 6.57305e+07 hp
Number of combats: 17
Average mana at start of combat: 10185.5
Average mana at end of combat: 9116.67
Other players with hps > 100:
  Bianco : 196.546 hps
  Geenee : 149.536 hps
  Karabienchen : 157.754 hps
  Nekwii : 203.58 hps
  Restaw : 160.433 hps
  Rynar : 130.93 hps
  Wuz : 187.608 hps
  Yst : 176.738 hps
------------------
Upgrades: 
( following sorted by alt scores, no specials )
benediction, , , (8.83856) -> , scepter of the false prophet, , sartura's might(17.1617) : 8.32312 = +2.51735%
halo of transcendence(4.68729) -> crystal adorned crown(6.83392) : 2.14664 = +0.637349%
belt of transcendence(2.99463) -> grasp of the old god(5.10266) : 2.10803 = +0.625816%
boots of transcendence(3.31458) -> boots of pure thought(4.77222) : 1.45764 = +0.431899%
jin'do's evil eye(3.45538) -> amulet of the fallen god(4.55902) : 1.10364 = +0.326665%
bindings of transcendence(2.99063) -> bracelets of royal redemption(4.04739) : 1.05676 = +0.312747%
fordring's seal(2.63467) -> ring of the martyr(3.62167) : 0.987 = +0.292041%
truefaith vestments(5.11566) -> robes of the guardian saint(5.95297) : 0.837311 = +0.24764%
hide of the wild(3.18216) -> cloak of clarity(3.72745) : 0.545288 = +0.161133%
dragon's touch(0.922607) -> lunar wand of healing(1.3045) : 0.381897 = +0.112797%
handguards of transcendence(3.168) -> gloves of dark wisdom(3.46347) : 0.295471 = +0.0872476%
zandalar confessor's mantle(4.2439) -> zandalar confessor's mantle(4.2439) : 0 = +0%
empowered leggings(6.12524) -> empowered leggings(6.12524) : 0 = +0%
pure elementium band(4.06381) -> pure elementium band(4.06381) : 0 = +0%
hazza'rah's charm of healing(15.9457) -> hazza'rah's charm of healing(15.9457) : 0 = +0%
rejuvenating gem(4.83618) -> rejuvenating gem(4.83618) : 0 = +0%
------------------
~~~~ end of intermediate results ~~~~
Temporary bans and partial set bonuses on.
....Temporary bans and partial set bonuses off.
.finger : primalist's seal -> ring of the martyr => val: 334.254 -> 337.032
legs : leggings of transcendence -> empowered leggings => val: 337.032 -> 337.61
***** INTERMEDIATE RESULTS *****
Iteration: 9
 ----------------------------
 --- head --- 
name: crystal adorned crown
slot: head
intelligence: 14
spirit: 13
sp_healing: 92
armor: 85
 ----------------------------
 --- neck --- 
name: amulet of the fallen god
slot: neck
intelligence: 11
sp_healing: 57
mp5: 6
 ----------------------------
 --- shoulders --- 
name: zandalar confessor's mantle
slot: shoulders
intelligence: 24
stamina: 11
spirit: 15
sp_healing: 22
armor: 78
 ----------------------------
 --- back --- 
name: cloak of clarity
slot: back
intelligence: 12
stamina: 6
spirit: 7
sp_healing: 40
mp5: 8
armor: 66
 ----------------------------
 --- chest --- 
name: robes of the guardian saint
slot: chest
intelligence: 22
stamina: 20
sp_healing: 70
mp5: 7
armor: 117
 ----------------------------
 --- wrists --- 
name: bracelets of royal redemption
slot: wrists
intelligence: 10
stamina: 8
spirit: 9
sp_healing: 53
armor: 54
 ----------------------------
 ---  --- 
name: 
slot: 
 ----------------------------
 --- main hand --- 
name: scepter of the false prophet
slot: main hand
intelligence: 19
stamina: 10
sp_healing: 187
mp5: 3
 ----------------------------
 ---  --- 
name: 
slot: 
 ----------------------------
 --- off hand --- 
name: sartura's might
slot: off hand
intelligence: 6
stamina: 6
sp_healing: 51
mp5: 6
 ----------------------------
 --- ranged --- 
name: lunar wand of healing
slot: ranged
sp_healing: 20
 ----------------------------
 --- hands --- 
name: gloves of dark wisdom
slot: hands
intelligence: 20
stamina: 19
sp_healing: 35
mp5: 5
armor: 69
 ----------------------------
 --- waist --- 
name: grasp of the old god
slot: waist
intelligence: 19
stamina: 15
sp_healing: 59
mp5: 7
armor: 75
 ----------------------------
 --- legs --- 
name: empowered leggings
slot: legs
intelligence: 12
stamina: 12
spirit: 24
sp_healing: 77
spell_crit: 1
armor: 103
 ----------------------------
 --- feet --- 
name: boots of pure thought
slot: feet
intelligence: 12
stamina: 8
spirit: 12
sp_healing: 62
armor: 74
 ----------------------------
 --- finger --- 
name: ring of the martyr
slot: finger
stamina: 10
sp_healing: 51
mp5: 5
 ----------------------------
 --- finger --- 
name: pure elementium band
slot: finger
intelligence: 10
stamina: 9
spirit: 10
sp_healing: 53
 ----------------------------
 --- trinket --- 
name: hazza'rah's charm of healing
slot: trinket
 ----------------------------
 --- trinket --- 
name: rejuvenating gem
slot: trinket
sp_healing: 66
mp5: 9
 ----------------------------
 --- Set bonuses ---
name: confessor's 2 hazza'rah's 1 
slot: Set bonuses
sp: 23
------------------
Best value: 338.92
------------------
Char stats: 
Effective hp: 8736.5
Effective mana (100 s, 33 % out of fsr): 17110.8
Raw max mana: 10699
Int: 431.48
Stam: 414.23
Spirit: 396.98
Strength: 79.58
Agility: 84.18
All stats multiplier (taken into account above): 1.15
Bonus mana: 2000
Bonus hp: 0
Mp5: 206
Sp: 23
Sp shadow: 0
Sp healing: 1155
Spell crit: 19
Spell hit: 0
Arcane res: 27
Nature res: 27
Fire res: 27
Frost res: 27
Shadow res: 27
Armor: 2919.75
Defense: 300
Dodge: 0
Parry: 0
HpsPvp: 1048.7
ShadowDps: 223.055
Value pvp healing: 2228.54
Value pvp shadow: 100.819
Effective hp-pvp: 10882.4
Effecctive mana for 100 s, 0.33 fsr: 18758.5
------------------
Best counts:
oh_limit: 0.5
time_left_mul: 1.7
total_deficit_to_pop_trinkets: 3005.1
in combat total: 1231.6
Flash Heal 1, casts: 28, avg: 643.144, 4.30775%, cast time 3.4102% of in combat, overheal: 0.154354
Flash Heal 2, casts: 9, avg: 758.413, 1.6328%, cast time 1.09614% of in combat, overheal: 0.104779
Flash Heal 3, casts: 5, avg: 686.782, 0.821434%, cast time 0.608964% of in combat, overheal: 0.259099
Flash Heal 4, casts: 9, avg: 721.23, 1.55274%, cast time 1.09614% of in combat, overheal: 0.287332
Flash Heal 5, casts: 7, avg: 1149.91, 1.9255%, cast time 0.852549% of in combat, overheal: 0
Flash Heal 6, casts: 4, avg: 1110.83, 1.0629%, cast time 0.487171% of in combat, overheal: 0.14339
Flash Heal 7, casts: 30, avg: 1469.29, 10.5441%, cast time 3.65378% of in combat, overheal: 0.0111909
Greater Heal 1, casts: 13, avg: 1888.72, 5.87346%, cast time 2.63884% of in combat, overheal: 0.0971871
Greater Heal 1 hazz, casts: 12, avg: 1569.01, 4.50392%, cast time 1.46151% of in combat, overheal: 0.250009
Greater Heal 2 hazz, casts: 2, avg: 2372.03, 1.13484%, cast time 0.243586% of in combat, overheal: 0
Greater Heal 3 hazz, casts: 1, avg: 2695.62, 0.644827%, cast time 0.121793% of in combat, overheal: 0
Greater Heal 4, casts: 40, avg: 2902.18, 27.7695%, cast time 8.11952% of in combat, overheal: 0.0561719
Greater Heal 4 hazz, casts: 6, avg: 2843.62, 4.08137%, cast time 0.730757% of in combat, overheal: 0.075217
Heal 2, casts: 58, avg: 1306.71, 18.1297%, cast time 11.7733% of in combat, overheal: 0.167623
Heal 4, casts: 33, avg: 2028.77, 16.0151%, cast time 6.6986% of in combat, overheal: 0.093133
Total time casting: 529.5, which is: 42.9929% of time in combat.
Total hps: 339.427, raw hps: 378.807, oh: 0.103958
Deficit time sum: 3.68016e+10, baseline: 1.17631e+11
Deficit*time change / s: 6.56297e+07 hp
Number of combats: 17
Average mana at start of combat: 10162.2
Average mana at end of combat: 9066.84
Other players with hps > 100:
  Bianco : 196.018 hps
  Geenee : 149.585 hps
  Karabienchen : 156.205 hps
  Nekwii : 204.064 hps
  Restaw : 160.131 hps
  Rynar : 129.852 hps
  Wuz : 188.078 hps
  Yst : 177.946 hps
------------------
Upgrades: 
( following sorted by alt scores, no specials )
benediction, , , (8.83856) -> , scepter of the false prophet, , sartura's might(17.1617) : 8.32312 = +2.51375%
halo of transcendence(4.68729) -> crystal adorned crown(6.83392) : 2.14664 = +0.636454%
belt of transcendence(2.99463) -> grasp of the old god(5.10266) : 2.10803 = +0.624937%
boots of transcendence(3.31458) -> boots of pure thought(4.77222) : 1.45764 = +0.431294%
jin'do's evil eye(3.45538) -> amulet of the fallen god(4.55902) : 1.10364 = +0.326208%
bindings of transcendence(2.99063) -> bracelets of royal redemption(4.04739) : 1.05676 = +0.312309%
fordring's seal(2.63467) -> ring of the martyr(3.62167) : 0.987 = +0.291632%
truefaith vestments(5.11566) -> robes of the guardian saint(5.95297) : 0.837311 = +0.247293%
hide of the wild(3.18216) -> cloak of clarity(3.72745) : 0.545288 = +0.160908%
dragon's touch(0.922607) -> lunar wand of healing(1.3045) : 0.381897 = +0.112639%
handguards of transcendence(3.168) -> gloves of dark wisdom(3.46347) : 0.295471 = +0.0871258%
zandalar confessor's mantle(4.2439) -> zandalar confessor's mantle(4.2439) : 0 = +0%
empowered leggings(6.12524) -> empowered leggings(6.12524) : 0 = +0%
pure elementium band(4.06381) -> pure elementium band(4.06381) : 0 = +0%
hazza'rah's charm of healing(15.9457) -> hazza'rah's charm of healing(15.9457) : 0 = +0%
rejuvenating gem(4.83618) -> rejuvenating gem(4.83618) : 0 = +0%
------------------
~~~~ end of intermediate results ~~~~
Same items for intermediate results again, ending optimization. 
 ----------------------------
 --- head --- 
name: crystal adorned crown
slot: head
intelligence: 14
spirit: 13
sp_healing: 92
armor: 85
 ----------------------------
 --- neck --- 
name: amulet of the fallen god
slot: neck
intelligence: 11
sp_healing: 57
mp5: 6
 ----------------------------
 --- shoulders --- 
name: zandalar confessor's mantle
slot: shoulders
intelligence: 24
stamina: 11
spirit: 15
sp_healing: 22
armor: 78
 ----------------------------
 --- back --- 
name: cloak of clarity
slot: back
intelligence: 12
stamina: 6
spirit: 7
sp_healing: 40
mp5: 8
armor: 66
 ----------------------------
 --- chest --- 
name: robes of the guardian saint
slot: chest
intelligence: 22
stamina: 20
sp_healing: 70
mp5: 7
armor: 117
 ----------------------------
 --- wrists --- 
name: bracelets of royal redemption
slot: wrists
intelligence: 10
stamina: 8
spirit: 9
sp_healing: 53
armor: 54
 ----------------------------
 ---  --- 
name: 
slot: 
 ----------------------------
 --- main hand --- 
name: scepter of the false prophet
slot: main hand
intelligence: 19
stamina: 10
sp_healing: 187
mp5: 3
 ----------------------------
 ---  --- 
name: 
slot: 
 ----------------------------
 --- off hand --- 
name: sartura's might
slot: off hand
intelligence: 6
stamina: 6
sp_healing: 51
mp5: 6
 ----------------------------
 --- ranged --- 
name: lunar wand of healing
slot: ranged
sp_healing: 20
 ----------------------------
 --- hands --- 
name: gloves of dark wisdom
slot: hands
intelligence: 20
stamina: 19
sp_healing: 35
mp5: 5
armor: 69
 ----------------------------
 --- waist --- 
name: grasp of the old god
slot: waist
intelligence: 19
stamina: 15
sp_healing: 59
mp5: 7
armor: 75
 ----------------------------
 --- legs --- 
name: empowered leggings
slot: legs
intelligence: 12
stamina: 12
spirit: 24
sp_healing: 77
spell_crit: 1
armor: 103
 ----------------------------
 --- feet --- 
name: boots of pure thought
slot: feet
intelligence: 12
stamina: 8
spirit: 12
sp_healing: 62
armor: 74
 ----------------------------
 --- finger --- 
name: ring of the martyr
slot: finger
stamina: 10
sp_healing: 51
mp5: 5
 ----------------------------
 --- finger --- 
name: pure elementium band
slot: finger
intelligence: 10
stamina: 9
spirit: 10
sp_healing: 53
 ----------------------------
 --- trinket --- 
name: hazza'rah's charm of healing
slot: trinket
 ----------------------------
 --- trinket --- 
name: rejuvenating gem
slot: trinket
sp_healing: 66
mp5: 9
 ----------------------------
 --- Set bonuses ---
name: confessor's 2 hazza'rah's 1 
slot: Set bonuses
sp: 23
------------------
Char stats: 
Effective hp: 8736.5
Effective mana (100 s, 33 % out of fsr): 17110.8
Raw max mana: 10699
Int: 431.48
Stam: 414.23
Spirit: 396.98
Strength: 79.58
Agility: 84.18
All stats multiplier (taken into account above): 1.15
Bonus mana: 2000
Bonus hp: 0
Mp5: 206
Sp: 23
Sp shadow: 0
Sp healing: 1155
Spell crit: 19
Spell hit: 0
Arcane res: 27
Nature res: 27
Fire res: 27
Frost res: 27
Shadow res: 27
Armor: 2919.75
Defense: 300
Dodge: 0
Parry: 0
HpsPvp: 1048.7
ShadowDps: 223.055
Value pvp healing: 2228.54
Value pvp shadow: 100.819
Effective hp-pvp: 10882.4
Effecctive mana for 100 s, 0.33 fsr: 18758.5
------------------
Best counts:
oh_limit: 0.5
time_left_mul: 1.7
total_deficit_to_pop_trinkets: 3005.1
in combat total: 1231.6
Flash Heal 1, casts: 28, avg: 643.144, 4.30775%, cast time 3.4102% of in combat, overheal: 0.154354
Flash Heal 2, casts: 9, avg: 758.413, 1.6328%, cast time 1.09614% of in combat, overheal: 0.104779
Flash Heal 3, casts: 5, avg: 686.782, 0.821434%, cast time 0.608964% of in combat, overheal: 0.259099
Flash Heal 4, casts: 9, avg: 721.23, 1.55274%, cast time 1.09614% of in combat, overheal: 0.287332
Flash Heal 5, casts: 7, avg: 1149.91, 1.9255%, cast time 0.852549% of in combat, overheal: 0
Flash Heal 6, casts: 4, avg: 1110.83, 1.0629%, cast time 0.487171% of in combat, overheal: 0.14339
Flash Heal 7, casts: 30, avg: 1469.29, 10.5441%, cast time 3.65378% of in combat, overheal: 0.0111909
Greater Heal 1, casts: 13, avg: 1888.72, 5.87346%, cast time 2.63884% of in combat, overheal: 0.0971871
Greater Heal 1 hazz, casts: 12, avg: 1569.01, 4.50392%, cast time 1.46151% of in combat, overheal: 0.250009
Greater Heal 2 hazz, casts: 2, avg: 2372.03, 1.13484%, cast time 0.243586% of in combat, overheal: 0
Greater Heal 3 hazz, casts: 1, avg: 2695.62, 0.644827%, cast time 0.121793% of in combat, overheal: 0
Greater Heal 4, casts: 40, avg: 2902.18, 27.7695%, cast time 8.11952% of in combat, overheal: 0.0561719
Greater Heal 4 hazz, casts: 6, avg: 2843.62, 4.08137%, cast time 0.730757% of in combat, overheal: 0.075217
Heal 2, casts: 58, avg: 1306.71, 18.1297%, cast time 11.7733% of in combat, overheal: 0.167623
Heal 4, casts: 33, avg: 2028.77, 16.0151%, cast time 6.6986% of in combat, overheal: 0.093133
Total time casting: 529.5, which is: 42.9929% of time in combat.
Total hps: 339.427, raw hps: 378.807, oh: 0.103958
Deficit time sum: 3.68016e+10, baseline: 1.17631e+11
Deficit*time change / s: 6.56297e+07 hp
Number of combats: 17
Average mana at start of combat: 10162.2
Average mana at end of combat: 9066.84
Other players with hps > 100:
  Bianco : 196.018 hps
  Geenee : 149.585 hps
  Karabienchen : 156.205 hps
  Nekwii : 204.064 hps
  Restaw : 160.131 hps
  Rynar : 129.852 hps
  Wuz : 188.078 hps
  Yst : 177.946 hps
------------------
Based on last: 3000 entries, out of total: 4860 entries, (5108 dropped), The least-squares solution is:
Int: 72.715
Spirit: 25.0122
Sp / Healing: 100
Mp5: 97.9561
Crit: 240.442
T1 3p/piece: 602.334
T2 3p/piece: 0
Hazza'rah's: 23119.6
Darkmoon: 2978.66
100 points == 1 sp == 0.0655942 hps.
Appended tag:
( Pawn: v1: "helix_bwl_speed_phase5": Intellect=72.715, Spirit=25.0122, Healing=100, Mp5=97.9561, SpellCritRating=240.442, IsFist=X, Is2HMace=X, IsCrossbow=X, IsGun=X, IsShield=X, IsPolearm=X, Is2HAxe=X, IsBow=X, IsMail=X, IsPlate=X, IsLeather=X, IsAxe=X, Is2HAxe=X, IsSword=X, Is2HSword=X)
To file: helix_bwl_speed_phase5.pawn_tag.txt
------------------
Diffs to start: 
Upgrades: 
( following sorted by alt scores, no specials )
benediction, , , (8.94391) -> , scepter of the false prophet, , sartura's might(17.3821) : 8.43823 = +2.5494%
belt of transcendence(3.09323) -> grasp of the old god(5.22607) : 2.13284 = +0.632339%
halo of transcendence(4.79727) -> crystal adorned crown(6.91571) : 2.11844 = +0.628041%
boots of transcendence(3.38556) -> boots of pure thought(4.83609) : 1.45053 = +0.429181%
jin'do's evil eye(3.50925) -> amulet of the fallen god(4.64905) : 1.1398 = +0.336933%
bindings of transcendence(3.04718) -> bracelets of royal redemption(4.10114) : 1.05396 = +0.311477%
fordring's seal(2.66547) -> ring of the martyr(3.66656) : 1.0011 = +0.29581%
truefaith vestments(5.17389) -> robes of the guardian saint(6.0907) : 0.916809 = +0.270836%
hide of the wild(3.23193) -> cloak of clarity(3.82501) : 0.593079 = +0.175035%
dragon's touch(0.965942) -> lunar wand of healing(1.31189) : 0.345947 = +0.102025%
handguards of transcendence(3.22717) -> gloves of dark wisdom(3.57101) : 0.343842 = +0.101403%
zandalar confessor's mantle(4.34256) -> zandalar confessor's mantle(4.34256) : 0 = +0%
empowered leggings(6.17459) -> empowered leggings(6.17459) : 0 = +0%
pure elementium band(4.11752) -> pure elementium band(4.11752) : 0 = +0%
hazza'rah's charm of healing(16.6738) -> hazza'rah's charm of healing(16.6738) : 0 = +0%
rejuvenating gem(4.9075) -> rejuvenating gem(4.9075) : 0 = +0%
- - - - - - - - - - - - - - - - - - - - - - - - - - - - - - - - - - - - - - - - - 
| Upgrades at best in slot level, from start item to candidate, partial bonuses: 1: |
  alt scores are from least squares fit, special score from e.g. set bonuses as s are part of em
. . . . . . . . . . . . . . . . . . . . . . . . . . . . . . . . . . . . . . . . . 
- . - ' - . - ' - . - ' - . - ' - . - ' - . -
head, halo of transcendence (8.50287), alt: 4.79727 -> :
    crystal adorned crown (8.28772) : -0.0635479 %, alt : +6.91571, from: azuregos
    don rigoberto's lost hat (9.21683) : +0.21088 %, alt : +6.04954, from: aq40
- . - ' - . - ' - . - ' - . - ' - . - ' - . -
neck, jin'do's evil eye (4.21329), alt: 3.50925 -> :
    amulet of the fallen god (6.04895) : +0.545499 %, alt : +4.64906, from: aq40
    amulet of the shifting sands (5.76035) : +0.459735 %, alt : +3.40286, from: aq20
    angelista's charm (4.28946) : +0.0226358 %, alt : +3.0867, from: aq40
    wavefront necklace (4.27701) : +0.0189357 %, alt : +2.37447, from: silithus
    animated chain necklace (4.76685) : +0.164499 %, alt : +2.26305, from: pre-raid
    amulet of vek'nilash (4.93414) : +0.214215 %, alt : +2.16724, from: aq40
    the all-seeing eye of zuldazar (2.49341) : -0.511092 %, alt : +1.77556, from: zg
- . - ' - . - ' - . - ' - . - ' - . - ' - . -
shoulders, zandalar confessor's mantle (4.30453), alt: 4.34256 -> :
    zandalar confessor's mantle (4.30453) : +0 %, alt : +4.34256, from: zg
    pauldrons of transcendence (4.77545) : +0.139182 %, alt : +3.11116, from: bwl
- . - ' - . - ' - . - ' - . - ' - . - ' - . -
back, hide of the wild (2.87451), alt: 3.23193 -> :
    cloak of clarity (3.90588) : +0.305759 %, alt : +3.82501, from: aq40
    shroud of pure thought (4.62042) : +0.51759 %, alt : +3.0748, from: bwl
    drape of benediction (4.29626) : +0.421491 %, alt : +2.78473, from: azuregos
    hakkari loa cloak (4.00992) : +0.336601 %, alt : +2.58204, from: zg
    cloak of the brood lord (4.18381) : +0.388152 %, alt : +2.50439, from: bwl
    shroud of infinite wisdom (3.69144) : +0.242185 %, alt : +2.42249, from: aq20
    archivist cape of healing (2.92017) : +0.0135346 %, alt : +2.42162, from: pre-raid
    cloak of the cosmos (3.96677) : +0.323808 %, alt : +2.23012, from: pre-raid
    cloak of the savior (3.61252) : +0.218788 %, alt : +2.1318, from: aq20
- . - ' - . - ' - . - ' - . - ' - . - ' - . -
chest, truefaith vestments (7.35095), alt: 5.17389 -> :
    robes of the guardian saint (8.52051) : +0.346867 %, alt : +6.0907, from: aq40
    robes of transcendence (9.84048) : +0.738346 %, alt : +5.28919, from: bwl
- . - ' - . - ' - . - ' - . - ' - . - ' - . -
wrists, bindings of transcendence (4.09772), alt: 3.04718 -> :
    bracelets of royal redemption (4.46292) : +0.108054 %, alt : +4.10112, from: aq40
    zandalar confessor's wraps (3.2453) : -0.252208 %, alt : +2.29581, from: zg
- . - ' - . - ' - . - ' - . - ' - . - ' - . -
two-hand, benediction (-0.876801), alt: 8.94391 -> :
    scepter of the false prophet and sartura's might (-8.12061) : -2.14651 %, alt : +17.3821, from: aq40, aq40
    scepter of the false prophet and lei of the lifegiver (-8.05563) : -2.12725 %, alt : +17.0344, from: aq40, av rep
    scepter of the false prophet and brightly glowing stone (-10.323) : -2.79912 %, alt : +15.7921, from: aq40, pre-raid
    scepter of the false prophet and trance stone (-11.6684) : -3.1978 %, alt : +15.5178, from: aq40, emeriss; lethon; taerar; ysondre
    scepter of the false prophet and talon of furious concentration (-11.4945) : -3.14626 %, alt : +15.2819, from: aq40, aq20
    scepter of the false prophet and royal scepter of vek'lor (-11.5685) : -3.16818 %, alt : +15.264, from: aq40, aq40
    blessed qiraji augur staff (-5.59323) : -1.39759 %, alt : +11.4885, from: aq40
    gavel of infinite wisdom and sartura's might (4.86267) : +1.70074 %, alt : +10.7022, from: aq20, aq40
    lok'amir il romathis and sartura's might (-4.68515) : -1.1285 %, alt : +10.5167, from: bwl, aq40
    gavel of infinite wisdom and lei of the lifegiver (-4.58231) : -1.09803 %, alt : +10.3544, from: aq20, av rep
    lok'amir il romathis and lei of the lifegiver (-3.23639) : -0.6992 %, alt : +10.169, from: bwl, av rep
    gavel of infinite wisdom and brightly glowing stone (2.77298) : +1.08151 %, alt : +9.11215, from: aq20, pre-raid
    lok'amir il romathis and brightly glowing stone (3.11685) : +1.18341 %, alt : +8.9267, from: bwl, pre-raid
    lok'amir il romathis and trance stone (1.83649) : +0.804009 %, alt : +8.65239, from: bwl, emeriss; lethon; taerar; ysondre
    lok'amir il romathis and talon of furious concentration (1.92889) : +0.831391 %, alt : +8.41648, from: bwl, aq20
    lok'amir il romathis and royal scepter of vek'lor (1.85092) : +0.808286 %, alt : +8.39858, from: bwl, aq40
    jin'do's hexxer and sartura's might (0.788177) : +0.493371 %, alt : +7.9493, from: zg, aq40
    jin'do's hexxer and lei of the lifegiver (2.45517) : +0.987339 %, alt : +7.60155, from: zg, av rep
    staff of the shadow flame (3.01944) : +1.15455 %, alt : +7.50387, from: bwl
    fang of the mystics and lei of the lifegiver (2.47888) : +0.994365 %, alt : +7.18472, from: azuregos, av rep
    stinger of ayamiss and sartura's might (1.91599) : +0.827566 %, alt : +6.86999, from: aq20, aq40
    stinger of ayamiss and lei of the lifegiver (2.95712) : +1.13608 %, alt : +6.52224, from: aq20, av rep
    zulian scepter of rites and sartura's might (2.81552) : +1.09412 %, alt : +6.36105, from: zg, aq40
    jin'do's hexxer and brightly glowing stone (1.9613) : +0.840995 %, alt : +6.35928, from: zg, pre-raid
    sorcerous dagger and sartura's might (2.27148) : +0.932909 %, alt : +6.13974, from: mc, aq40
    fang of venoxis and lei of the lifegiver (1.27332) : +0.637129 %, alt : +6.10905, from: zg, av rep
    aurastone hammer and lei of the lifegiver (1.90259) : +0.823596 %, alt : +6.10735, from: mc, av rep
    wushoolay's poker and lei of the lifegiver (1.06223) : +0.574578 %, alt : +6.0882, from: zg, av rep
    jin'do's hexxer and trance stone (1.68555) : +0.759282 %, alt : +6.08498, from: zg, emeriss; lethon; taerar; ysondre
    the hammer of grace and sartura's might (2.37323) : +0.963058 %, alt : +6.05043, from: pre-raid, aq40
    zulian scepter of rites and lei of the lifegiver (1.3331) : +0.654844 %, alt : +6.01329, from: zg, av rep
    fang of the mystics and brightly glowing stone (1.95432) : +0.838924 %, alt : +5.94245, from: azuregos, pre-raid
    jin'do's hexxer and talon of furious concentration (1.65564) : +0.75042 %, alt : +5.84906, from: zg, aq20
    jin'do's hexxer and royal scepter of vek'lor (0.634033) : +0.447695 %, alt : +5.83116, from: zg, aq40
    sorcerous dagger and lei of the lifegiver (1.72668) : +0.771472 %, alt : +5.79199, from: mc, av rep
    the hammer of grace and lei of the lifegiver (1.64487) : +0.747228 %, alt : +5.70268, from: pre-raid, av rep
    fang of the mystics and trance stone (2.02692) : +0.860438 %, alt : +5.66815, from: azuregos, emeriss; lethon; taerar; ysondre
    fang of the mystics and talon of furious concentration (1.43393) : +0.684722 %, alt : +5.43224, from: azuregos, aq20
    staff of the ruins (1.67694) : +0.756732 %, alt : +5.42009, from: aq20
    fang of the mystics and royal scepter of vek'lor (1.67804) : +0.757058 %, alt : +5.41434, from: azuregos, aq40
    witchblade and sartura's might (2.51657) : +1.00553 %, alt : +5.3169, from: pre-raid, aq40
    stinger of ayamiss and brightly glowing stone (0.389313) : +0.375178 %, alt : +5.27997, from: aq20, pre-raid
    staff of the qiraji prophets (3.54587) : +1.31054 %, alt : +5.04465, from: aq40
    hypnotic blade and sartura's might (1.87268) : +0.814734 %, alt : +5.03815, from: pre-raid, aq40
    stinger of ayamiss and trance stone (1.01935) : +0.561872 %, alt : +5.00567, from: aq20, emeriss; lethon; taerar; ysondre
    witchblade and lei of the lifegiver (0.799469) : +0.496717 %, alt : +4.96915, from: pre-raid, av rep
    fang of venoxis and brightly glowing stone (1.39981) : +0.674612 %, alt : +4.86678, from: zg, pre-raid
    aurastone hammer and brightly glowing stone (1.48074) : +0.698594 %, alt : +4.86508, from: mc, pre-raid
    wushoolay's poker and brightly glowing stone (0.284637) : +0.344161 %, alt : +4.84593, from: zg, pre-raid
    staff of dominance (3.33469) : +1.24796 %, alt : +4.77596, from: mc
    zulian scepter of rites and brightly glowing stone (1.77066) : +0.784503 %, alt : +4.77103, from: zg, pre-raid
    stinger of ayamiss and talon of furious concentration (1.22452) : +0.622669 %, alt : +4.76976, from: aq20, aq20
    stinger of ayamiss and royal scepter of vek'lor (1.33435) : +0.655215 %, alt : +4.75186, from: aq20, aq40
    hypnotic blade and lei of the lifegiver (1.20929) : +0.618156 %, alt : +4.6904, from: pre-raid, av rep
    fang of venoxis and trance stone (3.03159) : +1.15814 %, alt : +4.59248, from: zg, emeriss; lethon; taerar; ysondre
    gift of the elven magi and sartura's might (3.33368) : +1.24766 %, alt : +4.59242, from: pre-raid (strat live: balnazzar), aq40
    aurastone hammer and trance stone (3.25757) : +1.22511 %, alt : +4.59077, from: mc, emeriss; lethon; taerar; ysondre
    lorespinner and sartura's might (2.80688) : +1.09156 %, alt : +4.57798, from: pre-raid, aq40
    wushoolay's poker and trance stone (3.22311) : +1.2149 %, alt : +4.57163, from: zg, emeriss; lethon; taerar; ysondre
    sorcerous dagger and brightly glowing stone (3.08206) : +1.1731 %, alt : +4.54972, from: mc, pre-raid
    zulian scepter of rites and trance stone (2.76349) : +1.0787 %, alt : +4.49672, from: zg, emeriss; lethon; taerar; ysondre
    the hammer of grace and brightly glowing stone (-0.392914) : +0.143387 %, alt : +4.46041, from: pre-raid, pre-raid
    fang of venoxis and talon of furious concentration (3.23907) : +1.21963 %, alt : +4.35657, from: zg, aq20
    aurastone hammer and talon of furious concentration (3.19763) : +1.20735 %, alt : +4.35486, from: mc, aq20
    fang of venoxis and royal scepter of vek'lor (3.46643) : +1.287 %, alt : +4.33867, from: zg, aq40
    aurastone hammer and royal scepter of vek'lor (2.80676) : +1.09152 %, alt : +4.33696, from: mc, aq40
    wushoolay's poker and talon of furious concentration (3.82962) : +1.39462 %, alt : +4.33571, from: zg, aq20
    wushoolay's poker and royal scepter of vek'lor (3.31982) : +1.24356 %, alt : +4.31781, from: zg, aq40
    sorcerous dagger and trance stone (1.78809) : +0.789667 %, alt : +4.27541, from: mc, emeriss; lethon; taerar; ysondre
    zulian scepter of rites and talon of furious concentration (2.84943) : +1.10417 %, alt : +4.26081, from: zg, aq20
    gift of the elven magi and lei of the lifegiver (2.38541) : +0.966667 %, alt : +4.24466, from: pre-raid (strat live: balnazzar), av rep
    zulian scepter of rites and royal scepter of vek'lor (2.95813) : +1.13638 %, alt : +4.24291, from: zg, aq40
    lorespinner and lei of the lifegiver (2.14487) : +0.895389 %, alt : +4.23023, from: pre-raid, av rep
    the hammer of grace and trance stone (2.87265) : +1.11105 %, alt : +4.1861, from: pre-raid, emeriss; lethon; taerar; ysondre
    sorcerous dagger and talon of furious concentration (1.87192) : +0.814508 %, alt : +4.0395, from: mc, aq20
    sorcerous dagger and royal scepter of vek'lor (2.21246) : +0.91542 %, alt : +4.0216, from: mc, aq40
    scepter of the unholy and sartura's might (2.45886) : +0.988433 %, alt : +4.01701, from: pre-raid, aq40
    the hammer of grace and talon of furious concentration (2.83878) : +1.10101 %, alt : +3.95019, from: pre-raid, aq20
    the hammer of grace and royal scepter of vek'lor (2.75375) : +1.07582 %, alt : +3.93229, from: pre-raid, aq40
    witchblade and brightly glowing stone (1.224) : +0.622515 %, alt : +3.72688, from: pre-raid, pre-raid
    scepter of the unholy and lei of the lifegiver (1.25583) : +0.631947 %, alt : +3.66925, from: pre-raid, av rep
    witchblade and trance stone (1.30054) : +0.645195 %, alt : +3.45258, from: pre-raid, emeriss; lethon; taerar; ysondre
    hypnotic blade and brightly glowing stone (0.840302) : +0.508817 %, alt : +3.44813, from: pre-raid, pre-raid
    witchblade and talon of furious concentration (1.02145) : +0.562496 %, alt : +3.21666, from: pre-raid, aq20
    witchblade and royal scepter of vek'lor (0.605377) : +0.439203 %, alt : +3.19877, from: pre-raid, aq40
    hypnotic blade and trance stone (2.99292) : +1.14669 %, alt : +3.17383, from: pre-raid, emeriss; lethon; taerar; ysondre
    gift of the elven magi and brightly glowing stone (0.147675) : +0.303575 %, alt : +3.00239, from: pre-raid (strat live: balnazzar), pre-raid
    lorespinner and brightly glowing stone (0.519104) : +0.413638 %, alt : +2.98796, from: pre-raid, pre-raid
    hypnotic blade and talon of furious concentration (-0.196136) : +0.201696 %, alt : +2.93791, from: pre-raid, aq20
    hypnotic blade and royal scepter of vek'lor (2.62) : +1.03618 %, alt : +2.92001, from: pre-raid, aq40
    gift of the elven magi and trance stone (3.75012) : +1.37106 %, alt : +2.72809, from: pre-raid (strat live: balnazzar), emeriss; lethon; taerar; ysondre
    lorespinner and trance stone (3.74802) : +1.37044 %, alt : +2.71366, from: pre-raid, emeriss; lethon; taerar; ysondre
    gift of the elven magi and talon of furious concentration (2.71887) : +1.06548 %, alt : +2.49218, from: pre-raid (strat live: balnazzar), aq20
    lorespinner and talon of furious concentration (3.91568) : +1.42012 %, alt : +2.47774, from: pre-raid, aq20
    gift of the elven magi and royal scepter of vek'lor (3.31772) : +1.24293 %, alt : +2.47428, from: pre-raid (strat live: balnazzar), aq40
    lorespinner and royal scepter of vek'lor (3.95023) : +1.43036 %, alt : +2.45985, from: pre-raid, aq40
    scepter of the unholy and brightly glowing stone (-0.0458069) : +0.246242 %, alt : +2.42699, from: pre-raid, pre-raid
    scepter of the unholy and trance stone (2.63644) : +1.04105 %, alt : +2.15268, from: pre-raid, emeriss; lethon; taerar; ysondre
    scepter of the unholy and talon of furious concentration (2.64529) : +1.04368 %, alt : +1.91677, from: pre-raid, aq20
    scepter of the unholy and royal scepter of vek'lor (2.67975) : +1.05389 %, alt : +1.89887, from: pre-raid, aq40
- . - ' - . - ' - . - ' - . - ' - . - ' - . -
ranged, dragon's touch (1.4527), alt: 0.965942 -> :
    lunar wand of healing (-0.0956421) : -0.455535 %, alt : +1.31188, from: random green
    wandof qiraji nobility (-0.473206) : -0.566617 %, alt : +1.24629, from: aq40
    antenna of invigoration (1.5365) : +0.0246551 %, alt : +1.23627, from: aq20
- . - ' - . - ' - . - ' - . - ' - . - ' - . -
hands, handguards of transcendence (4.65152), alt: 3.22717 -> :
    gloves of dark wisdom (4.26932) : -0.112834 %, alt : +3.571, from: aq20
    atal'ai hands of healing (3.5614) : -0.321826 %, alt : +3.47649, from: sunken temple
    gloves of delusional power (4.67612) : +0.00726161 %, alt : +2.85546, from: emeriss; lethon; taerar; ysondre
- . - ' - . - ' - . - ' - . - ' - . - ' - . -
waist, belt of transcendence (7.29498), alt: 3.09323 -> :
    grasp of the old god (7.56561) : +0.08005 %, alt : +5.22607, from: aq40
    eyestalk waist cord (7.41644) : +0.0359268 %, alt : +3.27635, from: aq40
    firemaw's clutch (6.67255) : -0.184111 %, alt : +3.18943, from: bwl
    zandalar confessor's bindings (5.49213) : -0.53327 %, alt : +2.85627, from: zg
- . - ' - . - ' - . - ' - . - ' - . - ' - . -
legs, empowered leggings (7.57483), alt: 6.17459 -> :
    leggings of transcendence (7.74753) : +0.051042 %, alt : +4.81328, from: mc
- . - ' - . - ' - . - ' - . - ' - . - ' - . -
feet, boots of transcendence (6.51831), alt: 3.38556 -> :
    boots of pure thought (6.07217) : -0.131684 %, alt : +4.83608, from: bwl
    treads of the wandering nomand (6.05063) : -0.138044 %, alt : +3.466, from: aq20
- . - ' - . - ' - . - ' - . - ' - . - ' - . -
finger, fordring's seal (2.95514), alt: 2.66547 -> :
    pure elementium band (3.07855) : +0.0365403 %, alt : +4.11753, from: bwl
    primalist's seal (5.31696) : +0.69929 %, alt : +3.68815, from: zg
    ring of the martyr (3.55679) : +0.178139 %, alt : +3.66657, from: aq40
    cauterizing band (3.7435) : +0.233419 %, alt : +3.5897, from: mc
    rosewine circle (3.46234) : +0.150173 %, alt : +2.2235, from: pre-raid
    ring of blackrock (2.97369) : +0.0054937 %, alt : +1.82457, from: bwl
- . - ' - . - ' - . - ' - . - ' - . - ' - . -
finger 2, pure elementium band (5.00452), alt: 4.11752 -> :
    primalist's seal (6.60928) : +0.474297 %, alt : +3.68815, from: zg
    fordring's seal (5.14426) : +0.0413008 %, alt : +2.66547, from: pre-raid
- . - ' - . - ' - . - ' - . - ' - . - ' - . -
trinket, hazza'rah's charm of healing (11.3709), alt: 16.6738 -> :
    hazza'rah's charm of healing (11.3709) : +0 %, alt : +16.6738, from: zg
    darkmoon card: blue dragon (1.80634) : -2.82685 %, alt : +1.95383, from: 
- . - ' - . - ' - . - ' - . - ' - . - ' - . -
trinket 2, rejuvenating gem (6.33237), alt: 4.9075 -> :
    hazza'rah's charm of healing (0) : -1.87156 %, alt : +16.6738, from: zg
    darkmoon card: blue dragon (3.01709) : -0.979847 %, alt : +1.95383, from: 
- - - - - - - - - - - - - - - - - - - - - - - - - - - - - - - - - - - - - - - - - 
| Upgrades at best in slot level, from start item to candidate, partial bonuses: 0: |
  alt scores are from least squares fit, special score from e.g. set bonuses as s are part of em
. . . . . . . . . . . . . . . . . . . . . . . . . . . . . . . . . . . . . . . . . 
- . - ' - . - ' - . - ' - . - ' - . - ' - . -
head, halo of transcendence (5.63147), alt: 4.79727 -> :
    crystal adorned crown (9.87949) : +1.26739 %, alt : +6.91571, from: azuregos
    don rigoberto's lost hat (8.3797) : +0.819929 %, alt : +6.04954, from: aq40
    zulian headdress (5.98297) : +0.10487 %, alt : +4.55283, from: zg
- . - ' - . - ' - . - ' - . - ' - . - ' - . -
neck, jin'do's evil eye (4.62393), alt: 3.50925 -> :
    amulet of the fallen god (7.04941) : +0.719722 %, alt : +4.64906, from: aq40
    the all-seeing eye of zuldazar (2.27963) : -0.695634 %, alt : +1.77556, from: zg
- . - ' - . - ' - . - ' - . - ' - . - ' - . -
shoulders, zandalar confessor's mantle (7.6915), alt: 4.34256 -> :
    zandalar confessor's mantle (7.6915) : +0 %, alt : +4.34256, from: zg
- . - ' - . - ' - . - ' - . - ' - . - ' - . -
back, hide of the wild (4.49481), alt: 3.23193 -> :
    cloak of clarity (6.74069) : +0.666075 %, alt : +3.82501, from: aq40
    shroud of pure thought (5.23685) : +0.22007 %, alt : +3.0748, from: bwl
    cloak of the brood lord (4.85718) : +0.107469 %, alt : +2.50439, from: bwl
    shroud of infinite wisdom (4.7652) : +0.08019 %, alt : +2.42249, from: aq20
- . - ' - . - ' - . - ' - . - ' - . - ' - . -
chest, truefaith vestments (6.08609), alt: 5.17389 -> :
    robes of the guardian saint (9.91891) : +1.1421 %, alt : +6.0907, from: aq40
    robes of transcendence (7.06656) : +0.292159 %, alt : +5.28919, from: bwl
    robes of the exalted (6.32843) : +0.0722122 %, alt : +4.87936, from: pre-raid
    vestments of the oracle (6.21396) : +0.0381021 %, alt : +3.98892, from: aq40
- . - ' - . - ' - . - ' - . - ' - . - ' - . -
wrists, bindings of transcendence (4.63373), alt: 3.04718 -> :
    bracelets of royal redemption (6.30722) : +0.495477 %, alt : +4.10112, from: aq40
    zandalar confessor's wraps (3.10251) : -0.453354 %, alt : +2.29581, from: zg
- . - ' - . - ' - . - ' - . - ' - . - ' - . -
two-hand, benediction (-0.150299), alt: 8.94391 -> :
    scepter of the false prophet and sartura's might (-12.0853) : -3.51777 %, alt : +17.3821, from: aq40, aq40
    scepter of the false prophet and lei of the lifegiver (-10.7252) : -3.11689 %, alt : +17.0344, from: aq40, av rep
    scepter of the false prophet and brightly glowing stone (-12.6156) : -3.67409 %, alt : +15.7921, from: aq40, pre-raid
    scepter of the false prophet and trance stone (-13.32) : -3.8817 %, alt : +15.5178, from: aq40, emeriss; lethon; taerar; ysondre
    scepter of the false prophet and talon of furious concentration (-13.22) : -3.85223 %, alt : +15.2819, from: aq40, aq20
    scepter of the false prophet and royal scepter of vek'lor (-13.2949) : -3.87431 %, alt : +15.264, from: aq40, aq40
    blessed qiraji augur staff (4.29562) : +1.31041 %, alt : +11.4885, from: aq40
    gavel of infinite wisdom and sartura's might (-4.94641) : -1.41363 %, alt : +10.7022, from: aq20, aq40
    lok'amir il romathis and sartura's might (-5.26028) : -1.50614 %, alt : +10.5167, from: bwl, aq40
    gavel of infinite wisdom and lei of the lifegiver (-4.04449) : -1.14779 %, alt : +10.3544, from: aq20, av rep
    lok'amir il romathis and lei of the lifegiver (1.26929) : +0.418415 %, alt : +10.169, from: bwl, av rep
    gavel of infinite wisdom and brightly glowing stone (1.63214) : +0.525364 %, alt : +9.11215, from: aq20, pre-raid
    lok'amir il romathis and brightly glowing stone (0.390808) : +0.159488 %, alt : +8.9267, from: bwl, pre-raid
    gavel of infinite wisdom and trance stone (0.349304) : +0.147255 %, alt : +8.83784, from: aq20, emeriss; lethon; taerar; ysondre
    lok'amir il romathis and trance stone (2.38177) : +0.746315 %, alt : +8.65239, from: bwl, emeriss; lethon; taerar; ysondre
    gavel of infinite wisdom and talon of furious concentration (1.09341) : +0.366578 %, alt : +8.60193, from: aq20, aq20
    gavel of infinite wisdom and royal scepter of vek'lor (1.27673) : +0.42061 %, alt : +8.58403, from: aq20, aq40
    lok'amir il romathis and talon of furious concentration (2.09232) : +0.660998 %, alt : +8.41648, from: bwl, aq20
    lok'amir il romathis and royal scepter of vek'lor (2.13107) : +0.672422 %, alt : +8.39858, from: bwl, aq40
    jin'do's hexxer and sartura's might (1.21564) : +0.402602 %, alt : +7.9493, from: zg, aq40
    jin'do's hexxer and lei of the lifegiver (1.33386) : +0.437448 %, alt : +7.60155, from: zg, av rep
    staff of the shadow flame (1.62534) : +0.523359 %, alt : +7.50387, from: bwl
    fang of the mystics and lei of the lifegiver (0.509186) : +0.19438 %, alt : +7.18472, from: azuregos, av rep
    staff of rampant growth (1.71539) : +0.549902 %, alt : +6.97985, from: emeriss; lethon; taerar; ysondre
    stinger of ayamiss and sartura's might (0.816742) : +0.28503 %, alt : +6.86999, from: aq20, aq40
    stinger of ayamiss and lei of the lifegiver (0.545929) : +0.205209 %, alt : +6.52224, from: aq20, av rep
    fang of venoxis and sartura's might (1.81058) : +0.577958 %, alt : +6.45681, from: zg, aq40
    aurastone hammer and sartura's might (2.67319) : +0.832207 %, alt : +6.4551, from: mc, aq40
    zulian scepter of rites and sartura's might (1.96765) : +0.624254 %, alt : +6.36105, from: zg, aq40
    sorcerous dagger and sartura's might (1.59) : +0.512942 %, alt : +6.13974, from: mc, aq40
    fang of venoxis and lei of the lifegiver (1.59619) : +0.514768 %, alt : +6.10905, from: zg, av rep
    aurastone hammer and lei of the lifegiver (0.175323) : +0.0959755 %, alt : +6.10735, from: mc, av rep
    wushoolay's poker and lei of the lifegiver (-0.0757141) : +0.0219835 %, alt : +6.0882, from: zg, av rep
    jin'do's hexxer and trance stone (0.0505066) : +0.0591864 %, alt : +6.08498, from: zg, emeriss; lethon; taerar; ysondre
    zulian scepter of rites and lei of the lifegiver (-0.0644531) : +0.0253026 %, alt : +6.01329, from: zg, av rep
    fang of the mystics and brightly glowing stone (0.250122) : +0.118022 %, alt : +5.94245, from: azuregos, pre-raid
    jin'do's hexxer and talon of furious concentration (-0.123749) : +0.00782555 %, alt : +5.84906, from: zg, aq20
    jin'do's hexxer and royal scepter of vek'lor (-0.137177) : +0.0038678 %, alt : +5.83116, from: zg, aq40
    sorcerous dagger and lei of the lifegiver (0.503204) : +0.192617 %, alt : +5.79199, from: mc, av rep
    fang of the mystics and trance stone (3.36664) : +1.0366 %, alt : +5.66815, from: azuregos, emeriss; lethon; taerar; ysondre
    fang of the mystics and talon of furious concentration (3.26111) : +1.00549 %, alt : +5.43224, from: azuregos, aq20
    staff of the ruins (1.42163) : +0.463318 %, alt : +5.42009, from: aq20
    fang of the mystics and royal scepter of vek'lor (3.17657) : +0.980578 %, alt : +5.41434, from: azuregos, aq40
    witchblade and sartura's might (2.11548) : +0.667825 %, alt : +5.3169, from: pre-raid, aq40
    staff of the qiraji prophets (0.66922) : +0.241549 %, alt : +5.04465, from: aq40
    hypnotic blade and sartura's might (1.58405) : +0.511189 %, alt : +5.03815, from: pre-raid, aq40
    stinger of ayamiss and trance stone (0.765045) : +0.269793 %, alt : +5.00567, from: aq20, emeriss; lethon; taerar; ysondre
    witchblade and lei of the lifegiver (1.48309) : +0.481433 %, alt : +4.96915, from: pre-raid, av rep
    fang of venoxis and brightly glowing stone (1.19083) : +0.395289 %, alt : +4.86678, from: zg, pre-raid
    aurastone hammer and brightly glowing stone (1.02905) : +0.347607 %, alt : +4.86508, from: mc, pre-raid
    wushoolay's poker and brightly glowing stone (0.903625) : +0.310638 %, alt : +4.84593, from: zg, pre-raid
    staff of dominance (0.7164) : +0.255455 %, alt : +4.77596, from: mc
    zulian scepter of rites and brightly glowing stone (1.29922) : +0.427239 %, alt : +4.77103, from: zg, pre-raid
    stinger of ayamiss and talon of furious concentration (0.967499) : +0.329465 %, alt : +4.76976, from: aq20, aq20
    stinger of ayamiss and royal scepter of vek'lor (1.07632) : +0.361541 %, alt : +4.75186, from: aq20, aq40
    hypnotic blade and lei of the lifegiver (0.804657) : +0.281468 %, alt : +4.6904, from: pre-raid, av rep
    fang of venoxis and trance stone (1.20618) : +0.399814 %, alt : +4.59248, from: zg, emeriss; lethon; taerar; ysondre
    gift of the elven magi and sartura's might (1.271) : +0.418919 %, alt : +4.59242, from: pre-raid (strat live: balnazzar), aq40
    aurastone hammer and trance stone (1.08151) : +0.36307 %, alt : +4.59077, from: mc, emeriss; lethon; taerar; ysondre
    lorespinner and sartura's might (0.922211) : +0.316116 %, alt : +4.57798, from: pre-raid, aq40
    wushoolay's poker and trance stone (0.612274) : +0.224764 %, alt : +4.57163, from: zg, emeriss; lethon; taerar; ysondre
    sorcerous dagger and brightly glowing stone (0.716766) : +0.255563 %, alt : +4.54972, from: mc, pre-raid
    zulian scepter of rites and trance stone (0.847015) : +0.293953 %, alt : +4.49672, from: zg, emeriss; lethon; taerar; ysondre
    the hammer of grace and brightly glowing stone (0.291901) : +0.130336 %, alt : +4.46041, from: pre-raid, pre-raid
    fang of venoxis and talon of furious concentration (0.748383) : +0.264881 %, alt : +4.35657, from: zg, aq20
    aurastone hammer and talon of furious concentration (1.13474) : +0.378757 %, alt : +4.35486, from: mc, aq20
    fang of venoxis and royal scepter of vek'lor (0.664398) : +0.240128 %, alt : +4.33867, from: zg, aq40
    aurastone hammer and royal scepter of vek'lor (0.975647) : +0.331866 %, alt : +4.33696, from: mc, aq40
    wushoolay's poker and talon of furious concentration (0.528748) : +0.200145 %, alt : +4.33571, from: zg, aq20
    wushoolay's poker and royal scepter of vek'lor (0.444763) : +0.175391 %, alt : +4.31781, from: zg, aq40
    sorcerous dagger and trance stone (2.03802) : +0.644996 %, alt : +4.27541, from: mc, emeriss; lethon; taerar; ysondre
    zulian scepter of rites and talon of furious concentration (0.642029) : +0.233534 %, alt : +4.26081, from: zg, aq20
    zulian scepter of rites and royal scepter of vek'lor (0.563721) : +0.210453 %, alt : +4.24291, from: zg, aq40
    sorcerous dagger and talon of furious concentration (0.0988159) : +0.0734253 %, alt : +4.0395, from: mc, aq20
    sorcerous dagger and royal scepter of vek'lor (1.56003) : +0.50411 %, alt : +4.0216, from: mc, aq40
    scepter of the unholy and sartura's might (0.208801) : +0.105843 %, alt : +4.01701, from: pre-raid, aq40
    witchblade and trance stone (2.45547) : +0.768037 %, alt : +3.45258, from: pre-raid, emeriss; lethon; taerar; ysondre
    hypnotic blade and brightly glowing stone (0.852997) : +0.295716 %, alt : +3.44813, from: pre-raid, pre-raid
    witchblade and talon of furious concentration (2.08859) : +0.659901 %, alt : +3.21666, from: pre-raid, aq20
    witchblade and royal scepter of vek'lor (2.07605) : +0.656204 %, alt : +3.19877, from: pre-raid, aq40
    hypnotic blade and trance stone (1.4303) : +0.465872 %, alt : +3.17383, from: pre-raid, emeriss; lethon; taerar; ysondre
    gift of the elven magi and brightly glowing stone (1.61673) : +0.520822 %, alt : +3.00239, from: pre-raid (strat live: balnazzar), pre-raid
    lorespinner and brightly glowing stone (1.85391) : +0.59073 %, alt : +2.98796, from: pre-raid, pre-raid
    hypnotic blade and talon of furious concentration (1.27499) : +0.420097 %, alt : +2.93791, from: pre-raid, aq20
    hypnotic blade and royal scepter of vek'lor (1.61542) : +0.520435 %, alt : +2.92001, from: pre-raid, aq40
    lorespinner and trance stone (1.00409) : +0.34025 %, alt : +2.71366, from: pre-raid, emeriss; lethon; taerar; ysondre
    lorespinner and talon of furious concentration (0.702301) : +0.251299 %, alt : +2.47774, from: pre-raid, aq20
    gift of the elven magi and royal scepter of vek'lor (0.0785217) : +0.0674437 %, alt : +2.47428, from: pre-raid (strat live: balnazzar), aq40
    lorespinner and royal scepter of vek'lor (0.84726) : +0.294025 %, alt : +2.45985, from: pre-raid, aq40
    scepter of the unholy and brightly glowing stone (1.22891) : +0.406515 %, alt : +2.42699, from: pre-raid, pre-raid
- . - ' - . - ' - . - ' - . - ' - . - ' - . -
ranged, dragon's touch (0.598358), alt: 0.965942 -> :
    lunar wand of healing (2.00864) : +0.417221 %, alt : +1.31188, from: random green
    wandof qiraji nobility (1.91284) : +0.388881 %, alt : +1.24629, from: aq40
    antenna of invigoration (1.64642) : +0.310063 %, alt : +1.23627, from: aq20
    essence gatherer (1.37625) : +0.230134 %, alt : +0.655146, from: bwl
- . - ' - . - ' - . - ' - . - ' - . - ' - . -
hands, handguards of transcendence (5.36472), alt: 3.22717 -> :
    gloves of dark wisdom (6.07834) : +0.210686 %, alt : +3.571, from: aq20
    atal'ai hands of healing (3.58517) : -0.525382 %, alt : +3.47649, from: sunken temple
- . - ' - . - ' - . - ' - . - ' - . - ' - . -
waist, belt of transcendence (3.65396), alt: 3.09323 -> :
    grasp of the old god (8.26883) : +1.37834 %, alt : +5.22607, from: aq40
    eyestalk waist cord (5.68878) : +0.60775 %, alt : +3.27635, from: aq40
    firemaw's clutch (5.3244) : +0.498919 %, alt : +3.18943, from: bwl
    zandalar confessor's bindings (4.34143) : +0.20533 %, alt : +2.85627, from: zg
    whipvine cord (4.6738) : +0.304599 %, alt : +2.80052, from: pre-raid
    mana igniting cord (4.58917) : +0.279324 %, alt : +2.56072, from: mc
- . - ' - . - ' - . - ' - . - ' - . - ' - . -
legs, empowered leggings (9.50882), alt: 6.17459 -> :
- . - ' - . - ' - . - ' - . - ' - . - ' - . -
feet, boots of transcendence (4.51337), alt: 3.38556 -> :
    boots of pure thought (7.63617) : +0.928564 %, alt : +4.83608, from: bwl
    treads of the wandering nomand (5.57159) : +0.314664 %, alt : +3.466, from: aq20
    boots of epiphany (5.15842) : +0.191805 %, alt : +3.13644, from: aq40
    snowblind shoes (5.44107) : +0.275852 %, alt : +2.89725, from: azuregos
    footwraps of the oracle (4.75708) : +0.0724681 %, alt : +2.57796, from: aq40
- . - ' - . - ' - . - ' - . - ' - . - ' - . -
finger, fordring's seal (3.77118), alt: 2.66547 -> :
    pure elementium band (5.15982) : +0.412696 %, alt : +4.11753, from: bwl
    ring of the martyr (6.71817) : +0.875829 %, alt : +3.66657, from: aq40
    cauterizing band (6.22012) : +0.727812 %, alt : +3.5897, from: mc
    primalist's seal (4.49777) : +0.215939 %, alt : +2.60585, from: zg
    rosewine circle (4.5181) : +0.22198 %, alt : +2.2235, from: pre-raid
    ring of the devoured (4.60345) : +0.247347 %, alt : +2.118, from: aq40
    band of forced concentration (4.0791) : +0.0915128 %, alt : +1.94984, from: bwl
- . - ' - . - ' - . - ' - . - ' - . - ' - . -
finger 2, pure elementium band (6.77261), alt: 4.11752 -> :
- . - ' - . - ' - . - ' - . - ' - . - ' - . -
trinket, hazza'rah's charm of healing (13.4203), alt: 16.6738 -> :
    hazza'rah's charm of healing (13.4203) : +0 %, alt : +16.6738, from: zg
    darkmoon card: blue dragon (1.8317) : -3.41417 %, alt : +1.95383, from: 
- . - ' - . - ' - . - ' - . - ' - . - ' - . -
trinket 2, rejuvenating gem (8.1611), alt: 4.9075 -> :
    hazza'rah's charm of healing (0) : -2.40437 %, alt : +16.6738, from: zg
    darkmoon card: blue dragon (3.05505) : -1.50431 %, alt : +1.95383, from: 
- - - - - - - - - - - - - - - - - - - - - - - - - - - - - - - - - - - - - - - - - 
| Upgrades at start level, from start item to candidate, partial bonuses: 1: |
  alt scores are from least squares fit, special score from e.g. set bonuses as s are part of em
. . . . . . . . . . . . . . . . . . . . . . . . . . . . . . . . . . . . . . . . . 
- . - ' - . - ' - . - ' - . - ' - . - ' - . -
head, halo of transcendence (7.19183), alt: 4.79727 -> :
    crystal adorned crown (9.78098) : +0.814235 %, alt : +6.91571, from: azuregos
    don rigoberto's lost hat (9.42798) : +0.703224 %, alt : +6.04954, from: aq40
    halo of transcendence (7.19183) : +0 %, alt : +4.79728, from: onyxia
- . - ' - . - ' - . - ' - . - ' - . - ' - . -
neck, jin'do's evil eye (4.27304), alt: 3.50925 -> :
    amulet of the fallen god (6.02869) : +0.552117 %, alt : +4.64906, from: aq40
    the all-seeing eye of zuldazar (2.61673) : -0.520878 %, alt : +1.77556, from: zg
- . - ' - . - ' - . - ' - . - ' - . - ' - . -
shoulders, zandalar confessor's mantle (5.11697), alt: 4.34256 -> :
    zandalar confessor's mantle (5.11697) : +0 %, alt : +4.34256, from: zg
    pauldrons of transcendence (3.1149) : -0.629614 %, alt : +3.11116, from: bwl
- . - ' - . - ' - . - ' - . - ' - . - ' - . -
back, hide of the wild (4.18451), alt: 3.23193 -> :
    cloak of clarity (5.34238) : +0.364127 %, alt : +3.82501, from: aq40
- . - ' - . - ' - . - ' - . - ' - . - ' - . -
chest, truefaith vestments (8.10321), alt: 5.17389 -> :
    robes of the guardian saint (9.29184) : +0.373801 %, alt : +6.0907, from: aq40
    robes of transcendence (4.86722) : -1.01766 %, alt : +5.28919, from: bwl
- . - ' - . - ' - . - ' - . - ' - . - ' - . -
wrists, bindings of transcendence (2.96786), alt: 3.04718 -> :
    bracelets of royal redemption (4.06976) : +0.346526 %, alt : +4.10112, from: aq40
    bindings of transcendence (2.96786) : +0 %, alt : +3.04717, from: bwl
    zandalar confessor's wraps (1.33783) : -0.512615 %, alt : +2.29581, from: zg
- . - ' - . - ' - . - ' - . - ' - . - ' - . -
two-hand, benediction (14.2705), alt: 8.94391 -> :
    scepter of the false prophet and sartura's might (23.798) : +2.99622 %, alt : +17.3821, from: aq40, aq40
    scepter of the false prophet and lei of the lifegiver (23.4666) : +2.89202 %, alt : +17.0344, from: aq40, av rep
    scepter of the false prophet and brightly glowing stone (22.2997) : +2.52505 %, alt : +15.7921, from: aq40, pre-raid
    scepter of the false prophet and trance stone (21.6738) : +2.32821 %, alt : +15.5178, from: aq40, emeriss; lethon; taerar; ysondre
    scepter of the false prophet and talon of furious concentration (22.4283) : +2.56547 %, alt : +15.2819, from: aq40, aq20
    scepter of the false prophet and royal scepter of vek'lor (22.1324) : +2.47243 %, alt : +15.264, from: aq40, aq40
    blessed qiraji augur staff (17.6285) : +1.05605 %, alt : +11.4885, from: aq40
    gavel of infinite wisdom and sartura's might (16.9422) : +0.840215 %, alt : +10.7022, from: aq20, aq40
    lok'amir il romathis and sartura's might (16.2226) : +0.613913 %, alt : +10.5167, from: bwl, aq40
    gavel of infinite wisdom and lei of the lifegiver (16.3703) : +0.660344 %, alt : +10.3544, from: aq20, av rep
    lok'amir il romathis and lei of the lifegiver (15.6446) : +0.432142 %, alt : +10.169, from: bwl, av rep
    gavel of infinite wisdom and brightly glowing stone (14.1544) : -0.0365173 %, alt : +9.11215, from: aq20, pre-raid
    lok'amir il romathis and brightly glowing stone (14.5729) : +0.0950985 %, alt : +8.9267, from: bwl, pre-raid
- . - ' - . - ' - . - ' - . - ' - . - ' - . -
ranged, dragon's touch (2.25565), alt: 0.965942 -> :
    lunar wand of healing (1.77667) : -0.150628 %, alt : +1.31188, from: random green
    wandof qiraji nobility (1.79065) : -0.146232 %, alt : +1.24629, from: aq40
    antenna of invigoration (2.5921) : +0.105809 %, alt : +1.23627, from: aq20
- . - ' - . - ' - . - ' - . - ' - . - ' - . -
hands, handguards of transcendence (4.23428), alt: 3.22717 -> :
    gloves of dark wisdom (5.05618) : +0.258471 %, alt : +3.571, from: aq20
    atal'ai hands of healing (4.03128) : -0.0638405 %, alt : +3.47649, from: sunken temple
    handguards of transcendence (4.23428) : +0 %, alt : +3.22717, from: bwl
    dark storm gauntlets (4.85086) : +0.193902 %, alt : +3.14244, from: aq40
- . - ' - . - ' - . - ' - . - ' - . - ' - . -
waist, belt of transcendence (2.56976), alt: 3.09323 -> :
    grasp of the old god (6.04333) : +1.09237 %, alt : +5.22607, from: aq40
    eyestalk waist cord (2.85696) : +0.0903191 %, alt : +3.27635, from: aq40
    firemaw's clutch (2.3642) : -0.0646467 %, alt : +3.18943, from: bwl
    belt of transcendence (2.56976) : +0 %, alt : +3.09323, from: bwl
    zandalar confessor's bindings (1.96719) : -0.189496 %, alt : +2.85627, from: zg
- . - ' - . - ' - . - ' - . - ' - . - ' - . -
legs, empowered leggings (9.00635), alt: 6.17459 -> :
    leggings of transcendence (7.47687) : -0.480992 %, alt : +4.81328, from: mc
- . - ' - . - ' - . - ' - . - ' - . - ' - . -
feet, boots of transcendence (4.69904), alt: 3.38556 -> :
    boots of pure thought (6.74072) : +0.642071 %, alt : +4.83608, from: bwl
    treads of the wandering nomand (3.53354) : -0.366526 %, alt : +3.466, from: aq20
    boots of transcendence (4.69904) : +0 %, alt : +3.38556, from: bwl
- . - ' - . - ' - . - ' - . - ' - . - ' - . -
finger, fordring's seal (3.55051), alt: 2.66547 -> :
    pure elementium band (4.69711) : +0.360586 %, alt : +4.11753, from: bwl
    primalist's seal (4.95969) : +0.44316 %, alt : +3.68815, from: zg
    ring of the martyr (4.41806) : +0.272829 %, alt : +3.66657, from: aq40
    cauterizing band (4.3226) : +0.242809 %, alt : +3.5897, from: mc
- . - ' - . - ' - . - ' - . - ' - . - ' - . -
finger 2, pure elementium band (4.21451), alt: 4.11752 -> :
- . - ' - . - ' - . - ' - . - ' - . - ' - . -
trinket, hazza'rah's charm of healing (11.9442), alt: 16.6738 -> :
    hazza'rah's charm of healing (11.9442) : +0 %, alt : +16.6738, from: zg
    darkmoon card: blue dragon (2.0145) : -3.12269 %, alt : +1.95383, from: 
- . - ' - . - ' - . - ' - . - ' - . - ' - . -
trinket 2, rejuvenating gem (9.3533), alt: 4.9075 -> :
    hazza'rah's charm of healing (0) : -2.94143 %, alt : +16.6738, from: zg
    darkmoon card: blue dragon (4.68823) : -1.46707 %, alt : +1.95383, from: 
- - - - - - - - - - - - - - - - - - - - - - - - - - - - - - - - - - - - - - - - - 
| Upgrades at start level, from start item to candidate, partial bonuses: 0: |
  alt scores are from least squares fit, special score from e.g. set bonuses as s are part of em
. . . . . . . . . . . . . . . . . . . . . . . . . . . . . . . . . . . . . . . . . 
- . - ' - . - ' - . - ' - . - ' - . - ' - . -
head, halo of transcendence (6.44373), alt: 4.79727 -> :
    crystal adorned crown (10.3132) : +1.2237 %, alt : +6.91571, from: azuregos
    don rigoberto's lost hat (9.45135) : +0.951153 %, alt : +6.04954, from: aq40
    halo of transcendence (6.44373) : +0 %, alt : +4.79728, from: onyxia
    eternal crown of healing (6.99783) : +0.175235 %, alt : +4.19803, from: random green
    mish'undare circlet of mind flayer (6.50693) : +0.0199874 %, alt : +3.90361, from: bwl
    dustwind turban (6.61279) : +0.053467 %, alt : +3.82044, from: aq20
    tiara of the oracle (6.51288) : +0.0218694 %, alt : +3.59825, from: aq40
    the hexxer's cover (6.89169) : +0.141668 %, alt : +3.16633, from: zg
- . - ' - . - ' - . - ' - . - ' - . - ' - . -
neck, jin'do's evil eye (3.94919), alt: 3.50925 -> :
    amulet of the fallen god (5.26593) : +0.416415 %, alt : +4.64906, from: aq40
    amulet of the shifting sands (4.30988) : +0.114066 %, alt : +3.40286, from: aq20
    angelista's charm (4.62457) : +0.213588 %, alt : +3.0867, from: aq40
    wavefront necklace (4.13547) : +0.0589102 %, alt : +2.37447, from: silithus
    animated chain necklace (4.42813) : +0.151464 %, alt : +2.26305, from: pre-raid
    the all-seeing eye of zuldazar (2.57581) : -0.434328 %, alt : +1.77556, from: zg
- . - ' - . - ' - . - ' - . - ' - . - ' - . -
shoulders, zandalar confessor's mantle (5.28946), alt: 4.34256 -> :
    zandalar confessor's mantle (5.28946) : +0 %, alt : +4.34256, from: zg
    pauldrons of transcendence (4.64673) : -0.203261 %, alt : +3.11116, from: bwl
    mantle of the blackwing cabal (5.47537) : +0.0587944 %, alt : +2.99335, from: bwl
- . - ' - . - ' - . - ' - . - ' - . - ' - . -
back, hide of the wild (3.71237), alt: 3.23193 -> :
    cloak of clarity (4.29364) : +0.183824 %, alt : +3.82501, from: aq40
    shroud of pure thought (4.79462) : +0.342256 %, alt : +3.0748, from: bwl
    drape of benediction (4.59906) : +0.280412 %, alt : +2.78473, from: azuregos
    hakkari loa cloak (4.23294) : +0.164628 %, alt : +2.58204, from: zg
    cloak of the brood lord (3.7547) : +0.0133861 %, alt : +2.50439, from: bwl
    cloak of the devoured (3.87106) : +0.0501856 %, alt : +2.4448, from: aq40
    shroud of infinite wisdom (3.86746) : +0.0490468 %, alt : +2.42249, from: aq20
    archivist cape of healing (4.18506) : +0.149486 %, alt : +2.42162, from: pre-raid
- . - ' - . - ' - . - ' - . - ' - . - ' - . -
chest, truefaith vestments (6.26956), alt: 5.17389 -> :
    robes of the guardian saint (6.35712) : +0.027689 %, alt : +6.0907, from: aq40
    robes of transcendence (5.32272) : -0.299435 %, alt : +5.28919, from: bwl
- . - ' - . - ' - . - ' - . - ' - . - ' - . -
wrists, bindings of transcendence (2.39059), alt: 3.04718 -> :
    bracelets of royal redemption (4.13208) : +0.550739 %, alt : +4.10112, from: aq40
    bindings of transcendence (2.39059) : +0 %, alt : +3.04717, from: bwl
    vambraces of prophecy (3.23553) : +0.26721 %, alt : +2.53459, from: mc
    zandalar confessor's wraps (3.03952) : +0.205221 %, alt : +2.29581, from: zg
    flameweave cuffs of healing (2.40091) : +0.00326207 %, alt : +2.16461, from: brd
    black bark wristbands (2.89252) : +0.158731 %, alt : +1.89627, from: lethon
- . - ' - . - ' - . - ' - . - ' - . - ' - . -
two-hand, benediction (13.4992), alt: 8.94391 -> :
    scepter of the false prophet and sartura's might (24.1065) : +3.35451 %, alt : +17.3821, from: aq40, aq40
    scepter of the false prophet and lei of the lifegiver (23.8522) : +3.2741 %, alt : +17.0344, from: aq40, av rep
    scepter of the false prophet and brightly glowing stone (22.7676) : +2.93111 %, alt : +15.7921, from: aq40, pre-raid
    scepter of the false prophet and trance stone (21.5409) : +2.54316 %, alt : +15.5178, from: aq40, emeriss; lethon; taerar; ysondre
    scepter of the false prophet and talon of furious concentration (22.278) : +2.77625 %, alt : +15.2819, from: aq40, aq20
    scepter of the false prophet and royal scepter of vek'lor (21.9814) : +2.68245 %, alt : +15.264, from: aq40, aq40
    blessed qiraji augur staff (17.3214) : +1.20874 %, alt : +11.4885, from: aq40
    gavel of infinite wisdom and sartura's might (16.6071) : +0.982876 %, alt : +10.7022, from: aq20, aq40
    lok'amir il romathis and sartura's might (16.2247) : +0.861938 %, alt : +10.5167, from: bwl, aq40
    gavel of infinite wisdom and lei of the lifegiver (16.0208) : +0.79744 %, alt : +10.3544, from: aq20, av rep
    lok'amir il romathis and lei of the lifegiver (15.6303) : +0.673945 %, alt : +10.169, from: bwl, av rep
    gavel of infinite wisdom and brightly glowing stone (14.3966) : +0.283809 %, alt : +9.11215, from: aq20, pre-raid
    jin'do's hexxer and sartura's might (13.9031) : +0.127722 %, alt : +7.9493, from: zg, aq40
- . - ' - . - ' - . - ' - . - ' - . - ' - . -
ranged, dragon's touch (0.59549), alt: 0.965942 -> :
    lunar wand of healing (1.69327) : +0.347169 %, alt : +1.31188, from: random green
    wandof qiraji nobility (1.58807) : +0.313901 %, alt : +1.24629, from: aq40
    antenna of invigoration (1.26877) : +0.212922 %, alt : +1.23627, from: aq20
    bonecreeper stylus (0.797394) : +0.0638516 %, alt : +0.912324, from: pre-raid
    essence gatherer (1.17911) : +0.184567 %, alt : +0.655146, from: bwl
    mar'li's touch (0.972961) : +0.119374 %, alt : +0.623105, from: zg
- . - ' - . - ' - . - ' - . - ' - . - ' - . -
hands, handguards of transcendence (3.75842), alt: 3.22717 -> :
    gloves of dark wisdom (4.03839) : +0.088539 %, alt : +3.571, from: aq20
    atal'ai hands of healing (4.29468) : +0.169589 %, alt : +3.47649, from: sunken temple
    handguards of transcendence (3.75842) : +0 %, alt : +3.22717, from: bwl
    gloves of the messiah (4.20868) : +0.142392 %, alt : +3.15883, from: aq40
    gloves of prophecy (4.42978) : +0.212314 %, alt : +2.52777, from: mc
    hands of power (4.36462) : +0.191709 %, alt : +2.09007, from: pre-raid
- . - ' - . - ' - . - ' - . - ' - . - ' - . -
waist, belt of transcendence (3.33762), alt: 3.09323 -> :
    grasp of the old god (7.2037) : +1.22264 %, alt : +5.22607, from: aq40
    eyestalk waist cord (4.35861) : +0.322887 %, alt : +3.27635, from: aq40
    firemaw's clutch (3.76785) : +0.136061 %, alt : +3.18943, from: bwl
    belt of transcendence (3.33762) : +0 %, alt : +3.09323, from: bwl
    zandalar confessor's bindings (3.1879) : -0.0473482 %, alt : +2.85627, from: zg
    whipvine cord (3.57697) : +0.0756934 %, alt : +2.80052, from: pre-raid
    belt of untapped power (3.53275) : +0.061709 %, alt : +2.23611, from: zg
    girdle of prophecy (3.73126) : +0.124489 %, alt : +2.06076, from: mc
- . - ' - . - ' - . - ' - . - ' - . - ' - . -
legs, empowered leggings (7.17645), alt: 6.17459 -> :
    leggings of transcendence (6.1962) : -0.310002 %, alt : +4.81328, from: mc
- . - ' - . - ' - . - ' - . - ' - . - ' - . -
feet, boots of transcendence (3.99155), alt: 3.38556 -> :
    boots of pure thought (6.38184) : +0.755921 %, alt : +4.83608, from: bwl
    treads of the wandering nomand (3.82889) : -0.0514403 %, alt : +3.466, from: aq20
    boots of transcendence (3.99155) : +0 %, alt : +3.38556, from: bwl
    betrayer's boots (4.02121) : +0.00938085 %, alt : +2.73707, from: zg
    footwraps of the oracle (4.06757) : +0.0240408 %, alt : +2.57796, from: aq40
    boots of the full moon (4.01254) : +0.00663994 %, alt : +2.42547, from: pre-raid
- . - ' - . - ' - . - ' - . - ' - . - ' - . -
finger, fordring's seal (2.47626), alt: 2.66547 -> :
    pure elementium band (4.40894) : +0.611203 %, alt : +4.11753, from: bwl
    ring of the martyr (4.66061) : +0.690796 %, alt : +3.66657, from: aq40
    cauterizing band (2.92932) : +0.14328 %, alt : +3.5897, from: mc
    primalist's seal (2.88828) : +0.130299 %, alt : +2.60585, from: zg
    rosewine circle (3.61713) : +0.360796 %, alt : +2.2235, from: pre-raid
    ring of the devoured (2.55264) : +0.0241567 %, alt : +2.118, from: aq40
    band of forced concentration (2.74585) : +0.0852577 %, alt : +1.94984, from: bwl
    band of servitude (2.51859) : +0.0133861 %, alt : +1.93794, from: zg
    mindtear band (2.91943) : +0.140153 %, alt : +1.88697, from: taerar
    ring of blackrock (2.87366) : +0.125676 %, alt : +1.82457, from: bwl
- . - ' - . - ' - . - ' - . - ' - . - ' - . -
finger 2, pure elementium band (3.77341), alt: 4.11752 -> :
    cauterizing band (3.78201) : +0.00272161 %, alt : +3.5897, from: mc
- . - ' - . - ' - . - ' - . - ' - . - ' - . -
trinket, hazza'rah's charm of healing (10.8008), alt: 16.6738 -> :
    hazza'rah's charm of healing (10.8008) : +0 %, alt : +16.6738, from: zg
    darkmoon card: blue dragon (2.04849) : -2.76787 %, alt : +1.95383, from: 
- . - ' - . - ' - . - ' - . - ' - . - ' - . -
trinket 2, rejuvenating gem (8.52783), alt: 4.9075 -> :
    hazza'rah's charm of healing (0) : -2.6969 %, alt : +16.6738, from: zg
    darkmoon card: blue dragon (4.64896) : -1.22668 %, alt : +1.95383, from: 
------------------
Best value: 338.92
