Your call: ./css 4 ../items/phase5.csv ban_tmp_phase4.txt no-locks infamous_bwl_speed_phase4 -a ../confs/wcl_bwl_speed_log.csv -l infamous_speed.txt 
Found: -a, val: ../confs/wcl_bwl_speed_log.csv
./css 4 ../items/phase5.csv ban_tmp_phase4.txt no-locks infamous_bwl_speed_phase4 -l infamous_speed.txt 
Found key: buff_fraction, saw val: 1
Found key: healing_from_crit_fraction, saw val: 0.2
Found key: transc8_exists, saw val: 0
Found key: enchantments, saw val: 1
Found key: fort, saw val: 1
Found key: motw, saw val: 1
Found key: spirit, saw val: 1
Found key: ai, saw val: 1
Found key: flask, saw val: 1
Found key: holy_disc, saw val: 0
Found key: min_combat_length, saw val: 2
Found key: max_log_entry_diff_in_combat, saw val: 10
Found key: precast, saw val: 1
Found key: swap_cast, saw val: 1
Found key: time_step, saw val: 0.1
Found key: reaction_time, saw val: 0.1
Found key: skip_player, saw val: Paisti
Found key: use_deficit_time_sum, saw val: 0
Found key: wcl_log, saw val: 1
Found: -l, val: infamous_speed.txt
./css 4 ../items/phase5.csv ban_tmp_phase4.txt no-locks infamous_bwl_speed_phase4 
Will read log from: infamous_speed.txt
./css 4 ../items/phase5.csv ban_tmp_phase4.txt no-locks infamous_bwl_speed_phase4 
./css 4 ../items/phase5.csv ban_tmp_phase4.txt no-locks infamous_bwl_speed_phase4 
Shuffle seed: 2416673600
Reading banned from: ban_tmp_phase4.txt
Banning: aq20
Banning: aq40
Banning: naxx
Banning: neltharion's tear
Banning: lok'amir il romathis
Banning: choker of the fire lord
Reading WCL parsed log: infamous_speed.txt
Saw 17575 lines of log, with 17575 log lines
Sorting by timestamp...
Sorted.
Pruning log from: 17575 entries.
Combat from 0 to 9.388 s
Combat from 49.9 to 322.905 s
Combat from 355.846 to 365.3 s
Combat from 383.696 to 404.732 s
Combat from 438.222 to 779.204 s
Combat from 797.34 to 863.498 s
Combat from 876.304 to 980.461 s
Combat from 995.1 to 1022.71 s
Combat from 1038.48 to 1125.32 s
Combat from 1141.02 to 1144.62 s
Combat from 1179.89 to 1243.94 s
Combat from 1277.53 to 1416.47 s
Combat from 1428.59 to 1506.78 s
Pruned to: 16963 entries.
----------------------------------------------------------
---- Baseline results without simulated player input: ----
----------------------------------------------------------
oh_limit: 0.9
time_left_mul: 0.5
total_deficit_to_pop_trinkets: 10000
in combat total: 1225.2
Total time casting: 0, which is: 0% of time in combat.
Total hps: 0, raw hps: 0, oh: -nan
Deficit time sum: 3.5721e+07, baseline: 0
Deficit*time change / s: -29155.2 hp
Number of combats: 13
Average mana at start of combat: 0
Average mana at end of combat: 0
Other players with hps > 100:
  Arthouse : 166.431 hps
  Bayoneta : 190.334 hps
  Flibberdigib : 212.952 hps
  Megamatte : 138.628 hps
  Teachx : 230.758 hps
  Vespersianus : 231.749 hps
  Wootqt : 144.15 hps
  Xiaxu : 200.198 hps
  Zapperïnn : 122.212 hps
Reading tmp locked from: start_with.txt
Locking: anastari heirloom
Locking: anathema
Locking: animated chain necklace
Locking: argent crusader
Locking: atal'ai gloves of the owl
Locking: ban'thok sash
Locking: banshee finger
Locking: benediction
Locking: blood of the martyr
Locking: briarwood reed
Locking: burial shawl
Locking: clutch of andros
Locking: crimson felt hat
Locking: cyclopean band
Locking: devout belt
Locking: devout bracers
Locking: devout crown
Locking: devout mantle
Locking: devout robe
Locking: devout sandals
Locking: devout skirt
Locking: dragon finger of healing
Locking: dragon finger of intellect
Locking: dragonrider boots
Locking: dragonslayer's signet
Locking: drakefire amulet
Locking: dreadmist mantle
Locking: dreamweave circlet
Locking: dreamweave gloves
Locking: dreamweave vest
Locking: elder magus pendant
Locking: eye of the beast
Locking: fordring's seal
Locking: girdle of prophecy
Locking: gloves of prophecy
Locking: grimgore noose
Locking: halo of transcendence
Locking: heart of the fiend
Locking: hide of the wild
Locking: kentic amice
Locking: magister's robes
Locking: maleki's footwraps
Locking: mindtap talisman
Locking: nature's breath
Locking: necropile boots
Locking: necropile cuffs
Locking: necropile leggings
Locking: necropile mantle
Locking: necropile robe
Locking: noxious shooter
Locking: omnicast boots
Locking: orb of the forgotten seer
Locking: padre's trousers
Locking: penelope's rose
Locking: quel'dorai channeling rod
Locking: raincaster drape
Locking: rainstrider leggings
Locking: ring of demonic guile
Locking: ring of demonic guile
Locking: robes of prophecy
Locking: robes of the exalted
Locking: robes of the royal crown
Locking: rod of corrosion
Locking: rosewine circle
Locking: royal seal of eldre'thalas
Locking: royal tribunal cloak
Locking: sarah's guide
Locking: seal of rivendare
Locking: seal of rivendare
Locking: shadowy laced handwraps
Locking: silkweb gloves
Locking: soulstealer mantle
Locking: spellbound tome
Locking: spritecaster cape
Locking: star of mystaria
Locking: starfire tiara
Locking: stormrager
Locking: sublime wristguards
Locking: the hammer of grace
Locking: the postmaster's treads
Locking: thuzadin sash
Locking: triune amulet
Locking: vinerot sandals
Locking: whipvine cord
Locking: wolfshear leggings
Locking: boots of the full moon
Locking: mantle of prophecy
Locking: dragon's touch
Locking: bindings of transcendence
Locking: shimmering geta
Locking: empowered leggings
Locking: seal of the archmagus
Locking: circlet of prophecy
Locking: boots of prophecy
Locking: pauldrons of transcendence
Locking: primalist's seal
Locking: zandalar confessor's bindings
Locking: zulian headdress
Locking: mar'li's eye
Locking: shroud of pure thought
Locking: belt of transcendence
Locking: jin'do's evil eye
Locking: primalist's band
Locking: zandalarian hero charm
Locking: zandalar confessor's mantle
Locking: zandalar confessor's wraps 
Locking: pure elementium band
Locking: truefaith vestments
Locking: vambraces of prophecy
Locking: hazza'rah's charm of healing
Locking: handguards of transcendence
Locking: boots of transcendence
Locking: darkmoon card: blue dragon
Locking: rejuvenating gem
Optimizing start items...

*** NEW BEST (1): 199.314

*** NEW BEST (1): 203.465

*** NEW BEST (1): 212.219

*** NEW BEST (1): 218.87

*** NEW BEST (1): 225.485

*** NEW BEST (1): 236.011

*** NEW BEST (1): 241.048

*** NEW BEST (1): 246.233

*** NEW BEST (1): 251.073

*** NEW BEST (1): 255.886

*** NEW BEST (1): 257.854

*** NEW BEST (1): 263.821

*** NEW BEST (1): 267.004

*** NEW BEST (1): 272.399

*** NEW BEST (1): 282.51
**
*** NEW BEST (1): 283.198

*** NEW BEST (1): 284.171
*
*** NEW BEST (1): 285.153
*
*** NEW BEST (1): 285.534
*******
*** NEW BEST (0): 283.935
Based on last: 3000 entries, out of total: 3000 entries, The least-squares solution is:
Int: 240.315
Spirit: 0
Sp / Healing: 100
Mp5: 39.3725
Crit: 0
T1 3p/piece: 0
T2 3p/piece: 0
Hazza'rah's: 13447.8
Darkmoon: 2283.26
100 points == 1 sp == 0.0747115 hps.
trinket 2 : zandalarian hero charm -> rejuvenating gem => val: 278.823 -> 283.996

*** NEW BEST (0): 283.996
Based on last: 3000 entries, out of total: 3091 entries, The least-squares solution is:
Int: 244.076
Spirit: 0
Sp / Healing: 100
Mp5: 41.2166
Crit: 0
T1 3p/piece: 0
T2 3p/piece: 0
Hazza'rah's: 14455.4
Darkmoon: 2253.46
100 points == 1 sp == 0.0737087 hps.
*two-hand : benediction    ->   the hammer of grace spellbound tome => val: 264.411 -> 274.887
********
Read starting items and cleared locks.
 ----------------------------
 --- head --- 
name: zulian headdress
slot: head
intelligence: 15
stamina: 13
spirit: 14
sp_healing: 55
armor: 78
 ----------------------------
 --- neck --- 
name: jin'do's evil eye
slot: neck
intelligence: 11
stamina: 5
spirit: 6
sp_healing: 44
 ----------------------------
 --- shoulders --- 
name: pauldrons of transcendence
slot: shoulders
intelligence: 25
stamina: 12
spirit: 13
sp_healing: 26
fire_res: 10
armor: 87
 ----------------------------
 --- back --- 
name: hide of the wild
slot: back
intelligence: 10
stamina: 8
sp_healing: 42
armor: 48
 ----------------------------
 --- chest --- 
name: robes of prophecy
slot: chest
intelligence: 27
stamina: 20
spirit: 17
sp_healing: 22
fire_res: 10
armor: 102
 ----------------------------
 --- wrists --- 
name: bindings of transcendence
slot: wrists
intelligence: 13
stamina: 9
spirit: 16
sp_healing: 33
armor: 51
 ----------------------------
 --- two-hand --- 
name: benediction
slot: two-hand
intelligence: 31
stamina: 10
spirit: 12
sp_healing: 106
spell_crit: 2
shadow_res: 20
 ----------------------------
 ---  --- 
name: 
slot: 
 ----------------------------
 ---  --- 
name: 
slot: 
 ----------------------------
 ---  --- 
name: 
slot: 
 ----------------------------
 --- ranged --- 
name: dragon's touch
slot: ranged
intelligence: 12
stamina: 7
sp: 6
 ----------------------------
 --- hands --- 
name: handguards of transcendence
slot: hands
intelligence: 20
stamina: 12
spirit: 13
sp_healing: 29
spell_crit: 1
armor: 72
 ----------------------------
 --- waist --- 
name: zandalar confessor's bindings
slot: waist
intelligence: 20
stamina: 12
spirit: 12
sp_healing: 26
armor: 53
 ----------------------------
 --- legs --- 
name: empowered leggings
slot: legs
intelligence: 12
stamina: 12
spirit: 24
sp_healing: 77
spell_crit: 1
armor: 103
 ----------------------------
 --- feet --- 
name: boots of transcendence
slot: feet
intelligence: 17
stamina: 17
spirit: 17
sp_healing: 35
fire_res: 10
armor: 80
 ----------------------------
 --- finger --- 
name: primalist's seal
slot: finger
intelligence: 12
spirit: 8
sp_healing: 29
 ----------------------------
 --- finger --- 
name: pure elementium band
slot: finger
intelligence: 10
stamina: 9
spirit: 10
sp_healing: 53
 ----------------------------
 --- trinket --- 
name: hazza'rah's charm of healing
slot: trinket
 ----------------------------
 --- trinket --- 
name: rejuvenating gem
slot: trinket
sp_healing: 66
mp5: 9
 ----------------------------
 --- Set bonuses ---
name: confessor's 2 hazza'rah's 1 transcendence 3 
slot: Set bonuses
sp: 23
 --- And counts for start items ---
oh_limit: 0.9
time_left_mul: 0.5
total_deficit_to_pop_trinkets: 10000
in combat total: 1225.2
Flash Heal 1, casts: 35, avg: 462.127, 4.64847%, cast time 4.28501% of in combat, overheal: 0.240116
Flash Heal 2, casts: 15, avg: 626.635, 2.70139%, cast time 1.83643% of in combat, overheal: 0.0989003
Flash Heal 3, casts: 8, avg: 628.564, 1.44517%, cast time 0.979432% of in combat, overheal: 0.189736
Flash Heal 4, casts: 11, avg: 861.012, 2.72197%, cast time 1.34672% of in combat, overheal: 0.000465734
Flash Heal 5, casts: 18, avg: 795.298, 4.11418%, cast time 2.20372% of in combat, overheal: 0.204925
Flash Heal 6, casts: 12, avg: 1008.29, 3.47736%, cast time 1.46915% of in combat, overheal: 0.121841
Flash Heal 7, casts: 141, avg: 1263.53, 51.2018%, cast time 17.2625% of in combat, overheal: 0.05613
Greater Heal 1, casts: 4, avg: 1793.13, 2.06135%, cast time 0.816193% of in combat, overheal: 0
Greater Heal 1 hazz, casts: 7, avg: 1455.32, 2.92778%, cast time 0.857003% of in combat, overheal: 0.188389
Greater Heal 2 hazz, casts: 1, avg: 2075.11, 0.596379%, cast time 0.122429% of in combat, overheal: 0
Greater Heal 3 hazz, casts: 2, avg: 2401.01, 1.38008%, cast time 0.244858% of in combat, overheal: 0
Greater Heal 4, casts: 20, avg: 2596.79, 14.9262%, cast time 4.08097% of in combat, overheal: 0.0669059
Greater Heal 4 hazz, casts: 6, avg: 2493.5, 4.29973%, cast time 0.734574% of in combat, overheal: 0.104023
Heal 2, casts: 6, avg: 1265.38, 2.182%, cast time 1.22429% of in combat, overheal: 6.43127e-08
Heal 4, casts: 3, avg: 1526.58, 1.3162%, cast time 0.612145% of in combat, overheal: 0.212035
Total time casting: 466.5, which is: 38.0754% of time in combat.
Total hps: 283.996, raw hps: 310.396, oh: 0.0850534
Deficit time sum: 2.60762e+07, baseline: 3.5721e+07
Deficit*time change / s: 7871.99 hp
Number of combats: 13
Average mana at start of combat: 9356.29
Average mana at end of combat: 7424.42
Other players with hps > 100:
  Arthouse : 143.419 hps
  Bayoneta : 167.092 hps
  Flibberdigib : 184.896 hps
  Megamatte : 119.372 hps
  Teachx : 208.829 hps
  Vespersianus : 208.155 hps
  Wootqt : 128.845 hps
  Xiaxu : 182.681 hps
  Zapperïnn : 113.224 hps
Reading locked from: no-locks
Setting tag name to: infamous_bwl_speed_phase4
.
*** NEW BEST (1): 340.035

*** NEW BEST (1): 345.808

*** NEW BEST (1): 347
.
*** NEW BEST (1): 351.529
Temporary bans and partial set bonuses off.
.
*** NEW BEST (0): 347.149
chest : jade inlaid vestments -> robes of transcendence => val: 344.4 -> 347.639

*** NEW BEST (0): 347.639
***** INTERMEDIATE RESULTS *****
Iteration: 3
 ----------------------------
 --- head --- 
name: crystal adorned crown
slot: head
intelligence: 14
spirit: 13
sp_healing: 92
armor: 85
 ----------------------------
 --- neck --- 
name: jin'do's evil eye
slot: neck
intelligence: 11
stamina: 5
spirit: 6
sp_healing: 44
 ----------------------------
 --- shoulders --- 
name: zandalar confessor's mantle
slot: shoulders
intelligence: 24
stamina: 11
spirit: 15
sp_healing: 22
armor: 78
 ----------------------------
 --- back --- 
name: hide of the wild
slot: back
intelligence: 10
stamina: 8
sp_healing: 42
armor: 48
 ----------------------------
 --- chest --- 
name: robes of transcendence
slot: chest
intelligence: 27
stamina: 17
spirit: 16
sp_healing: 57
nature_res: 10
fire_res: 10
armor: 116
 ----------------------------
 --- wrists --- 
name: bindings of transcendence
slot: wrists
intelligence: 13
stamina: 9
spirit: 16
sp_healing: 33
armor: 51
 ----------------------------
 --- two-hand --- 
name: benediction
slot: two-hand
intelligence: 31
stamina: 10
spirit: 12
sp_healing: 106
spell_crit: 2
shadow_res: 20
 ----------------------------
 ---  --- 
name: 
slot: 
 ----------------------------
 ---  --- 
name: 
slot: 
 ----------------------------
 ---  --- 
name: 
slot: 
 ----------------------------
 --- ranged --- 
name: dragon's touch
slot: ranged
intelligence: 12
stamina: 7
sp: 6
 ----------------------------
 --- hands --- 
name: handguards of transcendence
slot: hands
intelligence: 20
stamina: 12
spirit: 13
sp_healing: 29
spell_crit: 1
armor: 72
 ----------------------------
 --- waist --- 
name: belt of transcendence
slot: waist
intelligence: 26
stamina: 14
spirit: 9
sp_healing: 26
shadow_res: 10
armor: 65
 ----------------------------
 --- legs --- 
name: empowered leggings
slot: legs
intelligence: 12
stamina: 12
spirit: 24
sp_healing: 77
spell_crit: 1
armor: 103
 ----------------------------
 --- feet --- 
name: boots of pure thought
slot: feet
intelligence: 12
stamina: 8
spirit: 12
sp_healing: 62
armor: 74
 ----------------------------
 --- finger --- 
name: cauterizing band
slot: finger
intelligence: 12
stamina: 9
sp_healing: 46
 ----------------------------
 --- finger --- 
name: pure elementium band
slot: finger
intelligence: 10
stamina: 9
spirit: 10
sp_healing: 53
 ----------------------------
 --- trinket --- 
name: hazza'rah's charm of healing
slot: trinket
 ----------------------------
 --- trinket --- 
name: rejuvenating gem
slot: trinket
sp_healing: 66
mp5: 9
 ----------------------------
 --- Set bonuses ---
name: confessor's 2 hazza'rah's 1 transcendence 3 
slot: Set bonuses
sp: 23
------------------
Best value: 347.639
------------------
Char stats: 
Effective hp: 8655.2
Effective mana (100 s, 33 % out of fsr): 17891
Raw max mana: 11514.9
Int: 480.93
Stam: 410.78
Spirit: 461.38
Strength: 79.58
Agility: 84.18
All stats multiplier (taken into account above): 1.15
Bonus mana: 2000
Bonus hp: 0
Mp5: 159
Sp: 29
Sp shadow: 0
Sp healing: 915
Spell crit: 22
Spell hit: 0
Arcane res: 27
Nature res: 37
Fire res: 37
Frost res: 27
Shadow res: 57
Armor: 2890.75
Defense: 300
Dodge: 0
Parry: 0
HpsPvp: 977.331
ShadowDps: 229.032
Value pvp healing: 2048.17
Value pvp shadow: 112.481
Effective hp-pvp: 10947.7
Effecctive mana for 100 s, 0.33 fsr: 19489.1
------------------
Best counts:
oh_limit: 0.6
time_left_mul: 1.5
total_deficit_to_pop_trinkets: 8846.07
in combat total: 1225.2
Flash Heal 1, casts: 23, avg: 574.749, 3.09086%, cast time 2.81587% of in combat, overheal: 0.128115
Flash Heal 2, casts: 8, avg: 663.546, 1.24118%, cast time 0.979432% of in combat, overheal: 0.111072
Flash Heal 3, casts: 9, avg: 759.396, 1.59803%, cast time 1.10186% of in combat, overheal: 0.0815182
Flash Heal 4, casts: 10, avg: 880.308, 2.05829%, cast time 1.22429% of in combat, overheal: 0.0352296
Flash Heal 5, casts: 7, avg: 901.128, 1.47488%, cast time 0.857003% of in combat, overheal: 0.142857
Flash Heal 6, casts: 6, avg: 1108.78, 1.5555%, cast time 0.734574% of in combat, overheal: 0.0754197
Flash Heal 7, casts: 21, avg: 1241.39, 6.09535%, cast time 2.57101% of in combat, overheal: 0.10672
Greater Heal 1, casts: 13, avg: 1843.98, 5.60496%, cast time 2.65263% of in combat, overheal: 0.0267412
Greater Heal 1 hazz, casts: 11, avg: 1573.75, 4.04763%, cast time 1.34672% of in combat, overheal: 0.169371
Greater Heal 2 hazz, casts: 3, avg: 1895.08, 1.3293%, cast time 0.367287% of in combat, overheal: 0.129348
Greater Heal 3 hazz, casts: 2, avg: 2362.26, 1.10466%, cast time 0.244858% of in combat, overheal: 0.0560461
Greater Heal 4, casts: 59, avg: 2692.46, 37.1427%, cast time 12.0388% of in combat, overheal: 0.0665703
Greater Heal 4 hazz, casts: 6, avg: 2391.16, 3.35454%, cast time 0.734574% of in combat, overheal: 0.171025
Heal 2, casts: 54, avg: 1212.18, 15.3051%, cast time 11.0186% of in combat, overheal: 0.113574
Heal 4, casts: 34, avg: 1886.49, 14.997%, cast time 6.93764% of in combat, overheal: 0.0750077
Total time casting: 559, which is: 45.6252% of time in combat.
Total hps: 349.076, raw hps: 382.894, oh: 0.0883205
Deficit time sum: 2.49976e+07, baseline: 3.5721e+07
Deficit*time change / s: 8752.38 hp
Number of combats: 13
Average mana at start of combat: 9371.66
Average mana at end of combat: 7699.41
Other players with hps > 100:
  Arthouse : 134.871 hps
  Bayoneta : 164.014 hps
  Flibberdigib : 174.999 hps
  Megamatte : 112.07 hps
  Teachx : 202.543 hps
  Vespersianus : 200.469 hps
  Wootqt : 127.223 hps
  Xiaxu : 177.754 hps
  Zapperïnn : 110.896 hps
------------------
Upgrades: 
( following sorted by alt scores, no specials )
robes of prophecy(6.47903) -> robes of transcendence(9.05884) : 2.5798 = +0.74454%
zulian headdress(6.75256) -> crystal adorned crown(9.29987) : 2.5473 = +0.735091%
primalist's seal(4.29642) -> cauterizing band(5.54947) : 1.25305 = +0.360255%
pauldrons of transcendence(6.41406) -> zandalar confessor's mantle(7.63461) : 1.22055 = +0.350878%
boots of transcendence(5.63818) -> boots of pure thought(6.72879) : 1.09061 = +0.313406%
zandalar confessor's bindings(5.51453) -> belt of transcendence(6.59396) : 1.07944 = +0.310186%
empowered leggings(7.83441) -> empowered leggings(7.83444) : 3.05176e-05 = +8.74238e-06%
jin'do's evil eye(5.22214) -> jin'do's evil eye(5.22214) : 0 = +0%
hide of the wild(4.89481) -> hide of the wild(4.89481) : 0 = +0%
bindings of transcendence(4.77115) -> bindings of transcendence(4.77115) : 0 = +0%
benediction, , , (13.3902) -> benediction, , , (13.3902) : 0 = +0%
dragon's touch(2.6011) -> dragon's touch(2.6011) : 0 = +0%
handguards of transcendence(5.73566) -> handguards of transcendence(5.73566) : 0 = +0%
pure elementium band(5.7056) -> pure elementium band(5.7056) : 0 = +0%
hazza'rah's charm of healing(12.3502) -> hazza'rah's charm of healing(12.3502) : 0 = +0%
rejuvenating gem(5.13818) -> rejuvenating gem(5.13818) : 0 = +0%
------------------
~~~~ end of intermediate results ~~~~
Temporary bans and partial set bonuses on.
...
*** NEW BEST (1): 352.022

*** NEW BEST (1): 353.062
Temporary bans and partial set bonuses off.
.
*** NEW BEST (0): 350.969
Based on last: 3000 entries, out of total: 5984 entries, The least-squares solution is:
Int: 164.046
Spirit: 42.3327
Sp / Healing: 100
Mp5: 347.363
Crit: 493.595
T1 3p/piece: 930.619
T2 3p/piece: 6643.04
Hazza'rah's: 10268.2
Darkmoon: 0
100 points == 1 sp == 0.0722595 hps.
ranged : dragon's touch -> essence gatherer => val: 350.969 -> 352.527

*** NEW BEST (0): 352.527
Based on last: 3000 entries, out of total: 6034 entries, The least-squares solution is:
Int: 157.572
Spirit: 46.6121
Sp / Healing: 100
Mp5: 345.852
Crit: 385.013
T1 3p/piece: 1009.43
T2 3p/piece: 6637.45
Hazza'rah's: 9978.11
Darkmoon: 0
100 points == 1 sp == 0.072781 hps.
two-hand : staff of the shadow flame    -> benediction    => val: 350.573 -> 353.563

*** NEW BEST (0): 353.563
Based on last: 3000 entries, out of total: 6118 entries, The least-squares solution is:
Int: 151.532
Spirit: 48.3116
Sp / Healing: 100
Mp5: 335.553
Crit: 422.004
T1 3p/piece: 891.525
T2 3p/piece: 6342.51
Hazza'rah's: 10169.9
Darkmoon: 7938.16
100 points == 1 sp == 0.075083 hps.
***** INTERMEDIATE RESULTS *****
Iteration: 7
 ----------------------------
 --- head --- 
name: crystal adorned crown
slot: head
intelligence: 14
spirit: 13
sp_healing: 92
armor: 85
 ----------------------------
 --- neck --- 
name: jin'do's evil eye
slot: neck
intelligence: 11
stamina: 5
spirit: 6
sp_healing: 44
 ----------------------------
 --- shoulders --- 
name: pauldrons of transcendence
slot: shoulders
intelligence: 25
stamina: 12
spirit: 13
sp_healing: 26
fire_res: 10
armor: 87
 ----------------------------
 --- back --- 
name: hide of the wild
slot: back
intelligence: 10
stamina: 8
sp_healing: 42
armor: 48
 ----------------------------
 --- chest --- 
name: robes of transcendence
slot: chest
intelligence: 27
stamina: 17
spirit: 16
sp_healing: 57
nature_res: 10
fire_res: 10
armor: 116
 ----------------------------
 --- wrists --- 
name: zandalar confessor's wraps
slot: wrists
intelligence: 11
stamina: 10
spirit: 12
sp_healing: 24
armor: 41
 ----------------------------
 --- two-hand --- 
name: benediction
slot: two-hand
intelligence: 31
stamina: 10
spirit: 12
sp_healing: 106
spell_crit: 2
shadow_res: 20
 ----------------------------
 ---  --- 
name: 
slot: 
 ----------------------------
 ---  --- 
name: 
slot: 
 ----------------------------
 ---  --- 
name: 
slot: 
 ----------------------------
 --- ranged --- 
name: essence gatherer
slot: ranged
intelligence: 7
stamina: 5
mp5: 5
 ----------------------------
 --- hands --- 
name: handguards of transcendence
slot: hands
intelligence: 20
stamina: 12
spirit: 13
sp_healing: 29
spell_crit: 1
armor: 72
 ----------------------------
 --- waist --- 
name: belt of transcendence
slot: waist
intelligence: 26
stamina: 14
spirit: 9
sp_healing: 26
shadow_res: 10
armor: 65
 ----------------------------
 --- legs --- 
name: leggings of transcendence
slot: legs
intelligence: 21
stamina: 16
spirit: 21
sp_healing: 46
mp5: 7
arcane_res: 10
shadow_res: 10
armor: 101
 ----------------------------
 --- feet --- 
name: boots of pure thought
slot: feet
intelligence: 12
stamina: 8
spirit: 12
sp_healing: 62
armor: 74
 ----------------------------
 --- finger --- 
name: cauterizing band
slot: finger
intelligence: 12
stamina: 9
sp_healing: 46
 ----------------------------
 --- finger --- 
name: pure elementium band
slot: finger
intelligence: 10
stamina: 9
spirit: 10
sp_healing: 53
 ----------------------------
 --- trinket --- 
name: hazza'rah's charm of healing
slot: trinket
 ----------------------------
 --- trinket --- 
name: rejuvenating gem
slot: trinket
sp_healing: 66
mp5: 9
 ----------------------------
 --- Set bonuses ---
name: confessor's 2 hazza'rah's 1 transcendence 3 
slot: Set bonuses
sp: 23
------------------
Best value: 353.563
------------------
Char stats: 
Effective hp: 8692.8
Effective mana (100 s, 33 % out of fsr): 18123.6
Raw max mana: 11571.9
Int: 484.38
Stam: 415.38
Spirit: 451.03
Strength: 79.58
Agility: 84.18
All stats multiplier (taken into account above): 1.15
Bonus mana: 2000
Bonus hp: 0
Mp5: 171
Sp: 23
Sp shadow: 0
Sp healing: 879
Spell crit: 21
Spell hit: 0
Arcane res: 37
Nature res: 37
Fire res: 47
Frost res: 27
Shadow res: 67
Armor: 2887.75
Defense: 300
Dodge: 0
Parry: 0
HpsPvp: 959.698
ShadowDps: 226.336
Value pvp healing: 2080
Value pvp shadow: 115.692
Effective hp-pvp: 11089.3
Effecctive mana for 100 s, 0.33 fsr: 19689.2
------------------
Best counts:
oh_limit: 0.6
time_left_mul: 2.5
total_deficit_to_pop_trinkets: 6844.92
in combat total: 1225.2
Flash Heal 1, casts: 13, avg: 538.112, 1.62151%, cast time 1.59158% of in combat, overheal: 0.157765
Flash Heal 2, casts: 3, avg: 686.672, 0.477502%, cast time 0.367287% of in combat, overheal: 0.0541814
Flash Heal 3, casts: 6, avg: 749.18, 1.04194%, cast time 0.734574% of in combat, overheal: 0.0707304
Flash Heal 4, casts: 9, avg: 858.297, 1.79054%, cast time 1.10186% of in combat, overheal: 0.0374698
Flash Heal 5, casts: 4, avg: 1030.32, 0.955296%, cast time 0.489716% of in combat, overheal: 0
Flash Heal 6, casts: 5, avg: 1086.58, 1.25932%, cast time 0.612145% of in combat, overheal: 0.07758
Flash Heal 7, casts: 11, avg: 1209.53, 3.08399%, cast time 1.34672% of in combat, overheal: 0.115905
Greater Heal 1, casts: 12, avg: 1801.79, 5.01175%, cast time 2.44858% of in combat, overheal: 0.0277544
Greater Heal 1 hazz, casts: 13, avg: 1474.61, 4.44349%, cast time 1.59158% of in combat, overheal: 0.204301
Greater Heal 2 hazz, casts: 4, avg: 1986.02, 1.8414%, cast time 0.489716% of in combat, overheal: 0.0696463
Greater Heal 3 hazz, casts: 2, avg: 2459, 1.13997%, cast time 0.244858% of in combat, overheal: 0.000406207
Greater Heal 4, casts: 62, avg: 2673.52, 38.422%, cast time 12.651% of in combat, overheal: 0.0590425
Greater Heal 4 hazz, casts: 10, avg: 2500.64, 5.79636%, cast time 1.22429% of in combat, overheal: 0.11989
Heal 2, casts: 70, avg: 1103.44, 17.904%, cast time 14.2834% of in combat, overheal: 0.168359
Heal 4, casts: 35, avg: 1874.92, 15.2109%, cast time 7.14169% of in combat, overheal: 0.0614041
Total time casting: 567.5, which is: 46.319% of time in combat.
Total hps: 352.118, raw hps: 388.149, oh: 0.0928282
Deficit time sum: 2.4913e+07, baseline: 3.5721e+07
Deficit*time change / s: 8821.38 hp
Number of combats: 13
Average mana at start of combat: 9455.21
Average mana at end of combat: 7784.29
Other players with hps > 100:
  Arthouse : 135.926 hps
  Bayoneta : 162.559 hps
  Flibberdigib : 176.085 hps
  Megamatte : 112.903 hps
  Teachx : 201.879 hps
  Vespersianus : 200.893 hps
  Wootqt : 126.44 hps
  Xiaxu : 177.087 hps
  Zapperïnn : 110.007 hps
------------------
Upgrades: 
( following sorted by alt scores, no specials )
zulian headdress(6.34402) -> crystal adorned crown(8.97205) : 2.62802 = +0.751958%
robes of prophecy(5.34039) -> robes of transcendence(7.93204) : 2.59164 = +0.741473%
boots of transcendence(5.17874) -> boots of pure thought(6.45572) : 1.27698 = +0.363976%
primalist's seal(3.83289) -> cauterizing band(4.81912) : 0.986237 = +0.280873%
bindings of transcendence(4.5372) -> zandalar confessor's wraps(5.2157) : 0.678497 = +0.193062%
zandalar confessor's bindings(4.66293) -> belt of transcendence(5.23676) : 0.573822 = +0.163229%
dragon's touch(1.8158) -> essence gatherer(2.05612) : 0.240326 = +0.0682981%
empowered leggings(8.33411) -> leggings of transcendence(8.36844) : 0.0343323 = +0.00975116%
jin'do's evil eye(4.77283) -> jin'do's evil eye(4.77283) : 0 = +0%
pauldrons of transcendence(5.2681) -> pauldrons of transcendence(5.2681) : 0 = +0%
hide of the wild(4.29123) -> hide of the wild(4.29123) : 0 = +0%
benediction, , , (12.5548) -> benediction, , , (12.5548) : 0 = +0%
handguards of transcendence(5.2413) -> handguards of transcendence(5.2413) : 0 = +0%
pure elementium band(5.47989) -> pure elementium band(5.47989) : 0 = +0%
hazza'rah's charm of healing(9.36279) -> hazza'rah's charm of healing(9.36279) : 0 = +0%
rejuvenating gem(7.22296) -> rejuvenating gem(7.22296) : 0 = +0%
------------------
~~~~ end of intermediate results ~~~~
Temporary bans and partial set bonuses on.
.
*** NEW BEST (1): 353.261
Based on last: 3000 entries, out of total: 6158 entries, The least-squares solution is:
Int: 150.734
Spirit: 49.0654
Sp / Healing: 100
Mp5: 338.009
Crit: 423.987
T1 3p/piece: 900.063
T2 3p/piece: 6366.79
Hazza'rah's: 10188.5
Darkmoon: 7948.52
100 points == 1 sp == 0.0749851 hps.

*** NEW BEST (1): 354.326
Based on last: 3000 entries, out of total: 6265 entries, The least-squares solution is:
Int: 149.451
Spirit: 48.867
Sp / Healing: 100
Mp5: 340.512
Crit: 448.464
T1 3p/piece: 758.217
T2 3p/piece: 6289.7
Hazza'rah's: 9947.29
Darkmoon: 7414.68
100 points == 1 sp == 0.0755951 hps.
.
*** NEW BEST (1): 355.579
Based on last: 3000 entries, out of total: 6378 entries, The least-squares solution is:
Int: 148.432
Spirit: 48.6968
Sp / Healing: 100
Mp5: 339.425
Crit: 411.625
T1 3p/piece: 694.654
T2 3p/piece: 5860.01
Hazza'rah's: 9899.5
Darkmoon: 6377.51
100 points == 1 sp == 0.0764702 hps.

*** NEW BEST (1): 355.714
Based on last: 3000 entries, out of total: 6564 entries, The least-squares solution is:
Int: 144.995
Spirit: 47.1905
Sp / Healing: 100
Mp5: 342.872
Crit: 380.097
T1 3p/piece: 541.496
T2 3p/piece: 5466.39
Hazza'rah's: 9691.36
Darkmoon: 6253.02
100 points == 1 sp == 0.0791799 hps.
.Temporary bans and partial set bonuses off.
.
*** NEW BEST (0): 354.225
Based on last: 3000 entries, out of total: 6779 entries, The least-squares solution is:
Int: 138.074
Spirit: 45.5046
Sp / Healing: 100
Mp5: 340.202
Crit: 377.48
T1 3p/piece: 531.124
T2 3p/piece: 5037.84
Hazza'rah's: 9579.12
Darkmoon: 6344.58
100 points == 1 sp == 0.0823033 hps.
finger : primalist's seal -> cauterizing band => val: 354.225 -> 355.042

*** NEW BEST (0): 355.042
Based on last: 3000 entries, out of total: 6822 entries, The least-squares solution is:
Int: 137.139
Spirit: 47.4314
Sp / Healing: 100
Mp5: 342.546
Crit: 386.656
T1 3p/piece: 470.626
T2 3p/piece: 4948.86
Hazza'rah's: 9515.39
Darkmoon: 6307.18
100 points == 1 sp == 0.0827913 hps.
wrists : zandalar confessor's wraps -> bindings of transcendence => val: 355.042 -> 356.823

*** NEW BEST (0): 356.823
Based on last: 3000 entries, out of total: 6872 entries, The least-squares solution is:
Int: 135.287
Spirit: 49.1882
Sp / Healing: 100
Mp5: 341.643
Crit: 373.661
T1 3p/piece: 432.657
T2 3p/piece: 5635.97
Hazza'rah's: 9684.13
Darkmoon: 6074.26
100 points == 1 sp == 0.0835232 hps.
hands : gloves of prophecy -> handguards of transcendence => val: 352.53 -> 353.151
Swapping to best matching bonuses: 
    hazza'rah's charm of healing -> hazza'rah's charm of healing
    zandalar confessor's mantle -> zandalar confessor's mantle
    bindings of transcendence -> bindings of transcendence
    handguards of transcendence -> handguards of transcendence
    robes of transcendence -> robes of transcendence
    leggings of transcendence -> empowered leggings
    value from: 353.151 -> 353.221
***** INTERMEDIATE RESULTS *****
Iteration: 11
 ----------------------------
 --- head --- 
name: crystal adorned crown
slot: head
intelligence: 14
spirit: 13
sp_healing: 92
armor: 85
 ----------------------------
 --- neck --- 
name: wavefront necklace
slot: neck
intelligence: 6
stamina: 5
sp_healing: 24
mp5: 8
 ----------------------------
 --- shoulders --- 
name: zandalar confessor's mantle
slot: shoulders
intelligence: 24
stamina: 11
spirit: 15
sp_healing: 22
armor: 78
 ----------------------------
 --- back --- 
name: shroud of pure thought
slot: back
intelligence: 11
stamina: 10
sp_healing: 33
mp5: 6
armor: 57
 ----------------------------
 --- chest --- 
name: robes of transcendence
slot: chest
intelligence: 27
stamina: 17
spirit: 16
sp_healing: 57
nature_res: 10
fire_res: 10
armor: 116
 ----------------------------
 --- wrists --- 
name: bindings of transcendence
slot: wrists
intelligence: 13
stamina: 9
spirit: 16
sp_healing: 33
armor: 51
 ----------------------------
 --- two-hand --- 
name: benediction
slot: two-hand
intelligence: 31
stamina: 10
spirit: 12
sp_healing: 106
spell_crit: 2
shadow_res: 20
 ----------------------------
 ---  --- 
name: 
slot: 
 ----------------------------
 ---  --- 
name: 
slot: 
 ----------------------------
 ---  --- 
name: 
slot: 
 ----------------------------
 --- ranged --- 
name: essence gatherer
slot: ranged
intelligence: 7
stamina: 5
mp5: 5
 ----------------------------
 --- hands --- 
name: gloves of prophecy
slot: hands
intelligence: 15
stamina: 10
spirit: 15
sp_healing: 18
mp5: 6
fire_res: 7
armor: 63
 ----------------------------
 --- waist --- 
name: firemaw's clutch
slot: waist
intelligence: 12
stamina: 12
sp: 35
mp5: 5
armor: 64
 ----------------------------
 --- legs --- 
name: leggings of transcendence
slot: legs
intelligence: 21
stamina: 16
spirit: 21
sp_healing: 46
mp5: 7
arcane_res: 10
shadow_res: 10
armor: 101
 ----------------------------
 --- feet --- 
name: boots of transcendence
slot: feet
intelligence: 17
stamina: 17
spirit: 17
sp_healing: 35
fire_res: 10
armor: 80
 ----------------------------
 --- finger --- 
name: cauterizing band
slot: finger
intelligence: 12
stamina: 9
sp_healing: 46
 ----------------------------
 --- finger --- 
name: pure elementium band
slot: finger
intelligence: 10
stamina: 9
spirit: 10
sp_healing: 53
 ----------------------------
 --- trinket --- 
name: hazza'rah's charm of healing
slot: trinket
 ----------------------------
 --- trinket --- 
name: rejuvenating gem
slot: trinket
sp_healing: 66
mp5: 9
 ----------------------------
 --- Set bonuses ---
name: confessor's 2 hazza'rah's 1 transcendence 3 
slot: Set bonuses
sp: 23
------------------
Best value: 356.823
------------------
Char stats: 
Effective hp: 8739.7
Effective mana (100 s, 33 % out of fsr): 18286.7
Raw max mana: 11249.3
Int: 464.83
Stam: 421.13
Spirit: 448.73
Strength: 79.58
Agility: 84.18
All stats multiplier (taken into account above): 1.15
Bonus mana: 2000
Bonus hp: 0
Mp5: 196
Sp: 58
Sp shadow: 0
Sp healing: 791
Spell crit: 20
Spell hit: 0
Arcane res: 37
Nature res: 37
Fire res: 54
Frost res: 27
Shadow res: 57
Armor: 2893.75
Defense: 300
Dodge: 0
Parry: 0
HpsPvp: 975.03
ShadowDps: 235.339
Value pvp healing: 2002.66
Value pvp shadow: 116.67
Effective hp-pvp: 11131.1
Effecctive mana for 100 s, 0.33 fsr: 19845.1
------------------
Best counts:
oh_limit: 0.6
time_left_mul: 1.9
total_deficit_to_pop_trinkets: 3893.39
in combat total: 1225.2
Flash Heal 1, casts: 17, avg: 509.511, 2.00107%, cast time 2.08129% of in combat, overheal: 0.169228
Flash Heal 2, casts: 7, avg: 638.937, 1.03328%, cast time 0.857003% of in combat, overheal: 0.0874757
Flash Heal 3, casts: 3, avg: 780.187, 0.54073%, cast time 0.367287% of in combat, overheal: 0
Flash Heal 4, casts: 9, avg: 787.711, 1.63783%, cast time 1.10186% of in combat, overheal: 0.0898623
Flash Heal 5, casts: 12, avg: 920.117, 2.55085%, cast time 1.46915% of in combat, overheal: 0.0833334
Flash Heal 6, casts: 6, avg: 1083.87, 1.50241%, cast time 0.734574% of in combat, overheal: 0.058367
Flash Heal 7, casts: 16, avg: 1245.13, 4.60252%, cast time 1.95886% of in combat, overheal: 0.0712976
Greater Heal 1, casts: 11, avg: 1706.89, 4.33769%, cast time 2.24453% of in combat, overheal: 0.0521742
Greater Heal 1 hazz, casts: 9, avg: 1377.73, 2.86461%, cast time 1.10186% of in combat, overheal: 0.234956
Greater Heal 2 hazz, casts: 3, avg: 1928.75, 1.33678%, cast time 0.367287% of in combat, overheal: 0.073441
Greater Heal 3 hazz, casts: 2, avg: 2112.07, 0.975886%, cast time 0.244858% of in combat, overheal: 0.122217
Greater Heal 4, casts: 72, avg: 2604.68, 43.326%, cast time 14.6915% of in combat, overheal: 0.0652474
Greater Heal 4 hazz, casts: 7, avg: 2589.14, 4.18711%, cast time 0.857003% of in combat, overheal: 0.0708261
Heal 2, casts: 58, avg: 1054.7, 14.1325%, cast time 11.8348% of in combat, overheal: 0.173084
Heal 4, casts: 34, avg: 1905.92, 14.9708%, cast time 6.93764% of in combat, overheal: 0.0198975
Total time casting: 574, which is: 46.8495% of time in combat.
Total hps: 353.291, raw hps: 386.191, oh: 0.0851917
Deficit time sum: 2.47591e+07, baseline: 3.5721e+07
Deficit*time change / s: 8947.01 hp
Number of combats: 13
Average mana at start of combat: 9350.65
Average mana at end of combat: 7750.8
Other players with hps > 100:
  Arthouse : 137.431 hps
  Bayoneta : 163.879 hps
  Flibberdigib : 173.083 hps
  Megamatte : 110.895 hps
  Teachx : 202.942 hps
  Vespersianus : 201.486 hps
  Wootqt : 124.084 hps
  Xiaxu : 179.785 hps
  Zapperïnn : 111.95 hps
------------------
Upgrades: 
( following sorted by alt scores, no specials )
zulian headdress(6.86389) -> crystal adorned crown(9.80017) : 2.93628 = +0.838088%
robes of prophecy(5.58682) -> robes of transcendence(8.46906) : 2.88223 = +0.822535%
pauldrons of transcendence(5.53058) -> zandalar confessor's mantle(7.0867) : 1.55612 = +0.442414%
primalist's seal(4.10678) -> cauterizing band(5.19803) : 1.09125 = +0.309838%
hide of the wild(4.63794) -> shroud of pure thought(5.71133) : 1.07339 = +0.304753%
zandalar confessor's bindings(4.92453) -> firemaw's clutch(5.70602) : 0.781494 = +0.221695%
dragon's touch(1.85709) -> essence gatherer(2.21774) : 0.360657 = +0.102189%
bindings of transcendence(4.88254) -> bindings of transcendence(4.88254) : 0 = +0%
benediction, , , (13.4735) -> benediction, , , (13.4735) : 0 = +0%
boots of transcendence(5.54266) -> boots of transcendence(5.54266) : 0 = +0%
pure elementium band(5.96753) -> pure elementium band(5.96753) : 0 = +0%
hazza'rah's charm of healing(10.0095) -> hazza'rah's charm of healing(10.0095) : 0 = +0%
rejuvenating gem(8.08069) -> rejuvenating gem(8.08069) : 0 = +0%
handguards of transcendence(5.52829) -> gloves of prophecy(5.52673) : -0.0015564 = +-0.000440541%
empowered leggings(9.08533) -> leggings of transcendence(9.0752) : -0.0101318 = +-0.00286776%
jin'do's evil eye(5.16449) -> wavefront necklace(4.96533) : -0.199158 = +-0.0563404%
------------------
~~~~ end of intermediate results ~~~~
Temporary bans and partial set bonuses on.
.
*** NEW BEST (1): 355.73
Based on last: 3000 entries, out of total: 8835 entries, The least-squares solution is:
Int: 45.8452
Spirit: 0
Sp / Healing: 100
Mp5: 183.733
Crit: 0
T1 3p/piece: 2425.93
T2 3p/piece: 6000.77
Hazza'rah's: 7641.48
Darkmoon: 3956.13
100 points == 1 sp == 0.110421 hps.
...
*** NEW BEST (1): 356.065
Based on last: 3000 entries, out of total: 9251 entries, The least-squares solution is:
Int: 44.6461
Spirit: 0
Sp / Healing: 100
Mp5: 187.294
Crit: 0
T1 3p/piece: 2526.74
T2 3p/piece: 6077.55
Hazza'rah's: 7724.38
Darkmoon: 3997.72
100 points == 1 sp == 0.110056 hps.
Temporary bans and partial set bonuses off.
.waist : girdle of prophecy -> firemaw's clutch => val: 350.706 -> 353.702
feet : snowblind shoes -> boots of pure thought => val: 353.702 -> 355.067
Swapping to best matching bonuses: 
    hazza'rah's charm of healing -> hazza'rah's charm of healing
    zandalar confessor's mantle -> zandalar confessor's mantle
    firemaw's clutch -> belt of transcendence
    bindings of transcendence -> bindings of transcendence
    handguards of transcendence -> handguards of transcendence
    leggings of transcendence -> empowered leggings
    value from: 355.067 -> 353.063
***** INTERMEDIATE RESULTS *****
Iteration: 16
 ----------------------------
 --- head --- 
name: crystal adorned crown
slot: head
intelligence: 14
spirit: 13
sp_healing: 92
armor: 85
 ----------------------------
 --- neck --- 
name: jin'do's evil eye
slot: neck
intelligence: 11
stamina: 5
spirit: 6
sp_healing: 44
 ----------------------------
 --- shoulders --- 
name: zandalar confessor's mantle
slot: shoulders
intelligence: 24
stamina: 11
spirit: 15
sp_healing: 22
armor: 78
 ----------------------------
 --- back --- 
name: shroud of pure thought
slot: back
intelligence: 11
stamina: 10
sp_healing: 33
mp5: 6
armor: 57
 ----------------------------
 --- chest --- 
name: truefaith vestments
slot: chest
stamina: 14
sp_healing: 73
mp5: 6
armor: 96
 ----------------------------
 --- wrists --- 
name: bindings of transcendence
slot: wrists
intelligence: 13
stamina: 9
spirit: 16
sp_healing: 33
armor: 51
 ----------------------------
 --- two-hand --- 
name: benediction
slot: two-hand
intelligence: 31
stamina: 10
spirit: 12
sp_healing: 106
spell_crit: 2
shadow_res: 20
 ----------------------------
 ---  --- 
name: 
slot: 
 ----------------------------
 ---  --- 
name: 
slot: 
 ----------------------------
 ---  --- 
name: 
slot: 
 ----------------------------
 --- ranged --- 
name: lunar wand of healing
slot: ranged
sp_healing: 20
 ----------------------------
 --- hands --- 
name: handguards of transcendence
slot: hands
intelligence: 20
stamina: 12
spirit: 13
sp_healing: 29
spell_crit: 1
armor: 72
 ----------------------------
 --- waist --- 
name: girdle of prophecy
slot: waist
intelligence: 22
stamina: 10
spirit: 10
sp: 9
mp5: 4
fire_res: 7
armor: 57
 ----------------------------
 --- legs --- 
name: leggings of transcendence
slot: legs
intelligence: 21
stamina: 16
spirit: 21
sp_healing: 46
mp5: 7
arcane_res: 10
shadow_res: 10
armor: 101
 ----------------------------
 --- feet --- 
name: boots of pure thought
slot: feet
intelligence: 12
stamina: 8
spirit: 12
sp_healing: 62
armor: 74
 ----------------------------
 --- finger --- 
name: cauterizing band
slot: finger
intelligence: 12
stamina: 9
sp_healing: 46
 ----------------------------
 --- finger --- 
name: pure elementium band
slot: finger
intelligence: 10
stamina: 9
spirit: 10
sp_healing: 53
 ----------------------------
 --- trinket --- 
name: hazza'rah's charm of healing
slot: trinket
 ----------------------------
 --- trinket --- 
name: rejuvenating gem
slot: trinket
sp_healing: 66
mp5: 9
 ----------------------------
 --- Set bonuses ---
name: confessor's 2 hazza'rah's 1 transcendence 3 
slot: Set bonuses
sp: 23
------------------
Best value: 356.823
------------------
Char stats: 
Effective hp: 8557.8
Effective mana (100 s, 33 % out of fsr): 17596.1
Raw max mana: 10888.8
Int: 442.98
Stam: 401.58
Spirit: 440.68
Strength: 79.58
Agility: 84.18
All stats multiplier (taken into account above): 1.15
Bonus mana: 2000
Bonus hp: 0
Mp5: 182
Sp: 32
Sp shadow: 0
Sp healing: 885
Spell crit: 21
Spell hit: 0
Arcane res: 37
Nature res: 27
Fire res: 34
Frost res: 27
Shadow res: 57
Armor: 2869.75
Defense: 300
Dodge: 0
Parry: 0
HpsPvp: 983.405
ShadowDps: 226.336
Value pvp healing: 1944.6
Value pvp shadow: 103.009
Effective hp-pvp: 10805.7
Effecctive mana for 100 s, 0.33 fsr: 19129.2
------------------
Best counts:
oh_limit: 0.6
time_left_mul: 2.5
total_deficit_to_pop_trinkets: 3883.66
in combat total: 1225.2
Flash Heal 1, casts: 11, avg: 571.909, 1.44906%, cast time 1.34672% of in combat, overheal: 0.113319
Flash Heal 2, casts: 2, avg: 670, 0.308654%, cast time 0.244858% of in combat, overheal: 0.0846992
Flash Heal 3, casts: 5, avg: 812.103, 0.935295%, cast time 0.612145% of in combat, overheal: 0
Flash Heal 4, casts: 8, avg: 859.197, 1.58325%, cast time 0.979432% of in combat, overheal: 0.042689
Flash Heal 5, casts: 6, avg: 1035.97, 1.43174%, cast time 0.734574% of in combat, overheal: 0
Flash Heal 6, casts: 6, avg: 1100.89, 1.52146%, cast time 0.734574% of in combat, overheal: 0.0697578
Flash Heal 7, casts: 15, avg: 1259.44, 4.35147%, cast time 1.83643% of in combat, overheal: 0.0829476
Greater Heal 1, casts: 13, avg: 1816.3, 5.43874%, cast time 2.65263% of in combat, overheal: 0.0259343
Greater Heal 1 hazz, casts: 9, avg: 1353.38, 2.80561%, cast time 1.10186% of in combat, overheal: 0.274197
Greater Heal 2 hazz, casts: 3, avg: 2145.81, 1.48279%, cast time 0.367287% of in combat, overheal: 0
Greater Heal 3 hazz, casts: 2, avg: 2144.37, 0.987864%, cast time 0.244858% of in combat, overheal: 0.132094
Greater Heal 4, casts: 64, avg: 2655.27, 39.1431%, cast time 13.0591% of in combat, overheal: 0.0688451
Greater Heal 4 hazz, casts: 7, avg: 2644.93, 4.26461%, cast time 0.857003% of in combat, overheal: 0.0724702
Heal 2, casts: 72, avg: 1091, 18.0935%, cast time 14.6915% of in combat, overheal: 0.185181
Heal 4, casts: 36, avg: 1953.98, 16.2028%, cast time 7.34574% of in combat, overheal: 0.0273601
Total time casting: 573.5, which is: 46.8087% of time in combat.
Total hps: 354.344, raw hps: 389.574, oh: 0.0904313
Deficit time sum: 2.48571e+07, baseline: 3.5721e+07
Deficit*time change / s: 8867.05 hp
Number of combats: 13
Average mana at start of combat: 9040.81
Average mana at end of combat: 7450.5
Other players with hps > 100:
  Arthouse : 136.489 hps
  Bayoneta : 163.064 hps
  Flibberdigib : 172.488 hps
  Megamatte : 112.015 hps
  Teachx : 201.858 hps
  Vespersianus : 201.628 hps
  Wootqt : 125.304 hps
  Xiaxu : 178.842 hps
  Zapperïnn : 110.369 hps
------------------
Upgrades: 
( following sorted by alt scores, no specials )
robes of prophecy(3.74789) -> truefaith vestments(9.27084) : 5.52295 = +1.58332%
zulian headdress(6.7901) -> crystal adorned crown(10.813) : 4.02292 = +1.14835%
boots of transcendence(4.68726) -> boots of pure thought(7.41309) : 2.72583 = +0.775224%
pauldrons of transcendence(4.08984) -> zandalar confessor's mantle(6.13177) : 2.04193 = +0.579596%
primalist's seal(3.78125) -> cauterizing band(5.65219) : 1.87094 = +0.530803%
dragon's touch(1.24997) -> lunar wand of healing(2.20111) : 0.951141 = +0.269145%
hide of the wild(5.11371) -> shroud of pure thought(5.40909) : 0.29538 = +0.083429%
jin'do's evil eye(5.38293) -> jin'do's evil eye(5.38293) : 0 = +0%
bindings of transcendence(4.2706) -> bindings of transcendence(4.2706) : 0 = +0%
benediction, , , (13.1891) -> benediction, , , (13.1891) : 0 = +0%
handguards of transcendence(4.17432) -> handguards of transcendence(4.17432) : 0 = +0%
pure elementium band(6.32431) -> pure elementium band(6.32431) : 0 = +0%
hazza'rah's charm of healing(11.0324) -> hazza'rah's charm of healing(11.0324) : 0 = +0%
rejuvenating gem(9.11884) -> rejuvenating gem(9.11884) : 0 = +0%
zandalar confessor's bindings(3.84415) -> girdle of prophecy(2.896) : -0.948151 = +-0.266865%
empowered leggings(9.0639) -> leggings of transcendence(7.53729) : -1.52661 = +-0.428979%
------------------
~~~~ end of intermediate results ~~~~
Temporary bans and partial set bonuses on.
.
*** NEW BEST (1): 356.779
Based on last: 3000 entries, out of total: 12560 entries, The least-squares solution is:
Int: 194.43
Spirit: 46.1974
Sp / Healing: 100
Mp5: 340.763
Crit: 963.987
T1 3p/piece: 0
T2 3p/piece: 4523.32
Hazza'rah's: 11395.2
Darkmoon: 6612.6
100 points == 1 sp == 0.090771 hps.

*** NEW BEST (1): 357.248
Based on last: 3000 entries, out of total: 12622 entries, The least-squares solution is:
Int: 190.263
Spirit: 45.2893
Sp / Healing: 100
Mp5: 336.863
Crit: 937.423
T1 3p/piece: 0
T2 3p/piece: 4476
Hazza'rah's: 11216.3
Darkmoon: 6535.57
100 points == 1 sp == 0.0918248 hps.
..
*** NEW BEST (1): 358.209
Based on last: 3000 entries, out of total: 12880 entries, The least-squares solution is:
Int: 181.397
Spirit: 54.8775
Sp / Healing: 100
Mp5: 351.907
Crit: 880.555
T1 3p/piece: 0
T2 3p/piece: 4521.45
Hazza'rah's: 11320.6
Darkmoon: 6575.24
100 points == 1 sp == 0.0911418 hps.
.Temporary bans and partial set bonuses off.
.back : hide of the wild -> shroud of pure thought => val: 353.721 -> 354.865
finger : primalist's seal -> cauterizing band => val: 354.865 -> 355.715
Swapping to best matching bonuses: 
    hazza'rah's charm of healing -> hazza'rah's charm of healing
    zandalar confessor's mantle -> zandalar confessor's mantle
    firemaw's clutch -> belt of transcendence
    bindings of transcendence -> bindings of transcendence
    handguards of transcendence -> handguards of transcendence
    value from: 355.715 -> 355.34
***** INTERMEDIATE RESULTS *****
Iteration: 21
 ----------------------------
 --- head --- 
name: crystal adorned crown
slot: head
intelligence: 14
spirit: 13
sp_healing: 92
armor: 85
 ----------------------------
 --- neck --- 
name: jin'do's evil eye
slot: neck
intelligence: 11
stamina: 5
spirit: 6
sp_healing: 44
 ----------------------------
 --- shoulders --- 
name: zandalar confessor's mantle
slot: shoulders
intelligence: 24
stamina: 11
spirit: 15
sp_healing: 22
armor: 78
 ----------------------------
 --- back --- 
name: shroud of pure thought
slot: back
intelligence: 11
stamina: 10
sp_healing: 33
mp5: 6
armor: 57
 ----------------------------
 --- chest --- 
name: robes of transcendence
slot: chest
intelligence: 27
stamina: 17
spirit: 16
sp_healing: 57
nature_res: 10
fire_res: 10
armor: 116
 ----------------------------
 --- wrists --- 
name: bindings of transcendence
slot: wrists
intelligence: 13
stamina: 9
spirit: 16
sp_healing: 33
armor: 51
 ----------------------------
 --- two-hand --- 
name: benediction
slot: two-hand
intelligence: 31
stamina: 10
spirit: 12
sp_healing: 106
spell_crit: 2
shadow_res: 20
 ----------------------------
 ---  --- 
name: 
slot: 
 ----------------------------
 ---  --- 
name: 
slot: 
 ----------------------------
 ---  --- 
name: 
slot: 
 ----------------------------
 --- ranged --- 
name: essence gatherer
slot: ranged
intelligence: 7
stamina: 5
mp5: 5
 ----------------------------
 --- hands --- 
name: handguards of transcendence
slot: hands
intelligence: 20
stamina: 12
spirit: 13
sp_healing: 29
spell_crit: 1
armor: 72
 ----------------------------
 --- waist --- 
name: firemaw's clutch
slot: waist
intelligence: 12
stamina: 12
sp: 35
mp5: 5
armor: 64
 ----------------------------
 --- legs --- 
name: empowered leggings
slot: legs
intelligence: 12
stamina: 12
spirit: 24
sp_healing: 77
spell_crit: 1
armor: 103
 ----------------------------
 --- feet --- 
name: boots of pure thought
slot: feet
intelligence: 12
stamina: 8
spirit: 12
sp_healing: 62
armor: 74
 ----------------------------
 --- finger --- 
name: primalist's seal
slot: finger
intelligence: 12
spirit: 8
sp_healing: 29
 ----------------------------
 --- finger --- 
name: pure elementium band
slot: finger
intelligence: 10
stamina: 9
spirit: 10
sp_healing: 53
 ----------------------------
 --- trinket --- 
name: hazza'rah's charm of healing
slot: trinket
 ----------------------------
 --- trinket --- 
name: rejuvenating gem
slot: trinket
sp_healing: 66
mp5: 9
 ----------------------------
 --- Set bonuses ---
name: confessor's 2 hazza'rah's 1 transcendence 3 
slot: Set bonuses
sp: 23
------------------
Best value: 356.823
------------------
Char stats: 
Effective hp: 8524.1
Effective mana (100 s, 33 % out of fsr): 17862.3
Raw max mana: 11173.4
Int: 460.23
Stam: 398.13
Spirit: 460.23
Strength: 79.58
Agility: 84.18
All stats multiplier (taken into account above): 1.15
Bonus mana: 2000
Bonus hp: 0
Mp5: 175
Sp: 58
Sp shadow: 0
Sp healing: 863
Spell crit: 22
Spell hit: 0
Arcane res: 27
Nature res: 37
Fire res: 37
Frost res: 27
Shadow res: 47
Armor: 2898.75
Defense: 300
Dodge: 0
Parry: 0
HpsPvp: 972.38
ShadowDps: 227.004
Value pvp healing: 2043.82
Value pvp shadow: 111.388
Effective hp-pvp: 10742.4
Effecctive mana for 100 s, 0.33 fsr: 19456.8
------------------
Best counts:
oh_limit: 0.6
time_left_mul: 2.5
total_deficit_to_pop_trinkets: 4067.64
in combat total: 1225.2
Flash Heal 1, casts: 14, avg: 592.983, 1.9061%, cast time 1.71401% of in combat, overheal: 0.0853904
Flash Heal 2, casts: 2, avg: 735.551, 0.337768%, cast time 0.244858% of in combat, overheal: 0
Flash Heal 3, casts: 4, avg: 815.843, 0.749278%, cast time 0.489716% of in combat, overheal: 0
Flash Heal 4, casts: 8, avg: 862.646, 1.58452%, cast time 0.979432% of in combat, overheal: 0.043049
Flash Heal 5, casts: 7, avg: 982.774, 1.57953%, cast time 0.857003% of in combat, overheal: 0.0552397
Flash Heal 6, casts: 5, avg: 1119.84, 1.28558%, cast time 0.612145% of in combat, overheal: 0.0574245
Flash Heal 7, casts: 14, avg: 1222.54, 3.92977%, cast time 1.71401% of in combat, overheal: 0.113087
Greater Heal 1, casts: 13, avg: 1823.73, 5.44354%, cast time 2.65263% of in combat, overheal: 0.0261534
Greater Heal 1 hazz, casts: 8, avg: 1452.21, 2.66744%, cast time 0.979432% of in combat, overheal: 0.224542
Greater Heal 2 hazz, casts: 4, avg: 1903.4, 1.7481%, cast time 0.489716% of in combat, overheal: 0.11656
Greater Heal 3 hazz, casts: 2, avg: 2149.12, 0.986884%, cast time 0.244858% of in combat, overheal: 0.133502
Greater Heal 4, casts: 64, avg: 2663.06, 39.1325%, cast time 13.0591% of in combat, overheal: 0.0695034
Greater Heal 4 hazz, casts: 7, avg: 2653.84, 4.26529%, cast time 0.857003% of in combat, overheal: 0.0727259
Heal 2, casts: 73, avg: 1111.88, 18.6362%, cast time 14.8955% of in combat, overheal: 0.173785
Heal 4, casts: 35, avg: 1959.6, 15.7475%, cast time 7.14169% of in combat, overheal: 0.0286187
Total time casting: 575, which is: 46.9311% of time in combat.
Total hps: 355.481, raw hps: 390.545, oh: 0.0897808
Deficit time sum: 2.48553e+07, baseline: 3.5721e+07
Deficit*time change / s: 8868.46 hp
Number of combats: 13
Average mana at start of combat: 9237.69
Average mana at end of combat: 7608.97
Other players with hps > 100:
  Arthouse : 135.012 hps
  Bayoneta : 162.74 hps
  Flibberdigib : 174.667 hps
  Megamatte : 112.411 hps
  Teachx : 201.372 hps
  Vespersianus : 201.358 hps
  Wootqt : 125.303 hps
  Xiaxu : 178.684 hps
  Zapperïnn : 110.32 hps
------------------
Upgrades: 
( following sorted by alt scores, no specials )
zulian headdress(8.19296) -> crystal adorned crown(11.3499) : 3.15689 = +0.896018%
robes of prophecy(7.31927) -> robes of transcendence(10.4592) : 3.13995 = +0.891168%
pauldrons of transcendence(7.15311) -> zandalar confessor's mantle(8.81952) : 1.66641 = +0.470984%
boots of transcendence(6.85083) -> boots of pure thought(8.23492) : 1.38409 = +0.39088%
hide of the wild(5.48123) -> shroud of pure thought(6.7507) : 1.26947 = +0.358393%
zandalar confessor's bindings(6.27646) -> firemaw's clutch(6.77759) : 0.501129 = +0.141171%
dragon's touch(2.53079) -> essence gatherer(2.76099) : 0.230194 = +0.0647976%
jin'do's evil eye(6.12894) -> jin'do's evil eye(6.12894) : 0 = +0%
bindings of transcendence(5.95721) -> bindings of transcendence(5.95721) : 0 = +0%
benediction, , , (16.9915) -> benediction, , , (16.9915) : 0 = +0%
handguards of transcendence(7.40244) -> handguards of transcendence(7.40244) : 0 = +0%
empowered leggings(11.0048) -> empowered leggings(11.0048) : 0 = +0%
primalist's seal(5.02719) -> primalist's seal(5.02719) : 0 = +0%
pure elementium band(6.98398) -> pure elementium band(6.98398) : 0 = +0%
hazza'rah's charm of healing(12.4141) -> hazza'rah's charm of healing(12.4141) : 0 = +0%
rejuvenating gem(8.90198) -> rejuvenating gem(8.90198) : 0 = +0%
------------------
~~~~ end of intermediate results ~~~~
Temporary bans and partial set bonuses on.
.
*** NEW BEST (1): 358.241
Based on last: 3000 entries, out of total: 16384 entries, The least-squares solution is:
Int: 215.784
Spirit: 66.3346
Sp / Healing: 100
Mp5: 415.296
Crit: 505.258
T1 3p/piece: 0
T2 3p/piece: 5305.99
Hazza'rah's: 9677.93
Darkmoon: 4273.51
100 points == 1 sp == 0.0814347 hps.
..
*** NEW BEST (1): 358.676
Based on last: 3000 entries, out of total: 16500 entries, The least-squares solution is:
Int: 204.298
Spirit: 65.0173
Sp / Healing: 100
Mp5: 412.744
Crit: 451.288
T1 3p/piece: 0
T2 3p/piece: 5201.06
Hazza'rah's: 9267.94
Darkmoon: 4179.96
100 points == 1 sp == 0.0837952 hps.
.Temporary bans and partial set bonuses off.
.waist : girdle of prophecy -> firemaw's clutch => val: 354.13 -> 356.008
feet : boots of transcendence -> boots of pure thought => val: 356.008 -> 356.191
Swapping to best matching bonuses: 
    hazza'rah's charm of healing -> hazza'rah's charm of healing
    zandalar confessor's mantle -> zandalar confessor's mantle
    leggings of transcendence -> leggings of transcendence
    firemaw's clutch -> belt of transcendence
    bindings of transcendence -> bindings of transcendence
    value from: 356.191 -> 355.988
***** INTERMEDIATE RESULTS *****
Iteration: 26
 ----------------------------
 --- head --- 
name: crystal adorned crown
slot: head
intelligence: 14
spirit: 13
sp_healing: 92
armor: 85
 ----------------------------
 --- neck --- 
name: jin'do's evil eye
slot: neck
intelligence: 11
stamina: 5
spirit: 6
sp_healing: 44
 ----------------------------
 --- shoulders --- 
name: zandalar confessor's mantle
slot: shoulders
intelligence: 24
stamina: 11
spirit: 15
sp_healing: 22
armor: 78
 ----------------------------
 --- back --- 
name: shroud of pure thought
slot: back
intelligence: 11
stamina: 10
sp_healing: 33
mp5: 6
armor: 57
 ----------------------------
 --- chest --- 
name: robes of transcendence
slot: chest
intelligence: 27
stamina: 17
spirit: 16
sp_healing: 57
nature_res: 10
fire_res: 10
armor: 116
 ----------------------------
 --- wrists --- 
name: vambraces of prophecy
slot: wrists
intelligence: 14
stamina: 8
spirit: 10
sp_healing: 24
mp5: 2
armor: 44
 ----------------------------
 --- two-hand --- 
name: benediction
slot: two-hand
intelligence: 31
stamina: 10
spirit: 12
sp_healing: 106
spell_crit: 2
shadow_res: 20
 ----------------------------
 ---  --- 
name: 
slot: 
 ----------------------------
 ---  --- 
name: 
slot: 
 ----------------------------
 ---  --- 
name: 
slot: 
 ----------------------------
 --- ranged --- 
name: essence gatherer
slot: ranged
intelligence: 7
stamina: 5
mp5: 5
 ----------------------------
 --- hands --- 
name: gloves of prophecy
slot: hands
intelligence: 15
stamina: 10
spirit: 15
sp_healing: 18
mp5: 6
fire_res: 7
armor: 63
 ----------------------------
 --- waist --- 
name: girdle of prophecy
slot: waist
intelligence: 22
stamina: 10
spirit: 10
sp: 9
mp5: 4
fire_res: 7
armor: 57
 ----------------------------
 --- legs --- 
name: leggings of transcendence
slot: legs
intelligence: 21
stamina: 16
spirit: 21
sp_healing: 46
mp5: 7
arcane_res: 10
shadow_res: 10
armor: 101
 ----------------------------
 --- feet --- 
name: boots of transcendence
slot: feet
intelligence: 17
stamina: 17
spirit: 17
sp_healing: 35
fire_res: 10
armor: 80
 ----------------------------
 --- finger --- 
name: primalist's seal
slot: finger
intelligence: 12
spirit: 8
sp_healing: 29
 ----------------------------
 --- finger --- 
name: pure elementium band
slot: finger
intelligence: 10
stamina: 9
spirit: 10
sp_healing: 53
 ----------------------------
 --- trinket --- 
name: hazza'rah's charm of healing
slot: trinket
 ----------------------------
 --- trinket --- 
name: rejuvenating gem
slot: trinket
sp_healing: 66
mp5: 9
 ----------------------------
 --- Set bonuses ---
name: confessor's 2 hazza'rah's 1 prophecy 3 transcendence 3 
slot: Set bonuses
sp: 23
------------------
Best value: 356.823
------------------
Char stats: 
Effective hp: 8595.3
Effective mana (100 s, 33 % out of fsr): 18579
Raw max mana: 11552.9
Int: 483.23
Stam: 407.33
Spirit: 469.43
Strength: 79.58
Agility: 84.18
All stats multiplier (taken into account above): 1.15
Bonus mana: 2000
Bonus hp: 0
Mp5: 189
Sp: 32
Sp shadow: 0
Sp healing: 785
Spell crit: 20
Spell hit: 0
Arcane res: 37
Nature res: 37
Fire res: 61
Frost res: 27
Shadow res: 57
Armor: 2879.75
Defense: 300
Dodge: 0
Parry: 0
HpsPvp: 951.025
ShadowDps: 225.507
Value pvp healing: 1983.15
Value pvp shadow: 111.504
Effective hp-pvp: 10964.9
Effecctive mana for 100 s, 0.33 fsr: 20202.4
------------------
Best counts:
oh_limit: 0.6
time_left_mul: 1.9
total_deficit_to_pop_trinkets: 4067.64
in combat total: 1225.2
Flash Heal 1, casts: 18, avg: 503.596, 2.09697%, cast time 2.05681% of in combat, overheal: 0.159374
Flash Heal 2, casts: 5, avg: 599.201, 0.693075%, cast time 0.571335% of in combat, overheal: 0.126536
Flash Heal 3, casts: 5, avg: 766.047, 0.886059%, cast time 0.571335% of in combat, overheal: 0
Flash Heal 4, casts: 6, avg: 774.759, 1.07536%, cast time 0.685602% of in combat, overheal: 0.0900054
Flash Heal 5, casts: 11, avg: 953.489, 2.42631%, cast time 1.25694% of in combat, overheal: 0.0366247
Flash Heal 6, casts: 8, avg: 1090.2, 2.01759%, cast time 0.914136% of in combat, overheal: 0.041245
Flash Heal 7, casts: 14, avg: 1204.54, 3.90108%, cast time 1.59974% of in combat, overheal: 0.0921934
Greater Heal 1, casts: 9, avg: 1758.87, 3.66196%, cast time 1.83643% of in combat, overheal: 0.00788758
Greater Heal 1 hazz, casts: 9, avg: 1368.4, 2.84899%, cast time 1.10186% of in combat, overheal: 0.228139
Greater Heal 2 hazz, casts: 4, avg: 1720.14, 1.5917%, cast time 0.489716% of in combat, overheal: 0.162452
Greater Heal 3 hazz, casts: 2, avg: 2098.23, 0.970779%, cast time 0.244858% of in combat, overheal: 0.11782
Greater Heal 4, casts: 72, avg: 2583.7, 43.034%, cast time 14.6915% of in combat, overheal: 0.06354
Greater Heal 4 hazz, casts: 8, avg: 2589.76, 4.79277%, cast time 0.979432% of in combat, overheal: 0.0613449
Heal 2, casts: 59, avg: 1060.43, 14.4735%, cast time 12.0388% of in combat, overheal: 0.149636
Heal 4, casts: 36, avg: 1864.78, 15.5299%, cast time 7.34574% of in combat, overheal: 0.0269964
Total time casting: 568.3, which is: 46.3843% of time in combat.
Total hps: 352.822, raw hps: 383.518, oh: 0.0800371
Deficit time sum: 2.47752e+07, baseline: 3.5721e+07
Deficit*time change / s: 8933.89 hp
Number of combats: 13
Average mana at start of combat: 9547.54
Average mana at end of combat: 7918.96
Other players with hps > 100:
  Arthouse : 137.857 hps
  Bayoneta : 162.701 hps
  Flibberdigib : 173.378 hps
  Megamatte : 111.623 hps
  Teachx : 202.258 hps
  Vespersianus : 201.885 hps
  Wootqt : 124.43 hps
  Xiaxu : 179.21 hps
  Zapperïnn : 112.093 hps
------------------
Upgrades: 
( following sorted by alt scores, no specials )
robes of prophecy(7.39185) -> robes of transcendence(10.2702) : 2.87836 = +0.82252%
zulian headdress(7.93936) -> crystal adorned crown(10.8141) : 2.87473 = +0.821474%
pauldrons of transcendence(7.16672) -> zandalar confessor's mantle(8.69659) : 1.52988 = +0.4355%
hide of the wild(5.23132) -> shroud of pure thought(6.72351) : 1.49219 = +0.424726%
empowered leggings(10.1922) -> leggings of transcendence(11.0147) : 0.82251 = +0.233668%
dragon's touch(2.55707) -> essence gatherer(2.92764) : 0.370575 = +0.105142%
zandalar confessor's bindings(6.25629) -> girdle of prophecy(6.44864) : 0.192352 = +0.054548%
handguards of transcendence(6.94031) -> gloves of prophecy(6.96857) : 0.0282593 = +0.00801014%
jin'do's evil eye(5.89697) -> jin'do's evil eye(5.89697) : 0 = +0%
benediction, , , (15.5993) -> benediction, , , (15.5993) : 0 = +0%
boots of transcendence(6.76929) -> boots of transcendence(6.76929) : 0 = +0%
primalist's seal(4.92023) -> primalist's seal(4.92023) : 0 = +0%
pure elementium band(6.69788) -> pure elementium band(6.69788) : 0 = +0%
hazza'rah's charm of healing(9.69339) -> hazza'rah's charm of healing(9.69339) : 0 = +0%
rejuvenating gem(8.64322) -> rejuvenating gem(8.64322) : 0 = +0%
bindings of transcendence(5.86243) -> vambraces of prophecy(5.64432) : -0.218109 = +-0.0617803%
------------------
~~~~ end of intermediate results ~~~~
Temporary bans and partial set bonuses on.
....Temporary bans and partial set bonuses off.
.wrists : vambraces of prophecy -> bindings of transcendence => val: 353.69 -> 354.13
feet : boots of transcendence -> boots of pure thought => val: 354.13 -> 356.369
Swapping to best matching bonuses: 
    hazza'rah's charm of healing -> hazza'rah's charm of healing
    zandalar confessor's mantle -> zandalar confessor's mantle
    leggings of transcendence -> leggings of transcendence
    firemaw's clutch -> belt of transcendence
    bindings of transcendence -> bindings of transcendence
    value from: 356.191 -> 355.988
***** INTERMEDIATE RESULTS *****
Iteration: 31
 ----------------------------
 --- head --- 
name: crystal adorned crown
slot: head
intelligence: 14
spirit: 13
sp_healing: 92
armor: 85
 ----------------------------
 --- neck --- 
name: jin'do's evil eye
slot: neck
intelligence: 11
stamina: 5
spirit: 6
sp_healing: 44
 ----------------------------
 --- shoulders --- 
name: zandalar confessor's mantle
slot: shoulders
intelligence: 24
stamina: 11
spirit: 15
sp_healing: 22
armor: 78
 ----------------------------
 --- back --- 
name: shroud of pure thought
slot: back
intelligence: 11
stamina: 10
sp_healing: 33
mp5: 6
armor: 57
 ----------------------------
 --- chest --- 
name: robes of transcendence
slot: chest
intelligence: 27
stamina: 17
spirit: 16
sp_healing: 57
nature_res: 10
fire_res: 10
armor: 116
 ----------------------------
 --- wrists --- 
name: vambraces of prophecy
slot: wrists
intelligence: 14
stamina: 8
spirit: 10
sp_healing: 24
mp5: 2
armor: 44
 ----------------------------
 --- two-hand --- 
name: benediction
slot: two-hand
intelligence: 31
stamina: 10
spirit: 12
sp_healing: 106
spell_crit: 2
shadow_res: 20
 ----------------------------
 ---  --- 
name: 
slot: 
 ----------------------------
 ---  --- 
name: 
slot: 
 ----------------------------
 ---  --- 
name: 
slot: 
 ----------------------------
 --- ranged --- 
name: essence gatherer
slot: ranged
intelligence: 7
stamina: 5
mp5: 5
 ----------------------------
 --- hands --- 
name: gloves of prophecy
slot: hands
intelligence: 15
stamina: 10
spirit: 15
sp_healing: 18
mp5: 6
fire_res: 7
armor: 63
 ----------------------------
 --- waist --- 
name: girdle of prophecy
slot: waist
intelligence: 22
stamina: 10
spirit: 10
sp: 9
mp5: 4
fire_res: 7
armor: 57
 ----------------------------
 --- legs --- 
name: leggings of transcendence
slot: legs
intelligence: 21
stamina: 16
spirit: 21
sp_healing: 46
mp5: 7
arcane_res: 10
shadow_res: 10
armor: 101
 ----------------------------
 --- feet --- 
name: boots of transcendence
slot: feet
intelligence: 17
stamina: 17
spirit: 17
sp_healing: 35
fire_res: 10
armor: 80
 ----------------------------
 --- finger --- 
name: primalist's seal
slot: finger
intelligence: 12
spirit: 8
sp_healing: 29
 ----------------------------
 --- finger --- 
name: pure elementium band
slot: finger
intelligence: 10
stamina: 9
spirit: 10
sp_healing: 53
 ----------------------------
 --- trinket --- 
name: hazza'rah's charm of healing
slot: trinket
 ----------------------------
 --- trinket --- 
name: rejuvenating gem
slot: trinket
sp_healing: 66
mp5: 9
 ----------------------------
 --- Set bonuses ---
name: confessor's 2 hazza'rah's 1 prophecy 3 transcendence 3 
slot: Set bonuses
sp: 23
------------------
Best value: 356.823
------------------
Char stats: 
Effective hp: 8595.3
Effective mana (100 s, 33 % out of fsr): 18579
Raw max mana: 11552.9
Int: 483.23
Stam: 407.33
Spirit: 469.43
Strength: 79.58
Agility: 84.18
All stats multiplier (taken into account above): 1.15
Bonus mana: 2000
Bonus hp: 0
Mp5: 189
Sp: 32
Sp shadow: 0
Sp healing: 785
Spell crit: 20
Spell hit: 0
Arcane res: 37
Nature res: 37
Fire res: 61
Frost res: 27
Shadow res: 57
Armor: 2879.75
Defense: 300
Dodge: 0
Parry: 0
HpsPvp: 951.025
ShadowDps: 225.507
Value pvp healing: 1983.15
Value pvp shadow: 111.504
Effective hp-pvp: 10964.9
Effecctive mana for 100 s, 0.33 fsr: 20202.4
------------------
Best counts:
oh_limit: 0.6
time_left_mul: 1.9
total_deficit_to_pop_trinkets: 4067.64
in combat total: 1225.2
Flash Heal 1, casts: 18, avg: 503.596, 2.09697%, cast time 2.05681% of in combat, overheal: 0.159374
Flash Heal 2, casts: 5, avg: 599.201, 0.693075%, cast time 0.571335% of in combat, overheal: 0.126536
Flash Heal 3, casts: 5, avg: 766.047, 0.886059%, cast time 0.571335% of in combat, overheal: 0
Flash Heal 4, casts: 6, avg: 774.759, 1.07536%, cast time 0.685602% of in combat, overheal: 0.0900054
Flash Heal 5, casts: 11, avg: 953.489, 2.42631%, cast time 1.25694% of in combat, overheal: 0.0366247
Flash Heal 6, casts: 8, avg: 1090.2, 2.01759%, cast time 0.914136% of in combat, overheal: 0.041245
Flash Heal 7, casts: 14, avg: 1204.54, 3.90108%, cast time 1.59974% of in combat, overheal: 0.0921934
Greater Heal 1, casts: 9, avg: 1758.87, 3.66196%, cast time 1.83643% of in combat, overheal: 0.00788758
Greater Heal 1 hazz, casts: 9, avg: 1368.4, 2.84899%, cast time 1.10186% of in combat, overheal: 0.228139
Greater Heal 2 hazz, casts: 4, avg: 1720.14, 1.5917%, cast time 0.489716% of in combat, overheal: 0.162452
Greater Heal 3 hazz, casts: 2, avg: 2098.23, 0.970779%, cast time 0.244858% of in combat, overheal: 0.11782
Greater Heal 4, casts: 72, avg: 2583.7, 43.034%, cast time 14.6915% of in combat, overheal: 0.06354
Greater Heal 4 hazz, casts: 8, avg: 2589.76, 4.79277%, cast time 0.979432% of in combat, overheal: 0.0613449
Heal 2, casts: 59, avg: 1060.43, 14.4735%, cast time 12.0388% of in combat, overheal: 0.149636
Heal 4, casts: 36, avg: 1864.78, 15.5299%, cast time 7.34574% of in combat, overheal: 0.0269964
Total time casting: 568.3, which is: 46.3843% of time in combat.
Total hps: 352.822, raw hps: 383.518, oh: 0.0800371
Deficit time sum: 2.47752e+07, baseline: 3.5721e+07
Deficit*time change / s: 8933.89 hp
Number of combats: 13
Average mana at start of combat: 9547.54
Average mana at end of combat: 7918.96
Other players with hps > 100:
  Arthouse : 137.857 hps
  Bayoneta : 162.701 hps
  Flibberdigib : 173.378 hps
  Megamatte : 111.623 hps
  Teachx : 202.258 hps
  Vespersianus : 201.885 hps
  Wootqt : 124.43 hps
  Xiaxu : 179.21 hps
  Zapperïnn : 112.093 hps
------------------
Upgrades: 
( following sorted by alt scores, no specials )
robes of prophecy(7.39185) -> robes of transcendence(10.2702) : 2.87836 = +0.82252%
zulian headdress(7.93936) -> crystal adorned crown(10.8141) : 2.87473 = +0.821474%
pauldrons of transcendence(7.16672) -> zandalar confessor's mantle(8.69659) : 1.52988 = +0.4355%
hide of the wild(5.23132) -> shroud of pure thought(6.72351) : 1.49219 = +0.424726%
empowered leggings(10.1922) -> leggings of transcendence(11.0147) : 0.82251 = +0.233668%
dragon's touch(2.55707) -> essence gatherer(2.92764) : 0.370575 = +0.105142%
zandalar confessor's bindings(6.25629) -> girdle of prophecy(6.44864) : 0.192352 = +0.054548%
handguards of transcendence(6.94031) -> gloves of prophecy(6.96857) : 0.0282593 = +0.00801014%
jin'do's evil eye(5.89697) -> jin'do's evil eye(5.89697) : 0 = +0%
benediction, , , (15.5993) -> benediction, , , (15.5993) : 0 = +0%
boots of transcendence(6.76929) -> boots of transcendence(6.76929) : 0 = +0%
primalist's seal(4.92023) -> primalist's seal(4.92023) : 0 = +0%
pure elementium band(6.69788) -> pure elementium band(6.69788) : 0 = +0%
hazza'rah's charm of healing(9.69339) -> hazza'rah's charm of healing(9.69339) : 0 = +0%
rejuvenating gem(8.64322) -> rejuvenating gem(8.64322) : 0 = +0%
bindings of transcendence(5.86243) -> vambraces of prophecy(5.64432) : -0.218109 = +-0.0617803%
------------------
~~~~ end of intermediate results ~~~~
Same items for intermediate results again, ending optimization. 
 ----------------------------
 --- head --- 
name: crystal adorned crown
slot: head
intelligence: 14
spirit: 13
sp_healing: 92
armor: 85
 ----------------------------
 --- neck --- 
name: jin'do's evil eye
slot: neck
intelligence: 11
stamina: 5
spirit: 6
sp_healing: 44
 ----------------------------
 --- shoulders --- 
name: zandalar confessor's mantle
slot: shoulders
intelligence: 24
stamina: 11
spirit: 15
sp_healing: 22
armor: 78
 ----------------------------
 --- back --- 
name: shroud of pure thought
slot: back
intelligence: 11
stamina: 10
sp_healing: 33
mp5: 6
armor: 57
 ----------------------------
 --- chest --- 
name: robes of transcendence
slot: chest
intelligence: 27
stamina: 17
spirit: 16
sp_healing: 57
nature_res: 10
fire_res: 10
armor: 116
 ----------------------------
 --- wrists --- 
name: vambraces of prophecy
slot: wrists
intelligence: 14
stamina: 8
spirit: 10
sp_healing: 24
mp5: 2
armor: 44
 ----------------------------
 --- two-hand --- 
name: benediction
slot: two-hand
intelligence: 31
stamina: 10
spirit: 12
sp_healing: 106
spell_crit: 2
shadow_res: 20
 ----------------------------
 ---  --- 
name: 
slot: 
 ----------------------------
 ---  --- 
name: 
slot: 
 ----------------------------
 ---  --- 
name: 
slot: 
 ----------------------------
 --- ranged --- 
name: essence gatherer
slot: ranged
intelligence: 7
stamina: 5
mp5: 5
 ----------------------------
 --- hands --- 
name: gloves of prophecy
slot: hands
intelligence: 15
stamina: 10
spirit: 15
sp_healing: 18
mp5: 6
fire_res: 7
armor: 63
 ----------------------------
 --- waist --- 
name: girdle of prophecy
slot: waist
intelligence: 22
stamina: 10
spirit: 10
sp: 9
mp5: 4
fire_res: 7
armor: 57
 ----------------------------
 --- legs --- 
name: leggings of transcendence
slot: legs
intelligence: 21
stamina: 16
spirit: 21
sp_healing: 46
mp5: 7
arcane_res: 10
shadow_res: 10
armor: 101
 ----------------------------
 --- feet --- 
name: boots of transcendence
slot: feet
intelligence: 17
stamina: 17
spirit: 17
sp_healing: 35
fire_res: 10
armor: 80
 ----------------------------
 --- finger --- 
name: primalist's seal
slot: finger
intelligence: 12
spirit: 8
sp_healing: 29
 ----------------------------
 --- finger --- 
name: pure elementium band
slot: finger
intelligence: 10
stamina: 9
spirit: 10
sp_healing: 53
 ----------------------------
 --- trinket --- 
name: hazza'rah's charm of healing
slot: trinket
 ----------------------------
 --- trinket --- 
name: rejuvenating gem
slot: trinket
sp_healing: 66
mp5: 9
 ----------------------------
 --- Set bonuses ---
name: confessor's 2 hazza'rah's 1 prophecy 3 transcendence 3 
slot: Set bonuses
sp: 23
------------------
Char stats: 
Effective hp: 8595.3
Effective mana (100 s, 33 % out of fsr): 18579
Raw max mana: 11552.9
Int: 483.23
Stam: 407.33
Spirit: 469.43
Strength: 79.58
Agility: 84.18
All stats multiplier (taken into account above): 1.15
Bonus mana: 2000
Bonus hp: 0
Mp5: 189
Sp: 32
Sp shadow: 0
Sp healing: 785
Spell crit: 20
Spell hit: 0
Arcane res: 37
Nature res: 37
Fire res: 61
Frost res: 27
Shadow res: 57
Armor: 2879.75
Defense: 300
Dodge: 0
Parry: 0
HpsPvp: 977.321
ShadowDps: 227.34
Value pvp healing: 2133.57
Value pvp shadow: 115.447
Effective hp-pvp: 10964.9
Effecctive mana for 100 s, 0.33 fsr: 20202.4
------------------
Best counts:
oh_limit: 0.6
time_left_mul: 1.9
total_deficit_to_pop_trinkets: 4067.64
in combat total: 1225.2
Flash Heal 1, casts: 18, avg: 503.596, 2.09697%, cast time 2.05681% of in combat, overheal: 0.159374
Flash Heal 2, casts: 5, avg: 599.201, 0.693075%, cast time 0.571335% of in combat, overheal: 0.126536
Flash Heal 3, casts: 5, avg: 766.047, 0.886059%, cast time 0.571335% of in combat, overheal: 0
Flash Heal 4, casts: 6, avg: 774.759, 1.07536%, cast time 0.685602% of in combat, overheal: 0.0900054
Flash Heal 5, casts: 11, avg: 953.489, 2.42631%, cast time 1.25694% of in combat, overheal: 0.0366247
Flash Heal 6, casts: 8, avg: 1090.2, 2.01759%, cast time 0.914136% of in combat, overheal: 0.041245
Flash Heal 7, casts: 14, avg: 1204.54, 3.90108%, cast time 1.59974% of in combat, overheal: 0.0921934
Greater Heal 1, casts: 9, avg: 1758.87, 3.66196%, cast time 1.83643% of in combat, overheal: 0.00788758
Greater Heal 1 hazz, casts: 9, avg: 1368.4, 2.84899%, cast time 1.10186% of in combat, overheal: 0.228139
Greater Heal 2 hazz, casts: 4, avg: 1720.14, 1.5917%, cast time 0.489716% of in combat, overheal: 0.162452
Greater Heal 3 hazz, casts: 2, avg: 2098.23, 0.970779%, cast time 0.244858% of in combat, overheal: 0.11782
Greater Heal 4, casts: 72, avg: 2583.7, 43.034%, cast time 14.6915% of in combat, overheal: 0.06354
Greater Heal 4 hazz, casts: 8, avg: 2589.76, 4.79277%, cast time 0.979432% of in combat, overheal: 0.0613449
Heal 2, casts: 59, avg: 1060.43, 14.4735%, cast time 12.0388% of in combat, overheal: 0.149636
Heal 4, casts: 36, avg: 1864.78, 15.5299%, cast time 7.34574% of in combat, overheal: 0.0269964
Total time casting: 568.3, which is: 46.3843% of time in combat.
Total hps: 352.822, raw hps: 383.518, oh: 0.0800371
Deficit time sum: 2.47752e+07, baseline: 3.5721e+07
Deficit*time change / s: 8933.89 hp
Number of combats: 13
Average mana at start of combat: 9547.54
Average mana at end of combat: 7918.96
Other players with hps > 100:
  Arthouse : 137.857 hps
  Bayoneta : 162.701 hps
  Flibberdigib : 173.378 hps
  Megamatte : 111.623 hps
  Teachx : 202.258 hps
  Vespersianus : 201.885 hps
  Wootqt : 124.43 hps
  Xiaxu : 179.21 hps
  Zapperïnn : 112.093 hps
------------------
Based on last: 3000 entries, out of total: 23670 entries, The least-squares solution is:
Int: 94.5303
Spirit: 100.47
Sp / Healing: 100
Mp5: 475.296
Crit: 1710.25
T1 3p/piece: 0
T2 3p/piece: 6178.38
Hazza'rah's: 13773.5
Darkmoon: 5949.31
100 points == 1 sp == 0.0771254 hps.
Appended tag:
( Pawn: v1: "infamous_bwl_speed_phase4": Intellect=94.5303, Spirit=100.47, Healing=100, Mp5=475.296, SpellCritRating=1710.25, IsFist=X, Is2HMace=X, IsCrossbow=X, IsGun=X, IsShield=X, IsPolearm=X, Is2HAxe=X, IsBow=X, IsMail=X, IsPlate=X, IsLeather=X, IsAxe=X, Is2HAxe=X, IsSword=X, Is2HSword=X)
To file: infamous_bwl_speed_phase4.pawn_tag.txt
------------------
Diffs to start: 
Upgrades: 
( following sorted by alt scores, no specials )
zulian headdress(6.42032) -> crystal adorned crown(9.12357) : 2.70325 = +0.772094%
robes of prophecy(4.98254) -> robes of transcendence(7.60443) : 2.62189 = +0.748683%
hide of the wild(3.96832) -> shroud of pure thought(5.54654) : 1.57822 = +0.449322%
pauldrons of transcendence(4.83527) -> zandalar confessor's mantle(6.38272) : 1.54745 = +0.440526%
dragon's touch(1.33765) -> essence gatherer(2.3432) : 1.00555 = +0.285818%
zandalar confessor's bindings(4.39325) -> girdle of prophecy(4.53925) : 0.145996 = +0.0413967%
jin'do's evil eye(4.66043) -> jin'do's evil eye(4.66043) : 0 = +0%
benediction, , , (14.0033) -> benediction, , , (14.0033) : 0 = +0%
boots of transcendence(5.2561) -> boots of transcendence(5.2561) : 0 = +0%
primalist's seal(3.73141) -> primalist's seal(3.73141) : 0 = +0%
pure elementium band(5.59158) -> pure elementium band(5.59158) : 0 = +0%
hazza'rah's charm of healing(12.3968) -> hazza'rah's charm of healing(12.3968) : 0 = +0%
rejuvenating gem(8.38943) -> rejuvenating gem(8.38943) : 0 = +0%
handguards of transcendence(6.02115) -> gloves of prophecy(5.84363) : -0.177521 = +-0.0502892%
bindings of transcendence(4.73273) -> vambraces of prophecy(4.37973) : -0.352997 = +-0.0999496%
empowered leggings(9.99228) -> leggings of transcendence(9.27206) : -0.720215 = +-0.203714%
- - - - - - - - - - - - - - - - - - - - - - - - - - - - - - - - - - - - - - - - - 
| Upgrades at best in slot level, from start item to candidate, partial bonuses: 1: |
  alt scores are from least squares fit, special score from e.g. set bonuses as s are part of em
. . . . . . . . . . . . . . . . . . . . . . . . . . . . . . . . . . . . . . . . . 
- . - ' - . - ' - . - ' - . - ' - . - ' - . -
head, zulian headdress (7.19089), alt: 6.42032 -> :
    crystal adorned crown (12.0107) : +1.36577 %, alt : +9.12357, from: azuregos
    mish'undare circlet of mind flayer (6.29611) : -0.25355 %, alt : +7.78462, from: bwl
    halo of transcendence (6.57751) : -0.173809 %, alt : +7.37523, from: onyxia
- . - ' - . - ' - . - ' - . - ' - . - ' - . -
neck, jin'do's evil eye (6.53589), alt: 4.66043 -> :
- . - ' - . - ' - . - ' - . - ' - . - ' - . -
shoulders, pauldrons of transcendence (6.19687), alt: 4.83527 -> :
    zandalar confessor's mantle (8.92657) : +0.768954 %, alt : +6.38272, from: zg
    pauldrons of transcendence (6.19687) : +0 %, alt : +4.83527, from: bwl
- . - ' - . - ' - . - ' - . - ' - . - ' - . -
back, hide of the wild (5.2305), alt: 3.96832 -> :
    shroud of pure thought (7.61957) : +0.672351 %, alt : +5.54655, from: bwl
    drape of benediction (5.98969) : +0.213656 %, alt : +3.95858, from: azuregos
- . - ' - . - ' - . - ' - . - ' - . - ' - . -
chest, robes of prophecy (7.59323), alt: 7.09299 -> :
    robes of transcendence (16.1242) : +2.44308 %, alt : +12.3695 (s: 4.7651), from: bwl
    truefaith vestments (10.0248) : +0.696343 %, alt : +7.82959, from: tailoring bop
- . - ' - . - ' - . - ' - . - ' - . - ' - . -
wrists, bindings of transcendence (5.81592), alt: 4.73273 -> :
    vambraces of prophecy (6.7402) : +0.259052 %, alt : +5.96258, from: mc
    bindings of transcendence (5.81592) : +0 %, alt : +4.73273, from: bwl
- . - ' - . - ' - . - ' - . - ' - . - ' - . -
two-hand, benediction (21.3841), alt: 14.0033 -> :
- . - ' - . - ' - . - ' - . - ' - . - ' - . -
ranged, dragon's touch (1.16971), alt: 1.33765 -> :
    essence gatherer (2.73947) : +0.440759 %, alt : +2.34322, from: bwl
    lunar wand of healing (1.08432) : -0.0239754 %, alt : +1.54251, from: random green
- . - ' - . - ' - . - ' - . - ' - . - ' - . -
hands, handguards of transcendence (6.10492), alt: 6.02115 -> :
    gloves of prophecy (7.88934) : +0.501334 %, alt : +7.42646, from: mc
    handguards of transcendence (6.10492) : +0 %, alt : +6.02115, from: bwl
- . - ' - . - ' - . - ' - . - ' - . - ' - . -
waist, zandalar confessor's bindings (5.9765), alt: 4.39325 -> :
    girdle of prophecy (7.21512) : +0.347457 %, alt : +6.1221, from: mc
    firemaw's clutch (6.72449) : +0.209825 %, alt : +5.40714, from: bwl
    whipvine cord (6.91086) : +0.262106 %, alt : +5.17358, from: pre-raid
- . - ' - . - ' - . - ' - . - ' - . - ' - . -
legs, empowered leggings (9.07828), alt: 9.99228 -> :
    leggings of transcendence (16.9198) : +2.24121 %, alt : +14.0372 (s: 4.7651), from: mc
    padre's trousers (9.38232) : +0.0869008 %, alt : +6.89684, from: pre-raid
- . - ' - . - ' - . - ' - . - ' - . - ' - . -
feet, boots of transcendence (12.238), alt: 10.0212 (s: 4.7651) -> :
    boots of transcendence (12.238) : +0 %, alt : +10.0212 (s: 4.7651), from: bwl
    boots of pure thought (5.55341) : -1.86868 %, alt : +6.58651, from: bwl
- . - ' - . - ' - . - ' - . - ' - . - ' - . -
finger, primalist's seal (7.38275), alt: 5.004 -> :
    pure elementium band (7.45679) : +0.0206966 %, alt : +5.59159, from: bwl
    primalist's seal (7.38275) : +0 %, alt : +5.00399, from: zg
- . - ' - . - ' - . - ' - . - ' - . - ' - . -
finger 2, pure elementium band (7.74185), alt: 5.59158 -> :
    primalist's seal (4.67856) : -0.85634 %, alt : +5.00399, from: zg
    primalist's band (2.74652) : -1.39644 %, alt : +4.20108, from: zg
- . - ' - . - ' - . - ' - . - ' - . - ' - . -
trinket, hazza'rah's charm of healing (14.413), alt: 12.3968 -> :
    hazza'rah's charm of healing (14.413) : +0 %, alt : +12.3968, from: zg
    darkmoon card: blue dragon (-21.848) : -10.1367 %, alt : +4.58843, from: 
- . - ' - . - ' - . - ' - . - ' - . - ' - . -
trinket 2, rejuvenating gem (12.1671), alt: 8.38943 -> :
    hazza'rah's charm of healing (0) : -3.4013 %, alt : +12.3968, from: zg
    darkmoon card: blue dragon (6.1116) : -1.69281 %, alt : +4.58843, from: 
- - - - - - - - - - - - - - - - - - - - - - - - - - - - - - - - - - - - - - - - - 
| Upgrades at best in slot level, from start item to candidate, partial bonuses: 0: |
  alt scores are from least squares fit, special score from e.g. set bonuses as s are part of em
. . . . . . . . . . . . . . . . . . . . . . . . . . . . . . . . . . . . . . . . . 
- . - ' - . - ' - . - ' - . - ' - . - ' - . -
head, zulian headdress (12.6181), alt: 6.42032 -> :
    crystal adorned crown (16.3398) : +1.06607 %, alt : +9.12357, from: azuregos
    mish'undare circlet of mind flayer (9.50629) : -0.891382 %, alt : +7.78462, from: bwl
    halo of transcendence (14.3983) : +0.509943 %, alt : +7.37523, from: onyxia
- . - ' - . - ' - . - ' - . - ' - . - ' - . -
neck, jin'do's evil eye (5.45551), alt: 4.66043 -> :
- . - ' - . - ' - . - ' - . - ' - . - ' - . -
shoulders, pauldrons of transcendence (6.67688), alt: 4.83527 -> :
    zandalar confessor's mantle (8.2692) : +0.453355 %, alt : +6.38272, from: zg
    pauldrons of transcendence (6.67688) : +0 %, alt : +4.83527, from: bwl
- . - ' - . - ' - . - ' - . - ' - . - ' - . -
back, hide of the wild (6.20215), alt: 3.96832 -> :
    shroud of pure thought (7.53299) : +0.378627 %, alt : +5.54655, from: bwl
    drape of benediction (6.27237) : +0.019978 %, alt : +3.95858, from: azuregos
- . - ' - . - ' - . - ' - . - ' - . - ' - . -
chest, robes of prophecy (4.67386), alt: 4.98254 -> :
    robes of transcendence (23.8181) : +5.73735 %, alt : +21.8997 (s: 14.2953), from: bwl
    truefaith vestments (10.5427) : +1.75884 %, alt : +7.82959, from: tailoring bop
- . - ' - . - ' - . - ' - . - ' - . - ' - . -
wrists, bindings of transcendence (6.02094), alt: 4.73273 -> :
    bindings of transcendence (6.02094) : +0 %, alt : +4.73273, from: bwl
    vambraces of prophecy (4.76801) : -0.35386 %, alt : +4.37973, from: mc
- . - ' - . - ' - . - ' - . - ' - . - ' - . -
two-hand, benediction (20.6659), alt: 14.0033 -> :
    lok'amir il romathis and lei of the lifegiver (21.8731) : +0.342151 %, alt : +13.5981, from: bwl, av rep
- . - ' - . - ' - . - ' - . - ' - . - ' - . -
ranged, dragon's touch (2.05292), alt: 1.33765 -> :
    essence gatherer (2.76343) : +0.201786 %, alt : +2.34322, from: bwl
    lunar wand of healing (2.37897) : +0.0925985 %, alt : +1.54251, from: random green
- . - ' - . - ' - . - ' - . - ' - . - ' - . -
hands, handguards of transcendence (5.3335), alt: 6.02115 -> :
    handguards of transcendence (5.3335) : +0 %, alt : +6.02115, from: bwl
    gloves of prophecy (5.48816) : +0.0438552 %, alt : +5.84362, from: mc
- . - ' - . - ' - . - ' - . - ' - . - ' - . -
waist, zandalar confessor's bindings (5.65915), alt: 4.39325 -> :
    firemaw's clutch (7.20078) : +0.435886 %, alt : +5.40714, from: bwl
    whipvine cord (6.69376) : +0.292529 %, alt : +5.17358, from: pre-raid
    girdle of prophecy (4.80499) : -0.241508 %, alt : +4.53925, from: mc
- . - ' - . - ' - . - ' - . - ' - . - ' - . -
legs, empowered leggings (12.0358), alt: 9.99228 -> :
    leggings of transcendence (24.6124) : +3.69634 %, alt : +23.5674 (s: 14.2953), from: mc
- . - ' - . - ' - . - ' - . - ' - . - ' - . -
feet, boots of transcendence (21.1152), alt: 19.5514 (s: 14.2953) -> :
    boots of transcendence (21.1152) : +0 %, alt : +19.5514 (s: 14.2953), from: bwl
    boots of pure thought (8.49216) : -3.57775 %, alt : +6.58651, from: bwl
- . - ' - . - ' - . - ' - . - ' - . - ' - . -
finger, primalist's seal (4.39493), alt: 3.73141 -> :
    pure elementium band (6.98584) : +0.73434 %, alt : +5.59159, from: bwl
- . - ' - . - ' - . - ' - . - ' - . - ' - . -
finger 2, pure elementium band (9.60864), alt: 5.59158 -> :
- . - ' - . - ' - . - ' - . - ' - . - ' - . -
trinket, hazza'rah's charm of healing (13.3587), alt: 12.3968 -> :
    hazza'rah's charm of healing (13.3587) : +0 %, alt : +12.3968, from: zg
    darkmoon card: blue dragon (-9.82361) : -6.57054 %, alt : +4.58843, from: 
- . - ' - . - ' - . - ' - . - ' - . - ' - . -
trinket 2, rejuvenating gem (10.4442), alt: 8.38943 -> :
    hazza'rah's charm of healing (0) : -2.96019 %, alt : +12.3968, from: zg
    darkmoon card: blue dragon (6.94794) : -0.990946 %, alt : +4.58843, from: 
- - - - - - - - - - - - - - - - - - - - - - - - - - - - - - - - - - - - - - - - - 
| Upgrades at start level, from start item to candidate, partial bonuses: 1: |
  alt scores are from least squares fit, special score from e.g. set bonuses as s are part of em
. . . . . . . . . . . . . . . . . . . . . . . . . . . . . . . . . . . . . . . . . 
- . - ' - . - ' - . - ' - . - ' - . - ' - . -
head, zulian headdress (8.83484), alt: 6.42032 -> :
    crystal adorned crown (11.2537) : +0.694659 %, alt : +9.12357, from: azuregos
    mish'undare circlet of mind flayer (8.82965) : -0.00148991 %, alt : +7.78462, from: bwl
    halo of transcendence (9.89905) : +0.305625 %, alt : +7.37523, from: onyxia
- . - ' - . - ' - . - ' - . - ' - . - ' - . -
neck, jin'do's evil eye (6.1243), alt: 4.66043 -> :
- . - ' - . - ' - . - ' - . - ' - . - ' - . -
shoulders, pauldrons of transcendence (5.6958), alt: 4.83527 -> :
    pauldrons of transcendence (5.6958) : +0 %, alt : +4.83527, from: bwl
    zandalar confessor's mantle (5.76355) : +0.0194565 %, alt : +4.60884, from: zg
- . - ' - . - ' - . - ' - . - ' - . - ' - . -
back, hide of the wild (4.67679), alt: 3.96832 -> :
    shroud of pure thought (5.95251) : +0.366369 %, alt : +5.54655, from: bwl
    drape of benediction (4.78281) : +0.0304468 %, alt : +3.95858, from: azuregos
- . - ' - . - ' - . - ' - . - ' - . - ' - . -
chest, robes of prophecy (5.42456), alt: 5.51016 -> :
    truefaith vestments (7.56735) : +0.615378 %, alt : +7.82959, from: tailoring bop
    robes of transcendence (7.40421) : +0.568524 %, alt : +7.60444, from: bwl
- . - ' - . - ' - . - ' - . - ' - . - ' - . -
wrists, bindings of transcendence (5.49265), alt: 4.73273 -> :
    vambraces of prophecy (4.5892) : -0.259455 %, alt : +5.43496, from: mc
    bindings of transcendence (5.49265) : +0 %, alt : +4.73273, from: bwl
- . - ' - . - ' - . - ' - . - ' - . - ' - . -
two-hand, benediction (15.8585), alt: 14.0033 -> :
- . - ' - . - ' - . - ' - . - ' - . - ' - . -
ranged, dragon's touch (1.50162), alt: 1.33765 -> :
    essence gatherer (2.21982) : +0.206256 %, alt : +2.34322, from: bwl
    lunar wand of healing (-0.747375) : -0.645877 %, alt : +1.54251, from: random green
- . - ' - . - ' - . - ' - . - ' - . - ' - . -
hands, handguards of transcendence (5.83548), alt: 6.02115 -> :
    gloves of prophecy (6.02975) : +0.0557928 %, alt : +6.89885, from: mc
    handguards of transcendence (5.83548) : +0 %, alt : +6.02115, from: bwl
- . - ' - . - ' - . - ' - . - ' - . - ' - . -
waist, zandalar confessor's bindings (7.94498), alt: 6.16714 -> :
    girdle of prophecy (4.87186) : -0.882554 %, alt : +5.59448, from: mc
- . - ' - . - ' - . - ' - . - ' - . - ' - . -
legs, empowered leggings (12.0282), alt: 9.99228 -> :
    leggings of transcendence (11.6471) : -0.109447 %, alt : +9.27207, from: mc
- . - ' - . - ' - . - ' - . - ' - . - ' - . -
feet, boots of transcendence (6.33936), alt: 5.2561 -> :
    boots of pure thought (5.95221) : -0.111183 %, alt : +6.58651, from: bwl
    boots of transcendence (6.33936) : +0 %, alt : +5.2561, from: bwl
- . - ' - . - ' - . - ' - . - ' - . - ' - . -
finger, primalist's seal (6.19275), alt: 5.004 -> :
    pure elementium band (4.06815) : -0.610154 %, alt : +5.59159, from: bwl
    primalist's seal (6.19275) : +0 %, alt : +5.00399, from: zg
- . - ' - . - ' - . - ' - . - ' - . - ' - . -
finger 2, pure elementium band (7.08392), alt: 5.59158 -> :
    primalist's seal (4.95923) : -0.61018 %, alt : +5.00399, from: zg
    primalist's band (2.80316) : -1.22937 %, alt : +4.20108, from: zg
- . - ' - . - ' - . - ' - . - ' - . - ' - . -
trinket, hazza'rah's charm of healing (13.0079), alt: 12.3968 -> :
    hazza'rah's charm of healing (13.0079) : +0 %, alt : +12.3968, from: zg
    darkmoon card: blue dragon (5.88583) : -2.04536 %, alt : +4.58843, from: 
- . - ' - . - ' - . - ' - . - ' - . - ' - . -
trinket 2, rejuvenating gem (12.0556), alt: 8.38943 -> :
    hazza'rah's charm of healing (0) : -3.4622 %, alt : +12.3968, from: zg
    darkmoon card: blue dragon (7.14151) : -1.41126 %, alt : +4.58843, from: 
- - - - - - - - - - - - - - - - - - - - - - - - - - - - - - - - - - - - - - - - - 
| Upgrades at start level, from start item to candidate, partial bonuses: 0: |
  alt scores are from least squares fit, special score from e.g. set bonuses as s are part of em
. . . . . . . . . . . . . . . . . . . . . . . . . . . . . . . . . . . . . . . . . 
- . - ' - . - ' - . - ' - . - ' - . - ' - . -
head, zulian headdress (10.1221), alt: 6.42032 -> :
    crystal adorned crown (10.4143) : +0.084546 %, alt : +9.12357, from: azuregos
    mish'undare circlet of mind flayer (8.86664) : -0.363299 %, alt : +7.78462, from: bwl
    halo of transcendence (10.744) : +0.179936 %, alt : +7.37523, from: onyxia
- . - ' - . - ' - . - ' - . - ' - . - ' - . -
neck, jin'do's evil eye (7.66235), alt: 4.66043 -> :
- . - ' - . - ' - . - ' - . - ' - . - ' - . -
shoulders, pauldrons of transcendence (6.50235), alt: 4.83527 -> :
    pauldrons of transcendence (6.50235) : +0 %, alt : +4.83527, from: bwl
    zandalar confessor's mantle (6.44638) : -0.0161957 %, alt : +4.60884, from: zg
- . - ' - . - ' - . - ' - . - ' - . - ' - . -
back, hide of the wild (5.52173), alt: 3.96832 -> :
    shroud of pure thought (6.86621) : +0.389049 %, alt : +5.54655, from: bwl
    drape of benediction (5.52908) : +0.00212822 %, alt : +3.95858, from: azuregos
- . - ' - . - ' - . - ' - . - ' - . - ' - . -
chest, robes of prophecy (6.17444), alt: 4.98254 -> :
    truefaith vestments (7.10889) : +0.270399 %, alt : +7.82959, from: tailoring bop
    robes of transcendence (9.00275) : +0.81842 %, alt : +7.60444, from: bwl
- . - ' - . - ' - . - ' - . - ' - . - ' - . -
wrists, bindings of transcendence (7.51547), alt: 4.73273 -> :
    bindings of transcendence (7.51547) : +0 %, alt : +4.73273, from: bwl
- . - ' - . - ' - . - ' - . - ' - . - ' - . -
two-hand, benediction (16.9898), alt: 14.0033 -> :
    lok'amir il romathis and lei of the lifegiver (18.8756) : +0.54569 %, alt : +13.5981, from: bwl, av rep
- . - ' - . - ' - . - ' - . - ' - . - ' - . -
ranged, dragon's touch (1.62912), alt: 1.33765 -> :
    essence gatherer (2.21674) : +0.170037 %, alt : +2.34322, from: bwl
    lunar wand of healing (2.50674) : +0.253956 %, alt : +1.54251, from: random green
- . - ' - . - ' - . - ' - . - ' - . - ' - . -
hands, handguards of transcendence (8.16675), alt: 6.02115 -> :
    handguards of transcendence (8.16675) : +0 %, alt : +6.02115, from: bwl
    gloves of prophecy (8.56287) : +0.114624 %, alt : +5.84362, from: mc
- . - ' - . - ' - . - ' - . - ' - . - ' - . -
waist, zandalar confessor's bindings (8.73373), alt: 6.16714 -> :
- . - ' - . - ' - . - ' - . - ' - . - ' - . -
legs, empowered leggings (12.1989), alt: 9.99228 -> :
    leggings of transcendence (9.79004) : -0.697059 %, alt : +9.27207, from: mc
- . - ' - . - ' - . - ' - . - ' - . - ' - . -
feet, boots of transcendence (7.12277), alt: 5.2561 -> :
    boots of pure thought (8.95746) : +0.530898 %, alt : +6.58651, from: bwl
    boots of transcendence (7.12277) : +0 %, alt : +5.2561, from: bwl
- . - ' - . - ' - . - ' - . - ' - . - ' - . -
finger, primalist's seal (6.59537), alt: 3.73141 -> :
    pure elementium band (8.647) : +0.593677 %, alt : +5.59159, from: bwl
- . - ' - . - ' - . - ' - . - ' - . - ' - . -
finger 2, pure elementium band (9.14539), alt: 5.59158 -> :
- . - ' - . - ' - . - ' - . - ' - . - ' - . -
trinket, hazza'rah's charm of healing (13.478), alt: 12.3968 -> :
    hazza'rah's charm of healing (13.478) : +0 %, alt : +12.3968, from: zg
    darkmoon card: blue dragon (6.45084) : -2.03343 %, alt : +4.58843, from: 
- . - ' - . - ' - . - ' - . - ' - . - ' - . -
trinket 2, rejuvenating gem (12.4905), alt: 8.38943 -> :
    hazza'rah's charm of healing (0) : -3.61435 %, alt : +12.3968, from: zg
    darkmoon card: blue dragon (6.86673) : -1.62734 %, alt : +4.58843, from: 
------------------
Best value: 356.823
