Your call: ./css 4 ../items/phase5.csv ban_tmp_phase4.txt no-locks innuendo_bwl_speed_phase4 -a ../confs/wcl_bwl_speed_log.csv -l innuendo_speed.txt 
Found: -a, val: ../confs/wcl_bwl_speed_log.csv
./css 4 ../items/phase5.csv ban_tmp_phase4.txt no-locks innuendo_bwl_speed_phase4 -l innuendo_speed.txt 
Found key: buff_fraction, saw val: 1
Found key: healing_from_crit_fraction, saw val: 0.2
Found key: transc8_exists, saw val: 0
Found key: enchantments, saw val: 1
Found key: fort, saw val: 1
Found key: motw, saw val: 1
Found key: spirit, saw val: 1
Found key: ai, saw val: 1
Found key: flask, saw val: 1
Found key: holy_disc, saw val: 0
Found key: min_combat_length, saw val: 2
Found key: max_log_entry_diff_in_combat, saw val: 10
Found key: precast, saw val: 1
Found key: swap_cast, saw val: 1
Found key: time_step, saw val: 0.1
Found key: reaction_time, saw val: 0.1
Found key: skip_player, saw val: Paisti
Found key: use_deficit_time_sum, saw val: 0
Found key: wcl_log, saw val: 1
Found: -l, val: innuendo_speed.txt
./css 4 ../items/phase5.csv ban_tmp_phase4.txt no-locks innuendo_bwl_speed_phase4 
Will read log from: innuendo_speed.txt
./css 4 ../items/phase5.csv ban_tmp_phase4.txt no-locks innuendo_bwl_speed_phase4 
./css 4 ../items/phase5.csv ban_tmp_phase4.txt no-locks innuendo_bwl_speed_phase4 
Shuffle seed: 2416673600
Reading banned from: ban_tmp_phase4.txt
Banning: aq20
Banning: aq40
Banning: naxx
Banning: neltharion's tear
Banning: lok'amir il romathis
Banning: choker of the fire lord
Reading WCL parsed log: innuendo_speed.txt
Saw 17893 lines of log, with 17893 log lines
Sorting by timestamp...
Sorted.
Pruning log from: 17893 entries.
Combat from 0 to 12.866 s
Combat from 50.898 to 126.431 s
Combat from 129.408 to 219.315 s
Combat from 228.306 to 250.521 s
Combat from 252.553 to 333.926 s
Combat from 351.288 to 373.561 s
Combat from 399.962 to 417.715 s
Combat from 437.186 to 467.151 s
Combat from 490.203 to 742.683 s
Combat from 761.62 to 979.419 s
Combat from 996.011 to 1077.49 s
Combat from 1097.62 to 1170.07 s
Combat from 1189.91 to 1330.38 s
Combat from 1345.37 to 1420.81 s
Pruned to: 17778 entries.
----------------------------------------------------------
---- Baseline results without simulated player input: ----
----------------------------------------------------------
oh_limit: 0.9
time_left_mul: 0.5
total_deficit_to_pop_trinkets: 10000
in combat total: 1193.9
Total time casting: 0, which is: 0% of time in combat.
Total hps: 0, raw hps: 0, oh: -nan
Deficit time sum: 9.81589e+10, baseline: 0
Deficit*time change / s: -8.22171e+07 hp
Number of combats: 14
Average mana at start of combat: 0
Average mana at end of combat: 0
Other players with hps > 100:
  Afrit : 209.112 hps
  Chainwhat : 195.447 hps
  Killu : 125.628 hps
  Lucypoo : 136.209 hps
  Mumfie : 197.954 hps
  Notdonaldj : 195.341 hps
  Sipsen : 188.786 hps
  Socialbidrag : 193.675 hps
  Tjejman : 163.769 hps
  Wristicles : 216.137 hps
Skip player from: Paisti to: Wristicles
Reading WCL parsed log: innuendo_speed.txt
Saw 17893 lines of log, with 17893 log lines
Sorting by timestamp...
Sorted.
Pruning log from: 17893 entries.
Combat from 0 to 12.866 s
Combat from 50.898 to 126.431 s
Combat from 129.408 to 219.315 s
Combat from 228.306 to 250.521 s
Combat from 252.553 to 333.926 s
Combat from 351.288 to 373.561 s
Combat from 399.962 to 417.715 s
Combat from 437.186 to 467.151 s
Combat from 490.203 to 742.683 s
Combat from 761.62 to 979.419 s
Combat from 996.011 to 1077.49 s
Combat from 1097.62 to 1170.07 s
Combat from 1189.91 to 1330.38 s
Combat from 1345.37 to 1420.81 s
Pruned to: 17387 entries.
Skipped player entries: 395
Baseline results again due to changed skipped player
oh_limit: 0.9
time_left_mul: 0.5
total_deficit_to_pop_trinkets: 10000
in combat total: 1193.9
Total time casting: 0, which is: 0% of time in combat.
Total hps: 0, raw hps: 0, oh: -nan
Deficit time sum: 1.7822e+11, baseline: 0
Deficit*time change / s: -1.49275e+08 hp
Number of combats: 14
Average mana at start of combat: 0
Average mana at end of combat: 0
Other players with hps > 100:
  Afrit : 223.455 hps
  Chainwhat : 209.5 hps
  Killu : 133.673 hps
  Lucypoo : 146.044 hps
  Mumfie : 204.916 hps
  Notdonaldj : 209.26 hps
  Sipsen : 203.321 hps
  Socialbidrag : 218.393 hps
  Tjejman : 177.645 hps
Reading tmp locked from: start_with.txt
Locking: anastari heirloom
Locking: anathema
Locking: animated chain necklace
Locking: argent crusader
Locking: atal'ai gloves of the owl
Locking: ban'thok sash
Locking: banshee finger
Locking: benediction
Locking: blood of the martyr
Locking: briarwood reed
Locking: burial shawl
Locking: clutch of andros
Locking: crimson felt hat
Locking: cyclopean band
Locking: devout belt
Locking: devout bracers
Locking: devout crown
Locking: devout mantle
Locking: devout robe
Locking: devout sandals
Locking: devout skirt
Locking: dragon finger of healing
Locking: dragon finger of intellect
Locking: dragonrider boots
Locking: dragonslayer's signet
Locking: drakefire amulet
Locking: dreadmist mantle
Locking: dreamweave circlet
Locking: dreamweave gloves
Locking: dreamweave vest
Locking: elder magus pendant
Locking: eye of the beast
Locking: fordring's seal
Locking: girdle of prophecy
Locking: gloves of prophecy
Locking: grimgore noose
Locking: halo of transcendence
Locking: heart of the fiend
Locking: hide of the wild
Locking: kentic amice
Locking: magister's robes
Locking: maleki's footwraps
Locking: mindtap talisman
Locking: nature's breath
Locking: necropile boots
Locking: necropile cuffs
Locking: necropile leggings
Locking: necropile mantle
Locking: necropile robe
Locking: noxious shooter
Locking: omnicast boots
Locking: orb of the forgotten seer
Locking: padre's trousers
Locking: penelope's rose
Locking: quel'dorai channeling rod
Locking: raincaster drape
Locking: rainstrider leggings
Locking: ring of demonic guile
Locking: ring of demonic guile
Locking: robes of prophecy
Locking: robes of the exalted
Locking: robes of the royal crown
Locking: rod of corrosion
Locking: rosewine circle
Locking: royal seal of eldre'thalas
Locking: royal tribunal cloak
Locking: sarah's guide
Locking: seal of rivendare
Locking: seal of rivendare
Locking: shadowy laced handwraps
Locking: silkweb gloves
Locking: soulstealer mantle
Locking: spellbound tome
Locking: spritecaster cape
Locking: star of mystaria
Locking: starfire tiara
Locking: stormrager
Locking: sublime wristguards
Locking: the hammer of grace
Locking: the postmaster's treads
Locking: thuzadin sash
Locking: triune amulet
Locking: vinerot sandals
Locking: whipvine cord
Locking: wolfshear leggings
Locking: boots of the full moon
Locking: mantle of prophecy
Locking: dragon's touch
Locking: bindings of transcendence
Locking: shimmering geta
Locking: empowered leggings
Locking: seal of the archmagus
Locking: circlet of prophecy
Locking: boots of prophecy
Locking: pauldrons of transcendence
Locking: primalist's seal
Locking: zandalar confessor's bindings
Locking: zulian headdress
Locking: mar'li's eye
Locking: shroud of pure thought
Locking: belt of transcendence
Locking: jin'do's evil eye
Locking: primalist's band
Locking: zandalarian hero charm
Locking: zandalar confessor's mantle
Locking: zandalar confessor's wraps 
Locking: pure elementium band
Locking: truefaith vestments
Locking: vambraces of prophecy
Locking: hazza'rah's charm of healing
Locking: handguards of transcendence
Locking: boots of transcendence
Locking: darkmoon card: blue dragon
Locking: rejuvenating gem
Optimizing start items...

*** NEW BEST (1): 199.026

*** NEW BEST (1): 202.3

*** NEW BEST (1): 210.693

*** NEW BEST (1): 222.294

*** NEW BEST (1): 228.089

*** NEW BEST (1): 237.503

*** NEW BEST (1): 240.006

*** NEW BEST (1): 243.65

*** NEW BEST (1): 250.473

*** NEW BEST (1): 259.497

*** NEW BEST (1): 263.15

*** NEW BEST (1): 265.804

*** NEW BEST (1): 273.334

*** NEW BEST (1): 274.931

*** NEW BEST (1): 276.523
*
*** NEW BEST (1): 276.53

*** NEW BEST (1): 277.706

*** NEW BEST (1): 278.08
*
*** NEW BEST (1): 278.783

*** NEW BEST (1): 279.16

*** NEW BEST (1): 285.904
****
*** NEW BEST (1): 285.948

*** NEW BEST (1): 286.883
*****
*** NEW BEST (0): 258.695
Based on last: 3000 entries, out of total: 3229 entries, The least-squares solution is:
Int: 92.5694
Spirit: 37.5343
Sp / Healing: 100
Mp5: 54.615
Crit: 465.638
T1 3p/piece: 313.919
T2 3p/piece: 0
Hazza'rah's: 20371.3
Darkmoon: 4071.14
100 points == 1 sp == 0.0756239 hps.
neck : animated chain necklace -> jin'do's evil eye => val: 258.695 -> 259.563

*** NEW BEST (0): 259.563
Based on last: 3000 entries, out of total: 3250 entries, The least-squares solution is:
Int: 92.0518
Spirit: 33.13
Sp / Healing: 100
Mp5: 46.6627
Crit: 512.234
T1 3p/piece: 264.596
T2 3p/piece: 0
Hazza'rah's: 19936.8
Darkmoon: 3991.86
100 points == 1 sp == 0.0771259 hps.
trinket : briarwood reed -> rejuvenating gem => val: 259.563 -> 265.548

*** NEW BEST (0): 265.548
Based on last: 3000 entries, out of total: 3257 entries, The least-squares solution is:
Int: 92.1737
Spirit: 32.9421
Sp / Healing: 100
Mp5: 46.7325
Crit: 524.15
T1 3p/piece: 256.032
T2 3p/piece: 0
Hazza'rah's: 19942.9
Darkmoon: 4042.12
100 points == 1 sp == 0.0771038 hps.
chest : dreamweave vest -> robes of the exalted => val: 265.548 -> 269.75

*** NEW BEST (0): 269.75
Based on last: 3000 entries, out of total: 3262 entries, The least-squares solution is:
Int: 92.2313
Spirit: 32.9857
Sp / Healing: 100
Mp5: 46.5876
Crit: 521.736
T1 3p/piece: 255.402
T2 3p/piece: 0
Hazza'rah's: 19935.3
Darkmoon: 4040.91
100 points == 1 sp == 0.077127 hps.
finger : fordring's seal -> primalist's seal => val: 269.75 -> 269.792

*** NEW BEST (0): 269.792
Based on last: 3000 entries, out of total: 3279 entries, The least-squares solution is:
Int: 91.3021
Spirit: 33.0566
Sp / Healing: 100
Mp5: 45.8034
Crit: 510.579
T1 3p/piece: 307.01
T2 3p/piece: 0
Hazza'rah's: 18929.8
Darkmoon: 4022.34
100 points == 1 sp == 0.0774831 hps.
wrists : vambraces of prophecy -> bindings of transcendence => val: 269.792 -> 270.497

*** NEW BEST (0): 270.497
Based on last: 3000 entries, out of total: 3294 entries, The least-squares solution is:
Int: 91.3671
Spirit: 32.9616
Sp / Healing: 100
Mp5: 44.0917
Crit: 513.436
T1 3p/piece: 309.764
T2 3p/piece: 0
Hazza'rah's: 18875.7
Darkmoon: 4012.04
100 points == 1 sp == 0.077682 hps.
feet : boots of the full moon -> boots of transcendence => val: 270.141 -> 273.299

*** NEW BEST (0): 273.299
Based on last: 3000 entries, out of total: 3337 entries, The least-squares solution is:
Int: 92.3896
Spirit: 32.4006
Sp / Healing: 100
Mp5: 43.5615
Crit: 509.347
T1 3p/piece: 325.646
T2 3p/piece: 0
Hazza'rah's: 18874.3
Darkmoon: 4011.93
100 points == 1 sp == 0.077684 hps.
head : circlet of prophecy -> halo of transcendence => val: 273.299 -> 275.287

*** NEW BEST (0): 275.287
Based on last: 3000 entries, out of total: 3340 entries, The least-squares solution is:
Int: 92.4983
Spirit: 32.3718
Sp / Healing: 100
Mp5: 43.7168
Crit: 509.434
T1 3p/piece: 325.217
T2 3p/piece: 0
Hazza'rah's: 18880.6
Darkmoon: 4013.22
100 points == 1 sp == 0.0776591 hps.
*********
Read starting items and cleared locks.
 ----------------------------
 --- head --- 
name: halo of transcendence
slot: head
intelligence: 27
stamina: 17
spirit: 22
sp_healing: 48
fire_res: 10
frost_res: 10
armor: 94
 ----------------------------
 --- neck --- 
name: jin'do's evil eye
slot: neck
intelligence: 11
stamina: 5
spirit: 6
sp_healing: 44
 ----------------------------
 --- shoulders --- 
name: zandalar confessor's mantle
slot: shoulders
intelligence: 24
stamina: 11
spirit: 15
sp_healing: 22
armor: 78
 ----------------------------
 --- back --- 
name: hide of the wild
slot: back
intelligence: 10
stamina: 8
sp_healing: 42
armor: 48
 ----------------------------
 --- chest --- 
name: robes of the exalted
slot: chest
intelligence: 5
spirit: 11
sp_healing: 68
armor: 89
 ----------------------------
 --- wrists --- 
name: bindings of transcendence
slot: wrists
intelligence: 13
stamina: 9
spirit: 16
sp_healing: 33
armor: 51
 ----------------------------
 ---  --- 
name: 
slot: 
 ----------------------------
 --- main hand --- 
name: the hammer of grace
slot: main hand
sp_healing: 31
 ----------------------------
 ---  --- 
name: 
slot: 
 ----------------------------
 --- off hand --- 
name: orb of the forgotten seer
slot: off hand
sp: 12
 ----------------------------
 --- ranged --- 
name: dragon's touch
slot: ranged
intelligence: 12
stamina: 7
sp: 6
 ----------------------------
 --- hands --- 
name: handguards of transcendence
slot: hands
intelligence: 20
stamina: 12
spirit: 13
sp_healing: 29
spell_crit: 1
armor: 72
 ----------------------------
 --- waist --- 
name: ban'thok sash
slot: waist
intelligence: 11
stamina: 10
sp: 12
spell_hit: 1
armor: 43
 ----------------------------
 --- legs --- 
name: empowered leggings
slot: legs
intelligence: 12
stamina: 12
spirit: 24
sp_healing: 77
spell_crit: 1
armor: 103
 ----------------------------
 --- feet --- 
name: boots of transcendence
slot: feet
intelligence: 17
stamina: 17
spirit: 17
sp_healing: 35
fire_res: 10
armor: 80
 ----------------------------
 --- finger --- 
name: primalist's seal
slot: finger
intelligence: 12
spirit: 8
sp_healing: 29
 ----------------------------
 --- finger --- 
name: pure elementium band
slot: finger
intelligence: 10
stamina: 9
spirit: 10
sp_healing: 53
 ----------------------------
 --- trinket --- 
name: rejuvenating gem
slot: trinket
sp_healing: 66
mp5: 9
 ----------------------------
 --- trinket --- 
name: hazza'rah's charm of healing
slot: trinket
 ----------------------------
 --- Set bonuses ---
name: confessor's 2 hazza'rah's 1 transcendence 3 
slot: Set bonuses
sp: 23
 --- And counts for start items ---
oh_limit: 0.9
time_left_mul: 0.5
total_deficit_to_pop_trinkets: 10000
in combat total: 1193.9
Flash Heal 1, casts: 34, avg: 455.31, 4.71013%, cast time 4.27171% of in combat, overheal: 0.222806
Flash Heal 2, casts: 11, avg: 542.012, 1.81405%, cast time 1.38203% of in combat, overheal: 0.194186
Flash Heal 3, casts: 7, avg: 746.888, 1.59074%, cast time 0.879471% of in combat, overheal: 0.0075055
Flash Heal 4, casts: 17, avg: 804.827, 4.16292%, cast time 2.13586% of in combat, overheal: 0.0392847
Flash Heal 5, casts: 15, avg: 926.401, 4.22802%, cast time 1.88458% of in combat, overheal: 0.0506807
Flash Heal 6, casts: 19, avg: 1030.35, 5.9564%, cast time 2.38713% of in combat, overheal: 0.0824852
Flash Heal 7, casts: 131, avg: 1224.81, 48.8189%, cast time 16.4587% of in combat, overheal: 0.0667586
Greater Heal 1, casts: 3, avg: 1745.55, 1.59331%, cast time 0.628193% of in combat, overheal: 0
Greater Heal 1 hazz, casts: 7, avg: 1161.73, 2.47428%, cast time 0.879471% of in combat, overheal: 0.334463
Greater Heal 2 hazz, casts: 4, avg: 1119.39, 1.36235%, cast time 0.502555% of in combat, overheal: 0.44749
Greater Heal 3 hazz, casts: 2, avg: 1154, 0.702235%, cast time 0.251277% of in combat, overheal: 0.508968
Greater Heal 4, casts: 10, avg: 2618.46, 7.96696%, cast time 2.09398% of in combat, overheal: 0.0408806
Greater Heal 4 hazz, casts: 13, avg: 2518.14, 9.96022%, cast time 1.6333% of in combat, overheal: 0.0776295
Heal 2, casts: 11, avg: 1220.48, 4.0848%, cast time 2.30338% of in combat, overheal: 0
Heal 4, casts: 1, avg: 1888.86, 0.574707%, cast time 0.209398% of in combat, overheal: 0
Total time casting: 452.5, which is: 37.901% of time in combat.
Total hps: 275.287, raw hps: 304.125, oh: 0.0948236
Deficit time sum: 9.9484e+10, baseline: 1.7822e+11
Deficit*time change / s: 6.59484e+07 hp
Number of combats: 14
Average mana at start of combat: 9531.24
Average mana at end of combat: 7739.8
Other players with hps > 100:
  Afrit : 202.122 hps
  Chainwhat : 186.214 hps
  Killu : 127.178 hps
  Lucypoo : 133.013 hps
  Mumfie : 195.093 hps
  Notdonaldj : 191.705 hps
  Sipsen : 181.513 hps
  Socialbidrag : 200.951 hps
  Tjejman : 161.169 hps
Reading locked from: no-locks
Setting tag name to: innuendo_bwl_speed_phase4
.
*** NEW BEST (1): 341.414

*** NEW BEST (1): 342.431
.
*** NEW BEST (1): 343.488
.Temporary bans and partial set bonuses off.
.legs : leggings of transcendence -> empowered leggings => val: 337.23 -> 341.563

*** NEW BEST (0): 341.563
two-hand :   fang of the mystics brightly glowing stone -> benediction    => val: 336.904 -> 338.298
finger : primalist's seal -> cauterizing band => val: 338.298 -> 339.185
hands : atal'ai hands of healing -> handguards of transcendence => val: 339.185 -> 340.357
***** INTERMEDIATE RESULTS *****
Iteration: 4
 ----------------------------
 --- head --- 
name: crystal adorned crown
slot: head
intelligence: 14
spirit: 13
sp_healing: 92
armor: 85
 ----------------------------
 --- neck --- 
name: the all-seeing eye of zuldazar
slot: neck
intelligence: 8
stamina: 8
spirit: 13
sp_healing: 18
 ----------------------------
 --- shoulders --- 
name: zandalar confessor's mantle
slot: shoulders
intelligence: 24
stamina: 11
spirit: 15
sp_healing: 22
armor: 78
 ----------------------------
 --- back --- 
name: hide of the wild
slot: back
intelligence: 10
stamina: 8
sp_healing: 42
armor: 48
 ----------------------------
 --- chest --- 
name: robes of transcendence
slot: chest
intelligence: 27
stamina: 17
spirit: 16
sp_healing: 57
nature_res: 10
fire_res: 10
armor: 116
 ----------------------------
 --- wrists --- 
name: bindings of transcendence
slot: wrists
intelligence: 13
stamina: 9
spirit: 16
sp_healing: 33
armor: 51
 ----------------------------
 ---  --- 
name: 
slot: 
 ----------------------------
 --- one-hand --- 
name: fang of the mystics
slot: one-hand
intelligence: 10
sp: 40
mp5: 4
spell_crit: 1
 ----------------------------
 ---  --- 
name: 
slot: 
 ----------------------------
 --- off hand --- 
name: brightly glowing stone
slot: off hand
stamina: 7
sp_healing: 37
 ----------------------------
 --- ranged --- 
name: lunar wand of healing
slot: ranged
sp_healing: 20
 ----------------------------
 --- hands --- 
name: atal'ai hands of healing
slot: hands
sp: 9
sp_healing: 44
armor: 47
 ----------------------------
 --- waist --- 
name: belt of transcendence
slot: waist
intelligence: 26
stamina: 14
spirit: 9
sp_healing: 26
shadow_res: 10
armor: 65
 ----------------------------
 --- legs --- 
name: empowered leggings
slot: legs
intelligence: 12
stamina: 12
spirit: 24
sp_healing: 77
spell_crit: 1
armor: 103
 ----------------------------
 --- feet --- 
name: boots of pure thought
slot: feet
intelligence: 12
stamina: 8
spirit: 12
sp_healing: 62
armor: 74
 ----------------------------
 --- finger --- 
name: primalist's seal
slot: finger
intelligence: 12
spirit: 8
sp_healing: 29
 ----------------------------
 --- finger --- 
name: pure elementium band
slot: finger
intelligence: 10
stamina: 9
spirit: 10
sp_healing: 53
 ----------------------------
 --- trinket --- 
name: rejuvenating gem
slot: trinket
sp_healing: 66
mp5: 9
 ----------------------------
 --- trinket --- 
name: hazza'rah's charm of healing
slot: trinket
 ----------------------------
 --- Set bonuses ---
name: all-seeing 1 confessor's 2 hazza'rah's 1 transcendence 3 
slot: Set bonuses
sp: 23
------------------
Best value: 341.563
------------------
Char stats: 
Effective hp: 8326.4
Effective mana (100 s, 33 % out of fsr): 16836.9
Raw max mana: 10452.3
Int: 416.53
Stam: 378.58
Spirit: 449.88
Strength: 79.58
Agility: 84.18
All stats multiplier (taken into account above): 1.15
Bonus mana: 2000
Bonus hp: 0
Mp5: 163
Sp: 72
Sp shadow: 0
Sp healing: 838
Spell crit: 20
Spell hit: 0
Arcane res: 27
Nature res: 37
Fire res: 37
Frost res: 27
Shadow res: 37
Armor: 2865.75
Defense: 300
Dodge: 0
Parry: 0
HpsPvp: 981.643
ShadowDps: 226.336
Value pvp healing: 2003.53
Value pvp shadow: 106.512
Effective hp-pvp: 10438.3
Effecctive mana for 100 s, 0.33 fsr: 18398.9
------------------
Best counts:
oh_limit: 0.7
time_left_mul: 2.9
total_deficit_to_pop_trinkets: 12155.1
in combat total: 1193.9
Flash Heal 1, casts: 12, avg: 470.035, 1.41985%, cast time 1.50766% of in combat, overheal: 0.26573
Flash Heal 2, casts: 2, avg: 643.956, 0.324202%, cast time 0.251277% of in combat, overheal: 0.114121
Flash Heal 3, casts: 3, avg: 806.805, 0.609284%, cast time 0.376916% of in combat, overheal: 0
Flash Heal 4, casts: 3, avg: 891.99, 0.673614%, cast time 0.376916% of in combat, overheal: 0
Flash Heal 5, casts: 1, avg: 1030.08, 0.2593%, cast time 0.125639% of in combat, overheal: 0
Flash Heal 6, casts: 4, avg: 1177.17, 1.18531%, cast time 0.502555% of in combat, overheal: 0
Flash Heal 7, casts: 16, avg: 1152.66, 4.64248%, cast time 2.01022% of in combat, overheal: 0.156546
Greater Heal 1, casts: 13, avg: 1743.76, 5.70637%, cast time 2.72217% of in combat, overheal: 0.0591782
Greater Heal 1 hazz, casts: 7, avg: 1411.21, 2.48667%, cast time 0.879471% of in combat, overheal: 0.238603
Greater Heal 2 hazz, casts: 4, avg: 1872.39, 1.88532%, cast time 0.502555% of in combat, overheal: 0.122531
Greater Heal 3 hazz, casts: 1, avg: 1671, 0.420636%, cast time 0.125639% of in combat, overheal: 0.320159
Greater Heal 4, casts: 51, avg: 2592.45, 33.2821%, cast time 10.6793% of in combat, overheal: 0.0864478
Greater Heal 4 hazz, casts: 8, avg: 2829.55, 5.6982%, cast time 1.00511% of in combat, overheal: 0.00289706
Heal 2, casts: 99, avg: 1027.65, 25.6101%, cast time 20.7304% of in combat, overheal: 0.226803
Heal 4, casts: 37, avg: 1696.02, 15.7966%, cast time 7.74772% of in combat, overheal: 0.150861
Total time casting: 591.5, which is: 49.5435% of time in combat.
Total hps: 332.738, raw hps: 387.645, oh: 0.141642
Deficit time sum: 8.7282e+10, baseline: 1.7822e+11
Deficit*time change / s: 7.61687e+07 hp
Number of combats: 14
Average mana at start of combat: 9320.82
Average mana at end of combat: 7780.16
Other players with hps > 100:
  Afrit : 203.447 hps
  Chainwhat : 186.785 hps
  Killu : 121.083 hps
  Lucypoo : 128.124 hps
  Mumfie : 187.236 hps
  Notdonaldj : 189.707 hps
  Sipsen : 176.486 hps
  Socialbidrag : 197.488 hps
  Tjejman : 156.366 hps
------------------
Upgrades: 
( following sorted by alt scores, no specials )
, the hammer of grace, , orb of the forgotten seer(3.33936) -> , fang of the mystics, , brightly glowing stone(7.22949) : 3.89014 = +1.18296%
ban'thok sash(1.72208) -> belt of transcendence(4.11307) : 2.39099 = +0.723782%
halo of transcendence(6.22021) -> crystal adorned crown(8.47711) : 2.2569 = +0.682913%
boots of transcendence(4.36661) -> boots of pure thought(5.97855) : 1.61194 = +0.486805%
robes of the exalted(5.91653) -> robes of transcendence(6.76831) : 0.851776 = +0.256647%
dragon's touch(1.32794) -> lunar wand of healing(1.55319) : 0.22525 = +0.0677419%
zandalar confessor's mantle(3.8096) -> zandalar confessor's mantle(3.8096) : 0 = +0%
hide of the wild(3.98001) -> hide of the wild(3.98001) : 0 = +0%
bindings of transcendence(3.8988) -> bindings of transcendence(3.8988) : 0 = +0%
empowered leggings(7.84073) -> empowered leggings(7.84073) : 0 = +0%
primalist's seal(3.31525) -> primalist's seal(3.31525) : 0 = +0%
pure elementium band(5.08566) -> pure elementium band(5.08566) : 0 = +0%
rejuvenating gem(5.43106) -> rejuvenating gem(5.43106) : 0 = +0%
hazza'rah's charm of healing(14.6625) -> hazza'rah's charm of healing(14.6625) : 0 = +0%
handguards of transcendence(4.41122) -> atal'ai hands of healing(4.11594) : -0.295288 = +-0.0886663%
jin'do's evil eye(4.358) -> the all-seeing eye of zuldazar(2.29935) : -2.05865 = +-0.614898%
------------------
~~~~ end of intermediate results ~~~~
Temporary bans and partial set bonuses on.
...Temporary bans and partial set bonuses off.
.finger : primalist's seal -> cauterizing band => val: 326.418 -> 329.463
wrists : zandalar confessor's wraps -> bindings of transcendence => val: 329.463 -> 339.358
hands : atal'ai hands of healing -> handguards of transcendence => val: 339.358 -> 339.45
***** INTERMEDIATE RESULTS *****
Iteration: 8
 ----------------------------
 --- head --- 
name: crystal adorned crown
slot: head
intelligence: 14
spirit: 13
sp_healing: 92
armor: 85
 ----------------------------
 --- neck --- 
name: the all-seeing eye of zuldazar
slot: neck
intelligence: 8
stamina: 8
spirit: 13
sp_healing: 18
 ----------------------------
 --- shoulders --- 
name: zandalar confessor's mantle
slot: shoulders
intelligence: 24
stamina: 11
spirit: 15
sp_healing: 22
armor: 78
 ----------------------------
 --- back --- 
name: hide of the wild
slot: back
intelligence: 10
stamina: 8
sp_healing: 42
armor: 48
 ----------------------------
 --- chest --- 
name: robes of transcendence
slot: chest
intelligence: 27
stamina: 17
spirit: 16
sp_healing: 57
nature_res: 10
fire_res: 10
armor: 116
 ----------------------------
 --- wrists --- 
name: bindings of transcendence
slot: wrists
intelligence: 13
stamina: 9
spirit: 16
sp_healing: 33
armor: 51
 ----------------------------
 ---  --- 
name: 
slot: 
 ----------------------------
 --- one-hand --- 
name: fang of the mystics
slot: one-hand
intelligence: 10
sp: 40
mp5: 4
spell_crit: 1
 ----------------------------
 ---  --- 
name: 
slot: 
 ----------------------------
 --- off hand --- 
name: brightly glowing stone
slot: off hand
stamina: 7
sp_healing: 37
 ----------------------------
 --- ranged --- 
name: lunar wand of healing
slot: ranged
sp_healing: 20
 ----------------------------
 --- hands --- 
name: atal'ai hands of healing
slot: hands
sp: 9
sp_healing: 44
armor: 47
 ----------------------------
 --- waist --- 
name: belt of transcendence
slot: waist
intelligence: 26
stamina: 14
spirit: 9
sp_healing: 26
shadow_res: 10
armor: 65
 ----------------------------
 --- legs --- 
name: empowered leggings
slot: legs
intelligence: 12
stamina: 12
spirit: 24
sp_healing: 77
spell_crit: 1
armor: 103
 ----------------------------
 --- feet --- 
name: boots of pure thought
slot: feet
intelligence: 12
stamina: 8
spirit: 12
sp_healing: 62
armor: 74
 ----------------------------
 --- finger --- 
name: primalist's seal
slot: finger
intelligence: 12
spirit: 8
sp_healing: 29
 ----------------------------
 --- finger --- 
name: pure elementium band
slot: finger
intelligence: 10
stamina: 9
spirit: 10
sp_healing: 53
 ----------------------------
 --- trinket --- 
name: rejuvenating gem
slot: trinket
sp_healing: 66
mp5: 9
 ----------------------------
 --- trinket --- 
name: hazza'rah's charm of healing
slot: trinket
 ----------------------------
 --- Set bonuses ---
name: all-seeing 1 confessor's 2 hazza'rah's 1 transcendence 3 
slot: Set bonuses
sp: 23
------------------
Best value: 341.563
------------------
Char stats: 
Effective hp: 8326.4
Effective mana (100 s, 33 % out of fsr): 16836.9
Raw max mana: 10452.3
Int: 416.53
Stam: 378.58
Spirit: 449.88
Strength: 79.58
Agility: 84.18
All stats multiplier (taken into account above): 1.15
Bonus mana: 2000
Bonus hp: 0
Mp5: 163
Sp: 72
Sp shadow: 0
Sp healing: 838
Spell crit: 20
Spell hit: 0
Arcane res: 27
Nature res: 37
Fire res: 37
Frost res: 27
Shadow res: 37
Armor: 2865.75
Defense: 300
Dodge: 0
Parry: 0
HpsPvp: 981.643
ShadowDps: 226.336
Value pvp healing: 2003.53
Value pvp shadow: 106.512
Effective hp-pvp: 10438.3
Effecctive mana for 100 s, 0.33 fsr: 18398.9
------------------
Best counts:
oh_limit: 0.6
time_left_mul: 2.7
total_deficit_to_pop_trinkets: 8003.58
in combat total: 1193.9
Flash Heal 1, casts: 13, avg: 481.032, 1.55086%, cast time 1.6333% of in combat, overheal: 0.248551
Flash Heal 2, casts: 1, avg: 726.911, 0.180276%, cast time 0.125639% of in combat, overheal: 0
Flash Heal 3, casts: 3, avg: 806.805, 0.600269%, cast time 0.376916% of in combat, overheal: 0
Flash Heal 4, casts: 3, avg: 891.99, 0.663647%, cast time 0.376916% of in combat, overheal: 0
Flash Heal 5, casts: 2, avg: 1011.04, 0.501482%, cast time 0.251277% of in combat, overheal: 0.018486
Flash Heal 6, casts: 4, avg: 1177.17, 1.16777%, cast time 0.502555% of in combat, overheal: 0
Flash Heal 7, casts: 14, avg: 1215.21, 4.21924%, cast time 1.75894% of in combat, overheal: 0.110774
Greater Heal 1, casts: 10, avg: 1793.4, 4.44767%, cast time 2.09398% of in combat, overheal: 0.032396
Greater Heal 1 hazz, casts: 8, avg: 1358.31, 2.69491%, cast time 1.00511% of in combat, overheal: 0.267145
Greater Heal 2 hazz, casts: 7, avg: 1749.2, 3.03665%, cast time 0.879471% of in combat, overheal: 0.180261
Greater Heal 3 hazz, casts: 1, avg: 1671, 0.414412%, cast time 0.125639% of in combat, overheal: 0.320159
Greater Heal 4, casts: 55, avg: 2603.68, 35.5146%, cast time 11.5169% of in combat, overheal: 0.0824897
Greater Heal 4 hazz, casts: 8, avg: 2758.2, 5.47233%, cast time 1.00511% of in combat, overheal: 0.0280388
Heal 2, casts: 93, avg: 1111.25, 25.6302%, cast time 19.474% of in combat, overheal: 0.163902
Heal 4, casts: 29, avg: 1933.47, 13.9056%, cast time 6.07254% of in combat, overheal: 0.0319804
Total time casting: 563.5, which is: 47.1983% of time in combat.
Total hps: 337.735, raw hps: 377.847, oh: 0.106159
Deficit time sum: 8.99866e+10, baseline: 1.7822e+11
Deficit*time change / s: 7.39033e+07 hp
Number of combats: 14
Average mana at start of combat: 9347.29
Average mana at end of combat: 7853.69
Other players with hps > 100:
  Afrit : 200.86 hps
  Chainwhat : 185.34 hps
  Killu : 119.392 hps
  Lucypoo : 129.763 hps
  Mumfie : 186.63 hps
  Notdonaldj : 188.985 hps
  Sipsen : 175.403 hps
  Socialbidrag : 195.473 hps
  Tjejman : 156.801 hps
------------------
Upgrades: 
( following sorted by alt scores, no specials )
, the hammer of grace, , orb of the forgotten seer(3.33936) -> , fang of the mystics, , brightly glowing stone(7.22949) : 3.89014 = +1.16525%
ban'thok sash(1.72208) -> belt of transcendence(4.11307) : 2.39099 = +0.712997%
halo of transcendence(6.22021) -> crystal adorned crown(8.47711) : 2.2569 = +0.672741%
boots of transcendence(4.36661) -> boots of pure thought(5.97855) : 1.61194 = +0.479568%
robes of the exalted(5.91653) -> robes of transcendence(6.76831) : 0.851776 = +0.25284%
dragon's touch(1.32794) -> lunar wand of healing(1.55319) : 0.22525 = +0.0667389%
zandalar confessor's mantle(3.8096) -> zandalar confessor's mantle(3.8096) : 0 = +0%
hide of the wild(3.98001) -> hide of the wild(3.98001) : 0 = +0%
bindings of transcendence(3.8988) -> bindings of transcendence(3.8988) : 0 = +0%
empowered leggings(7.84073) -> empowered leggings(7.84073) : 0 = +0%
primalist's seal(3.31525) -> primalist's seal(3.31525) : 0 = +0%
pure elementium band(5.08566) -> pure elementium band(5.08566) : 0 = +0%
rejuvenating gem(5.43106) -> rejuvenating gem(5.43106) : 0 = +0%
hazza'rah's charm of healing(14.6625) -> hazza'rah's charm of healing(14.6625) : 0 = +0%
handguards of transcendence(4.41122) -> atal'ai hands of healing(4.11594) : -0.295288 = +-0.0873556%
jin'do's evil eye(4.358) -> the all-seeing eye of zuldazar(2.29935) : -2.05865 = +-0.605855%
------------------
~~~~ end of intermediate results ~~~~
Same items for intermediate results again, ending optimization. 
 ----------------------------
 --- head --- 
name: crystal adorned crown
slot: head
intelligence: 14
spirit: 13
sp_healing: 92
armor: 85
 ----------------------------
 --- neck --- 
name: the all-seeing eye of zuldazar
slot: neck
intelligence: 8
stamina: 8
spirit: 13
sp_healing: 18
 ----------------------------
 --- shoulders --- 
name: zandalar confessor's mantle
slot: shoulders
intelligence: 24
stamina: 11
spirit: 15
sp_healing: 22
armor: 78
 ----------------------------
 --- back --- 
name: hide of the wild
slot: back
intelligence: 10
stamina: 8
sp_healing: 42
armor: 48
 ----------------------------
 --- chest --- 
name: robes of transcendence
slot: chest
intelligence: 27
stamina: 17
spirit: 16
sp_healing: 57
nature_res: 10
fire_res: 10
armor: 116
 ----------------------------
 --- wrists --- 
name: bindings of transcendence
slot: wrists
intelligence: 13
stamina: 9
spirit: 16
sp_healing: 33
armor: 51
 ----------------------------
 ---  --- 
name: 
slot: 
 ----------------------------
 --- one-hand --- 
name: fang of the mystics
slot: one-hand
intelligence: 10
sp: 40
mp5: 4
spell_crit: 1
 ----------------------------
 ---  --- 
name: 
slot: 
 ----------------------------
 --- off hand --- 
name: brightly glowing stone
slot: off hand
stamina: 7
sp_healing: 37
 ----------------------------
 --- ranged --- 
name: lunar wand of healing
slot: ranged
sp_healing: 20
 ----------------------------
 --- hands --- 
name: atal'ai hands of healing
slot: hands
sp: 9
sp_healing: 44
armor: 47
 ----------------------------
 --- waist --- 
name: belt of transcendence
slot: waist
intelligence: 26
stamina: 14
spirit: 9
sp_healing: 26
shadow_res: 10
armor: 65
 ----------------------------
 --- legs --- 
name: empowered leggings
slot: legs
intelligence: 12
stamina: 12
spirit: 24
sp_healing: 77
spell_crit: 1
armor: 103
 ----------------------------
 --- feet --- 
name: boots of pure thought
slot: feet
intelligence: 12
stamina: 8
spirit: 12
sp_healing: 62
armor: 74
 ----------------------------
 --- finger --- 
name: primalist's seal
slot: finger
intelligence: 12
spirit: 8
sp_healing: 29
 ----------------------------
 --- finger --- 
name: pure elementium band
slot: finger
intelligence: 10
stamina: 9
spirit: 10
sp_healing: 53
 ----------------------------
 --- trinket --- 
name: rejuvenating gem
slot: trinket
sp_healing: 66
mp5: 9
 ----------------------------
 --- trinket --- 
name: hazza'rah's charm of healing
slot: trinket
 ----------------------------
 --- Set bonuses ---
name: all-seeing 1 confessor's 2 hazza'rah's 1 transcendence 3 
slot: Set bonuses
sp: 23
------------------
Char stats: 
Effective hp: 8326.4
Effective mana (100 s, 33 % out of fsr): 16836.9
Raw max mana: 10452.3
Int: 416.53
Stam: 378.58
Spirit: 449.88
Strength: 79.58
Agility: 84.18
All stats multiplier (taken into account above): 1.15
Bonus mana: 2000
Bonus hp: 0
Mp5: 163
Sp: 72
Sp shadow: 0
Sp healing: 838
Spell crit: 20
Spell hit: 0
Arcane res: 27
Nature res: 37
Fire res: 37
Frost res: 27
Shadow res: 37
Armor: 2865.75
Defense: 300
Dodge: 0
Parry: 0
HpsPvp: 962.907
ShadowDps: 235.339
Value pvp healing: 1700.96
Value pvp shadow: 101.605
Effective hp-pvp: 10438.3
Effecctive mana for 100 s, 0.33 fsr: 18398.9
------------------
Best counts:
oh_limit: 0.6
time_left_mul: 2.7
total_deficit_to_pop_trinkets: 8003.58
in combat total: 1193.9
Flash Heal 1, casts: 13, avg: 481.032, 1.55086%, cast time 1.6333% of in combat, overheal: 0.248551
Flash Heal 2, casts: 1, avg: 726.911, 0.180276%, cast time 0.125639% of in combat, overheal: 0
Flash Heal 3, casts: 3, avg: 806.805, 0.600269%, cast time 0.376916% of in combat, overheal: 0
Flash Heal 4, casts: 3, avg: 891.99, 0.663647%, cast time 0.376916% of in combat, overheal: 0
Flash Heal 5, casts: 2, avg: 1011.04, 0.501482%, cast time 0.251277% of in combat, overheal: 0.018486
Flash Heal 6, casts: 4, avg: 1177.17, 1.16777%, cast time 0.502555% of in combat, overheal: 0
Flash Heal 7, casts: 14, avg: 1215.21, 4.21924%, cast time 1.75894% of in combat, overheal: 0.110774
Greater Heal 1, casts: 10, avg: 1793.4, 4.44767%, cast time 2.09398% of in combat, overheal: 0.032396
Greater Heal 1 hazz, casts: 8, avg: 1358.31, 2.69491%, cast time 1.00511% of in combat, overheal: 0.267145
Greater Heal 2 hazz, casts: 7, avg: 1749.2, 3.03665%, cast time 0.879471% of in combat, overheal: 0.180261
Greater Heal 3 hazz, casts: 1, avg: 1671, 0.414412%, cast time 0.125639% of in combat, overheal: 0.320159
Greater Heal 4, casts: 55, avg: 2603.68, 35.5146%, cast time 11.5169% of in combat, overheal: 0.0824897
Greater Heal 4 hazz, casts: 8, avg: 2758.2, 5.47233%, cast time 1.00511% of in combat, overheal: 0.0280388
Heal 2, casts: 93, avg: 1111.25, 25.6302%, cast time 19.474% of in combat, overheal: 0.163902
Heal 4, casts: 29, avg: 1933.47, 13.9056%, cast time 6.07254% of in combat, overheal: 0.0319804
Total time casting: 563.5, which is: 47.1983% of time in combat.
Total hps: 337.735, raw hps: 377.847, oh: 0.106159
Deficit time sum: 8.99866e+10, baseline: 1.7822e+11
Deficit*time change / s: 7.39033e+07 hp
Number of combats: 14
Average mana at start of combat: 9347.29
Average mana at end of combat: 7853.69
Other players with hps > 100:
  Afrit : 200.86 hps
  Chainwhat : 185.34 hps
  Killu : 119.392 hps
  Lucypoo : 129.763 hps
  Mumfie : 186.63 hps
  Notdonaldj : 188.985 hps
  Sipsen : 175.403 hps
  Socialbidrag : 195.473 hps
  Tjejman : 156.801 hps
------------------
Based on last: 3000 entries, out of total: 4013 entries, The least-squares solution is:
Int: 93.0784
Spirit: 34.4897
Sp / Healing: 100
Mp5: 62.8026
Crit: 531.909
T1 3p/piece: 262.236
T2 3p/piece: 0
Hazza'rah's: 21082
Darkmoon: 4083.64
100 points == 1 sp == 0.0784891 hps.
Appended tag:
( Pawn: v1: "innuendo_bwl_speed_phase4": Intellect=93.0784, Spirit=34.4897, Healing=100, Mp5=62.8026, SpellCritRating=531.909, IsFist=X, Is2HMace=X, IsCrossbow=X, IsGun=X, IsShield=X, IsPolearm=X, Is2HAxe=X, IsBow=X, IsMail=X, IsPlate=X, IsLeather=X, IsAxe=X, Is2HAxe=X, IsSword=X, Is2HSword=X)
To file: innuendo_bwl_speed_phase4.pawn_tag.txt
------------------
Diffs to start: 
Upgrades: 
( following sorted by alt scores, no specials )
, the hammer of grace, , orb of the forgotten seer(3.37503) -> , fang of the mystics, , brightly glowing stone(7.38889) : 4.01385 = +1.20276%
ban'thok sash(1.74548) -> belt of transcendence(4.18381) : 2.43832 = +0.727214%
halo of transcendence(6.33557) -> crystal adorned crown(8.5957) : 2.26013 = +0.673712%
boots of transcendence(4.44928) -> boots of pure thought(6.06784) : 1.61856 = +0.481548%
robes of the exalted(6.00034) -> robes of transcendence(6.87955) : 0.879211 = +0.261005%
dragon's touch(1.34763) -> lunar wand of healing(1.56979) : 0.222168 = +0.0658251%
zandalar confessor's mantle(3.88617) -> zandalar confessor's mantle(3.88617) : 0 = +0%
hide of the wild(4.0271) -> hide of the wild(4.0271) : 0 = +0%
bindings of transcendence(3.97299) -> bindings of transcendence(3.97299) : 0 = +0%
empowered leggings(7.98752) -> empowered leggings(7.98752) : 0 = +0%
primalist's seal(3.36942) -> primalist's seal(3.36942) : 0 = +0%
pure elementium band(5.16119) -> pure elementium band(5.16119) : 0 = +0%
rejuvenating gem(5.62393) -> rejuvenating gem(5.62393) : 0 = +0%
hazza'rah's charm of healing(16.5471) -> hazza'rah's charm of healing(16.5471) : 0 = +0%
handguards of transcendence(4.50671) -> atal'ai hands of healing(4.15991) : -0.346802 = +-0.102579%
jin'do's evil eye(4.41956) -> the all-seeing eye of zuldazar(2.34918) : -2.07037 = +-0.609282%
- - - - - - - - - - - - - - - - - - - - - - - - - - - - - - - - - - - - - - - - - 
| Upgrades at best in slot level, from start item to candidate, partial bonuses: 1: |
  alt scores are from least squares fit, special score from e.g. set bonuses as s are part of em
. . . . . . . . . . . . . . . . . . . . . . . . . . . . . . . . . . . . . . . . . 
- . - ' - . - ' - . - ' - . - ' - . - ' - . -
head, halo of transcendence (8.72818), alt: 6.33557 -> :
    crystal adorned crown (5.95975) : -0.818235 %, alt : +8.59571, from: azuregos
    halo of transcendence (8.72818) : +0 %, alt : +6.33556, from: onyxia
- . - ' - . - ' - . - ' - . - ' - . - ' - . -
neck, jin'do's evil eye (0.337341), alt: 4.41956 -> :
    animated chain necklace (0.441864) : +0.0310061 %, alt : +2.75257, from: pre-raid
    wavefront necklace (0.61322) : +0.0818381 %, alt : +2.71642, from: silithus
    the all-seeing eye of zuldazar (-1.19208) : -0.453695 %, alt : +2.34917, from: zg
    soul corruptor's necklace (1.98102) : +0.487589 %, alt : +1.41254, from: zg
    pendant of the fallen dragon (2.44501) : +0.625229 %, alt : +1.32032, from: bwl
- . - ' - . - ' - . - ' - . - ' - . - ' - . -
shoulders, zandalar confessor's mantle (0.276917), alt: 3.88617 -> :
    pauldrons of transcendence (0.352478) : +0.0225171 %, alt : +4.21905, from: bwl
    zandalar confessor's mantle (0.276917) : +0 %, alt : +3.88618, from: zg
    mantle of the blackwing cabal (1.1452) : +0.258747 %, alt : +3.83753, from: bwl
- . - ' - . - ' - . - ' - . - ' - . - ' - . -
back, hide of the wild (-0.473846), alt: 4.0271 -> :
    shroud of pure thought (0.441772) : +0.272852 %, alt : +3.68952, from: bwl
    hakkari loa cloak (0.739746) : +0.361647 %, alt : +3.24505, from: zg
    cloak of the brood lord (2.18628) : +0.79271 %, alt : +3.22049, from: bwl
    cloak of the cosmos (1.62622) : +0.625814 %, alt : +2.84434, from: pre-raid
    archivist cape of healing (0.812256) : +0.383255 %, alt : +2.78731, from: pre-raid
    cloak of consumption (2.09631) : +0.7659 %, alt : +2.53581, from: zg
- . - ' - . - ' - . - ' - . - ' - . - ' - . -
chest, robes of the exalted (3.22424), alt: 6.00034 -> :
    robes of transcendence (7.99814) : +1.44314 %, alt : +6.87954, from: bwl
    truefaith vestments (4.79681) : +0.475384 %, alt : +6.02547, from: tailoring bop
    jade inlaid vestments (4.85257) : +0.492239 %, alt : +4.9851, from: ysondre
    robes of prophecy (5.75629) : +0.765431 %, alt : +4.53231 (s: 0.205827), from: mc
    flowing ritual robes (6.11459) : +0.873746 %, alt : +4.05676, from: zg
    robe of volatile power (4.60626) : +0.417781 %, alt : +4.00678, from: mc
- . - ' - . - ' - . - ' - . - ' - . - ' - . -
wrists, bindings of transcendence (3.82263), alt: 3.97299 -> :
    bindings of transcendence (3.82263) : +0 %, alt : +3.97301, from: bwl
    zandalar confessor's wraps (-0.743835) : -1.36079 %, alt : +3.01221, from: zg
- . - ' - . - ' - . - ' - . - ' - . - ' - . -
two-hand,  (0), alt: 0 -> :
    lok'amir il romathis and lei of the lifegiver (18.5845) : +5.53813 %, alt : +12.4325, from: bwl, av rep
    benediction (11.5055) : +3.42861 %, alt : +11.7444, from: mc
    lok'amir il romathis and brightly glowing stone (11.5371) : +3.43802 %, alt : +11.0288, from: bwl, pre-raid
    lok'amir il romathis and trance stone (10.9745) : +3.27037 %, alt : +10.8879, from: bwl, emeriss; lethon; taerar; ysondre
    lok'amir il romathis and fire runed grimoire (9.94193) : +2.96266 %, alt : +10.5222, from: bwl, mc
    staff of the shadow flame (9.70804) : +2.89297 %, alt : +10.034, from: bwl
    jin'do's hexxer and lei of the lifegiver (10.8504) : +3.23339 %, alt : +9.38575, from: zg, av rep
    fang of the mystics and lei of the lifegiver (10.3075) : +3.0716 %, alt : +8.7926, from: azuregos, av rep
    staff of rampant growth (8.979) : +2.67572 %, alt : +8.30422, from: emeriss; lethon; taerar; ysondre
    jin'do's hexxer and brightly glowing stone (8.97067) : +2.67323 %, alt : +7.98204, from: zg, pre-raid
    jin'do's hexxer and trance stone (6.3837) : +1.90232 %, alt : +7.84119, from: zg, emeriss; lethon; taerar; ysondre
    jin'do's hexxer and fire runed grimoire (8.39279) : +2.50103 %, alt : +7.47551, from: zg, mc
    fang of the mystics and brightly glowing stone (6.42804) : +1.91554 %, alt : +7.38889, from: azuregos, pre-raid
    fang of the mystics and trance stone (6.67203) : +1.98824 %, alt : +7.24804, from: azuregos, emeriss; lethon; taerar; ysondre
    aurastone hammer and lei of the lifegiver (6.77576) : +2.01916 %, alt : +7.24706, from: mc, av rep
    fang of venoxis and lei of the lifegiver (7.22473) : +2.15295 %, alt : +7.23418, from: zg, av rep
    zulian scepter of rites and lei of the lifegiver (6.15295) : +1.83356 %, alt : +7.13015, from: zg, av rep
    sorcerous dagger and lei of the lifegiver (6.73508) : +2.00703 %, alt : +7.11955, from: mc, av rep
    wushoolay's poker and lei of the lifegiver (6.83493) : +2.03679 %, alt : +7.03673, from: zg, av rep
    fang of the mystics and fire runed grimoire (8.09616) : +2.41263 %, alt : +6.88236, from: azuregos, mc
    the hammer of grace and lei of the lifegiver (6.22134) : +1.85394 %, alt : +6.74097, from: pre-raid, av rep
    staff of dominance (6.00815) : +1.79041 %, alt : +6.63913, from: mc
    witchblade and lei of the lifegiver (5.52081) : +1.64519 %, alt : +5.9911, from: pre-raid, av rep
    will of arlokk (6.56363) : +1.95594 %, alt : +5.8919, from: zg
    aurastone hammer and brightly glowing stone (9.04056) : +2.69406 %, alt : +5.84336, from: mc, pre-raid
    fang of venoxis and brightly glowing stone (8.92038) : +2.65825 %, alt : +5.83047, from: zg, pre-raid
    zulian scepter of rites and brightly glowing stone (8.68781) : +2.58894 %, alt : +5.72644, from: zg, pre-raid
    sorcerous dagger and brightly glowing stone (5.51053) : +1.64212 %, alt : +5.71584, from: mc, pre-raid
    aurastone hammer and trance stone (6.3721) : +1.89887 %, alt : +5.7025, from: mc, emeriss; lethon; taerar; ysondre
    fang of venoxis and trance stone (6.72595) : +2.00431 %, alt : +5.68962, from: zg, emeriss; lethon; taerar; ysondre
    hypnotic blade and lei of the lifegiver (8.58588) : +2.55857 %, alt : +5.67987, from: pre-raid, av rep
    wushoolay's poker and brightly glowing stone (5.67938) : +1.69244 %, alt : +5.63302, from: zg, pre-raid
    zulian scepter of rites and trance stone (6.07214) : +1.80948 %, alt : +5.58559, from: zg, emeriss; lethon; taerar; ysondre
    sorcerous dagger and trance stone (5.24503) : +1.563 %, alt : +5.57499, from: mc, emeriss; lethon; taerar; ysondre
    wushoolay's poker and trance stone (6.45749) : +1.92431 %, alt : +5.49217, from: zg, emeriss; lethon; taerar; ysondre
    the hammer of grace and brightly glowing stone (4.66113) : +1.389 %, alt : +5.33726, from: pre-raid, pre-raid
    aurastone hammer and fire runed grimoire (5.79578) : +1.72712 %, alt : +5.33682, from: mc, mc
    fang of venoxis and fire runed grimoire (6.11597) : +1.82254 %, alt : +5.32394, from: zg, mc
    zulian scepter of rites and fire runed grimoire (5.05765) : +1.50716 %, alt : +5.21991, from: zg, mc
    sorcerous dagger and fire runed grimoire (5.13318) : +1.52967 %, alt : +5.20931, from: mc, mc
    gift of the elven magi and lei of the lifegiver (5.90915) : +1.76091 %, alt : +5.20079, from: pre-raid (strat live: balnazzar), av rep
    the hammer of grace and trance stone (6.21661) : +1.85253 %, alt : +5.19641, from: pre-raid, emeriss; lethon; taerar; ysondre
    wushoolay's poker and fire runed grimoire (6.21091) : +1.85083 %, alt : +5.12649, from: zg, mc
    lorespinner and lei of the lifegiver (6.5813) : +1.96121 %, alt : +5.02938, from: pre-raid, av rep
    the hammer of grace and fire runed grimoire (5.26013) : +1.5675 %, alt : +4.83073, from: pre-raid, mc
    witchblade and brightly glowing stone (4.97742) : +1.48326 %, alt : +4.5874, from: pre-raid, pre-raid
    witchblade and trance stone (5.02759) : +1.49821 %, alt : +4.44654, from: pre-raid, emeriss; lethon; taerar; ysondre
    scepter of the unholy and lei of the lifegiver (5.39056) : +1.60637 %, alt : +4.3078, from: pre-raid, av rep
    hypnotic blade and brightly glowing stone (5.20639) : +1.55149 %, alt : +4.27616, from: pre-raid, pre-raid
    hypnotic blade and trance stone (4.82138) : +1.43676 %, alt : +4.13531, from: pre-raid, emeriss; lethon; taerar; ysondre
    witchblade and fire runed grimoire (3.75928) : +1.12025 %, alt : +4.08086, from: pre-raid, mc
    gift of the elven magi and brightly glowing stone (4.24982) : +1.26643 %, alt : +3.79709, from: pre-raid (strat live: balnazzar), pre-raid
    hypnotic blade and fire runed grimoire (3.36066) : +1.00147 %, alt : +3.76963, from: pre-raid, mc
    gift of the elven magi and trance stone (4.78088) : +1.42469 %, alt : +3.65623, from: pre-raid (strat live: balnazzar), emeriss; lethon; taerar; ysondre
    lorespinner and brightly glowing stone (4.86102) : +1.44857 %, alt : +3.62567, from: pre-raid, pre-raid
    lorespinner and trance stone (4.63953) : +1.38257 %, alt : +3.48482, from: pre-raid, emeriss; lethon; taerar; ysondre
    gift of the elven magi and fire runed grimoire (3.24237) : +0.966217 %, alt : +3.29055, from: pre-raid (strat live: balnazzar), mc
    lorespinner and fire runed grimoire (3.2272) : +0.961697 %, alt : +3.11914, from: pre-raid, mc
    scepter of the unholy and brightly glowing stone (2.52545) : +0.752577 %, alt : +2.9041, from: pre-raid, pre-raid
    scepter of the unholy and trance stone (3.69116) : +1.09996 %, alt : +2.76325, from: pre-raid, emeriss; lethon; taerar; ysondre
    scepter of the unholy and fire runed grimoire (2.70721) : +0.806742 %, alt : +2.39757, from: pre-raid, mc
- . - ' - . - ' - . - ' - . - ' - . - ' - . -
ranged, dragon's touch (0.295135), alt: 1.34763 -> :
    lunar wand of healing (-2.46136) : -0.814737 %, alt : +1.56978, from: random green
    mar'li's touch (1.31323) : +0.300918 %, alt : +0.966045, from: zg
    oblivion's touch (1.31326) : +0.300927 %, alt : +0.803621, from: pre-raid
    crimson shocker (1.30515) : +0.298528 %, alt : +0.730564, from: mc
- . - ' - . - ' - . - ' - . - ' - . - ' - . -
hands, handguards of transcendence (2.36621), alt: 4.50671 -> :
    handguards of transcendence (2.36621) : +0 %, alt : +4.50672, from: bwl
    hands of the exalted herald (2.883) : +0.152701 %, alt : +3.86472, from: pre-raid
    gloves of prophecy (5.08618) : +0.803706 %, alt : +3.58329 (s: 0.205827), from: mc
    gloves of delusional power (3.68616) : +0.390022 %, alt : +3.53458, from: emeriss; lethon; taerar; ysondre
    hands of power (2.8446) : +0.141357 %, alt : +2.64148, from: pre-raid
    bloodtinged gloves (3.37396) : +0.297774 %, alt : +2.49256, from: zg
    atal'ai gloves of the owl (2.59894) : +0.068767 %, alt : +2.00805, from: pre-raid
    dreamweave gloves (2.98129) : +0.181747 %, alt : +1.89453, from: pre-raid
- . - ' - . - ' - . - ' - . - ' - . - ' - . -
waist, ban'thok sash (0.574219), alt: 1.74548 -> :
    belt of transcendence (4.50446) : +1.18508 %, alt : +4.18382, from: bwl
    firemaw's clutch (1.80411) : +0.370847 %, alt : +3.87026, from: bwl
    zandalar confessor's bindings (0.114014) : -0.138765 %, alt : +3.82669, from: zg
    mana igniting cord (-1.0098) : -0.477626 %, alt : +3.54862, from: mc
    whipvine cord (1.00604) : +0.130207 %, alt : +3.31337, from: pre-raid
    girdle of prophecy (3.36945) : +0.842841 %, alt : +3.15435 (s: 0.205827), from: mc
    belt of untapped power (-1.05099) : -0.490048 %, alt : +2.78758, from: zg
    thuzadin sash (1.30664) : +0.220846 %, alt : +2.03784, from: pre-raid
- . - ' - . - ' - . - ' - . - ' - . - ' - . -
legs, empowered leggings (6.19885), alt: 7.98752 -> :
    leggings of transcendence (10.2924) : +1.21986 %, alt : +6.05822, from: mc
    padre's trousers (9.00821) : +0.83718 %, alt : +5.05343, from: pre-raid
    pants of prophecy (6.97952) : +0.232637 %, alt : +4.69011 (s: 0.205827), from: mc
    ritualistic legguards (8.35147) : +0.641474 %, alt : +4.4683, from: zg
    senior designer's pantaloons (7.82358) : +0.484163 %, alt : +4.13823, from: pre-raid
- . - ' - . - ' - . - ' - . - ' - . - ' - . -
feet, boots of transcendence (5.86322), alt: 4.44928 -> :
    boots of pure thought (2.77325) : -0.912399 %, alt : +6.06785, from: bwl
    boots of transcendence (5.86322) : +0 %, alt : +4.44928, from: bwl
- . - ' - . - ' - . - ' - . - ' - . - ' - . -
finger, primalist's seal (-0.0168762), alt: 4.66449 -> :
    pure elementium band (0.862976) : +0.262193 %, alt : +5.1612, from: bwl
    primalist's seal (-0.0168762) : +0 %, alt : +4.6645, from: zg
    ring of spellpower (1.30099) : +0.392722 %, alt : +2.59014, from: mc
    mindtear band (0.881287) : +0.26765 %, alt : +2.58259, from: taerar
    band of forced concentration (2.12689) : +0.638837 %, alt : +2.52495, from: bwl
    rosewine circle (2.47824) : +0.743538 %, alt : +2.52265, from: pre-raid
    band of servitude (1.66229) : +0.500387 %, alt : +2.46276, from: zg
    maiden's circle (1.87277) : +0.56311 %, alt : +2.08662, from: pre-raid
    eye of orgrimmar (2.1138) : +0.634935 %, alt : +2.03248, from: pre-raid
    band of sulfuras (2.14972) : +0.645639 %, alt : +1.951, from: mc
    ring of blackrock (4.18799) : +1.25304 %, alt : +1.93493, from: bwl
    zanzil's seal (1.95477) : +0.587546 %, alt : +1.59394, from: zg
    ring of entropy (1.7132) : +0.515556 %, alt : +1.58379, from: kazzak
    dragonslayer's signet (0.945831) : +0.286884 %, alt : +1.45659, from: onyxia
    seal of rivendare (1.39792) : +0.421605 %, alt : +1.43145, from: pre-raid
    cyclopean band (1.9527) : +0.586927 %, alt : +1.32608, from: pre-raid
    seal of the archmagus (2.75836) : +0.827013 %, alt : +1.24928, from: mc
- . - ' - . - ' - . - ' - . - ' - . - ' - . -
finger 2, pure elementium band (-0.172791), alt: 5.16119 -> :
    primalist's seal (1.99274) : +0.645321 %, alt : +4.6645, from: zg
    fordring's seal (0.964386) : +0.338875 %, alt : +3.26938, from: pre-raid
    ring of spellpower (1.02042) : +0.355572 %, alt : +2.59014, from: mc
    mindtear band (0.300964) : +0.141178 %, alt : +2.58259, from: taerar
    band of forced concentration (2.02066) : +0.653642 %, alt : +2.52495, from: bwl
    rosewine circle (2.86063) : +0.903949 %, alt : +2.52265, from: pre-raid
    band of servitude (0.200775) : +0.111321 %, alt : +2.46276, from: zg
    primalist's band (1.92816) : +0.626078 %, alt : +2.32139, from: zg
    maiden's circle (1.73608) : +0.568839 %, alt : +2.08662, from: pre-raid
    eye of orgrimmar (1.97708) : +0.640656 %, alt : +2.03248, from: pre-raid
    band of sulfuras (1.32761) : +0.447114 %, alt : +1.951, from: mc
    ring of blackrock (4.05148) : +1.25882 %, alt : +1.93493, from: bwl
    dragonslayer's signet (1.63303) : +0.538128 %, alt : +1.45659, from: onyxia
    seal of rivendare (0.960815) : +0.337811 %, alt : +1.43145, from: pre-raid
    cyclopean band (0.903046) : +0.320596 %, alt : +1.32608, from: pre-raid
    seal of the archmagus (1.93616) : +0.62846 %, alt : +1.24928, from: mc
    emerald flame ring (0.331543) : +0.15029 %, alt : +1.09324, from: pre-raid
    magus ring (0.211121) : +0.114404 %, alt : +1.06617, from: pre-raid
    band of the hierophant (0.838959) : +0.301498 %, alt : +1.02834, from: pre-raid
    ring of demonic guile (1.92816) : +0.626078 %, alt : +1.02632, from: pre-raid
    royal seal of alexis (0.08078) : +0.0755633 %, alt : +0.947129, from: pre-raid
    blood of the martyr (-0.160065) : +0.00379226 %, alt : +0.730564, from: pre-raid
    ring of binding (0) : +0.0514911 %, alt : +0, from: onyxia
- . - ' - . - ' - . - ' - . - ' - . - ' - . -
trinket, rejuvenating gem (4.22476), alt: 5.62393 -> :
    hazza'rah's charm of healing (0) : -1.25897 %, alt : +16.5471, from: zg
    darkmoon card: blue dragon (4.79294) : +0.169315 %, alt : +3.20522, from: 
    royal seal of eldre'thalas (4.98691) : +0.227117 %, alt : +2.78731, from: pre-raid
- . - ' - . - ' - . - ' - . - ' - . - ' - . -
trinket 2, hazza'rah's charm of healing (5.82812), alt: 16.5471 -> :
    hazza'rah's charm of healing (5.82812) : +0 %, alt : +16.5471, from: zg
    rejuvenating gem (9.07898) : +0.968745 %, alt : +5.62392, from: bwl
    darkmoon card: blue dragon (2.78445) : -0.907005 %, alt : +3.20522, from: 
- - - - - - - - - - - - - - - - - - - - - - - - - - - - - - - - - - - - - - - - - 
| Upgrades at best in slot level, from start item to candidate, partial bonuses: 0: |
  alt scores are from least squares fit, special score from e.g. set bonuses as s are part of em
. . . . . . . . . . . . . . . . . . . . . . . . . . . . . . . . . . . . . . . . . 
- . - ' - . - ' - . - ' - . - ' - . - ' - . -
head, halo of transcendence (9.03961), alt: 6.33557 -> :
    crystal adorned crown (10.6632) : +0.483053 %, alt : +8.59571, from: azuregos
    halo of transcendence (9.03961) : +0 %, alt : +6.33556, from: onyxia
- . - ' - . - ' - . - ' - . - ' - . - ' - . -
neck, jin'do's evil eye (0.0518188), alt: 4.41956 -> :
    animated chain necklace (1.76846) : +0.512156 %, alt : +2.75257, from: pre-raid
    wavefront necklace (4.57025) : +1.34806 %, alt : +2.71642, from: silithus
    choker of enlightenment (2.81845) : +0.825416 %, alt : +2.41408, from: mc
    the all-seeing eye of zuldazar (2.60645) : +0.762165 %, alt : +2.34917, from: zg
    jeklik's opaline talisman (2.93524) : +0.860261 %, alt : +1.87464, from: zg
    soul corruptor's necklace (2.72415) : +0.797282 %, alt : +1.41254, from: zg
    pendant of the fallen dragon (3.6835) : +1.0835 %, alt : +1.32032, from: bwl
- . - ' - . - ' - . - ' - . - ' - . - ' - . -
shoulders, zandalar confessor's mantle (4.29367), alt: 3.88617 -> :
    pauldrons of transcendence (4.48926) : +0.0579115 %, alt : +4.21905, from: bwl
    zandalar confessor's mantle (4.29367) : +0 %, alt : +3.88618, from: zg
- . - ' - . - ' - . - ' - . - ' - . - ' - . -
back, hide of the wild (4.10703), alt: 4.0271 -> :
    shroud of pure thought (6.39758) : +0.678212 %, alt : +3.68952, from: bwl
    drape of benediction (4.4342) : +0.0968745 %, alt : +3.59946, from: azuregos
    hakkari loa cloak (4.15579) : +0.0144395 %, alt : +3.24505, from: zg
    archivist cape of healing (4.42725) : +0.0948143 %, alt : +2.78731, from: pre-raid
- . - ' - . - ' - . - ' - . - ' - . - ' - . -
chest, robes of the exalted (6.19727), alt: 6.00034 -> :
    robes of transcendence (20.8325) : +4.52962 %, alt : +6.87954, from: bwl
    truefaith vestments (6.87076) : +0.208447 %, alt : +6.02547, from: tailoring bop
    jade inlaid vestments (8.92938) : +0.845596 %, alt : +4.9851, from: ysondre
    robes of prophecy (7.86102) : +0.514936 %, alt : +4.15949, from: mc
    robe of volatile power (7.75467) : +0.48202 %, alt : +4.00678, from: mc
- . - ' - . - ' - . - ' - . - ' - . - ' - . -
wrists, bindings of transcendence (17.1478), alt: 3.97299 -> :
    bindings of transcendence (17.1478) : +0 %, alt : +3.97301, from: bwl
    zandalar confessor's wraps (6.27487) : -3.21937 %, alt : +3.01221, from: zg
- . - ' - . - ' - . - ' - . - ' - . - ' - . -
two-hand,  (0), alt: 0 -> :
    lok'amir il romathis and lei of the lifegiver (9.2121) : +2.72761 %, alt : +12.4325, from: bwl, av rep
    benediction (5.45508) : +1.6152 %, alt : +11.7444, from: mc
    lok'amir il romathis and brightly glowing stone (7.38455) : +2.18649 %, alt : +11.0288, from: bwl, pre-raid
    lok'amir il romathis and trance stone (4.84589) : +1.43482 %, alt : +10.8879, from: bwl, emeriss; lethon; taerar; ysondre
    lok'amir il romathis and fire runed grimoire (3.77618) : +1.11809 %, alt : +10.5222, from: bwl, mc
    staff of the shadow flame (7.73434) : +2.29006 %, alt : +10.034, from: bwl
    jin'do's hexxer and lei of the lifegiver (4.04184) : +1.19675 %, alt : +9.38575, from: zg, av rep
    fang of the mystics and lei of the lifegiver (4.18488) : +1.2391 %, alt : +8.7926, from: azuregos, av rep
    staff of rampant growth (5.43048) : +1.60791 %, alt : +8.30422, from: emeriss; lethon; taerar; ysondre
    jin'do's hexxer and brightly glowing stone (6.10672) : +1.80814 %, alt : +7.98204, from: zg, pre-raid
    jin'do's hexxer and trance stone (3.64044) : +1.0779 %, alt : +7.84119, from: zg, emeriss; lethon; taerar; ysondre
    jin'do's hexxer and fire runed grimoire (2.38358) : +0.705754 %, alt : +7.47551, from: zg, mc
    fang of the mystics and brightly glowing stone (3.80856) : +1.12768 %, alt : +7.38889, from: azuregos, pre-raid
    fang of the mystics and trance stone (3.86349) : +1.14394 %, alt : +7.24804, from: azuregos, emeriss; lethon; taerar; ysondre
    aurastone hammer and lei of the lifegiver (4.14792) : +1.22816 %, alt : +7.24706, from: mc, av rep
    fang of venoxis and lei of the lifegiver (4.93851) : +1.46224 %, alt : +7.23418, from: zg, av rep
    zulian scepter of rites and lei of the lifegiver (3.52979) : +1.04514 %, alt : +7.13015, from: zg, av rep
    sorcerous dagger and lei of the lifegiver (3.77484) : +1.11769 %, alt : +7.11955, from: mc, av rep
    wushoolay's poker and lei of the lifegiver (5.13446) : +1.52026 %, alt : +7.03673, from: zg, av rep
    fang of the mystics and fire runed grimoire (2.89078) : +0.855931 %, alt : +6.88236, from: azuregos, mc
    the hammer of grace and lei of the lifegiver (3.67441) : +1.08796 %, alt : +6.74097, from: pre-raid, av rep
    staff of dominance (2.1853) : +0.647047 %, alt : +6.63913, from: mc
    witchblade and lei of the lifegiver (2.48462) : +0.735672 %, alt : +5.9911, from: pre-raid, av rep
    will of arlokk (2.73843) : +0.810824 %, alt : +5.8919, from: zg
    aurastone hammer and brightly glowing stone (3.49066) : +1.03355 %, alt : +5.84336, from: mc, pre-raid
    fang of venoxis and brightly glowing stone (3.2583) : +0.964751 %, alt : +5.83047, from: zg, pre-raid
    zulian scepter of rites and brightly glowing stone (2.89786) : +0.858028 %, alt : +5.72644, from: zg, pre-raid
    sorcerous dagger and brightly glowing stone (1.87735) : +0.555865 %, alt : +5.71584, from: mc, pre-raid
    aurastone hammer and trance stone (2.90332) : +0.859645 %, alt : +5.7025, from: mc, emeriss; lethon; taerar; ysondre
    fang of venoxis and trance stone (2.91669) : +0.863603 %, alt : +5.68962, from: zg, emeriss; lethon; taerar; ysondre
    hypnotic blade and lei of the lifegiver (2.91483) : +0.863052 %, alt : +5.67987, from: pre-raid, av rep
    wushoolay's poker and brightly glowing stone (3.16107) : +0.935963 %, alt : +5.63302, from: zg, pre-raid
    zulian scepter of rites and trance stone (2.4082) : +0.713046 %, alt : +5.58559, from: zg, emeriss; lethon; taerar; ysondre
    sorcerous dagger and trance stone (1.41763) : +0.419747 %, alt : +5.57499, from: mc, emeriss; lethon; taerar; ysondre
    wushoolay's poker and trance stone (2.86188) : +0.847374 %, alt : +5.49217, from: zg, emeriss; lethon; taerar; ysondre
    the hammer of grace and brightly glowing stone (0.555176) : +0.164382 %, alt : +5.33726, from: pre-raid, pre-raid
    aurastone hammer and fire runed grimoire (1.02771) : +0.304295 %, alt : +5.33682, from: mc, mc
    fang of venoxis and fire runed grimoire (1.80411) : +0.534179 %, alt : +5.32394, from: zg, mc
    zulian scepter of rites and fire runed grimoire (1.68207) : +0.498044 %, alt : +5.21991, from: zg, mc
    sorcerous dagger and fire runed grimoire (0.393188) : +0.116419 %, alt : +5.20931, from: mc, mc
    gift of the elven magi and lei of the lifegiver (2.43539) : +0.721097 %, alt : +5.20079, from: pre-raid (strat live: balnazzar), av rep
    the hammer of grace and trance stone (1.84271) : +0.545609 %, alt : +5.19641, from: pre-raid, emeriss; lethon; taerar; ysondre
    wushoolay's poker and fire runed grimoire (1.20926) : +0.35805 %, alt : +5.12649, from: zg, mc
    lorespinner and lei of the lifegiver (3.10745) : +0.920087 %, alt : +5.02938, from: pre-raid, av rep
    the hammer of grace and fire runed grimoire (0.739227) : +0.218878 %, alt : +4.83073, from: pre-raid, mc
    witchblade and brightly glowing stone (0.292572) : +0.0866277 %, alt : +4.5874, from: pre-raid, pre-raid
    witchblade and trance stone (0.627258) : +0.185725 %, alt : +4.44654, from: pre-raid, emeriss; lethon; taerar; ysondre
    scepter of the unholy and lei of the lifegiver (1.19522) : +0.353893 %, alt : +4.3078, from: pre-raid, av rep
    hypnotic blade and brightly glowing stone (0.215759) : +0.0638842 %, alt : +4.27616, from: pre-raid, pre-raid
    hypnotic blade and trance stone (0.245361) : +0.0726491 %, alt : +4.13531, from: pre-raid, emeriss; lethon; taerar; ysondre
    witchblade and fire runed grimoire (-0.697601) : -0.206553 %, alt : +4.08086, from: pre-raid, mc
    gift of the elven magi and brightly glowing stone (-0.0391846) : -0.0116022 %, alt : +3.79709, from: pre-raid (strat live: balnazzar), pre-raid
    hypnotic blade and fire runed grimoire (-0.435577) : -0.12897 %, alt : +3.76963, from: pre-raid, mc
    gift of the elven magi and trance stone (-0.664093) : -0.196632 %, alt : +3.65623, from: pre-raid (strat live: balnazzar), emeriss; lethon; taerar; ysondre
    lorespinner and brightly glowing stone (0.27417) : +0.0811791 %, alt : +3.62567, from: pre-raid, pre-raid
    lorespinner and trance stone (0.249878) : +0.0739864 %, alt : +3.48482, from: pre-raid, emeriss; lethon; taerar; ysondre
    gift of the elven magi and fire runed grimoire (1.74985) : +0.518113 %, alt : +3.29055, from: pre-raid (strat live: balnazzar), mc
    lorespinner and fire runed grimoire (1.74493) : +0.516658 %, alt : +3.11914, from: pre-raid, mc
    scepter of the unholy and brightly glowing stone (-1.41299) : -0.418374 %, alt : +2.9041, from: pre-raid, pre-raid
    scepter of the unholy and trance stone (-2.77127) : -0.820546 %, alt : +2.76325, from: pre-raid, emeriss; lethon; taerar; ysondre
    scepter of the unholy and fire runed grimoire (0.0443115) : +0.0131202 %, alt : +2.39757, from: pre-raid, mc
- . - ' - . - ' - . - ' - . - ' - . - ' - . -
ranged, dragon's touch (1.07816), alt: 1.34763 -> :
    lunar wand of healing (1.12482) : +0.0138179 %, alt : +1.56978, from: random green
    bonecreeper stylus (1.38989) : +0.0923151 %, alt : +1.15561, from: pre-raid
- . - ' - . - ' - . - ' - . - ' - . - ' - . -
hands, handguards of transcendence (5.5361), alt: 4.50671 -> :
    handguards of transcendence (5.5361) : +0 %, alt : +4.50672, from: bwl
    atal'ai hands of healing (5.5499) : +0.00408442 %, alt : +4.15992, from: sunken temple
    hands of the exalted herald (5.60226) : +0.0195908 %, alt : +3.86472, from: pre-raid
    high councillor's gloves of healing (5.79761) : +0.0774323 %, alt : +3.6105, from: random green
- . - ' - . - ' - . - ' - . - ' - . - ' - . -
waist, ban'thok sash (5.48639), alt: 1.74548 -> :
    belt of transcendence (17.4318) : +3.6666 %, alt : +4.18382, from: bwl
    firemaw's clutch (5.27698) : -0.0642782 %, alt : +3.87026, from: bwl
    zandalar confessor's bindings (3.73343) : -0.538065 %, alt : +3.82669, from: zg
    mana igniting cord (3.48022) : -0.615786 %, alt : +3.54862, from: mc
    whipvine cord (4.93158) : -0.170297 %, alt : +3.31337, from: pre-raid
    belt of untapped power (2.7803) : -0.830624 %, alt : +2.78758, from: zg
    girdle of prophecy (7.53653) : +0.629284 %, alt : +2.78152, from: mc
    thuzadin sash (2.85928) : -0.806382 %, alt : +2.03784, from: pre-raid
- . - ' - . - ' - . - ' - . - ' - . - ' - . -
legs, empowered leggings (10.2032), alt: 7.98752 -> :
    leggings of transcendence (8.41589) : -0.529218 %, alt : +6.05822, from: mc
- . - ' - . - ' - . - ' - . - ' - . - ' - . -
feet, boots of transcendence (7.26669), alt: 4.44928 -> :
    boots of pure thought (7.89188) : +0.185454 %, alt : +6.06785, from: bwl
    boots of transcendence (7.26669) : +0 %, alt : +4.44928, from: bwl
- . - ' - . - ' - . - ' - . - ' - . - ' - . -
finger, primalist's seal (3.96982), alt: 3.36942 -> :
    pure elementium band (0.603241) : -0.996811 %, alt : +5.1612, from: bwl
    cauterizing band (1.18808) : -0.823646 %, alt : +4.48718, from: mc
    rosewine circle (4.5025) : +0.157723 %, alt : +2.52265, from: pre-raid
    ring of blackrock (6.17957) : +0.654285 %, alt : +1.93493, from: bwl
- . - ' - . - ' - . - ' - . - ' - . - ' - . -
finger 2, pure elementium band (6.72656), alt: 5.16119 -> :
- . - ' - . - ' - . - ' - . - ' - . - ' - . -
trinket, rejuvenating gem (9.34634), alt: 5.62393 -> :
    hazza'rah's charm of healing (0) : -2.76736 %, alt : +16.5471, from: zg
    darkmoon card: blue dragon (5.1102) : -1.25428 %, alt : +3.20522, from: 
- . - ' - . - ' - . - ' - . - ' - . - ' - . -
trinket 2, hazza'rah's charm of healing (5.91156), alt: 16.5471 -> :
    hazza'rah's charm of healing (5.91156) : +0 %, alt : +16.5471, from: zg
    darkmoon card: blue dragon (4.29297) : -0.479249 %, alt : +3.20522, from: 
- - - - - - - - - - - - - - - - - - - - - - - - - - - - - - - - - - - - - - - - - 
| Upgrades at start level, from start item to candidate, partial bonuses: 1: |
  alt scores are from least squares fit, special score from e.g. set bonuses as s are part of em
. . . . . . . . . . . . . . . . . . . . . . . . . . . . . . . . . . . . . . . . . 
- . - ' - . - ' - . - ' - . - ' - . - ' - . -
head, halo of transcendence (4.22241), alt: 6.33557 -> :
    crystal adorned crown (6.57748) : +0.717344 %, alt : +8.59571, from: azuregos
    halo of transcendence (4.22241) : +0 %, alt : +6.33556, from: onyxia
- . - ' - . - ' - . - ' - . - ' - . - ' - . -
neck, jin'do's evil eye (2.84692), alt: 4.41956 -> :
    wavefront necklace (3.2157) : +0.112327 %, alt : +2.71642, from: silithus
    the all-seeing eye of zuldazar (0.887299) : -0.596892 %, alt : +2.34917, from: zg
    pendant of the fallen dragon (2.97141) : +0.0379164 %, alt : +1.32032, from: bwl
- . - ' - . - ' - . - ' - . - ' - . - ' - . -
shoulders, zandalar confessor's mantle (3.27161), alt: 5.69144 -> :
    zandalar confessor's mantle (3.27161) : +0 %, alt : +5.69143, from: zg
    pauldrons of transcendence (2.00253) : -0.386554 %, alt : +4.21905, from: bwl
- . - ' - . - ' - . - ' - . - ' - . - ' - . -
back, hide of the wild (2.33734), alt: 4.0271 -> :
    shroud of pure thought (3.55307) : +0.370305 %, alt : +3.68952, from: bwl
    archivist cape of healing (3.44745) : +0.338133 %, alt : +2.78731, from: pre-raid
- . - ' - . - ' - . - ' - . - ' - . - ' - . -
chest, robes of the exalted (5.08173), alt: 6.00034 -> :
    robes of transcendence (6.49933) : +0.431795 %, alt : +6.87954, from: bwl
    truefaith vestments (6.27768) : +0.364282 %, alt : +6.02547, from: tailoring bop
    flowing ritual robes (5.38199) : +0.0914585 %, alt : +4.05676, from: zg
- . - ' - . - ' - . - ' - . - ' - . - ' - . -
wrists, bindings of transcendence (4.34305), alt: 3.97299 -> :
    bindings of transcendence (4.34305) : +0 %, alt : +3.97301, from: bwl
    vambraces of prophecy (4.60312) : +0.0792163 %, alt : +3.64865 (s: 0.205827), from: mc
    zandalar confessor's wraps (3.83502) : -0.154742 %, alt : +3.01221, from: zg
- . - ' - . - ' - . - ' - . - ' - . - ' - . -
two-hand,  (0), alt: 0 -> :
    lok'amir il romathis and lei of the lifegiver (10.8398) : +3.30176 %, alt : +12.4325, from: bwl, av rep
    benediction (8.51495) : +2.59361 %, alt : +11.7444, from: mc
    lok'amir il romathis and brightly glowing stone (7.97379) : +2.42878 %, alt : +11.0288, from: bwl, pre-raid
    lok'amir il romathis and trance stone (8.81619) : +2.68537 %, alt : +10.8879, from: bwl, emeriss; lethon; taerar; ysondre
    lok'amir il romathis and fire runed grimoire (12.0073) : +3.65737 %, alt : +10.5222, from: bwl, mc
    staff of the shadow flame (11.9369) : +3.63591 %, alt : +10.034, from: bwl
    jin'do's hexxer and lei of the lifegiver (6.50815) : +1.98235 %, alt : +9.38575, from: zg, av rep
    fang of the mystics and lei of the lifegiver (11.9733) : +3.647 %, alt : +8.7926, from: azuregos, av rep
    staff of rampant growth (13.1353) : +4.00094 %, alt : +8.30422, from: emeriss; lethon; taerar; ysondre
    jin'do's hexxer and brightly glowing stone (10.011) : +3.04931 %, alt : +7.98204, from: zg, pre-raid
    jin'do's hexxer and trance stone (9.97791) : +3.03922 %, alt : +7.84119, from: zg, emeriss; lethon; taerar; ysondre
    jin'do's hexxer and fire runed grimoire (8.39865) : +2.55819 %, alt : +7.47551, from: zg, mc
    fang of the mystics and brightly glowing stone (10.3509) : +3.15283 %, alt : +7.38889, from: azuregos, pre-raid
    fang of the mystics and trance stone (9.55508) : +2.91043 %, alt : +7.24804, from: azuregos, emeriss; lethon; taerar; ysondre
    aurastone hammer and lei of the lifegiver (10.9167) : +3.32516 %, alt : +7.24706, from: mc, av rep
    fang of venoxis and lei of the lifegiver (10.9487) : +3.33491 %, alt : +7.23418, from: zg, av rep
    zulian scepter of rites and lei of the lifegiver (10.6874) : +3.25534 %, alt : +7.13015, from: zg, av rep
    sorcerous dagger and lei of the lifegiver (9.67087) : +2.9457 %, alt : +7.11955, from: mc, av rep
    wushoolay's poker and lei of the lifegiver (11.6789) : +3.55734 %, alt : +7.03673, from: zg, av rep
    fang of the mystics and fire runed grimoire (7.02029) : +2.13835 %, alt : +6.88236, from: azuregos, mc
    the hammer of grace and lei of the lifegiver (10.958) : +3.33775 %, alt : +6.74097, from: pre-raid, av rep
    staff of dominance (7.24597) : +2.20709 %, alt : +6.63913, from: mc
    witchblade and lei of the lifegiver (8.89795) : +2.71027 %, alt : +5.9911, from: pre-raid, av rep
    will of arlokk (8.18881) : +2.49427 %, alt : +5.8919, from: zg
    aurastone hammer and brightly glowing stone (9.14261) : +2.78479 %, alt : +5.84336, from: mc, pre-raid
    fang of venoxis and brightly glowing stone (8.20428) : +2.49899 %, alt : +5.83047, from: zg, pre-raid
    zulian scepter of rites and brightly glowing stone (8.25974) : +2.51588 %, alt : +5.72644, from: zg, pre-raid
    sorcerous dagger and brightly glowing stone (7.29138) : +2.22092 %, alt : +5.71584, from: mc, pre-raid
    aurastone hammer and trance stone (7.43793) : +2.26556 %, alt : +5.7025, from: mc, emeriss; lethon; taerar; ysondre
    fang of venoxis and trance stone (7.58478) : +2.31029 %, alt : +5.68962, from: zg, emeriss; lethon; taerar; ysondre
    hypnotic blade and lei of the lifegiver (7.83115) : +2.38533 %, alt : +5.67987, from: pre-raid, av rep
    wushoolay's poker and brightly glowing stone (9.61844) : +2.92973 %, alt : +5.63302, from: zg, pre-raid
    zulian scepter of rites and trance stone (7.1759) : +2.18575 %, alt : +5.58559, from: zg, emeriss; lethon; taerar; ysondre
    sorcerous dagger and trance stone (7.63873) : +2.32672 %, alt : +5.57499, from: mc, emeriss; lethon; taerar; ysondre
    wushoolay's poker and trance stone (7.65845) : +2.33273 %, alt : +5.49217, from: zg, emeriss; lethon; taerar; ysondre
    the hammer of grace and brightly glowing stone (7.36124) : +2.2422 %, alt : +5.33726, from: pre-raid, pre-raid
    aurastone hammer and fire runed grimoire (5.70773) : +1.73855 %, alt : +5.33682, from: mc, mc
    fang of venoxis and fire runed grimoire (5.70685) : +1.73828 %, alt : +5.32394, from: zg, mc
    zulian scepter of rites and fire runed grimoire (5.86612) : +1.78679 %, alt : +5.21991, from: zg, mc
    sorcerous dagger and fire runed grimoire (4.40634) : +1.34215 %, alt : +5.20931, from: mc, mc
    gift of the elven magi and lei of the lifegiver (7.30051) : +2.2237 %, alt : +5.20079, from: pre-raid (strat live: balnazzar), av rep
    the hammer of grace and trance stone (6.88788) : +2.09801 %, alt : +5.19641, from: pre-raid, emeriss; lethon; taerar; ysondre
    wushoolay's poker and fire runed grimoire (6.19315) : +1.8864 %, alt : +5.12649, from: zg, mc
    lorespinner and lei of the lifegiver (7.97324) : +2.42861 %, alt : +5.02938, from: pre-raid, av rep
    the hammer of grace and fire runed grimoire (5.21265) : +1.58775 %, alt : +4.83073, from: pre-raid, mc
    witchblade and brightly glowing stone (5.89868) : +1.79671 %, alt : +4.5874, from: pre-raid, pre-raid
    witchblade and trance stone (5.54941) : +1.69032 %, alt : +4.44654, from: pre-raid, emeriss; lethon; taerar; ysondre
    scepter of the unholy and lei of the lifegiver (6.41086) : +1.95272 %, alt : +4.3078, from: pre-raid, av rep
    hypnotic blade and brightly glowing stone (6.47485) : +1.97221 %, alt : +4.27616, from: pre-raid, pre-raid
    hypnotic blade and trance stone (4.82159) : +1.46863 %, alt : +4.13531, from: pre-raid, emeriss; lethon; taerar; ysondre
    witchblade and fire runed grimoire (4.26938) : +1.30043 %, alt : +4.08086, from: pre-raid, mc
    gift of the elven magi and brightly glowing stone (4.17487) : +1.27164 %, alt : +3.79709, from: pre-raid (strat live: balnazzar), pre-raid
    hypnotic blade and fire runed grimoire (4.40851) : +1.34281 %, alt : +3.76963, from: pre-raid, mc
    gift of the elven magi and trance stone (4.77805) : +1.45537 %, alt : +3.65623, from: pre-raid (strat live: balnazzar), emeriss; lethon; taerar; ysondre
    lorespinner and brightly glowing stone (5.02322) : +1.53005 %, alt : +3.62567, from: pre-raid, pre-raid
    lorespinner and trance stone (5.42215) : +1.65156 %, alt : +3.48482, from: pre-raid, emeriss; lethon; taerar; ysondre
    gift of the elven magi and fire runed grimoire (2.92795) : +0.891839 %, alt : +3.29055, from: pre-raid (strat live: balnazzar), mc
    lorespinner and fire runed grimoire (3.36676) : +1.0255 %, alt : +3.11914, from: pre-raid, mc
    scepter of the unholy and brightly glowing stone (3.5925) : +1.09426 %, alt : +2.9041, from: pre-raid, pre-raid
    scepter of the unholy and trance stone (3.43616) : +1.04664 %, alt : +2.76325, from: pre-raid, emeriss; lethon; taerar; ysondre
    scepter of the unholy and fire runed grimoire (2.27118) : +0.69179 %, alt : +2.39757, from: pre-raid, mc
- . - ' - . - ' - . - ' - . - ' - . - ' - . -
ranged, dragon's touch (0.250671), alt: 1.34763 -> :
    lunar wand of healing (1.12378) : +0.265944 %, alt : +1.56978, from: random green
    mar'li's touch (1.34872) : +0.334462 %, alt : +0.966045, from: zg
    oblivion's touch (1.09326) : +0.256649 %, alt : +0.803621, from: pre-raid
    crimson shocker (0.637726) : +0.117895 %, alt : +0.730564, from: mc
- . - ' - . - ' - . - ' - . - ' - . - ' - . -
hands, handguards of transcendence (4.70413), alt: 4.50671 -> :
    handguards of transcendence (4.70413) : +0 %, alt : +4.50672, from: bwl
    gloves of prophecy (5.68152) : +0.297707 %, alt : +3.58329 (s: 0.205827), from: mc
    gloves of delusional power (5.75739) : +0.320816 %, alt : +3.53458, from: emeriss; lethon; taerar; ysondre
- . - ' - . - ' - . - ' - . - ' - . - ' - . -
waist, ban'thok sash (1.48016), alt: 1.74548 -> :
    belt of transcendence (4.76749) : +1.0013 %, alt : +4.18382, from: bwl
    firemaw's clutch (6.52805) : +1.53756 %, alt : +3.87026, from: bwl
    zandalar confessor's bindings (5.22928) : +1.14196 %, alt : +3.82669, from: zg
    mana igniting cord (3.77676) : +0.699533 %, alt : +3.54862, from: mc
    whipvine cord (5.06021) : +1.09047 %, alt : +3.31337, from: pre-raid
    girdle of prophecy (3.79932) : +0.706403 %, alt : +3.15435 (s: 0.205827), from: mc
    belt of untapped power (3.0943) : +0.491658 %, alt : +2.78758, from: zg
    thuzadin sash (3.06952) : +0.48411 %, alt : +2.03784, from: pre-raid
- . - ' - . - ' - . - ' - . - ' - . - ' - . -
legs, empowered leggings (10.3563), alt: 7.98752 -> :
    leggings of transcendence (10.0909) : -0.0808337 %, alt : +6.05822, from: mc
- . - ' - . - ' - . - ' - . - ' - . - ' - . -
feet, boots of transcendence (4.34894), alt: 4.44928 -> :
    boots of pure thought (6.13104) : +0.54282 %, alt : +6.06785, from: bwl
    boots of transcendence (4.34894) : +0 %, alt : +4.44928, from: bwl
    snowblind shoes (5.34973) : +0.304837 %, alt : +3.48868, from: azuregos
- . - ' - . - ' - . - ' - . - ' - . - ' - . -
finger, primalist's seal (2.02094), alt: 4.66449 -> :
    pure elementium band (2.83789) : +0.248841 %, alt : +5.1612, from: bwl
    primalist's seal (2.02094) : +0 %, alt : +4.6645, from: zg
- . - ' - . - ' - . - ' - . - ' - . - ' - . -
finger 2, pure elementium band (2.93481), alt: 5.16119 -> :
    primalist's seal (1.00015) : -0.589289 %, alt : +4.6645, from: zg
    cauterizing band (4.00882) : +0.327137 %, alt : +4.48718, from: mc
    primalist's band (1.74194) : -0.363343 %, alt : +2.32139, from: zg
- . - ' - . - ' - . - ' - . - ' - . - ' - . -
trinket, rejuvenating gem (6.93701), alt: 5.62393 -> :
    hazza'rah's charm of healing (0) : -2.11298 %, alt : +18.3523, from: zg
    darkmoon card: blue dragon (5.11362) : -0.555397 %, alt : +3.20522, from: 
- . - ' - . - ' - . - ' - . - ' - . - ' - . -
trinket 2, hazza'rah's charm of healing (6.95303), alt: 18.3523 -> :
    hazza'rah's charm of healing (6.95303) : +0 %, alt : +18.3523, from: zg
    rejuvenating gem (7.65448) : +0.213657 %, alt : +5.62392, from: bwl
    darkmoon card: blue dragon (5.00528) : -0.593276 %, alt : +3.20522, from: 
- - - - - - - - - - - - - - - - - - - - - - - - - - - - - - - - - - - - - - - - - 
| Upgrades at start level, from start item to candidate, partial bonuses: 0: |
  alt scores are from least squares fit, special score from e.g. set bonuses as s are part of em
. . . . . . . . . . . . . . . . . . . . . . . . . . . . . . . . . . . . . . . . . 
- . - ' - . - ' - . - ' - . - ' - . - ' - . -
head, halo of transcendence (7.33487), alt: 6.33557 -> :
    crystal adorned crown (10.6036) : +1.00224 %, alt : +8.59571, from: azuregos
    halo of transcendence (7.33487) : +0 %, alt : +6.33556, from: onyxia
- . - ' - . - ' - . - ' - . - ' - . - ' - . -
neck, jin'do's evil eye (3.38162), alt: 4.41956 -> :
    wavefront necklace (6.15756) : +0.851132 %, alt : +2.71642, from: silithus
    the all-seeing eye of zuldazar (2.62262) : -0.232718 %, alt : +2.34917, from: zg
    jeklik's opaline talisman (4.48544) : +0.338443 %, alt : +1.87464, from: zg
    pendant of the fallen dragon (3.55481) : +0.053101 %, alt : +1.32032, from: bwl
- . - ' - . - ' - . - ' - . - ' - . - ' - . -
shoulders, zandalar confessor's mantle (5.065), alt: 5.69144 -> :
    zandalar confessor's mantle (5.065) : +0 %, alt : +5.69143, from: zg
    pauldrons of transcendence (6.17184) : +0.339369 %, alt : +4.21905, from: bwl
- . - ' - . - ' - . - ' - . - ' - . - ' - . -
back, hide of the wild (1.47571), alt: 4.0271 -> :
    shroud of pure thought (3.53821) : +0.632384 %, alt : +3.68952, from: bwl
    drape of benediction (2.42087) : +0.289796 %, alt : +3.59946, from: azuregos
    hakkari loa cloak (1.99982) : +0.160697 %, alt : +3.24505, from: zg
    cloak of the brood lord (2.06042) : +0.17928 %, alt : +3.22049, from: bwl
    archivist cape of healing (2.27823) : +0.246061 %, alt : +2.78731, from: pre-raid
    cloak of consumption (2.68991) : +0.372287 %, alt : +2.53581, from: zg
- . - ' - . - ' - . - ' - . - ' - . - ' - . -
chest, robes of the exalted (6.69476), alt: 6.00034 -> :
    robes of transcendence (9.05457) : +0.72354 %, alt : +6.87954, from: bwl
    truefaith vestments (8.32523) : +0.499917 %, alt : +6.02547, from: tailoring bop
    jade inlaid vestments (8.68951) : +0.611611 %, alt : +4.9851, from: ysondre
- . - ' - . - ' - . - ' - . - ' - . - ' - . -
wrists, bindings of transcendence (3.4003), alt: 3.97299 -> :
    bindings of transcendence (3.4003) : +0 %, alt : +3.97301, from: bwl
    vambraces of prophecy (3.93314) : +0.163373 %, alt : +3.27582, from: mc
    zandalar confessor's wraps (3.81482) : +0.127096 %, alt : +3.01221, from: zg
    sublime wristguards (3.7984) : +0.122062 %, alt : +1.83486, from: pre-raid
- . - ' - . - ' - . - ' - . - ' - . - ' - . -
two-hand,  (0), alt: 0 -> :
    lok'amir il romathis and lei of the lifegiver (10.8728) : +3.33371 %, alt : +12.4325, from: bwl, av rep
    benediction (12.1868) : +3.73659 %, alt : +11.7444, from: mc
    lok'amir il romathis and brightly glowing stone (13.899) : +4.26156 %, alt : +11.0288, from: bwl, pre-raid
    lok'amir il romathis and trance stone (12.7543) : +3.91059 %, alt : +10.8879, from: bwl, emeriss; lethon; taerar; ysondre
    lok'amir il romathis and fire runed grimoire (11.2206) : +3.44034 %, alt : +10.5222, from: bwl, mc
    staff of the shadow flame (10.6483) : +3.26488 %, alt : +10.034, from: bwl
    jin'do's hexxer and lei of the lifegiver (12.4744) : +3.82477 %, alt : +9.38575, from: zg, av rep
    fang of the mystics and lei of the lifegiver (11.8481) : +3.63274 %, alt : +8.7926, from: azuregos, av rep
    staff of rampant growth (11.8431) : +3.63122 %, alt : +8.30422, from: emeriss; lethon; taerar; ysondre
    jin'do's hexxer and brightly glowing stone (9.96906) : +3.05661 %, alt : +7.98204, from: zg, pre-raid
    jin'do's hexxer and trance stone (8.63785) : +2.64845 %, alt : +7.84119, from: zg, emeriss; lethon; taerar; ysondre
    jin'do's hexxer and fire runed grimoire (7.55789) : +2.31733 %, alt : +7.47551, from: zg, mc
    fang of the mystics and brightly glowing stone (9.16919) : +2.81137 %, alt : +7.38889, from: azuregos, pre-raid
    fang of the mystics and trance stone (8.15186) : +2.49944 %, alt : +7.24804, from: azuregos, emeriss; lethon; taerar; ysondre
    aurastone hammer and lei of the lifegiver (9.46088) : +2.9008 %, alt : +7.24706, from: mc, av rep
    fang of venoxis and lei of the lifegiver (10.3022) : +3.15875 %, alt : +7.23418, from: zg, av rep
    zulian scepter of rites and lei of the lifegiver (9.92773) : +3.04394 %, alt : +7.13015, from: zg, av rep
    sorcerous dagger and lei of the lifegiver (9.29352) : +2.84949 %, alt : +7.11955, from: mc, av rep
    wushoolay's poker and lei of the lifegiver (10.5323) : +3.2293 %, alt : +7.03673, from: zg, av rep
    fang of the mystics and fire runed grimoire (7.69006) : +2.35785 %, alt : +6.88236, from: azuregos, mc
    the hammer of grace and lei of the lifegiver (8.89819) : +2.72828 %, alt : +6.74097, from: pre-raid, av rep
    staff of dominance (6.55371) : +2.00943 %, alt : +6.63913, from: mc
    witchblade and lei of the lifegiver (7.96436) : +2.44195 %, alt : +5.9911, from: pre-raid, av rep
    will of arlokk (7.09903) : +2.17664 %, alt : +5.8919, from: zg
    aurastone hammer and brightly glowing stone (7.81238) : +2.39535 %, alt : +5.84336, from: mc, pre-raid
    fang of venoxis and brightly glowing stone (8.13007) : +2.49276 %, alt : +5.83047, from: zg, pre-raid
    zulian scepter of rites and brightly glowing stone (7.74155) : +2.37364 %, alt : +5.72644, from: zg, pre-raid
    sorcerous dagger and brightly glowing stone (6.52805) : +2.00157 %, alt : +5.71584, from: mc, pre-raid
    aurastone hammer and trance stone (7.39865) : +2.2685 %, alt : +5.7025, from: mc, emeriss; lethon; taerar; ysondre
    fang of venoxis and trance stone (7.95105) : +2.43787 %, alt : +5.68962, from: zg, emeriss; lethon; taerar; ysondre
    hypnotic blade and lei of the lifegiver (7.3038) : +2.23942 %, alt : +5.67987, from: pre-raid, av rep
    wushoolay's poker and brightly glowing stone (8.12946) : +2.49257 %, alt : +5.63302, from: zg, pre-raid
    zulian scepter of rites and trance stone (7.11288) : +2.18088 %, alt : +5.58559, from: zg, emeriss; lethon; taerar; ysondre
    sorcerous dagger and trance stone (6.21341) : +1.90509 %, alt : +5.57499, from: mc, emeriss; lethon; taerar; ysondre
    wushoolay's poker and trance stone (8.01913) : +2.45875 %, alt : +5.49217, from: zg, emeriss; lethon; taerar; ysondre
    the hammer of grace and brightly glowing stone (6.07062) : +1.86131 %, alt : +5.33726, from: pre-raid, pre-raid
    aurastone hammer and fire runed grimoire (5.84625) : +1.79252 %, alt : +5.33682, from: mc, mc
    fang of venoxis and fire runed grimoire (6.04703) : +1.85408 %, alt : +5.32394, from: zg, mc
    zulian scepter of rites and fire runed grimoire (6.08133) : +1.8646 %, alt : +5.21991, from: zg, mc
    sorcerous dagger and fire runed grimoire (4.61536) : +1.41512 %, alt : +5.20931, from: mc, mc
    gift of the elven magi and lei of the lifegiver (6.48871) : +1.9895 %, alt : +5.20079, from: pre-raid (strat live: balnazzar), av rep
    the hammer of grace and trance stone (5.91684) : +1.81416 %, alt : +5.19641, from: pre-raid, emeriss; lethon; taerar; ysondre
    wushoolay's poker and fire runed grimoire (6.56262) : +2.01217 %, alt : +5.12649, from: zg, mc
    lorespinner and lei of the lifegiver (6.69012) : +2.05126 %, alt : +5.02938, from: pre-raid, av rep
    the hammer of grace and fire runed grimoire (4.75781) : +1.45879 %, alt : +4.83073, from: pre-raid, mc
    witchblade and brightly glowing stone (4.99182) : +1.53054 %, alt : +4.5874, from: pre-raid, pre-raid
    witchblade and trance stone (5.1225) : +1.57061 %, alt : +4.44654, from: pre-raid, emeriss; lethon; taerar; ysondre
    scepter of the unholy and lei of the lifegiver (5.38184) : +1.65013 %, alt : +4.3078, from: pre-raid, av rep
    hypnotic blade and brightly glowing stone (5.47714) : +1.67935 %, alt : +4.27616, from: pre-raid, pre-raid
    hypnotic blade and trance stone (4.51819) : +1.38532 %, alt : +4.13531, from: pre-raid, emeriss; lethon; taerar; ysondre
    witchblade and fire runed grimoire (3.8912) : +1.19308 %, alt : +4.08086, from: pre-raid, mc
    gift of the elven magi and brightly glowing stone (4.29953) : +1.31828 %, alt : +3.79709, from: pre-raid (strat live: balnazzar), pre-raid
    hypnotic blade and fire runed grimoire (3.33301) : +1.02193 %, alt : +3.76963, from: pre-raid, mc
    gift of the elven magi and trance stone (4.3772) : +1.34209 %, alt : +3.65623, from: pre-raid (strat live: balnazzar), emeriss; lethon; taerar; ysondre
    lorespinner and brightly glowing stone (5.14771) : +1.57834 %, alt : +3.62567, from: pre-raid, pre-raid
    lorespinner and trance stone (5.0209) : +1.53946 %, alt : +3.48482, from: pre-raid, emeriss; lethon; taerar; ysondre
    gift of the elven magi and fire runed grimoire (3.55899) : +1.09122 %, alt : +3.29055, from: pre-raid (strat live: balnazzar), mc
    lorespinner and fire runed grimoire (4.08801) : +1.25343 %, alt : +3.11914, from: pre-raid, mc
    scepter of the unholy and brightly glowing stone (3.15628) : +0.967748 %, alt : +2.9041, from: pre-raid, pre-raid
    scepter of the unholy and trance stone (3.02341) : +0.927008 %, alt : +2.76325, from: pre-raid, emeriss; lethon; taerar; ysondre
    scepter of the unholy and fire runed grimoire (2.45093) : +0.75148 %, alt : +2.39757, from: pre-raid, mc
- . - ' - . - ' - . - ' - . - ' - . - ' - . -
ranged, dragon's touch (1.354), alt: 1.34763 -> :
    lunar wand of healing (2.15146) : +0.244508 %, alt : +1.56978, from: random green
    bonecreeper stylus (1.96219) : +0.186476 %, alt : +1.15561, from: pre-raid
- . - ' - . - ' - . - ' - . - ' - . - ' - . -
hands, handguards of transcendence (3.73621), alt: 4.50671 -> :
    handguards of transcendence (3.73621) : +0 %, alt : +4.50672, from: bwl
    atal'ai hands of healing (4.18512) : +0.137642 %, alt : +4.15992, from: sunken temple
    hands of the exalted herald (3.89633) : +0.0490962 %, alt : +3.86472, from: pre-raid
    gloves of prophecy (5.73926) : +0.614156 %, alt : +3.21047, from: mc
    bloodtinged gloves (3.82452) : +0.0270792 %, alt : +2.49256, from: zg
    atal'ai gloves of the owl (3.99142) : +0.0782526 %, alt : +2.00805, from: pre-raid
- . - ' - . - ' - . - ' - . - ' - . - ' - . -
waist, ban'thok sash (0.809418), alt: 1.74548 -> :
    belt of transcendence (3.54999) : +0.840287 %, alt : +4.18382, from: bwl
    firemaw's clutch (5.19073) : +1.34336 %, alt : +3.87026, from: bwl
    zandalar confessor's bindings (3.3833) : +0.789179 %, alt : +3.82669, from: zg
    mana igniting cord (2.88342) : +0.635911 %, alt : +3.54862, from: mc
    whipvine cord (5.15271) : +1.3317 %, alt : +3.31337, from: pre-raid
    belt of untapped power (2.211) : +0.429739 %, alt : +2.78758, from: zg
    girdle of prophecy (3.96494) : +0.967514 %, alt : +2.78152, from: mc
    thuzadin sash (2.40222) : +0.48837 %, alt : +2.03784, from: pre-raid
- . - ' - . - ' - . - ' - . - ' - . - ' - . -
legs, empowered leggings (10.7125), alt: 7.98752 -> :
    leggings of transcendence (11.7594) : +0.320983 %, alt : +6.05822, from: mc
- . - ' - . - ' - . - ' - . - ' - . - ' - . -
feet, boots of transcendence (3.33789), alt: 4.44928 -> :
    boots of pure thought (4.71262) : +0.421505 %, alt : +6.06785, from: bwl
    boots of transcendence (3.33789) : +0 %, alt : +4.44928, from: bwl
- . - ' - . - ' - . - ' - . - ' - . - ' - . -
finger, primalist's seal (2.54132), alt: 3.36942 -> :
    pure elementium band (4.38202) : +0.564377 %, alt : +5.1612, from: bwl
    cauterizing band (3.53409) : +0.304393 %, alt : +4.48718, from: mc
    fordring's seal (2.80319) : +0.0802924 %, alt : +3.26938, from: pre-raid
    ring of blackrock (4.00861) : +0.449885 %, alt : +1.93493, from: bwl
    zanzil's seal (3.28351) : +0.227562 %, alt : +1.59394, from: zg
    cyclopean band (3.03607) : +0.151696 %, alt : +1.32608, from: pre-raid
    seal of the archmagus (2.81296) : +0.0832867 %, alt : +1.24928, from: mc
- . - ' - . - ' - . - ' - . - ' - . - ' - . -
finger 2, pure elementium band (6.66949), alt: 5.16119 -> :
    fordring's seal (6.78156) : +0.0343589 %, alt : +3.26938, from: pre-raid
    ring of spellpower (6.95831) : +0.0885547 %, alt : +2.59014, from: mc
    rosewine circle (7.2709) : +0.184398 %, alt : +2.52265, from: pre-raid
- . - ' - . - ' - . - ' - . - ' - . - ' - . -
trinket, rejuvenating gem (8.62067), alt: 5.62393 -> :
    hazza'rah's charm of healing (0) : -2.64318 %, alt : +18.3523, from: zg
    darkmoon card: blue dragon (5.0289) : -1.10127 %, alt : +3.20522, from: 
- . - ' - . - ' - . - ' - . - ' - . - ' - . -
trinket 2, hazza'rah's charm of healing (6.31378), alt: 18.3523 -> :
    hazza'rah's charm of healing (6.31378) : +0 %, alt : +18.3523, from: zg
    rejuvenating gem (7.45963) : +0.351327 %, alt : +5.62392, from: bwl
    darkmoon card: blue dragon (5.14703) : -0.357737 %, alt : +3.20522, from: 
------------------
Best value: 341.563
