Your call: ./css 4 ../items/phase5.csv ../items/not_for_priests.txt no-locks innuendo_bwl_speed_phase5 -a ../confs/wcl_bwl_speed_log.csv -l innuendo_speed.txt 
Found: -a, val: ../confs/wcl_bwl_speed_log.csv
./css 4 ../items/phase5.csv ../items/not_for_priests.txt no-locks innuendo_bwl_speed_phase5 -l innuendo_speed.txt 
Found key: buff_fraction, saw val: 1
Found key: healing_from_crit_fraction, saw val: 0.2
Found key: transc8_exists, saw val: 0
Found key: enchantments, saw val: 1
Found key: fort, saw val: 1
Found key: motw, saw val: 1
Found key: spirit, saw val: 1
Found key: ai, saw val: 1
Found key: flask, saw val: 1
Found key: holy_disc, saw val: 0
Found key: min_combat_length, saw val: 2
Found key: max_log_entry_diff_in_combat, saw val: 10
Found key: precast, saw val: 1
Found key: swap_cast, saw val: 1
Found key: time_step, saw val: 0.1
Found key: reaction_time, saw val: 0.1
Found key: skip_player, saw val: Paisti
Found key: use_deficit_time_sum, saw val: 0
Found key: wcl_log, saw val: 1
Found: -l, val: innuendo_speed.txt
./css 4 ../items/phase5.csv ../items/not_for_priests.txt no-locks innuendo_bwl_speed_phase5 
Will read log from: innuendo_speed.txt
./css 4 ../items/phase5.csv ../items/not_for_priests.txt no-locks innuendo_bwl_speed_phase5 
./css 4 ../items/phase5.csv ../items/not_for_priests.txt no-locks innuendo_bwl_speed_phase5 
Shuffle seed: 2416673600
Reading banned from: ../items/not_for_priests.txt
Banning: neltharion's tear
Banning: lok'amir il romathis
Banning: choker of the fire lord
Reading WCL parsed log: innuendo_speed.txt
Saw 17893 lines of log, with 17893 log lines
Sorting by timestamp...
Sorted.
Pruning log from: 17893 entries.
Combat from 0 to 12.866 s
Combat from 50.898 to 126.431 s
Combat from 129.408 to 219.315 s
Combat from 228.306 to 250.521 s
Combat from 252.553 to 333.926 s
Combat from 351.288 to 373.561 s
Combat from 399.962 to 417.715 s
Combat from 437.186 to 467.151 s
Combat from 490.203 to 742.683 s
Combat from 761.62 to 979.419 s
Combat from 996.011 to 1077.49 s
Combat from 1097.62 to 1170.07 s
Combat from 1189.91 to 1330.38 s
Combat from 1345.37 to 1420.81 s
Pruned to: 17778 entries.
----------------------------------------------------------
---- Baseline results without simulated player input: ----
----------------------------------------------------------
oh_limit: 0.9
time_left_mul: 0.5
total_deficit_to_pop_trinkets: 10000
in combat total: 1193.9
Total time casting: 0, which is: 0% of time in combat.
Total hps: 0, raw hps: 0, oh: -nan
Deficit time sum: 3.29527e+07, baseline: 0
Deficit*time change / s: -27600.9 hp
Number of combats: 14
Average mana at start of combat: 0
Average mana at end of combat: 0
Other players with hps > 100:
  Afrit : 209.112 hps
  Chainwhat : 195.447 hps
  Killu : 125.628 hps
  Lucypoo : 136.209 hps
  Mumfie : 197.954 hps
  Notdonaldj : 195.341 hps
  Sipsen : 188.786 hps
  Socialbidrag : 193.675 hps
  Tjejman : 163.769 hps
  Wristicles : 216.137 hps
Reading tmp locked from: start_with.txt
Locking: anastari heirloom
Locking: anathema
Locking: animated chain necklace
Locking: argent crusader
Locking: atal'ai gloves of the owl
Locking: ban'thok sash
Locking: banshee finger
Locking: benediction
Locking: blood of the martyr
Locking: briarwood reed
Locking: burial shawl
Locking: clutch of andros
Locking: crimson felt hat
Locking: cyclopean band
Locking: devout belt
Locking: devout bracers
Locking: devout crown
Locking: devout mantle
Locking: devout robe
Locking: devout sandals
Locking: devout skirt
Locking: dragon finger of healing
Locking: dragon finger of intellect
Locking: dragonrider boots
Locking: dragonslayer's signet
Locking: drakefire amulet
Locking: dreadmist mantle
Locking: dreamweave circlet
Locking: dreamweave gloves
Locking: dreamweave vest
Locking: elder magus pendant
Locking: eye of the beast
Locking: fordring's seal
Locking: girdle of prophecy
Locking: gloves of prophecy
Locking: grimgore noose
Locking: halo of transcendence
Locking: heart of the fiend
Locking: hide of the wild
Locking: kentic amice
Locking: magister's robes
Locking: maleki's footwraps
Locking: mindtap talisman
Locking: nature's breath
Locking: necropile boots
Locking: necropile cuffs
Locking: necropile leggings
Locking: necropile mantle
Locking: necropile robe
Locking: noxious shooter
Locking: omnicast boots
Locking: orb of the forgotten seer
Locking: padre's trousers
Locking: penelope's rose
Locking: quel'dorai channeling rod
Locking: raincaster drape
Locking: rainstrider leggings
Locking: ring of demonic guile
Locking: ring of demonic guile
Locking: robes of prophecy
Locking: robes of the exalted
Locking: robes of the royal crown
Locking: rod of corrosion
Locking: rosewine circle
Locking: royal seal of eldre'thalas
Locking: royal tribunal cloak
Locking: sarah's guide
Locking: seal of rivendare
Locking: seal of rivendare
Locking: shadowy laced handwraps
Locking: silkweb gloves
Locking: soulstealer mantle
Locking: spellbound tome
Locking: spritecaster cape
Locking: star of mystaria
Locking: starfire tiara
Locking: stormrager
Locking: sublime wristguards
Locking: the hammer of grace
Locking: the postmaster's treads
Locking: thuzadin sash
Locking: triune amulet
Locking: vinerot sandals
Locking: whipvine cord
Locking: wolfshear leggings
Locking: boots of the full moon
Locking: mantle of prophecy
Locking: dragon's touch
Locking: bindings of transcendence
Locking: shimmering geta
Locking: empowered leggings
Locking: seal of the archmagus
Locking: circlet of prophecy
Locking: boots of prophecy
Locking: pauldrons of transcendence
Locking: primalist's seal
Locking: zandalar confessor's bindings
Locking: zulian headdress
Locking: mar'li's eye
Locking: shroud of pure thought
Locking: belt of transcendence
Locking: jin'do's evil eye
Locking: primalist's band
Locking: zandalarian hero charm
Locking: zandalar confessor's mantle
Locking: zandalar confessor's wraps 
Locking: pure elementium band
Locking: truefaith vestments
Locking: vambraces of prophecy
Locking: hazza'rah's charm of healing
Locking: handguards of transcendence
Locking: boots of transcendence
Locking: darkmoon card: blue dragon
Locking: rejuvenating gem
Optimizing start items...

*** NEW BEST (1): 191.645

*** NEW BEST (1): 197.774

*** NEW BEST (1): 204.301

*** NEW BEST (1): 214.15

*** NEW BEST (1): 217.904

*** NEW BEST (1): 225.016

*** NEW BEST (1): 230.61

*** NEW BEST (1): 234.1

*** NEW BEST (1): 240.124

*** NEW BEST (1): 244.939

*** NEW BEST (1): 246.4

*** NEW BEST (1): 254.811

*** NEW BEST (1): 257.536

*** NEW BEST (1): 259.363

*** NEW BEST (1): 265.638
*
*** NEW BEST (1): 266.749

*** NEW BEST (1): 267.8

*** NEW BEST (1): 268.32
*
*** NEW BEST (1): 270.372

*** NEW BEST (1): 272.951
*
*** NEW BEST (1): 274.122
********
*** NEW BEST (0): 246.681
Based on last: 3000 entries, out of total: 3237 entries, The least-squares solution is:
Int: 77.7277
Spirit: 51.7005
Sp / Healing: 100
Mp5: 113.721
Crit: 224.317
T1 3p/piece: 490.118
T2 3p/piece: 2604.6
Hazza'rah's: 32411.1
Darkmoon: 4347.4
100 points == 1 sp == 0.0579086 hps.
neck : animated chain necklace -> jin'do's evil eye => val: 246.681 -> 247.216

*** NEW BEST (0): 247.216
Based on last: 3000 entries, out of total: 3265 entries, The least-squares solution is:
Int: 75.704
Spirit: 50.336
Sp / Healing: 100
Mp5: 112.927
Crit: 240.146
T1 3p/piece: 423.322
T2 3p/piece: 2461.92
Hazza'rah's: 31599.7
Darkmoon: 4245.7
100 points == 1 sp == 0.0592958 hps.
trinket : briarwood reed -> rejuvenating gem => val: 247.216 -> 251.236

*** NEW BEST (0): 251.236
Based on last: 3000 entries, out of total: 3278 entries, The least-squares solution is:
Int: 74.7226
Spirit: 50.1671
Sp / Healing: 100
Mp5: 113.29
Crit: 240.5
T1 3p/piece: 423.924
T2 3p/piece: 2446.91
Hazza'rah's: 31453.9
Darkmoon: 4140.64
100 points == 1 sp == 0.0595542 hps.
chest : dreamweave vest -> truefaith vestments => val: 251.236 -> 256.941

*** NEW BEST (0): 256.941
Based on last: 3000 entries, out of total: 3297 entries, The least-squares solution is:
Int: 74.0047
Spirit: 50.4167
Sp / Healing: 100
Mp5: 114.297
Crit: 229.33
T1 3p/piece: 416.289
T2 3p/piece: 2411.49
Hazza'rah's: 31498.9
Darkmoon: 4118.06
100 points == 1 sp == 0.0598807 hps.
finger : blood of the martyr -> pure elementium band => val: 256.941 -> 260.58

*** NEW BEST (0): 260.58
Based on last: 3000 entries, out of total: 3331 entries, The least-squares solution is:
Int: 74.8243
Spirit: 51.1481
Sp / Healing: 100
Mp5: 117.813
Crit: 228.837
T1 3p/piece: 418.196
T2 3p/piece: 2353.89
Hazza'rah's: 31487.5
Darkmoon: 4114.92
100 points == 1 sp == 0.0599265 hps.
shoulders : zandalar confessor's mantle -> pauldrons of transcendence => val: 260.23 -> 264.915

*** NEW BEST (0): 264.915
Based on last: 3000 entries, out of total: 3355 entries, The least-squares solution is:
Int: 75.289
Spirit: 48.7071
Sp / Healing: 100
Mp5: 123.62
Crit: 272.203
T1 3p/piece: 342.435
T2 3p/piece: 2368.89
Hazza'rah's: 31146.8
Darkmoon: 4073.35
100 points == 1 sp == 0.060538 hps.
ranged : dragon finger of intellect -> dragon's touch => val: 264.915 -> 265.296

*** NEW BEST (0): 265.296
Based on last: 3000 entries, out of total: 3376 entries, The least-squares solution is:
Int: 74.4638
Spirit: 48.0028
Sp / Healing: 100
Mp5: 121.591
Crit: 243.012
T1 3p/piece: 365.317
T2 3p/piece: 2459.2
Hazza'rah's: 30935.4
Darkmoon: 4046.45
100 points == 1 sp == 0.0609405 hps.
*two-hand :   the hammer of grace orb of the forgotten seer -> benediction    => val: 261.161 -> 265.855

*** NEW BEST (0): 265.855
Based on last: 3000 entries, out of total: 3488 entries, The least-squares solution is:
Int: 73.1543
Spirit: 54.2396
Sp / Healing: 100
Mp5: 115.276
Crit: 196.256
T1 3p/piece: 441.226
T2 3p/piece: 2373.33
Hazza'rah's: 31035.2
Darkmoon: 4030.31
100 points == 1 sp == 0.0611845 hps.
********
Read starting items and cleared locks.
 ----------------------------
 --- head --- 
name: halo of transcendence
slot: head
intelligence: 27
stamina: 17
spirit: 22
sp_healing: 48
fire_res: 10
frost_res: 10
armor: 94
 ----------------------------
 --- neck --- 
name: jin'do's evil eye
slot: neck
intelligence: 11
stamina: 5
spirit: 6
sp_healing: 44
 ----------------------------
 --- shoulders --- 
name: pauldrons of transcendence
slot: shoulders
intelligence: 25
stamina: 12
spirit: 13
sp_healing: 26
fire_res: 10
armor: 87
 ----------------------------
 --- back --- 
name: hide of the wild
slot: back
intelligence: 10
stamina: 8
sp_healing: 42
armor: 48
 ----------------------------
 --- chest --- 
name: truefaith vestments
slot: chest
stamina: 14
sp_healing: 73
mp5: 6
armor: 96
 ----------------------------
 --- wrists --- 
name: bindings of transcendence
slot: wrists
intelligence: 13
stamina: 9
spirit: 16
sp_healing: 33
armor: 51
 ----------------------------
 --- two-hand --- 
name: benediction
slot: two-hand
intelligence: 31
stamina: 10
spirit: 12
sp_healing: 106
spell_crit: 2
shadow_res: 20
 ----------------------------
 ---  --- 
name: 
slot: 
 ----------------------------
 ---  --- 
name: 
slot: 
 ----------------------------
 ---  --- 
name: 
slot: 
 ----------------------------
 --- ranged --- 
name: dragon's touch
slot: ranged
intelligence: 12
stamina: 7
sp: 6
 ----------------------------
 --- hands --- 
name: handguards of transcendence
slot: hands
intelligence: 20
stamina: 12
spirit: 13
sp_healing: 29
spell_crit: 1
armor: 72
 ----------------------------
 --- waist --- 
name: zandalar confessor's bindings
slot: waist
intelligence: 20
stamina: 12
spirit: 12
sp_healing: 26
armor: 53
 ----------------------------
 --- legs --- 
name: empowered leggings
slot: legs
intelligence: 12
stamina: 12
spirit: 24
sp_healing: 77
spell_crit: 1
armor: 103
 ----------------------------
 --- feet --- 
name: boots of transcendence
slot: feet
intelligence: 17
stamina: 17
spirit: 17
sp_healing: 35
fire_res: 10
armor: 80
 ----------------------------
 --- finger --- 
name: pure elementium band
slot: finger
intelligence: 10
stamina: 9
spirit: 10
sp_healing: 53
 ----------------------------
 --- finger --- 
name: primalist's seal
slot: finger
intelligence: 12
spirit: 8
sp_healing: 29
 ----------------------------
 --- trinket --- 
name: rejuvenating gem
slot: trinket
sp_healing: 66
mp5: 9
 ----------------------------
 --- trinket --- 
name: hazza'rah's charm of healing
slot: trinket
 ----------------------------
 --- Set bonuses ---
name: confessor's 2 hazza'rah's 1 transcendence 3 
slot: Set bonuses
sp: 23
 --- And counts for start items ---
oh_limit: 0.9
time_left_mul: 0.5
total_deficit_to_pop_trinkets: 10000
in combat total: 1193.9
Flash Heal 1, casts: 38, avg: 448.242, 5.3664%, cast time 4.77427% of in combat, overheal: 0.286146
Flash Heal 2, casts: 10, avg: 648.654, 2.04362%, cast time 1.25639% of in combat, overheal: 0.0929628
Flash Heal 3, casts: 6, avg: 795.437, 1.50364%, cast time 0.753832% of in combat, overheal: 0
Flash Heal 4, casts: 23, avg: 828.703, 6.005%, cast time 2.88969% of in combat, overheal: 0.0594233
Flash Heal 5, casts: 12, avg: 889.799, 3.36403%, cast time 1.50766% of in combat, overheal: 0.127527
Flash Heal 6, casts: 18, avg: 1057.81, 5.99881%, cast time 2.2615% of in combat, overheal: 0.0941119
Flash Heal 7, casts: 149, avg: 1258.51, 59.0786%, cast time 18.7202% of in combat, overheal: 0.0733196
Greater Heal 1 hazz, casts: 9, avg: 1110.12, 3.14774%, cast time 1.13075% of in combat, overheal: 0.394092
Greater Heal 2 hazz, casts: 1, avg: 908, 0.28607%, cast time 0.125639% of in combat, overheal: 0.570485
Greater Heal 3 hazz, casts: 4, avg: 1368.69, 1.72485%, cast time 0.502555% of in combat, overheal: 0.439006
Greater Heal 4, casts: 1, avg: 2821.55, 0.888944%, cast time 0.209398% of in combat, overheal: 0
Greater Heal 4 hazz, casts: 12, avg: 2692.96, 10.1812%, cast time 1.50766% of in combat, overheal: 0.0455749
Heal 2, casts: 1, avg: 1304.9, 0.411114%, cast time 0.209398% of in combat, overheal: 0
Total time casting: 428, which is: 35.8489% of time in combat.
Total hps: 265.855, raw hps: 299.865, oh: 0.113416
Deficit time sum: 2.59825e+07, baseline: 3.29527e+07
Deficit*time change / s: 5838.21 hp
Number of combats: 14
Average mana at start of combat: 10338.3
Average mana at end of combat: 8712.12
Other players with hps > 100:
  Afrit : 190.186 hps
  Chainwhat : 174.722 hps
  Killu : 111.573 hps
  Lucypoo : 126.388 hps
  Mumfie : 185.194 hps
  Notdonaldj : 178.328 hps
  Sipsen : 163.007 hps
  Socialbidrag : 176.491 hps
  Tjejman : 148.084 hps
  Wristicles : 200.969 hps
Reading locked from: no-locks
Setting tag name to: innuendo_bwl_speed_phase5
.
*** NEW BEST (1): 320.111

*** NEW BEST (1): 320.221

*** NEW BEST (1): 330.58

*** NEW BEST (1): 335.888

*** NEW BEST (1): 336.435

*** NEW BEST (1): 338.62
.
*** NEW BEST (1): 340.001
.Temporary bans and partial set bonuses off.
.legs : empowered leggings -> leggings of transcendence => val: 326.379 -> 330.525

*** NEW BEST (0): 330.525
shoulders : ternary mantle -> zandalar confessor's mantle => val: 329.909 -> 330.039
finger 2 : primalist's seal -> ring of the martyr => val: 330.039 -> 330.98

*** NEW BEST (0): 330.98
***** INTERMEDIATE RESULTS *****
Iteration: 4
 ----------------------------
 --- head --- 
name: crystal adorned crown
slot: head
intelligence: 14
spirit: 13
sp_healing: 92
armor: 85
 ----------------------------
 --- neck --- 
name: amulet of the fallen god
slot: neck
intelligence: 11
sp_healing: 57
mp5: 6
 ----------------------------
 --- shoulders --- 
name: zandalar confessor's mantle
slot: shoulders
intelligence: 24
stamina: 11
spirit: 15
sp_healing: 22
armor: 78
 ----------------------------
 --- back --- 
name: cloak of clarity
slot: back
intelligence: 12
stamina: 6
spirit: 7
sp_healing: 40
mp5: 8
armor: 66
 ----------------------------
 --- chest --- 
name: robes of transcendence
slot: chest
intelligence: 27
stamina: 17
spirit: 16
sp_healing: 57
nature_res: 10
fire_res: 10
armor: 116
 ----------------------------
 --- wrists --- 
name: bindings of transcendence
slot: wrists
intelligence: 13
stamina: 9
spirit: 16
sp_healing: 33
armor: 51
 ----------------------------
 ---  --- 
name: 
slot: 
 ----------------------------
 --- main hand --- 
name: scepter of the false prophet
slot: main hand
intelligence: 19
stamina: 10
sp_healing: 187
mp5: 3
 ----------------------------
 ---  --- 
name: 
slot: 
 ----------------------------
 --- off hand --- 
name: sartura's might
slot: off hand
intelligence: 6
stamina: 6
sp_healing: 51
mp5: 6
 ----------------------------
 --- ranged --- 
name: lunar wand of healing
slot: ranged
sp_healing: 20
 ----------------------------
 --- hands --- 
name: gloves of dark wisdom
slot: hands
intelligence: 20
stamina: 19
sp_healing: 35
mp5: 5
armor: 69
 ----------------------------
 --- waist --- 
name: grasp of the old god
slot: waist
intelligence: 19
stamina: 15
sp_healing: 59
mp5: 7
armor: 75
 ----------------------------
 --- legs --- 
name: leggings of transcendence
slot: legs
intelligence: 21
stamina: 16
spirit: 21
sp_healing: 46
mp5: 7
arcane_res: 10
shadow_res: 10
armor: 101
 ----------------------------
 --- feet --- 
name: boots of pure thought
slot: feet
intelligence: 12
stamina: 8
spirit: 12
sp_healing: 62
armor: 74
 ----------------------------
 --- finger --- 
name: pure elementium band
slot: finger
intelligence: 10
stamina: 9
spirit: 10
sp_healing: 53
 ----------------------------
 --- finger --- 
name: ring of the martyr
slot: finger
stamina: 10
sp_healing: 51
mp5: 5
 ----------------------------
 --- trinket --- 
name: rejuvenating gem
slot: trinket
sp_healing: 66
mp5: 9
 ----------------------------
 --- trinket --- 
name: hazza'rah's charm of healing
slot: trinket
 ----------------------------
 --- Set bonuses ---
name: confessor's 2 hazza'rah's 1 transcendence 3 
slot: Set bonuses
sp: 23
------------------
Best value: 330.98
------------------
Char stats: 
Effective hp: 8746.7
Effective mana (100 s, 33 % out of fsr): 18080.3
Raw max mana: 11021.6
Int: 451.03
Stam: 416.53
Spirit: 419.98
Strength: 79.58
Agility: 84.18
All stats multiplier (taken into account above): 1.15
Bonus mana: 2000
Bonus hp: 0
Mp5: 206
Sp: 23
Sp shadow: 0
Sp healing: 1091
Spell crit: 18
Spell hit: 0
Arcane res: 37
Nature res: 37
Fire res: 37
Frost res: 27
Shadow res: 37
Armor: 2913.75
Defense: 300
Dodge: 0
Parry: 0
HpsPvp: 1027.12
ShadowDps: 222.732
Value pvp healing: 2308.98
Value pvp shadow: 108.578
Effective hp-pvp: 11002.4
Effecctive mana for 100 s, 0.33 fsr: 19548.3
------------------
Best counts:
oh_limit: 0.7
time_left_mul: 2.9
total_deficit_to_pop_trinkets: 12155.1
in combat total: 1193.9
Flash Heal 1, casts: 11, avg: 509.506, 1.39577%, cast time 1.38203% of in combat, overheal: 0.302591
Flash Heal 2, casts: 5, avg: 765.258, 0.952903%, cast time 0.628193% of in combat, overheal: 0.0634428
Flash Heal 3, casts: 3, avg: 887.51, 0.663079%, cast time 0.376916% of in combat, overheal: 0.0103206
Flash Heal 4, casts: 7, avg: 780.792, 1.36114%, cast time 0.879471% of in combat, overheal: 0.20466
Flash Heal 5, casts: 4, avg: 1119.41, 1.11512%, cast time 0.502555% of in combat, overheal: 0
Flash Heal 6, casts: 3, avg: 1111.72, 0.830595%, cast time 0.376916% of in combat, overheal: 0.121921
Flash Heal 7, casts: 22, avg: 1308.93, 7.17149%, cast time 2.76405% of in combat, overheal: 0.100373
Greater Heal 1, casts: 6, avg: 1957.53, 2.92503%, cast time 1.25639% of in combat, overheal: 0.0364761
Greater Heal 1 hazz, casts: 7, avg: 1221.71, 2.1298%, cast time 0.879471% of in combat, overheal: 0.398655
Greater Heal 2 hazz, casts: 3, avg: 1520.67, 1.13612%, cast time 0.376916% of in combat, overheal: 0.342059
Greater Heal 4, casts: 51, avg: 2667.45, 33.8795%, cast time 10.6793% of in combat, overheal: 0.114736
Greater Heal 4 hazz, casts: 12, avg: 2868.47, 8.57241%, cast time 1.50766% of in combat, overheal: 0.0480209
Heal 2, casts: 89, avg: 1101.79, 24.4208%, cast time 18.6364% of in combat, overheal: 0.270265
Heal 4, casts: 30, avg: 1799.74, 13.4463%, cast time 6.28193% of in combat, overheal: 0.172994
Total time casting: 555.5, which is: 46.5282% of time in combat.
Total hps: 336.327, raw hps: 406.07, oh: 0.171751
Deficit time sum: 2.44936e+07, baseline: 3.29527e+07
Deficit*time change / s: 7085.26 hp
Number of combats: 14
Average mana at start of combat: 10456.8
Average mana at end of combat: 9377.43
Other players with hps > 100:
  Afrit : 182.451 hps
  Chainwhat : 169.027 hps
  Killu : 107.919 hps
  Lucypoo : 122.365 hps
  Mumfie : 174.081 hps
  Notdonaldj : 174.293 hps
  Sipsen : 156.031 hps
  Socialbidrag : 172.702 hps
  Tjejman : 142.388 hps
  Wristicles : 198.708 hps
------------------
Upgrades: 
( following sorted by alt scores, no specials )
benediction, , , (8.51147) -> , scepter of the false prophet, , sartura's might(16.3157) : 7.8042 = +2.37554%
zandalar confessor's bindings(2.88422) -> grasp of the old god(4.95404) : 2.06982 = +0.619232%
halo of transcendence(4.87546) -> crystal adorned crown(6.68701) : 1.81155 = +0.541546%
boots of transcendence(3.46652) -> boots of pure thought(4.72879) : 1.26227 = +0.376724%
pauldrons of transcendence(3.1412) -> zandalar confessor's mantle(4.32532) : 1.18411 = +0.353316%
jin'do's evil eye(3.38358) -> amulet of the fallen god(4.40305) : 1.01947 = +0.304041%
primalist's seal(2.57697) -> ring of the martyr(3.47305) : 0.896088 = +0.267145%
hide of the wild(3.01733) -> cloak of clarity(3.78104) : 0.763702 = +0.227588%
truefaith vestments(4.88965) -> robes of transcendence(5.22699) : 0.337341 = +0.100402%
dragon's touch(0.904205) -> lunar wand of healing(1.22369) : 0.319489 = +0.0950838%
handguards of transcendence(3.22104) -> gloves of dark wisdom(3.38928) : 0.168243 = +0.0500488%
bindings of transcendence(3.13193) -> bindings of transcendence(3.13193) : 0 = +0%
pure elementium band(4.02225) -> pure elementium band(4.02225) : 0 = +0%
rejuvenating gem(4.67294) -> rejuvenating gem(4.67294) : 0 = +0%
hazza'rah's charm of healing(20.396) -> hazza'rah's charm of healing(20.396) : 0 = +0%
empowered leggings(6.16486) -> leggings of transcendence(4.94507) : -1.21979 = +-0.361369%
------------------
~~~~ end of intermediate results ~~~~
Temporary bans and partial set bonuses on.
....
*** NEW BEST (1): 340.789
Based on last: 3000 entries, out of total: 6075 entries, The least-squares solution is:
Int: 64.6307
Spirit: 56.8073
Sp / Healing: 100
Mp5: 102.701
Crit: 335.982
T1 3p/piece: 1441.62
T2 3p/piece: 3097.62
Hazza'rah's: 24585.3
Darkmoon: 4571.15
100 points == 1 sp == 0.0655897 hps.
Temporary bans and partial set bonuses off.
.finger 2 : primalist's seal -> ring of the martyr => val: 333.08 -> 336.014

*** NEW BEST (0): 336.014
Based on last: 3000 entries, out of total: 6240 entries, The least-squares solution is:
Int: 66.5011
Spirit: 64.2676
Sp / Healing: 100
Mp5: 99.5545
Crit: 336.974
T1 3p/piece: 2243.77
T2 3p/piece: 3541.33
Hazza'rah's: 24283.6
Darkmoon: 4460.8
100 points == 1 sp == 0.0658588 hps.
two-hand : blessed qiraji augur staff    ->   scepter of the false prophet sartura's might => val: 336.014 -> 340.584

*** NEW BEST (0): 340.584
Based on last: 3000 entries, out of total: 6279 entries, The least-squares solution is:
Int: 66.2652
Spirit: 60.909
Sp / Healing: 100
Mp5: 103.816
Crit: 367.237
T1 3p/piece: 2200.85
T2 3p/piece: 3761.73
Hazza'rah's: 23981.8
Darkmoon: 5080.72
100 points == 1 sp == 0.0665614 hps.
***** INTERMEDIATE RESULTS *****
Iteration: 9
 ----------------------------
 --- head --- 
name: halo of transcendence
slot: head
intelligence: 27
stamina: 17
spirit: 22
sp_healing: 48
fire_res: 10
frost_res: 10
armor: 94
 ----------------------------
 --- neck --- 
name: amulet of the fallen god
slot: neck
intelligence: 11
sp_healing: 57
mp5: 6
 ----------------------------
 --- shoulders --- 
name: zandalar confessor's mantle
slot: shoulders
intelligence: 24
stamina: 11
spirit: 15
sp_healing: 22
armor: 78
 ----------------------------
 --- back --- 
name: cloak of clarity
slot: back
intelligence: 12
stamina: 6
spirit: 7
sp_healing: 40
mp5: 8
armor: 66
 ----------------------------
 --- chest --- 
name: robes of transcendence
slot: chest
intelligence: 27
stamina: 17
spirit: 16
sp_healing: 57
nature_res: 10
fire_res: 10
armor: 116
 ----------------------------
 --- wrists --- 
name: bindings of transcendence
slot: wrists
intelligence: 13
stamina: 9
spirit: 16
sp_healing: 33
armor: 51
 ----------------------------
 ---  --- 
name: 
slot: 
 ----------------------------
 --- main hand --- 
name: scepter of the false prophet
slot: main hand
intelligence: 19
stamina: 10
sp_healing: 187
mp5: 3
 ----------------------------
 ---  --- 
name: 
slot: 
 ----------------------------
 --- off hand --- 
name: sartura's might
slot: off hand
intelligence: 6
stamina: 6
sp_healing: 51
mp5: 6
 ----------------------------
 --- ranged --- 
name: lunar wand of healing
slot: ranged
sp_healing: 20
 ----------------------------
 --- hands --- 
name: gloves of prophecy
slot: hands
intelligence: 15
stamina: 10
spirit: 15
sp_healing: 18
mp5: 6
fire_res: 7
armor: 63
 ----------------------------
 --- waist --- 
name: grasp of the old god
slot: waist
intelligence: 19
stamina: 15
sp_healing: 59
mp5: 7
armor: 75
 ----------------------------
 --- legs --- 
name: empowered leggings
slot: legs
intelligence: 12
stamina: 12
spirit: 24
sp_healing: 77
spell_crit: 1
armor: 103
 ----------------------------
 --- feet --- 
name: boots of pure thought
slot: feet
intelligence: 12
stamina: 8
spirit: 12
sp_healing: 62
armor: 74
 ----------------------------
 --- finger --- 
name: pure elementium band
slot: finger
intelligence: 10
stamina: 9
spirit: 10
sp_healing: 53
 ----------------------------
 --- finger --- 
name: ring of the martyr
slot: finger
stamina: 10
sp_healing: 51
mp5: 5
 ----------------------------
 --- trinket --- 
name: rejuvenating gem
slot: trinket
sp_healing: 66
mp5: 9
 ----------------------------
 --- trinket --- 
name: hazza'rah's charm of healing
slot: trinket
 ----------------------------
 --- Set bonuses ---
name: confessor's 2 hazza'rah's 1 transcendence 3 
slot: Set bonuses
sp: 23
------------------
Best value: 340.584
------------------
Char stats: 
Effective hp: 8786.7
Effective mana (100 s, 33 % out of fsr): 18134.3
Raw max mana: 11002.6
Int: 449.88
Stam: 421.13
Spirit: 451.03
Strength: 79.58
Agility: 84.18
All stats multiplier (taken into account above): 1.15
Bonus mana: 2000
Bonus hp: 0
Mp5: 200
Sp: 23
Sp shadow: 0
Sp healing: 1061
Spell crit: 19
Spell hit: 0
Arcane res: 27
Nature res: 37
Fire res: 54
Frost res: 37
Shadow res: 27
Armor: 2918.75
Defense: 300
Dodge: 0
Parry: 0
HpsPvp: 1029.92
ShadowDps: 224.52
Value pvp healing: 2360.62
Value pvp shadow: 112.184
Effective hp-pvp: 11119.3
Effecctive mana for 100 s, 0.33 fsr: 19699.9
------------------
Best counts:
oh_limit: 0.8
time_left_mul: 2.9
total_deficit_to_pop_trinkets: 17514.6
in combat total: 1193.9
Flash Heal 1, casts: 11, avg: 508.395, 1.41188%, cast time 1.38203% of in combat, overheal: 0.292266
Flash Heal 2, casts: 5, avg: 758.018, 0.956872%, cast time 0.628193% of in combat, overheal: 0.0583977
Flash Heal 3, casts: 2, avg: 876.923, 0.442788%, cast time 0.251277% of in combat, overheal: 0.00895427
Flash Heal 4, casts: 6, avg: 737.808, 1.11763%, cast time 0.753832% of in combat, overheal: 0.239333
Flash Heal 5, casts: 4, avg: 1107.91, 1.11884%, cast time 0.502555% of in combat, overheal: 0
Flash Heal 6, casts: 5, avg: 1026.11, 1.2953%, cast time 0.628193% of in combat, overheal: 0.182286
Flash Heal 7, casts: 23, avg: 1306.29, 7.58529%, cast time 2.88969% of in combat, overheal: 0.0954223
Greater Heal 1, casts: 9, avg: 1519.84, 3.45339%, cast time 1.88458% of in combat, overheal: 0.243263
Greater Heal 1 hazz, casts: 7, avg: 1221.71, 2.1591%, cast time 0.879471% of in combat, overheal: 0.391702
Greater Heal 2 hazz, casts: 1, avg: 1803, 0.455198%, cast time 0.125639% of in combat, overheal: 0.212165
Greater Heal 3 hazz, casts: 1, avg: 718, 0.181271%, cast time 0.125639% of in combat, overheal: 0.725148
Greater Heal 4, casts: 53, avg: 2637.39, 35.2902%, cast time 11.0981% of in combat, overheal: 0.118457
Greater Heal 4 hazz, casts: 12, avg: 2850.65, 8.63635%, cast time 1.50766% of in combat, overheal: 0.0471727
Heal 2, casts: 93, avg: 1000.41, 23.4891%, cast time 19.474% of in combat, overheal: 0.326538
Heal 4, casts: 28, avg: 1755.08, 12.4068%, cast time 5.86314% of in combat, overheal: 0.184851
Total time casting: 573, which is: 47.994% of time in combat.
Total hps: 331.763, raw hps: 413.245, oh: 0.197177
Deficit time sum: 2.4548e+07, baseline: 3.29527e+07
Deficit*time change / s: 7039.68 hp
Number of combats: 14
Average mana at start of combat: 10363.2
Average mana at end of combat: 9214.71
Other players with hps > 100:
  Afrit : 183.269 hps
  Chainwhat : 170.566 hps
  Killu : 108.397 hps
  Lucypoo : 121.827 hps
  Mumfie : 178.315 hps
  Notdonaldj : 174.674 hps
  Sipsen : 155.933 hps
  Socialbidrag : 173.582 hps
  Tjejman : 141.926 hps
  Wristicles : 197.597 hps
------------------
Upgrades: 
( following sorted by alt scores, no specials )
benediction, , , (9.39819) -> , scepter of the false prophet, , sartura's might(17.5662) : 8.168 = +2.52414%
zandalar confessor's bindings(3.09924) -> grasp of the old god(5.24887) : 2.14963 = +0.652167%
boots of transcendence(3.76868) -> boots of pure thought(5.14258) : 1.3739 = +0.415844%
pauldrons of transcendence(3.36032) -> zandalar confessor's mantle(4.66196) : 1.30164 = +0.393885%
jin'do's evil eye(3.65714) -> amulet of the fallen god(4.69379) : 1.03665 = +0.313447%
primalist's seal(2.78391) -> ring of the martyr(3.74014) : 0.956238 = +0.289063%
hide of the wild(3.23663) -> cloak of clarity(4.02835) : 0.791718 = +0.23921%
dragon's touch(0.92865) -> lunar wand of healing(1.33124) : 0.402588 = +0.121496%
truefaith vestments(5.27359) -> robes of transcendence(5.63354) : 0.359955 = +0.108615%
bindings of transcendence(3.41858) -> bindings of transcendence(3.41858) : 0 = +0%
empowered leggings(6.87195) -> empowered leggings(6.87195) : 0 = +0%
pure elementium band(4.37424) -> pure elementium band(4.37424) : 0 = +0%
rejuvenating gem(5.01495) -> rejuvenating gem(5.01495) : 0 = +0%
hazza'rah's charm of healing(17.4935) -> hazza'rah's charm of healing(17.4935) : 0 = +0%
halo of transcendence(5.27777) -> halo of transcendence(5.27774) : -3.05176e-05 = +-9.19861e-06%
handguards of transcendence(3.58389) -> gloves of prophecy(2.88245) : -0.701447 = +-0.210984%
------------------
~~~~ end of intermediate results ~~~~
Temporary bans and partial set bonuses on.
....Temporary bans and partial set bonuses off.
.two-hand : blessed qiraji augur staff    ->   scepter of the false prophet sartura's might => val: 333.244 -> 335.26
***** INTERMEDIATE RESULTS *****
Iteration: 14
 ----------------------------
 --- head --- 
name: halo of transcendence
slot: head
intelligence: 27
stamina: 17
spirit: 22
sp_healing: 48
fire_res: 10
frost_res: 10
armor: 94
 ----------------------------
 --- neck --- 
name: amulet of the fallen god
slot: neck
intelligence: 11
sp_healing: 57
mp5: 6
 ----------------------------
 --- shoulders --- 
name: zandalar confessor's mantle
slot: shoulders
intelligence: 24
stamina: 11
spirit: 15
sp_healing: 22
armor: 78
 ----------------------------
 --- back --- 
name: cloak of clarity
slot: back
intelligence: 12
stamina: 6
spirit: 7
sp_healing: 40
mp5: 8
armor: 66
 ----------------------------
 --- chest --- 
name: robes of transcendence
slot: chest
intelligence: 27
stamina: 17
spirit: 16
sp_healing: 57
nature_res: 10
fire_res: 10
armor: 116
 ----------------------------
 --- wrists --- 
name: bindings of transcendence
slot: wrists
intelligence: 13
stamina: 9
spirit: 16
sp_healing: 33
armor: 51
 ----------------------------
 ---  --- 
name: 
slot: 
 ----------------------------
 --- main hand --- 
name: scepter of the false prophet
slot: main hand
intelligence: 19
stamina: 10
sp_healing: 187
mp5: 3
 ----------------------------
 ---  --- 
name: 
slot: 
 ----------------------------
 --- off hand --- 
name: sartura's might
slot: off hand
intelligence: 6
stamina: 6
sp_healing: 51
mp5: 6
 ----------------------------
 --- ranged --- 
name: lunar wand of healing
slot: ranged
sp_healing: 20
 ----------------------------
 --- hands --- 
name: gloves of prophecy
slot: hands
intelligence: 15
stamina: 10
spirit: 15
sp_healing: 18
mp5: 6
fire_res: 7
armor: 63
 ----------------------------
 --- waist --- 
name: grasp of the old god
slot: waist
intelligence: 19
stamina: 15
sp_healing: 59
mp5: 7
armor: 75
 ----------------------------
 --- legs --- 
name: empowered leggings
slot: legs
intelligence: 12
stamina: 12
spirit: 24
sp_healing: 77
spell_crit: 1
armor: 103
 ----------------------------
 --- feet --- 
name: boots of pure thought
slot: feet
intelligence: 12
stamina: 8
spirit: 12
sp_healing: 62
armor: 74
 ----------------------------
 --- finger --- 
name: pure elementium band
slot: finger
intelligence: 10
stamina: 9
spirit: 10
sp_healing: 53
 ----------------------------
 --- finger --- 
name: ring of the martyr
slot: finger
stamina: 10
sp_healing: 51
mp5: 5
 ----------------------------
 --- trinket --- 
name: rejuvenating gem
slot: trinket
sp_healing: 66
mp5: 9
 ----------------------------
 --- trinket --- 
name: hazza'rah's charm of healing
slot: trinket
 ----------------------------
 --- Set bonuses ---
name: confessor's 2 hazza'rah's 1 transcendence 3 
slot: Set bonuses
sp: 23
------------------
Best value: 340.584
------------------
Char stats: 
Effective hp: 8786.7
Effective mana (100 s, 33 % out of fsr): 18134.3
Raw max mana: 11002.6
Int: 449.88
Stam: 421.13
Spirit: 451.03
Strength: 79.58
Agility: 84.18
All stats multiplier (taken into account above): 1.15
Bonus mana: 2000
Bonus hp: 0
Mp5: 200
Sp: 23
Sp shadow: 0
Sp healing: 1061
Spell crit: 19
Spell hit: 0
Arcane res: 27
Nature res: 37
Fire res: 54
Frost res: 37
Shadow res: 27
Armor: 2918.75
Defense: 300
Dodge: 0
Parry: 0
HpsPvp: 1032.95
ShadowDps: 224.52
Value pvp healing: 2282.08
Value pvp shadow: 107.816
Effective hp-pvp: 11119.3
Effecctive mana for 100 s, 0.33 fsr: 19699.9
------------------
Best counts:
oh_limit: 0.8
time_left_mul: 2.9
total_deficit_to_pop_trinkets: 10486.6
in combat total: 1193.9
Flash Heal 1, casts: 9, avg: 498.927, 1.13274%, cast time 1.13075% of in combat, overheal: 0.305446
Flash Heal 2, casts: 5, avg: 758.018, 0.956095%, cast time 0.628193% of in combat, overheal: 0.0583977
Flash Heal 3, casts: 2, avg: 876.923, 0.442429%, cast time 0.251277% of in combat, overheal: 0.00895427
Flash Heal 4, casts: 6, avg: 737.808, 1.11672%, cast time 0.753832% of in combat, overheal: 0.239333
Flash Heal 5, casts: 4, avg: 1107.91, 1.11793%, cast time 0.502555% of in combat, overheal: 0
Flash Heal 6, casts: 5, avg: 1026.11, 1.29425%, cast time 0.628193% of in combat, overheal: 0.182286
Flash Heal 7, casts: 21, avg: 1318.7, 6.98579%, cast time 2.63841% of in combat, overheal: 0.0868325
Greater Heal 1, casts: 8, avg: 1458.77, 2.94394%, cast time 1.67518% of in combat, overheal: 0.273671
Greater Heal 1 hazz, casts: 10, avg: 1166.24, 2.94198%, cast time 1.25639% of in combat, overheal: 0.419322
Greater Heal 2 hazz, casts: 3, avg: 1460.67, 1.10541%, cast time 0.376916% of in combat, overheal: 0.36175
Greater Heal 3 hazz, casts: 2, avg: 1492.5, 0.753002%, cast time 0.251277% of in combat, overheal: 0.428667
Greater Heal 4, casts: 54, avg: 2633.69, 35.8766%, cast time 11.3075% of in combat, overheal: 0.119692
Greater Heal 4 hazz, casts: 11, avg: 2886.44, 8.00953%, cast time 1.38203% of in combat, overheal: 0.0352111
Heal 2, casts: 93, avg: 1000.41, 23.47%, cast time 19.474% of in combat, overheal: 0.326538
Heal 4, casts: 27, avg: 1740.34, 11.8536%, cast time 5.65374% of in combat, overheal: 0.191697
Total time casting: 572, which is: 47.9102% of time in combat.
Total hps: 332.032, raw hps: 417.206, oh: 0.204152
Deficit time sum: 2.4493e+07, baseline: 3.29527e+07
Deficit*time change / s: 7085.79 hp
Number of combats: 14
Average mana at start of combat: 10363.2
Average mana at end of combat: 9202.28
Other players with hps > 100:
  Afrit : 183.673 hps
  Chainwhat : 170.566 hps
  Killu : 108.397 hps
  Lucypoo : 122.632 hps
  Mumfie : 178.315 hps
  Notdonaldj : 173.985 hps
  Sipsen : 155.933 hps
  Socialbidrag : 173.582 hps
  Tjejman : 141.926 hps
  Wristicles : 197.597 hps
------------------
Upgrades: 
( following sorted by alt scores, no specials )
benediction, , , (9.39819) -> , scepter of the false prophet, , sartura's might(17.5662) : 8.168 = +2.52204%
zandalar confessor's bindings(3.09924) -> grasp of the old god(5.24887) : 2.14963 = +0.651634%
boots of transcendence(3.76868) -> boots of pure thought(5.14258) : 1.3739 = +0.415505%
pauldrons of transcendence(3.36032) -> zandalar confessor's mantle(4.66196) : 1.30164 = +0.393564%
jin'do's evil eye(3.65714) -> amulet of the fallen god(4.69379) : 1.03665 = +0.313192%
primalist's seal(2.78391) -> ring of the martyr(3.74014) : 0.956238 = +0.288827%
hide of the wild(3.23663) -> cloak of clarity(4.02835) : 0.791718 = +0.239016%
dragon's touch(0.92865) -> lunar wand of healing(1.33124) : 0.402588 = +0.121397%
truefaith vestments(5.27359) -> robes of transcendence(5.63354) : 0.359955 = +0.108527%
halo of transcendence(5.27777) -> halo of transcendence(5.27777) : 0 = +0%
bindings of transcendence(3.41858) -> bindings of transcendence(3.41858) : 0 = +0%
empowered leggings(6.87195) -> empowered leggings(6.87195) : 0 = +0%
pure elementium band(4.37424) -> pure elementium band(4.37424) : 0 = +0%
rejuvenating gem(5.01495) -> rejuvenating gem(5.01495) : 0 = +0%
hazza'rah's charm of healing(17.4935) -> hazza'rah's charm of healing(17.4935) : 0 = +0%
handguards of transcendence(3.58389) -> gloves of prophecy(2.88245) : -0.701447 = +-0.210813%
------------------
~~~~ end of intermediate results ~~~~
Same items for intermediate results again, ending optimization. 
 ----------------------------
 --- head --- 
name: halo of transcendence
slot: head
intelligence: 27
stamina: 17
spirit: 22
sp_healing: 48
fire_res: 10
frost_res: 10
armor: 94
 ----------------------------
 --- neck --- 
name: amulet of the fallen god
slot: neck
intelligence: 11
sp_healing: 57
mp5: 6
 ----------------------------
 --- shoulders --- 
name: zandalar confessor's mantle
slot: shoulders
intelligence: 24
stamina: 11
spirit: 15
sp_healing: 22
armor: 78
 ----------------------------
 --- back --- 
name: cloak of clarity
slot: back
intelligence: 12
stamina: 6
spirit: 7
sp_healing: 40
mp5: 8
armor: 66
 ----------------------------
 --- chest --- 
name: robes of transcendence
slot: chest
intelligence: 27
stamina: 17
spirit: 16
sp_healing: 57
nature_res: 10
fire_res: 10
armor: 116
 ----------------------------
 --- wrists --- 
name: bindings of transcendence
slot: wrists
intelligence: 13
stamina: 9
spirit: 16
sp_healing: 33
armor: 51
 ----------------------------
 ---  --- 
name: 
slot: 
 ----------------------------
 --- main hand --- 
name: scepter of the false prophet
slot: main hand
intelligence: 19
stamina: 10
sp_healing: 187
mp5: 3
 ----------------------------
 ---  --- 
name: 
slot: 
 ----------------------------
 --- off hand --- 
name: sartura's might
slot: off hand
intelligence: 6
stamina: 6
sp_healing: 51
mp5: 6
 ----------------------------
 --- ranged --- 
name: lunar wand of healing
slot: ranged
sp_healing: 20
 ----------------------------
 --- hands --- 
name: gloves of prophecy
slot: hands
intelligence: 15
stamina: 10
spirit: 15
sp_healing: 18
mp5: 6
fire_res: 7
armor: 63
 ----------------------------
 --- waist --- 
name: grasp of the old god
slot: waist
intelligence: 19
stamina: 15
sp_healing: 59
mp5: 7
armor: 75
 ----------------------------
 --- legs --- 
name: empowered leggings
slot: legs
intelligence: 12
stamina: 12
spirit: 24
sp_healing: 77
spell_crit: 1
armor: 103
 ----------------------------
 --- feet --- 
name: boots of pure thought
slot: feet
intelligence: 12
stamina: 8
spirit: 12
sp_healing: 62
armor: 74
 ----------------------------
 --- finger --- 
name: pure elementium band
slot: finger
intelligence: 10
stamina: 9
spirit: 10
sp_healing: 53
 ----------------------------
 --- finger --- 
name: ring of the martyr
slot: finger
stamina: 10
sp_healing: 51
mp5: 5
 ----------------------------
 --- trinket --- 
name: rejuvenating gem
slot: trinket
sp_healing: 66
mp5: 9
 ----------------------------
 --- trinket --- 
name: hazza'rah's charm of healing
slot: trinket
 ----------------------------
 --- Set bonuses ---
name: confessor's 2 hazza'rah's 1 transcendence 3 
slot: Set bonuses
sp: 23
------------------
Char stats: 
Effective hp: 8786.7
Effective mana (100 s, 33 % out of fsr): 18134.3
Raw max mana: 11002.6
Int: 449.88
Stam: 421.13
Spirit: 451.03
Strength: 79.58
Agility: 84.18
All stats multiplier (taken into account above): 1.15
Bonus mana: 2000
Bonus hp: 0
Mp5: 200
Sp: 23
Sp shadow: 0
Sp healing: 1061
Spell crit: 19
Spell hit: 0
Arcane res: 27
Nature res: 37
Fire res: 54
Frost res: 37
Shadow res: 27
Armor: 2918.75
Defense: 300
Dodge: 0
Parry: 0
HpsPvp: 1018.62
ShadowDps: 224.192
Value pvp healing: 2326.39
Value pvp shadow: 112.694
Effective hp-pvp: 11119.3
Effecctive mana for 100 s, 0.33 fsr: 19699.9
------------------
Best counts:
oh_limit: 0.8
time_left_mul: 2.9
total_deficit_to_pop_trinkets: 10486.6
in combat total: 1193.9
Flash Heal 1, casts: 9, avg: 498.927, 1.13274%, cast time 1.13075% of in combat, overheal: 0.305446
Flash Heal 2, casts: 5, avg: 758.018, 0.956095%, cast time 0.628193% of in combat, overheal: 0.0583977
Flash Heal 3, casts: 2, avg: 876.923, 0.442429%, cast time 0.251277% of in combat, overheal: 0.00895427
Flash Heal 4, casts: 6, avg: 737.808, 1.11672%, cast time 0.753832% of in combat, overheal: 0.239333
Flash Heal 5, casts: 4, avg: 1107.91, 1.11793%, cast time 0.502555% of in combat, overheal: 0
Flash Heal 6, casts: 5, avg: 1026.11, 1.29425%, cast time 0.628193% of in combat, overheal: 0.182286
Flash Heal 7, casts: 21, avg: 1318.7, 6.98579%, cast time 2.63841% of in combat, overheal: 0.0868325
Greater Heal 1, casts: 8, avg: 1458.77, 2.94394%, cast time 1.67518% of in combat, overheal: 0.273671
Greater Heal 1 hazz, casts: 10, avg: 1166.24, 2.94198%, cast time 1.25639% of in combat, overheal: 0.419322
Greater Heal 2 hazz, casts: 3, avg: 1460.67, 1.10541%, cast time 0.376916% of in combat, overheal: 0.36175
Greater Heal 3 hazz, casts: 2, avg: 1492.5, 0.753002%, cast time 0.251277% of in combat, overheal: 0.428667
Greater Heal 4, casts: 54, avg: 2633.69, 35.8766%, cast time 11.3075% of in combat, overheal: 0.119692
Greater Heal 4 hazz, casts: 11, avg: 2886.44, 8.00953%, cast time 1.38203% of in combat, overheal: 0.0352111
Heal 2, casts: 93, avg: 1000.41, 23.47%, cast time 19.474% of in combat, overheal: 0.326538
Heal 4, casts: 27, avg: 1740.34, 11.8536%, cast time 5.65374% of in combat, overheal: 0.191697
Total time casting: 572, which is: 47.9102% of time in combat.
Total hps: 332.032, raw hps: 417.206, oh: 0.204152
Deficit time sum: 2.4493e+07, baseline: 3.29527e+07
Deficit*time change / s: 7085.79 hp
Number of combats: 14
Average mana at start of combat: 10363.2
Average mana at end of combat: 9202.28
Other players with hps > 100:
  Afrit : 183.673 hps
  Chainwhat : 170.566 hps
  Killu : 108.397 hps
  Lucypoo : 122.632 hps
  Mumfie : 178.315 hps
  Notdonaldj : 173.985 hps
  Sipsen : 155.933 hps
  Socialbidrag : 173.582 hps
  Tjejman : 141.926 hps
  Wristicles : 197.597 hps
------------------
Based on last: 3000 entries, out of total: 6947 entries, The least-squares solution is:
Int: 71.5676
Spirit: 61.4672
Sp / Healing: 100
Mp5: 131.31
Crit: 402.346
T1 3p/piece: 1479.14
T2 3p/piece: 3900.81
Hazza'rah's: 20717.2
Darkmoon: 5333.97
100 points == 1 sp == 0.0717687 hps.
Appended tag:
( Pawn: v1: "innuendo_bwl_speed_phase5": Intellect=71.5676, Spirit=61.4672, Healing=100, Mp5=131.31, SpellCritRating=402.346, IsFist=X, Is2HMace=X, IsCrossbow=X, IsGun=X, IsShield=X, IsPolearm=X, Is2HAxe=X, IsBow=X, IsMail=X, IsPlate=X, IsLeather=X, IsAxe=X, Is2HAxe=X, IsSword=X, Is2HSword=X)
To file: innuendo_bwl_speed_phase5.pawn_tag.txt
------------------
Diffs to start: 
Upgrades: 
( following sorted by alt scores, no specials )
benediction, , , (10.3066) -> , scepter of the false prophet, , sartura's might(19.2132) : 8.90659 = +2.75638%
zandalar confessor's bindings(3.42261) -> grasp of the old god(5.86993) : 2.44733 = +0.742548%
boots of transcendence(4.13501) -> boots of pure thought(5.5954) : 1.46039 = +0.441776%
pauldrons of transcendence(3.72354) -> zandalar confessor's mantle(5.12402) : 1.40048 = +0.423577%
jin'do's evil eye(3.98749) -> amulet of the fallen god(5.22125) : 1.23376 = +0.372966%
primalist's seal(3.05057) -> ring of the martyr(4.13141) : 1.08084 = +0.326586%
hide of the wild(3.52792) -> cloak of clarity(4.54984) : 1.02191 = +0.308725%
dragon's touch(1.04697) -> lunar wand of healing(1.43536) : 0.388397 = +0.117113%
truefaith vestments(5.80457) -> robes of transcendence(6.18344) : 0.378876 = +0.114238%
halo of transcendence(5.80222) -> halo of transcendence(5.80222) : 0 = +0%
bindings of transcendence(3.74191) -> bindings of transcendence(3.74191) : 0 = +0%
empowered leggings(7.49005) -> empowered leggings(7.49005) : 0 = +0%
pure elementium band(4.75851) -> pure elementium band(4.75851) : 0 = +0%
rejuvenating gem(5.5849) -> rejuvenating gem(5.5849) : 0 = +0%
hazza'rah's charm of healing(16.5191) -> hazza'rah's charm of healing(16.5191) : 0 = +0%
handguards of transcendence(3.97079) -> gloves of prophecy(3.28943) : -0.681366 = +-0.20479%
- - - - - - - - - - - - - - - - - - - - - - - - - - - - - - - - - - - - - - - - - 
| Upgrades at best in slot level, from start item to candidate, partial bonuses: 1: |
  alt scores are from least squares fit, special score from e.g. set bonuses as s are part of em
. . . . . . . . . . . . . . . . . . . . . . . . . . . . . . . . . . . . . . . . . 
- . - ' - . - ' - . - ' - . - ' - . - ' - . -
head, halo of transcendence (4.32892), alt: 8.60178 (s: 2.79956) -> :
    halo of transcendence (4.32892) : +0 %, alt : +8.60177 (s: 2.79956), from: onyxia
    crystal adorned crown (12.3887) : +2.41999 %, alt : +7.89529, from: azuregos
    don rigoberto's lost hat (7.91638) : +1.07715 %, alt : +6.86255, from: aq40
    zulian headdress (6.72354) : +0.718995 %, alt : +5.33532, from: zg
    mish'undare circlet of mind flayer (4.52454) : +0.058735 %, alt : +4.71916, from: bwl
    dustwind turban (6.48285) : +0.646726 %, alt : +4.66483, from: aq20
    eternal crown of healing (5.74954) : +0.426548 %, alt : +4.5932, from: random green
    tiara of the oracle (7.14801) : +0.846444 %, alt : +4.50502, from: aq40
    green lens of healing (5.15555) : +0.248199 %, alt : +3.87551, from: pre-raid
- . - ' - . - ' - . - ' - . - ' - . - ' - . -
neck, jin'do's evil eye (4.36261), alt: 3.98749 -> :
    amulet of the fallen god (0.363617) : -1.18647 %, alt : +5.22125, from: aq40
- . - ' - . - ' - . - ' - . - ' - . - ' - . -
shoulders, pauldrons of transcendence (1.59192), alt: 3.72354 -> :
    zandalar confessor's mantle (-0.726471) : -0.691294 %, alt : +5.12402, from: zg
    ternary mantle (1.74622) : +0.046008 %, alt : +4.91328, from: aq40
    pauldrons of transcendence (1.59192) : +0 %, alt : +3.72355, from: bwl
    mantle of the blackwing cabal (3.38187) : +0.533724 %, alt : +3.26195, from: bwl
- . - ' - . - ' - . - ' - . - ' - . - ' - . -
back, hide of the wild (3.29184), alt: 3.52792 -> :
    cloak of clarity (-0.101135) : -1.00848 %, alt : +4.54982, from: aq40
    shroud of infinite wisdom (3.72897) : +0.129928 %, alt : +2.92679, from: aq20
- . - ' - . - ' - . - ' - . - ' - . - ' - . -
chest, truefaith vestments (8.36374), alt: 5.80457 -> :
    robes of transcendence (4.85809) : -1.04162 %, alt : +8.98301 (s: 2.79956), from: bwl
    robes of the guardian saint (9.60663) : +0.369296 %, alt : +6.81347, from: aq40
- . - ' - . - ' - . - ' - . - ' - . - ' - . -
wrists, bindings of transcendence (1.4631), alt: 6.54147 (s: 2.79956) -> :
    bindings of transcendence (1.4631) : +0 %, alt : +6.54147 (s: 2.79956), from: bwl
    bracelets of royal redemption (5.51913) : +1.21784 %, alt : +4.7144, from: aq40
    vambraces of prophecy (5.01697) : +1.06706 %, alt : +4.36372 (s: 1.06156), from: mc
    zandalar confessor's wraps (1.34119) : -0.0366063 %, alt : +2.81681, from: zg
- . - ' - . - ' - . - ' - . - ' - . - ' - . -
two-hand, benediction (2.52148), alt: 10.3066 -> :
    scepter of the false prophet and sartura's might (2.37296) : -0.0442614 %, alt : +19.2132, from: aq40, aq40
    scepter of the false prophet and lei of the lifegiver (2.47284) : -0.0144961 %, alt : +18.7658, from: aq40, av rep
    scepter of the false prophet and brightly glowing stone (3.81476) : +0.385393 %, alt : +17.3348, from: aq40, pre-raid
    scepter of the false prophet and trance stone (2.07111) : -0.134212 %, alt : +17.2374, from: aq40, emeriss; lethon; taerar; ysondre
    blessed qiraji augur staff (-0.0112) : -0.754735 %, alt : +12.9092, from: aq40
    gavel of infinite wisdom and sartura's might (-0.199097) : -0.810728 %, alt : +11.935, from: aq20, aq40
    lok'amir il romathis and sartura's might (-0.592377) : -0.927924 %, alt : +11.8398, from: bwl, aq40
    gavel of infinite wisdom and lei of the lifegiver (1.26172) : -0.375408 %, alt : +11.4876, from: aq20, av rep
    lok'amir il romathis and lei of the lifegiver (0.867767) : -0.492804 %, alt : +11.3925, from: bwl, av rep
    gavel of infinite wisdom and brightly glowing stone (4.11356) : +0.474434 %, alt : +10.0566, from: aq20, pre-raid
    lok'amir il romathis and brightly glowing stone (3.84222) : +0.393578 %, alt : +9.96146, from: bwl, pre-raid
    gavel of infinite wisdom and trance stone (3.03607) : +0.153346 %, alt : +9.95917, from: aq20, emeriss; lethon; taerar; ysondre
    lok'amir il romathis and trance stone (3.54639) : +0.305419 %, alt : +9.86406, from: bwl, emeriss; lethon; taerar; ysondre
    jin'do's hexxer and sartura's might (4.13083) : +0.479581 %, alt : +8.94505, from: zg, aq40
    staff of the shadow flame (3.27008) : +0.22308 %, alt : +8.88967, from: bwl
    jin'do's hexxer and lei of the lifegiver (6.14154) : +1.07877 %, alt : +8.49769, from: zg, av rep
    fang of the mystics and lei of the lifegiver (3.43015) : +0.270779 %, alt : +8.13655, from: azuregos, av rep
    stinger of ayamiss and sartura's might (3.41867) : +0.26736 %, alt : +7.76579, from: aq20, aq40
    fang of venoxis and sartura's might (2.65396) : +0.0394778 %, alt : +7.49729, from: zg, aq40
    wushoolay's poker and sartura's might (3.14703) : +0.186412 %, alt : +7.32409, from: zg, aq40
    stinger of ayamiss and lei of the lifegiver (5.78705) : +0.973132 %, alt : +7.31843, from: aq20, av rep
    aurastone hammer and sartura's might (2.74585) : +0.0668604 %, alt : +7.31286, from: mc, aq40
    zulian scepter of rites and sartura's might (2.81097) : +0.0862674 %, alt : +7.18767, from: zg, aq40
    jin'do's hexxer and brightly glowing stone (6.23642) : +1.10704 %, alt : +7.06667, from: zg, pre-raid
    fang of venoxis and lei of the lifegiver (2.77032) : +0.0741539 %, alt : +7.04993, from: zg, av rep
    jin'do's hexxer and trance stone (4.48676) : +0.585647 %, alt : +6.96926, from: zg, emeriss; lethon; taerar; ysondre
    wushoolay's poker and lei of the lifegiver (3.24924) : +0.216869 %, alt : +6.87673, from: zg, av rep
    aurastone hammer and lei of the lifegiver (2.86234) : +0.101573 %, alt : +6.86551, from: mc, av rep
    the hammer of grace and sartura's might (4.47977) : +0.583564 %, alt : +6.75865, from: pre-raid, aq40
    zulian scepter of rites and lei of the lifegiver (4.25891) : +0.51775 %, alt : +6.74031, from: zg, av rep
    fang of the mystics and brightly glowing stone (4.51785) : +0.594914 %, alt : +6.70554, from: azuregos, pre-raid
    fang of the mystics and trance stone (4.06372) : +0.459583 %, alt : +6.60813, from: azuregos, emeriss; lethon; taerar; ysondre
    sorcerous dagger and lei of the lifegiver (3.84708) : +0.395024 %, alt : +6.39501, from: mc, av rep
    the hammer of grace and lei of the lifegiver (6.4245) : +1.16309 %, alt : +6.31129, from: pre-raid, av rep
    witchblade and sartura's might (3.6954) : +0.349826 %, alt : +5.94949, from: pre-raid, aq40
    stinger of ayamiss and brightly glowing stone (6.0238) : +1.04368 %, alt : +5.88741, from: aq20, pre-raid
    stinger of ayamiss and trance stone (5.74109) : +0.959436 %, alt : +5.79001, from: aq20, emeriss; lethon; taerar; ysondre
    hypnotic blade and sartura's might (3.50418) : +0.292842 %, alt : +5.72298, from: pre-raid, aq40
    fang of venoxis and brightly glowing stone (3.54279) : +0.304346 %, alt : +5.61892, from: zg, pre-raid
    witchblade and lei of the lifegiver (5.69907) : +0.946913 %, alt : +5.50213, from: pre-raid, av rep
    wushoolay's poker and brightly glowing stone (5.72388) : +0.954307 %, alt : +5.44571, from: zg, pre-raid
    aurastone hammer and brightly glowing stone (3.63641) : +0.332247 %, alt : +5.43449, from: mc, pre-raid
    wushoolay's poker and trance stone (3.14294) : +0.185194 %, alt : +5.3483, from: zg, emeriss; lethon; taerar; ysondre
    aurastone hammer and trance stone (2.73181) : +0.0626771 %, alt : +5.33708, from: mc, emeriss; lethon; taerar; ysondre
    gift of the elven magi and sartura's might (2.79794) : +0.0823841 %, alt : +5.31214, from: pre-raid (strat live: balnazzar), aq40
    zulian scepter of rites and brightly glowing stone (5.65112) : +0.932626 %, alt : +5.30929, from: zg, pre-raid
    hypnotic blade and lei of the lifegiver (5.57034) : +0.908554 %, alt : +5.27562, from: pre-raid, av rep
    zulian scepter of rites and trance stone (2.79794) : +0.0823841 %, alt : +5.21188, from: zg, emeriss; lethon; taerar; ysondre
    sorcerous dagger and brightly glowing stone (5.24075) : +0.810337 %, alt : +4.96399, from: mc, pre-raid
    lorespinner and lei of the lifegiver (2.88931) : +0.109612 %, alt : +4.89793, from: pre-raid, av rep
    the hammer of grace and brightly glowing stone (6.23453) : +1.10648 %, alt : +4.88027, from: pre-raid, pre-raid
    gift of the elven magi and lei of the lifegiver (2.91678) : +0.117797 %, alt : +4.86478, from: pre-raid (strat live: balnazzar), av rep
    the hammer of grace and trance stone (5.09818) : +0.767849 %, alt : +4.78287, from: pre-raid, emeriss; lethon; taerar; ysondre
    scepter of the unholy and sartura's might (2.72937) : +0.0619495 %, alt : +4.53382, from: pre-raid, aq40
    scepter of the unholy and lei of the lifegiver (4.78851) : +0.67557 %, alt : +4.08646, from: pre-raid, av rep
    witchblade and brightly glowing stone (4.69647) : +0.648142 %, alt : +4.07111, from: pre-raid, pre-raid
    hypnotic blade and brightly glowing stone (4.29483) : +0.528454 %, alt : +3.84461, from: pre-raid, pre-raid
    lorespinner and brightly glowing stone (3.6059) : +0.323152 %, alt : +3.46691, from: pre-raid, pre-raid
    gift of the elven magi and brightly glowing stone (3.65292) : +0.337167 %, alt : +3.43376, from: pre-raid (strat live: balnazzar), pre-raid
    scepter of the unholy and brightly glowing stone (4.07526) : +0.463021 %, alt : +2.65544, from: pre-raid, pre-raid
    scepter of the unholy and trance stone (2.78751) : +0.0792739 %, alt : +2.55804, from: pre-raid, emeriss; lethon; taerar; ysondre
- . - ' - . - ' - . - ' - . - ' - . - ' - . -
ranged, dragon's touch (-0.793274), alt: 1.04697 -> :
    lunar wand of healing (1.45654) : +0.680111 %, alt : +1.43537, from: random green
    antenna of invigoration (-0.499298) : +0.0888678 %, alt : +1.42116, from: aq20
    wandof qiraji nobility (1.37515) : +0.655507 %, alt : +1.36361, from: aq40
- . - ' - . - ' - . - ' - . - ' - . - ' - . -
hands, handguards of transcendence (1.32495), alt: 3.97079 -> :
    gloves of dark wisdom (1.33368) : +0.00259317 %, alt : +4.01036, from: aq20
    handguards of transcendence (1.32495) : +0 %, alt : +3.9708, from: bwl
    atal'ai hands of healing (5.4101) : +1.21373 %, alt : +3.80374, from: sunken temple
    dark storm gauntlets (2.81714) : +0.443342 %, alt : +3.42589, from: aq40
    high councillor's gloves of healing (4.24951) : +0.868912 %, alt : +3.30136, from: random green
- . - ' - . - ' - . - ' - . - ' - . - ' - . -
waist, zandalar confessor's bindings (2.54904), alt: 3.42261 -> :
    grasp of the old god (0.760193) : -0.53424 %, alt : +5.86993, from: aq40
    eyestalk waist cord (3.92456) : +0.410799 %, alt : +3.69354, from: aq40
    firemaw's clutch (3.94049) : +0.415556 %, alt : +3.59946, from: bwl
    belt of transcendence (3.29413) : +0.22252 %, alt : +3.59845, from: bwl
    zandalar confessor's bindings (2.54904) : +0 %, alt : +3.42262, from: zg
- . - ' - . - ' - . - ' - . - ' - . - ' - . -
legs, empowered leggings (3.8493), alt: 7.49005 -> :
    leggings of transcendence (2.50165) : -0.404639 %, alt : +5.96606, from: mc
    trousers of the oracle (6.22131) : +0.712206 %, alt : +4.78412, from: aq40
    padre's trousers (6.0892) : +0.672539 %, alt : +4.60698, from: pre-raid
    leggings of the black blizzard (6.39548) : +0.764499 %, alt : +4.406, from: aq20
- . - ' - . - ' - . - ' - . - ' - . - ' - . -
feet, boots of transcendence (-0.243042), alt: 4.13501 -> :
    boots of pure thought (-0.5849) : -0.102539 %, alt : +5.59539, from: bwl
    boots of transcendence (-0.243042) : +0 %, alt : +4.13502, from: bwl
    treads of the wandering nomand (1.21951) : +0.438688 %, alt : +4.06523, from: aq20
    boots of epiphany (0.978882) : +0.366511 %, alt : +3.41603, from: aq40
    betrayer's boots (1.98453) : +0.668151 %, alt : +3.29879, from: zg
- . - ' - . - ' - . - ' - . - ' - . - ' - . -
finger, pure elementium band (-1.51733), alt: 4.75851 -> :
    primalist's seal (-0.929718) : +0.176434 %, alt : +4.23475, from: zg
    cauterizing band (0.44693) : +0.589778 %, alt : +3.91772, from: mc
    fordring's seal (2.26495) : +1.13565 %, alt : +2.91226, from: pre-raid
    rosewine circle (-1.03229) : +0.145637 %, alt : +2.55249, from: pre-raid
    ring of the devoured (-0.436829) : +0.324426 %, alt : +2.49817, from: aq40
    ring of spellpower (1.97064) : +1.04728 %, alt : +2.36837, from: mc
    ring of blackrock (-0.260254) : +0.377443 %, alt : +2.21176, from: bwl
    mindtear band (1.45135) : +0.891361 %, alt : +2.17585, from: taerar
    band of forced concentration (1.06598) : +0.77565 %, alt : +2.1235, from: bwl
    band of servitude (1.21393) : +0.820073 %, alt : +2.11295, from: zg
    maiden's circle (1.06506) : +0.775375 %, alt : +1.91606, from: pre-raid
    eye of orgrimmar (1.06506) : +0.775375 %, alt : +1.82784, from: pre-raid
    band of sulfuras (0.526733) : +0.61374 %, alt : +1.62249, from: mc
- . - ' - . - ' - . - ' - . - ' - . - ' - . -
finger 2, primalist's seal (-3.27356), alt: 4.23474 -> :
    pure elementium band (-1.26321) : +0.606856 %, alt : +4.75851, from: bwl
    ring of the martyr (-1.49457) : +0.537018 %, alt : +4.1314, from: aq40
    cauterizing band (-0.632233) : +0.797328 %, alt : +3.91772, from: mc
    fordring's seal (2.51978) : +1.74881 %, alt : +2.91226, from: pre-raid
    rosewine circle (-3.11404) : +0.0481523 %, alt : +2.55249, from: pre-raid
    ring of the devoured (1.0426) : +1.3029 %, alt : +2.49817, from: aq40
    ring of spellpower (2.22519) : +1.65989 %, alt : +2.36837, from: mc
    primalist's band (1.14938) : +1.33514 %, alt : +2.26325, from: zg
    ring of blackrock (-0.241699) : +0.915217 %, alt : +2.21176, from: bwl
    mindtear band (1.70801) : +1.50377 %, alt : +2.17585, from: taerar
    band of forced concentration (1.32776) : +1.38898 %, alt : +2.1235, from: bwl
    band of servitude (1.40302) : +1.4117 %, alt : +2.11295, from: zg
    maiden's circle (1.03937) : +1.30193 %, alt : +1.91606, from: pre-raid
    eye of orgrimmar (1.03937) : +1.30193 %, alt : +1.82784, from: pre-raid
    band of sulfuras (0.846436) : +1.24369 %, alt : +1.62249, from: mc
    seal of the archmagus (0.70871) : +1.20211 %, alt : +1.33297, from: mc
    ring of entropy (0.75589) : +1.21636 %, alt : +1.30939, from: kazzak
    zanzil's seal (0.823975) : +1.23691 %, alt : +1.30309, from: zg
    seal of rivendare (0.803894) : +1.23085 %, alt : +1.18197, from: pre-raid
    cyclopean band (0.631012) : +1.17866 %, alt : +1.18192, from: pre-raid
    dragonslayer's signet (0.748871) : +1.21424 %, alt : +1.1698, from: onyxia
    ring of demonic guile (0.70163) : +1.19998 %, alt : +1.07907, from: pre-raid
    band of the hierophant (0.754333) : +1.21589 %, alt : +0.998887, from: pre-raid
    emerald flame ring (0.768494) : +1.22016 %, alt : +0.969271, from: pre-raid
    magus ring (0.768494) : +1.22016 %, alt : +0.925157, from: pre-raid
    royal seal of alexis (0.754333) : +1.21589 %, alt : +0.866545, from: pre-raid
    blood of the martyr (0.774017) : +1.22183 %, alt : +0.513631, from: pre-raid
    zanzil's band (0.683533) : +1.19451 %, alt : +0.376958, from: zg
    ring of binding (0) : +0.988178 %, alt : +0, from: onyxia
- . - ' - . - ' - . - ' - . - ' - . - ' - . -
trinket, rejuvenating gem (0.526459), alt: 5.5849 -> :
    hazza'rah's charm of healing (0) : -0.158071 %, alt : +16.5191, from: zg
    darkmoon card: blue dragon (2.12155) : +0.478933 %, alt : +3.82812, from: 
- . - ' - . - ' - . - ' - . - ' - . - ' - . -
trinket 2, hazza'rah's charm of healing (8.64972), alt: 16.5191 -> :
    hazza'rah's charm of healing (8.64972) : +0 %, alt : +16.5191, from: zg
    darkmoon card: blue dragon (-3.90982) : -3.77105 %, alt : +3.82812, from: 
- - - - - - - - - - - - - - - - - - - - - - - - - - - - - - - - - - - - - - - - - 
| Upgrades at best in slot level, from start item to candidate, partial bonuses: 0: |
  alt scores are from least squares fit, special score from e.g. set bonuses as s are part of em
. . . . . . . . . . . . . . . . . . . . . . . . . . . . . . . . . . . . . . . . . 
- . - ' - . - ' - . - ' - . - ' - . - ' - . -
head, halo of transcendence (9.51575), alt: 14.2009 (s: 8.39868) -> :
    halo of transcendence (9.51575) : +0 %, alt : +14.2009 (s: 8.39868), from: onyxia
    crystal adorned crown (7.95322) : -0.470596 %, alt : +7.89529, from: azuregos
    don rigoberto's lost hat (7.29111) : -0.670007 %, alt : +6.86255, from: aq40
- . - ' - . - ' - . - ' - . - ' - . - ' - . -
neck, jin'do's evil eye (3.47348), alt: 3.98749 -> :
    amulet of the fallen god (-0.483978) : -1.17785 %, alt : +5.22125, from: aq40
    amulet of the shifting sands (3.62354) : +0.0446606 %, alt : +3.8668, from: aq20
- . - ' - . - ' - . - ' - . - ' - . - ' - . -
shoulders, pauldrons of transcendence (2.67212), alt: 3.72354 -> :
    zandalar confessor's mantle (-0.858459) : -1.05214 %, alt : +5.12402, from: zg
    ternary mantle (0.307983) : -0.704528 %, alt : +4.91328, from: aq40
    pauldrons of transcendence (2.67212) : +0 %, alt : +3.72355, from: bwl
    mantle of the blackwing cabal (3.26971) : +0.178087 %, alt : +3.26195, from: bwl
- . - ' - . - ' - . - ' - . - ' - . - ' - . -
back, hide of the wild (3.73172), alt: 3.52792 -> :
    cloak of clarity (-0.110168) : -1.14385 %, alt : +4.54982, from: aq40
    shroud of pure thought (4.3934) : +0.197003 %, alt : +3.4988, from: bwl
- . - ' - . - ' - . - ' - . - ' - . - ' - . -
chest, truefaith vestments (5.30884), alt: 5.80457 -> :
    robes of transcendence (10.6011) : +1.61972 %, alt : +14.5821 (s: 8.39868), from: bwl
    robes of the guardian saint (7.17059) : +0.569797 %, alt : +6.81347, from: aq40
- . - ' - . - ' - . - ' - . - ' - . - ' - . -
wrists, bindings of transcendence (8.73883), alt: 12.1406 (s: 8.39868) -> :
    bindings of transcendence (8.73883) : +0 %, alt : +12.1406 (s: 8.39868), from: bwl
    bracelets of royal redemption (4.07687) : -1.40407 %, alt : +4.7144, from: aq40
    zandalar confessor's wraps (2.26385) : -1.9501 %, alt : +2.81681, from: zg
- . - ' - . - ' - . - ' - . - ' - . - ' - . -
two-hand, benediction (4.90637), alt: 10.3066 -> :
    scepter of the false prophet and sartura's might (3.50876) : -0.414798 %, alt : +19.2132, from: aq40, aq40
    scepter of the false prophet and lei of the lifegiver (3.61099) : -0.384456 %, alt : +18.7658, from: aq40, av rep
    scepter of the false prophet and brightly glowing stone (4.30228) : -0.179289 %, alt : +17.3348, from: aq40, pre-raid
    scepter of the false prophet and trance stone (3.54947) : -0.402715 %, alt : +17.2374, from: aq40, emeriss; lethon; taerar; ysondre
    blessed qiraji augur staff (1.31277) : -1.06654 %, alt : +12.9092, from: aq40
    gavel of infinite wisdom and sartura's might (2.47379) : -0.721967 %, alt : +11.935, from: aq20, aq40
    lok'amir il romathis and sartura's might (2.20676) : -0.801219 %, alt : +11.8398, from: bwl, aq40
    gavel of infinite wisdom and lei of the lifegiver (2.57965) : -0.690547 %, alt : +11.4876, from: aq20, av rep
    lok'amir il romathis and lei of the lifegiver (3.66122) : -0.369547 %, alt : +11.3925, from: bwl, av rep
    gavel of infinite wisdom and brightly glowing stone (5.20349) : +0.088182 %, alt : +10.0566, from: aq20, pre-raid
    jin'do's hexxer and lei of the lifegiver (6.9006) : +0.591868 %, alt : +8.49769, from: zg, av rep
    stinger of ayamiss and lei of the lifegiver (7.20947) : +0.683537 %, alt : +7.31843, from: aq20, av rep
    jin'do's hexxer and brightly glowing stone (7.14685) : +0.664951 %, alt : +7.06667, from: zg, pre-raid
    wushoolay's poker and lei of the lifegiver (4.9606) : +0.0160948 %, alt : +6.87673, from: zg, av rep
    the hammer of grace and lei of the lifegiver (6.91418) : +0.595898 %, alt : +6.31129, from: pre-raid, av rep
    stinger of ayamiss and brightly glowing stone (6.77335) : +0.554099 %, alt : +5.88741, from: aq20, pre-raid
    stinger of ayamiss and trance stone (5.84998) : +0.280052 %, alt : +5.79001, from: aq20, emeriss; lethon; taerar; ysondre
    witchblade and lei of the lifegiver (5.87497) : +0.28747 %, alt : +5.50213, from: pre-raid, av rep
    wushoolay's poker and brightly glowing stone (5.90002) : +0.294906 %, alt : +5.44571, from: zg, pre-raid
    zulian scepter of rites and brightly glowing stone (5.55231) : +0.191707 %, alt : +5.30929, from: zg, pre-raid
    hypnotic blade and lei of the lifegiver (5.47168) : +0.167778 %, alt : +5.27562, from: pre-raid, av rep
    sorcerous dagger and brightly glowing stone (5.21826) : +0.0925657 %, alt : +4.96399, from: mc, pre-raid
    the hammer of grace and brightly glowing stone (6.41101) : +0.446562 %, alt : +4.88027, from: pre-raid, pre-raid
    the hammer of grace and trance stone (5.07623) : +0.050413 %, alt : +4.78287, from: pre-raid, emeriss; lethon; taerar; ysondre
- . - ' - . - ' - . - ' - . - ' - . - ' - . -
ranged, dragon's touch (-3.38629), alt: 1.04697 -> :
    lunar wand of healing (-3.43927) : -0.0159533 %, alt : +1.43537, from: random green
    antenna of invigoration (-5.20865) : -0.548762 %, alt : +1.42116, from: aq20
    wandof qiraji nobility (-3.52063) : -0.040453 %, alt : +1.36361, from: aq40
- . - ' - . - ' - . - ' - . - ' - . - ' - . -
hands, handguards of transcendence (2.39105), alt: 3.97079 -> :
    gloves of dark wisdom (2.47244) : +0.0242327 %, alt : +4.01036, from: aq20
    handguards of transcendence (2.39105) : +0 %, alt : +3.9708, from: bwl
    atal'ai hands of healing (4.03491) : +0.489434 %, alt : +3.80374, from: sunken temple
    hands of the exalted herald (3.60181) : +0.360483 %, alt : +3.56546, from: pre-raid
    dark storm gauntlets (3.82425) : +0.426712 %, alt : +3.42589, from: aq40
    high councillor's gloves of healing (3.52621) : +0.337977 %, alt : +3.30136, from: random green
- . - ' - . - ' - . - ' - . - ' - . - ' - . -
waist, zandalar confessor's bindings (5.19226), alt: 3.42261 -> :
    grasp of the old god (2.76202) : -0.726609 %, alt : +5.86993, from: aq40
    eyestalk waist cord (5.3793) : +0.0559232 %, alt : +3.69354, from: aq40
    firemaw's clutch (5.46991) : +0.0830135 %, alt : +3.59946, from: bwl
    belt of transcendence (5.23447) : +0.012619 %, alt : +3.59845, from: bwl
    zandalar confessor's bindings (5.19226) : +0 %, alt : +3.42262, from: zg
- . - ' - . - ' - . - ' - . - ' - . - ' - . -
legs, empowered leggings (5.90799), alt: 7.49005 -> :
    leggings of transcendence (5.36469) : -0.16363 %, alt : +5.96606, from: mc
    trousers of the oracle (8.24152) : +0.702801 %, alt : +4.78412, from: aq40
    padre's trousers (9.00534) : +0.932846 %, alt : +4.60698, from: pre-raid
    leggings of the black blizzard (8.53934) : +0.792497 %, alt : +4.406, from: aq20
- . - ' - . - ' - . - ' - . - ' - . - ' - . -
feet, boots of transcendence (3.51611), alt: 4.13501 -> :
    boots of pure thought (0.326599) : -0.951464 %, alt : +5.59539, from: bwl
    boots of transcendence (3.51611) : +0 %, alt : +4.13502, from: bwl
    treads of the wandering nomand (3.74298) : +0.0676769 %, alt : +4.06523, from: aq20
    betrayer's boots (3.5383) : +0.00661839 %, alt : +3.29879, from: zg
- . - ' - . - ' - . - ' - . - ' - . - ' - . -
finger, pure elementium band (-1.85471), alt: 4.75851 -> :
    cauterizing band (2.66937) : +1.36254 %, alt : +3.91772, from: mc
    primalist's seal (1.61911) : +1.04623 %, alt : +3.05056, from: zg
    fordring's seal (1.88712) : +1.12694 %, alt : +2.91226, from: pre-raid
    rosewine circle (0.199707) : +0.618739 %, alt : +2.55249, from: pre-raid
    ring of the devoured (1.22659) : +0.928012 %, alt : +2.49817, from: aq40
    ring of spellpower (1.83057) : +1.10991 %, alt : +2.36837, from: mc
    ring of blackrock (0.195984) : +0.617617 %, alt : +2.21176, from: bwl
    mindtear band (1.39526) : +0.978811 %, alt : +2.17585, from: taerar
    band of forced concentration (1.37103) : +0.971513 %, alt : +2.1235, from: bwl
    band of servitude (1.08356) : +0.884933 %, alt : +2.11295, from: zg
    maiden's circle (0.813629) : +0.803637 %, alt : +1.91606, from: pre-raid
    eye of orgrimmar (0.813629) : +0.803637 %, alt : +1.82784, from: pre-raid
    band of sulfuras (0.801605) : +0.800016 %, alt : +1.62249, from: mc
- . - ' - . - ' - . - ' - . - ' - . - ' - . -
finger 2, primalist's seal (2.16666), alt: 3.05057 -> :
    pure elementium band (-0.00900269) : -0.648145 %, alt : +4.75851, from: bwl
    ring of the martyr (-1.47577) : -1.08511 %, alt : +4.1314, from: aq40
    cauterizing band (1.95239) : -0.0638308 %, alt : +3.91772, from: mc
    fordring's seal (2.43234) : +0.0791498 %, alt : +2.91226, from: pre-raid
- . - ' - . - ' - . - ' - . - ' - . - ' - . -
trinket, rejuvenating gem (2.68906), alt: 5.5849 -> :
    hazza'rah's charm of healing (0) : -0.809878 %, alt : +16.5191, from: zg
    darkmoon card: blue dragon (5.56613) : +0.866504 %, alt : +3.82812, from: 
- . - ' - . - ' - . - ' - . - ' - . - ' - . -
trinket 2, hazza'rah's charm of healing (9.13141), alt: 16.5191 -> :
    hazza'rah's charm of healing (9.13141) : +0 %, alt : +16.5191, from: zg
    darkmoon card: blue dragon (-2.59671) : -3.53222 %, alt : +3.82812, from: 
- - - - - - - - - - - - - - - - - - - - - - - - - - - - - - - - - - - - - - - - - 
| Upgrades at start level, from start item to candidate, partial bonuses: 1: |
  alt scores are from least squares fit, special score from e.g. set bonuses as s are part of em
. . . . . . . . . . . . . . . . . . . . . . . . . . . . . . . . . . . . . . . . . 
- . - ' - . - ' - . - ' - . - ' - . - ' - . -
head, halo of transcendence (6.49985), alt: 5.80222 -> :
    crystal adorned crown (10.0941) : +1.13928 %, alt : +7.89529, from: azuregos
    don rigoberto's lost hat (10.0475) : +1.12453 %, alt : +6.86255, from: aq40
    halo of transcendence (6.49985) : +0 %, alt : +5.80221, from: onyxia
    mish'undare circlet of mind flayer (7.53812) : +0.329104 %, alt : +4.71916, from: bwl
    tiara of the oracle (9.67361) : +1.006 %, alt : +4.50502, from: aq40
- . - ' - . - ' - . - ' - . - ' - . - ' - . -
neck, jin'do's evil eye (2.88794), alt: 3.98749 -> :
    amulet of the fallen god (6.11935) : +1.02427 %, alt : +5.22125, from: aq40
    amulet of the shifting sands (3.82574) : +0.29726 %, alt : +3.8668, from: aq20
    angelista's charm (3.54437) : +0.208072 %, alt : +3.50935, from: aq40
    wavefront necklace (5.71616) : +0.896471 %, alt : +2.78454, from: silithus
- . - ' - . - ' - . - ' - . - ' - . - ' - . -
shoulders, pauldrons of transcendence (-0.249847), alt: 3.72354 -> :
    ternary mantle (1.61554) : +0.591279 %, alt : +4.91328, from: aq40
    pauldrons of transcendence (-0.249847) : +0 %, alt : +3.72355, from: bwl
    zandalar confessor's mantle (-1.21024) : -0.304418 %, alt : +3.47334, from: zg
- . - ' - . - ' - . - ' - . - ' - . - ' - . -
back, hide of the wild (0.437195), alt: 3.52792 -> :
    cloak of clarity (3.04504) : +0.82662 %, alt : +4.54982, from: aq40
    shroud of pure thought (1.53363) : +0.347542 %, alt : +3.4988, from: bwl
    drape of benediction (0.620758) : +0.0581848 %, alt : +3.24546, from: azuregos
    hakkari loa cloak (0.81073) : +0.118401 %, alt : +3.02946, from: zg
    shroud of infinite wisdom (2.14478) : +0.541259 %, alt : +2.92679, from: aq20
    cloak of the brood lord (1.95084) : +0.479785 %, alt : +2.72861, from: bwl
- . - ' - . - ' - . - ' - . - ' - . - ' - . -
chest, truefaith vestments (7.50537), alt: 5.80457 -> :
    robes of the guardian saint (9.32895) : +0.578027 %, alt : +6.81347, from: aq40
    robes of transcendence (12.0441) : +1.43867 %, alt : +6.18345, from: bwl
    vestments of the oracle (10.9659) : +1.0969 %, alt : +4.82547, from: aq40
- . - ' - . - ' - . - ' - . - ' - . - ' - . -
wrists, bindings of transcendence (0.346558), alt: 3.74191 -> :
    bracelets of royal redemption (1.72287) : +0.436255 %, alt : +4.7144, from: aq40
    vambraces of prophecy (0.938782) : +0.18772 %, alt : +4.24822 (s: 1.06156), from: mc
    bindings of transcendence (0.346558) : +0 %, alt : +3.74191, from: bwl
    zandalar confessor's wraps (0.696167) : +0.110817 %, alt : +2.81681, from: zg
- . - ' - . - ' - . - ' - . - ' - . - ' - . -
two-hand, benediction (12.0247), alt: 10.3066 -> :
    scepter of the false prophet and sartura's might (24.4091) : +3.92552 %, alt : +19.2132, from: aq40, aq40
    scepter of the false prophet and lei of the lifegiver (23.3296) : +3.58334 %, alt : +18.7658, from: aq40, av rep
    scepter of the false prophet and brightly glowing stone (21.382) : +2.96599 %, alt : +17.3348, from: aq40, pre-raid
    scepter of the false prophet and trance stone (21.1598) : +2.89558 %, alt : +17.2374, from: aq40, emeriss; lethon; taerar; ysondre
    blessed qiraji augur staff (16.2142) : +1.32796 %, alt : +12.9092, from: aq40
    gavel of infinite wisdom and sartura's might (15.4076) : +1.07226 %, alt : +11.935, from: aq20, aq40
    lok'amir il romathis and sartura's might (15.3609) : +1.05746 %, alt : +11.8398, from: bwl, aq40
    gavel of infinite wisdom and lei of the lifegiver (13.943) : +0.608043 %, alt : +11.4876, from: aq20, av rep
    lok'amir il romathis and lei of the lifegiver (13.8574) : +0.580909 %, alt : +11.3925, from: bwl, av rep
    gavel of infinite wisdom and brightly glowing stone (12.1658) : +0.0447196 %, alt : +10.0566, from: aq20, pre-raid
    gavel of infinite wisdom and trance stone (12.087) : +0.0197432 %, alt : +9.95917, from: aq20, emeriss; lethon; taerar; ysondre
    jin'do's hexxer and sartura's might (12.8995) : +0.277275 %, alt : +8.94505, from: zg, aq40
    staff of the shadow flame (13.2019) : +0.373137 %, alt : +8.88967, from: bwl
    fang of the mystics and sartura's might (14.6281) : +0.825189 %, alt : +8.58391, from: azuregos, aq40
    fang of the mystics and lei of the lifegiver (13.2888) : +0.400687 %, alt : +8.13655, from: azuregos, av rep
    staff of rampant growth (13.3554) : +0.421774 %, alt : +7.88701, from: emeriss; lethon; taerar; ysondre
    stinger of ayamiss and sartura's might (14.0636) : +0.646262 %, alt : +7.76579, from: aq20, aq40
    fang of venoxis and sartura's might (13.6427) : +0.512848 %, alt : +7.49729, from: zg, aq40
    wushoolay's poker and sartura's might (13.4187) : +0.441856 %, alt : +7.32409, from: zg, aq40
    stinger of ayamiss and lei of the lifegiver (13.6547) : +0.516659 %, alt : +7.31843, from: aq20, av rep
    aurastone hammer and sartura's might (12.6063) : +0.184344 %, alt : +7.31286, from: mc, aq40
    zulian scepter of rites and sartura's might (13.0057) : +0.310938 %, alt : +7.18767, from: zg, aq40
    jin'do's hexxer and brightly glowing stone (12.6488) : +0.197809 %, alt : +7.06667, from: zg, pre-raid
    fang of venoxis and lei of the lifegiver (13.3586) : +0.42279 %, alt : +7.04993, from: zg, av rep
    jin'do's hexxer and trance stone (12.1523) : +0.0404343 %, alt : +6.96926, from: zg, emeriss; lethon; taerar; ysondre
    wushoolay's poker and lei of the lifegiver (13.5215) : +0.474445 %, alt : +6.87673, from: zg, av rep
    the hammer of grace and sartura's might (13.333) : +0.414693 %, alt : +6.75865, from: pre-raid, aq40
    zulian scepter of rites and lei of the lifegiver (12.3911) : +0.116118 %, alt : +6.74031, from: zg, av rep
    fang of the mystics and brightly glowing stone (12.3189) : +0.0932504 %, alt : +6.70554, from: azuregos, pre-raid
    fang of the mystics and trance stone (12.3731) : +0.110411 %, alt : +6.60813, from: azuregos, emeriss; lethon; taerar; ysondre
    the hammer of grace and lei of the lifegiver (12.5871) : +0.178249 %, alt : +6.31129, from: pre-raid, av rep
- . - ' - . - ' - . - ' - . - ' - . - ' - . -
ranged, dragon's touch (-0.820587), alt: 1.04697 -> :
    lunar wand of healing (-0.56015) : +0.0825518 %, alt : +1.43537, from: random green
    antenna of invigoration (0.771698) : +0.504713 %, alt : +1.42116, from: aq20
    wandof qiraji nobility (-0.651917) : +0.0534642 %, alt : +1.36361, from: aq40
- . - ' - . - ' - . - ' - . - ' - . - ' - . -
hands, handguards of transcendence (0.525421), alt: 3.97079 -> :
    gloves of dark wisdom (1.94278) : +0.449266 %, alt : +4.01036, from: aq20
    handguards of transcendence (0.525421) : +0 %, alt : +3.9708, from: bwl
    atal'ai hands of healing (0.801788) : +0.0876012 %, alt : +3.80374, from: sunken temple
    gloves of the messiah (1.16074) : +0.201378 %, alt : +3.68155, from: aq40
- . - ' - . - ' - . - ' - . - ' - . - ' - . -
waist, zandalar confessor's bindings (5.22513), alt: 5.0733 -> :
    grasp of the old god (7.29138) : +0.654949 %, alt : +5.86993, from: aq40
    zandalar confessor's bindings (5.22513) : +0 %, alt : +5.0733, from: zg
    firemaw's clutch (6.77826) : +0.492302 %, alt : +3.59946, from: bwl
    belt of transcendence (6.87314) : +0.522376 %, alt : +3.59845, from: bwl
- . - ' - . - ' - . - ' - . - ' - . - ' - . -
legs, empowered leggings (8.2644), alt: 7.49005 -> :
    leggings of transcendence (10.5239) : +0.7162 %, alt : +5.96606, from: mc
    padre's trousers (8.26703) : +0.000831902 %, alt : +4.60698, from: pre-raid
    leggings of the black blizzard (8.94806) : +0.216701 %, alt : +4.406, from: aq20
- . - ' - . - ' - . - ' - . - ' - . - ' - . -
feet, boots of transcendence (0.242157), alt: 4.13501 -> :
    boots of pure thought (1.69244) : +0.459703 %, alt : +5.59539, from: bwl
    boots of transcendence (0.242157) : +0 %, alt : +4.13502, from: bwl
- . - ' - . - ' - . - ' - . - ' - . - ' - . -
finger, pure elementium band (4.81284), alt: 4.75851 -> :
    primalist's seal (5.38391) : +0.181016 %, alt : +4.23475, from: zg
    ring of the martyr (6.37921) : +0.4965 %, alt : +4.1314, from: aq40
    cauterizing band (5.61505) : +0.254281 %, alt : +3.91772, from: mc
    fordring's seal (6.48254) : +0.529254 %, alt : +2.91226, from: pre-raid
    rosewine circle (5.13693) : +0.10273 %, alt : +2.55249, from: pre-raid
    ring of spellpower (5.82495) : +0.320814 %, alt : +2.36837, from: mc
    ring of blackrock (6.19757) : +0.438925 %, alt : +2.21176, from: bwl
    band of forced concentration (5.41739) : +0.191628 %, alt : +2.1235, from: bwl
    maiden's circle (5.10083) : +0.0912867 %, alt : +1.91606, from: pre-raid
    eye of orgrimmar (5.38562) : +0.181558 %, alt : +1.82784, from: pre-raid
- . - ' - . - ' - . - ' - . - ' - . - ' - . -
finger 2, primalist's seal (3.93063), alt: 4.23474 -> :
    pure elementium band (4.90195) : +0.307881 %, alt : +4.75851, from: bwl
    primalist's seal (3.93063) : +0 %, alt : +4.23475, from: zg
    ring of the martyr (4.47546) : +0.172697 %, alt : +4.1314, from: aq40
    fordring's seal (4.73395) : +0.25463 %, alt : +2.91226, from: pre-raid
    rosewine circle (5.6676) : +0.550574 %, alt : +2.55249, from: pre-raid
    ring of the devoured (5.88565) : +0.61969 %, alt : +2.49817, from: aq40
    ring of spellpower (5.18713) : +0.398278 %, alt : +2.36837, from: mc
    primalist's band (4.79443) : +0.273802 %, alt : +2.26325, from: zg
    ring of blackrock (6.4454) : +0.797117 %, alt : +2.21176, from: bwl
    mindtear band (5.30231) : +0.434785 %, alt : +2.17585, from: taerar
    band of forced concentration (4.94101) : +0.320263 %, alt : +2.1235, from: bwl
    band of servitude (5.20059) : +0.402544 %, alt : +2.11295, from: zg
    maiden's circle (4.91037) : +0.310551 %, alt : +1.91606, from: pre-raid
    eye of orgrimmar (5.18948) : +0.399023 %, alt : +1.82784, from: pre-raid
    zanzil's seal (4.55688) : +0.198505 %, alt : +1.30309, from: zg
    cyclopean band (4.34985) : +0.132882 %, alt : +1.18192, from: pre-raid
    dragonslayer's signet (4.52689) : +0.188997 %, alt : +1.1698, from: onyxia
- . - ' - . - ' - . - ' - . - ' - . - ' - . -
trinket, rejuvenating gem (7.02148), alt: 5.5849 -> :
    hazza'rah's charm of healing (0) : -2.22563 %, alt : +16.5191, from: zg
    darkmoon card: blue dragon (2.9321) : -1.29623 %, alt : +3.82812, from: 
- . - ' - . - ' - . - ' - . - ' - . - ' - . -
trinket 2, hazza'rah's charm of healing (10.0952), alt: 16.5191 -> :
    hazza'rah's charm of healing (10.0952) : +0 %, alt : +16.5191, from: zg
    darkmoon card: blue dragon (3.26477) : -2.16506 %, alt : +3.82812, from: 
- - - - - - - - - - - - - - - - - - - - - - - - - - - - - - - - - - - - - - - - - 
| Upgrades at start level, from start item to candidate, partial bonuses: 0: |
  alt scores are from least squares fit, special score from e.g. set bonuses as s are part of em
. . . . . . . . . . . . . . . . . . . . . . . . . . . . . . . . . . . . . . . . . 
- . - ' - . - ' - . - ' - . - ' - . - ' - . -
head, halo of transcendence (10.0524), alt: 5.80222 -> :
    crystal adorned crown (9.19656) : -0.270458 %, alt : +7.89529, from: azuregos
    don rigoberto's lost hat (10.6754) : +0.196848 %, alt : +6.86255, from: aq40
    halo of transcendence (10.0524) : +0 %, alt : +5.80221, from: onyxia
- . - ' - . - ' - . - ' - . - ' - . - ' - . -
neck, jin'do's evil eye (7.58975), alt: 3.98749 -> :
    amulet of the fallen god (8.44705) : +0.270911 %, alt : +5.22125, from: aq40
    amulet of the shifting sands (7.74576) : +0.0492987 %, alt : +3.8668, from: aq20
- . - ' - . - ' - . - ' - . - ' - . - ' - . -
shoulders, pauldrons of transcendence (6.43472), alt: 3.72354 -> :
    ternary mantle (6.24753) : -0.0591546 %, alt : +4.91328, from: aq40
    pauldrons of transcendence (6.43472) : +0 %, alt : +3.72355, from: bwl
    zandalar confessor's mantle (6.05157) : -0.121077 %, alt : +3.47334, from: zg
    mantle of the blackwing cabal (6.6391) : +0.064584 %, alt : +3.26195, from: bwl
- . - ' - . - ' - . - ' - . - ' - . - ' - . -
back, hide of the wild (6.65668), alt: 3.52792 -> :
    cloak of clarity (8.68668) : +0.64149 %, alt : +4.54982, from: aq40
    shroud of pure thought (6.76166) : +0.0331744 %, alt : +3.4988, from: bwl
- . - ' - . - ' - . - ' - . - ' - . - ' - . -
chest, truefaith vestments (10.9644), alt: 5.80457 -> :
    robes of the guardian saint (10.8849) : -0.0251315 %, alt : +6.81347, from: aq40
    robes of transcendence (12.564) : +0.505495 %, alt : +6.18345, from: bwl
    robes of the exalted (10.9701) : +0.00180337 %, alt : +5.62234, from: pre-raid
- . - ' - . - ' - . - ' - . - ' - . - ' - . -
wrists, bindings of transcendence (7.28745), alt: 3.74191 -> :
    bracelets of royal redemption (6.87601) : -0.130017 %, alt : +4.7144, from: aq40
    bindings of transcendence (7.28745) : +0 %, alt : +3.74191, from: bwl
    zandalar confessor's wraps (6.71323) : -0.181456 %, alt : +2.81681, from: zg
- . - ' - . - ' - . - ' - . - ' - . - ' - . -
two-hand, benediction (16.0966), alt: 10.3066 -> :
    scepter of the false prophet and sartura's might (25.3089) : +2.91111 %, alt : +19.2132, from: aq40, aq40
    scepter of the false prophet and lei of the lifegiver (23.9468) : +2.4807 %, alt : +18.7658, from: aq40, av rep
    scepter of the false prophet and brightly glowing stone (20.901) : +1.51821 %, alt : +17.3348, from: aq40, pre-raid
    scepter of the false prophet and trance stone (20.7039) : +1.45592 %, alt : +17.2374, from: aq40, emeriss; lethon; taerar; ysondre
    blessed qiraji augur staff (18.5811) : +0.785105 %, alt : +12.9092, from: aq40
    gavel of infinite wisdom and sartura's might (16.2603) : +0.0517192 %, alt : +11.935, from: aq20, aq40
    lok'amir il romathis and sartura's might (13.9915) : -0.665223 %, alt : +11.8398, from: bwl, aq40
    gavel of infinite wisdom and lei of the lifegiver (15.0171) : -0.341146 %, alt : +11.4876, from: aq20, av rep
    lok'amir il romathis and lei of the lifegiver (13.3033) : -0.882718 %, alt : +11.3925, from: bwl, av rep
    gavel of infinite wisdom and brightly glowing stone (16.2793) : +0.057708 %, alt : +10.0566, from: aq20, pre-raid
    lok'amir il romathis and brightly glowing stone (16.2121) : +0.0364918 %, alt : +9.96146, from: bwl, pre-raid
    gavel of infinite wisdom and trance stone (16.5994) : +0.15888 %, alt : +9.95917, from: aq20, emeriss; lethon; taerar; ysondre
- . - ' - . - ' - . - ' - . - ' - . - ' - . -
ranged, dragon's touch (0.1492), alt: 1.04697 -> :
    lunar wand of healing (0.816864) : +0.210985 %, alt : +1.43537, from: random green
    antenna of invigoration (0.973206) : +0.26039 %, alt : +1.42116, from: aq20
    wandof qiraji nobility (0.725189) : +0.182015 %, alt : +1.36361, from: aq40
- . - ' - . - ' - . - ' - . - ' - . - ' - . -
hands, handguards of transcendence (7.09653), alt: 3.97079 -> :
    gloves of dark wisdom (7.00815) : -0.0279282 %, alt : +4.01036, from: aq20
    handguards of transcendence (7.09653) : +0 %, alt : +3.9708, from: bwl
    gloves of the messiah (7.59937) : +0.1589 %, alt : +3.68155, from: aq40
    dark storm gauntlets (7.46823) : +0.11746 %, alt : +3.42589, from: aq40
- . - ' - . - ' - . - ' - . - ' - . - ' - . -
waist, zandalar confessor's bindings (8.75925), alt: 5.0733 -> :
    grasp of the old god (9.56201) : +0.253678 %, alt : +5.86993, from: aq40
    zandalar confessor's bindings (8.75925) : +0 %, alt : +5.0733, from: zg
    belt of transcendence (2.93912) : -1.83919 %, alt : +3.59845, from: bwl
- . - ' - . - ' - . - ' - . - ' - . - ' - . -
legs, empowered leggings (10.9377), alt: 7.49005 -> :
    leggings of transcendence (5.43634) : -1.73846 %, alt : +5.96606, from: mc
- . - ' - . - ' - . - ' - . - ' - . - ' - . -
feet, boots of transcendence (6.80148), alt: 4.13501 -> :
    boots of pure thought (4.40842) : -0.756222 %, alt : +5.59539, from: bwl
    boots of transcendence (6.80148) : +0 %, alt : +4.13502, from: bwl
    boots of epiphany (6.90268) : +0.0319786 %, alt : +3.41603, from: aq40
- . - ' - . - ' - . - ' - . - ' - . - ' - . -
finger, pure elementium band (8.74213), alt: 4.75851 -> :
- . - ' - . - ' - . - ' - . - ' - . - ' - . -
finger 2, primalist's seal (5.90848), alt: 3.05057 -> :
    pure elementium band (4.27072) : -0.51754 %, alt : +4.75851, from: bwl
    ring of the martyr (6.09747) : +0.0597235 %, alt : +4.1314, from: aq40
    cauterizing band (6.00406) : +0.0302041 %, alt : +3.91772, from: mc
    fordring's seal (6.66891) : +0.240302 %, alt : +2.91226, from: pre-raid
    ring of blackrock (6.3793) : +0.148783 %, alt : +2.21176, from: bwl
- . - ' - . - ' - . - ' - . - ' - . - ' - . -
trinket, rejuvenating gem (11.4514), alt: 5.5849 -> :
    hazza'rah's charm of healing (0) : -3.61871 %, alt : +16.5191, from: zg
    darkmoon card: blue dragon (2.48785) : -2.83253 %, alt : +3.82812, from: 
- . - ' - . - ' - . - ' - . - ' - . - ' - . -
trinket 2, hazza'rah's charm of healing (16.6794), alt: 16.5191 -> :
    hazza'rah's charm of healing (16.6794) : +0 %, alt : +16.5191, from: zg
    darkmoon card: blue dragon (3.65222) : -4.11665 %, alt : +3.82812, from: 
------------------
Best value: 340.584
