Your call: ./css 4 ../items/phase5.csv ban_tmp_phase4.txt no-locks onslaught_bwl_speed_phase4 -a ../confs/wcl_bwl_speed_log.csv -l onslaught_speed.txt 
Found: -a, val: ../confs/wcl_bwl_speed_log.csv
./css 4 ../items/phase5.csv ban_tmp_phase4.txt no-locks onslaught_bwl_speed_phase4 -l onslaught_speed.txt 
Found key: buff_fraction, saw val: 1
Found key: healing_from_crit_fraction, saw val: 0.2
Found key: transc8_exists, saw val: 0
Found key: enchantments, saw val: 1
Found key: fort, saw val: 1
Found key: motw, saw val: 1
Found key: spirit, saw val: 1
Found key: ai, saw val: 1
Found key: flask, saw val: 1
Found key: holy_disc, saw val: 0
Found key: min_combat_length, saw val: 2
Found key: max_log_entry_diff_in_combat, saw val: 10
Found key: precast, saw val: 1
Found key: swap_cast, saw val: 1
Found key: time_step, saw val: 0.1
Found key: reaction_time, saw val: 0.1
Found key: skip_player, saw val: Paisti
Found key: use_deficit_time_sum, saw val: 0
Found key: wcl_log, saw val: 1
Found: -l, val: onslaught_speed.txt
./css 4 ../items/phase5.csv ban_tmp_phase4.txt no-locks onslaught_bwl_speed_phase4 
Will read log from: onslaught_speed.txt
./css 4 ../items/phase5.csv ban_tmp_phase4.txt no-locks onslaught_bwl_speed_phase4 
./css 4 ../items/phase5.csv ban_tmp_phase4.txt no-locks onslaught_bwl_speed_phase4 
Shuffle seed: 2416673600
Reading banned from: ban_tmp_phase4.txt
Banning: aq20
Banning: aq40
Banning: naxx
Banning: neltharion's tear
Banning: lok'amir il romathis
Banning: choker of the fire lord
Reading WCL parsed log: onslaught_speed.txt
Saw 17099 lines of log, with 17099 log lines
Sorting by timestamp...
Sorted.
Pruning log from: 17099 entries.
Combat from 0 to 13.006 s
Combat from 48.209 to 62.844 s
Combat from 63.189 to 134.839 s
Combat from 141.324 to 216.621 s
Combat from 217.819 to 265.985 s
Combat from 266.809 to 314.525 s
Combat from 324.832 to 337.716 s
Combat from 369.287 to 424.68 s
Combat from 440.851 to 604.326 s
Combat from 607.333 to 646.599 s
Combat from 656.979 to 704.474 s
Combat from 718.639 to 801.271 s
Combat from 814.255 to 911.021 s
Combat from 926.807 to 992.489 s
Combat from 1006.03 to 1233.06 s
Pruned to: 17035 entries.
Reading tmp locked from: start_with.txt
Locking: anastari heirloom
Locking: anathema
Locking: animated chain necklace
Locking: argent crusader
Locking: atal'ai gloves of the owl
Locking: ban'thok sash
Locking: banshee finger
Locking: benediction
Locking: blood of the martyr
Locking: briarwood reed
Locking: burial shawl
Locking: clutch of andros
Locking: crimson felt hat
Locking: cyclopean band
Locking: devout belt
Locking: devout bracers
Locking: devout crown
Locking: devout mantle
Locking: devout robe
Locking: devout sandals
Locking: devout skirt
Locking: dragon finger of healing
Locking: dragon finger of intellect
Locking: dragonrider boots
Locking: dragonslayer's signet
Locking: drakefire amulet
Locking: dreadmist mantle
Locking: dreamweave circlet
Locking: dreamweave gloves
Locking: dreamweave vest
Locking: elder magus pendant
Locking: eye of the beast
Locking: fordring's seal
Locking: girdle of prophecy
Locking: gloves of prophecy
Locking: grimgore noose
Locking: halo of transcendence
Locking: heart of the fiend
Locking: hide of the wild
Locking: kentic amice
Locking: magister's robes
Locking: maleki's footwraps
Locking: mindtap talisman
Locking: nature's breath
Locking: necropile boots
Locking: necropile cuffs
Locking: necropile leggings
Locking: necropile mantle
Locking: necropile robe
Locking: noxious shooter
Locking: omnicast boots
Locking: orb of the forgotten seer
Locking: padre's trousers
Locking: penelope's rose
Locking: quel'dorai channeling rod
Locking: raincaster drape
Locking: rainstrider leggings
Locking: ring of demonic guile
Locking: ring of demonic guile
Locking: robes of prophecy
Locking: robes of the exalted
Locking: robes of the royal crown
Locking: rod of corrosion
Locking: rosewine circle
Locking: royal seal of eldre'thalas
Locking: royal tribunal cloak
Locking: sarah's guide
Locking: seal of rivendare
Locking: seal of rivendare
Locking: shadowy laced handwraps
Locking: silkweb gloves
Locking: soulstealer mantle
Locking: spellbound tome
Locking: spritecaster cape
Locking: star of mystaria
Locking: starfire tiara
Locking: stormrager
Locking: sublime wristguards
Locking: the hammer of grace
Locking: the postmaster's treads
Locking: thuzadin sash
Locking: triune amulet
Locking: vinerot sandals
Locking: whipvine cord
Locking: wolfshear leggings
Locking: boots of the full moon
Locking: mantle of prophecy
Locking: dragon's touch
Locking: bindings of transcendence
Locking: shimmering geta
Locking: empowered leggings
Locking: seal of the archmagus
Locking: circlet of prophecy
Locking: boots of prophecy
Locking: pauldrons of transcendence
Locking: primalist's seal
Locking: zandalar confessor's bindings
Locking: zulian headdress
Locking: mar'li's eye
Locking: shroud of pure thought
Locking: belt of transcendence
Locking: jin'do's evil eye
Locking: primalist's band
Locking: zandalarian hero charm
Locking: zandalar confessor's mantle
Locking: zandalar confessor's wraps 
Locking: pure elementium band
Locking: truefaith vestments
Locking: vambraces of prophecy
Locking: hazza'rah's charm of healing
Locking: handguards of transcendence
Locking: boots of transcendence
Locking: darkmoon card: blue dragon
Locking: rejuvenating gem
Optimizing start items...

*** NEW BEST (1): 205.686

*** NEW BEST (1): 212.928

*** NEW BEST (1): 214.665

*** NEW BEST (1): 222.325

*** NEW BEST (1): 229.151

*** NEW BEST (1): 233.618

*** NEW BEST (1): 233.933

*** NEW BEST (1): 235.659

*** NEW BEST (1): 240.065

*** NEW BEST (1): 241.951
*
*** NEW BEST (1): 244.087

*** NEW BEST (1): 245.138
*
*** NEW BEST (1): 245.157

*** NEW BEST (1): 245.444

*** NEW BEST (1): 245.463

*** NEW BEST (1): 245.478
*
*** NEW BEST (1): 245.49
****
*** NEW BEST (1): 245.594
****
*** NEW BEST (0): 221.171
Based on last: 3000 entries, out of total: 4043 entries, The least-squares solution is:
Int: 0
Spirit: 0
Sp / Healing: 100
Mp5: 0
Crit: 781.276
T1 3p/piece: 0
T2 3p/piece: 480.039
100 points == 1 sp == 0.0376499 hps.
trinket : briarwood reed -> rejuvenating gem => val: 219.747 -> 223.178

*** NEW BEST (0): 223.178
Based on last: 3000 entries, out of total: 4101 entries, The least-squares solution is:
Int: 0
Spirit: 0
Sp / Healing: 100
Mp5: 0
Crit: 927.327
T1 3p/piece: 0
T2 3p/piece: 850.071
100 points == 1 sp == 0.0367218 hps.
chest : dreamweave vest -> truefaith vestments => val: 223.178 -> 225.836

*** NEW BEST (0): 225.836
Based on last: 3000 entries, out of total: 4121 entries, The least-squares solution is:
Int: 0
Spirit: 0
Sp / Healing: 100
Mp5: 0
Crit: 929.664
T1 3p/piece: 0
T2 3p/piece: 775.477
100 points == 1 sp == 0.0368849 hps.
legs : devout skirt -> empowered leggings => val: 225.836 -> 231.522

*** NEW BEST (0): 231.522
Based on last: 3000 entries, out of total: 4141 entries, The least-squares solution is:
Int: 0
Spirit: 0.853202
Sp / Healing: 100
Mp5: 0
Crit: 936.358
T1 3p/piece: 0
T2 3p/piece: 637.793
100 points == 1 sp == 0.03701 hps.
finger : cyclopean band -> pure elementium band => val: 231.522 -> 233.568

*** NEW BEST (0): 233.568
Based on last: 3000 entries, out of total: 4171 entries, The least-squares solution is:
Int: 0
Spirit: 0.651543
Sp / Healing: 100
Mp5: 0
Crit: 940.591
T1 3p/piece: 0
T2 3p/piece: 612.266
100 points == 1 sp == 0.0370281 hps.
hands : atal'ai gloves of the owl -> handguards of transcendence => val: 233.568 -> 235.053

*** NEW BEST (0): 235.053
Based on last: 3000 entries, out of total: 4193 entries, The least-squares solution is:
Int: 0
Spirit: 1.43532
Sp / Healing: 100
Mp5: 0
Crit: 935.12
T1 3p/piece: 0
T2 3p/piece: 575.26
100 points == 1 sp == 0.03713 hps.
shoulders : soulstealer mantle -> zandalar confessor's mantle => val: 235.053 -> 237.872

*** NEW BEST (0): 237.872
Based on last: 3000 entries, out of total: 4212 entries, The least-squares solution is:
Int: 0
Spirit: 0.906992
Sp / Healing: 100
Mp5: 0
Crit: 920.455
T1 3p/piece: 0
T2 3p/piece: 534.418
100 points == 1 sp == 0.0371383 hps.
wrists : devout bracers -> bindings of transcendence => val: 237.872 -> 238.886

*** NEW BEST (0): 238.886
Based on last: 3000 entries, out of total: 4231 entries, The least-squares solution is:
Int: 0
Spirit: 0.859091
Sp / Healing: 100
Mp5: 0
Crit: 921.348
T1 3p/piece: 0
T2 3p/piece: 547.576
100 points == 1 sp == 0.037101 hps.
ranged : dragon finger of intellect -> dragon's touch => val: 238.886 -> 239.311

*** NEW BEST (0): 239.311
Based on last: 3000 entries, out of total: 4248 entries, The least-squares solution is:
Int: 0
Spirit: 0.972993
Sp / Healing: 100
Mp5: 0
Crit: 922.319
T1 3p/piece: 0
T2 3p/piece: 554.383
100 points == 1 sp == 0.0370382 hps.
finger 2 : blood of the martyr -> fordring's seal => val: 239.311 -> 240.377

*** NEW BEST (0): 240.377
Based on last: 3000 entries, out of total: 4278 entries, The least-squares solution is:
Int: 0
Spirit: 0
Sp / Healing: 100
Mp5: 0
Crit: 928.737
T1 3p/piece: 0
T2 3p/piece: 550.491
100 points == 1 sp == 0.0368719 hps.
feet : boots of the full moon -> boots of transcendence => val: 240.377 -> 240.959

*** NEW BEST (0): 240.959
Based on last: 3000 entries, out of total: 4312 entries, The least-squares solution is:
Int: 0
Spirit: 0
Sp / Healing: 100
Mp5: 0
Crit: 897.23
T1 3p/piece: 0
T2 3p/piece: 510.506
100 points == 1 sp == 0.036752 hps.
head : crimson felt hat -> zulian headdress => val: 240.959 -> 242.628

*** NEW BEST (0): 242.628
Based on last: 3000 entries, out of total: 4336 entries, The least-squares solution is:
Int: 0
Spirit: 0
Sp / Healing: 100
Mp5: 0
Crit: 895.77
T1 3p/piece: 0
T2 3p/piece: 470.221
100 points == 1 sp == 0.0368098 hps.
waist : ban'thok sash -> whipvine cord => val: 242.628 -> 243.362

*** NEW BEST (0): 243.362
Based on last: 3000 entries, out of total: 4356 entries, The least-squares solution is:
Int: 0
Spirit: 0
Sp / Healing: 100
Mp5: 0
Crit: 899.658
T1 3p/piece: 0
T2 3p/piece: 463.848
100 points == 1 sp == 0.0368131 hps.
*two-hand :   the hammer of grace orb of the forgotten seer -> benediction    => val: 243.362 -> 243.66

*** NEW BEST (0): 243.66
Based on last: 3000 entries, out of total: 4545 entries, The least-squares solution is:
Int: 0
Spirit: 0
Sp / Healing: 100
Mp5: 0
Crit: 849.924
T1 3p/piece: 0
T2 3p/piece: 452.968
100 points == 1 sp == 0.0374071 hps.
********
Read starting items and cleared locks.
 ----------------------------
 --- head --- 
name: zulian headdress
slot: head
intelligence: 15
stamina: 13
spirit: 14
sp_healing: 55
armor: 78
 ----------------------------
 --- neck --- 
name: jin'do's evil eye
slot: neck
intelligence: 11
stamina: 5
spirit: 6
sp_healing: 44
 ----------------------------
 --- shoulders --- 
name: zandalar confessor's mantle
slot: shoulders
intelligence: 24
stamina: 11
spirit: 15
sp_healing: 22
armor: 78
 ----------------------------
 --- back --- 
name: hide of the wild
slot: back
intelligence: 10
stamina: 8
sp_healing: 42
armor: 48
 ----------------------------
 --- chest --- 
name: truefaith vestments
slot: chest
stamina: 14
sp_healing: 73
mp5: 6
armor: 96
 ----------------------------
 --- wrists --- 
name: bindings of transcendence
slot: wrists
intelligence: 13
stamina: 9
spirit: 16
sp_healing: 33
armor: 51
 ----------------------------
 --- two-hand --- 
name: benediction
slot: two-hand
intelligence: 31
stamina: 10
spirit: 12
sp_healing: 106
spell_crit: 2
shadow_res: 20
 ----------------------------
 ---  --- 
name: 
slot: 
 ----------------------------
 ---  --- 
name: 
slot: 
 ----------------------------
 ---  --- 
name: 
slot: 
 ----------------------------
 --- ranged --- 
name: dragon's touch
slot: ranged
intelligence: 12
stamina: 7
sp: 6
 ----------------------------
 --- hands --- 
name: handguards of transcendence
slot: hands
intelligence: 20
stamina: 12
spirit: 13
sp_healing: 29
spell_crit: 1
armor: 72
 ----------------------------
 --- waist --- 
name: whipvine cord
slot: waist
intelligence: 8
sp_healing: 31
mp5: 6
armor: 47
 ----------------------------
 --- legs --- 
name: empowered leggings
slot: legs
intelligence: 12
stamina: 12
spirit: 24
sp_healing: 77
spell_crit: 1
armor: 103
 ----------------------------
 --- feet --- 
name: boots of transcendence
slot: feet
intelligence: 17
stamina: 17
spirit: 17
sp_healing: 35
fire_res: 10
armor: 80
 ----------------------------
 --- finger --- 
name: pure elementium band
slot: finger
intelligence: 10
stamina: 9
spirit: 10
sp_healing: 53
 ----------------------------
 --- finger --- 
name: fordring's seal
slot: finger
intelligence: 5
stamina: 4
sp_healing: 37
 ----------------------------
 --- trinket --- 
name: rejuvenating gem
slot: trinket
sp_healing: 66
mp5: 9
 ----------------------------
 --- trinket --- 
name: hazza'rah's charm of healing
slot: trinket
 ----------------------------
 --- Set bonuses ---
name: confessor's 2 hazza'rah's 1 transcendence 3 
slot: Set bonuses
sp: 23
 --- And counts for start items ---
oh_limit: 0.9
time_left_mul: 0.5
total_deficit_to_pop_trinkets: 10000
in combat total: 1063
Flash Heal 1, casts: 53, avg: 434.657, 8.89417%, cast time 7.47883% of in combat, overheal: 0.315034
Flash Heal 2, casts: 11, avg: 664.569, 2.82238%, cast time 1.55221% of in combat, overheal: 0.0791558
Flash Heal 3, casts: 18, avg: 778.759, 5.41201%, cast time 2.53998% of in combat, overheal: 0.0288775
Flash Heal 4, casts: 16, avg: 784.184, 4.84419%, cast time 2.25776% of in combat, overheal: 0.116362
Flash Heal 5, casts: 17, avg: 976.509, 6.40927%, cast time 2.39887% of in combat, overheal: 0.0483392
Flash Heal 6, casts: 11, avg: 1060.2, 4.50261%, cast time 1.55221% of in combat, overheal: 0.0967799
Flash Heal 7, casts: 115, avg: 1258.69, 55.8857%, cast time 16.2277% of in combat, overheal: 0.0772021
Greater Heal 1 hazz, casts: 5, avg: 991.2, 1.91344%, cast time 0.70555% of in combat, overheal: 0.4627
Greater Heal 2 hazz, casts: 1, avg: 1673, 0.64592%, cast time 0.14111% of in combat, overheal: 0.213204
Greater Heal 3 hazz, casts: 3, avg: 2451.76, 2.83976%, cast time 0.42333% of in combat, overheal: 0
Greater Heal 4 hazz, casts: 6, avg: 2516.97, 5.83059%, cast time 0.84666% of in combat, overheal: 0.111605
Total time casting: 384, which is: 36.1242% of time in combat.
Total hps: 243.66, raw hps: 275.752, oh: 0.11638
Deficit time sum: 1.52066e+07, baseline: 1.80762e+07
Deficit*time change / s: 2699.56 hp
Number of combats: 15
Average mana at start of combat: 10253.2
Average mana at end of combat: 9187.97
Other players with hps > 100:
  Docc : 127.434 hps
  Fei : 122.708 hps
  Itotemso : 111.259 hps
  Moephisto : 146.977 hps
  Restoshaman : 121.737 hps
  Sunny : 176.626 hps
  Walk : 116.234 hps
  Wallabee : 148.202 hps
Reading locked from: no-locks
Setting tag name to: onslaught_bwl_speed_phase4
.
*** NEW BEST (1): 275.396

*** NEW BEST (1): 276.853

*** NEW BEST (1): 277.65

*** NEW BEST (1): 279.666

*** NEW BEST (1): 281.473

*** NEW BEST (1): 281.765

*** NEW BEST (1): 282.966
.
*** NEW BEST (1): 283.518
.
*** NEW BEST (1): 284.016
Temporary bans and partial set bonuses off.
.legs : leggings of transcendence -> empowered leggings => val: 281.421 -> 282.571

*** NEW BEST (0): 282.571
waist : mana igniting cord -> firemaw's clutch => val: 282.373 -> 282.579

*** NEW BEST (0): 282.579
shoulders : pauldrons of transcendence -> mantle of the blackwing cabal => val: 282.579 -> 284.059

*** NEW BEST (0): 284.059
***** INTERMEDIATE RESULTS *****
Iteration: 4
 ----------------------------
 --- head --- 
name: crystal adorned crown
slot: head
intelligence: 14
spirit: 13
sp_healing: 92
armor: 85
 ----------------------------
 --- neck --- 
name: jin'do's evil eye
slot: neck
intelligence: 11
stamina: 5
spirit: 6
sp_healing: 44
 ----------------------------
 --- shoulders --- 
name: mantle of the blackwing cabal
slot: shoulders
intelligence: 16
stamina: 12
sp: 34
armor: 84
 ----------------------------
 --- back --- 
name: hide of the wild
slot: back
intelligence: 10
stamina: 8
sp_healing: 42
armor: 48
 ----------------------------
 --- chest --- 
name: truefaith vestments
slot: chest
stamina: 14
sp_healing: 73
mp5: 6
armor: 96
 ----------------------------
 --- wrists --- 
name: zandalar confessor's wraps
slot: wrists
intelligence: 11
stamina: 10
spirit: 12
sp_healing: 24
armor: 41
 ----------------------------
 --- two-hand --- 
name: benediction
slot: two-hand
intelligence: 31
stamina: 10
spirit: 12
sp_healing: 106
spell_crit: 2
shadow_res: 20
 ----------------------------
 ---  --- 
name: 
slot: 
 ----------------------------
 ---  --- 
name: 
slot: 
 ----------------------------
 ---  --- 
name: 
slot: 
 ----------------------------
 --- ranged --- 
name: lunar wand of healing
slot: ranged
sp_healing: 20
 ----------------------------
 --- hands --- 
name: atal'ai hands of healing
slot: hands
sp: 9
sp_healing: 44
armor: 47
 ----------------------------
 --- waist --- 
name: firemaw's clutch
slot: waist
intelligence: 12
stamina: 12
sp: 35
mp5: 5
armor: 64
 ----------------------------
 --- legs --- 
name: empowered leggings
slot: legs
intelligence: 12
stamina: 12
spirit: 24
sp_healing: 77
spell_crit: 1
armor: 103
 ----------------------------
 --- feet --- 
name: boots of pure thought
slot: feet
intelligence: 12
stamina: 8
spirit: 12
sp_healing: 62
armor: 74
 ----------------------------
 --- finger --- 
name: pure elementium band
slot: finger
intelligence: 10
stamina: 9
spirit: 10
sp_healing: 53
 ----------------------------
 --- finger --- 
name: cauterizing band
slot: finger
intelligence: 12
stamina: 9
sp_healing: 46
 ----------------------------
 --- trinket --- 
name: rejuvenating gem
slot: trinket
sp_healing: 66
mp5: 9
 ----------------------------
 --- trinket --- 
name: hazza'rah's charm of healing
slot: trinket
 ----------------------------
 --- Set bonuses ---
name: confessor's 2 hazza'rah's 1 
slot: Set bonuses
sp: 23
------------------
Best value: 284.059
------------------
Char stats: 
Effective hp: 8415.4
Effective mana (100 s, 33 % out of fsr): 15625.9
Raw max mana: 9940.02
Int: 385.48
Stam: 385.48
Spirit: 395.83
Strength: 79.58
Agility: 84.18
All stats multiplier (taken into account above): 1.15
Bonus mana: 2000
Bonus hp: 0
Mp5: 170
Sp: 101
Sp shadow: 0
Sp healing: 909
Spell crit: 21
Spell hit: 0
Arcane res: 27
Nature res: 27
Fire res: 27
Frost res: 27
Shadow res: 47
Armor: 2840.75
Defense: 300
Dodge: 0
Parry: 0
HpsPvp: 995.929
ShadowDps: 240.866
Value pvp healing: 1719.6
Value pvp shadow: 100.583
Effective hp-pvp: 10533.3
Effecctive mana for 100 s, 0.33 fsr: 17269.4
------------------
Best counts:
oh_limit: 0.8
time_left_mul: 2.9
total_deficit_to_pop_trinkets: 6634.2
in combat total: 1063
Flash Heal 1, casts: 11, avg: 488.342, 1.77899%, cast time 1.55221% of in combat, overheal: 0.288328
Flash Heal 2, casts: 11, avg: 752.737, 2.74217%, cast time 1.55221% of in combat, overheal: 0.0262777
Flash Heal 3, casts: 1, avg: 853.027, 0.282502%, cast time 0.14111% of in combat, overheal: 0
Flash Heal 4, casts: 6, avg: 846.7, 1.68244%, cast time 0.84666% of in combat, overheal: 0.0976234
Flash Heal 5, casts: 2, avg: 1076.54, 0.713045%, cast time 0.28222% of in combat, overheal: 0
Flash Heal 6, casts: 4, avg: 1040.83, 1.37879%, cast time 0.56444% of in combat, overheal: 0.149491
Flash Heal 7, casts: 32, avg: 1308.1, 13.8627%, cast time 4.51552% of in combat, overheal: 0.0744971
Greater Heal 1, casts: 10, avg: 1648.15, 5.45827%, cast time 2.35183% of in combat, overheal: 0.152902
Greater Heal 1 hazz, casts: 8, avg: 1283.96, 3.40173%, cast time 1.12888% of in combat, overheal: 0.340086
Greater Heal 2 hazz, casts: 6, avg: 2052.46, 4.07833%, cast time 0.84666% of in combat, overheal: 0.0781061
Greater Heal 3 hazz, casts: 1, avg: 2550.76, 0.844748%, cast time 0.14111% of in combat, overheal: 0
Greater Heal 4, casts: 22, avg: 2709.09, 19.738%, cast time 5.17404% of in combat, overheal: 0.0757107
Greater Heal 4 hazz, casts: 6, avg: 2724, 5.41272%, cast time 0.84666% of in combat, overheal: 0.0706236
Heal 2, casts: 95, avg: 920.589, 28.9632%, cast time 22.3424% of in combat, overheal: 0.352273
Heal 4, casts: 17, avg: 1716.22, 9.6623%, cast time 3.99812% of in combat, overheal: 0.178919
Total time casting: 492, which is: 46.2841% of time in combat.
Total hps: 284.059, raw hps: 355.938, oh: 0.201943
Deficit time sum: 1.48055e+07, baseline: 1.80762e+07
Deficit*time change / s: 3076.91 hp
Number of combats: 15
Average mana at start of combat: 9606.84
Average mana at end of combat: 8439.11
Other players with hps > 100:
  Docc : 125.587 hps
  Fei : 121.591 hps
  Itotemso : 108.343 hps
  Moephisto : 144.2 hps
  Restoshaman : 115.712 hps
  Sunny : 175.501 hps
  Walk : 114.889 hps
  Wallabee : 141.999 hps
------------------
Upgrades: 
( following sorted by alt scores, no specials )
zulian headdress(2.0574) -> crystal adorned crown(3.44147) : 1.38406 = +0.489631%
boots of transcendence(1.30923) -> boots of pure thought(2.31924) : 1.01001 = +0.356832%
handguards of transcendence(1.40274) -> atal'ai hands of healing(1.98257) : 0.579834 = +0.204542%
bindings of transcendence(1.23444) -> zandalar confessor's wraps(1.75815) : 0.523712 = +0.184708%
dragon's touch(0.224457) -> lunar wand of healing(0.748138) : 0.523682 = +0.184697%
zandalar confessor's mantle(0.822968) -> mantle of the blackwing cabal(1.27185) : 0.448883 = +0.158275%
fordring's seal(1.38406) -> cauterizing band(1.72073) : 0.33667 = +0.118662%
whipvine cord(1.15961) -> firemaw's clutch(1.30923) : 0.149628 = +0.0527026%
jin'do's evil eye(1.6459) -> jin'do's evil eye(1.6459) : 0 = +0%
hide of the wild(1.57111) -> hide of the wild(1.57111) : 0 = +0%
truefaith vestments(2.73071) -> truefaith vestments(2.73071) : 0 = +0%
benediction, , , (4.60101) -> benediction, , , (4.60101) : 0 = +0%
empowered leggings(3.19827) -> empowered leggings(3.19827) : 0 = +0%
pure elementium band(1.98257) -> pure elementium band(1.98257) : 0 = +0%
rejuvenating gem(2.46887) -> rejuvenating gem(2.46887) : 0 = +0%
hazza'rah's charm of healing(0.860352) -> hazza'rah's charm of healing(0.860352) : 0 = +0%
------------------
~~~~ end of intermediate results ~~~~
Temporary bans and partial set bonuses on.
.
*** NEW BEST (1): 284.456
...Temporary bans and partial set bonuses off.
.two-hand : benediction    ->   jin'do's hexxer lei of the lifegiver => val: 281.906 -> 283.218
legs : leggings of transcendence -> empowered leggings => val: 283.218 -> 283.498
wrists : bindings of transcendence -> flameweave cuffs of healing => val: 283.498 -> 283.951
***** INTERMEDIATE RESULTS *****
Iteration: 9
 ----------------------------
 --- head --- 
name: crystal adorned crown
slot: head
intelligence: 14
spirit: 13
sp_healing: 92
armor: 85
 ----------------------------
 --- neck --- 
name: jin'do's evil eye
slot: neck
intelligence: 11
stamina: 5
spirit: 6
sp_healing: 44
 ----------------------------
 --- shoulders --- 
name: pauldrons of transcendence
slot: shoulders
intelligence: 25
stamina: 12
spirit: 13
sp_healing: 26
fire_res: 10
armor: 87
 ----------------------------
 --- back --- 
name: hide of the wild
slot: back
intelligence: 10
stamina: 8
sp_healing: 42
armor: 48
 ----------------------------
 --- chest --- 
name: truefaith vestments
slot: chest
stamina: 14
sp_healing: 73
mp5: 6
armor: 96
 ----------------------------
 --- wrists --- 
name: zandalar confessor's wraps
slot: wrists
intelligence: 11
stamina: 10
spirit: 12
sp_healing: 24
armor: 41
 ----------------------------
 --- two-hand --- 
name: benediction
slot: two-hand
intelligence: 31
stamina: 10
spirit: 12
sp_healing: 106
spell_crit: 2
shadow_res: 20
 ----------------------------
 ---  --- 
name: 
slot: 
 ----------------------------
 ---  --- 
name: 
slot: 
 ----------------------------
 ---  --- 
name: 
slot: 
 ----------------------------
 --- ranged --- 
name: lunar wand of healing
slot: ranged
sp_healing: 20
 ----------------------------
 --- hands --- 
name: atal'ai hands of healing
slot: hands
sp: 9
sp_healing: 44
armor: 47
 ----------------------------
 --- waist --- 
name: firemaw's clutch
slot: waist
intelligence: 12
stamina: 12
sp: 35
mp5: 5
armor: 64
 ----------------------------
 --- legs --- 
name: empowered leggings
slot: legs
intelligence: 12
stamina: 12
spirit: 24
sp_healing: 77
spell_crit: 1
armor: 103
 ----------------------------
 --- feet --- 
name: boots of pure thought
slot: feet
intelligence: 12
stamina: 8
spirit: 12
sp_healing: 62
armor: 74
 ----------------------------
 --- finger --- 
name: pure elementium band
slot: finger
intelligence: 10
stamina: 9
spirit: 10
sp_healing: 53
 ----------------------------
 --- finger --- 
name: cauterizing band
slot: finger
intelligence: 12
stamina: 9
sp_healing: 46
 ----------------------------
 --- trinket --- 
name: rejuvenating gem
slot: trinket
sp_healing: 66
mp5: 9
 ----------------------------
 --- trinket --- 
name: hazza'rah's charm of healing
slot: trinket
 ----------------------------
 --- Set bonuses ---
name: confessor's 2 hazza'rah's 1 
slot: Set bonuses
sp: 23
------------------
Best value: 284.059
------------------
Char stats: 
Effective hp: 8413.8
Effective mana (100 s, 33 % out of fsr): 15873.1
Raw max mana: 10110.8
Int: 395.83
Stam: 385.48
Spirit: 410.78
Strength: 79.58
Agility: 84.18
All stats multiplier (taken into account above): 1.15
Bonus mana: 2000
Bonus hp: 0
Mp5: 170
Sp: 67
Sp shadow: 0
Sp healing: 935
Spell crit: 21
Spell hit: 0
Arcane res: 27
Nature res: 27
Fire res: 37
Frost res: 27
Shadow res: 47
Armor: 2843.75
Defense: 300
Dodge: 0
Parry: 0
HpsPvp: 993.597
ShadowDps: 232.143
Value pvp healing: 1567.54
Value pvp shadow: 85.5673
Effective hp-pvp: 10564.6
Effecctive mana for 100 s, 0.33 fsr: 17571.8
------------------
Best counts:
oh_limit: 0.8
time_left_mul: 2.9
total_deficit_to_pop_trinkets: 6617.62
in combat total: 1063
Flash Heal 1, casts: 11, avg: 487.092, 1.78374%, cast time 1.55221% of in combat, overheal: 0.286577
Flash Heal 2, casts: 11, avg: 750.069, 2.74676%, cast time 1.55221% of in combat, overheal: 0.0254287
Flash Heal 3, casts: 1, avg: 849.639, 0.282853%, cast time 0.14111% of in combat, overheal: 0
Flash Heal 4, casts: 6, avg: 844.457, 1.68677%, cast time 0.84666% of in combat, overheal: 0.0967752
Flash Heal 5, casts: 2, avg: 1073.21, 0.714567%, cast time 0.28222% of in combat, overheal: 0
Flash Heal 6, casts: 4, avg: 1038.37, 1.38274%, cast time 0.56444% of in combat, overheal: 0.149221
Flash Heal 7, casts: 33, avg: 1308.75, 14.378%, cast time 4.65663% of in combat, overheal: 0.0719154
Greater Heal 1, casts: 9, avg: 1724.87, 5.16805%, cast time 2.11665% of in combat, overheal: 0.110422
Greater Heal 1 hazz, casts: 8, avg: 1282.32, 3.41517%, cast time 1.12888% of in combat, overheal: 0.338664
Greater Heal 2 hazz, casts: 6, avg: 2046.97, 4.08874%, cast time 0.84666% of in combat, overheal: 0.0778433
Greater Heal 3 hazz, casts: 1, avg: 2544.27, 0.847013%, cast time 0.14111% of in combat, overheal: 0
Greater Heal 4, casts: 22, avg: 2704.45, 19.8074%, cast time 5.17404% of in combat, overheal: 0.0752808
Greater Heal 4 hazz, casts: 6, avg: 2720.81, 5.43471%, cast time 0.84666% of in combat, overheal: 0.0696867
Heal 2, casts: 94, avg: 903.294, 28.2673%, cast time 22.1072% of in combat, overheal: 0.361359
Heal 4, casts: 18, avg: 1668.15, 9.99622%, cast time 4.2333% of in combat, overheal: 0.199362
Total time casting: 491, which is: 46.19% of time in combat.
Total hps: 282.579, raw hps: 354.818, oh: 0.203594
Deficit time sum: 1.48049e+07, baseline: 1.80762e+07
Deficit*time change / s: 3077.45 hp
Number of combats: 15
Average mana at start of combat: 9759.1
Average mana at end of combat: 8594.59
Other players with hps > 100:
  Docc : 125.627 hps
  Fei : 121.62 hps
  Itotemso : 108.647 hps
  Moephisto : 144.243 hps
  Restoshaman : 115.822 hps
  Sunny : 175.54 hps
  Walk : 115.481 hps
  Wallabee : 142.056 hps
------------------
Upgrades: 
( following sorted by alt scores, no specials )
zulian headdress(2.0574) -> crystal adorned crown(3.44147) : 1.38406 = +0.492208%
boots of transcendence(1.30923) -> boots of pure thought(2.31924) : 1.01001 = +0.358708%
handguards of transcendence(1.40274) -> atal'ai hands of healing(1.98257) : 0.579834 = +0.205616%
bindings of transcendence(1.23444) -> zandalar confessor's wraps(1.75815) : 0.523712 = +0.185677%
dragon's touch(0.224457) -> lunar wand of healing(0.748138) : 0.523682 = +0.185666%
fordring's seal(1.38406) -> cauterizing band(1.72073) : 0.33667 = +0.119284%
zandalar confessor's mantle(0.822968) -> pauldrons of transcendence(0.972595) : 0.149628 = +0.0529788%
whipvine cord(1.15961) -> firemaw's clutch(1.30923) : 0.149628 = +0.0529788%
jin'do's evil eye(1.6459) -> jin'do's evil eye(1.6459) : 0 = +0%
hide of the wild(1.57111) -> hide of the wild(1.57111) : 0 = +0%
truefaith vestments(2.73071) -> truefaith vestments(2.73071) : 0 = +0%
benediction, , , (4.60101) -> benediction, , , (4.60101) : 0 = +0%
empowered leggings(3.19827) -> empowered leggings(3.19827) : 0 = +0%
pure elementium band(1.98257) -> pure elementium band(1.98257) : 0 = +0%
rejuvenating gem(2.46887) -> rejuvenating gem(2.46887) : 0 = +0%
hazza'rah's charm of healing(0.860352) -> hazza'rah's charm of healing(0.860352) : 0 = +0%
------------------
~~~~ end of intermediate results ~~~~
Temporary bans and partial set bonuses on.
.
*** NEW BEST (1): 284.54
Based on last: 3000 entries, out of total: 9904 entries, The least-squares solution is:
Int: 0
Spirit: 26.1178
Sp / Healing: 100
Mp5: 0
Crit: 342.117
T1 3p/piece: 331.502
T2 3p/piece: 0
100 points == 1 sp == 0.0391797 hps.
...Temporary bans and partial set bonuses off.
.finger 2 : primalist's seal -> cauterizing band => val: 282.22 -> 283.498
***** INTERMEDIATE RESULTS *****
Iteration: 14
 ----------------------------
 --- head --- 
name: crystal adorned crown
slot: head
intelligence: 14
spirit: 13
sp_healing: 92
armor: 85
 ----------------------------
 --- neck --- 
name: animated chain necklace
slot: neck
stamina: 7
spirit: 6
sp_healing: 33
 ----------------------------
 --- shoulders --- 
name: mantle of the blackwing cabal
slot: shoulders
intelligence: 16
stamina: 12
sp: 34
armor: 84
 ----------------------------
 --- back --- 
name: hide of the wild
slot: back
intelligence: 10
stamina: 8
sp_healing: 42
armor: 48
 ----------------------------
 --- chest --- 
name: truefaith vestments
slot: chest
stamina: 14
sp_healing: 73
mp5: 6
armor: 96
 ----------------------------
 --- wrists --- 
name: flameweave cuffs of healing
slot: wrists
sp_healing: 33
fire_res: 10
armor: 35
 ----------------------------
 --- two-hand --- 
name: benediction
slot: two-hand
intelligence: 31
stamina: 10
spirit: 12
sp_healing: 106
spell_crit: 2
shadow_res: 20
 ----------------------------
 ---  --- 
name: 
slot: 
 ----------------------------
 ---  --- 
name: 
slot: 
 ----------------------------
 ---  --- 
name: 
slot: 
 ----------------------------
 --- ranged --- 
name: lunar wand of healing
slot: ranged
sp_healing: 20
 ----------------------------
 --- hands --- 
name: atal'ai hands of healing
slot: hands
sp: 9
sp_healing: 44
armor: 47
 ----------------------------
 --- waist --- 
name: zandalar confessor's bindings
slot: waist
intelligence: 20
stamina: 12
spirit: 12
sp_healing: 26
armor: 53
 ----------------------------
 --- legs --- 
name: empowered leggings
slot: legs
intelligence: 12
stamina: 12
spirit: 24
sp_healing: 77
spell_crit: 1
armor: 103
 ----------------------------
 --- feet --- 
name: boots of pure thought
slot: feet
intelligence: 12
stamina: 8
spirit: 12
sp_healing: 62
armor: 74
 ----------------------------
 --- finger --- 
name: pure elementium band
slot: finger
intelligence: 10
stamina: 9
spirit: 10
sp_healing: 53
 ----------------------------
 --- finger --- 
name: cauterizing band
slot: finger
intelligence: 12
stamina: 9
sp_healing: 46
 ----------------------------
 --- trinket --- 
name: rejuvenating gem
slot: trinket
sp_healing: 66
mp5: 9
 ----------------------------
 --- trinket --- 
name: hazza'rah's charm of healing
slot: trinket
 ----------------------------
 --- Set bonuses ---
name: confessor's 2 hazza'rah's 1 
slot: Set bonuses
sp: 23
------------------
Best value: 284.059
------------------
Char stats: 
Effective hp: 8321.2
Effective mana (100 s, 33 % out of fsr): 15260.3
Raw max mana: 9674.37
Int: 369.38
Stam: 376.28
Spirit: 395.83
Strength: 79.58
Agility: 84.18
All stats multiplier (taken into account above): 1.15
Bonus mana: 2000
Bonus hp: 0
Mp5: 165
Sp: 66
Sp shadow: 0
Sp healing: 933
Spell crit: 21
Spell hit: 0
Arcane res: 27
Nature res: 27
Fire res: 37
Frost res: 27
Shadow res: 47
Armor: 2823.75
Defense: 300
Dodge: 0
Parry: 0
HpsPvp: 993.856
ShadowDps: 232.143
Value pvp healing: 1636.49
Value pvp shadow: 89.2846
Effective hp-pvp: 10440.1
Effecctive mana for 100 s, 0.33 fsr: 16903.8
------------------
Best counts:
oh_limit: 0.9
time_left_mul: 2.9
total_deficit_to_pop_trinkets: 5120.59
in combat total: 1063
Flash Heal 1, casts: 8, avg: 381.112, 1.00597%, cast time 1.12888% of in combat, overheal: 0.440277
Flash Heal 2, casts: 9, avg: 752.748, 2.2353%, cast time 1.26999% of in combat, overheal: 0.0194974
Flash Heal 3, casts: 1, avg: 847.657, 0.279682%, cast time 0.14111% of in combat, overheal: 0
Flash Heal 4, casts: 4, avg: 919.669, 1.21377%, cast time 0.56444% of in combat, overheal: 0.014174
Flash Heal 5, casts: 3, avg: 548.022, 0.542455%, cast time 0.42333% of in combat, overheal: 0.48834
Flash Heal 6, casts: 2, avg: 855.121, 0.56429%, cast time 0.28222% of in combat, overheal: 0.29807
Flash Heal 7, casts: 25, avg: 1274.11, 10.5097%, cast time 3.52775% of in combat, overheal: 0.0949463
Greater Heal 1, casts: 11, avg: 1757.98, 6.38045%, cast time 2.58702% of in combat, overheal: 0.0914117
Greater Heal 1 hazz, casts: 13, avg: 1276.71, 5.47621%, cast time 1.83443% of in combat, overheal: 0.340149
Greater Heal 2 hazz, casts: 1, avg: 1813, 0.598194%, cast time 0.14111% of in combat, overheal: 0.181646
Greater Heal 4, casts: 26, avg: 2621.69, 22.4905%, cast time 6.11477% of in combat, overheal: 0.102087
Greater Heal 4 hazz, casts: 8, avg: 2841.41, 7.50013%, cast time 1.12888% of in combat, overheal: 0.0268325
Heal 2, casts: 100, avg: 856.759, 28.2685%, cast time 23.5183% of in combat, overheal: 0.392647
Heal 4, casts: 24, avg: 1633.45, 12.9348%, cast time 5.6444% of in combat, overheal: 0.214419
Total time casting: 513.5, which is: 48.3067% of time in combat.
Total hps: 285.116, raw hps: 373.161, oh: 0.235943
Deficit time sum: 1.47491e+07, baseline: 1.80762e+07
Deficit*time change / s: 3129.96 hp
Number of combats: 15
Average mana at start of combat: 8982.27
Average mana at end of combat: 7726.58
Other players with hps > 100:
  Docc : 126.62 hps
  Fei : 118.937 hps
  Itotemso : 111.018 hps
  Moephisto : 141.557 hps
  Restoshaman : 118.423 hps
  Sunny : 172.683 hps
  Walk : 116.841 hps
  Wallabee : 143.637 hps
------------------
Upgrades: 
( following sorted by alt scores, no specials )
zulian headdress(2.29816) -> crystal adorned crown(3.73755) : 1.43939 = +0.507405%
boots of transcendence(1.54526) -> boots of pure thought(2.55194) : 1.00668 = +0.354329%
whipvine cord(1.21457) -> zandalar confessor's bindings(2.0426) : 0.828033 = +0.291265%
handguards of transcendence(1.40329) -> atal'ai hands of healing(2.07654) : 0.673248 = +0.23669%
dragon's touch(0.235077) -> lunar wand of healing(0.7836) : 0.548523 = +0.192756%
fordring's seal(1.44965) -> cauterizing band(1.80228) : 0.352631 = +0.123833%
zandalar confessor's mantle(1.01544) -> mantle of the blackwing cabal(1.33212) : 0.316681 = +0.111194%
hide of the wild(1.64554) -> hide of the wild(1.64554) : 0 = +0%
truefaith vestments(2.86011) -> truefaith vestments(2.86011) : 0 = +0%
benediction, , , (4.54391) -> benediction, , , (4.54391) : 0 = +0%
empowered leggings(3.39645) -> empowered leggings(3.39645) : 0 = +0%
pure elementium band(2.17886) -> pure elementium band(2.17886) : 0 = +0%
rejuvenating gem(2.58585) -> rejuvenating gem(2.58585) : 0 = +0%
hazza'rah's charm of healing(0.901123) -> hazza'rah's charm of healing(0.901123) : 0 = +0%
bindings of transcendence(1.45667) -> flameweave cuffs of healing(1.29294) : -0.163727 = +-0.0573916%
jin'do's evil eye(1.78531) -> animated chain necklace(1.35434) : -0.430969 = +-0.150927%
------------------
~~~~ end of intermediate results ~~~~
Temporary bans and partial set bonuses on.
...
*** NEW BEST (1): 286.357
Based on last: 3000 entries, out of total: 11066 entries, The least-squares solution is:
Int: 0
Spirit: 34.2698
Sp / Healing: 100
Mp5: 0
Crit: 416.114
T1 3p/piece: 0
T2 3p/piece: 0
100 points == 1 sp == 0.0410262 hps.

*** NEW BEST (1): 286.473
Based on last: 3000 entries, out of total: 11160 entries, The least-squares solution is:
Int: 0
Spirit: 33.8344
Sp / Healing: 100
Mp5: 0
Crit: 334.207
T1 3p/piece: 0
T2 3p/piece: 0
100 points == 1 sp == 0.0426738 hps.
..Temporary bans and partial set bonuses off.
.
*** NEW BEST (0): 284.38
Based on last: 3000 entries, out of total: 11456 entries, The least-squares solution is:
Int: 0
Spirit: 13.3291
Sp / Healing: 100
Mp5: 0
Crit: 256.712
T1 3p/piece: 0
T2 3p/piece: 0
100 points == 1 sp == 0.0552486 hps.
finger 2 : primalist's seal -> cauterizing band => val: 281.613 -> 283.522
two-hand : benediction    ->   jin'do's hexxer lei of the lifegiver => val: 283.522 -> 286.262

*** NEW BEST (0): 286.262
Based on last: 3000 entries, out of total: 11577 entries, The least-squares solution is:
Int: 0
Spirit: 6.26815
Sp / Healing: 100
Mp5: 0
Crit: 248.153
T1 3p/piece: 0
T2 3p/piece: 0
100 points == 1 sp == 0.0569886 hps.
***** INTERMEDIATE RESULTS *****
Iteration: 20
 ----------------------------
 --- head --- 
name: crystal adorned crown
slot: head
intelligence: 14
spirit: 13
sp_healing: 92
armor: 85
 ----------------------------
 --- neck --- 
name: jin'do's evil eye
slot: neck
intelligence: 11
stamina: 5
spirit: 6
sp_healing: 44
 ----------------------------
 --- shoulders --- 
name: mantle of the blackwing cabal
slot: shoulders
intelligence: 16
stamina: 12
sp: 34
armor: 84
 ----------------------------
 --- back --- 
name: hide of the wild
slot: back
intelligence: 10
stamina: 8
sp_healing: 42
armor: 48
 ----------------------------
 --- chest --- 
name: truefaith vestments
slot: chest
stamina: 14
sp_healing: 73
mp5: 6
armor: 96
 ----------------------------
 --- wrists --- 
name: bindings of transcendence
slot: wrists
intelligence: 13
stamina: 9
spirit: 16
sp_healing: 33
armor: 51
 ----------------------------
 ---  --- 
name: 
slot: 
 ----------------------------
 --- main hand --- 
name: jin'do's hexxer
slot: main hand
intelligence: 9
stamina: 6
sp_healing: 51
spell_crit: 1
 ----------------------------
 ---  --- 
name: 
slot: 
 ----------------------------
 --- off hand --- 
name: lei of the lifegiver
slot: off hand
sp_healing: 53
mp5: 3
 ----------------------------
 --- ranged --- 
name: lunar wand of healing
slot: ranged
sp_healing: 20
 ----------------------------
 --- hands --- 
name: atal'ai hands of healing
slot: hands
sp: 9
sp_healing: 44
armor: 47
 ----------------------------
 --- waist --- 
name: zandalar confessor's bindings
slot: waist
intelligence: 20
stamina: 12
spirit: 12
sp_healing: 26
armor: 53
 ----------------------------
 --- legs --- 
name: empowered leggings
slot: legs
intelligence: 12
stamina: 12
spirit: 24
sp_healing: 77
spell_crit: 1
armor: 103
 ----------------------------
 --- feet --- 
name: boots of pure thought
slot: feet
intelligence: 12
stamina: 8
spirit: 12
sp_healing: 62
armor: 74
 ----------------------------
 --- finger --- 
name: pure elementium band
slot: finger
intelligence: 10
stamina: 9
spirit: 10
sp_healing: 53
 ----------------------------
 --- finger --- 
name: cauterizing band
slot: finger
intelligence: 12
stamina: 9
sp_healing: 46
 ----------------------------
 --- trinket --- 
name: rejuvenating gem
slot: trinket
sp_healing: 66
mp5: 9
 ----------------------------
 --- trinket --- 
name: hazza'rah's charm of healing
slot: trinket
 ----------------------------
 --- Set bonuses ---
name: confessor's 2 hazza'rah's 1 
slot: Set bonuses
sp: 23
------------------
Best value: 286.262
------------------
Char stats: 
Effective hp: 8357.5
Effective mana (100 s, 33 % out of fsr): 15381.7
Raw max mana: 9712.32
Int: 371.68
Stam: 379.73
Spirit: 400.43
Strength: 79.58
Agility: 84.18
All stats multiplier (taken into account above): 1.15
Bonus mana: 2000
Bonus hp: 0
Mp5: 168
Sp: 66
Sp shadow: 0
Sp healing: 942
Spell crit: 20
Spell hit: 0
Arcane res: 27
Nature res: 27
Fire res: 27
Frost res: 27
Shadow res: 27
Armor: 2839.75
Defense: 300
Dodge: 0
Parry: 0
HpsPvp: 993.856
ShadowDps: 232.143
Value pvp healing: 1636.49
Value pvp shadow: 89.2846
Effective hp-pvp: 10378.4
Effecctive mana for 100 s, 0.33 fsr: 17042.2
------------------
Best counts:
oh_limit: 0.9
time_left_mul: 2.9
total_deficit_to_pop_trinkets: 5082.28
in combat total: 1063
Flash Heal 1, casts: 8, avg: 381.466, 1.00288%, cast time 1.12888% of in combat, overheal: 0.442078
Flash Heal 2, casts: 9, avg: 755.125, 2.23339%, cast time 1.26999% of in combat, overheal: 0.0198155
Flash Heal 3, casts: 1, avg: 850.186, 0.279394%, cast time 0.14111% of in combat, overheal: 0
Flash Heal 4, casts: 5, avg: 924.212, 1.5186%, cast time 0.70555% of in combat, overheal: 0.0118179
Flash Heal 5, casts: 3, avg: 548.729, 0.540982%, cast time 0.42333% of in combat, overheal: 0.488692
Flash Heal 6, casts: 2, avg: 856.047, 0.56264%, cast time 0.28222% of in combat, overheal: 0.298376
Flash Heal 7, casts: 25, avg: 1275.21, 10.4767%, cast time 3.52775% of in combat, overheal: 0.0951345
Greater Heal 1, casts: 12, avg: 1690.44, 6.66627%, cast time 2.8222% of in combat, overheal: 0.128373
Greater Heal 1 hazz, casts: 13, avg: 1278.46, 5.46178%, cast time 1.83443% of in combat, overheal: 0.340796
Greater Heal 2 hazz, casts: 1, avg: 1813, 0.595801%, cast time 0.14111% of in combat, overheal: 0.183136
Greater Heal 4, casts: 26, avg: 2623.48, 22.4158%, cast time 6.11477% of in combat, overheal: 0.102317
Greater Heal 4 hazz, casts: 8, avg: 2843.82, 7.47643%, cast time 1.12888% of in combat, overheal: 0.0269248
Heal 2, casts: 99, avg: 865.77, 28.167%, cast time 23.2832% of in combat, overheal: 0.388676
Heal 4, casts: 23, avg: 1667.32, 12.6023%, cast time 5.40922% of in combat, overheal: 0.199805
Total time casting: 512.5, which is: 48.2126% of time in combat.
Total hps: 286.262, raw hps: 373.491, oh: 0.233551
Deficit time sum: 1.47512e+07, baseline: 1.80762e+07
Deficit*time change / s: 3127.98 hp
Number of combats: 15
Average mana at start of combat: 9094.33
Average mana at end of combat: 7871.67
Other players with hps > 100:
  Docc : 126.589 hps
  Fei : 118.925 hps
  Itotemso : 110.729 hps
  Moephisto : 141.526 hps
  Restoshaman : 118.32 hps
  Sunny : 172.653 hps
  Walk : 116.269 hps
  Wallabee : 143.594 hps
------------------
Upgrades: 
( following sorted by alt scores, no specials )
zulian headdress(3.18439) -> crystal adorned crown(5.2894) : 2.10501 = +0.740792%
boots of transcendence(2.05533) -> boots of pure thought(3.57617) : 1.52084 = +0.534115%
handguards of transcendence(1.84052) -> atal'ai hands of healing(3.02039) : 1.17987 = +0.413871%
whipvine cord(1.76666) -> zandalar confessor's bindings(2.8353) : 1.06863 = +0.374705%
dragon's touch(0.341919) -> lunar wand of healing(1.13977) : 0.797852 = +0.279493%
zandalar confessor's mantle(1.30734) -> mantle of the blackwing cabal(1.93762) : 0.63028 = +0.220662%
fordring's seal(2.10858) -> cauterizing band(2.62149) : 0.512909 = +0.179496%
jin'do's evil eye(2.52893) -> jin'do's evil eye(2.52893) : 0 = +0%
hide of the wild(2.39352) -> hide of the wild(2.39352) : 0 = +0%
truefaith vestments(4.16016) -> truefaith vestments(4.16016) : 0 = +0%
bindings of transcendence(1.93777) -> bindings of transcendence(1.93777) : 0 = +0%
empowered leggings(4.61526) -> empowered leggings(4.61526) : 0 = +0%
pure elementium band(3.05612) -> pure elementium band(3.05612) : 0 = +0%
rejuvenating gem(3.76126) -> rejuvenating gem(3.76126) : 0 = +0%
hazza'rah's charm of healing(1.31073) -> hazza'rah's charm of healing(1.31073) : 0 = +0%
benediction, , , (6.36649) -> , jin'do's hexxer, , lei of the lifegiver(6.06824) : -0.298248 = +-0.104079%
------------------
~~~~ end of intermediate results ~~~~
Temporary bans and partial set bonuses on.
.....Temporary bans and partial set bonuses off.
.chest : robes of the exalted -> truefaith vestments => val: 278.195 -> 278.336
finger 2 : primalist's seal -> cauterizing band => val: 278.336 -> 280.692
No swappies for item bonuses found. (best matching was empty)
***** INTERMEDIATE RESULTS *****
Iteration: 26
 ----------------------------
 --- head --- 
name: crystal adorned crown
slot: head
intelligence: 14
spirit: 13
sp_healing: 92
armor: 85
 ----------------------------
 --- neck --- 
name: jin'do's evil eye
slot: neck
intelligence: 11
stamina: 5
spirit: 6
sp_healing: 44
 ----------------------------
 --- shoulders --- 
name: mantle of the blackwing cabal
slot: shoulders
intelligence: 16
stamina: 12
sp: 34
armor: 84
 ----------------------------
 --- back --- 
name: hide of the wild
slot: back
intelligence: 10
stamina: 8
sp_healing: 42
armor: 48
 ----------------------------
 --- chest --- 
name: truefaith vestments
slot: chest
stamina: 14
sp_healing: 73
mp5: 6
armor: 96
 ----------------------------
 --- wrists --- 
name: bindings of transcendence
slot: wrists
intelligence: 13
stamina: 9
spirit: 16
sp_healing: 33
armor: 51
 ----------------------------
 ---  --- 
name: 
slot: 
 ----------------------------
 --- main hand --- 
name: jin'do's hexxer
slot: main hand
intelligence: 9
stamina: 6
sp_healing: 51
spell_crit: 1
 ----------------------------
 ---  --- 
name: 
slot: 
 ----------------------------
 --- off hand --- 
name: lei of the lifegiver
slot: off hand
sp_healing: 53
mp5: 3
 ----------------------------
 --- ranged --- 
name: lunar wand of healing
slot: ranged
sp_healing: 20
 ----------------------------
 --- hands --- 
name: atal'ai hands of healing
slot: hands
sp: 9
sp_healing: 44
armor: 47
 ----------------------------
 --- waist --- 
name: zandalar confessor's bindings
slot: waist
intelligence: 20
stamina: 12
spirit: 12
sp_healing: 26
armor: 53
 ----------------------------
 --- legs --- 
name: empowered leggings
slot: legs
intelligence: 12
stamina: 12
spirit: 24
sp_healing: 77
spell_crit: 1
armor: 103
 ----------------------------
 --- feet --- 
name: boots of pure thought
slot: feet
intelligence: 12
stamina: 8
spirit: 12
sp_healing: 62
armor: 74
 ----------------------------
 --- finger --- 
name: pure elementium band
slot: finger
intelligence: 10
stamina: 9
spirit: 10
sp_healing: 53
 ----------------------------
 --- finger --- 
name: cauterizing band
slot: finger
intelligence: 12
stamina: 9
sp_healing: 46
 ----------------------------
 --- trinket --- 
name: rejuvenating gem
slot: trinket
sp_healing: 66
mp5: 9
 ----------------------------
 --- trinket --- 
name: hazza'rah's charm of healing
slot: trinket
 ----------------------------
 --- Set bonuses ---
name: confessor's 2 hazza'rah's 1 
slot: Set bonuses
sp: 23
------------------
Best value: 286.262
------------------
Char stats: 
Effective hp: 8357.5
Effective mana (100 s, 33 % out of fsr): 15381.7
Raw max mana: 9712.32
Int: 371.68
Stam: 379.73
Spirit: 400.43
Strength: 79.58
Agility: 84.18
All stats multiplier (taken into account above): 1.15
Bonus mana: 2000
Bonus hp: 0
Mp5: 168
Sp: 66
Sp shadow: 0
Sp healing: 942
Spell crit: 20
Spell hit: 0
Arcane res: 27
Nature res: 27
Fire res: 27
Frost res: 27
Shadow res: 27
Armor: 2839.75
Defense: 300
Dodge: 0
Parry: 0
HpsPvp: 996.128
ShadowDps: 233.908
Value pvp healing: 1735.63
Value pvp shadow: 95.7009
Effective hp-pvp: 10378.4
Effecctive mana for 100 s, 0.33 fsr: 17042.2
------------------
Best counts:
oh_limit: 0.8
time_left_mul: 2.9
total_deficit_to_pop_trinkets: 5336.39
in combat total: 1063
Flash Heal 1, casts: 12, avg: 510.886, 2.00456%, cast time 1.69332% of in combat, overheal: 0.252792
Flash Heal 2, casts: 7, avg: 770.391, 1.76329%, cast time 0.98777% of in combat, overheal: 0
Flash Heal 3, casts: 1, avg: 850.186, 0.277989%, cast time 0.14111% of in combat, overheal: 0
Flash Heal 4, casts: 6, avg: 844.676, 1.65713%, cast time 0.84666% of in combat, overheal: 0.0968583
Flash Heal 5, casts: 2, avg: 1073.19, 0.70181%, cast time 0.28222% of in combat, overheal: 0
Flash Heal 6, casts: 3, avg: 977.396, 0.958751%, cast time 0.42333% of in combat, overheal: 0.198918
Flash Heal 7, casts: 27, avg: 1285.8, 11.3515%, cast time 3.80997% of in combat, overheal: 0.0876145
Greater Heal 1, casts: 9, avg: 1610.94, 4.74061%, cast time 2.11665% of in combat, overheal: 0.169365
Greater Heal 1 hazz, casts: 16, avg: 1269.27, 6.64032%, cast time 2.25776% of in combat, overheal: 0.345533
Greater Heal 2 hazz, casts: 3, avg: 1658, 1.62637%, cast time 0.42333% of in combat, overheal: 0.252972
Greater Heal 4, casts: 26, avg: 2740.41, 23.2971%, cast time 6.11477% of in combat, overheal: 0.0623086
Greater Heal 4 hazz, casts: 5, avg: 2709.5, 4.42969%, cast time 0.70555% of in combat, overheal: 0.0728831
Heal 2, casts: 93, avg: 935.626, 28.4511%, cast time 21.8721% of in combat, overheal: 0.339351
Heal 4, casts: 21, avg: 1762.16, 12.0998%, cast time 4.93885% of in combat, overheal: 0.154289
Total time casting: 495.5, which is: 46.6134% of time in combat.
Total hps: 287.709, raw hps: 362.298, oh: 0.205878
Deficit time sum: 1.47522e+07, baseline: 1.80762e+07
Deficit*time change / s: 3127.08 hp
Number of combats: 15
Average mana at start of combat: 9127.56
Average mana at end of combat: 7950.97
Other players with hps > 100:
  Docc : 126.706 hps
  Fei : 120.706 hps
  Itotemso : 108.923 hps
  Moephisto : 141.141 hps
  Restoshaman : 117.302 hps
  Sunny : 172.815 hps
  Walk : 116.375 hps
  Wallabee : 142.973 hps
------------------
Upgrades: 
( following sorted by alt scores, no specials )
zulian headdress(3.18439) -> crystal adorned crown(5.2894) : 2.10501 = +0.737039%
boots of transcendence(2.05533) -> boots of pure thought(3.57617) : 1.52084 = +0.531414%
handguards of transcendence(1.84052) -> atal'ai hands of healing(3.02039) : 1.17987 = +0.411781%
whipvine cord(1.76666) -> zandalar confessor's bindings(2.8353) : 1.06863 = +0.372814%
dragon's touch(0.341919) -> lunar wand of healing(1.13977) : 0.797852 = +0.278083%
zandalar confessor's mantle(1.30734) -> mantle of the blackwing cabal(1.93762) : 0.63028 = +0.21955%
fordring's seal(2.10858) -> cauterizing band(2.62149) : 0.512909 = +0.178592%
jin'do's evil eye(2.52893) -> jin'do's evil eye(2.52893) : 0 = +0%
hide of the wild(2.39352) -> hide of the wild(2.39352) : 0 = +0%
truefaith vestments(4.16016) -> truefaith vestments(4.16016) : 0 = +0%
bindings of transcendence(1.93777) -> bindings of transcendence(1.93777) : 0 = +0%
empowered leggings(4.61526) -> empowered leggings(4.61526) : 0 = +0%
pure elementium band(3.05612) -> pure elementium band(3.05612) : 0 = +0%
rejuvenating gem(3.76126) -> rejuvenating gem(3.76126) : 0 = +0%
hazza'rah's charm of healing(1.31073) -> hazza'rah's charm of healing(1.31073) : 0 = +0%
benediction, , , (6.36649) -> , jin'do's hexxer, , lei of the lifegiver(6.06824) : -0.298248 = +-0.103556%
------------------
~~~~ end of intermediate results ~~~~
Same items for intermediate results again, ending optimization. 
 ----------------------------
 --- head --- 
name: crystal adorned crown
slot: head
intelligence: 14
spirit: 13
sp_healing: 92
armor: 85
 ----------------------------
 --- neck --- 
name: jin'do's evil eye
slot: neck
intelligence: 11
stamina: 5
spirit: 6
sp_healing: 44
 ----------------------------
 --- shoulders --- 
name: mantle of the blackwing cabal
slot: shoulders
intelligence: 16
stamina: 12
sp: 34
armor: 84
 ----------------------------
 --- back --- 
name: hide of the wild
slot: back
intelligence: 10
stamina: 8
sp_healing: 42
armor: 48
 ----------------------------
 --- chest --- 
name: truefaith vestments
slot: chest
stamina: 14
sp_healing: 73
mp5: 6
armor: 96
 ----------------------------
 --- wrists --- 
name: bindings of transcendence
slot: wrists
intelligence: 13
stamina: 9
spirit: 16
sp_healing: 33
armor: 51
 ----------------------------
 ---  --- 
name: 
slot: 
 ----------------------------
 --- main hand --- 
name: jin'do's hexxer
slot: main hand
intelligence: 9
stamina: 6
sp_healing: 51
spell_crit: 1
 ----------------------------
 ---  --- 
name: 
slot: 
 ----------------------------
 --- off hand --- 
name: lei of the lifegiver
slot: off hand
sp_healing: 53
mp5: 3
 ----------------------------
 --- ranged --- 
name: lunar wand of healing
slot: ranged
sp_healing: 20
 ----------------------------
 --- hands --- 
name: atal'ai hands of healing
slot: hands
sp: 9
sp_healing: 44
armor: 47
 ----------------------------
 --- waist --- 
name: zandalar confessor's bindings
slot: waist
intelligence: 20
stamina: 12
spirit: 12
sp_healing: 26
armor: 53
 ----------------------------
 --- legs --- 
name: empowered leggings
slot: legs
intelligence: 12
stamina: 12
spirit: 24
sp_healing: 77
spell_crit: 1
armor: 103
 ----------------------------
 --- feet --- 
name: boots of pure thought
slot: feet
intelligence: 12
stamina: 8
spirit: 12
sp_healing: 62
armor: 74
 ----------------------------
 --- finger --- 
name: pure elementium band
slot: finger
intelligence: 10
stamina: 9
spirit: 10
sp_healing: 53
 ----------------------------
 --- finger --- 
name: cauterizing band
slot: finger
intelligence: 12
stamina: 9
sp_healing: 46
 ----------------------------
 --- trinket --- 
name: rejuvenating gem
slot: trinket
sp_healing: 66
mp5: 9
 ----------------------------
 --- trinket --- 
name: hazza'rah's charm of healing
slot: trinket
 ----------------------------
 --- Set bonuses ---
name: confessor's 2 hazza'rah's 1 
slot: Set bonuses
sp: 23
------------------
Char stats: 
Effective hp: 8357.5
Effective mana (100 s, 33 % out of fsr): 15381.7
Raw max mana: 9712.32
Int: 371.68
Stam: 379.73
Spirit: 400.43
Strength: 79.58
Agility: 84.18
All stats multiplier (taken into account above): 1.15
Bonus mana: 2000
Bonus hp: 0
Mp5: 168
Sp: 66
Sp shadow: 0
Sp healing: 942
Spell crit: 20
Spell hit: 0
Arcane res: 27
Nature res: 27
Fire res: 27
Frost res: 27
Shadow res: 27
Armor: 2839.75
Defense: 300
Dodge: 0
Parry: 0
HpsPvp: 993.856
ShadowDps: 232.143
Value pvp healing: 1636.49
Value pvp shadow: 89.2846
Effective hp-pvp: 10378.4
Effecctive mana for 100 s, 0.33 fsr: 17042.2
------------------
Best counts:
oh_limit: 0.8
time_left_mul: 2.9
total_deficit_to_pop_trinkets: 5336.39
in combat total: 1063
Flash Heal 1, casts: 12, avg: 510.886, 2.00456%, cast time 1.69332% of in combat, overheal: 0.252792
Flash Heal 2, casts: 7, avg: 770.391, 1.76329%, cast time 0.98777% of in combat, overheal: 0
Flash Heal 3, casts: 1, avg: 850.186, 0.277989%, cast time 0.14111% of in combat, overheal: 0
Flash Heal 4, casts: 6, avg: 844.676, 1.65713%, cast time 0.84666% of in combat, overheal: 0.0968583
Flash Heal 5, casts: 2, avg: 1073.19, 0.70181%, cast time 0.28222% of in combat, overheal: 0
Flash Heal 6, casts: 3, avg: 977.396, 0.958751%, cast time 0.42333% of in combat, overheal: 0.198918
Flash Heal 7, casts: 27, avg: 1285.8, 11.3515%, cast time 3.80997% of in combat, overheal: 0.0876145
Greater Heal 1, casts: 9, avg: 1610.94, 4.74061%, cast time 2.11665% of in combat, overheal: 0.169365
Greater Heal 1 hazz, casts: 16, avg: 1269.27, 6.64032%, cast time 2.25776% of in combat, overheal: 0.345533
Greater Heal 2 hazz, casts: 3, avg: 1658, 1.62637%, cast time 0.42333% of in combat, overheal: 0.252972
Greater Heal 4, casts: 26, avg: 2740.41, 23.2971%, cast time 6.11477% of in combat, overheal: 0.0623086
Greater Heal 4 hazz, casts: 5, avg: 2709.5, 4.42969%, cast time 0.70555% of in combat, overheal: 0.0728831
Heal 2, casts: 93, avg: 935.626, 28.4511%, cast time 21.8721% of in combat, overheal: 0.339351
Heal 4, casts: 21, avg: 1762.16, 12.0998%, cast time 4.93885% of in combat, overheal: 0.154289
Total time casting: 495.5, which is: 46.6134% of time in combat.
Total hps: 287.709, raw hps: 362.298, oh: 0.205878
Deficit time sum: 1.47522e+07, baseline: 1.80762e+07
Deficit*time change / s: 3127.08 hp
Number of combats: 15
Average mana at start of combat: 9127.56
Average mana at end of combat: 7950.97
Other players with hps > 100:
  Docc : 126.706 hps
  Fei : 120.706 hps
  Itotemso : 108.923 hps
  Moephisto : 141.141 hps
  Restoshaman : 117.302 hps
  Sunny : 172.815 hps
  Walk : 116.375 hps
  Wallabee : 142.973 hps
------------------
Based on last: 3000 entries, out of total: 12330 entries, The least-squares solution is:
Int: 0
Spirit: 0
Sp / Healing: 100
Mp5: 0
Crit: 53.0309
T1 3p/piece: 0
T2 3p/piece: 0
100 points == 1 sp == 0.0751274 hps.
Appended tag:
( Pawn: v1: "onslaught_bwl_speed_phase4": Intellect=0, Spirit=0, Healing=100, Mp5=0, SpellCritRating=53.0309, IsFist=X, Is2HMace=X, IsCrossbow=X, IsGun=X, IsShield=X, IsPolearm=X, Is2HAxe=X, IsBow=X, IsMail=X, IsPlate=X, IsLeather=X, IsAxe=X, Is2HAxe=X, IsSword=X, Is2HSword=X)
To file: onslaught_bwl_speed_phase4.pawn_tag.txt
------------------
Diffs to start: 
Upgrades: 
( following sorted by alt scores, no specials )
zulian headdress(4.13202) -> crystal adorned crown(6.91171) : 2.77969 = +0.975574%
boots of transcendence(2.62946) -> boots of pure thought(4.6579) : 2.02844 = +0.710039%
handguards of transcendence(2.21854) -> atal'ai hands of healing(3.98175) : 1.76321 = +0.616626%
whipvine cord(2.32895) -> zandalar confessor's bindings(3.68124) : 1.35229 = +0.472242%
dragon's touch(0.450775) -> lunar wand of healing(1.50253) : 1.05176 = +0.366905%
zandalar confessor's mantle(1.6528) -> mantle of the blackwing cabal(2.55432) : 0.90152 = +0.31433%
fordring's seal(2.77972) -> cauterizing band(3.45587) : 0.676147 = +0.235565%
jin'do's evil eye(3.3056) -> jin'do's evil eye(3.3056) : 0 = +0%
hide of the wild(3.15533) -> hide of the wild(3.15533) : 0 = +0%
truefaith vestments(5.48428) -> truefaith vestments(5.48428) : 0 = +0%
bindings of transcendence(2.47922) -> bindings of transcendence(2.47922) : 0 = +0%
empowered leggings(5.82465) -> empowered leggings(5.82465) : 0 = +0%
pure elementium band(3.98175) -> pure elementium band(3.98175) : 0 = +0%
rejuvenating gem(4.9584) -> rejuvenating gem(4.9584) : 0 = +0%
hazza'rah's charm of healing(1.72794) -> hazza'rah's charm of healing(1.72794) : 0 = +0%
benediction, , , (8.04318) -> , jin'do's hexxer, , lei of the lifegiver(7.85309) : -0.190094 = +-0.0660281%
- - - - - - - - - - - - - - - - - - - - - - - - - - - - - - - - - - - - - - - - - 
| Upgrades at best in slot level, from start item to candidate, partial bonuses: 1: |
  alt scores are from least squares fit, special score from e.g. set bonuses as s are part of em
. . . . . . . . . . . . . . . . . . . . . . . . . . . . . . . . . . . . . . . . . 
- . - ' - . - ' - . - ' - . - ' - . - ' - . -
head, zulian headdress (4.23352), alt: 4.13202 -> :
    crystal adorned crown (6.54565) : +0.819183 %, alt : +6.91172, from: azuregos
    eternal crown of healing (4.45816) : +0.0795893 %, alt : +4.80815, from: random green
- . - ' - . - ' - . - ' - . - ' - . - ' - . -
neck, jin'do's evil eye (3.60587), alt: 3.3056 -> :
- . - ' - . - ' - . - ' - . - ' - . - ' - . -
shoulders, zandalar confessor's mantle (1.97079), alt: 1.6528 -> :
    mantle of the blackwing cabal (2.18848) : +0.076556 %, alt : +2.55433, from: bwl
    pauldrons of transcendence (0.78717) : -0.416266 %, alt : +1.95331, from: bwl
    zandalar confessor's mantle (1.97079) : +0 %, alt : +1.6528, from: zg
- . - ' - . - ' - . - ' - . - ' - . - ' - . -
back, hide of the wild (3.84177), alt: 3.15533 -> :
- . - ' - . - ' - . - ' - . - ' - . - ' - . -
chest, truefaith vestments (5.00238), alt: 5.48428 -> :
    robes of the exalted (5.25961) : +0.0903963 %, alt : +5.10866, from: pre-raid
    robes of transcendence (2.19989) : -0.984847 %, alt : +4.28226, from: bwl
- . - ' - . - ' - . - ' - . - ' - . - ' - . -
wrists, bindings of transcendence (-0.723389), alt: 2.47922 -> :
    flameweave cuffs of healing (2.58356) : +1.16212 %, alt : +2.4792, from: brd
    bindings of transcendence (-0.723389) : +0 %, alt : +2.4792, from: bwl
- . - ' - . - ' - . - ' - . - ' - . - ' - . -
two-hand, benediction (4.95129), alt: 8.04318 -> :
    lok'amir il romathis and lei of the lifegiver (5.6734) : +0.249422 %, alt : +10.2924, from: bwl, av rep
    lok'amir il romathis and brightly glowing stone (5.25732) : +0.105705 %, alt : +9.09041, from: bwl, pre-raid
- . - ' - . - ' - . - ' - . - ' - . - ' - . -
ranged, dragon's touch (-0.825012), alt: 0.450775 -> :
    lunar wand of healing (0.272644) : +0.38723 %, alt : +1.50255, from: random green
    bonecreeper stylus (0.245453) : +0.377638 %, alt : +0.826401, from: pre-raid
- . - ' - . - ' - . - ' - . - ' - . - ' - . -
hands, handguards of transcendence (2.85355), alt: 2.21854 -> :
    atal'ai hands of healing (4.61688) : +0.623533 %, alt : +3.98175, from: sunken temple
    high councillor's gloves of healing (4.70816) : +0.65581 %, alt : +3.45586, from: random green
    hands of the exalted herald (4.4165) : +0.552677 %, alt : +2.4792, from: pre-raid
    handguards of transcendence (2.85355) : +0 %, alt : +2.21853, from: bwl
- . - ' - . - ' - . - ' - . - ' - . - ' - . -
waist, whipvine cord (2.42413), alt: 2.32895 -> :
    zandalar confessor's bindings (2.61893) : +0.068501 %, alt : +3.68124, from: zg
    firemaw's clutch (1.41107) : -0.356252 %, alt : +2.62946, from: bwl
- . - ' - . - ' - . - ' - . - ' - . - ' - . -
legs, empowered leggings (7.38666), alt: 5.82465 -> :
    leggings of transcendence (3.59995) : -1.33072 %, alt : +3.45586, from: mc
- . - ' - . - ' - . - ' - . - ' - . - ' - . -
feet, boots of transcendence (3.36591), alt: 2.62946 -> :
    boots of pure thought (4.40268) : +0.365674 %, alt : +4.6579, from: bwl
    boots of transcendence (3.36591) : +0 %, alt : +2.62946, from: bwl
- . - ' - . - ' - . - ' - . - ' - . - ' - . -
finger, pure elementium band (3.13138), alt: 3.98175 -> :
    cauterizing band (3.23355) : +0.0359054 %, alt : +3.45586, from: mc
    primalist's seal (3.19849) : +0.0235831 %, alt : +3.41829, from: zg
- . - ' - . - ' - . - ' - . - ' - . - ' - . -
finger 2, fordring's seal (3.67215), alt: 2.77972 -> :
    pure elementium band (3.14212) : -0.186319 %, alt : +3.98175, from: bwl
    cauterizing band (3.75931) : +0.0306384 %, alt : +3.45586, from: mc
    primalist's seal (3.72421) : +0.0183015 %, alt : +3.41829, from: zg
- . - ' - . - ' - . - ' - . - ' - . - ' - . -
trinket, rejuvenating gem (4.65179), alt: 4.9584 -> :
    hazza'rah's charm of healing (0) : -1.63473 %, alt : +1.72793, from: zg
    darkmoon card: blue dragon (-1.58292) : -2.19099 %, alt : +0, from: 
- . - ' - . - ' - . - ' - . - ' - . - ' - . -
trinket 2, hazza'rah's charm of healing (15.7883), alt: 1.72794 -> :
    rejuvenating gem (1.87628) : -4.88895 %, alt : +4.95841, from: bwl
    hibernation crystal (1.55804) : -5.00079 %, alt : +4.43251, from: ysondre
    zandalarian hero charm (1.45682) : -5.03636 %, alt : +3.00509, from: zg
    royal seal of eldre'thalas (1.75735) : -4.93075 %, alt : +2.4792, from: pre-raid
    briarwood reed (1.4783) : -5.02881 %, alt : +2.17869, from: pre-raid
    hazza'rah's charm of healing (15.7883) : +0 %, alt : +1.72793, from: zg
    darkmoon card: blue dragon (-1.17383) : -5.96082 %, alt : +0, from: 
- - - - - - - - - - - - - - - - - - - - - - - - - - - - - - - - - - - - - - - - - 
| Upgrades at best in slot level, from start item to candidate, partial bonuses: 0: |
  alt scores are from least squares fit, special score from e.g. set bonuses as s are part of em
. . . . . . . . . . . . . . . . . . . . . . . . . . . . . . . . . . . . . . . . . 
- . - ' - . - ' - . - ' - . - ' - . - ' - . -
head, zulian headdress (4.93719), alt: 4.13202 -> :
    crystal adorned crown (9.15018) : +1.48608 %, alt : +6.91172, from: azuregos
    eternal crown of healing (6.23669) : +0.458384 %, alt : +4.80815, from: random green
- . - ' - . - ' - . - ' - . - ' - . - ' - . -
neck, jin'do's evil eye (5.1481), alt: 3.3056 -> :
- . - ' - . - ' - . - ' - . - ' - . - ' - . -
shoulders, zandalar confessor's mantle (0.454407), alt: 1.6528 -> :
    mantle of the blackwing cabal (4.08337) : +1.27745 %, alt : +2.55433, from: bwl
    pauldrons of transcendence (0.749146) : +0.103752 %, alt : +1.95331, from: bwl
    zandalar confessor's mantle (0.454407) : +0 %, alt : +1.6528, from: zg
- . - ' - . - ' - . - ' - . - ' - . - ' - . -
back, hide of the wild (4.92224), alt: 3.15533 -> :
- . - ' - . - ' - . - ' - . - ' - . - ' - . -
chest, truefaith vestments (7.93765), alt: 5.48428 -> :
    robes of the exalted (7.99213) : +0.0189337 %, alt : +5.10866, from: pre-raid
- . - ' - . - ' - . - ' - . - ' - . - ' - . -
wrists, bindings of transcendence (3.99115), alt: 2.47922 -> :
- . - ' - . - ' - . - ' - . - ' - . - ' - . -
two-hand, benediction (1.76123), alt: 8.04318 -> :
    lok'amir il romathis and lei of the lifegiver (2.95532) : +0.41251 %, alt : +10.2924, from: bwl, av rep
    lok'amir il romathis and brightly glowing stone (2.00064) : +0.0827065 %, alt : +9.09041, from: bwl, pre-raid
- . - ' - . - ' - . - ' - . - ' - . - ' - . -
ranged, dragon's touch (0.168274), alt: 0.450775 -> :
    lunar wand of healing (2.32291) : +0.754544 %, alt : +1.50255, from: random green
    bonecreeper stylus (0.311188) : +0.0500479 %, alt : +0.826401, from: pre-raid
- . - ' - . - ' - . - ' - . - ' - . - ' - . -
hands, handguards of transcendence (2.71194), alt: 2.21854 -> :
    atal'ai hands of healing (6.30145) : +1.26338 %, alt : +3.98175, from: sunken temple
    high councillor's gloves of healing (6.18237) : +1.22147 %, alt : +3.45586, from: random green
    hands of the exalted herald (2.6366) : -0.0265198 %, alt : +2.4792, from: pre-raid
- . - ' - . - ' - . - ' - . - ' - . - ' - . -
waist, whipvine cord (1.83191), alt: 2.32895 -> :
    zandalar confessor's bindings (5.48865) : +1.28735 %, alt : +3.68124, from: zg
    firemaw's clutch (3.22128) : +0.489127 %, alt : +2.62946, from: bwl
- . - ' - . - ' - . - ' - . - ' - . - ' - . -
legs, empowered leggings (8.41476), alt: 5.82465 -> :
- . - ' - . - ' - . - ' - . - ' - . - ' - . -
feet, boots of transcendence (4.1651), alt: 2.62946 -> :
    boots of pure thought (6.89716) : +0.958695 %, alt : +4.6579, from: bwl
- . - ' - . - ' - . - ' - . - ' - . - ' - . -
finger, pure elementium band (6.35767), alt: 3.98175 -> :
- . - ' - . - ' - . - ' - . - ' - . - ' - . -
finger 2, fordring's seal (4.56705), alt: 2.77972 -> :
    pure elementium band (4.2774) : -0.100901 %, alt : +3.98175, from: bwl
    cauterizing band (5.22095) : +0.227796 %, alt : +3.45586, from: mc
- . - ' - . - ' - . - ' - . - ' - . - ' - . -
trinket, rejuvenating gem (6.92398), alt: 4.9584 -> :
    hazza'rah's charm of healing (0) : -2.40659 %, alt : +1.72793, from: zg
    darkmoon card: blue dragon (-1.35254) : -2.8767 %, alt : +0, from: 
- . - ' - . - ' - . - ' - . - ' - . - ' - . -
trinket 2, hazza'rah's charm of healing (18.1194), alt: 1.72794 -> :
    rejuvenating gem (0.527222) : -6.11457 %, alt : +4.95841, from: bwl
    hibernation crystal (1.49139) : -5.77945 %, alt : +4.43251, from: ysondre
    zandalarian hero charm (0.938446) : -5.97164 %, alt : +3.00509, from: zg
    royal seal of eldre'thalas (1.18356) : -5.88645 %, alt : +2.4792, from: pre-raid
    briarwood reed (1.65427) : -5.72284 %, alt : +2.17869, from: pre-raid
    hazza'rah's charm of healing (18.1194) : +0 %, alt : +1.72793, from: zg
    darkmoon card: blue dragon (-0.458954) : -6.45734 %, alt : +0, from: 
- - - - - - - - - - - - - - - - - - - - - - - - - - - - - - - - - - - - - - - - - 
| Upgrades at start level, from start item to candidate, partial bonuses: 1: |
  alt scores are from least squares fit, special score from e.g. set bonuses as s are part of em
. . . . . . . . . . . . . . . . . . . . . . . . . . . . . . . . . . . . . . . . . 
- . - ' - . - ' - . - ' - . - ' - . - ' - . -
head, zulian headdress (3.81473), alt: 4.13202 -> :
    crystal adorned crown (6.52719) : +0.985995 %, alt : +6.91172, from: azuregos
    eternal crown of healing (4.38232) : +0.206324 %, alt : +4.80815, from: random green
- . - ' - . - ' - . - ' - . - ' - . - ' - . -
neck, jin'do's evil eye (2.22525), alt: 3.3056 -> :
- . - ' - . - ' - . - ' - . - ' - . - ' - . -
shoulders, zandalar confessor's mantle (3.07547), alt: 3.38074 -> :
    zandalar confessor's mantle (3.07547) : +0 %, alt : +3.38073, from: zg
    pauldrons of transcendence (1.80243) : -0.462757 %, alt : +1.95331, from: bwl
- . - ' - . - ' - . - ' - . - ' - . - ' - . -
back, hide of the wild (2.07114), alt: 3.15533 -> :
- . - ' - . - ' - . - ' - . - ' - . - ' - . -
chest, truefaith vestments (4.63858), alt: 5.48428 -> :
    robes of transcendence (3.80084) : -0.304522 %, alt : +4.28226, from: bwl
- . - ' - . - ' - . - ' - . - ' - . - ' - . -
wrists, bindings of transcendence (3.50256), alt: 2.47922 -> :
    bindings of transcendence (3.50256) : +0 %, alt : +2.4792, from: bwl
- . - ' - . - ' - . - ' - . - ' - . - ' - . -
two-hand, benediction (-0.571899), alt: 8.04318 -> :
    lok'amir il romathis and lei of the lifegiver (0.734894) : +0.475026 %, alt : +10.2924, from: bwl, av rep
    lok'amir il romathis and brightly glowing stone (-0.189697) : +0.138933 %, alt : +9.09041, from: bwl, pre-raid
- . - ' - . - ' - . - ' - . - ' - . - ' - . -
ranged, dragon's touch (0.493744), alt: 0.450775 -> :
    lunar wand of healing (1.29727) : +0.292087 %, alt : +1.50255, from: random green
    bonecreeper stylus (0.810883) : +0.115282 %, alt : +0.826401, from: pre-raid
- . - ' - . - ' - . - ' - . - ' - . - ' - . -
hands, handguards of transcendence (3.55679), alt: 2.21854 -> :
    atal'ai hands of healing (3.83612) : +0.101537 %, alt : +3.98175, from: sunken temple
    high councillor's gloves of healing (3.54593) : -0.00394922 %, alt : +3.45586, from: random green
    hands of the exalted herald (2.77856) : -0.28289 %, alt : +2.4792, from: pre-raid
    handguards of transcendence (3.55679) : +0 %, alt : +2.21853, from: bwl
- . - ' - . - ' - . - ' - . - ' - . - ' - . -
waist, whipvine cord (3.2796), alt: 2.32895 -> :
    firemaw's clutch (3.58792) : +0.112076 %, alt : +2.62946, from: bwl
    zandalar confessor's bindings (2.98322) : -0.107738 %, alt : +1.95331, from: zg
- . - ' - . - ' - . - ' - . - ' - . - ' - . -
legs, empowered leggings (5.353), alt: 5.82465 -> :
    leggings of transcendence (2.56509) : -1.01342 %, alt : +3.45586, from: mc
- . - ' - . - ' - . - ' - . - ' - . - ' - . -
feet, boots of transcendence (3.6705), alt: 2.62946 -> :
    boots of pure thought (5.07758) : +0.511479 %, alt : +4.6579, from: bwl
    boots of transcendence (3.6705) : +0 %, alt : +2.62946, from: bwl
- . - ' - . - ' - . - ' - . - ' - . - ' - . -
finger, pure elementium band (2.95422), alt: 3.98175 -> :
- . - ' - . - ' - . - ' - . - ' - . - ' - . -
finger 2, fordring's seal (2.99036), alt: 2.77972 -> :
    pure elementium band (4.02716) : +0.376884 %, alt : +3.98175, from: bwl
    cauterizing band (3.67368) : +0.24839 %, alt : +3.45586, from: mc
    primalist's seal (3.63779) : +0.235344 %, alt : +3.41829, from: zg
- . - ' - . - ' - . - ' - . - ' - . - ' - . -
trinket, rejuvenating gem (4.16318), alt: 4.9584 -> :
    hazza'rah's charm of healing (0) : -1.51334 %, alt : +1.72793, from: zg
    darkmoon card: blue dragon (0.698792) : -1.25932 %, alt : +0, from: 
- . - ' - . - ' - . - ' - . - ' - . - ' - . -
trinket 2, hazza'rah's charm of healing (14.651), alt: 1.72794 -> :
    rejuvenating gem (3.87314) : -3.91781 %, alt : +4.95841, from: bwl
    hibernation crystal (3.8739) : -3.91753 %, alt : +4.43251, from: ysondre
    zandalarian hero charm (2.30252) : -4.48874 %, alt : +3.00509, from: zg
    royal seal of eldre'thalas (1.93546) : -4.62217 %, alt : +2.4792, from: pre-raid
    briarwood reed (1.72177) : -4.69984 %, alt : +2.17869, from: pre-raid
    hazza'rah's charm of healing (14.651) : +0 %, alt : +1.72793, from: zg
    darkmoon card: blue dragon (0) : -5.32572 %, alt : +0, from: 
- - - - - - - - - - - - - - - - - - - - - - - - - - - - - - - - - - - - - - - - - 
| Upgrades at start level, from start item to candidate, partial bonuses: 0: |
  alt scores are from least squares fit, special score from e.g. set bonuses as s are part of em
. . . . . . . . . . . . . . . . . . . . . . . . . . . . . . . . . . . . . . . . . 
- . - ' - . - ' - . - ' - . - ' - . - ' - . -
head, zulian headdress (3.63162), alt: 4.13202 -> :
    crystal adorned crown (6.3739) : +0.99921 %, alt : +6.91172, from: azuregos
    eternal crown of healing (4.0278) : +0.144357 %, alt : +4.80815, from: random green
- . - ' - . - ' - . - ' - . - ' - . - ' - . -
neck, jin'do's evil eye (2.47424), alt: 3.3056 -> :
- . - ' - . - ' - . - ' - . - ' - . - ' - . -
shoulders, zandalar confessor's mantle (3.32776), alt: 3.38074 -> :
    zandalar confessor's mantle (3.32776) : +0 %, alt : +3.38073, from: zg
    pauldrons of transcendence (1.49945) : -0.666184 %, alt : +1.95331, from: bwl
- . - ' - . - ' - . - ' - . - ' - . - ' - . -
back, hide of the wild (2.33948), alt: 3.15533 -> :
- . - ' - . - ' - . - ' - . - ' - . - ' - . -
chest, truefaith vestments (-0.329712), alt: 5.48428 -> :
    robes of transcendence (-1.42697) : -0.399811 %, alt : +4.28226, from: bwl
- . - ' - . - ' - . - ' - . - ' - . - ' - . -
wrists, bindings of transcendence (-0.516602), alt: 2.47922 -> :
    flameweave cuffs of healing (0.210815) : +0.26505 %, alt : +2.4792, from: brd
    bindings of transcendence (-0.516602) : +0 %, alt : +2.4792, from: bwl
- . - ' - . - ' - . - ' - . - ' - . - ' - . -
two-hand, benediction (1.19199), alt: 8.04318 -> :
    lok'amir il romathis and lei of the lifegiver (2.55045) : +0.494985 %, alt : +10.2924, from: bwl, av rep
    lok'amir il romathis and brightly glowing stone (1.40594) : +0.0779606 %, alt : +9.09041, from: bwl, pre-raid
    witchblade and arlokk's hoodoo stick (1.27902) : +0.0317135 %, alt : +2.74443, from: pre-raid, zg
- . - ' - . - ' - . - ' - . - ' - . - ' - . -
ranged, dragon's touch (0.578491), alt: 0.450775 -> :
    lunar wand of healing (1.34943) : +0.280907 %, alt : +1.50255, from: random green
    bonecreeper stylus (0.724091) : +0.0530523 %, alt : +0.826401, from: pre-raid
- . - ' - . - ' - . - ' - . - ' - . - ' - . -
hands, handguards of transcendence (-0.460297), alt: 2.21854 -> :
    atal'ai hands of healing (1.43036) : +0.688902 %, alt : +3.98175, from: sunken temple
    high councillor's gloves of healing (0.989136) : +0.528133 %, alt : +3.45586, from: random green
    hands of the exalted herald (0.199982) : +0.240587 %, alt : +2.4792, from: pre-raid
    handguards of transcendence (-0.460297) : +0 %, alt : +2.21853, from: bwl
- . - ' - . - ' - . - ' - . - ' - . - ' - . -
waist, whipvine cord (2.15201), alt: 2.32895 -> :
    firemaw's clutch (2.28848) : +0.0497275 %, alt : +2.62946, from: bwl
    zandalar confessor's bindings (1.77167) : -0.138585 %, alt : +1.95331, from: zg
- . - ' - . - ' - . - ' - . - ' - . - ' - . -
legs, empowered leggings (0.409821), alt: 5.82465 -> :
    leggings of transcendence (-1.25858) : -0.607917 %, alt : +3.45586, from: mc
- . - ' - . - ' - . - ' - . - ' - . - ' - . -
feet, boots of transcendence (-1.71027), alt: 2.62946 -> :
    boots of pure thought (0.666534) : +0.86604 %, alt : +4.6579, from: bwl
    boots of transcendence (-1.71027) : +0 %, alt : +2.62946, from: bwl
- . - ' - . - ' - . - ' - . - ' - . - ' - . -
finger, pure elementium band (2.74731), alt: 3.98175 -> :
- . - ' - . - ' - . - ' - . - ' - . - ' - . -
finger 2, fordring's seal (1.82748), alt: 2.77972 -> :
    pure elementium band (2.8313) : +0.365762 %, alt : +3.98175, from: bwl
    cauterizing band (2.3389) : +0.186345 %, alt : +3.45586, from: mc
- . - ' - . - ' - . - ' - . - ' - . - ' - . -
trinket, rejuvenating gem (4.3403), alt: 4.9584 -> :
    hazza'rah's charm of healing (0) : -1.58148 %, alt : +1.72793, from: zg
    darkmoon card: blue dragon (0.693878) : -1.32865 %, alt : +0, from: 
- . - ' - . - ' - . - ' - . - ' - . - ' - . -
trinket 2, hazza'rah's charm of healing (15.3113), alt: 1.72794 -> :
    rejuvenating gem (4.85947) : -3.80835 %, alt : +4.95841, from: bwl
    hibernation crystal (4.55893) : -3.91786 %, alt : +4.43251, from: ysondre
    zandalarian hero charm (3.00021) : -4.48581 %, alt : +3.00509, from: zg
    royal seal of eldre'thalas (2.49423) : -4.67017 %, alt : +2.4792, from: pre-raid
    briarwood reed (2.34091) : -4.72604 %, alt : +2.17869, from: pre-raid
    hazza'rah's charm of healing (15.3113) : +0 %, alt : +1.72793, from: zg
    darkmoon card: blue dragon (0.712311) : -5.31946 %, alt : +0, from: 
------------------
Best value: 286.262
