Your call: ./css 4 ../items/phase5.csv ../items/not_for_priests.txt no-locks onslaught_bwl_speed_phase5 -a ../confs/wcl_bwl_speed_log.csv -l onslaught_speed.txt 
Found: -a, val: ../confs/wcl_bwl_speed_log.csv
./css 4 ../items/phase5.csv ../items/not_for_priests.txt no-locks onslaught_bwl_speed_phase5 -l onslaught_speed.txt 
Found key: buff_fraction, saw val: 1
Found key: healing_from_crit_fraction, saw val: 0.2
Found key: transc8_exists, saw val: 0
Found key: enchantments, saw val: 1
Found key: fort, saw val: 1
Found key: motw, saw val: 1
Found key: spirit, saw val: 1
Found key: ai, saw val: 1
Found key: flask, saw val: 1
Found key: holy_disc, saw val: 0
Found key: min_combat_length, saw val: 2
Found key: max_log_entry_diff_in_combat, saw val: 10
Found key: precast, saw val: 1
Found key: swap_cast, saw val: 1
Found key: time_step, saw val: 0.1
Found key: reaction_time, saw val: 0.1
Found key: skip_player, saw val: Paisti
Found key: use_deficit_time_sum, saw val: 0
Found key: wcl_log, saw val: 1
Found: -l, val: onslaught_speed.txt
./css 4 ../items/phase5.csv ../items/not_for_priests.txt no-locks onslaught_bwl_speed_phase5 
Will read log from: onslaught_speed.txt
./css 4 ../items/phase5.csv ../items/not_for_priests.txt no-locks onslaught_bwl_speed_phase5 
./css 4 ../items/phase5.csv ../items/not_for_priests.txt no-locks onslaught_bwl_speed_phase5 
Shuffle seed: 2416673600
Reading banned from: ../items/not_for_priests.txt
Banning: neltharion's tear
Banning: lok'amir il romathis
Banning: choker of the fire lord
Reading WCL parsed log: onslaught_speed.txt
Saw 17099 lines of log, with 17099 log lines
Sorting by timestamp...
Sorted.
Pruning log from: 17099 entries.
Combat from 0 to 13.006 s
Combat from 48.209 to 62.844 s
Combat from 63.189 to 134.839 s
Combat from 141.324 to 216.621 s
Combat from 217.819 to 265.985 s
Combat from 266.809 to 314.525 s
Combat from 324.832 to 337.716 s
Combat from 369.287 to 424.68 s
Combat from 440.851 to 604.326 s
Combat from 607.333 to 646.599 s
Combat from 656.979 to 704.474 s
Combat from 718.639 to 801.271 s
Combat from 814.255 to 911.021 s
Combat from 926.807 to 992.489 s
Combat from 1006.03 to 1233.06 s
Pruned to: 17035 entries.
Reading tmp locked from: start_with.txt
Locking: anastari heirloom
Locking: anathema
Locking: animated chain necklace
Locking: argent crusader
Locking: atal'ai gloves of the owl
Locking: ban'thok sash
Locking: banshee finger
Locking: benediction
Locking: blood of the martyr
Locking: briarwood reed
Locking: burial shawl
Locking: clutch of andros
Locking: crimson felt hat
Locking: cyclopean band
Locking: devout belt
Locking: devout bracers
Locking: devout crown
Locking: devout mantle
Locking: devout robe
Locking: devout sandals
Locking: devout skirt
Locking: dragon finger of healing
Locking: dragon finger of intellect
Locking: dragonrider boots
Locking: dragonslayer's signet
Locking: drakefire amulet
Locking: dreadmist mantle
Locking: dreamweave circlet
Locking: dreamweave gloves
Locking: dreamweave vest
Locking: elder magus pendant
Locking: eye of the beast
Locking: fordring's seal
Locking: girdle of prophecy
Locking: gloves of prophecy
Locking: grimgore noose
Locking: halo of transcendence
Locking: heart of the fiend
Locking: hide of the wild
Locking: kentic amice
Locking: magister's robes
Locking: maleki's footwraps
Locking: mindtap talisman
Locking: nature's breath
Locking: necropile boots
Locking: necropile cuffs
Locking: necropile leggings
Locking: necropile mantle
Locking: necropile robe
Locking: noxious shooter
Locking: omnicast boots
Locking: orb of the forgotten seer
Locking: padre's trousers
Locking: penelope's rose
Locking: quel'dorai channeling rod
Locking: raincaster drape
Locking: rainstrider leggings
Locking: ring of demonic guile
Locking: ring of demonic guile
Locking: robes of prophecy
Locking: robes of the exalted
Locking: robes of the royal crown
Locking: rod of corrosion
Locking: rosewine circle
Locking: royal seal of eldre'thalas
Locking: royal tribunal cloak
Locking: sarah's guide
Locking: seal of rivendare
Locking: seal of rivendare
Locking: shadowy laced handwraps
Locking: silkweb gloves
Locking: soulstealer mantle
Locking: spellbound tome
Locking: spritecaster cape
Locking: star of mystaria
Locking: starfire tiara
Locking: stormrager
Locking: sublime wristguards
Locking: the hammer of grace
Locking: the postmaster's treads
Locking: thuzadin sash
Locking: triune amulet
Locking: vinerot sandals
Locking: whipvine cord
Locking: wolfshear leggings
Locking: boots of the full moon
Locking: mantle of prophecy
Locking: dragon's touch
Locking: bindings of transcendence
Locking: shimmering geta
Locking: empowered leggings
Locking: seal of the archmagus
Locking: circlet of prophecy
Locking: boots of prophecy
Locking: pauldrons of transcendence
Locking: primalist's seal
Locking: zandalar confessor's bindings
Locking: zulian headdress
Locking: mar'li's eye
Locking: shroud of pure thought
Locking: belt of transcendence
Locking: jin'do's evil eye
Locking: primalist's band
Locking: zandalarian hero charm
Locking: zandalar confessor's mantle
Locking: zandalar confessor's wraps 
Locking: pure elementium band
Locking: truefaith vestments
Locking: vambraces of prophecy
Locking: hazza'rah's charm of healing
Locking: handguards of transcendence
Locking: boots of transcendence
Locking: darkmoon card: blue dragon
Locking: rejuvenating gem
Optimizing start items...

*** NEW BEST (1): 205.686

*** NEW BEST (1): 212.928

*** NEW BEST (1): 214.665

*** NEW BEST (1): 222.325

*** NEW BEST (1): 229.151

*** NEW BEST (1): 233.618

*** NEW BEST (1): 233.933

*** NEW BEST (1): 235.659

*** NEW BEST (1): 240.065

*** NEW BEST (1): 241.951
*
*** NEW BEST (1): 244.087

*** NEW BEST (1): 245.138
*
*** NEW BEST (1): 245.157

*** NEW BEST (1): 245.444

*** NEW BEST (1): 245.463

*** NEW BEST (1): 245.478
*
*** NEW BEST (1): 245.49
***
*** NEW BEST (1): 246.868

*** NEW BEST (1): 246.914
*****
*** NEW BEST (0): 221.171
Based on last: 3000 entries, out of total: 4043 entries, The least-squares solution is:
Int: 0
Spirit: 0
Sp / Healing: 100
Mp5: 0
Crit: 886.683
T1 3p/piece: 0
T2 3p/piece: 372.335
100 points == 1 sp == 0.0374986 hps.
trinket : briarwood reed -> rejuvenating gem => val: 219.747 -> 223.178

*** NEW BEST (0): 223.178
Based on last: 3000 entries, out of total: 4101 entries, The least-squares solution is:
Int: 0
Spirit: 0
Sp / Healing: 100
Mp5: 0
Crit: 1033.94
T1 3p/piece: 0
T2 3p/piece: 727.512
100 points == 1 sp == 0.0365791 hps.
chest : dreamweave vest -> truefaith vestments => val: 223.178 -> 225.836

*** NEW BEST (0): 225.836
Based on last: 3000 entries, out of total: 4121 entries, The least-squares solution is:
Int: 0
Spirit: 0
Sp / Healing: 100
Mp5: 0
Crit: 1035.65
T1 3p/piece: 0
T2 3p/piece: 655.018
100 points == 1 sp == 0.0367397 hps.
legs : devout skirt -> empowered leggings => val: 225.836 -> 231.522

*** NEW BEST (0): 231.522
Based on last: 3000 entries, out of total: 4141 entries, The least-squares solution is:
Int: 0
Spirit: 0
Sp / Healing: 100
Mp5: 0
Crit: 1043.21
T1 3p/piece: 0
T2 3p/piece: 512.173
100 points == 1 sp == 0.0368606 hps.
finger : cyclopean band -> pure elementium band => val: 231.522 -> 233.568

*** NEW BEST (0): 233.568
Based on last: 3000 entries, out of total: 4171 entries, The least-squares solution is:
Int: 0
Spirit: 0
Sp / Healing: 100
Mp5: 0
Crit: 1047.79
T1 3p/piece: 0
T2 3p/piece: 479.377
100 points == 1 sp == 0.0368778 hps.
hands : atal'ai gloves of the owl -> handguards of transcendence => val: 233.568 -> 235.053

*** NEW BEST (0): 235.053
Based on last: 3000 entries, out of total: 4193 entries, The least-squares solution is:
Int: 0
Spirit: 0.464345
Sp / Healing: 100
Mp5: 0
Crit: 1041.74
T1 3p/piece: 0
T2 3p/piece: 443.706
100 points == 1 sp == 0.0369806 hps.
shoulders : soulstealer mantle -> zandalar confessor's mantle => val: 235.053 -> 237.872

*** NEW BEST (0): 237.872
Based on last: 3000 entries, out of total: 4212 entries, The least-squares solution is:
Int: 0
Spirit: 0
Sp / Healing: 100
Mp5: 0
Crit: 1027.25
T1 3p/piece: 0
T2 3p/piece: 392.351
100 points == 1 sp == 0.0369887 hps.
wrists : devout bracers -> bindings of transcendence => val: 237.872 -> 238.886

*** NEW BEST (0): 238.886
Based on last: 3000 entries, out of total: 4231 entries, The least-squares solution is:
Int: 0
Spirit: 0
Sp / Healing: 100
Mp5: 0
Crit: 1028.38
T1 3p/piece: 0
T2 3p/piece: 405.011
100 points == 1 sp == 0.0369508 hps.
ranged : dragon finger of intellect -> dragon's touch => val: 238.886 -> 239.311

*** NEW BEST (0): 239.311
Based on last: 3000 entries, out of total: 4248 entries, The least-squares solution is:
Int: 0
Spirit: 0.00275358
Sp / Healing: 100
Mp5: 0
Crit: 1030.02
T1 3p/piece: 0
T2 3p/piece: 411.517
100 points == 1 sp == 0.0368874 hps.
finger 2 : blood of the martyr -> fordring's seal => val: 239.311 -> 240.377

*** NEW BEST (0): 240.377
Based on last: 3000 entries, out of total: 4278 entries, The least-squares solution is:
Int: 0
Spirit: 0
Sp / Healing: 100
Mp5: 0
Crit: 1035.81
T1 3p/piece: 0
T2 3p/piece: 395.536
100 points == 1 sp == 0.036724 hps.
feet : boots of the full moon -> boots of transcendence => val: 240.377 -> 240.959

*** NEW BEST (0): 240.959
Based on last: 3000 entries, out of total: 4312 entries, The least-squares solution is:
Int: 0
Spirit: 0
Sp / Healing: 100
Mp5: 0
Crit: 1004.48
T1 3p/piece: 0
T2 3p/piece: 374.84
100 points == 1 sp == 0.0366141 hps.
head : crimson felt hat -> zulian headdress => val: 240.959 -> 242.628

*** NEW BEST (0): 242.628
Based on last: 3000 entries, out of total: 4336 entries, The least-squares solution is:
Int: 0
Spirit: 0
Sp / Healing: 100
Mp5: 0
Crit: 1002.49
T1 3p/piece: 0
T2 3p/piece: 336.674
100 points == 1 sp == 0.036674 hps.
waist : ban'thok sash -> whipvine cord => val: 242.628 -> 243.362

*** NEW BEST (0): 243.362
Based on last: 3000 entries, out of total: 4356 entries, The least-squares solution is:
Int: 0
Spirit: 0
Sp / Healing: 100
Mp5: 0
Crit: 1006.56
T1 3p/piece: 0
T2 3p/piece: 330.653
100 points == 1 sp == 0.0366757 hps.
*two-hand :   the hammer of grace orb of the forgotten seer -> benediction    => val: 243.362 -> 243.66

*** NEW BEST (0): 243.66
Based on last: 3000 entries, out of total: 4545 entries, The least-squares solution is:
Int: 0
Spirit: 0
Sp / Healing: 100
Mp5: 0
Crit: 951.997
T1 3p/piece: 0
T2 3p/piece: 311.275
100 points == 1 sp == 0.0372676 hps.
********
Read starting items and cleared locks.
 ----------------------------
 --- head --- 
name: zulian headdress
slot: head
intelligence: 15
stamina: 13
spirit: 14
sp_healing: 55
armor: 78
 ----------------------------
 --- neck --- 
name: jin'do's evil eye
slot: neck
intelligence: 11
stamina: 5
spirit: 6
sp_healing: 44
 ----------------------------
 --- shoulders --- 
name: zandalar confessor's mantle
slot: shoulders
intelligence: 24
stamina: 11
spirit: 15
sp_healing: 22
armor: 78
 ----------------------------
 --- back --- 
name: hide of the wild
slot: back
intelligence: 10
stamina: 8
sp_healing: 42
armor: 48
 ----------------------------
 --- chest --- 
name: truefaith vestments
slot: chest
stamina: 14
sp_healing: 73
mp5: 6
armor: 96
 ----------------------------
 --- wrists --- 
name: bindings of transcendence
slot: wrists
intelligence: 13
stamina: 9
spirit: 16
sp_healing: 33
armor: 51
 ----------------------------
 --- two-hand --- 
name: benediction
slot: two-hand
intelligence: 31
stamina: 10
spirit: 12
sp_healing: 106
spell_crit: 2
shadow_res: 20
 ----------------------------
 ---  --- 
name: 
slot: 
 ----------------------------
 ---  --- 
name: 
slot: 
 ----------------------------
 ---  --- 
name: 
slot: 
 ----------------------------
 --- ranged --- 
name: dragon's touch
slot: ranged
intelligence: 12
stamina: 7
sp: 6
 ----------------------------
 --- hands --- 
name: handguards of transcendence
slot: hands
intelligence: 20
stamina: 12
spirit: 13
sp_healing: 29
spell_crit: 1
armor: 72
 ----------------------------
 --- waist --- 
name: whipvine cord
slot: waist
intelligence: 8
sp_healing: 31
mp5: 6
armor: 47
 ----------------------------
 --- legs --- 
name: empowered leggings
slot: legs
intelligence: 12
stamina: 12
spirit: 24
sp_healing: 77
spell_crit: 1
armor: 103
 ----------------------------
 --- feet --- 
name: boots of transcendence
slot: feet
intelligence: 17
stamina: 17
spirit: 17
sp_healing: 35
fire_res: 10
armor: 80
 ----------------------------
 --- finger --- 
name: pure elementium band
slot: finger
intelligence: 10
stamina: 9
spirit: 10
sp_healing: 53
 ----------------------------
 --- finger --- 
name: fordring's seal
slot: finger
intelligence: 5
stamina: 4
sp_healing: 37
 ----------------------------
 --- trinket --- 
name: rejuvenating gem
slot: trinket
sp_healing: 66
mp5: 9
 ----------------------------
 --- trinket --- 
name: hazza'rah's charm of healing
slot: trinket
 ----------------------------
 --- Set bonuses ---
name: confessor's 2 hazza'rah's 1 transcendence 3 
slot: Set bonuses
sp: 23
 --- And counts for start items ---
oh_limit: 0.9
time_left_mul: 0.5
total_deficit_to_pop_trinkets: 10000
in combat total: 1063
Flash Heal 1, casts: 53, avg: 434.657, 8.89417%, cast time 7.47883% of in combat, overheal: 0.315034
Flash Heal 2, casts: 11, avg: 664.569, 2.82238%, cast time 1.55221% of in combat, overheal: 0.0791558
Flash Heal 3, casts: 18, avg: 778.759, 5.41201%, cast time 2.53998% of in combat, overheal: 0.0288775
Flash Heal 4, casts: 16, avg: 784.184, 4.84419%, cast time 2.25776% of in combat, overheal: 0.116362
Flash Heal 5, casts: 17, avg: 976.509, 6.40927%, cast time 2.39887% of in combat, overheal: 0.0483392
Flash Heal 6, casts: 11, avg: 1060.2, 4.50261%, cast time 1.55221% of in combat, overheal: 0.0967799
Flash Heal 7, casts: 115, avg: 1258.69, 55.8857%, cast time 16.2277% of in combat, overheal: 0.0772021
Greater Heal 1 hazz, casts: 5, avg: 991.2, 1.91344%, cast time 0.70555% of in combat, overheal: 0.4627
Greater Heal 2 hazz, casts: 1, avg: 1673, 0.64592%, cast time 0.14111% of in combat, overheal: 0.213204
Greater Heal 3 hazz, casts: 3, avg: 2451.76, 2.83976%, cast time 0.42333% of in combat, overheal: 0
Greater Heal 4 hazz, casts: 6, avg: 2516.97, 5.83059%, cast time 0.84666% of in combat, overheal: 0.111605
Total time casting: 384, which is: 36.1242% of time in combat.
Total hps: 243.66, raw hps: 275.752, oh: 0.11638
Deficit time sum: 1.52066e+07, baseline: 1.80762e+07
Deficit*time change / s: 2699.56 hp
Number of combats: 15
Average mana at start of combat: 10253.2
Average mana at end of combat: 9187.97
Other players with hps > 100:
  Docc : 127.434 hps
  Fei : 122.708 hps
  Itotemso : 111.259 hps
  Moephisto : 146.977 hps
  Restoshaman : 121.737 hps
  Sunny : 176.626 hps
  Walk : 116.234 hps
  Wallabee : 148.202 hps
Reading locked from: no-locks
Setting tag name to: onslaught_bwl_speed_phase5
.
*** NEW BEST (1): 275.323

*** NEW BEST (1): 277.216

*** NEW BEST (1): 282.319

*** NEW BEST (1): 282.964

*** NEW BEST (1): 283.211

*** NEW BEST (1): 284.913
.
*** NEW BEST (1): 290.707
.Temporary bans and partial set bonuses off.
.legs : leggings of the black blizzard -> empowered leggings => val: 290.706 -> 293.08

*** NEW BEST (0): 293.08
shoulders : ternary mantle -> zandalar confessor's mantle => val: 292.492 -> 292.595
***** INTERMEDIATE RESULTS *****
Iteration: 4
 ----------------------------
 --- head --- 
name: crystal adorned crown
slot: head
intelligence: 14
spirit: 13
sp_healing: 92
armor: 85
 ----------------------------
 --- neck --- 
name: amulet of the fallen god
slot: neck
intelligence: 11
sp_healing: 57
mp5: 6
 ----------------------------
 --- shoulders --- 
name: ternary mantle
slot: shoulders
intelligence: 17
stamina: 12
spirit: 20
sp_healing: 44
armor: 86
 ----------------------------
 --- back --- 
name: hide of the wild
slot: back
intelligence: 10
stamina: 8
sp_healing: 42
armor: 48
 ----------------------------
 --- chest --- 
name: truefaith vestments
slot: chest
stamina: 14
sp_healing: 73
mp5: 6
armor: 96
 ----------------------------
 --- wrists --- 
name: bracelets of royal redemption
slot: wrists
intelligence: 10
stamina: 8
spirit: 9
sp_healing: 53
armor: 54
 ----------------------------
 ---  --- 
name: 
slot: 
 ----------------------------
 --- main hand --- 
name: scepter of the false prophet
slot: main hand
intelligence: 19
stamina: 10
sp_healing: 187
mp5: 3
 ----------------------------
 ---  --- 
name: 
slot: 
 ----------------------------
 --- off hand --- 
name: lei of the lifegiver
slot: off hand
sp_healing: 53
mp5: 3
 ----------------------------
 --- ranged --- 
name: lunar wand of healing
slot: ranged
sp_healing: 20
 ----------------------------
 --- hands --- 
name: atal'ai hands of healing
slot: hands
sp: 9
sp_healing: 44
armor: 47
 ----------------------------
 --- waist --- 
name: eyestalk waist cord
slot: waist
intelligence: 9
stamina: 10
sp: 41
spell_crit: 1
armor: 75
 ----------------------------
 --- legs --- 
name: empowered leggings
slot: legs
intelligence: 12
stamina: 12
spirit: 24
sp_healing: 77
spell_crit: 1
armor: 103
 ----------------------------
 --- feet --- 
name: boots of pure thought
slot: feet
intelligence: 12
stamina: 8
spirit: 12
sp_healing: 62
armor: 74
 ----------------------------
 --- finger --- 
name: pure elementium band
slot: finger
intelligence: 10
stamina: 9
spirit: 10
sp_healing: 53
 ----------------------------
 --- finger --- 
name: ring of the martyr
slot: finger
stamina: 10
sp_healing: 51
mp5: 5
 ----------------------------
 --- trinket --- 
name: rejuvenating gem
slot: trinket
sp_healing: 66
mp5: 9
 ----------------------------
 --- trinket --- 
name: hazza'rah's charm of healing
slot: trinket
 ----------------------------
 --- Set bonuses ---
name: hazza'rah's 1 
slot: Set bonuses
------------------
Best value: 293.08
------------------
Char stats: 
Effective hp: 8358.2
Effective mana (100 s, 33 % out of fsr): 15347.7
Raw max mana: 9427.7
Int: 354.43
Stam: 376.28
Spirit: 394.68
Strength: 79.58
Agility: 84.18
All stats multiplier (taken into account above): 1.15
Bonus mana: 2000
Bonus hp: 0
Mp5: 182
Sp: 50
Sp shadow: 0
Sp healing: 1134
Spell crit: 20
Spell hit: 0
Arcane res: 27
Nature res: 27
Fire res: 27
Frost res: 27
Shadow res: 27
Armor: 2866.75
Defense: 300
Dodge: 0
Parry: 0
HpsPvp: 1055.72
ShadowDps: 223.541
Value pvp healing: 1920.27
Value pvp shadow: 86.0948
Effective hp-pvp: 10390.1
Effecctive mana for 100 s, 0.33 fsr: 16987
------------------
Best counts:
oh_limit: 0.8
time_left_mul: 2.9
total_deficit_to_pop_trinkets: 5403.6
in combat total: 1063
Flash Heal 1, casts: 16, avg: 591.659, 3.03859%, cast time 2.25776% of in combat, overheal: 0.224631
Flash Heal 2, casts: 1, avg: 849.691, 0.272736%, cast time 0.14111% of in combat, overheal: 0
Flash Heal 3, casts: 6, avg: 780.149, 1.50248%, cast time 0.84666% of in combat, overheal: 0.160631
Flash Heal 4, casts: 2, avg: 1014.49, 0.651264%, cast time 0.28222% of in combat, overheal: 0
Flash Heal 5, casts: 3, avg: 1143.56, 1.10119%, cast time 0.42333% of in combat, overheal: 0.00761999
Flash Heal 6, casts: 4, avg: 1097.38, 1.40896%, cast time 0.56444% of in combat, overheal: 0.155325
Flash Heal 7, casts: 30, avg: 1378.88, 13.2779%, cast time 4.2333% of in combat, overheal: 0.0734997
Greater Heal 1, casts: 2, avg: 1503.96, 0.965492%, cast time 0.470367% of in combat, overheal: 0.282777
Greater Heal 1 hazz, casts: 17, avg: 1288.36, 7.03018%, cast time 2.39887% of in combat, overheal: 0.385597
Greater Heal 2 hazz, casts: 2, avg: 1917.93, 1.23124%, cast time 0.28222% of in combat, overheal: 0.193082
Greater Heal 3 hazz, casts: 1, avg: 2700.37, 0.866771%, cast time 0.14111% of in combat, overheal: 0
Greater Heal 4, casts: 22, avg: 2908.97, 20.542%, cast time 5.17404% of in combat, overheal: 0.0553915
Greater Heal 4 hazz, casts: 4, avg: 2734.78, 3.51126%, cast time 0.56444% of in combat, overheal: 0.111957
Heal 2, casts: 98, avg: 1027.51, 32.3216%, cast time 23.048% of in combat, overheal: 0.347575
Heal 4, casts: 20, avg: 1912.61, 12.2783%, cast time 4.70367% of in combat, overheal: 0.146923
Total time casting: 484, which is: 45.5315% of time in combat.
Total hps: 293.08, raw hps: 376.775, oh: 0.222136
Deficit time sum: 1.47986e+07, baseline: 1.80762e+07
Deficit*time change / s: 3083.36 hp
Number of combats: 15
Average mana at start of combat: 9135.06
Average mana at end of combat: 8155.85
Other players with hps > 100:
  Docc : 125.874 hps
  Fei : 119.917 hps
  Itotemso : 108.159 hps
  Moephisto : 139.97 hps
  Restoshaman : 118.117 hps
  Sunny : 172.468 hps
  Walk : 117.113 hps
  Wallabee : 140.811 hps
------------------
Upgrades: 
( following sorted by alt scores, no specials )
benediction, , , (4.65994) -> , scepter of the false prophet, , lei of the lifegiver(8.94421) : 4.28427 = +1.4835%
zulian headdress(2.04971) -> crystal adorned crown(3.42862) : 1.37891 = +0.472713%
boots of transcendence(1.30435) -> boots of pure thought(2.31058) : 1.00623 = +0.344511%
bindings of transcendence(1.22983) -> bracelets of royal redemption(1.97519) : 0.745361 = +0.254969%
whipvine cord(1.1553) -> eyestalk waist cord(1.88275) : 0.727448 = +0.248826%
handguards of transcendence(1.43555) -> atal'ai hands of healing(1.97519) : 0.539642 = +0.184468%
dragon's touch(0.223602) -> lunar wand of healing(0.745361) : 0.521759 = +0.178344%
fordring's seal(1.37891) -> ring of the martyr(1.90063) : 0.521729 = +0.178333%
jin'do's evil eye(1.63977) -> amulet of the fallen god(2.12427) : 0.484497 = +0.165586%
hide of the wild(1.56525) -> hide of the wild(1.56525) : 0 = +0%
truefaith vestments(2.72052) -> truefaith vestments(2.72052) : 0 = +0%
empowered leggings(3.2244) -> empowered leggings(3.2244) : 0 = +0%
pure elementium band(1.97519) -> pure elementium band(1.97519) : 0 = +0%
rejuvenating gem(2.45966) -> rejuvenating gem(2.45966) : 0 = +0%
hazza'rah's charm of healing(0) -> hazza'rah's charm of healing(0) : 0 = +0%
zandalar confessor's mantle(1.67703) -> ternary mantle(1.63977) : -0.037262 = +-0.0127123%
------------------
~~~~ end of intermediate results ~~~~
Temporary bans and partial set bonuses on.
.
*** NEW BEST (1): 293.438
.
*** NEW BEST (1): 296.316
.Temporary bans and partial set bonuses off.
.two-hand : blessed qiraji augur staff    ->   scepter of the false prophet lei of the lifegiver => val: 287.724 -> 291.781
hands : high councillor's gloves of healing -> atal'ai hands of healing => val: 291.781 -> 292.242
shoulders : ternary mantle -> zandalar confessor's mantle => val: 292.242 -> 292.346
***** INTERMEDIATE RESULTS *****
Iteration: 8
 ----------------------------
 --- head --- 
name: crystal adorned crown
slot: head
intelligence: 14
spirit: 13
sp_healing: 92
armor: 85
 ----------------------------
 --- neck --- 
name: amulet of the fallen god
slot: neck
intelligence: 11
sp_healing: 57
mp5: 6
 ----------------------------
 --- shoulders --- 
name: zandalar confessor's mantle
slot: shoulders
intelligence: 24
stamina: 11
spirit: 15
sp_healing: 22
armor: 78
 ----------------------------
 --- back --- 
name: hide of the wild
slot: back
intelligence: 10
stamina: 8
sp_healing: 42
armor: 48
 ----------------------------
 --- chest --- 
name: truefaith vestments
slot: chest
stamina: 14
sp_healing: 73
mp5: 6
armor: 96
 ----------------------------
 --- wrists --- 
name: bracelets of royal redemption
slot: wrists
intelligence: 10
stamina: 8
spirit: 9
sp_healing: 53
armor: 54
 ----------------------------
 ---  --- 
name: 
slot: 
 ----------------------------
 --- main hand --- 
name: scepter of the false prophet
slot: main hand
intelligence: 19
stamina: 10
sp_healing: 187
mp5: 3
 ----------------------------
 ---  --- 
name: 
slot: 
 ----------------------------
 --- off hand --- 
name: lei of the lifegiver
slot: off hand
sp_healing: 53
mp5: 3
 ----------------------------
 --- ranged --- 
name: lunar wand of healing
slot: ranged
sp_healing: 20
 ----------------------------
 --- hands --- 
name: atal'ai hands of healing
slot: hands
sp: 9
sp_healing: 44
armor: 47
 ----------------------------
 --- waist --- 
name: grasp of the old god
slot: waist
intelligence: 19
stamina: 15
sp_healing: 59
mp5: 7
armor: 75
 ----------------------------
 --- legs --- 
name: empowered leggings
slot: legs
intelligence: 12
stamina: 12
spirit: 24
sp_healing: 77
spell_crit: 1
armor: 103
 ----------------------------
 --- feet --- 
name: boots of pure thought
slot: feet
intelligence: 12
stamina: 8
spirit: 12
sp_healing: 62
armor: 74
 ----------------------------
 --- finger --- 
name: pure elementium band
slot: finger
intelligence: 10
stamina: 9
spirit: 10
sp_healing: 53
 ----------------------------
 --- finger --- 
name: ring of the martyr
slot: finger
stamina: 10
sp_healing: 51
mp5: 5
 ----------------------------
 --- trinket --- 
name: rejuvenating gem
slot: trinket
sp_healing: 66
mp5: 9
 ----------------------------
 --- trinket --- 
name: hazza'rah's charm of healing
slot: trinket
 ----------------------------
 --- Set bonuses ---
name: confessor's 2 hazza'rah's 1 
slot: Set bonuses
sp: 23
------------------
Best value: 293.08
------------------
Char stats: 
Effective hp: 8408
Effective mana (100 s, 33 % out of fsr): 15780.9
Raw max mana: 9750.27
Int: 373.98
Stam: 380.88
Spirit: 388.93
Strength: 79.58
Agility: 84.18
All stats multiplier (taken into account above): 1.15
Bonus mana: 2000
Bonus hp: 0
Mp5: 189
Sp: 32
Sp shadow: 0
Sp healing: 1171
Spell crit: 19
Spell hit: 0
Arcane res: 27
Nature res: 27
Fire res: 27
Frost res: 27
Shadow res: 27
Armor: 2858.75
Defense: 300
Dodge: 0
Parry: 0
HpsPvp: 1055.72
ShadowDps: 223.541
Value pvp healing: 1920.27
Value pvp shadow: 86.0948
Effective hp-pvp: 10448.8
Effecctive mana for 100 s, 0.33 fsr: 17398.9
------------------
Best counts:
oh_limit: 0.8
time_left_mul: 2.9
total_deficit_to_pop_trinkets: 5403.6
in combat total: 1063
Flash Heal 1, casts: 16, avg: 595.438, 3.06307%, cast time 2.25776% of in combat, overheal: 0.227332
Flash Heal 2, casts: 2, avg: 801.066, 0.515108%, cast time 0.28222% of in combat, overheal: 0.0654108
Flash Heal 3, casts: 5, avg: 790.112, 1.27016%, cast time 0.70555% of in combat, overheal: 0.156566
Flash Heal 4, casts: 2, avg: 1021.7, 0.656985%, cast time 0.28222% of in combat, overheal: 0
Flash Heal 5, casts: 3, avg: 1148.25, 1.10754%, cast time 0.42333% of in combat, overheal: 0.00959548
Flash Heal 6, casts: 4, avg: 1102.51, 1.41789%, cast time 0.56444% of in combat, overheal: 0.15582
Flash Heal 7, casts: 31, avg: 1387.72, 13.8313%, cast time 4.37441% of in combat, overheal: 0.0716674
Greater Heal 1, casts: 2, avg: 1511.08, 0.971668%, cast time 0.470367% of in combat, overheal: 0.284242
Greater Heal 1 hazz, casts: 16, avg: 1288.5, 6.62835%, cast time 2.25776% of in combat, overheal: 0.389671
Greater Heal 2 hazz, casts: 3, avg: 1706.9, 1.64638%, cast time 0.42333% of in combat, overheal: 0.286026
Greater Heal 3 hazz, casts: 1, avg: 2713.78, 0.87252%, cast time 0.14111% of in combat, overheal: 0
Greater Heal 4, casts: 21, avg: 2910.68, 19.6523%, cast time 4.93885% of in combat, overheal: 0.05878
Greater Heal 4 hazz, casts: 4, avg: 2741.23, 3.52537%, cast time 0.56444% of in combat, overheal: 0.113575
Heal 2, casts: 98, avg: 1030.89, 32.4817%, cast time 23.048% of in combat, overheal: 0.351626
Heal 4, casts: 20, avg: 1922.1, 12.3597%, cast time 4.70367% of in combat, overheal: 0.148064
Total time casting: 483, which is: 45.4374% of time in combat.
Total hps: 292.595, raw hps: 378.129, oh: 0.226205
Deficit time sum: 1.48122e+07, baseline: 1.80762e+07
Deficit*time change / s: 3070.63 hp
Number of combats: 15
Average mana at start of combat: 9498.78
Average mana at end of combat: 8563.8
Other players with hps > 100:
  Docc : 125.809 hps
  Fei : 119.829 hps
  Itotemso : 108.098 hps
  Moephisto : 139.889 hps
  Restoshaman : 118.074 hps
  Sunny : 172.855 hps
  Walk : 117.055 hps
  Wallabee : 140.718 hps
------------------
Upgrades: 
( following sorted by alt scores, no specials )
benediction, , , (4.65994) -> , scepter of the false prophet, , lei of the lifegiver(8.94421) : 4.28427 = +1.48599%
zulian headdress(2.04971) -> crystal adorned crown(3.42862) : 1.37891 = +0.4735%
whipvine cord(1.1553) -> grasp of the old god(2.19879) : 1.04349 = +0.357909%
boots of transcendence(1.30435) -> boots of pure thought(2.31058) : 1.00623 = +0.345084%
bindings of transcendence(1.22983) -> bracelets of royal redemption(1.97519) : 0.745361 = +0.255393%
handguards of transcendence(1.43555) -> atal'ai hands of healing(1.97519) : 0.539642 = +0.184774%
dragon's touch(0.223602) -> lunar wand of healing(0.745361) : 0.521759 = +0.17864%
fordring's seal(1.37891) -> ring of the martyr(1.90063) : 0.521729 = +0.17863%
jin'do's evil eye(1.63977) -> amulet of the fallen god(2.12427) : 0.484497 = +0.165861%
zandalar confessor's mantle(1.67703) -> zandalar confessor's mantle(1.67703) : 0 = +0%
hide of the wild(1.56525) -> hide of the wild(1.56525) : 0 = +0%
truefaith vestments(2.72052) -> truefaith vestments(2.72052) : 0 = +0%
empowered leggings(3.2244) -> empowered leggings(3.2244) : 0 = +0%
pure elementium band(1.97519) -> pure elementium band(1.97519) : 0 = +0%
rejuvenating gem(2.45966) -> rejuvenating gem(2.45966) : 0 = +0%
hazza'rah's charm of healing(0.857147) -> hazza'rah's charm of healing(0.857147) : 0 = +0%
------------------
~~~~ end of intermediate results ~~~~
Temporary bans and partial set bonuses on.
...Temporary bans and partial set bonuses off.
.ranged : wandof qiraji nobility -> lunar wand of healing => val: 287.808 -> 287.879
two-hand :   gavel of infinite wisdom sartura's might ->   scepter of the false prophet lei of the lifegiver => val: 287.879 -> 292.346
***** INTERMEDIATE RESULTS *****
Iteration: 12
 ----------------------------
 --- head --- 
name: crystal adorned crown
slot: head
intelligence: 14
spirit: 13
sp_healing: 92
armor: 85
 ----------------------------
 --- neck --- 
name: amulet of the fallen god
slot: neck
intelligence: 11
sp_healing: 57
mp5: 6
 ----------------------------
 --- shoulders --- 
name: zandalar confessor's mantle
slot: shoulders
intelligence: 24
stamina: 11
spirit: 15
sp_healing: 22
armor: 78
 ----------------------------
 --- back --- 
name: hide of the wild
slot: back
intelligence: 10
stamina: 8
sp_healing: 42
armor: 48
 ----------------------------
 --- chest --- 
name: truefaith vestments
slot: chest
stamina: 14
sp_healing: 73
mp5: 6
armor: 96
 ----------------------------
 --- wrists --- 
name: bracelets of royal redemption
slot: wrists
intelligence: 10
stamina: 8
spirit: 9
sp_healing: 53
armor: 54
 ----------------------------
 ---  --- 
name: 
slot: 
 ----------------------------
 --- main hand --- 
name: scepter of the false prophet
slot: main hand
intelligence: 19
stamina: 10
sp_healing: 187
mp5: 3
 ----------------------------
 ---  --- 
name: 
slot: 
 ----------------------------
 --- off hand --- 
name: lei of the lifegiver
slot: off hand
sp_healing: 53
mp5: 3
 ----------------------------
 --- ranged --- 
name: lunar wand of healing
slot: ranged
sp_healing: 20
 ----------------------------
 --- hands --- 
name: atal'ai hands of healing
slot: hands
sp: 9
sp_healing: 44
armor: 47
 ----------------------------
 --- waist --- 
name: grasp of the old god
slot: waist
intelligence: 19
stamina: 15
sp_healing: 59
mp5: 7
armor: 75
 ----------------------------
 --- legs --- 
name: empowered leggings
slot: legs
intelligence: 12
stamina: 12
spirit: 24
sp_healing: 77
spell_crit: 1
armor: 103
 ----------------------------
 --- feet --- 
name: boots of pure thought
slot: feet
intelligence: 12
stamina: 8
spirit: 12
sp_healing: 62
armor: 74
 ----------------------------
 --- finger --- 
name: pure elementium band
slot: finger
intelligence: 10
stamina: 9
spirit: 10
sp_healing: 53
 ----------------------------
 --- finger --- 
name: ring of the martyr
slot: finger
stamina: 10
sp_healing: 51
mp5: 5
 ----------------------------
 --- trinket --- 
name: rejuvenating gem
slot: trinket
sp_healing: 66
mp5: 9
 ----------------------------
 --- trinket --- 
name: hazza'rah's charm of healing
slot: trinket
 ----------------------------
 --- Set bonuses ---
name: confessor's 2 hazza'rah's 1 
slot: Set bonuses
sp: 23
------------------
Best value: 293.08
------------------
Char stats: 
Effective hp: 8408
Effective mana (100 s, 33 % out of fsr): 15780.9
Raw max mana: 9750.27
Int: 373.98
Stam: 380.88
Spirit: 388.93
Strength: 79.58
Agility: 84.18
All stats multiplier (taken into account above): 1.15
Bonus mana: 2000
Bonus hp: 0
Mp5: 189
Sp: 32
Sp shadow: 0
Sp healing: 1171
Spell crit: 19
Spell hit: 0
Arcane res: 27
Nature res: 27
Fire res: 27
Frost res: 27
Shadow res: 27
Armor: 2858.75
Defense: 300
Dodge: 0
Parry: 0
HpsPvp: 1055.72
ShadowDps: 223.541
Value pvp healing: 1920.27
Value pvp shadow: 86.0948
Effective hp-pvp: 10448.8
Effecctive mana for 100 s, 0.33 fsr: 17398.9
------------------
Best counts:
oh_limit: 0.8
time_left_mul: 2.9
total_deficit_to_pop_trinkets: 5403.6
in combat total: 1063
Flash Heal 1, casts: 16, avg: 595.438, 3.06307%, cast time 2.25776% of in combat, overheal: 0.227332
Flash Heal 2, casts: 2, avg: 801.066, 0.515108%, cast time 0.28222% of in combat, overheal: 0.0654108
Flash Heal 3, casts: 5, avg: 790.112, 1.27016%, cast time 0.70555% of in combat, overheal: 0.156566
Flash Heal 4, casts: 2, avg: 1021.7, 0.656985%, cast time 0.28222% of in combat, overheal: 0
Flash Heal 5, casts: 3, avg: 1148.25, 1.10754%, cast time 0.42333% of in combat, overheal: 0.00959548
Flash Heal 6, casts: 4, avg: 1102.51, 1.41789%, cast time 0.56444% of in combat, overheal: 0.15582
Flash Heal 7, casts: 31, avg: 1387.72, 13.8313%, cast time 4.37441% of in combat, overheal: 0.0716674
Greater Heal 1, casts: 2, avg: 1511.08, 0.971668%, cast time 0.470367% of in combat, overheal: 0.284242
Greater Heal 1 hazz, casts: 16, avg: 1288.5, 6.62835%, cast time 2.25776% of in combat, overheal: 0.389671
Greater Heal 2 hazz, casts: 3, avg: 1706.9, 1.64638%, cast time 0.42333% of in combat, overheal: 0.286026
Greater Heal 3 hazz, casts: 1, avg: 2713.78, 0.87252%, cast time 0.14111% of in combat, overheal: 0
Greater Heal 4, casts: 21, avg: 2910.68, 19.6523%, cast time 4.93885% of in combat, overheal: 0.05878
Greater Heal 4 hazz, casts: 4, avg: 2741.23, 3.52537%, cast time 0.56444% of in combat, overheal: 0.113575
Heal 2, casts: 98, avg: 1030.89, 32.4817%, cast time 23.048% of in combat, overheal: 0.351626
Heal 4, casts: 20, avg: 1922.1, 12.3597%, cast time 4.70367% of in combat, overheal: 0.148064
Total time casting: 483, which is: 45.4374% of time in combat.
Total hps: 292.595, raw hps: 378.129, oh: 0.226205
Deficit time sum: 1.48122e+07, baseline: 1.80762e+07
Deficit*time change / s: 3070.63 hp
Number of combats: 15
Average mana at start of combat: 9498.78
Average mana at end of combat: 8563.8
Other players with hps > 100:
  Docc : 125.809 hps
  Fei : 119.829 hps
  Itotemso : 108.098 hps
  Moephisto : 139.889 hps
  Restoshaman : 118.074 hps
  Sunny : 172.855 hps
  Walk : 117.055 hps
  Wallabee : 140.718 hps
------------------
Upgrades: 
( following sorted by alt scores, no specials )
benediction, , , (4.65994) -> , scepter of the false prophet, , lei of the lifegiver(8.94421) : 4.28427 = +1.48599%
zulian headdress(2.04971) -> crystal adorned crown(3.42862) : 1.37891 = +0.4735%
whipvine cord(1.1553) -> grasp of the old god(2.19879) : 1.04349 = +0.357909%
boots of transcendence(1.30435) -> boots of pure thought(2.31058) : 1.00623 = +0.345084%
bindings of transcendence(1.22983) -> bracelets of royal redemption(1.97519) : 0.745361 = +0.255393%
handguards of transcendence(1.43555) -> atal'ai hands of healing(1.97519) : 0.539642 = +0.184774%
dragon's touch(0.223602) -> lunar wand of healing(0.745361) : 0.521759 = +0.17864%
fordring's seal(1.37891) -> ring of the martyr(1.90063) : 0.521729 = +0.17863%
jin'do's evil eye(1.63977) -> amulet of the fallen god(2.12427) : 0.484497 = +0.165861%
zandalar confessor's mantle(1.67703) -> zandalar confessor's mantle(1.67703) : 0 = +0%
hide of the wild(1.56525) -> hide of the wild(1.56525) : 0 = +0%
truefaith vestments(2.72052) -> truefaith vestments(2.72052) : 0 = +0%
empowered leggings(3.2244) -> empowered leggings(3.2244) : 0 = +0%
pure elementium band(1.97519) -> pure elementium band(1.97519) : 0 = +0%
rejuvenating gem(2.45966) -> rejuvenating gem(2.45966) : 0 = +0%
hazza'rah's charm of healing(0.857147) -> hazza'rah's charm of healing(0.857147) : 0 = +0%
------------------
~~~~ end of intermediate results ~~~~
Same items for intermediate results again, ending optimization. 
 ----------------------------
 --- head --- 
name: crystal adorned crown
slot: head
intelligence: 14
spirit: 13
sp_healing: 92
armor: 85
 ----------------------------
 --- neck --- 
name: amulet of the fallen god
slot: neck
intelligence: 11
sp_healing: 57
mp5: 6
 ----------------------------
 --- shoulders --- 
name: zandalar confessor's mantle
slot: shoulders
intelligence: 24
stamina: 11
spirit: 15
sp_healing: 22
armor: 78
 ----------------------------
 --- back --- 
name: hide of the wild
slot: back
intelligence: 10
stamina: 8
sp_healing: 42
armor: 48
 ----------------------------
 --- chest --- 
name: truefaith vestments
slot: chest
stamina: 14
sp_healing: 73
mp5: 6
armor: 96
 ----------------------------
 --- wrists --- 
name: bracelets of royal redemption
slot: wrists
intelligence: 10
stamina: 8
spirit: 9
sp_healing: 53
armor: 54
 ----------------------------
 ---  --- 
name: 
slot: 
 ----------------------------
 --- main hand --- 
name: scepter of the false prophet
slot: main hand
intelligence: 19
stamina: 10
sp_healing: 187
mp5: 3
 ----------------------------
 ---  --- 
name: 
slot: 
 ----------------------------
 --- off hand --- 
name: lei of the lifegiver
slot: off hand
sp_healing: 53
mp5: 3
 ----------------------------
 --- ranged --- 
name: lunar wand of healing
slot: ranged
sp_healing: 20
 ----------------------------
 --- hands --- 
name: atal'ai hands of healing
slot: hands
sp: 9
sp_healing: 44
armor: 47
 ----------------------------
 --- waist --- 
name: grasp of the old god
slot: waist
intelligence: 19
stamina: 15
sp_healing: 59
mp5: 7
armor: 75
 ----------------------------
 --- legs --- 
name: empowered leggings
slot: legs
intelligence: 12
stamina: 12
spirit: 24
sp_healing: 77
spell_crit: 1
armor: 103
 ----------------------------
 --- feet --- 
name: boots of pure thought
slot: feet
intelligence: 12
stamina: 8
spirit: 12
sp_healing: 62
armor: 74
 ----------------------------
 --- finger --- 
name: pure elementium band
slot: finger
intelligence: 10
stamina: 9
spirit: 10
sp_healing: 53
 ----------------------------
 --- finger --- 
name: ring of the martyr
slot: finger
stamina: 10
sp_healing: 51
mp5: 5
 ----------------------------
 --- trinket --- 
name: rejuvenating gem
slot: trinket
sp_healing: 66
mp5: 9
 ----------------------------
 --- trinket --- 
name: hazza'rah's charm of healing
slot: trinket
 ----------------------------
 --- Set bonuses ---
name: confessor's 2 hazza'rah's 1 
slot: Set bonuses
sp: 23
------------------
Char stats: 
Effective hp: 8408
Effective mana (100 s, 33 % out of fsr): 15780.9
Raw max mana: 9750.27
Int: 373.98
Stam: 380.88
Spirit: 388.93
Strength: 79.58
Agility: 84.18
All stats multiplier (taken into account above): 1.15
Bonus mana: 2000
Bonus hp: 0
Mp5: 189
Sp: 32
Sp shadow: 0
Sp healing: 1171
Spell crit: 19
Spell hit: 0
Arcane res: 27
Nature res: 27
Fire res: 27
Frost res: 27
Shadow res: 27
Armor: 2858.75
Defense: 300
Dodge: 0
Parry: 0
HpsPvp: 1055.72
ShadowDps: 223.541
Value pvp healing: 1920.27
Value pvp shadow: 86.0948
Effective hp-pvp: 10448.8
Effecctive mana for 100 s, 0.33 fsr: 17398.9
------------------
Best counts:
oh_limit: 0.8
time_left_mul: 2.9
total_deficit_to_pop_trinkets: 5403.6
in combat total: 1063
Flash Heal 1, casts: 16, avg: 595.438, 3.06307%, cast time 2.25776% of in combat, overheal: 0.227332
Flash Heal 2, casts: 2, avg: 801.066, 0.515108%, cast time 0.28222% of in combat, overheal: 0.0654108
Flash Heal 3, casts: 5, avg: 790.112, 1.27016%, cast time 0.70555% of in combat, overheal: 0.156566
Flash Heal 4, casts: 2, avg: 1021.7, 0.656985%, cast time 0.28222% of in combat, overheal: 0
Flash Heal 5, casts: 3, avg: 1148.25, 1.10754%, cast time 0.42333% of in combat, overheal: 0.00959548
Flash Heal 6, casts: 4, avg: 1102.51, 1.41789%, cast time 0.56444% of in combat, overheal: 0.15582
Flash Heal 7, casts: 31, avg: 1387.72, 13.8313%, cast time 4.37441% of in combat, overheal: 0.0716674
Greater Heal 1, casts: 2, avg: 1511.08, 0.971668%, cast time 0.470367% of in combat, overheal: 0.284242
Greater Heal 1 hazz, casts: 16, avg: 1288.5, 6.62835%, cast time 2.25776% of in combat, overheal: 0.389671
Greater Heal 2 hazz, casts: 3, avg: 1706.9, 1.64638%, cast time 0.42333% of in combat, overheal: 0.286026
Greater Heal 3 hazz, casts: 1, avg: 2713.78, 0.87252%, cast time 0.14111% of in combat, overheal: 0
Greater Heal 4, casts: 21, avg: 2910.68, 19.6523%, cast time 4.93885% of in combat, overheal: 0.05878
Greater Heal 4 hazz, casts: 4, avg: 2741.23, 3.52537%, cast time 0.56444% of in combat, overheal: 0.113575
Heal 2, casts: 98, avg: 1030.89, 32.4817%, cast time 23.048% of in combat, overheal: 0.351626
Heal 4, casts: 20, avg: 1922.1, 12.3597%, cast time 4.70367% of in combat, overheal: 0.148064
Total time casting: 483, which is: 45.4374% of time in combat.
Total hps: 292.595, raw hps: 378.129, oh: 0.226205
Deficit time sum: 1.48122e+07, baseline: 1.80762e+07
Deficit*time change / s: 3070.63 hp
Number of combats: 15
Average mana at start of combat: 9498.78
Average mana at end of combat: 8563.8
Other players with hps > 100:
  Docc : 125.809 hps
  Fei : 119.829 hps
  Itotemso : 108.098 hps
  Moephisto : 139.889 hps
  Restoshaman : 118.074 hps
  Sunny : 172.855 hps
  Walk : 117.055 hps
  Wallabee : 140.718 hps
------------------
Based on last: 3000 entries, out of total: 10446 entries, The least-squares solution is:
Int: 10.7259
Spirit: 0
Sp / Healing: 100
Mp5: 0
Crit: 251.844
T1 3p/piece: 459.726
T2 3p/piece: 0
100 points == 1 sp == 0.0576307 hps.
Appended tag:
( Pawn: v1: "onslaught_bwl_speed_phase5": Intellect=10.7259, Spirit=0, Healing=100, Mp5=0, SpellCritRating=251.844, IsFist=X, Is2HMace=X, IsCrossbow=X, IsGun=X, IsShield=X, IsPolearm=X, Is2HAxe=X, IsBow=X, IsMail=X, IsPlate=X, IsLeather=X, IsAxe=X, Is2HAxe=X, IsSword=X, Is2HSword=X)
To file: onslaught_bwl_speed_phase5.pawn_tag.txt
------------------
Diffs to start: 
Upgrades: 
( following sorted by alt scores, no specials )
benediction, , , (6.59076) -> , scepter of the false prophet, , lei of the lifegiver(13.9488) : 7.35806 = +2.57963%
zulian headdress(3.26242) -> crystal adorned crown(5.38855) : 2.12613 = +0.731965%
whipvine cord(1.836) -> grasp of the old god(3.51767) : 1.68167 = +0.578067%
boots of transcendence(2.12216) -> boots of pure thought(3.64728) : 1.52512 = +0.52397%
bindings of transcendence(1.98218) -> bracelets of royal redemption(3.11624) : 1.13406 = +0.389097%
handguards of transcendence(1.94006) -> atal'ai hands of healing(3.05441) : 1.11435 = +0.382307%
fordring's seal(2.16324) -> ring of the martyr(2.93918) : 0.77594 = +0.265898%
jin'do's evil eye(2.60376) -> amulet of the fallen god(3.35294) : 0.749176 = +0.256703%
dragon's touch(0.419952) -> lunar wand of healing(1.15262) : 0.732666 = +0.251032%
zandalar confessor's mantle(2.74173) -> zandalar confessor's mantle(2.74173) : 0 = +0%
hide of the wild(2.4823) -> hide of the wild(2.4823) : 0 = +0%
truefaith vestments(4.20703) -> truefaith vestments(4.20703) : 0 = +0%
empowered leggings(4.65689) -> empowered leggings(4.65689) : 0 = +0%
pure elementium band(3.11624) -> pure elementium band(3.11624) : 0 = +0%
rejuvenating gem(3.80362) -> rejuvenating gem(3.80362) : 0 = +0%
hazza'rah's charm of healing(1.3255) -> hazza'rah's charm of healing(1.3255) : 0 = +0%
- - - - - - - - - - - - - - - - - - - - - - - - - - - - - - - - - - - - - - - - - 
| Upgrades at best in slot level, from start item to candidate, partial bonuses: 1: |
  alt scores are from least squares fit, special score from e.g. set bonuses as s are part of em
. . . . . . . . . . . . . . . . . . . . . . . . . . . . . . . . . . . . . . . . . 
- . - ' - . - ' - . - ' - . - ' - . - ' - . -
head, zulian headdress (1.5311), alt: 3.26242 -> :
    crystal adorned crown (4.0083) : +0.851092 %, alt : +5.38856, from: azuregos
    don rigoberto's lost hat (-0.160797) : -0.581284 %, alt : +3.83672, from: aq40
    eternal crown of healing (3.40454) : +0.643658 %, alt : +3.68836, from: random green
    green lens of healing (2.87329) : +0.461137 %, alt : +3.11206, from: pre-raid
    cassandra's grace (2.36798) : +0.287528 %, alt : +2.53575, from: pre-raid
    cassandra's grace (2.36798) : +0.287528 %, alt : +2.53575, from: pre-raid
- . - ' - . - ' - . - ' - . - ' - . - ' - . -
neck, jin'do's evil eye (2.9733), alt: 2.60376 -> :
    amulet of the fallen god (2.51282) : -0.156626 %, alt : +3.35294, from: aq40
    amulet of the shifting sands (1.54135) : -0.487057 %, alt : +2.65101, from: aq20
- . - ' - . - ' - . - ' - . - ' - . - ' - . -
shoulders, zandalar confessor's mantle (1.62476), alt: 2.74173 -> :
    zandalar confessor's mantle (1.62476) : +0 %, alt : +2.74173, from: zg
    mantle of the blackwing cabal (4.01886) : +0.8156 %, alt : +2.05835, from: bwl
- . - ' - . - ' - . - ' - . - ' - . - ' - . -
back, hide of the wild (2.87079), alt: 2.4823 -> :
    archivist cape of healing (3.79074) : +0.3134 %, alt : +1.90181, from: pre-raid
    drape of benediction (3.73212) : +0.293429 %, alt : +1.86691, from: azuregos
- . - ' - . - ' - . - ' - . - ' - . - ' - . -
chest, truefaith vestments (2.59268), alt: 4.20703 -> :
    robes of the exalted (3.8067) : +0.41358 %, alt : +3.94979, from: pre-raid
- . - ' - . - ' - . - ' - . - ' - . - ' - . -
wrists, bindings of transcendence (-1.73593), alt: 1.98218 -> :
    bracelets of royal redemption (1.9516) : +1.27221 %, alt : +3.11624, from: aq40
    flameweave cuffs of healing (1.8996) : +1.25427 %, alt : +1.90181, from: brd
    burrower bracers (0.0589294) : +0.619235 %, alt : +1.69402, from: aq40
    black bark wristbands (-0.103851) : +0.563075 %, alt : +1.46549, from: lethon
    zandalar confessor's wraps (-0.213562) : +0.525224 %, alt : +1.45113, from: zg
- . - ' - . - ' - . - ' - . - ' - . - ' - . -
two-hand, benediction (3.04922), alt: 6.59076 -> :
    scepter of the false prophet and lei of the lifegiver (1.09415) : -0.659189 %, alt : +13.9488, from: aq40, av rep
    scepter of the false prophet and sartura's might (1.92929) : -0.377606 %, alt : +13.8706, from: aq40, aq40
    scepter of the false prophet and brightly glowing stone (0.506561) : -0.857304 %, alt : +13.0267, from: aq40, pre-raid
    scepter of the false prophet and arlokk's hoodoo stick (1.05264) : -0.673183 %, alt : +12.3074, from: aq40, zg
    blessed qiraji augur staff (2.61258) : -0.147223 %, alt : +8.38954, from: aq40
    gavel of infinite wisdom and lei of the lifegiver (1.7543) : -0.436606 %, alt : +8.30918, from: aq20, av rep
    gavel of infinite wisdom and sartura's might (2.61835) : -0.145278 %, alt : +8.23101, from: aq20, aq40
    lok'amir il romathis and lei of the lifegiver (1.4472) : -0.54015 %, alt : +8.00667, from: bwl, av rep
    lok'amir il romathis and sartura's might (3.58557) : +0.180839 %, alt : +7.92849, from: bwl, aq40
    gavel of infinite wisdom and brightly glowing stone (2.77597) : -0.0921326 %, alt : +7.38709, from: aq20, pre-raid
    lok'amir il romathis and brightly glowing stone (3.23804) : +0.0636614 %, alt : +7.08458, from: bwl, pre-raid
    gavel of infinite wisdom and arlokk's hoodoo stick (2.98819) : -0.0205791 %, alt : +6.66777, from: aq20, zg
    fang of the mystics and sartura's might (3.18399) : +0.0454386 %, alt : +5.48843, from: azuregos, aq40
- . - ' - . - ' - . - ' - . - ' - . - ' - . -
ranged, dragon's touch (0.452209), alt: 0.419952 -> :
    lunar wand of healing (1.58249) : +0.386541 %, alt : +1.15261, from: random green
    wandof qiraji nobility (1.51877) : +0.364749 %, alt : +1.09498, from: aq40
    antenna of invigoration (1.06604) : +0.209922 %, alt : +0.773924, from: aq20
    bonecreeper stylus (1.02829) : +0.197012 %, alt : +0.658663, from: pre-raid
- . - ' - . - ' - . - ' - . - ' - . - ' - . -
hands, handguards of transcendence (-0.155212), alt: 1.94006 -> :
    atal'ai hands of healing (3.38223) : +1.2198 %, alt : +3.05443, from: sunken temple
    high councillor's gloves of healing (2.93567) : +1.06582 %, alt : +2.65101, from: random green
    dark storm gauntlets (2.13904) : +0.791117 %, alt : +2.22506, from: aq40
    gloves of dark wisdom (0.535767) : +0.238267 %, alt : +2.1407, from: aq20
    hands of the exalted herald (1.87) : +0.698344 %, alt : +1.98217, from: pre-raid
    gloves of delusional power (-0.00250244) : +0.0526583 %, alt : +1.65493, from: emeriss; lethon; taerar; ysondre
    hands of power (1.37515) : +0.527709 %, alt : +1.53549, from: pre-raid
- . - ' - . - ' - . - ' - . - ' - . - ' - . -
waist, whipvine cord (2.10254), alt: 1.836 -> :
    grasp of the old god (2.68982) : +0.20047 %, alt : +3.51766, from: aq40
    eyestalk waist cord (3.09277) : +0.33802 %, alt : +2.56363, from: aq40
    firemaw's clutch (0.892151) : -0.41317 %, alt : +2.09125, from: bwl
    zandalar confessor's bindings (1.97327) : -0.0441276 %, alt : +1.62203, from: zg
- . - ' - . - ' - . - ' - . - ' - . - ' - . -
legs, empowered leggings (3.44806), alt: 4.65689 -> :
- . - ' - . - ' - . - ' - . - ' - . - ' - . -
feet, boots of transcendence (-1.27951), alt: 2.12216 -> :
    boots of pure thought (2.8515) : +1.4274 %, alt : +3.64728, from: bwl
    treads of the wandering nomand (0.97525) : +0.779094 %, alt : +2.2436, from: aq20
    boots of epiphany (0.784454) : +0.713168 %, alt : +2.07689, from: aq40
    snowblind shoes (0.604614) : +0.651027 %, alt : +1.906, from: azuregos
    betrayer's boots (0.484711) : +0.609596 %, alt : +1.8031, from: zg
    boots of the full moon (0.435486) : +0.592588 %, alt : +1.57257, from: pre-raid
- . - ' - . - ' - . - ' - . - ' - . - ' - . -
finger, pure elementium band (1.9516), alt: 3.11624 -> :
- . - ' - . - ' - . - ' - . - ' - . - ' - . -
finger 2, fordring's seal (2.17004), alt: 2.16324 -> :
    pure elementium band (0.833618) : -0.456961 %, alt : +3.11624, from: bwl
    ring of the martyr (3.24976) : +0.369184 %, alt : +2.93916, from: aq40
    cauterizing band (2.99503) : +0.282084 %, alt : +2.72519, from: mc
    primalist's seal (2.96317) : +0.27119 %, alt : +2.69637, from: zg
- . - ' - . - ' - . - ' - . - ' - . - ' - . -
trinket, rejuvenating gem (3.05258), alt: 3.80362 -> :
    hazza'rah's charm of healing (0) : -1.03992 %, alt : +1.32551, from: zg
    darkmoon card: blue dragon (-2.02206) : -1.72878 %, alt : +0, from: 
- . - ' - . - ' - . - ' - . - ' - . - ' - . -
trinket 2, hazza'rah's charm of healing (17.1279), alt: 1.3255 -> :
    rejuvenating gem (1.2413) : -5.4121 %, alt : +3.80362, from: bwl
    hibernation crystal (0.619873) : -5.6238 %, alt : +3.40021, from: ysondre
    zandalarian hero charm (0.315948) : -5.72734 %, alt : +2.30523, from: zg
    royal seal of eldre'thalas (-0.0516968) : -5.85259 %, alt : +1.90181, from: pre-raid
    briarwood reed (-0.308228) : -5.93998 %, alt : +1.67129, from: pre-raid
    scarab brooch (-0.472443) : -5.99592 %, alt : +1.44077, from: aq40
    hazza'rah's charm of healing (17.1279) : +0 %, alt : +1.32551, from: zg
    darkmoon card: blue dragon (-1.49808) : -6.34533 %, alt : +0, from: 
- - - - - - - - - - - - - - - - - - - - - - - - - - - - - - - - - - - - - - - - - 
| Upgrades at best in slot level, from start item to candidate, partial bonuses: 0: |
  alt scores are from least squares fit, special score from e.g. set bonuses as s are part of em
. . . . . . . . . . . . . . . . . . . . . . . . . . . . . . . . . . . . . . . . . 
- . - ' - . - ' - . - ' - . - ' - . - ' - . -
head, zulian headdress (1.99792), alt: 3.26242 -> :
    crystal adorned crown (4.13226) : +0.734812 %, alt : +5.38856, from: azuregos
    don rigoberto's lost hat (0.370758) : -0.560203 %, alt : +3.83672, from: aq40
    eternal crown of healing (3.841) : +0.634537 %, alt : +3.68836, from: random green
    green lens of healing (3.33636) : +0.4608 %, alt : +3.11206, from: pre-raid
    halo of transcendence (2.01926) : +0.00734413 %, alt : +2.93317, from: onyxia
    cassandra's grace (2.38083) : +0.131827 %, alt : +2.53575, from: pre-raid
    cassandra's grace (2.38083) : +0.131827 %, alt : +2.53575, from: pre-raid
- . - ' - . - ' - . - ' - . - ' - . - ' - . -
neck, jin'do's evil eye (2.04819), alt: 2.60376 -> :
    amulet of the fallen god (1.39874) : -0.221469 %, alt : +3.35294, from: aq40
    amulet of the shifting sands (0.622253) : -0.486262 %, alt : +2.65101, from: aq20
- . - ' - . - ' - . - ' - . - ' - . - ' - . -
shoulders, zandalar confessor's mantle (1.60635), alt: 2.74173 -> :
    zandalar confessor's mantle (1.60635) : +0 %, alt : +2.74173, from: zg
    mantle of the blackwing cabal (2.34421) : +0.252176 %, alt : +2.05835, from: bwl
- . - ' - . - ' - . - ' - . - ' - . - ' - . -
back, hide of the wild (2.03497), alt: 2.4823 -> :
- . - ' - . - ' - . - ' - . - ' - . - ' - . -
chest, truefaith vestments (2.54443), alt: 4.20703 -> :
- . - ' - . - ' - . - ' - . - ' - . - ' - . -
wrists, bindings of transcendence (0.689392), alt: 1.98218 -> :
    bracelets of royal redemption (2.06277) : +0.471594 %, alt : +3.11624, from: aq40
    flameweave cuffs of healing (2.1936) : +0.516518 %, alt : +1.90181, from: brd
    zandalar confessor's wraps (0.296539) : -0.134898 %, alt : +1.45113, from: zg
- . - ' - . - ' - . - ' - . - ' - . - ' - . -
two-hand, benediction (3.40582), alt: 6.59076 -> :
    scepter of the false prophet and lei of the lifegiver (1.69742) : -0.577163 %, alt : +13.9488, from: aq40, av rep
    scepter of the false prophet and sartura's might (2.52615) : -0.297185 %, alt : +13.8706, from: aq40, aq40
    scepter of the false prophet and brightly glowing stone (2.67819) : -0.245821 %, alt : +13.0267, from: aq40, pre-raid
    scepter of the false prophet and arlokk's hoodoo stick (1.60037) : -0.609949 %, alt : +12.3074, from: aq40, zg
    blessed qiraji augur staff (4.17419) : +0.259585 %, alt : +8.38954, from: aq40
    gavel of infinite wisdom and lei of the lifegiver (3.3147) : -0.0307856 %, alt : +8.30918, from: aq20, av rep
    gavel of infinite wisdom and sartura's might (4.34879) : +0.318568 %, alt : +8.23101, from: aq20, aq40
    lok'amir il romathis and lei of the lifegiver (3.66928) : +0.089006 %, alt : +8.00667, from: bwl, av rep
    lok'amir il romathis and sartura's might (4.52341) : +0.377562 %, alt : +7.92849, from: bwl, aq40
    gavel of infinite wisdom and brightly glowing stone (3.82867) : +0.142855 %, alt : +7.38709, from: aq20, pre-raid
    lok'amir il romathis and brightly glowing stone (3.72617) : +0.108224 %, alt : +7.08458, from: bwl, pre-raid
    gavel of infinite wisdom and arlokk's hoodoo stick (3.34686) : -0.0199189 %, alt : +6.66777, from: aq20, zg
    lok'amir il romathis and arlokk's hoodoo stick (3.42496) : +0.00646435 %, alt : +6.36526, from: bwl, zg
    fang of the mystics and sartura's might (3.42358) : +0.00600041 %, alt : +5.48843, from: azuregos, aq40
- . - ' - . - ' - . - ' - . - ' - . - ' - . -
ranged, dragon's touch (0.457825), alt: 0.419952 -> :
    lunar wand of healing (1.38968) : +0.319497 %, alt : +1.15261, from: random green
    wandof qiraji nobility (1.32471) : +0.297221 %, alt : +1.09498, from: aq40
    antenna of invigoration (0.869995) : +0.141317 %, alt : +0.773924, from: aq20
    bonecreeper stylus (0.740906) : +0.0970576 %, alt : +0.658663, from: pre-raid
- . - ' - . - ' - . - ' - . - ' - . - ' - . -
hands, handguards of transcendence (2.26895), alt: 1.94006 -> :
    atal'ai hands of healing (3.4888) : +0.418653 %, alt : +3.05443, from: sunken temple
    high councillor's gloves of healing (2.94751) : +0.232882 %, alt : +2.65101, from: random green
    dark storm gauntlets (2.44247) : +0.0595532 %, alt : +2.22506, from: aq40
    gloves of dark wisdom (0.842499) : -0.489559 %, alt : +2.1407, from: aq20
    hands of the exalted herald (2.16983) : -0.0340184 %, alt : +1.98217, from: pre-raid
- . - ' - . - ' - . - ' - . - ' - . - ' - . -
waist, whipvine cord (1.30719), alt: 1.836 -> :
    grasp of the old god (1.58185) : +0.0939581 %, alt : +3.51766, from: aq40
    eyestalk waist cord (2.17169) : +0.295738 %, alt : +2.56363, from: aq40
    firemaw's clutch (0.105133) : -0.411213 %, alt : +2.09125, from: bwl
    zandalar confessor's bindings (1.03799) : -0.0920893 %, alt : +1.62203, from: zg
- . - ' - . - ' - . - ' - . - ' - . - ' - . -
legs, empowered leggings (3.14005), alt: 4.65689 -> :
- . - ' - . - ' - . - ' - . - ' - . - ' - . -
feet, boots of transcendence (0.139191), alt: 2.12216 -> :
    boots of pure thought (1.75015) : +0.553626 %, alt : +3.64728, from: bwl
    treads of the wandering nomand (0.278046) : +0.0477192 %, alt : +2.2436, from: aq20
- . - ' - . - ' - . - ' - . - ' - . - ' - . -
finger, pure elementium band (2.06277), alt: 3.11624 -> :
    ring of spellpower (2.1936) : +0.0447133 %, alt : +1.90181, from: mc
- . - ' - . - ' - . - ' - . - ' - . - ' - . -
finger 2, fordring's seal (2.46982), alt: 2.16324 -> :
    pure elementium band (3.74649) : +0.437654 %, alt : +3.11624, from: bwl
    ring of the martyr (3.35635) : +0.303912 %, alt : +2.93916, from: aq40
    cauterizing band (3.09641) : +0.214799 %, alt : +2.72519, from: mc
- . - ' - . - ' - . - ' - . - ' - . - ' - . -
trinket, rejuvenating gem (1.96069), alt: 3.80362 -> :
    hazza'rah's charm of healing (0) : -0.670106 %, alt : +1.32551, from: zg
    darkmoon card: blue dragon (-2.95032) : -1.67843 %, alt : +0, from: 
- . - ' - . - ' - . - ' - . - ' - . - ' - . -
trinket 2, hazza'rah's charm of healing (16.7556), alt: 1.3255 -> :
    rejuvenating gem (1.20343) : -5.31526 %, alt : +3.80362, from: bwl
    hibernation crystal (0.524445) : -5.54731 %, alt : +3.40021, from: ysondre
    zandalarian hero charm (0.23172) : -5.64736 %, alt : +2.30523, from: zg
    royal seal of eldre'thalas (3.7005) : -4.46183 %, alt : +1.90181, from: pre-raid
    briarwood reed (3.43375) : -4.553 %, alt : +1.67129, from: pre-raid
    scarab brooch (4.80441) : -4.08455 %, alt : +1.44077, from: aq40
    hazza'rah's charm of healing (16.7556) : +0 %, alt : +1.32551, from: zg
    darkmoon card: blue dragon (-1.49326) : -6.2369 %, alt : +0, from: 
- - - - - - - - - - - - - - - - - - - - - - - - - - - - - - - - - - - - - - - - - 
| Upgrades at start level, from start item to candidate, partial bonuses: 1: |
  alt scores are from least squares fit, special score from e.g. set bonuses as s are part of em
. . . . . . . . . . . . . . . . . . . . . . . . . . . . . . . . . . . . . . . . . 
- . - ' - . - ' - . - ' - . - ' - . - ' - . -
head, zulian headdress (0.300781), alt: 3.26242 -> :
    crystal adorned crown (2.97061) : +0.966921 %, alt : +5.38856, from: azuregos
    don rigoberto's lost hat (0.438721) : +0.0499569 %, alt : +3.83672, from: aq40
    eternal crown of healing (0.738464) : +0.158514 %, alt : +3.68836, from: random green
    halo of transcendence (-1.00327) : -0.472281 %, alt : +2.93317, from: onyxia
- . - ' - . - ' - . - ' - . - ' - . - ' - . -
neck, jin'do's evil eye (1.83691), alt: 2.60376 -> :
    amulet of the fallen god (1.52792) : -0.111906 %, alt : +3.35294, from: aq40
    amulet of the shifting sands (1.92456) : +0.0317425 %, alt : +2.65101, from: aq20
- . - ' - . - ' - . - ' - . - ' - . - ' - . -
shoulders, zandalar confessor's mantle (1.98438), alt: 2.74173 -> :
    zandalar confessor's mantle (1.98438) : +0 %, alt : +2.74173, from: zg
    pauldrons of transcendence (0.959778) : -0.371074 %, alt : +1.65293, from: bwl
- . - ' - . - ' - . - ' - . - ' - . - ' - . -
back, hide of the wild (1.68088), alt: 2.4823 -> :
- . - ' - . - ' - . - ' - . - ' - . - ' - . -
chest, truefaith vestments (0.865967), alt: 4.20703 -> :
    robes of transcendence (-0.771179) : -0.592918 %, alt : +3.45185, from: bwl
- . - ' - . - ' - . - ' - . - ' - . - ' - . -
wrists, bindings of transcendence (1.19675), alt: 1.98218 -> :
    bracelets of royal redemption (2.30417) : +0.40107 %, alt : +3.11624, from: aq40
    bindings of transcendence (1.19675) : +0 %, alt : +1.98217, from: bwl
    zandalar confessor's wraps (0.64801) : -0.198734 %, alt : +1.45113, from: zg
- . - ' - . - ' - . - ' - . - ' - . - ' - . -
two-hand, benediction (0.445709), alt: 6.59076 -> :
    scepter of the false prophet and lei of the lifegiver (4.6983) : +1.54014 %, alt : +13.9488, from: aq40, av rep
    scepter of the false prophet and sartura's might (4.59225) : +1.50174 %, alt : +13.8706, from: aq40, aq40
    scepter of the false prophet and brightly glowing stone (5.50687) : +1.83298 %, alt : +13.0267, from: aq40, pre-raid
    scepter of the false prophet and arlokk's hoodoo stick (6.32925) : +2.13082 %, alt : +12.3074, from: aq40, zg
    blessed qiraji augur staff (2.16956) : +0.624318 %, alt : +8.38954, from: aq40
    gavel of infinite wisdom and lei of the lifegiver (2.53659) : +0.757245 %, alt : +8.30918, from: aq20, av rep
    gavel of infinite wisdom and sartura's might (2.42035) : +0.715147 %, alt : +8.23101, from: aq20, aq40
    lok'amir il romathis and lei of the lifegiver (1.64282) : +0.433553 %, alt : +8.00667, from: bwl, av rep
    lok'amir il romathis and sartura's might (1.52805) : +0.391985 %, alt : +7.92849, from: bwl, aq40
    gavel of infinite wisdom and brightly glowing stone (1.07809) : +0.229028 %, alt : +7.38709, from: aq20, pre-raid
    lok'amir il romathis and brightly glowing stone (0.670807) : +0.0815226 %, alt : +7.08458, from: bwl, pre-raid
    gavel of infinite wisdom and arlokk's hoodoo stick (0.446442) : +0.000265258 %, alt : +6.66777, from: aq20, zg
- . - ' - . - ' - . - ' - . - ' - . - ' - . -
ranged, dragon's touch (0.380493), alt: 0.419952 -> :
    lunar wand of healing (1.07016) : +0.249774 %, alt : +1.15261, from: random green
    wandof qiraji nobility (0.995392) : +0.222695 %, alt : +1.09498, from: aq40
    antenna of invigoration (0.708069) : +0.118637 %, alt : +0.773924, from: aq20
    bonecreeper stylus (0.709442) : +0.119134 %, alt : +0.658663, from: pre-raid
- . - ' - . - ' - . - ' - . - ' - . - ' - . -
hands, handguards of transcendence (1.26633), alt: 1.94006 -> :
    atal'ai hands of healing (2.70551) : +0.521221 %, alt : +3.05443, from: sunken temple
    high councillor's gloves of healing (2.40057) : +0.410785 %, alt : +2.65101, from: random green
    dark storm gauntlets (1.50098) : +0.0849821 %, alt : +2.22506, from: aq40
    gloves of dark wisdom (1.37997) : +0.0411592 %, alt : +2.1407, from: aq20
    hands of the exalted herald (1.1911) : -0.0272442 %, alt : +1.98217, from: pre-raid
    handguards of transcendence (1.26633) : +0 %, alt : +1.94006, from: bwl
- . - ' - . - ' - . - ' - . - ' - . - ' - . -
waist, whipvine cord (1.46408), alt: 1.836 -> :
    grasp of the old god (2.73605) : +0.460665 %, alt : +3.51766, from: aq40
    eyestalk waist cord (2.26328) : +0.289441 %, alt : +2.56363, from: aq40
    firemaw's clutch (1.78592) : +0.116559 %, alt : +2.09125, from: bwl
    zandalar confessor's bindings (1.15747) : -0.111044 %, alt : +1.62203, from: zg
- . - ' - . - ' - . - ' - . - ' - . - ' - . -
legs, empowered leggings (1.30142), alt: 4.65689 -> :
    leggings of transcendence (-0.396576) : -0.614957 %, alt : +2.78082, from: mc
- . - ' - . - ' - . - ' - . - ' - . - ' - . -
feet, boots of transcendence (1.36938), alt: 2.12216 -> :
    boots of pure thought (3.4726) : +0.761711 %, alt : +3.64728, from: bwl
    treads of the wandering nomand (1.52469) : +0.0562458 %, alt : +2.2436, from: aq20
    boots of transcendence (1.36938) : +0 %, alt : +2.12216, from: bwl
- . - ' - . - ' - . - ' - . - ' - . - ' - . -
finger, pure elementium band (0.142242), alt: 3.11624 -> :
    ring of entropy (0.786896) : +0.233471 %, alt : +0.225498, from: kazzak
    dragonslayer's signet (0.781281) : +0.231438 %, alt : +0.219316, from: onyxia
- . - ' - . - ' - . - ' - . - ' - . - ' - . -
finger 2, fordring's seal (1.89517), alt: 2.16324 -> :
    pure elementium band (2.83063) : +0.33879 %, alt : +3.11624, from: bwl
    ring of the martyr (2.62436) : +0.264087 %, alt : +2.93916, from: aq40
    cauterizing band (2.45706) : +0.203497 %, alt : +2.72519, from: mc
    primalist's seal (2.41971) : +0.189969 %, alt : +2.69637, from: zg
- . - ' - . - ' - . - ' - . - ' - . - ' - . -
trinket, rejuvenating gem (0.385071), alt: 3.80362 -> :
    hazza'rah's charm of healing (0) : -0.139459 %, alt : +1.32551, from: zg
    darkmoon card: blue dragon (0) : -0.139459 %, alt : +0, from: 
- . - ' - . - ' - . - ' - . - ' - . - ' - . -
trinket 2, hazza'rah's charm of healing (15.6686), alt: 1.3255 -> :
    rejuvenating gem (3.87314) : -4.27191 %, alt : +3.80362, from: bwl
    hibernation crystal (3.8739) : -4.27164 %, alt : +3.40021, from: ysondre
    zandalarian hero charm (2.30252) : -4.84074 %, alt : +2.30523, from: zg
    royal seal of eldre'thalas (1.93546) : -4.97368 %, alt : +1.90181, from: pre-raid
    briarwood reed (1.72177) : -5.05107 %, alt : +1.67129, from: pre-raid
    scarab brooch (1.43259) : -5.1558 %, alt : +1.44077, from: aq40
    hazza'rah's charm of healing (15.6686) : +0 %, alt : +1.32551, from: zg
    darkmoon card: blue dragon (0) : -5.67463 %, alt : +0, from: 
- - - - - - - - - - - - - - - - - - - - - - - - - - - - - - - - - - - - - - - - - 
| Upgrades at start level, from start item to candidate, partial bonuses: 0: |
  alt scores are from least squares fit, special score from e.g. set bonuses as s are part of em
. . . . . . . . . . . . . . . . . . . . . . . . . . . . . . . . . . . . . . . . . 
- . - ' - . - ' - . - ' - . - ' - . - ' - . -
head, zulian headdress (0.038269), alt: 3.26242 -> :
    crystal adorned crown (2.5246) : +0.90201 %, alt : +5.38856, from: azuregos
    don rigoberto's lost hat (-0.0547791) : -0.0337567 %, alt : +3.83672, from: aq40
    eternal crown of healing (0.24054) : +0.0733813 %, alt : +3.68836, from: random green
    halo of transcendence (-1.39297) : -0.519238 %, alt : +2.93317, from: onyxia
- . - ' - . - ' - . - ' - . - ' - . - ' - . -
neck, jin'do's evil eye (-0.156921), alt: 2.60376 -> :
    amulet of the fallen god (-0.55777) : -0.145423 %, alt : +3.35294, from: aq40
    amulet of the shifting sands (-0.14563) : +0.00409642 %, alt : +2.65101, from: aq20
- . - ' - . - ' - . - ' - . - ' - . - ' - . -
shoulders, zandalar confessor's mantle (-0.00262451), alt: 2.74173 -> :
    zandalar confessor's mantle (-0.00262451) : +0 %, alt : +2.74173, from: zg
    pauldrons of transcendence (-0.906464) : -0.327902 %, alt : +1.65293, from: bwl
- . - ' - . - ' - . - ' - . - ' - . - ' - . -
back, hide of the wild (-0.29187), alt: 2.4823 -> :
- . - ' - . - ' - . - ' - . - ' - . - ' - . -
chest, truefaith vestments (0.86853), alt: 4.20703 -> :
    robes of transcendence (-1.14621) : -0.730924 %, alt : +3.45185, from: bwl
    robe of volatile power (1.70868) : +0.304796 %, alt : +1.70851, from: mc
- . - ' - . - ' - . - ' - . - ' - . - ' - . -
wrists, bindings of transcendence (-0.393738), alt: 1.98218 -> :
    bracelets of royal redemption (2.3992) : +1.01324 %, alt : +3.11624, from: aq40
    bindings of transcendence (-0.393738) : +0 %, alt : +1.98217, from: bwl
    flameweave cuffs of healing (1.36765) : +0.639009 %, alt : +1.90181, from: brd
    burrower bracers (1.06592) : +0.529546 %, alt : +1.69402, from: aq40
    black bark wristbands (0.789642) : +0.429316 %, alt : +1.46549, from: lethon
    zandalar confessor's wraps (0.753723) : +0.416285 %, alt : +1.45113, from: zg
- . - ' - . - ' - . - ' - . - ' - . - ' - . -
two-hand, benediction (2.39023), alt: 6.59076 -> :
    scepter of the false prophet and lei of the lifegiver (8.54123) : +2.23151 %, alt : +13.9488, from: aq40, av rep
    scepter of the false prophet and sartura's might (8.43457) : +2.19282 %, alt : +13.8706, from: aq40, aq40
    scepter of the false prophet and brightly glowing stone (8.66586) : +2.27673 %, alt : +13.0267, from: aq40, pre-raid
    scepter of the false prophet and arlokk's hoodoo stick (7.15637) : +1.7291 %, alt : +12.3074, from: aq40, zg
    blessed qiraji augur staff (3.2486) : +0.311406 %, alt : +8.38954, from: aq40
    gavel of infinite wisdom and lei of the lifegiver (3.61157) : +0.443089 %, alt : +8.30918, from: aq20, av rep
    gavel of infinite wisdom and sartura's might (3.57834) : +0.431032 %, alt : +8.23101, from: aq20, aq40
    lok'amir il romathis and lei of the lifegiver (3.42432) : +0.375155 %, alt : +8.00667, from: bwl, av rep
    lok'amir il romathis and sartura's might (3.30936) : +0.333449 %, alt : +7.92849, from: bwl, aq40
    gavel of infinite wisdom and brightly glowing stone (2.79007) : +0.145058 %, alt : +7.38709, from: aq20, pre-raid
    lok'amir il romathis and brightly glowing stone (2.51797) : +0.0463449 %, alt : +7.08458, from: bwl, pre-raid
    gavel of infinite wisdom and arlokk's hoodoo stick (2.3165) : -0.0267485 %, alt : +6.66777, from: aq20, zg
    sorcerous dagger and lei of the lifegiver (2.67419) : +0.103019 %, alt : +4.31212, from: mc, av rep
    sorcerous dagger and sartura's might (2.68695) : +0.107647 %, alt : +4.23395, from: mc, aq40
    fang of the mystics and arlokk's hoodoo stick (2.48898) : +0.0358271 %, alt : +3.92519, from: azuregos, zg
    wushoolay's poker and brightly glowing stone (2.60806) : +0.0790277 %, alt : +3.91889, from: zg, pre-raid
    the hammer of grace and brightly glowing stone (2.60806) : +0.0790277 %, alt : +3.91889, from: pre-raid, pre-raid
    witchblade and lei of the lifegiver (2.57654) : +0.067591 %, alt : +3.91071, from: pre-raid, av rep
    witchblade and sartura's might (2.45493) : +0.0234714 %, alt : +3.83253, from: pre-raid, aq40
    zulian scepter of rites and brightly glowing stone (2.5589) : +0.0611917 %, alt : +3.68018, from: zg, pre-raid
    stinger of ayamiss and arlokk's hoodoo stick (2.85287) : +0.167843 %, alt : +3.67613, from: aq20, zg
    aurastone hammer and brightly glowing stone (2.49179) : +0.0368457 %, alt : +3.63492, from: mc, pre-raid
    hypnotic blade and lei of the lifegiver (2.4801) : +0.0326053 %, alt : +3.62255, from: pre-raid, av rep
    fang of venoxis and brightly glowing stone (2.40137) : +0.00404107 %, alt : +3.56492, from: zg, pre-raid
- . - ' - . - ' - . - ' - . - ' - . - ' - . -
ranged, dragon's touch (0.511627), alt: 0.419952 -> :
    lunar wand of healing (1.10468) : +0.215151 %, alt : +1.15261, from: random green
    wandof qiraji nobility (1.02997) : +0.188048 %, alt : +1.09498, from: aq40
    antenna of invigoration (0.603699) : +0.0334025 %, alt : +0.773924, from: aq20
    bonecreeper stylus (0.589905) : +0.0283982 %, alt : +0.658663, from: pre-raid
- . - ' - . - ' - . - ' - . - ' - . - ' - . -
hands, handguards of transcendence (-0.324219), alt: 1.94006 -> :
    atal'ai hands of healing (2.33472) : +0.96463 %, alt : +3.05443, from: sunken temple
    high councillor's gloves of healing (1.95697) : +0.827588 %, alt : +2.65101, from: random green
    dark storm gauntlets (1.49857) : +0.661284 %, alt : +2.22506, from: aq40
    gloves of dark wisdom (1.474) : +0.652372 %, alt : +2.1407, from: aq20
    hands of the exalted herald (1.3606) : +0.611231 %, alt : +1.98217, from: pre-raid
    handguards of transcendence (-0.324219) : +0 %, alt : +1.94006, from: bwl
    gloves of delusional power (1.0043) : +0.481972 %, alt : +1.65493, from: emeriss; lethon; taerar; ysondre
    hands of power (0.872894) : +0.434298 %, alt : +1.53549, from: pre-raid
- . - ' - . - ' - . - ' - . - ' - . - ' - . -
waist, whipvine cord (1.23367), alt: 1.836 -> :
    grasp of the old god (1.72052) : +0.176622 %, alt : +3.51766, from: aq40
    eyestalk waist cord (1.935) : +0.254432 %, alt : +2.56363, from: aq40
    firemaw's clutch (1.30453) : +0.0257078 %, alt : +2.09125, from: bwl
    zandalar confessor's bindings (0.929962) : -0.110183 %, alt : +1.62203, from: zg
- . - ' - . - ' - . - ' - . - ' - . - ' - . -
legs, empowered leggings (1.60806), alt: 4.65689 -> :
    leggings of transcendence (0.138428) : -0.533166 %, alt : +2.78082, from: mc
    senior designer's pantaloons (2.42923) : +0.29791 %, alt : +2.3485, from: pre-raid
    ritualistic legguards (1.91656) : +0.111921 %, alt : +2.21887, from: zg
    skyshroud leggings (1.80301) : +0.0707242 %, alt : +2.00889, from: pre-raid
- . - ' - . - ' - . - ' - . - ' - . - ' - . -
feet, boots of transcendence (-0.219177), alt: 2.12216 -> :
    boots of pure thought (2.95294) : +1.15081 %, alt : +3.64728, from: bwl
    treads of the wandering nomand (0.213806) : +0.157081 %, alt : +2.2436, from: aq20
    boots of transcendence (-0.219177) : +0 %, alt : +2.12216, from: bwl
    boots of epiphany (1.55161) : +0.642419 %, alt : +2.07689, from: aq40
    snowblind shoes (1.3515) : +0.569824 %, alt : +1.906, from: azuregos
    betrayer's boots (1.21234) : +0.519338 %, alt : +1.8031, from: zg
    boots of the full moon (0.911469) : +0.410185 %, alt : +1.57257, from: pre-raid
- . - ' - . - ' - . - ' - . - ' - . - ' - . -
finger, pure elementium band (-0.149017), alt: 3.11624 -> :
    zanzil's seal (0.201294) : +0.127089 %, alt : +0.695751, from: zg
    ring of entropy (0.421753) : +0.207069 %, alt : +0.225498, from: kazzak
    dragonslayer's signet (0.415924) : +0.204954 %, alt : +0.219316, from: onyxia
- . - ' - . - ' - . - ' - . - ' - . - ' - . -
finger 2, fordring's seal (1.1265), alt: 2.16324 -> :
    pure elementium band (1.96503) : +0.304209 %, alt : +3.11624, from: bwl
    ring of the martyr (1.75903) : +0.229477 %, alt : +2.93916, from: aq40
    cauterizing band (1.45255) : +0.118287 %, alt : +2.72519, from: mc
- . - ' - . - ' - . - ' - . - ' - . - ' - . -
trinket, rejuvenating gem (0.754028), alt: 3.80362 -> :
    hazza'rah's charm of healing (0) : -0.273552 %, alt : +1.32551, from: zg
    darkmoon card: blue dragon (0) : -0.273552 %, alt : +0, from: 
- . - ' - . - ' - . - ' - . - ' - . - ' - . -
trinket 2, hazza'rah's charm of healing (16.5095), alt: 1.3255 -> :
    rejuvenating gem (4.85947) : -4.2265 %, alt : +3.80362, from: bwl
    hibernation crystal (4.55893) : -4.33553 %, alt : +3.40021, from: ysondre
    zandalarian hero charm (3.00021) : -4.90102 %, alt : +2.30523, from: zg
    royal seal of eldre'thalas (2.49423) : -5.08458 %, alt : +1.90181, from: pre-raid
    briarwood reed (2.34091) : -5.1402 %, alt : +1.67129, from: pre-raid
    scarab brooch (2.22433) : -5.1825 %, alt : +1.44077, from: aq40
    hazza'rah's charm of healing (16.5095) : +0 %, alt : +1.32551, from: zg
    darkmoon card: blue dragon (0.712311) : -5.73104 %, alt : +0, from: 
------------------
Best value: 293.08
