Your call: ./css 4 ../items/phase5.csv ../items/not_for_priests.txt no-locks own_bwl_speed_phase5 -a ../confs/wcl_bwl_speed_log.csv -l own_speed.txt 
Found: -a, val: ../confs/wcl_bwl_speed_log.csv
./css 4 ../items/phase5.csv ../items/not_for_priests.txt no-locks own_bwl_speed_phase5 -l own_speed.txt 
Found key: buff_fraction, saw val: 1
Found key: healing_from_crit_fraction, saw val: 0.2
Found key: transc8_exists, saw val: 0
Found key: enchantments, saw val: 1
Found key: fort, saw val: 1
Found key: motw, saw val: 1
Found key: spirit, saw val: 1
Found key: ai, saw val: 1
Found key: flask, saw val: 1
Found key: holy_disc, saw val: 0
Found key: min_combat_length, saw val: 2
Found key: max_log_entry_diff_in_combat, saw val: 10
Found key: precast, saw val: 1
Found key: swap_cast, saw val: 1
Found key: time_step, saw val: 0.1
Found key: reaction_time, saw val: 0.1
Found key: skip_player, saw val: Paisti
Found key: use_deficit_time_sum, saw val: 0
Found key: wcl_log, saw val: 1
Found: -l, val: own_speed.txt
./css 4 ../items/phase5.csv ../items/not_for_priests.txt no-locks own_bwl_speed_phase5 
Will read log from: own_speed.txt
./css 4 ../items/phase5.csv ../items/not_for_priests.txt no-locks own_bwl_speed_phase5 
./css 4 ../items/phase5.csv ../items/not_for_priests.txt no-locks own_bwl_speed_phase5 
Shuffle seed: 2416673600
Reading banned from: ../items/not_for_priests.txt
Banning: neltharion's tear
Banning: lok'amir il romathis
Banning: choker of the fire lord
Reading WCL parsed log: own_speed.txt
Saw 16390 lines of log, with 16390 log lines
Sorting by timestamp...
Sorted.
Pruning log from: 16390 entries.
Combat from 0 to 15.537 s
Combat from 52.063 to 294.972 s
Combat from 299.432 to 326.623 s
Combat from 341.566 to 353.268 s
Combat from 389.344 to 407.92 s
Combat from 428.534 to 465.493 s
Combat from 487.942 to 694.469 s
Combat from 708.158 to 733.147 s
Combat from 746.222 to 775.768 s
Combat from 807.693 to 836.877 s
Combat from 859.101 to 889.438 s
Combat from 896.752 to 932.532 s
Combat from 937.204 to 959.452 s
Combat from 972.4 to 1123.47 s
Combat from 1140.11 to 1200.06 s
Combat from 1240.09 to 1362.57 s
Combat from 1376.17 to 1457.62 s
Pruned to: 16198 entries.
----------------------------------------------------------
---- Baseline results without simulated player input: ----
----------------------------------------------------------
oh_limit: 0.9
time_left_mul: 0.5
total_deficit_to_pop_trinkets: 10000
in combat total: 1148.9
Total time casting: 0, which is: 0% of time in combat.
Total hps: 0, raw hps: 0, oh: -nan
Deficit time sum: 1.17682e+07, baseline: 0
Deficit*time change / s: -10243.1 hp
Number of combats: 17
Average mana at start of combat: 0
Average mana at end of combat: 0
Other players with hps > 100:
  Abq : 200.682 hps
  Acé : 140.619 hps
  Drargon : 158.577 hps
  Emilio : 132.965 hps
  Gono : 170.848 hps
  Hap : 156.784 hps
  Hasd : 233.172 hps
  Mladfotm : 126.35 hps
  Roast : 172.294 hps
  Saulty : 147.354 hps
Reading tmp locked from: start_with.txt
Locking: anastari heirloom
Locking: anathema
Locking: animated chain necklace
Locking: argent crusader
Locking: atal'ai gloves of the owl
Locking: ban'thok sash
Locking: banshee finger
Locking: benediction
Locking: blood of the martyr
Locking: briarwood reed
Locking: burial shawl
Locking: clutch of andros
Locking: crimson felt hat
Locking: cyclopean band
Locking: devout belt
Locking: devout bracers
Locking: devout crown
Locking: devout mantle
Locking: devout robe
Locking: devout sandals
Locking: devout skirt
Locking: dragon finger of healing
Locking: dragon finger of intellect
Locking: dragonrider boots
Locking: dragonslayer's signet
Locking: drakefire amulet
Locking: dreadmist mantle
Locking: dreamweave circlet
Locking: dreamweave gloves
Locking: dreamweave vest
Locking: elder magus pendant
Locking: eye of the beast
Locking: fordring's seal
Locking: girdle of prophecy
Locking: gloves of prophecy
Locking: grimgore noose
Locking: halo of transcendence
Locking: heart of the fiend
Locking: hide of the wild
Locking: kentic amice
Locking: magister's robes
Locking: maleki's footwraps
Locking: mindtap talisman
Locking: nature's breath
Locking: necropile boots
Locking: necropile cuffs
Locking: necropile leggings
Locking: necropile mantle
Locking: necropile robe
Locking: noxious shooter
Locking: omnicast boots
Locking: orb of the forgotten seer
Locking: padre's trousers
Locking: penelope's rose
Locking: quel'dorai channeling rod
Locking: raincaster drape
Locking: rainstrider leggings
Locking: ring of demonic guile
Locking: ring of demonic guile
Locking: robes of prophecy
Locking: robes of the exalted
Locking: robes of the royal crown
Locking: rod of corrosion
Locking: rosewine circle
Locking: royal seal of eldre'thalas
Locking: royal tribunal cloak
Locking: sarah's guide
Locking: seal of rivendare
Locking: seal of rivendare
Locking: shadowy laced handwraps
Locking: silkweb gloves
Locking: soulstealer mantle
Locking: spellbound tome
Locking: spritecaster cape
Locking: star of mystaria
Locking: starfire tiara
Locking: stormrager
Locking: sublime wristguards
Locking: the hammer of grace
Locking: the postmaster's treads
Locking: thuzadin sash
Locking: triune amulet
Locking: vinerot sandals
Locking: whipvine cord
Locking: wolfshear leggings
Locking: boots of the full moon
Locking: mantle of prophecy
Locking: dragon's touch
Locking: bindings of transcendence
Locking: shimmering geta
Locking: empowered leggings
Locking: seal of the archmagus
Locking: circlet of prophecy
Locking: boots of prophecy
Locking: pauldrons of transcendence
Locking: primalist's seal
Locking: zandalar confessor's bindings
Locking: zulian headdress
Locking: mar'li's eye
Locking: shroud of pure thought
Locking: belt of transcendence
Locking: jin'do's evil eye
Locking: primalist's band
Locking: zandalarian hero charm
Locking: zandalar confessor's mantle
Locking: zandalar confessor's wraps 
Locking: pure elementium band
Locking: truefaith vestments
Locking: vambraces of prophecy
Locking: hazza'rah's charm of healing
Locking: handguards of transcendence
Locking: boots of transcendence
Locking: darkmoon card: blue dragon
Locking: rejuvenating gem
Optimizing start items...

*** NEW BEST (1): 153.463

*** NEW BEST (1): 154.897

*** NEW BEST (1): 156.939

*** NEW BEST (1): 164.578

*** NEW BEST (1): 169.128

*** NEW BEST (1): 171.107

*** NEW BEST (1): 173.447

*** NEW BEST (1): 174.836

*** NEW BEST (1): 176.312

*** NEW BEST (1): 176.941

*** NEW BEST (1): 177.132

*** NEW BEST (1): 180.106

*** NEW BEST (1): 181.636

*** NEW BEST (1): 184.555

*** NEW BEST (1): 187.571

*** NEW BEST (1): 189.067
******
*** NEW BEST (1): 190.249

*** NEW BEST (1): 190.669
*****
*** NEW BEST (0): 162.378
Based on last: 3000 entries, out of total: 3355 entries, The least-squares solution is:
Int: 12.5401
Spirit: 9.56302
Sp / Healing: 100
Mp5: 9.82966
Crit: 330.374
T1 3p/piece: 4741.27
T2 3p/piece: 507.587
Hazza'rah's: 17385.6
Darkmoon: 0
100 points == 1 sp == 0.0366071 hps.
neck : animated chain necklace -> jin'do's evil eye => val: 162.378 -> 162.968

*** NEW BEST (0): 162.968
Based on last: 3000 entries, out of total: 3395 entries, The least-squares solution is:
Int: 12.6195
Spirit: 10.2983
Sp / Healing: 100
Mp5: 9.42396
Crit: 327.477
T1 3p/piece: 4727.3
T2 3p/piece: 522.111
Hazza'rah's: 17377.9
Darkmoon: 0
100 points == 1 sp == 0.0366214 hps.
trinket : eye of the beast -> hazza'rah's charm of healing => val: 162.968 -> 168.987

*** NEW BEST (0): 168.987
Based on last: 3000 entries, out of total: 3404 entries, The least-squares solution is:
Int: 12.5492
Spirit: 10.2804
Sp / Healing: 100
Mp5: 9.65735
Crit: 327.232
T1 3p/piece: 4726.44
T2 3p/piece: 522.195
Hazza'rah's: 17408.2
Darkmoon: 0
100 points == 1 sp == 0.0366344 hps.
chest : dreamweave vest -> truefaith vestments => val: 168.987 -> 171.108

*** NEW BEST (0): 171.108
Based on last: 3000 entries, out of total: 3421 entries, The least-squares solution is:
Int: 12.4927
Spirit: 9.92908
Sp / Healing: 100
Mp5: 9.74739
Crit: 326.236
T1 3p/piece: 4740.31
T2 3p/piece: 539.359
Hazza'rah's: 17427.8
Darkmoon: 0
100 points == 1 sp == 0.0365988 hps.
legs : devout skirt -> empowered leggings => val: 171.108 -> 174.615

*** NEW BEST (0): 174.615
Based on last: 3000 entries, out of total: 3438 entries, The least-squares solution is:
Int: 12.2893
Spirit: 10.2458
Sp / Healing: 100
Mp5: 9.92678
Crit: 332.273
T1 3p/piece: 4734.05
T2 3p/piece: 534.083
Hazza'rah's: 17423.8
Darkmoon: 0
100 points == 1 sp == 0.0366085 hps.
finger : cyclopean band -> pure elementium band => val: 174.615 -> 176.676

*** NEW BEST (0): 176.676
Based on last: 3000 entries, out of total: 3463 entries, The least-squares solution is:
Int: 11.9301
Spirit: 10.6068
Sp / Healing: 100
Mp5: 10.6084
Crit: 349.441
T1 3p/piece: 4693.35
T2 3p/piece: 509.719
Hazza'rah's: 17336.8
Darkmoon: 0
100 points == 1 sp == 0.0367762 hps.
shoulders : soulstealer mantle -> zandalar confessor's mantle => val: 176.676 -> 178.83

*** NEW BEST (0): 178.83
Based on last: 3000 entries, out of total: 3493 entries, The least-squares solution is:
Int: 12.0232
Spirit: 10.3877
Sp / Healing: 100
Mp5: 8.67827
Crit: 335.267
T1 3p/piece: 4659.64
T2 3p/piece: 482.435
Hazza'rah's: 17210.8
Darkmoon: 0
100 points == 1 sp == 0.0370208 hps.
wrists : devout bracers -> bindings of transcendence => val: 178.83 -> 179.373

*** NEW BEST (0): 179.373
Based on last: 3000 entries, out of total: 3503 entries, The least-squares solution is:
Int: 11.9399
Spirit: 10.6533
Sp / Healing: 100
Mp5: 9.03515
Crit: 329.945
T1 3p/piece: 4660.67
T2 3p/piece: 480.466
Hazza'rah's: 17214.4
Darkmoon: 0
100 points == 1 sp == 0.0370144 hps.
ranged : dragon finger of intellect -> dragon's touch => val: 179.373 -> 179.567

*** NEW BEST (0): 179.567
Based on last: 3000 entries, out of total: 3517 entries, The least-squares solution is:
Int: 11.9217
Spirit: 10.7326
Sp / Healing: 100
Mp5: 9.1154
Crit: 330.87
T1 3p/piece: 4658.92
T2 3p/piece: 492.933
Hazza'rah's: 17213.1
Darkmoon: 0
100 points == 1 sp == 0.0370162 hps.
finger 2 : blood of the martyr -> fordring's seal => val: 179.567 -> 181.025

*** NEW BEST (0): 181.025
Based on last: 3000 entries, out of total: 3533 entries, The least-squares solution is:
Int: 12.027
Spirit: 10.4715
Sp / Healing: 100
Mp5: 8.61332
Crit: 325.557
T1 3p/piece: 4648.8
T2 3p/piece: 484.866
Hazza'rah's: 17170.7
Darkmoon: 0
100 points == 1 sp == 0.0370994 hps.
trinket 2 : briarwood reed -> rejuvenating gem => val: 181.025 -> 181.666

*** NEW BEST (0): 181.666
Based on last: 3000 entries, out of total: 3540 entries, The least-squares solution is:
Int: 12.0871
Spirit: 10.3844
Sp / Healing: 100
Mp5: 8.75187
Crit: 324.377
T1 3p/piece: 4645.3
T2 3p/piece: 484.673
Hazza'rah's: 17157.8
Darkmoon: 0
100 points == 1 sp == 0.0371223 hps.
feet : boots of the full moon -> boots of transcendence => val: 181.666 -> 182.734

*** NEW BEST (0): 182.734
Based on last: 3000 entries, out of total: 3549 entries, The least-squares solution is:
Int: 11.9791
Spirit: 10.8518
Sp / Healing: 100
Mp5: 10.8398
Crit: 327.59
T1 3p/piece: 4646.1
T2 3p/piece: 557.738
Hazza'rah's: 17192.2
Darkmoon: 0
100 points == 1 sp == 0.0370576 hps.
head : crimson felt hat -> zulian headdress => val: 182.734 -> 183.516

*** NEW BEST (0): 183.516
Based on last: 3000 entries, out of total: 3558 entries, The least-squares solution is:
Int: 11.7363
Spirit: 11.1094
Sp / Healing: 100
Mp5: 11.9287
Crit: 338.533
T1 3p/piece: 4647.09
T2 3p/piece: 564.066
Hazza'rah's: 17210.6
Darkmoon: 0
100 points == 1 sp == 0.0370195 hps.
*two-hand :   the hammer of grace orb of the forgotten seer -> benediction    => val: 182.854 -> 186.482

*** NEW BEST (0): 186.482
Based on last: 3000 entries, out of total: 3672 entries, The least-squares solution is:
Int: 10.5277
Spirit: 13.1545
Sp / Healing: 100
Mp5: 16.6305
Crit: 420.407
T1 3p/piece: 4386.07
T2 3p/piece: 571.165
Hazza'rah's: 17048
Darkmoon: 0
100 points == 1 sp == 0.0368285 hps.
********
Read starting items and cleared locks.
 ----------------------------
 --- head --- 
name: zulian headdress
slot: head
intelligence: 15
stamina: 13
spirit: 14
sp_healing: 55
armor: 78
 ----------------------------
 --- neck --- 
name: jin'do's evil eye
slot: neck
intelligence: 11
stamina: 5
spirit: 6
sp_healing: 44
 ----------------------------
 --- shoulders --- 
name: zandalar confessor's mantle
slot: shoulders
intelligence: 24
stamina: 11
spirit: 15
sp_healing: 22
armor: 78
 ----------------------------
 --- back --- 
name: hide of the wild
slot: back
intelligence: 10
stamina: 8
sp_healing: 42
armor: 48
 ----------------------------
 --- chest --- 
name: truefaith vestments
slot: chest
stamina: 14
sp_healing: 73
mp5: 6
armor: 96
 ----------------------------
 --- wrists --- 
name: bindings of transcendence
slot: wrists
intelligence: 13
stamina: 9
spirit: 16
sp_healing: 33
armor: 51
 ----------------------------
 --- two-hand --- 
name: benediction
slot: two-hand
intelligence: 31
stamina: 10
spirit: 12
sp_healing: 106
spell_crit: 2
shadow_res: 20
 ----------------------------
 ---  --- 
name: 
slot: 
 ----------------------------
 ---  --- 
name: 
slot: 
 ----------------------------
 ---  --- 
name: 
slot: 
 ----------------------------
 --- ranged --- 
name: dragon's touch
slot: ranged
intelligence: 12
stamina: 7
sp: 6
 ----------------------------
 --- hands --- 
name: handguards of transcendence
slot: hands
intelligence: 20
stamina: 12
spirit: 13
sp_healing: 29
spell_crit: 1
armor: 72
 ----------------------------
 --- waist --- 
name: whipvine cord
slot: waist
intelligence: 8
sp_healing: 31
mp5: 6
armor: 47
 ----------------------------
 --- legs --- 
name: empowered leggings
slot: legs
intelligence: 12
stamina: 12
spirit: 24
sp_healing: 77
spell_crit: 1
armor: 103
 ----------------------------
 --- feet --- 
name: boots of transcendence
slot: feet
intelligence: 17
stamina: 17
spirit: 17
sp_healing: 35
fire_res: 10
armor: 80
 ----------------------------
 --- finger --- 
name: pure elementium band
slot: finger
intelligence: 10
stamina: 9
spirit: 10
sp_healing: 53
 ----------------------------
 --- finger --- 
name: fordring's seal
slot: finger
intelligence: 5
stamina: 4
sp_healing: 37
 ----------------------------
 --- trinket --- 
name: hazza'rah's charm of healing
slot: trinket
 ----------------------------
 --- trinket --- 
name: rejuvenating gem
slot: trinket
sp_healing: 66
mp5: 9
 ----------------------------
 --- Set bonuses ---
name: confessor's 2 hazza'rah's 1 transcendence 3 
slot: Set bonuses
sp: 23
 --- And counts for start items ---
oh_limit: 0.9
time_left_mul: 0.5
total_deficit_to_pop_trinkets: 10000
in combat total: 1148.9
Flash Heal 1, casts: 70, avg: 454.262, 14.8417%, cast time 9.13918% of in combat, overheal: 0.284139
Flash Heal 2, casts: 16, avg: 577.098, 4.30972%, cast time 2.08895% of in combat, overheal: 0.200358
Flash Heal 3, casts: 14, avg: 618.815, 4.04361%, cast time 1.82784% of in combat, overheal: 0.228329
Flash Heal 4, casts: 19, avg: 736.232, 6.52902%, cast time 2.48063% of in combat, overheal: 0.170396
Flash Heal 5, casts: 12, avg: 786.564, 4.4055%, cast time 1.56672% of in combat, overheal: 0.233451
Flash Heal 6, casts: 15, avg: 851.815, 5.96371%, cast time 1.9584% of in combat, overheal: 0.274312
Flash Heal 7, casts: 92, avg: 1121.44, 48.1552%, cast time 12.0115% of in combat, overheal: 0.177829
Greater Heal 1 hazz, casts: 8, avg: 1293.32, 4.82921%, cast time 1.04448% of in combat, overheal: 0.29893
Greater Heal 2 hazz, casts: 2, avg: 693.5, 0.647376%, cast time 0.261119% of in combat, overheal: 0.673854
Greater Heal 3 hazz, casts: 2, avg: 1638.88, 1.52988%, cast time 0.261119% of in combat, overheal: 0.331549
Greater Heal 4 hazz, casts: 4, avg: 2541.58, 4.74509%, cast time 0.522239% of in combat, overheal: 0.102918
Total time casting: 381, which is: 33.1622% of time in combat.
Total hps: 186.482, raw hps: 239.107, oh: 0.220089
Deficit time sum: 1.04206e+07, baseline: 1.17682e+07
Deficit*time change / s: 1173.01 hp
Number of combats: 17
Average mana at start of combat: 10634.8
Average mana at end of combat: 9910.52
Other players with hps > 100:
  Abq : 177.544 hps
  Acé : 128.283 hps
  Drargon : 144.505 hps
  Emilio : 121.517 hps
  Gono : 148.471 hps
  Hap : 144.21 hps
  Hasd : 215.105 hps
  Mladfotm : 110.192 hps
  Roast : 159.224 hps
  Saulty : 133.633 hps
Reading locked from: no-locks
Setting tag name to: own_bwl_speed_phase5
.
*** NEW BEST (1): 206.054

*** NEW BEST (1): 206.843

*** NEW BEST (1): 208.338

*** NEW BEST (1): 208.967

*** NEW BEST (1): 209.487

*** NEW BEST (1): 211.4

*** NEW BEST (1): 212.038

*** NEW BEST (1): 213.108

*** NEW BEST (1): 213.695

*** NEW BEST (1): 214.339
.
*** NEW BEST (1): 216.208
.Temporary bans and partial set bonuses off.
.legs : leggings of transcendence -> pants of prophecy => val: 212.39 -> 215.19

*** NEW BEST (0): 215.19
***** INTERMEDIATE RESULTS *****
Iteration: 4
 ----------------------------
 --- head --- 
name: crystal adorned crown
slot: head
intelligence: 14
spirit: 13
sp_healing: 92
armor: 85
 ----------------------------
 --- neck --- 
name: amulet of the fallen god
slot: neck
intelligence: 11
sp_healing: 57
mp5: 6
 ----------------------------
 --- shoulders --- 
name: zandalar confessor's mantle
slot: shoulders
intelligence: 24
stamina: 11
spirit: 15
sp_healing: 22
armor: 78
 ----------------------------
 --- back --- 
name: cloak of clarity
slot: back
intelligence: 12
stamina: 6
spirit: 7
sp_healing: 40
mp5: 8
armor: 66
 ----------------------------
 --- chest --- 
name: truefaith vestments
slot: chest
stamina: 14
sp_healing: 73
mp5: 6
armor: 96
 ----------------------------
 --- wrists --- 
name: bracelets of royal redemption
slot: wrists
intelligence: 10
stamina: 8
spirit: 9
sp_healing: 53
armor: 54
 ----------------------------
 ---  --- 
name: 
slot: 
 ----------------------------
 --- main hand --- 
name: scepter of the false prophet
slot: main hand
intelligence: 19
stamina: 10
sp_healing: 187
mp5: 3
 ----------------------------
 ---  --- 
name: 
slot: 
 ----------------------------
 --- off hand --- 
name: lei of the lifegiver
slot: off hand
sp_healing: 53
mp5: 3
 ----------------------------
 --- ranged --- 
name: lunar wand of healing
slot: ranged
sp_healing: 20
 ----------------------------
 --- hands --- 
name: atal'ai hands of healing
slot: hands
sp: 9
sp_healing: 44
armor: 47
 ----------------------------
 --- waist --- 
name: girdle of prophecy
slot: waist
intelligence: 22
stamina: 10
spirit: 10
sp: 9
mp5: 4
fire_res: 7
armor: 57
 ----------------------------
 --- legs --- 
name: pants of prophecy
slot: legs
intelligence: 24
stamina: 18
spirit: 20
sp_healing: 22
mp5: 6
shadow_res: 10
armor: 89
 ----------------------------
 --- feet --- 
name: boots of prophecy
slot: feet
intelligence: 18
stamina: 17
spirit: 15
sp_healing: 18
shadow_res: 7
armor: 70
 ----------------------------
 --- finger --- 
name: pure elementium band
slot: finger
intelligence: 10
stamina: 9
spirit: 10
sp_healing: 53
 ----------------------------
 --- finger --- 
name: ring of the martyr
slot: finger
stamina: 10
sp_healing: 51
mp5: 5
 ----------------------------
 --- trinket --- 
name: hazza'rah's charm of healing
slot: trinket
 ----------------------------
 --- trinket --- 
name: rejuvenating gem
slot: trinket
sp_healing: 66
mp5: 9
 ----------------------------
 --- Set bonuses ---
name: confessor's 2 hazza'rah's 1 prophecy 3 
slot: Set bonuses
sp: 23
------------------
Best value: 215.19
------------------
Char stats: 
Effective hp: 8469.8
Effective mana (100 s, 33 % out of fsr): 16531.4
Raw max mana: 10186.7
Int: 400.43
Stam: 390.08
Spirit: 407.33
Strength: 79.58
Agility: 84.18
All stats multiplier (taken into account above): 1.15
Bonus mana: 2000
Bonus hp: 0
Mp5: 200
Sp: 41
Sp shadow: 0
Sp healing: 1011
Spell crit: 18
Spell hit: 0
Arcane res: 27
Nature res: 27
Fire res: 34
Frost res: 27
Shadow res: 44
Armor: 2840.75
Defense: 300
Dodge: 0
Parry: 0
HpsPvp: 1052.99
ShadowDps: 226.004
Value pvp healing: 2063.95
Value pvp shadow: 95.0782
Effective hp-pvp: 10611.3
Effecctive mana for 100 s, 0.33 fsr: 18217.3
------------------
Best counts:
oh_limit: 0.8
time_left_mul: 2.1
total_deficit_to_pop_trinkets: 9025
in combat total: 1148.9
Flash Heal 1, casts: 30, avg: 487.891, 5.92025%, cast time 3.65567% of in combat, overheal: 0.304552
Flash Heal 2, casts: 6, avg: 638.971, 1.5507%, cast time 0.731134% of in combat, overheal: 0.189078
Flash Heal 3, casts: 6, avg: 814.508, 1.97671%, cast time 0.731134% of in combat, overheal: 0.0610988
Flash Heal 4, casts: 4, avg: 816.753, 1.32143%, cast time 0.487423% of in combat, overheal: 0.14237
Flash Heal 5, casts: 5, avg: 871.878, 1.76328%, cast time 0.609278% of in combat, overheal: 0.2
Flash Heal 6, casts: 4, avg: 1236.32, 2.00025%, cast time 0.487423% of in combat, overheal: 0
Flash Heal 7, casts: 45, avg: 1217.58, 22.1618%, cast time 5.48351% of in combat, overheal: 0.145517
Greater Heal 1, casts: 4, avg: 1664.77, 2.69346%, cast time 0.870398% of in combat, overheal: 0.156261
Greater Heal 1 hazz, casts: 10, avg: 1511.14, 6.11222%, cast time 1.3056% of in combat, overheal: 0.234127
Greater Heal 2 hazz, casts: 1, avg: 2252.31, 0.91101%, cast time 0.13056% of in combat, overheal: 0
Greater Heal 4, casts: 11, avg: 2120.99, 9.43682%, cast time 2.39359% of in combat, overheal: 0.281809
Greater Heal 4 hazz, casts: 8, avg: 2464.46, 7.97458%, cast time 1.04448% of in combat, overheal: 0.165504
Heal 2, casts: 81, avg: 968.306, 31.7244%, cast time 17.6256% of in combat, overheal: 0.332999
Heal 4, casts: 8, avg: 1376.18, 4.45309%, cast time 1.7408% of in combat, overheal: 0.349985
Total time casting: 428.5, which is: 37.2965% of time in combat.
Total hps: 215.19, raw hps: 287.074, oh: 0.250402
Deficit time sum: 1.03807e+07, baseline: 1.17682e+07
Deficit*time change / s: 1207.72 hp
Number of combats: 17
Average mana at start of combat: 10182.2
Average mana at end of combat: 9514.64
Other players with hps > 100:
  Abq : 176.79 hps
  Acé : 124.73 hps
  Drargon : 143.756 hps
  Emilio : 120.521 hps
  Gono : 139.401 hps
  Hap : 141.242 hps
  Hasd : 207.92 hps
  Mladfotm : 108.853 hps
  Roast : 159.274 hps
  Saulty : 133.669 hps
------------------
Upgrades: 
( following sorted by alt scores, no specials )
benediction, , , (4.3918) -> , scepter of the false prophet, , lei of the lifegiver(8.94925) : 4.55745 = +2.16369%
zulian headdress(2.15155) -> crystal adorned crown(3.50548) : 1.35393 = +0.633161%
bindings of transcendence(1.34326) -> bracelets of royal redemption(2.03429) : 0.691025 = +0.322157%
handguards of transcendence(1.36337) -> atal'ai hands of healing(1.9519) : 0.588531 = +0.274244%
fordring's seal(1.38203) -> ring of the martyr(1.90887) : 0.52684 = +0.245426%
jin'do's evil eye(1.69217) -> amulet of the fallen god(2.17862) : 0.48645 = +0.226568%
dragon's touch(0.267502) -> lunar wand of healing(0.736572) : 0.46907 = +0.218456%
hide of the wild(1.58557) -> cloak of clarity(1.60257) : 0.0169983 = +0.00789982%
hazza'rah's charm of healing(7.12555) -> hazza'rah's charm of healing(7.12556) : 1.52588e-05 = +7.09084e-06%
zandalar confessor's mantle(1.823) -> zandalar confessor's mantle(1.823) : 0 = +0%
truefaith vestments(2.72522) -> truefaith vestments(2.72522) : 0 = +0%
pure elementium band(2.03912) -> pure elementium band(2.03912) : 0 = +0%
rejuvenating gem(2.48581) -> rejuvenating gem(2.48581) : 0 = +0%
boots of transcendence(1.43727) -> boots of prophecy(0.805374) : -0.631897 = +-0.292786%
whipvine cord(1.20944) -> girdle of prophecy(0.4897) : -0.719742 = +-0.333353%
empowered leggings(3.15341) -> pants of prophecy(1.03693) : -2.11649 = +-0.973963%
------------------
~~~~ end of intermediate results ~~~~
Temporary bans and partial set bonuses on.
.
*** NEW BEST (1): 216.455
.
*** NEW BEST (1): 217.855
.
*** NEW BEST (1): 220.571
Based on last: 3000 entries, out of total: 6199 entries, The least-squares solution is:
Int: 6.60686
Spirit: 22.0478
Sp / Healing: 100
Mp5: 15.2172
Crit: 133.592
T1 3p/piece: 3351.71
T2 3p/piece: 180.981
Hazza'rah's: 17138.2
Darkmoon: 0
100 points == 1 sp == 0.0414001 hps.
.Temporary bans and partial set bonuses off.
.two-hand : blessed qiraji augur staff    ->   scepter of the false prophet lei of the lifegiver => val: 212.702 -> 216.041

*** NEW BEST (0): 216.041
Based on last: 3000 entries, out of total: 6502 entries, The least-squares solution is:
Int: 5.27937
Spirit: 27.3907
Sp / Healing: 100
Mp5: 22.4905
Crit: 146.845
T1 3p/piece: 3483.08
T2 3p/piece: 161.252
Hazza'rah's: 17916.2
Darkmoon: 0
100 points == 1 sp == 0.0418534 hps.
***** INTERMEDIATE RESULTS *****
Iteration: 9
 ----------------------------
 --- head --- 
name: crystal adorned crown
slot: head
intelligence: 14
spirit: 13
sp_healing: 92
armor: 85
 ----------------------------
 --- neck --- 
name: amulet of the fallen god
slot: neck
intelligence: 11
sp_healing: 57
mp5: 6
 ----------------------------
 --- shoulders --- 
name: zandalar confessor's mantle
slot: shoulders
intelligence: 24
stamina: 11
spirit: 15
sp_healing: 22
armor: 78
 ----------------------------
 --- back --- 
name: cloak of clarity
slot: back
intelligence: 12
stamina: 6
spirit: 7
sp_healing: 40
mp5: 8
armor: 66
 ----------------------------
 --- chest --- 
name: truefaith vestments
slot: chest
stamina: 14
sp_healing: 73
mp5: 6
armor: 96
 ----------------------------
 --- wrists --- 
name: vambraces of prophecy
slot: wrists
intelligence: 14
stamina: 8
spirit: 10
sp_healing: 24
mp5: 2
armor: 44
 ----------------------------
 ---  --- 
name: 
slot: 
 ----------------------------
 --- main hand --- 
name: scepter of the false prophet
slot: main hand
intelligence: 19
stamina: 10
sp_healing: 187
mp5: 3
 ----------------------------
 ---  --- 
name: 
slot: 
 ----------------------------
 --- off hand --- 
name: lei of the lifegiver
slot: off hand
sp_healing: 53
mp5: 3
 ----------------------------
 --- ranged --- 
name: lunar wand of healing
slot: ranged
sp_healing: 20
 ----------------------------
 --- hands --- 
name: gloves of prophecy
slot: hands
intelligence: 15
stamina: 10
spirit: 15
sp_healing: 18
mp5: 6
fire_res: 7
armor: 63
 ----------------------------
 --- waist --- 
name: grasp of the old god
slot: waist
intelligence: 19
stamina: 15
sp_healing: 59
mp5: 7
armor: 75
 ----------------------------
 --- legs --- 
name: pants of prophecy
slot: legs
intelligence: 24
stamina: 18
spirit: 20
sp_healing: 22
mp5: 6
shadow_res: 10
armor: 89
 ----------------------------
 --- feet --- 
name: boots of pure thought
slot: feet
intelligence: 12
stamina: 8
spirit: 12
sp_healing: 62
armor: 74
 ----------------------------
 --- finger --- 
name: pure elementium band
slot: finger
intelligence: 10
stamina: 9
spirit: 10
sp_healing: 53
 ----------------------------
 --- finger --- 
name: ring of the martyr
slot: finger
stamina: 10
sp_healing: 51
mp5: 5
 ----------------------------
 --- trinket --- 
name: hazza'rah's charm of healing
slot: trinket
 ----------------------------
 --- trinket --- 
name: rejuvenating gem
slot: trinket
sp_healing: 66
mp5: 9
 ----------------------------
 --- Set bonuses ---
name: confessor's 2 hazza'rah's 1 prophecy 3 
slot: Set bonuses
sp: 23
------------------
Best value: 216.041
------------------
Char stats: 
Effective hp: 8544.8
Effective mana (100 s, 33 % out of fsr): 16958.7
Raw max mana: 10376.4
Int: 411.93
Stam: 396.98
Spirit: 410.78
Strength: 79.58
Agility: 84.18
All stats multiplier (taken into account above): 1.15
Bonus mana: 2000
Bonus hp: 0
Mp5: 211
Sp: 23
Sp shadow: 0
Sp healing: 1059
Spell crit: 18
Spell hit: 0
Arcane res: 27
Nature res: 27
Fire res: 34
Frost res: 27
Shadow res: 37
Armor: 2868.75
Defense: 300
Dodge: 0
Parry: 0
HpsPvp: 1063.34
ShadowDps: 222.089
Value pvp healing: 2190.19
Value pvp shadow: 95.5404
Effective hp-pvp: 10687.4
Effecctive mana for 100 s, 0.33 fsr: 18657.5
------------------
Best counts:
oh_limit: 0.8
time_left_mul: 2.1
total_deficit_to_pop_trinkets: 8552.32
in combat total: 1148.9
Flash Heal 1, casts: 29, avg: 487.169, 5.69192%, cast time 3.53381% of in combat, overheal: 0.318953
Flash Heal 2, casts: 7, avg: 670.112, 1.88985%, cast time 0.85299% of in combat, overheal: 0.164196
Flash Heal 3, casts: 6, avg: 823.726, 1.9912%, cast time 0.731134% of in combat, overheal: 0.0653699
Flash Heal 4, casts: 4, avg: 827.143, 1.33297%, cast time 0.487423% of in combat, overheal: 0.143913
Flash Heal 5, casts: 4, avg: 827.809, 1.33405%, cast time 0.487423% of in combat, overheal: 0.25
Flash Heal 6, casts: 5, avg: 1250.26, 2.51855%, cast time 0.609278% of in combat, overheal: 0
Flash Heal 7, casts: 44, avg: 1223.66, 21.6918%, cast time 5.36165% of in combat, overheal: 0.149605
Greater Heal 1, casts: 2, avg: 1681.34, 1.35477%, cast time 0.435199% of in combat, overheal: 0.159615
Greater Heal 1 hazz, casts: 12, avg: 1366.56, 6.60678%, cast time 1.56672% of in combat, overheal: 0.316951
Greater Heal 2 hazz, casts: 1, avg: 2279.98, 0.91857%, cast time 0.13056% of in combat, overheal: 0
Greater Heal 4, casts: 11, avg: 2041.16, 9.04586%, cast time 2.39359% of in combat, overheal: 0.315308
Greater Heal 4 hazz, casts: 8, avg: 2474.93, 7.97688%, cast time 1.04448% of in combat, overheal: 0.169804
Heal 2, casts: 84, avg: 960.289, 32.4984%, cast time 18.2784% of in combat, overheal: 0.350849
Heal 4, casts: 8, avg: 1597.34, 5.14837%, cast time 1.7408% of in combat, overheal: 0.255296
Total time casting: 432.6, which is: 37.6534% of time in combat.
Total hps: 216.041, raw hps: 294.056, oh: 0.265305
Deficit time sum: 1.03743e+07, baseline: 1.17682e+07
Deficit*time change / s: 1213.24 hp
Number of combats: 17
Average mana at start of combat: 10376.4
Average mana at end of combat: 9739.31
Other players with hps > 100:
  Abq : 177.398 hps
  Acé : 123.578 hps
  Drargon : 144.177 hps
  Emilio : 119.846 hps
  Gono : 139.239 hps
  Hap : 141.419 hps
  Hasd : 207.973 hps
  Mladfotm : 109.247 hps
  Roast : 159.222 hps
  Saulty : 133.443 hps
------------------
Upgrades: 
( following sorted by alt scores, no specials )
benediction, , , (4.76544) -> , scepter of the false prophet, , lei of the lifegiver(10.1433) : 5.37784 = +2.55281%
zulian headdress(2.49557) -> crystal adorned crown(4.03049) : 1.53491 = +0.715555%
whipvine cord(1.37161) -> grasp of the old god(2.57722) : 1.20561 = +0.561179%
boots of transcendence(1.69733) -> boots of pure thought(2.75899) : 1.06166 = +0.493842%
fordring's seal(1.55963) -> ring of the martyr(2.18159) : 0.621964 = +0.288722%
dragon's touch(0.277634) -> lunar wand of healing(0.837067) : 0.559433 = +0.259619%
jin'do's evil eye(1.93465) -> amulet of the fallen god(2.46643) : 0.531784 = +0.246757%
hide of the wild(1.77994) -> cloak of clarity(1.8562) : 0.0762634 = +0.0353129%
zandalar confessor's mantle(2.1084) -> zandalar confessor's mantle(2.1084) : 0 = +0%
truefaith vestments(3.11177) -> truefaith vestments(3.11177) : 0 = +0%
pure elementium band(2.35497) -> pure elementium band(2.35497) : 0 = +0%
hazza'rah's charm of healing(8.46117) -> hazza'rah's charm of healing(8.46117) : 0 = +0%
rejuvenating gem(2.84705) -> rejuvenating gem(2.84705) : 0 = +0%
bindings of transcendence(1.59331) -> vambraces of prophecy(1.16888) : -0.424423 = +-0.196069%
handguards of transcendence(1.46843) -> gloves of prophecy(1.01494) : -0.453491 = +-0.20947%
empowered leggings(3.58582) -> pants of prophecy(1.25957) : -2.32625 = +-1.06529%
------------------
~~~~ end of intermediate results ~~~~
Temporary bans and partial set bonuses on.
...
*** NEW BEST (1): 220.933
Based on last: 3000 entries, out of total: 6799 entries, The least-squares solution is:
Int: 6.03669
Spirit: 31.5955
Sp / Healing: 100
Mp5: 22.8217
Crit: 127.227
T1 3p/piece: 2735.78
T2 3p/piece: 145.129
Hazza'rah's: 18728.2
Darkmoon: 0
100 points == 1 sp == 0.0421137 hps.
.Temporary bans and partial set bonuses off.
.
*** NEW BEST (0): 217.015
Based on last: 3000 entries, out of total: 6982 entries, The least-squares solution is:
Int: 6.11666
Spirit: 32.3963
Sp / Healing: 100
Mp5: 27.1934
Crit: 159.954
T1 3p/piece: 2931.2
T2 3p/piece: 116.581
Hazza'rah's: 19010.5
Darkmoon: 0
100 points == 1 sp == 0.0420639 hps.
hands : gloves of prophecy -> atal'ai hands of healing => val: 214.36 -> 215.174
***** INTERMEDIATE RESULTS *****
Iteration: 14
 ----------------------------
 --- head --- 
name: crystal adorned crown
slot: head
intelligence: 14
spirit: 13
sp_healing: 92
armor: 85
 ----------------------------
 --- neck --- 
name: amulet of the fallen god
slot: neck
intelligence: 11
sp_healing: 57
mp5: 6
 ----------------------------
 --- shoulders --- 
name: ternary mantle
slot: shoulders
intelligence: 17
stamina: 12
spirit: 20
sp_healing: 44
armor: 86
 ----------------------------
 --- back --- 
name: cloak of clarity
slot: back
intelligence: 12
stamina: 6
spirit: 7
sp_healing: 40
mp5: 8
armor: 66
 ----------------------------
 --- chest --- 
name: truefaith vestments
slot: chest
stamina: 14
sp_healing: 73
mp5: 6
armor: 96
 ----------------------------
 --- wrists --- 
name: vambraces of prophecy
slot: wrists
intelligence: 14
stamina: 8
spirit: 10
sp_healing: 24
mp5: 2
armor: 44
 ----------------------------
 ---  --- 
name: 
slot: 
 ----------------------------
 --- main hand --- 
name: scepter of the false prophet
slot: main hand
intelligence: 19
stamina: 10
sp_healing: 187
mp5: 3
 ----------------------------
 ---  --- 
name: 
slot: 
 ----------------------------
 --- off hand --- 
name: lei of the lifegiver
slot: off hand
sp_healing: 53
mp5: 3
 ----------------------------
 --- ranged --- 
name: lunar wand of healing
slot: ranged
sp_healing: 20
 ----------------------------
 --- hands --- 
name: gloves of prophecy
slot: hands
intelligence: 15
stamina: 10
spirit: 15
sp_healing: 18
mp5: 6
fire_res: 7
armor: 63
 ----------------------------
 --- waist --- 
name: grasp of the old god
slot: waist
intelligence: 19
stamina: 15
sp_healing: 59
mp5: 7
armor: 75
 ----------------------------
 --- legs --- 
name: empowered leggings
slot: legs
intelligence: 12
stamina: 12
spirit: 24
sp_healing: 77
spell_crit: 1
armor: 103
 ----------------------------
 --- feet --- 
name: boots of pure thought
slot: feet
intelligence: 12
stamina: 8
spirit: 12
sp_healing: 62
armor: 74
 ----------------------------
 --- finger --- 
name: pure elementium band
slot: finger
intelligence: 10
stamina: 9
spirit: 10
sp_healing: 53
 ----------------------------
 --- finger --- 
name: ring of the martyr
slot: finger
stamina: 10
sp_healing: 51
mp5: 5
 ----------------------------
 --- trinket --- 
name: hazza'rah's charm of healing
slot: trinket
 ----------------------------
 --- trinket --- 
name: rejuvenating gem
slot: trinket
sp_healing: 66
mp5: 9
 ----------------------------
 --- Set bonuses ---
name: hazza'rah's 1 
slot: Set bonuses
------------------
Best value: 217.015
------------------
Char stats: 
Effective hp: 8498.1
Effective mana (100 s, 33 % out of fsr): 16531.1
Raw max mana: 10015.9
Int: 390.08
Stam: 391.23
Spirit: 421.13
Strength: 79.58
Agility: 84.18
All stats multiplier (taken into account above): 1.15
Bonus mana: 2000
Bonus hp: 0
Mp5: 205
Sp: 0
Sp shadow: 0
Sp healing: 1136
Spell crit: 19
Spell hit: 0
Arcane res: 27
Nature res: 27
Fire res: 34
Frost res: 27
Shadow res: 27
Armor: 2890.75
Defense: 300
Dodge: 0
Parry: 0
HpsPvp: 1054.65
ShadowDps: 218.772
Value pvp healing: 1931.13
Value pvp shadow: 83.0963
Effective hp-pvp: 10596.1
Effecctive mana for 100 s, 0.33 fsr: 18268.1
------------------
Best counts:
oh_limit: 0.8
time_left_mul: 1.9
total_deficit_to_pop_trinkets: 8509.61
in combat total: 1148.9
Flash Heal 1, casts: 35, avg: 465.363, 6.61019%, cast time 4.56959% of in combat, overheal: 0.3717
Flash Heal 2, casts: 6, avg: 707.309, 1.72232%, cast time 0.783358% of in combat, overheal: 0.14495
Flash Heal 3, casts: 6, avg: 840.765, 2.0473%, cast time 0.783358% of in combat, overheal: 0.0729217
Flash Heal 4, casts: 9, avg: 838.017, 3.06091%, cast time 1.17504% of in combat, overheal: 0.155105
Flash Heal 5, casts: 3, avg: 1129.59, 1.3753%, cast time 0.391679% of in combat, overheal: 0
Flash Heal 6, casts: 7, avg: 1276.3, 3.6258%, cast time 0.913918% of in combat, overheal: 0
Flash Heal 7, casts: 42, avg: 1213.94, 20.692%, cast time 5.48351% of in combat, overheal: 0.171492
Greater Heal 1, casts: 1, avg: 1470, 0.596584%, cast time 0.217599% of in combat, overheal: 0.283571
Greater Heal 1 hazz, casts: 12, avg: 1383.61, 6.73831%, cast time 1.56672% of in combat, overheal: 0.325672
Greater Heal 2 hazz, casts: 1, avg: 2331.51, 0.946221%, cast time 0.13056% of in combat, overheal: 0
Greater Heal 3 hazz, casts: 2, avg: 2220.87, 1.80263%, cast time 0.261119% of in combat, overheal: 0.163432
Greater Heal 4, casts: 11, avg: 2098.24, 9.36705%, cast time 2.39359% of in combat, overheal: 0.308327
Greater Heal 4 hazz, casts: 6, avg: 2522.69, 6.14285%, cast time 0.783358% of in combat, overheal: 0.16841
Heal 2, casts: 76, avg: 972.727, 30.0026%, cast time 16.5376% of in combat, overheal: 0.364255
Heal 4, casts: 8, avg: 1623.15, 5.26992%, cast time 1.7408% of in combat, overheal: 0.261046
Total time casting: 433.5, which is: 37.7317% of time in combat.
Total hps: 214.468, raw hps: 294.942, oh: 0.272847
Deficit time sum: 1.04331e+07, baseline: 1.17682e+07
Deficit*time change / s: 1162.14 hp
Number of combats: 17
Average mana at start of combat: 10014.6
Average mana at end of combat: 9395.16
Other players with hps > 100:
  Abq : 178.178 hps
  Acé : 123.287 hps
  Drargon : 145.824 hps
  Emilio : 119.906 hps
  Gono : 138.155 hps
  Hap : 141.961 hps
  Hasd : 207.872 hps
  Mladfotm : 109.448 hps
  Roast : 158.028 hps
  Saulty : 133.255 hps
------------------
Upgrades: 
( following sorted by alt scores, no specials )
benediction, , , (4.83662) -> , scepter of the false prophet, , lei of the lifegiver(10.2128) : 5.37622 = +2.57122%
zulian headdress(2.54289) -> crystal adorned crown(4.08305) : 1.54016 = +0.723324%
whipvine cord(1.39319) -> grasp of the old god(2.61072) : 1.21753 = +0.570938%
boots of transcendence(1.74763) -> boots of pure thought(2.80237) : 1.05473 = +0.49422%
fordring's seal(1.56923) -> ring of the martyr(2.20245) : 0.633224 = +0.296127%
dragon's touch(0.283264) -> lunar wand of healing(0.841278) : 0.558014 = +0.260864%
jin'do's evil eye(1.96088) -> amulet of the fallen god(2.49457) : 0.533691 = +0.249465%
hide of the wild(1.79242) -> cloak of clarity(1.90033) : 0.10791 = +0.0503405%
zandalar confessor's mantle(2.15903) -> ternary mantle(2.1671) : 0.0080719 = +0.00376382%
truefaith vestments(3.1393) -> truefaith vestments(3.1393) : 0 = +0%
empowered leggings(3.66412) -> empowered leggings(3.66412) : 0 = +0%
pure elementium band(2.39139) -> pure elementium band(2.39139) : 0 = +0%
hazza'rah's charm of healing(7.99654) -> hazza'rah's charm of healing(7.99654) : 0 = +0%
rejuvenating gem(2.87917) -> rejuvenating gem(2.87917) : 0 = +0%
bindings of transcendence(1.63959) -> vambraces of prophecy(1.2047) : -0.434891 = +-0.202366%
handguards of transcendence(1.51575) -> gloves of prophecy(1.06879) : -0.44696 = +-0.207971%
------------------
~~~~ end of intermediate results ~~~~
Temporary bans and partial set bonuses on.
....Temporary bans and partial set bonuses off.
..***** INTERMEDIATE RESULTS *****
Iteration: 20
 ----------------------------
 --- head --- 
name: crystal adorned crown
slot: head
intelligence: 14
spirit: 13
sp_healing: 92
armor: 85
 ----------------------------
 --- neck --- 
name: amulet of the fallen god
slot: neck
intelligence: 11
sp_healing: 57
mp5: 6
 ----------------------------
 --- shoulders --- 
name: ternary mantle
slot: shoulders
intelligence: 17
stamina: 12
spirit: 20
sp_healing: 44
armor: 86
 ----------------------------
 --- back --- 
name: cloak of clarity
slot: back
intelligence: 12
stamina: 6
spirit: 7
sp_healing: 40
mp5: 8
armor: 66
 ----------------------------
 --- chest --- 
name: truefaith vestments
slot: chest
stamina: 14
sp_healing: 73
mp5: 6
armor: 96
 ----------------------------
 --- wrists --- 
name: vambraces of prophecy
slot: wrists
intelligence: 14
stamina: 8
spirit: 10
sp_healing: 24
mp5: 2
armor: 44
 ----------------------------
 ---  --- 
name: 
slot: 
 ----------------------------
 --- main hand --- 
name: scepter of the false prophet
slot: main hand
intelligence: 19
stamina: 10
sp_healing: 187
mp5: 3
 ----------------------------
 ---  --- 
name: 
slot: 
 ----------------------------
 --- off hand --- 
name: lei of the lifegiver
slot: off hand
sp_healing: 53
mp5: 3
 ----------------------------
 --- ranged --- 
name: lunar wand of healing
slot: ranged
sp_healing: 20
 ----------------------------
 --- hands --- 
name: gloves of prophecy
slot: hands
intelligence: 15
stamina: 10
spirit: 15
sp_healing: 18
mp5: 6
fire_res: 7
armor: 63
 ----------------------------
 --- waist --- 
name: grasp of the old god
slot: waist
intelligence: 19
stamina: 15
sp_healing: 59
mp5: 7
armor: 75
 ----------------------------
 --- legs --- 
name: empowered leggings
slot: legs
intelligence: 12
stamina: 12
spirit: 24
sp_healing: 77
spell_crit: 1
armor: 103
 ----------------------------
 --- feet --- 
name: boots of pure thought
slot: feet
intelligence: 12
stamina: 8
spirit: 12
sp_healing: 62
armor: 74
 ----------------------------
 --- finger --- 
name: pure elementium band
slot: finger
intelligence: 10
stamina: 9
spirit: 10
sp_healing: 53
 ----------------------------
 --- finger --- 
name: ring of the martyr
slot: finger
stamina: 10
sp_healing: 51
mp5: 5
 ----------------------------
 --- trinket --- 
name: hazza'rah's charm of healing
slot: trinket
 ----------------------------
 --- trinket --- 
name: rejuvenating gem
slot: trinket
sp_healing: 66
mp5: 9
 ----------------------------
 --- Set bonuses ---
name: hazza'rah's 1 
slot: Set bonuses
------------------
Best value: 217.015
------------------
Char stats: 
Effective hp: 8498.1
Effective mana (100 s, 33 % out of fsr): 16531.1
Raw max mana: 10015.9
Int: 390.08
Stam: 391.23
Spirit: 421.13
Strength: 79.58
Agility: 84.18
All stats multiplier (taken into account above): 1.15
Bonus mana: 2000
Bonus hp: 0
Mp5: 205
Sp: 0
Sp shadow: 0
Sp healing: 1136
Spell crit: 19
Spell hit: 0
Arcane res: 27
Nature res: 27
Fire res: 34
Frost res: 27
Shadow res: 27
Armor: 2890.75
Defense: 300
Dodge: 0
Parry: 0
HpsPvp: 1023.41
ShadowDps: 218.772
Value pvp healing: 1907.6
Value pvp shadow: 87.1713
Effective hp-pvp: 10596.1
Effecctive mana for 100 s, 0.33 fsr: 18268.1
------------------
Best counts:
oh_limit: 0.8
time_left_mul: 2.1
total_deficit_to_pop_trinkets: 8509.61
in combat total: 1148.9
Flash Heal 1, casts: 30, avg: 460.956, 5.61816%, cast time 3.91679% of in combat, overheal: 0.377649
Flash Heal 2, casts: 6, avg: 803.011, 1.95743%, cast time 0.783358% of in combat, overheal: 0.0292575
Flash Heal 3, casts: 6, avg: 840.765, 2.04946%, cast time 0.783358% of in combat, overheal: 0.0729217
Flash Heal 4, casts: 7, avg: 799.185, 2.27279%, cast time 0.913918% of in combat, overheal: 0.194255
Flash Heal 5, casts: 3, avg: 1129.59, 1.37675%, cast time 0.391679% of in combat, overheal: 0
Flash Heal 6, casts: 4, avg: 1276.3, 2.07408%, cast time 0.522239% of in combat, overheal: 0
Flash Heal 7, casts: 40, avg: 1225.51, 19.9155%, cast time 5.22239% of in combat, overheal: 0.163598
Greater Heal 1, casts: 1, avg: 1470, 0.597215%, cast time 0.217599% of in combat, overheal: 0.283571
Greater Heal 1 hazz, casts: 12, avg: 1383.61, 6.74543%, cast time 1.56672% of in combat, overheal: 0.325672
Greater Heal 2 hazz, casts: 1, avg: 2331.51, 0.947221%, cast time 0.13056% of in combat, overheal: 0
Greater Heal 3 hazz, casts: 2, avg: 2220.87, 1.80454%, cast time 0.261119% of in combat, overheal: 0.163432
Greater Heal 4, casts: 11, avg: 2098.24, 9.37696%, cast time 2.39359% of in combat, overheal: 0.308327
Greater Heal 4 hazz, casts: 6, avg: 2522.69, 6.14935%, cast time 0.783358% of in combat, overheal: 0.16841
Heal 2, casts: 82, avg: 988.991, 32.9473%, cast time 17.8432% of in combat, overheal: 0.353626
Heal 4, casts: 9, avg: 1686.87, 6.16789%, cast time 1.9584% of in combat, overheal: 0.232041
Total time casting: 433, which is: 37.6882% of time in combat.
Total hps: 214.242, raw hps: 294.012, oh: 0.271315
Deficit time sum: 1.04112e+07, baseline: 1.17682e+07
Deficit*time change / s: 1181.16 hp
Number of combats: 17
Average mana at start of combat: 10014.6
Average mana at end of combat: 9424.45
Other players with hps > 100:
  Abq : 177.461 hps
  Acé : 123.722 hps
  Drargon : 145.182 hps
  Emilio : 119.735 hps
  Gono : 137.561 hps
  Hap : 141.902 hps
  Hasd : 208.343 hps
  Mladfotm : 108.81 hps
  Roast : 158.434 hps
  Saulty : 133.9 hps
------------------
Upgrades: 
( following sorted by alt scores, no specials )
benediction, , , (4.83662) -> , scepter of the false prophet, , lei of the lifegiver(10.2128) : 5.37622 = +2.57401%
zulian headdress(2.54289) -> crystal adorned crown(4.08305) : 1.54016 = +0.724095%
whipvine cord(1.39319) -> grasp of the old god(2.61072) : 1.21753 = +0.571545%
boots of transcendence(1.74763) -> boots of pure thought(2.80237) : 1.05473 = +0.494745%
fordring's seal(1.56923) -> ring of the martyr(2.20245) : 0.633224 = +0.296441%
dragon's touch(0.283264) -> lunar wand of healing(0.841278) : 0.558014 = +0.26114%
jin'do's evil eye(1.96088) -> amulet of the fallen god(2.49457) : 0.533691 = +0.249729%
hide of the wild(1.79242) -> cloak of clarity(1.90033) : 0.10791 = +0.0503938%
zandalar confessor's mantle(2.15903) -> ternary mantle(2.1671) : 0.0080719 = +0.0037678%
truefaith vestments(3.1393) -> truefaith vestments(3.1393) : 0 = +0%
empowered leggings(3.66412) -> empowered leggings(3.66412) : 0 = +0%
pure elementium band(2.39139) -> pure elementium band(2.39139) : 0 = +0%
hazza'rah's charm of healing(7.99654) -> hazza'rah's charm of healing(7.99654) : 0 = +0%
rejuvenating gem(2.87917) -> rejuvenating gem(2.87917) : 0 = +0%
bindings of transcendence(1.63959) -> vambraces of prophecy(1.2047) : -0.434891 = +-0.202579%
handguards of transcendence(1.51575) -> gloves of prophecy(1.06879) : -0.44696 = +-0.20819%
------------------
~~~~ end of intermediate results ~~~~
Same items for intermediate results again, ending optimization. 
 ----------------------------
 --- head --- 
name: crystal adorned crown
slot: head
intelligence: 14
spirit: 13
sp_healing: 92
armor: 85
 ----------------------------
 --- neck --- 
name: amulet of the fallen god
slot: neck
intelligence: 11
sp_healing: 57
mp5: 6
 ----------------------------
 --- shoulders --- 
name: ternary mantle
slot: shoulders
intelligence: 17
stamina: 12
spirit: 20
sp_healing: 44
armor: 86
 ----------------------------
 --- back --- 
name: cloak of clarity
slot: back
intelligence: 12
stamina: 6
spirit: 7
sp_healing: 40
mp5: 8
armor: 66
 ----------------------------
 --- chest --- 
name: truefaith vestments
slot: chest
stamina: 14
sp_healing: 73
mp5: 6
armor: 96
 ----------------------------
 --- wrists --- 
name: vambraces of prophecy
slot: wrists
intelligence: 14
stamina: 8
spirit: 10
sp_healing: 24
mp5: 2
armor: 44
 ----------------------------
 ---  --- 
name: 
slot: 
 ----------------------------
 --- main hand --- 
name: scepter of the false prophet
slot: main hand
intelligence: 19
stamina: 10
sp_healing: 187
mp5: 3
 ----------------------------
 ---  --- 
name: 
slot: 
 ----------------------------
 --- off hand --- 
name: lei of the lifegiver
slot: off hand
sp_healing: 53
mp5: 3
 ----------------------------
 --- ranged --- 
name: lunar wand of healing
slot: ranged
sp_healing: 20
 ----------------------------
 --- hands --- 
name: gloves of prophecy
slot: hands
intelligence: 15
stamina: 10
spirit: 15
sp_healing: 18
mp5: 6
fire_res: 7
armor: 63
 ----------------------------
 --- waist --- 
name: grasp of the old god
slot: waist
intelligence: 19
stamina: 15
sp_healing: 59
mp5: 7
armor: 75
 ----------------------------
 --- legs --- 
name: empowered leggings
slot: legs
intelligence: 12
stamina: 12
spirit: 24
sp_healing: 77
spell_crit: 1
armor: 103
 ----------------------------
 --- feet --- 
name: boots of pure thought
slot: feet
intelligence: 12
stamina: 8
spirit: 12
sp_healing: 62
armor: 74
 ----------------------------
 --- finger --- 
name: pure elementium band
slot: finger
intelligence: 10
stamina: 9
spirit: 10
sp_healing: 53
 ----------------------------
 --- finger --- 
name: ring of the martyr
slot: finger
stamina: 10
sp_healing: 51
mp5: 5
 ----------------------------
 --- trinket --- 
name: hazza'rah's charm of healing
slot: trinket
 ----------------------------
 --- trinket --- 
name: rejuvenating gem
slot: trinket
sp_healing: 66
mp5: 9
 ----------------------------
 --- Set bonuses ---
name: hazza'rah's 1 
slot: Set bonuses
------------------
Char stats: 
Effective hp: 8498.1
Effective mana (100 s, 33 % out of fsr): 16531.1
Raw max mana: 10015.9
Int: 390.08
Stam: 391.23
Spirit: 421.13
Strength: 79.58
Agility: 84.18
All stats multiplier (taken into account above): 1.15
Bonus mana: 2000
Bonus hp: 0
Mp5: 205
Sp: 0
Sp shadow: 0
Sp healing: 1136
Spell crit: 19
Spell hit: 0
Arcane res: 27
Nature res: 27
Fire res: 34
Frost res: 27
Shadow res: 27
Armor: 2890.75
Defense: 300
Dodge: 0
Parry: 0
HpsPvp: 1034.36
ShadowDps: 217.074
Value pvp healing: 1985.83
Value pvp shadow: 87.4608
Effective hp-pvp: 10596.1
Effecctive mana for 100 s, 0.33 fsr: 18268.1
------------------
Best counts:
oh_limit: 0.8
time_left_mul: 2.1
total_deficit_to_pop_trinkets: 8509.61
in combat total: 1148.9
Flash Heal 1, casts: 30, avg: 460.956, 5.61816%, cast time 3.91679% of in combat, overheal: 0.377649
Flash Heal 2, casts: 6, avg: 803.011, 1.95743%, cast time 0.783358% of in combat, overheal: 0.0292575
Flash Heal 3, casts: 6, avg: 840.765, 2.04946%, cast time 0.783358% of in combat, overheal: 0.0729217
Flash Heal 4, casts: 7, avg: 799.185, 2.27279%, cast time 0.913918% of in combat, overheal: 0.194255
Flash Heal 5, casts: 3, avg: 1129.59, 1.37675%, cast time 0.391679% of in combat, overheal: 0
Flash Heal 6, casts: 4, avg: 1276.3, 2.07408%, cast time 0.522239% of in combat, overheal: 0
Flash Heal 7, casts: 40, avg: 1225.51, 19.9155%, cast time 5.22239% of in combat, overheal: 0.163598
Greater Heal 1, casts: 1, avg: 1470, 0.597215%, cast time 0.217599% of in combat, overheal: 0.283571
Greater Heal 1 hazz, casts: 12, avg: 1383.61, 6.74543%, cast time 1.56672% of in combat, overheal: 0.325672
Greater Heal 2 hazz, casts: 1, avg: 2331.51, 0.947221%, cast time 0.13056% of in combat, overheal: 0
Greater Heal 3 hazz, casts: 2, avg: 2220.87, 1.80454%, cast time 0.261119% of in combat, overheal: 0.163432
Greater Heal 4, casts: 11, avg: 2098.24, 9.37696%, cast time 2.39359% of in combat, overheal: 0.308327
Greater Heal 4 hazz, casts: 6, avg: 2522.69, 6.14935%, cast time 0.783358% of in combat, overheal: 0.16841
Heal 2, casts: 82, avg: 988.991, 32.9473%, cast time 17.8432% of in combat, overheal: 0.353626
Heal 4, casts: 9, avg: 1686.87, 6.16789%, cast time 1.9584% of in combat, overheal: 0.232041
Total time casting: 433, which is: 37.6882% of time in combat.
Total hps: 214.242, raw hps: 294.012, oh: 0.271315
Deficit time sum: 1.04112e+07, baseline: 1.17682e+07
Deficit*time change / s: 1181.16 hp
Number of combats: 17
Average mana at start of combat: 10014.6
Average mana at end of combat: 9424.45
Other players with hps > 100:
  Abq : 177.461 hps
  Acé : 123.722 hps
  Drargon : 145.182 hps
  Emilio : 119.735 hps
  Gono : 137.561 hps
  Hap : 141.902 hps
  Hasd : 208.343 hps
  Mladfotm : 108.81 hps
  Roast : 158.434 hps
  Saulty : 133.9 hps
------------------
Based on last: 3000 entries, out of total: 7472 entries, The least-squares solution is:
Int: 6.0146
Spirit: 33.7584
Sp / Healing: 100
Mp5: 43.5481
Crit: 269.658
T1 3p/piece: 2941.55
T2 3p/piece: 165.754
Hazza'rah's: 20322.2
Darkmoon: 0
100 points == 1 sp == 0.0414716 hps.
Appended tag:
( Pawn: v1: "own_bwl_speed_phase5": Intellect=6.0146, Spirit=33.7584, Healing=100, Mp5=43.5481, SpellCritRating=269.658, IsFist=X, Is2HMace=X, IsCrossbow=X, IsGun=X, IsShield=X, IsPolearm=X, Is2HAxe=X, IsBow=X, IsMail=X, IsPlate=X, IsLeather=X, IsAxe=X, Is2HAxe=X, IsSword=X, Is2HSword=X)
To file: own_bwl_speed_phase5.pawn_tag.txt
------------------
Diffs to start: 
Upgrades: 
( following sorted by alt scores, no specials )
benediction, , , (4.86497) -> , scepter of the false prophet, , lei of the lifegiver(10.1089) : 5.24396 = +2.5091%
zulian headdress(2.51436) -> crystal adorned crown(4.0323) : 1.51794 = +0.713575%
whipvine cord(1.41394) -> grasp of the old god(2.62064) : 1.2067 = +0.56643%
boots of transcendence(1.73192) -> boots of pure thought(2.76917) : 1.03725 = +0.486503%
fordring's seal(1.54692) -> ring of the martyr(2.20535) : 0.658432 = +0.308279%
jin'do's evil eye(1.93619) -> amulet of the fallen god(2.49968) : 0.563492 = +0.26371%
dragon's touch(0.278763) -> lunar wand of healing(0.829437) : 0.550674 = +0.257696%
hide of the wild(1.76675) -> cloak of clarity(1.93127) : 0.16452 = +0.0768509%
zandalar confessor's mantle(2.13609) -> ternary mantle(2.14716) : 0.0110626 = +0.00516388%
truefaith vestments(3.13579) -> truefaith vestments(3.13579) : 0 = +0%
empowered leggings(3.67108) -> empowered leggings(3.67108) : 0 = +0%
pure elementium band(2.36295) -> pure elementium band(2.36295) : 0 = +0%
hazza'rah's charm of healing(8.42796) -> hazza'rah's charm of healing(8.42796) : 0 = +0%
rejuvenating gem(2.89966) -> rejuvenating gem(2.89966) : 0 = +0%
bindings of transcendence(1.62498) -> vambraces of prophecy(1.20636) : -0.418625 = +-0.195017%
handguards of transcendence(1.5464) -> gloves of prophecy(1.10226) : -0.444138 = +-0.206878%
- - - - - - - - - - - - - - - - - - - - - - - - - - - - - - - - - - - - - - - - - 
| Upgrades at best in slot level, from start item to candidate, partial bonuses: 1: |
  alt scores are from least squares fit, special score from e.g. set bonuses as s are part of em
. . . . . . . . . . . . . . . . . . . . . . . . . . . . . . . . . . . . . . . . . 
- . - ' - . - ' - . - ' - . - ' - . - ' - . -
head, zulian headdress (1.47153), alt: 2.51436 -> :
    crystal adorned crown (2.10545) : +0.290993 %, alt : +4.03231, from: azuregos
    don rigoberto's lost hat (1.82048) : +0.160181 %, alt : +2.91271, from: aq40
    eternal crown of healing (1.85442) : +0.175758 %, alt : +2.65418, from: random green
- . - ' - . - ' - . - ' - . - ' - . - ' - . -
neck, jin'do's evil eye (1.36351), alt: 1.93619 -> :
    amulet of the fallen god (2.00562) : +0.294758 %, alt : +2.49968, from: aq40
    amulet of the shifting sands (1.42267) : +0.0271566 %, alt : +2.01605, from: aq20
    animated chain necklace (1.83907) : +0.218304 %, alt : +1.45256, from: pre-raid
- . - ' - . - ' - . - ' - . - ' - . - ' - . -
shoulders, zandalar confessor's mantle (1.11763), alt: 2.13609 -> :
    ternary mantle (1.04385) : -0.033756 %, alt : +2.14716, from: aq40
    zandalar confessor's mantle (1.11763) : +0 %, alt : +2.13609, from: zg
- . - ' - . - ' - . - ' - . - ' - . - ' - . -
back, hide of the wild (0.917633), alt: 1.76675 -> :
    cloak of clarity (0.828766) : -0.040658 %, alt : +1.93128, from: aq40
- . - ' - . - ' - . - ' - . - ' - . - ' - . -
chest, truefaith vestments (2.41205), alt: 3.13579 -> :
- . - ' - . - ' - . - ' - . - ' - . - ' - . -
wrists, bindings of transcendence (0.137497), alt: 1.69373 (s: 0.0687408) -> :
    bracelets of royal redemption (-2.44319) : -1.19564 %, alt : +2.34894, from: aq40
    zandalar confessor's wraps (-2.72055) : -1.32414 %, alt : +2.1446, from: zg
- . - ' - . - ' - . - ' - . - ' - . - ' - . -
two-hand, benediction (0.416458), alt: 4.86497 -> :
    scepter of the false prophet and lei of the lifegiver (4.69557) : +1.95483 %, alt : +10.1089, from: aq40, av rep
    scepter of the false prophet and sartura's might (3.96957) : +1.62317 %, alt : +10.0951, from: aq40, aq40
    scepter of the false prophet and brightly glowing stone (4.56491) : +1.89514 %, alt : +9.3912, from: aq40, pre-raid
    scepter of the false prophet and trance stone (4.26453) : +1.75791 %, alt : +9.0255, from: aq40, emeriss; lethon; taerar; ysondre
    blessed qiraji augur staff (-1.60228) : -0.922219 %, alt : +6.2612, from: aq40
    gavel of infinite wisdom and lei of the lifegiver (-0.950729) : -0.624572 %, alt : +6.08429, from: aq20, av rep
    gavel of infinite wisdom and sartura's might (-1.71786) : -0.975022 %, alt : +6.0705, from: aq20, aq40
    lok'amir il romathis and lei of the lifegiver (1.00655) : +0.26957 %, alt : +5.89268, from: bwl, av rep
    lok'amir il romathis and sartura's might (0.939072) : +0.238745 %, alt : +5.87889, from: bwl, aq40
    gavel of infinite wisdom and brightly glowing stone (0.656158) : +0.109502 %, alt : +5.36657, from: aq20, pre-raid
    lok'amir il romathis and brightly glowing stone (0.540726) : +0.0567691 %, alt : +5.17496, from: bwl, pre-raid
    gavel of infinite wisdom and trance stone (0.352371) : -0.0292768 %, alt : +5.00086, from: aq20, emeriss; lethon; taerar; ysondre
- . - ' - . - ' - . - ' - . - ' - . - ' - . -
ranged, dragon's touch (-0.648438), alt: 0.278763 -> :
    lunar wand of healing (-0.00131226) : +0.297069 %, alt : +0.829431, from: random green
    wandof qiraji nobility (-0.0502014) : +0.274626 %, alt : +0.78796, from: aq40
    antenna of invigoration (-0.328735) : +0.146763 %, alt : +0.603288, from: aq20
    bonecreeper stylus (-0.427368) : +0.101484 %, alt : +0.466165, from: pre-raid
- . - ' - . - ' - . - ' - . - ' - . - ' - . -
hands, handguards of transcendence (-0.979721), alt: 1.61514 (s: 0.0687408) -> :
    atal'ai hands of healing (-2.30293) : -0.615947 %, alt : +2.19799, from: sunken temple
    high councillor's gloves of healing (-2.63062) : -0.768481 %, alt : +1.90769, from: random green
    dark storm gauntlets (-2.75822) : -0.827882 %, alt : +1.57186, from: aq40
    hands of the exalted herald (-2.9527) : -0.918408 %, alt : +1.56899, from: pre-raid
- . - ' - . - ' - . - ' - . - ' - . - ' - . -
waist, whipvine cord (1.89055), alt: 1.41394 -> :
    grasp of the old god (2.1308) : +0.110083 %, alt : +2.62064, from: aq40
    zandalar confessor's bindings (1.6438) : -0.113062 %, alt : +2.25, from: zg
    eyestalk waist cord (1.42319) : -0.214147 %, alt : +1.83462, from: aq40
    firemaw's clutch (1.97865) : +0.0403698 %, alt : +1.57174, from: bwl
- . - ' - . - ' - . - ' - . - ' - . - ' - . -
legs, empowered leggings (2.62381), alt: 3.67108 -> :
- . - ' - . - ' - . - ' - . - ' - . - ' - . -
feet, boots of transcendence (1.66666), alt: 1.80066 (s: 0.0687408) -> :
    boots of pure thought (1.9211) : +0.116593 %, alt : +2.76917, from: bwl
    treads of the wandering nomand (1.76721) : +0.0460779 %, alt : +1.73335, from: aq20
    boots of epiphany (1.74554) : +0.0361491 %, alt : +1.45743, from: aq40
- . - ' - . - ' - . - ' - . - ' - . - ' - . -
finger, pure elementium band (1.87776), alt: 2.36295 -> :
    ring of spellpower (1.91652) : +0.0177392 %, alt : +1.36856, from: mc
- . - ' - . - ' - . - ' - . - ' - . - ' - . -
finger 2, fordring's seal (1.19975), alt: 1.54692 -> :
    pure elementium band (1.87999) : +0.312308 %, alt : +2.36294, from: bwl
    ring of the martyr (1.8734) : +0.309281 %, alt : +2.20535, from: aq40
    primalist's seal (1.64893) : +0.206223 %, alt : +2.02889, from: zg
    cauterizing band (1.6734) : +0.217459 %, alt : +1.93762, from: mc
    ring of spellpower (1.24532) : +0.0209186 %, alt : +1.36856, from: mc
    rosewine circle (1.84929) : +0.298212 %, alt : +1.29298, from: pre-raid
    mindtear band (1.81827) : +0.28397 %, alt : +1.03917, from: taerar
    band of servitude (1.58485) : +0.176806 %, alt : +0.976295, from: zg
    ring of blackrock (1.47876) : +0.128097 %, alt : +0.950501, from: bwl
    band of forced concentration (1.61882) : +0.192401 %, alt : +0.900835, from: bwl
    maiden's circle (1.45535) : +0.11735 %, alt : +0.84795, from: pre-raid
    eye of orgrimmar (1.45535) : +0.11735 %, alt : +0.819949, from: pre-raid
    primalist's band (1.39342) : +0.0889145 %, alt : +0.817585, from: zg
    ring of the devoured (1.33144) : +0.0604579 %, alt : +0.798981, from: aq40
- . - ' - . - ' - . - ' - . - ' - . - ' - . -
trinket, hazza'rah's charm of healing (8.72173), alt: 8.90488 -> :
    hazza'rah's charm of healing (8.72173) : +0 %, alt : +8.90488, from: zg
    darkmoon card: blue dragon (-0.638) : -4.28395 %, alt : +0, from: 
- . - ' - . - ' - . - ' - . - ' - . - ' - . -
trinket 2, rejuvenating gem (2.07269), alt: 2.89966 -> :
    hazza'rah's charm of healing (0) : -0.948673 %, alt : +8.90488, from: zg
    darkmoon card: blue dragon (-0.616501) : -1.23085 %, alt : +0, from: 
- - - - - - - - - - - - - - - - - - - - - - - - - - - - - - - - - - - - - - - - - 
| Upgrades at best in slot level, from start item to candidate, partial bonuses: 0: |
  alt scores are from least squares fit, special score from e.g. set bonuses as s are part of em
. . . . . . . . . . . . . . . . . . . . . . . . . . . . . . . . . . . . . . . . . 
- . - ' - . - ' - . - ' - . - ' - . - ' - . -
head, zulian headdress (1.40495), alt: 2.51436 -> :
    crystal adorned crown (2.62157) : +0.571113 %, alt : +4.03231, from: azuregos
    don rigoberto's lost hat (2.49875) : +0.513458 %, alt : +2.91271, from: aq40
    eternal crown of healing (2.41479) : +0.474048 %, alt : +2.65418, from: random green
- . - ' - . - ' - . - ' - . - ' - . - ' - . -
neck, jin'do's evil eye (2.34662), alt: 1.93619 -> :
    amulet of the fallen god (1.79706) : -0.255858 %, alt : +2.49968, from: aq40
    amulet of the shifting sands (2.40193) : +0.025752 %, alt : +2.01605, from: aq20
- . - ' - . - ' - . - ' - . - ' - . - ' - . -
shoulders, zandalar confessor's mantle (1.2816), alt: 2.13609 -> :
    ternary mantle (1.20657) : -0.0350077 %, alt : +2.14716, from: aq40
    mantle of the blackwing cabal (1.77316) : +0.229362 %, alt : +1.44994, from: bwl
    pauldrons of transcendence (1.54996) : +0.125215 %, alt : +1.32262, from: bwl
- . - ' - . - ' - . - ' - . - ' - . - ' - . -
back, hide of the wild (1.42288), alt: 1.76675 -> :
    cloak of clarity (1.33197) : -0.0424162 %, alt : +1.93128, from: aq40
    shroud of pure thought (2.03899) : +0.287452 %, alt : +1.50436, from: bwl
    hakkari loa cloak (2.02153) : +0.279308 %, alt : +1.49553, from: zg
- . - ' - . - ' - . - ' - . - ' - . - ' - . -
chest, truefaith vestments (1.23021), alt: 3.13579 -> :
    robes of the guardian saint (1.4303) : +0.0933938 %, alt : +3.08431, from: aq40
    robes of the exalted (1.99786) : +0.358312 %, alt : +2.98654, from: pre-raid
    robes of transcendence (1.7332) : +0.234777 %, alt : +2.65523, from: bwl
- . - ' - . - ' - . - ' - . - ' - . - ' - . -
wrists, bindings of transcendence (0.378662), alt: 1.62498 -> :
    bracelets of royal redemption (-1.34798) : -0.80457 %, alt : +2.34894, from: aq40
    zandalar confessor's wraps (0.785904) : +0.189764 %, alt : +2.1446, from: zg
- . - ' - . - ' - . - ' - . - ' - . - ' - . -
two-hand, benediction (1.01434), alt: 4.86497 -> :
    scepter of the false prophet and lei of the lifegiver (3.87805) : +1.33037 %, alt : +10.1089, from: aq40, av rep
    scepter of the false prophet and sartura's might (3.08331) : +0.961166 %, alt : +10.0951, from: aq40, aq40
    scepter of the false prophet and brightly glowing stone (3.48981) : +1.15001 %, alt : +9.3912, from: aq40, pre-raid
    scepter of the false prophet and trance stone (0.920883) : -0.0434181 %, alt : +9.0255, from: aq40, emeriss; lethon; taerar; ysondre
    blessed qiraji augur staff (0.56543) : -0.208549 %, alt : +6.2612, from: aq40
    gavel of infinite wisdom and lei of the lifegiver (1.34053) : +0.151534 %, alt : +6.08429, from: aq20, av rep
    gavel of infinite wisdom and sartura's might (0.583054) : -0.200361 %, alt : +6.0705, from: aq20, aq40
    lok'amir il romathis and lei of the lifegiver (1.10738) : +0.0432196 %, alt : +5.89268, from: bwl, av rep
    lok'amir il romathis and sartura's might (1.11739) : +0.0478698 %, alt : +5.87889, from: bwl, aq40
    gavel of infinite wisdom and brightly glowing stone (0.799911) : -0.099617 %, alt : +5.36657, from: aq20, pre-raid
    lok'amir il romathis and brightly glowing stone (0.564011) : -0.209208 %, alt : +5.17496, from: bwl, pre-raid
    gavel of infinite wisdom and trance stone (0.954987) : -0.0275749 %, alt : +5.00086, from: aq20, emeriss; lethon; taerar; ysondre
- . - ' - . - ' - . - ' - . - ' - . - ' - . -
ranged, dragon's touch (0.322495), alt: 0.278763 -> :
    lunar wand of healing (-0.222015) : -0.253512 %, alt : +0.829431, from: random green
    wandof qiraji nobility (0.723694) : +0.18679 %, alt : +0.78796, from: aq40
    antenna of invigoration (0.50238) : +0.0837511 %, alt : +0.603288, from: aq20
    bonecreeper stylus (0.408798) : +0.0401812 %, alt : +0.466165, from: pre-raid
- . - ' - . - ' - . - ' - . - ' - . - ' - . -
hands, handguards of transcendence (0.429977), alt: 1.5464 -> :
    atal'ai hands of healing (-1.38686) : -0.845293 %, alt : +2.19799, from: sunken temple
    high councillor's gloves of healing (-0.647141) : -0.501136 %, alt : +1.90769, from: random green
    dark storm gauntlets (0.575272) : +0.067599 %, alt : +1.57186, from: aq40
    hands of the exalted herald (0.380539) : -0.0230016 %, alt : +1.56899, from: pre-raid
- . - ' - . - ' - . - ' - . - ' - . - ' - . -
waist, whipvine cord (1.72253), alt: 1.41394 -> :
    grasp of the old god (1.91878) : +0.0916829 %, alt : +2.62064, from: aq40
    zandalar confessor's bindings (2.49231) : +0.359632 %, alt : +2.25, from: zg
    eyestalk waist cord (2.40587) : +0.319247 %, alt : +1.83462, from: aq40
    firemaw's clutch (1.92676) : +0.0954113 %, alt : +1.57174, from: bwl
- . - ' - . - ' - . - ' - . - ' - . - ' - . -
legs, empowered leggings (1.11511), alt: 3.67108 -> :
- . - ' - . - ' - . - ' - . - ' - . - ' - . -
feet, boots of transcendence (1.70996), alt: 1.73192 -> :
    boots of pure thought (1.80264) : +0.0432791 %, alt : +2.76917, from: bwl
    treads of the wandering nomand (1.80865) : +0.0460865 %, alt : +1.73335, from: aq20
- . - ' - . - ' - . - ' - . - ' - . - ' - . -
finger, pure elementium band (1.60493), alt: 2.36295 -> :
    ring of the martyr (2.46431) : +0.401124 %, alt : +2.20535, from: aq40
    cauterizing band (2.32237) : +0.334873 %, alt : +1.93762, from: mc
    fordring's seal (1.99677) : +0.182892 %, alt : +1.54692, from: pre-raid
    ring of spellpower (1.79228) : +0.0874467 %, alt : +1.36856, from: mc
    primalist's seal (1.64449) : +0.0184608 %, alt : +1.34461, from: zg
- . - ' - . - ' - . - ' - . - ' - . - ' - . -
finger 2, fordring's seal (1.99646), alt: 1.54692 -> :
    pure elementium band (1.61157) : -0.179216 %, alt : +2.36294, from: bwl
    ring of the martyr (1.47626) : -0.242223 %, alt : +2.20535, from: aq40
    cauterizing band (2.26988) : +0.127314 %, alt : +1.93762, from: mc
- . - ' - . - ' - . - ' - . - ' - . - ' - . -
trinket, hazza'rah's charm of healing (9.34874), alt: 8.42796 -> :
    hazza'rah's charm of healing (9.34874) : +0 %, alt : +8.42796, from: zg
    darkmoon card: blue dragon (-0.636551) : -4.66076 %, alt : +0, from: 
- . - ' - . - ' - . - ' - . - ' - . - ' - . -
trinket 2, rejuvenating gem (1.95193), alt: 2.89966 -> :
    hazza'rah's charm of healing (0) : -0.911089 %, alt : +8.42796, from: zg
    darkmoon card: blue dragon (0) : -0.911089 %, alt : +0, from: 
- - - - - - - - - - - - - - - - - - - - - - - - - - - - - - - - - - - - - - - - - 
| Upgrades at start level, from start item to candidate, partial bonuses: 1: |
  alt scores are from least squares fit, special score from e.g. set bonuses as s are part of em
. . . . . . . . . . . . . . . . . . . . . . . . . . . . . . . . . . . . . . . . . 
- . - ' - . - ' - . - ' - . - ' - . - ' - . -
head, zulian headdress (3.73103), alt: 2.51436 -> :
    crystal adorned crown (3.95993) : +0.110286 %, alt : +4.03231, from: azuregos
    don rigoberto's lost hat (3.37813) : -0.170036 %, alt : +2.91271, from: aq40
    eternal crown of healing (3.28812) : -0.213405 %, alt : +2.65418, from: random green
- . - ' - . - ' - . - ' - . - ' - . - ' - . -
neck, jin'do's evil eye (2.41606), alt: 1.93619 -> :
    amulet of the fallen god (2.24634) : -0.0817757 %, alt : +2.49968, from: aq40
    amulet of the shifting sands (2.48511) : +0.0332675 %, alt : +2.01605, from: aq20
- . - ' - . - ' - . - ' - . - ' - . - ' - . -
shoulders, zandalar confessor's mantle (2.51877), alt: 2.13609 -> :
    ternary mantle (2.43677) : -0.0395093 %, alt : +2.14716, from: aq40
    zandalar confessor's mantle (2.51877) : +0 %, alt : +2.13609, from: zg
    pauldrons of transcendence (1.92911) : -0.284108 %, alt : +1.32262, from: bwl
- . - ' - . - ' - . - ' - . - ' - . - ' - . -
back, hide of the wild (2.3031), alt: 1.76675 -> :
    cloak of clarity (2.1998) : -0.0497727 %, alt : +1.93128, from: aq40
- . - ' - . - ' - . - ' - . - ' - . - ' - . -
chest, truefaith vestments (3.12947), alt: 3.13579 -> :
    robes of transcendence (2.73323) : -0.190915 %, alt : +2.65523, from: bwl
- . - ' - . - ' - . - ' - . - ' - . - ' - . -
wrists, bindings of transcendence (1.95421), alt: 1.69373 (s: 0.0687408) -> :
    bracelets of royal redemption (2.08305) : +0.0620798 %, alt : +2.34894, from: aq40
    bindings of transcendence (1.95421) : +0 %, alt : +1.69373 (s: 0.0687408), from: bwl
    zandalar confessor's wraps (1.84081) : -0.0546396 %, alt : +1.19076, from: zg
- . - ' - . - ' - . - ' - . - ' - . - ' - . -
two-hand, benediction (3.45078), alt: 4.86497 -> :
    scepter of the false prophet and lei of the lifegiver (7.53397) : +1.96735 %, alt : +10.1089, from: aq40, av rep
    scepter of the false prophet and sartura's might (7.45453) : +1.92908 %, alt : +10.0951, from: aq40, aq40
    scepter of the false prophet and brightly glowing stone (6.42851) : +1.43472 %, alt : +9.3912, from: aq40, pre-raid
    scepter of the false prophet and trance stone (5.39409) : +0.936321 %, alt : +9.0255, from: aq40, emeriss; lethon; taerar; ysondre
    blessed qiraji augur staff (3.03043) : -0.202531 %, alt : +6.2612, from: aq40
    gavel of infinite wisdom and lei of the lifegiver (2.98164) : -0.226036 %, alt : +6.08429, from: aq20, av rep
    gavel of infinite wisdom and sartura's might (2.89532) : -0.267625 %, alt : +6.0705, from: aq20, aq40
    lok'amir il romathis and lei of the lifegiver (2.67993) : -0.371405 %, alt : +5.89268, from: bwl, av rep
    lok'amir il romathis and sartura's might (3.60326) : +0.073468 %, alt : +5.87889, from: bwl, aq40
    gavel of infinite wisdom and brightly glowing stone (3.19162) : -0.124865 %, alt : +5.36657, from: aq20, pre-raid
    lok'amir il romathis and brightly glowing stone (2.89333) : -0.268589 %, alt : +5.17496, from: bwl, pre-raid
    gavel of infinite wisdom and trance stone (3.4511) : +0.000154391 %, alt : +5.00086, from: aq20, emeriss; lethon; taerar; ysondre
- . - ' - . - ' - . - ' - . - ' - . - ' - . -
ranged, dragon's touch (0.302505), alt: 0.278763 -> :
    lunar wand of healing (0.141907) : -0.0773792 %, alt : +0.829431, from: random green
    wandof qiraji nobility (0.0877228) : -0.103486 %, alt : +0.78796, from: aq40
    antenna of invigoration (-0.222626) : -0.253017 %, alt : +0.603288, from: aq20
    bonecreeper stylus (0.338303) : +0.0172477 %, alt : +0.466165, from: pre-raid
- . - ' - . - ' - . - ' - . - ' - . - ' - . -
hands, handguards of transcendence (1.98251), alt: 1.61514 (s: 0.0687408) -> :
    atal'ai hands of healing (2.10963) : +0.061249 %, alt : +2.19799, from: sunken temple
    high councillor's gloves of healing (1.73093) : -0.121219 %, alt : +1.90769, from: random green
    dark storm gauntlets (1.29941) : -0.329132 %, alt : +1.57186, from: aq40
    hands of the exalted herald (1.95172) : -0.0148362 %, alt : +1.56899, from: pre-raid
- . - ' - . - ' - . - ' - . - ' - . - ' - . -
waist, whipvine cord (1.82458), alt: 1.41394 -> :
    grasp of the old god (1.42938) : -0.190415 %, alt : +2.62064, from: aq40
    eyestalk waist cord (1.71873) : -0.0510004 %, alt : +1.83462, from: aq40
    firemaw's clutch (1.85048) : +0.0124762 %, alt : +1.57174, from: bwl
    zandalar confessor's bindings (1.59288) : -0.111639 %, alt : +1.29615, from: zg
- . - ' - . - ' - . - ' - . - ' - . - ' - . -
legs, empowered leggings (3.22491), alt: 3.67108 -> :
    leggings of transcendence (1.24089) : -0.955936 %, alt : +2.3805, from: mc
- . - ' - . - ' - . - ' - . - ' - . - ' - . -
feet, boots of transcendence (2.02261), alt: 1.80066 (s: 0.0687408) -> :
    boots of pure thought (1.51334) : -0.245378 %, alt : +2.76917, from: bwl
    boots of transcendence (2.02261) : +0 %, alt : +1.80065 (s: 0.0687408), from: bwl
    treads of the wandering nomand (1.97173) : -0.0245187 %, alt : +1.73335, from: aq20
- . - ' - . - ' - . - ' - . - ' - . - ' - . -
finger, pure elementium band (3.59982), alt: 2.36295 -> :
- . - ' - . - ' - . - ' - . - ' - . - ' - . -
finger 2, fordring's seal (2.0114), alt: 1.54692 -> :
    pure elementium band (2.02322) : +0.00569776 %, alt : +2.36294, from: bwl
    ring of the martyr (1.87712) : -0.0646971 %, alt : +2.20535, from: aq40
    primalist's seal (1.62384) : -0.186732 %, alt : +2.02889, from: zg
    cauterizing band (1.65097) : -0.17366 %, alt : +1.93762, from: mc
- . - ' - . - ' - . - ' - . - ' - . - ' - . -
trinket, hazza'rah's charm of healing (10.6181), alt: 9.38181 -> :
    hazza'rah's charm of healing (10.6181) : +0 %, alt : +9.3818, from: zg
    darkmoon card: blue dragon (0) : -5.11597 %, alt : +0, from: 
- . - ' - . - ' - . - ' - . - ' - . - ' - . -
trinket 2, rejuvenating gem (3.23746), alt: 2.89966 -> :
    hazza'rah's charm of healing (0) : -1.55986 %, alt : +9.3818, from: zg
    darkmoon card: blue dragon (0) : -1.55986 %, alt : +0, from: 
- - - - - - - - - - - - - - - - - - - - - - - - - - - - - - - - - - - - - - - - - 
| Upgrades at start level, from start item to candidate, partial bonuses: 0: |
  alt scores are from least squares fit, special score from e.g. set bonuses as s are part of em
. . . . . . . . . . . . . . . . . . . . . . . . . . . . . . . . . . . . . . . . . 
- . - ' - . - ' - . - ' - . - ' - . - ' - . -
head, zulian headdress (3.07701), alt: 2.51436 -> :
    crystal adorned crown (2.74762) : -0.158895 %, alt : +4.03231, from: azuregos
    don rigoberto's lost hat (3.21886) : +0.0684249 %, alt : +2.91271, from: aq40
    eternal crown of healing (3.12787) : +0.0245331 %, alt : +2.65418, from: random green
- . - ' - . - ' - . - ' - . - ' - . - ' - . -
neck, jin'do's evil eye (3.49799), alt: 1.93619 -> :
    amulet of the fallen god (3.82742) : +0.158917 %, alt : +2.49968, from: aq40
    amulet of the shifting sands (3.56831) : +0.0339254 %, alt : +2.01605, from: aq20
- . - ' - . - ' - . - ' - . - ' - . - ' - . -
shoulders, zandalar confessor's mantle (3.60442), alt: 2.13609 -> :
    ternary mantle (3.52145) : -0.04002 %, alt : +2.14716, from: aq40
    zandalar confessor's mantle (3.60442) : +0 %, alt : +2.13609, from: zg
    pauldrons of transcendence (2.08771) : -0.731644 %, alt : +1.32262, from: bwl
- . - ' - . - ' - . - ' - . - ' - . - ' - . -
back, hide of the wild (3.38144), alt: 1.76675 -> :
    cloak of clarity (3.27664) : -0.0505531 %, alt : +1.93128, from: aq40
- . - ' - . - ' - . - ' - . - ' - . - ' - . -
chest, truefaith vestments (3.15224), alt: 3.13579 -> :
    robes of transcendence (1.82524) : -0.640129 %, alt : +2.65523, from: bwl
- . - ' - . - ' - . - ' - . - ' - . - ' - . -
wrists, bindings of transcendence (2.20444), alt: 1.83121 (s: 0.206222) -> :
    bracelets of royal redemption (2.02571) : -0.0862156 %, alt : +2.34894, from: aq40
    bindings of transcendence (2.20444) : +0 %, alt : +1.83121 (s: 0.206222), from: bwl
    zandalar confessor's wraps (1.7653) : -0.211833 %, alt : +1.19076, from: zg
- . - ' - . - ' - . - ' - . - ' - . - ' - . -
two-hand, benediction (4.76758), alt: 4.86497 -> :
    scepter of the false prophet and lei of the lifegiver (8.35278) : +1.72947 %, alt : +10.1089, from: aq40, av rep
    scepter of the false prophet and sartura's might (8.06293) : +1.58964 %, alt : +10.0951, from: aq40, aq40
    scepter of the false prophet and brightly glowing stone (6.95401) : +1.05471 %, alt : +9.3912, from: aq40, pre-raid
    scepter of the false prophet and trance stone (6.36607) : +0.771097 %, alt : +9.0255, from: aq40, emeriss; lethon; taerar; ysondre
    blessed qiraji augur staff (5.04686) : +0.134723 %, alt : +6.2612, from: aq40
    gavel of infinite wisdom and lei of the lifegiver (4.99776) : +0.111036 %, alt : +6.08429, from: aq20, av rep
    gavel of infinite wisdom and sartura's might (4.91238) : +0.0698528 %, alt : +6.0705, from: aq20, aq40
    lok'amir il romathis and lei of the lifegiver (4.70012) : -0.0325416 %, alt : +5.89268, from: bwl, av rep
    lok'amir il romathis and sartura's might (4.61469) : -0.073754 %, alt : +5.87889, from: bwl, aq40
    gavel of infinite wisdom and brightly glowing stone (5.01129) : +0.117565 %, alt : +5.36657, from: aq20, pre-raid
    lok'amir il romathis and brightly glowing stone (4.70682) : -0.0293102 %, alt : +5.17496, from: bwl, pre-raid
    gavel of infinite wisdom and trance stone (4.84538) : +0.0375321 %, alt : +5.00086, from: aq20, emeriss; lethon; taerar; ysondre
- . - ' - . - ' - . - ' - . - ' - . - ' - . -
ranged, dragon's touch (0.308655), alt: 0.278763 -> :
    lunar wand of healing (0.647903) : +0.16365 %, alt : +0.829431, from: random green
    wandof qiraji nobility (0.592545) : +0.136945 %, alt : +0.78796, from: aq40
    antenna of invigoration (0.275223) : -0.0161272 %, alt : +0.603288, from: aq20
    bonecreeper stylus (0.239655) : -0.033285 %, alt : +0.466165, from: pre-raid
- . - ' - . - ' - . - ' - . - ' - . - ' - . -
hands, handguards of transcendence (2.23236), alt: 1.75262 (s: 0.206222) -> :
    atal'ai hands of healing (1.98363) : -0.119986 %, alt : +2.19799, from: sunken temple
    high councillor's gloves of healing (2.4814) : +0.120134 %, alt : +1.90769, from: random green
    dark storm gauntlets (2.36066) : +0.0618886 %, alt : +1.57186, from: aq40
    hands of the exalted herald (2.20284) : -0.0142429 %, alt : +1.56899, from: pre-raid
- . - ' - . - ' - . - ' - . - ' - . - ' - . -
waist, whipvine cord (2.07669), alt: 1.41394 -> :
    grasp of the old god (2.31465) : +0.11479 %, alt : +2.62064, from: aq40
    eyestalk waist cord (2.30292) : +0.109129 %, alt : +1.83462, from: aq40
    firemaw's clutch (1.99734) : -0.0382755 %, alt : +1.57174, from: bwl
    zandalar confessor's bindings (1.91588) : -0.0775742 %, alt : +1.29615, from: zg
- . - ' - . - ' - . - ' - . - ' - . - ' - . -
legs, empowered leggings (3.30986), alt: 3.67108 -> :
    leggings of transcendence (1.07599) : -1.0776 %, alt : +2.3805, from: mc
- . - ' - . - ' - . - ' - . - ' - . - ' - . -
feet, boots of transcendence (3.01906), alt: 1.93814 (s: 0.206222) -> :
    boots of pure thought (3.21243) : +0.0932819 %, alt : +2.76917, from: bwl
    boots of transcendence (3.01906) : +0 %, alt : +1.93813 (s: 0.206222), from: bwl
    treads of the wandering nomand (3.13536) : +0.0561031 %, alt : +1.73335, from: aq20
- . - ' - . - ' - . - ' - . - ' - . - ' - . -
finger, pure elementium band (3.04936), alt: 2.36295 -> :
- . - ' - . - ' - . - ' - . - ' - . - ' - . -
finger 2, fordring's seal (3.08507), alt: 1.54692 -> :
    pure elementium band (3.38853) : +0.146389 %, alt : +2.36294, from: bwl
    ring of the martyr (3.2854) : +0.0966384 %, alt : +2.20535, from: aq40
    cauterizing band (3.21933) : +0.0647666 %, alt : +1.93762, from: mc
- . - ' - . - ' - . - ' - . - ' - . - ' - . -
trinket, hazza'rah's charm of healing (10.8696), alt: 9.38181 -> :
    hazza'rah's charm of healing (10.8696) : +0 %, alt : +9.3818, from: zg
    darkmoon card: blue dragon (0) : -5.24337 %, alt : +0, from: 
- . - ' - . - ' - . - ' - . - ' - . - ' - . -
trinket 2, rejuvenating gem (2.72813), alt: 2.89966 -> :
    hazza'rah's charm of healing (0) : -1.31602 %, alt : +9.3818, from: zg
    darkmoon card: blue dragon (0) : -1.31602 %, alt : +0, from: 
------------------
Best value: 217.015
