Your call: ./css 4 ../items/phase5.csv ban_tmp_phase4.txt no-locks own_bwl_speed_phase4 -a ../confs/wcl_bwl_speed_log.csv -l own_speed.txt 
Found: -a, val: ../confs/wcl_bwl_speed_log.csv
./css 4 ../items/phase5.csv ban_tmp_phase4.txt no-locks own_bwl_speed_phase4 -l own_speed.txt 
Found key: buff_fraction, saw val: 1
Found key: healing_from_crit_fraction, saw val: 0.2
Found key: transc8_exists, saw val: 0
Found key: enchantments, saw val: 1
Found key: fort, saw val: 1
Found key: motw, saw val: 1
Found key: spirit, saw val: 1
Found key: ai, saw val: 1
Found key: flask, saw val: 1
Found key: holy_disc, saw val: 0
Found key: min_combat_length, saw val: 2
Found key: max_log_entry_diff_in_combat, saw val: 10
Found key: precast, saw val: 1
Found key: swap_cast, saw val: 1
Found key: time_step, saw val: 0.1
Found key: reaction_time, saw val: 0.1
Found key: skip_player, saw val: Paisti
Found key: use_deficit_time_sum, saw val: 0
Found key: wcl_log, saw val: 1
Found: -l, val: own_speed.txt
./css 4 ../items/phase5.csv ban_tmp_phase4.txt no-locks own_bwl_speed_phase4 
Will read log from: own_speed.txt
./css 4 ../items/phase5.csv ban_tmp_phase4.txt no-locks own_bwl_speed_phase4 
./css 4 ../items/phase5.csv ban_tmp_phase4.txt no-locks own_bwl_speed_phase4 
Shuffle seed: 2416673600
Reading banned from: ban_tmp_phase4.txt
Banning: aq20
Banning: aq40
Banning: naxx
Banning: neltharion's tear
Banning: lok'amir il romathis
Banning: choker of the fire lord
Reading WCL parsed log: own_speed.txt
Saw 16390 lines of log, with 16390 log lines
Sorting by timestamp...
Sorted.
Pruning log from: 16390 entries.
Combat from 0 to 15.537 s
Combat from 52.063 to 294.972 s
Combat from 299.432 to 326.623 s
Combat from 341.566 to 353.268 s
Combat from 389.344 to 407.92 s
Combat from 428.534 to 465.493 s
Combat from 487.942 to 694.469 s
Combat from 708.158 to 733.147 s
Combat from 746.222 to 775.768 s
Combat from 807.693 to 836.877 s
Combat from 859.101 to 889.438 s
Combat from 896.752 to 932.532 s
Combat from 937.204 to 959.452 s
Combat from 972.4 to 1123.47 s
Combat from 1140.11 to 1200.06 s
Combat from 1240.09 to 1362.57 s
Combat from 1376.17 to 1457.62 s
Pruned to: 16198 entries.
----------------------------------------------------------
---- Baseline results without simulated player input: ----
----------------------------------------------------------
oh_limit: 0.9
time_left_mul: 0.5
total_deficit_to_pop_trinkets: 10000
in combat total: 1148.9
Total time casting: 0, which is: 0% of time in combat.
Total hps: 0, raw hps: 0, oh: -nan
Deficit time sum: 1.97051e+10, baseline: 0
Deficit*time change / s: -1.71513e+07 hp
Number of combats: 17
Average mana at start of combat: 0
Average mana at end of combat: 0
Other players with hps > 100:
  Abq : 200.682 hps
  Acé : 140.619 hps
  Drargon : 158.577 hps
  Emilio : 132.965 hps
  Gono : 170.848 hps
  Hap : 156.784 hps
  Hasd : 233.172 hps
  Mladfotm : 126.35 hps
  Roast : 172.294 hps
  Saulty : 147.354 hps
Skip player from: Paisti to: Hasd
Reading WCL parsed log: own_speed.txt
Saw 16390 lines of log, with 16390 log lines
Sorting by timestamp...
Sorted.
Pruning log from: 16390 entries.
Combat from 0 to 15.537 s
Combat from 52.063 to 294.972 s
Combat from 299.432 to 326.623 s
Combat from 341.566 to 353.268 s
Combat from 389.344 to 407.92 s
Combat from 428.534 to 465.493 s
Combat from 487.942 to 694.469 s
Combat from 708.158 to 733.147 s
Combat from 746.222 to 775.768 s
Combat from 807.693 to 836.877 s
Combat from 859.101 to 889.438 s
Combat from 896.752 to 932.532 s
Combat from 937.204 to 959.452 s
Combat from 972.4 to 1123.47 s
Combat from 1140.11 to 1200.06 s
Combat from 1240.09 to 1362.57 s
Combat from 1376.17 to 1457.62 s
Pruned to: 15688 entries.
Skipped player entries: 516
Baseline results again due to changed skipped player
oh_limit: 0.9
time_left_mul: 0.5
total_deficit_to_pop_trinkets: 10000
in combat total: 1148.9
Total time casting: 0, which is: 0% of time in combat.
Total hps: 0, raw hps: 0, oh: -nan
Deficit time sum: 3.31337e+10, baseline: 0
Deficit*time change / s: -2.88395e+07 hp
Number of combats: 17
Average mana at start of combat: 0
Average mana at end of combat: 0
Other players with hps > 100:
  Abq : 217.544 hps
  Acé : 154.332 hps
  Drargon : 175.142 hps
  Emilio : 153.532 hps
  Gono : 190.419 hps
  Hap : 174.609 hps
  Mladfotm : 142.759 hps
  Roast : 185.994 hps
  Saulty : 161.401 hps
Reading tmp locked from: start_with.txt
Locking: anastari heirloom
Locking: anathema
Locking: animated chain necklace
Locking: argent crusader
Locking: atal'ai gloves of the owl
Locking: ban'thok sash
Locking: banshee finger
Locking: benediction
Locking: blood of the martyr
Locking: briarwood reed
Locking: burial shawl
Locking: clutch of andros
Locking: crimson felt hat
Locking: cyclopean band
Locking: devout belt
Locking: devout bracers
Locking: devout crown
Locking: devout mantle
Locking: devout robe
Locking: devout sandals
Locking: devout skirt
Locking: dragon finger of healing
Locking: dragon finger of intellect
Locking: dragonrider boots
Locking: dragonslayer's signet
Locking: drakefire amulet
Locking: dreadmist mantle
Locking: dreamweave circlet
Locking: dreamweave gloves
Locking: dreamweave vest
Locking: elder magus pendant
Locking: eye of the beast
Locking: fordring's seal
Locking: girdle of prophecy
Locking: gloves of prophecy
Locking: grimgore noose
Locking: halo of transcendence
Locking: heart of the fiend
Locking: hide of the wild
Locking: kentic amice
Locking: magister's robes
Locking: maleki's footwraps
Locking: mindtap talisman
Locking: nature's breath
Locking: necropile boots
Locking: necropile cuffs
Locking: necropile leggings
Locking: necropile mantle
Locking: necropile robe
Locking: noxious shooter
Locking: omnicast boots
Locking: orb of the forgotten seer
Locking: padre's trousers
Locking: penelope's rose
Locking: quel'dorai channeling rod
Locking: raincaster drape
Locking: rainstrider leggings
Locking: ring of demonic guile
Locking: ring of demonic guile
Locking: robes of prophecy
Locking: robes of the exalted
Locking: robes of the royal crown
Locking: rod of corrosion
Locking: rosewine circle
Locking: royal seal of eldre'thalas
Locking: royal tribunal cloak
Locking: sarah's guide
Locking: seal of rivendare
Locking: seal of rivendare
Locking: shadowy laced handwraps
Locking: silkweb gloves
Locking: soulstealer mantle
Locking: spellbound tome
Locking: spritecaster cape
Locking: star of mystaria
Locking: starfire tiara
Locking: stormrager
Locking: sublime wristguards
Locking: the hammer of grace
Locking: the postmaster's treads
Locking: thuzadin sash
Locking: triune amulet
Locking: vinerot sandals
Locking: whipvine cord
Locking: wolfshear leggings
Locking: boots of the full moon
Locking: mantle of prophecy
Locking: dragon's touch
Locking: bindings of transcendence
Locking: shimmering geta
Locking: empowered leggings
Locking: seal of the archmagus
Locking: circlet of prophecy
Locking: boots of prophecy
Locking: pauldrons of transcendence
Locking: primalist's seal
Locking: zandalar confessor's bindings
Locking: zulian headdress
Locking: mar'li's eye
Locking: shroud of pure thought
Locking: belt of transcendence
Locking: jin'do's evil eye
Locking: primalist's band
Locking: zandalarian hero charm
Locking: zandalar confessor's mantle
Locking: zandalar confessor's wraps 
Locking: pure elementium band
Locking: truefaith vestments
Locking: vambraces of prophecy
Locking: hazza'rah's charm of healing
Locking: handguards of transcendence
Locking: boots of transcendence
Locking: darkmoon card: blue dragon
Locking: rejuvenating gem
Optimizing start items...

*** NEW BEST (1): 172.881

*** NEW BEST (1): 174.153

*** NEW BEST (1): 177.592

*** NEW BEST (1): 189.603

*** NEW BEST (1): 192.218

*** NEW BEST (1): 195.83

*** NEW BEST (1): 197.507

*** NEW BEST (1): 198.27

*** NEW BEST (1): 199.93

*** NEW BEST (1): 201.265

*** NEW BEST (1): 201.306

*** NEW BEST (1): 206.24

*** NEW BEST (1): 208.483

*** NEW BEST (1): 213.684

*** NEW BEST (1): 216.159

*** NEW BEST (1): 219.048
*
*** NEW BEST (1): 219.467

*** NEW BEST (1): 220.859
**********
*** NEW BEST (0): 186.688
Based on last: 3000 entries, out of total: 3524 entries, (563 dropped), The least-squares solution is:
Int: 19.8587
Spirit: 0
Sp / Healing: 100
Mp5: 0
Crit: 129.856
T1 3p/piece: 233.919
T2 3p/piece: 295.082
Hazza'rah's: 16369.3
Darkmoon: 0
100 points == 1 sp == 0.0502086 hps.
neck : animated chain necklace -> jin'do's evil eye => val: 186.688 -> 187.557

*** NEW BEST (0): 187.557
Based on last: 3000 entries, out of total: 3551 entries, (580 dropped), The least-squares solution is:
Int: 20.1563
Spirit: 0
Sp / Healing: 100
Mp5: 0
Crit: 124.849
T1 3p/piece: 226.503
T2 3p/piece: 311.185
Hazza'rah's: 16337.1
Darkmoon: 0
100 points == 1 sp == 0.0502912 hps.
trinket : briarwood reed -> hazza'rah's charm of healing => val: 187.557 -> 194.769

*** NEW BEST (0): 194.769
Based on last: 3000 entries, out of total: 3557 entries, (590 dropped), The least-squares solution is:
Int: 20.1878
Spirit: 0
Sp / Healing: 100
Mp5: 0
Crit: 123.659
T1 3p/piece: 226.853
T2 3p/piece: 311.042
Hazza'rah's: 16461.6
Darkmoon: 0
100 points == 1 sp == 0.0503078 hps.
chest : dreamweave vest -> truefaith vestments => val: 194.769 -> 197.517

*** NEW BEST (0): 197.517
Based on last: 3000 entries, out of total: 3570 entries, (597 dropped), The least-squares solution is:
Int: 20.2221
Spirit: 0
Sp / Healing: 100
Mp5: 0
Crit: 120.679
T1 3p/piece: 224.434
T2 3p/piece: 333.191
Hazza'rah's: 16443.3
Darkmoon: 0
100 points == 1 sp == 0.0503559 hps.
legs : devout skirt -> empowered leggings => val: 197.517 -> 200.133

*** NEW BEST (0): 200.133
Based on last: 3000 entries, out of total: 3570 entries, (617 dropped), The least-squares solution is:
Int: 20.2221
Spirit: 0
Sp / Healing: 100
Mp5: 0
Crit: 120.679
T1 3p/piece: 224.434
T2 3p/piece: 333.191
Hazza'rah's: 16443.3
Darkmoon: 0
100 points == 1 sp == 0.0503559 hps.
finger : cyclopean band -> pure elementium band => val: 200.133 -> 201.931

*** NEW BEST (0): 201.931
Based on last: 3000 entries, out of total: 3586 entries, (631 dropped), The least-squares solution is:
Int: 20.1552
Spirit: 0
Sp / Healing: 100
Mp5: 0
Crit: 122.232
T1 3p/piece: 222.331
T2 3p/piece: 333.332
Hazza'rah's: 16428.5
Darkmoon: 0
100 points == 1 sp == 0.0503941 hps.
hands : atal'ai gloves of the owl -> handguards of transcendence => val: 201.931 -> 205.711

*** NEW BEST (0): 205.711
Based on last: 3000 entries, out of total: 3588 entries, (651 dropped), The least-squares solution is:
Int: 20.1964
Spirit: 0
Sp / Healing: 100
Mp5: 0
Crit: 122.303
T1 3p/piece: 221.688
T2 3p/piece: 333.182
Hazza'rah's: 16430.7
Darkmoon: 0
100 points == 1 sp == 0.0503882 hps.
shoulders : soulstealer mantle -> zandalar confessor's mantle => val: 205.711 -> 207.822

*** NEW BEST (0): 207.822
Based on last: 3000 entries, out of total: 3593 entries, (665 dropped), The least-squares solution is:
Int: 20.1287
Spirit: 0
Sp / Healing: 100
Mp5: 0
Crit: 123.393
T1 3p/piece: 222.624
T2 3p/piece: 334.281
Hazza'rah's: 16432
Darkmoon: 0
100 points == 1 sp == 0.0503855 hps.
wrists : devout bracers -> bindings of transcendence => val: 207.822 -> 209.561

*** NEW BEST (0): 209.561
Based on last: 3000 entries, out of total: 3600 entries, (677 dropped), The least-squares solution is:
Int: 20.0271
Spirit: 0
Sp / Healing: 100
Mp5: 0
Crit: 121.255
T1 3p/piece: 223.257
T2 3p/piece: 372.44
Hazza'rah's: 16421.6
Darkmoon: 0
100 points == 1 sp == 0.0504139 hps.
ranged : dragon finger of intellect -> dragon's touch => val: 209.561 -> 209.822

*** NEW BEST (0): 209.822
Based on last: 3000 entries, out of total: 3604 entries, (690 dropped), The least-squares solution is:
Int: 20.0779
Spirit: 0
Sp / Healing: 100
Mp5: 0
Crit: 119.766
T1 3p/piece: 223.392
T2 3p/piece: 372.045
Hazza'rah's: 16414.2
Darkmoon: 0
100 points == 1 sp == 0.0504329 hps.
finger 2 : blood of the martyr -> fordring's seal => val: 209.822 -> 212.07

*** NEW BEST (0): 212.07
Based on last: 3000 entries, out of total: 3616 entries, (708 dropped), The least-squares solution is:
Int: 19.9887
Spirit: 0
Sp / Healing: 100
Mp5: 0
Crit: 114.31
T1 3p/piece: 218.356
T2 3p/piece: 409.018
Hazza'rah's: 16400.2
Darkmoon: 0
100 points == 1 sp == 0.0504707 hps.
trinket 2 : eye of the beast -> rejuvenating gem => val: 212.07 -> 213.265

*** NEW BEST (0): 213.265
Based on last: 3000 entries, out of total: 3619 entries, (721 dropped), The least-squares solution is:
Int: 19.9718
Spirit: 0
Sp / Healing: 100
Mp5: 0
Crit: 112.485
T1 3p/piece: 215.388
T2 3p/piece: 405.656
Hazza'rah's: 16395.9
Darkmoon: 0
100 points == 1 sp == 0.0504816 hps.
feet : boots of the full moon -> boots of transcendence => val: 213.265 -> 213.333

*** NEW BEST (0): 213.333
Based on last: 3000 entries, out of total: 3619 entries, (741 dropped), The least-squares solution is:
Int: 19.9718
Spirit: 0
Sp / Healing: 100
Mp5: 0
Crit: 112.485
T1 3p/piece: 215.388
T2 3p/piece: 405.656
Hazza'rah's: 16395.9
Darkmoon: 0
100 points == 1 sp == 0.0504816 hps.
head : crimson felt hat -> zulian headdress => val: 213.333 -> 214.636

*** NEW BEST (0): 214.636
Based on last: 3000 entries, out of total: 3619 entries, (765 dropped), The least-squares solution is:
Int: 19.9718
Spirit: 0
Sp / Healing: 100
Mp5: 0
Crit: 112.485
T1 3p/piece: 215.388
T2 3p/piece: 405.656
Hazza'rah's: 16395.9
Darkmoon: 0
100 points == 1 sp == 0.0504816 hps.
waist : ban'thok sash -> whipvine cord => val: 214.636 -> 215.103

*** NEW BEST (0): 215.103
Based on last: 3000 entries, out of total: 3627 entries, (777 dropped), The least-squares solution is:
Int: 19.9424
Spirit: 0
Sp / Healing: 100
Mp5: 0
Crit: 113.525
T1 3p/piece: 214.247
T2 3p/piece: 404.914
Hazza'rah's: 16393.5
Darkmoon: 0
100 points == 1 sp == 0.0504874 hps.
*two-hand :   the hammer of grace orb of the forgotten seer -> benediction    => val: 215.103 -> 219.749

*** NEW BEST (0): 219.749
Based on last: 3000 entries, out of total: 3674 entries, (921 dropped), The least-squares solution is:
Int: 19.5587
Spirit: 0
Sp / Healing: 100
Mp5: 0
Crit: 133.201
T1 3p/piece: 268.249
T2 3p/piece: 353.315
Hazza'rah's: 16371.6
Darkmoon: 0
100 points == 1 sp == 0.0504948 hps.
********
Read starting items and cleared locks.
 ----------------------------
 --- head --- 
name: zulian headdress
slot: head
intelligence: 15
stamina: 13
spirit: 14
sp_healing: 55
armor: 78
 ----------------------------
 --- neck --- 
name: jin'do's evil eye
slot: neck
intelligence: 11
stamina: 5
spirit: 6
sp_healing: 44
 ----------------------------
 --- shoulders --- 
name: zandalar confessor's mantle
slot: shoulders
intelligence: 24
stamina: 11
spirit: 15
sp_healing: 22
armor: 78
 ----------------------------
 --- back --- 
name: hide of the wild
slot: back
intelligence: 10
stamina: 8
sp_healing: 42
armor: 48
 ----------------------------
 --- chest --- 
name: truefaith vestments
slot: chest
stamina: 14
sp_healing: 73
mp5: 6
armor: 96
 ----------------------------
 --- wrists --- 
name: bindings of transcendence
slot: wrists
intelligence: 13
stamina: 9
spirit: 16
sp_healing: 33
armor: 51
 ----------------------------
 --- two-hand --- 
name: benediction
slot: two-hand
intelligence: 31
stamina: 10
spirit: 12
sp_healing: 106
spell_crit: 2
shadow_res: 20
 ----------------------------
 ---  --- 
name: 
slot: 
 ----------------------------
 ---  --- 
name: 
slot: 
 ----------------------------
 ---  --- 
name: 
slot: 
 ----------------------------
 --- ranged --- 
name: dragon's touch
slot: ranged
intelligence: 12
stamina: 7
sp: 6
 ----------------------------
 --- hands --- 
name: handguards of transcendence
slot: hands
intelligence: 20
stamina: 12
spirit: 13
sp_healing: 29
spell_crit: 1
armor: 72
 ----------------------------
 --- waist --- 
name: whipvine cord
slot: waist
intelligence: 8
sp_healing: 31
mp5: 6
armor: 47
 ----------------------------
 --- legs --- 
name: empowered leggings
slot: legs
intelligence: 12
stamina: 12
spirit: 24
sp_healing: 77
spell_crit: 1
armor: 103
 ----------------------------
 --- feet --- 
name: boots of transcendence
slot: feet
intelligence: 17
stamina: 17
spirit: 17
sp_healing: 35
fire_res: 10
armor: 80
 ----------------------------
 --- finger --- 
name: pure elementium band
slot: finger
intelligence: 10
stamina: 9
spirit: 10
sp_healing: 53
 ----------------------------
 --- finger --- 
name: fordring's seal
slot: finger
intelligence: 5
stamina: 4
sp_healing: 37
 ----------------------------
 --- trinket --- 
name: hazza'rah's charm of healing
slot: trinket
 ----------------------------
 --- trinket --- 
name: rejuvenating gem
slot: trinket
sp_healing: 66
mp5: 9
 ----------------------------
 --- Set bonuses ---
name: confessor's 2 hazza'rah's 1 transcendence 3 
slot: Set bonuses
sp: 23
 --- And counts for start items ---
oh_limit: 0.9
time_left_mul: 0.5
total_deficit_to_pop_trinkets: 10000
in combat total: 1148.9
Flash Heal 1, casts: 71, avg: 448.443, 12.6112%, cast time 9.26974% of in combat, overheal: 0.293308
Flash Heal 2, casts: 17, avg: 630.115, 4.24287%, cast time 2.21951% of in combat, overheal: 0.126896
Flash Heal 3, casts: 11, avg: 731.674, 3.18788%, cast time 1.43616% of in combat, overheal: 0.087593
Flash Heal 4, casts: 16, avg: 870.525, 5.51687%, cast time 2.08895% of in combat, overheal: 0.0190712
Flash Heal 5, casts: 14, avg: 897.444, 4.97653%, cast time 1.82784% of in combat, overheal: 0.125393
Flash Heal 6, casts: 12, avg: 982.185, 4.66838%, cast time 1.56672% of in combat, overheal: 0.163245
Flash Heal 7, casts: 105, avg: 1282.57, 53.3411%, cast time 13.7088% of in combat, overheal: 0.0596959
Greater Heal 1 hazz, casts: 6, avg: 1636.76, 3.8898%, cast time 0.783358% of in combat, overheal: 0.112762
Greater Heal 2 hazz, casts: 4, avg: 1704.26, 2.70015%, cast time 0.522239% of in combat, overheal: 0.198503
Greater Heal 3 hazz, casts: 3, avg: 1309.92, 1.55653%, cast time 0.391679% of in combat, overheal: 0.465722
Greater Heal 4 hazz, casts: 3, avg: 2784.44, 3.30865%, cast time 0.391679% of in combat, overheal: 0.017197
Total time casting: 393, which is: 34.2066% of time in combat.
Total hps: 219.749, raw hps: 250.19, oh: 0.121672
Deficit time sum: 2.03589e+10, baseline: 3.31337e+10
Deficit*time change / s: 1.11192e+07 hp
Number of combats: 17
Average mana at start of combat: 10566.9
Average mana at end of combat: 9731.9
Other players with hps > 100:
  Abq : 193.8 hps
  Acé : 141.147 hps
  Drargon : 160.967 hps
  Emilio : 139.438 hps
  Gono : 162.388 hps
  Hap : 160.019 hps
  Mladfotm : 119.79 hps
  Roast : 171.538 hps
  Saulty : 147.119 hps
Reading locked from: no-locks
Setting tag name to: own_bwl_speed_phase4
.
*** NEW BEST (1): 234.788

*** NEW BEST (1): 236.396

*** NEW BEST (1): 236.585

*** NEW BEST (1): 236.729

*** NEW BEST (1): 237.011
.
*** NEW BEST (1): 237.639
.
*** NEW BEST (1): 237.85
Temporary bans and partial set bonuses off.
.legs : leggings of transcendence -> empowered leggings => val: 234.641 -> 236.324

*** NEW BEST (0): 236.324
neck : animated chain necklace -> jin'do's evil eye => val: 236.324 -> 236.803

*** NEW BEST (0): 236.803
waist : belt of transcendence -> firemaw's clutch => val: 236.803 -> 237.25

*** NEW BEST (0): 237.25
shoulders : pauldrons of transcendence -> mantle of the blackwing cabal => val: 237.25 -> 237.603

*** NEW BEST (0): 237.603
two-hand :   jin'do's hexxer lei of the lifegiver -> benediction    => val: 237.603 -> 238.564

*** NEW BEST (0): 238.564
***** INTERMEDIATE RESULTS *****
Iteration: 4
 ----------------------------
 --- head --- 
name: crystal adorned crown
slot: head
intelligence: 14
spirit: 13
sp_healing: 92
armor: 85
 ----------------------------
 --- neck --- 
name: jin'do's evil eye
slot: neck
intelligence: 11
stamina: 5
spirit: 6
sp_healing: 44
 ----------------------------
 --- shoulders --- 
name: mantle of the blackwing cabal
slot: shoulders
intelligence: 16
stamina: 12
sp: 34
armor: 84
 ----------------------------
 --- back --- 
name: hide of the wild
slot: back
intelligence: 10
stamina: 8
sp_healing: 42
armor: 48
 ----------------------------
 --- chest --- 
name: truefaith vestments
slot: chest
stamina: 14
sp_healing: 73
mp5: 6
armor: 96
 ----------------------------
 --- wrists --- 
name: zandalar confessor's wraps
slot: wrists
intelligence: 11
stamina: 10
spirit: 12
sp_healing: 24
armor: 41
 ----------------------------
 --- two-hand --- 
name: benediction
slot: two-hand
intelligence: 31
stamina: 10
spirit: 12
sp_healing: 106
spell_crit: 2
shadow_res: 20
 ----------------------------
 ---  --- 
name: 
slot: 
 ----------------------------
 ---  --- 
name: 
slot: 
 ----------------------------
 ---  --- 
name: 
slot: 
 ----------------------------
 --- ranged --- 
name: lunar wand of healing
slot: ranged
sp_healing: 20
 ----------------------------
 --- hands --- 
name: atal'ai hands of healing
slot: hands
sp: 9
sp_healing: 44
armor: 47
 ----------------------------
 --- waist --- 
name: firemaw's clutch
slot: waist
intelligence: 12
stamina: 12
sp: 35
mp5: 5
armor: 64
 ----------------------------
 --- legs --- 
name: empowered leggings
slot: legs
intelligence: 12
stamina: 12
spirit: 24
sp_healing: 77
spell_crit: 1
armor: 103
 ----------------------------
 --- feet --- 
name: boots of pure thought
slot: feet
intelligence: 12
stamina: 8
spirit: 12
sp_healing: 62
armor: 74
 ----------------------------
 --- finger --- 
name: pure elementium band
slot: finger
intelligence: 10
stamina: 9
spirit: 10
sp_healing: 53
 ----------------------------
 --- finger --- 
name: cauterizing band
slot: finger
intelligence: 12
stamina: 9
sp_healing: 46
 ----------------------------
 --- trinket --- 
name: hazza'rah's charm of healing
slot: trinket
 ----------------------------
 --- trinket --- 
name: rejuvenating gem
slot: trinket
sp_healing: 66
mp5: 9
 ----------------------------
 --- Set bonuses ---
name: confessor's 2 hazza'rah's 1 
slot: Set bonuses
sp: 23
------------------
Best value: 238.564
------------------
Char stats: 
Effective hp: 8415.4
Effective mana (100 s, 33 % out of fsr): 15625.9
Raw max mana: 9940.02
Int: 385.48
Stam: 385.48
Spirit: 395.83
Strength: 79.58
Agility: 84.18
All stats multiplier (taken into account above): 1.15
Bonus mana: 2000
Bonus hp: 0
Mp5: 170
Sp: 101
Sp shadow: 0
Sp healing: 909
Spell crit: 21
Spell hit: 0
Arcane res: 27
Nature res: 27
Fire res: 27
Frost res: 27
Shadow res: 47
Armor: 2840.75
Defense: 300
Dodge: 0
Parry: 0
HpsPvp: 995.929
ShadowDps: 240.866
Value pvp healing: 1719.6
Value pvp shadow: 100.583
Effective hp-pvp: 10533.3
Effecctive mana for 100 s, 0.33 fsr: 17269.4
------------------
Best counts:
oh_limit: 0.7
time_left_mul: 2.7
total_deficit_to_pop_trinkets: 8424.83
in combat total: 1148.9
Flash Heal 1, casts: 27, avg: 470.457, 4.59456%, cast time 3.52511% of in combat, overheal: 0.314393
Flash Heal 2, casts: 2, avg: 727.526, 0.526306%, cast time 0.261119% of in combat, overheal: 0.0588908
Flash Heal 3, casts: 5, avg: 795.216, 1.43819%, cast time 0.652798% of in combat, overheal: 0.0677715
Flash Heal 4, casts: 5, avg: 873.98, 1.58064%, cast time 0.652798% of in combat, overheal: 0.0685495
Flash Heal 5, casts: 5, avg: 955.429, 1.72794%, cast time 0.652798% of in combat, overheal: 0.112497
Flash Heal 6, casts: 1, avg: 1223.78, 0.442652%, cast time 0.13056% of in combat, overheal: 0
Flash Heal 7, casts: 22, avg: 1283.75, 10.2156%, cast time 2.87231% of in combat, overheal: 0.0917256
Greater Heal 1, casts: 7, avg: 1890.7, 4.78718%, cast time 1.5232% of in combat, overheal: 0.0282422
Greater Heal 1 hazz, casts: 8, avg: 1415.66, 4.09647%, cast time 1.04448% of in combat, overheal: 0.272395
Greater Heal 2 hazz, casts: 5, avg: 2226.35, 4.02646%, cast time 0.652798% of in combat, overheal: 0
Greater Heal 3 hazz, casts: 1, avg: 860, 0.31107%, cast time 0.13056% of in combat, overheal: 0.662845
Greater Heal 4, casts: 20, avg: 2499.41, 18.0813%, cast time 4.35199% of in combat, overheal: 0.147247
Greater Heal 4 hazz, casts: 6, avg: 2742.16, 5.9512%, cast time 0.783358% of in combat, overheal: 0.0644258
Heal 2, casts: 85, avg: 992.038, 30.5005%, cast time 18.496% of in combat, overheal: 0.302001
Heal 4, casts: 19, avg: 1705.35, 11.72%, cast time 4.13439% of in combat, overheal: 0.184122
Total time casting: 458, which is: 39.8642% of time in combat.
Total hps: 240.634, raw hps: 301.44, oh: 0.201718
Deficit time sum: 1.96017e+10, baseline: 3.31337e+10
Deficit*time change / s: 1.17782e+07 hp
Number of combats: 17
Average mana at start of combat: 9818.75
Average mana at end of combat: 8924.85
Other players with hps > 100:
  Abq : 196.578 hps
  Acé : 136.808 hps
  Drargon : 160.768 hps
  Emilio : 138.566 hps
  Gono : 156.213 hps
  Hap : 157.07 hps
  Mladfotm : 120.972 hps
  Roast : 169.338 hps
  Saulty : 149.476 hps
------------------
Upgrades: 
( following sorted by alt scores, no specials )
zulian headdress(2.92535) -> crystal adorned crown(4.7838) : 1.85844 = +0.778322%
boots of transcendence(1.93521) -> boots of pure thought(3.24919) : 1.31398 = +0.549047%
handguards of transcendence(1.72913) -> atal'ai hands of healing(2.67622) : 0.947098 = +0.395139%
bindings of transcendence(1.79472) -> zandalar confessor's wraps(2.4819) : 0.68718 = +0.286388%
dragon's touch(0.421478) -> lunar wand of healing(1.0099) : 0.588425 = +0.24513%
zandalar confessor's mantle(1.34792) -> mantle of the blackwing cabal(1.87485) : 0.526932 = +0.219457%
fordring's seal(1.91769) -> cauterizing band(2.44128) : 0.52359 = +0.218062%
whipvine cord(1.64435) -> firemaw's clutch(1.88583) : 0.241486 = +0.100455%
jin'do's evil eye(2.33041) -> jin'do's evil eye(2.33041) : 0 = +0%
hide of the wild(2.21954) -> hide of the wild(2.21954) : 0 = +0%
truefaith vestments(3.68613) -> truefaith vestments(3.68613) : 0 = +0%
benediction, , , (5.79314) -> benediction, , , (5.79314) : 0 = +0%
empowered leggings(4.07388) -> empowered leggings(4.07388) : 0 = +0%
pure elementium band(2.77499) -> pure elementium band(2.77499) : 0 = +0%
hazza'rah's charm of healing(9.42821) -> hazza'rah's charm of healing(9.42821) : 0 = +0%
rejuvenating gem(3.33266) -> rejuvenating gem(3.33266) : 0 = +0%
------------------
~~~~ end of intermediate results ~~~~
Temporary bans and partial set bonuses on.
.
*** NEW BEST (1): 238.65
.
*** NEW BEST (1): 239.144

*** NEW BEST (1): 239.551

*** NEW BEST (1): 240.033
.
*** NEW BEST (1): 240.093
Based on last: 3000 entries, out of total: 4491 entries, (4915 dropped), The least-squares solution is:
Int: 18.49
Spirit: 0
Sp / Healing: 100
Mp5: 0
Crit: 205.556
T1 3p/piece: 252.315
T2 3p/piece: 575.325
Hazza'rah's: 17417.5
Darkmoon: 0
100 points == 1 sp == 0.0495282 hps.
.Temporary bans and partial set bonuses off.
.two-hand : benediction    ->   jin'do's hexxer lei of the lifegiver => val: 237.131 -> 237.765
legs : leggings of transcendence -> empowered leggings => val: 237.765 -> 239.709

*** NEW BEST (0): 239.709
Based on last: 3000 entries, out of total: 4542 entries, (5339 dropped), The least-squares solution is:
Int: 18.1284
Spirit: 0
Sp / Healing: 100
Mp5: 0
Crit: 212.351
T1 3p/piece: 251.79
T2 3p/piece: 557.45
Hazza'rah's: 17221.6
Darkmoon: 0
100 points == 1 sp == 0.0502775 hps.
***** INTERMEDIATE RESULTS *****
Iteration: 9
 ----------------------------
 --- head --- 
name: crystal adorned crown
slot: head
intelligence: 14
spirit: 13
sp_healing: 92
armor: 85
 ----------------------------
 --- neck --- 
name: jin'do's evil eye
slot: neck
intelligence: 11
stamina: 5
spirit: 6
sp_healing: 44
 ----------------------------
 --- shoulders --- 
name: mantle of the blackwing cabal
slot: shoulders
intelligence: 16
stamina: 12
sp: 34
armor: 84
 ----------------------------
 --- back --- 
name: hide of the wild
slot: back
intelligence: 10
stamina: 8
sp_healing: 42
armor: 48
 ----------------------------
 --- chest --- 
name: truefaith vestments
slot: chest
stamina: 14
sp_healing: 73
mp5: 6
armor: 96
 ----------------------------
 --- wrists --- 
name: bindings of transcendence
slot: wrists
intelligence: 13
stamina: 9
spirit: 16
sp_healing: 33
armor: 51
 ----------------------------
 ---  --- 
name: 
slot: 
 ----------------------------
 --- main hand --- 
name: jin'do's hexxer
slot: main hand
intelligence: 9
stamina: 6
sp_healing: 51
spell_crit: 1
 ----------------------------
 ---  --- 
name: 
slot: 
 ----------------------------
 --- off hand --- 
name: lei of the lifegiver
slot: off hand
sp_healing: 53
mp5: 3
 ----------------------------
 --- ranged --- 
name: lunar wand of healing
slot: ranged
sp_healing: 20
 ----------------------------
 --- hands --- 
name: atal'ai hands of healing
slot: hands
sp: 9
sp_healing: 44
armor: 47
 ----------------------------
 --- waist --- 
name: zandalar confessor's bindings
slot: waist
intelligence: 20
stamina: 12
spirit: 12
sp_healing: 26
armor: 53
 ----------------------------
 --- legs --- 
name: empowered leggings
slot: legs
intelligence: 12
stamina: 12
spirit: 24
sp_healing: 77
spell_crit: 1
armor: 103
 ----------------------------
 --- feet --- 
name: boots of pure thought
slot: feet
intelligence: 12
stamina: 8
spirit: 12
sp_healing: 62
armor: 74
 ----------------------------
 --- finger --- 
name: pure elementium band
slot: finger
intelligence: 10
stamina: 9
spirit: 10
sp_healing: 53
 ----------------------------
 --- finger --- 
name: cauterizing band
slot: finger
intelligence: 12
stamina: 9
sp_healing: 46
 ----------------------------
 --- trinket --- 
name: hazza'rah's charm of healing
slot: trinket
 ----------------------------
 --- trinket --- 
name: rejuvenating gem
slot: trinket
sp_healing: 66
mp5: 9
 ----------------------------
 --- Set bonuses ---
name: confessor's 2 hazza'rah's 1 
slot: Set bonuses
sp: 23
------------------
Best value: 239.709
------------------
Char stats: 
Effective hp: 8357.5
Effective mana (100 s, 33 % out of fsr): 15381.7
Raw max mana: 9712.32
Int: 371.68
Stam: 379.73
Spirit: 400.43
Strength: 79.58
Agility: 84.18
All stats multiplier (taken into account above): 1.15
Bonus mana: 2000
Bonus hp: 0
Mp5: 168
Sp: 66
Sp shadow: 0
Sp healing: 942
Spell crit: 20
Spell hit: 0
Arcane res: 27
Nature res: 27
Fire res: 27
Frost res: 27
Shadow res: 27
Armor: 2839.75
Defense: 300
Dodge: 0
Parry: 0
HpsPvp: 993.856
ShadowDps: 232.143
Value pvp healing: 1636.49
Value pvp shadow: 89.2846
Effective hp-pvp: 10378.4
Effecctive mana for 100 s, 0.33 fsr: 17042.2
------------------
Best counts:
oh_limit: 0.7
time_left_mul: 2.7
total_deficit_to_pop_trinkets: 8003.58
in combat total: 1148.9
Flash Heal 1, casts: 26, avg: 464.234, 4.38273%, cast time 3.39455% of in combat, overheal: 0.321024
Flash Heal 2, casts: 3, avg: 689.13, 0.750683%, cast time 0.391679% of in combat, overheal: 0.10548
Flash Heal 3, casts: 5, avg: 793.511, 1.44065%, cast time 0.652798% of in combat, overheal: 0.066661
Flash Heal 4, casts: 5, avg: 872.159, 1.58343%, cast time 0.652798% of in combat, overheal: 0.0674737
Flash Heal 5, casts: 5, avg: 952.75, 1.72975%, cast time 0.652798% of in combat, overheal: 0.112224
Flash Heal 6, casts: 1, avg: 1220.09, 0.443024%, cast time 0.13056% of in combat, overheal: 0
Flash Heal 7, casts: 22, avg: 1280.19, 10.2266%, cast time 2.87231% of in combat, overheal: 0.0915954
Greater Heal 1, casts: 6, avg: 1876.34, 4.08786%, cast time 1.3056% of in combat, overheal: 0.0325189
Greater Heal 1 hazz, casts: 8, avg: 1414.1, 4.10775%, cast time 1.04448% of in combat, overheal: 0.270858
Greater Heal 2 hazz, casts: 5, avg: 2219.46, 4.02951%, cast time 0.652798% of in combat, overheal: 0
Greater Heal 3 hazz, casts: 1, avg: 860, 0.312272%, cast time 0.13056% of in combat, overheal: 0.661835
Greater Heal 4, casts: 20, avg: 2494.21, 18.1133%, cast time 4.35199% of in combat, overheal: 0.146551
Greater Heal 4 hazz, casts: 6, avg: 2736.5, 5.96185%, cast time 0.783358% of in combat, overheal: 0.0636445
Heal 2, casts: 86, avg: 995.331, 31.0814%, cast time 18.7136% of in combat, overheal: 0.297193
Heal 4, casts: 19, avg: 1703.03, 11.7493%, cast time 4.13439% of in combat, overheal: 0.182665
Total time casting: 458, which is: 39.8642% of time in combat.
Total hps: 239.709, raw hps: 300.084, oh: 0.201196
Deficit time sum: 1.96085e+10, baseline: 3.31337e+10
Deficit*time change / s: 1.17723e+07 hp
Number of combats: 17
Average mana at start of combat: 9594.52
Average mana at end of combat: 8699.22
Other players with hps > 100:
  Abq : 196.658 hps
  Acé : 136.85 hps
  Drargon : 160.809 hps
  Emilio : 138.584 hps
  Gono : 156.751 hps
  Hap : 157.106 hps
  Mladfotm : 121.016 hps
  Roast : 169.368 hps
  Saulty : 149.492 hps
------------------
Upgrades: 
( following sorted by alt scores, no specials )
zulian headdress(2.90198) -> crystal adorned crown(4.75313) : 1.85115 = +0.77826%
boots of transcendence(1.91466) -> boots of pure thought(3.22658) : 1.31192 = +0.55031%
whipvine cord(1.63152) -> zandalar confessor's bindings(2.64589) : 1.01437 = +0.424968%
handguards of transcendence(1.7471) -> atal'ai hands of healing(2.6647) : 0.917603 = +0.38427%
dragon's touch(0.411041) -> lunar wand of healing(1.00555) : 0.594513 = +0.248631%
zandalar confessor's mantle(1.32486) -> mantle of the blackwing cabal(1.85527) : 0.530411 = +0.221764%
fordring's seal(1.90584) -> cauterizing band(2.42213) : 0.516296 = +0.21585%
jin'do's evil eye(2.31247) -> jin'do's evil eye(2.31247) : 0 = +0%
hide of the wild(2.2028) -> hide of the wild(2.2028) : 0 = +0%
truefaith vestments(3.67026) -> truefaith vestments(3.67026) : 0 = +0%
bindings of transcendence(1.77765) -> bindings of transcendence(1.77765) : 0 = +0%
empowered leggings(4.08751) -> empowered leggings(4.08751) : 0 = +0%
pure elementium band(2.75584) -> pure elementium band(2.75584) : 0 = +0%
hazza'rah's charm of healing(9.81499) -> hazza'rah's charm of healing(9.81499) : 0 = +0%
rejuvenating gem(3.31831) -> rejuvenating gem(3.31831) : 0 = +0%
benediction, , , (5.82549) -> , jin'do's hexxer, , lei of the lifegiver(5.41765) : -0.407837 = +-0.16985%
------------------
~~~~ end of intermediate results ~~~~
Temporary bans and partial set bonuses on.
...
*** NEW BEST (1): 240.247
Based on last: 3000 entries, out of total: 4619 entries, (5855 dropped), The least-squares solution is:
Int: 18.6211
Spirit: 0
Sp / Healing: 100
Mp5: 0
Crit: 246.597
T1 3p/piece: 230.981
T2 3p/piece: 532.517
Hazza'rah's: 17399.5
Darkmoon: 0
100 points == 1 sp == 0.0508374 hps.

*** NEW BEST (1): 240.247
Based on last: 3000 entries, out of total: 4630 entries, (5888 dropped), The least-squares solution is:
Int: 18.557
Spirit: 0
Sp / Healing: 100
Mp5: 0
Crit: 249.517
T1 3p/piece: 231.539
T2 3p/piece: 533.673
Hazza'rah's: 17408.5
Darkmoon: 0
100 points == 1 sp == 0.0508146 hps.
.Temporary bans and partial set bonuses off.
.two-hand :   fang of the mystics brightly glowing stone -> benediction    => val: 238.412 -> 240.682

*** NEW BEST (0): 240.682
Based on last: 3000 entries, out of total: 4646 entries, (6135 dropped), The least-squares solution is:
Int: 18.4873
Spirit: 0
Sp / Healing: 100
Mp5: 0
Crit: 252.107
T1 3p/piece: 231.389
T2 3p/piece: 535.492
Hazza'rah's: 17557.5
Darkmoon: 0
100 points == 1 sp == 0.0507666 hps.
***** INTERMEDIATE RESULTS *****
Iteration: 14
 ----------------------------
 --- head --- 
name: crystal adorned crown
slot: head
intelligence: 14
spirit: 13
sp_healing: 92
armor: 85
 ----------------------------
 --- neck --- 
name: jin'do's evil eye
slot: neck
intelligence: 11
stamina: 5
spirit: 6
sp_healing: 44
 ----------------------------
 --- shoulders --- 
name: mantle of the blackwing cabal
slot: shoulders
intelligence: 16
stamina: 12
sp: 34
armor: 84
 ----------------------------
 --- back --- 
name: hide of the wild
slot: back
intelligence: 10
stamina: 8
sp_healing: 42
armor: 48
 ----------------------------
 --- chest --- 
name: truefaith vestments
slot: chest
stamina: 14
sp_healing: 73
mp5: 6
armor: 96
 ----------------------------
 --- wrists --- 
name: bindings of transcendence
slot: wrists
intelligence: 13
stamina: 9
spirit: 16
sp_healing: 33
armor: 51
 ----------------------------
 --- two-hand --- 
name: benediction
slot: two-hand
intelligence: 31
stamina: 10
spirit: 12
sp_healing: 106
spell_crit: 2
shadow_res: 20
 ----------------------------
 ---  --- 
name: 
slot: 
 ----------------------------
 ---  --- 
name: 
slot: 
 ----------------------------
 ---  --- 
name: 
slot: 
 ----------------------------
 --- ranged --- 
name: lunar wand of healing
slot: ranged
sp_healing: 20
 ----------------------------
 --- hands --- 
name: atal'ai hands of healing
slot: hands
sp: 9
sp_healing: 44
armor: 47
 ----------------------------
 --- waist --- 
name: zandalar confessor's bindings
slot: waist
intelligence: 20
stamina: 12
spirit: 12
sp_healing: 26
armor: 53
 ----------------------------
 --- legs --- 
name: empowered leggings
slot: legs
intelligence: 12
stamina: 12
spirit: 24
sp_healing: 77
spell_crit: 1
armor: 103
 ----------------------------
 --- feet --- 
name: boots of pure thought
slot: feet
intelligence: 12
stamina: 8
spirit: 12
sp_healing: 62
armor: 74
 ----------------------------
 --- finger --- 
name: pure elementium band
slot: finger
intelligence: 10
stamina: 9
spirit: 10
sp_healing: 53
 ----------------------------
 --- finger --- 
name: cauterizing band
slot: finger
intelligence: 12
stamina: 9
sp_healing: 46
 ----------------------------
 --- trinket --- 
name: hazza'rah's charm of healing
slot: trinket
 ----------------------------
 --- trinket --- 
name: rejuvenating gem
slot: trinket
sp_healing: 66
mp5: 9
 ----------------------------
 --- Set bonuses ---
name: confessor's 2 hazza'rah's 1 
slot: Set bonuses
sp: 23
------------------
Best value: 240.682
------------------
Char stats: 
Effective hp: 8403.9
Effective mana (100 s, 33 % out of fsr): 15809.7
Raw max mana: 10129.8
Int: 396.98
Stam: 384.33
Spirit: 414.23
Strength: 79.58
Agility: 84.18
All stats multiplier (taken into account above): 1.15
Bonus mana: 2000
Bonus hp: 0
Mp5: 165
Sp: 66
Sp shadow: 0
Sp healing: 944
Spell crit: 21
Spell hit: 0
Arcane res: 27
Nature res: 27
Fire res: 27
Frost res: 27
Shadow res: 47
Armor: 2839.75
Defense: 300
Dodge: 0
Parry: 0
HpsPvp: 996.128
ShadowDps: 233.908
Value pvp healing: 1735.63
Value pvp shadow: 95.7009
Effective hp-pvp: 10518.4
Effecctive mana for 100 s, 0.33 fsr: 17521.2
------------------
Best counts:
oh_limit: 0.7
time_left_mul: 2.7
total_deficit_to_pop_trinkets: 8003.58
in combat total: 1148.9
Flash Heal 1, casts: 27, avg: 470.513, 4.5942%, cast time 3.52511% of in combat, overheal: 0.314528
Flash Heal 2, casts: 2, avg: 727.648, 0.526291%, cast time 0.261119% of in combat, overheal: 0.059031
Flash Heal 3, casts: 5, avg: 795.379, 1.4382%, cast time 0.652798% of in combat, overheal: 0.067877
Flash Heal 4, casts: 5, avg: 874.159, 1.58065%, cast time 0.652798% of in combat, overheal: 0.0686547
Flash Heal 5, casts: 5, avg: 955.703, 1.72809%, cast time 0.652798% of in combat, overheal: 0.112525
Flash Heal 6, casts: 1, avg: 1224.17, 0.442706%, cast time 0.13056% of in combat, overheal: 0
Flash Heal 7, casts: 22, avg: 1284.13, 10.2166%, cast time 2.87231% of in combat, overheal: 0.0917398
Greater Heal 1, casts: 7, avg: 1891.23, 4.78759%, cast time 1.5232% of in combat, overheal: 0.0282789
Greater Heal 1 hazz, casts: 8, avg: 1415.82, 4.09611%, cast time 1.04448% of in combat, overheal: 0.272548
Greater Heal 2 hazz, casts: 5, avg: 2227.06, 4.02695%, cast time 0.652798% of in combat, overheal: 0
Greater Heal 3 hazz, casts: 1, avg: 860, 0.311009%, cast time 0.13056% of in combat, overheal: 0.662953
Greater Heal 4, casts: 20, avg: 2499.99, 18.0819%, cast time 4.35199% of in combat, overheal: 0.147322
Greater Heal 4 hazz, casts: 6, avg: 2742.79, 5.95138%, cast time 0.783358% of in combat, overheal: 0.0645116
Heal 2, casts: 85, avg: 992.187, 30.4991%, cast time 18.496% of in combat, overheal: 0.302118
Heal 4, casts: 19, avg: 1705.58, 11.7192%, cast time 4.13439% of in combat, overheal: 0.184271
Total time casting: 458, which is: 39.8642% of time in combat.
Total hps: 240.682, raw hps: 301.536, oh: 0.201815
Deficit time sum: 1.96009e+10, baseline: 3.31337e+10
Deficit*time change / s: 1.17789e+07 hp
Number of combats: 17
Average mana at start of combat: 10001.5
Average mana at end of combat: 9089.8
Other players with hps > 100:
  Abq : 196.571 hps
  Acé : 136.804 hps
  Drargon : 160.764 hps
  Emilio : 138.564 hps
  Gono : 156.205 hps
  Hap : 157.066 hps
  Mladfotm : 120.968 hps
  Roast : 169.335 hps
  Saulty : 149.474 hps
------------------
Upgrades: 
( following sorted by alt scores, no specials )
zulian headdress(2.93294) -> crystal adorned crown(4.80193) : 1.86899 = +0.782616%
boots of transcendence(1.93639) -> boots of pure thought(3.26015) : 1.32376 = +0.553046%
whipvine cord(1.64885) -> zandalar confessor's bindings(2.67528) : 1.02643 = +0.428293%
handguards of transcendence(1.78792) -> atal'ai hands of healing(2.69063) : 0.90271 = +0.376476%
dragon's touch(0.417221) -> lunar wand of healing(1.01534) : 0.598114 = +0.249127%
zandalar confessor's mantle(1.34212) -> mantle of the blackwing cabal(1.87624) : 0.534119 = +0.222413%
fordring's seal(1.92529) -> cauterizing band(2.44789) : 0.522598 = +0.217605%
jin'do's evil eye(2.33698) -> jin'do's evil eye(2.33698) : 0 = +0%
hide of the wild(2.22604) -> hide of the wild(2.22604) : 0 = +0%
truefaith vestments(3.70596) -> truefaith vestments(3.70596) : 0 = +0%
bindings of transcendence(1.7973) -> bindings of transcendence(1.7973) : 0 = +0%
benediction, , , (5.92818) -> benediction, , , (5.92818) : 0 = +0%
empowered leggings(4.14964) -> empowered leggings(4.14964) : 0 = +0%
pure elementium band(2.78448) -> pure elementium band(2.78448) : 0 = +0%
hazza'rah's charm of healing(10.081) -> hazza'rah's charm of healing(10.081) : 0 = +0%
rejuvenating gem(3.3506) -> rejuvenating gem(3.3506) : 0 = +0%
------------------
~~~~ end of intermediate results ~~~~
Temporary bans and partial set bonuses on.
..
*** NEW BEST (1): 240.853
Based on last: 3000 entries, out of total: 4673 entries, (6504 dropped), The least-squares solution is:
Int: 18.4358
Spirit: 0
Sp / Healing: 100
Mp5: 0
Crit: 257.757
T1 3p/piece: 238.668
T2 3p/piece: 541.366
Hazza'rah's: 17735.9
Darkmoon: 0
100 points == 1 sp == 0.0506864 hps.

*** NEW BEST (1): 240.912
Based on last: 3000 entries, out of total: 4674 entries, (6532 dropped), The least-squares solution is:
Int: 18.4697
Spirit: 0
Sp / Healing: 100
Mp5: 0
Crit: 257.685
T1 3p/piece: 238.622
T2 3p/piece: 541.163
Hazza'rah's: 17736.8
Darkmoon: 0
100 points == 1 sp == 0.0506847 hps.
..Temporary bans and partial set bonuses off.
.shoulders : pauldrons of transcendence -> mantle of the blackwing cabal => val: 239.372 -> 240.682
.***** INTERMEDIATE RESULTS *****
Iteration: 20
 ----------------------------
 --- head --- 
name: crystal adorned crown
slot: head
intelligence: 14
spirit: 13
sp_healing: 92
armor: 85
 ----------------------------
 --- neck --- 
name: jin'do's evil eye
slot: neck
intelligence: 11
stamina: 5
spirit: 6
sp_healing: 44
 ----------------------------
 --- shoulders --- 
name: mantle of the blackwing cabal
slot: shoulders
intelligence: 16
stamina: 12
sp: 34
armor: 84
 ----------------------------
 --- back --- 
name: hide of the wild
slot: back
intelligence: 10
stamina: 8
sp_healing: 42
armor: 48
 ----------------------------
 --- chest --- 
name: truefaith vestments
slot: chest
stamina: 14
sp_healing: 73
mp5: 6
armor: 96
 ----------------------------
 --- wrists --- 
name: flameweave cuffs of healing
slot: wrists
sp_healing: 33
fire_res: 10
armor: 35
 ----------------------------
 --- two-hand --- 
name: benediction
slot: two-hand
intelligence: 31
stamina: 10
spirit: 12
sp_healing: 106
spell_crit: 2
shadow_res: 20
 ----------------------------
 ---  --- 
name: 
slot: 
 ----------------------------
 ---  --- 
name: 
slot: 
 ----------------------------
 ---  --- 
name: 
slot: 
 ----------------------------
 --- ranged --- 
name: lunar wand of healing
slot: ranged
sp_healing: 20
 ----------------------------
 --- hands --- 
name: atal'ai hands of healing
slot: hands
sp: 9
sp_healing: 44
armor: 47
 ----------------------------
 --- waist --- 
name: zandalar confessor's bindings
slot: waist
intelligence: 20
stamina: 12
spirit: 12
sp_healing: 26
armor: 53
 ----------------------------
 --- legs --- 
name: empowered leggings
slot: legs
intelligence: 12
stamina: 12
spirit: 24
sp_healing: 77
spell_crit: 1
armor: 103
 ----------------------------
 --- feet --- 
name: boots of pure thought
slot: feet
intelligence: 12
stamina: 8
spirit: 12
sp_healing: 62
armor: 74
 ----------------------------
 --- finger --- 
name: pure elementium band
slot: finger
intelligence: 10
stamina: 9
spirit: 10
sp_healing: 53
 ----------------------------
 --- finger --- 
name: cauterizing band
slot: finger
intelligence: 12
stamina: 9
sp_healing: 46
 ----------------------------
 --- trinket --- 
name: hazza'rah's charm of healing
slot: trinket
 ----------------------------
 --- trinket --- 
name: rejuvenating gem
slot: trinket
sp_healing: 66
mp5: 9
 ----------------------------
 --- Set bonuses ---
name: confessor's 2 hazza'rah's 1 
slot: Set bonuses
sp: 23
------------------
Best value: 240.682
------------------
Char stats: 
Effective hp: 8300.4
Effective mana (100 s, 33 % out of fsr): 15469
Raw max mana: 9883.09
Int: 382.03
Stam: 373.98
Spirit: 395.83
Strength: 79.58
Agility: 84.18
All stats multiplier (taken into account above): 1.15
Bonus mana: 2000
Bonus hp: 0
Mp5: 165
Sp: 66
Sp shadow: 0
Sp healing: 944
Spell crit: 21
Spell hit: 0
Arcane res: 27
Nature res: 27
Fire res: 37
Frost res: 27
Shadow res: 47
Armor: 2823.75
Defense: 300
Dodge: 0
Parry: 0
HpsPvp: 996.128
ShadowDps: 233.908
Value pvp healing: 1735.63
Value pvp shadow: 95.7009
Effective hp-pvp: 10414
Effecctive mana for 100 s, 0.33 fsr: 17112.5
------------------
Best counts:
oh_limit: 0.7
time_left_mul: 2.7
total_deficit_to_pop_trinkets: 8003.58
in combat total: 1148.9
Flash Heal 1, casts: 27, avg: 470.44, 4.59466%, cast time 3.52511% of in combat, overheal: 0.314352
Flash Heal 2, casts: 2, avg: 727.489, 0.526311%, cast time 0.261119% of in combat, overheal: 0.0588487
Flash Heal 3, casts: 5, avg: 795.168, 1.43818%, cast time 0.652798% of in combat, overheal: 0.0677397
Flash Heal 4, casts: 5, avg: 873.926, 1.58063%, cast time 0.652798% of in combat, overheal: 0.0685179
Flash Heal 5, casts: 5, avg: 955.347, 1.72789%, cast time 0.652798% of in combat, overheal: 0.112489
Flash Heal 6, casts: 1, avg: 1223.66, 0.442636%, cast time 0.13056% of in combat, overheal: 0
Flash Heal 7, casts: 22, avg: 1283.63, 10.2152%, cast time 2.87231% of in combat, overheal: 0.0917214
Greater Heal 1, casts: 7, avg: 1890.54, 4.78706%, cast time 1.5232% of in combat, overheal: 0.0282312
Greater Heal 1 hazz, casts: 8, avg: 1415.61, 4.09658%, cast time 1.04448% of in combat, overheal: 0.272349
Greater Heal 2 hazz, casts: 5, avg: 2226.13, 4.02631%, cast time 0.652798% of in combat, overheal: 0
Greater Heal 3 hazz, casts: 1, avg: 860, 0.311089%, cast time 0.13056% of in combat, overheal: 0.662813
Greater Heal 4, casts: 20, avg: 2499.24, 18.0811%, cast time 4.35199% of in combat, overheal: 0.147225
Greater Heal 4 hazz, casts: 6, avg: 2741.98, 5.95115%, cast time 0.783358% of in combat, overheal: 0.0643999
Heal 2, casts: 85, avg: 991.994, 30.501%, cast time 18.496% of in combat, overheal: 0.301965
Heal 4, casts: 19, avg: 1705.28, 11.7202%, cast time 4.13439% of in combat, overheal: 0.184077
Total time casting: 458, which is: 39.8642% of time in combat.
Total hps: 240.62, raw hps: 301.411, oh: 0.201689
Deficit time sum: 1.96024e+10, baseline: 3.31337e+10
Deficit*time change / s: 1.17777e+07 hp
Number of combats: 17
Average mana at start of combat: 9747.1
Average mana at end of combat: 8823.99
Other players with hps > 100:
  Abq : 196.581 hps
  Acé : 136.809 hps
  Drargon : 160.769 hps
  Emilio : 138.566 hps
  Gono : 156.215 hps
  Hap : 157.071 hps
  Mladfotm : 120.974 hps
  Roast : 169.339 hps
  Saulty : 149.476 hps
------------------
Upgrades: 
( following sorted by alt scores, no specials )
zulian headdress(2.92809) -> crystal adorned crown(4.79405) : 1.86597 = +0.781544%
boots of transcendence(1.93311) -> boots of pure thought(3.25479) : 1.32169 = +0.552317%
whipvine cord(1.64612) -> zandalar confessor's bindings(2.67078) : 1.02466 = +0.427662%
handguards of transcendence(1.78769) -> atal'ai hands of healing(2.68629) : 0.898605 = +0.374854%
dragon's touch(0.416443) -> lunar wand of healing(1.0137) : 0.59726 = +0.248835%
zandalar confessor's mantle(1.33974) -> mantle of the blackwing cabal(1.87306) : 0.533325 = +0.222139%
fordring's seal(1.92213) -> cauterizing band(2.44383) : 0.521698 = +0.217285%
jin'do's evil eye(2.3331) -> jin'do's evil eye(2.3331) : 0 = +0%
hide of the wild(2.22237) -> hide of the wild(2.22237) : 0 = +0%
truefaith vestments(3.69998) -> truefaith vestments(3.69998) : 0 = +0%
benediction, , , (5.924) -> benediction, , , (5.924) : 0 = +0%
empowered leggings(4.14566) -> empowered leggings(4.14566) : 0 = +0%
pure elementium band(2.77991) -> pure elementium band(2.77991) : 0 = +0%
hazza'rah's charm of healing(10.1556) -> hazza'rah's charm of healing(10.1556) : 0 = +0%
rejuvenating gem(3.3452) -> rejuvenating gem(3.3452) : 0 = +0%
bindings of transcendence(1.7943) -> flameweave cuffs of healing(1.67259) : -0.121704 = +-0.0505538%
------------------
~~~~ end of intermediate results ~~~~
Temporary bans and partial set bonuses on.
.....Temporary bans and partial set bonuses off.
.chest : robes of the exalted -> truefaith vestments => val: 239.405 -> 239.709
two-hand :   jin'do's hexxer lei of the lifegiver -> benediction    => val: 239.709 -> 240.682
No swappies for item bonuses found. (best matching was empty)
***** INTERMEDIATE RESULTS *****
Iteration: 26
 ----------------------------
 --- head --- 
name: crystal adorned crown
slot: head
intelligence: 14
spirit: 13
sp_healing: 92
armor: 85
 ----------------------------
 --- neck --- 
name: jin'do's evil eye
slot: neck
intelligence: 11
stamina: 5
spirit: 6
sp_healing: 44
 ----------------------------
 --- shoulders --- 
name: mantle of the blackwing cabal
slot: shoulders
intelligence: 16
stamina: 12
sp: 34
armor: 84
 ----------------------------
 --- back --- 
name: hide of the wild
slot: back
intelligence: 10
stamina: 8
sp_healing: 42
armor: 48
 ----------------------------
 --- chest --- 
name: truefaith vestments
slot: chest
stamina: 14
sp_healing: 73
mp5: 6
armor: 96
 ----------------------------
 --- wrists --- 
name: flameweave cuffs of healing
slot: wrists
sp_healing: 33
fire_res: 10
armor: 35
 ----------------------------
 --- two-hand --- 
name: benediction
slot: two-hand
intelligence: 31
stamina: 10
spirit: 12
sp_healing: 106
spell_crit: 2
shadow_res: 20
 ----------------------------
 ---  --- 
name: 
slot: 
 ----------------------------
 ---  --- 
name: 
slot: 
 ----------------------------
 ---  --- 
name: 
slot: 
 ----------------------------
 --- ranged --- 
name: lunar wand of healing
slot: ranged
sp_healing: 20
 ----------------------------
 --- hands --- 
name: atal'ai hands of healing
slot: hands
sp: 9
sp_healing: 44
armor: 47
 ----------------------------
 --- waist --- 
name: zandalar confessor's bindings
slot: waist
intelligence: 20
stamina: 12
spirit: 12
sp_healing: 26
armor: 53
 ----------------------------
 --- legs --- 
name: empowered leggings
slot: legs
intelligence: 12
stamina: 12
spirit: 24
sp_healing: 77
spell_crit: 1
armor: 103
 ----------------------------
 --- feet --- 
name: boots of pure thought
slot: feet
intelligence: 12
stamina: 8
spirit: 12
sp_healing: 62
armor: 74
 ----------------------------
 --- finger --- 
name: pure elementium band
slot: finger
intelligence: 10
stamina: 9
spirit: 10
sp_healing: 53
 ----------------------------
 --- finger --- 
name: cauterizing band
slot: finger
intelligence: 12
stamina: 9
sp_healing: 46
 ----------------------------
 --- trinket --- 
name: hazza'rah's charm of healing
slot: trinket
 ----------------------------
 --- trinket --- 
name: rejuvenating gem
slot: trinket
sp_healing: 66
mp5: 9
 ----------------------------
 --- Set bonuses ---
name: confessor's 2 hazza'rah's 1 
slot: Set bonuses
sp: 23
------------------
Best value: 240.682
------------------
Char stats: 
Effective hp: 8300.4
Effective mana (100 s, 33 % out of fsr): 15469
Raw max mana: 9883.09
Int: 382.03
Stam: 373.98
Spirit: 395.83
Strength: 79.58
Agility: 84.18
All stats multiplier (taken into account above): 1.15
Bonus mana: 2000
Bonus hp: 0
Mp5: 165
Sp: 66
Sp shadow: 0
Sp healing: 944
Spell crit: 21
Spell hit: 0
Arcane res: 27
Nature res: 27
Fire res: 37
Frost res: 27
Shadow res: 47
Armor: 2823.75
Defense: 300
Dodge: 0
Parry: 0
HpsPvp: 996.128
ShadowDps: 233.908
Value pvp healing: 1735.63
Value pvp shadow: 95.7009
Effective hp-pvp: 10414
Effecctive mana for 100 s, 0.33 fsr: 17112.5
------------------
Best counts:
oh_limit: 0.7
time_left_mul: 2.7
total_deficit_to_pop_trinkets: 8003.58
in combat total: 1148.9
Flash Heal 1, casts: 27, avg: 470.44, 4.59466%, cast time 3.52511% of in combat, overheal: 0.314352
Flash Heal 2, casts: 2, avg: 727.489, 0.526311%, cast time 0.261119% of in combat, overheal: 0.0588487
Flash Heal 3, casts: 5, avg: 795.168, 1.43818%, cast time 0.652798% of in combat, overheal: 0.0677397
Flash Heal 4, casts: 5, avg: 873.926, 1.58063%, cast time 0.652798% of in combat, overheal: 0.0685179
Flash Heal 5, casts: 5, avg: 955.347, 1.72789%, cast time 0.652798% of in combat, overheal: 0.112489
Flash Heal 6, casts: 1, avg: 1223.66, 0.442636%, cast time 0.13056% of in combat, overheal: 0
Flash Heal 7, casts: 22, avg: 1283.63, 10.2152%, cast time 2.87231% of in combat, overheal: 0.0917214
Greater Heal 1, casts: 7, avg: 1890.54, 4.78706%, cast time 1.5232% of in combat, overheal: 0.0282312
Greater Heal 1 hazz, casts: 8, avg: 1415.61, 4.09658%, cast time 1.04448% of in combat, overheal: 0.272349
Greater Heal 2 hazz, casts: 5, avg: 2226.13, 4.02631%, cast time 0.652798% of in combat, overheal: 0
Greater Heal 3 hazz, casts: 1, avg: 860, 0.311089%, cast time 0.13056% of in combat, overheal: 0.662813
Greater Heal 4, casts: 20, avg: 2499.24, 18.0811%, cast time 4.35199% of in combat, overheal: 0.147225
Greater Heal 4 hazz, casts: 6, avg: 2741.98, 5.95115%, cast time 0.783358% of in combat, overheal: 0.0643999
Heal 2, casts: 85, avg: 991.994, 30.501%, cast time 18.496% of in combat, overheal: 0.301965
Heal 4, casts: 19, avg: 1705.28, 11.7202%, cast time 4.13439% of in combat, overheal: 0.184077
Total time casting: 458, which is: 39.8642% of time in combat.
Total hps: 240.62, raw hps: 301.411, oh: 0.201689
Deficit time sum: 1.96024e+10, baseline: 3.31337e+10
Deficit*time change / s: 1.17777e+07 hp
Number of combats: 17
Average mana at start of combat: 9747.1
Average mana at end of combat: 8823.99
Other players with hps > 100:
  Abq : 196.581 hps
  Acé : 136.809 hps
  Drargon : 160.769 hps
  Emilio : 138.566 hps
  Gono : 156.215 hps
  Hap : 157.071 hps
  Mladfotm : 120.974 hps
  Roast : 169.339 hps
  Saulty : 149.476 hps
------------------
Upgrades: 
( following sorted by alt scores, no specials )
zulian headdress(2.92809) -> crystal adorned crown(4.79405) : 1.86597 = +0.781544%
boots of transcendence(1.93311) -> boots of pure thought(3.25479) : 1.32169 = +0.552317%
whipvine cord(1.64612) -> zandalar confessor's bindings(2.67078) : 1.02466 = +0.427662%
handguards of transcendence(1.78769) -> atal'ai hands of healing(2.68629) : 0.898605 = +0.374854%
dragon's touch(0.416443) -> lunar wand of healing(1.0137) : 0.59726 = +0.248835%
zandalar confessor's mantle(1.33974) -> mantle of the blackwing cabal(1.87306) : 0.533325 = +0.222139%
fordring's seal(1.92213) -> cauterizing band(2.44383) : 0.521698 = +0.217285%
jin'do's evil eye(2.3331) -> jin'do's evil eye(2.3331) : 0 = +0%
hide of the wild(2.22237) -> hide of the wild(2.22237) : 0 = +0%
truefaith vestments(3.69998) -> truefaith vestments(3.69998) : 0 = +0%
benediction, , , (5.924) -> benediction, , , (5.924) : 0 = +0%
empowered leggings(4.14566) -> empowered leggings(4.14566) : 0 = +0%
pure elementium band(2.77991) -> pure elementium band(2.77991) : 0 = +0%
hazza'rah's charm of healing(10.1556) -> hazza'rah's charm of healing(10.1556) : 0 = +0%
rejuvenating gem(3.3452) -> rejuvenating gem(3.3452) : 0 = +0%
bindings of transcendence(1.7943) -> flameweave cuffs of healing(1.67259) : -0.121704 = +-0.0505538%
------------------
~~~~ end of intermediate results ~~~~
Same items for intermediate results again, ending optimization. 
 ----------------------------
 --- head --- 
name: crystal adorned crown
slot: head
intelligence: 14
spirit: 13
sp_healing: 92
armor: 85
 ----------------------------
 --- neck --- 
name: jin'do's evil eye
slot: neck
intelligence: 11
stamina: 5
spirit: 6
sp_healing: 44
 ----------------------------
 --- shoulders --- 
name: mantle of the blackwing cabal
slot: shoulders
intelligence: 16
stamina: 12
sp: 34
armor: 84
 ----------------------------
 --- back --- 
name: hide of the wild
slot: back
intelligence: 10
stamina: 8
sp_healing: 42
armor: 48
 ----------------------------
 --- chest --- 
name: truefaith vestments
slot: chest
stamina: 14
sp_healing: 73
mp5: 6
armor: 96
 ----------------------------
 --- wrists --- 
name: flameweave cuffs of healing
slot: wrists
sp_healing: 33
fire_res: 10
armor: 35
 ----------------------------
 --- two-hand --- 
name: benediction
slot: two-hand
intelligence: 31
stamina: 10
spirit: 12
sp_healing: 106
spell_crit: 2
shadow_res: 20
 ----------------------------
 ---  --- 
name: 
slot: 
 ----------------------------
 ---  --- 
name: 
slot: 
 ----------------------------
 ---  --- 
name: 
slot: 
 ----------------------------
 --- ranged --- 
name: lunar wand of healing
slot: ranged
sp_healing: 20
 ----------------------------
 --- hands --- 
name: atal'ai hands of healing
slot: hands
sp: 9
sp_healing: 44
armor: 47
 ----------------------------
 --- waist --- 
name: zandalar confessor's bindings
slot: waist
intelligence: 20
stamina: 12
spirit: 12
sp_healing: 26
armor: 53
 ----------------------------
 --- legs --- 
name: empowered leggings
slot: legs
intelligence: 12
stamina: 12
spirit: 24
sp_healing: 77
spell_crit: 1
armor: 103
 ----------------------------
 --- feet --- 
name: boots of pure thought
slot: feet
intelligence: 12
stamina: 8
spirit: 12
sp_healing: 62
armor: 74
 ----------------------------
 --- finger --- 
name: pure elementium band
slot: finger
intelligence: 10
stamina: 9
spirit: 10
sp_healing: 53
 ----------------------------
 --- finger --- 
name: cauterizing band
slot: finger
intelligence: 12
stamina: 9
sp_healing: 46
 ----------------------------
 --- trinket --- 
name: hazza'rah's charm of healing
slot: trinket
 ----------------------------
 --- trinket --- 
name: rejuvenating gem
slot: trinket
sp_healing: 66
mp5: 9
 ----------------------------
 --- Set bonuses ---
name: confessor's 2 hazza'rah's 1 
slot: Set bonuses
sp: 23
------------------
Char stats: 
Effective hp: 8300.4
Effective mana (100 s, 33 % out of fsr): 15469
Raw max mana: 9883.09
Int: 382.03
Stam: 373.98
Spirit: 395.83
Strength: 79.58
Agility: 84.18
All stats multiplier (taken into account above): 1.15
Bonus mana: 2000
Bonus hp: 0
Mp5: 165
Sp: 66
Sp shadow: 0
Sp healing: 944
Spell crit: 21
Spell hit: 0
Arcane res: 27
Nature res: 27
Fire res: 37
Frost res: 27
Shadow res: 47
Armor: 2823.75
Defense: 300
Dodge: 0
Parry: 0
HpsPvp: 995.869
ShadowDps: 233.199
Value pvp healing: 1663.81
Value pvp shadow: 91.2331
Effective hp-pvp: 10414
Effecctive mana for 100 s, 0.33 fsr: 17112.5
------------------
Best counts:
oh_limit: 0.7
time_left_mul: 2.7
total_deficit_to_pop_trinkets: 8003.58
in combat total: 1148.9
Flash Heal 1, casts: 27, avg: 470.44, 4.59466%, cast time 3.52511% of in combat, overheal: 0.314352
Flash Heal 2, casts: 2, avg: 727.489, 0.526311%, cast time 0.261119% of in combat, overheal: 0.0588487
Flash Heal 3, casts: 5, avg: 795.168, 1.43818%, cast time 0.652798% of in combat, overheal: 0.0677397
Flash Heal 4, casts: 5, avg: 873.926, 1.58063%, cast time 0.652798% of in combat, overheal: 0.0685179
Flash Heal 5, casts: 5, avg: 955.347, 1.72789%, cast time 0.652798% of in combat, overheal: 0.112489
Flash Heal 6, casts: 1, avg: 1223.66, 0.442636%, cast time 0.13056% of in combat, overheal: 0
Flash Heal 7, casts: 22, avg: 1283.63, 10.2152%, cast time 2.87231% of in combat, overheal: 0.0917214
Greater Heal 1, casts: 7, avg: 1890.54, 4.78706%, cast time 1.5232% of in combat, overheal: 0.0282312
Greater Heal 1 hazz, casts: 8, avg: 1415.61, 4.09658%, cast time 1.04448% of in combat, overheal: 0.272349
Greater Heal 2 hazz, casts: 5, avg: 2226.13, 4.02631%, cast time 0.652798% of in combat, overheal: 0
Greater Heal 3 hazz, casts: 1, avg: 860, 0.311089%, cast time 0.13056% of in combat, overheal: 0.662813
Greater Heal 4, casts: 20, avg: 2499.24, 18.0811%, cast time 4.35199% of in combat, overheal: 0.147225
Greater Heal 4 hazz, casts: 6, avg: 2741.98, 5.95115%, cast time 0.783358% of in combat, overheal: 0.0643999
Heal 2, casts: 85, avg: 991.994, 30.501%, cast time 18.496% of in combat, overheal: 0.301965
Heal 4, casts: 19, avg: 1705.28, 11.7202%, cast time 4.13439% of in combat, overheal: 0.184077
Total time casting: 458, which is: 39.8642% of time in combat.
Total hps: 240.62, raw hps: 301.411, oh: 0.201689
Deficit time sum: 1.96024e+10, baseline: 3.31337e+10
Deficit*time change / s: 1.17777e+07 hp
Number of combats: 17
Average mana at start of combat: 9747.1
Average mana at end of combat: 8823.99
Other players with hps > 100:
  Abq : 196.581 hps
  Acé : 136.809 hps
  Drargon : 160.769 hps
  Emilio : 138.566 hps
  Gono : 156.215 hps
  Hap : 157.071 hps
  Mladfotm : 120.974 hps
  Roast : 169.339 hps
  Saulty : 149.476 hps
------------------
Based on last: 3000 entries, out of total: 4839 entries, (7699 dropped), The least-squares solution is:
Int: 18.8967
Spirit: 0
Sp / Healing: 100
Mp5: 0
Crit: 254.163
T1 3p/piece: 222.355
T2 3p/piece: 541.094
Hazza'rah's: 19154.5
Darkmoon: 573.003
100 points == 1 sp == 0.050632 hps.
Appended tag:
( Pawn: v1: "own_bwl_speed_phase4": Intellect=18.8967, Spirit=0, Healing=100, Mp5=0, SpellCritRating=254.163, IsFist=X, Is2HMace=X, IsCrossbow=X, IsGun=X, IsShield=X, IsPolearm=X, Is2HAxe=X, IsBow=X, IsMail=X, IsPlate=X, IsLeather=X, IsAxe=X, Is2HAxe=X, IsSword=X, Is2HSword=X)
To file: own_bwl_speed_phase4.pawn_tag.txt
------------------
Diffs to start: 
Upgrades: 
( following sorted by alt scores, no specials )
zulian headdress(2.92827) -> crystal adorned crown(4.79208) : 1.86382 = +0.780635%
boots of transcendence(1.93477) -> boots of pure thought(3.254) : 1.31923 = +0.551285%
whipvine cord(1.64613) -> zandalar confessor's bindings(2.67232) : 1.02618 = +0.428302%
handguards of transcendence(1.78838) -> atal'ai hands of healing(2.6835) : 0.895126 = +0.373397%
dragon's touch(0.41861) -> lunar wand of healing(1.01263) : 0.594025 = +0.247483%
zandalar confessor's mantle(1.34354) -> mantle of the blackwing cabal(1.87457) : 0.531036 = +0.221183%
fordring's seal(1.92122) -> cauterizing band(2.44388) : 0.522659 = +0.217686%
jin'do's evil eye(2.33305) -> jin'do's evil eye(2.33305) : 0 = +0%
hide of the wild(2.22221) -> hide of the wild(2.22221) : 0 = +0%
truefaith vestments(3.69614) -> truefaith vestments(3.69614) : 0 = +0%
benediction, , , (5.92096) -> benediction, , , (5.92096) : 0 = +0%
empowered leggings(4.14217) -> empowered leggings(4.14217) : 0 = +0%
pure elementium band(2.77917) -> pure elementium band(2.77917) : 0 = +0%
hazza'rah's charm of healing(10.8628) -> hazza'rah's charm of healing(10.8628) : 0 = +0%
rejuvenating gem(3.34171) -> rejuvenating gem(3.34171) : 0 = +0%
bindings of transcendence(1.79524) -> flameweave cuffs of healing(1.67085) : -0.12439 = +-0.0516688%
- - - - - - - - - - - - - - - - - - - - - - - - - - - - - - - - - - - - - - - - - 
| Upgrades at best in slot level, from start item to candidate, partial bonuses: 1: |
  alt scores are from least squares fit, special score from e.g. set bonuses as s are part of em
. . . . . . . . . . . . . . . . . . . . . . . . . . . . . . . . . . . . . . . . . 
- . - ' - . - ' - . - ' - . - ' - . - ' - . -
head, zulian headdress (0.281815), alt: 2.92827 -> :
    crystal adorned crown (2.51102) : +0.933962 %, alt : +4.79209, from: azuregos
    eternal crown of healing (0.734009) : +0.189454 %, alt : +3.24045, from: random green
- . - ' - . - ' - . - ' - . - ' - . - ' - . -
neck, jin'do's evil eye (2.74657), alt: 2.33305 -> :
- . - ' - . - ' - . - ' - . - ' - . - ' - . -
shoulders, zandalar confessor's mantle (1.82552), alt: 1.34354 -> :
    mantle of the blackwing cabal (2.11183) : +0.118988 %, alt : +1.87457, from: bwl
    pauldrons of transcendence (1.20819) : -0.25655 %, alt : +1.82959 (s: 0.273967), from: bwl
    zandalar confessor's mantle (1.82552) : +0 %, alt : +1.34353, from: zg
- . - ' - . - ' - . - ' - . - ' - . - ' - . -
back, hide of the wild (2.61021), alt: 2.22221 -> :
- . - ' - . - ' - . - ' - . - ' - . - ' - . -
chest, truefaith vestments (2.51477), alt: 3.69614 -> :
    robes of the exalted (2.67139) : +0.0650098 %, alt : +3.49081, from: pre-raid
- . - ' - . - ' - . - ' - . - ' - . - ' - . -
wrists, bindings of transcendence (0.679871), alt: 2.0692 (s: 0.273967) -> :
    flameweave cuffs of healing (2.04008) : +0.567817 %, alt : +1.67086, from: brd
- . - ' - . - ' - . - ' - . - ' - . - ' - . -
two-hand, benediction (2.25656), alt: 5.92097 -> :
    lok'amir il romathis and lei of the lifegiver (0.703079) : -0.644835 %, alt : +7.1088, from: bwl, av rep
    lok'amir il romathis and brightly glowing stone (0.761749) : -0.620481 %, alt : +6.29869, from: bwl, pre-raid
    lok'amir il romathis and trance stone (2.31931) : +0.0260445 %, alt : +5.76765, from: bwl, emeriss; lethon; taerar; ysondre
- . - ' - . - ' - . - ' - . - ' - . - ' - . -
ranged, dragon's touch (0.417374), alt: 0.41861 -> :
    lunar wand of healing (1.30443) : +0.369568 %, alt : +1.01264, from: random green
    bonecreeper stylus (1.19548) : +0.324178 %, alt : +0.595223, from: pre-raid
- . - ' - . - ' - . - ' - . - ' - . - ' - . -
hands, handguards of transcendence (-0.999512), alt: 2.06233 (s: 0.273967) -> :
    atal'ai hands of healing (1.5569) : +1.07252 %, alt : +2.6835, from: sunken temple
    high councillor's gloves of healing (1.55986) : +1.07376 %, alt : +2.32907, from: random green
- . - ' - . - ' - . - ' - . - ' - . - ' - . -
waist, whipvine cord (1.36145), alt: 1.64613 -> :
    zandalar confessor's bindings (2.59167) : +0.513275 %, alt : +2.67232, from: zg
    firemaw's clutch (1.64212) : +0.117101 %, alt : +1.88693, from: bwl
- . - ' - . - ' - . - ' - . - ' - . - ' - . -
legs, empowered leggings (2.91516), alt: 4.14217 -> :
- . - ' - . - ' - . - ' - . - ' - . - ' - . -
feet, boots of transcendence (-0.542984), alt: 2.20874 (s: 0.273967) -> :
    boots of pure thought (2.08774) : +1.10404 %, alt : +3.254, from: bwl
- . - ' - . - ' - . - ' - . - ' - . - ' - . -
finger, pure elementium band (1.60423), alt: 2.77917 -> :
    cauterizing band (1.61674) : +0.00519369 %, alt : +2.44388, from: mc
- . - ' - . - ' - . - ' - . - ' - . - ' - . -
finger 2, fordring's seal (2.43945), alt: 1.92122 -> :
    pure elementium band (3.18633) : +0.310227 %, alt : +2.77917, from: bwl
    cauterizing band (2.60072) : +0.0669865 %, alt : +2.44388, from: mc
    primalist's seal (2.56837) : +0.0535499 %, alt : +2.41857, from: zg
- . - ' - . - ' - . - ' - . - ' - . - ' - . -
trinket, hazza'rah's charm of healing (12.3614), alt: 10.8628 -> :
    hazza'rah's charm of healing (12.3614) : +0 %, alt : +10.8628, from: zg
    darkmoon card: blue dragon (-0.889069) : -5.50013 %, alt : +0.290123, from: 
- . - ' - . - ' - . - ' - . - ' - . - ' - . -
trinket 2, rejuvenating gem (2.2925), alt: 3.34171 -> :
    hazza'rah's charm of healing (0) : -0.951592 %, alt : +10.8628, from: zg
    darkmoon card: blue dragon (-0.391022) : -1.1139 %, alt : +0.290123, from: 
- - - - - - - - - - - - - - - - - - - - - - - - - - - - - - - - - - - - - - - - - 
| Upgrades at best in slot level, from start item to candidate, partial bonuses: 0: |
  alt scores are from least squares fit, special score from e.g. set bonuses as s are part of em
. . . . . . . . . . . . . . . . . . . . . . . . . . . . . . . . . . . . . . . . . 
- . - ' - . - ' - . - ' - . - ' - . - ' - . -
head, zulian headdress (0.621841), alt: 2.92827 -> :
    crystal adorned crown (3.03445) : +1.01282 %, alt : +4.79209, from: azuregos
    eternal crown of healing (0.861603) : +0.100652 %, alt : +3.24045, from: random green
- . - ' - . - ' - . - ' - . - ' - . - ' - . -
neck, jin'do's evil eye (1.4839), alt: 2.33305 -> :
- . - ' - . - ' - . - ' - . - ' - . - ' - . -
shoulders, zandalar confessor's mantle (1.0537), alt: 1.34354 -> :
    mantle of the blackwing cabal (2.295) : +0.518552 %, alt : +1.87457, from: bwl
    pauldrons of transcendence (1.32292) : +0.112469 %, alt : +1.55563, from: bwl
    zandalar confessor's mantle (1.0537) : +0 %, alt : +1.34353, from: zg
- . - ' - . - ' - . - ' - . - ' - . - ' - . -
back, hide of the wild (1.34589), alt: 2.22221 -> :
- . - ' - . - ' - . - ' - . - ' - . - ' - . -
chest, truefaith vestments (2.79535), alt: 3.69614 -> :
- . - ' - . - ' - . - ' - . - ' - . - ' - . -
wrists, bindings of transcendence (2.49806), alt: 1.79524 -> :
- . - ' - . - ' - . - ' - . - ' - . - ' - . -
two-hand, benediction (2.91273), alt: 5.92097 -> :
    lok'amir il romathis and lei of the lifegiver (0.626633) : -0.950088 %, alt : +7.1088, from: bwl, av rep
    lok'amir il romathis and brightly glowing stone (3.26125) : +0.144839 %, alt : +6.29869, from: bwl, pre-raid
- . - ' - . - ' - . - ' - . - ' - . - ' - . -
ranged, dragon's touch (0.294861), alt: 0.41861 -> :
    lunar wand of healing (1.64967) : +0.566239 %, alt : +1.01264, from: random green
    bonecreeper stylus (0.623001) : +0.137145 %, alt : +0.595223, from: pre-raid
- . - ' - . - ' - . - ' - . - ' - . - ' - . -
hands, handguards of transcendence (0.323593), alt: 1.78838 -> :
    atal'ai hands of healing (1.90089) : +0.659841 %, alt : +2.6835, from: sunken temple
    high councillor's gloves of healing (0.986267) : +0.27722 %, alt : +2.32907, from: random green
- . - ' - . - ' - . - ' - . - ' - . - ' - . -
waist, whipvine cord (0.159302), alt: 1.64613 -> :
    zandalar confessor's bindings (1.73399) : +0.658742 %, alt : +2.67232, from: zg
    firemaw's clutch (0.441605) : +0.118096 %, alt : +1.88693, from: bwl
- . - ' - . - ' - . - ' - . - ' - . - ' - . -
legs, empowered leggings (2.25586), alt: 4.14217 -> :
- . - ' - . - ' - . - ' - . - ' - . - ' - . -
feet, boots of transcendence (0.296204), alt: 1.93477 -> :
    boots of pure thought (2.31374) : +0.845562 %, alt : +3.254, from: bwl
- . - ' - . - ' - . - ' - . - ' - . - ' - . -
finger, pure elementium band (1.94801), alt: 2.77917 -> :
- . - ' - . - ' - . - ' - . - ' - . - ' - . -
finger 2, fordring's seal (0.417618), alt: 1.92122 -> :
    pure elementium band (1.94382) : +0.637134 %, alt : +2.77917, from: bwl
    cauterizing band (1.49632) : +0.450321 %, alt : +2.44388, from: mc
- . - ' - . - ' - . - ' - . - ' - . - ' - . -
trinket, hazza'rah's charm of healing (12.6014), alt: 10.8628 -> :
    hazza'rah's charm of healing (12.6014) : +0 %, alt : +10.8628, from: zg
    darkmoon card: blue dragon (-1.00945) : -5.65658 %, alt : +0.290123, from: 
- . - ' - . - ' - . - ' - . - ' - . - ' - . -
trinket 2, rejuvenating gem (2.1347), alt: 3.34171 -> :
    hazza'rah's charm of healing (0) : -0.887168 %, alt : +10.8628, from: zg
    darkmoon card: blue dragon (-0.395599) : -1.05158 %, alt : +0.290123, from: 
- - - - - - - - - - - - - - - - - - - - - - - - - - - - - - - - - - - - - - - - - 
| Upgrades at start level, from start item to candidate, partial bonuses: 1: |
  alt scores are from least squares fit, special score from e.g. set bonuses as s are part of em
. . . . . . . . . . . . . . . . . . . . . . . . . . . . . . . . . . . . . . . . . 
- . - ' - . - ' - . - ' - . - ' - . - ' - . -
head, zulian headdress (2.29233), alt: 2.92827 -> :
    crystal adorned crown (3.64217) : +0.573408 %, alt : +4.79209, from: azuregos
    eternal crown of healing (2.3795) : +0.0370311 %, alt : +3.24045, from: random green
- . - ' - . - ' - . - ' - . - ' - . - ' - . -
neck, jin'do's evil eye (0.913757), alt: 2.33305 -> :
- . - ' - . - ' - . - ' - . - ' - . - ' - . -
shoulders, zandalar confessor's mantle (1.03828), alt: 2.50807 -> :
    zandalar confessor's mantle (1.03828) : +0 %, alt : +2.50807, from: zg
    pauldrons of transcendence (-0.576172) : -0.685817 %, alt : +1.55563, from: bwl
- . - ' - . - ' - . - ' - . - ' - . - ' - . -
back, hide of the wild (0.776398), alt: 2.22221 -> :
    shroud of pure thought (0.787277) : +0.00462159 %, alt : +1.7761, from: bwl
- . - ' - . - ' - . - ' - . - ' - . - ' - . -
chest, truefaith vestments (3.03748), alt: 3.69614 -> :
    robes of transcendence (2.06075) : -0.414912 %, alt : +3.14435, from: bwl
- . - ' - . - ' - . - ' - . - ' - . - ' - . -
wrists, bindings of transcendence (-0.737091), alt: 2.0692 (s: 0.273967) -> :
    bindings of transcendence (-0.737091) : +0 %, alt : +2.0692 (s: 0.273967), from: bwl
    flameweave cuffs of healing (-0.518356) : +0.0929179 %, alt : +1.67086, from: brd
- . - ' - . - ' - . - ' - . - ' - . - ' - . -
two-hand, benediction (5.2995), alt: 5.92096 -> :
    lok'amir il romathis and lei of the lifegiver (6.00716) : +0.300611 %, alt : +7.1088, from: bwl, av rep
    lok'amir il romathis and brightly glowing stone (5.23949) : -0.0254933 %, alt : +6.29869, from: bwl, pre-raid
    lok'amir il romathis and trance stone (5.4001) : +0.0427351 %, alt : +5.76765, from: bwl, emeriss; lethon; taerar; ysondre
    staff of rampant growth (6.29704) : +0.423754 %, alt : +4.40617, from: emeriss; lethon; taerar; ysondre
    the hammer of grace and lei of the lifegiver (5.61882) : +0.135647 %, alt : +4.25309, from: pre-raid, av rep
    wushoolay's poker and lei of the lifegiver (5.61882) : +0.135647 %, alt : +4.25309, from: zg, av rep
    jin'do's hexxer and trance stone (5.42929) : +0.055135 %, alt : +4.13937, from: zg, emeriss; lethon; taerar; ysondre
    fang of the mystics and brightly glowing stone (5.46468) : +0.0701665 %, alt : +4.12303, from: azuregos, pre-raid
    zulian scepter of rites and lei of the lifegiver (5.3759) : +0.0324548 %, alt : +4.07647, from: zg, av rep
    aurastone hammer and lei of the lifegiver (5.90613) : +0.257694 %, alt : +4.04497, from: mc, av rep
    fang of venoxis and lei of the lifegiver (5.82768) : +0.224371 %, alt : +3.9752, from: zg, av rep
- . - ' - . - ' - . - ' - . - ' - . - ' - . -
ranged, dragon's touch (0.211761), alt: 0.41861 -> :
    lunar wand of healing (0.615326) : +0.171433 %, alt : +1.01264, from: random green
    bonecreeper stylus (0.054184) : -0.0669385 %, alt : +0.595223, from: pre-raid
- . - ' - . - ' - . - ' - . - ' - . - ' - . -
hands, handguards of transcendence (-0.705566), alt: 2.06233 (s: 0.273967) -> :
    atal'ai hands of healing (0.629105) : +0.566965 %, alt : +2.6835, from: sunken temple
    high councillor's gloves of healing (0.134491) : +0.356854 %, alt : +2.32907, from: random green
    handguards of transcendence (-0.705566) : +0 %, alt : +2.06234 (s: 0.273967), from: bwl
- . - ' - . - ' - . - ' - . - ' - . - ' - . -
waist, whipvine cord (-0.358841), alt: 1.64613 -> :
    firemaw's clutch (-0.259491) : +0.0422036 %, alt : +1.88693, from: bwl
    zandalar confessor's bindings (-0.45816) : -0.0421906 %, alt : +1.50779, from: zg
- . - ' - . - ' - . - ' - . - ' - . - ' - . -
legs, empowered leggings (3.63651), alt: 4.14217 -> :
    leggings of transcendence (4.40384) : +0.325961 %, alt : +2.52999, from: mc
    padre's trousers (3.66452) : +0.0119008 %, alt : +2.3179, from: pre-raid
- . - ' - . - ' - . - ' - . - ' - . - ' - . -
feet, boots of transcendence (-0.641037), alt: 2.20874 (s: 0.273967) -> :
    boots of pure thought (-0.461472) : +0.0762789 %, alt : +3.254, from: bwl
    boots of transcendence (-0.641037) : +0 %, alt : +2.20874 (s: 0.273967), from: bwl
- . - ' - . - ' - . - ' - . - ' - . - ' - . -
finger, pure elementium band (2.13365), alt: 2.77917 -> :
    primalist's seal (2.1844) : +0.0215588 %, alt : +2.41857, from: zg
- . - ' - . - ' - . - ' - . - ' - . - ' - . -
finger 2, fordring's seal (-0.103195), alt: 1.92122 -> :
    pure elementium band (0.797684) : +0.382691 %, alt : +2.77917, from: bwl
    cauterizing band (0.0746918) : +0.0755659 %, alt : +2.44388, from: mc
    primalist's seal (0.0392914) : +0.0605279 %, alt : +2.41857, from: zg
    rosewine circle (-0.0496979) : +0.0227255 %, alt : +1.46833, from: pre-raid
    zanzil's seal (0.337326) : +0.187132 %, alt : +0.65263, from: zg
    cyclopean band (0.661545) : +0.32486 %, alt : +0.522662, from: pre-raid
    ring of entropy (0.804596) : +0.385627 %, alt : +0.253069, from: kazzak
    dragonslayer's signet (0.188034) : +0.123713 %, alt : +0.243501, from: onyxia
    band of sulfuras (0.627441) : +0.310373 %, alt : +0.220059, from: mc
    seal of rivendare (0.599106) : +0.298336 %, alt : +0.162652, from: pre-raid
    magus ring (-0.0220337) : +0.0344772 %, alt : +0.114814, from: pre-raid
    emerald flame ring (-0.0220337) : +0.0344772 %, alt : +0.114814, from: pre-raid
    seal of the archmagus (0.570847) : +0.286331 %, alt : +0.105246, from: mc
    ring of demonic guile (0.566101) : +0.284315 %, alt : +0.0956779, from: pre-raid
    band of the hierophant (0.566101) : +0.284315 %, alt : +0.0956779, from: pre-raid
    royal seal of alexis (-0.0309906) : +0.0306723 %, alt : +0.0956779, from: pre-raid
    blood of the martyr (-0.0309906) : +0.0306723 %, alt : +0.0956779, from: pre-raid
    ring of binding (0) : +0.043837 %, alt : +0, from: onyxia
    zanzil's band (0.594727) : +0.296475 %, alt : +0, from: zg
- . - ' - . - ' - . - ' - . - ' - . - ' - . -
trinket, hazza'rah's charm of healing (13.4899), alt: 10.8628 -> :
    hazza'rah's charm of healing (13.4899) : +0 %, alt : +10.8628, from: zg
    darkmoon card: blue dragon (0.471375) : -5.53025 %, alt : +0.290123, from: 
- . - ' - . - ' - . - ' - . - ' - . - ' - . -
trinket 2, rejuvenating gem (2.63206), alt: 3.34171 -> :
    hazza'rah's charm of healing (0) : -1.11809 %, alt : +10.8628, from: zg
    royal seal of eldre'thalas (2.89258) : +0.110665 %, alt : +1.67086, from: pre-raid
    briarwood reed (2.68185) : +0.0211504 %, alt : +1.46833, from: pre-raid
    darkmoon card: blue dragon (0.589813) : -0.867543 %, alt : +0.290123, from: 
- - - - - - - - - - - - - - - - - - - - - - - - - - - - - - - - - - - - - - - - - 
| Upgrades at start level, from start item to candidate, partial bonuses: 0: |
  alt scores are from least squares fit, special score from e.g. set bonuses as s are part of em
. . . . . . . . . . . . . . . . . . . . . . . . . . . . . . . . . . . . . . . . . 
- . - ' - . - ' - . - ' - . - ' - . - ' - . -
head, zulian headdress (2.63318), alt: 2.92827 -> :
    crystal adorned crown (3.10609) : +0.200979 %, alt : +4.79209, from: azuregos
    eternal crown of healing (2.22011) : -0.175546 %, alt : +3.24045, from: random green
- . - ' - . - ' - . - ' - . - ' - . - ' - . -
neck, jin'do's evil eye (2.20813), alt: 2.33305 -> :
- . - ' - . - ' - . - ' - . - ' - . - ' - . -
shoulders, zandalar confessor's mantle (2.33632), alt: 2.50807 -> :
    zandalar confessor's mantle (2.33632) : +0 %, alt : +2.50807, from: zg
    pauldrons of transcendence (2.86992) : +0.226768 %, alt : +1.55563, from: bwl
- . - ' - . - ' - . - ' - . - ' - . - ' - . -
back, hide of the wild (2.06717), alt: 2.22221 -> :
- . - ' - . - ' - . - ' - . - ' - . - ' - . -
chest, truefaith vestments (3.73285), alt: 3.69614 -> :
    robes of transcendence (4.27393) : +0.229946 %, alt : +3.14435, from: bwl
- . - ' - . - ' - . - ' - . - ' - . - ' - . -
wrists, bindings of transcendence (-1.18153), alt: 2.61714 (s: 0.8219) -> :
    bindings of transcendence (-1.18153) : +0 %, alt : +2.61714 (s: 0.8219), from: bwl
    flameweave cuffs of healing (-0.679871) : +0.213196 %, alt : +1.67086, from: brd
- . - ' - . - ' - . - ' - . - ' - . - ' - . -
two-hand, benediction (5.28621), alt: 5.92097 -> :
    lok'amir il romathis and lei of the lifegiver (5.86456) : +0.245788 %, alt : +7.1088, from: bwl, av rep
    lok'amir il romathis and brightly glowing stone (5.18176) : -0.0443875 %, alt : +6.29869, from: bwl, pre-raid
    fang of the mystics and lei of the lifegiver (5.85373) : +0.241184 %, alt : +4.93314, from: azuregos, av rep
    staff of the shadow flame (5.60435) : +0.135205 %, alt : +4.78793, from: bwl
    jin'do's hexxer and brightly glowing stone (5.51367) : +0.0966668 %, alt : +4.67041, from: zg, pre-raid
    staff of rampant growth (5.71779) : +0.183412 %, alt : +4.40617, from: emeriss; lethon; taerar; ysondre
- . - ' - . - ' - . - ' - . - ' - . - ' - . -
ranged, dragon's touch (1.47104), alt: 0.41861 -> :
    lunar wand of healing (1.29489) : -0.0748589 %, alt : +1.01264, from: random green
    bonecreeper stylus (1.34338) : -0.0542506 %, alt : +0.595223, from: pre-raid
- . - ' - . - ' - . - ' - . - ' - . - ' - . -
hands, handguards of transcendence (-1.15044), alt: 2.61028 (s: 0.8219) -> :
    atal'ai hands of healing (0.22908) : +0.586265 %, alt : +2.6835, from: sunken temple
    handguards of transcendence (-1.15044) : +0 %, alt : +2.61027 (s: 0.8219), from: bwl
    high councillor's gloves of healing (-0.0602417) : +0.463309 %, alt : +2.32907, from: random green
- . - ' - . - ' - . - ' - . - ' - . - ' - . -
waist, whipvine cord (0.700348), alt: 1.64613 -> :
    firemaw's clutch (0.861481) : +0.068478 %, alt : +1.88693, from: bwl
    zandalar confessor's bindings (-0.584671) : -0.546106 %, alt : +1.50779, from: zg
- . - ' - . - ' - . - ' - . - ' - . - ' - . -
legs, empowered leggings (3.71858), alt: 4.14217 -> :
    leggings of transcendence (3.39729) : -0.136541 %, alt : +2.52999, from: mc
- . - ' - . - ' - . - ' - . - ' - . - ' - . -
feet, boots of transcendence (-0.33931), alt: 2.75667 (s: 0.8219) -> :
    boots of pure thought (1.56673) : +0.810024 %, alt : +3.254, from: bwl
    boots of transcendence (-0.33931) : +0 %, alt : +2.75667 (s: 0.8219), from: bwl
- . - ' - . - ' - . - ' - . - ' - . - ' - . -
finger, pure elementium band (2.47459), alt: 2.77917 -> :
    primalist's seal (2.73343) : +0.109999 %, alt : +1.58314, from: zg
- . - ' - . - ' - . - ' - . - ' - . - ' - . -
finger 2, fordring's seal (1.77753), alt: 1.92122 -> :
    pure elementium band (2.01704) : +0.10179 %, alt : +2.77917, from: bwl
    cauterizing band (1.73645) : -0.0174567 %, alt : +2.44388, from: mc
    band of servitude (2.34845) : +0.24263 %, alt : +1.25065, from: zg
    band of forced concentration (2.2234) : +0.189488 %, alt : +1.17809, from: bwl
    eye of orgrimmar (2.31564) : +0.228688 %, alt : +0.97835, from: pre-raid
    maiden's circle (2.31564) : +0.228688 %, alt : +0.97835, from: pre-raid
    ring of blackrock (2.96675) : +0.505395 %, alt : +0.962008, from: bwl
    zanzil's seal (1.99261) : +0.0914077 %, alt : +0.65263, from: zg
    cyclopean band (1.84622) : +0.0291939 %, alt : +0.522662, from: pre-raid
- . - ' - . - ' - . - ' - . - ' - . - ' - . -
trinket, hazza'rah's charm of healing (11.1738), alt: 10.8628 -> :
    hazza'rah's charm of healing (11.1738) : +0 %, alt : +10.8628, from: zg
    darkmoon card: blue dragon (1.70564) : -4.02377 %, alt : +0.290123, from: 
- . - ' - . - ' - . - ' - . - ' - . - ' - . -
trinket 2, rejuvenating gem (3.24702), alt: 3.34171 -> :
    hazza'rah's charm of healing (0) : -1.37992 %, alt : +10.8628, from: zg
    darkmoon card: blue dragon (0.557846) : -1.14284 %, alt : +0.290123, from: 
------------------
Best value: 240.682
