Your call: ./css 4 ../items/phase5.csv ban_tmp_phase4.txt no-locks rampage_bwl_speed_phase4 -a ../confs/wcl_bwl_speed_log.csv -l rampage_speed.txt 
Found: -a, val: ../confs/wcl_bwl_speed_log.csv
./css 4 ../items/phase5.csv ban_tmp_phase4.txt no-locks rampage_bwl_speed_phase4 -l rampage_speed.txt 
Found key: buff_fraction, saw val: 1
Found key: healing_from_crit_fraction, saw val: 0.2
Found key: transc8_exists, saw val: 0
Found key: enchantments, saw val: 1
Found key: fort, saw val: 1
Found key: motw, saw val: 1
Found key: spirit, saw val: 1
Found key: ai, saw val: 1
Found key: flask, saw val: 1
Found key: holy_disc, saw val: 0
Found key: min_combat_length, saw val: 2
Found key: max_log_entry_diff_in_combat, saw val: 10
Found key: precast, saw val: 1
Found key: swap_cast, saw val: 1
Found key: time_step, saw val: 0.1
Found key: reaction_time, saw val: 0.1
Found key: skip_player, saw val: Paisti
Found key: use_deficit_time_sum, saw val: 0
Found key: wcl_log, saw val: 1
Found: -l, val: rampage_speed.txt
./css 4 ../items/phase5.csv ban_tmp_phase4.txt no-locks rampage_bwl_speed_phase4 
Will read log from: rampage_speed.txt
./css 4 ../items/phase5.csv ban_tmp_phase4.txt no-locks rampage_bwl_speed_phase4 
./css 4 ../items/phase5.csv ban_tmp_phase4.txt no-locks rampage_bwl_speed_phase4 
Shuffle seed: 2416673600
Reading banned from: ban_tmp_phase4.txt
Banning: aq20
Banning: aq40
Banning: naxx
Banning: neltharion's tear
Banning: lok'amir il romathis
Banning: choker of the fire lord
Reading WCL parsed log: rampage_speed.txt
Saw 17470 lines of log, with 17470 log lines
Sorting by timestamp...
Sorted.
Pruning log from: 17470 entries.
Combat from 0 to 11.058 s
Combat from 50.805 to 62.134 s
Combat from 66.625 to 151.557 s
Combat from 158.842 to 231.963 s
Combat from 236.158 to 310.07 s
Combat from 317.995 to 337.071 s
Combat from 357.697 to 365.39 s
Combat from 394.225 to 417.71 s
Combat from 444.449 to 736.498 s
Combat from 748.725 to 787.364 s
Combat from 801.433 to 837.45 s
Combat from 838.688 to 1181.68 s
Combat from 1218.53 to 1347.73 s
Combat from 1357.85 to 1424.38 s
Combat from 1582.11 to 1602.81 s
Combat from 1622.27 to 1649.87 s
Combat from 1664.8 to 1671.67 s
Pruned to: 17332 entries.
----------------------------------------------------------
---- Baseline results without simulated player input: ----
----------------------------------------------------------
oh_limit: 0.9
time_left_mul: 0.5
total_deficit_to_pop_trinkets: 10000
in combat total: 1267.6
Total time casting: 0, which is: 0% of time in combat.
Total hps: 0, raw hps: 0, oh: -nan
Deficit time sum: 5.82778e+10, baseline: 0
Deficit*time change / s: -4.59749e+07 hp
Number of combats: 17
Average mana at start of combat: 0
Average mana at end of combat: 0
Other players with hps > 100:
  Benjanun : 196.189 hps
  Fallacy : 231.989 hps
  Hakzak : 172.095 hps
  Pail : 203.096 hps
  Pastulo : 168.102 hps
  Ryuke : 159.897 hps
  Sporad : 166.798 hps
  Wallfacer : 177.625 hps
  Worstpriest : 156.616 hps
Skip player from: Paisti to: Fallacy
Reading WCL parsed log: rampage_speed.txt
Saw 17470 lines of log, with 17470 log lines
Sorting by timestamp...
Sorted.
Pruning log from: 17470 entries.
Combat from 0 to 11.058 s
Combat from 50.805 to 62.134 s
Combat from 66.625 to 151.557 s
Combat from 158.842 to 231.963 s
Combat from 236.158 to 310.07 s
Combat from 317.995 to 337.071 s
Combat from 357.697 to 365.39 s
Combat from 394.225 to 417.71 s
Combat from 444.449 to 736.498 s
Combat from 748.725 to 787.364 s
Combat from 801.433 to 837.45 s
Combat from 838.688 to 1181.68 s
Combat from 1218.53 to 1347.73 s
Combat from 1357.85 to 1424.38 s
Combat from 1582.11 to 1602.81 s
Combat from 1622.27 to 1649.87 s
Combat from 1664.8 to 1671.67 s
Pruned to: 16887 entries.
Skipped player entries: 445
Baseline results again due to changed skipped player
oh_limit: 0.9
time_left_mul: 0.5
total_deficit_to_pop_trinkets: 10000
in combat total: 1267.6
Total time casting: 0, which is: 0% of time in combat.
Total hps: 0, raw hps: 0, oh: -nan
Deficit time sum: 1.17282e+11, baseline: 0
Deficit*time change / s: -9.25231e+07 hp
Number of combats: 17
Average mana at start of combat: 0
Average mana at end of combat: 0
Other players with hps > 100:
  Benjanun : 217.427 hps
  Gravy : 104.202 hps
  Hakzak : 186.882 hps
  Pail : 216.851 hps
  Pastulo : 180.944 hps
  Ryuke : 177.432 hps
  Sporad : 181.014 hps
  Wallfacer : 185.271 hps
  Worstpriest : 176.755 hps
Reading tmp locked from: start_with.txt
Locking: anastari heirloom
Locking: anathema
Locking: animated chain necklace
Locking: argent crusader
Locking: atal'ai gloves of the owl
Locking: ban'thok sash
Locking: banshee finger
Locking: benediction
Locking: blood of the martyr
Locking: briarwood reed
Locking: burial shawl
Locking: clutch of andros
Locking: crimson felt hat
Locking: cyclopean band
Locking: devout belt
Locking: devout bracers
Locking: devout crown
Locking: devout mantle
Locking: devout robe
Locking: devout sandals
Locking: devout skirt
Locking: dragon finger of healing
Locking: dragon finger of intellect
Locking: dragonrider boots
Locking: dragonslayer's signet
Locking: drakefire amulet
Locking: dreadmist mantle
Locking: dreamweave circlet
Locking: dreamweave gloves
Locking: dreamweave vest
Locking: elder magus pendant
Locking: eye of the beast
Locking: fordring's seal
Locking: girdle of prophecy
Locking: gloves of prophecy
Locking: grimgore noose
Locking: halo of transcendence
Locking: heart of the fiend
Locking: hide of the wild
Locking: kentic amice
Locking: leggings of transcendence
Locking: magister's robes
Locking: maleki's footwraps
Locking: mindtap talisman
Locking: nature's breath
Locking: necropile boots
Locking: necropile cuffs
Locking: necropile leggings
Locking: necropile mantle
Locking: necropile robe
Locking: noxious shooter
Locking: omnicast boots
Locking: orb of the forgotten seer
Locking: padre's trousers
Locking: pants of prophecy
Locking: penelope's rose
Locking: quel'dorai channeling rod
Locking: raincaster drape
Locking: rainstrider leggings
Locking: ring of demonic guile
Locking: ring of demonic guile
Locking: robes of prophecy
Locking: robes of the exalted
Locking: robes of the royal crown
Locking: rod of corrosion
Locking: rosewine circle
Locking: royal seal of eldre'thalas
Locking: royal tribunal cloak
Locking: sarah's guide
Locking: seal of rivendare
Locking: seal of rivendare
Locking: shadowy laced handwraps
Locking: silkweb gloves
Locking: soulstealer mantle
Locking: spellbound tome
Locking: spritecaster cape
Locking: star of mystaria
Locking: starfire tiara
Locking: stormrager
Locking: sublime wristguards
Locking: the hammer of grace
Locking: the postmaster's treads
Locking: thuzadin sash
Locking: triune amulet
Locking: vinerot sandals
Locking: whipvine cord
Locking: wolfshear leggings
Locking: boots of the full moon
Locking: mantle of prophecy
Locking: dragon's touch
Locking: bindings of transcendence
Locking: shimmering geta
Locking: empowered leggings
Locking: seal of the archmagus
Locking: circlet of prophecy
Locking: boots of prophecy
Locking: pauldrons of transcendence
Locking: primalist's seal
Locking: zandalar confessor's bindings
Locking: zulian headdress
Locking: mar'li's eye
Locking: shroud of pure thought
Locking: belt of transcendence
Locking: jin'do's evil eye
Locking: primalist's band
Locking: zandalarian hero charm
Locking: zandalar confessor's mantle
Locking: zandalar confessor's wraps 
Locking: pure elementium band
Locking: truefaith vestments
Locking: vambraces of prophecy
Locking: hazza'rah's charm of healing
Locking: handguards of transcendence
Locking: boots of transcendence
Locking: darkmoon card: blue dragon
Locking: rejuvenating gem
Optimizing start items...

*** NEW BEST (1): 186.112

*** NEW BEST (1): 197.538

*** NEW BEST (1): 206.382

*** NEW BEST (1): 215.559

*** NEW BEST (1): 222.993

*** NEW BEST (1): 231.512

*** NEW BEST (1): 240.741

*** NEW BEST (1): 244.005

*** NEW BEST (1): 246.051

*** NEW BEST (1): 249.755

*** NEW BEST (1): 250.685

*** NEW BEST (1): 255.774

*** NEW BEST (1): 257.52

*** NEW BEST (1): 262.225

*** NEW BEST (1): 266.118

*** NEW BEST (1): 266.871
*
*** NEW BEST (1): 267.363

*** NEW BEST (1): 267.628

*** NEW BEST (1): 268.885

*** NEW BEST (1): 269.144

*** NEW BEST (1): 271.744
*
*** NEW BEST (1): 272.143

*** NEW BEST (1): 273.038
*********
*** NEW BEST (0): 251.286
Based on last: 3000 entries, out of total: 3113 entries, (974 dropped), The least-squares solution is:
Int: 110.667
Spirit: 82.0478
Sp / Healing: 100
Mp5: 78.0539
Crit: 681.341
T1 3p/piece: 0
T2 3p/piece: 3931.93
Hazza'rah's: 28433.7
Darkmoon: 0
100 points == 1 sp == 0.0551697 hps.
neck : animated chain necklace -> jin'do's evil eye => val: 251.286 -> 251.679

*** NEW BEST (0): 251.679
Based on last: 3000 entries, out of total: 3123 entries, (1008 dropped), The least-squares solution is:
Int: 110.782
Spirit: 81.9671
Sp / Healing: 100
Mp5: 76.4824
Crit: 681.428
T1 3p/piece: 0
T2 3p/piece: 3933.78
Hazza'rah's: 28439.3
Darkmoon: 0
100 points == 1 sp == 0.0551588 hps.
trinket : briarwood reed -> rejuvenating gem => val: 251.679 -> 254.349

*** NEW BEST (0): 254.349
Based on last: 3000 entries, out of total: 3126 entries, (1021 dropped), The least-squares solution is:
Int: 110.846
Spirit: 81.726
Sp / Healing: 100
Mp5: 76.0184
Crit: 683.576
T1 3p/piece: 0
T2 3p/piece: 3936.97
Hazza'rah's: 28445.6
Darkmoon: 0
100 points == 1 sp == 0.0551486 hps.
chest : dreamweave vest -> robes of the exalted => val: 254.349 -> 257.442

*** NEW BEST (0): 257.442
Based on last: 3000 entries, out of total: 3131 entries, (1036 dropped), The least-squares solution is:
Int: 110.619
Spirit: 81.8725
Sp / Healing: 100
Mp5: 76.5534
Crit: 686.303
T1 3p/piece: 0
T2 3p/piece: 3885.83
Hazza'rah's: 28451.2
Darkmoon: 0
100 points == 1 sp == 0.0551382 hps.
finger : primalist's band -> pure elementium band => val: 255.544 -> 259.98

*** NEW BEST (0): 259.98
Based on last: 3000 entries, out of total: 3139 entries, (1078 dropped), The least-squares solution is:
Int: 111.443
Spirit: 81.3157
Sp / Healing: 100
Mp5: 73.8106
Crit: 691.15
T1 3p/piece: 0
T2 3p/piece: 3903.07
Hazza'rah's: 28536.1
Darkmoon: 0
100 points == 1 sp == 0.0549871 hps.
hands : shadowy laced handwraps -> handguards of transcendence => val: 259.98 -> 262.544

*** NEW BEST (0): 262.544
Based on last: 3000 entries, out of total: 3139 entries, (1100 dropped), The least-squares solution is:
Int: 111.443
Spirit: 81.3157
Sp / Healing: 100
Mp5: 73.8106
Crit: 691.15
T1 3p/piece: 0
T2 3p/piece: 3903.07
Hazza'rah's: 28536.1
Darkmoon: 0
100 points == 1 sp == 0.0549871 hps.
shoulders : pauldrons of transcendence -> zandalar confessor's mantle => val: 262.544 -> 262.574

*** NEW BEST (0): 262.574
Based on last: 3000 entries, out of total: 3139 entries, (1119 dropped), The least-squares solution is:
Int: 111.443
Spirit: 81.3157
Sp / Healing: 100
Mp5: 73.8106
Crit: 691.15
T1 3p/piece: 0
T2 3p/piece: 3903.07
Hazza'rah's: 28536.1
Darkmoon: 0
100 points == 1 sp == 0.0549871 hps.
wrists : vambraces of prophecy -> bindings of transcendence => val: 262.574 -> 265.715

*** NEW BEST (0): 265.715
Based on last: 3000 entries, out of total: 3139 entries, (1138 dropped), The least-squares solution is:
Int: 111.443
Spirit: 81.3157
Sp / Healing: 100
Mp5: 73.8106
Crit: 691.15
T1 3p/piece: 0
T2 3p/piece: 3903.07
Hazza'rah's: 28536.1
Darkmoon: 0
100 points == 1 sp == 0.0549871 hps.
feet : omnicast boots -> boots of transcendence => val: 263.733 -> 264.76
*legs : leggings of transcendence -> empowered leggings => val: 262.059 -> 267.096

*** NEW BEST (0): 267.096
Based on last: 3000 entries, out of total: 3199 entries, (1438 dropped), The least-squares solution is:
Int: 111.932
Spirit: 81.8971
Sp / Healing: 100
Mp5: 70.5643
Crit: 648.536
T1 3p/piece: 0
T2 3p/piece: 4008.45
Hazza'rah's: 28368.5
Darkmoon: 0
100 points == 1 sp == 0.0552886 hps.
********
Read starting items and cleared locks.
 ----------------------------
 --- head --- 
name: halo of transcendence
slot: head
intelligence: 27
stamina: 17
spirit: 22
sp_healing: 48
fire_res: 10
frost_res: 10
armor: 94
 ----------------------------
 --- neck --- 
name: jin'do's evil eye
slot: neck
intelligence: 11
stamina: 5
spirit: 6
sp_healing: 44
 ----------------------------
 --- shoulders --- 
name: zandalar confessor's mantle
slot: shoulders
intelligence: 24
stamina: 11
spirit: 15
sp_healing: 22
armor: 78
 ----------------------------
 --- back --- 
name: hide of the wild
slot: back
intelligence: 10
stamina: 8
sp_healing: 42
armor: 48
 ----------------------------
 --- chest --- 
name: robes of the exalted
slot: chest
intelligence: 5
spirit: 11
sp_healing: 68
armor: 89
 ----------------------------
 --- wrists --- 
name: bindings of transcendence
slot: wrists
intelligence: 13
stamina: 9
spirit: 16
sp_healing: 33
armor: 51
 ----------------------------
 --- two-hand --- 
name: benediction
slot: two-hand
intelligence: 31
stamina: 10
spirit: 12
sp_healing: 106
spell_crit: 2
shadow_res: 20
 ----------------------------
 ---  --- 
name: 
slot: 
 ----------------------------
 ---  --- 
name: 
slot: 
 ----------------------------
 ---  --- 
name: 
slot: 
 ----------------------------
 --- ranged --- 
name: dragon's touch
slot: ranged
intelligence: 12
stamina: 7
sp: 6
 ----------------------------
 --- hands --- 
name: handguards of transcendence
slot: hands
intelligence: 20
stamina: 12
spirit: 13
sp_healing: 29
spell_crit: 1
armor: 72
 ----------------------------
 --- waist --- 
name: belt of transcendence
slot: waist
intelligence: 26
stamina: 14
spirit: 9
sp_healing: 26
shadow_res: 10
armor: 65
 ----------------------------
 --- legs --- 
name: empowered leggings
slot: legs
intelligence: 12
stamina: 12
spirit: 24
sp_healing: 77
spell_crit: 1
armor: 103
 ----------------------------
 --- feet --- 
name: boots of transcendence
slot: feet
intelligence: 17
stamina: 17
spirit: 17
sp_healing: 35
fire_res: 10
armor: 80
 ----------------------------
 --- finger --- 
name: pure elementium band
slot: finger
intelligence: 10
stamina: 9
spirit: 10
sp_healing: 53
 ----------------------------
 --- finger --- 
name: primalist's seal
slot: finger
intelligence: 12
spirit: 8
sp_healing: 29
 ----------------------------
 --- trinket --- 
name: rejuvenating gem
slot: trinket
sp_healing: 66
mp5: 9
 ----------------------------
 --- trinket --- 
name: hazza'rah's charm of healing
slot: trinket
 ----------------------------
 --- Set bonuses ---
name: confessor's 2 hazza'rah's 1 transcendence 3 
slot: Set bonuses
sp: 23
 --- And counts for start items ---
oh_limit: 0.9
time_left_mul: 0.5
total_deficit_to_pop_trinkets: 10000
in combat total: 1267.6
Flash Heal 1, casts: 52, avg: 483.583, 7.42718%, cast time 6.15336% of in combat, overheal: 0.225046
Flash Heal 2, casts: 11, avg: 674.551, 2.19158%, cast time 1.30167% of in combat, overheal: 0.0516082
Flash Heal 3, casts: 12, avg: 791.586, 2.80562%, cast time 1.42001% of in combat, overheal: 0
Flash Heal 4, casts: 11, avg: 877.234, 2.85008%, cast time 1.30167% of in combat, overheal: -1.01203e-07
Flash Heal 5, casts: 16, avg: 919.424, 4.34496%, cast time 1.89334% of in combat, overheal: 0.0951249
Flash Heal 6, casts: 21, avg: 977.834, 6.06505%, cast time 2.48501% of in combat, overheal: 0.159913
Flash Heal 7, casts: 126, avg: 1268.44, 47.2053%, cast time 14.9101% of in combat, overheal: 0.0634749
Greater Heal 1, casts: 2, avg: 1824.58, 1.07781%, cast time 0.394446% of in combat, overheal: 0
Greater Heal 1 hazz, casts: 5, avg: 1079.32, 1.59393%, cast time 0.591669% of in combat, overheal: 0.408457
Greater Heal 2 hazz, casts: 5, avg: 1339.1, 1.97758%, cast time 0.591669% of in combat, overheal: 0.364305
Greater Heal 3 hazz, casts: 2, avg: 2275.18, 1.34399%, cast time 0.236668% of in combat, overheal: 0.064622
Greater Heal 4, casts: 8, avg: 2772.5, 6.55106%, cast time 1.57778% of in combat, overheal: 0.0148479
Greater Heal 4 hazz, casts: 12, avg: 2588.86, 9.1757%, cast time 1.42001% of in combat, overheal: 0.0801017
Heal 2, casts: 12, avg: 1061.97, 3.76394%, cast time 2.36668% of in combat, overheal: 0.181277
Heal 4, casts: 4, avg: 1376.45, 1.62619%, cast time 0.788892% of in combat, overheal: 0.300932
Total time casting: 474.5, which is: 37.4329% of time in combat.
Total hps: 267.096, raw hps: 298.733, oh: 0.105903
Deficit time sum: 5.20876e+10, baseline: 1.17282e+11
Deficit*time change / s: 5.14315e+07 hp
Number of combats: 17
Average mana at start of combat: 10368.4
Average mana at end of combat: 9040.55
Other players with hps > 100:
  Benjanun : 188.288 hps
  Hakzak : 174.565 hps
  Pail : 206.946 hps
  Pastulo : 168.922 hps
  Ryuke : 155.882 hps
  Sporad : 165.136 hps
  Wallfacer : 169.35 hps
  Worstpriest : 153.573 hps
Reading locked from: no-locks
Setting tag name to: rampage_bwl_speed_phase4
.
*** NEW BEST (1): 320.246

*** NEW BEST (1): 320.929

*** NEW BEST (1): 322.008

*** NEW BEST (1): 323.752
.
*** NEW BEST (1): 324.236
Temporary bans and partial set bonuses off.
.
*** NEW BEST (0): 322.152
head : halo of transcendence -> crystal adorned crown => val: 321.126 -> 322.423

*** NEW BEST (0): 322.423
***** INTERMEDIATE RESULTS *****
Iteration: 3
 ----------------------------
 --- head --- 
name: crystal adorned crown
slot: head
intelligence: 14
spirit: 13
sp_healing: 92
armor: 85
 ----------------------------
 --- neck --- 
name: jin'do's evil eye
slot: neck
intelligence: 11
stamina: 5
spirit: 6
sp_healing: 44
 ----------------------------
 --- shoulders --- 
name: pauldrons of transcendence
slot: shoulders
intelligence: 25
stamina: 12
spirit: 13
sp_healing: 26
fire_res: 10
armor: 87
 ----------------------------
 --- back --- 
name: hide of the wild
slot: back
intelligence: 10
stamina: 8
sp_healing: 42
armor: 48
 ----------------------------
 --- chest --- 
name: robes of the exalted
slot: chest
intelligence: 5
spirit: 11
sp_healing: 68
armor: 89
 ----------------------------
 --- wrists --- 
name: bindings of transcendence
slot: wrists
intelligence: 13
stamina: 9
spirit: 16
sp_healing: 33
armor: 51
 ----------------------------
 --- two-hand --- 
name: benediction
slot: two-hand
intelligence: 31
stamina: 10
spirit: 12
sp_healing: 106
spell_crit: 2
shadow_res: 20
 ----------------------------
 ---  --- 
name: 
slot: 
 ----------------------------
 ---  --- 
name: 
slot: 
 ----------------------------
 ---  --- 
name: 
slot: 
 ----------------------------
 --- ranged --- 
name: lunar wand of healing
slot: ranged
sp_healing: 20
 ----------------------------
 --- hands --- 
name: handguards of transcendence
slot: hands
intelligence: 20
stamina: 12
spirit: 13
sp_healing: 29
spell_crit: 1
armor: 72
 ----------------------------
 --- waist --- 
name: zandalar confessor's bindings
slot: waist
intelligence: 20
stamina: 12
spirit: 12
sp_healing: 26
armor: 53
 ----------------------------
 --- legs --- 
name: empowered leggings
slot: legs
intelligence: 12
stamina: 12
spirit: 24
sp_healing: 77
spell_crit: 1
armor: 103
 ----------------------------
 --- feet --- 
name: boots of pure thought
slot: feet
intelligence: 12
stamina: 8
spirit: 12
sp_healing: 62
armor: 74
 ----------------------------
 --- finger --- 
name: pure elementium band
slot: finger
intelligence: 10
stamina: 9
spirit: 10
sp_healing: 53
 ----------------------------
 --- finger --- 
name: primalist's seal
slot: finger
intelligence: 12
spirit: 8
sp_healing: 29
 ----------------------------
 --- trinket --- 
name: rejuvenating gem
slot: trinket
sp_healing: 66
mp5: 9
 ----------------------------
 --- trinket --- 
name: hazza'rah's charm of healing
slot: trinket
 ----------------------------
 --- Set bonuses ---
name: confessor's 2 hazza'rah's 1 transcendence 3 
slot: Set bonuses
sp: 23
------------------
Best value: 322.423
------------------
Char stats: 
Effective hp: 8266.6
Effective mana (100 s, 33 % out of fsr): 17179.6
Raw max mana: 10774.9
Int: 436.08
Stam: 371.68
Spirit: 465.98
Strength: 79.58
Agility: 84.18
All stats multiplier (taken into account above): 1.15
Bonus mana: 2000
Bonus hp: 0
Mp5: 159
Sp: 23
Sp shadow: 0
Sp healing: 933
Spell crit: 22
Spell hit: 0
Arcane res: 27
Nature res: 27
Fire res: 37
Frost res: 27
Shadow res: 47
Armor: 2860.75
Defense: 300
Dodge: 0
Parry: 0
HpsPvp: 982.844
ShadowDps: 226.336
Value pvp healing: 1989.35
Value pvp shadow: 105.499
Effective hp-pvp: 10386.6
Effecctive mana for 100 s, 0.33 fsr: 18792.1
------------------
Best counts:
oh_limit: 0.8
time_left_mul: 2.3
total_deficit_to_pop_trinkets: 11943.9
in combat total: 1267.6
Flash Heal 1, casts: 22, avg: 479.147, 2.58278%, cast time 2.60334% of in combat, overheal: 0.278235
Flash Heal 2, casts: 5, avg: 717.6, 0.879122%, cast time 0.591669% of in combat, overheal: 0.0444741
Flash Heal 3, casts: 3, avg: 829.16, 0.609475%, cast time 0.355002% of in combat, overheal: 0.00250199
Flash Heal 4, casts: 3, avg: 916.792, 0.673889%, cast time 0.355002% of in combat, overheal: 0
Flash Heal 5, casts: 4, avg: 1055.48, 1.03445%, cast time 0.473335% of in combat, overheal: 0
Flash Heal 6, casts: 1, avg: 1203.21, 0.294807%, cast time 0.118334% of in combat, overheal: 0
Flash Heal 7, casts: 17, avg: 1293.9, 5.38947%, cast time 2.01168% of in combat, overheal: 0.0714378
Greater Heal 1, casts: 6, avg: 1609.61, 2.36629%, cast time 1.18334% of in combat, overheal: 0.154246
Greater Heal 1 hazz, casts: 10, avg: 1358.95, 3.32966%, cast time 1.18334% of in combat, overheal: 0.285953
Greater Heal 2 hazz, casts: 1, avg: 2184.79, 0.535311%, cast time 0.118334% of in combat, overheal: 0
Greater Heal 3 hazz, casts: 1, avg: 2510.28, 0.615061%, cast time 0.118334% of in combat, overheal: 0
Greater Heal 4, casts: 51, avg: 2579.17, 32.2289%, cast time 10.0584% of in combat, overheal: 0.108101
Greater Heal 4 hazz, casts: 13, avg: 2659.24, 8.47028%, cast time 1.53834% of in combat, overheal: 0.0804098
Heal 2, casts: 116, avg: 973.404, 27.6661%, cast time 22.8779% of in combat, overheal: 0.292965
Heal 4, casts: 29, avg: 1875.23, 13.3244%, cast time 5.71947% of in combat, overheal: 0.0843074
Total time casting: 625, which is: 49.3058% of time in combat.
Total hps: 321.974, raw hps: 388.156, oh: 0.170503
Deficit time sum: 4.73118e+10, baseline: 1.17282e+11
Deficit*time change / s: 5.51992e+07 hp
Number of combats: 17
Average mana at start of combat: 9714.47
Average mana at end of combat: 8569.31
Other players with hps > 100:
  Benjanun : 185.35 hps
  Hakzak : 168.923 hps
  Pail : 202.359 hps
  Pastulo : 157.828 hps
  Ryuke : 155.558 hps
  Sporad : 160.353 hps
  Wallfacer : 166.98 hps
  Worstpriest : 147.495 hps
------------------
Upgrades: 
( following sorted by alt scores, no specials )
halo of transcendence(5.32092) -> crystal adorned crown(6.5416) : 1.22067 = +0.380564%
belt of transcendence(3.45404) -> zandalar confessor's bindings(4.4902) : 1.03616 = +0.322854%
boots of transcendence(3.7569) -> boots of pure thought(4.71387) : 0.95697 = +0.298105%
zandalar confessor's mantle(3.3808) -> pauldrons of transcendence(3.57327) : 0.192474 = +0.0598152%
dragon's touch(1.07437) -> lunar wand of healing(1.10577) : 0.0314026 = +0.00975408%
hazza'rah's charm of healing(16.9562) -> hazza'rah's charm of healing(16.9562) : 3.05176e-05 = +9.47826e-06%
jin'do's evil eye(3.3851) -> jin'do's evil eye(3.3851) : 0 = +0%
hide of the wild(2.94098) -> hide of the wild(2.94098) : 0 = +0%
robes of the exalted(4.56714) -> robes of the exalted(4.56714) : 0 = +0%
bindings of transcendence(3.35352) -> bindings of transcendence(3.35352) : 0 = +0%
benediction, , , (9.03952) -> benediction, , , (9.03952) : 0 = +0%
handguards of transcendence(3.78827) -> handguards of transcendence(3.78827) : 0 = +0%
empowered leggings(6.44513) -> empowered leggings(6.44513) : 0 = +0%
pure elementium band(4.00195) -> pure elementium band(4.00195) : 0 = +0%
primalist's seal(2.70822) -> primalist's seal(2.70822) : 0 = +0%
rejuvenating gem(4.00018) -> rejuvenating gem(4.00018) : 0 = +0%
------------------
~~~~ end of intermediate results ~~~~
Temporary bans and partial set bonuses on.
..Temporary bans and partial set bonuses off.
.
*** NEW BEST (0): 323.746
finger 2 : primalist's seal -> cauterizing band => val: 320.403 -> 320.892
chest : robes of the exalted -> robes of transcendence => val: 320.892 -> 321.259
ranged : dragon's touch -> lunar wand of healing => val: 320.901 -> 321.025
two-hand :   jin'do's hexxer lei of the lifegiver -> benediction    => val: 321.025 -> 322.716
No swappies for item bonuses found. (best matching was empty)
***** INTERMEDIATE RESULTS *****
Iteration: 6
 ----------------------------
 --- head --- 
name: crystal adorned crown
slot: head
intelligence: 14
spirit: 13
sp_healing: 92
armor: 85
 ----------------------------
 --- neck --- 
name: jin'do's evil eye
slot: neck
intelligence: 11
stamina: 5
spirit: 6
sp_healing: 44
 ----------------------------
 --- shoulders --- 
name: zandalar confessor's mantle
slot: shoulders
intelligence: 24
stamina: 11
spirit: 15
sp_healing: 22
armor: 78
 ----------------------------
 --- back --- 
name: hide of the wild
slot: back
intelligence: 10
stamina: 8
sp_healing: 42
armor: 48
 ----------------------------
 --- chest --- 
name: robes of the exalted
slot: chest
intelligence: 5
spirit: 11
sp_healing: 68
armor: 89
 ----------------------------
 --- wrists --- 
name: vambraces of prophecy
slot: wrists
intelligence: 14
stamina: 8
spirit: 10
sp_healing: 24
mp5: 2
armor: 44
 ----------------------------
 ---  --- 
name: 
slot: 
 ----------------------------
 --- main hand --- 
name: jin'do's hexxer
slot: main hand
intelligence: 9
stamina: 6
sp_healing: 51
spell_crit: 1
 ----------------------------
 ---  --- 
name: 
slot: 
 ----------------------------
 --- off hand --- 
name: lei of the lifegiver
slot: off hand
sp_healing: 53
mp5: 3
 ----------------------------
 --- ranged --- 
name: dragon's touch
slot: ranged
intelligence: 12
stamina: 7
sp: 6
 ----------------------------
 --- hands --- 
name: handguards of transcendence
slot: hands
intelligence: 20
stamina: 12
spirit: 13
sp_healing: 29
spell_crit: 1
armor: 72
 ----------------------------
 --- waist --- 
name: belt of transcendence
slot: waist
intelligence: 26
stamina: 14
spirit: 9
sp_healing: 26
shadow_res: 10
armor: 65
 ----------------------------
 --- legs --- 
name: leggings of transcendence
slot: legs
intelligence: 21
stamina: 16
spirit: 21
sp_healing: 46
mp5: 7
arcane_res: 10
shadow_res: 10
armor: 101
 ----------------------------
 --- feet --- 
name: boots of pure thought
slot: feet
intelligence: 12
stamina: 8
spirit: 12
sp_healing: 62
armor: 74
 ----------------------------
 --- finger --- 
name: pure elementium band
slot: finger
intelligence: 10
stamina: 9
spirit: 10
sp_healing: 53
 ----------------------------
 --- finger --- 
name: primalist's seal
slot: finger
intelligence: 12
spirit: 8
sp_healing: 29
 ----------------------------
 --- trinket --- 
name: rejuvenating gem
slot: trinket
sp_healing: 66
mp5: 9
 ----------------------------
 --- trinket --- 
name: hazza'rah's charm of healing
slot: trinket
 ----------------------------
 --- Set bonuses ---
name: confessor's 2 hazza'rah's 1 transcendence 3 
slot: Set bonuses
sp: 23
------------------
Best value: 323.746
------------------
Char stats: 
Effective hp: 8335.1
Effective mana (100 s, 33 % out of fsr): 17357.2
Raw max mana: 10869.8
Int: 441.83
Stam: 379.73
Spirit: 440.68
Strength: 79.58
Agility: 84.18
All stats multiplier (taken into account above): 1.15
Bonus mana: 2000
Bonus hp: 0
Mp5: 171
Sp: 29
Sp shadow: 0
Sp healing: 867
Spell crit: 20
Spell hit: 0
Arcane res: 37
Nature res: 27
Fire res: 27
Frost res: 27
Shadow res: 47
Armor: 2854.75
Defense: 300
Dodge: 0
Parry: 0
HpsPvp: 981.643
ShadowDps: 226.336
Value pvp healing: 2003.53
Value pvp shadow: 106.512
Effective hp-pvp: 10454.3
Effecctive mana for 100 s, 0.33 fsr: 18890.2
------------------
Best counts:
oh_limit: 0.6
time_left_mul: 2.3
total_deficit_to_pop_trinkets: 14517.9
in combat total: 1267.6
Flash Heal 1, casts: 17, avg: 480.205, 2.00483%, cast time 2.01168% of in combat, overheal: 0.242859
Flash Heal 2, casts: 7, avg: 585.896, 1.00721%, cast time 0.828337% of in combat, overheal: 0.187461
Flash Heal 3, casts: 6, avg: 801.017, 1.18031%, cast time 0.710003% of in combat, overheal: 0
Flash Heal 4, casts: 5, avg: 876.609, 1.07641%, cast time 0.591669% of in combat, overheal: 0.0108911
Flash Heal 5, casts: 3, avg: 1024.45, 0.754769%, cast time 0.355002% of in combat, overheal: 0
Flash Heal 6, casts: 1, avg: 1171.64, 0.287738%, cast time 0.118334% of in combat, overheal: 0
Flash Heal 7, casts: 22, avg: 1346.49, 7.27492%, cast time 2.60334% of in combat, overheal: 0.010799
Greater Heal 1, casts: 5, avg: 1540.47, 1.89157%, cast time 0.986116% of in combat, overheal: 0.163749
Greater Heal 1 hazz, casts: 5, avg: 1427.84, 1.75328%, cast time 0.591669% of in combat, overheal: 0.224887
Greater Heal 2 hazz, casts: 4, avg: 1869.68, 1.83666%, cast time 0.473335% of in combat, overheal: 0.119205
Greater Heal 3 hazz, casts: 2, avg: 2447.02, 1.2019%, cast time 0.236668% of in combat, overheal: 0
Greater Heal 4, casts: 52, avg: 2639.1, 33.7024%, cast time 10.2556% of in combat, overheal: 0.0665094
Greater Heal 4 hazz, casts: 9, avg: 2713.31, 5.99713%, cast time 1.065% of in combat, overheal: 0.0402606
Heal 2, casts: 94, avg: 1060.92, 24.4914%, cast time 18.539% of in combat, overheal: 0.194633
Heal 4, casts: 35, avg: 1807.88, 15.5396%, cast time 6.90281% of in combat, overheal: 0.0897032
Total time casting: 586.5, which is: 46.2685% of time in combat.
Total hps: 321.23, raw hps: 360.412, oh: 0.108713
Deficit time sum: 4.5343e+10, baseline: 1.17282e+11
Deficit*time change / s: 5.67523e+07 hp
Number of combats: 17
Average mana at start of combat: 9833.65
Average mana at end of combat: 8709.02
Other players with hps > 100:
  Benjanun : 184.935 hps
  Hakzak : 167.623 hps
  Pail : 202.722 hps
  Pastulo : 158.444 hps
  Ryuke : 158.245 hps
  Sporad : 159.533 hps
  Wallfacer : 166.624 hps
  Worstpriest : 152.426 hps
------------------
Upgrades: 
( following sorted by alt scores, no specials )
halo of transcendence(5.32092) -> crystal adorned crown(6.5416) : 1.22067 = +0.381449%
boots of transcendence(3.7569) -> boots of pure thought(4.71387) : 0.95697 = +0.298798%
jin'do's evil eye(3.3851) -> jin'do's evil eye(3.3851) : 0 = +0%
zandalar confessor's mantle(4.65244) -> zandalar confessor's mantle(4.65244) : 0 = +0%
hide of the wild(2.94098) -> hide of the wild(2.94098) : 0 = +0%
robes of the exalted(4.56714) -> robes of the exalted(4.56714) : 0 = +0%
dragon's touch(1.07437) -> dragon's touch(1.07437) : 0 = +0%
handguards of transcendence(3.78827) -> handguards of transcendence(3.78827) : 0 = +0%
belt of transcendence(3.45404) -> belt of transcendence(3.45404) : 0 = +0%
pure elementium band(4.00195) -> pure elementium band(4.00195) : 0 = +0%
primalist's seal(2.70822) -> primalist's seal(2.70822) : 0 = +0%
rejuvenating gem(4.00018) -> rejuvenating gem(4.00018) : 0 = +0%
hazza'rah's charm of healing(16.9562) -> hazza'rah's charm of healing(16.9562) : 0 = +0%
bindings of transcendence(3.35352) -> vambraces of prophecy(2.72415) : -0.629364 = +-0.19554%
empowered leggings(6.44513) -> leggings of transcendence(5.06683) : -1.3783 = +-0.427235%
benediction, , , (9.03952) -> , jin'do's hexxer, , lei of the lifegiver(6.78259) : -2.25693 = +-0.697686%
------------------
~~~~ end of intermediate results ~~~~
Temporary bans and partial set bonuses on.
..
*** NEW BEST (1): 324.803
Based on last: 3000 entries, out of total: 5054 entries, (7696 dropped), The least-squares solution is:
Int: 142.517
Spirit: 57.3862
Sp / Healing: 100
Mp5: 91.6953
Crit: 1009.56
T1 3p/piece: 0
T2 3p/piece: 3541.5
Hazza'rah's: 27998.4
Darkmoon: 5702.04
100 points == 1 sp == 0.0536792 hps.
.Temporary bans and partial set bonuses off.
.finger 2 : primalist's seal -> cauterizing band => val: 319.795 -> 320.468
***** INTERMEDIATE RESULTS *****
Iteration: 10
 ----------------------------
 --- head --- 
name: crystal adorned crown
slot: head
intelligence: 14
spirit: 13
sp_healing: 92
armor: 85
 ----------------------------
 --- neck --- 
name: jin'do's evil eye
slot: neck
intelligence: 11
stamina: 5
spirit: 6
sp_healing: 44
 ----------------------------
 --- shoulders --- 
name: pauldrons of transcendence
slot: shoulders
intelligence: 25
stamina: 12
spirit: 13
sp_healing: 26
fire_res: 10
armor: 87
 ----------------------------
 --- back --- 
name: hide of the wild
slot: back
intelligence: 10
stamina: 8
sp_healing: 42
armor: 48
 ----------------------------
 --- chest --- 
name: robes of transcendence
slot: chest
intelligence: 27
stamina: 17
spirit: 16
sp_healing: 57
nature_res: 10
fire_res: 10
armor: 116
 ----------------------------
 --- wrists --- 
name: zandalar confessor's wraps
slot: wrists
intelligence: 11
stamina: 10
spirit: 12
sp_healing: 24
armor: 41
 ----------------------------
 --- two-hand --- 
name: benediction
slot: two-hand
intelligence: 31
stamina: 10
spirit: 12
sp_healing: 106
spell_crit: 2
shadow_res: 20
 ----------------------------
 ---  --- 
name: 
slot: 
 ----------------------------
 ---  --- 
name: 
slot: 
 ----------------------------
 ---  --- 
name: 
slot: 
 ----------------------------
 --- ranged --- 
name: lunar wand of healing
slot: ranged
sp_healing: 20
 ----------------------------
 --- hands --- 
name: handguards of transcendence
slot: hands
intelligence: 20
stamina: 12
spirit: 13
sp_healing: 29
spell_crit: 1
armor: 72
 ----------------------------
 --- waist --- 
name: belt of transcendence
slot: waist
intelligence: 26
stamina: 14
spirit: 9
sp_healing: 26
shadow_res: 10
armor: 65
 ----------------------------
 --- legs --- 
name: empowered leggings
slot: legs
intelligence: 12
stamina: 12
spirit: 24
sp_healing: 77
spell_crit: 1
armor: 103
 ----------------------------
 --- feet --- 
name: boots of pure thought
slot: feet
intelligence: 12
stamina: 8
spirit: 12
sp_healing: 62
armor: 74
 ----------------------------
 --- finger --- 
name: pure elementium band
slot: finger
intelligence: 10
stamina: 9
spirit: 10
sp_healing: 53
 ----------------------------
 --- finger --- 
name: primalist's seal
slot: finger
intelligence: 12
spirit: 8
sp_healing: 29
 ----------------------------
 --- trinket --- 
name: rejuvenating gem
slot: trinket
sp_healing: 66
mp5: 9
 ----------------------------
 --- trinket --- 
name: hazza'rah's charm of healing
slot: trinket
 ----------------------------
 --- Set bonuses ---
name: confessor's 2 hazza'rah's 1 transcendence 3 
slot: Set bonuses
sp: 23
------------------
Best value: 323.746
------------------
Char stats: 
Effective hp: 8492.6
Effective mana (100 s, 33 % out of fsr): 17658.7
Raw max mana: 11268.3
Int: 465.98
Stam: 394.68
Spirit: 463.68
Strength: 79.58
Agility: 84.18
All stats multiplier (taken into account above): 1.15
Bonus mana: 2000
Bonus hp: 0
Mp5: 159
Sp: 23
Sp shadow: 0
Sp healing: 913
Spell crit: 22
Spell hit: 0
Arcane res: 27
Nature res: 37
Fire res: 47
Frost res: 27
Shadow res: 57
Armor: 2889.75
Defense: 300
Dodge: 0
Parry: 0
HpsPvp: 975.687
ShadowDps: 229.032
Value pvp healing: 2057.04
Value pvp shadow: 113.348
Effective hp-pvp: 10774.7
Effecctive mana for 100 s, 0.33 fsr: 19264
------------------
Best counts:
oh_limit: 0.6
time_left_mul: 2.3
total_deficit_to_pop_trinkets: 14481.6
in combat total: 1267.6
Flash Heal 1, casts: 17, avg: 523.801, 2.17835%, cast time 2.01168% of in combat, overheal: 0.200652
Flash Heal 2, casts: 8, avg: 629.878, 1.2327%, cast time 0.946671% of in combat, overheal: 0.151684
Flash Heal 3, casts: 4, avg: 822.809, 0.80514%, cast time 0.473335% of in combat, overheal: 0
Flash Heal 4, casts: 5, avg: 894.346, 1.09393%, cast time 0.591669% of in combat, overheal: 0.0155063
Flash Heal 5, casts: 2, avg: 1047.24, 0.512374%, cast time 0.236668% of in combat, overheal: 0
Flash Heal 6, casts: 1, avg: 1195.08, 0.292355%, cast time 0.118334% of in combat, overheal: 0
Flash Heal 7, casts: 23, avg: 1367.58, 7.69471%, cast time 2.72168% of in combat, overheal: 0.0129187
Greater Heal 1, casts: 5, avg: 1666.09, 2.03789%, cast time 0.986116% of in combat, overheal: 0.116888
Greater Heal 1 hazz, casts: 8, avg: 1439.65, 2.81747%, cast time 0.946671% of in combat, overheal: 0.23691
Greater Heal 2 hazz, casts: 2, avg: 1887.74, 0.923599%, cast time 0.236668% of in combat, overheal: 0.129462
Greater Heal 3 hazz, casts: 1, avg: 1389, 0.339793%, cast time 0.118334% of in combat, overheal: 0.443113
Greater Heal 4, casts: 53, avg: 2627.36, 34.065%, cast time 10.4528% of in combat, overheal: 0.0864625
Greater Heal 4 hazz, casts: 8, avg: 2729.65, 5.34206%, cast time 0.946671% of in combat, overheal: 0.0508992
Heal 2, casts: 89, avg: 1078.68, 23.4853%, cast time 17.5529% of in combat, overheal: 0.20664
Heal 4, casts: 37, avg: 1897.98, 17.1793%, cast time 7.29726% of in combat, overheal: 0.0656463
Total time casting: 578.5, which is: 45.6374% of time in combat.
Total hps: 322.482, raw hps: 365.282, oh: 0.117169
Deficit time sum: 4.63434e+10, baseline: 1.17282e+11
Deficit*time change / s: 5.59631e+07 hp
Number of combats: 17
Average mana at start of combat: 10145.6
Average mana at end of combat: 9005.57
Other players with hps > 100:
  Benjanun : 184.745 hps
  Hakzak : 167.671 hps
  Pail : 203.733 hps
  Pastulo : 157.215 hps
  Ryuke : 159.129 hps
  Sporad : 160.392 hps
  Wallfacer : 165.866 hps
  Worstpriest : 148.106 hps
------------------
Upgrades: 
( following sorted by alt scores, no specials )
robes of the exalted(4.37155) -> robes of transcendence(5.61813) : 1.24658 = +0.388059%
halo of transcendence(5.31985) -> crystal adorned crown(6.40997) : 1.09012 = +0.339187%
boots of transcendence(3.70297) -> boots of pure thought(4.61578) : 0.912811 = +0.283862%
bindings of transcendence(3.25882) -> zandalar confessor's wraps(3.7341) : 0.475281 = +0.1476%
zandalar confessor's mantle(3.47906) -> pauldrons of transcendence(3.70868) : 0.229614 = +0.0712529%
jin'do's evil eye(3.38824) -> jin'do's evil eye(3.38824) : 0 = +0%
hide of the wild(3.01956) -> hide of the wild(3.01956) : 0 = +0%
benediction, , , (9.51508) -> benediction, , , (9.51508) : 0 = +0%
handguards of transcendence(4.02911) -> handguards of transcendence(4.02911) : 0 = +0%
belt of transcendence(3.66196) -> belt of transcendence(3.66196) : 0 = +0%
empowered leggings(6.33255) -> empowered leggings(6.33255) : 0 = +0%
pure elementium band(3.91806) -> pure elementium band(3.91806) : 0 = +0%
primalist's seal(2.72116) -> primalist's seal(2.72116) : 0 = +0%
rejuvenating gem(3.98581) -> rejuvenating gem(3.98581) : 0 = +0%
hazza'rah's charm of healing(16.2639) -> hazza'rah's charm of healing(16.2639) : 0 = +0%
dragon's touch(1.24011) -> lunar wand of healing(1.07358) : -0.166534 = +-0.0516148%
------------------
~~~~ end of intermediate results ~~~~
Temporary bans and partial set bonuses on.
...Temporary bans and partial set bonuses off.
.finger 2 : primalist's seal -> cauterizing band => val: 319.795 -> 320.468
***** INTERMEDIATE RESULTS *****
Iteration: 14
 ----------------------------
 --- head --- 
name: crystal adorned crown
slot: head
intelligence: 14
spirit: 13
sp_healing: 92
armor: 85
 ----------------------------
 --- neck --- 
name: jin'do's evil eye
slot: neck
intelligence: 11
stamina: 5
spirit: 6
sp_healing: 44
 ----------------------------
 --- shoulders --- 
name: pauldrons of transcendence
slot: shoulders
intelligence: 25
stamina: 12
spirit: 13
sp_healing: 26
fire_res: 10
armor: 87
 ----------------------------
 --- back --- 
name: hide of the wild
slot: back
intelligence: 10
stamina: 8
sp_healing: 42
armor: 48
 ----------------------------
 --- chest --- 
name: robes of transcendence
slot: chest
intelligence: 27
stamina: 17
spirit: 16
sp_healing: 57
nature_res: 10
fire_res: 10
armor: 116
 ----------------------------
 --- wrists --- 
name: zandalar confessor's wraps
slot: wrists
intelligence: 11
stamina: 10
spirit: 12
sp_healing: 24
armor: 41
 ----------------------------
 --- two-hand --- 
name: benediction
slot: two-hand
intelligence: 31
stamina: 10
spirit: 12
sp_healing: 106
spell_crit: 2
shadow_res: 20
 ----------------------------
 ---  --- 
name: 
slot: 
 ----------------------------
 ---  --- 
name: 
slot: 
 ----------------------------
 ---  --- 
name: 
slot: 
 ----------------------------
 --- ranged --- 
name: lunar wand of healing
slot: ranged
sp_healing: 20
 ----------------------------
 --- hands --- 
name: handguards of transcendence
slot: hands
intelligence: 20
stamina: 12
spirit: 13
sp_healing: 29
spell_crit: 1
armor: 72
 ----------------------------
 --- waist --- 
name: belt of transcendence
slot: waist
intelligence: 26
stamina: 14
spirit: 9
sp_healing: 26
shadow_res: 10
armor: 65
 ----------------------------
 --- legs --- 
name: empowered leggings
slot: legs
intelligence: 12
stamina: 12
spirit: 24
sp_healing: 77
spell_crit: 1
armor: 103
 ----------------------------
 --- feet --- 
name: boots of pure thought
slot: feet
intelligence: 12
stamina: 8
spirit: 12
sp_healing: 62
armor: 74
 ----------------------------
 --- finger --- 
name: pure elementium band
slot: finger
intelligence: 10
stamina: 9
spirit: 10
sp_healing: 53
 ----------------------------
 --- finger --- 
name: primalist's seal
slot: finger
intelligence: 12
spirit: 8
sp_healing: 29
 ----------------------------
 --- trinket --- 
name: rejuvenating gem
slot: trinket
sp_healing: 66
mp5: 9
 ----------------------------
 --- trinket --- 
name: hazza'rah's charm of healing
slot: trinket
 ----------------------------
 --- Set bonuses ---
name: confessor's 2 hazza'rah's 1 transcendence 3 
slot: Set bonuses
sp: 23
------------------
Best value: 323.746
------------------
Char stats: 
Effective hp: 8492.6
Effective mana (100 s, 33 % out of fsr): 17658.7
Raw max mana: 11268.3
Int: 465.98
Stam: 394.68
Spirit: 463.68
Strength: 79.58
Agility: 84.18
All stats multiplier (taken into account above): 1.15
Bonus mana: 2000
Bonus hp: 0
Mp5: 159
Sp: 23
Sp shadow: 0
Sp healing: 913
Spell crit: 22
Spell hit: 0
Arcane res: 27
Nature res: 37
Fire res: 47
Frost res: 27
Shadow res: 57
Armor: 2889.75
Defense: 300
Dodge: 0
Parry: 0
HpsPvp: 975.687
ShadowDps: 229.032
Value pvp healing: 2057.04
Value pvp shadow: 113.348
Effective hp-pvp: 10774.7
Effecctive mana for 100 s, 0.33 fsr: 19264
------------------
Best counts:
oh_limit: 0.6
time_left_mul: 2.3
total_deficit_to_pop_trinkets: 14445.4
in combat total: 1267.6
Flash Heal 1, casts: 17, avg: 523.801, 2.17835%, cast time 2.01168% of in combat, overheal: 0.200652
Flash Heal 2, casts: 8, avg: 629.878, 1.2327%, cast time 0.946671% of in combat, overheal: 0.151684
Flash Heal 3, casts: 4, avg: 822.809, 0.80514%, cast time 0.473335% of in combat, overheal: 0
Flash Heal 4, casts: 5, avg: 894.346, 1.09393%, cast time 0.591669% of in combat, overheal: 0.0155063
Flash Heal 5, casts: 2, avg: 1047.24, 0.512374%, cast time 0.236668% of in combat, overheal: 0
Flash Heal 6, casts: 1, avg: 1195.08, 0.292355%, cast time 0.118334% of in combat, overheal: 0
Flash Heal 7, casts: 23, avg: 1367.58, 7.69471%, cast time 2.72168% of in combat, overheal: 0.0129187
Greater Heal 1, casts: 5, avg: 1666.09, 2.03789%, cast time 0.986116% of in combat, overheal: 0.116888
Greater Heal 1 hazz, casts: 8, avg: 1439.65, 2.81747%, cast time 0.946671% of in combat, overheal: 0.23691
Greater Heal 2 hazz, casts: 2, avg: 1887.74, 0.923599%, cast time 0.236668% of in combat, overheal: 0.129462
Greater Heal 3 hazz, casts: 1, avg: 1389, 0.339793%, cast time 0.118334% of in combat, overheal: 0.443113
Greater Heal 4, casts: 53, avg: 2627.36, 34.065%, cast time 10.4528% of in combat, overheal: 0.0864625
Greater Heal 4 hazz, casts: 8, avg: 2729.65, 5.34206%, cast time 0.946671% of in combat, overheal: 0.0508992
Heal 2, casts: 89, avg: 1078.68, 23.4853%, cast time 17.5529% of in combat, overheal: 0.20664
Heal 4, casts: 37, avg: 1897.98, 17.1793%, cast time 7.29726% of in combat, overheal: 0.0656463
Total time casting: 578.5, which is: 45.6374% of time in combat.
Total hps: 322.482, raw hps: 365.282, oh: 0.117169
Deficit time sum: 4.63434e+10, baseline: 1.17282e+11
Deficit*time change / s: 5.59631e+07 hp
Number of combats: 17
Average mana at start of combat: 10145.6
Average mana at end of combat: 9005.57
Other players with hps > 100:
  Benjanun : 184.745 hps
  Hakzak : 167.671 hps
  Pail : 203.733 hps
  Pastulo : 157.215 hps
  Ryuke : 159.129 hps
  Sporad : 160.392 hps
  Wallfacer : 165.866 hps
  Worstpriest : 148.106 hps
------------------
Upgrades: 
( following sorted by alt scores, no specials )
robes of the exalted(4.37155) -> robes of transcendence(5.61813) : 1.24658 = +0.388059%
halo of transcendence(5.31985) -> crystal adorned crown(6.40997) : 1.09012 = +0.339187%
boots of transcendence(3.70297) -> boots of pure thought(4.61578) : 0.912811 = +0.283862%
bindings of transcendence(3.25882) -> zandalar confessor's wraps(3.7341) : 0.475281 = +0.1476%
zandalar confessor's mantle(3.47906) -> pauldrons of transcendence(3.70868) : 0.229614 = +0.0712529%
jin'do's evil eye(3.38824) -> jin'do's evil eye(3.38824) : 0 = +0%
hide of the wild(3.01956) -> hide of the wild(3.01956) : 0 = +0%
benediction, , , (9.51508) -> benediction, , , (9.51508) : 0 = +0%
handguards of transcendence(4.02911) -> handguards of transcendence(4.02911) : 0 = +0%
belt of transcendence(3.66196) -> belt of transcendence(3.66196) : 0 = +0%
empowered leggings(6.33255) -> empowered leggings(6.33255) : 0 = +0%
pure elementium band(3.91806) -> pure elementium band(3.91806) : 0 = +0%
primalist's seal(2.72116) -> primalist's seal(2.72116) : 0 = +0%
rejuvenating gem(3.98581) -> rejuvenating gem(3.98581) : 0 = +0%
hazza'rah's charm of healing(16.2639) -> hazza'rah's charm of healing(16.2639) : 0 = +0%
dragon's touch(1.24011) -> lunar wand of healing(1.07358) : -0.166534 = +-0.0516148%
------------------
~~~~ end of intermediate results ~~~~
Same items for intermediate results again, ending optimization. 
 ----------------------------
 --- head --- 
name: crystal adorned crown
slot: head
intelligence: 14
spirit: 13
sp_healing: 92
armor: 85
 ----------------------------
 --- neck --- 
name: jin'do's evil eye
slot: neck
intelligence: 11
stamina: 5
spirit: 6
sp_healing: 44
 ----------------------------
 --- shoulders --- 
name: pauldrons of transcendence
slot: shoulders
intelligence: 25
stamina: 12
spirit: 13
sp_healing: 26
fire_res: 10
armor: 87
 ----------------------------
 --- back --- 
name: hide of the wild
slot: back
intelligence: 10
stamina: 8
sp_healing: 42
armor: 48
 ----------------------------
 --- chest --- 
name: robes of transcendence
slot: chest
intelligence: 27
stamina: 17
spirit: 16
sp_healing: 57
nature_res: 10
fire_res: 10
armor: 116
 ----------------------------
 --- wrists --- 
name: zandalar confessor's wraps
slot: wrists
intelligence: 11
stamina: 10
spirit: 12
sp_healing: 24
armor: 41
 ----------------------------
 --- two-hand --- 
name: benediction
slot: two-hand
intelligence: 31
stamina: 10
spirit: 12
sp_healing: 106
spell_crit: 2
shadow_res: 20
 ----------------------------
 ---  --- 
name: 
slot: 
 ----------------------------
 ---  --- 
name: 
slot: 
 ----------------------------
 ---  --- 
name: 
slot: 
 ----------------------------
 --- ranged --- 
name: lunar wand of healing
slot: ranged
sp_healing: 20
 ----------------------------
 --- hands --- 
name: handguards of transcendence
slot: hands
intelligence: 20
stamina: 12
spirit: 13
sp_healing: 29
spell_crit: 1
armor: 72
 ----------------------------
 --- waist --- 
name: belt of transcendence
slot: waist
intelligence: 26
stamina: 14
spirit: 9
sp_healing: 26
shadow_res: 10
armor: 65
 ----------------------------
 --- legs --- 
name: empowered leggings
slot: legs
intelligence: 12
stamina: 12
spirit: 24
sp_healing: 77
spell_crit: 1
armor: 103
 ----------------------------
 --- feet --- 
name: boots of pure thought
slot: feet
intelligence: 12
stamina: 8
spirit: 12
sp_healing: 62
armor: 74
 ----------------------------
 --- finger --- 
name: pure elementium band
slot: finger
intelligence: 10
stamina: 9
spirit: 10
sp_healing: 53
 ----------------------------
 --- finger --- 
name: primalist's seal
slot: finger
intelligence: 12
spirit: 8
sp_healing: 29
 ----------------------------
 --- trinket --- 
name: rejuvenating gem
slot: trinket
sp_healing: 66
mp5: 9
 ----------------------------
 --- trinket --- 
name: hazza'rah's charm of healing
slot: trinket
 ----------------------------
 --- Set bonuses ---
name: confessor's 2 hazza'rah's 1 transcendence 3 
slot: Set bonuses
sp: 23
------------------
Char stats: 
Effective hp: 8492.6
Effective mana (100 s, 33 % out of fsr): 17658.7
Raw max mana: 11268.3
Int: 465.98
Stam: 394.68
Spirit: 463.68
Strength: 79.58
Agility: 84.18
All stats multiplier (taken into account above): 1.15
Bonus mana: 2000
Bonus hp: 0
Mp5: 159
Sp: 23
Sp shadow: 0
Sp healing: 913
Spell crit: 22
Spell hit: 0
Arcane res: 27
Nature res: 37
Fire res: 47
Frost res: 27
Shadow res: 57
Armor: 2889.75
Defense: 300
Dodge: 0
Parry: 0
HpsPvp: 974.478
ShadowDps: 226.336
Value pvp healing: 1946.77
Value pvp shadow: 105.022
Effective hp-pvp: 10774.7
Effecctive mana for 100 s, 0.33 fsr: 19264
------------------
Best counts:
oh_limit: 0.6
time_left_mul: 2.3
total_deficit_to_pop_trinkets: 14445.4
in combat total: 1267.6
Flash Heal 1, casts: 17, avg: 523.801, 2.17835%, cast time 2.01168% of in combat, overheal: 0.200652
Flash Heal 2, casts: 8, avg: 629.878, 1.2327%, cast time 0.946671% of in combat, overheal: 0.151684
Flash Heal 3, casts: 4, avg: 822.809, 0.80514%, cast time 0.473335% of in combat, overheal: 0
Flash Heal 4, casts: 5, avg: 894.346, 1.09393%, cast time 0.591669% of in combat, overheal: 0.0155063
Flash Heal 5, casts: 2, avg: 1047.24, 0.512374%, cast time 0.236668% of in combat, overheal: 0
Flash Heal 6, casts: 1, avg: 1195.08, 0.292355%, cast time 0.118334% of in combat, overheal: 0
Flash Heal 7, casts: 23, avg: 1367.58, 7.69471%, cast time 2.72168% of in combat, overheal: 0.0129187
Greater Heal 1, casts: 5, avg: 1666.09, 2.03789%, cast time 0.986116% of in combat, overheal: 0.116888
Greater Heal 1 hazz, casts: 8, avg: 1439.65, 2.81747%, cast time 0.946671% of in combat, overheal: 0.23691
Greater Heal 2 hazz, casts: 2, avg: 1887.74, 0.923599%, cast time 0.236668% of in combat, overheal: 0.129462
Greater Heal 3 hazz, casts: 1, avg: 1389, 0.339793%, cast time 0.118334% of in combat, overheal: 0.443113
Greater Heal 4, casts: 53, avg: 2627.36, 34.065%, cast time 10.4528% of in combat, overheal: 0.0864625
Greater Heal 4 hazz, casts: 8, avg: 2729.65, 5.34206%, cast time 0.946671% of in combat, overheal: 0.0508992
Heal 2, casts: 89, avg: 1078.68, 23.4853%, cast time 17.5529% of in combat, overheal: 0.20664
Heal 4, casts: 37, avg: 1897.98, 17.1793%, cast time 7.29726% of in combat, overheal: 0.0656463
Total time casting: 578.5, which is: 45.6374% of time in combat.
Total hps: 322.482, raw hps: 365.282, oh: 0.117169
Deficit time sum: 4.63434e+10, baseline: 1.17282e+11
Deficit*time change / s: 5.59631e+07 hp
Number of combats: 17
Average mana at start of combat: 10145.6
Average mana at end of combat: 9005.57
Other players with hps > 100:
  Benjanun : 184.745 hps
  Hakzak : 167.671 hps
  Pail : 203.733 hps
  Pastulo : 157.215 hps
  Ryuke : 159.129 hps
  Sporad : 160.392 hps
  Wallfacer : 165.866 hps
  Worstpriest : 148.106 hps
------------------
Based on last: 3000 entries, out of total: 5380 entries, (8519 dropped), The least-squares solution is:
Int: 140.392
Spirit: 53.3917
Sp / Healing: 100
Mp5: 74.0886
Crit: 1026.69
T1 3p/piece: 86.2476
T2 3p/piece: 3125.79
Hazza'rah's: 27323.8
Darkmoon: 5688.4
100 points == 1 sp == 0.054943 hps.
Appended tag:
( Pawn: v1: "rampage_bwl_speed_phase4": Intellect=140.392, Spirit=53.3917, Healing=100, Mp5=74.0886, SpellCritRating=1026.69, IsFist=X, Is2HMace=X, IsCrossbow=X, IsGun=X, IsShield=X, IsPolearm=X, Is2HAxe=X, IsBow=X, IsMail=X, IsPlate=X, IsLeather=X, IsAxe=X, Is2HAxe=X, IsSword=X, Is2HSword=X)
To file: rampage_bwl_speed_phase4.pawn_tag.txt
------------------
Diffs to start: 
Upgrades: 
( following sorted by alt scores, no specials )
robes of the exalted(4.44449) -> robes of transcendence(5.68378) : 1.23929 = +0.385779%
halo of transcendence(5.3653) -> crystal adorned crown(6.51602) : 1.15073 = +0.358112%
boots of transcendence(3.733) -> boots of pure thought(4.68411) : 0.951111 = +0.295807%
bindings of transcendence(3.28525) -> zandalar confessor's wraps(3.78284) : 0.497589 = +0.154538%
zandalar confessor's mantle(3.50003) -> pauldrons of transcendence(3.73825) : 0.23822 = +0.0739255%
jin'do's evil eye(3.44199) -> jin'do's evil eye(3.44199) : 0 = +0%
hide of the wild(3.07895) -> hide of the wild(3.07895) : 0 = +0%
benediction, , , (9.69537) -> benediction, , , (9.69537) : 0 = +0%
handguards of transcendence(4.08151) -> handguards of transcendence(4.08151) : 0 = +0%
belt of transcendence(3.69806) -> belt of transcendence(3.69806) : 0 = +0%
empowered leggings(6.42438) -> empowered leggings(6.42438) : 0 = +0%
pure elementium band(3.97668) -> pure elementium band(3.97668) : 0 = +0%
primalist's seal(2.75366) -> primalist's seal(2.75366) : 0 = +0%
rejuvenating gem(3.99258) -> rejuvenating gem(3.99258) : 0 = +0%
hazza'rah's charm of healing(16.2762) -> hazza'rah's charm of healing(16.2762) : 0 = +0%
dragon's touch(1.25528) -> lunar wand of healing(1.09885) : -0.156433 = +-0.0484856%
- - - - - - - - - - - - - - - - - - - - - - - - - - - - - - - - - - - - - - - - - 
| Upgrades at best in slot level, from start item to candidate, partial bonuses: 1: |
  alt scores are from least squares fit, special score from e.g. set bonuses as s are part of em
. . . . . . . . . . . . . . . . . . . . . . . . . . . . . . . . . . . . . . . . . 
- . - ' - . - ' - . - ' - . - ' - . - ' - . -
head, halo of transcendence (7.1033), alt: 5.3653 -> :
    crystal adorned crown (7.92978) : +0.25584 %, alt : +6.51601, from: azuregos
    halo of transcendence (7.1033) : +0 %, alt : +5.36529, from: onyxia
- . - ' - . - ' - . - ' - . - ' - . - ' - . -
neck, jin'do's evil eye (3.09235), alt: 3.44199 -> :
- . - ' - . - ' - . - ' - . - ' - . - ' - . -
shoulders, zandalar confessor's mantle (3.00793), alt: 3.50003 -> :
    pauldrons of transcendence (2.94638) : -0.0190021 %, alt : +3.73826, from: bwl
    zandalar confessor's mantle (3.00793) : +0 %, alt : +3.50002, from: zg
    mantle of the blackwing cabal (3.41727) : +0.126363 %, alt : +3.10223, from: bwl
- . - ' - . - ' - . - ' - . - ' - . - ' - . -
back, hide of the wild (2.99957), alt: 3.07895 -> :
    hakkari loa cloak (3.11502) : +0.0356463 %, alt : +2.51061, from: zg
- . - ' - . - ' - . - ' - . - ' - . - ' - . -
chest, robes of the exalted (6.905), alt: 4.44449 -> :
    robes of transcendence (6.98898) : +0.0259381 %, alt : +5.68377, from: bwl
- . - ' - . - ' - . - ' - . - ' - . - ' - . -
wrists, bindings of transcendence (-0.77948), alt: 3.28525 -> :
    zandalar confessor's wraps (4.6832) : +1.71562 %, alt : +3.78283, from: zg
    bindings of transcendence (-0.77948) : +0 %, alt : +3.28524, from: bwl
- . - ' - . - ' - . - ' - . - ' - . - ' - . -
two-hand, benediction (10.8589), alt: 9.69537 -> :
- . - ' - . - ' - . - ' - . - ' - . - ' - . -
ranged, dragon's touch (-2.00925), alt: 1.25528 -> :
    lunar wand of healing (3.82922) : +1.83581 %, alt : +1.09886, from: random green
    mar'li's touch (-1.81131) : +0.0622379 %, alt : +1.0245, from: zg
- . - ' - . - ' - . - ' - . - ' - . - ' - . -
hands, handguards of transcendence (3.96396), alt: 4.08151 -> :
    handguards of transcendence (3.96396) : +0 %, alt : +4.08151, from: bwl
    hands of the exalted herald (4.26395) : +0.0926256 %, alt : +3.1679, from: pre-raid
- . - ' - . - ' - . - ' - . - ' - . - ' - . -
waist, belt of transcendence (2.53772), alt: 3.69806 -> :
    belt of transcendence (2.53772) : +0 %, alt : +3.69806, from: bwl
    zandalar confessor's bindings (2.49689) : -0.0126076 %, alt : +3.32325, from: zg
- . - ' - . - ' - . - ' - . - ' - . - ' - . -
legs, empowered leggings (6.63773), alt: 6.42438 -> :
    leggings of transcendence (4.19586) : -0.753961 %, alt : +5.0482, from: mc
- . - ' - . - ' - . - ' - . - ' - . - ' - . -
feet, boots of transcendence (4.88379), alt: 3.733 -> :
    boots of pure thought (5.61887) : +0.227482 %, alt : +4.68411, from: bwl
    boots of transcendence (4.88379) : +0 %, alt : +3.733, from: bwl
- . - ' - . - ' - . - ' - . - ' - . - ' - . -
finger, pure elementium band (5.31281), alt: 3.97668 -> :
    primalist's seal (1.1412) : -1.28804 %, alt : +3.66021, from: zg
    cauterizing band (5.62234) : +0.095575 %, alt : +3.453, from: mc
- . - ' - . - ' - . - ' - . - ' - . - ' - . -
finger 2, primalist's seal (4.43399), alt: 3.66022 -> :
    pure elementium band (4.88763) : +0.140069 %, alt : +3.97668, from: bwl
    primalist's seal (4.43399) : +0 %, alt : +3.66021, from: zg
    cauterizing band (4.46735) : +0.0102991 %, alt : +3.453, from: mc
    fordring's seal (4.54251) : +0.0335073 %, alt : +2.41857, from: pre-raid
    primalist's band (2.3205) : -0.652573 %, alt : +1.92215, from: zg
- . - ' - . - ' - . - ' - . - ' - . - ' - . -
trinket, rejuvenating gem (7.20612), alt: 3.99258 -> :
    hazza'rah's charm of healing (0) : -2.22499 %, alt : +16.2762, from: zg
    darkmoon card: blue dragon (4.66785) : -0.783728 %, alt : +3.12538, from: 
- . - ' - . - ' - . - ' - . - ' - . - ' - . -
trinket 2, hazza'rah's charm of healing (11.2566), alt: 16.2762 -> :
    hazza'rah's charm of healing (11.2566) : +0 %, alt : +16.2762, from: zg
    darkmoon card: blue dragon (-2.8472) : -4.35476 %, alt : +3.12538, from: 
- - - - - - - - - - - - - - - - - - - - - - - - - - - - - - - - - - - - - - - - - 
| Upgrades at best in slot level, from start item to candidate, partial bonuses: 0: |
  alt scores are from least squares fit, special score from e.g. set bonuses as s are part of em
. . . . . . . . . . . . . . . . . . . . . . . . . . . . . . . . . . . . . . . . . 
- . - ' - . - ' - . - ' - . - ' - . - ' - . -
head, halo of transcendence (6.65082), alt: 5.3653 -> :
    crystal adorned crown (8.6825) : +0.634007 %, alt : +6.51601, from: azuregos
    halo of transcendence (6.65082) : +0 %, alt : +5.36529, from: onyxia
- . - ' - . - ' - . - ' - . - ' - . - ' - . -
neck, jin'do's evil eye (4.87057), alt: 3.44199 -> :
    wavefront necklace (4.96082) : +0.0279831 %, alt : +2.1071, from: silithus
- . - ' - . - ' - . - ' - . - ' - . - ' - . -
shoulders, zandalar confessor's mantle (2.90195), alt: 3.50003 -> :
    pauldrons of transcendence (3.45352) : +0.171334 %, alt : +3.73826, from: bwl
    zandalar confessor's mantle (2.90195) : +0 %, alt : +3.50002, from: zg
    mantle of the blackwing cabal (3.64371) : +0.23041 %, alt : +3.10223, from: bwl
- . - ' - . - ' - . - ' - . - ' - . - ' - . -
back, hide of the wild (3.97861), alt: 3.07895 -> :
- . - ' - . - ' - . - ' - . - ' - . - ' - . -
chest, robes of the exalted (5.52603), alt: 4.44449 -> :
    robes of transcendence (5.88776) : +0.112295 %, alt : +5.68377, from: bwl
- . - ' - . - ' - . - ' - . - ' - . - ' - . -
wrists, bindings of transcendence (2.65219), alt: 3.28525 -> :
    zandalar confessor's wraps (3.34378) : +0.214919 %, alt : +3.78283, from: zg
    bindings of transcendence (2.65219) : +0 %, alt : +3.28524, from: bwl
    vambraces of prophecy (2.97412) : +0.100043 %, alt : +2.77329, from: mc
- . - ' - . - ' - . - ' - . - ' - . - ' - . -
two-hand, benediction (14.2821), alt: 9.69537 -> :
    lok'amir il romathis and lei of the lifegiver (15.4372) : +0.358188 %, alt : +9.27243, from: bwl, av rep
- . - ' - . - ' - . - ' - . - ' - . - ' - . -
ranged, dragon's touch (-0.131042), alt: 1.25528 -> :
    lunar wand of healing (0.459625) : +0.183499 %, alt : +1.09886, from: random green
    mar'li's touch (0.529633) : +0.205248 %, alt : +1.0245, from: zg
- . - ' - . - ' - . - ' - . - ' - . - ' - . -
hands, handguards of transcendence (5.12213), alt: 4.08151 -> :
    handguards of transcendence (5.12213) : +0 %, alt : +4.08151, from: bwl
- . - ' - . - ' - . - ' - . - ' - . - ' - . -
waist, belt of transcendence (2.97052), alt: 3.69806 -> :
    belt of transcendence (2.97052) : +0 %, alt : +3.69806, from: bwl
    zandalar confessor's bindings (2.34747) : -0.193204 %, alt : +3.32325, from: zg
- . - ' - . - ' - . - ' - . - ' - . - ' - . -
legs, empowered leggings (8.51123), alt: 6.42438 -> :
    leggings of transcendence (7.54181) : -0.300613 %, alt : +5.0482, from: mc
- . - ' - . - ' - . - ' - . - ' - . - ' - . -
feet, boots of transcendence (5.70264), alt: 3.733 -> :
    boots of pure thought (6.42175) : +0.223493 %, alt : +4.68411, from: bwl
    boots of transcendence (5.70264) : +0 %, alt : +3.733, from: bwl
- . - ' - . - ' - . - ' - . - ' - . - ' - . -
finger, pure elementium band (4.17126), alt: 3.97668 -> :
- . - ' - . - ' - . - ' - . - ' - . - ' - . -
finger 2, primalist's seal (3.75433), alt: 2.75366 -> :
    pure elementium band (5.19821) : +0.447739 %, alt : +3.97668, from: bwl
    cauterizing band (5.15973) : +0.435806 %, alt : +3.453, from: mc
    ring of spellpower (4.07706) : +0.100075 %, alt : +1.81312, from: mc
- . - ' - . - ' - . - ' - . - ' - . - ' - . -
trinket, rejuvenating gem (8.3006), alt: 3.99258 -> :
    hazza'rah's charm of healing (0) : -2.57397 %, alt : +16.2762, from: zg
    darkmoon card: blue dragon (4.66464) : -1.12749 %, alt : +3.12538, from: 
- . - ' - . - ' - . - ' - . - ' - . - ' - . -
trinket 2, hazza'rah's charm of healing (11.4326), alt: 16.2762 -> :
    hazza'rah's charm of healing (11.4326) : +0 %, alt : +16.2762, from: zg
    darkmoon card: blue dragon (2.87939) : -2.65232 %, alt : +3.12538, from: 
- - - - - - - - - - - - - - - - - - - - - - - - - - - - - - - - - - - - - - - - - 
| Upgrades at start level, from start item to candidate, partial bonuses: 1: |
  alt scores are from least squares fit, special score from e.g. set bonuses as s are part of em
. . . . . . . . . . . . . . . . . . . . . . . . . . . . . . . . . . . . . . . . . 
- . - ' - . - ' - . - ' - . - ' - . - ' - . -
head, halo of transcendence (6.87936), alt: 5.3653 -> :
    crystal adorned crown (9.20364) : +0.724492 %, alt : +6.51601, from: azuregos
    halo of transcendence (6.87936) : +0 %, alt : +5.36529, from: onyxia
- . - ' - . - ' - . - ' - . - ' - . - ' - . -
neck, jin'do's evil eye (4.42233), alt: 3.44199 -> :
    wavefront necklace (4.77933) : +0.111277 %, alt : +2.1071, from: silithus
- . - ' - . - ' - . - ' - . - ' - . - ' - . -
shoulders, zandalar confessor's mantle (5.74649), alt: 4.7637 -> :
    zandalar confessor's mantle (5.74649) : +0 %, alt : +4.76371, from: zg
    pauldrons of transcendence (5.43387) : -0.0974462 %, alt : +3.73826, from: bwl
- . - ' - . - ' - . - ' - . - ' - . - ' - . -
back, hide of the wild (3.92944), alt: 3.07895 -> :
    drape of benediction (4.53183) : +0.187767 %, alt : +2.94067, from: azuregos
    shroud of pure thought (5.97287) : +0.636948 %, alt : +2.90585, from: bwl
    hakkari loa cloak (4.39902) : +0.146369 %, alt : +2.51061, from: zg
- . - ' - . - ' - . - ' - . - ' - . - ' - . -
chest, robes of the exalted (6.58636), alt: 4.44449 -> :
    robes of transcendence (8.36075) : +0.553086 %, alt : +5.68377, from: bwl
- . - ' - . - ' - . - ' - . - ' - . - ' - . -
wrists, bindings of transcendence (4.13635), alt: 3.28525 -> :
    bindings of transcendence (4.13635) : +0 %, alt : +3.28524, from: bwl
    vambraces of prophecy (4.96301) : +0.257675 %, alt : +3.04632 (s: 0.047387), from: mc
    zandalar confessor's wraps (4.20383) : +0.0210322 %, alt : +2.51914, from: zg
- . - ' - . - ' - . - ' - . - ' - . - ' - . -
two-hand, benediction (7.99747), alt: 9.69537 -> :
    lok'amir il romathis and lei of the lifegiver (9.84811) : +0.576858 %, alt : +9.27243, from: bwl, av rep
- . - ' - . - ' - . - ' - . - ' - . - ' - . -
ranged, dragon's touch (-0.81842), alt: 1.25528 -> :
    lunar wand of healing (1.38712) : +0.687479 %, alt : +1.09886, from: random green
    mar'li's touch (-0.223328) : +0.185494 %, alt : +1.0245, from: zg
- . - ' - . - ' - . - ' - . - ' - . - ' - . -
hands, handguards of transcendence (4.33185), alt: 4.08151 -> :
    handguards of transcendence (4.33185) : +0 %, alt : +4.08151, from: bwl
- . - ' - . - ' - . - ' - . - ' - . - ' - . -
waist, belt of transcendence (4.23901), alt: 3.69806 -> :
    belt of transcendence (4.23901) : +0 %, alt : +3.69806, from: bwl
    zandalar confessor's bindings (4.08301) : -0.048628 %, alt : +3.32325, from: zg
- . - ' - . - ' - . - ' - . - ' - . - ' - . -
legs, empowered leggings (10.8719), alt: 6.42438 -> :
    leggings of transcendence (10.0097) : -0.268766 %, alt : +5.0482, from: mc
- . - ' - . - ' - . - ' - . - ' - . - ' - . -
feet, boots of transcendence (4.26645), alt: 3.733 -> :
    boots of pure thought (5.23282) : +0.301223 %, alt : +4.68411, from: bwl
    boots of transcendence (4.26645) : +0 %, alt : +3.733, from: bwl
- . - ' - . - ' - . - ' - . - ' - . - ' - . -
finger, pure elementium band (5.30484), alt: 3.97668 -> :
    primalist's seal (3.09) : -0.69038 %, alt : +3.66021, from: zg
    cauterizing band (5.70291) : +0.124081 %, alt : +3.453, from: mc
- . - ' - . - ' - . - ' - . - ' - . - ' - . -
finger 2, primalist's seal (4.51422), alt: 3.66022 -> :
    pure elementium band (5.03125) : +0.161161 %, alt : +3.97668, from: bwl
    primalist's seal (4.51422) : +0 %, alt : +3.66021, from: zg
    primalist's band (3.05719) : -0.454165 %, alt : +1.92215, from: zg
- . - ' - . - ' - . - ' - . - ' - . - ' - . -
trinket, rejuvenating gem (8.24692), alt: 3.99258 -> :
    hazza'rah's charm of healing (0) : -2.57061 %, alt : +16.2762, from: zg
    darkmoon card: blue dragon (4.49649) : -1.16903 %, alt : +3.12538, from: 
- . - ' - . - ' - . - ' - . - ' - . - ' - . -
trinket 2, hazza'rah's charm of healing (10.6085), alt: 16.2762 -> :
    hazza'rah's charm of healing (10.6085) : +0 %, alt : +16.2762, from: zg
    darkmoon card: blue dragon (2.12836) : -2.6433 %, alt : +3.12538, from: 
- - - - - - - - - - - - - - - - - - - - - - - - - - - - - - - - - - - - - - - - - 
| Upgrades at start level, from start item to candidate, partial bonuses: 0: |
  alt scores are from least squares fit, special score from e.g. set bonuses as s are part of em
. . . . . . . . . . . . . . . . . . . . . . . . . . . . . . . . . . . . . . . . . 
- . - ' - . - ' - . - ' - . - ' - . - ' - . -
head, halo of transcendence (8.72192), alt: 5.3653 -> :
    crystal adorned crown (11.2284) : +0.786452 %, alt : +6.51601, from: azuregos
    halo of transcendence (8.72192) : +0 %, alt : +5.36529, from: onyxia
- . - ' - . - ' - . - ' - . - ' - . - ' - . -
neck, jin'do's evil eye (7.15799), alt: 3.44199 -> :
- . - ' - . - ' - . - ' - . - ' - . - ' - . -
shoulders, zandalar confessor's mantle (8.82639), alt: 4.7637 -> :
    zandalar confessor's mantle (8.82639) : +0 %, alt : +4.76371, from: zg
    pauldrons of transcendence (7.67438) : -0.36146 %, alt : +3.73826, from: bwl
- . - ' - . - ' - . - ' - . - ' - . - ' - . -
back, hide of the wild (5.9649), alt: 3.07895 -> :
    shroud of pure thought (6.95364) : +0.310232 %, alt : +2.90585, from: bwl
- . - ' - . - ' - . - ' - . - ' - . - ' - . -
chest, robes of the exalted (7.61105), alt: 4.44449 -> :
    robes of transcendence (8.23657) : +0.196266 %, alt : +5.68377, from: bwl
- . - ' - . - ' - . - ' - . - ' - . - ' - . -
wrists, bindings of transcendence (4.76562), alt: 3.28525 -> :
    bindings of transcendence (4.76562) : +0 %, alt : +3.28524, from: bwl
    zandalar confessor's wraps (4.00635) : -0.238235 %, alt : +2.51914, from: zg
- . - ' - . - ' - . - ' - . - ' - . - ' - . -
two-hand, benediction (9.50824), alt: 9.69537 -> :
    lok'amir il romathis and lei of the lifegiver (11.2237) : +0.538249 %, alt : +9.27243, from: bwl, av rep
- . - ' - . - ' - . - ' - . - ' - . - ' - . -
ranged, dragon's touch (0.996613), alt: 1.25528 -> :
    lunar wand of healing (2.79065) : +0.562906 %, alt : +1.09886, from: random green
- . - ' - . - ' - . - ' - . - ' - . - ' - . -
hands, handguards of transcendence (4.95416), alt: 4.08151 -> :
    handguards of transcendence (4.95416) : +0 %, alt : +4.08151, from: bwl
- . - ' - . - ' - . - ' - . - ' - . - ' - . -
waist, belt of transcendence (4.41415), alt: 3.69806 -> :
    belt of transcendence (4.41415) : +0 %, alt : +3.69806, from: bwl
    zandalar confessor's bindings (4.18283) : -0.0725811 %, alt : +3.32325, from: zg
- . - ' - . - ' - . - ' - . - ' - . - ' - . -
legs, empowered leggings (8.0639), alt: 6.42438 -> :
    leggings of transcendence (6.88339) : -0.370403 %, alt : +5.0482, from: mc
- . - ' - . - ' - . - ' - . - ' - . - ' - . -
feet, boots of transcendence (5.19397), alt: 3.733 -> :
    boots of pure thought (6.22546) : +0.323647 %, alt : +4.68411, from: bwl
    boots of transcendence (5.19397) : +0 %, alt : +3.733, from: bwl
- . - ' - . - ' - . - ' - . - ' - . - ' - . -
finger, pure elementium band (7.36063), alt: 3.97668 -> :
- . - ' - . - ' - . - ' - . - ' - . - ' - . -
finger 2, primalist's seal (3.38541), alt: 2.75366 -> :
    pure elementium band (6.04092) : +0.833208 %, alt : +3.97668, from: bwl
    cauterizing band (5.314) : +0.605124 %, alt : +3.453, from: mc
    rosewine circle (3.52695) : +0.0444105 %, alt : +1.79688, from: pre-raid
    ring of blackrock (3.46268) : +0.0242448 %, alt : +1.41028, from: bwl
- . - ' - . - ' - . - ' - . - ' - . - ' - . -
trinket, rejuvenating gem (9.12289), alt: 3.99258 -> :
    hazza'rah's charm of healing (0) : -2.86244 %, alt : +16.2762, from: zg
    darkmoon card: blue dragon (2.29977) : -2.14086 %, alt : +3.12538, from: 
- . - ' - . - ' - . - ' - . - ' - . - ' - . -
trinket 2, hazza'rah's charm of healing (8.85452), alt: 16.2762 -> :
    hazza'rah's charm of healing (8.85452) : +0 %, alt : +16.2762, from: zg
    darkmoon card: blue dragon (2.94583) : -1.85394 %, alt : +3.12538, from: 
------------------
Best value: 323.746
