Your call: ./css 4 ../items/phase5.csv ../items/not_for_priests.txt no-locks rampage_bwl_speed_phase5 -a ../confs/wcl_bwl_speed_log.csv -l rampage_speed.txt 
Found: -a, val: ../confs/wcl_bwl_speed_log.csv
./css 4 ../items/phase5.csv ../items/not_for_priests.txt no-locks rampage_bwl_speed_phase5 -l rampage_speed.txt 
Found key: buff_fraction, saw val: 1
Found key: healing_from_crit_fraction, saw val: 0.2
Found key: transc8_exists, saw val: 0
Found key: enchantments, saw val: 1
Found key: fort, saw val: 1
Found key: motw, saw val: 1
Found key: spirit, saw val: 1
Found key: ai, saw val: 1
Found key: flask, saw val: 1
Found key: holy_disc, saw val: 0
Found key: min_combat_length, saw val: 2
Found key: max_log_entry_diff_in_combat, saw val: 10
Found key: precast, saw val: 1
Found key: swap_cast, saw val: 1
Found key: time_step, saw val: 0.1
Found key: reaction_time, saw val: 0.1
Found key: skip_player, saw val: Paisti
Found key: use_deficit_time_sum, saw val: 0
Found key: wcl_log, saw val: 1
Found: -l, val: rampage_speed.txt
./css 4 ../items/phase5.csv ../items/not_for_priests.txt no-locks rampage_bwl_speed_phase5 
Will read log from: rampage_speed.txt
./css 4 ../items/phase5.csv ../items/not_for_priests.txt no-locks rampage_bwl_speed_phase5 
./css 4 ../items/phase5.csv ../items/not_for_priests.txt no-locks rampage_bwl_speed_phase5 
Shuffle seed: 2416673600
Reading banned from: ../items/not_for_priests.txt
Banning: neltharion's tear
Banning: lok'amir il romathis
Banning: choker of the fire lord
Reading WCL parsed log: rampage_speed.txt
Saw 17470 lines of log, with 17470 log lines
Sorting by timestamp...
Sorted.
Pruning log from: 17470 entries.
Combat from 0 to 11.058 s
Combat from 50.805 to 62.134 s
Combat from 66.625 to 151.557 s
Combat from 158.842 to 231.963 s
Combat from 236.158 to 310.07 s
Combat from 317.995 to 337.071 s
Combat from 357.697 to 365.39 s
Combat from 394.225 to 417.71 s
Combat from 444.449 to 736.498 s
Combat from 748.725 to 787.364 s
Combat from 801.433 to 837.45 s
Combat from 838.688 to 1181.68 s
Combat from 1218.53 to 1347.73 s
Combat from 1357.85 to 1424.38 s
Combat from 1582.11 to 1602.81 s
Combat from 1622.27 to 1649.87 s
Combat from 1664.8 to 1671.67 s
Pruned to: 17332 entries.
----------------------------------------------------------
---- Baseline results without simulated player input: ----
----------------------------------------------------------
oh_limit: 0.9
time_left_mul: 0.5
total_deficit_to_pop_trinkets: 10000
in combat total: 1267.6
Total time casting: 0, which is: 0% of time in combat.
Total hps: 0, raw hps: 0, oh: -nan
Deficit time sum: 2.75421e+07, baseline: 0
Deficit*time change / s: -21727.7 hp
Number of combats: 17
Average mana at start of combat: 0
Average mana at end of combat: 0
Other players with hps > 100:
  Benjanun : 196.189 hps
  Fallacy : 231.989 hps
  Hakzak : 172.095 hps
  Pail : 203.096 hps
  Pastulo : 168.102 hps
  Ryuke : 159.897 hps
  Sporad : 166.798 hps
  Wallfacer : 177.625 hps
  Worstpriest : 156.616 hps
Reading tmp locked from: start_with.txt
Locking: anastari heirloom
Locking: anathema
Locking: animated chain necklace
Locking: argent crusader
Locking: atal'ai gloves of the owl
Locking: ban'thok sash
Locking: banshee finger
Locking: benediction
Locking: blood of the martyr
Locking: briarwood reed
Locking: burial shawl
Locking: clutch of andros
Locking: crimson felt hat
Locking: cyclopean band
Locking: devout belt
Locking: devout bracers
Locking: devout crown
Locking: devout mantle
Locking: devout robe
Locking: devout sandals
Locking: devout skirt
Locking: dragon finger of healing
Locking: dragon finger of intellect
Locking: dragonrider boots
Locking: dragonslayer's signet
Locking: drakefire amulet
Locking: dreadmist mantle
Locking: dreamweave circlet
Locking: dreamweave gloves
Locking: dreamweave vest
Locking: elder magus pendant
Locking: eye of the beast
Locking: fordring's seal
Locking: girdle of prophecy
Locking: gloves of prophecy
Locking: grimgore noose
Locking: halo of transcendence
Locking: heart of the fiend
Locking: hide of the wild
Locking: kentic amice
Locking: magister's robes
Locking: maleki's footwraps
Locking: mindtap talisman
Locking: nature's breath
Locking: necropile boots
Locking: necropile cuffs
Locking: necropile leggings
Locking: necropile mantle
Locking: necropile robe
Locking: noxious shooter
Locking: omnicast boots
Locking: orb of the forgotten seer
Locking: padre's trousers
Locking: penelope's rose
Locking: quel'dorai channeling rod
Locking: raincaster drape
Locking: rainstrider leggings
Locking: ring of demonic guile
Locking: ring of demonic guile
Locking: robes of prophecy
Locking: robes of the exalted
Locking: robes of the royal crown
Locking: rod of corrosion
Locking: rosewine circle
Locking: royal seal of eldre'thalas
Locking: royal tribunal cloak
Locking: sarah's guide
Locking: seal of rivendare
Locking: seal of rivendare
Locking: shadowy laced handwraps
Locking: silkweb gloves
Locking: soulstealer mantle
Locking: spellbound tome
Locking: spritecaster cape
Locking: star of mystaria
Locking: starfire tiara
Locking: stormrager
Locking: sublime wristguards
Locking: the hammer of grace
Locking: the postmaster's treads
Locking: thuzadin sash
Locking: triune amulet
Locking: vinerot sandals
Locking: whipvine cord
Locking: wolfshear leggings
Locking: boots of the full moon
Locking: mantle of prophecy
Locking: dragon's touch
Locking: bindings of transcendence
Locking: shimmering geta
Locking: empowered leggings
Locking: seal of the archmagus
Locking: circlet of prophecy
Locking: boots of prophecy
Locking: pauldrons of transcendence
Locking: primalist's seal
Locking: zandalar confessor's bindings
Locking: zulian headdress
Locking: mar'li's eye
Locking: shroud of pure thought
Locking: belt of transcendence
Locking: jin'do's evil eye
Locking: primalist's band
Locking: zandalarian hero charm
Locking: zandalar confessor's mantle
Locking: zandalar confessor's wraps 
Locking: pure elementium band
Locking: truefaith vestments
Locking: vambraces of prophecy
Locking: hazza'rah's charm of healing
Locking: handguards of transcendence
Locking: boots of transcendence
Locking: darkmoon card: blue dragon
Locking: rejuvenating gem
Optimizing start items...

*** NEW BEST (1): 172.603

*** NEW BEST (1): 180.278

*** NEW BEST (1): 189.896

*** NEW BEST (1): 198.328

*** NEW BEST (1): 205.188

*** NEW BEST (1): 210.58

*** NEW BEST (1): 216.185

*** NEW BEST (1): 220.528

*** NEW BEST (1): 222.8

*** NEW BEST (1): 226.368

*** NEW BEST (1): 226.679

*** NEW BEST (1): 227.95

*** NEW BEST (1): 229.983

*** NEW BEST (1): 230.309

*** NEW BEST (1): 237.078
*
*** NEW BEST (1): 238.272

*** NEW BEST (1): 239.019
*
*** NEW BEST (1): 240.645

*** NEW BEST (1): 242.192

*** NEW BEST (1): 242.869

*** NEW BEST (1): 243.157
****
*** NEW BEST (1): 246.433

*** NEW BEST (1): 246.843

*** NEW BEST (1): 247.081
***
*** NEW BEST (1): 249.921

*** NEW BEST (1): 249.945

*** NEW BEST (1): 251.642
**two-hand : benediction    ->   the hammer of grace orb of the forgotten seer => val: 241.622 -> 242.171

*** NEW BEST (0): 242.171
Based on last: 2841 entries, out of total: 2841 entries, The least-squares solution is:
Int: 137.557
Spirit: 54.2306
Sp / Healing: 100
Mp5: 106.988
Crit: 384.017
T1 3p/piece: 2942.42
T2 3p/piece: 251.142
Hazza'rah's: 25801.9
Darkmoon: 4502.12
100 points == 1 sp == 0.0457502 hps.
*finger : fordring's seal -> primalist's seal => val: 236.478 -> 236.634
two-hand :   the hammer of grace orb of the forgotten seer -> benediction    => val: 236.634 -> 242.55

*** NEW BEST (0): 242.55
Based on last: 3000 entries, out of total: 3075 entries, The least-squares solution is:
Int: 122.857
Spirit: 56.9274
Sp / Healing: 100
Mp5: 126.125
Crit: 406.359
T1 3p/piece: 3252.82
T2 3p/piece: 0
Hazza'rah's: 26957.2
Darkmoon: 6059.55
100 points == 1 sp == 0.0461753 hps.
chest : robes of the exalted -> truefaith vestments => val: 242.55 -> 243.859

*** NEW BEST (0): 243.859
Based on last: 3000 entries, out of total: 3160 entries, The least-squares solution is:
Int: 124.372
Spirit: 58.9568
Sp / Healing: 100
Mp5: 114.163
Crit: 402.701
T1 3p/piece: 3025.85
T2 3p/piece: 0
Hazza'rah's: 26355
Darkmoon: 5998.13
100 points == 1 sp == 0.0461394 hps.
back : raincaster drape -> hide of the wild => val: 243.859 -> 246.155

*** NEW BEST (0): 246.155
Based on last: 3000 entries, out of total: 3179 entries, The least-squares solution is:
Int: 125.429
Spirit: 57.651
Sp / Healing: 100
Mp5: 113.395
Crit: 393.851
T1 3p/piece: 3063.71
T2 3p/piece: 0
Hazza'rah's: 26334.3
Darkmoon: 5993.93
100 points == 1 sp == 0.0461718 hps.
********
Read starting items and cleared locks.
 ----------------------------
 --- head --- 
name: halo of transcendence
slot: head
intelligence: 27
stamina: 17
spirit: 22
sp_healing: 48
fire_res: 10
frost_res: 10
armor: 94
 ----------------------------
 --- neck --- 
name: jin'do's evil eye
slot: neck
intelligence: 11
stamina: 5
spirit: 6
sp_healing: 44
 ----------------------------
 --- shoulders --- 
name: mantle of prophecy
slot: shoulders
intelligence: 23
stamina: 13
spirit: 10
sp: 9
shadow_res: 7
armor: 76
 ----------------------------
 --- back --- 
name: hide of the wild
slot: back
intelligence: 10
stamina: 8
sp_healing: 42
armor: 48
 ----------------------------
 --- chest --- 
name: truefaith vestments
slot: chest
stamina: 14
sp_healing: 73
mp5: 6
armor: 96
 ----------------------------
 --- wrists --- 
name: vambraces of prophecy
slot: wrists
intelligence: 14
stamina: 8
spirit: 10
sp_healing: 24
mp5: 2
armor: 44
 ----------------------------
 --- two-hand --- 
name: benediction
slot: two-hand
intelligence: 31
stamina: 10
spirit: 12
sp_healing: 106
spell_crit: 2
shadow_res: 20
 ----------------------------
 ---  --- 
name: 
slot: 
 ----------------------------
 ---  --- 
name: 
slot: 
 ----------------------------
 ---  --- 
name: 
slot: 
 ----------------------------
 --- ranged --- 
name: dragon's touch
slot: ranged
intelligence: 12
stamina: 7
sp: 6
 ----------------------------
 --- hands --- 
name: handguards of transcendence
slot: hands
intelligence: 20
stamina: 12
spirit: 13
sp_healing: 29
spell_crit: 1
armor: 72
 ----------------------------
 --- waist --- 
name: zandalar confessor's bindings
slot: waist
intelligence: 20
stamina: 12
spirit: 12
sp_healing: 26
armor: 53
 ----------------------------
 --- legs --- 
name: empowered leggings
slot: legs
intelligence: 12
stamina: 12
spirit: 24
sp_healing: 77
spell_crit: 1
armor: 103
 ----------------------------
 --- feet --- 
name: boots of prophecy
slot: feet
intelligence: 18
stamina: 17
spirit: 15
sp_healing: 18
shadow_res: 7
armor: 70
 ----------------------------
 --- finger --- 
name: primalist's seal
slot: finger
intelligence: 12
spirit: 8
sp_healing: 29
 ----------------------------
 --- finger --- 
name: pure elementium band
slot: finger
intelligence: 10
stamina: 9
spirit: 10
sp_healing: 53
 ----------------------------
 --- trinket --- 
name: rejuvenating gem
slot: trinket
sp_healing: 66
mp5: 9
 ----------------------------
 --- trinket --- 
name: hazza'rah's charm of healing
slot: trinket
 ----------------------------
 --- Set bonuses ---
name: confessor's 2 hazza'rah's 1 prophecy 3 
slot: Set bonuses
sp: 23
 --- And counts for start items ---
oh_limit: 0.9
time_left_mul: 0.5
total_deficit_to_pop_trinkets: 10000
in combat total: 1267.6
Flash Heal 1, casts: 58, avg: 442.036, 8.21665%, cast time 6.40581% of in combat, overheal: 0.273351
Flash Heal 2, casts: 7, avg: 625.945, 1.40424%, cast time 0.773115% of in combat, overheal: 0.100056
Flash Heal 3, casts: 15, avg: 775.84, 3.72968%, cast time 1.65667% of in combat, overheal: 0
Flash Heal 4, casts: 12, avg: 789.672, 3.03694%, cast time 1.32534% of in combat, overheal: 0.0833334
Flash Heal 5, casts: 13, avg: 783.027, 3.26234%, cast time 1.43578% of in combat, overheal: 0.217178
Flash Heal 6, casts: 15, avg: 924.395, 4.44383%, cast time 1.65667% of in combat, overheal: 0.19485
Flash Heal 7, casts: 93, avg: 1194.77, 35.6103%, cast time 10.2714% of in combat, overheal: 0.107374
Greater Heal 1, casts: 1, avg: 1793.18, 0.574687%, cast time 0.197223% of in combat, overheal: 0
Greater Heal 1 hazz, casts: 10, avg: 1296.94, 4.15649%, cast time 1.18334% of in combat, overheal: 0.276739
Greater Heal 2 hazz, casts: 4, avg: 1558.52, 1.99794%, cast time 0.473335% of in combat, overheal: 0.248916
Greater Heal 3 hazz, casts: 3, avg: 2400.77, 2.30824%, cast time 0.355002% of in combat, overheal: 0
Greater Heal 4, casts: 16, avg: 2481.82, 12.7262%, cast time 3.15557% of in combat, overheal: 0.108083
Greater Heal 4 hazz, casts: 6, avg: 2323.36, 4.46762%, cast time 0.710003% of in combat, overheal: 0.165032
Heal 2, casts: 36, avg: 986.447, 11.3811%, cast time 7.10003% of in combat, overheal: 0.220629
Heal 4, casts: 6, avg: 1395.62, 2.68366%, cast time 1.18334% of in combat, overheal: 0.279629
Total time casting: 480.2, which is: 37.8826% of time in combat.
Total hps: 246.155, raw hps: 292.256, oh: 0.157742
Deficit time sum: 2.0959e+07, baseline: 2.75421e+07
Deficit*time change / s: 5193.34 hp
Number of combats: 17
Average mana at start of combat: 9959.87
Average mana at end of combat: 8604.12
Other players with hps > 100:
  Benjanun : 170.217 hps
  Fallacy : 208.799 hps
  Hakzak : 160.651 hps
  Pail : 188.136 hps
  Pastulo : 152.788 hps
  Ryuke : 138.68 hps
  Sporad : 150.35 hps
  Wallfacer : 162.927 hps
  Worstpriest : 140.376 hps
Reading locked from: no-locks
Setting tag name to: rampage_bwl_speed_phase5
.
*** NEW BEST (1): 274.512

*** NEW BEST (1): 280.002

*** NEW BEST (1): 281.784

*** NEW BEST (1): 283.72
..Temporary bans and partial set bonuses off.
.legs : leggings of transcendence -> empowered leggings => val: 279.63 -> 281.793

*** NEW BEST (0): 281.793
finger : primalist's seal -> cauterizing band => val: 281.283 -> 282.371

*** NEW BEST (0): 282.371
hands : handguards of transcendence -> gloves of dark wisdom => val: 282.371 -> 282.522

*** NEW BEST (0): 282.522
***** INTERMEDIATE RESULTS *****
Iteration: 4
 ----------------------------
 --- head --- 
name: crystal adorned crown
slot: head
intelligence: 14
spirit: 13
sp_healing: 92
armor: 85
 ----------------------------
 --- neck --- 
name: amulet of the fallen god
slot: neck
intelligence: 11
sp_healing: 57
mp5: 6
 ----------------------------
 --- shoulders --- 
name: zandalar confessor's mantle
slot: shoulders
intelligence: 24
stamina: 11
spirit: 15
sp_healing: 22
armor: 78
 ----------------------------
 --- back --- 
name: cloak of clarity
slot: back
intelligence: 12
stamina: 6
spirit: 7
sp_healing: 40
mp5: 8
armor: 66
 ----------------------------
 --- chest --- 
name: robes of the guardian saint
slot: chest
intelligence: 22
stamina: 20
sp_healing: 70
mp5: 7
armor: 117
 ----------------------------
 --- wrists --- 
name: vambraces of prophecy
slot: wrists
intelligence: 14
stamina: 8
spirit: 10
sp_healing: 24
mp5: 2
armor: 44
 ----------------------------
 ---  --- 
name: 
slot: 
 ----------------------------
 --- main hand --- 
name: scepter of the false prophet
slot: main hand
intelligence: 19
stamina: 10
sp_healing: 187
mp5: 3
 ----------------------------
 ---  --- 
name: 
slot: 
 ----------------------------
 --- off hand --- 
name: sartura's might
slot: off hand
intelligence: 6
stamina: 6
sp_healing: 51
mp5: 6
 ----------------------------
 --- ranged --- 
name: antenna of invigoration
slot: ranged
intelligence: 4
sp_healing: 13
mp5: 3
 ----------------------------
 --- hands --- 
name: gloves of dark wisdom
slot: hands
intelligence: 20
stamina: 19
sp_healing: 35
mp5: 5
armor: 69
 ----------------------------
 --- waist --- 
name: girdle of prophecy
slot: waist
intelligence: 22
stamina: 10
spirit: 10
sp: 9
mp5: 4
fire_res: 7
armor: 57
 ----------------------------
 --- legs --- 
name: empowered leggings
slot: legs
intelligence: 12
stamina: 12
spirit: 24
sp_healing: 77
spell_crit: 1
armor: 103
 ----------------------------
 --- feet --- 
name: boots of prophecy
slot: feet
intelligence: 18
stamina: 17
spirit: 15
sp_healing: 18
shadow_res: 7
armor: 70
 ----------------------------
 --- finger --- 
name: cauterizing band
slot: finger
intelligence: 12
stamina: 9
sp_healing: 46
 ----------------------------
 --- finger --- 
name: pure elementium band
slot: finger
intelligence: 10
stamina: 9
spirit: 10
sp_healing: 53
 ----------------------------
 --- trinket --- 
name: rejuvenating gem
slot: trinket
sp_healing: 66
mp5: 9
 ----------------------------
 --- trinket --- 
name: hazza'rah's charm of healing
slot: trinket
 ----------------------------
 --- Set bonuses ---
name: confessor's 2 hazza'rah's 1 prophecy 3 
slot: Set bonuses
sp: 23
------------------
Best value: 282.522
------------------
Char stats: 
Effective hp: 8744
Effective mana (100 s, 33 % out of fsr): 17683.3
Raw max mana: 11249.3
Int: 464.83
Stam: 417.68
Spirit: 413.08
Strength: 79.58
Agility: 84.18
All stats multiplier (taken into account above): 1.15
Bonus mana: 2000
Bonus hp: 0
Mp5: 203
Sp: 32
Sp shadow: 0
Sp healing: 1011
Spell crit: 19
Spell hit: 0
Arcane res: 27
Nature res: 27
Fire res: 34
Frost res: 27
Shadow res: 34
Armor: 2887.75
Defense: 300
Dodge: 0
Parry: 0
HpsPvp: 1052.39
ShadowDps: 226.336
Value pvp healing: 2340.36
Value pvp shadow: 108.253
Effective hp-pvp: 10931.6
Effecctive mana for 100 s, 0.33 fsr: 19390.6
------------------
Best counts:
oh_limit: 0.6
time_left_mul: 1.1
total_deficit_to_pop_trinkets: 8403.76
in combat total: 1267.6
Flash Heal 1, casts: 55, avg: 541.181, 8.27531%, cast time 6.07447% of in combat, overheal: 0.22695
Flash Heal 2, casts: 13, avg: 763.739, 2.76037%, cast time 1.43578% of in combat, overheal: 0.0292883
Flash Heal 3, casts: 8, avg: 866.632, 1.92754%, cast time 0.88356% of in combat, overheal: 0
Flash Heal 4, casts: 15, avg: 842.949, 3.51538%, cast time 1.65667% of in combat, overheal: 0.114335
Flash Heal 5, casts: 4, avg: 857.144, 0.95322%, cast time 0.44178% of in combat, overheal: 0.213476
Flash Heal 6, casts: 11, avg: 1098.29, 3.35883%, cast time 1.21489% of in combat, overheal: 0.11199
Flash Heal 7, casts: 46, avg: 1256.14, 16.0648%, cast time 5.08047% of in combat, overheal: 0.119181
Greater Heal 1, casts: 2, avg: 1629.15, 0.905877%, cast time 0.394446% of in combat, overheal: 0.173984
Greater Heal 1 hazz, casts: 10, avg: 1317.59, 3.66319%, cast time 1.18334% of in combat, overheal: 0.331951
Greater Heal 2 hazz, casts: 2, avg: 1929.77, 1.07304%, cast time 0.236668% of in combat, overheal: 0.143293
Greater Heal 3 hazz, casts: 2, avg: 1805.5, 1.00394%, cast time 0.236668% of in combat, overheal: 0.299228
Greater Heal 4, casts: 34, avg: 2719.99, 25.7114%, cast time 6.70559% of in combat, overheal: 0.0798628
Greater Heal 4 hazz, casts: 10, avg: 2521.54, 7.01043%, cast time 1.18334% of in combat, overheal: 0.146998
Heal 2, casts: 43, avg: 1071.33, 12.8077%, cast time 8.48059% of in combat, overheal: 0.260605
Heal 4, casts: 23, avg: 1715.37, 10.969%, cast time 4.53613% of in combat, overheal: 0.18964
Total time casting: 503.8, which is: 39.7444% of time in combat.
Total hps: 283.752, raw hps: 337.558, oh: 0.159399
Deficit time sum: 1.99625e+07, baseline: 2.75421e+07
Deficit*time change / s: 5979.51 hp
Number of combats: 17
Average mana at start of combat: 10651.4
Average mana at end of combat: 9692.23
Other players with hps > 100:
  Benjanun : 168.738 hps
  Fallacy : 201.78 hps
  Hakzak : 153.248 hps
  Pail : 188.512 hps
  Pastulo : 145.108 hps
  Ryuke : 141.272 hps
  Sporad : 149.525 hps
  Wallfacer : 158.736 hps
  Worstpriest : 137.003 hps
------------------
Upgrades: 
( following sorted by alt scores, no specials )
benediction, , , (7.37262) -> , scepter of the false prophet, , sartura's might(12.9079) : 5.53531 = +1.98957%
mantle of prophecy(2.01373) -> zandalar confessor's mantle(3.86691) : 1.85318 = +0.657393%
truefaith vestments(3.68469) -> robes of the guardian saint(4.87259) : 1.1879 = +0.420399%
halo of transcendence(4.36551) -> crystal adorned crown(5.40463) : 1.03912 = +0.367555%
jin'do's evil eye(2.82831) -> amulet of the fallen god(3.58298) : 0.754669 = +0.26667%
hide of the wild(2.51834) -> cloak of clarity(3.147) : 0.628662 = +0.222046%
primalist's seal(2.24689) -> cauterizing band(2.81885) : 0.57196 = +0.201978%
dragon's touch(0.971985) -> antenna of invigoration(0.988953) : 0.0169678 = +0.00598015%
handguards of transcendence(3.02512) -> gloves of dark wisdom(3.03604) : 0.0109253 = +0.00385045%
vambraces of prophecy(2.28979) -> vambraces of prophecy(2.28979) : 0 = +0%
empowered leggings(5.07086) -> empowered leggings(5.07086) : 0 = +0%
boots of prophecy(2.2728) -> boots of prophecy(2.2728) : 0 = +0%
pure elementium band(3.29242) -> pure elementium band(3.29242) : 0 = +0%
rejuvenating gem(3.51855) -> rejuvenating gem(3.51855) : 0 = +0%
hazza'rah's charm of healing(13.2209) -> hazza'rah's charm of healing(13.2209) : 0 = +0%
zandalar confessor's bindings(2.67813) -> girdle of prophecy(2.16522) : -0.512909 = +-0.180434%
------------------
~~~~ end of intermediate results ~~~~
Temporary bans and partial set bonuses on.
.
*** NEW BEST (1): 284.206
...Temporary bans and partial set bonuses off.
.two-hand : blessed qiraji augur staff    ->   scepter of the false prophet sartura's might => val: 275.26 -> 280.144
finger : primalist's seal -> cauterizing band => val: 280.144 -> 281.197
legs : leggings of transcendence -> empowered leggings => val: 281.197 -> 282.932

*** NEW BEST (0): 282.932
Based on last: 3000 entries, out of total: 5834 entries, The least-squares solution is:
Int: 121.713
Spirit: 81.8376
Sp / Healing: 100
Mp5: 223.12
Crit: 87.2846
T1 3p/piece: 1847.42
T2 3p/piece: 0
Hazza'rah's: 18210.7
Darkmoon: 9401.12
100 points == 1 sp == 0.0463909 hps.
***** INTERMEDIATE RESULTS *****
Iteration: 9
 ----------------------------
 --- head --- 
name: circlet of prophecy
slot: head
intelligence: 27
stamina: 17
spirit: 20
sp: 12
fire_res: 10
armor: 83
 ----------------------------
 --- neck --- 
name: amulet of the fallen god
slot: neck
intelligence: 11
sp_healing: 57
mp5: 6
 ----------------------------
 --- shoulders --- 
name: zandalar confessor's mantle
slot: shoulders
intelligence: 24
stamina: 11
spirit: 15
sp_healing: 22
armor: 78
 ----------------------------
 --- back --- 
name: cloak of clarity
slot: back
intelligence: 12
stamina: 6
spirit: 7
sp_healing: 40
mp5: 8
armor: 66
 ----------------------------
 --- chest --- 
name: robes of the guardian saint
slot: chest
intelligence: 22
stamina: 20
sp_healing: 70
mp5: 7
armor: 117
 ----------------------------
 --- wrists --- 
name: vambraces of prophecy
slot: wrists
intelligence: 14
stamina: 8
spirit: 10
sp_healing: 24
mp5: 2
armor: 44
 ----------------------------
 ---  --- 
name: 
slot: 
 ----------------------------
 --- main hand --- 
name: scepter of the false prophet
slot: main hand
intelligence: 19
stamina: 10
sp_healing: 187
mp5: 3
 ----------------------------
 ---  --- 
name: 
slot: 
 ----------------------------
 --- off hand --- 
name: sartura's might
slot: off hand
intelligence: 6
stamina: 6
sp_healing: 51
mp5: 6
 ----------------------------
 --- ranged --- 
name: antenna of invigoration
slot: ranged
intelligence: 4
sp_healing: 13
mp5: 3
 ----------------------------
 --- hands --- 
name: gloves of prophecy
slot: hands
intelligence: 15
stamina: 10
spirit: 15
sp_healing: 18
mp5: 6
fire_res: 7
armor: 63
 ----------------------------
 --- waist --- 
name: grasp of the old god
slot: waist
intelligence: 19
stamina: 15
sp_healing: 59
mp5: 7
armor: 75
 ----------------------------
 --- legs --- 
name: empowered leggings
slot: legs
intelligence: 12
stamina: 12
spirit: 24
sp_healing: 77
spell_crit: 1
armor: 103
 ----------------------------
 --- feet --- 
name: boots of pure thought
slot: feet
intelligence: 12
stamina: 8
spirit: 12
sp_healing: 62
armor: 74
 ----------------------------
 --- finger --- 
name: cauterizing band
slot: finger
intelligence: 12
stamina: 9
sp_healing: 46
 ----------------------------
 --- finger --- 
name: pure elementium band
slot: finger
intelligence: 10
stamina: 9
spirit: 10
sp_healing: 53
 ----------------------------
 --- trinket --- 
name: rejuvenating gem
slot: trinket
sp_healing: 66
mp5: 9
 ----------------------------
 --- trinket --- 
name: hazza'rah's charm of healing
slot: trinket
 ----------------------------
 --- Set bonuses ---
name: confessor's 2 hazza'rah's 1 prophecy 3 
slot: Set bonuses
sp: 23
------------------
Best value: 282.932
------------------
Char stats: 
Effective hp: 8789.4
Effective mana (100 s, 33 % out of fsr): 17797.2
Raw max mana: 11230.3
Int: 463.68
Stam: 422.28
Spirit: 423.43
Strength: 79.58
Agility: 84.18
All stats multiplier (taken into account above): 1.15
Bonus mana: 2000
Bonus hp: 0
Mp5: 207
Sp: 35
Sp shadow: 0
Sp healing: 1005
Spell crit: 19
Spell hit: 0
Arcane res: 27
Nature res: 27
Fire res: 44
Frost res: 27
Shadow res: 27
Armor: 2901.75
Defense: 300
Dodge: 0
Parry: 0
HpsPvp: 1051.35
ShadowDps: 226.67
Value pvp healing: 2379.12
Value pvp shadow: 110.589
Effective hp-pvp: 10997.3
Effecctive mana for 100 s, 0.33 fsr: 19542.7
------------------
Best counts:
oh_limit: 0.6
time_left_mul: 2.7
total_deficit_to_pop_trinkets: 12416.2
in combat total: 1267.6
Flash Heal 1, casts: 22, avg: 481.456, 2.92662%, cast time 2.42979% of in combat, overheal: 0.310903
Flash Heal 2, casts: 4, avg: 735.048, 0.812387%, cast time 0.44178% of in combat, overheal: 0.064107
Flash Heal 3, casts: 6, avg: 865.245, 1.43442%, cast time 0.66267% of in combat, overheal: 0
Flash Heal 4, casts: 6, avg: 938.92, 1.55656%, cast time 0.66267% of in combat, overheal: 0.0120582
Flash Heal 5, casts: 5, avg: 1030.91, 1.42423%, cast time 0.552225% of in combat, overheal: 0.0528106
Flash Heal 6, casts: 5, avg: 1235.4, 1.70672%, cast time 0.552225% of in combat, overheal: 0
Flash Heal 7, casts: 23, avg: 1279.88, 8.13362%, cast time 2.54023% of in combat, overheal: 0.101651
Greater Heal 1, casts: 4, avg: 1638.51, 1.81091%, cast time 0.788892% of in combat, overheal: 0.168067
Greater Heal 1 hazz, casts: 9, avg: 1353.89, 3.36678%, cast time 1.065% of in combat, overheal: 0.312579
Greater Heal 2 hazz, casts: 4, avg: 1795.69, 1.98463%, cast time 0.473335% of in combat, overheal: 0.201833
Greater Heal 3 hazz, casts: 1, avg: 2573.66, 0.711111%, cast time 0.118334% of in combat, overheal: 0
Greater Heal 4, casts: 38, avg: 2659.17, 27.9201%, cast time 7.49448% of in combat, overheal: 0.0995848
Greater Heal 4 hazz, casts: 8, avg: 2775.12, 6.1342%, cast time 0.946671% of in combat, overheal: 0.060326
Heal 2, casts: 86, avg: 1042.81, 24.7793%, cast time 16.9612% of in combat, overheal: 0.278913
Heal 4, casts: 32, avg: 1730.25, 15.2984%, cast time 6.31114% of in combat, overheal: 0.181534
Total time casting: 532.4, which is: 42.0006% of time in combat.
Total hps: 285.516, raw hps: 346.197, oh: 0.175277
Deficit time sum: 2.00242e+07, baseline: 2.75421e+07
Deficit*time change / s: 5930.78 hp
Number of combats: 17
Average mana at start of combat: 10894.3
Average mana at end of combat: 10111.2
Other players with hps > 100:
  Benjanun : 169.965 hps
  Fallacy : 200.808 hps
  Hakzak : 153.111 hps
  Pail : 191.086 hps
  Pastulo : 145.133 hps
  Ryuke : 140.518 hps
  Sporad : 148.745 hps
  Wallfacer : 158.301 hps
  Worstpriest : 138.328 hps
------------------
Upgrades: 
( following sorted by alt scores, no specials )
benediction, , , (7.20438) -> , scepter of the false prophet, , sartura's might(13.3842) : 6.17981 = +2.21232%
mantle of prophecy(2.09583) -> zandalar confessor's mantle(4.01221) : 1.91638 = +0.675734%
zandalar confessor's bindings(2.79102) -> grasp of the old god(4.53442) : 1.74341 = +0.614367%
boots of prophecy(2.42087) -> boots of pure thought(4.00937) : 1.5885 = +0.559474%
truefaith vestments(4.00757) -> robes of the guardian saint(5.21411) : 1.20654 = +0.424376%
hide of the wild(2.51306) -> cloak of clarity(3.62701) : 1.11395 = +0.391682%
jin'do's evil eye(2.89008) -> amulet of the fallen god(3.88641) : 0.996338 = +0.350182%
primalist's seal(2.32663) -> cauterizing band(2.81155) : 0.484924 = +0.17013%
dragon's touch(0.955902) -> antenna of invigoration(1.13947) : 0.183563 = +0.064333%
vambraces of prophecy(2.49054) -> vambraces of prophecy(2.49054) : 0 = +0%
empowered leggings(5.20132) -> empowered leggings(5.20132) : 0 = +0%
pure elementium band(3.40302) -> pure elementium band(3.40302) : 0 = +0%
rejuvenating gem(3.99335) -> rejuvenating gem(3.99335) : 0 = +0%
hazza'rah's charm of healing(9.51511) -> hazza'rah's charm of healing(9.51511) : 0 = +0%
handguards of transcendence(3.00864) -> gloves of prophecy(2.8725) : -0.136139 = +-0.0476589%
halo of transcendence(4.58652) -> circlet of prophecy(2.84052) : -1.746 = +-0.607808%
------------------
~~~~ end of intermediate results ~~~~
Temporary bans and partial set bonuses on.
....Temporary bans and partial set bonuses off.
.wrists : vambraces of prophecy -> bracelets of royal redemption => val: 281.935 -> 282.499
***** INTERMEDIATE RESULTS *****
Iteration: 14
 ----------------------------
 --- head --- 
name: circlet of prophecy
slot: head
intelligence: 27
stamina: 17
spirit: 20
sp: 12
fire_res: 10
armor: 83
 ----------------------------
 --- neck --- 
name: amulet of the fallen god
slot: neck
intelligence: 11
sp_healing: 57
mp5: 6
 ----------------------------
 --- shoulders --- 
name: zandalar confessor's mantle
slot: shoulders
intelligence: 24
stamina: 11
spirit: 15
sp_healing: 22
armor: 78
 ----------------------------
 --- back --- 
name: cloak of clarity
slot: back
intelligence: 12
stamina: 6
spirit: 7
sp_healing: 40
mp5: 8
armor: 66
 ----------------------------
 --- chest --- 
name: robes of the guardian saint
slot: chest
intelligence: 22
stamina: 20
sp_healing: 70
mp5: 7
armor: 117
 ----------------------------
 --- wrists --- 
name: vambraces of prophecy
slot: wrists
intelligence: 14
stamina: 8
spirit: 10
sp_healing: 24
mp5: 2
armor: 44
 ----------------------------
 ---  --- 
name: 
slot: 
 ----------------------------
 --- main hand --- 
name: scepter of the false prophet
slot: main hand
intelligence: 19
stamina: 10
sp_healing: 187
mp5: 3
 ----------------------------
 ---  --- 
name: 
slot: 
 ----------------------------
 --- off hand --- 
name: sartura's might
slot: off hand
intelligence: 6
stamina: 6
sp_healing: 51
mp5: 6
 ----------------------------
 --- ranged --- 
name: antenna of invigoration
slot: ranged
intelligence: 4
sp_healing: 13
mp5: 3
 ----------------------------
 --- hands --- 
name: gloves of prophecy
slot: hands
intelligence: 15
stamina: 10
spirit: 15
sp_healing: 18
mp5: 6
fire_res: 7
armor: 63
 ----------------------------
 --- waist --- 
name: grasp of the old god
slot: waist
intelligence: 19
stamina: 15
sp_healing: 59
mp5: 7
armor: 75
 ----------------------------
 --- legs --- 
name: empowered leggings
slot: legs
intelligence: 12
stamina: 12
spirit: 24
sp_healing: 77
spell_crit: 1
armor: 103
 ----------------------------
 --- feet --- 
name: boots of pure thought
slot: feet
intelligence: 12
stamina: 8
spirit: 12
sp_healing: 62
armor: 74
 ----------------------------
 --- finger --- 
name: cauterizing band
slot: finger
intelligence: 12
stamina: 9
sp_healing: 46
 ----------------------------
 --- finger --- 
name: pure elementium band
slot: finger
intelligence: 10
stamina: 9
spirit: 10
sp_healing: 53
 ----------------------------
 --- trinket --- 
name: rejuvenating gem
slot: trinket
sp_healing: 66
mp5: 9
 ----------------------------
 --- trinket --- 
name: hazza'rah's charm of healing
slot: trinket
 ----------------------------
 --- Set bonuses ---
name: confessor's 2 hazza'rah's 1 prophecy 3 
slot: Set bonuses
sp: 23
------------------
Best value: 282.932
------------------
Char stats: 
Effective hp: 8789.4
Effective mana (100 s, 33 % out of fsr): 17797.2
Raw max mana: 11230.3
Int: 463.68
Stam: 422.28
Spirit: 423.43
Strength: 79.58
Agility: 84.18
All stats multiplier (taken into account above): 1.15
Bonus mana: 2000
Bonus hp: 0
Mp5: 207
Sp: 35
Sp shadow: 0
Sp healing: 1005
Spell crit: 19
Spell hit: 0
Arcane res: 27
Nature res: 27
Fire res: 44
Frost res: 27
Shadow res: 27
Armor: 2901.75
Defense: 300
Dodge: 0
Parry: 0
HpsPvp: 1025.17
ShadowDps: 223.216
Value pvp healing: 2117.07
Value pvp shadow: 100.369
Effective hp-pvp: 10997.3
Effecctive mana for 100 s, 0.33 fsr: 19542.7
------------------
Best counts:
oh_limit: 0.8
time_left_mul: 2.3
total_deficit_to_pop_trinkets: 7805.73
in combat total: 1267.6
Flash Heal 1, casts: 29, avg: 496.024, 4.02154%, cast time 3.2029% of in combat, overheal: 0.290052
Flash Heal 2, casts: 7, avg: 756.627, 1.48071%, cast time 0.773115% of in combat, overheal: 0.0366326
Flash Heal 3, casts: 5, avg: 865.245, 1.20948%, cast time 0.552225% of in combat, overheal: 0
Flash Heal 4, casts: 6, avg: 931.65, 1.56277%, cast time 0.66267% of in combat, overheal: 0.0197078
Flash Heal 5, casts: 2, avg: 513.5, 0.287119%, cast time 0.22089% of in combat, overheal: 0.528204
Flash Heal 6, casts: 3, avg: 1235.4, 1.03614%, cast time 0.331335% of in combat, overheal: 0
Flash Heal 7, casts: 29, avg: 1260.45, 10.2192%, cast time 3.2029% of in combat, overheal: 0.115286
Greater Heal 1, casts: 3, avg: 1528.18, 1.2817%, cast time 0.591669% of in combat, overheal: 0.22409
Greater Heal 1 hazz, casts: 8, avg: 1395.38, 3.12086%, cast time 0.946671% of in combat, overheal: 0.291514
Greater Heal 2 hazz, casts: 3, avg: 1877.26, 1.57448%, cast time 0.355002% of in combat, overheal: 0.165579
Greater Heal 3 hazz, casts: 2, avg: 1805.5, 1.00953%, cast time 0.236668% of in combat, overheal: 0.298469
Greater Heal 4, casts: 37, avg: 2660.97, 27.5254%, cast time 7.29726% of in combat, overheal: 0.0989766
Greater Heal 4 hazz, casts: 11, avg: 2104.69, 6.47249%, cast time 1.30167% of in combat, overheal: 0.287338
Heal 2, casts: 102, avg: 920.107, 26.2379%, cast time 20.1168% of in combat, overheal: 0.363758
Heal 4, casts: 27, avg: 1717.01, 12.9607%, cast time 5.32502% of in combat, overheal: 0.187798
Total time casting: 571.9, which is: 45.1168% of time in combat.
Total hps: 282.18, raw hps: 365.173, oh: 0.227269
Deficit time sum: 2.01978e+07, baseline: 2.75421e+07
Deficit*time change / s: 5793.86 hp
Number of combats: 17
Average mana at start of combat: 10793.7
Average mana at end of combat: 9902.39
Other players with hps > 100:
  Benjanun : 168.413 hps
  Fallacy : 202.869 hps
  Hakzak : 153.926 hps
  Pail : 188.819 hps
  Pastulo : 144.142 hps
  Ryuke : 139.395 hps
  Sporad : 147.618 hps
  Wallfacer : 159.813 hps
  Worstpriest : 134.899 hps
------------------
Upgrades: 
( following sorted by alt scores, no specials )
benediction, , , (7.20438) -> , scepter of the false prophet, , sartura's might(13.3842) : 6.17981 = +2.23906%
mantle of prophecy(2.09583) -> zandalar confessor's mantle(4.01221) : 1.91638 = +0.683778%
zandalar confessor's bindings(2.79102) -> grasp of the old god(4.53442) : 1.74341 = +0.621676%
boots of prophecy(2.42087) -> boots of pure thought(4.00937) : 1.5885 = +0.566126%
truefaith vestments(4.00757) -> robes of the guardian saint(5.21411) : 1.20654 = +0.429415%
hide of the wild(2.51306) -> cloak of clarity(3.62701) : 1.11395 = +0.396331%
jin'do's evil eye(2.89008) -> amulet of the fallen god(3.88641) : 0.996338 = +0.354337%
primalist's seal(2.32663) -> cauterizing band(2.81155) : 0.484924 = +0.172145%
dragon's touch(0.955902) -> antenna of invigoration(1.13947) : 0.183563 = +0.0650941%
vambraces of prophecy(2.49054) -> vambraces of prophecy(2.49054) : 0 = +0%
empowered leggings(5.20132) -> empowered leggings(5.20132) : 0 = +0%
pure elementium band(3.40302) -> pure elementium band(3.40302) : 0 = +0%
rejuvenating gem(3.99335) -> rejuvenating gem(3.99335) : 0 = +0%
hazza'rah's charm of healing(9.51511) -> hazza'rah's charm of healing(9.51511) : 0 = +0%
handguards of transcendence(3.00864) -> gloves of prophecy(2.8725) : -0.136139 = +-0.0482221%
halo of transcendence(4.58652) -> circlet of prophecy(2.84052) : -1.746 = +-0.614949%
------------------
~~~~ end of intermediate results ~~~~
Same items for intermediate results again, ending optimization. 
 ----------------------------
 --- head --- 
name: circlet of prophecy
slot: head
intelligence: 27
stamina: 17
spirit: 20
sp: 12
fire_res: 10
armor: 83
 ----------------------------
 --- neck --- 
name: amulet of the fallen god
slot: neck
intelligence: 11
sp_healing: 57
mp5: 6
 ----------------------------
 --- shoulders --- 
name: zandalar confessor's mantle
slot: shoulders
intelligence: 24
stamina: 11
spirit: 15
sp_healing: 22
armor: 78
 ----------------------------
 --- back --- 
name: cloak of clarity
slot: back
intelligence: 12
stamina: 6
spirit: 7
sp_healing: 40
mp5: 8
armor: 66
 ----------------------------
 --- chest --- 
name: robes of the guardian saint
slot: chest
intelligence: 22
stamina: 20
sp_healing: 70
mp5: 7
armor: 117
 ----------------------------
 --- wrists --- 
name: vambraces of prophecy
slot: wrists
intelligence: 14
stamina: 8
spirit: 10
sp_healing: 24
mp5: 2
armor: 44
 ----------------------------
 ---  --- 
name: 
slot: 
 ----------------------------
 --- main hand --- 
name: scepter of the false prophet
slot: main hand
intelligence: 19
stamina: 10
sp_healing: 187
mp5: 3
 ----------------------------
 ---  --- 
name: 
slot: 
 ----------------------------
 --- off hand --- 
name: sartura's might
slot: off hand
intelligence: 6
stamina: 6
sp_healing: 51
mp5: 6
 ----------------------------
 --- ranged --- 
name: antenna of invigoration
slot: ranged
intelligence: 4
sp_healing: 13
mp5: 3
 ----------------------------
 --- hands --- 
name: gloves of prophecy
slot: hands
intelligence: 15
stamina: 10
spirit: 15
sp_healing: 18
mp5: 6
fire_res: 7
armor: 63
 ----------------------------
 --- waist --- 
name: grasp of the old god
slot: waist
intelligence: 19
stamina: 15
sp_healing: 59
mp5: 7
armor: 75
 ----------------------------
 --- legs --- 
name: empowered leggings
slot: legs
intelligence: 12
stamina: 12
spirit: 24
sp_healing: 77
spell_crit: 1
armor: 103
 ----------------------------
 --- feet --- 
name: boots of pure thought
slot: feet
intelligence: 12
stamina: 8
spirit: 12
sp_healing: 62
armor: 74
 ----------------------------
 --- finger --- 
name: cauterizing band
slot: finger
intelligence: 12
stamina: 9
sp_healing: 46
 ----------------------------
 --- finger --- 
name: pure elementium band
slot: finger
intelligence: 10
stamina: 9
spirit: 10
sp_healing: 53
 ----------------------------
 --- trinket --- 
name: rejuvenating gem
slot: trinket
sp_healing: 66
mp5: 9
 ----------------------------
 --- trinket --- 
name: hazza'rah's charm of healing
slot: trinket
 ----------------------------
 --- Set bonuses ---
name: confessor's 2 hazza'rah's 1 prophecy 3 
slot: Set bonuses
sp: 23
------------------
Char stats: 
Effective hp: 8789.4
Effective mana (100 s, 33 % out of fsr): 17797.2
Raw max mana: 11230.3
Int: 463.68
Stam: 422.28
Spirit: 423.43
Strength: 79.58
Agility: 84.18
All stats multiplier (taken into account above): 1.15
Bonus mana: 2000
Bonus hp: 0
Mp5: 207
Sp: 35
Sp shadow: 0
Sp healing: 1005
Spell crit: 19
Spell hit: 0
Arcane res: 27
Nature res: 27
Fire res: 44
Frost res: 27
Shadow res: 27
Armor: 2901.75
Defense: 300
Dodge: 0
Parry: 0
HpsPvp: 1051.35
ShadowDps: 226.67
Value pvp healing: 2379.12
Value pvp shadow: 110.589
Effective hp-pvp: 10997.3
Effecctive mana for 100 s, 0.33 fsr: 19542.7
------------------
Best counts:
oh_limit: 0.8
time_left_mul: 2.3
total_deficit_to_pop_trinkets: 7805.73
in combat total: 1267.6
Flash Heal 1, casts: 29, avg: 496.024, 4.02154%, cast time 3.2029% of in combat, overheal: 0.290052
Flash Heal 2, casts: 7, avg: 756.627, 1.48071%, cast time 0.773115% of in combat, overheal: 0.0366326
Flash Heal 3, casts: 5, avg: 865.245, 1.20948%, cast time 0.552225% of in combat, overheal: 0
Flash Heal 4, casts: 6, avg: 931.65, 1.56277%, cast time 0.66267% of in combat, overheal: 0.0197078
Flash Heal 5, casts: 2, avg: 513.5, 0.287119%, cast time 0.22089% of in combat, overheal: 0.528204
Flash Heal 6, casts: 3, avg: 1235.4, 1.03614%, cast time 0.331335% of in combat, overheal: 0
Flash Heal 7, casts: 29, avg: 1260.45, 10.2192%, cast time 3.2029% of in combat, overheal: 0.115286
Greater Heal 1, casts: 3, avg: 1528.18, 1.2817%, cast time 0.591669% of in combat, overheal: 0.22409
Greater Heal 1 hazz, casts: 8, avg: 1395.38, 3.12086%, cast time 0.946671% of in combat, overheal: 0.291514
Greater Heal 2 hazz, casts: 3, avg: 1877.26, 1.57448%, cast time 0.355002% of in combat, overheal: 0.165579
Greater Heal 3 hazz, casts: 2, avg: 1805.5, 1.00953%, cast time 0.236668% of in combat, overheal: 0.298469
Greater Heal 4, casts: 37, avg: 2660.97, 27.5254%, cast time 7.29726% of in combat, overheal: 0.0989766
Greater Heal 4 hazz, casts: 11, avg: 2104.69, 6.47249%, cast time 1.30167% of in combat, overheal: 0.287338
Heal 2, casts: 102, avg: 920.107, 26.2379%, cast time 20.1168% of in combat, overheal: 0.363758
Heal 4, casts: 27, avg: 1717.01, 12.9607%, cast time 5.32502% of in combat, overheal: 0.187798
Total time casting: 571.9, which is: 45.1168% of time in combat.
Total hps: 282.18, raw hps: 365.173, oh: 0.227269
Deficit time sum: 2.01978e+07, baseline: 2.75421e+07
Deficit*time change / s: 5793.86 hp
Number of combats: 17
Average mana at start of combat: 10793.7
Average mana at end of combat: 9902.39
Other players with hps > 100:
  Benjanun : 168.413 hps
  Fallacy : 202.869 hps
  Hakzak : 153.926 hps
  Pail : 188.819 hps
  Pastulo : 144.142 hps
  Ryuke : 139.395 hps
  Sporad : 147.618 hps
  Wallfacer : 159.813 hps
  Worstpriest : 134.899 hps
------------------
Based on last: 3000 entries, out of total: 6311 entries, The least-squares solution is:
Int: 125.894
Spirit: 80.3067
Sp / Healing: 100
Mp5: 215.859
Crit: 63.6402
T1 3p/piece: 1527.01
T2 3p/piece: 0
Hazza'rah's: 16221.6
Darkmoon: 10116.3
100 points == 1 sp == 0.0459422 hps.
Appended tag:
( Pawn: v1: "rampage_bwl_speed_phase5": Intellect=125.894, Spirit=80.3067, Healing=100, Mp5=215.859, SpellCritRating=63.6402, IsFist=X, Is2HMace=X, IsCrossbow=X, IsGun=X, IsShield=X, IsPolearm=X, Is2HAxe=X, IsBow=X, IsMail=X, IsPlate=X, IsLeather=X, IsAxe=X, Is2HAxe=X, IsSword=X, Is2HSword=X)
To file: rampage_bwl_speed_phase5.pawn_tag.txt
------------------
Diffs to start: 
Upgrades: 
( following sorted by alt scores, no specials )
benediction, , , (7.16409) -> , scepter of the false prophet, , sartura's might(13.2727) : 6.10864 = +2.2127%
mantle of prophecy(2.1127) -> zandalar confessor's mantle(4.00894) : 1.89624 = +0.676543%
zandalar confessor's bindings(2.79401) -> grasp of the old god(4.50372) : 1.70972 = +0.609589%
boots of prophecy(2.42148) -> boots of pure thought(3.98523) : 1.56375 = +0.557256%
truefaith vestments(3.94879) -> robes of the guardian saint(5.18259) : 1.2338 = +0.439157%
hide of the wild(2.50797) -> cloak of clarity(3.58337) : 1.07541 = +0.382565%
jin'do's evil eye(2.87906) -> amulet of the fallen god(3.84995) : 0.970886 = +0.345254%
primalist's seal(2.32153) -> cauterizing band(2.8074) : 0.48587 = +0.172481%
dragon's touch(0.969727) -> antenna of invigoration(1.1261) : 0.156372 = +0.0554464%
vambraces of prophecy(2.47964) -> vambraces of prophecy(2.47964) : 0 = +0%
empowered leggings(5.14633) -> empowered leggings(5.14633) : 0 = +0%
pure elementium band(3.38226) -> pure elementium band(3.38226) : 0 = +0%
rejuvenating gem(3.92471) -> rejuvenating gem(3.92471) : 0 = +0%
hazza'rah's charm of healing(8.50925) -> hazza'rah's charm of healing(8.50925) : 0 = +0%
handguards of transcendence(2.99796) -> gloves of prophecy(2.84299) : -0.154968 = +-0.0548881%
halo of transcendence(4.57855) -> circlet of prophecy(2.85083) : -1.72772 = +-0.60855%
- - - - - - - - - - - - - - - - - - - - - - - - - - - - - - - - - - - - - - - - - 
| Upgrades at best in slot level, from start item to candidate, partial bonuses: 1: |
  alt scores are from least squares fit, special score from e.g. set bonuses as s are part of em
. . . . . . . . . . . . . . . . . . . . . . . . . . . . . . . . . . . . . . . . . 
- . - ' - . - ' - . - ' - . - ' - . - ' - . -
head, halo of transcendence (-0.412445), alt: 4.57855 -> :
    crystal adorned crown (-0.974945) : -0.199818 %, alt : +5.51605, from: azuregos
    don rigoberto's lost hat (-0.989532) : -0.205 %, alt : +5.4193, from: aq40
    tiara of the oracle (1.43408) : +0.655944 %, alt : +3.84334, from: aq40
    dustwind turban (1.39188) : +0.640951 %, alt : +3.68418, from: aq20
    circlet of prophecy (0.10907) : +0.185258 %, alt : +3.58746 (s: 0.701541), from: mc
    mish'undare circlet of mind flayer (1.8364) : +0.798859 %, alt : +3.38663, from: bwl
- . - ' - . - ' - . - ' - . - ' - . - ' - . -
neck, jin'do's evil eye (3.3063), alt: 2.87906 -> :
    amulet of the fallen god (2.76654) : -0.191021 %, alt : +3.84995, from: aq40
    the all-seeing eye of zuldazar (1.47778) : -0.647109 %, alt : +1.7693, from: zg
- . - ' - . - ' - . - ' - . - ' - . - ' - . -
shoulders, mantle of prophecy (0.79071), alt: 2.15948 -> :
    zandalar confessor's mantle (1.77365) : +0.349745 %, alt : +4.00894, from: zg
    ternary mantle (2.41782) : +0.578948 %, alt : +3.74261, from: aq40
    pauldrons of transcendence (2.4902) : +0.604704 %, alt : +3.12009, from: bwl
    mantle of the oracle (1.37341) : +0.207334 %, alt : +2.66828, from: aq40
- . - ' - . - ' - . - ' - . - ' - . - ' - . -
back, hide of the wild (1.50934), alt: 2.50797 -> :
    cloak of clarity (1.46051) : -0.0173102 %, alt : +3.58338, from: aq40
    shroud of pure thought (2.24771) : +0.261763 %, alt : +2.74734, from: bwl
    drape of benediction (1.74652) : +0.0840843 %, alt : +2.47127, from: azuregos
    hakkari loa cloak (1.77515) : +0.0942324 %, alt : +2.15828, from: zg
    cloak of the brood lord (1.61978) : +0.0391535 %, alt : +2.09612, from: bwl
- . - ' - . - ' - . - ' - . - ' - . - ' - . -
chest, truefaith vestments (3.42606), alt: 3.94879 -> :
    robes of the guardian saint (3.27408) : -0.0538583 %, alt : +5.18259, from: aq40
    robes of transcendence (4.86771) : +0.510897 %, alt : +4.77066, from: bwl
    robes of the exalted (4.11176) : +0.243001 %, alt : +3.81911, from: pre-raid
- . - ' - . - ' - . - ' - . - ' - . - ' - . -
wrists, vambraces of prophecy (1.09924), alt: 3.21628 (s: 0.701541) -> :
    bracelets of royal redemption (2.60559) : +0.534112 %, alt : +3.34538, from: aq40
    vambraces of prophecy (1.09924) : +0 %, alt : +3.21627 (s: 0.701541), from: mc
    bindings of transcendence (2.06952) : +0.344035 %, alt : +2.85831, from: bwl
    zandalar confessor's wraps (1.4729) : +0.132489 %, alt : +2.18157, from: zg
- . - ' - . - ' - . - ' - . - ' - . - ' - . -
two-hand, benediction (1.09775), alt: 7.16409 -> :
    scepter of the false prophet and sartura's might (2.95193) : +0.654898 %, alt : +13.2727, from: aq40, aq40
    scepter of the false prophet and lei of the lifegiver (3.02792) : +0.681737 %, alt : +12.7201, from: aq40, av rep
    scepter of the false prophet and trance stone (2.3869) : +0.455329 %, alt : +11.8941, from: aq40, emeriss; lethon; taerar; ysondre
    scepter of the false prophet and brightly glowing stone (2.37622) : +0.451556 %, alt : +11.6875, from: aq40, pre-raid
    blessed qiraji augur staff (2.34216) : +0.439527 %, alt : +9.44542, from: aq40
    lok'amir il romathis and sartura's might (2.01062) : +0.322426 %, alt : +8.4805, from: bwl, aq40
    gavel of infinite wisdom and sartura's might (2.20306) : +0.390397 %, alt : +8.45281, from: aq20, aq40
    lok'amir il romathis and lei of the lifegiver (2.43915) : +0.473782 %, alt : +7.92785, from: bwl, av rep
    gavel of infinite wisdom and lei of the lifegiver (2.63095) : +0.541527 %, alt : +7.90016, from: aq20, av rep
    lok'amir il romathis and brightly glowing stone (1.3338) : +0.083374 %, alt : +6.89526, from: bwl, pre-raid
    gavel of infinite wisdom and brightly glowing stone (1.30313) : +0.0725413 %, alt : +6.86757, from: aq20, pre-raid
    lorespinner and trance stone (2.72647) : +0.575264 %, alt : +2.73544, from: pre-raid, emeriss; lethon; taerar; ysondre
    gift of the elven magi and trance stone (3.09488) : +0.705386 %, alt : +2.70617, from: pre-raid (strat live: balnazzar), emeriss; lethon; taerar; ysondre
    scepter of the unholy and trance stone (3.05185) : +0.690188 %, alt : +1.90642, from: pre-raid, emeriss; lethon; taerar; ysondre
- . - ' - . - ' - . - ' - . - ' - . - ' - . -
ranged, dragon's touch (-0.439545), alt: 0.969727 -> :
    antenna of invigoration (-0.519623) : -0.0283856 %, alt : +1.12611, from: aq20
    lunar wand of healing (-0.0325623) : +0.144265 %, alt : +0.918845, from: random green
    essence gatherer (-0.349213) : +0.0320203 %, alt : +0.900721, from: bwl
- . - ' - . - ' - . - ' - . - ' - . - ' - . -
hands, handguards of transcendence (3.27637), alt: 2.99796 -> :
    gloves of prophecy (1.56668) : -0.602558 %, alt : +3.57961 (s: 0.701541), from: mc
    gloves of dark wisdom (2.29904) : -0.344447 %, alt : +3.2606, from: aq20
    gloves of the messiah (1.71933) : -0.548759 %, alt : +3.16945, from: aq40
- . - ' - . - ' - . - ' - . - ' - . - ' - . -
waist, zandalar confessor's bindings (1.6337), alt: 2.79401 -> :
    grasp of the old god (2.81284) : +0.419848 %, alt : +4.50371, from: aq40
    belt of transcendence (2.45499) : +0.292431 %, alt : +3.03035, from: bwl
    firemaw's clutch (1.94376) : +0.1104 %, alt : +2.79789, from: bwl
    zandalar confessor's bindings (1.6337) : +0 %, alt : +2.794, from: zg
    whipvine cord (1.82672) : +0.0687286 %, alt : +2.48194, from: pre-raid
- . - ' - . - ' - . - ' - . - ' - . - ' - . -
legs, empowered leggings (4.19742), alt: 5.14633 -> :
    pants of prophecy (3.08823) : -0.393291 %, alt : +3.77855, from: mc
- . - ' - . - ' - . - ' - . - ' - . - ' - . -
feet, boots of prophecy (2.14453), alt: 2.46826 -> :
    boots of pure thought (2.78052) : +0.226014 %, alt : +3.98522, from: bwl
    boots of transcendence (2.35849) : +0.0760358 %, alt : +3.21844, from: bwl
    treads of the wandering nomand (2.36673) : +0.078964 %, alt : +3.1468, from: aq20
    footwraps of the oracle (1.85837) : -0.101696 %, alt : +2.68829, from: aq40
    boots of epiphany (1.88409) : -0.092553 %, alt : +2.66097, from: aq40
- . - ' - . - ' - . - ' - . - ' - . - ' - . -
finger, primalist's seal (2.41986), alt: 3.07959 -> :
    pure elementium band (2.20993) : -0.074269 %, alt : +3.38227, from: bwl
- . - ' - . - ' - . - ' - . - ' - . - ' - . -
finger 2, pure elementium band (2.15857), alt: 3.38226 -> :
    primalist's seal (2.62479) : +0.165309 %, alt : +3.07959, from: zg
    ring of the martyr (2.65005) : +0.174268 %, alt : +2.83891, from: aq40
    cauterizing band (2.65625) : +0.176465 %, alt : +2.8074, from: mc
- . - ' - . - ' - . - ' - . - ' - . - ' - . -
trinket, rejuvenating gem (3.77167), alt: 3.92471 -> :
    hazza'rah's charm of healing (0) : -1.33734 %, alt : +8.50923, from: zg
    darkmoon card: blue dragon (0.9086) : -1.01517 %, alt : +4.64766, from: 
- . - ' - . - ' - . - ' - . - ' - . - ' - . -
trinket 2, hazza'rah's charm of healing (5.53207), alt: 8.50925 -> :
    hazza'rah's charm of healing (5.53207) : +0 %, alt : +8.50923, from: zg
    darkmoon card: blue dragon (0.228851) : -1.88039 %, alt : +4.64766, from: 
- - - - - - - - - - - - - - - - - - - - - - - - - - - - - - - - - - - - - - - - - 
| Upgrades at best in slot level, from start item to candidate, partial bonuses: 0: |
  alt scores are from least squares fit, special score from e.g. set bonuses as s are part of em
. . . . . . . . . . . . . . . . . . . . . . . . . . . . . . . . . . . . . . . . . 
- . - ' - . - ' - . - ' - . - ' - . - ' - . -
head, halo of transcendence (1.54898), alt: 4.57855 -> :
    crystal adorned crown (-1.73532) : -1.15972 %, alt : +5.51605, from: azuregos
    don rigoberto's lost hat (0.401459) : -0.405202 %, alt : +5.4193, from: aq40
    circlet of prophecy (0.531769) : -0.359188 %, alt : +4.95546 (s: 2.10462), from: mc
    zulian headdress (1.91302) : +0.128548 %, alt : +3.91092, from: zg
- . - ' - . - ' - . - ' - . - ' - . - ' - . -
neck, jin'do's evil eye (3.23364), alt: 2.87906 -> :
    amulet of the fallen god (3.97729) : +0.264235 %, alt : +3.84995, from: aq40
    the all-seeing eye of zuldazar (1.3089) : -0.6839 %, alt : +1.7693, from: zg
- . - ' - . - ' - . - ' - . - ' - . - ' - . -
shoulders, mantle of prophecy (0.873077), alt: 2.1127 -> :
    zandalar confessor's mantle (3.30045) : +0.867683 %, alt : +4.00894, from: zg
    ternary mantle (3.20261) : +0.83271 %, alt : +3.74261, from: aq40
    pauldrons of transcendence (1.70563) : +0.297602 %, alt : +3.12009, from: bwl
    mantle of the oracle (1.75412) : +0.314936 %, alt : +2.66828, from: aq40
- . - ' - . - ' - . - ' - . - ' - . - ' - . -
back, hide of the wild (3.10657), alt: 2.50797 -> :
    cloak of clarity (3.50247) : +0.140499 %, alt : +3.58338, from: aq40
    shroud of pure thought (2.30673) : -0.283847 %, alt : +2.74734, from: bwl
- . - ' - . - ' - . - ' - . - ' - . - ' - . -
chest, truefaith vestments (4.85785), alt: 3.94879 -> :
    robes of the guardian saint (5.22778) : +0.131271 %, alt : +5.18259, from: aq40
    robes of transcendence (3.96985) : -0.315106 %, alt : +4.77066, from: bwl
    robes of the exalted (5.20398) : +0.122824 %, alt : +3.81911, from: pre-raid
- . - ' - . - ' - . - ' - . - ' - . - ' - . -
wrists, vambraces of prophecy (1.15118), alt: 4.58426 (s: 2.10462) -> :
    vambraces of prophecy (1.15118) : +0 %, alt : +4.58426 (s: 2.10462), from: mc
    bracelets of royal redemption (1.65057) : +0.176975 %, alt : +3.34538, from: aq40
    bindings of transcendence (1.49139) : +0.120565 %, alt : +2.85831, from: bwl
    zandalar confessor's wraps (1.01349) : -0.048797 %, alt : +2.18157, from: zg
- . - ' - . - ' - . - ' - . - ' - . - ' - . -
two-hand, benediction (0.26828), alt: 7.16409 -> :
    scepter of the false prophet and sartura's might (2.33301) : +0.731011 %, alt : +13.2727, from: aq40, aq40
    scepter of the false prophet and lei of the lifegiver (2.40991) : +0.758238 %, alt : +12.7201, from: aq40, av rep
    scepter of the false prophet and trance stone (2.08701) : +0.643914 %, alt : +11.8941, from: aq40, emeriss; lethon; taerar; ysondre
    scepter of the false prophet and brightly glowing stone (2.14624) : +0.664886 %, alt : +11.6875, from: aq40, pre-raid
    blessed qiraji augur staff (0.836121) : +0.201042 %, alt : +9.44542, from: aq40
    lok'amir il romathis and sartura's might (-0.0487976) : -0.11226 %, alt : +8.4805, from: bwl, aq40
    gavel of infinite wisdom and sartura's might (0.256683) : -0.00410577 %, alt : +8.45281, from: aq20, aq40
    lok'amir il romathis and lei of the lifegiver (0.417816) : +0.0529428 %, alt : +7.92785, from: bwl, av rep
    gavel of infinite wisdom and lei of the lifegiver (0.72702) : +0.162416 %, alt : +7.90016, from: aq20, av rep
    lok'amir il romathis and brightly glowing stone (0.492096) : +0.0792413 %, alt : +6.89526, from: bwl, pre-raid
    sorcerous dagger and trance stone (2.79819) : +0.895706 %, alt : +3.80852, from: mc, emeriss; lethon; taerar; ysondre
    witchblade and trance stone (2.3848) : +0.749346 %, alt : +3.01232, from: pre-raid, emeriss; lethon; taerar; ysondre
    hypnotic blade and trance stone (2.14072) : +0.66293 %, alt : +2.89329, from: pre-raid, emeriss; lethon; taerar; ysondre
    lorespinner and trance stone (1.46982) : +0.425401 %, alt : +2.73544, from: pre-raid, emeriss; lethon; taerar; ysondre
    gift of the elven magi and trance stone (1.50452) : +0.437686 %, alt : +2.70617, from: pre-raid (strat live: balnazzar), emeriss; lethon; taerar; ysondre
    hypnotic blade and brightly glowing stone (1.32932) : +0.375656 %, alt : +2.68673, from: pre-raid, pre-raid
    lorespinner and brightly glowing stone (2.26434) : +0.7067 %, alt : +2.52888, from: pre-raid, pre-raid
    gift of the elven magi and brightly glowing stone (2.2951) : +0.717591 %, alt : +2.49962, from: pre-raid (strat live: balnazzar), pre-raid
    scepter of the unholy and trance stone (0.679016) : +0.14542 %, alt : +1.90642, from: pre-raid, emeriss; lethon; taerar; ysondre
    scepter of the unholy and brightly glowing stone (0.803497) : +0.189492 %, alt : +1.69986, from: pre-raid, pre-raid
- . - ' - . - ' - . - ' - . - ' - . - ' - . -
ranged, dragon's touch (0.156128), alt: 0.969727 -> :
    antenna of invigoration (1.30716) : +0.409577 %, alt : +1.12611, from: aq20
    lunar wand of healing (1.49786) : +0.477437 %, alt : +0.918845, from: random green
    essence gatherer (0.488983) : +0.118442 %, alt : +0.900721, from: bwl
- . - ' - . - ' - . - ' - . - ' - . - ' - . -
hands, handguards of transcendence (3.44009), alt: 2.99796 -> :
    gloves of prophecy (3.2955) : -0.0512149 %, alt : +4.9476 (s: 2.10462), from: mc
    gloves of dark wisdom (3.40094) : -0.0138684 %, alt : +3.2606, from: aq20
    gloves of the messiah (3.58908) : +0.0527714 %, alt : +3.16945, from: aq40
    gloves of delusional power (3.6456) : +0.0727904 %, alt : +2.66171, from: emeriss; lethon; taerar; ysondre
    dark storm gauntlets (3.49731) : +0.0202676 %, alt : +2.56744, from: aq40
- . - ' - . - ' - . - ' - . - ' - . - ' - . -
waist, zandalar confessor's bindings (2.81378), alt: 2.79401 -> :
    grasp of the old god (4.69513) : +0.671194 %, alt : +4.50371, from: aq40
    belt of transcendence (2.84399) : +0.0107786 %, alt : +3.03035, from: bwl
    firemaw's clutch (2.73959) : -0.0264676 %, alt : +2.79789, from: bwl
    zandalar confessor's bindings (2.81378) : +0 %, alt : +2.794, from: zg
- . - ' - . - ' - . - ' - . - ' - . - ' - . -
legs, empowered leggings (5.97803), alt: 5.14633 -> :
    pants of prophecy (2.09174) : -1.37724 %, alt : +3.73177, from: mc
- . - ' - . - ' - . - ' - . - ' - . - ' - . -
feet, boots of prophecy (0.812195), alt: 2.42148 -> :
    boots of pure thought (4.25378) : +1.2347 %, alt : +3.98522, from: bwl
    boots of transcendence (2.62521) : +0.650437 %, alt : +3.21844, from: bwl
    treads of the wandering nomand (2.29169) : +0.530781 %, alt : +3.1468, from: aq20
    footwraps of the oracle (1.46289) : +0.233443 %, alt : +2.68829, from: aq40
    boots of epiphany (2.11206) : +0.466339 %, alt : +2.66097, from: aq40
- . - ' - . - ' - . - ' - . - ' - . - ' - . -
finger, primalist's seal (1.75275), alt: 2.32153 -> :
    pure elementium band (2.73465) : +0.349314 %, alt : +3.38227, from: bwl
    ring of the martyr (2.69672) : +0.33582 %, alt : +2.83891, from: aq40
    cauterizing band (2.83853) : +0.386271 %, alt : +2.8074, from: mc
    fordring's seal (1.93893) : +0.0662367 %, alt : +1.98905, from: pre-raid
- . - ' - . - ' - . - ' - . - ' - . - ' - . -
finger 2, pure elementium band (3.73868), alt: 3.38226 -> :
- . - ' - . - ' - . - ' - . - ' - . - ' - . -
trinket, rejuvenating gem (5.05121), alt: 3.92471 -> :
    hazza'rah's charm of healing (0) : -1.79007 %, alt : +8.50923, from: zg
    darkmoon card: blue dragon (0.661713) : -1.55557 %, alt : +4.64766, from: 
- . - ' - . - ' - . - ' - . - ' - . - ' - . -
trinket 2, hazza'rah's charm of healing (6.8186), alt: 8.50925 -> :
    hazza'rah's charm of healing (6.8186) : +0 %, alt : +8.50923, from: zg
    darkmoon card: blue dragon (0.214569) : -2.34036 %, alt : +4.64766, from: 
- - - - - - - - - - - - - - - - - - - - - - - - - - - - - - - - - - - - - - - - - 
| Upgrades at start level, from start item to candidate, partial bonuses: 1: |
  alt scores are from least squares fit, special score from e.g. set bonuses as s are part of em
. . . . . . . . . . . . . . . . . . . . . . . . . . . . . . . . . . . . . . . . . 
- . - ' - . - ' - . - ' - . - ' - . - ' - . -
head, halo of transcendence (-3.44196), alt: 4.57855 -> :
    crystal adorned crown (-0.498932) : +1.07588 %, alt : +5.51605, from: azuregos
    don rigoberto's lost hat (-0.780975) : +0.972775 %, alt : +5.4193, from: aq40
    halo of transcendence (-3.44196) : +0 %, alt : +4.57855, from: onyxia
    zulian headdress (-1.35568) : +0.762679 %, alt : +3.91092, from: zg
    tiara of the oracle (-1.55106) : +0.691256 %, alt : +3.84334, from: aq40
    dustwind turban (-1.48593) : +0.715064 %, alt : +3.68418, from: aq20
    mish'undare circlet of mind flayer (-1.61572) : +0.667616 %, alt : +3.38663, from: bwl
    eternal crown of healing (1.02802) : +1.63409 %, alt : +2.9403, from: random green
    circlet of prophecy (-0.677734) : +1.01052 %, alt : +2.89762, from: mc
- . - ' - . - ' - . - ' - . - ' - . - ' - . -
neck, jin'do's evil eye (-1.54251), alt: 2.87906 -> :
    amulet of the fallen god (0.242767) : +0.652644 %, alt : +3.84995, from: aq40
    angelista's charm (-0.176849) : +0.499245 %, alt : +2.82897, from: aq40
    amulet of the shifting sands (-1.44608) : +0.0352539 %, alt : +2.70836, from: aq20
    wavefront necklace (-1.10788) : +0.158888 %, alt : +2.24301, from: silithus
    the all-seeing eye of zuldazar (-0.146271) : +0.510424 %, alt : +1.7693, from: zg
- . - ' - . - ' - . - ' - . - ' - . - ' - . -
shoulders, mantle of prophecy (-1.39478), alt: 2.84933 (s: 0.701541) -> :
    ternary mantle (0.192444) : +0.58024 %, alt : +3.74261, from: aq40
    pauldrons of transcendence (0.576538) : +0.720653 %, alt : +3.12009, from: bwl
    zandalar confessor's mantle (-0.0886536) : +0.477479 %, alt : +2.95227, from: zg
    mantle of the oracle (-1.31564) : +0.0289283 %, alt : +2.66828, from: aq40
- . - ' - . - ' - . - ' - . - ' - . - ' - . -
back, hide of the wild (-1.2193), alt: 2.50797 -> :
    cloak of clarity (-0.988556) : +0.0843529 %, alt : +3.58338, from: aq40
    shroud of pure thought (-0.741608) : +0.17463 %, alt : +2.74734, from: bwl
    drape of benediction (-0.386719) : +0.304367 %, alt : +2.47127, from: azuregos
    shroud of infinite wisdom (-1.01297) : +0.0754278 %, alt : +2.31819, from: aq20
    hakkari loa cloak (-0.629669) : +0.215551 %, alt : +2.15828, from: zg
    cloak of the brood lord (-0.260803) : +0.350397 %, alt : +2.09612, from: bwl
- . - ' - . - ' - . - ' - . - ' - . - ' - . -
chest, truefaith vestments (-1.01532), alt: 3.94879 -> :
    robes of the guardian saint (-0.63266) : +0.139889 %, alt : +5.18259, from: aq40
    robes of transcendence (0.139923) : +0.422322 %, alt : +4.77066, from: bwl
    robes of the exalted (-0.780334) : +0.0859036 %, alt : +3.81911, from: pre-raid
    vestments of the oracle (0.144287) : +0.423918 %, alt : +3.70348, from: aq40
- . - ' - . - ' - . - ' - . - ' - . - ' - . -
wrists, vambraces of prophecy (-2.18198), alt: 3.21628 (s: 0.701541) -> :
    bracelets of royal redemption (0.109924) : +0.83785 %, alt : +3.34538, from: aq40
    vambraces of prophecy (-2.18198) : +0 %, alt : +3.21627 (s: 0.701541), from: mc
    bindings of transcendence (-1.76794) : +0.151358 %, alt : +2.85831, from: bwl
    zandalar confessor's wraps (-1.22449) : +0.350029 %, alt : +2.18157, from: zg
- . - ' - . - ' - . - ' - . - ' - . - ' - . -
two-hand, benediction (-3.40198), alt: 7.16409 -> :
    scepter of the false prophet and sartura's might (2.85086) : +2.28585 %, alt : +13.2727, from: aq40, aq40
    scepter of the false prophet and lei of the lifegiver (2.99557) : +2.33875 %, alt : +12.7201, from: aq40, av rep
    scepter of the false prophet and trance stone (0.706085) : +1.50178 %, alt : +11.8941, from: aq40, emeriss; lethon; taerar; ysondre
    scepter of the false prophet and brightly glowing stone (1.98401) : +1.96896 %, alt : +11.6875, from: aq40, pre-raid
    blessed qiraji augur staff (-1.37097) : +0.742475 %, alt : +9.44542, from: aq40
    lok'amir il romathis and sartura's might (-1.28168) : +0.775118 %, alt : +8.4805, from: bwl, aq40
    gavel of infinite wisdom and sartura's might (-1.13748) : +0.827832 %, alt : +8.45281, from: aq20, aq40
    lok'amir il romathis and lei of the lifegiver (-0.726288) : +0.978152 %, alt : +7.92785, from: bwl, av rep
    gavel of infinite wisdom and lei of the lifegiver (-1.81857) : +0.578845 %, alt : +7.90016, from: aq20, av rep
    lok'amir il romathis and trance stone (-2.58817) : +0.297505 %, alt : +7.10182, from: bwl, emeriss; lethon; taerar; ysondre
    lok'amir il romathis and brightly glowing stone (-3.03165) : +0.135382 %, alt : +6.89526, from: bwl, pre-raid
    gavel of infinite wisdom and brightly glowing stone (-1.65848) : +0.637371 %, alt : +6.86757, from: aq20, pre-raid
    staff of the shadow flame (-2.14423) : +0.459796 %, alt : +6.25904, from: bwl
    jin'do's hexxer and sartura's might (-2.47745) : +0.337981 %, alt : +6.17794, from: zg, aq40
    fang of the mystics and sartura's might (-2.96701) : +0.159011 %, alt : +6.1271, from: azuregos, aq40
    staff of rampant growth (-1.88678) : +0.553911 %, alt : +5.87544, from: emeriss; lethon; taerar; ysondre
    fang of venoxis and sartura's might (-3.21072) : +0.0699166 %, alt : +5.66682, from: zg, aq40
    jin'do's hexxer and lei of the lifegiver (-2.71771) : +0.250147 %, alt : +5.62529, from: zg, av rep
    fang of the mystics and lei of the lifegiver (-2.5311) : +0.318368 %, alt : +5.57444, from: azuregos, av rep
    aurastone hammer and sartura's might (-2.37494) : +0.375455 %, alt : +5.5079, from: mc, aq40
    stinger of ayamiss and sartura's might (-2.30884) : +0.399619 %, alt : +5.37313, from: aq20, aq40
    zulian scepter of rites and sartura's might (-2.31479) : +0.397444 %, alt : +5.33899, from: zg, aq40
    wushoolay's poker and sartura's might (-2.82025) : +0.212662 %, alt : +5.30434, from: zg, aq40
    sorcerous dagger and sartura's might (-2.75458) : +0.23667 %, alt : +5.1872, from: mc, aq40
    fang of venoxis and lei of the lifegiver (-2.3447) : +0.38651 %, alt : +5.11416, from: zg, av rep
    aurastone hammer and lei of the lifegiver (-2.60147) : +0.292641 %, alt : +4.95524, from: mc, av rep
    stinger of ayamiss and lei of the lifegiver (-2.65167) : +0.274289 %, alt : +4.82048, from: aq20, av rep
    jin'do's hexxer and trance stone (-1.99689) : +0.513659 %, alt : +4.79926, from: zg, emeriss; lethon; taerar; ysondre
    zulian scepter of rites and lei of the lifegiver (-2.54236) : +0.314251 %, alt : +4.78634, from: zg, av rep
    wushoolay's poker and lei of the lifegiver (-2.30505) : +0.401002 %, alt : +4.75168, from: zg, av rep
    fang of the mystics and trance stone (-2.90567) : +0.181435 %, alt : +4.74841, from: azuregos, emeriss; lethon; taerar; ysondre
    the hammer of grace and sartura's might (-2.41321) : +0.361465 %, alt : +4.70932, from: pre-raid, aq40
    sorcerous dagger and lei of the lifegiver (-2.84323) : +0.204261 %, alt : +4.63455, from: mc, av rep
    jin'do's hexxer and brightly glowing stone (-1.67865) : +0.629997 %, alt : +4.5927, from: zg, pre-raid
    fang of the mystics and brightly glowing stone (-2.43481) : +0.353566 %, alt : +4.54186, from: azuregos, pre-raid
    witchblade and sartura's might (-3.15582) : +0.0899868 %, alt : +4.39101, from: pre-raid, aq40
    hypnotic blade and sartura's might (-3.246) : +0.0570199 %, alt : +4.27198, from: pre-raid, aq40
    the hammer of grace and lei of the lifegiver (-1.8858) : +0.554268 %, alt : +4.15666, from: pre-raid, av rep
    aurastone hammer and trance stone (-3.07092) : +0.121024 %, alt : +4.12921, from: mc, emeriss; lethon; taerar; ysondre
    gift of the elven magi and sartura's might (-3.00928) : +0.143559 %, alt : +4.08486, from: pre-raid (strat live: balnazzar), aq40
    fang of venoxis and brightly glowing stone (-3.20572) : +0.0717462 %, alt : +4.08157, from: zg, pre-raid
    stinger of ayamiss and trance stone (-2.18524) : +0.444802 %, alt : +3.99445, from: aq20, emeriss; lethon; taerar; ysondre
    zulian scepter of rites and trance stone (-2.95898) : +0.161945 %, alt : +3.96031, from: zg, emeriss; lethon; taerar; ysondre
    aurastone hammer and brightly glowing stone (-2.64069) : +0.278305 %, alt : +3.92265, from: mc, pre-raid
    witchblade and lei of the lifegiver (-2.56042) : +0.307646 %, alt : +3.83835, from: pre-raid, av rep
    sorcerous dagger and trance stone (-2.20746) : +0.43668 %, alt : +3.80852, from: mc, emeriss; lethon; taerar; ysondre
    stinger of ayamiss and brightly glowing stone (-2.24423) : +0.423237 %, alt : +3.78789, from: aq20, pre-raid
    zulian scepter of rites and brightly glowing stone (-2.5806) : +0.300272 %, alt : +3.75375, from: zg, pre-raid
    hypnotic blade and lei of the lifegiver (-2.65063) : +0.274668 %, alt : +3.71932, from: pre-raid, av rep
    wushoolay's poker and brightly glowing stone (-2.60986) : +0.289573 %, alt : +3.71909, from: zg, pre-raid
    sorcerous dagger and brightly glowing stone (-1.96112) : +0.526734 %, alt : +3.60196, from: mc, pre-raid
    lorespinner and lei of the lifegiver (-2.91647) : +0.177486 %, alt : +3.56146, from: pre-raid, av rep
    gift of the elven magi and lei of the lifegiver (-3.2739) : +0.046823 %, alt : +3.5322, from: pre-raid (strat live: balnazzar), av rep
    the hammer of grace and trance stone (-2.60721) : +0.290544 %, alt : +3.33063, from: pre-raid, emeriss; lethon; taerar; ysondre
    scepter of the unholy and sartura's might (-3.00943) : +0.143504 %, alt : +3.28511, from: pre-raid, aq40
    the hammer of grace and brightly glowing stone (-1.59448) : +0.660766 %, alt : +3.12407, from: pre-raid, pre-raid
    witchblade and trance stone (-2.62872) : +0.282679 %, alt : +3.01232, from: pre-raid, emeriss; lethon; taerar; ysondre
    hypnotic blade and trance stone (-2.98734) : +0.151581 %, alt : +2.89329, from: pre-raid, emeriss; lethon; taerar; ysondre
    witchblade and brightly glowing stone (-2.00641) : +0.510178 %, alt : +2.80576, from: pre-raid, pre-raid
    lorespinner and trance stone (-1.43182) : +0.720229 %, alt : +2.73544, from: pre-raid, emeriss; lethon; taerar; ysondre
    scepter of the unholy and lei of the lifegiver (-1.90347) : +0.547808 %, alt : +2.73245, from: pre-raid, av rep
    gift of the elven magi and trance stone (-1.41168) : +0.727592 %, alt : +2.70617, from: pre-raid (strat live: balnazzar), emeriss; lethon; taerar; ysondre
    hypnotic blade and brightly glowing stone (-2.22171) : +0.43147 %, alt : +2.68673, from: pre-raid, pre-raid
    lorespinner and brightly glowing stone (-2.82257) : +0.211814 %, alt : +2.52888, from: pre-raid, pre-raid
    gift of the elven magi and brightly glowing stone (-2.80228) : +0.219233 %, alt : +2.49962, from: pre-raid (strat live: balnazzar), pre-raid
    scepter of the unholy and trance stone (-1.46222) : +0.709118 %, alt : +1.90642, from: pre-raid, emeriss; lethon; taerar; ysondre
    scepter of the unholy and brightly glowing stone (-2.85281) : +0.200758 %, alt : +1.69986, from: pre-raid, pre-raid
- . - ' - . - ' - . - ' - . - ' - . - ' - . -
ranged, dragon's touch (-0.753723), alt: 0.969727 -> :
    antenna of invigoration (0.0721741) : +0.301923 %, alt : +1.12611, from: aq20
    lunar wand of healing (1.13568) : +0.69071 %, alt : +0.918845, from: random green
    essence gatherer (-0.10199) : +0.238254 %, alt : +0.900721, from: bwl
- . - ' - . - ' - . - ' - . - ' - . - ' - . -
hands, handguards of transcendence (-3.35617), alt: 2.99796 -> :
    gloves of dark wisdom (-2.10001) : +0.459216 %, alt : +3.2606, from: aq20
    gloves of the messiah (-2.06168) : +0.473228 %, alt : +3.16945, from: aq40
    handguards of transcendence (-3.35617) : +0 %, alt : +2.99796, from: bwl
    gloves of prophecy (-2.14886) : +0.441355 %, alt : +2.88976, from: mc
    hands of the exalted herald (-1.74094) : +0.590481 %, alt : +2.71073, from: pre-raid
    gloves of delusional power (-0.983215) : +0.867481 %, alt : +2.66171, from: emeriss; lethon; taerar; ysondre
    dark storm gauntlets (-1.45767) : +0.694034 %, alt : +2.56744, from: aq40
- . - ' - . - ' - . - ' - . - ' - . - ' - . -
waist, zandalar confessor's bindings (-1.73865), alt: 3.85068 -> :
    grasp of the old god (-0.0906677) : +0.602452 %, alt : +4.50371, from: aq40
    zandalar confessor's bindings (-1.73865) : +0 %, alt : +3.85067, from: zg
    belt of transcendence (-0.48819) : +0.45713 %, alt : +3.03035, from: bwl
    firemaw's clutch (-0.839325) : +0.328765 %, alt : +2.79789, from: bwl
    whipvine cord (-1.06519) : +0.246198 %, alt : +2.48194, from: pre-raid
- . - ' - . - ' - . - ' - . - ' - . - ' - . -
legs, empowered leggings (0.105804), alt: 5.14633 -> :
    leggings of transcendence (2.06659) : +0.716804 %, alt : +4.79693, from: mc
    trousers of the oracle (0.642212) : +0.196095 %, alt : +4.01576, from: aq40
    pants of prophecy (0.451843) : +0.126501 %, alt : +3.77855, from: mc
    padre's trousers (0.797028) : +0.25269 %, alt : +3.68136, from: pre-raid
- . - ' - . - ' - . - ' - . - ' - . - ' - . -
feet, boots of prophecy (-1.6846), alt: 3.15811 (s: 0.701541) -> :
    boots of pure thought (-0.670898) : +0.370579 %, alt : +3.98522, from: bwl
    boots of transcendence (0.272522) : +0.715465 %, alt : +3.21844, from: bwl
    treads of the wandering nomand (0.249176) : +0.706931 %, alt : +3.1468, from: aq20
    footwraps of the oracle (-2.18732) : -0.183778 %, alt : +2.68829, from: aq40
    boots of epiphany (0.167328) : +0.67701 %, alt : +2.66097, from: aq40
- . - ' - . - ' - . - ' - . - ' - . - ' - . -
finger, primalist's seal (-1.43164), alt: 3.07959 -> :
    pure elementium band (-0.934906) : +0.181591 %, alt : +3.38227, from: bwl
    primalist's seal (-1.43164) : +0 %, alt : +3.07959, from: zg
    ring of the martyr (-0.616455) : +0.298007 %, alt : +2.83891, from: aq40
    cauterizing band (-1.39767) : +0.012417 %, alt : +2.8074, from: mc
    ring of the devoured (0.0101929) : +0.527091 %, alt : +2.2344, from: aq40
    fordring's seal (-0.722534) : +0.259228 %, alt : +1.98905, from: pre-raid
    rosewine circle (-0.723267) : +0.25896 %, alt : +1.82818, from: pre-raid
    ring of blackrock (0.224121) : +0.605297 %, alt : +1.76544, from: bwl
    band of sulfuras (-0.370758) : +0.387827 %, alt : +1.69923, from: mc
    band of forced concentration (0.234985) : +0.609269 %, alt : +1.65885, from: bwl
    band of servitude (0.358673) : +0.654485 %, alt : +1.57722, from: zg
    ring of spellpower (-0.350525) : +0.395224 %, alt : +1.51609, from: mc
    maiden's circle (0.418945) : +0.676519 %, alt : +1.4532, from: pre-raid
    mindtear band (-0.171722) : +0.460588 %, alt : +1.387, from: taerar
    eye of orgrimmar (0.418945) : +0.676519 %, alt : +1.37941, from: pre-raid
- . - ' - . - ' - . - ' - . - ' - . - ' - . -
finger 2, pure elementium band (-1.61551), alt: 3.38226 -> :
    primalist's seal (-0.380524) : +0.451474 %, alt : +3.07959, from: zg
    ring of the martyr (-0.705383) : +0.332715 %, alt : +2.83891, from: aq40
    cauterizing band (-0.860931) : +0.275851 %, alt : +2.8074, from: mc
    ring of the devoured (-1.45428) : +0.0589388 %, alt : +2.2344, from: aq40
    fordring's seal (-0.740814) : +0.319762 %, alt : +1.98905, from: pre-raid
    primalist's band (-1.43085) : +0.0675068 %, alt : +1.93145, from: zg
    rosewine circle (-0.533844) : +0.395424 %, alt : +1.82818, from: pre-raid
    ring of blackrock (-0.253143) : +0.49804 %, alt : +1.76544, from: bwl
    band of sulfuras (-0.901123) : +0.261158 %, alt : +1.69923, from: mc
    band of forced concentration (-0.0335388) : +0.578321 %, alt : +1.65885, from: bwl
    band of servitude (-0.136566) : +0.540657 %, alt : +1.57722, from: zg
    ring of spellpower (-0.233673) : +0.505158 %, alt : +1.51609, from: mc
    maiden's circle (-0.212463) : +0.512911 %, alt : +1.4532, from: pre-raid
    mindtear band (0.00793457) : +0.593482 %, alt : +1.387, from: taerar
    eye of orgrimmar (-0.212463) : +0.512911 %, alt : +1.37941, from: pre-raid
    seal of the archmagus (-1.42599) : +0.0692807 %, alt : +1.33958, from: mc
    seal of rivendare (-0.911926) : +0.257209 %, alt : +1.24152, from: pre-raid
    ring of demonic guile (-1.43085) : +0.0675068 %, alt : +1.17341, from: pre-raid
    zanzil's seal (-1.18323) : +0.158029 %, alt : +1.08375, from: zg
    emerald flame ring (-0.936432) : +0.24825 %, alt : +0.989218, from: pre-raid
    band of the hierophant (-0.946289) : +0.244647 %, alt : +0.984226, from: pre-raid
    cyclopean band (-0.502167) : +0.407005 %, alt : +0.965928, from: pre-raid
    magus ring (-0.936432) : +0.24825 %, alt : +0.952324, from: pre-raid
    dragonslayer's signet (-0.754364) : +0.314809 %, alt : +0.944667, from: onyxia
    royal seal of alexis (-0.946289) : +0.244647 %, alt : +0.873542, from: pre-raid
    blood of the martyr (-0.946289) : +0.244647 %, alt : +0.578384, from: pre-raid
    zanzil's band (-0.98175) : +0.231683 %, alt : +0.396681, from: zg
    ring of binding (0) : +0.590582 %, alt : +0, from: onyxia
- . - ' - . - ' - . - ' - . - ' - . - ' - . -
trinket, rejuvenating gem (-0.618011), alt: 3.92471 -> :
    hazza'rah's charm of healing (0) : +0.225926 %, alt : +8.50923, from: zg
    darkmoon card: blue dragon (-1.40414) : -0.287387 %, alt : +4.64766, from: 
- . - ' - . - ' - . - ' - . - ' - . - ' - . -
trinket 2, hazza'rah's charm of healing (3.01572), alt: 8.50925 -> :
    hazza'rah's charm of healing (3.01572) : +0 %, alt : +8.50923, from: zg
    darkmoon card: blue dragon (-2.173) : -1.89684 %, alt : +4.64766, from: 
- - - - - - - - - - - - - - - - - - - - - - - - - - - - - - - - - - - - - - - - - 
| Upgrades at start level, from start item to candidate, partial bonuses: 0: |
  alt scores are from least squares fit, special score from e.g. set bonuses as s are part of em
. . . . . . . . . . . . . . . . . . . . . . . . . . . . . . . . . . . . . . . . . 
- . - ' - . - ' - . - ' - . - ' - . - ' - . -
head, halo of transcendence (1.45056), alt: 4.57855 -> :
    crystal adorned crown (1.375) : -0.0272309 %, alt : +5.51605, from: azuregos
    don rigoberto's lost hat (-0.110291) : -0.5625 %, alt : +5.4193, from: aq40
    zulian headdress (2.22089) : +0.27761 %, alt : +3.91092, from: zg
    dustwind turban (1.66) : +0.0754788 %, alt : +3.68418, from: aq20
    mish'undare circlet of mind flayer (1.78131) : +0.119196 %, alt : +3.38663, from: bwl
    eternal crown of healing (1.86411) : +0.149033 %, alt : +2.9403, from: random green
    circlet of prophecy (0.319794) : -0.407507 %, alt : +2.85084, from: mc
- . - ' - . - ' - . - ' - . - ' - . - ' - . -
neck, jin'do's evil eye (3.65189), alt: 2.87906 -> :
    amulet of the fallen god (3.24924) : -0.145107 %, alt : +3.84995, from: aq40
    amulet of the shifting sands (4.14774) : +0.178694 %, alt : +2.70836, from: aq20
    the all-seeing eye of zuldazar (2.82034) : -0.299672 %, alt : +1.7693, from: zg
- . - ' - . - ' - . - ' - . - ' - . - ' - . -
shoulders, mantle of prophecy (0.761871), alt: 4.21735 (s: 2.10462) -> :
    ternary mantle (0.527069) : -0.0846181 %, alt : +3.74261, from: aq40
    pauldrons of transcendence (-1.89059) : -0.955897 %, alt : +3.12009, from: bwl
    zandalar confessor's mantle (1.17072) : +0.147339 %, alt : +2.95227, from: zg
    mantle of the oracle (1.43011) : +0.240822 %, alt : +2.66828, from: aq40
- . - ' - . - ' - . - ' - . - ' - . - ' - . -
back, hide of the wild (2.75256), alt: 2.50797 -> :
    cloak of clarity (1.005) : -0.629786 %, alt : +3.58338, from: aq40
    shroud of pure thought (2.97034) : +0.0784813 %, alt : +2.74734, from: bwl
    drape of benediction (2.84253) : +0.0324219 %, alt : +2.47127, from: azuregos
- . - ' - . - ' - . - ' - . - ' - . - ' - . -
chest, truefaith vestments (0.977783), alt: 3.94879 -> :
    robes of the guardian saint (0.544342) : -0.156204 %, alt : +5.18259, from: aq40
    robes of transcendence (-2.31393) : -1.18627 %, alt : +4.77066, from: bwl
    robes of the exalted (1.57944) : +0.216824 %, alt : +3.81911, from: pre-raid
- . - ' - . - ' - . - ' - . - ' - . - ' - . -
wrists, vambraces of prophecy (3.07047), alt: 4.58426 (s: 2.10462) -> :
    vambraces of prophecy (3.07047) : +0 %, alt : +4.58426 (s: 2.10462), from: mc
    bracelets of royal redemption (2.99127) : -0.0285396 %, alt : +3.34538, from: aq40
    bindings of transcendence (-0.495056) : -1.28494 %, alt : +2.85831, from: bwl
    zandalar confessor's wraps (2.97821) : -0.0332468 %, alt : +2.18157, from: zg
- . - ' - . - ' - . - ' - . - ' - . - ' - . -
two-hand, benediction (8.22903), alt: 7.16409 -> :
    scepter of the false prophet and sartura's might (9.31232) : +0.390394 %, alt : +13.2727, from: aq40, aq40
    scepter of the false prophet and lei of the lifegiver (9.41095) : +0.425939 %, alt : +12.7201, from: aq40, av rep
    scepter of the false prophet and trance stone (8.1694) : -0.02149 %, alt : +11.8941, from: aq40, emeriss; lethon; taerar; ysondre
    scepter of the false prophet and brightly glowing stone (9.30853) : +0.38903 %, alt : +11.6875, from: aq40, pre-raid
    blessed qiraji augur staff (7.42502) : -0.289752 %, alt : +9.44542, from: aq40
    lok'amir il romathis and sartura's might (8.93842) : +0.255647 %, alt : +8.4805, from: bwl, aq40
    gavel of infinite wisdom and sartura's might (8.05823) : -0.0615555 %, alt : +8.45281, from: aq20, aq40
    lok'amir il romathis and lei of the lifegiver (8.74094) : +0.184479 %, alt : +7.92785, from: bwl, av rep
    gavel of infinite wisdom and lei of the lifegiver (9.16565) : +0.337538 %, alt : +7.90016, from: aq20, av rep
    gavel of infinite wisdom and trance stone (8.2742) : +0.0162769 %, alt : +7.07413, from: aq20, emeriss; lethon; taerar; ysondre
    lok'amir il romathis and brightly glowing stone (9.23807) : +0.363636 %, alt : +6.89526, from: bwl, pre-raid
    stinger of ayamiss and sartura's might (8.26721) : +0.0137584 %, alt : +5.37313, from: aq20, aq40
- . - ' - . - ' - . - ' - . - ' - . - ' - . -
ranged, dragon's touch (-0.31604), alt: 0.969727 -> :
    antenna of invigoration (0.413757) : +0.263005 %, alt : +1.12611, from: aq20
    lunar wand of healing (-0.293701) : +0.00805049 %, alt : +0.918845, from: random green
    essence gatherer (-0.229523) : +0.0311792 %, alt : +0.900721, from: bwl
- . - ' - . - ' - . - ' - . - ' - . - ' - . -
hands, handguards of transcendence (3.14136), alt: 2.99796 -> :
    gloves of dark wisdom (3.72562) : +0.210556 %, alt : +3.2606, from: aq20
    gloves of the messiah (1.92319) : -0.439005 %, alt : +3.16945, from: aq40
    gloves of prophecy (2.98846) : -0.0550997 %, alt : +2.84298, from: mc
    hands of the exalted herald (3.48349) : +0.123298 %, alt : +2.71073, from: pre-raid
    gloves of delusional power (3.27402) : +0.047808 %, alt : +2.66171, from: emeriss; lethon; taerar; ysondre
    dark storm gauntlets (3.98703) : +0.304764 %, alt : +2.56744, from: aq40
- . - ' - . - ' - . - ' - . - ' - . - ' - . -
waist, zandalar confessor's bindings (3.25537), alt: 3.85068 -> :
    grasp of the old god (3.29654) : +0.0148362 %, alt : +4.50371, from: aq40
    zandalar confessor's bindings (3.25537) : +0 %, alt : +3.85067, from: zg
- . - ' - . - ' - . - ' - . - ' - . - ' - . -
legs, empowered leggings (5.16754), alt: 5.14633 -> :
    pants of prophecy (5.01913) : -0.053483 %, alt : +3.73177, from: mc
- . - ' - . - ' - . - ' - . - ' - . - ' - . -
feet, boots of prophecy (2.23337), alt: 4.52609 (s: 2.10462) -> :
    boots of pure thought (1.80374) : -0.154829 %, alt : +3.98522, from: bwl
    boots of transcendence (-0.433868) : -0.96122 %, alt : +3.21844, from: bwl
    treads of the wandering nomand (1.8678) : -0.131744 %, alt : +3.1468, from: aq20
    footwraps of the oracle (2.42621) : +0.069496 %, alt : +2.68829, from: aq40
    boots of epiphany (2.02011) : -0.0768536 %, alt : +2.66097, from: aq40
- . - ' - . - ' - . - ' - . - ' - . - ' - . -
finger, primalist's seal (1.33224), alt: 2.32153 -> :
    pure elementium band (2.09457) : +0.274728 %, alt : +3.38227, from: bwl
    ring of the martyr (2.16568) : +0.300354 %, alt : +2.83891, from: aq40
    cauterizing band (1.48947) : +0.0566614 %, alt : +2.8074, from: mc
    fordring's seal (2.63626) : +0.469942 %, alt : +1.98905, from: pre-raid
    rosewine circle (1.61685) : +0.102567 %, alt : +1.82818, from: pre-raid
    ring of blackrock (1.36316) : +0.0111409 %, alt : +1.76544, from: bwl
    band of servitude (1.41092) : +0.0283527 %, alt : +1.57722, from: zg
    ring of spellpower (1.96024) : +0.226316 %, alt : +1.51609, from: mc
    mindtear band (2.06976) : +0.265787 %, alt : +1.387, from: taerar
    eye of orgrimmar (1.5791) : +0.0889623 %, alt : +1.37941, from: pre-raid
- . - ' - . - ' - . - ' - . - ' - . - ' - . -
finger 2, pure elementium band (2.42178), alt: 3.38226 -> :
    ring of the martyr (2.57434) : +0.0549787 %, alt : +2.83891, from: aq40
    cauterizing band (2.94623) : +0.189 %, alt : +2.8074, from: mc
    band of sulfuras (2.62653) : +0.0737852 %, alt : +1.69923, from: mc
    ring of demonic guile (2.63852) : +0.0781073 %, alt : +1.17341, from: pre-raid
    primalist's band (2.63852) : +0.0781073 %, alt : +1.17341, from: zg
- . - ' - . - ' - . - ' - . - ' - . - ' - . -
trinket, rejuvenating gem (3.99112), alt: 3.92471 -> :
    hazza'rah's charm of healing (0) : -1.43832 %, alt : +8.50923, from: zg
    darkmoon card: blue dragon (3.81076) : -0.0649978 %, alt : +4.64766, from: 
- . - ' - . - ' - . - ' - . - ' - . - ' - . -
trinket 2, hazza'rah's charm of healing (8.10892), alt: 8.50925 -> :
    hazza'rah's charm of healing (8.10892) : +0 %, alt : +8.50923, from: zg
    darkmoon card: blue dragon (-0.902679) : -3.2476 %, alt : +4.64766, from: 
------------------
Best value: 282.932
