Your call: ./css 4 ../items/phase5.csv ../items/not_for_priests.txt no-locks resist_bwl_speed_phase5 -a ../confs/wcl_bwl_speed_log.csv -l resist_speed.txt 
Found: -a, val: ../confs/wcl_bwl_speed_log.csv
./css 4 ../items/phase5.csv ../items/not_for_priests.txt no-locks resist_bwl_speed_phase5 -l resist_speed.txt 
Found key: buff_fraction, saw val: 1
Found key: healing_from_crit_fraction, saw val: 0.2
Found key: transc8_exists, saw val: 0
Found key: enchantments, saw val: 1
Found key: fort, saw val: 1
Found key: motw, saw val: 1
Found key: spirit, saw val: 1
Found key: ai, saw val: 1
Found key: flask, saw val: 1
Found key: holy_disc, saw val: 0
Found key: min_combat_length, saw val: 2
Found key: max_log_entry_diff_in_combat, saw val: 10
Found key: precast, saw val: 1
Found key: swap_cast, saw val: 1
Found key: time_step, saw val: 0.1
Found key: reaction_time, saw val: 0.1
Found key: skip_player, saw val: Paisti
Found key: use_deficit_time_sum, saw val: 0
Found key: wcl_log, saw val: 1
Found: -l, val: resist_speed.txt
./css 4 ../items/phase5.csv ../items/not_for_priests.txt no-locks resist_bwl_speed_phase5 
Will read log from: resist_speed.txt
./css 4 ../items/phase5.csv ../items/not_for_priests.txt no-locks resist_bwl_speed_phase5 
./css 4 ../items/phase5.csv ../items/not_for_priests.txt no-locks resist_bwl_speed_phase5 
Shuffle seed: 1103967465
Reading banned from: ../items/not_for_priests.txt
Banning: neltharion's tear
Banning: lok'amir il romathis
Banning: choker of the fire lord
Reading WCL parsed log: resist_speed.txt
Saw 20202 lines of log, with 20202 log lines
Sorting by timestamp...
Sorted.
Pruning log from: 20202 entries.
Combat from 0 to 6.17 s
Combat from 50.312 to 61.622 s
Combat from 62.038 to 75.287 s
Combat from 82.275 to 134.931 s
Combat from 144.264 to 175.888 s
Combat from 176.705 to 232.135 s
Combat from 238.269 to 325.321 s
Combat from 339.87 to 356.087 s
Combat from 384.412 to 452.01 s
Combat from 472.629 to 702.154 s
Combat from 726.386 to 753.962 s
Combat from 770.134 to 868.13 s
Combat from 885.517 to 1124.27 s
Combat from 1155.35 to 1274.97 s
Combat from 1288.97 to 1336.51 s
Combat from 1337.6 to 1376.82 s
Pruned to: 20132 entries.
Reading tmp locked from: start_with.txt
Locking: anastari heirloom
Locking: anathema
Locking: animated chain necklace
Locking: argent crusader
Locking: atal'ai gloves of the owl
Locking: ban'thok sash
Locking: banshee finger
Locking: benediction
Locking: blood of the martyr
Locking: briarwood reed
Locking: burial shawl
Locking: clutch of andros
Locking: crimson felt hat
Locking: cyclopean band
Locking: devout belt
Locking: devout bracers
Locking: devout crown
Locking: devout mantle
Locking: devout robe
Locking: devout sandals
Locking: devout skirt
Locking: dragon finger of healing
Locking: dragon finger of intellect
Locking: dragonrider boots
Locking: dragonslayer's signet
Locking: drakefire amulet
Locking: dreadmist mantle
Locking: dreamweave circlet
Locking: dreamweave gloves
Locking: dreamweave vest
Locking: elder magus pendant
Locking: eye of the beast
Locking: fordring's seal
Locking: girdle of prophecy
Locking: gloves of prophecy
Locking: grimgore noose
Locking: halo of transcendence
Locking: heart of the fiend
Locking: hide of the wild
Locking: kentic amice
Locking: magister's robes
Locking: maleki's footwraps
Locking: mindtap talisman
Locking: nature's breath
Locking: necropile boots
Locking: necropile cuffs
Locking: necropile leggings
Locking: necropile mantle
Locking: necropile robe
Locking: noxious shooter
Locking: omnicast boots
Locking: orb of the forgotten seer
Locking: padre's trousers
Locking: penelope's rose
Locking: quel'dorai channeling rod
Locking: raincaster drape
Locking: rainstrider leggings
Locking: ring of demonic guile
Locking: ring of demonic guile
Locking: robes of prophecy
Locking: robes of the exalted
Locking: robes of the royal crown
Locking: rod of corrosion
Locking: rosewine circle
Locking: royal seal of eldre'thalas
Locking: royal tribunal cloak
Locking: sarah's guide
Locking: seal of rivendare
Locking: seal of rivendare
Locking: shadowy laced handwraps
Locking: silkweb gloves
Locking: soulstealer mantle
Locking: spellbound tome
Locking: spritecaster cape
Locking: star of mystaria
Locking: starfire tiara
Locking: stormrager
Locking: sublime wristguards
Locking: the hammer of grace
Locking: the postmaster's treads
Locking: thuzadin sash
Locking: triune amulet
Locking: vinerot sandals
Locking: whipvine cord
Locking: wolfshear leggings
Locking: boots of the full moon
Locking: mantle of prophecy
Locking: dragon's touch
Locking: bindings of transcendence
Locking: shimmering geta
Locking: empowered leggings
Locking: seal of the archmagus
Locking: circlet of prophecy
Locking: boots of prophecy
Locking: pauldrons of transcendence
Locking: primalist's seal
Locking: zandalar confessor's bindings
Locking: zulian headdress
Locking: mar'li's eye
Locking: shroud of pure thought
Locking: belt of transcendence
Locking: jin'do's evil eye
Locking: primalist's band
Locking: zandalarian hero charm
Locking: zandalar confessor's mantle
Locking: zandalar confessor's wraps 
Locking: pure elementium band
Locking: truefaith vestments
Locking: vambraces of prophecy
Locking: hazza'rah's charm of healing
Locking: handguards of transcendence
Locking: boots of transcendence
Optimizing start items...

*** NEW BEST (1): 179.977

*** NEW BEST (1): 182.323

*** NEW BEST (1): 187.065

*** NEW BEST (1): 192.735

*** NEW BEST (1): 197.428

*** NEW BEST (1): 197.863

*** NEW BEST (1): 199.976

*** NEW BEST (1): 202.343

*** NEW BEST (1): 204.977

*** NEW BEST (1): 208.411

*** NEW BEST (1): 219.922

*** NEW BEST (1): 226.043

*** NEW BEST (1): 228.627

*** NEW BEST (1): 232.827

*** NEW BEST (1): 237.421

*** NEW BEST (1): 239.268
*
*** NEW BEST (1): 239.47
*
*** NEW BEST (1): 241.428

*** NEW BEST (1): 242.64

*** NEW BEST (1): 242.747
*
*** NEW BEST (1): 243.388

*** NEW BEST (1): 243.927
********
*** NEW BEST (0): 208.79
Based on last: 3000 entries, out of total: 4010 entries, The least-squares solution is:
Int: 25.6067
Spirit: 16.4001
Sp / Healing: 100
Mp5: 17.7633
Crit: 0
T1 3p/piece: 0
T2 3p/piece: 1434.38
100 points == 1 sp == 0.0523666 hps.
finger 2 : blood of the martyr -> pure elementium band => val: 208.79 -> 211.153

*** NEW BEST (0): 211.153
Based on last: 3000 entries, out of total: 4040 entries, The least-squares solution is:
Int: 26.2834
Spirit: 18.2148
Sp / Healing: 100
Mp5: 23.7747
Crit: 0
T1 3p/piece: 0
T2 3p/piece: 1484.11
100 points == 1 sp == 0.0523977 hps.
neck : animated chain necklace -> jin'do's evil eye => val: 211.153 -> 213.346

*** NEW BEST (0): 213.346
Based on last: 3000 entries, out of total: 4062 entries, The least-squares solution is:
Int: 26.7776
Spirit: 18.5784
Sp / Healing: 100
Mp5: 25.6095
Crit: 0
T1 3p/piece: 0
T2 3p/piece: 1463.43
100 points == 1 sp == 0.0524281 hps.
feet : boots of the full moon -> boots of transcendence => val: 213.346 -> 214.163

*** NEW BEST (0): 214.163
Based on last: 3000 entries, out of total: 4096 entries, The least-squares solution is:
Int: 27.934
Spirit: 19.3509
Sp / Healing: 100
Mp5: 27
Crit: 0
T1 3p/piece: 0
T2 3p/piece: 1443.32
100 points == 1 sp == 0.0523458 hps.
trinket 2 : briarwood reed -> zandalarian hero charm => val: 214.163 -> 214.965

*** NEW BEST (0): 214.965
Based on last: 3000 entries, out of total: 4110 entries, The least-squares solution is:
Int: 26.8204
Spirit: 19.8596
Sp / Healing: 100
Mp5: 27.1066
Crit: 0
T1 3p/piece: 0
T2 3p/piece: 1427.29
100 points == 1 sp == 0.0525822 hps.
waist : ban'thok sash -> zandalar confessor's bindings => val: 214.965 -> 217.374

*** NEW BEST (0): 217.374
Based on last: 3000 entries, out of total: 4152 entries, The least-squares solution is:
Int: 27.577
Spirit: 19.5161
Sp / Healing: 100
Mp5: 28.1183
Crit: 0
T1 3p/piece: 0
T2 3p/piece: 1416.89
100 points == 1 sp == 0.0525924 hps.
two-hand :   the hammer of grace orb of the forgotten seer -> benediction    => val: 217.374 -> 224.845

*** NEW BEST (0): 224.845
Based on last: 3000 entries, out of total: 4202 entries, The least-squares solution is:
Int: 26.938
Spirit: 17.8279
Sp / Healing: 100
Mp5: 26.8998
Crit: 0
T1 3p/piece: 0
T2 3p/piece: 1334.19
100 points == 1 sp == 0.0534786 hps.
chest : dreamweave vest -> truefaith vestments => val: 224.845 -> 227.789

*** NEW BEST (0): 227.789
Based on last: 3000 entries, out of total: 4222 entries, The least-squares solution is:
Int: 26.7961
Spirit: 18.9727
Sp / Healing: 100
Mp5: 26.0627
Crit: 0
T1 3p/piece: 0
T2 3p/piece: 1395.35
100 points == 1 sp == 0.0537775 hps.
legs : devout skirt -> empowered leggings => val: 227.789 -> 232.396

*** NEW BEST (0): 232.396
Based on last: 3000 entries, out of total: 4242 entries, The least-squares solution is:
Int: 27.3577
Spirit: 18.1852
Sp / Healing: 100
Mp5: 25.9776
Crit: 0
T1 3p/piece: 0
T2 3p/piece: 1389.59
100 points == 1 sp == 0.0538656 hps.
hands : atal'ai gloves of the owl -> handguards of transcendence => val: 232.396 -> 233.44

*** NEW BEST (0): 233.44
Based on last: 3000 entries, out of total: 4264 entries, The least-squares solution is:
Int: 27.3823
Spirit: 18.4731
Sp / Healing: 100
Mp5: 24.2482
Crit: 0
T1 3p/piece: 0
T2 3p/piece: 1379.05
100 points == 1 sp == 0.0539268 hps.
wrists : devout bracers -> bindings of transcendence => val: 233.44 -> 233.927

*** NEW BEST (0): 233.927
Based on last: 3000 entries, out of total: 4283 entries, The least-squares solution is:
Int: 28.8192
Spirit: 18.0682
Sp / Healing: 100
Mp5: 23.6379
Crit: 0
T1 3p/piece: 0
T2 3p/piece: 713.74
100 points == 1 sp == 0.0537474 hps.
shoulders : soulstealer mantle -> pauldrons of transcendence => val: 233.927 -> 235.49

*** NEW BEST (0): 235.49
Based on last: 3000 entries, out of total: 4302 entries, The least-squares solution is:
Int: 28.7391
Spirit: 18.3325
Sp / Healing: 100
Mp5: 23.3346
Crit: 0
T1 3p/piece: 0
T2 3p/piece: 707.926
100 points == 1 sp == 0.0537735 hps.
finger : cyclopean band -> fordring's seal => val: 235.49 -> 236.086

*** NEW BEST (0): 236.086
Based on last: 3000 entries, out of total: 4332 entries, The least-squares solution is:
Int: 28.8226
Spirit: 18.2257
Sp / Healing: 100
Mp5: 23.6023
Crit: 0
T1 3p/piece: 0
T2 3p/piece: 709.036
100 points == 1 sp == 0.0537577 hps.
head : crimson felt hat -> zulian headdress => val: 236.086 -> 237.571

*** NEW BEST (0): 237.571
Based on last: 3000 entries, out of total: 4356 entries, The least-squares solution is:
Int: 28.5773
Spirit: 17.3946
Sp / Healing: 100
Mp5: 23.9451
Crit: 0
T1 3p/piece: 0
T2 3p/piece: 733.327
100 points == 1 sp == 0.0536818 hps.
*ranged : dragon finger of intellect -> dragon's touch => val: 237.571 -> 238.013

*** NEW BEST (0): 238.013
Based on last: 3000 entries, out of total: 4675 entries, The least-squares solution is:
Int: 26.7596
Spirit: 17.9809
Sp / Healing: 100
Mp5: 26.2107
Crit: 0
T1 3p/piece: 0
T2 3p/piece: 870.455
100 points == 1 sp == 0.0537072 hps.
********
Read starting items and cleared locks.
 ----------------------------
 --- head --- 
name: zulian headdress
slot: head
intelligence: 15
stamina: 13
spirit: 14
sp_healing: 55
armor: 78
 ----------------------------
 --- neck --- 
name: jin'do's evil eye
slot: neck
intelligence: 11
stamina: 5
spirit: 6
sp_healing: 44
 ----------------------------
 --- shoulders --- 
name: pauldrons of transcendence
slot: shoulders
intelligence: 25
stamina: 12
spirit: 13
sp_healing: 26
fire_res: 10
armor: 87
 ----------------------------
 --- back --- 
name: hide of the wild
slot: back
intelligence: 10
stamina: 8
sp_healing: 42
armor: 48
 ----------------------------
 --- chest --- 
name: truefaith vestments
slot: chest
stamina: 14
sp_healing: 73
mp5: 6
armor: 96
 ----------------------------
 --- wrists --- 
name: bindings of transcendence
slot: wrists
intelligence: 13
stamina: 9
spirit: 16
sp_healing: 33
armor: 51
 ----------------------------
 --- two-hand --- 
name: benediction
slot: two-hand
intelligence: 31
stamina: 10
spirit: 12
sp_healing: 106
spell_crit: 2
shadow_res: 20
 ----------------------------
 ---  --- 
name: 
slot: 
 ----------------------------
 ---  --- 
name: 
slot: 
 ----------------------------
 ---  --- 
name: 
slot: 
 ----------------------------
 --- ranged --- 
name: dragon's touch
slot: ranged
intelligence: 12
stamina: 7
sp: 6
 ----------------------------
 --- hands --- 
name: handguards of transcendence
slot: hands
intelligence: 20
stamina: 12
spirit: 13
sp_healing: 29
spell_crit: 1
armor: 72
 ----------------------------
 --- waist --- 
name: zandalar confessor's bindings
slot: waist
intelligence: 20
stamina: 12
spirit: 12
sp_healing: 26
armor: 53
 ----------------------------
 --- legs --- 
name: empowered leggings
slot: legs
intelligence: 12
stamina: 12
spirit: 24
sp_healing: 77
spell_crit: 1
armor: 103
 ----------------------------
 --- feet --- 
name: boots of transcendence
slot: feet
intelligence: 17
stamina: 17
spirit: 17
sp_healing: 35
fire_res: 10
armor: 80
 ----------------------------
 --- finger --- 
name: fordring's seal
slot: finger
intelligence: 5
stamina: 4
sp_healing: 37
 ----------------------------
 --- finger --- 
name: pure elementium band
slot: finger
intelligence: 10
stamina: 9
spirit: 10
sp_healing: 53
 ----------------------------
 --- trinket --- 
name: hazza'rah's charm of healing
slot: trinket
 ----------------------------
 --- trinket --- 
name: zandalarian hero charm
slot: trinket
sp: 20
sp_healing: 20
 ----------------------------
 --- Set bonuses ---
name: confessor's 2 hazza'rah's 1 transcendence 3 
slot: Set bonuses
sp: 23
 --- And counts for start items ---
oh_limit: 0.9
time_left_mul: 0.5
total_deficit_to_pop_trinkets: 10000
in combat total: 1144
Flash Heal 1, casts: 43, avg: 436.638, 6.89545%, cast time 5.63811% of in combat, overheal: 0.298608
Flash Heal 2, casts: 12, avg: 696.495, 3.06953%, cast time 1.57343% of in combat, overheal: 0.0185982
Flash Heal 3, casts: 13, avg: 675.345, 3.22435%, cast time 1.70455% of in combat, overheal: 0.145077
Flash Heal 4, casts: 12, avg: 875.518, 3.8585%, cast time 1.57343% of in combat, overheal: 0
Flash Heal 5, casts: 13, avg: 948.564, 4.5288%, cast time 1.70455% of in combat, overheal: 0.0647499
Flash Heal 6, casts: 13, avg: 1111.45, 5.30649%, cast time 1.70455% of in combat, overheal: 0.0434899
Flash Heal 7, casts: 133, avg: 1251.92, 61.1505%, cast time 17.4388% of in combat, overheal: 0.0742042
Greater Heal 1 hazz, casts: 4, avg: 608.75, 0.894277%, cast time 0.524476% of in combat, overheal: 0.665721
Greater Heal 3 hazz, casts: 2, avg: 1439.5, 1.05734%, cast time 0.262238% of in combat, overheal: 0.407201
Greater Heal 4 hazz, casts: 11, avg: 2479, 10.0148%, cast time 1.44231% of in combat, overheal: 0.117755
Total time casting: 384, which is: 33.5664% of time in combat.
Total hps: 238.013, raw hps: 268.577, oh: 0.113798
Deficit time sum: 1.68225e+07, baseline: 2.08305e+07
Deficit*time change / s: 3503.52 hp
Number of combats: 16
Average mana at start of combat: 10725
Average mana at end of combat: 9310.46
Other players with hps > 100:
  Braz : 186.431 hps
  Chigok : 129.852 hps
  Cotillionn : 126.709 hps
  Dx : 183.522 hps
  Lebênsraum : 175.949 hps
  Mehff : 138.612 hps
  Rodonies : 162.495 hps
  Shamtifical : 179.794 hps
  Sylver : 147.85 hps
Reading locked from: no-locks
Setting tag name to: resist_bwl_speed_phase5
.
*** NEW BEST (1): 267.519

*** NEW BEST (1): 268.048

*** NEW BEST (1): 268.856

*** NEW BEST (1): 270.329

*** NEW BEST (1): 274.755
.
*** NEW BEST (1): 279.432

*** NEW BEST (1): 281.371

*** NEW BEST (1): 283.544
........
*** NEW BEST (1): 284.636
Temporary bans and partial set bonuses off.
.
*** NEW BEST (0): 275.505
Based on last: 3000 entries, out of total: 10074 entries, The least-squares solution is:
Int: 18.571
Spirit: 0
Sp / Healing: 100
Mp5: 0
Crit: 0
T1 3p/piece: 793.567
T2 3p/piece: 564.377
100 points == 1 sp == 0.0651667 hps.
two-hand :   gavel of infinite wisdom lei of the lifegiver ->   scepter of the false prophet lei of the lifegiver => val: 272.607 -> 275.596

*** NEW BEST (0): 275.596
Based on last: 3000 entries, out of total: 10182 entries, The least-squares solution is:
Int: 22.6417
Spirit: 0
Sp / Healing: 100
Mp5: 0
Crit: 0
T1 3p/piece: 689.113
T2 3p/piece: 430.779
100 points == 1 sp == 0.0654764 hps.
shoulders : ternary mantle -> zandalar confessor's mantle => val: 275.596 -> 277.08

*** NEW BEST (0): 277.08
Based on last: 3000 entries, out of total: 10190 entries, The least-squares solution is:
Int: 21.5533
Spirit: 0
Sp / Healing: 100
Mp5: 0
Crit: 0
T1 3p/piece: 708.415
T2 3p/piece: 453.914
100 points == 1 sp == 0.0654924 hps.
head : don rigoberto's lost hat -> crystal adorned crown => val: 277.08 -> 279.825

*** NEW BEST (0): 279.825
Based on last: 3000 entries, out of total: 10221 entries, The least-squares solution is:
Int: 21.4445
Spirit: 0
Sp / Healing: 100
Mp5: 0
Crit: 0
T1 3p/piece: 767.197
T2 3p/piece: 530.548
100 points == 1 sp == 0.0652017 hps.
No swappies for item bonuses found. (best matching was empty)
.
*** NEW BEST (0): 285.635
Based on last: 3000 entries, out of total: 10319 entries, The least-squares solution is:
Int: 23.2295
Spirit: 0
Sp / Healing: 100
Mp5: 0
Crit: 0
T1 3p/piece: 705.23
T2 3p/piece: 446.824
100 points == 1 sp == 0.0655126 hps.
.***** INTERMEDIATE RESULTS *****
Iteration: 13
 ----------------------------
 --- head --- 
name: crystal adorned crown
slot: head
intelligence: 14
spirit: 13
sp_healing: 92
armor: 85
 ----------------------------
 --- neck --- 
name: amulet of the fallen god
slot: neck
intelligence: 11
sp_healing: 57
mp5: 6
 ----------------------------
 --- shoulders --- 
name: zandalar confessor's mantle
slot: shoulders
intelligence: 24
stamina: 11
spirit: 15
sp_healing: 22
armor: 78
 ----------------------------
 --- back --- 
name: hide of the wild
slot: back
intelligence: 10
stamina: 8
sp_healing: 42
armor: 48
 ----------------------------
 --- chest --- 
name: robes of the guardian saint
slot: chest
intelligence: 22
stamina: 20
sp_healing: 70
mp5: 7
armor: 117
 ----------------------------
 --- wrists --- 
name: bracelets of royal redemption
slot: wrists
intelligence: 10
stamina: 8
spirit: 9
sp_healing: 53
armor: 54
 ----------------------------
 ---  --- 
name: 
slot: 
 ----------------------------
 --- main hand --- 
name: scepter of the false prophet
slot: main hand
intelligence: 19
stamina: 10
sp_healing: 187
mp5: 3
 ----------------------------
 ---  --- 
name: 
slot: 
 ----------------------------
 --- off hand --- 
name: lei of the lifegiver
slot: off hand
sp_healing: 53
mp5: 3
 ----------------------------
 --- ranged --- 
name: lunar wand of healing
slot: ranged
sp_healing: 20
 ----------------------------
 --- hands --- 
name: atal'ai hands of healing
slot: hands
sp: 9
sp_healing: 44
armor: 47
 ----------------------------
 --- waist --- 
name: grasp of the old god
slot: waist
intelligence: 19
stamina: 15
sp_healing: 59
mp5: 7
armor: 75
 ----------------------------
 --- legs --- 
name: empowered leggings
slot: legs
intelligence: 12
stamina: 12
spirit: 24
sp_healing: 77
spell_crit: 1
armor: 103
 ----------------------------
 --- feet --- 
name: boots of pure thought
slot: feet
intelligence: 12
stamina: 8
spirit: 12
sp_healing: 62
armor: 74
 ----------------------------
 --- finger --- 
name: ring of the martyr
slot: finger
stamina: 10
sp_healing: 51
mp5: 5
 ----------------------------
 --- finger --- 
name: pure elementium band
slot: finger
intelligence: 10
stamina: 9
spirit: 10
sp_healing: 53
 ----------------------------
 --- trinket --- 
name: hazza'rah's charm of healing
slot: trinket
 ----------------------------
 --- trinket --- 
name: rejuvenating gem
slot: trinket
sp_healing: 66
mp5: 9
 ----------------------------
 --- Set bonuses ---
name: confessor's 2 hazza'rah's 1 
slot: Set bonuses
sp: 23
------------------
Best value: 285.635
------------------
Char stats: 
Effective hp: 8476.4
Effective mana (100 s, 33 % out of fsr): 15978.4
Raw max mana: 10167.7
Int: 399.28
Stam: 387.78
Spirit: 388.93
Strength: 79.58
Agility: 84.18
All stats multiplier (taken into account above): 1.15
Bonus mana: 2000
Bonus hp: 0
Mp5: 178
Sp: 32
Sp shadow: 0
Sp healing: 1168
Spell crit: 19
Spell hit: 0
Arcane res: 27
Nature res: 27
Fire res: 27
Frost res: 27
Shadow res: 27
Armor: 2879.75
Defense: 300
Dodge: 0
Parry: 0
HpsPvp: 1055.22
ShadowDps: 224.52
Value pvp healing: 1977.36
Value pvp shadow: 89.5181
Effective hp-pvp: 10542.3
Effecctive mana for 100 s, 0.33 fsr: 17596.4
------------------
Best counts:
oh_limit: 0.6
time_left_mul: 2.9
total_deficit_to_pop_trinkets: 9358.38
in combat total: 1144
Flash Heal 1, casts: 6, avg: 569.802, 1.04626%, cast time 0.786713% of in combat, overheal: 0.259815
Flash Heal 2, casts: 4, avg: 747.282, 0.914761%, cast time 0.524476% of in combat, overheal: 0.12739
Flash Heal 3, casts: 3, avg: 912.054, 0.837346%, cast time 0.393357% of in combat, overheal: 0.0256675
Flash Heal 4, casts: 2, avg: 1012.53, 0.619729%, cast time 0.262238% of in combat, overheal: 0.0083558
Flash Heal 5, casts: 4, avg: 1158.83, 1.41855%, cast time 0.524476% of in combat, overheal: 0
Flash Heal 6, casts: 2, avg: 1305.57, 0.799087%, cast time 0.262238% of in combat, overheal: 0
Flash Heal 7, casts: 35, avg: 1456.78, 15.6036%, cast time 4.58916% of in combat, overheal: 0.0252656
Greater Heal 1, casts: 7, avg: 1737.84, 3.7228%, cast time 1.52972% of in combat, overheal: 0.176362
Greater Heal 1 hazz, casts: 6, avg: 1472.98, 2.70466%, cast time 0.786713% of in combat, overheal: 0.301888
Greater Heal 2 hazz, casts: 2, avg: 2389.69, 1.46263%, cast time 0.262238% of in combat, overheal: 0
Greater Heal 3 hazz, casts: 1, avg: 1793, 0.548711%, cast time 0.131119% of in combat, overheal: 0.339108
Greater Heal 4, casts: 27, avg: 2751.44, 22.7346%, cast time 5.90035% of in combat, overheal: 0.110124
Greater Heal 4 hazz, casts: 7, avg: 3091.94, 6.62357%, cast time 0.917832% of in combat, overheal: 0
Heal 2, casts: 70, avg: 1212.27, 25.9694%, cast time 15.2972% of in combat, overheal: 0.236778
Heal 4, casts: 27, avg: 1814.68, 14.9943%, cast time 5.90035% of in combat, overheal: 0.195274
Total time casting: 435.5, which is: 38.0682% of time in combat.
Total hps: 285.635, raw hps: 336.162, oh: 0.150306
Deficit time sum: 1.62372e+07, baseline: 2.08305e+07
Deficit*time change / s: 4015.15 hp
Number of combats: 16
Average mana at start of combat: 10157.7
Average mana at end of combat: 9042.74
Other players with hps > 100:
  Braz : 183.669 hps
  Chigok : 123.552 hps
  Cotillionn : 117.842 hps
  Dx : 172.901 hps
  Lebênsraum : 174.778 hps
  Mehff : 134.507 hps
  Rodonies : 160.007 hps
  Shamtifical : 173.682 hps
  Sylver : 147.757 hps
------------------
Upgrades: 
( following sorted by alt scores, no specials )
benediction, , , (7.41611) -> , scepter of the false prophet, , lei of the lifegiver(16.0122) : 8.59607 = +3.10284%
zulian headdress(3.83148) -> crystal adorned crown(6.2402) : 2.40872 = +0.85046%
zandalar confessor's bindings(2.00769) -> grasp of the old god(4.15439) : 2.1467 = +0.757245%
zandalarian hero charm(2.62051) -> rejuvenating gem(4.32382) : 1.70331 = +0.599902%
boots of transcendence(2.55167) -> boots of pure thought(4.24442) : 1.69275 = +0.59616%
handguards of transcendence(2.20422) -> atal'ai hands of healing(3.47217) : 1.26794 = +0.445884%
bindings of transcendence(2.35974) -> bracelets of royal redemption(3.62436) : 1.26462 = +0.444709%
pauldrons of transcendence(2.08377) -> zandalar confessor's mantle(3.31329) : 1.22952 = +0.432314%
jin'do's evil eye(3.04996) -> amulet of the fallen god(3.90161) : 0.851654 = +0.299054%
fordring's seal(2.50006) -> ring of the martyr(3.34116) : 0.841095 = +0.295335%
dragon's touch(0.575684) -> lunar wand of healing(1.31024) : 0.734558 = +0.25783%
truefaith vestments(4.78241) -> robes of the guardian saint(4.92068) : 0.138275 = +0.0484333%
hide of the wild(2.90372) -> hide of the wild(2.90372) : 0 = +0%
empowered leggings(5.22708) -> empowered leggings(5.22708) : 0 = +0%
pure elementium band(3.62436) -> pure elementium band(3.62436) : 0 = +0%
hazza'rah's charm of healing(1.50681) -> hazza'rah's charm of healing(1.50681) : 0 = +0%
------------------
~~~~ end of intermediate results ~~~~
Temporary bans and partial set bonuses on.
...
*** NEW BEST (1): 284.856
Based on last: 3000 entries, out of total: 10963 entries, The least-squares solution is:
Int: 12.3773
Spirit: 0
Sp / Healing: 100
Mp5: 0
Crit: 0
T1 3p/piece: 601.12
T2 3p/piece: 599.411
100 points == 1 sp == 0.0755428 hps.
..
*** NEW BEST (1): 284.933
Based on last: 3000 entries, out of total: 11246 entries, The least-squares solution is:
Int: 17.0046
Spirit: 7.97058
Sp / Healing: 100
Mp5: 0
Crit: 0
T1 3p/piece: 757.927
T2 3p/piece: 562.51
100 points == 1 sp == 0.0747126 hps.
..
*** NEW BEST (1): 287.177
Based on last: 3000 entries, out of total: 11492 entries, The least-squares solution is:
Int: 10.3045
Spirit: 4.18446
Sp / Healing: 100
Mp5: 0
Crit: 0
T1 3p/piece: 830.1
T2 3p/piece: 872.545
100 points == 1 sp == 0.075364 hps.

*** NEW BEST (1): 288.745
Based on last: 3000 entries, out of total: 11560 entries, The least-squares solution is:
Int: 9.56378
Spirit: 5.62085
Sp / Healing: 100
Mp5: 0
Crit: 0
T1 3p/piece: 822.344
T2 3p/piece: 973.096
100 points == 1 sp == 0.0769492 hps.
......
*** NEW BEST (1): 289.365
Based on last: 3000 entries, out of total: 12227 entries, The least-squares solution is:
Int: 5.93772
Spirit: 13.7531
Sp / Healing: 100
Mp5: 0
Crit: 0
T1 3p/piece: 1507.43
T2 3p/piece: 371.98
100 points == 1 sp == 0.0759589 hps.
.Temporary bans and partial set bonuses off.
.
*** NEW BEST (0): 287.426
Based on last: 3000 entries, out of total: 12465 entries, The least-squares solution is:
Int: 0.0295711
Spirit: 17.6842
Sp / Healing: 100
Mp5: 0
Crit: 0
T1 3p/piece: 1533.98
T2 3p/piece: 312.178
100 points == 1 sp == 0.073785 hps.
...No swappies for item bonuses found. (best matching was empty)
***** INTERMEDIATE RESULTS *****
Iteration: 31
 ----------------------------
 --- head --- 
name: crystal adorned crown
slot: head
intelligence: 14
spirit: 13
sp_healing: 92
armor: 85
 ----------------------------
 --- neck --- 
name: amulet of the fallen god
slot: neck
intelligence: 11
sp_healing: 57
mp5: 6
 ----------------------------
 --- shoulders --- 
name: zandalar confessor's mantle
slot: shoulders
intelligence: 24
stamina: 11
spirit: 15
sp_healing: 22
armor: 78
 ----------------------------
 --- back --- 
name: hide of the wild
slot: back
intelligence: 10
stamina: 8
sp_healing: 42
armor: 48
 ----------------------------
 --- chest --- 
name: truefaith vestments
slot: chest
stamina: 14
sp_healing: 73
mp5: 6
armor: 96
 ----------------------------
 --- wrists --- 
name: bracelets of royal redemption
slot: wrists
intelligence: 10
stamina: 8
spirit: 9
sp_healing: 53
armor: 54
 ----------------------------
 ---  --- 
name: 
slot: 
 ----------------------------
 --- main hand --- 
name: scepter of the false prophet
slot: main hand
intelligence: 19
stamina: 10
sp_healing: 187
mp5: 3
 ----------------------------
 ---  --- 
name: 
slot: 
 ----------------------------
 --- off hand --- 
name: lei of the lifegiver
slot: off hand
sp_healing: 53
mp5: 3
 ----------------------------
 --- ranged --- 
name: lunar wand of healing
slot: ranged
sp_healing: 20
 ----------------------------
 --- hands --- 
name: atal'ai hands of healing
slot: hands
sp: 9
sp_healing: 44
armor: 47
 ----------------------------
 --- waist --- 
name: grasp of the old god
slot: waist
intelligence: 19
stamina: 15
sp_healing: 59
mp5: 7
armor: 75
 ----------------------------
 --- legs --- 
name: empowered leggings
slot: legs
intelligence: 12
stamina: 12
spirit: 24
sp_healing: 77
spell_crit: 1
armor: 103
 ----------------------------
 --- feet --- 
name: boots of pure thought
slot: feet
intelligence: 12
stamina: 8
spirit: 12
sp_healing: 62
armor: 74
 ----------------------------
 --- finger --- 
name: ring of the martyr
slot: finger
stamina: 10
sp_healing: 51
mp5: 5
 ----------------------------
 --- finger --- 
name: pure elementium band
slot: finger
intelligence: 10
stamina: 9
spirit: 10
sp_healing: 53
 ----------------------------
 --- trinket --- 
name: hazza'rah's charm of healing
slot: trinket
 ----------------------------
 --- trinket --- 
name: rejuvenating gem
slot: trinket
sp_healing: 66
mp5: 9
 ----------------------------
 --- Set bonuses ---
name: confessor's 2 hazza'rah's 1 
slot: Set bonuses
sp: 23
------------------
Best value: 287.426
------------------
Char stats: 
Effective hp: 8408
Effective mana (100 s, 33 % out of fsr): 15540.9
Raw max mana: 9750.27
Int: 373.98
Stam: 380.88
Spirit: 388.93
Strength: 79.58
Agility: 84.18
All stats multiplier (taken into account above): 1.15
Bonus mana: 2000
Bonus hp: 0
Mp5: 177
Sp: 32
Sp shadow: 0
Sp healing: 1171
Spell crit: 19
Spell hit: 0
Arcane res: 27
Nature res: 27
Fire res: 27
Frost res: 27
Shadow res: 27
Armor: 2858.75
Defense: 300
Dodge: 0
Parry: 0
HpsPvp: 1055.72
ShadowDps: 223.541
Value pvp healing: 1891.06
Value pvp shadow: 84.7854
Effective hp-pvp: 10448.8
Effecctive mana for 100 s, 0.33 fsr: 17158.9
------------------
Best counts:
oh_limit: 0.6
time_left_mul: 2.9
total_deficit_to_pop_trinkets: 9358.38
in combat total: 1144
Flash Heal 1, casts: 6, avg: 569.938, 1.03998%, cast time 0.786713% of in combat, overheal: 0.260422
Flash Heal 2, casts: 4, avg: 747.848, 0.909748%, cast time 0.524476% of in combat, overheal: 0.127498
Flash Heal 3, casts: 3, avg: 912.52, 0.832552%, cast time 0.393357% of in combat, overheal: 0.0258972
Flash Heal 4, casts: 2, avg: 1012.85, 0.616061%, cast time 0.262238% of in combat, overheal: 0.00866359
Flash Heal 5, casts: 4, avg: 1159.37, 1.41036%, cast time 0.524476% of in combat, overheal: 0
Flash Heal 6, casts: 2, avg: 1306.01, 0.794374%, cast time 0.262238% of in combat, overheal: 0
Flash Heal 7, casts: 33, avg: 1454.77, 14.6001%, cast time 4.32692% of in combat, overheal: 0.0268101
Greater Heal 1, casts: 7, avg: 1738.35, 3.7007%, cast time 1.52972% of in combat, overheal: 0.176588
Greater Heal 1 hazz, casts: 6, avg: 1473.39, 2.68853%, cast time 0.786713% of in combat, overheal: 0.302096
Greater Heal 2 hazz, casts: 2, avg: 2390.71, 1.45413%, cast time 0.262238% of in combat, overheal: 0
Greater Heal 3 hazz, casts: 1, avg: 1793, 0.54529%, cast time 0.131119% of in combat, overheal: 0.339298
Greater Heal 4, casts: 28, avg: 2749.56, 23.4136%, cast time 6.11888% of in combat, overheal: 0.11088
Greater Heal 4 hazz, casts: 7, avg: 3092.45, 6.58338%, cast time 0.917832% of in combat, overheal: 0
Heal 2, casts: 70, avg: 1212.84, 25.8196%, cast time 15.2972% of in combat, overheal: 0.237187
Heal 4, casts: 28, avg: 1830.97, 15.5915%, cast time 6.11888% of in combat, overheal: 0.188456
Total time casting: 437.5, which is: 38.243% of time in combat.
Total hps: 287.426, raw hps: 338.401, oh: 0.150635
Deficit time sum: 1.61972e+07, baseline: 2.08305e+07
Deficit*time change / s: 4050.14 hp
Number of combats: 16
Average mana at start of combat: 9727.92
Average mana at end of combat: 8607.7
Other players with hps > 100:
  Braz : 183.664 hps
  Chigok : 123.546 hps
  Cotillionn : 117.836 hps
  Dx : 172.889 hps
  Lebênsraum : 174.771 hps
  Mehff : 133.454 hps
  Rodonies : 160.003 hps
  Shamtifical : 173.676 hps
  Sylver : 147.749 hps
------------------
Upgrades: 
( following sorted by alt scores, no specials )
benediction, , , (7.97845) -> , scepter of the false prophet, , lei of the lifegiver(17.7088) : 9.73035 = +3.50396%
zulian headdress(4.24118) -> crystal adorned crown(6.95816) : 2.71698 = +0.9543%
zandalar confessor's bindings(2.07544) -> grasp of the old god(4.35373) : 2.27829 = +0.798985%
boots of transcendence(2.80466) -> boots of pure thought(4.73151) : 1.92685 = +0.674905%
zandalarian hero charm(2.95139) -> rejuvenating gem(4.86981) : 1.91843 = +0.671935%
handguards of transcendence(2.30981) -> atal'ai hands of healing(3.91061) : 1.6008 = +0.560062%
pauldrons of transcendence(2.08859) -> zandalar confessor's mantle(3.51657) : 1.42798 = +0.499296%
bindings of transcendence(2.64395) -> bracelets of royal redemption(4.02826) : 1.38431 = +0.483953%
fordring's seal(2.73016) -> ring of the martyr(3.76303) : 1.03287 = +0.360646%
dragon's touch(0.442963) -> lunar wand of healing(1.47571) : 1.03275 = +0.360604%
jin'do's evil eye(3.32507) -> amulet of the fallen god(4.20599) : 0.88092 = +0.307428%
hide of the wild(3.09918) -> hide of the wild(3.09918) : 0 = +0%
truefaith vestments(5.38629) -> truefaith vestments(5.38629) : 0 = +0%
empowered leggings(5.99487) -> empowered leggings(5.99487) : 0 = +0%
pure elementium band(4.04132) -> pure elementium band(4.04132) : 0 = +0%
hazza'rah's charm of healing(1.69705) -> hazza'rah's charm of healing(1.69705) : 0 = +0%
------------------
~~~~ end of intermediate results ~~~~
Temporary bans and partial set bonuses on.
..............Temporary bans and partial set bonuses off.
.back : cloak of clarity -> hide of the wild => val: 284.188 -> 287.426
No swappies for item bonuses found. (best matching was empty)
...***** INTERMEDIATE RESULTS *****
Iteration: 49
 ----------------------------
 --- head --- 
name: crystal adorned crown
slot: head
intelligence: 14
spirit: 13
sp_healing: 92
armor: 85
 ----------------------------
 --- neck --- 
name: amulet of the fallen god
slot: neck
intelligence: 11
sp_healing: 57
mp5: 6
 ----------------------------
 --- shoulders --- 
name: zandalar confessor's mantle
slot: shoulders
intelligence: 24
stamina: 11
spirit: 15
sp_healing: 22
armor: 78
 ----------------------------
 --- back --- 
name: hide of the wild
slot: back
intelligence: 10
stamina: 8
sp_healing: 42
armor: 48
 ----------------------------
 --- chest --- 
name: truefaith vestments
slot: chest
stamina: 14
sp_healing: 73
mp5: 6
armor: 96
 ----------------------------
 --- wrists --- 
name: bracelets of royal redemption
slot: wrists
intelligence: 10
stamina: 8
spirit: 9
sp_healing: 53
armor: 54
 ----------------------------
 ---  --- 
name: 
slot: 
 ----------------------------
 --- main hand --- 
name: scepter of the false prophet
slot: main hand
intelligence: 19
stamina: 10
sp_healing: 187
mp5: 3
 ----------------------------
 ---  --- 
name: 
slot: 
 ----------------------------
 --- off hand --- 
name: lei of the lifegiver
slot: off hand
sp_healing: 53
mp5: 3
 ----------------------------
 --- ranged --- 
name: lunar wand of healing
slot: ranged
sp_healing: 20
 ----------------------------
 --- hands --- 
name: atal'ai hands of healing
slot: hands
sp: 9
sp_healing: 44
armor: 47
 ----------------------------
 --- waist --- 
name: grasp of the old god
slot: waist
intelligence: 19
stamina: 15
sp_healing: 59
mp5: 7
armor: 75
 ----------------------------
 --- legs --- 
name: empowered leggings
slot: legs
intelligence: 12
stamina: 12
spirit: 24
sp_healing: 77
spell_crit: 1
armor: 103
 ----------------------------
 --- feet --- 
name: boots of pure thought
slot: feet
intelligence: 12
stamina: 8
spirit: 12
sp_healing: 62
armor: 74
 ----------------------------
 --- finger --- 
name: ring of the martyr
slot: finger
stamina: 10
sp_healing: 51
mp5: 5
 ----------------------------
 --- finger --- 
name: pure elementium band
slot: finger
intelligence: 10
stamina: 9
spirit: 10
sp_healing: 53
 ----------------------------
 --- trinket --- 
name: hazza'rah's charm of healing
slot: trinket
 ----------------------------
 --- trinket --- 
name: rejuvenating gem
slot: trinket
sp_healing: 66
mp5: 9
 ----------------------------
 --- Set bonuses ---
name: confessor's 2 hazza'rah's 1 
slot: Set bonuses
sp: 23
------------------
Best value: 287.426
------------------
Char stats: 
Effective hp: 8408
Effective mana (100 s, 33 % out of fsr): 15540.9
Raw max mana: 9750.27
Int: 373.98
Stam: 380.88
Spirit: 388.93
Strength: 79.58
Agility: 84.18
All stats multiplier (taken into account above): 1.15
Bonus mana: 2000
Bonus hp: 0
Mp5: 177
Sp: 32
Sp shadow: 0
Sp healing: 1171
Spell crit: 19
Spell hit: 0
Arcane res: 27
Nature res: 27
Fire res: 27
Frost res: 27
Shadow res: 27
Armor: 2858.75
Defense: 300
Dodge: 0
Parry: 0
HpsPvp: 1055.72
ShadowDps: 223.541
Value pvp healing: 1891.06
Value pvp shadow: 84.7854
Effective hp-pvp: 10448.8
Effecctive mana for 100 s, 0.33 fsr: 17158.9
------------------
Best counts:
oh_limit: 0.6
time_left_mul: 2.9
total_deficit_to_pop_trinkets: 9358.38
in combat total: 1144
Flash Heal 1, casts: 6, avg: 569.938, 1.03998%, cast time 0.786713% of in combat, overheal: 0.260422
Flash Heal 2, casts: 4, avg: 747.848, 0.909748%, cast time 0.524476% of in combat, overheal: 0.127498
Flash Heal 3, casts: 3, avg: 912.52, 0.832552%, cast time 0.393357% of in combat, overheal: 0.0258972
Flash Heal 4, casts: 2, avg: 1012.85, 0.616061%, cast time 0.262238% of in combat, overheal: 0.00866359
Flash Heal 5, casts: 4, avg: 1159.37, 1.41036%, cast time 0.524476% of in combat, overheal: 0
Flash Heal 6, casts: 2, avg: 1306.01, 0.794374%, cast time 0.262238% of in combat, overheal: 0
Flash Heal 7, casts: 33, avg: 1454.77, 14.6001%, cast time 4.32692% of in combat, overheal: 0.0268101
Greater Heal 1, casts: 7, avg: 1738.35, 3.7007%, cast time 1.52972% of in combat, overheal: 0.176588
Greater Heal 1 hazz, casts: 6, avg: 1473.39, 2.68853%, cast time 0.786713% of in combat, overheal: 0.302096
Greater Heal 2 hazz, casts: 2, avg: 2390.71, 1.45413%, cast time 0.262238% of in combat, overheal: 0
Greater Heal 3 hazz, casts: 1, avg: 1793, 0.54529%, cast time 0.131119% of in combat, overheal: 0.339298
Greater Heal 4, casts: 28, avg: 2749.56, 23.4136%, cast time 6.11888% of in combat, overheal: 0.11088
Greater Heal 4 hazz, casts: 7, avg: 3092.45, 6.58338%, cast time 0.917832% of in combat, overheal: 0
Heal 2, casts: 70, avg: 1212.84, 25.8196%, cast time 15.2972% of in combat, overheal: 0.237187
Heal 4, casts: 28, avg: 1830.97, 15.5915%, cast time 6.11888% of in combat, overheal: 0.188456
Total time casting: 437.5, which is: 38.243% of time in combat.
Total hps: 287.426, raw hps: 338.401, oh: 0.150635
Deficit time sum: 1.61972e+07, baseline: 2.08305e+07
Deficit*time change / s: 4050.14 hp
Number of combats: 16
Average mana at start of combat: 9727.92
Average mana at end of combat: 8607.7
Other players with hps > 100:
  Braz : 183.664 hps
  Chigok : 123.546 hps
  Cotillionn : 117.836 hps
  Dx : 172.889 hps
  Lebênsraum : 174.771 hps
  Mehff : 133.454 hps
  Rodonies : 160.003 hps
  Shamtifical : 173.676 hps
  Sylver : 147.749 hps
------------------
Upgrades: 
( following sorted by alt scores, no specials )
benediction, , , (7.97845) -> , scepter of the false prophet, , lei of the lifegiver(17.7088) : 9.73035 = +3.50396%
zulian headdress(4.24118) -> crystal adorned crown(6.95816) : 2.71698 = +0.9543%
zandalar confessor's bindings(2.07544) -> grasp of the old god(4.35373) : 2.27829 = +0.798985%
boots of transcendence(2.80466) -> boots of pure thought(4.73151) : 1.92685 = +0.674905%
zandalarian hero charm(2.95139) -> rejuvenating gem(4.86981) : 1.91843 = +0.671935%
handguards of transcendence(2.30981) -> atal'ai hands of healing(3.91061) : 1.6008 = +0.560062%
pauldrons of transcendence(2.08859) -> zandalar confessor's mantle(3.51657) : 1.42798 = +0.499296%
bindings of transcendence(2.64395) -> bracelets of royal redemption(4.02826) : 1.38431 = +0.483953%
fordring's seal(2.73016) -> ring of the martyr(3.76303) : 1.03287 = +0.360646%
dragon's touch(0.442963) -> lunar wand of healing(1.47571) : 1.03275 = +0.360604%
jin'do's evil eye(3.32507) -> amulet of the fallen god(4.20599) : 0.88092 = +0.307428%
hide of the wild(3.09918) -> hide of the wild(3.09918) : 0 = +0%
truefaith vestments(5.38629) -> truefaith vestments(5.38629) : 0 = +0%
empowered leggings(5.99487) -> empowered leggings(5.99487) : 0 = +0%
pure elementium band(4.04132) -> pure elementium band(4.04132) : 0 = +0%
hazza'rah's charm of healing(1.69705) -> hazza'rah's charm of healing(1.69705) : 0 = +0%
------------------
~~~~ end of intermediate results ~~~~
Same items for intermediate results again, ending optimization. 
 ----------------------------
 --- head --- 
name: crystal adorned crown
slot: head
intelligence: 14
spirit: 13
sp_healing: 92
armor: 85
 ----------------------------
 --- neck --- 
name: amulet of the fallen god
slot: neck
intelligence: 11
sp_healing: 57
mp5: 6
 ----------------------------
 --- shoulders --- 
name: zandalar confessor's mantle
slot: shoulders
intelligence: 24
stamina: 11
spirit: 15
sp_healing: 22
armor: 78
 ----------------------------
 --- back --- 
name: hide of the wild
slot: back
intelligence: 10
stamina: 8
sp_healing: 42
armor: 48
 ----------------------------
 --- chest --- 
name: truefaith vestments
slot: chest
stamina: 14
sp_healing: 73
mp5: 6
armor: 96
 ----------------------------
 --- wrists --- 
name: bracelets of royal redemption
slot: wrists
intelligence: 10
stamina: 8
spirit: 9
sp_healing: 53
armor: 54
 ----------------------------
 ---  --- 
name: 
slot: 
 ----------------------------
 --- main hand --- 
name: scepter of the false prophet
slot: main hand
intelligence: 19
stamina: 10
sp_healing: 187
mp5: 3
 ----------------------------
 ---  --- 
name: 
slot: 
 ----------------------------
 --- off hand --- 
name: lei of the lifegiver
slot: off hand
sp_healing: 53
mp5: 3
 ----------------------------
 --- ranged --- 
name: lunar wand of healing
slot: ranged
sp_healing: 20
 ----------------------------
 --- hands --- 
name: atal'ai hands of healing
slot: hands
sp: 9
sp_healing: 44
armor: 47
 ----------------------------
 --- waist --- 
name: grasp of the old god
slot: waist
intelligence: 19
stamina: 15
sp_healing: 59
mp5: 7
armor: 75
 ----------------------------
 --- legs --- 
name: empowered leggings
slot: legs
intelligence: 12
stamina: 12
spirit: 24
sp_healing: 77
spell_crit: 1
armor: 103
 ----------------------------
 --- feet --- 
name: boots of pure thought
slot: feet
intelligence: 12
stamina: 8
spirit: 12
sp_healing: 62
armor: 74
 ----------------------------
 --- finger --- 
name: ring of the martyr
slot: finger
stamina: 10
sp_healing: 51
mp5: 5
 ----------------------------
 --- finger --- 
name: pure elementium band
slot: finger
intelligence: 10
stamina: 9
spirit: 10
sp_healing: 53
 ----------------------------
 --- trinket --- 
name: hazza'rah's charm of healing
slot: trinket
 ----------------------------
 --- trinket --- 
name: rejuvenating gem
slot: trinket
sp_healing: 66
mp5: 9
 ----------------------------
 --- Set bonuses ---
name: confessor's 2 hazza'rah's 1 
slot: Set bonuses
sp: 23
------------------
Char stats: 
Effective hp: 8408
Effective mana (100 s, 33 % out of fsr): 15540.9
Raw max mana: 9750.27
Int: 373.98
Stam: 380.88
Spirit: 388.93
Strength: 79.58
Agility: 84.18
All stats multiplier (taken into account above): 1.15
Bonus mana: 2000
Bonus hp: 0
Mp5: 177
Sp: 32
Sp shadow: 0
Sp healing: 1171
Spell crit: 19
Spell hit: 0
Arcane res: 27
Nature res: 27
Fire res: 27
Frost res: 27
Shadow res: 27
Armor: 2858.75
Defense: 300
Dodge: 0
Parry: 0
HpsPvp: 1055.72
ShadowDps: 223.541
Value pvp healing: 1891.06
Value pvp shadow: 84.7854
Effective hp-pvp: 10448.8
Effecctive mana for 100 s, 0.33 fsr: 17158.9
------------------
Best counts:
oh_limit: 0.6
time_left_mul: 2.9
total_deficit_to_pop_trinkets: 9358.38
in combat total: 1144
Flash Heal 1, casts: 6, avg: 569.938, 1.03998%, cast time 0.786713% of in combat, overheal: 0.260422
Flash Heal 2, casts: 4, avg: 747.848, 0.909748%, cast time 0.524476% of in combat, overheal: 0.127498
Flash Heal 3, casts: 3, avg: 912.52, 0.832552%, cast time 0.393357% of in combat, overheal: 0.0258972
Flash Heal 4, casts: 2, avg: 1012.85, 0.616061%, cast time 0.262238% of in combat, overheal: 0.00866359
Flash Heal 5, casts: 4, avg: 1159.37, 1.41036%, cast time 0.524476% of in combat, overheal: 0
Flash Heal 6, casts: 2, avg: 1306.01, 0.794374%, cast time 0.262238% of in combat, overheal: 0
Flash Heal 7, casts: 33, avg: 1454.77, 14.6001%, cast time 4.32692% of in combat, overheal: 0.0268101
Greater Heal 1, casts: 7, avg: 1738.35, 3.7007%, cast time 1.52972% of in combat, overheal: 0.176588
Greater Heal 1 hazz, casts: 6, avg: 1473.39, 2.68853%, cast time 0.786713% of in combat, overheal: 0.302096
Greater Heal 2 hazz, casts: 2, avg: 2390.71, 1.45413%, cast time 0.262238% of in combat, overheal: 0
Greater Heal 3 hazz, casts: 1, avg: 1793, 0.54529%, cast time 0.131119% of in combat, overheal: 0.339298
Greater Heal 4, casts: 28, avg: 2749.56, 23.4136%, cast time 6.11888% of in combat, overheal: 0.11088
Greater Heal 4 hazz, casts: 7, avg: 3092.45, 6.58338%, cast time 0.917832% of in combat, overheal: 0
Heal 2, casts: 70, avg: 1212.84, 25.8196%, cast time 15.2972% of in combat, overheal: 0.237187
Heal 4, casts: 28, avg: 1830.97, 15.5915%, cast time 6.11888% of in combat, overheal: 0.188456
Total time casting: 437.5, which is: 38.243% of time in combat.
Total hps: 287.426, raw hps: 338.401, oh: 0.150635
Deficit time sum: 1.61972e+07, baseline: 2.08305e+07
Deficit*time change / s: 4050.14 hp
Number of combats: 16
Average mana at start of combat: 9727.92
Average mana at end of combat: 8607.7
Other players with hps > 100:
  Braz : 183.664 hps
  Chigok : 123.546 hps
  Cotillionn : 117.836 hps
  Dx : 172.889 hps
  Lebênsraum : 174.771 hps
  Mehff : 133.454 hps
  Rodonies : 160.003 hps
  Shamtifical : 173.676 hps
  Sylver : 147.749 hps
------------------
Based on last: 3000 entries, out of total: 15151 entries, The least-squares solution is:
Int: 0
Spirit: 95.1325
Sp / Healing: 100
Mp5: 0
Crit: 0
T1 3p/piece: 452.731
T2 3p/piece: 0
100 points == 1 sp == 0.0737412 hps.
Appended tag:
( Pawn: v1: "resist_bwl_speed_phase5": Intellect=0, Spirit=95.1325, Healing=100, Mp5=0, SpellCritRating=0, IsFist=X, Is2HMace=X, IsCrossbow=X, IsGun=X, IsShield=X, IsPolearm=X, Is2HAxe=X, IsBow=X, IsMail=X, IsPlate=X, IsLeather=X, IsAxe=X, Is2HAxe=X, IsSword=X, Is2HSword=X)
To file: resist_bwl_speed_phase5.pawn_tag.txt
------------------
Diffs to start: 
Upgrades: 
( following sorted by alt scores, no specials )
benediction, , , (8.65839) -> , scepter of the false prophet, , lei of the lifegiver(17.6979) : 9.03949 = +3.2471%
zulian headdress(5.0379) -> crystal adorned crown(7.69617) : 2.65826 = +0.933484%
zandalarian hero charm(2.94965) -> rejuvenating gem(4.86691) : 1.91727 = +0.671526%
boots of transcendence(3.77353) -> boots of pure thought(5.41379) : 1.64026 = +0.573947%
zandalar confessor's bindings(2.75909) -> grasp of the old god(4.35074) : 1.59164 = +0.556841%
pauldrons of transcendence(2.82925) -> zandalar confessor's mantle(4.37064) : 1.54138 = +0.539162%
dragon's touch(0.442444) -> lunar wand of healing(1.47482) : 1.03238 = +0.360475%
fordring's seal(2.72842) -> ring of the martyr(3.7608) : 1.03238 = +0.360475%
bindings of transcendence(3.55588) -> bracelets of royal redemption(4.53964) : 0.983765 = +0.343442%
handguards of transcendence(3.05048) -> atal'ai hands of healing(3.90829) : 0.857819 = +0.299342%
jin'do's evil eye(3.66553) -> amulet of the fallen god(4.20325) : 0.53772 = +0.187432%
hide of the wild(3.09714) -> hide of the wild(3.09714) : 0 = +0%
truefaith vestments(5.38312) -> truefaith vestments(5.38312) : 0 = +0%
empowered leggings(7.36172) -> empowered leggings(7.36172) : 0 = +0%
pure elementium band(4.6098) -> pure elementium band(4.6098) : 0 = +0%
hazza'rah's charm of healing(1.69604) -> hazza'rah's charm of healing(1.69604) : 0 = +0%
- - - - - - - - - - - - - - - - - - - - - - - - - - - - - - - - - - - - - - - - - 
| Upgrades at best in slot level, from start item to candidate, partial bonuses: 1: |
  alt scores are from least squares fit, special score from e.g. set bonuses as s are part of em
. . . . . . . . . . . . . . . . . . . . . . . . . . . . . . . . . . . . . . . . . 
- . - ' - . - ' - . - ' - . - ' - . - ' - . -
head, zulian headdress (8.6142), alt: 5.0379 -> :
    crystal adorned crown (11.7332) : +1.09629 %, alt : +7.69617, from: azuregos
    halo of transcendence (3.12234) : -1.93035 %, alt : +5.08292, from: onyxia
    eternal crown of healing (13.4643) : +1.70476 %, alt : +4.71944, from: random green
    don rigoberto's lost hat (11.7628) : +1.10673 %, alt : +4.71944, from: aq40
- . - ' - . - ' - . - ' - . - ' - . - ' - . -
neck, jin'do's evil eye (3.93192), alt: 3.66553 -> :
    amulet of the fallen god (4.23364) : +0.105015 %, alt : +4.20325, from: aq40
    amulet of the shifting sands (4.00882) : +0.0267663 %, alt : +3.3921, from: aq20
- . - ' - . - ' - . - ' - . - ' - . - ' - . -
shoulders, pauldrons of transcendence (1.13052), alt: 2.82925 -> :
    ternary mantle (4.0018) : +1.00917 %, alt : +4.64765, from: aq40
    zandalar confessor's mantle (4.23196) : +1.09007 %, alt : +4.37063, from: zg
    mantle of the blackwing cabal (4.02554) : +1.01752 %, alt : +2.5072, from: bwl
- . - ' - . - ' - . - ' - . - ' - . - ' - . -
back, hide of the wild (5.43839), alt: 3.09714 -> :
    cloak of clarity (2.75168) : -0.934118 %, alt : +3.44071, from: aq40
- . - ' - . - ' - . - ' - . - ' - . - ' - . -
chest, truefaith vestments (9.44864), alt: 5.38312 -> :
    robes of the exalted (9.67935) : +0.0802146 %, alt : +5.78607, from: pre-raid
- . - ' - . - ' - . - ' - . - ' - . - ' - . -
wrists, bindings of transcendence (2.80823), alt: 3.55588 -> :
    bracelets of royal redemption (5.96921) : +1.11123 %, alt : +4.53965, from: aq40
    vambraces of prophecy (7.24603) : +1.56009 %, alt : +2.80516 (s: 0.333849), from: mc
    flameweave cuffs of healing (5.93515) : +1.09925 %, alt : +2.43346, from: brd
- . - ' - . - ' - . - ' - . - ' - . - ' - . -
two-hand, benediction (-3.5592), alt: 8.65839 -> :
    scepter of the false prophet and lei of the lifegiver (10.9593) : +5.11107 %, alt : +17.6979, from: aq40, av rep
    scepter of the false prophet and sartura's might (10.8623) : +5.0769 %, alt : +17.5504, from: aq40, aq40
    scepter of the false prophet and brightly glowing stone (8.39017) : +4.20663 %, alt : +16.518, from: aq40, pre-raid
    scepter of the false prophet and trance stone (7.75) : +3.98127 %, alt : +16.1944, from: aq40, emeriss; lethon; taerar; ysondre
    lok'amir il romathis and lei of the lifegiver (-0.843719) : +0.955953 %, alt : +10.6638, from: bwl, av rep
    blessed qiraji augur staff (-0.924347) : +0.927569 %, alt : +10.545, from: aq40
    gavel of infinite wisdom and lei of the lifegiver (-0.148132) : +1.20083 %, alt : +10.545, from: aq20, av rep
    lok'amir il romathis and sartura's might (-1.78128) : +0.625896 %, alt : +10.5163, from: bwl, aq40
    gavel of infinite wisdom and sartura's might (-0.244568) : +1.16688 %, alt : +10.3975, from: aq20, aq40
    lok'amir il romathis and brightly glowing stone (-3.35284) : +0.0726465 %, alt : +9.4839, from: bwl, pre-raid
    gavel of infinite wisdom and brightly glowing stone (-3.45435) : +0.0369141 %, alt : +9.36513, from: aq20, pre-raid
    lok'amir il romathis and trance stone (-2.88126) : +0.238663 %, alt : +9.16022, from: bwl, emeriss; lethon; taerar; ysondre
    gavel of infinite wisdom and trance stone (-2.52292) : +0.364812 %, alt : +9.04146, from: aq20, emeriss; lethon; taerar; ysondre
    jin'do's hexxer and lei of the lifegiver (-2.96161) : +0.210376 %, alt : +7.66909, from: zg, av rep
    jin'do's hexxer and sartura's might (-2.98544) : +0.201986 %, alt : +7.5216, from: zg, aq40
    wushoolay's poker and lei of the lifegiver (-2.16571) : +0.490562 %, alt : +6.19426, from: zg, av rep
    the hammer of grace and lei of the lifegiver (-0.49054) : +1.08029 %, alt : +6.19426, from: pre-raid, av rep
    jin'do's hexxer and trance stone (-1.57336) : +0.699091 %, alt : +6.16555, from: zg, emeriss; lethon; taerar; ysondre
    the hammer of grace and sartura's might (-2.26505) : +0.455593 %, alt : +6.04678, from: pre-raid, aq40
    zulian scepter of rites and lei of the lifegiver (-2.48004) : +0.379906 %, alt : +5.82556, from: zg, av rep
    fang of the mystics and brightly glowing stone (-2.22037) : +0.471321 %, alt : +5.67807, from: azuregos, pre-raid
    sorcerous dagger and lei of the lifegiver (-2.59195) : +0.34051 %, alt : +5.38311, from: mc, av rep
    stinger of ayamiss and brightly glowing stone (-0.825195) : +0.962474 %, alt : +5.38311, from: aq20, pre-raid
    stinger of ayamiss and trance stone (-1.3418) : +0.780611 %, alt : +5.05943, from: aq20, emeriss; lethon; taerar; ysondre
    wushoolay's poker and brightly glowing stone (-1.90756) : +0.58144 %, alt : +5.0144, from: zg, pre-raid
    the hammer of grace and brightly glowing stone (0.558075) : +1.44944 %, alt : +5.0144, from: pre-raid, pre-raid
    witchblade and lei of the lifegiver (-1.92728) : +0.5745 %, alt : +4.94066, from: pre-raid, av rep
    fang of venoxis and brightly glowing stone (-2.65225) : +0.319281 %, alt : +4.91913, from: zg, pre-raid
    witchblade and sartura's might (-2.02682) : +0.539455 %, alt : +4.79318, from: pre-raid, aq40
    hypnotic blade and lei of the lifegiver (-2.26654) : +0.455066 %, alt : +4.78241, from: pre-raid, av rep
    the hammer of grace and trance stone (-2.21844) : +0.471998 %, alt : +4.69072, from: pre-raid, emeriss; lethon; taerar; ysondre
    wushoolay's poker and trance stone (-2.98761) : +0.201223 %, alt : +4.69072, from: zg, emeriss; lethon; taerar; ysondre
    zulian scepter of rites and brightly glowing stone (-2.1987) : +0.478949 %, alt : +4.6457, from: zg, pre-raid
    aurastone hammer and brightly glowing stone (-2.25449) : +0.45931 %, alt : +4.57196, from: mc, pre-raid
    gift of the elven magi and lei of the lifegiver (-3.17682) : +0.134614 %, alt : +4.3292, from: pre-raid (strat live: balnazzar), av rep
    zulian scepter of rites and trance stone (-3.27527) : +0.099956 %, alt : +4.32202, from: zg, emeriss; lethon; taerar; ysondre
    lorespinner and lei of the lifegiver (-3.20074) : +0.126191 %, alt : +4.25904, from: pre-raid, av rep
    sorcerous dagger and brightly glowing stone (-2.09937) : +0.513918 %, alt : +4.20325, from: mc, pre-raid
    scepter of the unholy and lei of the lifegiver (-1.44403) : +0.744621 %, alt : +3.90828, from: pre-raid, av rep
    sorcerous dagger and trance stone (-3.55667) : +0.000891697 %, alt : +3.87957, from: mc, emeriss; lethon; taerar; ysondre
    scepter of the unholy and sartura's might (-3.3349) : +0.0789635 %, alt : +3.7608, from: pre-raid, aq40
    witchblade and brightly glowing stone (-1.5282) : +0.714991 %, alt : +3.7608, from: pre-raid, pre-raid
    hypnotic blade and brightly glowing stone (-2.87955) : +0.239265 %, alt : +3.60255, from: pre-raid, pre-raid
    scepter of the unholy and brightly glowing stone (-1.11752) : +0.859564 %, alt : +2.72842, from: pre-raid, pre-raid
- . - ' - . - ' - . - ' - . - ' - . - ' - . -
ranged, dragon's touch (-2.03644), alt: 0.442444 -> :
    lunar wand of healing (-0.0260315) : +0.703901 %, alt : +1.47482, from: random green
    wandof qiraji nobility (-0.214172) : +0.638028 %, alt : +1.40108, from: aq40
    antenna of invigoration (-1.65585) : +0.133254 %, alt : +0.958636, from: aq20
    bonecreeper stylus (-0.68103) : +0.474567 %, alt : +0.811153, from: pre-raid
- . - ' - . - ' - . - ' - . - ' - . - ' - . -
hands, handguards of transcendence (2.92667), alt: 3.05048 -> :
    atal'ai hands of healing (5.90872) : +1.04767 %, alt : +3.90828, from: sunken temple
    high councillor's gloves of healing (5.29721) : +0.832829 %, alt : +3.3921, from: random green
    dark storm gauntlets (4.59393) : +0.585751 %, alt : +2.72842, from: aq40
    gloves of dark wisdom (2.99527) : +0.0241021 %, alt : +2.58094, from: aq20
- . - ' - . - ' - . - ' - . - ' - . - ' - . -
waist, zandalar confessor's bindings (5.89264), alt: 2.75909 -> :
    grasp of the old god (4.42734) : -0.506876 %, alt : +4.35073, from: aq40
    eyestalk waist cord (5.5528) : -0.117558 %, alt : +3.02339, from: aq40
- . - ' - . - ' - . - ' - . - ' - . - ' - . -
legs, empowered leggings (8.87994), alt: 7.36172 -> :
- . - ' - . - ' - . - ' - . - ' - . - ' - . -
feet, boots of transcendence (6.69543), alt: 3.77353 -> :
    boots of pure thought (6.62341) : -0.0250343 %, alt : +5.41378, from: bwl
    treads of the wandering nomand (8.02591) : +0.462466 %, alt : +3.5001, from: aq20
    boots of epiphany (7.82117) : +0.391298 %, alt : +2.5072, from: aq40
- . - ' - . - ' - . - ' - . - ' - . - ' - . -
finger, fordring's seal (5.42343), alt: 2.72842 -> :
    pure elementium band (6.56198) : +0.396326 %, alt : +4.6098, from: bwl
    primalist's seal (5.33627) : -0.0303395 %, alt : +3.91644, from: zg
    ring of the martyr (5.76672) : +0.119499 %, alt : +3.7608, from: aq40
    cauterizing band (6.03976) : +0.214544 %, alt : +3.3921, from: mc
- . - ' - . - ' - . - ' - . - ' - . - ' - . -
finger 2, pure elementium band (5.96921), alt: 4.6098 -> :
    fordring's seal (6.24451) : +0.0957164 %, alt : +2.72842, from: pre-raid
    rosewine circle (7.34628) : +0.478783 %, alt : +2.1385, from: pre-raid
    band of servitude (6.97833) : +0.350854 %, alt : +1.69605, from: zg
    mindtear band (7.245) : +0.443568 %, alt : +1.62231, from: taerar
    band of forced concentration (6.85446) : +0.307786 %, alt : +1.54857, from: bwl
- . - ' - . - ' - . - ' - . - ' - . - ' - . -
trinket, hazza'rah's charm of healing (14.3678), alt: 1.69604 -> :
    rejuvenating gem (-3.35574) : -6.16216 %, alt : +4.86692, from: bwl
    hibernation crystal (0.741028) : -4.73778 %, alt : +4.35073, from: ysondre
    hazza'rah's charm of healing (14.3678) : +0 %, alt : +1.69605, from: zg
- . - ' - . - ' - . - ' - . - ' - . - ' - . -
trinket 2, zandalarian hero charm (8.16541), alt: 2.94965 -> :
    rejuvenating gem (4.81836) : -1.15032 %, alt : +4.86692, from: bwl
    hibernation crystal (-8.63022) : -5.77235 %, alt : +4.35073, from: ysondre
    hazza'rah's charm of healing (0) : -2.8063 %, alt : +1.69605, from: zg
- - - - - - - - - - - - - - - - - - - - - - - - - - - - - - - - - - - - - - - - - 
| Upgrades at best in slot level, from start item to candidate, partial bonuses: 0: |
  alt scores are from least squares fit, special score from e.g. set bonuses as s are part of em
. . . . . . . . . . . . . . . . . . . . . . . . . . . . . . . . . . . . . . . . . 
- . - ' - . - ' - . - ' - . - ' - . - ' - . -
head, zulian headdress (11.3144), alt: 5.0379 -> :
    crystal adorned crown (16.705) : +1.91133 %, alt : +7.69617, from: azuregos
    halo of transcendence (9.51083) : -0.639479 %, alt : +5.08292, from: onyxia
- . - ' - . - ' - . - ' - . - ' - . - ' - . -
neck, jin'do's evil eye (6.96567), alt: 3.66553 -> :
    amulet of the fallen god (4.71014) : -0.778621 %, alt : +4.20325, from: aq40
- . - ' - . - ' - . - ' - . - ' - . - ' - . -
shoulders, pauldrons of transcendence (5.91006), alt: 2.82925 -> :
    ternary mantle (4.61588) : -0.448429 %, alt : +4.64765, from: aq40
    zandalar confessor's mantle (4.73093) : -0.408564 %, alt : +4.37063, from: zg
    mantle of the blackwing cabal (6.41867) : +0.176229 %, alt : +2.5072, from: bwl
- . - ' - . - ' - . - ' - . - ' - . - ' - . -
back, hide of the wild (5.81125), alt: 3.09714 -> :
    cloak of clarity (2.57315) : -1.12658 %, alt : +3.44071, from: aq40
    hakkari loa cloak (5.97153) : +0.0557633 %, alt : +2.99468, from: zg
- . - ' - . - ' - . - ' - . - ' - . - ' - . -
chest, truefaith vestments (9.52225), alt: 5.38312 -> :
    robes of the exalted (10.016) : +0.17177 %, alt : +5.78607, from: pre-raid
    robes of transcendence (10.0181) : +0.172524 %, alt : +5.32568, from: bwl
- . - ' - . - ' - . - ' - . - ' - . - ' - . -
wrists, bindings of transcendence (7.71735), alt: 3.55588 -> :
    bracelets of royal redemption (6.59717) : -0.388214 %, alt : +4.53965, from: aq40
- . - ' - . - ' - . - ' - . - ' - . - ' - . -
two-hand, benediction (-2.84366), alt: 8.65839 -> :
    scepter of the false prophet and lei of the lifegiver (8.88568) : +4.12159 %, alt : +17.6979, from: aq40, av rep
    scepter of the false prophet and sartura's might (8.78857) : +4.08747 %, alt : +17.5504, from: aq40, aq40
    scepter of the false prophet and brightly glowing stone (7.92789) : +3.78503 %, alt : +16.518, from: aq40, pre-raid
    scepter of the false prophet and trance stone (6.54477) : +3.29902 %, alt : +16.1944, from: aq40, emeriss; lethon; taerar; ysondre
    lok'amir il romathis and lei of the lifegiver (-3.31802) : -0.166688 %, alt : +10.6638, from: bwl, av rep
    blessed qiraji augur staff (-2.54117) : +0.106293 %, alt : +10.545, from: aq40
    gavel of infinite wisdom and lei of the lifegiver (-3.08469) : -0.0846952 %, alt : +10.545, from: aq20, av rep
    lok'amir il romathis and sartura's might (-3.41409) : -0.200446 %, alt : +10.5163, from: bwl, aq40
    gavel of infinite wisdom and sartura's might (-3.0603) : -0.076127 %, alt : +10.3975, from: aq20, aq40
    lok'amir il romathis and brightly glowing stone (-2.70248) : +0.0496075 %, alt : +9.4839, from: bwl, pre-raid
    gavel of infinite wisdom and brightly glowing stone (-2.34421) : +0.175503 %, alt : +9.36513, from: aq20, pre-raid
    lok'amir il romathis and trance stone (-3.92059) : -0.378426 %, alt : +9.16022, from: bwl, emeriss; lethon; taerar; ysondre
    gavel of infinite wisdom and trance stone (-3.02481) : -0.0636555 %, alt : +9.04146, from: aq20, emeriss; lethon; taerar; ysondre
    stinger of ayamiss and lei of the lifegiver (-1.33957) : +0.528525 %, alt : +6.56297, from: aq20, av rep
    jin'do's hexxer and brightly glowing stone (-1.39444) : +0.509244 %, alt : +6.48923, from: zg, pre-raid
    stinger of ayamiss and sartura's might (-2.13428) : +0.249271 %, alt : +6.41549, from: aq20, aq40
    wushoolay's poker and lei of the lifegiver (-2.53534) : +0.108341 %, alt : +6.19426, from: zg, av rep
    the hammer of grace and lei of the lifegiver (-0.938782) : +0.669358 %, alt : +6.19426, from: pre-raid, av rep
    jin'do's hexxer and trance stone (-0.902618) : +0.682066 %, alt : +6.16555, from: zg, emeriss; lethon; taerar; ysondre
    the hammer of grace and sartura's might (-2.63474) : +0.073414 %, alt : +6.04678, from: pre-raid, aq40
    zulian scepter of rites and lei of the lifegiver (-1.69983) : +0.401932 %, alt : +5.82556, from: zg, av rep
    fang of the mystics and brightly glowing stone (-2.59122) : +0.0887059 %, alt : +5.67807, from: azuregos, pre-raid
    stinger of ayamiss and brightly glowing stone (0.546356) : +1.19122 %, alt : +5.38311, from: aq20, pre-raid
    sorcerous dagger and lei of the lifegiver (-2.05289) : +0.277871 %, alt : +5.38311, from: mc, av rep
    stinger of ayamiss and trance stone (-2.06183) : +0.274729 %, alt : +5.05943, from: aq20, emeriss; lethon; taerar; ysondre
    wushoolay's poker and brightly glowing stone (-2.80838) : +0.0123965 %, alt : +5.0144, from: zg, pre-raid
    the hammer of grace and brightly glowing stone (-1.02145) : +0.640308 %, alt : +5.0144, from: pre-raid, pre-raid
    witchblade and lei of the lifegiver (-2.82767) : +0.00561918 %, alt : +4.94066, from: pre-raid, av rep
    the hammer of grace and trance stone (-2.78613) : +0.020214 %, alt : +4.69072, from: pre-raid, emeriss; lethon; taerar; ysondre
    sorcerous dagger and brightly glowing stone (-2.66592) : +0.0624544 %, alt : +4.20325, from: mc, pre-raid
    gift of the elven magi and trance stone (0.0596008) : +1.02018 %, alt : +2.82566, from: pre-raid (strat live: balnazzar), emeriss; lethon; taerar; ysondre
    lorespinner and trance stone (-1.37012) : +0.51779 %, alt : +2.7555, from: pre-raid, emeriss; lethon; taerar; ysondre
    scepter of the unholy and brightly glowing stone (-0.729736) : +0.742815 %, alt : +2.72842, from: pre-raid, pre-raid
    scepter of the unholy and trance stone (-0.000183105) : +0.999174 %, alt : +2.40475, from: pre-raid, emeriss; lethon; taerar; ysondre
- . - ' - . - ' - . - ' - . - ' - . - ' - . -
ranged, dragon's touch (-0.555206), alt: 0.442444 -> :
    lunar wand of healing (-1.10214) : -0.189926 %, alt : +1.47482, from: random green
    wandof qiraji nobility (-1.17432) : -0.214989 %, alt : +1.40108, from: aq40
    antenna of invigoration (-2.46411) : -0.662876 %, alt : +0.958636, from: aq20
    bonecreeper stylus (-1.55566) : -0.347414 %, alt : +0.811153, from: pre-raid
- . - ' - . - ' - . - ' - . - ' - . - ' - . -
hands, handguards of transcendence (6.78088), alt: 3.05048 -> :
    atal'ai hands of healing (6.53635) : -0.085006 %, alt : +3.90828, from: sunken temple
    high councillor's gloves of healing (6.86053) : +0.0276882 %, alt : +3.3921, from: random green
    dark storm gauntlets (6.96005) : +0.0622826 %, alt : +2.72842, from: aq40
- . - ' - . - ' - . - ' - . - ' - . - ' - . -
waist, zandalar confessor's bindings (3.04025), alt: 2.75909 -> :
    grasp of the old god (8.27499) : +1.85503 %, alt : +4.35073, from: aq40
    eyestalk waist cord (11.865) : +3.12722 %, alt : +3.02339, from: aq40
    firemaw's clutch (6.06253) : +1.071 %, alt : +2.58094, from: bwl
    belt of transcendence (3.07645) : +0.012826 %, alt : +2.54864, from: bwl
- . - ' - . - ' - . - ' - . - ' - . - ' - . -
legs, empowered leggings (10.2656), alt: 7.36172 -> :
- . - ' - . - ' - . - ' - . - ' - . - ' - . -
feet, boots of transcendence (6.99432), alt: 3.77353 -> :
    boots of pure thought (10.0011) : +1.05717 %, alt : +5.41378, from: bwl
    treads of the wandering nomand (7.14075) : +0.0514815 %, alt : +3.5001, from: aq20
- . - ' - . - ' - . - ' - . - ' - . - ' - . -
finger, fordring's seal (7.94763), alt: 2.72842 -> :
    pure elementium band (6.59845) : -0.466876 %, alt : +4.6098, from: bwl
    ring of the martyr (6.39276) : -0.538053 %, alt : +3.7608, from: aq40
    cauterizing band (6.92847) : -0.352675 %, alt : +3.3921, from: mc
- . - ' - . - ' - . - ' - . - ' - . - ' - . -
finger 2, pure elementium band (6.59717), alt: 4.6098 -> :
    cauterizing band (6.93332) : +0.116952 %, alt : +3.3921, from: mc
    fordring's seal (7.95187) : +0.471323 %, alt : +2.72842, from: pre-raid
    ring of spellpower (7.63916) : +0.362525 %, alt : +2.43346, from: mc
- . - ' - . - ' - . - ' - . - ' - . - ' - . -
trinket, hazza'rah's charm of healing (17.9716), alt: 1.69604 -> :
    rejuvenating gem (1.24454) : -5.81961 %, alt : +4.86692, from: bwl
    hibernation crystal (4.13641) : -4.81348 %, alt : +4.35073, from: ysondre
    hazza'rah's charm of healing (17.9716) : +0 %, alt : +1.69605, from: zg
- . - ' - . - ' - . - ' - . - ' - . - ' - . -
trinket 2, zandalarian hero charm (6.73776), alt: 2.94965 -> :
    rejuvenating gem (7.66281) : +0.322878 %, alt : +4.86692, from: bwl
    hibernation crystal (-7.87567) : -5.10065 %, alt : +4.35073, from: ysondre
    hazza'rah's charm of healing (0) : -2.35174 %, alt : +1.69605, from: zg
- - - - - - - - - - - - - - - - - - - - - - - - - - - - - - - - - - - - - - - - - 
| Upgrades at start level, from start item to candidate, partial bonuses: 1: |
  alt scores are from least squares fit, special score from e.g. set bonuses as s are part of em
. . . . . . . . . . . . . . . . . . . . . . . . . . . . . . . . . . . . . . . . . 
- . - ' - . - ' - . - ' - . - ' - . - ' - . -
head, zulian headdress (-1.20306), alt: 5.0379 -> :
    crystal adorned crown (0.0800171) : +0.498118 %, alt : +7.69617, from: azuregos
    halo of transcendence (-1.6604) : -0.177547 %, alt : +5.08292, from: onyxia
    eternal crown of healing (-1.1431) : +0.0232804 %, alt : +4.71944, from: random green
- . - ' - . - ' - . - ' - . - ' - . - ' - . -
neck, jin'do's evil eye (0.556641), alt: 3.66553 -> :
    amulet of the fallen god (0.0370178) : -0.201728 %, alt : +4.20325, from: aq40
    amulet of the shifting sands (0.643829) : +0.0338485 %, alt : +3.3921, from: aq20
- . - ' - . - ' - . - ' - . - ' - . - ' - . -
shoulders, pauldrons of transcendence (-1.12479), alt: 2.82925 -> :
    ternary mantle (-0.369049) : +0.293393 %, alt : +4.64765, from: aq40
    pauldrons of transcendence (-1.12479) : +0 %, alt : +2.82925, from: bwl
    zandalar confessor's mantle (-1.42789) : -0.11767 %, alt : +2.67458, from: zg
    mantle of the blackwing cabal (-1.10559) : +0.00745211 %, alt : +2.5072, from: bwl
- . - ' - . - ' - . - ' - . - ' - . - ' - . -
back, hide of the wild (0.0629883), alt: 3.09714 -> :
    cloak of clarity (-1.03656) : -0.426867 %, alt : +3.44071, from: aq40
    hakkari loa cloak (0.574799) : +0.198695 %, alt : +2.99468, from: zg
- . - ' - . - ' - . - ' - . - ' - . - ' - . -
chest, truefaith vestments (-1.66458), alt: 5.38312 -> :
    robes of the exalted (-2.00983) : -0.134031 %, alt : +5.78607, from: pre-raid
    robes of transcendence (-1.31598) : +0.135335 %, alt : +5.32568, from: bwl
- . - ' - . - ' - . - ' - . - ' - . - ' - . -
wrists, bindings of transcendence (-0.85791), alt: 3.55588 -> :
    bracelets of royal redemption (0.0697327) : +0.36013 %, alt : +4.53965, from: aq40
    bindings of transcendence (-0.85791) : +0 %, alt : +3.55589, from: bwl
    vambraces of prophecy (-0.261292) : +0.23162 %, alt : +2.80516 (s: 0.333849), from: mc
- . - ' - . - ' - . - ' - . - ' - . - ' - . -
two-hand, benediction (-2.09219), alt: 8.65839 -> :
    scepter of the false prophet and lei of the lifegiver (3.09244) : +2.01278 %, alt : +17.6979, from: aq40, av rep
    scepter of the false prophet and sartura's might (2.99219) : +1.97386 %, alt : +17.5504, from: aq40, aq40
    scepter of the false prophet and brightly glowing stone (2.48822) : +1.77821 %, alt : +16.518, from: aq40, pre-raid
    scepter of the false prophet and trance stone (1.71902) : +1.47959 %, alt : +16.1944, from: aq40, emeriss; lethon; taerar; ysondre
    lok'amir il romathis and lei of the lifegiver (-1.07648) : +0.394322 %, alt : +10.6638, from: bwl, av rep
    blessed qiraji augur staff (-1.56323) : +0.205354 %, alt : +10.545, from: aq40
    gavel of infinite wisdom and lei of the lifegiver (-0.68277) : +0.547167 %, alt : +10.545, from: aq20, av rep
    lok'amir il romathis and sartura's might (-2.14276) : -0.0196314 %, alt : +10.5163, from: bwl, aq40
    gavel of infinite wisdom and sartura's might (-1.74689) : +0.134055 %, alt : +10.3975, from: aq20, aq40
    lok'amir il romathis and brightly glowing stone (-2.17267) : -0.031242 %, alt : +9.4839, from: bwl, pre-raid
    gavel of infinite wisdom and brightly glowing stone (-1.83514) : +0.0997919 %, alt : +9.36513, from: aq20, pre-raid
    lok'amir il romathis and trance stone (-2.55334) : -0.179028 %, alt : +9.16022, from: bwl, emeriss; lethon; taerar; ysondre
    gavel of infinite wisdom and trance stone (-2.15027) : -0.0225459 %, alt : +9.04146, from: aq20, emeriss; lethon; taerar; ysondre
    jin'do's hexxer and sartura's might (-1.67545) : +0.16179 %, alt : +7.5216, from: zg, aq40
    staff of the shadow flame (-0.943298) : +0.446025 %, alt : +7.457, from: bwl
    fang of the mystics and lei of the lifegiver (-0.422394) : +0.648251 %, alt : +6.85793, from: azuregos, av rep
    fang of the mystics and sartura's might (-1.50937) : +0.226265 %, alt : +6.71045, from: azuregos, aq40
    stinger of ayamiss and lei of the lifegiver (-0.7388) : +0.525415 %, alt : +6.56297, from: aq20, av rep
    jin'do's hexxer and brightly glowing stone (-1.08658) : +0.3904 %, alt : +6.48923, from: zg, pre-raid
    stinger of ayamiss and sartura's might (-1.13919) : +0.369975 %, alt : +6.41549, from: aq20, aq40
    the hammer of grace and lei of the lifegiver (-1.16412) : +0.360296 %, alt : +6.19426, from: pre-raid, av rep
    wushoolay's poker and lei of the lifegiver (-1.16412) : +0.360296 %, alt : +6.19426, from: zg, av rep
    jin'do's hexxer and trance stone (-1.66937) : +0.164148 %, alt : +6.16555, from: zg, emeriss; lethon; taerar; ysondre
    the hammer of grace and sartura's might (-1.60999) : +0.187203 %, alt : +6.04678, from: pre-raid, aq40
    zulian scepter of rites and lei of the lifegiver (-1.8233) : +0.104389 %, alt : +5.82556, from: zg, av rep
    aurastone hammer and lei of the lifegiver (-1.88696) : +0.0796748 %, alt : +5.75181, from: mc, av rep
    fang of the mystics and brightly glowing stone (-1.63309) : +0.178235 %, alt : +5.67807, from: azuregos, pre-raid
    stinger of ayamiss and brightly glowing stone (-1.95032) : +0.0550793 %, alt : +5.38311, from: aq20, pre-raid
    fang of the mystics and trance stone (-1.50281) : +0.228812 %, alt : +5.35439, from: azuregos, emeriss; lethon; taerar; ysondre
    stinger of ayamiss and trance stone (-0.462463) : +0.632695 %, alt : +5.05943, from: aq20, emeriss; lethon; taerar; ysondre
    the hammer of grace and brightly glowing stone (-1.58038) : +0.198695 %, alt : +5.0144, from: pre-raid, pre-raid
    wushoolay's poker and brightly glowing stone (-1.58038) : +0.198695 %, alt : +5.0144, from: zg, pre-raid
    witchblade and lei of the lifegiver (-1.61191) : +0.186457 %, alt : +4.94066, from: pre-raid, av rep
    fang of venoxis and brightly glowing stone (-1.35651) : +0.285609 %, alt : +4.91913, from: zg, pre-raid
    witchblade and sartura's might (-1.01895) : +0.416655 %, alt : +4.79318, from: pre-raid, aq40
    hypnotic blade and lei of the lifegiver (-1.28055) : +0.315097 %, alt : +4.78241, from: pre-raid, av rep
    wushoolay's poker and trance stone (-1.72769) : +0.141507 %, alt : +4.69072, from: zg, emeriss; lethon; taerar; ysondre
    the hammer of grace and trance stone (-1.20944) : +0.342702 %, alt : +4.69072, from: pre-raid, emeriss; lethon; taerar; ysondre
    zulian scepter of rites and brightly glowing stone (-1.20456) : +0.344598 %, alt : +4.6457, from: zg, pre-raid
    hypnotic blade and sartura's might (-1.39877) : +0.2692 %, alt : +4.63493, from: pre-raid, aq40
    fang of venoxis and trance stone (-0.470886) : +0.629425 %, alt : +4.59545, from: zg, emeriss; lethon; taerar; ysondre
    aurastone hammer and brightly glowing stone (-1.26929) : +0.319469 %, alt : +4.57196, from: mc, pre-raid
    gift of the elven magi and lei of the lifegiver (-1.42615) : +0.258573 %, alt : +4.3292, from: pre-raid (strat live: balnazzar), av rep
    zulian scepter of rites and trance stone (-0.319763) : +0.688094 %, alt : +4.32202, from: zg, emeriss; lethon; taerar; ysondre
    lorespinner and lei of the lifegiver (-1.44849) : +0.2499 %, alt : +4.25904, from: pre-raid, av rep
    aurastone hammer and trance stone (-0.384125) : +0.663107 %, alt : +4.24828, from: mc, emeriss; lethon; taerar; ysondre
    sorcerous dagger and brightly glowing stone (-1.08313) : +0.391739 %, alt : +4.20325, from: mc, pre-raid
    gift of the elven magi and sartura's might (-0.319763) : +0.688094 %, alt : +4.18171, from: pre-raid (strat live: balnazzar), aq40
    lorespinner and sartura's might (-0.342041) : +0.679445 %, alt : +4.11156, from: pre-raid, aq40
    scepter of the unholy and lei of the lifegiver (-1.34326) : +0.290751 %, alt : +3.90828, from: pre-raid, av rep
    sorcerous dagger and trance stone (-0.284363) : +0.701837 %, alt : +3.87957, from: mc, emeriss; lethon; taerar; ysondre
    scepter of the unholy and sartura's might (-0.375549) : +0.666437 %, alt : +3.7608, from: pre-raid, aq40
    witchblade and brightly glowing stone (-0.36441) : +0.670761 %, alt : +3.7608, from: pre-raid, pre-raid
    hypnotic blade and brightly glowing stone (0.210663) : +0.894016 %, alt : +3.60255, from: pre-raid, pre-raid
    witchblade and trance stone (-0.69342) : +0.543032 %, alt : +3.43712, from: pre-raid, emeriss; lethon; taerar; ysondre
    hypnotic blade and trance stone (4.65482) : +2.61933 %, alt : +3.27887, from: pre-raid, emeriss; lethon; taerar; ysondre
    gift of the elven magi and brightly glowing stone (-0.880402) : +0.470443 %, alt : +3.14934, from: pre-raid (strat live: balnazzar), pre-raid
    lorespinner and brightly glowing stone (-0.811798) : +0.497076 %, alt : +3.07918, from: pre-raid, pre-raid
    gift of the elven magi and trance stone (3.95078) : +2.346 %, alt : +2.82566, from: pre-raid (strat live: balnazzar), emeriss; lethon; taerar; ysondre
    lorespinner and trance stone (3.48141) : +2.16379 %, alt : +2.7555, from: pre-raid, emeriss; lethon; taerar; ysondre
    scepter of the unholy and trance stone (3.89224) : +2.32328 %, alt : +2.40475, from: pre-raid, emeriss; lethon; taerar; ysondre
- . - ' - . - ' - . - ' - . - ' - . - ' - . -
ranged, dragon's touch (0.515411), alt: 0.442444 -> :
    lunar wand of healing (0.959869) : +0.172548 %, alt : +1.47482, from: random green
    wandof qiraji nobility (0.88678) : +0.144173 %, alt : +1.40108, from: aq40
    antenna of invigoration (0.528198) : +0.00496412 %, alt : +0.958636, from: aq20
    bonecreeper stylus (0.380432) : -0.0524017 %, alt : +0.811153, from: pre-raid
- . - ' - . - ' - . - ' - . - ' - . - ' - . -
hands, handguards of transcendence (-0.464569), alt: 3.05048 -> :
    atal'ai hands of healing (0.333923) : +0.309991 %, alt : +3.90828, from: sunken temple
    high councillor's gloves of healing (-0.171326) : +0.113843 %, alt : +3.3921, from: random green
- . - ' - . - ' - . - ' - . - ' - . - ' - . -
waist, zandalar confessor's bindings (-1.63495), alt: 4.45514 -> :
    firemaw's clutch (-1.33188) : +0.117658 %, alt : +2.58094, from: bwl
    belt of transcendence (-1.69025) : -0.0214678 %, alt : +2.54864, from: bwl
- . - ' - . - ' - . - ' - . - ' - . - ' - . -
legs, empowered leggings (1.35138), alt: 7.36172 -> :
    leggings of transcendence (-0.0032959) : -0.525913 %, alt : +4.86529, from: mc
    leggings of the black blizzard (2.0741) : +0.280574 %, alt : +3.5846, from: aq20
- . - ' - . - ' - . - ' - . - ' - . - ' - . -
feet, boots of transcendence (-0.681244), alt: 3.77353 -> :
    boots of pure thought (0.74173) : +0.552428 %, alt : +5.41378, from: bwl
    boots of transcendence (-0.681244) : +0 %, alt : +3.77352, from: bwl
- . - ' - . - ' - . - ' - . - ' - . - ' - . -
finger, fordring's seal (-0.274994), alt: 2.72842 -> :
    pure elementium band (0.407013) : +0.264769 %, alt : +4.6098, from: bwl
    primalist's seal (-0.130615) : +0.0560508 %, alt : +3.91644, from: zg
    ring of the martyr (-0.748749) : -0.183921 %, alt : +3.7608, from: aq40
    cauterizing band (-0.0936584) : +0.0703982 %, alt : +3.3921, from: mc
- . - ' - . - ' - . - ' - . - ' - . - ' - . -
finger 2, pure elementium band (-1.38446), alt: 4.6098 -> :
    primalist's seal (-0.800751) : +0.226608 %, alt : +3.91644, from: zg
    fordring's seal (0.482361) : +0.724738 %, alt : +2.72842, from: pre-raid
    ring of spellpower (0.154053) : +0.597282 %, alt : +2.43346, from: mc
    rosewine circle (-0.430328) : +0.370414 %, alt : +2.1385, from: pre-raid
    maiden's circle (-0.624146) : +0.29517 %, alt : +1.74825, from: pre-raid
    band of servitude (-0.228973) : +0.448584 %, alt : +1.69605, from: zg
    mindtear band (-0.190704) : +0.463441 %, alt : +1.62231, from: taerar
    eye of orgrimmar (-0.624146) : +0.29517 %, alt : +1.60795, from: pre-raid
    band of forced concentration (-0.365448) : +0.395602 %, alt : +1.54857, from: bwl
    band of the hierophant (-0.463348) : +0.357595 %, alt : +0.771671, from: pre-raid
    royal seal of alexis (-0.463348) : +0.357595 %, alt : +0.561215, from: pre-raid
    magus ring (-0.452118) : +0.361955 %, alt : +0.491063, from: pre-raid
    dragonslayer's signet (-0.249298) : +0.440693 %, alt : +0.420911, from: onyxia
    blood of the martyr (0.0560608) : +0.55924 %, alt : +0, from: pre-raid
    ring of binding (0) : +0.537476 %, alt : +0, from: onyxia
    zanzil's band (-0.519226) : +0.335902 %, alt : +0, from: zg
- . - ' - . - ' - . - ' - . - ' - . - ' - . -
trinket, hazza'rah's charm of healing (7.91754), alt: 1.69604 -> :
    rejuvenating gem (-0.893661) : -3.42069 %, alt : +4.86692, from: bwl
    hibernation crystal (0.869446) : -2.73622 %, alt : +4.35073, from: ysondre
    hazza'rah's charm of healing (7.91754) : +0 %, alt : +1.69605, from: zg
- . - ' - . - ' - . - ' - . - ' - . - ' - . -
trinket 2, zandalarian hero charm (-0.145203), alt: 2.94965 -> :
    rejuvenating gem (0.281281) : +0.16557 %, alt : +4.86692, from: bwl
    hibernation crystal (-9.51265) : -3.63664 %, alt : +4.35073, from: ysondre
    briarwood reed (-0.0298767) : +0.0447719 %, alt : +2.1385, from: pre-raid
    hazza'rah's charm of healing (0) : +0.0563706 %, alt : +1.69605, from: zg
    second wind (1.59933) : +0.677265 %, alt : +1.62231, from: pre-raid
    burst of knowledge (0.967041) : +0.431796 %, alt : +0.884895, from: pre-raid
    eye of the beast (0.915192) : +0.411667 %, alt : +0, from: pre-raid
- - - - - - - - - - - - - - - - - - - - - - - - - - - - - - - - - - - - - - - - - 
| Upgrades at start level, from start item to candidate, partial bonuses: 0: |
  alt scores are from least squares fit, special score from e.g. set bonuses as s are part of em
. . . . . . . . . . . . . . . . . . . . . . . . . . . . . . . . . . . . . . . . . 
- . - ' - . - ' - . - ' - . - ' - . - ' - . -
head, zulian headdress (-2.43887), alt: 5.0379 -> :
    crystal adorned crown (-1.17972) : +0.488683 %, alt : +7.69617, from: azuregos
    halo of transcendence (-1.91388) : +0.203752 %, alt : +5.08292, from: onyxia
- . - ' - . - ' - . - ' - . - ' - . - ' - . -
neck, jin'do's evil eye (-1.11755), alt: 3.66553 -> :
    amulet of the fallen god (-1.08398) : +0.0130284 %, alt : +4.20325, from: aq40
    amulet of the shifting sands (-1.02774) : +0.0348569 %, alt : +3.3921, from: aq20
- . - ' - . - ' - . - ' - . - ' - . - ' - . -
shoulders, pauldrons of transcendence (-0.118622), alt: 2.82925 -> :
    ternary mantle (-0.220093) : -0.0393813 %, alt : +4.64765, from: aq40
    pauldrons of transcendence (-0.118622) : +0 %, alt : +2.82925, from: bwl
    zandalar confessor's mantle (1.73077) : +0.717758 %, alt : +2.67458, from: zg
- . - ' - . - ' - . - ' - . - ' - . - ' - . -
back, hide of the wild (-0.749756), alt: 3.09714 -> :
    cloak of clarity (-1.39688) : -0.251152 %, alt : +3.44071, from: aq40
    hakkari loa cloak (0.707306) : +0.565492 %, alt : +2.99468, from: zg
- . - ' - . - ' - . - ' - . - ' - . - ' - . -
chest, truefaith vestments (-6.45709), alt: 5.38312 -> :
    robes of the exalted (-4.64926) : +0.701626 %, alt : +5.78607, from: pre-raid
    robes of transcendence (-6.4064) : +0.0196729 %, alt : +5.32568, from: bwl
    robes of the guardian saint (-6.10001) : +0.138587 %, alt : +5.16188, from: aq40
- . - ' - . - ' - . - ' - . - ' - . - ' - . -
wrists, bindings of transcendence (-0.577118), alt: 3.55588 -> :
    bracelets of royal redemption (-0.565277) : +0.00459547 %, alt : +4.53965, from: aq40
    bindings of transcendence (-0.577118) : +0 %, alt : +3.55589, from: bwl
    vambraces of prophecy (-0.264923) : +0.121164 %, alt : +2.47131, from: mc
- . - ' - . - ' - . - ' - . - ' - . - ' - . -
two-hand, benediction (-3.15375), alt: 8.65839 -> :
    scepter of the false prophet and lei of the lifegiver (1.65152) : +1.86494 %, alt : +17.6979, from: aq40, av rep
    scepter of the false prophet and sartura's might (1.5509) : +1.82589 %, alt : +17.5504, from: aq40, aq40
    scepter of the false prophet and brightly glowing stone (0.570953) : +1.44557 %, alt : +16.518, from: aq40, pre-raid
    scepter of the false prophet and trance stone (-0.00238037) : +1.22306 %, alt : +16.1944, from: aq40, emeriss; lethon; taerar; ysondre
    lok'amir il romathis and lei of the lifegiver (-3.04388) : +0.0426384 %, alt : +10.6638, from: bwl, av rep
    blessed qiraji augur staff (-3.53525) : -0.148062 %, alt : +10.545, from: aq40
    gavel of infinite wisdom and lei of the lifegiver (-2.64987) : +0.195556 %, alt : +10.545, from: aq20, av rep
    lok'amir il romathis and sartura's might (-4.1163) : -0.373571 %, alt : +10.5163, from: bwl, aq40
    gavel of infinite wisdom and sartura's might (-3.71875) : -0.21928 %, alt : +10.3975, from: aq20, aq40
    lok'amir il romathis and brightly glowing stone (-3.69955) : -0.21183 %, alt : +9.4839, from: bwl, pre-raid
    gavel of infinite wisdom and brightly glowing stone (-3.29663) : -0.0554536 %, alt : +9.36513, from: aq20, pre-raid
    lok'amir il romathis and trance stone (-1.46765) : +0.654381 %, alt : +9.16022, from: bwl, emeriss; lethon; taerar; ysondre
    gavel of infinite wisdom and trance stone (-2.93518) : +0.0848267 %, alt : +9.04146, from: aq20, emeriss; lethon; taerar; ysondre
    jin'do's hexxer and lei of the lifegiver (-1.60431) : +0.601343 %, alt : +7.66909, from: zg, av rep
    jin'do's hexxer and sartura's might (-1.72055) : +0.55623 %, alt : +7.5216, from: zg, aq40
    staff of the shadow flame (-2.34964) : +0.312077 %, alt : +7.457, from: bwl
    fang of the mystics and lei of the lifegiver (-2.10199) : +0.408191 %, alt : +6.85793, from: azuregos, av rep
    stinger of ayamiss and lei of the lifegiver (-2.42508) : +0.282799 %, alt : +6.56297, from: aq20, av rep
    jin'do's hexxer and brightly glowing stone (-2.81503) : +0.131457 %, alt : +6.48923, from: zg, pre-raid
    stinger of ayamiss and sartura's might (-2.8678) : +0.110978 %, alt : +6.41549, from: aq20, aq40
    the hammer of grace and lei of the lifegiver (-2.16934) : +0.382052 %, alt : +6.19426, from: pre-raid, av rep
    jin'do's hexxer and trance stone (-2.68576) : +0.181628 %, alt : +6.16555, from: zg, emeriss; lethon; taerar; ysondre
    fang of venoxis and lei of the lifegiver (-2.15359) : +0.388163 %, alt : +6.09898, from: zg, av rep
    the hammer of grace and sartura's might (-2.16336) : +0.384373 %, alt : +6.04678, from: pre-raid, aq40
    aurastone hammer and lei of the lifegiver (-2.06635) : +0.422025 %, alt : +5.75181, from: mc, av rep
    fang of the mystics and brightly glowing stone (-2.64832) : +0.19616 %, alt : +5.67807, from: azuregos, pre-raid
    zulian scepter of rites and sartura's might (-2.11987) : +0.401251 %, alt : +5.67807, from: zg, aq40
    sorcerous dagger and lei of the lifegiver (-2.40695) : +0.289834 %, alt : +5.38311, from: mc, av rep
    stinger of ayamiss and brightly glowing stone (-1.60815) : +0.599851 %, alt : +5.38311, from: aq20, pre-raid
    fang of the mystics and trance stone (-2.15042) : +0.389395 %, alt : +5.35439, from: azuregos, emeriss; lethon; taerar; ysondre
    sorcerous dagger and sartura's might (-2.52521) : +0.243939 %, alt : +5.23563, from: mc, aq40
    stinger of ayamiss and trance stone (-2.47171) : +0.264701 %, alt : +5.05943, from: aq20, emeriss; lethon; taerar; ysondre
    the hammer of grace and brightly glowing stone (-2.35507) : +0.309969 %, alt : +5.0144, from: pre-raid, pre-raid
    wushoolay's poker and brightly glowing stone (-2.35507) : +0.309969 %, alt : +5.0144, from: zg, pre-raid
    witchblade and lei of the lifegiver (-2.38632) : +0.297841 %, alt : +4.94066, from: pre-raid, av rep
    fang of venoxis and brightly glowing stone (-1.61664) : +0.596558 %, alt : +4.91913, from: zg, pre-raid
    witchblade and sartura's might (-2.50473) : +0.251886 %, alt : +4.79318, from: pre-raid, aq40
    hypnotic blade and lei of the lifegiver (-1.54105) : +0.625896 %, alt : +4.78241, from: pre-raid, av rep
    the hammer of grace and trance stone (-1.04095) : +0.819983 %, alt : +4.69072, from: pre-raid, emeriss; lethon; taerar; ysondre
    wushoolay's poker and trance stone (-1.55463) : +0.620625 %, alt : +4.69072, from: zg, emeriss; lethon; taerar; ysondre
    zulian scepter of rites and brightly glowing stone (-1.46545) : +0.655234 %, alt : +4.6457, from: zg, pre-raid
    hypnotic blade and sartura's might (-1.65869) : +0.580237 %, alt : +4.63493, from: pre-raid, aq40
    fang of venoxis and trance stone (-2.38834) : +0.297059 %, alt : +4.59545, from: zg, emeriss; lethon; taerar; ysondre
    aurastone hammer and brightly glowing stone (-1.52985) : +0.630243 %, alt : +4.57196, from: mc, pre-raid
    gift of the elven magi and lei of the lifegiver (-1.67615) : +0.573463 %, alt : +4.3292, from: pre-raid (strat live: balnazzar), av rep
    zulian scepter of rites and trance stone (-2.23395) : +0.356978 %, alt : +4.32202, from: zg, emeriss; lethon; taerar; ysondre
    lorespinner and lei of the lifegiver (-2.13763) : +0.394358 %, alt : +4.25904, from: pre-raid, av rep
    aurastone hammer and trance stone (-2.29984) : +0.331407 %, alt : +4.24828, from: mc, emeriss; lethon; taerar; ysondre
    sorcerous dagger and brightly glowing stone (-0.915863) : +0.868532 %, alt : +4.20325, from: mc, pre-raid
    gift of the elven magi and sartura's might (-2.23395) : +0.356978 %, alt : +4.18171, from: pre-raid (strat live: balnazzar), aq40
    lorespinner and sartura's might (-2.25644) : +0.348249 %, alt : +4.11156, from: pre-raid, aq40
    scepter of the unholy and lei of the lifegiver (-1.73083) : +0.552238 %, alt : +3.90828, from: pre-raid, av rep
    sorcerous dagger and trance stone (3.52899) : +2.5936 %, alt : +3.87957, from: mc, emeriss; lethon; taerar; ysondre
    witchblade and brightly glowing stone (-1.83856) : +0.510429 %, alt : +3.7608, from: pre-raid, pre-raid
    scepter of the unholy and sartura's might (-1.84967) : +0.506118 %, alt : +3.7608, from: pre-raid, aq40
    hypnotic blade and brightly glowing stone (3.5087) : +2.58572 %, alt : +3.60255, from: pre-raid, pre-raid
    witchblade and trance stone (2.99896) : +2.38789 %, alt : +3.43712, from: pre-raid, emeriss; lethon; taerar; ysondre
    hypnotic blade and trance stone (2.68152) : +2.26469 %, alt : +3.27887, from: pre-raid, emeriss; lethon; taerar; ysondre
    gift of the elven magi and brightly glowing stone (2.80484) : +2.31255 %, alt : +3.14934, from: pre-raid (strat live: balnazzar), pre-raid
    lorespinner and brightly glowing stone (2.7814) : +2.30346 %, alt : +3.07918, from: pre-raid, pre-raid
    gift of the elven magi and trance stone (0.921814) : +1.58174 %, alt : +2.82566, from: pre-raid (strat live: balnazzar), emeriss; lethon; taerar; ysondre
    lorespinner and trance stone (0.448242) : +1.39795 %, alt : +2.7555, from: pre-raid, emeriss; lethon; taerar; ysondre
    scepter of the unholy and brightly glowing stone (0.0514832) : +1.24396 %, alt : +2.72842, from: pre-raid, pre-raid
    scepter of the unholy and trance stone (0.863953) : +1.55929 %, alt : +2.40475, from: pre-raid, emeriss; lethon; taerar; ysondre
- . - ' - . - ' - . - ' - . - ' - . - ' - . -
ranged, dragon's touch (-1.63776), alt: 0.442444 -> :
    lunar wand of healing (-2.05679) : -0.16263 %, alt : +1.47482, from: random green
    wandof qiraji nobility (-1.67035) : -0.0126494 %, alt : +1.40108, from: aq40
    antenna of invigoration (-2.09494) : -0.177435 %, alt : +0.958636, from: aq20
    bonecreeper stylus (-2.24594) : -0.236039 %, alt : +0.811153, from: pre-raid
- . - ' - . - ' - . - ' - . - ' - . - ' - . -
hands, handguards of transcendence (-0.511078), alt: 3.05048 -> :
    atal'ai hands of healing (-0.625519) : -0.044415 %, alt : +3.90828, from: sunken temple
    high councillor's gloves of healing (-0.6203) : -0.0423897 %, alt : +3.3921, from: random green
    gloves of dark wisdom (-0.196228) : +0.122194 %, alt : +2.58094, from: aq20
- . - ' - . - ' - . - ' - . - ' - . - ' - . -
waist, zandalar confessor's bindings (-0.686066), alt: 4.45514 -> :
    eyestalk waist cord (1.13879) : +0.708235 %, alt : +3.02339, from: aq40
    firemaw's clutch (0.495575) : +0.458599 %, alt : +2.58094, from: bwl
    belt of transcendence (-1.09198) : -0.157537 %, alt : +2.54864, from: bwl
- . - ' - . - ' - . - ' - . - ' - . - ' - . -
legs, empowered leggings (-3.10919), alt: 7.36172 -> :
    leggings of transcendence (-5.03209) : -0.746284 %, alt : +4.86529, from: mc
    leggings of the black blizzard (-2.66776) : +0.171323 %, alt : +3.5846, from: aq20
- . - ' - . - ' - . - ' - . - ' - . - ' - . -
feet, boots of transcendence (-0.400452), alt: 3.77353 -> :
    boots of pure thought (0.113464) : +0.199453 %, alt : +5.41378, from: bwl
    boots of transcendence (-0.400452) : +0 %, alt : +3.77352, from: bwl
    treads of the wandering nomand (0.0239258) : +0.164703 %, alt : +3.5001, from: aq20
- . - ' - . - ' - . - ' - . - ' - . - ' - . -
finger, fordring's seal (-1.15921), alt: 2.72842 -> :
    pure elementium band (-1.33698) : -0.0689913 %, alt : +4.6098, from: bwl
    ring of the martyr (-1.53976) : -0.147695 %, alt : +3.7608, from: aq40
    cauterizing band (-1.38281) : -0.086781 %, alt : +3.3921, from: mc
    primalist's seal (-0.737823) : +0.163542 %, alt : +2.69971, from: zg
- . - ' - . - ' - . - ' - . - ' - . - ' - . -
finger 2, pure elementium band (-0.57962), alt: 4.6098 -> :
    ring of the martyr (-0.327148) : +0.0979854 %, alt : +3.7608, from: aq40
    cauterizing band (1.06125) : +0.636828 %, alt : +3.3921, from: mc
    fordring's seal (0.465515) : +0.405621 %, alt : +2.72842, from: pre-raid
    ring of spellpower (0.332825) : +0.354124 %, alt : +2.43346, from: mc
    rosewine circle (0.0252686) : +0.23476 %, alt : +2.1385, from: pre-raid
    maiden's circle (-0.100433) : +0.185974 %, alt : +1.74825, from: pre-raid
    mindtear band (-0.464233) : +0.0447821 %, alt : +1.62231, from: taerar
    eye of orgrimmar (-0.100433) : +0.185974 %, alt : +1.60795, from: pre-raid
    cyclopean band (0.0566711) : +0.246947 %, alt : +0.944278, from: pre-raid
    zanzil's seal (0.74527) : +0.514195 %, alt : +0.811153, from: zg
    band of the hierophant (0.0552063) : +0.246379 %, alt : +0.771671, from: pre-raid
    royal seal of alexis (0.0552063) : +0.246379 %, alt : +0.561215, from: pre-raid
    magus ring (0.0662231) : +0.250654 %, alt : +0.491063, from: pre-raid
    dragonslayer's signet (0.253876) : +0.323483 %, alt : +0.420911, from: onyxia
    ring of binding (0) : +0.224953 %, alt : +0, from: onyxia
    zanzil's band (0) : +0.224953 %, alt : +0, from: zg
    blood of the martyr (0.0552063) : +0.246379 %, alt : +0, from: pre-raid
- . - ' - . - ' - . - ' - . - ' - . - ' - . -
trinket, hazza'rah's charm of healing (8.22327), alt: 1.69604 -> :
    rejuvenating gem (-0.564926) : -3.41073 %, alt : +4.86692, from: bwl
    hibernation crystal (0.244644) : -3.09654 %, alt : +4.35073, from: ysondre
    hazza'rah's charm of healing (8.22327) : +0 %, alt : +1.69605, from: zg
- . - ' - . - ' - . - ' - . - ' - . - ' - . -
trinket 2, zandalarian hero charm (-0.958252), alt: 2.94965 -> :
    rejuvenating gem (-1.44556) : -0.189125 %, alt : +4.86692, from: bwl
    hibernation crystal (-8.13239) : -2.78431 %, alt : +4.35073, from: ysondre
    royal seal of eldre'thalas (-0.500732) : +0.177565 %, alt : +2.43346, from: pre-raid
    briarwood reed (0.0868835) : +0.405621 %, alt : +2.1385, from: pre-raid
    hazza'rah's charm of healing (0) : +0.371901 %, alt : +1.69605, from: zg
    second wind (0.16394) : +0.435527 %, alt : +1.62231, from: pre-raid
    burst of knowledge (-0.852325) : +0.0411105 %, alt : +0.884895, from: pre-raid
------------------
Best value: 287.426
