Your call: ./css 4 ../items/phase5.csv ban_tmp_phase4.txt no-locks scrubclub_bwl_speed_phase4 -a ../confs/wcl_bwl_speed_log.csv -l scrubclub_speed.txt 
Found: -a, val: ../confs/wcl_bwl_speed_log.csv
./css 4 ../items/phase5.csv ban_tmp_phase4.txt no-locks scrubclub_bwl_speed_phase4 -l scrubclub_speed.txt 
Found key: buff_fraction, saw val: 1
Found key: healing_from_crit_fraction, saw val: 0.2
Found key: transc8_exists, saw val: 0
Found key: enchantments, saw val: 1
Found key: fort, saw val: 1
Found key: motw, saw val: 1
Found key: spirit, saw val: 1
Found key: ai, saw val: 1
Found key: flask, saw val: 1
Found key: holy_disc, saw val: 0
Found key: min_combat_length, saw val: 2
Found key: max_log_entry_diff_in_combat, saw val: 10
Found key: precast, saw val: 1
Found key: swap_cast, saw val: 1
Found key: time_step, saw val: 0.1
Found key: reaction_time, saw val: 0.1
Found key: skip_player, saw val: Paisti
Found key: use_deficit_time_sum, saw val: 0
Found key: wcl_log, saw val: 1
Found: -l, val: scrubclub_speed.txt
./css 4 ../items/phase5.csv ban_tmp_phase4.txt no-locks scrubclub_bwl_speed_phase4 
Will read log from: scrubclub_speed.txt
./css 4 ../items/phase5.csv ban_tmp_phase4.txt no-locks scrubclub_bwl_speed_phase4 
./css 4 ../items/phase5.csv ban_tmp_phase4.txt no-locks scrubclub_bwl_speed_phase4 
Shuffle seed: 2416673600
Reading banned from: ban_tmp_phase4.txt
Banning: aq20
Banning: aq40
Banning: naxx
Banning: neltharion's tear
Banning: lok'amir il romathis
Banning: choker of the fire lord
Reading WCL parsed log: scrubclub_speed.txt
Saw 20156 lines of log, with 20156 log lines
Sorting by timestamp...
Sorted.
Pruning log from: 20156 entries.
Combat from 0 to 14.829 s
Combat from 51.381 to 177.894 s
Combat from 180.468 to 247.755 s
Combat from 252.905 to 326.629 s
Combat from 342.04 to 353.489 s
Combat from 387.833 to 411.83 s
Combat from 433.145 to 458.196 s
Combat from 485.328 to 753.921 s
Combat from 769.65 to 801.635 s
Combat from 812.549 to 854.107 s
Combat from 858.303 to 999.992 s
Combat from 1011.75 to 1228.68 s
Combat from 1264.37 to 1391.28 s
Combat from 1403.83 to 1477.24 s
Pruned to: 20009 entries.
Reading tmp locked from: start_with.txt
Locking: anastari heirloom
Locking: anathema
Locking: animated chain necklace
Locking: argent crusader
Locking: atal'ai gloves of the owl
Locking: ban'thok sash
Locking: banshee finger
Locking: benediction
Locking: blood of the martyr
Locking: briarwood reed
Locking: burial shawl
Locking: clutch of andros
Locking: crimson felt hat
Locking: cyclopean band
Locking: devout belt
Locking: devout bracers
Locking: devout crown
Locking: devout mantle
Locking: devout robe
Locking: devout sandals
Locking: devout skirt
Locking: dragon finger of healing
Locking: dragon finger of intellect
Locking: dragonrider boots
Locking: dragonslayer's signet
Locking: drakefire amulet
Locking: dreadmist mantle
Locking: dreamweave circlet
Locking: dreamweave gloves
Locking: dreamweave vest
Locking: elder magus pendant
Locking: eye of the beast
Locking: fordring's seal
Locking: girdle of prophecy
Locking: gloves of prophecy
Locking: grimgore noose
Locking: halo of transcendence
Locking: heart of the fiend
Locking: hide of the wild
Locking: kentic amice
Locking: magister's robes
Locking: maleki's footwraps
Locking: mindtap talisman
Locking: nature's breath
Locking: necropile boots
Locking: necropile cuffs
Locking: necropile leggings
Locking: necropile mantle
Locking: necropile robe
Locking: noxious shooter
Locking: omnicast boots
Locking: orb of the forgotten seer
Locking: padre's trousers
Locking: penelope's rose
Locking: quel'dorai channeling rod
Locking: raincaster drape
Locking: rainstrider leggings
Locking: ring of demonic guile
Locking: ring of demonic guile
Locking: robes of prophecy
Locking: robes of the exalted
Locking: robes of the royal crown
Locking: rod of corrosion
Locking: rosewine circle
Locking: royal seal of eldre'thalas
Locking: royal tribunal cloak
Locking: sarah's guide
Locking: seal of rivendare
Locking: seal of rivendare
Locking: shadowy laced handwraps
Locking: silkweb gloves
Locking: soulstealer mantle
Locking: spellbound tome
Locking: spritecaster cape
Locking: star of mystaria
Locking: starfire tiara
Locking: stormrager
Locking: sublime wristguards
Locking: the hammer of grace
Locking: the postmaster's treads
Locking: thuzadin sash
Locking: triune amulet
Locking: vinerot sandals
Locking: whipvine cord
Locking: wolfshear leggings
Locking: boots of the full moon
Locking: mantle of prophecy
Locking: dragon's touch
Locking: bindings of transcendence
Locking: shimmering geta
Locking: empowered leggings
Locking: seal of the archmagus
Locking: circlet of prophecy
Locking: boots of prophecy
Locking: pauldrons of transcendence
Locking: primalist's seal
Locking: zandalar confessor's bindings
Locking: zulian headdress
Locking: mar'li's eye
Locking: shroud of pure thought
Locking: belt of transcendence
Locking: jin'do's evil eye
Locking: primalist's band
Locking: zandalarian hero charm
Locking: zandalar confessor's mantle
Locking: zandalar confessor's wraps 
Locking: pure elementium band
Locking: truefaith vestments
Locking: vambraces of prophecy
Locking: hazza'rah's charm of healing
Locking: handguards of transcendence
Locking: boots of transcendence
Locking: darkmoon card: blue dragon
Locking: rejuvenating gem
Optimizing start items...

*** NEW BEST (1): 162.577

*** NEW BEST (1): 164.987

*** NEW BEST (1): 169.436

*** NEW BEST (1): 178.851

*** NEW BEST (1): 181.919

*** NEW BEST (1): 186.788

*** NEW BEST (1): 192.619

*** NEW BEST (1): 197.012

*** NEW BEST (1): 203.432

*** NEW BEST (1): 206.218

*** NEW BEST (1): 210.174

*** NEW BEST (1): 211.626
*
*** NEW BEST (1): 211.923

*** NEW BEST (1): 214.41

*** NEW BEST (1): 214.942
*
*** NEW BEST (1): 217.34

*** NEW BEST (1): 218.331

*** NEW BEST (1): 218.374

*** NEW BEST (1): 218.422
*****
*** NEW BEST (1): 218.964
****
*** NEW BEST (0): 187.331
Based on last: 3000 entries, out of total: 4043 entries, The least-squares solution is:
Int: 72.6964
Spirit: 42.8151
Sp / Healing: 100
Mp5: 0
Crit: 274.871
T1 3p/piece: 0
T2 3p/piece: 0
100 points == 1 sp == 0.0583224 hps.
neck : animated chain necklace -> jin'do's evil eye => val: 187.331 -> 188.341

*** NEW BEST (0): 188.341
Based on last: 3000 entries, out of total: 4087 entries, The least-squares solution is:
Int: 73.2083
Spirit: 43.2268
Sp / Healing: 100
Mp5: 0
Crit: 237.629
T1 3p/piece: 0
T2 3p/piece: 0
100 points == 1 sp == 0.0584116 hps.
chest : dreamweave vest -> robes of the exalted => val: 188.341 -> 191.534

*** NEW BEST (0): 191.534
Based on last: 3000 entries, out of total: 4121 entries, The least-squares solution is:
Int: 72.8213
Spirit: 45.8096
Sp / Healing: 100
Mp5: 0
Crit: 244.953
T1 3p/piece: 0
T2 3p/piece: 0
100 points == 1 sp == 0.0583861 hps.
legs : devout skirt -> empowered leggings => val: 191.534 -> 200.806

*** NEW BEST (0): 200.806
Based on last: 3000 entries, out of total: 4141 entries, The least-squares solution is:
Int: 73.1943
Spirit: 52.1479
Sp / Healing: 100
Mp5: 0
Crit: 236.452
T1 3p/piece: 0
T2 3p/piece: 0
100 points == 1 sp == 0.0585107 hps.
finger : cyclopean band -> pure elementium band => val: 200.806 -> 202.659

*** NEW BEST (0): 202.659
Based on last: 3000 entries, out of total: 4171 entries, The least-squares solution is:
Int: 76.5218
Spirit: 54.8253
Sp / Healing: 100
Mp5: 0
Crit: 175.567
T1 3p/piece: 0
T2 3p/piece: 0
100 points == 1 sp == 0.058792 hps.
hands : atal'ai gloves of the owl -> handguards of transcendence => val: 202.659 -> 204.449

*** NEW BEST (0): 204.449
Based on last: 3000 entries, out of total: 4193 entries, The least-squares solution is:
Int: 76.2702
Spirit: 58.893
Sp / Healing: 100
Mp5: 0
Crit: 191.376
T1 3p/piece: 0
T2 3p/piece: 0
100 points == 1 sp == 0.0587701 hps.
shoulders : soulstealer mantle -> zandalar confessor's mantle => val: 204.449 -> 205.599

*** NEW BEST (0): 205.599
Based on last: 3000 entries, out of total: 4212 entries, The least-squares solution is:
Int: 77.3576
Spirit: 58.9703
Sp / Healing: 100
Mp5: 0
Crit: 191.05
T1 3p/piece: 0
T2 3p/piece: 0
100 points == 1 sp == 0.0587198 hps.
ranged : dragon finger of intellect -> dragon's touch => val: 202.944 -> 207.885

*** NEW BEST (0): 207.885
Based on last: 3000 entries, out of total: 4248 entries, The least-squares solution is:
Int: 74.7276
Spirit: 60.2148
Sp / Healing: 100
Mp5: 0
Crit: 196.813
T1 3p/piece: 0
T2 3p/piece: 0
100 points == 1 sp == 0.0594331 hps.
feet : boots of the full moon -> boots of transcendence => val: 204.397 -> 204.63
head : crimson felt hat -> halo of transcendence => val: 204.63 -> 204.906
waist : ban'thok sash -> belt of transcendence => val: 204.906 -> 205.756
*trinket : darkmoon card: blue dragon -> rejuvenating gem => val: 205.756 -> 207.863
two-hand : argent crusader    -> benediction    => val: 207.863 -> 212.582

*** NEW BEST (0): 212.582
Based on last: 3000 entries, out of total: 4545 entries, The least-squares solution is:
Int: 60.7532
Spirit: 46.1663
Sp / Healing: 100
Mp5: 0
Crit: 153.084
T1 3p/piece: 69.0781
T2 3p/piece: 0
100 points == 1 sp == 0.0583581 hps.
*finger 2 : primalist's seal -> fordring's seal => val: 212.582 -> 213.08

*** NEW BEST (0): 213.08
Based on last: 3000 entries, out of total: 4936 entries, The least-squares solution is:
Int: 58.935
Spirit: 37.9931
Sp / Healing: 100
Mp5: 0
Crit: 32.2495
T1 3p/piece: 1409.2
T2 3p/piece: 0
100 points == 1 sp == 0.0542184 hps.
*******
Read starting items and cleared locks.
 ----------------------------
 --- head --- 
name: halo of transcendence
slot: head
intelligence: 27
stamina: 17
spirit: 22
sp_healing: 48
fire_res: 10
frost_res: 10
armor: 94
 ----------------------------
 --- neck --- 
name: jin'do's evil eye
slot: neck
intelligence: 11
stamina: 5
spirit: 6
sp_healing: 44
 ----------------------------
 --- shoulders --- 
name: zandalar confessor's mantle
slot: shoulders
intelligence: 24
stamina: 11
spirit: 15
sp_healing: 22
armor: 78
 ----------------------------
 --- back --- 
name: hide of the wild
slot: back
intelligence: 10
stamina: 8
sp_healing: 42
armor: 48
 ----------------------------
 --- chest --- 
name: robes of the exalted
slot: chest
intelligence: 5
spirit: 11
sp_healing: 68
armor: 89
 ----------------------------
 --- wrists --- 
name: bindings of transcendence
slot: wrists
intelligence: 13
stamina: 9
spirit: 16
sp_healing: 33
armor: 51
 ----------------------------
 --- two-hand --- 
name: benediction
slot: two-hand
intelligence: 31
stamina: 10
spirit: 12
sp_healing: 106
spell_crit: 2
shadow_res: 20
 ----------------------------
 ---  --- 
name: 
slot: 
 ----------------------------
 ---  --- 
name: 
slot: 
 ----------------------------
 ---  --- 
name: 
slot: 
 ----------------------------
 --- ranged --- 
name: dragon's touch
slot: ranged
intelligence: 12
stamina: 7
sp: 6
 ----------------------------
 --- hands --- 
name: handguards of transcendence
slot: hands
intelligence: 20
stamina: 12
spirit: 13
sp_healing: 29
spell_crit: 1
armor: 72
 ----------------------------
 --- waist --- 
name: belt of transcendence
slot: waist
intelligence: 26
stamina: 14
spirit: 9
sp_healing: 26
shadow_res: 10
armor: 65
 ----------------------------
 --- legs --- 
name: empowered leggings
slot: legs
intelligence: 12
stamina: 12
spirit: 24
sp_healing: 77
spell_crit: 1
armor: 103
 ----------------------------
 --- feet --- 
name: boots of transcendence
slot: feet
intelligence: 17
stamina: 17
spirit: 17
sp_healing: 35
fire_res: 10
armor: 80
 ----------------------------
 --- finger --- 
name: pure elementium band
slot: finger
intelligence: 10
stamina: 9
spirit: 10
sp_healing: 53
 ----------------------------
 --- finger --- 
name: fordring's seal
slot: finger
intelligence: 5
stamina: 4
sp_healing: 37
 ----------------------------
 --- trinket --- 
name: rejuvenating gem
slot: trinket
sp_healing: 66
mp5: 9
 ----------------------------
 --- trinket --- 
name: hazza'rah's charm of healing
slot: trinket
 ----------------------------
 --- Set bonuses ---
name: confessor's 2 hazza'rah's 1 transcendence 3 
slot: Set bonuses
sp: 23
 --- And counts for start items ---
oh_limit: 0.9
time_left_mul: 0.5
total_deficit_to_pop_trinkets: 10000
in combat total: 1245.1
Flash Heal 1, casts: 58, avg: 394.959, 8.63441%, cast time 6.98739% of in combat, overheal: 0.370606
Flash Heal 2, casts: 9, avg: 672.193, 2.28028%, cast time 1.08425% of in combat, overheal: 0.0595374
Flash Heal 3, casts: 12, avg: 752.302, 3.40272%, cast time 1.44567% of in combat, overheal: 0.0537757
Flash Heal 4, casts: 21, avg: 765.57, 6.05978%, cast time 2.52992% of in combat, overheal: 0.130711
Flash Heal 5, casts: 21, avg: 936.88, 7.41577%, cast time 2.52992% of in combat, overheal: 0.0810397
Flash Heal 6, casts: 14, avg: 1007.42, 5.31609%, cast time 1.68661% of in combat, overheal: 0.137005
Flash Heal 7, casts: 121, avg: 1207.81, 55.0854%, cast time 14.5771% of in combat, overheal: 0.11044
Greater Heal 1 hazz, casts: 10, avg: 1042.13, 3.92802%, cast time 1.20472% of in combat, overheal: 0.430975
Greater Heal 3 hazz, casts: 1, avg: 2439.08, 0.919346%, cast time 0.120472% of in combat, overheal: 0
Greater Heal 4 hazz, casts: 7, avg: 2637.21, 6.95818%, cast time 0.843306% of in combat, overheal: 0.0651215
Total time casting: 411, which is: 33.0094% of time in combat.
Total hps: 213.08, raw hps: 251.711, oh: 0.153473
Deficit time sum: 1.18016e+07, baseline: 1.52872e+07
Deficit*time change / s: 2799.44 hp
Number of combats: 14
Average mana at start of combat: 10559.5
Average mana at end of combat: 9432.09
Other players with hps > 100:
  Garva : 143.309 hps
  Laserbosse : 154.585 hps
  Meow : 163.725 hps
  Nienna : 130.276 hps
  Oljadblixt : 179.893 hps
  Priestitute : 143.666 hps
  Sockertopp : 100.578 hps
  Tirre : 144.55 hps
  Whilind : 100.57 hps
Reading locked from: no-locks
Setting tag name to: scrubclub_bwl_speed_phase4
.
*** NEW BEST (1): 234.287

*** NEW BEST (1): 234.382

*** NEW BEST (1): 234.79

*** NEW BEST (1): 235.119

*** NEW BEST (1): 236.214

*** NEW BEST (1): 237.273

*** NEW BEST (1): 237.733
Temporary bans and partial set bonuses off.
.
*** NEW BEST (0): 235.292
wrists : zandalar confessor's wraps -> bindings of transcendence => val: 235.292 -> 235.325

*** NEW BEST (0): 235.325
back : drape of benediction -> hide of the wild => val: 235.325 -> 235.673

*** NEW BEST (0): 235.673
legs : leggings of transcendence -> empowered leggings => val: 235.673 -> 237.842

*** NEW BEST (0): 237.842
finger 2 : primalist's seal -> cauterizing band => val: 236.089 -> 236.424
***** INTERMEDIATE RESULTS *****
Iteration: 2
 ----------------------------
 --- head --- 
name: crystal adorned crown
slot: head
intelligence: 14
spirit: 13
sp_healing: 92
armor: 85
 ----------------------------
 --- neck --- 
name: animated chain necklace
slot: neck
stamina: 7
spirit: 6
sp_healing: 33
 ----------------------------
 --- shoulders --- 
name: pauldrons of transcendence
slot: shoulders
intelligence: 25
stamina: 12
spirit: 13
sp_healing: 26
fire_res: 10
armor: 87
 ----------------------------
 --- back --- 
name: hide of the wild
slot: back
intelligence: 10
stamina: 8
sp_healing: 42
armor: 48
 ----------------------------
 --- chest --- 
name: robes of transcendence
slot: chest
intelligence: 27
stamina: 17
spirit: 16
sp_healing: 57
nature_res: 10
fire_res: 10
armor: 116
 ----------------------------
 --- wrists --- 
name: bindings of transcendence
slot: wrists
intelligence: 13
stamina: 9
spirit: 16
sp_healing: 33
armor: 51
 ----------------------------
 ---  --- 
name: 
slot: 
 ----------------------------
 --- main hand --- 
name: jin'do's hexxer
slot: main hand
intelligence: 9
stamina: 6
sp_healing: 51
spell_crit: 1
 ----------------------------
 ---  --- 
name: 
slot: 
 ----------------------------
 --- off hand --- 
name: lei of the lifegiver
slot: off hand
sp_healing: 53
mp5: 3
 ----------------------------
 --- ranged --- 
name: lunar wand of healing
slot: ranged
sp_healing: 20
 ----------------------------
 --- hands --- 
name: atal'ai hands of healing
slot: hands
sp: 9
sp_healing: 44
armor: 47
 ----------------------------
 --- waist --- 
name: zandalar confessor's bindings
slot: waist
intelligence: 20
stamina: 12
spirit: 12
sp_healing: 26
armor: 53
 ----------------------------
 --- legs --- 
name: empowered leggings
slot: legs
intelligence: 12
stamina: 12
spirit: 24
sp_healing: 77
spell_crit: 1
armor: 103
 ----------------------------
 --- feet --- 
name: boots of pure thought
slot: feet
intelligence: 12
stamina: 8
spirit: 12
sp_healing: 62
armor: 74
 ----------------------------
 --- finger --- 
name: pure elementium band
slot: finger
intelligence: 10
stamina: 9
spirit: 10
sp_healing: 53
 ----------------------------
 --- finger --- 
name: primalist's seal
slot: finger
intelligence: 12
spirit: 8
sp_healing: 29
 ----------------------------
 --- trinket --- 
name: rejuvenating gem
slot: trinket
sp_healing: 66
mp5: 9
 ----------------------------
 --- trinket --- 
name: hazza'rah's charm of healing
slot: trinket
 ----------------------------
 --- Set bonuses ---
name: confessor's 2 hazza'rah's 1 transcendence 3 
slot: Set bonuses
sp: 23
------------------
Best value: 237.842
------------------
Char stats: 
Effective hp: 8301.1
Effective mana (100 s, 33 % out of fsr): 16508.4
Raw max mana: 10186.7
Int: 400.43
Stam: 375.13
Spirit: 442.98
Strength: 79.58
Agility: 84.18
All stats multiplier (taken into account above): 1.15
Bonus mana: 2000
Bonus hp: 0
Mp5: 162
Sp: 32
Sp shadow: 0
Sp healing: 924
Spell crit: 20
Spell hit: 0
Arcane res: 27
Nature res: 37
Fire res: 47
Frost res: 27
Shadow res: 27
Armor: 2862.75
Defense: 300
Dodge: 0
Parry: 0
HpsPvp: 986.805
ShadowDps: 226.004
Value pvp healing: 1789.88
Value pvp shadow: 93.8842
Effective hp-pvp: 10395.9
Effecctive mana for 100 s, 0.33 fsr: 18048.7
------------------
Best counts:
oh_limit: 0.7
time_left_mul: 2.7
total_deficit_to_pop_trinkets: 10000
in combat total: 1245.1
Flash Heal 1, casts: 21, avg: 450.677, 3.1888%, cast time 2.52992% of in combat, overheal: 0.317882
Flash Heal 2, casts: 4, avg: 747.436, 1.00734%, cast time 0.481889% of in combat, overheal: 0
Flash Heal 3, casts: 4, avg: 827.294, 1.11497%, cast time 0.481889% of in combat, overheal: 0
Flash Heal 4, casts: 8, avg: 835.511, 2.25208%, cast time 0.963778% of in combat, overheal: 0.0843124
Flash Heal 5, casts: 6, avg: 866.649, 1.75201%, cast time 0.722834% of in combat, overheal: 0.174992
Flash Heal 6, casts: 3, avg: 1197.5, 1.21043%, cast time 0.361417% of in combat, overheal: 0
Flash Heal 7, casts: 28, avg: 1194.2, 11.2662%, cast time 3.37322% of in combat, overheal: 0.1389
Greater Heal 1, casts: 6, avg: 1659.55, 3.35494%, cast time 1.20472% of in combat, overheal: 0.123821
Greater Heal 1 hazz, casts: 9, avg: 1188.47, 3.6039%, cast time 1.08425% of in combat, overheal: 0.372534
Greater Heal 2 hazz, casts: 1, avg: 2174.36, 0.732613%, cast time 0.120472% of in combat, overheal: 0
Greater Heal 3 hazz, casts: 1, avg: 2498.3, 0.841755%, cast time 0.120472% of in combat, overheal: 0
Greater Heal 4, casts: 27, avg: 2468.76, 22.4587%, cast time 5.42125% of in combat, overheal: 0.142186
Greater Heal 4 hazz, casts: 6, avg: 2654.14, 5.36559%, cast time 0.722834% of in combat, overheal: 0.0777729
Heal 2, casts: 84, avg: 945.085, 26.7481%, cast time 16.8661% of in combat, overheal: 0.31026
Heal 4, casts: 28, avg: 1600.85, 15.1026%, cast time 5.62204% of in combat, overheal: 0.214559
Total time casting: 499, which is: 40.0771% of time in combat.
Total hps: 238.371, raw hps: 302.323, oh: 0.211535
Deficit time sum: 1.17015e+07, baseline: 1.52872e+07
Deficit*time change / s: 2879.87 hp
Number of combats: 14
Average mana at start of combat: 9822.58
Average mana at end of combat: 8910.64
Other players with hps > 100:
  Garva : 140.677 hps
  Laserbosse : 152.018 hps
  Meow : 159.069 hps
  Nienna : 130.56 hps
  Oljadblixt : 171.781 hps
  Priestitute : 140.86 hps
  Sockertopp : 104.191 hps
  Tirre : 142.538 hps
------------------
Upgrades: 
( following sorted by alt scores, no specials )
halo of transcendence(3.91841) -> crystal adorned crown(5.70323) : 1.78482 = +0.754406%
boots of transcendence(2.79105) -> boots of pure thought(3.99217) : 1.20113 = +0.506441%
belt of transcendence(2.42587) -> zandalar confessor's bindings(3.54297) : 1.1171 = +0.470844%
handguards of transcendence(2.49669) -> atal'ai hands of healing(2.87358) : 0.376892 = +0.158362%
dragon's touch(0.708755) -> lunar wand of healing(1.08437) : 0.37561 = +0.157822%
robes of the exalted(4.07321) -> robes of transcendence(4.28279) : 0.209579 = +0.0879989%
zandalar confessor's mantle(2.26868) -> pauldrons of transcendence(2.4763) : 0.207626 = +0.0871781%
hide of the wild(2.59671) -> hide of the wild(2.59671) : 0 = +0%
bindings of transcendence(2.53419) -> bindings of transcendence(2.53419) : 0 = +0%
empowered leggings(5.07013) -> empowered leggings(5.07013) : 0 = +0%
pure elementium band(3.39911) -> pure elementium band(3.39911) : 0 = +0%
rejuvenating gem(3.57841) -> rejuvenating gem(3.57841) : 0 = +0%
hazza'rah's charm of healing(1.24702) -> hazza'rah's charm of healing(1.24702) : 0 = +0%
fordring's seal(2.16585) -> primalist's seal(2.12057) : -0.0452728 = +-0.018989%
jin'do's evil eye(2.8607) -> animated chain necklace(1.9128) : -0.947906 = +-0.396085%
benediction, , , (7.01988) -> , jin'do's hexxer, , lei of the lifegiver(5.94379) : -1.0761 = +-0.449408%
------------------
~~~~ end of intermediate results ~~~~
Temporary bans and partial set bonuses on.
..
*** NEW BEST (1): 237.843

*** NEW BEST (1): 239.024
Temporary bans and partial set bonuses off.
.finger 2 : primalist's seal -> cauterizing band => val: 232.521 -> 235.245
***** INTERMEDIATE RESULTS *****
Iteration: 5
 ----------------------------
 --- head --- 
name: crystal adorned crown
slot: head
intelligence: 14
spirit: 13
sp_healing: 92
armor: 85
 ----------------------------
 --- neck --- 
name: jin'do's evil eye
slot: neck
intelligence: 11
stamina: 5
spirit: 6
sp_healing: 44
 ----------------------------
 --- shoulders --- 
name: pauldrons of transcendence
slot: shoulders
intelligence: 25
stamina: 12
spirit: 13
sp_healing: 26
fire_res: 10
armor: 87
 ----------------------------
 --- back --- 
name: hide of the wild
slot: back
intelligence: 10
stamina: 8
sp_healing: 42
armor: 48
 ----------------------------
 --- chest --- 
name: robes of transcendence
slot: chest
intelligence: 27
stamina: 17
spirit: 16
sp_healing: 57
nature_res: 10
fire_res: 10
armor: 116
 ----------------------------
 --- wrists --- 
name: vambraces of prophecy
slot: wrists
intelligence: 14
stamina: 8
spirit: 10
sp_healing: 24
mp5: 2
armor: 44
 ----------------------------
 ---  --- 
name: 
slot: 
 ----------------------------
 --- main hand --- 
name: jin'do's hexxer
slot: main hand
intelligence: 9
stamina: 6
sp_healing: 51
spell_crit: 1
 ----------------------------
 ---  --- 
name: 
slot: 
 ----------------------------
 --- off hand --- 
name: lei of the lifegiver
slot: off hand
sp_healing: 53
mp5: 3
 ----------------------------
 --- ranged --- 
name: lunar wand of healing
slot: ranged
sp_healing: 20
 ----------------------------
 --- hands --- 
name: gloves of prophecy
slot: hands
intelligence: 15
stamina: 10
spirit: 15
sp_healing: 18
mp5: 6
fire_res: 7
armor: 63
 ----------------------------
 --- waist --- 
name: zandalar confessor's bindings
slot: waist
intelligence: 20
stamina: 12
spirit: 12
sp_healing: 26
armor: 53
 ----------------------------
 --- legs --- 
name: empowered leggings
slot: legs
intelligence: 12
stamina: 12
spirit: 24
sp_healing: 77
spell_crit: 1
armor: 103
 ----------------------------
 --- feet --- 
name: boots of pure thought
slot: feet
intelligence: 12
stamina: 8
spirit: 12
sp_healing: 62
armor: 74
 ----------------------------
 --- finger --- 
name: pure elementium band
slot: finger
intelligence: 10
stamina: 9
spirit: 10
sp_healing: 53
 ----------------------------
 --- finger --- 
name: primalist's seal
slot: finger
intelligence: 12
spirit: 8
sp_healing: 29
 ----------------------------
 --- trinket --- 
name: rejuvenating gem
slot: trinket
sp_healing: 66
mp5: 9
 ----------------------------
 --- trinket --- 
name: hazza'rah's charm of healing
slot: trinket
 ----------------------------
 --- Set bonuses ---
name: confessor's 2 hazza'rah's 1 
slot: Set bonuses
sp: 23
------------------
Best value: 237.842
------------------
Char stats: 
Effective hp: 8375
Effective mana (100 s, 33 % out of fsr): 16678.7
Raw max mana: 10699
Int: 431.48
Stam: 383.18
Spirit: 453.33
Strength: 79.58
Agility: 84.18
All stats multiplier (taken into account above): 1.15
Bonus mana: 2000
Bonus hp: 0
Mp5: 170
Sp: 23
Sp shadow: 0
Sp healing: 900
Spell crit: 20
Spell hit: 0
Arcane res: 27
Nature res: 37
Fire res: 54
Frost res: 27
Shadow res: 27
Armor: 2871.75
Defense: 300
Dodge: 0
Parry: 0
HpsPvp: 986.805
ShadowDps: 226.004
Value pvp healing: 1789.88
Value pvp shadow: 93.8842
Effective hp-pvp: 10514.5
Effecctive mana for 100 s, 0.33 fsr: 18534.7
------------------
Best counts:
oh_limit: 0.9
time_left_mul: 2.7
total_deficit_to_pop_trinkets: 6965.91
in combat total: 1245.1
Flash Heal 1, casts: 17, avg: 400.818, 2.32367%, cast time 2.04803% of in combat, overheal: 0.379828
Flash Heal 2, casts: 1, avg: 733.109, 0.250004%, cast time 0.120472% of in combat, overheal: 0
Flash Heal 3, casts: 4, avg: 813.036, 1.10904%, cast time 0.481889% of in combat, overheal: 0
Flash Heal 4, casts: 10, avg: 762.305, 2.5996%, cast time 1.20472% of in combat, overheal: 0.15135
Flash Heal 5, casts: 7, avg: 941.349, 2.24712%, cast time 0.843306% of in combat, overheal: 0.091719
Flash Heal 6, casts: 2, avg: 1183.56, 0.80723%, cast time 0.240945% of in combat, overheal: 0
Flash Heal 7, casts: 25, avg: 1196.4, 10.1998%, cast time 3.01181% of in combat, overheal: 0.12866
Greater Heal 1, casts: 6, avg: 1547.64, 3.16664%, cast time 1.20472% of in combat, overheal: 0.170586
Greater Heal 1 hazz, casts: 11, avg: 1013.26, 3.80093%, cast time 1.32519% of in combat, overheal: 0.456973
Greater Heal 2 hazz, casts: 1, avg: 2146.47, 0.731986%, cast time 0.120472% of in combat, overheal: 0
Greater Heal 4, casts: 31, avg: 2101.11, 22.212%, cast time 6.2244% of in combat, overheal: 0.262945
Greater Heal 4 hazz, casts: 8, avg: 2686.22, 7.32841%, cast time 0.963778% of in combat, overheal: 0.0576915
Heal 2, casts: 96, avg: 850.558, 27.8454%, cast time 19.2756% of in combat, overheal: 0.365936
Heal 4, casts: 29, avg: 1554.99, 15.3781%, cast time 5.82283% of in combat, overheal: 0.226362
Total time casting: 534, which is: 42.8881% of time in combat.
Total hps: 235.515, raw hps: 321.271, oh: 0.266929
Deficit time sum: 1.1739e+07, baseline: 1.52872e+07
Deficit*time change / s: 2849.73 hp
Number of combats: 14
Average mana at start of combat: 9858.19
Average mana at end of combat: 8685.49
Other players with hps > 100:
  Garva : 142.558 hps
  Laserbosse : 151.975 hps
  Meow : 161.557 hps
  Nienna : 129.645 hps
  Oljadblixt : 175.089 hps
  Priestitute : 142.595 hps
  Sockertopp : 100.824 hps
  Tirre : 142.876 hps
------------------
Upgrades: 
( following sorted by alt scores, no specials )
halo of transcendence(3.91841) -> crystal adorned crown(5.70323) : 1.78482 = +0.763626%
boots of transcendence(2.79105) -> boots of pure thought(3.99217) : 1.20113 = +0.512615%
belt of transcendence(2.42587) -> zandalar confessor's bindings(3.54297) : 1.1171 = +0.476582%
dragon's touch(0.708755) -> lunar wand of healing(1.08437) : 0.37561 = +0.15974%
robes of the exalted(4.07321) -> robes of transcendence(4.28279) : 0.209579 = +0.0890672%
zandalar confessor's mantle(2.26868) -> pauldrons of transcendence(2.4763) : 0.207626 = +0.0882364%
jin'do's evil eye(2.8607) -> jin'do's evil eye(2.8607) : 0 = +0%
hide of the wild(2.59671) -> hide of the wild(2.59671) : 0 = +0%
empowered leggings(5.07013) -> empowered leggings(5.07013) : 0 = +0%
pure elementium band(3.39911) -> pure elementium band(3.39911) : 0 = +0%
rejuvenating gem(3.57841) -> rejuvenating gem(3.57841) : 0 = +0%
hazza'rah's charm of healing(1.24702) -> hazza'rah's charm of healing(1.24702) : 0 = +0%
fordring's seal(2.16585) -> primalist's seal(2.12057) : -0.0452728 = +-0.0192192%
bindings of transcendence(2.53419) -> vambraces of prophecy(1.95459) : -0.579605 = +-0.245497%
handguards of transcendence(2.49669) -> gloves of prophecy(1.76422) : -0.732468 = +-0.310043%
benediction, , , (7.01988) -> , jin'do's hexxer, , lei of the lifegiver(5.94379) : -1.0761 = +-0.454834%
------------------
~~~~ end of intermediate results ~~~~
Temporary bans and partial set bonuses on.
.
*** NEW BEST (1): 239.107

*** NEW BEST (1): 239.147
Temporary bans and partial set bonuses off.
.wrists : vambraces of prophecy -> bindings of transcendence => val: 237.32 -> 238.409

*** NEW BEST (0): 238.409
Based on last: 3000 entries, out of total: 9262 entries, The least-squares solution is:
Int: 0
Spirit: 13.2715
Sp / Healing: 100
Mp5: 0
Crit: 218.205
T1 3p/piece: 813.166
T2 3p/piece: 0
100 points == 1 sp == 0.0357044 hps.
two-hand : benediction    ->   jin'do's hexxer lei of the lifegiver => val: 238.409 -> 238.725

*** NEW BEST (0): 238.725
Based on last: 3000 entries, out of total: 9298 entries, The least-squares solution is:
Int: 0
Spirit: 11.4889
Sp / Healing: 100
Mp5: 0
Crit: 303.08
T1 3p/piece: 706.068
T2 3p/piece: 0
100 points == 1 sp == 0.0367534 hps.
shoulders : pauldrons of transcendence -> mantle of the blackwing cabal => val: 238.337 -> 239.078

*** NEW BEST (0): 239.078
Based on last: 3000 entries, out of total: 9351 entries, The least-squares solution is:
Int: 0
Spirit: 10.088
Sp / Healing: 100
Mp5: 0
Crit: 285.357
T1 3p/piece: 717.559
T2 3p/piece: 0
100 points == 1 sp == 0.0367756 hps.
finger 2 : primalist's seal -> cauterizing band => val: 239.078 -> 239.237

*** NEW BEST (0): 239.237
Based on last: 3000 entries, out of total: 9381 entries, The least-squares solution is:
Int: 0
Spirit: 10.7588
Sp / Healing: 100
Mp5: 0
Crit: 270.488
T1 3p/piece: 730.352
T2 3p/piece: 0
100 points == 1 sp == 0.0369074 hps.
***** INTERMEDIATE RESULTS *****
Iteration: 7
 ----------------------------
 --- head --- 
name: crystal adorned crown
slot: head
intelligence: 14
spirit: 13
sp_healing: 92
armor: 85
 ----------------------------
 --- neck --- 
name: jin'do's evil eye
slot: neck
intelligence: 11
stamina: 5
spirit: 6
sp_healing: 44
 ----------------------------
 --- shoulders --- 
name: mantle of the blackwing cabal
slot: shoulders
intelligence: 16
stamina: 12
sp: 34
armor: 84
 ----------------------------
 --- back --- 
name: hide of the wild
slot: back
intelligence: 10
stamina: 8
sp_healing: 42
armor: 48
 ----------------------------
 --- chest --- 
name: truefaith vestments
slot: chest
stamina: 14
sp_healing: 73
mp5: 6
armor: 96
 ----------------------------
 --- wrists --- 
name: bindings of transcendence
slot: wrists
intelligence: 13
stamina: 9
spirit: 16
sp_healing: 33
armor: 51
 ----------------------------
 ---  --- 
name: 
slot: 
 ----------------------------
 --- main hand --- 
name: jin'do's hexxer
slot: main hand
intelligence: 9
stamina: 6
sp_healing: 51
spell_crit: 1
 ----------------------------
 ---  --- 
name: 
slot: 
 ----------------------------
 --- off hand --- 
name: lei of the lifegiver
slot: off hand
sp_healing: 53
mp5: 3
 ----------------------------
 --- ranged --- 
name: lunar wand of healing
slot: ranged
sp_healing: 20
 ----------------------------
 --- hands --- 
name: atal'ai hands of healing
slot: hands
sp: 9
sp_healing: 44
armor: 47
 ----------------------------
 --- waist --- 
name: zandalar confessor's bindings
slot: waist
intelligence: 20
stamina: 12
spirit: 12
sp_healing: 26
armor: 53
 ----------------------------
 --- legs --- 
name: empowered leggings
slot: legs
intelligence: 12
stamina: 12
spirit: 24
sp_healing: 77
spell_crit: 1
armor: 103
 ----------------------------
 --- feet --- 
name: boots of pure thought
slot: feet
intelligence: 12
stamina: 8
spirit: 12
sp_healing: 62
armor: 74
 ----------------------------
 --- finger --- 
name: pure elementium band
slot: finger
intelligence: 10
stamina: 9
spirit: 10
sp_healing: 53
 ----------------------------
 --- finger --- 
name: cauterizing band
slot: finger
intelligence: 12
stamina: 9
sp_healing: 46
 ----------------------------
 --- trinket --- 
name: rejuvenating gem
slot: trinket
sp_healing: 66
mp5: 9
 ----------------------------
 --- trinket --- 
name: hazza'rah's charm of healing
slot: trinket
 ----------------------------
 --- Set bonuses ---
name: confessor's 2 hazza'rah's 1 
slot: Set bonuses
sp: 23
------------------
Best value: 239.237
------------------
Char stats: 
Effective hp: 8357.5
Effective mana (100 s, 33 % out of fsr): 15381.7
Raw max mana: 9712.32
Int: 371.68
Stam: 379.73
Spirit: 400.43
Strength: 79.58
Agility: 84.18
All stats multiplier (taken into account above): 1.15
Bonus mana: 2000
Bonus hp: 0
Mp5: 168
Sp: 66
Sp shadow: 0
Sp healing: 942
Spell crit: 20
Spell hit: 0
Arcane res: 27
Nature res: 27
Fire res: 27
Frost res: 27
Shadow res: 27
Armor: 2839.75
Defense: 300
Dodge: 0
Parry: 0
HpsPvp: 993.856
ShadowDps: 232.143
Value pvp healing: 1636.49
Value pvp shadow: 89.2846
Effective hp-pvp: 10378.4
Effecctive mana for 100 s, 0.33 fsr: 17042.2
------------------
Best counts:
oh_limit: 0.9
time_left_mul: 2.7
total_deficit_to_pop_trinkets: 6965.91
in combat total: 1245.1
Flash Heal 1, casts: 15, avg: 423.012, 2.13015%, cast time 1.80708% of in combat, overheal: 0.381314
Flash Heal 2, casts: 3, avg: 770.391, 0.775888%, cast time 0.361417% of in combat, overheal: 0
Flash Heal 3, casts: 5, avg: 597.511, 1.00296%, cast time 0.602361% of in combat, overheal: 0.297199
Flash Heal 4, casts: 10, avg: 904.438, 3.03631%, cast time 1.20472% of in combat, overheal: 0.03296
Flash Heal 5, casts: 3, avg: 839.125, 0.845113%, cast time 0.361417% of in combat, overheal: 0.2181
Flash Heal 6, casts: 6, avg: 1103.06, 2.22187%, cast time 0.722834% of in combat, overheal: 0.09592
Flash Heal 7, casts: 21, avg: 1229.53, 8.66813%, cast time 2.52992% of in combat, overheal: 0.127545
Greater Heal 1, casts: 11, avg: 1383.13, 5.10766%, cast time 2.20866% of in combat, overheal: 0.286827
Greater Heal 1 hazz, casts: 11, avg: 1033.29, 3.81577%, cast time 1.32519% of in combat, overheal: 0.467211
Greater Heal 2 hazz, casts: 1, avg: 2219.46, 0.7451%, cast time 0.120472% of in combat, overheal: 0
Greater Heal 3 hazz, casts: 2, avg: 2543.13, 1.70752%, cast time 0.240945% of in combat, overheal: 0
Greater Heal 4, casts: 30, avg: 2171.22, 21.8671%, cast time 6.02361% of in combat, overheal: 0.257068
Greater Heal 4 hazz, casts: 6, avg: 2691.25, 5.42091%, cast time 0.722834% of in combat, overheal: 0.0791276
Heal 2, casts: 101, avg: 892.215, 30.2522%, cast time 20.2795% of in combat, overheal: 0.370003
Heal 4, casts: 24, avg: 1539.42, 12.4033%, cast time 4.81889% of in combat, overheal: 0.261187
Total time casting: 539.5, which is: 43.3299% of time in combat.
Total hps: 239.237, raw hps: 332.932, oh: 0.281423
Deficit time sum: 1.17212e+07, baseline: 1.52872e+07
Deficit*time change / s: 2864.03 hp
Number of combats: 14
Average mana at start of combat: 8777.27
Average mana at end of combat: 7597.45
Other players with hps > 100:
  Garva : 142.634 hps
  Laserbosse : 151.429 hps
  Meow : 161.426 hps
  Nienna : 128.545 hps
  Oljadblixt : 174.368 hps
  Priestitute : 141.938 hps
  Sockertopp : 100.586 hps
  Tirre : 142.937 hps
------------------
Upgrades: 
( following sorted by alt scores, no specials )
halo of transcendence(1.85892) -> crystal adorned crown(3.44711) : 1.5882 = +0.668294%
boots of transcendence(1.35927) -> boots of pure thought(2.33591) : 0.976639 = +0.409903%
belt of transcendence(0.995331) -> zandalar confessor's bindings(1.85611) : 0.860779 = +0.3611%
handguards of transcendence(1.22177) -> atal'ai hands of healing(1.9561) : 0.734329 = +0.307891%
dragon's touch(0.221451) -> lunar wand of healing(0.738144) : 0.516693 = +0.216442%
zandalar confessor's mantle(0.871521) -> mantle of the blackwing cabal(1.25485) : 0.383331 = +0.160488%
fordring's seal(1.36557) -> cauterizing band(1.69774) : 0.332169 = +0.139038%
robes of the exalted(2.55339) -> truefaith vestments(2.69424) : 0.140854 = +0.0589109%
jin'do's evil eye(1.64775) -> jin'do's evil eye(1.64775) : 0 = +0%
hide of the wild(1.55011) -> hide of the wild(1.55011) : 0 = +0%
bindings of transcendence(1.28148) -> bindings of transcendence(1.28148) : 0 = +0%
empowered leggings(3.037) -> empowered leggings(3.037) : 0 = +0%
pure elementium band(1.9958) -> pure elementium band(1.9958) : 0 = +0%
rejuvenating gem(2.4359) -> rejuvenating gem(2.4359) : 0 = +0%
hazza'rah's charm of healing(0.848877) -> hazza'rah's charm of healing(0.848877) : 0 = +0%
benediction, , , (4.1595) -> , jin'do's hexxer, , lei of the lifegiver(3.9382) : -0.221298 = +-0.092416%
------------------
~~~~ end of intermediate results ~~~~
Temporary bans and partial set bonuses on.
.
*** NEW BEST (1): 239.481
Based on last: 3000 entries, out of total: 9403 entries, The least-squares solution is:
Int: 0
Spirit: 10.658
Sp / Healing: 100
Mp5: 0
Crit: 258.449
T1 3p/piece: 745.182
T2 3p/piece: 0
100 points == 1 sp == 0.0369205 hps.

*** NEW BEST (1): 239.939
Based on last: 3000 entries, out of total: 9460 entries, The least-squares solution is:
Int: 0
Spirit: 12.3561
Sp / Healing: 100
Mp5: 0
Crit: 243.254
T1 3p/piece: 712.628
T2 3p/piece: 0
100 points == 1 sp == 0.03691 hps.
.Temporary bans and partial set bonuses off.
.two-hand : benediction    ->   jin'do's hexxer lei of the lifegiver => val: 238.593 -> 238.891
hands : high councillor's gloves of healing -> atal'ai hands of healing => val: 238.891 -> 239.078
finger 2 : primalist's seal -> cauterizing band => val: 239.078 -> 239.237
***** INTERMEDIATE RESULTS *****
Iteration: 10
 ----------------------------
 --- head --- 
name: crystal adorned crown
slot: head
intelligence: 14
spirit: 13
sp_healing: 92
armor: 85
 ----------------------------
 --- neck --- 
name: jin'do's evil eye
slot: neck
intelligence: 11
stamina: 5
spirit: 6
sp_healing: 44
 ----------------------------
 --- shoulders --- 
name: mantle of the blackwing cabal
slot: shoulders
intelligence: 16
stamina: 12
sp: 34
armor: 84
 ----------------------------
 --- back --- 
name: hide of the wild
slot: back
intelligence: 10
stamina: 8
sp_healing: 42
armor: 48
 ----------------------------
 --- chest --- 
name: truefaith vestments
slot: chest
stamina: 14
sp_healing: 73
mp5: 6
armor: 96
 ----------------------------
 --- wrists --- 
name: bindings of transcendence
slot: wrists
intelligence: 13
stamina: 9
spirit: 16
sp_healing: 33
armor: 51
 ----------------------------
 --- two-hand --- 
name: benediction
slot: two-hand
intelligence: 31
stamina: 10
spirit: 12
sp_healing: 106
spell_crit: 2
shadow_res: 20
 ----------------------------
 ---  --- 
name: 
slot: 
 ----------------------------
 ---  --- 
name: 
slot: 
 ----------------------------
 ---  --- 
name: 
slot: 
 ----------------------------
 --- ranged --- 
name: lunar wand of healing
slot: ranged
sp_healing: 20
 ----------------------------
 --- hands --- 
name: atal'ai hands of healing
slot: hands
sp: 9
sp_healing: 44
armor: 47
 ----------------------------
 --- waist --- 
name: zandalar confessor's bindings
slot: waist
intelligence: 20
stamina: 12
spirit: 12
sp_healing: 26
armor: 53
 ----------------------------
 --- legs --- 
name: empowered leggings
slot: legs
intelligence: 12
stamina: 12
spirit: 24
sp_healing: 77
spell_crit: 1
armor: 103
 ----------------------------
 --- feet --- 
name: boots of pure thought
slot: feet
intelligence: 12
stamina: 8
spirit: 12
sp_healing: 62
armor: 74
 ----------------------------
 --- finger --- 
name: pure elementium band
slot: finger
intelligence: 10
stamina: 9
spirit: 10
sp_healing: 53
 ----------------------------
 --- finger --- 
name: cauterizing band
slot: finger
intelligence: 12
stamina: 9
sp_healing: 46
 ----------------------------
 --- trinket --- 
name: rejuvenating gem
slot: trinket
sp_healing: 66
mp5: 9
 ----------------------------
 --- trinket --- 
name: hazza'rah's charm of healing
slot: trinket
 ----------------------------
 --- Set bonuses ---
name: confessor's 2 hazza'rah's 1 
slot: Set bonuses
sp: 23
------------------
Best value: 239.237
------------------
Char stats: 
Effective hp: 8403.9
Effective mana (100 s, 33 % out of fsr): 15809.7
Raw max mana: 10129.8
Int: 396.98
Stam: 384.33
Spirit: 414.23
Strength: 79.58
Agility: 84.18
All stats multiplier (taken into account above): 1.15
Bonus mana: 2000
Bonus hp: 0
Mp5: 165
Sp: 66
Sp shadow: 0
Sp healing: 944
Spell crit: 21
Spell hit: 0
Arcane res: 27
Nature res: 27
Fire res: 27
Frost res: 27
Shadow res: 47
Armor: 2839.75
Defense: 300
Dodge: 0
Parry: 0
HpsPvp: 993.856
ShadowDps: 232.143
Value pvp healing: 1636.49
Value pvp shadow: 89.2846
Effective hp-pvp: 10518.4
Effecctive mana for 100 s, 0.33 fsr: 17521.2
------------------
Best counts:
oh_limit: 0.9
time_left_mul: 2.7
total_deficit_to_pop_trinkets: 6965.91
in combat total: 1245.1
Flash Heal 1, casts: 14, avg: 404.773, 1.9034%, cast time 1.68661% of in combat, overheal: 0.410303
Flash Heal 2, casts: 4, avg: 773.297, 1.03896%, cast time 0.481889% of in combat, overheal: 0
Flash Heal 3, casts: 5, avg: 599.379, 1.00661%, cast time 0.602361% of in combat, overheal: 0.297574
Flash Heal 4, casts: 12, avg: 865.332, 3.48783%, cast time 1.44567% of in combat, overheal: 0.0780594
Flash Heal 5, casts: 1, avg: 1076.88, 0.361708%, cast time 0.120472% of in combat, overheal: 0
Flash Heal 6, casts: 6, avg: 1105.78, 2.22849%, cast time 0.722834% of in combat, overheal: 0.0967098
Flash Heal 7, casts: 22, avg: 1241.02, 9.17048%, cast time 2.65039% of in combat, overheal: 0.122234
Greater Heal 1, casts: 12, avg: 1310.8, 5.28334%, cast time 2.40945% of in combat, overheal: 0.326506
Greater Heal 1 hazz, casts: 11, avg: 1035.16, 3.82466%, cast time 1.32519% of in combat, overheal: 0.468129
Greater Heal 2 hazz, casts: 1, avg: 2227.06, 0.748036%, cast time 0.120472% of in combat, overheal: 0
Greater Heal 3 hazz, casts: 2, avg: 2551.57, 1.71407%, cast time 0.240945% of in combat, overheal: 0
Greater Heal 4, casts: 30, avg: 2174.26, 21.909%, cast time 6.02361% of in combat, overheal: 0.258422
Greater Heal 4 hazz, casts: 6, avg: 2699.11, 5.43955%, cast time 0.722834% of in combat, overheal: 0.079409
Heal 2, casts: 101, avg: 893.643, 30.3163%, cast time 20.2795% of in combat, overheal: 0.371431
Heal 4, casts: 22, avg: 1565.41, 11.5676%, cast time 4.41732% of in combat, overheal: 0.251309
Total time casting: 538.5, which is: 43.2495% of time in combat.
Total hps: 239.114, raw hps: 333.302, oh: 0.282591
Deficit time sum: 1.1724e+07, baseline: 1.52872e+07
Deficit*time change / s: 2861.74 hp
Number of combats: 14
Average mana at start of combat: 9200.44
Average mana at end of combat: 8015.57
Other players with hps > 100:
  Garva : 142.712 hps
  Laserbosse : 151.398 hps
  Meow : 161.381 hps
  Nienna : 128.515 hps
  Oljadblixt : 174.479 hps
  Priestitute : 141.883 hps
  Sockertopp : 100.778 hps
  Tirre : 142.898 hps
------------------
Upgrades: 
( following sorted by alt scores, no specials )
halo of transcendence(1.87201) -> crystal adorned crown(3.455) : 1.58299 = +0.666436%
boots of transcendence(1.36938) -> boots of pure thought(2.34315) : 0.97377 = +0.408906%
belt of transcendence(1.0007) -> zandalar confessor's bindings(1.86331) : 0.86261 = +0.362059%
handguards of transcendence(1.21947) -> atal'ai hands of healing(1.95624) : 0.736771 = +0.309078%
dragon's touch(0.221466) -> lunar wand of healing(0.738205) : 0.516739 = +0.216574%
zandalar confessor's mantle(0.880432) -> mantle of the blackwing cabal(1.25494) : 0.374512 = +0.15687%
fordring's seal(1.36568) -> cauterizing band(1.69786) : 0.332184 = +0.139116%
robes of the exalted(2.56004) -> truefaith vestments(2.69443) : 0.134384 = +0.0562325%
jin'do's evil eye(1.6514) -> jin'do's evil eye(1.6514) : 0 = +0%
hide of the wild(1.55022) -> hide of the wild(1.55022) : 0 = +0%
bindings of transcendence(1.291) -> bindings of transcendence(1.291) : 0 = +0%
benediction, , , (4.14676) -> benediction, , , (4.14676) : 0 = +0%
empowered leggings(3.04131) -> empowered leggings(3.04131) : 0 = +0%
pure elementium band(2.00183) -> pure elementium band(2.00183) : 0 = +0%
rejuvenating gem(2.43607) -> rejuvenating gem(2.43607) : 0 = +0%
hazza'rah's charm of healing(0.848923) -> hazza'rah's charm of healing(0.848923) : 0 = +0%
------------------
~~~~ end of intermediate results ~~~~
Temporary bans and partial set bonuses on.
..Temporary bans and partial set bonuses off.
.finger 2 : primalist's seal -> cauterizing band => val: 236.712 -> 238.504
two-hand : benediction    ->   jin'do's hexxer lei of the lifegiver => val: 238.504 -> 238.638
head : eternal crown of healing -> crystal adorned crown => val: 238.638 -> 239.237
***** INTERMEDIATE RESULTS *****
Iteration: 13
 ----------------------------
 --- head --- 
name: crystal adorned crown
slot: head
intelligence: 14
spirit: 13
sp_healing: 92
armor: 85
 ----------------------------
 --- neck --- 
name: jin'do's evil eye
slot: neck
intelligence: 11
stamina: 5
spirit: 6
sp_healing: 44
 ----------------------------
 --- shoulders --- 
name: mantle of the blackwing cabal
slot: shoulders
intelligence: 16
stamina: 12
sp: 34
armor: 84
 ----------------------------
 --- back --- 
name: hide of the wild
slot: back
intelligence: 10
stamina: 8
sp_healing: 42
armor: 48
 ----------------------------
 --- chest --- 
name: truefaith vestments
slot: chest
stamina: 14
sp_healing: 73
mp5: 6
armor: 96
 ----------------------------
 --- wrists --- 
name: bindings of transcendence
slot: wrists
intelligence: 13
stamina: 9
spirit: 16
sp_healing: 33
armor: 51
 ----------------------------
 --- two-hand --- 
name: benediction
slot: two-hand
intelligence: 31
stamina: 10
spirit: 12
sp_healing: 106
spell_crit: 2
shadow_res: 20
 ----------------------------
 ---  --- 
name: 
slot: 
 ----------------------------
 ---  --- 
name: 
slot: 
 ----------------------------
 ---  --- 
name: 
slot: 
 ----------------------------
 --- ranged --- 
name: lunar wand of healing
slot: ranged
sp_healing: 20
 ----------------------------
 --- hands --- 
name: atal'ai hands of healing
slot: hands
sp: 9
sp_healing: 44
armor: 47
 ----------------------------
 --- waist --- 
name: zandalar confessor's bindings
slot: waist
intelligence: 20
stamina: 12
spirit: 12
sp_healing: 26
armor: 53
 ----------------------------
 --- legs --- 
name: empowered leggings
slot: legs
intelligence: 12
stamina: 12
spirit: 24
sp_healing: 77
spell_crit: 1
armor: 103
 ----------------------------
 --- feet --- 
name: boots of pure thought
slot: feet
intelligence: 12
stamina: 8
spirit: 12
sp_healing: 62
armor: 74
 ----------------------------
 --- finger --- 
name: pure elementium band
slot: finger
intelligence: 10
stamina: 9
spirit: 10
sp_healing: 53
 ----------------------------
 --- finger --- 
name: cauterizing band
slot: finger
intelligence: 12
stamina: 9
sp_healing: 46
 ----------------------------
 --- trinket --- 
name: rejuvenating gem
slot: trinket
sp_healing: 66
mp5: 9
 ----------------------------
 --- trinket --- 
name: hazza'rah's charm of healing
slot: trinket
 ----------------------------
 --- Set bonuses ---
name: confessor's 2 hazza'rah's 1 
slot: Set bonuses
sp: 23
------------------
Best value: 239.237
------------------
Char stats: 
Effective hp: 8403.9
Effective mana (100 s, 33 % out of fsr): 15809.7
Raw max mana: 10129.8
Int: 396.98
Stam: 384.33
Spirit: 414.23
Strength: 79.58
Agility: 84.18
All stats multiplier (taken into account above): 1.15
Bonus mana: 2000
Bonus hp: 0
Mp5: 165
Sp: 66
Sp shadow: 0
Sp healing: 944
Spell crit: 21
Spell hit: 0
Arcane res: 27
Nature res: 27
Fire res: 27
Frost res: 27
Shadow res: 47
Armor: 2839.75
Defense: 300
Dodge: 0
Parry: 0
HpsPvp: 993.856
ShadowDps: 232.143
Value pvp healing: 1636.49
Value pvp shadow: 89.2846
Effective hp-pvp: 10518.4
Effecctive mana for 100 s, 0.33 fsr: 17521.2
------------------
Best counts:
oh_limit: 0.9
time_left_mul: 2.7
total_deficit_to_pop_trinkets: 6965.91
in combat total: 1245.1
Flash Heal 1, casts: 14, avg: 404.773, 1.9034%, cast time 1.68661% of in combat, overheal: 0.410303
Flash Heal 2, casts: 4, avg: 773.297, 1.03896%, cast time 0.481889% of in combat, overheal: 0
Flash Heal 3, casts: 5, avg: 599.379, 1.00661%, cast time 0.602361% of in combat, overheal: 0.297574
Flash Heal 4, casts: 12, avg: 865.332, 3.48783%, cast time 1.44567% of in combat, overheal: 0.0780594
Flash Heal 5, casts: 1, avg: 1076.88, 0.361708%, cast time 0.120472% of in combat, overheal: 0
Flash Heal 6, casts: 6, avg: 1105.78, 2.22849%, cast time 0.722834% of in combat, overheal: 0.0967098
Flash Heal 7, casts: 22, avg: 1241.02, 9.17048%, cast time 2.65039% of in combat, overheal: 0.122234
Greater Heal 1, casts: 12, avg: 1310.8, 5.28334%, cast time 2.40945% of in combat, overheal: 0.326506
Greater Heal 1 hazz, casts: 11, avg: 1035.16, 3.82466%, cast time 1.32519% of in combat, overheal: 0.468129
Greater Heal 2 hazz, casts: 1, avg: 2227.06, 0.748036%, cast time 0.120472% of in combat, overheal: 0
Greater Heal 3 hazz, casts: 2, avg: 2551.57, 1.71407%, cast time 0.240945% of in combat, overheal: 0
Greater Heal 4, casts: 30, avg: 2174.26, 21.909%, cast time 6.02361% of in combat, overheal: 0.258422
Greater Heal 4 hazz, casts: 6, avg: 2699.11, 5.43955%, cast time 0.722834% of in combat, overheal: 0.079409
Heal 2, casts: 101, avg: 893.643, 30.3163%, cast time 20.2795% of in combat, overheal: 0.371431
Heal 4, casts: 22, avg: 1565.41, 11.5676%, cast time 4.41732% of in combat, overheal: 0.251309
Total time casting: 538.5, which is: 43.2495% of time in combat.
Total hps: 239.114, raw hps: 333.302, oh: 0.282591
Deficit time sum: 1.1724e+07, baseline: 1.52872e+07
Deficit*time change / s: 2861.74 hp
Number of combats: 14
Average mana at start of combat: 9200.44
Average mana at end of combat: 8015.57
Other players with hps > 100:
  Garva : 142.712 hps
  Laserbosse : 151.398 hps
  Meow : 161.381 hps
  Nienna : 128.515 hps
  Oljadblixt : 174.479 hps
  Priestitute : 141.883 hps
  Sockertopp : 100.778 hps
  Tirre : 142.898 hps
------------------
Upgrades: 
( following sorted by alt scores, no specials )
halo of transcendence(1.87201) -> crystal adorned crown(3.455) : 1.58299 = +0.666436%
boots of transcendence(1.36938) -> boots of pure thought(2.34315) : 0.97377 = +0.408906%
belt of transcendence(1.0007) -> zandalar confessor's bindings(1.86331) : 0.86261 = +0.362059%
handguards of transcendence(1.21947) -> atal'ai hands of healing(1.95624) : 0.736771 = +0.309078%
dragon's touch(0.221466) -> lunar wand of healing(0.738205) : 0.516739 = +0.216574%
zandalar confessor's mantle(0.880432) -> mantle of the blackwing cabal(1.25494) : 0.374512 = +0.15687%
fordring's seal(1.36568) -> cauterizing band(1.69786) : 0.332184 = +0.139116%
robes of the exalted(2.56004) -> truefaith vestments(2.69443) : 0.134384 = +0.0562325%
jin'do's evil eye(1.6514) -> jin'do's evil eye(1.6514) : 0 = +0%
hide of the wild(1.55022) -> hide of the wild(1.55022) : 0 = +0%
bindings of transcendence(1.291) -> bindings of transcendence(1.291) : 0 = +0%
benediction, , , (4.14676) -> benediction, , , (4.14676) : 0 = +0%
empowered leggings(3.04131) -> empowered leggings(3.04131) : 0 = +0%
pure elementium band(2.00183) -> pure elementium band(2.00183) : 0 = +0%
rejuvenating gem(2.43607) -> rejuvenating gem(2.43607) : 0 = +0%
hazza'rah's charm of healing(0.848923) -> hazza'rah's charm of healing(0.848923) : 0 = +0%
------------------
~~~~ end of intermediate results ~~~~
Same items for intermediate results again, ending optimization. 
 ----------------------------
 --- head --- 
name: crystal adorned crown
slot: head
intelligence: 14
spirit: 13
sp_healing: 92
armor: 85
 ----------------------------
 --- neck --- 
name: jin'do's evil eye
slot: neck
intelligence: 11
stamina: 5
spirit: 6
sp_healing: 44
 ----------------------------
 --- shoulders --- 
name: mantle of the blackwing cabal
slot: shoulders
intelligence: 16
stamina: 12
sp: 34
armor: 84
 ----------------------------
 --- back --- 
name: hide of the wild
slot: back
intelligence: 10
stamina: 8
sp_healing: 42
armor: 48
 ----------------------------
 --- chest --- 
name: truefaith vestments
slot: chest
stamina: 14
sp_healing: 73
mp5: 6
armor: 96
 ----------------------------
 --- wrists --- 
name: bindings of transcendence
slot: wrists
intelligence: 13
stamina: 9
spirit: 16
sp_healing: 33
armor: 51
 ----------------------------
 --- two-hand --- 
name: benediction
slot: two-hand
intelligence: 31
stamina: 10
spirit: 12
sp_healing: 106
spell_crit: 2
shadow_res: 20
 ----------------------------
 ---  --- 
name: 
slot: 
 ----------------------------
 ---  --- 
name: 
slot: 
 ----------------------------
 ---  --- 
name: 
slot: 
 ----------------------------
 --- ranged --- 
name: lunar wand of healing
slot: ranged
sp_healing: 20
 ----------------------------
 --- hands --- 
name: atal'ai hands of healing
slot: hands
sp: 9
sp_healing: 44
armor: 47
 ----------------------------
 --- waist --- 
name: zandalar confessor's bindings
slot: waist
intelligence: 20
stamina: 12
spirit: 12
sp_healing: 26
armor: 53
 ----------------------------
 --- legs --- 
name: empowered leggings
slot: legs
intelligence: 12
stamina: 12
spirit: 24
sp_healing: 77
spell_crit: 1
armor: 103
 ----------------------------
 --- feet --- 
name: boots of pure thought
slot: feet
intelligence: 12
stamina: 8
spirit: 12
sp_healing: 62
armor: 74
 ----------------------------
 --- finger --- 
name: pure elementium band
slot: finger
intelligence: 10
stamina: 9
spirit: 10
sp_healing: 53
 ----------------------------
 --- finger --- 
name: cauterizing band
slot: finger
intelligence: 12
stamina: 9
sp_healing: 46
 ----------------------------
 --- trinket --- 
name: rejuvenating gem
slot: trinket
sp_healing: 66
mp5: 9
 ----------------------------
 --- trinket --- 
name: hazza'rah's charm of healing
slot: trinket
 ----------------------------
 --- Set bonuses ---
name: confessor's 2 hazza'rah's 1 
slot: Set bonuses
sp: 23
------------------
Char stats: 
Effective hp: 8403.9
Effective mana (100 s, 33 % out of fsr): 15809.7
Raw max mana: 10129.8
Int: 396.98
Stam: 384.33
Spirit: 414.23
Strength: 79.58
Agility: 84.18
All stats multiplier (taken into account above): 1.15
Bonus mana: 2000
Bonus hp: 0
Mp5: 165
Sp: 66
Sp shadow: 0
Sp healing: 944
Spell crit: 21
Spell hit: 0
Arcane res: 27
Nature res: 27
Fire res: 27
Frost res: 27
Shadow res: 47
Armor: 2839.75
Defense: 300
Dodge: 0
Parry: 0
HpsPvp: 996.128
ShadowDps: 233.908
Value pvp healing: 1735.63
Value pvp shadow: 95.7009
Effective hp-pvp: 10518.4
Effecctive mana for 100 s, 0.33 fsr: 17521.2
------------------
Best counts:
oh_limit: 0.9
time_left_mul: 2.7
total_deficit_to_pop_trinkets: 6965.91
in combat total: 1245.1
Flash Heal 1, casts: 14, avg: 404.773, 1.9034%, cast time 1.68661% of in combat, overheal: 0.410303
Flash Heal 2, casts: 4, avg: 773.297, 1.03896%, cast time 0.481889% of in combat, overheal: 0
Flash Heal 3, casts: 5, avg: 599.379, 1.00661%, cast time 0.602361% of in combat, overheal: 0.297574
Flash Heal 4, casts: 12, avg: 865.332, 3.48783%, cast time 1.44567% of in combat, overheal: 0.0780594
Flash Heal 5, casts: 1, avg: 1076.88, 0.361708%, cast time 0.120472% of in combat, overheal: 0
Flash Heal 6, casts: 6, avg: 1105.78, 2.22849%, cast time 0.722834% of in combat, overheal: 0.0967098
Flash Heal 7, casts: 22, avg: 1241.02, 9.17048%, cast time 2.65039% of in combat, overheal: 0.122234
Greater Heal 1, casts: 12, avg: 1310.8, 5.28334%, cast time 2.40945% of in combat, overheal: 0.326506
Greater Heal 1 hazz, casts: 11, avg: 1035.16, 3.82466%, cast time 1.32519% of in combat, overheal: 0.468129
Greater Heal 2 hazz, casts: 1, avg: 2227.06, 0.748036%, cast time 0.120472% of in combat, overheal: 0
Greater Heal 3 hazz, casts: 2, avg: 2551.57, 1.71407%, cast time 0.240945% of in combat, overheal: 0
Greater Heal 4, casts: 30, avg: 2174.26, 21.909%, cast time 6.02361% of in combat, overheal: 0.258422
Greater Heal 4 hazz, casts: 6, avg: 2699.11, 5.43955%, cast time 0.722834% of in combat, overheal: 0.079409
Heal 2, casts: 101, avg: 893.643, 30.3163%, cast time 20.2795% of in combat, overheal: 0.371431
Heal 4, casts: 22, avg: 1565.41, 11.5676%, cast time 4.41732% of in combat, overheal: 0.251309
Total time casting: 538.5, which is: 43.2495% of time in combat.
Total hps: 239.114, raw hps: 333.302, oh: 0.282591
Deficit time sum: 1.1724e+07, baseline: 1.52872e+07
Deficit*time change / s: 2861.74 hp
Number of combats: 14
Average mana at start of combat: 9200.44
Average mana at end of combat: 8015.57
Other players with hps > 100:
  Garva : 142.712 hps
  Laserbosse : 151.398 hps
  Meow : 161.381 hps
  Nienna : 128.515 hps
  Oljadblixt : 174.479 hps
  Priestitute : 141.883 hps
  Sockertopp : 100.778 hps
  Tirre : 142.898 hps
------------------
Based on last: 3000 entries, out of total: 10616 entries, The least-squares solution is:
Int: 0
Spirit: 12.9646
Sp / Healing: 100
Mp5: 0
Crit: 302.903
T1 3p/piece: 0
T2 3p/piece: 0
100 points == 1 sp == 0.0428086 hps.
Appended tag:
( Pawn: v1: "scrubclub_bwl_speed_phase4": Intellect=0, Spirit=12.9646, Healing=100, Mp5=0, SpellCritRating=302.903, IsFist=X, Is2HMace=X, IsCrossbow=X, IsGun=X, IsShield=X, IsPolearm=X, Is2HAxe=X, IsBow=X, IsMail=X, IsPlate=X, IsLeather=X, IsAxe=X, Is2HAxe=X, IsSword=X, Is2HSword=X)
To file: scrubclub_bwl_speed_phase4.pawn_tag.txt
------------------
Diffs to start: 
Upgrades: 
( following sorted by alt scores, no specials )
halo of transcendence(2.17691) -> crystal adorned crown(4.01054) : 1.83363 = +0.772771%
boots of transcendence(1.59265) -> boots of pure thought(2.72073) : 1.12808 = +0.474012%
belt of transcendence(1.16298) -> zandalar confessor's bindings(2.16423) : 1.00125 = +0.420495%
handguards of transcendence(1.44327) -> atal'ai hands of healing(2.26886) : 0.825592 = +0.346468%
dragon's touch(0.256851) -> lunar wand of healing(0.856171) : 0.599319 = +0.251272%
zandalar confessor's mantle(1.02504) -> mantle of the blackwing cabal(1.45549) : 0.43045 = +0.180344%
fordring's seal(1.58392) -> cauterizing band(1.96919) : 0.385269 = +0.161384%
robes of the exalted(2.97203) -> truefaith vestments(3.12503) : 0.153 = +0.0640271%
jin'do's evil eye(1.91689) -> jin'do's evil eye(1.91689) : 0 = +0%
hide of the wild(1.79796) -> hide of the wild(1.79796) : 0 = +0%
bindings of transcendence(1.50148) -> bindings of transcendence(1.50148) : 0 = +0%
benediction, , , (4.86365) -> benediction, , , (4.86365) : 0 = +0%
empowered leggings(3.55913) -> empowered leggings(3.55913) : 0 = +0%
pure elementium band(2.32436) -> pure elementium band(2.32436) : 0 = +0%
rejuvenating gem(2.82536) -> rejuvenating gem(2.82536) : 0 = +0%
hazza'rah's charm of healing(0.984604) -> hazza'rah's charm of healing(0.984604) : 0 = +0%
- - - - - - - - - - - - - - - - - - - - - - - - - - - - - - - - - - - - - - - - - 
| Upgrades at best in slot level, from start item to candidate, partial bonuses: 1: |
  alt scores are from least squares fit, special score from e.g. set bonuses as s are part of em
. . . . . . . . . . . . . . . . . . . . . . . . . . . . . . . . . . . . . . . . . 
- . - ' - . - ' - . - ' - . - ' - . - ' - . -
head, halo of transcendence (1.30011), alt: 2.17691 -> :
    crystal adorned crown (4.37727) : +1.29914 %, alt : +4.01054, from: azuregos
    eternal crown of healing (3.46132) : +0.912433 %, alt : +2.73975, from: random green
    zulian headdress (3.11029) : +0.764234 %, alt : +2.43217, from: zg
    green lens of healing (2.98422) : +0.711009 %, alt : +2.31167, from: pre-raid
    halo of transcendence (1.30011) : +0 %, alt : +2.17691, from: onyxia
    cassandra's grace (1.94028) : +0.27027 %, alt : +1.93353, from: pre-raid
    cassandra's grace (1.94028) : +0.27027 %, alt : +1.93353, from: pre-raid
    mish'undare circlet of mind flayer (2.01936) : +0.303659 %, alt : +1.80759, from: bwl
    the hexxer's cover (2.11009) : +0.341963 %, alt : +1.75515, from: zg
- . - ' - . - ' - . - ' - . - ' - . - ' - . -
neck, jin'do's evil eye (1.74767), alt: 1.91689 -> :
- . - ' - . - ' - . - ' - . - ' - . - ' - . -
shoulders, zandalar confessor's mantle (0.671082), alt: 1.02504 -> :
    mantle of the blackwing cabal (1.16243) : +0.2052 %, alt : +1.45549, from: bwl
    pauldrons of transcendence (-1.16359) : -0.766208 %, alt : +1.18517, from: bwl
    zandalar confessor's mantle (0.671082) : +0 %, alt : +1.02504, from: zg
- . - ' - . - ' - . - ' - . - ' - . - ' - . -
back, hide of the wild (1.38628), alt: 1.79796 -> :
- . - ' - . - ' - . - ' - . - ' - . - ' - . -
chest, robes of the exalted (3.26796), alt: 2.97203 -> :
    truefaith vestments (3.53354) : +0.110809 %, alt : +3.12503, from: tailoring bop
    robes of transcendence (1.33932) : -0.804692 %, alt : +2.52889, from: bwl
- . - ' - . - ' - . - ' - . - ' - . - ' - . -
wrists, bindings of transcendence (0.724915), alt: 1.50148 -> :
    bindings of transcendence (0.724915) : +0 %, alt : +1.50148, from: bwl
    flameweave cuffs of healing (1.48975) : +0.31876 %, alt : +1.41269, from: brd
- . - ' - . - ' - . - ' - . - ' - . - ' - . -
two-hand, benediction (5.35002), alt: 4.86365 -> :
    lok'amir il romathis and lei of the lifegiver (5.14493) : -0.0854772 %, alt : +5.90918, from: bwl, av rep
    lok'amir il romathis and brightly glowing stone (5.64586) : +0.123297 %, alt : +5.22425, from: bwl, pre-raid
- . - ' - . - ' - . - ' - . - ' - . - ' - . -
ranged, dragon's touch (-0.0159607), alt: 0.256851 -> :
    lunar wand of healing (0.810165) : +0.345496 %, alt : +0.856173, from: random green
    bonecreeper stylus (0.310287) : +0.136441 %, alt : +0.470895, from: pre-raid
- . - ' - . - ' - . - ' - . - ' - . - ' - . -
hands, handguards of transcendence (-0.362946), alt: 1.44327 -> :
    atal'ai hands of healing (2.36015) : +1.14794 %, alt : +2.26886, from: sunken temple
    high councillor's gloves of healing (1.95847) : +0.978605 %, alt : +1.9692, from: random green
    hands of the exalted herald (1.31184) : +0.706018 %, alt : +1.47928, from: pre-raid
    handguards of transcendence (-0.362946) : +0 %, alt : +1.44327, from: bwl
    gloves of delusional power (0.00567627) : +0.155395 %, alt : +1.15583, from: emeriss; lethon; taerar; ysondre
    hands of power (1.58818) : +0.822509 %, alt : +1.14632, from: pre-raid
- . - ' - . - ' - . - ' - . - ' - . - ' - . -
waist, belt of transcendence (0.248978), alt: 1.16298 -> :
    zandalar confessor's bindings (2.21651) : +0.826791 %, alt : +2.16422, from: zg
    firemaw's clutch (1.4167) : +0.490699 %, alt : +1.4983, from: bwl
    whipvine cord (1.1669) : +0.385728 %, alt : +1.32707, from: pre-raid
    belt of untapped power (1.35143) : +0.463268 %, alt : +1.24145, from: zg
- . - ' - . - ' - . - ' - . - ' - . - ' - . -
legs, empowered leggings (3.46109), alt: 3.55913 -> :
    leggings of transcendence (0.312546) : -1.31222 %, alt : +2.08575, from: mc
- . - ' - . - ' - . - ' - . - ' - . - ' - . -
feet, boots of transcendence (0.325119), alt: 1.59265 -> :
    boots of pure thought (2.53227) : +0.92842 %, alt : +2.72074, from: bwl
    boots of transcendence (0.325119) : +0 %, alt : +1.59265, from: bwl
    snowblind shoes (1.54933) : +0.514954 %, alt : +1.36988, from: azuregos
    betrayer's boots (1.4399) : +0.468921 %, alt : +1.35086, from: zg
- . - ' - . - ' - . - ' - . - ' - . - ' - . -
finger, pure elementium band (2.4113), alt: 2.32436 -> :
- . - ' - . - ' - . - ' - . - ' - . - ' - . -
finger 2, fordring's seal (1.32434), alt: 1.58392 -> :
    pure elementium band (2.0173) : +0.289466 %, alt : +2.32436, from: bwl
    primalist's seal (1.85425) : +0.221354 %, alt : +1.99219, from: zg
    cauterizing band (1.87057) : +0.228175 %, alt : +1.9692, from: mc
- . - ' - . - ' - . - ' - . - ' - . - ' - . -
trinket, rejuvenating gem (2.75323), alt: 2.82536 -> :
    hazza'rah's charm of healing (0) : -1.14747 %, alt : +0.984599, from: zg
    darkmoon card: blue dragon (-1.47464) : -1.76206 %, alt : +0, from: 
- . - ' - . - ' - . - ' - . - ' - . - ' - . -
trinket 2, hazza'rah's charm of healing (9.50871), alt: 0.984604 -> :
    rejuvenating gem (2.42274) : -2.95323 %, alt : +2.82537, from: bwl
    hibernation crystal (0.777313) : -3.639 %, alt : +2.52571, from: ysondre
    zandalarian hero charm (-0.0791931) : -3.99597 %, alt : +1.71235, from: zg
    royal seal of eldre'thalas (-0.289185) : -4.08349 %, alt : +1.41269, from: pre-raid
    briarwood reed (0.920959) : -3.57913 %, alt : +1.24145, from: pre-raid
    hazza'rah's charm of healing (9.50871) : +0 %, alt : +0.984599, from: zg
    darkmoon card: blue dragon (-0.331131) : -4.10097 %, alt : +0, from: 
- - - - - - - - - - - - - - - - - - - - - - - - - - - - - - - - - - - - - - - - - 
| Upgrades at best in slot level, from start item to candidate, partial bonuses: 0: |
  alt scores are from least squares fit, special score from e.g. set bonuses as s are part of em
. . . . . . . . . . . . . . . . . . . . . . . . . . . . . . . . . . . . . . . . . 
- . - ' - . - ' - . - ' - . - ' - . - ' - . -
head, halo of transcendence (1.38307), alt: 2.17691 -> :
    crystal adorned crown (3.17439) : +0.754804 %, alt : +4.01054, from: azuregos
    eternal crown of healing (2.56406) : +0.497628 %, alt : +2.73975, from: random green
    zulian headdress (1.43997) : +0.0239758 %, alt : +2.43217, from: zg
    green lens of healing (1.71432) : +0.139579 %, alt : +2.31167, from: pre-raid
    cassandra's grace (1.54248) : +0.0671696 %, alt : +1.93353, from: pre-raid
    cassandra's grace (1.54248) : +0.0671696 %, alt : +1.93353, from: pre-raid
    mish'undare circlet of mind flayer (1.52354) : +0.0591905 %, alt : +1.80759, from: bwl
    the hexxer's cover (1.4068) : +0.00999796 %, alt : +1.75515, from: zg
- . - ' - . - ' - . - ' - . - ' - . - ' - . -
neck, jin'do's evil eye (2.33078), alt: 1.91689 -> :
    animated chain necklace (2.95119) : +0.259461 %, alt : +1.44598, from: pre-raid
- . - ' - . - ' - . - ' - . - ' - . - ' - . -
shoulders, zandalar confessor's mantle (1.36588), alt: 1.02504 -> :
    mantle of the blackwing cabal (1.09724) : -0.112218 %, alt : +1.45549, from: bwl
    pauldrons of transcendence (0.877914) : -0.203841 %, alt : +1.18517, from: bwl
    zandalar confessor's mantle (1.36588) : +0 %, alt : +1.02504, from: zg
- . - ' - . - ' - . - ' - . - ' - . - ' - . -
back, hide of the wild (1.77011), alt: 1.79796 -> :
    drape of benediction (1.90991) : +0.0584663 %, alt : +1.37147, from: azuregos
- . - ' - . - ' - . - ' - . - ' - . - ' - . -
chest, robes of the exalted (3.38362), alt: 2.97203 -> :
    truefaith vestments (2.63545) : -0.311916 %, alt : +3.12503, from: tailoring bop
- . - ' - . - ' - . - ' - . - ' - . - ' - . -
wrists, bindings of transcendence (1.02519), alt: 1.50148 -> :
    flameweave cuffs of healing (1.94907) : +0.386374 %, alt : +1.41269, from: brd
    black bark wristbands (1.84373) : +0.342323 %, alt : +1.09242, from: lethon
- . - ' - . - ' - . - ' - . - ' - . - ' - . -
two-hand, benediction (5.55455), alt: 4.86365 -> :
    lok'amir il romathis and lei of the lifegiver (5.3689) : -0.0776424 %, alt : +5.90918, from: bwl, av rep
    lok'amir il romathis and brightly glowing stone (6.4109) : +0.358136 %, alt : +5.22425, from: bwl, pre-raid
    lok'amir il romathis and trance stone (5.79063) : +0.0987328 %, alt : +4.75494, from: bwl, emeriss; lethon; taerar; ysondre
    jin'do's hexxer and lei of the lifegiver (5.67809) : +0.0516637 %, alt : +4.58177, from: zg, av rep
    jin'do's hexxer and brightly glowing stone (5.57185) : +0.00723649 %, alt : +3.89683, from: zg, pre-raid
- . - ' - . - ' - . - ' - . - ' - . - ' - . -
ranged, dragon's touch (0.404282), alt: 0.256851 -> :
    lunar wand of healing (0.401398) : -0.00120607 %, alt : +0.856173, from: random green
    bonecreeper stylus (0.240463) : -0.0685098 %, alt : +0.470895, from: pre-raid
- . - ' - . - ' - . - ' - . - ' - . - ' - . -
hands, handguards of transcendence (1.70087), alt: 1.44327 -> :
    atal'ai hands of healing (1.83932) : +0.0579383 %, alt : +2.26886, from: sunken temple
    high councillor's gloves of healing (1.47296) : -0.0953676 %, alt : +1.9692, from: random green
    hands of the exalted herald (1.49292) : -0.0870159 %, alt : +1.47928, from: pre-raid
- . - ' - . - ' - . - ' - . - ' - . - ' - . -
waist, belt of transcendence (1.27971), alt: 1.16298 -> :
    zandalar confessor's bindings (1.71657) : +0.183034 %, alt : +2.16422, from: zg
    firemaw's clutch (1.6351) : +0.148901 %, alt : +1.4983, from: bwl
    whipvine cord (1.54565) : +0.111425 %, alt : +1.32707, from: pre-raid
    belt of untapped power (2.4128) : +0.474736 %, alt : +1.24145, from: zg
- . - ' - . - ' - . - ' - . - ' - . - ' - . -
legs, empowered leggings (3.57607), alt: 3.55913 -> :
- . - ' - . - ' - . - ' - . - ' - . - ' - . -
feet, boots of transcendence (1.84793), alt: 1.59265 -> :
    boots of pure thought (2.52496) : +0.283946 %, alt : +2.72074, from: bwl
- . - ' - . - ' - . - ' - . - ' - . - ' - . -
finger, pure elementium band (1.79568), alt: 2.32436 -> :
    cauterizing band (1.97893) : +0.0766341 %, alt : +1.9692, from: mc
    fordring's seal (2.58104) : +0.328444 %, alt : +1.58392, from: pre-raid
    ring of spellpower (2.32097) : +0.219679 %, alt : +1.41269, from: mc
- . - ' - . - ' - . - ' - . - ' - . - ' - . -
finger 2, fordring's seal (1.83804), alt: 1.58392 -> :
    pure elementium band (2.07274) : +0.0980155 %, alt : +2.32436, from: bwl
    cauterizing band (1.50478) : -0.139182 %, alt : +1.9692, from: mc
    ring of spellpower (2.00381) : +0.0692309 %, alt : +1.41269, from: mc
- . - ' - . - ' - . - ' - . - ' - . - ' - . -
trinket, rejuvenating gem (2.26653), alt: 2.82536 -> :
    hazza'rah's charm of healing (0) : -0.947885 %, alt : +0.984599, from: zg
    darkmoon card: blue dragon (-0.380768) : -1.10713 %, alt : +0, from: 
- . - ' - . - ' - . - ' - . - ' - . - ' - . -
trinket 2, hazza'rah's charm of healing (7.79031), alt: 0.984604 -> :
    rejuvenating gem (-0.237045) : -3.35713 %, alt : +2.82537, from: bwl
    hibernation crystal (0.648224) : -2.9869 %, alt : +2.52571, from: ysondre
    zandalarian hero charm (1.04947) : -2.81909 %, alt : +1.71235, from: zg
    royal seal of eldre'thalas (0.847153) : -2.9037 %, alt : +1.41269, from: pre-raid
    briarwood reed (0.45755) : -3.06664 %, alt : +1.24145, from: pre-raid
    hazza'rah's charm of healing (7.79031) : +0 %, alt : +0.984599, from: zg
    darkmoon card: blue dragon (-1.3461) : -3.82095 %, alt : +0, from: 
- - - - - - - - - - - - - - - - - - - - - - - - - - - - - - - - - - - - - - - - - 
| Upgrades at start level, from start item to candidate, partial bonuses: 1: |
  alt scores are from least squares fit, special score from e.g. set bonuses as s are part of em
. . . . . . . . . . . . . . . . . . . . . . . . . . . . . . . . . . . . . . . . . 
- . - ' - . - ' - . - ' - . - ' - . - ' - . -
head, halo of transcendence (0.493713), alt: 2.17691 -> :
    crystal adorned crown (4.15178) : +1.58734 %, alt : +4.01054, from: azuregos
    eternal crown of healing (3.53711) : +1.32061 %, alt : +2.73975, from: random green
    zulian headdress (0.982529) : +0.212111 %, alt : +2.43217, from: zg
    green lens of healing (1.11299) : +0.268722 %, alt : +2.31167, from: pre-raid
    halo of transcendence (0.493713) : +0 %, alt : +2.17691, from: onyxia
    cassandra's grace (0.785599) : +0.126657 %, alt : +1.93353, from: pre-raid
    cassandra's grace (0.785599) : +0.126657 %, alt : +1.93353, from: pre-raid
    mish'undare circlet of mind flayer (0.839661) : +0.150116 %, alt : +1.80759, from: bwl
    the hexxer's cover (1.1976) : +0.305437 %, alt : +1.75515, from: zg
- . - ' - . - ' - . - ' - . - ' - . - ' - . -
neck, jin'do's evil eye (0.901337), alt: 1.91689 -> :
- . - ' - . - ' - . - ' - . - ' - . - ' - . -
shoulders, zandalar confessor's mantle (0.954895), alt: 2.00964 -> :
    zandalar confessor's mantle (0.954895) : +0 %, alt : +2.00964, from: zg
    pauldrons of transcendence (0.984009) : +0.0126333 %, alt : +1.18517, from: bwl
- . - ' - . - ' - . - ' - . - ' - . - ' - . -
back, hide of the wild (0.785614), alt: 1.79796 -> :
- . - ' - . - ' - . - ' - . - ' - . - ' - . -
chest, robes of the exalted (1.12569), alt: 2.97203 -> :
    truefaith vestments (1.15231) : +0.011554 %, alt : +3.12503, from: tailoring bop
    robes of transcendence (1.29919) : +0.0752898 %, alt : +2.52889, from: bwl
- . - ' - . - ' - . - ' - . - ' - . - ' - . -
wrists, bindings of transcendence (0.662628), alt: 1.50148 -> :
    bindings of transcendence (0.662628) : +0 %, alt : +1.50148, from: bwl
    flameweave cuffs of healing (1.06006) : +0.172456 %, alt : +1.41269, from: brd
    black bark wristbands (0.796356) : +0.0580283 %, alt : +1.09242, from: lethon
- . - ' - . - ' - . - ' - . - ' - . - ' - . -
two-hand, benediction (2.10883), alt: 4.86365 -> :
    lok'amir il romathis and lei of the lifegiver (5.55074) : +1.49354 %, alt : +5.90918, from: bwl, av rep
    lok'amir il romathis and brightly glowing stone (2.43362) : +0.140939 %, alt : +5.22425, from: bwl, pre-raid
    fang of the mystics and lei of the lifegiver (2.15576) : +0.0203669 %, alt : +4.11087, from: azuregos, av rep
    jin'do's hexxer and brightly glowing stone (2.30936) : +0.087016 %, alt : +3.89683, from: zg, pre-raid
- . - ' - . - ' - . - ' - . - ' - . - ' - . -
ranged, dragon's touch (0.145203), alt: 0.256851 -> :
    lunar wand of healing (2.74336) : +1.12741 %, alt : +0.856173, from: random green
    bonecreeper stylus (0.396835) : +0.10919 %, alt : +0.470895, from: pre-raid
- . - ' - . - ' - . - ' - . - ' - . - ' - . -
hands, handguards of transcendence (0.698471), alt: 1.44327 -> :
    atal'ai hands of healing (4.33884) : +1.57966 %, alt : +2.26886, from: sunken temple
    high councillor's gloves of healing (3.58423) : +1.25221 %, alt : +1.9692, from: random green
    hands of the exalted herald (0.661819) : -0.0159042 %, alt : +1.47928, from: pre-raid
    handguards of transcendence (0.698471) : +0 %, alt : +1.44327, from: bwl
    hands of power (0.860352) : +0.0702445 %, alt : +1.14632, from: pre-raid
- . - ' - . - ' - . - ' - . - ' - . - ' - . -
waist, belt of transcendence (0.436264), alt: 1.16298 -> :
    firemaw's clutch (1.03313) : +0.258995 %, alt : +1.4983, from: bwl
    whipvine cord (0.648163) : +0.0919488 %, alt : +1.32707, from: pre-raid
    belt of untapped power (0.53096) : +0.0410913 %, alt : +1.24145, from: zg
    zandalar confessor's bindings (0.412521) : -0.0103026 %, alt : +1.17962, from: zg
- . - ' - . - ' - . - ' - . - ' - . - ' - . -
legs, empowered leggings (2.47342), alt: 3.55913 -> :
    leggings of transcendence (1.20181) : -0.551786 %, alt : +2.08575, from: mc
- . - ' - . - ' - . - ' - . - ' - . - ' - . -
feet, boots of transcendence (0.750198), alt: 1.59265 -> :
    boots of pure thought (4.02934) : +1.42291 %, alt : +2.72074, from: bwl
    boots of transcendence (0.750198) : +0 %, alt : +1.59265, from: bwl
    snowblind shoes (0.797287) : +0.0204331 %, alt : +1.36988, from: azuregos
- . - ' - . - ' - . - ' - . - ' - . - ' - . -
finger, pure elementium band (0.663208), alt: 2.32436 -> :
    fordring's seal (0.729935) : +0.0289546 %, alt : +1.58392, from: pre-raid
    ring of spellpower (1.03624) : +0.161869 %, alt : +1.41269, from: mc
- . - ' - . - ' - . - ' - . - ' - . - ' - . -
finger 2, fordring's seal (0.857666), alt: 1.58392 -> :
    pure elementium band (3.41019) : +1.10761 %, alt : +2.32436, from: bwl
    primalist's seal (1.27597) : +0.181514 %, alt : +1.99219, from: zg
    cauterizing band (1.54019) : +0.296167 %, alt : +1.9692, from: mc
    maiden's circle (0.890839) : +0.0143945 %, alt : +0.803855, from: pre-raid
    eye of orgrimmar (0.890839) : +0.0143945 %, alt : +0.792755, from: pre-raid
- . - ' - . - ' - . - ' - . - ' - . - ' - . -
trinket, rejuvenating gem (1.1272), alt: 2.82536 -> :
    hazza'rah's charm of healing (0) : -0.489122 %, alt : +0.984599, from: zg
    darkmoon card: blue dragon (-0.943115) : -0.898366 %, alt : +0, from: 
- . - ' - . - ' - . - ' - . - ' - . - ' - . -
trinket 2, hazza'rah's charm of healing (6.97931), alt: 0.984604 -> :
    rejuvenating gem (3.13165) : -1.66961 %, alt : +2.82537, from: bwl
    hibernation crystal (2.45914) : -1.96143 %, alt : +2.52571, from: ysondre
    zandalarian hero charm (2.47977) : -1.95248 %, alt : +1.71235, from: zg
    royal seal of eldre'thalas (1.70503) : -2.28866 %, alt : +1.41269, from: pre-raid
    briarwood reed (0.532654) : -2.79738 %, alt : +1.24145, from: pre-raid
    hazza'rah's charm of healing (6.97931) : +0 %, alt : +0.984599, from: zg
    darkmoon card: blue dragon (-0.456848) : -3.22676 %, alt : +0, from: 
- - - - - - - - - - - - - - - - - - - - - - - - - - - - - - - - - - - - - - - - - 
| Upgrades at start level, from start item to candidate, partial bonuses: 0: |
  alt scores are from least squares fit, special score from e.g. set bonuses as s are part of em
. . . . . . . . . . . . . . . . . . . . . . . . . . . . . . . . . . . . . . . . . 
- . - ' - . - ' - . - ' - . - ' - . - ' - . -
head, halo of transcendence (0.476822), alt: 2.17691 -> :
    crystal adorned crown (4.23782) : +1.63493 %, alt : +4.01054, from: azuregos
    eternal crown of healing (1.42313) : +0.411364 %, alt : +2.73975, from: random green
    zulian headdress (1.21301) : +0.320027 %, alt : +2.43217, from: zg
    green lens of healing (1.63979) : +0.505547 %, alt : +2.31167, from: pre-raid
    halo of transcendence (0.476822) : +0 %, alt : +2.17691, from: onyxia
    cassandra's grace (1.38637) : +0.395385 %, alt : +1.93353, from: pre-raid
    cassandra's grace (1.38637) : +0.395385 %, alt : +1.93353, from: pre-raid
    mish'undare circlet of mind flayer (1.32721) : +0.369669 %, alt : +1.80759, from: bwl
    the hexxer's cover (1.25253) : +0.337206 %, alt : +1.75515, from: zg
- . - ' - . - ' - . - ' - . - ' - . - ' - . -
neck, jin'do's evil eye (0.340302), alt: 1.91689 -> :
    animated chain necklace (0.60025) : +0.113001 %, alt : +1.44598, from: pre-raid
- . - ' - . - ' - . - ' - . - ' - . - ' - . -
shoulders, zandalar confessor's mantle (0.300873), alt: 2.00964 -> :
    zandalar confessor's mantle (0.300873) : +0 %, alt : +2.00964, from: zg
    mantle of the blackwing cabal (0.949295) : +0.281873 %, alt : +1.45549, from: bwl
    pauldrons of transcendence (-0.360596) : -0.287544 %, alt : +1.18517, from: bwl
- . - ' - . - ' - . - ' - . - ' - . - ' - . -
back, hide of the wild (0.223846), alt: 1.79796 -> :
    hakkari loa cloak (0.627457) : +0.175452 %, alt : +1.45708, from: zg
    drape of benediction (0.293503) : +0.03028 %, alt : +1.37147, from: azuregos
    cloak of the brood lord (0.37088) : +0.0639164 %, alt : +1.19864, from: bwl
- . - ' - . - ' - . - ' - . - ' - . - ' - . -
chest, robes of the exalted (1.94276), alt: 2.97203 -> :
    truefaith vestments (1.96846) : +0.0111701 %, alt : +3.12503, from: tailoring bop
    robes of transcendence (2.25627) : +0.136283 %, alt : +2.52889, from: bwl
- . - ' - . - ' - . - ' - . - ' - . - ' - . -
wrists, bindings of transcendence (0.47287), alt: 1.50148 -> :
    bindings of transcendence (0.47287) : +0 %, alt : +1.50148, from: bwl
    flameweave cuffs of healing (0.800934) : +0.142611 %, alt : +1.41269, from: brd
    black bark wristbands (1.2915) : +0.355865 %, alt : +1.09242, from: lethon
- . - ' - . - ' - . - ' - . - ' - . - ' - . -
two-hand, benediction (2.31081), alt: 4.86365 -> :
    lok'amir il romathis and lei of the lifegiver (5.14922) : +1.23387 %, alt : +5.90918, from: bwl, av rep
    lok'amir il romathis and brightly glowing stone (2.63867) : +0.142525 %, alt : +5.22425, from: bwl, pre-raid
    jin'do's hexxer and lei of the lifegiver (2.73743) : +0.185455 %, alt : +4.58177, from: zg, av rep
    the hammer of grace and lei of the lifegiver (2.54131) : +0.100199 %, alt : +3.59593, from: pre-raid, av rep
    wushoolay's poker and lei of the lifegiver (2.54131) : +0.100199 %, alt : +3.59593, from: zg, av rep
    jin'do's hexxer and trance stone (2.39558) : +0.0368534 %, alt : +3.42753, from: zg, emeriss; lethon; taerar; ysondre
    fang of the mystics and brightly glowing stone (2.42398) : +0.0491976 %, alt : +3.42593, from: azuregos, pre-raid
    hypnotic blade and lei of the lifegiver (2.36086) : +0.0217565 %, alt : +2.67079, from: pre-raid, av rep
    aurastone hammer and brightly glowing stone (2.36868) : +0.0251593 %, alt : +2.65414, from: mc, pre-raid
- . - ' - . - ' - . - ' - . - ' - . - ' - . -
ranged, dragon's touch (-0.475861), alt: 0.256851 -> :
    lunar wand of healing (0.0308228) : +0.220258 %, alt : +0.856173, from: random green
    bonecreeper stylus (-0.221115) : +0.110739 %, alt : +0.470895, from: pre-raid
- . - ' - . - ' - . - ' - . - ' - . - ' - . -
hands, handguards of transcendence (-0.168839), alt: 1.44327 -> :
    atal'ai hands of healing (1.16472) : +0.579705 %, alt : +2.26886, from: sunken temple
    high councillor's gloves of healing (0.6259) : +0.345478 %, alt : +1.9692, from: random green
    hands of the exalted herald (-0.206467) : -0.0163572 %, alt : +1.47928, from: pre-raid
    handguards of transcendence (-0.168839) : +0 %, alt : +1.44327, from: bwl
    gloves of delusional power (0.330444) : +0.217041 %, alt : +1.15583, from: emeriss; lethon; taerar; ysondre
    hands of power (0.610916) : +0.338964 %, alt : +1.14632, from: pre-raid
- . - ' - . - ' - . - ' - . - ' - . - ' - . -
waist, belt of transcendence (0.437439), alt: 1.16298 -> :
    firemaw's clutch (0.897491) : +0.199988 %, alt : +1.4983, from: bwl
    whipvine cord (0.651932) : +0.0932413 %, alt : +1.32707, from: pre-raid
    belt of untapped power (0.914459) : +0.207364 %, alt : +1.24145, from: zg
    zandalar confessor's bindings (0.4133) : -0.0104935 %, alt : +1.17962, from: zg
- . - ' - . - ' - . - ' - . - ' - . - ' - . -
legs, empowered leggings (2.46333), alt: 3.55913 -> :
    leggings of transcendence (1.33022) : -0.492573 %, alt : +2.08575, from: mc
- . - ' - . - ' - . - ' - . - ' - . - ' - . -
feet, boots of transcendence (-0.080719), alt: 1.59265 -> :
    boots of pure thought (3.04649) : +1.35942 %, alt : +2.72074, from: bwl
    boots of transcendence (-0.080719) : +0 %, alt : +1.59265, from: bwl
    betrayer's boots (0.369644) : +0.195776 %, alt : +1.35086, from: zg
- . - ' - . - ' - . - ' - . - ' - . - ' - . -
finger, pure elementium band (0.539307), alt: 2.32436 -> :
    cauterizing band (1.0139) : +0.206309 %, alt : +1.9692, from: mc
- . - ' - . - ' - . - ' - . - ' - . - ' - . -
finger 2, fordring's seal (0.0385437), alt: 1.58392 -> :
    pure elementium band (0.489166) : +0.195888 %, alt : +2.32436, from: bwl
    cauterizing band (0.581955) : +0.236224 %, alt : +1.9692, from: mc
    mindtear band (0.354355) : +0.137285 %, alt : +1.07146, from: taerar
    band of servitude (0.185577) : +0.0639164 %, alt : +0.984599, from: zg
    band of forced concentration (0.0820923) : +0.0189308 %, alt : +0.898982, from: bwl
    blood of the martyr (0.0393524) : +0.000351554 %, alt : +0, from: pre-raid
- . - ' - . - ' - . - ' - . - ' - . - ' - . -
trinket, rejuvenating gem (1.81389), alt: 2.82536 -> :
    hazza'rah's charm of healing (0) : -0.788508 %, alt : +0.984599, from: zg
    darkmoon card: blue dragon (-0.955765) : -1.20399 %, alt : +0, from: 
- . - ' - . - ' - . - ' - . - ' - . - ' - . -
trinket 2, hazza'rah's charm of healing (6.963), alt: 0.984604 -> :
    rejuvenating gem (2.98047) : -1.73123 %, alt : +2.82537, from: bwl
    hibernation crystal (2.82114) : -1.80049 %, alt : +2.52571, from: ysondre
    zandalarian hero charm (0.90126) : -2.63507 %, alt : +1.71235, from: zg
    royal seal of eldre'thalas (0.0665131) : -2.99794 %, alt : +1.41269, from: pre-raid
    briarwood reed (0.414398) : -2.84672 %, alt : +1.24145, from: pre-raid
    hazza'rah's charm of healing (6.963) : +0 %, alt : +0.984599, from: zg
    darkmoon card: blue dragon (-0.572739) : -3.27583 %, alt : +0, from: 
------------------
Best value: 239.237
