Your call: ./css 4 ../items/phase5.csv ../items/not_for_priests.txt no-locks scrubclub_bwl_speed_phase5 -a ../confs/wcl_bwl_speed_log.csv -l scrubclub_speed.txt 
Found: -a, val: ../confs/wcl_bwl_speed_log.csv
./css 4 ../items/phase5.csv ../items/not_for_priests.txt no-locks scrubclub_bwl_speed_phase5 -l scrubclub_speed.txt 
Found key: buff_fraction, saw val: 1
Found key: healing_from_crit_fraction, saw val: 0.2
Found key: transc8_exists, saw val: 0
Found key: enchantments, saw val: 1
Found key: fort, saw val: 1
Found key: motw, saw val: 1
Found key: spirit, saw val: 1
Found key: ai, saw val: 1
Found key: flask, saw val: 1
Found key: holy_disc, saw val: 0
Found key: min_combat_length, saw val: 2
Found key: max_log_entry_diff_in_combat, saw val: 10
Found key: precast, saw val: 1
Found key: swap_cast, saw val: 1
Found key: time_step, saw val: 0.1
Found key: reaction_time, saw val: 0.1
Found key: skip_player, saw val: Paisti
Found key: use_deficit_time_sum, saw val: 0
Found key: wcl_log, saw val: 1
Found: -l, val: scrubclub_speed.txt
./css 4 ../items/phase5.csv ../items/not_for_priests.txt no-locks scrubclub_bwl_speed_phase5 
Will read log from: scrubclub_speed.txt
./css 4 ../items/phase5.csv ../items/not_for_priests.txt no-locks scrubclub_bwl_speed_phase5 
./css 4 ../items/phase5.csv ../items/not_for_priests.txt no-locks scrubclub_bwl_speed_phase5 
Shuffle seed: 1796190285
Reading banned from: ../items/not_for_priests.txt
Banning: neltharion's tear
Banning: lok'amir il romathis
Banning: choker of the fire lord
Reading WCL parsed log: scrubclub_speed.txt
Saw 20156 lines of log, with 20156 log lines
Sorting by timestamp...
Sorted.
Pruning log from: 20156 entries.
Combat from 0 to 14.829 s
Combat from 51.381 to 177.894 s
Combat from 180.468 to 247.755 s
Combat from 252.905 to 326.629 s
Combat from 342.04 to 353.489 s
Combat from 387.833 to 411.83 s
Combat from 433.145 to 458.196 s
Combat from 485.328 to 753.921 s
Combat from 769.65 to 801.635 s
Combat from 812.549 to 854.107 s
Combat from 858.303 to 999.992 s
Combat from 1011.75 to 1228.68 s
Combat from 1264.37 to 1391.28 s
Combat from 1403.83 to 1477.24 s
Pruned to: 20009 entries.
Reading tmp locked from: start_with.txt
Locking: anastari heirloom
Locking: anathema
Locking: animated chain necklace
Locking: argent crusader
Locking: atal'ai gloves of the owl
Locking: ban'thok sash
Locking: banshee finger
Locking: benediction
Locking: blood of the martyr
Locking: briarwood reed
Locking: burial shawl
Locking: clutch of andros
Locking: crimson felt hat
Locking: cyclopean band
Locking: devout belt
Locking: devout bracers
Locking: devout crown
Locking: devout mantle
Locking: devout robe
Locking: devout sandals
Locking: devout skirt
Locking: dragon finger of healing
Locking: dragon finger of intellect
Locking: dragonrider boots
Locking: dragonslayer's signet
Locking: drakefire amulet
Locking: dreadmist mantle
Locking: dreamweave circlet
Locking: dreamweave gloves
Locking: dreamweave vest
Locking: elder magus pendant
Locking: eye of the beast
Locking: fordring's seal
Locking: girdle of prophecy
Locking: gloves of prophecy
Locking: grimgore noose
Locking: halo of transcendence
Locking: heart of the fiend
Locking: hide of the wild
Locking: kentic amice
Locking: magister's robes
Locking: maleki's footwraps
Locking: mindtap talisman
Locking: nature's breath
Locking: necropile boots
Locking: necropile cuffs
Locking: necropile leggings
Locking: necropile mantle
Locking: necropile robe
Locking: noxious shooter
Locking: omnicast boots
Locking: orb of the forgotten seer
Locking: padre's trousers
Locking: penelope's rose
Locking: quel'dorai channeling rod
Locking: raincaster drape
Locking: rainstrider leggings
Locking: ring of demonic guile
Locking: ring of demonic guile
Locking: robes of prophecy
Locking: robes of the exalted
Locking: robes of the royal crown
Locking: rod of corrosion
Locking: rosewine circle
Locking: royal seal of eldre'thalas
Locking: royal tribunal cloak
Locking: sarah's guide
Locking: seal of rivendare
Locking: seal of rivendare
Locking: shadowy laced handwraps
Locking: silkweb gloves
Locking: soulstealer mantle
Locking: spellbound tome
Locking: spritecaster cape
Locking: star of mystaria
Locking: starfire tiara
Locking: stormrager
Locking: sublime wristguards
Locking: the hammer of grace
Locking: the postmaster's treads
Locking: thuzadin sash
Locking: triune amulet
Locking: vinerot sandals
Locking: whipvine cord
Locking: wolfshear leggings
Locking: boots of the full moon
Locking: mantle of prophecy
Locking: dragon's touch
Locking: bindings of transcendence
Locking: shimmering geta
Locking: empowered leggings
Locking: seal of the archmagus
Locking: circlet of prophecy
Locking: boots of prophecy
Locking: pauldrons of transcendence
Locking: primalist's seal
Locking: zandalar confessor's bindings
Locking: zulian headdress
Locking: mar'li's eye
Locking: shroud of pure thought
Locking: belt of transcendence
Locking: jin'do's evil eye
Locking: primalist's band
Locking: zandalarian hero charm
Locking: zandalar confessor's mantle
Locking: zandalar confessor's wraps 
Locking: pure elementium band
Locking: truefaith vestments
Locking: vambraces of prophecy
Locking: hazza'rah's charm of healing
Locking: handguards of transcendence
Locking: boots of transcendence
Optimizing start items...

*** NEW BEST (1): 161.419

*** NEW BEST (1): 164.412

*** NEW BEST (1): 172.62

*** NEW BEST (1): 174.289

*** NEW BEST (1): 174.386

*** NEW BEST (1): 178.035

*** NEW BEST (1): 184.497

*** NEW BEST (1): 191.893

*** NEW BEST (1): 193.908

*** NEW BEST (1): 194.37

*** NEW BEST (1): 195.716

*** NEW BEST (1): 207.03

*** NEW BEST (1): 209.265

*** NEW BEST (1): 211.106
*
*** NEW BEST (1): 211.781

*** NEW BEST (1): 217.286

*** NEW BEST (1): 217.796
*
*** NEW BEST (1): 221.168
*
*** NEW BEST (1): 221.753
********
*** NEW BEST (0): 184.856
Based on last: 3000 entries, out of total: 4023 entries, The least-squares solution is:
Int: 64.4724
Spirit: 42.2578
Sp / Healing: 100
Mp5: 0
Crit: 372.451
T1 3p/piece: 1334.9
T2 3p/piece: 0
100 points == 1 sp == 0.0613521 hps.
chest : dreamweave vest -> robes of the exalted => val: 184.856 -> 187.174

*** NEW BEST (0): 187.174
Based on last: 3000 entries, out of total: 4043 entries, The least-squares solution is:
Int: 64.5204
Spirit: 42.5639
Sp / Healing: 100
Mp5: 0
Crit: 361.019
T1 3p/piece: 1339.58
T2 3p/piece: 0
100 points == 1 sp == 0.0613491 hps.
neck : animated chain necklace -> jin'do's evil eye => val: 187.174 -> 191.003

*** NEW BEST (0): 191.003
Based on last: 3000 entries, out of total: 4065 entries, The least-squares solution is:
Int: 67.0377
Spirit: 42.2723
Sp / Healing: 100
Mp5: 0
Crit: 395.223
T1 3p/piece: 1535.88
T2 3p/piece: 0
100 points == 1 sp == 0.0610472 hps.
ranged : dragon finger of intellect -> dragon's touch => val: 191.003 -> 192.582

*** NEW BEST (0): 192.582
Based on last: 3000 entries, out of total: 4082 entries, The least-squares solution is:
Int: 68.4602
Spirit: 42.7026
Sp / Healing: 100
Mp5: 0
Crit: 344.223
T1 3p/piece: 1503.53
T2 3p/piece: 0
100 points == 1 sp == 0.0614117 hps.
trinket : briarwood reed -> zandalarian hero charm => val: 192.582 -> 192.989

*** NEW BEST (0): 192.989
Based on last: 3000 entries, out of total: 4096 entries, The least-squares solution is:
Int: 64.4801
Spirit: 43.5002
Sp / Healing: 100
Mp5: 0
Crit: 309.584
T1 3p/piece: 1507.05
T2 3p/piece: 0
100 points == 1 sp == 0.0623035 hps.
head : crimson felt hat -> halo of transcendence => val: 192.989 -> 193.006

*** NEW BEST (0): 193.006
Based on last: 3000 entries, out of total: 4120 entries, The least-squares solution is:
Int: 64.6563
Spirit: 44.8599
Sp / Healing: 100
Mp5: 0
Crit: 292.594
T1 3p/piece: 1445.61
T2 3p/piece: 0
100 points == 1 sp == 0.0627605 hps.
waist : ban'thok sash -> zandalar confessor's bindings => val: 193.006 -> 196.418

*** NEW BEST (0): 196.418
Based on last: 3000 entries, out of total: 4154 entries, The least-squares solution is:
Int: 62.817
Spirit: 45.9467
Sp / Healing: 100
Mp5: 0
Crit: 298.684
T1 3p/piece: 1427.37
T2 3p/piece: 0
100 points == 1 sp == 0.0628166 hps.
two-hand :   the hammer of grace orb of the forgotten seer -> benediction    => val: 196.418 -> 200.904

*** NEW BEST (0): 200.904
Based on last: 3000 entries, out of total: 4204 entries, The least-squares solution is:
Int: 64.8024
Spirit: 42.0253
Sp / Healing: 100
Mp5: 0
Crit: 286.695
T1 3p/piece: 1616.8
T2 3p/piece: 0
100 points == 1 sp == 0.0627834 hps.
finger : blood of the martyr -> pure elementium band => val: 200.486 -> 207.3

*** NEW BEST (0): 207.3
Based on last: 3000 entries, out of total: 4254 entries, The least-squares solution is:
Int: 64.6815
Spirit: 43.316
Sp / Healing: 100
Mp5: 0
Crit: 282.302
T1 3p/piece: 1686.56
T2 3p/piece: 0
100 points == 1 sp == 0.0629714 hps.
legs : devout skirt -> empowered leggings => val: 206.957 -> 208.434

*** NEW BEST (0): 208.434
Based on last: 3000 entries, out of total: 4318 entries, The least-squares solution is:
Int: 63.951
Spirit: 39.6796
Sp / Healing: 100
Mp5: 0
Crit: 318.562
T1 3p/piece: 1806.9
T2 3p/piece: 0
100 points == 1 sp == 0.062448 hps.
shoulders : soulstealer mantle -> pauldrons of transcendence => val: 208.434 -> 209.035

*** NEW BEST (0): 209.035
Based on last: 3000 entries, out of total: 4337 entries, The least-squares solution is:
Int: 61.6475
Spirit: 38.7485
Sp / Healing: 100
Mp5: 0
Crit: 331.907
T1 3p/piece: 1846.12
T2 3p/piece: 0
100 points == 1 sp == 0.0625945 hps.
wrists : devout bracers -> bindings of transcendence => val: 209.035 -> 211.415

*** NEW BEST (0): 211.415
Based on last: 3000 entries, out of total: 4356 entries, The least-squares solution is:
Int: 60.6507
Spirit: 37.6872
Sp / Healing: 100
Mp5: 0
Crit: 329.546
T1 3p/piece: 1884.82
T2 3p/piece: 0
100 points == 1 sp == 0.0625928 hps.
*finger 2 : cyclopean band -> fordring's seal => val: 211.415 -> 213.274

*** NEW BEST (0): 213.274
Based on last: 3000 entries, out of total: 4600 entries, The least-squares solution is:
Int: 55.3297
Spirit: 23.7812
Sp / Healing: 100
Mp5: 0
Crit: 294.044
T1 3p/piece: 2166.44
T2 3p/piece: 0
100 points == 1 sp == 0.0632298 hps.
********
Read starting items and cleared locks.
 ----------------------------
 --- head --- 
name: halo of transcendence
slot: head
intelligence: 27
stamina: 17
spirit: 22
sp_healing: 48
fire_res: 10
frost_res: 10
armor: 94
 ----------------------------
 --- neck --- 
name: jin'do's evil eye
slot: neck
intelligence: 11
stamina: 5
spirit: 6
sp_healing: 44
 ----------------------------
 --- shoulders --- 
name: pauldrons of transcendence
slot: shoulders
intelligence: 25
stamina: 12
spirit: 13
sp_healing: 26
fire_res: 10
armor: 87
 ----------------------------
 --- back --- 
name: hide of the wild
slot: back
intelligence: 10
stamina: 8
sp_healing: 42
armor: 48
 ----------------------------
 --- chest --- 
name: robes of the exalted
slot: chest
intelligence: 5
spirit: 11
sp_healing: 68
armor: 89
 ----------------------------
 --- wrists --- 
name: bindings of transcendence
slot: wrists
intelligence: 13
stamina: 9
spirit: 16
sp_healing: 33
armor: 51
 ----------------------------
 --- two-hand --- 
name: benediction
slot: two-hand
intelligence: 31
stamina: 10
spirit: 12
sp_healing: 106
spell_crit: 2
shadow_res: 20
 ----------------------------
 ---  --- 
name: 
slot: 
 ----------------------------
 ---  --- 
name: 
slot: 
 ----------------------------
 ---  --- 
name: 
slot: 
 ----------------------------
 --- ranged --- 
name: dragon's touch
slot: ranged
intelligence: 12
stamina: 7
sp: 6
 ----------------------------
 --- hands --- 
name: handguards of transcendence
slot: hands
intelligence: 20
stamina: 12
spirit: 13
sp_healing: 29
spell_crit: 1
armor: 72
 ----------------------------
 --- waist --- 
name: zandalar confessor's bindings
slot: waist
intelligence: 20
stamina: 12
spirit: 12
sp_healing: 26
armor: 53
 ----------------------------
 --- legs --- 
name: empowered leggings
slot: legs
intelligence: 12
stamina: 12
spirit: 24
sp_healing: 77
spell_crit: 1
armor: 103
 ----------------------------
 --- feet --- 
name: boots of transcendence
slot: feet
intelligence: 17
stamina: 17
spirit: 17
sp_healing: 35
fire_res: 10
armor: 80
 ----------------------------
 --- finger --- 
name: pure elementium band
slot: finger
intelligence: 10
stamina: 9
spirit: 10
sp_healing: 53
 ----------------------------
 --- finger --- 
name: fordring's seal
slot: finger
intelligence: 5
stamina: 4
sp_healing: 37
 ----------------------------
 --- trinket --- 
name: zandalarian hero charm
slot: trinket
sp: 20
sp_healing: 20
 ----------------------------
 --- trinket --- 
name: hazza'rah's charm of healing
slot: trinket
 ----------------------------
 --- Set bonuses ---
name: confessor's 2 hazza'rah's 1 transcendence 3 
slot: Set bonuses
sp: 23
 --- And counts for start items ---
oh_limit: 0.9
time_left_mul: 0.5
total_deficit_to_pop_trinkets: 10000
in combat total: 1245.1
Flash Heal 1, casts: 56, avg: 406.593, 8.57443%, cast time 6.74645% of in combat, overheal: 0.341441
Flash Heal 2, casts: 10, avg: 626.504, 2.35929%, cast time 1.20472% of in combat, overheal: 0.110847
Flash Heal 3, casts: 11, avg: 727.658, 3.01424%, cast time 1.32519% of in combat, overheal: 0.0729348
Flash Heal 4, casts: 23, avg: 787.974, 6.82492%, cast time 2.77086% of in combat, overheal: 0.0948239
Flash Heal 5, casts: 22, avg: 865.711, 7.17221%, cast time 2.65039% of in combat, overheal: 0.142276
Flash Heal 6, casts: 13, avg: 1076.28, 5.26896%, cast time 1.56614% of in combat, overheal: 0.0698862
Flash Heal 7, casts: 119, avg: 1210.19, 54.2324%, cast time 14.3362% of in combat, overheal: 0.10191
Greater Heal 1 hazz, casts: 10, avg: 871.719, 3.28272%, cast time 1.20472% of in combat, overheal: 0.518704
Greater Heal 2 hazz, casts: 1, avg: 2093.03, 0.788192%, cast time 0.120472% of in combat, overheal: 0
Greater Heal 3 hazz, casts: 1, avg: 2100.48, 0.790999%, cast time 0.120472% of in combat, overheal: 0.131584
Greater Heal 4 hazz, casts: 8, avg: 2392.64, 7.20817%, cast time 0.963778% of in combat, overheal: 0.145644
Heal 2, casts: 1, avg: 1283.85, 0.483471%, cast time 0.200787% of in combat, overheal: 0
Total time casting: 413.5, which is: 33.2102% of time in combat.
Total hps: 213.274, raw hps: 252.342, oh: 0.154819
Deficit time sum: 1.1819e+07, baseline: 1.52872e+07
Deficit*time change / s: 2785.44 hp
Number of combats: 14
Average mana at start of combat: 10087
Average mana at end of combat: 8713.29
Other players with hps > 100:
  Garva : 142.451 hps
  Laserbosse : 152.392 hps
  Meow : 165.609 hps
  Nienna : 130.662 hps
  Oljadblixt : 176.939 hps
  Priestitute : 144.582 hps
  Sockertopp : 102.932 hps
  Tirre : 142.765 hps
  Whilind : 101.387 hps
Reading locked from: no-locks
Setting tag name to: scrubclub_bwl_speed_phase5
.
*** NEW BEST (1): 235.543

*** NEW BEST (1): 238.198

*** NEW BEST (1): 238.674

*** NEW BEST (1): 239.79

*** NEW BEST (1): 240.248

*** NEW BEST (1): 241.506

*** NEW BEST (1): 241.588
.
*** NEW BEST (1): 241.719

*** NEW BEST (1): 242.119
....
*** NEW BEST (1): 242.197

*** NEW BEST (1): 242.828
......Temporary bans and partial set bonuses off.
.
*** NEW BEST (0): 240.994
Based on last: 3000 entries, out of total: 10453 entries, The least-squares solution is:
Int: 17.251
Spirit: 0
Sp / Healing: 100
Mp5: 0
Crit: 0
T1 3p/piece: 1730.03
T2 3p/piece: 619.803
100 points == 1 sp == 0.0242611 hps.
hands : gloves of prophecy -> atal'ai hands of healing => val: 240.692 -> 241.367

*** NEW BEST (0): 241.367
Based on last: 3000 entries, out of total: 10541 entries, The least-squares solution is:
Int: 19.8301
Spirit: 0
Sp / Healing: 100
Mp5: 0
Crit: 0
T1 3p/piece: 1729.88
T2 3p/piece: 523.025
100 points == 1 sp == 0.0255382 hps.
two-hand :   scepter of the false prophet sartura's might -> blessed qiraji augur staff    => val: 239.623 -> 240.398
...No swappies for item bonuses found. (best matching was empty)
***** INTERMEDIATE RESULTS *****
Iteration: 16
 ----------------------------
 --- head --- 
name: crystal adorned crown
slot: head
intelligence: 14
spirit: 13
sp_healing: 92
armor: 85
 ----------------------------
 --- neck --- 
name: amulet of the fallen god
slot: neck
intelligence: 11
sp_healing: 57
mp5: 6
 ----------------------------
 --- shoulders --- 
name: zandalar confessor's mantle
slot: shoulders
intelligence: 24
stamina: 11
spirit: 15
sp_healing: 22
armor: 78
 ----------------------------
 --- back --- 
name: cloak of clarity
slot: back
intelligence: 12
stamina: 6
spirit: 7
sp_healing: 40
mp5: 8
armor: 66
 ----------------------------
 --- chest --- 
name: robes of the guardian saint
slot: chest
intelligence: 22
stamina: 20
sp_healing: 70
mp5: 7
armor: 117
 ----------------------------
 --- wrists --- 
name: bracelets of royal redemption
slot: wrists
intelligence: 10
stamina: 8
spirit: 9
sp_healing: 53
armor: 54
 ----------------------------
 ---  --- 
name: 
slot: 
 ----------------------------
 --- main hand --- 
name: scepter of the false prophet
slot: main hand
intelligence: 19
stamina: 10
sp_healing: 187
mp5: 3
 ----------------------------
 ---  --- 
name: 
slot: 
 ----------------------------
 --- off hand --- 
name: sartura's might
slot: off hand
intelligence: 6
stamina: 6
sp_healing: 51
mp5: 6
 ----------------------------
 --- ranged --- 
name: lunar wand of healing
slot: ranged
sp_healing: 20
 ----------------------------
 --- hands --- 
name: atal'ai hands of healing
slot: hands
sp: 9
sp_healing: 44
armor: 47
 ----------------------------
 --- waist --- 
name: grasp of the old god
slot: waist
intelligence: 19
stamina: 15
sp_healing: 59
mp5: 7
armor: 75
 ----------------------------
 --- legs --- 
name: empowered leggings
slot: legs
intelligence: 12
stamina: 12
spirit: 24
sp_healing: 77
spell_crit: 1
armor: 103
 ----------------------------
 --- feet --- 
name: boots of pure thought
slot: feet
intelligence: 12
stamina: 8
spirit: 12
sp_healing: 62
armor: 74
 ----------------------------
 --- finger --- 
name: pure elementium band
slot: finger
intelligence: 10
stamina: 9
spirit: 10
sp_healing: 53
 ----------------------------
 --- finger --- 
name: ring of the martyr
slot: finger
stamina: 10
sp_healing: 51
mp5: 5
 ----------------------------
 --- trinket --- 
name: rejuvenating gem
slot: trinket
sp_healing: 66
mp5: 9
 ----------------------------
 --- trinket --- 
name: hazza'rah's charm of healing
slot: trinket
 ----------------------------
 --- Set bonuses ---
name: confessor's 2 hazza'rah's 1 
slot: Set bonuses
sp: 23
------------------
Best value: 241.367
------------------
Char stats: 
Effective hp: 8521.6
Effective mana (100 s, 33 % out of fsr): 16391.3
Raw max mana: 10319.5
Int: 408.48
Stam: 392.38
Spirit: 396.98
Strength: 79.58
Agility: 84.18
All stats multiplier (taken into account above): 1.15
Bonus mana: 2000
Bonus hp: 0
Mp5: 189
Sp: 32
Sp shadow: 0
Sp healing: 1164
Spell crit: 19
Spell hit: 0
Arcane res: 27
Nature res: 27
Fire res: 27
Frost res: 27
Shadow res: 27
Armor: 2897.75
Defense: 300
Dodge: 0
Parry: 0
HpsPvp: 1023.96
ShadowDps: 224.52
Value pvp healing: 1952.58
Value pvp shadow: 93.8748
Effective hp-pvp: 10605.8
Effecctive mana for 100 s, 0.33 fsr: 18039
------------------
Best counts:
oh_limit: 0.9
time_left_mul: 1.9
total_deficit_to_pop_trinkets: 7641.57
in combat total: 1245.1
Flash Heal 1, casts: 26, avg: 511.345, 4.42506%, cast time 3.13228% of in combat, overheal: 0.334357
Flash Heal 2, casts: 10, avg: 652.971, 2.17333%, cast time 1.20472% of in combat, overheal: 0.236099
Flash Heal 3, casts: 8, avg: 926.946, 2.46818%, cast time 0.963778% of in combat, overheal: 0.00809379
Flash Heal 4, casts: 7, avg: 807.865, 1.88221%, cast time 0.843306% of in combat, overheal: 0.207598
Flash Heal 5, casts: 6, avg: 964.431, 1.92599%, cast time 0.722834% of in combat, overheal: 0.166667
Flash Heal 6, casts: 6, avg: 1175.9, 2.34829%, cast time 0.722834% of in combat, overheal: 0.0983045
Flash Heal 7, casts: 45, avg: 1340.82, 20.0824%, cast time 5.42125% of in combat, overheal: 0.101996
Greater Heal 1, casts: 7, avg: 1600.95, 3.73%, cast time 1.40551% of in combat, overheal: 0.240135
Greater Heal 1 hazz, casts: 8, avg: 1322.09, 3.52032%, cast time 0.963778% of in combat, overheal: 0.372496
Greater Heal 2 hazz, casts: 2, avg: 2221.85, 1.47903%, cast time 0.240945% of in combat, overheal: 0.0690717
Greater Heal 3 hazz, casts: 3, avg: 2318.4, 2.31495%, cast time 0.361417% of in combat, overheal: 0.144533
Greater Heal 4, casts: 20, avg: 2249.39, 14.9737%, cast time 4.01574% of in combat, overheal: 0.271836
Greater Heal 4 hazz, casts: 4, avg: 3089.13, 4.11271%, cast time 0.481889% of in combat, overheal: 0
Heal 2, casts: 88, avg: 898.195, 26.3079%, cast time 17.6693% of in combat, overheal: 0.433367
Heal 4, casts: 15, avg: 1653.66, 8.25601%, cast time 3.01181% of in combat, overheal: 0.265687
Total time casting: 512.5, which is: 41.1614% of time in combat.
Total hps: 241.304, raw hps: 334.922, oh: 0.279523
Deficit time sum: 1.16053e+07, baseline: 1.52872e+07
Deficit*time change / s: 2957.1 hp
Number of combats: 14
Average mana at start of combat: 9761.8
Average mana at end of combat: 8793.2
Other players with hps > 100:
  Garva : 142.507 hps
  Laserbosse : 152.441 hps
  Meow : 162.19 hps
  Nienna : 129.319 hps
  Oljadblixt : 175.506 hps
  Priestitute : 140.679 hps
  Sockertopp : 100.247 hps
  Tirre : 141.462 hps
------------------
Upgrades: 
( following sorted by alt scores, no specials )
benediction, , , (2.86404) -> , scepter of the false prophet, , sartura's might(6.2047) : 3.34065 = +1.40385%
halo of transcendence(1.36256) -> crystal adorned crown(2.42041) : 1.05785 = +0.440318%
zandalar confessor's bindings(0.765274) -> grasp of the old god(1.60297) : 0.837692 = +0.348362%
boots of transcendence(0.979935) -> boots of pure thought(1.64413) : 0.6642 = +0.276015%
zandalarian hero charm(1.02153) -> rejuvenating gem(1.68552) : 0.663986 = +0.275926%
handguards of transcendence(0.841888) -> atal'ai hands of healing(1.35353) : 0.511642 = +0.212483%
bindings of transcendence(0.9086) -> bracelets of royal redemption(1.40416) : 0.49556 = +0.20579%
pauldrons of transcendence(0.790604) -> zandalar confessor's mantle(1.27077) : 0.480164 = +0.199384%
fordring's seal(0.97023) -> ring of the martyr(1.30244) : 0.332214 = +0.137865%
jin'do's evil eye(1.17938) -> amulet of the fallen god(1.51138) : 0.332001 = +0.137776%
dragon's touch(0.214005) -> lunar wand of healing(0.510757) : 0.296753 = +0.123131%
robes of the exalted(1.76192) -> robes of the guardian saint(1.89908) : 0.137161 = +0.0568741%
empowered leggings(2.02721) -> empowered leggings(2.02721) : 0 = +0%
pure elementium band(1.40416) -> pure elementium band(1.40416) : 0 = +0%
hazza'rah's charm of healing(0.587372) -> hazza'rah's charm of healing(0.587372) : 0 = +0%
hide of the wild(1.12325) -> cloak of clarity(1.08229) : -0.0409546 = +-0.0169694%
------------------
~~~~ end of intermediate results ~~~~
Temporary bans and partial set bonuses on.
.........
*** NEW BEST (1): 243.231
Based on last: 3000 entries, out of total: 12095 entries, The least-squares solution is:
Int: 59.5554
Spirit: 0.31308
Sp / Healing: 100
Mp5: 0
Crit: 0
T1 3p/piece: 1346.86
T2 3p/piece: 0
100 points == 1 sp == 0.034446 hps.
.....Temporary bans and partial set bonuses off.
.ranged : wandof qiraji nobility -> lunar wand of healing => val: 239.446 -> 239.505
two-hand : blessed qiraji augur staff    ->   scepter of the false prophet sartura's might => val: 239.505 -> 242.087

*** NEW BEST (0): 242.087
Based on last: 3000 entries, out of total: 12835 entries, The least-squares solution is:
Int: 53.7368
Spirit: 0
Sp / Healing: 100
Mp5: 0
Crit: 0
T1 3p/piece: 2352.54
T2 3p/piece: 0
100 points == 1 sp == 0.0348896 hps.
No swappies for item bonuses found. (best matching was empty)
.
*** NEW BEST (0): 242.216
Based on last: 3000 entries, out of total: 12953 entries, The least-squares solution is:
Int: 50.2335
Spirit: 0
Sp / Healing: 100
Mp5: 0
Crit: 0
T1 3p/piece: 2909.4
T2 3p/piece: 0
100 points == 1 sp == 0.0339658 hps.
...***** INTERMEDIATE RESULTS *****
Iteration: 35
 ----------------------------
 --- head --- 
name: crystal adorned crown
slot: head
intelligence: 14
spirit: 13
sp_healing: 92
armor: 85
 ----------------------------
 --- neck --- 
name: amulet of the fallen god
slot: neck
intelligence: 11
sp_healing: 57
mp5: 6
 ----------------------------
 --- shoulders --- 
name: zandalar confessor's mantle
slot: shoulders
intelligence: 24
stamina: 11
spirit: 15
sp_healing: 22
armor: 78
 ----------------------------
 --- back --- 
name: hide of the wild
slot: back
intelligence: 10
stamina: 8
sp_healing: 42
armor: 48
 ----------------------------
 --- chest --- 
name: robes of the guardian saint
slot: chest
intelligence: 22
stamina: 20
sp_healing: 70
mp5: 7
armor: 117
 ----------------------------
 --- wrists --- 
name: bracelets of royal redemption
slot: wrists
intelligence: 10
stamina: 8
spirit: 9
sp_healing: 53
armor: 54
 ----------------------------
 ---  --- 
name: 
slot: 
 ----------------------------
 --- main hand --- 
name: scepter of the false prophet
slot: main hand
intelligence: 19
stamina: 10
sp_healing: 187
mp5: 3
 ----------------------------
 ---  --- 
name: 
slot: 
 ----------------------------
 --- off hand --- 
name: sartura's might
slot: off hand
intelligence: 6
stamina: 6
sp_healing: 51
mp5: 6
 ----------------------------
 --- ranged --- 
name: lunar wand of healing
slot: ranged
sp_healing: 20
 ----------------------------
 --- hands --- 
name: atal'ai hands of healing
slot: hands
sp: 9
sp_healing: 44
armor: 47
 ----------------------------
 --- waist --- 
name: grasp of the old god
slot: waist
intelligence: 19
stamina: 15
sp_healing: 59
mp5: 7
armor: 75
 ----------------------------
 --- legs --- 
name: empowered leggings
slot: legs
intelligence: 12
stamina: 12
spirit: 24
sp_healing: 77
spell_crit: 1
armor: 103
 ----------------------------
 --- feet --- 
name: boots of pure thought
slot: feet
intelligence: 12
stamina: 8
spirit: 12
sp_healing: 62
armor: 74
 ----------------------------
 --- finger --- 
name: pure elementium band
slot: finger
intelligence: 10
stamina: 9
spirit: 10
sp_healing: 53
 ----------------------------
 --- finger --- 
name: cauterizing band
slot: finger
intelligence: 12
stamina: 9
sp_healing: 46
 ----------------------------
 --- trinket --- 
name: rejuvenating gem
slot: trinket
sp_healing: 66
mp5: 9
 ----------------------------
 --- trinket --- 
name: hazza'rah's charm of healing
slot: trinket
 ----------------------------
 --- Set bonuses ---
name: confessor's 2 hazza'rah's 1 
slot: Set bonuses
sp: 23
------------------
Best value: 242.216
------------------
Char stats: 
Effective hp: 8532.5
Effective mana (100 s, 33 % out of fsr): 16279.9
Raw max mana: 10509.3
Int: 419.98
Stam: 393.53
Spirit: 388.93
Strength: 79.58
Agility: 84.18
All stats multiplier (taken into account above): 1.15
Bonus mana: 2000
Bonus hp: 0
Mp5: 176
Sp: 32
Sp shadow: 0
Sp healing: 1161
Spell crit: 19
Spell hit: 0
Arcane res: 27
Nature res: 27
Fire res: 27
Frost res: 27
Shadow res: 27
Armor: 2879.75
Defense: 300
Dodge: 0
Parry: 0
HpsPvp: 1053.34
ShadowDps: 224.848
Value pvp healing: 2034.16
Value pvp shadow: 92.6892
Effective hp-pvp: 10612.1
Effecctive mana for 100 s, 0.33 fsr: 17897.9
------------------
Best counts:
oh_limit: 0.9
time_left_mul: 1.9
total_deficit_to_pop_trinkets: 7223.23
in combat total: 1245.1
Flash Heal 1, casts: 26, avg: 507.207, 4.37271%, cast time 3.13228% of in combat, overheal: 0.338785
Flash Heal 2, casts: 10, avg: 652.32, 2.16298%, cast time 1.20472% of in combat, overheal: 0.235891
Flash Heal 3, casts: 9, avg: 933.45, 2.78565%, cast time 1.08425% of in combat, overheal: 0
Flash Heal 4, casts: 6, avg: 953.235, 1.89646%, cast time 0.722834% of in combat, overheal: 0.0640629
Flash Heal 5, casts: 6, avg: 963.607, 1.9171%, cast time 0.722834% of in combat, overheal: 0.166667
Flash Heal 6, casts: 7, avg: 1193.54, 2.7703%, cast time 0.843306% of in combat, overheal: 0.0841154
Flash Heal 7, casts: 39, avg: 1361.19, 17.6026%, cast time 4.69842% of in combat, overheal: 0.0878157
Greater Heal 1, casts: 8, avg: 1593.58, 4.22722%, cast time 1.6063% of in combat, overheal: 0.24291
Greater Heal 1 hazz, casts: 8, avg: 1391.06, 3.69002%, cast time 0.963778% of in combat, overheal: 0.339123
Greater Heal 2 hazz, casts: 1, avg: 2384.77, 0.790751%, cast time 0.120472% of in combat, overheal: 0
Greater Heal 3 hazz, casts: 3, avg: 2317.18, 2.30501%, cast time 0.361417% of in combat, overheal: 0.144405
Greater Heal 4, casts: 20, avg: 2248.98, 14.9145%, cast time 4.01574% of in combat, overheal: 0.271566
Greater Heal 4 hazz, casts: 4, avg: 3087.42, 4.09495%, cast time 0.481889% of in combat, overheal: 0
Heal 2, casts: 90, avg: 904.666, 26.9975%, cast time 18.0708% of in combat, overheal: 0.428489
Heal 4, casts: 17, avg: 1680.41, 9.47232%, cast time 3.41338% of in combat, overheal: 0.253148
Total time casting: 516, which is: 41.4425% of time in combat.
Total hps: 242.216, raw hps: 334.31, oh: 0.275475
Deficit time sum: 1.16062e+07, baseline: 1.52872e+07
Deficit*time change / s: 2956.35 hp
Number of combats: 14
Average mana at start of combat: 9740.38
Average mana at end of combat: 8717.03
Other players with hps > 100:
  Garva : 142.186 hps
  Laserbosse : 152.601 hps
  Meow : 162.225 hps
  Nienna : 129.308 hps
  Oljadblixt : 174.987 hps
  Priestitute : 140.983 hps
  Tirre : 141.47 hps
------------------
Upgrades: 
( following sorted by alt scores, no specials )
benediction, , , (4.1293) -> , scepter of the false prophet, , sartura's might(8.51041) : 4.3811 = +1.84208%
halo of transcendence(2.09103) -> crystal adorned crown(3.36372) : 1.27269 = +0.528211%
zandalar confessor's bindings(1.22435) -> grasp of the old god(2.32817) : 1.10382 = +0.457803%
zandalarian hero charm(1.35863) -> rejuvenating gem(2.24174) : 0.883118 = +0.365933%
boots of transcendence(1.47887) -> boots of pure thought(2.31062) : 0.831757 = +0.344578%
pauldrons of transcendence(1.30966) -> zandalar confessor's mantle(1.93796) : 0.628296 = +0.260069%
bindings of transcendence(1.34268) -> bracelets of royal redemption(1.97081) : 0.628128 = +0.26%
handguards of transcendence(1.32625) -> atal'ai hands of healing(1.80019) : 0.473938 = +0.196051%
jin'do's evil eye(1.68217) -> amulet of the fallen god(2.12373) : 0.441559 = +0.182632%
fordring's seal(1.34204) -> cauterizing band(1.76717) : 0.425125 = +0.175823%
robes of the exalted(2.39499) -> robes of the guardian saint(2.75298) : 0.357986 = +0.148015%
dragon's touch(0.408539) -> lunar wand of healing(0.679321) : 0.270782 = +0.111919%
hide of the wild(1.59718) -> hide of the wild(1.59718) : 0 = +0%
empowered leggings(2.82011) -> empowered leggings(2.82011) : 0 = +0%
pure elementium band(1.97081) -> pure elementium band(1.97081) : 0 = +0%
hazza'rah's charm of healing(0.781219) -> hazza'rah's charm of healing(0.781219) : 0 = +0%
------------------
~~~~ end of intermediate results ~~~~
Temporary bans and partial set bonuses on.
............
*** NEW BEST (1): 243.356
Based on last: 3000 entries, out of total: 14801 entries, The least-squares solution is:
Int: 16.0052
Spirit: 0
Sp / Healing: 100
Mp5: 0
Crit: 165.755
T1 3p/piece: 0
T2 3p/piece: 0
100 points == 1 sp == 0.0319714 hps.
..Temporary bans and partial set bonuses off.
..two-hand :   scepter of the false prophet lei of the lifegiver -> blessed qiraji augur staff    => val: 239.775 -> 240.29
No swappies for item bonuses found. (best matching was empty)
..***** INTERMEDIATE RESULTS *****
Iteration: 53
 ----------------------------
 --- head --- 
name: crystal adorned crown
slot: head
intelligence: 14
spirit: 13
sp_healing: 92
armor: 85
 ----------------------------
 --- neck --- 
name: amulet of the fallen god
slot: neck
intelligence: 11
sp_healing: 57
mp5: 6
 ----------------------------
 --- shoulders --- 
name: zandalar confessor's mantle
slot: shoulders
intelligence: 24
stamina: 11
spirit: 15
sp_healing: 22
armor: 78
 ----------------------------
 --- back --- 
name: hide of the wild
slot: back
intelligence: 10
stamina: 8
sp_healing: 42
armor: 48
 ----------------------------
 --- chest --- 
name: robes of the guardian saint
slot: chest
intelligence: 22
stamina: 20
sp_healing: 70
mp5: 7
armor: 117
 ----------------------------
 --- wrists --- 
name: bracelets of royal redemption
slot: wrists
intelligence: 10
stamina: 8
spirit: 9
sp_healing: 53
armor: 54
 ----------------------------
 ---  --- 
name: 
slot: 
 ----------------------------
 --- main hand --- 
name: scepter of the false prophet
slot: main hand
intelligence: 19
stamina: 10
sp_healing: 187
mp5: 3
 ----------------------------
 ---  --- 
name: 
slot: 
 ----------------------------
 --- off hand --- 
name: sartura's might
slot: off hand
intelligence: 6
stamina: 6
sp_healing: 51
mp5: 6
 ----------------------------
 --- ranged --- 
name: lunar wand of healing
slot: ranged
sp_healing: 20
 ----------------------------
 --- hands --- 
name: atal'ai hands of healing
slot: hands
sp: 9
sp_healing: 44
armor: 47
 ----------------------------
 --- waist --- 
name: grasp of the old god
slot: waist
intelligence: 19
stamina: 15
sp_healing: 59
mp5: 7
armor: 75
 ----------------------------
 --- legs --- 
name: empowered leggings
slot: legs
intelligence: 12
stamina: 12
spirit: 24
sp_healing: 77
spell_crit: 1
armor: 103
 ----------------------------
 --- feet --- 
name: treads of the wandering nomand
slot: feet
intelligence: 18
spirit: 11
sp_healing: 37
armor: 69
 ----------------------------
 --- finger --- 
name: pure elementium band
slot: finger
intelligence: 10
stamina: 9
spirit: 10
sp_healing: 53
 ----------------------------
 --- finger --- 
name: cauterizing band
slot: finger
intelligence: 12
stamina: 9
sp_healing: 46
 ----------------------------
 --- trinket --- 
name: rejuvenating gem
slot: trinket
sp_healing: 66
mp5: 9
 ----------------------------
 --- trinket --- 
name: hazza'rah's charm of healing
slot: trinket
 ----------------------------
 --- Set bonuses ---
name: confessor's 2 hazza'rah's 1 
slot: Set bonuses
sp: 23
------------------
Best value: 242.216
------------------
Char stats: 
Effective hp: 8435.5
Effective mana (100 s, 33 % out of fsr): 16387.9
Raw max mana: 10623.1
Int: 426.88
Stam: 384.33
Spirit: 387.78
Strength: 79.58
Agility: 84.18
All stats multiplier (taken into account above): 1.15
Bonus mana: 2000
Bonus hp: 0
Mp5: 176
Sp: 32
Sp shadow: 0
Sp healing: 1136
Spell crit: 19
Spell hit: 0
Arcane res: 27
Nature res: 27
Fire res: 27
Frost res: 27
Shadow res: 27
Armor: 2874.75
Defense: 300
Dodge: 0
Parry: 0
HpsPvp: 1023.96
ShadowDps: 224.52
Value pvp healing: 1952.58
Value pvp shadow: 93.8748
Effective hp-pvp: 10489.4
Effecctive mana for 100 s, 0.33 fsr: 18001.6
------------------
Best counts:
oh_limit: 0.9
time_left_mul: 1.9
total_deficit_to_pop_trinkets: 7490.06
in combat total: 1245.1
Flash Heal 1, casts: 26, avg: 503.759, 4.3522%, cast time 3.13228% of in combat, overheal: 0.333575
Flash Heal 2, casts: 11, avg: 663.528, 2.4253%, cast time 1.32519% of in combat, overheal: 0.212471
Flash Heal 3, casts: 7, avg: 922.31, 2.1453%, cast time 0.843306% of in combat, overheal: -7.56301e-08
Flash Heal 4, casts: 6, avg: 899.739, 1.79383%, cast time 0.722834% of in combat, overheal: 0.106833
Flash Heal 5, casts: 6, avg: 954.36, 1.90273%, cast time 0.722834% of in combat, overheal: 0.166667
Flash Heal 6, casts: 7, avg: 1171.2, 2.72423%, cast time 0.843306% of in combat, overheal: 0.0935552
Flash Heal 7, casts: 39, avg: 1352.14, 17.5226%, cast time 4.69842% of in combat, overheal: 0.087133
Greater Heal 1, casts: 8, avg: 1426.82, 3.7929%, cast time 1.6063% of in combat, overheal: 0.314941
Greater Heal 1 hazz, casts: 8, avg: 1313.04, 3.49044%, cast time 0.963778% of in combat, overheal: 0.36957
Greater Heal 2 hazz, casts: 2, avg: 2209.86, 1.46861%, cast time 0.240945% of in combat, overheal: 0.0646968
Greater Heal 3 hazz, casts: 3, avg: 2302.52, 2.29529%, cast time 0.361417% of in combat, overheal: 0.142859
Greater Heal 4, casts: 20, avg: 2243.51, 14.9098%, cast time 4.01574% of in combat, overheal: 0.268142
Greater Heal 4 hazz, casts: 4, avg: 3065.5, 4.07451%, cast time 0.481889% of in combat, overheal: 0
Heal 2, casts: 88, avg: 906.441, 26.5054%, cast time 17.6693% of in combat, overheal: 0.419171
Heal 4, casts: 19, avg: 1678.46, 10.5968%, cast time 3.81495% of in combat, overheal: 0.246578
Total time casting: 516, which is: 41.4425% of time in combat.
Total hps: 241.703, raw hps: 332.861, oh: 0.273862
Deficit time sum: 1.1619e+07, baseline: 1.52872e+07
Deficit*time change / s: 2946.13 hp
Number of combats: 14
Average mana at start of combat: 9815.33
Average mana at end of combat: 8769.77
Other players with hps > 100:
  Garva : 142.293 hps
  Laserbosse : 152.435 hps
  Meow : 162.349 hps
  Nienna : 129.423 hps
  Oljadblixt : 175.094 hps
  Priestitute : 140.726 hps
  Tirre : 141.527 hps
------------------
Upgrades: 
( following sorted by alt scores, no specials )
benediction, , , (3.65358) -> , scepter of the false prophet, , sartura's might(7.73711) : 4.08353 = +1.71851%
halo of transcendence(1.67279) -> crystal adorned crown(3.013) : 1.34021 = +0.557577%
zandalar confessor's bindings(0.933594) -> grasp of the old god(1.98354) : 1.04994 = +0.436288%
zandalarian hero charm(1.27885) -> rejuvenating gem(2.11011) : 0.831253 = +0.345101%
bindings of transcendence(1.12158) -> bracelets of royal redemption(1.74565) : 0.624069 = +0.258865%
handguards of transcendence(1.0825) -> atal'ai hands of healing(1.69449) : 0.611984 = +0.253839%
pauldrons of transcendence(0.959183) -> zandalar confessor's mantle(1.56152) : 0.602341 = +0.249829%
jin'do's evil eye(1.46303) -> amulet of the fallen god(1.87866) : 0.415634 = +0.172257%
dragon's touch(0.253235) -> lunar wand of healing(0.639435) : 0.3862 = +0.160038%
fordring's seal(1.20853) -> cauterizing band(1.53209) : 0.323563 = +0.134047%
robes of the exalted(2.19963) -> robes of the guardian saint(2.35057) : 0.15094 = +0.0624874%
boots of transcendence(1.20599) -> treads of the wandering nomand(1.27505) : 0.0690613 = +0.0285809%
hide of the wild(1.39397) -> hide of the wild(1.39397) : 0 = +0%
empowered leggings(2.57619) -> empowered leggings(2.57619) : 0 = +0%
pure elementium band(1.74565) -> pure elementium band(1.74565) : 0 = +0%
hazza'rah's charm of healing(0.735336) -> hazza'rah's charm of healing(0.735336) : 0 = +0%
------------------
~~~~ end of intermediate results ~~~~
Temporary bans and partial set bonuses on.
...............Temporary bans and partial set bonuses off.
...No swappies for item bonuses found. (best matching was empty)
.***** INTERMEDIATE RESULTS *****
Iteration: 72
 ----------------------------
 --- head --- 
name: crystal adorned crown
slot: head
intelligence: 14
spirit: 13
sp_healing: 92
armor: 85
 ----------------------------
 --- neck --- 
name: amulet of the fallen god
slot: neck
intelligence: 11
sp_healing: 57
mp5: 6
 ----------------------------
 --- shoulders --- 
name: zandalar confessor's mantle
slot: shoulders
intelligence: 24
stamina: 11
spirit: 15
sp_healing: 22
armor: 78
 ----------------------------
 --- back --- 
name: hide of the wild
slot: back
intelligence: 10
stamina: 8
sp_healing: 42
armor: 48
 ----------------------------
 --- chest --- 
name: robes of the guardian saint
slot: chest
intelligence: 22
stamina: 20
sp_healing: 70
mp5: 7
armor: 117
 ----------------------------
 --- wrists --- 
name: bracelets of royal redemption
slot: wrists
intelligence: 10
stamina: 8
spirit: 9
sp_healing: 53
armor: 54
 ----------------------------
 ---  --- 
name: 
slot: 
 ----------------------------
 --- main hand --- 
name: scepter of the false prophet
slot: main hand
intelligence: 19
stamina: 10
sp_healing: 187
mp5: 3
 ----------------------------
 ---  --- 
name: 
slot: 
 ----------------------------
 --- off hand --- 
name: sartura's might
slot: off hand
intelligence: 6
stamina: 6
sp_healing: 51
mp5: 6
 ----------------------------
 --- ranged --- 
name: lunar wand of healing
slot: ranged
sp_healing: 20
 ----------------------------
 --- hands --- 
name: atal'ai hands of healing
slot: hands
sp: 9
sp_healing: 44
armor: 47
 ----------------------------
 --- waist --- 
name: grasp of the old god
slot: waist
intelligence: 19
stamina: 15
sp_healing: 59
mp5: 7
armor: 75
 ----------------------------
 --- legs --- 
name: empowered leggings
slot: legs
intelligence: 12
stamina: 12
spirit: 24
sp_healing: 77
spell_crit: 1
armor: 103
 ----------------------------
 --- feet --- 
name: treads of the wandering nomand
slot: feet
intelligence: 18
spirit: 11
sp_healing: 37
armor: 69
 ----------------------------
 --- finger --- 
name: pure elementium band
slot: finger
intelligence: 10
stamina: 9
spirit: 10
sp_healing: 53
 ----------------------------
 --- finger --- 
name: cauterizing band
slot: finger
intelligence: 12
stamina: 9
sp_healing: 46
 ----------------------------
 --- trinket --- 
name: rejuvenating gem
slot: trinket
sp_healing: 66
mp5: 9
 ----------------------------
 --- trinket --- 
name: hazza'rah's charm of healing
slot: trinket
 ----------------------------
 --- Set bonuses ---
name: confessor's 2 hazza'rah's 1 
slot: Set bonuses
sp: 23
------------------
Best value: 242.216
------------------
Char stats: 
Effective hp: 8435.5
Effective mana (100 s, 33 % out of fsr): 16387.9
Raw max mana: 10623.1
Int: 426.88
Stam: 384.33
Spirit: 387.78
Strength: 79.58
Agility: 84.18
All stats multiplier (taken into account above): 1.15
Bonus mana: 2000
Bonus hp: 0
Mp5: 176
Sp: 32
Sp shadow: 0
Sp healing: 1136
Spell crit: 19
Spell hit: 0
Arcane res: 27
Nature res: 27
Fire res: 27
Frost res: 27
Shadow res: 27
Armor: 2874.75
Defense: 300
Dodge: 0
Parry: 0
HpsPvp: 1023.96
ShadowDps: 224.52
Value pvp healing: 1952.58
Value pvp shadow: 93.8748
Effective hp-pvp: 10489.4
Effecctive mana for 100 s, 0.33 fsr: 18001.6
------------------
Best counts:
oh_limit: 0.9
time_left_mul: 1.9
total_deficit_to_pop_trinkets: 7396.9
in combat total: 1245.1
Flash Heal 1, casts: 26, avg: 503.759, 4.3522%, cast time 3.13228% of in combat, overheal: 0.333575
Flash Heal 2, casts: 11, avg: 663.528, 2.4253%, cast time 1.32519% of in combat, overheal: 0.212471
Flash Heal 3, casts: 7, avg: 922.31, 2.1453%, cast time 0.843306% of in combat, overheal: -7.56301e-08
Flash Heal 4, casts: 6, avg: 899.739, 1.79383%, cast time 0.722834% of in combat, overheal: 0.106833
Flash Heal 5, casts: 6, avg: 954.36, 1.90273%, cast time 0.722834% of in combat, overheal: 0.166667
Flash Heal 6, casts: 7, avg: 1171.2, 2.72423%, cast time 0.843306% of in combat, overheal: 0.0935552
Flash Heal 7, casts: 39, avg: 1352.14, 17.5226%, cast time 4.69842% of in combat, overheal: 0.087133
Greater Heal 1, casts: 8, avg: 1426.82, 3.7929%, cast time 1.6063% of in combat, overheal: 0.314941
Greater Heal 1 hazz, casts: 8, avg: 1313.04, 3.49044%, cast time 0.963778% of in combat, overheal: 0.36957
Greater Heal 2 hazz, casts: 2, avg: 2209.86, 1.46861%, cast time 0.240945% of in combat, overheal: 0.0646968
Greater Heal 3 hazz, casts: 3, avg: 2302.52, 2.29529%, cast time 0.361417% of in combat, overheal: 0.142859
Greater Heal 4, casts: 20, avg: 2243.51, 14.9098%, cast time 4.01574% of in combat, overheal: 0.268142
Greater Heal 4 hazz, casts: 4, avg: 3065.5, 4.07451%, cast time 0.481889% of in combat, overheal: 0
Heal 2, casts: 88, avg: 906.441, 26.5054%, cast time 17.6693% of in combat, overheal: 0.419171
Heal 4, casts: 19, avg: 1678.46, 10.5968%, cast time 3.81495% of in combat, overheal: 0.246578
Total time casting: 516, which is: 41.4425% of time in combat.
Total hps: 241.703, raw hps: 332.861, oh: 0.273862
Deficit time sum: 1.1619e+07, baseline: 1.52872e+07
Deficit*time change / s: 2946.13 hp
Number of combats: 14
Average mana at start of combat: 9815.33
Average mana at end of combat: 8769.77
Other players with hps > 100:
  Garva : 142.293 hps
  Laserbosse : 152.435 hps
  Meow : 162.349 hps
  Nienna : 129.423 hps
  Oljadblixt : 175.094 hps
  Priestitute : 140.726 hps
  Tirre : 141.527 hps
------------------
Upgrades: 
( following sorted by alt scores, no specials )
benediction, , , (3.65358) -> , scepter of the false prophet, , sartura's might(7.73711) : 4.08353 = +1.71851%
halo of transcendence(1.67279) -> crystal adorned crown(3.013) : 1.34021 = +0.557577%
zandalar confessor's bindings(0.933594) -> grasp of the old god(1.98354) : 1.04994 = +0.436288%
zandalarian hero charm(1.27885) -> rejuvenating gem(2.11011) : 0.831253 = +0.345101%
bindings of transcendence(1.12158) -> bracelets of royal redemption(1.74565) : 0.624069 = +0.258865%
handguards of transcendence(1.0825) -> atal'ai hands of healing(1.69449) : 0.611984 = +0.253839%
pauldrons of transcendence(0.959183) -> zandalar confessor's mantle(1.56152) : 0.602341 = +0.249829%
jin'do's evil eye(1.46303) -> amulet of the fallen god(1.87866) : 0.415634 = +0.172257%
dragon's touch(0.253235) -> lunar wand of healing(0.639435) : 0.3862 = +0.160038%
fordring's seal(1.20853) -> cauterizing band(1.53209) : 0.323563 = +0.134047%
robes of the exalted(2.19963) -> robes of the guardian saint(2.35057) : 0.15094 = +0.0624874%
boots of transcendence(1.20599) -> treads of the wandering nomand(1.27505) : 0.0690613 = +0.0285809%
hide of the wild(1.39397) -> hide of the wild(1.39397) : 0 = +0%
empowered leggings(2.57619) -> empowered leggings(2.57619) : 0 = +0%
pure elementium band(1.74565) -> pure elementium band(1.74565) : 0 = +0%
hazza'rah's charm of healing(0.735336) -> hazza'rah's charm of healing(0.735336) : 0 = +0%
------------------
~~~~ end of intermediate results ~~~~
Same items for intermediate results again, ending optimization. 
 ----------------------------
 --- head --- 
name: crystal adorned crown
slot: head
intelligence: 14
spirit: 13
sp_healing: 92
armor: 85
 ----------------------------
 --- neck --- 
name: amulet of the fallen god
slot: neck
intelligence: 11
sp_healing: 57
mp5: 6
 ----------------------------
 --- shoulders --- 
name: zandalar confessor's mantle
slot: shoulders
intelligence: 24
stamina: 11
spirit: 15
sp_healing: 22
armor: 78
 ----------------------------
 --- back --- 
name: hide of the wild
slot: back
intelligence: 10
stamina: 8
sp_healing: 42
armor: 48
 ----------------------------
 --- chest --- 
name: robes of the guardian saint
slot: chest
intelligence: 22
stamina: 20
sp_healing: 70
mp5: 7
armor: 117
 ----------------------------
 --- wrists --- 
name: bracelets of royal redemption
slot: wrists
intelligence: 10
stamina: 8
spirit: 9
sp_healing: 53
armor: 54
 ----------------------------
 ---  --- 
name: 
slot: 
 ----------------------------
 --- main hand --- 
name: scepter of the false prophet
slot: main hand
intelligence: 19
stamina: 10
sp_healing: 187
mp5: 3
 ----------------------------
 ---  --- 
name: 
slot: 
 ----------------------------
 --- off hand --- 
name: sartura's might
slot: off hand
intelligence: 6
stamina: 6
sp_healing: 51
mp5: 6
 ----------------------------
 --- ranged --- 
name: lunar wand of healing
slot: ranged
sp_healing: 20
 ----------------------------
 --- hands --- 
name: atal'ai hands of healing
slot: hands
sp: 9
sp_healing: 44
armor: 47
 ----------------------------
 --- waist --- 
name: grasp of the old god
slot: waist
intelligence: 19
stamina: 15
sp_healing: 59
mp5: 7
armor: 75
 ----------------------------
 --- legs --- 
name: empowered leggings
slot: legs
intelligence: 12
stamina: 12
spirit: 24
sp_healing: 77
spell_crit: 1
armor: 103
 ----------------------------
 --- feet --- 
name: treads of the wandering nomand
slot: feet
intelligence: 18
spirit: 11
sp_healing: 37
armor: 69
 ----------------------------
 --- finger --- 
name: pure elementium band
slot: finger
intelligence: 10
stamina: 9
spirit: 10
sp_healing: 53
 ----------------------------
 --- finger --- 
name: cauterizing band
slot: finger
intelligence: 12
stamina: 9
sp_healing: 46
 ----------------------------
 --- trinket --- 
name: rejuvenating gem
slot: trinket
sp_healing: 66
mp5: 9
 ----------------------------
 --- trinket --- 
name: hazza'rah's charm of healing
slot: trinket
 ----------------------------
 --- Set bonuses ---
name: confessor's 2 hazza'rah's 1 
slot: Set bonuses
sp: 23
------------------
Char stats: 
Effective hp: 8435.5
Effective mana (100 s, 33 % out of fsr): 16387.9
Raw max mana: 10623.1
Int: 426.88
Stam: 384.33
Spirit: 387.78
Strength: 79.58
Agility: 84.18
All stats multiplier (taken into account above): 1.15
Bonus mana: 2000
Bonus hp: 0
Mp5: 176
Sp: 32
Sp shadow: 0
Sp healing: 1136
Spell crit: 19
Spell hit: 0
Arcane res: 27
Nature res: 27
Fire res: 27
Frost res: 27
Shadow res: 27
Armor: 2874.75
Defense: 300
Dodge: 0
Parry: 0
HpsPvp: 1045.38
ShadowDps: 225.177
Value pvp healing: 1970.48
Value pvp shadow: 91.4267
Effective hp-pvp: 10489.4
Effecctive mana for 100 s, 0.33 fsr: 18001.6
------------------
Best counts:
oh_limit: 0.9
time_left_mul: 1.9
total_deficit_to_pop_trinkets: 7396.9
in combat total: 1245.1
Flash Heal 1, casts: 26, avg: 503.759, 4.3522%, cast time 3.13228% of in combat, overheal: 0.333575
Flash Heal 2, casts: 11, avg: 663.528, 2.4253%, cast time 1.32519% of in combat, overheal: 0.212471
Flash Heal 3, casts: 7, avg: 922.31, 2.1453%, cast time 0.843306% of in combat, overheal: -7.56301e-08
Flash Heal 4, casts: 6, avg: 899.739, 1.79383%, cast time 0.722834% of in combat, overheal: 0.106833
Flash Heal 5, casts: 6, avg: 954.36, 1.90273%, cast time 0.722834% of in combat, overheal: 0.166667
Flash Heal 6, casts: 7, avg: 1171.2, 2.72423%, cast time 0.843306% of in combat, overheal: 0.0935552
Flash Heal 7, casts: 39, avg: 1352.14, 17.5226%, cast time 4.69842% of in combat, overheal: 0.087133
Greater Heal 1, casts: 8, avg: 1426.82, 3.7929%, cast time 1.6063% of in combat, overheal: 0.314941
Greater Heal 1 hazz, casts: 8, avg: 1313.04, 3.49044%, cast time 0.963778% of in combat, overheal: 0.36957
Greater Heal 2 hazz, casts: 2, avg: 2209.86, 1.46861%, cast time 0.240945% of in combat, overheal: 0.0646968
Greater Heal 3 hazz, casts: 3, avg: 2302.52, 2.29529%, cast time 0.361417% of in combat, overheal: 0.142859
Greater Heal 4, casts: 20, avg: 2243.51, 14.9098%, cast time 4.01574% of in combat, overheal: 0.268142
Greater Heal 4 hazz, casts: 4, avg: 3065.5, 4.07451%, cast time 0.481889% of in combat, overheal: 0
Heal 2, casts: 88, avg: 906.441, 26.5054%, cast time 17.6693% of in combat, overheal: 0.419171
Heal 4, casts: 19, avg: 1678.46, 10.5968%, cast time 3.81495% of in combat, overheal: 0.246578
Total time casting: 516, which is: 41.4425% of time in combat.
Total hps: 241.703, raw hps: 332.861, oh: 0.273862
Deficit time sum: 1.1619e+07, baseline: 1.52872e+07
Deficit*time change / s: 2946.13 hp
Number of combats: 14
Average mana at start of combat: 9815.33
Average mana at end of combat: 8769.77
Other players with hps > 100:
  Garva : 142.293 hps
  Laserbosse : 152.435 hps
  Meow : 162.349 hps
  Nienna : 129.423 hps
  Oljadblixt : 175.094 hps
  Priestitute : 140.726 hps
  Tirre : 141.527 hps
------------------
Based on last: 3000 entries, out of total: 17876 entries, The least-squares solution is:
Int: 63.639
Spirit: 0
Sp / Healing: 100
Mp5: 0
Crit: 0
T1 3p/piece: 0
T2 3p/piece: 0
100 points == 1 sp == 0.0349752 hps.
Appended tag:
( Pawn: v1: "scrubclub_bwl_speed_phase5": Intellect=63.639, Spirit=0, Healing=100, Mp5=0, SpellCritRating=0, IsFist=X, Is2HMace=X, IsCrossbow=X, IsGun=X, IsShield=X, IsPolearm=X, Is2HAxe=X, IsBow=X, IsMail=X, IsPlate=X, IsLeather=X, IsAxe=X, Is2HAxe=X, IsSword=X, Is2HSword=X)
To file: scrubclub_bwl_speed_phase5.pawn_tag.txt
------------------
Diffs to start: 
Upgrades: 
( following sorted by alt scores, no specials )
benediction, , , (4.39737) -> , scepter of the false prophet, , sartura's might(8.88054) : 4.48317 = +1.88988%
halo of transcendence(2.27977) -> crystal adorned crown(3.52933) : 1.24956 = +0.519666%
zandalar confessor's bindings(1.35451) -> grasp of the old god(2.48643) : 1.13193 = +0.470516%
zandalarian hero charm(1.399) -> rejuvenating gem(2.30836) : 0.909363 = +0.377652%
pauldrons of transcendence(1.46581) -> zandalar confessor's mantle(2.10808) : 0.642273 = +0.266436%
bindings of transcendence(1.44353) -> bracelets of royal redemption(2.07626) : 0.632736 = +0.262469%
fordring's seal(1.40536) -> cauterizing band(1.87595) : 0.470581 = +0.195073%
jin'do's evil eye(1.78375) -> amulet of the fallen god(2.23842) : 0.454666 = +0.188464%
robes of the exalted(2.48961) -> robes of the guardian saint(2.93794) : 0.448334 = +0.185834%
handguards of transcendence(1.45944) -> atal'ai hands of healing(1.85368) : 0.394241 = +0.163376%
dragon's touch(0.476944) -> lunar wand of healing(0.699509) : 0.222565 = +0.0921666%
boots of transcendence(1.60251) -> treads of the wandering nomand(1.69472) : 0.0922089 = +0.0381642%
hide of the wild(1.69154) -> hide of the wild(1.69154) : 0 = +0%
empowered leggings(2.96019) -> empowered leggings(2.96019) : 0 = +0%
pure elementium band(2.07626) -> pure elementium band(2.07626) : 0 = +0%
hazza'rah's charm of healing(0.804428) -> hazza'rah's charm of healing(0.804428) : 0 = +0%
- - - - - - - - - - - - - - - - - - - - - - - - - - - - - - - - - - - - - - - - - 
| Upgrades at best in slot level, from start item to candidate, partial bonuses: 1: |
  alt scores are from least squares fit, special score from e.g. set bonuses as s are part of em
. . . . . . . . . . . . . . . . . . . . . . . . . . . . . . . . . . . . . . . . . 
- . - ' - . - ' - . - ' - . - ' - . - ' - . -
head, halo of transcendence (-0.289307), alt: 2.27977 -> :
    crystal adorned crown (1.89392) : +0.912315 %, alt : +3.52933, from: azuregos
    don rigoberto's lost hat (-0.385437) : -0.0401704 %, alt : +2.7726, from: aq40
    eternal crown of healing (1.79669) : +0.871686 %, alt : +2.23841, from: random green
- . - ' - . - ' - . - ' - . - ' - . - ' - . -
neck, jin'do's evil eye (0.108429), alt: 1.78375 -> :
    amulet of the fallen god (-0.0720825) : -0.0746934 %, alt : +2.23842, from: aq40
    amulet of the shifting sands (0.690659) : +0.240919 %, alt : +1.60886, from: aq20
- . - ' - . - ' - . - ' - . - ' - . - ' - . -
shoulders, pauldrons of transcendence (-0.045639), alt: 1.46581 -> :
    zandalar confessor's mantle (0.111832) : +0.0652506 %, alt : +2.10807, from: zg
    ternary mantle (0.530045) : +0.238544 %, alt : +1.91729, from: aq40
    mantle of the blackwing cabal (1.48703) : +0.635087 %, alt : +1.54528, from: bwl
- . - ' - . - ' - . - ' - . - ' - . - ' - . -
back, hide of the wild (-0.112991), alt: 1.69154 -> :
    hakkari loa cloak (0.108459) : +0.091702 %, alt : +1.28773, from: zg
- . - ' - . - ' - . - ' - . - ' - . - ' - . -
chest, robes of the exalted (1.89211), alt: 2.48961 -> :
    robes of the guardian saint (2.09157) : +0.0826652 %, alt : +2.93794, from: aq40
    robes of transcendence (0.0402222) : -0.767492 %, alt : +2.59455, from: bwl
    truefaith vestments (3.33179) : +0.59666 %, alt : +2.55319, from: tailoring bop
- . - ' - . - ' - . - ' - . - ' - . - ' - . -
wrists, bindings of transcendence (0.0167694), alt: 1.44353 -> :
    bracelets of royal redemption (0.218109) : +0.0834437 %, alt : +2.07626, from: aq40
    burrower bracers (0.391037) : +0.155112 %, alt : +1.26866, from: aq40
    flameweave cuffs of healing (0.564575) : +0.227034 %, alt : +1.15418, from: brd
- . - ' - . - ' - . - ' - . - ' - . - ' - . -
two-hand, benediction (0.592102), alt: 4.39737 -> :
    scepter of the false prophet and sartura's might (1.4747) : +0.364587 %, alt : +8.88054, from: aq40, aq40
    scepter of the false prophet and lei of the lifegiver (1.54089) : +0.39193 %, alt : +8.81695, from: aq40, av rep
    scepter of the false prophet and brightly glowing stone (1.58911) : +0.411848 %, alt : +8.25734, from: aq40, pre-raid
    scepter of the false prophet and trance stone (1.19968) : +0.250979 %, alt : +8.0157, from: aq40, emeriss; lethon; taerar; ysondre
    blessed qiraji augur staff (0.42067) : -0.070816 %, alt : +5.53564, from: aq40
    gavel of infinite wisdom and sartura's might (1.2677) : +0.279079 %, alt : +5.30989, from: aq20, aq40
    lok'amir il romathis and sartura's might (0.909042) : +0.130923 %, alt : +5.25584, from: bwl, aq40
    gavel of infinite wisdom and lei of the lifegiver (1.42537) : +0.344209 %, alt : +5.24629, from: aq20, av rep
    lok'amir il romathis and lei of the lifegiver (1.26308) : +0.277169 %, alt : +5.19224, from: bwl, av rep
    gavel of infinite wisdom and brightly glowing stone (0.86113) : +0.111131 %, alt : +4.68669, from: aq20, pre-raid
    lok'amir il romathis and brightly glowing stone (0.873199) : +0.116117 %, alt : +4.63264, from: bwl, pre-raid
    gavel of infinite wisdom and trance stone (0.642517) : +0.0208256 %, alt : +4.44505, from: aq20, emeriss; lethon; taerar; ysondre
- . - ' - . - ' - . - ' - . - ' - . - ' - . -
ranged, dragon's touch (0.378769), alt: 0.476944 -> :
    lunar wand of healing (0.179581) : -0.0824152 %, alt : +0.699504, from: random green
    wandof qiraji nobility (0.126221) : -0.104493 %, alt : +0.664529, from: aq40
    antenna of invigoration (-0.125946) : -0.208829 %, alt : +0.543709, from: aq20
    bonecreeper stylus (0.435013) : +0.0232712 %, alt : +0.473759, from: pre-raid
- . - ' - . - ' - . - ' - . - ' - . - ' - . -
hands, handguards of transcendence (0.0185699), alt: 1.45944 -> :
    atal'ai hands of healing (0.702179) : +0.283884 %, alt : +1.85369, from: sunken temple
    gloves of dark wisdom (-1.55254) : -0.652437 %, alt : +1.66929, from: aq20
    dark storm gauntlets (0.805252) : +0.326687 %, alt : +1.62795, from: aq40
    high councillor's gloves of healing (0.445023) : +0.177094 %, alt : +1.60886, from: random green
- . - ' - . - ' - . - ' - . - ' - . - ' - . -
waist, zandalar confessor's bindings (1.79704), alt: 1.35451 -> :
    grasp of the old god (1.36295) : -0.179436 %, alt : +2.48644, from: aq40
    eyestalk waist cord (1.48166) : -0.130365 %, alt : +1.6343, from: aq40
    firemaw's clutch (2.65225) : +0.353504 %, alt : +1.49123, from: bwl
    belt of transcendence (1.78847) : -0.00354469 %, alt : +1.48806, from: bwl
- . - ' - . - ' - . - ' - . - ' - . - ' - . -
legs, empowered leggings (1.32005), alt: 2.96019 -> :
- . - ' - . - ' - . - ' - . - ' - . - ' - . -
feet, boots of transcendence (-0.475861), alt: 1.60251 -> :
    boots of pure thought (-0.948715) : -0.195957 %, alt : +2.43556, from: bwl
    treads of the wandering nomand (-0.29129) : +0.0764884 %, alt : +1.69472, from: aq20
    boots of epiphany (-0.38031) : +0.0395974 %, alt : +1.61206, from: aq40
- . - ' - . - ' - . - ' - . - ' - . - ' - . -
finger, pure elementium band (0.218109), alt: 2.07626 -> :
- . - ' - . - ' - . - ' - . - ' - . - ' - . -
finger 2, fordring's seal (0.898483), alt: 1.40536 -> :
    pure elementium band (0.415359) : -0.199418 %, alt : +2.07626, from: bwl
    cauterizing band (0.120804) : -0.321001 %, alt : +1.87595, from: mc
    primalist's seal (0.0941467) : -0.332004 %, alt : +1.85847, from: zg
    ring of the martyr (-1.95659) : -1.17848 %, alt : +1.78373, from: aq40
- . - ' - . - ' - . - ' - . - ' - . - ' - . -
trinket, zandalarian hero charm (-0.30899), alt: 1.399 -> :
    rejuvenating gem (-0.40007) : -0.0377016 %, alt : +2.30836, from: bwl
    hibernation crystal (-8.97224) : -3.58607 %, alt : +2.06354, from: ysondre
    hazza'rah's charm of healing (0) : +0.127904 %, alt : +0.804429, from: zg
- . - ' - . - ' - . - ' - . - ' - . - ' - . -
trinket 2, hazza'rah's charm of healing (8.21031), alt: 0.804428 -> :
    rejuvenating gem (-1.99834) : -4.22737 %, alt : +2.30836, from: bwl
    hibernation crystal (0.400574) : -3.23399 %, alt : +2.06354, from: ysondre
    zandalarian hero charm (0.922272) : -3.01795 %, alt : +1.39901, from: zg
    royal seal of eldre'thalas (0.406418) : -3.23157 %, alt : +1.15418, from: pre-raid
    briarwood reed (0.685043) : -3.11619 %, alt : +1.01428, from: pre-raid
    scarab brooch (0.475815) : -3.20283 %, alt : +0.87438, from: aq40
    hazza'rah's charm of healing (8.21031) : +0 %, alt : +0.804429, from: zg
- - - - - - - - - - - - - - - - - - - - - - - - - - - - - - - - - - - - - - - - - 
| Upgrades at best in slot level, from start item to candidate, partial bonuses: 0: |
  alt scores are from least squares fit, special score from e.g. set bonuses as s are part of em
. . . . . . . . . . . . . . . . . . . . . . . . . . . . . . . . . . . . . . . . . 
- . - ' - . - ' - . - ' - . - ' - . - ' - . -
head, halo of transcendence (1.81226), alt: 2.27977 -> :
    crystal adorned crown (2.97757) : +0.484461 %, alt : +3.52933, from: azuregos
    don rigoberto's lost hat (3.05779) : +0.51781 %, alt : +2.7726, from: aq40
    eternal crown of healing (2.9346) : +0.466598 %, alt : +2.23841, from: random green
- . - ' - . - ' - . - ' - . - ' - . - ' - . -
neck, jin'do's evil eye (0.620209), alt: 1.78375 -> :
    amulet of the fallen god (0.726929) : +0.0441728 %, alt : +2.23842, from: aq40
    amulet of the shifting sands (0.783157) : +0.0674466 %, alt : +1.60886, from: aq20
- . - ' - . - ' - . - ' - . - ' - . - ' - . -
shoulders, pauldrons of transcendence (-0.0882721), alt: 1.46581 -> :
    zandalar confessor's mantle (0.217499) : +0.126667 %, alt : +2.10807, from: zg
    ternary mantle (0.771347) : +0.356101 %, alt : +1.91729, from: aq40
    mantle of the blackwing cabal (0.882034) : +0.401954 %, alt : +1.54528, from: bwl
- . - ' - . - ' - . - ' - . - ' - . - ' - . -
back, hide of the wild (0.468063), alt: 1.69154 -> :
- . - ' - . - ' - . - ' - . - ' - . - ' - . -
chest, robes of the exalted (2.74229), alt: 2.48961 -> :
    robes of the guardian saint (2.87541) : +0.0551052 %, alt : +2.93794, from: aq40
    robes of transcendence (2.79002) : +0.019758 %, alt : +2.59455, from: bwl
    truefaith vestments (4.11324) : +0.567512 %, alt : +2.55319, from: tailoring bop
- . - ' - . - ' - . - ' - . - ' - . - ' - . -
wrists, bindings of transcendence (0.914154), alt: 1.44353 -> :
    bracelets of royal redemption (0.593521) : -0.13248 %, alt : +2.07626, from: aq40
- . - ' - . - ' - . - ' - . - ' - . - ' - . -
two-hand, benediction (0.38443), alt: 4.39737 -> :
    scepter of the false prophet and sartura's might (0.823349) : +0.181306 %, alt : +8.88054, from: aq40, aq40
    scepter of the false prophet and lei of the lifegiver (1.57478) : +0.491703 %, alt : +8.81695, from: aq40, av rep
    scepter of the false prophet and brightly glowing stone (0.976212) : +0.244449 %, alt : +8.25734, from: aq40, pre-raid
    scepter of the false prophet and trance stone (0.540024) : +0.0642717 %, alt : +8.0157, from: aq40, emeriss; lethon; taerar; ysondre
    blessed qiraji augur staff (0.0848846) : -0.123734 %, alt : +5.53564, from: aq40
    gavel of infinite wisdom and sartura's might (0.621109) : +0.0977658 %, alt : +5.30989, from: aq20, aq40
    lok'amir il romathis and sartura's might (0.38913) : +0.00194132 %, alt : +5.25584, from: bwl, aq40
    gavel of infinite wisdom and lei of the lifegiver (0.78476) : +0.165365 %, alt : +5.24629, from: aq20, av rep
    lok'amir il romathis and lei of the lifegiver (0.295364) : -0.0367906 %, alt : +5.19224, from: bwl, av rep
    gavel of infinite wisdom and brightly glowing stone (0.530029) : +0.0601432 %, alt : +4.68669, from: aq20, pre-raid
    lok'amir il romathis and brightly glowing stone (0.404541) : +0.00830735 %, alt : +4.63264, from: bwl, pre-raid
    gavel of infinite wisdom and trance stone (-0.453949) : -0.346312 %, alt : +4.44505, from: aq20, emeriss; lethon; taerar; ysondre
- . - ' - . - ' - . - ' - . - ' - . - ' - . -
ranged, dragon's touch (-0.33699), alt: 0.476944 -> :
    lunar wand of healing (-0.307602) : +0.0121604 %, alt : +0.699504, from: random green
    wandof qiraji nobility (-0.362061) : -0.0103736 %, alt : +0.664529, from: aq40
    antenna of invigoration (-0.663269) : -0.135008 %, alt : +0.543709, from: aq20
- . - ' - . - ' - . - ' - . - ' - . - ' - . -
hands, handguards of transcendence (0.732559), alt: 1.45944 -> :
    atal'ai hands of healing (1.08565) : +0.146297 %, alt : +1.85369, from: sunken temple
    gloves of dark wisdom (0.802887) : +0.0291393 %, alt : +1.66929, from: aq20
    dark storm gauntlets (0.958603) : +0.0936579 %, alt : +1.62795, from: aq40
    high councillor's gloves of healing (0.773926) : +0.0171396 %, alt : +1.60886, from: random green
- . - ' - . - ' - . - ' - . - ' - . - ' - . -
waist, zandalar confessor's bindings (2.18002), alt: 1.35451 -> :
    grasp of the old god (2.32057) : +0.0581831 %, alt : +2.48644, from: aq40
    eyestalk waist cord (2.21712) : +0.0153559 %, alt : +1.6343, from: aq40
    firemaw's clutch (2.4585) : +0.11528 %, alt : +1.49123, from: bwl
    belt of transcendence (2.2061) : +0.0107952 %, alt : +1.48806, from: bwl
- . - ' - . - ' - . - ' - . - ' - . - ' - . -
legs, empowered leggings (2.12422), alt: 2.96019 -> :
- . - ' - . - ' - . - ' - . - ' - . - ' - . -
feet, boots of transcendence (0.452057), alt: 1.60251 -> :
    boots of pure thought (0.879852) : +0.177024 %, alt : +2.43556, from: bwl
    treads of the wandering nomand (0.495743) : +0.0180775 %, alt : +1.69472, from: aq20
    boots of epiphany (0.468964) : +0.00699609 %, alt : +1.61206, from: aq40
- . - ' - . - ' - . - ' - . - ' - . - ' - . -
finger, pure elementium band (0.593521), alt: 2.07626 -> :
- . - ' - . - ' - . - ' - . - ' - . - ' - . -
finger 2, fordring's seal (0.392624), alt: 1.40536 -> :
    pure elementium band (-0.071579) : -0.191961 %, alt : +2.07626, from: bwl
    cauterizing band (0.274429) : -0.0488768 %, alt : +1.87595, from: mc
    ring of the martyr (-2.50148) : -1.19679 %, alt : +1.78373, from: aq40
    ring of spellpower (1.30098) : +0.375631 %, alt : +1.15418, from: mc
    mindtear band (0.430969) : +0.0158569 %, alt : +0.903001, from: taerar
- . - ' - . - ' - . - ' - . - ' - . - ' - . -
trinket, zandalarian hero charm (0.757996), alt: 1.399 -> :
    rejuvenating gem (0.530746) : -0.0939315 %, alt : +2.30836, from: bwl
    hibernation crystal (-7.52933) : -3.4255 %, alt : +2.06354, from: ysondre
    hazza'rah's charm of healing (0) : -0.313311 %, alt : +0.804429, from: zg
- . - ' - . - ' - . - ' - . - ' - . - ' - . -
trinket 2, hazza'rah's charm of healing (8.52605), alt: 0.804428 -> :
    rejuvenating gem (-2.38673) : -4.51495 %, alt : +2.30836, from: bwl
    hibernation crystal (-0.00805664) : -3.53082 %, alt : +2.06354, from: ysondre
    zandalarian hero charm (0.760757) : -3.21274 %, alt : +1.39901, from: zg
    royal seal of eldre'thalas (0.327133) : -3.39214 %, alt : +1.15418, from: pre-raid
    briarwood reed (0.185226) : -3.45085 %, alt : +1.01428, from: pre-raid
    scarab brooch (0.578247) : -3.28825 %, alt : +0.87438, from: aq40
    hazza'rah's charm of healing (8.52605) : +0 %, alt : +0.804429, from: zg
- - - - - - - - - - - - - - - - - - - - - - - - - - - - - - - - - - - - - - - - - 
| Upgrades at start level, from start item to candidate, partial bonuses: 1: |
  alt scores are from least squares fit, special score from e.g. set bonuses as s are part of em
. . . . . . . . . . . . . . . . . . . . . . . . . . . . . . . . . . . . . . . . . 
- . - ' - . - ' - . - ' - . - ' - . - ' - . -
head, halo of transcendence (-1.13821), alt: 2.27977 -> :
    crystal adorned crown (3.37247) : +1.9657 %, alt : +3.52933, from: azuregos
    don rigoberto's lost hat (-0.908035) : +0.100309 %, alt : +2.7726, from: aq40
    halo of transcendence (-1.13821) : +0 %, alt : +2.27977, from: onyxia
    eternal crown of healing (0.663849) : +0.785318 %, alt : +2.23841, from: random green
- . - ' - . - ' - . - ' - . - ' - . - ' - . -
neck, jin'do's evil eye (-0.936539), alt: 1.78375 -> :
    amulet of the fallen god (-0.882553) : +0.0235263 %, alt : +2.23842, from: aq40
    amulet of the shifting sands (-0.868042) : +0.0298501 %, alt : +1.60886, from: aq20
- . - ' - . - ' - . - ' - . - ' - . - ' - . -
shoulders, pauldrons of transcendence (-1.63498), alt: 1.46581 -> :
    ternary mantle (-0.826218) : +0.352449 %, alt : +1.91729, from: aq40
    mantle of the blackwing cabal (-0.14888) : +0.647625 %, alt : +1.54528, from: bwl
    pauldrons of transcendence (-1.63498) : +0 %, alt : +1.4658, from: bwl
    zandalar confessor's mantle (-1.77501) : -0.0610234 %, alt : +1.30364, from: zg
- . - ' - . - ' - . - ' - . - ' - . - ' - . -
back, hide of the wild (0.302933), alt: 1.69154 -> :
- . - ' - . - ' - . - ' - . - ' - . - ' - . -
chest, robes of the exalted (2.43823), alt: 2.48961 -> :
    robes of the guardian saint (2.18584) : -0.109991 %, alt : +2.93794, from: aq40
    robes of transcendence (0.934006) : -0.655525 %, alt : +2.59455, from: bwl
    truefaith vestments (2.65448) : +0.0942382 %, alt : +2.55319, from: tailoring bop
- . - ' - . - ' - . - ' - . - ' - . - ' - . -
wrists, bindings of transcendence (-0.520966), alt: 1.44353 -> :
    bracelets of royal redemption (0.437592) : +0.417728 %, alt : +2.07626, from: aq40
    bindings of transcendence (-0.520966) : +0 %, alt : +1.44353, from: bwl
    burrower bracers (0.548401) : +0.466018 %, alt : +1.26866, from: aq40
    flameweave cuffs of healing (0.616837) : +0.495841 %, alt : +1.15418, from: brd
- . - ' - . - ' - . - ' - . - ' - . - ' - . -
two-hand, benediction (3.79634), alt: 4.39737 -> :
    scepter of the false prophet and sartura's might (9.86516) : +2.64472 %, alt : +8.88054, from: aq40, aq40
    scepter of the false prophet and lei of the lifegiver (10.3822) : +2.87002 %, alt : +8.81695, from: aq40, av rep
    scepter of the false prophet and brightly glowing stone (8.8719) : +2.21187 %, alt : +8.25734, from: aq40, pre-raid
    scepter of the false prophet and trance stone (8.61932) : +2.1018 %, alt : +8.0157, from: aq40, emeriss; lethon; taerar; ysondre
    blessed qiraji augur staff (3.7533) : -0.0187585 %, alt : +5.53564, from: aq40
    gavel of infinite wisdom and sartura's might (5.23378) : +0.626419 %, alt : +5.30989, from: aq20, aq40
    lok'amir il romathis and sartura's might (4.08868) : +0.1274 %, alt : +5.25584, from: bwl, aq40
    gavel of infinite wisdom and lei of the lifegiver (4.62502) : +0.361127 %, alt : +5.24629, from: aq20, av rep
    lok'amir il romathis and lei of the lifegiver (4.55235) : +0.329461 %, alt : +5.19224, from: bwl, av rep
    gavel of infinite wisdom and brightly glowing stone (4.20454) : +0.17789 %, alt : +4.68669, from: aq20, pre-raid
    lok'amir il romathis and brightly glowing stone (4.47141) : +0.294185 %, alt : +4.63264, from: bwl, pre-raid
    gavel of infinite wisdom and trance stone (3.76886) : -0.0119759 %, alt : +4.44505, from: aq20, emeriss; lethon; taerar; ysondre
    lok'amir il romathis and trance stone (4.32782) : +0.231612 %, alt : +4.391, from: bwl, emeriss; lethon; taerar; ysondre
    jin'do's hexxer and lei of the lifegiver (4.12543) : +0.143412 %, alt : +3.83774, from: zg, av rep
    stinger of ayamiss and sartura's might (4.34163) : +0.23763 %, alt : +3.33219, from: aq20, aq40
    staff of rampant growth (4.08382) : +0.125279 %, alt : +3.29404, from: emeriss; lethon; taerar; ysondre
    jin'do's hexxer and brightly glowing stone (4.87923) : +0.471909 %, alt : +3.27814, from: zg, pre-raid
    aurastone hammer and sartura's might (3.8311) : +0.0151478 %, alt : +3.01424, from: mc, aq40
    zulian scepter of rites and sartura's might (3.88315) : +0.0378296 %, alt : +3.0047, from: zg, aq40
    the hammer of grace and sartura's might (3.83456) : +0.0166573 %, alt : +3.00151, from: pre-raid, aq40
    wushoolay's poker and sartura's might (4.03395) : +0.103548 %, alt : +3.00151, from: zg, aq40
    sorcerous dagger and sartura's might (4.90459) : +0.482961 %, alt : +2.99517, from: mc, aq40
    the hammer of grace and lei of the lifegiver (5.24944) : +0.633242 %, alt : +2.93792, from: pre-raid, av rep
    wushoolay's poker and lei of the lifegiver (4.94261) : +0.499532 %, alt : +2.93792, from: zg, av rep
    fang of venoxis and lei of the lifegiver (3.91847) : +0.0532234 %, alt : +2.87115, from: zg, av rep
    stinger of ayamiss and brightly glowing stone (4.92416) : +0.491492 %, alt : +2.70899, from: aq20, pre-raid
    fang of the mystics and trance stone (4.26239) : +0.203099 %, alt : +2.67403, from: azuregos, emeriss; lethon; taerar; ysondre
    witchblade and sartura's might (3.8782) : +0.0356751 %, alt : +2.585, from: pre-raid, aq40
    witchblade and lei of the lifegiver (5.26073) : +0.638163 %, alt : +2.5214, from: pre-raid, av rep
    stinger of ayamiss and trance stone (5.1821) : +0.603897 %, alt : +2.46735, from: aq20, emeriss; lethon; taerar; ysondre
    hypnotic blade and sartura's might (3.81757) : +0.0092496 %, alt : +2.41012, from: pre-raid, aq40
    aurastone hammer and brightly glowing stone (4.50511) : +0.308874 %, alt : +2.39104, from: mc, pre-raid
    zulian scepter of rites and brightly glowing stone (5.07857) : +0.55878 %, alt : +2.3815, from: zg, pre-raid
    the hammer of grace and brightly glowing stone (5.22655) : +0.623267 %, alt : +2.37831, from: pre-raid, pre-raid
    wushoolay's poker and brightly glowing stone (4.76404) : +0.421711 %, alt : +2.37831, from: zg, pre-raid
    sorcerous dagger and brightly glowing stone (4.75598) : +0.4182 %, alt : +2.37197, from: mc, pre-raid
    hypnotic blade and lei of the lifegiver (5.01746) : +0.532148 %, alt : +2.34652, from: pre-raid, av rep
    aurastone hammer and trance stone (4.01607) : +0.0957543 %, alt : +2.1494, from: mc, emeriss; lethon; taerar; ysondre
    gift of the elven magi and sartura's might (4.06851) : +0.118609 %, alt : +2.13986, from: pre-raid (strat live: balnazzar), aq40
    the hammer of grace and trance stone (4.72037) : +0.40268 %, alt : +2.13667, from: pre-raid, emeriss; lethon; taerar; ysondre
    gift of the elven magi and lei of the lifegiver (4.02789) : +0.100908 %, alt : +2.07626, from: pre-raid (strat live: balnazzar), av rep
    fang of venoxis and trance stone (4.00645) : +0.0915651 %, alt : +2.06991, from: zg, emeriss; lethon; taerar; ysondre
    lorespinner and sartura's might (4.1113) : +0.137255 %, alt : +2.05083, from: pre-raid, aq40
    lorespinner and lei of the lifegiver (4.12157) : +0.14173 %, alt : +1.98723, from: pre-raid, av rep
    witchblade and brightly glowing stone (4.45894) : +0.288752 %, alt : +1.9618, from: pre-raid, pre-raid
    scepter of the unholy and sartura's might (4.00006) : +0.0887789 %, alt : +1.91728, from: pre-raid, aq40
    scepter of the unholy and lei of the lifegiver (4.54726) : +0.32724 %, alt : +1.85369, from: pre-raid, av rep
- . - ' - . - ' - . - ' - . - ' - . - ' - . -
ranged, dragon's touch (-0.385941), alt: 0.476944 -> :
    lunar wand of healing (0.152008) : +0.234432 %, alt : +0.699504, from: random green
    wandof qiraji nobility (0.0888214) : +0.206896 %, alt : +0.664529, from: aq40
    antenna of invigoration (-0.368317) : +0.00768029 %, alt : +0.543709, from: aq20
    bonecreeper stylus (-0.176102) : +0.0914454 %, alt : +0.473759, from: pre-raid
- . - ' - . - ' - . - ' - . - ' - . - ' - . -
hands, handguards of transcendence (-1.33064), alt: 1.45944 -> :
    atal'ai hands of healing (0.100418) : +0.62364 %, alt : +1.85369, from: sunken temple
    gloves of dark wisdom (-1.21886) : +0.048715 %, alt : +1.66929, from: aq20
    dark storm gauntlets (-0.548203) : +0.340978 %, alt : +1.62795, from: aq40
    high councillor's gloves of healing (-0.338531) : +0.432351 %, alt : +1.60886, from: random green
- . - ' - . - ' - . - ' - . - ' - . - ' - . -
waist, zandalar confessor's bindings (-1.15285), alt: 2.15894 -> :
    grasp of the old god (-1.29308) : -0.0611099 %, alt : +2.48644, from: aq40
    eyestalk waist cord (-0.645004) : +0.221312 %, alt : +1.6343, from: aq40
    firemaw's clutch (-1.12198) : +0.0134522 %, alt : +1.49123, from: bwl
    belt of transcendence (-1.78482) : -0.275407 %, alt : +1.48806, from: bwl
- . - ' - . - ' - . - ' - . - ' - . - ' - . -
legs, empowered leggings (2.29982), alt: 2.96019 -> :
    leggings of transcendence (2.51842) : +0.0952622 %, alt : +2.07627, from: mc
    padre's trousers (3.53516) : +0.538345 %, alt : +1.91412, from: pre-raid
    leggings of the black blizzard (3.53709) : +0.53919 %, alt : +1.79011, from: aq20
- . - ' - . - ' - . - ' - . - ' - . - ' - . -
feet, boots of transcendence (-1.41771), alt: 1.60251 -> :
    boots of pure thought (-0.529877) : +0.386907 %, alt : +2.43556, from: bwl
    treads of the wandering nomand (-0.592697) : +0.359531 %, alt : +1.69472, from: aq20
    boots of epiphany (-0.837769) : +0.252732 %, alt : +1.61206, from: aq40
    boots of transcendence (-1.41771) : +0 %, alt : +1.60252, from: bwl
- . - ' - . - ' - . - ' - . - ' - . - ' - . -
finger, pure elementium band (-1.31177), alt: 2.07626 -> :
    cauterizing band (-0.926331) : +0.167969 %, alt : +1.87595, from: mc
- . - ' - . - ' - . - ' - . - ' - . - ' - . -
finger 2, fordring's seal (0.09375), alt: 1.40536 -> :
    pure elementium band (0.359985) : +0.116022 %, alt : +2.07626, from: bwl
    cauterizing band (0.400955) : +0.133877 %, alt : +1.87595, from: mc
    primalist's seal (-0.0104065) : -0.0453902 %, alt : +1.85847, from: zg
    ring of the martyr (0.188416) : +0.0412542 %, alt : +1.78373, from: aq40
    zanzil's seal (1.36745) : +0.555062 %, alt : +0.607306, from: zg
    band of sulfuras (0.864288) : +0.335792 %, alt : +0.511931, from: mc
    cyclopean band (1.23158) : +0.495854 %, alt : +0.470582, from: pre-raid
    seal of rivendare (0.957001) : +0.376195 %, alt : +0.378384, from: pre-raid
    ring of entropy (1.07944) : +0.429551 %, alt : +0.289352, from: kazzak
    magus ring (0.935196) : +0.366692 %, alt : +0.267094, from: pre-raid
    dragonslayer's signet (1.07501) : +0.427623 %, alt : +0.267094, from: onyxia
    emerald flame ring (0.935196) : +0.366692 %, alt : +0.267094, from: pre-raid
    seal of the archmagus (0.310074) : +0.0942715 %, alt : +0.244837, from: mc
    royal seal of alexis (0.926514) : +0.362909 %, alt : +0.222579, from: pre-raid
    ring of demonic guile (0.305786) : +0.0924029 %, alt : +0.222579, from: pre-raid
    blood of the martyr (0.866028) : +0.33655 %, alt : +0.222579, from: pre-raid
    band of the hierophant (0.926514) : +0.362909 %, alt : +0.222579, from: pre-raid
    zanzil's band (0.882889) : +0.343898 %, alt : +0, from: zg
- . - ' - . - ' - . - ' - . - ' - . - ' - . -
trinket, zandalarian hero charm (-0.56514), alt: 1.399 -> :
    rejuvenating gem (0.401703) : +0.421339 %, alt : +2.30836, from: bwl
    hibernation crystal (-7.60318) : -3.0671 %, alt : +2.06354, from: ysondre
    hazza'rah's charm of healing (0) : +0.246281 %, alt : +0.804429, from: zg
- . - ' - . - ' - . - ' - . - ' - . - ' - . -
trinket 2, hazza'rah's charm of healing (7.1142), alt: 0.804428 -> :
    rejuvenating gem (2.69647) : -1.92519 %, alt : +2.30836, from: bwl
    hibernation crystal (2.2094) : -2.13746 %, alt : +2.06354, from: ysondre
    zandalarian hero charm (0.183182) : -3.02046 %, alt : +1.39901, from: zg
    royal seal of eldre'thalas (-0.239136) : -3.2045 %, alt : +1.15418, from: pre-raid
    briarwood reed (0.379776) : -2.93478 %, alt : +1.01428, from: pre-raid
    scarab brooch (0.320084) : -2.9608 %, alt : +0.87438, from: aq40
    hazza'rah's charm of healing (7.1142) : +0 %, alt : +0.804429, from: zg
- - - - - - - - - - - - - - - - - - - - - - - - - - - - - - - - - - - - - - - - - 
| Upgrades at start level, from start item to candidate, partial bonuses: 0: |
  alt scores are from least squares fit, special score from e.g. set bonuses as s are part of em
. . . . . . . . . . . . . . . . . . . . . . . . . . . . . . . . . . . . . . . . . 
- . - ' - . - ' - . - ' - . - ' - . - ' - . -
head, halo of transcendence (-1.76888), alt: 2.27977 -> :
    crystal adorned crown (1.10863) : +1.2596 %, alt : +3.52933, from: azuregos
    don rigoberto's lost hat (-0.930145) : +0.367146 %, alt : +2.7726, from: aq40
    halo of transcendence (-1.76888) : +0 %, alt : +2.27977, from: onyxia
    eternal crown of healing (1.08636) : +1.24985 %, alt : +2.23841, from: random green
- . - ' - . - ' - . - ' - . - ' - . - ' - . -
neck, jin'do's evil eye (-2.17726), alt: 1.78375 -> :
    amulet of the fallen god (-1.44492) : +0.320577 %, alt : +2.23842, from: aq40
    amulet of the shifting sands (-2.11485) : +0.0273187 %, alt : +1.60886, from: aq20
- . - ' - . - ' - . - ' - . - ' - . - ' - . -
shoulders, pauldrons of transcendence (-2.12631), alt: 1.46581 -> :
    ternary mantle (-0.91037) : +0.532267 %, alt : +1.91729, from: aq40
    mantle of the blackwing cabal (0.533386) : +1.16426 %, alt : +1.54528, from: bwl
    pauldrons of transcendence (-2.12631) : +0 %, alt : +1.4658, from: bwl
    zandalar confessor's mantle (-1.70724) : +0.183443 %, alt : +1.30364, from: zg
- . - ' - . - ' - . - ' - . - ' - . - ' - . -
back, hide of the wild (-1.019), alt: 1.69154 -> :
- . - ' - . - ' - . - ' - . - ' - . - ' - . -
chest, robes of the exalted (1.81921), alt: 2.48961 -> :
    robes of the guardian saint (1.39635) : -0.185106 %, alt : +2.93794, from: aq40
    robes of transcendence (1.68404) : -0.0591727 %, alt : +2.59455, from: bwl
    truefaith vestments (1.98572) : +0.0728855 %, alt : +2.55319, from: tailoring bop
- . - ' - . - ' - . - ' - . - ' - . - ' - . -
wrists, bindings of transcendence (-2.10808), alt: 1.44353 -> :
    bracelets of royal redemption (-0.848419) : +0.551404 %, alt : +2.07626, from: aq40
    bindings of transcendence (-2.10808) : +0 %, alt : +1.44353, from: bwl
    burrower bracers (-1.22565) : +0.386276 %, alt : +1.26866, from: aq40
    flameweave cuffs of healing (-0.973312) : +0.496733 %, alt : +1.15418, from: brd
- . - ' - . - ' - . - ' - . - ' - . - ' - . -
two-hand, benediction (3.04958), alt: 4.39737 -> :
    scepter of the false prophet and sartura's might (9.61862) : +2.87554 %, alt : +8.88054, from: aq40, aq40
    scepter of the false prophet and lei of the lifegiver (10.0685) : +3.07246 %, alt : +8.81695, from: aq40, av rep
    scepter of the false prophet and brightly glowing stone (8.18259) : +2.24693 %, alt : +8.25734, from: aq40, pre-raid
    scepter of the false prophet and trance stone (8.17564) : +2.24389 %, alt : +8.0157, from: aq40, emeriss; lethon; taerar; ysondre
    blessed qiraji augur staff (3.80975) : +0.332761 %, alt : +5.53564, from: aq40
    gavel of infinite wisdom and sartura's might (4.18951) : +0.498997 %, alt : +5.30989, from: aq20, aq40
    lok'amir il romathis and sartura's might (3.84328) : +0.347435 %, alt : +5.25584, from: bwl, aq40
    gavel of infinite wisdom and lei of the lifegiver (4.67233) : +0.710347 %, alt : +5.24629, from: aq20, av rep
    lok'amir il romathis and lei of the lifegiver (4.41821) : +0.599108 %, alt : +5.19224, from: bwl, av rep
    gavel of infinite wisdom and brightly glowing stone (4.04893) : +0.43746 %, alt : +4.68669, from: aq20, pre-raid
    lok'amir il romathis and brightly glowing stone (4.55075) : +0.657125 %, alt : +4.63264, from: bwl, pre-raid
    gavel of infinite wisdom and trance stone (4.31686) : +0.554743 %, alt : +4.44505, from: aq20, emeriss; lethon; taerar; ysondre
    lok'amir il romathis and trance stone (4.05609) : +0.440593 %, alt : +4.391, from: bwl, emeriss; lethon; taerar; ysondre
    jin'do's hexxer and sartura's might (4.19536) : +0.501556 %, alt : +3.90134, from: zg, aq40
    jin'do's hexxer and lei of the lifegiver (4.13666) : +0.47586 %, alt : +3.83774, from: zg, av rep
    staff of the shadow flame (4.97125) : +0.841196 %, alt : +3.58339, from: bwl
    fang of the mystics and sartura's might (4.3455) : +0.567281 %, alt : +3.53887, from: azuregos, aq40
    fang of the mystics and lei of the lifegiver (5.06512) : +0.882287 %, alt : +3.47527, from: azuregos, av rep
    stinger of ayamiss and sartura's might (5.01492) : +0.860312 %, alt : +3.33219, from: aq20, aq40
    staff of rampant growth (4.68175) : +0.714468 %, alt : +3.29404, from: emeriss; lethon; taerar; ysondre
    jin'do's hexxer and brightly glowing stone (5.48264) : +1.06505 %, alt : +3.27814, from: zg, pre-raid
    stinger of ayamiss and lei of the lifegiver (4.04071) : +0.43386 %, alt : +3.2686, from: aq20, av rep
    jin'do's hexxer and trance stone (5.68175) : +1.15221 %, alt : +3.0365, from: zg, emeriss; lethon; taerar; ysondre
    aurastone hammer and sartura's might (4.3707) : +0.578308 %, alt : +3.01424, from: mc, aq40
    zulian scepter of rites and sartura's might (5.04007) : +0.87132 %, alt : +3.0047, from: zg, aq40
    wushoolay's poker and sartura's might (4.62746) : +0.690702 %, alt : +3.00151, from: zg, aq40
    the hammer of grace and sartura's might (5.21851) : +0.949429 %, alt : +3.00151, from: pre-raid, aq40
    sorcerous dagger and sartura's might (4.78101) : +0.757917 %, alt : +2.99517, from: mc, aq40
    aurastone hammer and lei of the lifegiver (3.60992) : +0.245287 %, alt : +2.95064, from: mc, av rep
    zulian scepter of rites and lei of the lifegiver (4.39201) : +0.587639 %, alt : +2.9411, from: zg, av rep
    wushoolay's poker and lei of the lifegiver (5.32092) : +0.994261 %, alt : +2.93792, from: zg, av rep
    the hammer of grace and lei of the lifegiver (5.66876) : +1.14652 %, alt : +2.93792, from: pre-raid, av rep
    fang of venoxis and sartura's might (4.52657) : +0.646538 %, alt : +2.93475, from: zg, aq40
    sorcerous dagger and lei of the lifegiver (4.0208) : +0.425143 %, alt : +2.93157, from: mc, av rep
    fang of the mystics and brightly glowing stone (5.71255) : +1.16569 %, alt : +2.91567, from: azuregos, pre-raid
    fang of venoxis and lei of the lifegiver (5.12624) : +0.909038 %, alt : +2.87115, from: zg, av rep
    stinger of ayamiss and brightly glowing stone (5.39149) : +1.02515 %, alt : +2.70899, from: aq20, pre-raid
    fang of the mystics and trance stone (3.86658) : +0.357635 %, alt : +2.67403, from: azuregos, emeriss; lethon; taerar; ysondre
    witchblade and sartura's might (3.60046) : +0.241146 %, alt : +2.585, from: pre-raid, aq40
    witchblade and lei of the lifegiver (4.96634) : +0.839045 %, alt : +2.5214, from: pre-raid, av rep
    stinger of ayamiss and trance stone (4.88683) : +0.804239 %, alt : +2.46735, from: aq20, emeriss; lethon; taerar; ysondre
    hypnotic blade and sartura's might (3.41299) : +0.159083 %, alt : +2.41012, from: pre-raid, aq40
    aurastone hammer and brightly glowing stone (4.2635) : +0.531386 %, alt : +2.39104, from: mc, pre-raid
    zulian scepter of rites and brightly glowing stone (4.83276) : +0.780574 %, alt : +2.3815, from: zg, pre-raid
    the hammer of grace and brightly glowing stone (4.92798) : +0.822253 %, alt : +2.37831, from: pre-raid, pre-raid
    wushoolay's poker and brightly glowing stone (4.47386) : +0.623468 %, alt : +2.37831, from: zg, pre-raid
    hypnotic blade and lei of the lifegiver (4.7717) : +0.753843 %, alt : +2.34652, from: pre-raid, av rep
    fang of venoxis and brightly glowing stone (3.54123) : +0.215217 %, alt : +2.31155, from: zg, pre-raid
    gift of the elven magi and trance stone (3.33884) : +0.126621 %, alt : +1.27502, from: pre-raid (strat live: balnazzar), emeriss; lethon; taerar; ysondre
- . - ' - . - ' - . - ' - . - ' - . - ' - . -
ranged, dragon's touch (-1.19531), alt: 0.476944 -> :
    lunar wand of healing (-0.0684052) : +0.493293 %, alt : +0.699504, from: random green
    wandof qiraji nobility (-0.131226) : +0.465794 %, alt : +0.664529, from: aq40
    antenna of invigoration (-0.887009) : +0.134957 %, alt : +0.543709, from: aq20
    bonecreeper stylus (0.200577) : +0.611037 %, alt : +0.473759, from: pre-raid
- . - ' - . - ' - . - ' - . - ' - . - ' - . -
hands, handguards of transcendence (-2.60573), alt: 1.45944 -> :
    atal'ai hands of healing (-0.872482) : +0.758712 %, alt : +1.85369, from: sunken temple
    gloves of dark wisdom (-2.49706) : +0.0475706 %, alt : +1.66929, from: aq20
    dark storm gauntlets (-0.734192) : +0.819247 %, alt : +1.62795, from: aq40
    high councillor's gloves of healing (-0.392303) : +0.968906 %, alt : +1.60886, from: random green
- . - ' - . - ' - . - ' - . - ' - . - ' - . -
waist, zandalar confessor's bindings (-1.76241), alt: 2.15894 -> :
    grasp of the old god (-1.22318) : +0.236043 %, alt : +2.48644, from: aq40
    eyestalk waist cord (-0.856033) : +0.396756 %, alt : +1.6343, from: aq40
    firemaw's clutch (0.508469) : +0.994054 %, alt : +1.49123, from: bwl
    belt of transcendence (0.659714) : +1.06026 %, alt : +1.48806, from: bwl
- . - ' - . - ' - . - ' - . - ' - . - ' - . -
legs, empowered leggings (0.790253), alt: 2.96019 -> :
    leggings of transcendence (3.15007) : +1.03299 %, alt : +2.07627, from: mc
    padre's trousers (2.5558) : +0.772852 %, alt : +1.91412, from: pre-raid
    leggings of the black blizzard (2.61644) : +0.799396 %, alt : +1.79011, from: aq20
- . - ' - . - ' - . - ' - . - ' - . - ' - . -
feet, boots of transcendence (-2.5851), alt: 1.60251 -> :
    boots of pure thought (-0.894394) : +0.74009 %, alt : +2.43556, from: bwl
    treads of the wandering nomand (-1.33427) : +0.547536 %, alt : +1.69472, from: aq20
    boots of epiphany (-0.860535) : +0.754911 %, alt : +1.61206, from: aq40
    boots of transcendence (-2.5851) : +0 %, alt : +1.60252, from: bwl
- . - ' - . - ' - . - ' - . - ' - . - ' - . -
finger, pure elementium band (-1.83841), alt: 2.07626 -> :
    cauterizing band (-0.110809) : +0.756241 %, alt : +1.87595, from: mc
    ring of the martyr (-0.762268) : +0.471071 %, alt : +1.78373, from: aq40
    primalist's seal (-0.0820312) : +0.768838 %, alt : +1.28137, from: zg
- . - ' - . - ' - . - ' - . - ' - . - ' - . -
finger 2, fordring's seal (-1.04329), alt: 1.40536 -> :
    pure elementium band (-0.161835) : +0.385848 %, alt : +2.07626, from: bwl
    cauterizing band (-0.145981) : +0.392788 %, alt : +1.87595, from: mc
    ring of the martyr (-0.270432) : +0.338311 %, alt : +1.78373, from: aq40
    ring of spellpower (-0.0681763) : +0.426846 %, alt : +1.15418, from: mc
    band of servitude (-0.016449) : +0.44949 %, alt : +1.00475, from: zg
    band of forced concentration (1.17038) : +0.969013 %, alt : +1.00157, from: bwl
    mindtear band (0.166931) : +0.529763 %, alt : +0.903001, from: taerar
    ring of the devoured (0.299942) : +0.587987 %, alt : +0.81398, from: aq40
    eye of orgrimmar (0.964325) : +0.878814 %, alt : +0.785359, from: pre-raid
    maiden's circle (0.964325) : +0.878814 %, alt : +0.785359, from: pre-raid
    ring of blackrock (0.352173) : +0.61085 %, alt : +0.664529, from: bwl
    zanzil's seal (0.721344) : +0.772452 %, alt : +0.607306, from: zg
    band of sulfuras (1.12958) : +0.951152 %, alt : +0.511931, from: mc
    cyclopean band (0.646103) : +0.739515 %, alt : +0.470582, from: pre-raid
    seal of rivendare (1.10342) : +0.939703 %, alt : +0.378384, from: pre-raid
    ring of entropy (0.553268) : +0.698878 %, alt : +0.289352, from: kazzak
    dragonslayer's signet (0.548874) : +0.696954 %, alt : +0.267094, from: onyxia
    magus ring (1.01688) : +0.901818 %, alt : +0.267094, from: pre-raid
    emerald flame ring (1.01688) : +0.901818 %, alt : +0.267094, from: pre-raid
    seal of the archmagus (1.19376) : +0.979245 %, alt : +0.244837, from: mc
    band of the hierophant (1.0728) : +0.926298 %, alt : +0.222579, from: pre-raid
    ring of demonic guile (1.18929) : +0.977288 %, alt : +0.222579, from: pre-raid
    royal seal of alexis (1.00812) : +0.897984 %, alt : +0.222579, from: pre-raid
    primalist's band (1.18929) : +0.977288 %, alt : +0.222579, from: zg
    blood of the martyr (1.00812) : +0.897984 %, alt : +0.222579, from: pre-raid
    ring of binding (0) : +0.45669 %, alt : +0, from: onyxia
    zanzil's band (0.916916) : +0.858061 %, alt : +0, from: zg
- . - ' - . - ' - . - ' - . - ' - . - ' - . -
trinket, zandalarian hero charm (-1.90758), alt: 1.399 -> :
    rejuvenating gem (-0.141479) : +0.773093 %, alt : +2.30836, from: bwl
    hibernation crystal (-7.9917) : -2.66327 %, alt : +2.06354, from: ysondre
    hazza'rah's charm of healing (0) : +0.835024 %, alt : +0.804429, from: zg
    darkmoon card: blue dragon (-1.68335) : +0.0981536 %, alt : +0, from: 
- . - ' - . - ' - . - ' - . - ' - . - ' - . -
trinket 2, hazza'rah's charm of healing (4.63031), alt: 0.804428 -> :
    rejuvenating gem (-1.39211) : -2.63626 %, alt : +2.30836, from: bwl
    hibernation crystal (-1.26799) : -2.58193 %, alt : +2.06354, from: ysondre
    zandalarian hero charm (-1.11087) : -2.51315 %, alt : +1.39901, from: zg
    royal seal of eldre'thalas (-1.98405) : -2.89538 %, alt : +1.15418, from: pre-raid
    briarwood reed (-1.47443) : -2.67229 %, alt : +1.01428, from: pre-raid
    scarab brooch (-1.74646) : -2.79137 %, alt : +0.87438, from: aq40
    hazza'rah's charm of healing (4.63031) : +0 %, alt : +0.804429, from: zg
------------------
Best value: 242.216
