Your call: ./css 4 ../items/phase5.csv ../items/not_for_priests.txt no-locks senseless_bwl_speed_phase5 -a ../confs/wcl_bwl_speed_log.csv -l senseless_speed.txt 
Found: -a, val: ../confs/wcl_bwl_speed_log.csv
./css 4 ../items/phase5.csv ../items/not_for_priests.txt no-locks senseless_bwl_speed_phase5 -l senseless_speed.txt 
Found key: buff_fraction, saw val: 1
Found key: healing_from_crit_fraction, saw val: 0.2
Found key: transc8_exists, saw val: 0
Found key: enchantments, saw val: 1
Found key: fort, saw val: 1
Found key: motw, saw val: 1
Found key: spirit, saw val: 1
Found key: ai, saw val: 1
Found key: flask, saw val: 1
Found key: holy_disc, saw val: 0
Found key: min_combat_length, saw val: 2
Found key: max_log_entry_diff_in_combat, saw val: 10
Found key: precast, saw val: 1
Found key: swap_cast, saw val: 1
Found key: time_step, saw val: 0.1
Found key: reaction_time, saw val: 0.1
Found key: skip_player, saw val: Paisti
Found key: use_deficit_time_sum, saw val: 0
Found key: wcl_log, saw val: 1
Found: -l, val: senseless_speed.txt
./css 4 ../items/phase5.csv ../items/not_for_priests.txt no-locks senseless_bwl_speed_phase5 
Will read log from: senseless_speed.txt
./css 4 ../items/phase5.csv ../items/not_for_priests.txt no-locks senseless_bwl_speed_phase5 
./css 4 ../items/phase5.csv ../items/not_for_priests.txt no-locks senseless_bwl_speed_phase5 
Shuffle seed: 2416673600
Reading banned from: ../items/not_for_priests.txt
Banning: neltharion's tear
Banning: lok'amir il romathis
Banning: choker of the fire lord
Reading WCL parsed log: senseless_speed.txt
Saw 19453 lines of log, with 19453 log lines
Sorting by timestamp...
Sorted.
Pruning log from: 19453 entries.
Combat from 321.225 to 326.897 s
Combat from 587.97 to 593.931 s
Combat from 645.858 to 658.034 s
Combat from 683.134 to 686.363 s
Combat from 792.183 to 800.314 s
Combat from 842.022 to 848.466 s
Combat from 859.427 to 935.057 s
Combat from 937.115 to 1039.5 s
Combat from 1043.18 to 1091.38 s
Combat from 1095.46 to 1148.11 s
Combat from 1166.74 to 1186.69 s
Combat from 1216.85 to 1409.81 s
Combat from 1411.57 to 1461.95 s
Combat from 1474.45 to 1610.84 s
Combat from 1624.99 to 1801.06 s
Combat from 1829.78 to 1906.73 s
Combat from 1933.08 to 2074.86 s
Combat from 2085.76 to 2171.38 s
Combat from 2287.66 to 2306.71 s
Combat from 2320.89 to 2371.3 s
Combat from 2395.82 to 2433.88 s
Pruned to: 19382 entries.
----------------------------------------------------------
---- Baseline results without simulated player input: ----
----------------------------------------------------------
oh_limit: 0.9
time_left_mul: 0.5
total_deficit_to_pop_trinkets: 10000
in combat total: 1311.2
Total time casting: 0, which is: 0% of time in combat.
Total hps: 0, raw hps: 0, oh: -nan
Deficit time sum: 3.62225e+07, baseline: 0
Deficit*time change / s: -27625.5 hp
Number of combats: 21
Average mana at start of combat: 0
Average mana at end of combat: 0
Other players with hps > 100:
  Cursedcookie : 161.332 hps
  Destin : 215.275 hps
  Ivaz : 252.114 hps
  Mw : 161.744 hps
  Ménèx : 157.45 hps
  Paxus : 155.681 hps
  Sambamamba : 197.473 hps
  Shamshoum : 156.136 hps
  Tcbeast : 191.182 hps
  Zuchiniz : 175.151 hps
Reading tmp locked from: start_with.txt
Locking: anastari heirloom
Locking: anathema
Locking: animated chain necklace
Locking: argent crusader
Locking: atal'ai gloves of the owl
Locking: ban'thok sash
Locking: banshee finger
Locking: benediction
Locking: blood of the martyr
Locking: briarwood reed
Locking: burial shawl
Locking: clutch of andros
Locking: crimson felt hat
Locking: cyclopean band
Locking: devout belt
Locking: devout bracers
Locking: devout crown
Locking: devout mantle
Locking: devout robe
Locking: devout sandals
Locking: devout skirt
Locking: dragon finger of healing
Locking: dragon finger of intellect
Locking: dragonrider boots
Locking: dragonslayer's signet
Locking: drakefire amulet
Locking: dreadmist mantle
Locking: dreamweave circlet
Locking: dreamweave gloves
Locking: dreamweave vest
Locking: elder magus pendant
Locking: eye of the beast
Locking: fordring's seal
Locking: girdle of prophecy
Locking: gloves of prophecy
Locking: grimgore noose
Locking: halo of transcendence
Locking: heart of the fiend
Locking: hide of the wild
Locking: kentic amice
Locking: magister's robes
Locking: maleki's footwraps
Locking: mindtap talisman
Locking: nature's breath
Locking: necropile boots
Locking: necropile cuffs
Locking: necropile leggings
Locking: necropile mantle
Locking: necropile robe
Locking: noxious shooter
Locking: omnicast boots
Locking: orb of the forgotten seer
Locking: padre's trousers
Locking: penelope's rose
Locking: quel'dorai channeling rod
Locking: raincaster drape
Locking: rainstrider leggings
Locking: ring of demonic guile
Locking: ring of demonic guile
Locking: robes of prophecy
Locking: robes of the exalted
Locking: robes of the royal crown
Locking: rod of corrosion
Locking: rosewine circle
Locking: royal seal of eldre'thalas
Locking: royal tribunal cloak
Locking: sarah's guide
Locking: seal of rivendare
Locking: seal of rivendare
Locking: shadowy laced handwraps
Locking: silkweb gloves
Locking: soulstealer mantle
Locking: spellbound tome
Locking: spritecaster cape
Locking: star of mystaria
Locking: starfire tiara
Locking: stormrager
Locking: sublime wristguards
Locking: the hammer of grace
Locking: the postmaster's treads
Locking: thuzadin sash
Locking: triune amulet
Locking: vinerot sandals
Locking: whipvine cord
Locking: wolfshear leggings
Locking: boots of the full moon
Locking: mantle of prophecy
Locking: dragon's touch
Locking: bindings of transcendence
Locking: shimmering geta
Locking: empowered leggings
Locking: seal of the archmagus
Locking: circlet of prophecy
Locking: boots of prophecy
Locking: pauldrons of transcendence
Locking: primalist's seal
Locking: zandalar confessor's bindings
Locking: zulian headdress
Locking: mar'li's eye
Locking: shroud of pure thought
Locking: belt of transcendence
Locking: jin'do's evil eye
Locking: primalist's band
Locking: zandalarian hero charm
Locking: zandalar confessor's mantle
Locking: zandalar confessor's wraps 
Locking: pure elementium band
Locking: truefaith vestments
Locking: vambraces of prophecy
Locking: hazza'rah's charm of healing
Locking: handguards of transcendence
Locking: boots of transcendence
Locking: darkmoon card: blue dragon
Locking: rejuvenating gem
Optimizing start items...

*** NEW BEST (1): 195.828

*** NEW BEST (1): 202.718

*** NEW BEST (1): 210.947

*** NEW BEST (1): 221.068

*** NEW BEST (1): 227.42

*** NEW BEST (1): 237.219

*** NEW BEST (1): 241.825

*** NEW BEST (1): 248.62

*** NEW BEST (1): 254.453

*** NEW BEST (1): 259.327
*
*** NEW BEST (1): 262.317

*** NEW BEST (1): 275.253

*** NEW BEST (1): 276.403

*** NEW BEST (1): 279.253

*** NEW BEST (1): 279.31
***
*** NEW BEST (1): 279.794

*** NEW BEST (1): 280.135

*** NEW BEST (1): 280.237

*** NEW BEST (1): 280.984
*****
*** NEW BEST (1): 281.443

*** NEW BEST (1): 281.628
**
*** NEW BEST (0): 279.701
Based on last: 2969 entries, out of total: 2969 entries, The least-squares solution is:
Int: 34.4965
Spirit: 33.6484
Sp / Healing: 100
Mp5: 134.173
Crit: 422.048
T1 3p/piece: 570.056
T2 3p/piece: 2195.62
Hazza'rah's: 9888.49
Darkmoon: 3630.9
100 points == 1 sp == 0.0671879 hps.
*neck : animated chain necklace -> jin'do's evil eye => val: 254.552 -> 255.896
hands : gloves of prophecy -> handguards of transcendence => val: 255.896 -> 256.06
wrists : vambraces of prophecy -> bindings of transcendence => val: 256.06 -> 256.804
*head : halo of transcendence -> zulian headdress => val: 256.804 -> 257.122
*******
Read starting items and cleared locks.
 ----------------------------
 --- head --- 
name: zulian headdress
slot: head
intelligence: 15
stamina: 13
spirit: 14
sp_healing: 55
armor: 78
 ----------------------------
 --- neck --- 
name: animated chain necklace
slot: neck
stamina: 7
spirit: 6
sp_healing: 33
 ----------------------------
 --- shoulders --- 
name: burial shawl
slot: shoulders
intelligence: 16
sp: 20
armor: 65
 ----------------------------
 --- back --- 
name: hide of the wild
slot: back
intelligence: 10
stamina: 8
sp_healing: 42
armor: 48
 ----------------------------
 --- chest --- 
name: truefaith vestments
slot: chest
stamina: 14
sp_healing: 73
mp5: 6
armor: 96
 ----------------------------
 --- wrists --- 
name: vambraces of prophecy
slot: wrists
intelligence: 14
stamina: 8
spirit: 10
sp_healing: 24
mp5: 2
armor: 44
 ----------------------------
 --- two-hand --- 
name: benediction
slot: two-hand
intelligence: 31
stamina: 10
spirit: 12
sp_healing: 106
spell_crit: 2
shadow_res: 20
 ----------------------------
 ---  --- 
name: 
slot: 
 ----------------------------
 ---  --- 
name: 
slot: 
 ----------------------------
 ---  --- 
name: 
slot: 
 ----------------------------
 --- ranged --- 
name: dragon finger of intellect
slot: ranged
intelligence: 8
 ----------------------------
 --- hands --- 
name: gloves of prophecy
slot: hands
intelligence: 15
stamina: 10
spirit: 15
sp_healing: 18
mp5: 6
fire_res: 7
armor: 63
 ----------------------------
 --- waist --- 
name: zandalar confessor's bindings
slot: waist
intelligence: 20
stamina: 12
spirit: 12
sp_healing: 26
armor: 53
 ----------------------------
 --- legs --- 
name: empowered leggings
slot: legs
intelligence: 12
stamina: 12
spirit: 24
sp_healing: 77
spell_crit: 1
armor: 103
 ----------------------------
 --- feet --- 
name: boots of prophecy
slot: feet
intelligence: 18
stamina: 17
spirit: 15
sp_healing: 18
shadow_res: 7
armor: 70
 ----------------------------
 --- finger --- 
name: pure elementium band
slot: finger
intelligence: 10
stamina: 9
spirit: 10
sp_healing: 53
 ----------------------------
 --- finger --- 
name: fordring's seal
slot: finger
intelligence: 5
stamina: 4
sp_healing: 37
 ----------------------------
 --- trinket --- 
name: rejuvenating gem
slot: trinket
sp_healing: 66
mp5: 9
 ----------------------------
 --- trinket --- 
name: hazza'rah's charm of healing
slot: trinket
 ----------------------------
 --- Set bonuses ---
name: confessor's 2 hazza'rah's 1 prophecy 3 
slot: Set bonuses
sp: 23
 --- And counts for start items ---
oh_limit: 0.9
time_left_mul: 0.5
total_deficit_to_pop_trinkets: 10000
in combat total: 1311.2
Flash Heal 1, casts: 46, avg: 442.486, 5.55003%, cast time 4.91153% of in combat, overheal: 0.269081
Flash Heal 2, casts: 9, avg: 611.539, 1.50074%, cast time 0.960952% of in combat, overheal: 0.116667
Flash Heal 3, casts: 7, avg: 586.53, 1.11951%, cast time 0.747407% of in combat, overheal: 0.240583
Flash Heal 4, casts: 12, avg: 794.203, 2.59867%, cast time 1.28127% of in combat, overheal: 0.0740073
Flash Heal 5, casts: 13, avg: 993.167, 3.52049%, cast time 1.38804% of in combat, overheal: 0.00285995
Flash Heal 6, casts: 8, avg: 704.807, 1.53744%, cast time 0.854179% of in combat, overheal: 0.383567
Flash Heal 7, casts: 123, avg: 1249.8, 41.9162%, cast time 13.133% of in combat, overheal: 0.0625
Greater Heal 1, casts: 2, avg: 1785.35, 0.973625%, cast time 0.38133% of in combat, overheal: 0
Greater Heal 1 hazz, casts: 9, avg: 1370.59, 3.36348%, cast time 1.02959% of in combat, overheal: 0.232311
Greater Heal 2 hazz, casts: 3, avg: 1617.66, 1.32326%, cast time 0.343197% of in combat, overheal: 0.217106
Greater Heal 3 hazz, casts: 2, avg: 1126.5, 0.614326%, cast time 0.228798% of in combat, overheal: 0.528841
Greater Heal 4, casts: 26, avg: 2489.76, 17.6509%, cast time 4.95729% of in combat, overheal: 0.101634
Greater Heal 4 hazz, casts: 7, avg: 2557.94, 4.88231%, cast time 0.800793% of in combat, overheal: 0.0770323
Heal 2, casts: 32, avg: 1104.31, 9.63556%, cast time 6.10128% of in combat, overheal: 0.123327
Heal 4, casts: 8, avg: 1748.2, 3.81345%, cast time 1.52532% of in combat, overheal: 0.0937675
Total time casting: 506.7, which is: 38.644% of time in combat.
Total hps: 279.701, raw hps: 315.485, oh: 0.113425
Deficit time sum: 2.7284e+07, baseline: 3.62225e+07
Deficit*time change / s: 6817.05 hp
Number of combats: 21
Average mana at start of combat: 9142.92
Average mana at end of combat: 7694.96
Other players with hps > 100:
  Cursedcookie : 146.583 hps
  Destin : 199.783 hps
  Ivaz : 229.118 hps
  Mw : 139.214 hps
  Ménèx : 138.394 hps
  Paxus : 145.032 hps
  Sambamamba : 185.502 hps
  Shamshoum : 142.044 hps
  Tcbeast : 178.683 hps
  Zuchiniz : 166.493 hps
Reading locked from: no-locks
Setting tag name to: senseless_bwl_speed_phase5
.
*** NEW BEST (1): 332.808

*** NEW BEST (1): 333.383

*** NEW BEST (1): 337.314

*** NEW BEST (1): 338.71

*** NEW BEST (1): 339.062

*** NEW BEST (1): 339.598

*** NEW BEST (1): 340.5

*** NEW BEST (1): 342.456

*** NEW BEST (1): 343.759

*** NEW BEST (1): 346.007
.
*** NEW BEST (1): 349.898
.
*** NEW BEST (1): 351.587

*** NEW BEST (1): 353.23
Temporary bans and partial set bonuses off.
.legs : leggings of transcendence -> empowered leggings => val: 347.377 -> 347.434

*** NEW BEST (0): 347.434
waist : zandalar confessor's bindings -> grasp of the old god => val: 345.623 -> 347.942

*** NEW BEST (0): 347.942
***** INTERMEDIATE RESULTS *****
Iteration: 4
 ----------------------------
 --- head --- 
name: crystal adorned crown
slot: head
intelligence: 14
spirit: 13
sp_healing: 92
armor: 85
 ----------------------------
 --- neck --- 
name: amulet of the fallen god
slot: neck
intelligence: 11
sp_healing: 57
mp5: 6
 ----------------------------
 --- shoulders --- 
name: ternary mantle
slot: shoulders
intelligence: 17
stamina: 12
spirit: 20
sp_healing: 44
armor: 86
 ----------------------------
 --- back --- 
name: cloak of clarity
slot: back
intelligence: 12
stamina: 6
spirit: 7
sp_healing: 40
mp5: 8
armor: 66
 ----------------------------
 --- chest --- 
name: robes of the guardian saint
slot: chest
intelligence: 22
stamina: 20
sp_healing: 70
mp5: 7
armor: 117
 ----------------------------
 --- wrists --- 
name: bracelets of royal redemption
slot: wrists
intelligence: 10
stamina: 8
spirit: 9
sp_healing: 53
armor: 54
 ----------------------------
 ---  --- 
name: 
slot: 
 ----------------------------
 --- main hand --- 
name: scepter of the false prophet
slot: main hand
intelligence: 19
stamina: 10
sp_healing: 187
mp5: 3
 ----------------------------
 ---  --- 
name: 
slot: 
 ----------------------------
 --- off hand --- 
name: sartura's might
slot: off hand
intelligence: 6
stamina: 6
sp_healing: 51
mp5: 6
 ----------------------------
 --- ranged --- 
name: lunar wand of healing
slot: ranged
sp_healing: 20
 ----------------------------
 --- hands --- 
name: atal'ai hands of healing
slot: hands
sp: 9
sp_healing: 44
armor: 47
 ----------------------------
 --- waist --- 
name: grasp of the old god
slot: waist
intelligence: 19
stamina: 15
sp_healing: 59
mp5: 7
armor: 75
 ----------------------------
 --- legs --- 
name: empowered leggings
slot: legs
intelligence: 12
stamina: 12
spirit: 24
sp_healing: 77
spell_crit: 1
armor: 103
 ----------------------------
 --- feet --- 
name: boots of pure thought
slot: feet
intelligence: 12
stamina: 8
spirit: 12
sp_healing: 62
armor: 74
 ----------------------------
 --- finger --- 
name: pure elementium band
slot: finger
intelligence: 10
stamina: 9
spirit: 10
sp_healing: 53
 ----------------------------
 --- finger --- 
name: ring of the martyr
slot: finger
stamina: 10
sp_healing: 51
mp5: 5
 ----------------------------
 --- trinket --- 
name: rejuvenating gem
slot: trinket
sp_healing: 66
mp5: 9
 ----------------------------
 --- trinket --- 
name: hazza'rah's charm of healing
slot: trinket
 ----------------------------
 --- Set bonuses ---
name: hazza'rah's 1 
slot: Set bonuses
------------------
Best value: 347.942
------------------
Char stats: 
Effective hp: 8532.9
Effective mana (100 s, 33 % out of fsr): 16527.9
Raw max mana: 10186.7
Int: 400.43
Stam: 393.53
Spirit: 402.73
Strength: 79.58
Agility: 84.18
All stats multiplier (taken into account above): 1.15
Bonus mana: 2000
Bonus hp: 0
Mp5: 201
Sp: 9
Sp shadow: 0
Sp healing: 1186
Spell crit: 19
Spell hit: 0
Arcane res: 27
Nature res: 27
Fire res: 27
Frost res: 27
Shadow res: 27
Armor: 2905.75
Defense: 300
Dodge: 0
Parry: 0
HpsPvp: 1054.09
ShadowDps: 224.52
Value pvp healing: 2078.61
Value pvp shadow: 94.3025
Effective hp-pvp: 10623.1
Effecctive mana for 100 s, 0.33 fsr: 18196.8
------------------
Best counts:
oh_limit: 0.8
time_left_mul: 2.7
total_deficit_to_pop_trinkets: 5575.23
in combat total: 1311.2
Flash Heal 1, casts: 19, avg: 553.684, 2.3059%, cast time 2.17358% of in combat, overheal: 0.278655
Flash Heal 2, casts: 2, avg: 854.141, 0.374442%, cast time 0.228798% of in combat, overheal: 0
Flash Heal 4, casts: 4, avg: 841.876, 0.73813%, cast time 0.457596% of in combat, overheal: 0.173687
Flash Heal 5, casts: 4, avg: 1156.61, 1.01408%, cast time 0.457596% of in combat, overheal: 0
Flash Heal 6, casts: 5, avg: 1263.61, 1.38487%, cast time 0.571995% of in combat, overheal: 0.0304911
Flash Heal 7, casts: 27, avg: 1448.78, 8.57417%, cast time 3.08877% of in combat, overheal: 0.0291777
Greater Heal 1, casts: 12, avg: 1888.39, 4.96704%, cast time 2.28798% of in combat, overheal: 0.103124
Greater Heal 1 hazz, casts: 16, avg: 1544.48, 5.41659%, cast time 1.83038% of in combat, overheal: 0.266464
Greater Heal 2 hazz, casts: 2, avg: 1219, 0.53439%, cast time 0.228798% of in combat, overheal: 0.488947
Greater Heal 3 hazz, casts: 3, avg: 2126.2, 1.39814%, cast time 0.343197% of in combat, overheal: 0.215017
Greater Heal 4, casts: 59, avg: 2667.4, 34.4957%, cast time 11.2492% of in combat, overheal: 0.136074
Greater Heal 4 hazz, casts: 4, avg: 3087.54, 2.70705%, cast time 0.457596% of in combat, overheal: 0
Heal 2, casts: 95, avg: 1123.14, 23.3875%, cast time 18.1132% of in combat, overheal: 0.290894
Heal 4, casts: 31, avg: 1869.32, 12.7019%, cast time 5.91062% of in combat, overheal: 0.169403
Total time casting: 621.5, which is: 47.3993% of time in combat.
Total hps: 347.942, raw hps: 425.874, oh: 0.182995
Deficit time sum: 2.60613e+07, baseline: 3.62225e+07
Deficit*time change / s: 7749.54 hp
Number of combats: 21
Average mana at start of combat: 9238.39
Average mana at end of combat: 8172.27
Other players with hps > 100:
  Cursedcookie : 135.241 hps
  Destin : 193.731 hps
  Ivaz : 225.37 hps
  Mw : 136.628 hps
  Ménèx : 134.475 hps
  Paxus : 144.088 hps
  Sambamamba : 183.271 hps
  Shamshoum : 135.559 hps
  Tcbeast : 175.938 hps
  Zuchiniz : 157.521 hps
------------------
Upgrades: 
( following sorted by alt scores, no specials )
benediction, , , (8.67883) -> , scepter of the false prophet, , sartura's might(17.3815) : 8.70267 = +2.56535%
boots of prophecy(1.9657) -> boots of pure thought(4.71506) : 2.74936 = +0.796472%
zulian headdress(4.3595) -> crystal adorned crown(6.79968) : 2.44019 = +0.706274%
animated chain necklace(2.35284) -> amulet of the fallen god(4.62555) : 2.27271 = +0.65748%
burial shawl(1.7146) -> ternary mantle(3.80243) : 2.08783 = +0.603674%
vambraces of prophecy(2.34335) -> bracelets of royal redemption(3.99622) : 1.65286 = +0.477308%
fordring's seal(2.60184) -> ring of the martyr(3.87732) : 1.27548 = +0.367928%
dragon finger of intellect(0.185425) -> lunar wand of healing(1.34375) : 1.15833 = +0.33402%
gloves of prophecy(2.43704) -> atal'ai hands of healing(3.56094) : 1.1239 = +0.324061%
zandalar confessor's bindings(4.02704) -> grasp of the old god(5.03549) : 1.00845 = +0.290677%
hide of the wild(3.05368) -> cloak of clarity(3.84509) : 0.791412 = +0.227974%
truefaith vestments(5.44562) -> robes of the guardian saint(5.84409) : 0.398468 = +0.114653%
empowered leggings(6.27774) -> empowered leggings(6.27774) : 0 = +0%
pure elementium band(4.0188) -> pure elementium band(4.0188) : 0 = +0%
rejuvenating gem(5.24573) -> rejuvenating gem(5.24573) : 0 = +0%
hazza'rah's charm of healing(6.64386) -> hazza'rah's charm of healing(6.64386) : 0 = +0%
------------------
~~~~ end of intermediate results ~~~~
Temporary bans and partial set bonuses on.
.
*** NEW BEST (1): 353.287
..
*** NEW BEST (1): 354.287
Based on last: 3000 entries, out of total: 5555 entries, The least-squares solution is:
Int: 36.758
Spirit: 53.9092
Sp / Healing: 100
Mp5: 151.718
Crit: 385.741
T1 3p/piece: 1103.51
T2 3p/piece: 3754.52
Hazza'rah's: 9743.3
Darkmoon: 5398.12
100 points == 1 sp == 0.0633503 hps.
.Temporary bans and partial set bonuses off.
.hands : gloves of prophecy -> atal'ai hands of healing => val: 347.463 -> 351.788

*** NEW BEST (0): 351.788
Based on last: 3000 entries, out of total: 5930 entries, The least-squares solution is:
Int: 45.558
Spirit: 52.504
Sp / Healing: 100
Mp5: 169.686
Crit: 390.575
T1 3p/piece: 955.062
T2 3p/piece: 2946.6
Hazza'rah's: 10004.8
Darkmoon: 5168.57
100 points == 1 sp == 0.0637878 hps.
***** INTERMEDIATE RESULTS *****
Iteration: 9
 ----------------------------
 --- head --- 
name: crystal adorned crown
slot: head
intelligence: 14
spirit: 13
sp_healing: 92
armor: 85
 ----------------------------
 --- neck --- 
name: amulet of the fallen god
slot: neck
intelligence: 11
sp_healing: 57
mp5: 6
 ----------------------------
 --- shoulders --- 
name: zandalar confessor's mantle
slot: shoulders
intelligence: 24
stamina: 11
spirit: 15
sp_healing: 22
armor: 78
 ----------------------------
 --- back --- 
name: cloak of clarity
slot: back
intelligence: 12
stamina: 6
spirit: 7
sp_healing: 40
mp5: 8
armor: 66
 ----------------------------
 --- chest --- 
name: robes of transcendence
slot: chest
intelligence: 27
stamina: 17
spirit: 16
sp_healing: 57
nature_res: 10
fire_res: 10
armor: 116
 ----------------------------
 --- wrists --- 
name: bindings of transcendence
slot: wrists
intelligence: 13
stamina: 9
spirit: 16
sp_healing: 33
armor: 51
 ----------------------------
 ---  --- 
name: 
slot: 
 ----------------------------
 --- main hand --- 
name: scepter of the false prophet
slot: main hand
intelligence: 19
stamina: 10
sp_healing: 187
mp5: 3
 ----------------------------
 ---  --- 
name: 
slot: 
 ----------------------------
 --- off hand --- 
name: sartura's might
slot: off hand
intelligence: 6
stamina: 6
sp_healing: 51
mp5: 6
 ----------------------------
 --- ranged --- 
name: lunar wand of healing
slot: ranged
sp_healing: 20
 ----------------------------
 --- hands --- 
name: atal'ai hands of healing
slot: hands
sp: 9
sp_healing: 44
armor: 47
 ----------------------------
 --- waist --- 
name: grasp of the old god
slot: waist
intelligence: 19
stamina: 15
sp_healing: 59
mp5: 7
armor: 75
 ----------------------------
 --- legs --- 
name: leggings of transcendence
slot: legs
intelligence: 21
stamina: 16
spirit: 21
sp_healing: 46
mp5: 7
arcane_res: 10
shadow_res: 10
armor: 101
 ----------------------------
 --- feet --- 
name: boots of pure thought
slot: feet
intelligence: 12
stamina: 8
spirit: 12
sp_healing: 62
armor: 74
 ----------------------------
 --- finger --- 
name: pure elementium band
slot: finger
intelligence: 10
stamina: 9
spirit: 10
sp_healing: 53
 ----------------------------
 --- finger --- 
name: ring of the martyr
slot: finger
stamina: 10
sp_healing: 51
mp5: 5
 ----------------------------
 --- trinket --- 
name: rejuvenating gem
slot: trinket
sp_healing: 66
mp5: 9
 ----------------------------
 --- trinket --- 
name: hazza'rah's charm of healing
slot: trinket
 ----------------------------
 --- Set bonuses ---
name: confessor's 2 hazza'rah's 1 transcendence 3 
slot: Set bonuses
sp: 23
------------------
Best value: 351.788
------------------
Char stats: 
Effective hp: 8531.8
Effective mana (100 s, 33 % out of fsr): 17600.8
Raw max mana: 10642.1
Int: 428.03
Stam: 394.68
Spirit: 419.98
Strength: 79.58
Agility: 84.18
All stats multiplier (taken into account above): 1.15
Bonus mana: 2000
Bonus hp: 0
Mp5: 201
Sp: 32
Sp shadow: 0
Sp healing: 1100
Spell crit: 18
Spell hit: 0
Arcane res: 37
Nature res: 37
Fire res: 37
Frost res: 27
Shadow res: 37
Armor: 2891.75
Defense: 300
Dodge: 0
Parry: 0
HpsPvp: 1032.52
ShadowDps: 224.52
Value pvp healing: 2157.54
Value pvp shadow: 102.016
Effective hp-pvp: 10722.9
Effecctive mana for 100 s, 0.33 fsr: 19068.8
------------------
Best counts:
oh_limit: 0.8
time_left_mul: 2.7
total_deficit_to_pop_trinkets: 5575.23
in combat total: 1311.2
Flash Heal 1, casts: 17, avg: 487.056, 1.79257%, cast time 1.94478% of in combat, overheal: 0.340245
Flash Heal 2, casts: 3, avg: 824.709, 0.535637%, cast time 0.343197% of in combat, overheal: 0
Flash Heal 3, casts: 1, avg: 904.327, 0.195783%, cast time 0.114399% of in combat, overheal: 0
Flash Heal 4, casts: 3, avg: 989.216, 0.642483%, cast time 0.343197% of in combat, overheal: 0
Flash Heal 5, casts: 4, avg: 1126.83, 0.975817%, cast time 0.457596% of in combat, overheal: 0
Flash Heal 6, casts: 4, avg: 1247.06, 1.07993%, cast time 0.457596% of in combat, overheal: 0.0206949
Flash Heal 7, casts: 35, avg: 1408.53, 10.6729%, cast time 4.00397% of in combat, overheal: 0.0366876
Greater Heal 1, casts: 9, avg: 2007.4, 3.91133%, cast time 1.71599% of in combat, overheal: 0.0191122
Greater Heal 1 hazz, casts: 15, avg: 1500.9, 4.87408%, cast time 1.71599% of in combat, overheal: 0.266603
Greater Heal 2 hazz, casts: 3, avg: 1993.96, 1.29505%, cast time 0.343197% of in combat, overheal: 0.14273
Greater Heal 3 hazz, casts: 4, avg: 2065.72, 1.78888%, cast time 0.457596% of in combat, overheal: 0.220156
Greater Heal 4, casts: 67, avg: 2637.88, 38.263%, cast time 12.7746% of in combat, overheal: 0.128668
Greater Heal 4 hazz, casts: 3, avg: 3027.41, 1.96626%, cast time 0.343197% of in combat, overheal: 0
Heal 2, casts: 85, avg: 1068.79, 19.668%, cast time 16.2065% of in combat, overheal: 0.299224
Heal 4, casts: 31, avg: 1838.42, 12.3383%, cast time 5.91062% of in combat, overheal: 0.160958
Total time casting: 618, which is: 47.1324% of time in combat.
Total hps: 352.275, raw hps: 423.92, oh: 0.169005
Deficit time sum: 2.60306e+07, baseline: 3.62225e+07
Deficit*time change / s: 7772.94 hp
Number of combats: 21
Average mana at start of combat: 9960.59
Average mana at end of combat: 8956.11
Other players with hps > 100:
  Cursedcookie : 133.683 hps
  Destin : 192.609 hps
  Ivaz : 225.076 hps
  Mw : 135.685 hps
  Ménèx : 136.613 hps
  Paxus : 143.436 hps
  Sambamamba : 183.152 hps
  Shamshoum : 135.521 hps
  Tcbeast : 174.987 hps
  Zuchiniz : 156.841 hps
------------------
Upgrades: 
( following sorted by alt scores, no specials )
benediction, , , (8.56256) -> , scepter of the false prophet, , sartura's might(16.8821) : 8.31958 = +2.41879%
boots of prophecy(2.17365) -> boots of pure thought(4.70547) : 2.53183 = +0.72391%
zandalar confessor's bindings(2.64157) -> grasp of the old god(5.0733) : 2.43173 = +0.695091%
burial shawl(1.74072) -> zandalar confessor's mantle(4.07028) : 2.32956 = +0.665691%
animated chain necklace(2.30594) -> amulet of the fallen god(4.60501) : 2.29907 = +0.656922%
zulian headdress(4.41312) -> crystal adorned crown(6.71069) : 2.29758 = +0.656492%
fordring's seal(2.50546) -> ring of the martyr(3.79437) : 1.28891 = +0.367225%
dragon finger of intellect(0.232483) -> lunar wand of healing(1.27576) : 1.04327 = +0.297033%
hide of the wild(2.9697) -> cloak of clarity(4.00058) : 1.03088 = +0.293495%
gloves of prophecy(2.7359) -> atal'ai hands of healing(3.38077) : 0.644867 = +0.183393%
vambraces of prophecy(2.48914) -> bindings of transcendence(3.01865) : 0.52951 = +0.150538%
pure elementium band(4.00626) -> pure elementium band(4.00626) : 0 = +0%
rejuvenating gem(5.18414) -> rejuvenating gem(5.18414) : 0 = +0%
hazza'rah's charm of healing(7.84897) -> hazza'rah's charm of healing(7.84897) : 0 = +0%
truefaith vestments(5.30594) -> robes of transcendence(4.95639) : -0.349548 = +-0.0991275%
empowered leggings(6.31332) -> leggings of transcendence(5.00549) : -1.30783 = +-0.369879%
------------------
~~~~ end of intermediate results ~~~~
Temporary bans and partial set bonuses on.
....Temporary bans and partial set bonuses off.
.***** INTERMEDIATE RESULTS *****
Iteration: 14
 ----------------------------
 --- head --- 
name: crystal adorned crown
slot: head
intelligence: 14
spirit: 13
sp_healing: 92
armor: 85
 ----------------------------
 --- neck --- 
name: amulet of the fallen god
slot: neck
intelligence: 11
sp_healing: 57
mp5: 6
 ----------------------------
 --- shoulders --- 
name: zandalar confessor's mantle
slot: shoulders
intelligence: 24
stamina: 11
spirit: 15
sp_healing: 22
armor: 78
 ----------------------------
 --- back --- 
name: cloak of clarity
slot: back
intelligence: 12
stamina: 6
spirit: 7
sp_healing: 40
mp5: 8
armor: 66
 ----------------------------
 --- chest --- 
name: robes of transcendence
slot: chest
intelligence: 27
stamina: 17
spirit: 16
sp_healing: 57
nature_res: 10
fire_res: 10
armor: 116
 ----------------------------
 --- wrists --- 
name: bindings of transcendence
slot: wrists
intelligence: 13
stamina: 9
spirit: 16
sp_healing: 33
armor: 51
 ----------------------------
 ---  --- 
name: 
slot: 
 ----------------------------
 --- main hand --- 
name: scepter of the false prophet
slot: main hand
intelligence: 19
stamina: 10
sp_healing: 187
mp5: 3
 ----------------------------
 ---  --- 
name: 
slot: 
 ----------------------------
 --- off hand --- 
name: sartura's might
slot: off hand
intelligence: 6
stamina: 6
sp_healing: 51
mp5: 6
 ----------------------------
 --- ranged --- 
name: lunar wand of healing
slot: ranged
sp_healing: 20
 ----------------------------
 --- hands --- 
name: atal'ai hands of healing
slot: hands
sp: 9
sp_healing: 44
armor: 47
 ----------------------------
 --- waist --- 
name: grasp of the old god
slot: waist
intelligence: 19
stamina: 15
sp_healing: 59
mp5: 7
armor: 75
 ----------------------------
 --- legs --- 
name: leggings of transcendence
slot: legs
intelligence: 21
stamina: 16
spirit: 21
sp_healing: 46
mp5: 7
arcane_res: 10
shadow_res: 10
armor: 101
 ----------------------------
 --- feet --- 
name: boots of pure thought
slot: feet
intelligence: 12
stamina: 8
spirit: 12
sp_healing: 62
armor: 74
 ----------------------------
 --- finger --- 
name: pure elementium band
slot: finger
intelligence: 10
stamina: 9
spirit: 10
sp_healing: 53
 ----------------------------
 --- finger --- 
name: ring of the martyr
slot: finger
stamina: 10
sp_healing: 51
mp5: 5
 ----------------------------
 --- trinket --- 
name: rejuvenating gem
slot: trinket
sp_healing: 66
mp5: 9
 ----------------------------
 --- trinket --- 
name: hazza'rah's charm of healing
slot: trinket
 ----------------------------
 --- Set bonuses ---
name: confessor's 2 hazza'rah's 1 transcendence 3 
slot: Set bonuses
sp: 23
------------------
Best value: 351.788
------------------
Char stats: 
Effective hp: 8531.8
Effective mana (100 s, 33 % out of fsr): 17600.8
Raw max mana: 10642.1
Int: 428.03
Stam: 394.68
Spirit: 419.98
Strength: 79.58
Agility: 84.18
All stats multiplier (taken into account above): 1.15
Bonus mana: 2000
Bonus hp: 0
Mp5: 201
Sp: 32
Sp shadow: 0
Sp healing: 1100
Spell crit: 18
Spell hit: 0
Arcane res: 37
Nature res: 37
Fire res: 37
Frost res: 27
Shadow res: 37
Armor: 2891.75
Defense: 300
Dodge: 0
Parry: 0
HpsPvp: 1030.51
ShadowDps: 223.216
Value pvp healing: 2270.73
Value pvp shadow: 106.541
Effective hp-pvp: 10722.9
Effecctive mana for 100 s, 0.33 fsr: 19068.8
------------------
Best counts:
oh_limit: 0.8
time_left_mul: 2.9
total_deficit_to_pop_trinkets: 5575.23
in combat total: 1311.2
Flash Heal 1, casts: 16, avg: 485.809, 1.68514%, cast time 1.83038% of in combat, overheal: 0.341934
Flash Heal 2, casts: 5, avg: 824.709, 0.893965%, cast time 0.571995% of in combat, overheal: 0
Flash Heal 4, casts: 2, avg: 989.216, 0.428915%, cast time 0.228798% of in combat, overheal: 0
Flash Heal 5, casts: 5, avg: 1126.83, 1.22146%, cast time 0.571995% of in combat, overheal: 0
Flash Heal 6, casts: 3, avg: 1273.41, 0.828209%, cast time 0.343197% of in combat, overheal: 0
Flash Heal 7, casts: 31, avg: 1401.61, 9.41972%, cast time 3.54637% of in combat, overheal: 0.0414214
Greater Heal 1, casts: 9, avg: 2007.4, 3.91674%, cast time 1.71599% of in combat, overheal: 0.0191122
Greater Heal 1 hazz, casts: 15, avg: 1500.9, 4.88083%, cast time 1.71599% of in combat, overheal: 0.266603
Greater Heal 2 hazz, casts: 3, avg: 1993.96, 1.29684%, cast time 0.343197% of in combat, overheal: 0.14273
Greater Heal 3 hazz, casts: 4, avg: 2065.72, 1.79136%, cast time 0.457596% of in combat, overheal: 0.220156
Greater Heal 4, casts: 68, avg: 2643.61, 38.9723%, cast time 12.9652% of in combat, overheal: 0.126776
Greater Heal 4 hazz, casts: 3, avg: 3027.41, 1.96898%, cast time 0.343197% of in combat, overheal: 0
Heal 2, casts: 88, avg: 1066.16, 20.3402%, cast time 16.7785% of in combat, overheal: 0.300948
Heal 4, casts: 31, avg: 1838.42, 12.3554%, cast time 5.91062% of in combat, overheal: 0.160958
Total time casting: 620.5, which is: 47.3231% of time in combat.
Total hps: 351.788, raw hps: 424.397, oh: 0.171086
Deficit time sum: 2.5998e+07, baseline: 3.62225e+07
Deficit*time change / s: 7797.81 hp
Number of combats: 21
Average mana at start of combat: 9982.45
Average mana at end of combat: 8984.01
Other players with hps > 100:
  Cursedcookie : 133.683 hps
  Destin : 192.531 hps
  Ivaz : 225.116 hps
  Mw : 136.353 hps
  Ménèx : 136.613 hps
  Paxus : 143.436 hps
  Sambamamba : 183.238 hps
  Shamshoum : 135.521 hps
  Tcbeast : 174.202 hps
  Zuchiniz : 157.915 hps
------------------
Upgrades: 
( following sorted by alt scores, no specials )
benediction, , , (8.56256) -> , scepter of the false prophet, , sartura's might(16.8821) : 8.31958 = +2.42222%
boots of prophecy(2.17365) -> boots of pure thought(4.70547) : 2.53183 = +0.72492%
zandalar confessor's bindings(2.64157) -> grasp of the old god(5.0733) : 2.43173 = +0.69606%
burial shawl(1.74072) -> zandalar confessor's mantle(4.07028) : 2.32956 = +0.666619%
animated chain necklace(2.30594) -> amulet of the fallen god(4.60501) : 2.29907 = +0.657838%
zulian headdress(4.41312) -> crystal adorned crown(6.71069) : 2.29758 = +0.657407%
fordring's seal(2.50546) -> ring of the martyr(3.79437) : 1.28891 = +0.367735%
dragon finger of intellect(0.232483) -> lunar wand of healing(1.27576) : 1.04327 = +0.297445%
hide of the wild(2.9697) -> cloak of clarity(4.00058) : 1.03088 = +0.293902%
gloves of prophecy(2.7359) -> atal'ai hands of healing(3.38077) : 0.644867 = +0.183648%
vambraces of prophecy(2.48914) -> bindings of transcendence(3.01865) : 0.52951 = +0.150747%
pure elementium band(4.00626) -> pure elementium band(4.00626) : 0 = +0%
rejuvenating gem(5.18414) -> rejuvenating gem(5.18414) : 0 = +0%
hazza'rah's charm of healing(7.84897) -> hazza'rah's charm of healing(7.84897) : 0 = +0%
truefaith vestments(5.30594) -> robes of transcendence(4.95639) : -0.349548 = +-0.0992646%
empowered leggings(6.31332) -> leggings of transcendence(5.00549) : -1.30783 = +-0.370389%
------------------
~~~~ end of intermediate results ~~~~
Same items for intermediate results again, ending optimization. 
 ----------------------------
 --- head --- 
name: crystal adorned crown
slot: head
intelligence: 14
spirit: 13
sp_healing: 92
armor: 85
 ----------------------------
 --- neck --- 
name: amulet of the fallen god
slot: neck
intelligence: 11
sp_healing: 57
mp5: 6
 ----------------------------
 --- shoulders --- 
name: zandalar confessor's mantle
slot: shoulders
intelligence: 24
stamina: 11
spirit: 15
sp_healing: 22
armor: 78
 ----------------------------
 --- back --- 
name: cloak of clarity
slot: back
intelligence: 12
stamina: 6
spirit: 7
sp_healing: 40
mp5: 8
armor: 66
 ----------------------------
 --- chest --- 
name: robes of transcendence
slot: chest
intelligence: 27
stamina: 17
spirit: 16
sp_healing: 57
nature_res: 10
fire_res: 10
armor: 116
 ----------------------------
 --- wrists --- 
name: bindings of transcendence
slot: wrists
intelligence: 13
stamina: 9
spirit: 16
sp_healing: 33
armor: 51
 ----------------------------
 ---  --- 
name: 
slot: 
 ----------------------------
 --- main hand --- 
name: scepter of the false prophet
slot: main hand
intelligence: 19
stamina: 10
sp_healing: 187
mp5: 3
 ----------------------------
 ---  --- 
name: 
slot: 
 ----------------------------
 --- off hand --- 
name: sartura's might
slot: off hand
intelligence: 6
stamina: 6
sp_healing: 51
mp5: 6
 ----------------------------
 --- ranged --- 
name: lunar wand of healing
slot: ranged
sp_healing: 20
 ----------------------------
 --- hands --- 
name: atal'ai hands of healing
slot: hands
sp: 9
sp_healing: 44
armor: 47
 ----------------------------
 --- waist --- 
name: grasp of the old god
slot: waist
intelligence: 19
stamina: 15
sp_healing: 59
mp5: 7
armor: 75
 ----------------------------
 --- legs --- 
name: leggings of transcendence
slot: legs
intelligence: 21
stamina: 16
spirit: 21
sp_healing: 46
mp5: 7
arcane_res: 10
shadow_res: 10
armor: 101
 ----------------------------
 --- feet --- 
name: boots of pure thought
slot: feet
intelligence: 12
stamina: 8
spirit: 12
sp_healing: 62
armor: 74
 ----------------------------
 --- finger --- 
name: pure elementium band
slot: finger
intelligence: 10
stamina: 9
spirit: 10
sp_healing: 53
 ----------------------------
 --- finger --- 
name: ring of the martyr
slot: finger
stamina: 10
sp_healing: 51
mp5: 5
 ----------------------------
 --- trinket --- 
name: rejuvenating gem
slot: trinket
sp_healing: 66
mp5: 9
 ----------------------------
 --- trinket --- 
name: hazza'rah's charm of healing
slot: trinket
 ----------------------------
 --- Set bonuses ---
name: confessor's 2 hazza'rah's 1 transcendence 3 
slot: Set bonuses
sp: 23
------------------
Char stats: 
Effective hp: 8531.8
Effective mana (100 s, 33 % out of fsr): 17600.8
Raw max mana: 10642.1
Int: 428.03
Stam: 394.68
Spirit: 419.98
Strength: 79.58
Agility: 84.18
All stats multiplier (taken into account above): 1.15
Bonus mana: 2000
Bonus hp: 0
Mp5: 201
Sp: 32
Sp shadow: 0
Sp healing: 1100
Spell crit: 18
Spell hit: 0
Arcane res: 37
Nature res: 37
Fire res: 37
Frost res: 27
Shadow res: 37
Armor: 2891.75
Defense: 300
Dodge: 0
Parry: 0
HpsPvp: 1032.52
ShadowDps: 224.52
Value pvp healing: 2157.54
Value pvp shadow: 102.016
Effective hp-pvp: 10722.9
Effecctive mana for 100 s, 0.33 fsr: 19068.8
------------------
Best counts:
oh_limit: 0.8
time_left_mul: 2.9
total_deficit_to_pop_trinkets: 5575.23
in combat total: 1311.2
Flash Heal 1, casts: 16, avg: 485.809, 1.68514%, cast time 1.83038% of in combat, overheal: 0.341934
Flash Heal 2, casts: 5, avg: 824.709, 0.893965%, cast time 0.571995% of in combat, overheal: 0
Flash Heal 4, casts: 2, avg: 989.216, 0.428915%, cast time 0.228798% of in combat, overheal: 0
Flash Heal 5, casts: 5, avg: 1126.83, 1.22146%, cast time 0.571995% of in combat, overheal: 0
Flash Heal 6, casts: 3, avg: 1273.41, 0.828209%, cast time 0.343197% of in combat, overheal: 0
Flash Heal 7, casts: 31, avg: 1401.61, 9.41972%, cast time 3.54637% of in combat, overheal: 0.0414214
Greater Heal 1, casts: 9, avg: 2007.4, 3.91674%, cast time 1.71599% of in combat, overheal: 0.0191122
Greater Heal 1 hazz, casts: 15, avg: 1500.9, 4.88083%, cast time 1.71599% of in combat, overheal: 0.266603
Greater Heal 2 hazz, casts: 3, avg: 1993.96, 1.29684%, cast time 0.343197% of in combat, overheal: 0.14273
Greater Heal 3 hazz, casts: 4, avg: 2065.72, 1.79136%, cast time 0.457596% of in combat, overheal: 0.220156
Greater Heal 4, casts: 68, avg: 2643.61, 38.9723%, cast time 12.9652% of in combat, overheal: 0.126776
Greater Heal 4 hazz, casts: 3, avg: 3027.41, 1.96898%, cast time 0.343197% of in combat, overheal: 0
Heal 2, casts: 88, avg: 1066.16, 20.3402%, cast time 16.7785% of in combat, overheal: 0.300948
Heal 4, casts: 31, avg: 1838.42, 12.3554%, cast time 5.91062% of in combat, overheal: 0.160958
Total time casting: 620.5, which is: 47.3231% of time in combat.
Total hps: 351.788, raw hps: 424.397, oh: 0.171086
Deficit time sum: 2.5998e+07, baseline: 3.62225e+07
Deficit*time change / s: 7797.81 hp
Number of combats: 21
Average mana at start of combat: 9982.45
Average mana at end of combat: 8984.01
Other players with hps > 100:
  Cursedcookie : 133.683 hps
  Destin : 192.531 hps
  Ivaz : 225.116 hps
  Mw : 136.353 hps
  Ménèx : 136.613 hps
  Paxus : 143.436 hps
  Sambamamba : 183.238 hps
  Shamshoum : 135.521 hps
  Tcbeast : 174.202 hps
  Zuchiniz : 157.915 hps
------------------
Based on last: 3000 entries, out of total: 6501 entries, The least-squares solution is:
Int: 49.6871
Spirit: 50.2735
Sp / Healing: 100
Mp5: 173.736
Crit: 405.032
T1 3p/piece: 1149.15
T2 3p/piece: 2251.95
Hazza'rah's: 10520.3
Darkmoon: 4930.16
100 points == 1 sp == 0.0668724 hps.
Appended tag:
( Pawn: v1: "senseless_bwl_speed_phase5": Intellect=49.6871, Spirit=50.2735, Healing=100, Mp5=173.736, SpellCritRating=405.032, IsFist=X, Is2HMace=X, IsCrossbow=X, IsGun=X, IsShield=X, IsPolearm=X, Is2HAxe=X, IsBow=X, IsMail=X, IsPlate=X, IsLeather=X, IsAxe=X, Is2HAxe=X, IsSword=X, Is2HSword=X)
To file: senseless_bwl_speed_phase5.pawn_tag.txt
------------------
Diffs to start: 
Upgrades: 
( following sorted by alt scores, no specials )
benediction, , , (9.06366) -> , scepter of the false prophet, , sartura's might(17.7919) : 8.72827 = +2.54424%
boots of prophecy(2.30606) -> boots of pure thought(4.94824) : 2.64218 = +0.756755%
zandalar confessor's bindings(2.80664) -> grasp of the old god(5.39005) : 2.5834 = +0.739796%
animated chain necklace(2.40851) -> amulet of the fallen god(4.8743) : 2.46579 = +0.705878%
burial shawl(1.86908) -> zandalar confessor's mantle(4.311) : 2.44193 = +0.698998%
zulian headdress(4.64706) -> crystal adorned crown(7.05447) : 2.40741 = +0.68905%
fordring's seal(2.64041) -> ring of the martyr(3.99139) : 1.35098 = +0.385513%
hide of the wild(3.1409) -> cloak of clarity(4.2384) : 1.0975 = +0.312955%
dragon finger of intellect(0.265808) -> lunar wand of healing(1.33743) : 1.07162 = +0.305553%
gloves of prophecy(2.90347) -> atal'ai hands of healing(3.54425) : 0.640778 = +0.182481%
vambraces of prophecy(2.63867) -> bindings of transcendence(3.17664) : 0.537964 = +0.153157%
pure elementium band(4.21271) -> pure elementium band(4.21271) : 0 = +0%
rejuvenating gem(5.4592) -> rejuvenating gem(5.4592) : 0 = +0%
hazza'rah's charm of healing(8.57324) -> hazza'rah's charm of healing(8.57324) : 0 = +0%
truefaith vestments(5.57877) -> robes of transcendence(5.24677) : -0.332001 = +-0.0942862%
empowered leggings(6.62561) -> leggings of transcendence(5.29318) : -1.33243 = +-0.377329%
- - - - - - - - - - - - - - - - - - - - - - - - - - - - - - - - - - - - - - - - - 
| Upgrades at best in slot level, from start item to candidate, partial bonuses: 1: |
  alt scores are from least squares fit, special score from e.g. set bonuses as s are part of em
. . . . . . . . . . . . . . . . . . . . . . . . . . . . . . . . . . . . . . . . . 
- . - ' - . - ' - . - ' - . - ' - . - ' - . -
head, zulian headdress (1.64984), alt: 4.64706 -> :
    crystal adorned crown (6.01501) : +1.25114 %, alt : +7.05449, from: azuregos
    don rigoberto's lost hat (2.15994) : +0.146205 %, alt : +6.35528, from: aq40
    halo of transcendence (1.79935) : +0.0428512 %, alt : +4.84662, from: onyxia
    eternal crown of healing (4.04099) : +0.685348 %, alt : +4.27983, from: random green
    mish'undare circlet of mind flayer (2.08618) : +0.125064 %, alt : +3.98226, from: bwl
    green lens of healing (2.67114) : +0.292725 %, alt : +3.61111, from: pre-raid
- . - ' - . - ' - . - ' - . - ' - . - ' - . -
neck, animated chain necklace (2.75345), alt: 2.40851 -> :
    amulet of the fallen god (4.28073) : +0.434217 %, alt : +4.87431, from: aq40
    amulet of the shifting sands (2.7692) : +0.004477 %, alt : +3.77322, from: aq20
    jin'do's evil eye (3.87183) : +0.317962 %, alt : +3.5096, from: zg
    angelista's charm (1.28177) : -0.418408 %, alt : +3.23531, from: aq40
    wavefront necklace (0.746277) : -0.570652 %, alt : +2.73375, from: silithus
- . - ' - . - ' - . - ' - . - ' - . - ' - . -
shoulders, burial shawl (1.58578), alt: 1.86908 -> :
    zandalar confessor's mantle (3.39163) : +0.513821 %, alt : +4.31099, from: zg
    ternary mantle (3.25113) : +0.473844 %, alt : +4.17963, from: aq40
    pauldrons of transcendence (1.48608) : -0.0283681 %, alt : +3.0064, from: bwl
    mantle of the blackwing cabal (3.09637) : +0.429811 %, alt : +2.80529, from: bwl
- . - ' - . - ' - . - ' - . - ' - . - ' - . -
back, hide of the wild (4.64212), alt: 3.1409 -> :
    cloak of clarity (3.96637) : -0.190925 %, alt : +4.23841, from: aq40
    shroud of pure thought (2.70215) : -0.548114 %, alt : +3.26938, from: bwl
- . - ' - . - ' - . - ' - . - ' - . - ' - . -
chest, truefaith vestments (5.3649), alt: 5.57877 -> :
    robes of transcendence (6.56158) : +0.339906 %, alt : +6.75269 (s: 1.50593), from: bwl
    robes of the guardian saint (6.42694) : +0.301662 %, alt : +6.22533, from: aq40
    vestments of the oracle (6.30304) : +0.266469 %, alt : +4.01283, from: aq40
- . - ' - . - ' - . - ' - . - ' - . - ' - . -
wrists, vambraces of prophecy (4.48215), alt: 3.51547 (s: 0.768467) -> :
    bindings of transcendence (4.44946) : -0.00925134 %, alt : +4.68258 (s: 1.50593), from: bwl
    bracelets of royal redemption (5.25485) : +0.218715 %, alt : +4.17908, from: aq40
    zandalar confessor's wraps (4.50668) : +0.00694499 %, alt : +2.37386, from: zg
- . - ' - . - ' - . - ' - . - ' - . - ' - . -
two-hand, benediction (-7.8053), alt: 9.06366 -> :
    scepter of the false prophet and sartura's might (-3.01202) : +1.38753 %, alt : +17.7919, from: aq40, aq40
    scepter of the false prophet and lei of the lifegiver (-1.61819) : +1.791 %, alt : +17.3778, from: aq40, av rep
    scepter of the false prophet and brightly glowing stone (-4.25516) : +1.02767 %, alt : +15.9593, from: aq40, pre-raid
    scepter of the false prophet and trance stone (-6.12695) : +0.485836 %, alt : +15.6916, from: aq40, emeriss; lethon; taerar; ysondre
    blessed qiraji augur staff (-8.48685) : -0.19729 %, alt : +12.1029, from: aq40
    gavel of infinite wisdom and sartura's might (-7.44995) : +0.102863 %, alt : +11.1557, from: aq20, aq40
    lok'amir il romathis and sartura's might (-7.88098) : -0.0219084 %, alt : +10.7913, from: bwl, aq40
    gavel of infinite wisdom and lei of the lifegiver (-6.08575) : +0.497762 %, alt : +10.7415, from: aq20, av rep
    lok'amir il romathis and lei of the lifegiver (-6.5184) : +0.372522 %, alt : +10.3771, from: bwl, av rep
    gavel of infinite wisdom and brightly glowing stone (-7.15866) : +0.187184 %, alt : +9.32302, from: aq20, pre-raid
    gavel of infinite wisdom and trance stone (-5.48904) : +0.670494 %, alt : +9.05532, from: aq20, emeriss; lethon; taerar; ysondre
    lok'amir il romathis and brightly glowing stone (-6.28452) : +0.440226 %, alt : +8.9586, from: bwl, pre-raid
    lok'amir il romathis and trance stone (-4.90115) : +0.840673 %, alt : +8.6909, from: bwl, emeriss; lethon; taerar; ysondre
    jin'do's hexxer and sartura's might (-5.12003) : +0.777315 %, alt : +8.28733, from: zg, aq40
    fang of the mystics and sartura's might (-3.9599) : +1.11314 %, alt : +8.04969, from: azuregos, aq40
    jin'do's hexxer and lei of the lifegiver (-3.76486) : +1.1696 %, alt : +7.87317, from: zg, av rep
    staff of the shadow flame (-4.00992) : +1.09866 %, alt : +7.72772, from: bwl
    fang of the mystics and lei of the lifegiver (-3.83942) : +1.14802 %, alt : +7.63553, from: azuregos, av rep
    staff of rampant growth (-4.96429) : +0.822395 %, alt : +7.42691, from: emeriss; lethon; taerar; ysondre
    stinger of ayamiss and sartura's might (-3.07959) : +1.36797 %, alt : +7.21779, from: aq20, aq40
    wushoolay's poker and sartura's might (-5.20035) : +0.754064 %, alt : +7.07708, from: zg, aq40
    fang of venoxis and sartura's might (-5.8035) : +0.579468 %, alt : +7.0765, from: zg, aq40
    aurastone hammer and sartura's might (-5.61923) : +0.632808 %, alt : +6.89193, from: mc, aq40
    stinger of ayamiss and lei of the lifegiver (-2.95618) : +1.40369 %, alt : +6.80363, from: aq20, av rep
    zulian scepter of rites and sartura's might (-5.55173) : +0.652349 %, alt : +6.77617, from: zg, aq40
    wushoolay's poker and lei of the lifegiver (-3.85376) : +1.14387 %, alt : +6.66292, from: zg, av rep
    fang of venoxis and lei of the lifegiver (-5.59512) : +0.639787 %, alt : +6.66234, from: zg, av rep
    aurastone hammer and lei of the lifegiver (-5.49884) : +0.667658 %, alt : +6.47777, from: mc, av rep
    jin'do's hexxer and brightly glowing stone (-3.02362) : +1.38417 %, alt : +6.45467, from: zg, pre-raid
    the hammer of grace and sartura's might (-3.97449) : +1.10892 %, alt : +6.37999, from: pre-raid, aq40
    zulian scepter of rites and lei of the lifegiver (-4.20648) : +1.04176 %, alt : +6.36201, from: zg, av rep
    fang of the mystics and brightly glowing stone (-3.91843) : +1.12515 %, alt : +6.21702, from: azuregos, pre-raid
    sorcerous dagger and sartura's might (-3.93201) : +1.12121 %, alt : +6.20925, from: mc, aq40
    jin'do's hexxer and trance stone (-3.94983) : +1.11606 %, alt : +6.18697, from: zg, emeriss; lethon; taerar; ysondre
    the hammer of grace and lei of the lifegiver (-3.78439) : +1.16395 %, alt : +5.96583, from: pre-raid, av rep
    fang of the mystics and trance stone (-4.0329) : +1.09201 %, alt : +5.94932, from: azuregos, emeriss; lethon; taerar; ysondre
    sorcerous dagger and lei of the lifegiver (-3.94128) : +1.11853 %, alt : +5.79509, from: mc, av rep
    witchblade and sartura's might (-4.50623) : +0.954994 %, alt : +5.50897, from: pre-raid, aq40
    stinger of ayamiss and brightly glowing stone (-4.20282) : +1.04282 %, alt : +5.38513, from: aq20, pre-raid
    hypnotic blade and sartura's might (-3.4502) : +1.26069 %, alt : +5.27547, from: pre-raid, aq40
    wushoolay's poker and brightly glowing stone (-3.12506) : +1.3548 %, alt : +5.24441, from: zg, pre-raid
    fang of venoxis and brightly glowing stone (-4.56848) : +0.936972 %, alt : +5.24384, from: zg, pre-raid
    stinger of ayamiss and trance stone (-3.16098) : +1.34441 %, alt : +5.11743, from: aq20, emeriss; lethon; taerar; ysondre
    witchblade and lei of the lifegiver (-3.14963) : +1.34769 %, alt : +5.09481, from: pre-raid, av rep
    aurastone hammer and brightly glowing stone (-4.68494) : +0.903262 %, alt : +5.05927, from: mc, pre-raid
    lorespinner and sartura's might (-4.6478) : +0.914013 %, alt : +5.02295, from: pre-raid, aq40
    wushoolay's poker and trance stone (-3.68195) : +1.1936 %, alt : +4.97671, from: zg, emeriss; lethon; taerar; ysondre
    fang of venoxis and trance stone (-4.7854) : +0.87418 %, alt : +4.97614, from: zg, emeriss; lethon; taerar; ysondre
    zulian scepter of rites and brightly glowing stone (-3.38303) : +1.28013 %, alt : +4.9435, from: zg, pre-raid
    hypnotic blade and lei of the lifegiver (-3.46762) : +1.25564 %, alt : +4.86131, from: pre-raid, av rep
    gift of the elven magi and sartura's might (-3.76343) : +1.17001 %, alt : +4.84093, from: pre-raid (strat live: balnazzar), aq40
    aurastone hammer and trance stone (-3.83258) : +1.15 %, alt : +4.79157, from: mc, emeriss; lethon; taerar; ysondre
    zulian scepter of rites and trance stone (-3.76343) : +1.17001 %, alt : +4.6758, from: zg, emeriss; lethon; taerar; ysondre
    lorespinner and lei of the lifegiver (-3.66986) : +1.1971 %, alt : +4.60878, from: pre-raid, av rep
    the hammer of grace and brightly glowing stone (-3.05588) : +1.37483 %, alt : +4.54732, from: pre-raid, pre-raid
    gift of the elven magi and lei of the lifegiver (-2.68851) : +1.48118 %, alt : +4.42677, from: pre-raid (strat live: balnazzar), av rep
    sorcerous dagger and brightly glowing stone (-2.29779) : +1.59428 %, alt : +4.37658, from: mc, pre-raid
    scepter of the unholy and sartura's might (-3.83755) : +1.14856 %, alt : +4.30694, from: pre-raid, aq40
    the hammer of grace and trance stone (-2.44968) : +1.55031 %, alt : +4.27962, from: pre-raid, emeriss; lethon; taerar; ysondre
    sorcerous dagger and trance stone (-4.07172) : +1.08077 %, alt : +4.10888, from: mc, emeriss; lethon; taerar; ysondre
    scepter of the unholy and lei of the lifegiver (-2.40781) : +1.56243 %, alt : +3.89278, from: pre-raid, av rep
    witchblade and brightly glowing stone (-2.51569) : +1.5312 %, alt : +3.67631, from: pre-raid, pre-raid
    hypnotic blade and brightly glowing stone (-2.89975) : +1.42003 %, alt : +3.4428, from: pre-raid, pre-raid
    witchblade and trance stone (-1.99924) : +1.6807 %, alt : +3.40861, from: pre-raid, emeriss; lethon; taerar; ysondre
    lorespinner and brightly glowing stone (-2.24307) : +1.61012 %, alt : +3.19028, from: pre-raid, pre-raid
    hypnotic blade and trance stone (-2.52206) : +1.52936 %, alt : +3.1751, from: pre-raid, emeriss; lethon; taerar; ysondre
    gift of the elven magi and brightly glowing stone (-2.21323) : +1.61876 %, alt : +3.00826, from: pre-raid (strat live: balnazzar), pre-raid
    lorespinner and trance stone (-1.28845) : +1.88645 %, alt : +2.92258, from: pre-raid, emeriss; lethon; taerar; ysondre
    gift of the elven magi and trance stone (-1.259) : +1.89498 %, alt : +2.74056, from: pre-raid (strat live: balnazzar), emeriss; lethon; taerar; ysondre
    scepter of the unholy and brightly glowing stone (-0.871216) : +2.00723 %, alt : +2.47428, from: pre-raid, pre-raid
    scepter of the unholy and trance stone (-1.33255) : +1.87369 %, alt : +2.20658, from: pre-raid, emeriss; lethon; taerar; ysondre
- . - ' - . - ' - . - ' - . - ' - . - ' - . -
ranged, dragon finger of intellect (0.0612183), alt: 0.265808 -> :
    antenna of invigoration (0.144348) : +0.0236622 %, alt : +1.35079, from: aq20
    lunar wand of healing (2.0015) : +0.552282 %, alt : +1.33745, from: random green
    wandof qiraji nobility (1.91428) : +0.527456 %, alt : +1.27058, from: aq40
    bonecreeper stylus (1.35666) : +0.368735 %, alt : +0.868504, from: pre-raid
- . - ' - . - ' - . - ' - . - ' - . - ' - . -
hands, gloves of prophecy (-0.848755), alt: 3.7803 (s: 0.768467) -> :
    gloves of dark wisdom (0.960236) : +0.518116 %, alt : +3.58598, from: aq20
    atal'ai hands of healing (3.26376) : +1.17787 %, alt : +3.54424, from: sunken temple
    gloves of the messiah (-0.449036) : +0.114484 %, alt : +3.46536, from: aq40
    handguards of transcendence (1.07608) : +0.551296 %, alt : +3.31174, from: bwl
    high councillor's gloves of healing (2.76318) : +1.0345 %, alt : +3.07613, from: random green
    hands of the exalted herald (0.922302) : +0.507252 %, alt : +3.04217, from: pre-raid
    dark storm gauntlets (2.48181) : +0.953914 %, alt : +2.97268, from: aq40
- . - ' - . - ' - . - ' - . - ' - . - ' - . -
waist, zandalar confessor's bindings (3.25131), alt: 2.80664 -> :
    grasp of the old god (5.55353) : +0.655981 %, alt : +5.39005, from: aq40
    firemaw's clutch (4.05707) : +0.229588 %, alt : +3.32017, from: bwl
    eyestalk waist cord (5.38132) : +0.606912 %, alt : +3.31167, from: aq40
    whipvine cord (3.6026) : +0.100094 %, alt : +3.03595, from: pre-raid
    belt of transcendence (3.29739) : +0.0131302 %, alt : +2.90515, from: bwl
- . - ' - . - ' - . - ' - . - ' - . - ' - . -
legs, empowered leggings (5.74341), alt: 6.62561 -> :
    leggings of transcendence (7.50497) : +0.501159 %, alt : +6.7991 (s: 1.50593), from: mc
    trousers of the oracle (7.31439) : +0.446939 %, alt : +4.17199, from: aq40
    padre's trousers (6.92337) : +0.335695 %, alt : +4.17027, from: pre-raid
    leggings of the black blizzard (5.88861) : +0.0413096 %, alt : +3.81321, from: aq20
- . - ' - . - ' - . - ' - . - ' - . - ' - . -
feet, boots of prophecy (-0.740112), alt: 3.18289 (s: 0.768467) -> :
    boots of pure thought (3.98428) : +1.3555 %, alt : +4.94824, from: bwl
    boots of transcendence (0.912354) : +0.474117 %, alt : +3.47692, from: bwl
    treads of the wandering nomand (1.30972) : +0.588128 %, alt : +3.44217, from: aq20
    snowblind shoes (0.737701) : +0.424006 %, alt : +3.05309, from: azuregos
    boots of epiphany (0.839233) : +0.453137 %, alt : +2.90497, from: aq40
- . - ' - . - ' - . - ' - . - ' - . - ' - . -
finger, pure elementium band (3.34009), alt: 4.21271 -> :
- . - ' - . - ' - . - ' - . - ' - . - ' - . -
finger 2, fordring's seal (1.53986), alt: 2.64041 -> :
    pure elementium band (3.33694) : +0.510952 %, alt : +4.2127, from: bwl
    ring of the martyr (3.08643) : +0.439724 %, alt : +3.9914, from: aq40
    primalist's seal (2.05115) : +0.145372 %, alt : +3.71037, from: zg
    cauterizing band (2.09467) : +0.157745 %, alt : +3.47485, from: mc
    ring of spellpower (2.45288) : +0.259593 %, alt : +2.20679, from: mc
    mindtear band (1.70261) : +0.0462735 %, alt : +1.94141, from: taerar
- . - ' - . - ' - . - ' - . - ' - . - ' - . -
trinket, rejuvenating gem (4.90414), alt: 5.4592 -> :
    hazza'rah's charm of healing (0) : -1.38825 %, alt : +8.57324, from: zg
    darkmoon card: blue dragon (0.0927124) : -1.36201 %, alt : +3.29692, from: 
- . - ' - . - ' - . - ' - . - ' - . - ' - . -
trinket 2, hazza'rah's charm of healing (9.07758), alt: 8.57324 -> :
    hazza'rah's charm of healing (9.07758) : +0 %, alt : +8.57324, from: zg
    darkmoon card: blue dragon (-2.51562) : -3.28177 %, alt : +3.29692, from: 
- - - - - - - - - - - - - - - - - - - - - - - - - - - - - - - - - - - - - - - - - 
| Upgrades at best in slot level, from start item to candidate, partial bonuses: 0: |
  alt scores are from least squares fit, special score from e.g. set bonuses as s are part of em
. . . . . . . . . . . . . . . . . . . . . . . . . . . . . . . . . . . . . . . . . 
- . - ' - . - ' - . - ' - . - ' - . - ' - . -
head, zulian headdress (3.13718), alt: 4.64706 -> :
    crystal adorned crown (5.7038) : +0.734954 %, alt : +7.05449, from: azuregos
    don rigoberto's lost hat (1.96091) : -0.336826 %, alt : +6.35528, from: aq40
    halo of transcendence (2.4986) : -0.182858 %, alt : +4.84662, from: onyxia
    eternal crown of healing (3.69925) : +0.16095 %, alt : +4.27983, from: random green
    green lens of healing (4.1152) : +0.280059 %, alt : +3.61111, from: pre-raid
- . - ' - . - ' - . - ' - . - ' - . - ' - . -
neck, animated chain necklace (2.01233), alt: 2.40851 -> :
    amulet of the fallen god (3.67957) : +0.476188 %, alt : +4.87431, from: aq40
    amulet of the shifting sands (3.75708) : +0.498328 %, alt : +3.77322, from: aq20
    jin'do's evil eye (3.66431) : +0.47183 %, alt : +3.5096, from: zg
    angelista's charm (0.757141) : -0.358501 %, alt : +3.23531, from: aq40
    wavefront necklace (0.118469) : -0.540916 %, alt : +2.73375, from: silithus
- . - ' - . - ' - . - ' - . - ' - . - ' - . -
shoulders, burial shawl (1.13037), alt: 1.86908 -> :
    zandalar confessor's mantle (2.86325) : +0.49503 %, alt : +4.31099, from: zg
    ternary mantle (3.47717) : +0.670408 %, alt : +4.17963, from: aq40
    pauldrons of transcendence (1.0672) : -0.0180461 %, alt : +3.0064, from: bwl
    mantle of the blackwing cabal (2.96378) : +0.523747 %, alt : +2.80529, from: bwl
- . - ' - . - ' - . - ' - . - ' - . - ' - . -
back, hide of the wild (4.80606), alt: 3.1409 -> :
    cloak of clarity (3.54803) : -0.356335 %, alt : +4.23841, from: aq40
    shroud of pure thought (4.33432) : -0.13362 %, alt : +3.26938, from: bwl
    drape of benediction (5.02603) : +0.0623065 %, alt : +2.77395, from: azuregos
- . - ' - . - ' - . - ' - . - ' - . - ' - . -
chest, truefaith vestments (8.27304), alt: 5.57877 -> :
    robes of transcendence (11.2086) : +0.841503 %, alt : +9.76456 (s: 4.5178), from: bwl
    robes of the guardian saint (9.26663) : +0.284817 %, alt : +6.22533, from: aq40
- . - ' - . - ' - . - ' - . - ' - . - ' - . -
wrists, vambraces of prophecy (4.28152), alt: 2.63867 -> :
    bindings of transcendence (9.46375) : +1.49513 %, alt : +7.69444 (s: 4.5178), from: bwl
    bracelets of royal redemption (6.65601) : +0.685066 %, alt : +4.17908, from: aq40
    zandalar confessor's wraps (3.62119) : -0.190516 %, alt : +2.37386, from: zg
- . - ' - . - ' - . - ' - . - ' - . - ' - . -
two-hand, benediction (-3.71518), alt: 9.06366 -> :
    scepter of the false prophet and sartura's might (-5.70746) : -0.572374 %, alt : +17.7919, from: aq40, aq40
    scepter of the false prophet and lei of the lifegiver (-4.31873) : -0.173396 %, alt : +17.3778, from: aq40, av rep
    scepter of the false prophet and brightly glowing stone (-3.40152) : +0.0901131 %, alt : +15.9593, from: aq40, pre-raid
    scepter of the false prophet and trance stone (-4.64297) : -0.266552 %, alt : +15.6916, from: aq40, emeriss; lethon; taerar; ysondre
    blessed qiraji augur staff (-7.86932) : -1.19347 %, alt : +12.1029, from: aq40
    gavel of infinite wisdom and sartura's might (-6.83698) : -0.896879 %, alt : +11.1557, from: aq20, aq40
    lok'amir il romathis and sartura's might (-7.27203) : -1.02187 %, alt : +10.7913, from: bwl, aq40
    gavel of infinite wisdom and lei of the lifegiver (-5.47595) : -0.505863 %, alt : +10.7415, from: aq20, av rep
    lok'amir il romathis and lei of the lifegiver (-5.91162) : -0.631029 %, alt : +10.3771, from: bwl, av rep
    gavel of infinite wisdom and brightly glowing stone (-3.96979) : -0.0731479 %, alt : +9.32302, from: aq20, pre-raid
    lok'amir il romathis and brightly glowing stone (-2.15375) : +0.448593 %, alt : +8.9586, from: bwl, pre-raid
    lok'amir il romathis and trance stone (-2.31445) : +0.402423 %, alt : +8.6909, from: bwl, emeriss; lethon; taerar; ysondre
    jin'do's hexxer and sartura's might (-2.5365) : +0.33863 %, alt : +8.28733, from: zg, aq40
    fang of the mystics and sartura's might (-3.43149) : +0.0815034 %, alt : +8.04969, from: azuregos, aq40
    jin'do's hexxer and lei of the lifegiver (-1.18286) : +0.727525 %, alt : +7.87317, from: zg, av rep
    staff of the shadow flame (-3.48358) : +0.0665371 %, alt : +7.72772, from: bwl
    fang of the mystics and lei of the lifegiver (-3.31088) : +0.116153 %, alt : +7.63553, from: azuregos, av rep
    stinger of ayamiss and sartura's might (-2.55502) : +0.333308 %, alt : +7.21779, from: aq20, aq40
    wushoolay's poker and sartura's might (-3.49017) : +0.0646433 %, alt : +7.07708, from: zg, aq40
    stinger of ayamiss and lei of the lifegiver (-2.42746) : +0.369957 %, alt : +6.80363, from: aq20, av rep
    wushoolay's poker and lei of the lifegiver (-1.28317) : +0.698706 %, alt : +6.66292, from: zg, av rep
    aurastone hammer and lei of the lifegiver (-2.93747) : +0.223433 %, alt : +6.47777, from: mc, av rep
    jin'do's hexxer and brightly glowing stone (-2.49496) : +0.350563 %, alt : +6.45467, from: zg, pre-raid
    the hammer of grace and sartura's might (-2.62903) : +0.312047 %, alt : +6.37999, from: pre-raid, aq40
    zulian scepter of rites and lei of the lifegiver (-2.8678) : +0.243449 %, alt : +6.36201, from: zg, av rep
    fang of the mystics and brightly glowing stone (-1.34525) : +0.680872 %, alt : +6.21702, from: azuregos, pre-raid
    sorcerous dagger and sartura's might (-1.95355) : +0.506108 %, alt : +6.20925, from: mc, aq40
    jin'do's hexxer and trance stone (-1.37759) : +0.671579 %, alt : +6.18697, from: zg, emeriss; lethon; taerar; ysondre
    the hammer of grace and lei of the lifegiver (-1.2059) : +0.720905 %, alt : +5.96583, from: pre-raid, av rep
    fang of the mystics and trance stone (-1.90445) : +0.520215 %, alt : +5.94932, from: azuregos, emeriss; lethon; taerar; ysondre
    sorcerous dagger and lei of the lifegiver (-1.97089) : +0.501128 %, alt : +5.79509, from: mc, av rep
    witchblade and sartura's might (-2.37695) : +0.384467 %, alt : +5.50897, from: pre-raid, aq40
    stinger of ayamiss and brightly glowing stone (-1.63739) : +0.59694 %, alt : +5.38513, from: aq20, pre-raid
    hypnotic blade and sartura's might (-2.5163) : +0.344434 %, alt : +5.27547, from: pre-raid, aq40
    wushoolay's poker and brightly glowing stone (-0.995453) : +0.781366 %, alt : +5.24441, from: zg, pre-raid
    fang of venoxis and brightly glowing stone (-2.4769) : +0.355753 %, alt : +5.24384, from: zg, pre-raid
    stinger of ayamiss and trance stone (-1.03256) : +0.770705 %, alt : +5.11743, from: aq20, emeriss; lethon; taerar; ysondre
    witchblade and lei of the lifegiver (-1.02023) : +0.774247 %, alt : +5.09481, from: pre-raid, av rep
    aurastone hammer and brightly glowing stone (-2.37811) : +0.384134 %, alt : +5.05927, from: mc, pre-raid
    lorespinner and sartura's might (-3.50388) : +0.0607067 %, alt : +5.02295, from: pre-raid, aq40
    wushoolay's poker and trance stone (-2.7872) : +0.266604 %, alt : +4.97671, from: zg, emeriss; lethon; taerar; ysondre
    fang of venoxis and trance stone (-2.737) : +0.281027 %, alt : +4.97614, from: zg, emeriss; lethon; taerar; ysondre
    zulian scepter of rites and brightly glowing stone (-1.07678) : +0.758001 %, alt : +4.9435, from: zg, pre-raid
    hypnotic blade and lei of the lifegiver (-1.16064) : +0.733907 %, alt : +4.86131, from: pre-raid, av rep
    gift of the elven magi and sartura's might (-2.62335) : +0.313678 %, alt : +4.84093, from: pre-raid (strat live: balnazzar), aq40
    aurastone hammer and trance stone (-0.554779) : +0.90797 %, alt : +4.79157, from: mc, emeriss; lethon; taerar; ysondre
    zulian scepter of rites and trance stone (-2.62335) : +0.313678 %, alt : +4.6758, from: zg, emeriss; lethon; taerar; ysondre
    lorespinner and lei of the lifegiver (-0.78833) : +0.840872 %, alt : +4.60878, from: pre-raid, av rep
    the hammer of grace and brightly glowing stone (-0.922363) : +0.802365 %, alt : +4.54732, from: pre-raid, pre-raid
    gift of the elven magi and lei of the lifegiver (-1.3963) : +0.666204 %, alt : +4.42677, from: pre-raid (strat live: balnazzar), av rep
    sorcerous dagger and brightly glowing stone (-1.40335) : +0.664179 %, alt : +4.37658, from: mc, pre-raid
    scepter of the unholy and sartura's might (-0.559998) : +0.906471 %, alt : +4.30694, from: pre-raid, aq40
    the hammer of grace and trance stone (-1.55493) : +0.62063 %, alt : +4.27962, from: pre-raid, emeriss; lethon; taerar; ysondre
    sorcerous dagger and trance stone (-1.02548) : +0.772739 %, alt : +4.10888, from: mc, emeriss; lethon; taerar; ysondre
    scepter of the unholy and lei of the lifegiver (-0.754822) : +0.850499 %, alt : +3.89278, from: pre-raid, av rep
    witchblade and brightly glowing stone (-0.466248) : +0.933405 %, alt : +3.67631, from: pre-raid, pre-raid
    hypnotic blade and brightly glowing stone (-1.06775) : +0.760596 %, alt : +3.4428, from: pre-raid, pre-raid
    witchblade and trance stone (0.347076) : +1.16707 %, alt : +3.40861, from: pre-raid, emeriss; lethon; taerar; ysondre
    lorespinner and brightly glowing stone (0.166412) : +1.11517 %, alt : +3.19028, from: pre-raid, pre-raid
    hypnotic blade and trance stone (0.470215) : +1.20245 %, alt : +3.1751, from: pre-raid, emeriss; lethon; taerar; ysondre
    gift of the elven magi and brightly glowing stone (0.195862) : +1.12363 %, alt : +3.00826, from: pre-raid (strat live: balnazzar), pre-raid
    lorespinner and trance stone (-0.377808) : +0.958813 %, alt : +2.92258, from: pre-raid, emeriss; lethon; taerar; ysondre
    gift of the elven magi and trance stone (-0.267242) : +0.990578 %, alt : +2.74056, from: pre-raid (strat live: balnazzar), emeriss; lethon; taerar; ysondre
    scepter of the unholy and brightly glowing stone (1.60376) : +1.52811 %, alt : +2.47428, from: pre-raid, pre-raid
    scepter of the unholy and trance stone (-0.422363) : +0.946013 %, alt : +2.20658, from: pre-raid, emeriss; lethon; taerar; ysondre
- . - ' - . - ' - . - ' - . - ' - . - ' - . -
ranged, dragon finger of intellect (0.0611267), alt: 0.265808 -> :
    antenna of invigoration (2.27753) : +0.633334 %, alt : +1.35079, from: aq20
    lunar wand of healing (1.89209) : +0.523196 %, alt : +1.33745, from: random green
    wandof qiraji nobility (1.80508) : +0.498334 %, alt : +1.27058, from: aq40
    bonecreeper stylus (1.34885) : +0.367965 %, alt : +0.868504, from: pre-raid
- . - ' - . - ' - . - ' - . - ' - . - ' - . -
hands, gloves of prophecy (-1.67538), alt: 2.90347 -> :
    gloves of dark wisdom (0.353912) : +0.584032 %, alt : +3.58598, from: aq20
    atal'ai hands of healing (2.64975) : +1.24477 %, alt : +3.54424, from: sunken temple
    gloves of the messiah (-0.951599) : +0.208306 %, alt : +3.46536, from: aq40
    handguards of transcendence (1.51099) : +0.917038 %, alt : +3.31174, from: bwl
    high councillor's gloves of healing (2.25241) : +1.13042 %, alt : +3.07613, from: random green
    hands of the exalted herald (1.5018) : +0.914395 %, alt : +3.04217, from: pre-raid
    dark storm gauntlets (0.980133) : +0.764259 %, alt : +2.97268, from: aq40
- . - ' - . - ' - . - ' - . - ' - . - ' - . -
waist, zandalar confessor's bindings (2.44363), alt: 2.80664 -> :
    grasp of the old god (4.77658) : +0.667595 %, alt : +5.39005, from: aq40
    firemaw's clutch (3.14001) : +0.199276 %, alt : +3.32017, from: bwl
    eyestalk waist cord (3.93167) : +0.425816 %, alt : +3.31167, from: aq40
    whipvine cord (2.79492) : +0.100524 %, alt : +3.03595, from: pre-raid
    belt of transcendence (2.48944) : +0.0131081 %, alt : +2.90515, from: bwl
- . - ' - . - ' - . - ' - . - ' - . - ' - . -
legs, empowered leggings (6.8472), alt: 6.62561 -> :
    leggings of transcendence (11.3873) : +1.30744 %, alt : +9.81097 (s: 4.5178), from: mc
- . - ' - . - ' - . - ' - . - ' - . - ' - . -
feet, boots of prophecy (0.513824), alt: 2.30606 -> :
    boots of pure thought (3.66086) : +0.902657 %, alt : +4.94824, from: bwl
    boots of transcendence (0.704865) : +0.0547956 %, alt : +3.47692, from: bwl
    treads of the wandering nomand (0.849701) : +0.0963387 %, alt : +3.44217, from: aq20
    snowblind shoes (0.387573) : -0.0362124 %, alt : +3.05309, from: azuregos
    boots of epiphany (0.63205) : +0.0339102 %, alt : +2.90497, from: aq40
- . - ' - . - ' - . - ' - . - ' - . - ' - . -
finger, pure elementium band (2.62619), alt: 4.21271 -> :
    ring of the martyr (3.34424) : +0.204114 %, alt : +3.9914, from: aq40
- . - ' - . - ' - . - ' - . - ' - . - ' - . -
finger 2, fordring's seal (2.40033), alt: 2.64041 -> :
    pure elementium band (2.53912) : +0.0394612 %, alt : +4.2127, from: bwl
    ring of the martyr (2.46576) : +0.0186026 %, alt : +3.9914, from: aq40
    cauterizing band (2.33554) : -0.0184204 %, alt : +3.47485, from: mc
- . - ' - . - ' - . - ' - . - ' - . - ' - . -
trinket, rejuvenating gem (2.96231), alt: 5.4592 -> :
    hazza'rah's charm of healing (0) : -0.842072 %, alt : +8.57324, from: zg
    darkmoon card: blue dragon (-0.93869) : -1.10891 %, alt : +3.29692, from: 
- . - ' - . - ' - . - ' - . - ' - . - ' - . -
trinket 2, hazza'rah's charm of healing (8.69257), alt: 8.57324 -> :
    hazza'rah's charm of healing (8.69257) : +0 %, alt : +8.57324, from: zg
    darkmoon card: blue dragon (-2.51581) : -3.18611 %, alt : +3.29692, from: 
- - - - - - - - - - - - - - - - - - - - - - - - - - - - - - - - - - - - - - - - - 
| Upgrades at start level, from start item to candidate, partial bonuses: 1: |
  alt scores are from least squares fit, special score from e.g. set bonuses as s are part of em
. . . . . . . . . . . . . . . . . . . . . . . . . . . . . . . . . . . . . . . . . 
- . - ' - . - ' - . - ' - . - ' - . - ' - . -
head, zulian headdress (7.379), alt: 4.64706 -> :
    crystal adorned crown (15.5866) : +2.59799 %, alt : +7.05449, from: azuregos
    don rigoberto's lost hat (9.69809) : +0.734072 %, alt : +6.35528, from: aq40
    halo of transcendence (7.82703) : +0.141816 %, alt : +6.35255 (s: 1.50593), from: onyxia
    eternal crown of healing (8.20438) : +0.26126 %, alt : +4.27983, from: random green
- . - ' - . - ' - . - ' - . - ' - . - ' - . -
neck, animated chain necklace (3.97321), alt: 2.40851 -> :
    amulet of the fallen god (13.4197) : +2.99015 %, alt : +4.87431, from: aq40
    amulet of the shifting sands (5.70596) : +0.548477 %, alt : +3.77322, from: aq20
    jin'do's evil eye (4.66223) : +0.2181 %, alt : +3.5096, from: zg
    angelista's charm (3.81155) : -0.0511683 %, alt : +3.23531, from: aq40
    wavefront necklace (3.24005) : -0.232068 %, alt : +2.73375, from: silithus
- . - ' - . - ' - . - ' - . - ' - . - ' - . -
shoulders, burial shawl (2.75879), alt: 1.86908 -> :
    pauldrons of transcendence (6.32767) : +1.12967 %, alt : +4.51234 (s: 1.50593), from: bwl
    ternary mantle (10.6835) : +2.50843 %, alt : +4.17963, from: aq40
    mantle of the blackwing cabal (3.46869) : +0.224708 %, alt : +2.80529, from: bwl
    zandalar confessor's mantle (3.57175) : +0.257329 %, alt : +2.77293, from: zg
- . - ' - . - ' - . - ' - . - ' - . - ' - . -
back, hide of the wild (5.2421), alt: 3.1409 -> :
    cloak of clarity (5.6218) : +0.120188 %, alt : +4.23841, from: aq40
    shroud of pure thought (3.42792) : -0.574249 %, alt : +3.26938, from: bwl
- . - ' - . - ' - . - ' - . - ' - . - ' - . -
chest, truefaith vestments (8.91507), alt: 5.57877 -> :
    robes of the guardian saint (8.14032) : -0.245235 %, alt : +6.22533, from: aq40
- . - ' - . - ' - . - ' - . - ' - . - ' - . -
wrists, vambraces of prophecy (1.79706), alt: 3.73215 (s: 0.768467) -> :
    bindings of transcendence (3.95425) : +0.682826 %, alt : +4.68258 (s: 1.50593), from: bwl
    bracelets of royal redemption (8.28763) : +2.05449 %, alt : +4.17908, from: aq40
    vambraces of prophecy (1.79706) : +0 %, alt : +3.73216 (s: 0.768467), from: mc
    zandalar confessor's wraps (-0.559143) : -0.745818 %, alt : +2.37386, from: zg
- . - ' - . - ' - . - ' - . - ' - . - ' - . -
two-hand, benediction (14.4236), alt: 9.06366 -> :
    scepter of the false prophet and sartura's might (31.2415) : +5.32343 %, alt : +17.7919, from: aq40, aq40
    scepter of the false prophet and lei of the lifegiver (30.4667) : +5.07819 %, alt : +17.3778, from: aq40, av rep
    scepter of the false prophet and brightly glowing stone (28.5807) : +4.48119 %, alt : +15.9593, from: aq40, pre-raid
    scepter of the false prophet and trance stone (27.6111) : +4.1743 %, alt : +15.6916, from: aq40, emeriss; lethon; taerar; ysondre
    blessed qiraji augur staff (24.8213) : +3.29122 %, alt : +12.1029, from: aq40
    gavel of infinite wisdom and sartura's might (22.8052) : +2.65307 %, alt : +11.1557, from: aq20, aq40
    lok'amir il romathis and sartura's might (21.8317) : +2.34492 %, alt : +10.7913, from: bwl, aq40
    gavel of infinite wisdom and lei of the lifegiver (22.2458) : +2.47598 %, alt : +10.7415, from: aq20, av rep
    lok'amir il romathis and lei of the lifegiver (21.4858) : +2.23544 %, alt : +10.3771, from: bwl, av rep
    gavel of infinite wisdom and brightly glowing stone (15.6245) : +0.380115 %, alt : +9.32302, from: aq20, pre-raid
    gavel of infinite wisdom and trance stone (15.1264) : +0.222457 %, alt : +9.05532, from: aq20, emeriss; lethon; taerar; ysondre
    lok'amir il romathis and brightly glowing stone (14.6538) : +0.0728546 %, alt : +8.9586, from: bwl, pre-raid
- . - ' - . - ' - . - ' - . - ' - . - ' - . -
ranged, dragon finger of intellect (1.39828), alt: 0.265808 -> :
    antenna of invigoration (2.3898) : +0.313849 %, alt : +1.35079, from: aq20
    lunar wand of healing (3.02679) : +0.515479 %, alt : +1.33745, from: random green
    wandof qiraji nobility (2.93176) : +0.485398 %, alt : +1.27058, from: aq40
    bonecreeper stylus (2.91428) : +0.479863 %, alt : +0.868504, from: pre-raid
- . - ' - . - ' - . - ' - . - ' - . - ' - . -
hands, gloves of prophecy (5.33826), alt: 3.99698 (s: 0.768467) -> :
    handguards of transcendence (7.4451) : +0.666888 %, alt : +4.81767 (s: 1.50593), from: bwl
    gloves of dark wisdom (5.44791) : +0.0347079 %, alt : +3.58598, from: aq20
    atal'ai hands of healing (10.7338) : +1.70788 %, alt : +3.54424, from: sunken temple
    gloves of the messiah (5.29446) : -0.0138619 %, alt : +3.46536, from: aq40
    high councillor's gloves of healing (10.1204) : +1.5137 %, alt : +3.07613, from: random green
    hands of the exalted herald (5.58133) : +0.0769408 %, alt : +3.04217, from: pre-raid
- . - ' - . - ' - . - ' - . - ' - . - ' - . -
waist, zandalar confessor's bindings (6.35025), alt: 4.34473 -> :
    grasp of the old god (7.71466) : +0.431883 %, alt : +5.39005, from: aq40
- . - ' - . - ' - . - ' - . - ' - . - ' - . -
legs, empowered leggings (10.28), alt: 6.62561 -> :
- . - ' - . - ' - . - ' - . - ' - . - ' - . -
feet, boots of prophecy (4.56744), alt: 3.39957 (s: 0.768467) -> :
    boots of transcendence (7.71082) : +0.994985 %, alt : +4.98285 (s: 1.50593), from: bwl
    boots of pure thought (12.2659) : +2.43681 %, alt : +4.94824, from: bwl
    treads of the wandering nomand (4.72272) : +0.0491493 %, alt : +3.44217, from: aq20
    snowblind shoes (6.16516) : +0.505732 %, alt : +3.05309, from: azuregos
    boots of epiphany (5.94983) : +0.437572 %, alt : +2.90497, from: aq40
- . - ' - . - ' - . - ' - . - ' - . - ' - . -
finger, pure elementium band (6.13293), alt: 4.21271 -> :
- . - ' - . - ' - . - ' - . - ' - . - ' - . -
finger 2, fordring's seal (4.63913), alt: 2.64041 -> :
    pure elementium band (5.77429) : +0.359318 %, alt : +4.2127, from: bwl
    ring of the martyr (6.25003) : +0.509905 %, alt : +3.9914, from: aq40
    primalist's seal (5.18774) : +0.173655 %, alt : +3.71037, from: zg
    cauterizing band (5.45029) : +0.256759 %, alt : +3.47485, from: mc
- . - ' - . - ' - . - ' - . - ' - . - ' - . -
trinket, rejuvenating gem (8.73035), alt: 5.4592 -> :
    hazza'rah's charm of healing (0) : -2.76345 %, alt : +8.57324, from: zg
    darkmoon card: blue dragon (3.11185) : -1.77845 %, alt : +3.29692, from: 
- . - ' - . - ' - . - ' - . - ' - . - ' - . -
trinket 2, hazza'rah's charm of healing (6.13403), alt: 8.57324 -> :
    hazza'rah's charm of healing (6.13403) : +0 %, alt : +8.57324, from: zg
    rejuvenating gem (8.54993) : +0.764713 %, alt : +5.45921, from: bwl
    hibernation crystal (7.06509) : +0.294713 %, alt : +3.94547, from: ysondre
    darkmoon card: blue dragon (2.81039) : -1.05205 %, alt : +3.29692, from: 
- - - - - - - - - - - - - - - - - - - - - - - - - - - - - - - - - - - - - - - - - 
| Upgrades at start level, from start item to candidate, partial bonuses: 0: |
  alt scores are from least squares fit, special score from e.g. set bonuses as s are part of em
. . . . . . . . . . . . . . . . . . . . . . . . . . . . . . . . . . . . . . . . . 
- . - ' - . - ' - . - ' - . - ' - . - ' - . -
head, zulian headdress (6.31522), alt: 4.64706 -> :
    crystal adorned crown (9.0726) : +0.880297 %, alt : +7.05449, from: azuregos
    don rigoberto's lost hat (7.81467) : +0.4787 %, alt : +6.35528, from: aq40
    halo of transcendence (5.54733) : -0.245147 %, alt : +4.84662, from: onyxia
- . - ' - . - ' - . - ' - . - ' - . - ' - . -
neck, animated chain necklace (3.22763), alt: 2.40851 -> :
    amulet of the fallen god (7.56439) : +1.38451 %, alt : +4.87431, from: aq40
    amulet of the shifting sands (4.03885) : +0.258982 %, alt : +3.77322, from: aq20
    jin'do's evil eye (3.20361) : -0.00766755 %, alt : +3.5096, from: zg
    angelista's charm (3.79944) : +0.18255 %, alt : +3.23531, from: aq40
    wavefront necklace (2.53162) : -0.222203 %, alt : +2.73375, from: silithus
- . - ' - . - ' - . - ' - . - ' - . - ' - . -
shoulders, burial shawl (3.50092), alt: 1.86908 -> :
    ternary mantle (5.50476) : +0.639729 %, alt : +4.17963, from: aq40
    pauldrons of transcendence (3.7323) : +0.0738695 %, alt : +3.0064, from: bwl
    mantle of the blackwing cabal (4.79712) : +0.413814 %, alt : +2.80529, from: bwl
    zandalar confessor's mantle (4.61707) : +0.356331 %, alt : +2.77293, from: zg
- . - ' - . - ' - . - ' - . - ' - . - ' - . -
back, hide of the wild (5.06354), alt: 3.1409 -> :
    cloak of clarity (6.09772) : +0.330162 %, alt : +4.23841, from: aq40
    shroud of pure thought (4.4263) : -0.203438 %, alt : +3.26938, from: bwl
- . - ' - . - ' - . - ' - . - ' - . - ' - . -
chest, truefaith vestments (9.19333), alt: 5.57877 -> :
    robes of the guardian saint (9.11008) : -0.0265782 %, alt : +6.22533, from: aq40
- . - ' - . - ' - . - ' - . - ' - . - ' - . -
wrists, vambraces of prophecy (3.64001), alt: 4.94406 (s: 2.3054) -> :
    vambraces of prophecy (3.64001) : +0 %, alt : +4.94407 (s: 2.3054), from: mc
    bracelets of royal redemption (7.17194) : +1.12757 %, alt : +4.17908, from: aq40
    bindings of transcendence (3.45425) : -0.0593041 %, alt : +3.17664, from: bwl
    zandalar confessor's wraps (3.00787) : -0.201811 %, alt : +2.37386, from: zg
- . - ' - . - ' - . - ' - . - ' - . - ' - . -
two-hand, benediction (13.7625), alt: 9.06366 -> :
    scepter of the false prophet and sartura's might (31.528) : +5.67168 %, alt : +17.7919, from: aq40, aq40
    scepter of the false prophet and lei of the lifegiver (30.4607) : +5.33092 %, alt : +17.3778, from: aq40, av rep
    scepter of the false prophet and brightly glowing stone (28.2041) : +4.61051 %, alt : +15.9593, from: aq40, pre-raid
    scepter of the false prophet and trance stone (27.6828) : +4.44408 %, alt : +15.6916, from: aq40, emeriss; lethon; taerar; ysondre
    blessed qiraji augur staff (18.8312) : +1.61819 %, alt : +12.1029, from: aq40
    gavel of infinite wisdom and sartura's might (16.7663) : +0.958979 %, alt : +11.1557, from: aq20, aq40
    lok'amir il romathis and sartura's might (16.3045) : +0.811552 %, alt : +10.7913, from: bwl, aq40
    gavel of infinite wisdom and lei of the lifegiver (17.1427) : +1.07914 %, alt : +10.7415, from: aq20, av rep
    lok'amir il romathis and lei of the lifegiver (15.9621) : +0.702228 %, alt : +10.3771, from: bwl, av rep
    gavel of infinite wisdom and brightly glowing stone (14.1436) : +0.121687 %, alt : +9.32302, from: aq20, pre-raid
    gavel of infinite wisdom and trance stone (14.1305) : +0.117488 %, alt : +9.05532, from: aq20, emeriss; lethon; taerar; ysondre
- . - ' - . - ' - . - ' - . - ' - . - ' - . -
ranged, dragon finger of intellect (0.724548), alt: 0.265808 -> :
    antenna of invigoration (0.99881) : +0.0875581 %, alt : +1.35079, from: aq20
    lunar wand of healing (2.83154) : +0.672659 %, alt : +1.33745, from: random green
    wandof qiraji nobility (1.76453) : +0.332014 %, alt : +1.27058, from: aq40
    bonecreeper stylus (1.39932) : +0.215422 %, alt : +0.868504, from: pre-raid
- . - ' - . - ' - . - ' - . - ' - . - ' - . -
hands, gloves of prophecy (4.51465), alt: 5.20889 (s: 2.3054) -> :
    gloves of dark wisdom (5.68054) : +0.372212 %, alt : +3.58598, from: aq20
    atal'ai hands of healing (6.29218) : +0.567476 %, alt : +3.54424, from: sunken temple
    gloves of the messiah (4.0267) : -0.155777 %, alt : +3.46536, from: aq40
    handguards of transcendence (4.74002) : +0.0719502 %, alt : +3.31174, from: bwl
    high councillor's gloves of healing (5.93954) : +0.454899 %, alt : +3.07613, from: random green
    hands of the exalted herald (4.33112) : -0.0585929 %, alt : +3.04217, from: pre-raid
    dark storm gauntlets (4.60803) : +0.0298128 %, alt : +2.97268, from: aq40
- . - ' - . - ' - . - ' - . - ' - . - ' - . -
waist, zandalar confessor's bindings (5.86731), alt: 4.34473 -> :
    grasp of the old god (6.39804) : +0.169436 %, alt : +5.39005, from: aq40
- . - ' - . - ' - . - ' - . - ' - . - ' - . -
legs, empowered leggings (9.65778), alt: 6.62561 -> :
- . - ' - . - ' - . - ' - . - ' - . - ' - . -
feet, boots of prophecy (2.87195), alt: 4.61148 (s: 2.3054) -> :
    boots of pure thought (12.0885) : +2.94239 %, alt : +4.94824, from: bwl
    boots of transcendence (4.3042) : +0.457247 %, alt : +3.47692, from: bwl
    treads of the wandering nomand (3.88034) : +0.32193 %, alt : +3.44217, from: aq20
    snowblind shoes (3.98065) : +0.353954 %, alt : +3.05309, from: azuregos
    boots of epiphany (3.88815) : +0.324424 %, alt : +2.90497, from: aq40
- . - ' - . - ' - . - ' - . - ' - . - ' - . -
finger, pure elementium band (5.68372), alt: 4.21271 -> :
- . - ' - . - ' - . - ' - . - ' - . - ' - . -
finger 2, fordring's seal (3.50317), alt: 2.64041 -> :
    pure elementium band (4.40167) : +0.286846 %, alt : +4.2127, from: bwl
    ring of the martyr (4.36621) : +0.275525 %, alt : +3.9914, from: aq40
    cauterizing band (3.48462) : -0.00592359 %, alt : +3.47485, from: mc
- . - ' - . - ' - . - ' - . - ' - . - ' - . -
trinket, rejuvenating gem (8.75433), alt: 5.4592 -> :
    hazza'rah's charm of healing (0) : -2.79483 %, alt : +8.57324, from: zg
    darkmoon card: blue dragon (3.10666) : -1.80302 %, alt : +3.29692, from: 
- . - ' - . - ' - . - ' - . - ' - . - ' - . -
trinket 2, hazza'rah's charm of healing (8.14792), alt: 8.57324 -> :
    hazza'rah's charm of healing (8.14792) : +0 %, alt : +8.57324, from: zg
    rejuvenating gem (11.7592) : +1.15291 %, alt : +5.45921, from: bwl
    hibernation crystal (9.29364) : +0.365772 %, alt : +3.94547, from: ysondre
    darkmoon card: blue dragon (3.2825) : -1.55329 %, alt : +3.29692, from: 
------------------
Best value: 351.788
