Your call: ./css 4 ../items/phase5.csv ban_tmp_phase4.txt no-locks senseless_bwl_speed_phase4 -a ../confs/wcl_bwl_speed_log.csv -l senseless_speed.txt 
Found: -a, val: ../confs/wcl_bwl_speed_log.csv
./css 4 ../items/phase5.csv ban_tmp_phase4.txt no-locks senseless_bwl_speed_phase4 -l senseless_speed.txt 
Found key: buff_fraction, saw val: 1
Found key: healing_from_crit_fraction, saw val: 0.2
Found key: transc8_exists, saw val: 0
Found key: enchantments, saw val: 1
Found key: fort, saw val: 1
Found key: motw, saw val: 1
Found key: spirit, saw val: 1
Found key: ai, saw val: 1
Found key: flask, saw val: 1
Found key: holy_disc, saw val: 0
Found key: min_combat_length, saw val: 2
Found key: max_log_entry_diff_in_combat, saw val: 10
Found key: precast, saw val: 1
Found key: swap_cast, saw val: 1
Found key: time_step, saw val: 0.1
Found key: reaction_time, saw val: 0.1
Found key: skip_player, saw val: Paisti
Found key: use_deficit_time_sum, saw val: 0
Found key: wcl_log, saw val: 1
Found: -l, val: senseless_speed.txt
./css 4 ../items/phase5.csv ban_tmp_phase4.txt no-locks senseless_bwl_speed_phase4 
Will read log from: senseless_speed.txt
./css 4 ../items/phase5.csv ban_tmp_phase4.txt no-locks senseless_bwl_speed_phase4 
./css 4 ../items/phase5.csv ban_tmp_phase4.txt no-locks senseless_bwl_speed_phase4 
Shuffle seed: 2416673600
Reading banned from: ban_tmp_phase4.txt
Banning: aq20
Banning: aq40
Banning: naxx
Banning: neltharion's tear
Banning: lok'amir il romathis
Banning: choker of the fire lord
Reading WCL parsed log: senseless_speed.txt
Saw 19453 lines of log, with 19453 log lines
Sorting by timestamp...
Sorted.
Pruning log from: 19453 entries.
Combat from 321.225 to 326.897 s
Combat from 587.97 to 593.931 s
Combat from 645.858 to 658.034 s
Combat from 683.134 to 686.363 s
Combat from 792.183 to 800.314 s
Combat from 842.022 to 848.466 s
Combat from 859.427 to 935.057 s
Combat from 937.115 to 1039.5 s
Combat from 1043.18 to 1091.38 s
Combat from 1095.46 to 1148.11 s
Combat from 1166.74 to 1186.69 s
Combat from 1216.85 to 1409.81 s
Combat from 1411.57 to 1461.95 s
Combat from 1474.45 to 1610.84 s
Combat from 1624.99 to 1801.06 s
Combat from 1829.78 to 1906.73 s
Combat from 1933.08 to 2074.86 s
Combat from 2085.76 to 2171.38 s
Combat from 2287.66 to 2306.71 s
Combat from 2320.89 to 2371.3 s
Combat from 2395.82 to 2433.88 s
Pruned to: 19382 entries.
Reading tmp locked from: start_with.txt
Locking: anastari heirloom
Locking: anathema
Locking: animated chain necklace
Locking: argent crusader
Locking: atal'ai gloves of the owl
Locking: ban'thok sash
Locking: banshee finger
Locking: benediction
Locking: blood of the martyr
Locking: briarwood reed
Locking: burial shawl
Locking: clutch of andros
Locking: crimson felt hat
Locking: cyclopean band
Locking: devout belt
Locking: devout bracers
Locking: devout crown
Locking: devout mantle
Locking: devout robe
Locking: devout sandals
Locking: devout skirt
Locking: dragon finger of healing
Locking: dragon finger of intellect
Locking: dragonrider boots
Locking: dragonslayer's signet
Locking: drakefire amulet
Locking: dreadmist mantle
Locking: dreamweave circlet
Locking: dreamweave gloves
Locking: dreamweave vest
Locking: elder magus pendant
Locking: eye of the beast
Locking: fordring's seal
Locking: girdle of prophecy
Locking: gloves of prophecy
Locking: grimgore noose
Locking: halo of transcendence
Locking: heart of the fiend
Locking: hide of the wild
Locking: kentic amice
Locking: magister's robes
Locking: maleki's footwraps
Locking: mindtap talisman
Locking: nature's breath
Locking: necropile boots
Locking: necropile cuffs
Locking: necropile leggings
Locking: necropile mantle
Locking: necropile robe
Locking: noxious shooter
Locking: omnicast boots
Locking: orb of the forgotten seer
Locking: padre's trousers
Locking: penelope's rose
Locking: quel'dorai channeling rod
Locking: raincaster drape
Locking: rainstrider leggings
Locking: ring of demonic guile
Locking: ring of demonic guile
Locking: robes of prophecy
Locking: robes of the exalted
Locking: robes of the royal crown
Locking: rod of corrosion
Locking: rosewine circle
Locking: royal seal of eldre'thalas
Locking: royal tribunal cloak
Locking: sarah's guide
Locking: seal of rivendare
Locking: seal of rivendare
Locking: shadowy laced handwraps
Locking: silkweb gloves
Locking: soulstealer mantle
Locking: spellbound tome
Locking: spritecaster cape
Locking: star of mystaria
Locking: starfire tiara
Locking: stormrager
Locking: sublime wristguards
Locking: the hammer of grace
Locking: the postmaster's treads
Locking: thuzadin sash
Locking: triune amulet
Locking: vinerot sandals
Locking: whipvine cord
Locking: wolfshear leggings
Locking: boots of the full moon
Locking: mantle of prophecy
Locking: dragon's touch
Locking: bindings of transcendence
Locking: shimmering geta
Locking: empowered leggings
Locking: seal of the archmagus
Locking: circlet of prophecy
Locking: boots of prophecy
Locking: pauldrons of transcendence
Locking: primalist's seal
Locking: zandalar confessor's bindings
Locking: zulian headdress
Locking: mar'li's eye
Locking: shroud of pure thought
Locking: belt of transcendence
Locking: jin'do's evil eye
Locking: primalist's band
Locking: zandalarian hero charm
Locking: zandalar confessor's mantle
Locking: zandalar confessor's wraps 
Locking: pure elementium band
Locking: truefaith vestments
Locking: vambraces of prophecy
Locking: hazza'rah's charm of healing
Locking: handguards of transcendence
Locking: boots of transcendence
Locking: darkmoon card: blue dragon
Locking: rejuvenating gem
Optimizing start items...

*** NEW BEST (1): 195.828

*** NEW BEST (1): 202.718

*** NEW BEST (1): 210.947

*** NEW BEST (1): 221.068

*** NEW BEST (1): 227.42

*** NEW BEST (1): 237.219

*** NEW BEST (1): 241.825

*** NEW BEST (1): 248.62

*** NEW BEST (1): 254.453

*** NEW BEST (1): 259.327
*
*** NEW BEST (1): 262.317

*** NEW BEST (1): 275.253

*** NEW BEST (1): 276.403

*** NEW BEST (1): 279.253

*** NEW BEST (1): 279.31
***
*** NEW BEST (1): 279.794

*** NEW BEST (1): 280.135

*** NEW BEST (1): 280.237

*** NEW BEST (1): 280.984
*****
*** NEW BEST (1): 281.443

*** NEW BEST (1): 281.628
**
*** NEW BEST (0): 279.701
Based on last: 2969 entries, out of total: 2969 entries, The least-squares solution is:
Int: 34.4965
Spirit: 33.6484
Sp / Healing: 100
Mp5: 134.173
Crit: 422.048
T1 3p/piece: 570.056
T2 3p/piece: 2195.62
Hazza'rah's: 9888.49
Darkmoon: 3630.9
100 points == 1 sp == 0.0671879 hps.
*neck : animated chain necklace -> jin'do's evil eye => val: 254.552 -> 255.896
hands : gloves of prophecy -> handguards of transcendence => val: 255.896 -> 256.06
wrists : vambraces of prophecy -> bindings of transcendence => val: 256.06 -> 256.804
*head : halo of transcendence -> zulian headdress => val: 256.804 -> 257.122
*******
Read starting items and cleared locks.
 ----------------------------
 --- head --- 
name: zulian headdress
slot: head
intelligence: 15
stamina: 13
spirit: 14
sp_healing: 55
armor: 78
 ----------------------------
 --- neck --- 
name: animated chain necklace
slot: neck
stamina: 7
spirit: 6
sp_healing: 33
 ----------------------------
 --- shoulders --- 
name: burial shawl
slot: shoulders
intelligence: 16
sp: 20
armor: 65
 ----------------------------
 --- back --- 
name: hide of the wild
slot: back
intelligence: 10
stamina: 8
sp_healing: 42
armor: 48
 ----------------------------
 --- chest --- 
name: truefaith vestments
slot: chest
stamina: 14
sp_healing: 73
mp5: 6
armor: 96
 ----------------------------
 --- wrists --- 
name: vambraces of prophecy
slot: wrists
intelligence: 14
stamina: 8
spirit: 10
sp_healing: 24
mp5: 2
armor: 44
 ----------------------------
 --- two-hand --- 
name: benediction
slot: two-hand
intelligence: 31
stamina: 10
spirit: 12
sp_healing: 106
spell_crit: 2
shadow_res: 20
 ----------------------------
 ---  --- 
name: 
slot: 
 ----------------------------
 ---  --- 
name: 
slot: 
 ----------------------------
 ---  --- 
name: 
slot: 
 ----------------------------
 --- ranged --- 
name: dragon finger of intellect
slot: ranged
intelligence: 8
 ----------------------------
 --- hands --- 
name: gloves of prophecy
slot: hands
intelligence: 15
stamina: 10
spirit: 15
sp_healing: 18
mp5: 6
fire_res: 7
armor: 63
 ----------------------------
 --- waist --- 
name: zandalar confessor's bindings
slot: waist
intelligence: 20
stamina: 12
spirit: 12
sp_healing: 26
armor: 53
 ----------------------------
 --- legs --- 
name: empowered leggings
slot: legs
intelligence: 12
stamina: 12
spirit: 24
sp_healing: 77
spell_crit: 1
armor: 103
 ----------------------------
 --- feet --- 
name: boots of prophecy
slot: feet
intelligence: 18
stamina: 17
spirit: 15
sp_healing: 18
shadow_res: 7
armor: 70
 ----------------------------
 --- finger --- 
name: pure elementium band
slot: finger
intelligence: 10
stamina: 9
spirit: 10
sp_healing: 53
 ----------------------------
 --- finger --- 
name: fordring's seal
slot: finger
intelligence: 5
stamina: 4
sp_healing: 37
 ----------------------------
 --- trinket --- 
name: rejuvenating gem
slot: trinket
sp_healing: 66
mp5: 9
 ----------------------------
 --- trinket --- 
name: hazza'rah's charm of healing
slot: trinket
 ----------------------------
 --- Set bonuses ---
name: confessor's 2 hazza'rah's 1 prophecy 3 
slot: Set bonuses
sp: 23
 --- And counts for start items ---
oh_limit: 0.9
time_left_mul: 0.5
total_deficit_to_pop_trinkets: 10000
in combat total: 1311.2
Flash Heal 1, casts: 46, avg: 442.486, 5.55003%, cast time 4.91153% of in combat, overheal: 0.269081
Flash Heal 2, casts: 9, avg: 611.539, 1.50074%, cast time 0.960952% of in combat, overheal: 0.116667
Flash Heal 3, casts: 7, avg: 586.53, 1.11951%, cast time 0.747407% of in combat, overheal: 0.240583
Flash Heal 4, casts: 12, avg: 794.203, 2.59867%, cast time 1.28127% of in combat, overheal: 0.0740073
Flash Heal 5, casts: 13, avg: 993.167, 3.52049%, cast time 1.38804% of in combat, overheal: 0.00285995
Flash Heal 6, casts: 8, avg: 704.807, 1.53744%, cast time 0.854179% of in combat, overheal: 0.383567
Flash Heal 7, casts: 123, avg: 1249.8, 41.9162%, cast time 13.133% of in combat, overheal: 0.0625
Greater Heal 1, casts: 2, avg: 1785.35, 0.973625%, cast time 0.38133% of in combat, overheal: 0
Greater Heal 1 hazz, casts: 9, avg: 1370.59, 3.36348%, cast time 1.02959% of in combat, overheal: 0.232311
Greater Heal 2 hazz, casts: 3, avg: 1617.66, 1.32326%, cast time 0.343197% of in combat, overheal: 0.217106
Greater Heal 3 hazz, casts: 2, avg: 1126.5, 0.614326%, cast time 0.228798% of in combat, overheal: 0.528841
Greater Heal 4, casts: 26, avg: 2489.76, 17.6509%, cast time 4.95729% of in combat, overheal: 0.101634
Greater Heal 4 hazz, casts: 7, avg: 2557.94, 4.88231%, cast time 0.800793% of in combat, overheal: 0.0770323
Heal 2, casts: 32, avg: 1104.31, 9.63556%, cast time 6.10128% of in combat, overheal: 0.123327
Heal 4, casts: 8, avg: 1748.2, 3.81345%, cast time 1.52532% of in combat, overheal: 0.0937675
Total time casting: 506.7, which is: 38.644% of time in combat.
Total hps: 279.701, raw hps: 315.485, oh: 0.113425
Deficit time sum: 2.7284e+07, baseline: 3.62225e+07
Deficit*time change / s: 6817.05 hp
Number of combats: 21
Average mana at start of combat: 9142.92
Average mana at end of combat: 7694.96
Other players with hps > 100:
  Cursedcookie : 146.583 hps
  Destin : 199.783 hps
  Ivaz : 229.118 hps
  Mw : 139.214 hps
  Ménèx : 138.394 hps
  Paxus : 145.032 hps
  Sambamamba : 185.502 hps
  Shamshoum : 142.044 hps
  Tcbeast : 178.683 hps
  Zuchiniz : 166.493 hps
Reading locked from: no-locks
Setting tag name to: senseless_bwl_speed_phase4
.
*** NEW BEST (1): 332.808

*** NEW BEST (1): 333.383

*** NEW BEST (1): 333.768
.
*** NEW BEST (1): 333.772

*** NEW BEST (1): 335.05

*** NEW BEST (1): 335.316
Temporary bans and partial set bonuses off.
.
*** NEW BEST (0): 328.313
finger 2 : primalist's seal -> cauterizing band => val: 328.313 -> 331.173

*** NEW BEST (0): 331.173
hands : high councillor's gloves of healing -> atal'ai hands of healing => val: 331.173 -> 333.413

*** NEW BEST (0): 333.413
***** INTERMEDIATE RESULTS *****
Iteration: 3
 ----------------------------
 --- head --- 
name: halo of transcendence
slot: head
intelligence: 27
stamina: 17
spirit: 22
sp_healing: 48
fire_res: 10
frost_res: 10
armor: 94
 ----------------------------
 --- neck --- 
name: jin'do's evil eye
slot: neck
intelligence: 11
stamina: 5
spirit: 6
sp_healing: 44
 ----------------------------
 --- shoulders --- 
name: pauldrons of transcendence
slot: shoulders
intelligence: 25
stamina: 12
spirit: 13
sp_healing: 26
fire_res: 10
armor: 87
 ----------------------------
 --- back --- 
name: hide of the wild
slot: back
intelligence: 10
stamina: 8
sp_healing: 42
armor: 48
 ----------------------------
 --- chest --- 
name: truefaith vestments
slot: chest
stamina: 14
sp_healing: 73
mp5: 6
armor: 96
 ----------------------------
 --- wrists --- 
name: zandalar confessor's wraps
slot: wrists
intelligence: 11
stamina: 10
spirit: 12
sp_healing: 24
armor: 41
 ----------------------------
 --- two-hand --- 
name: benediction
slot: two-hand
intelligence: 31
stamina: 10
spirit: 12
sp_healing: 106
spell_crit: 2
shadow_res: 20
 ----------------------------
 ---  --- 
name: 
slot: 
 ----------------------------
 ---  --- 
name: 
slot: 
 ----------------------------
 ---  --- 
name: 
slot: 
 ----------------------------
 --- ranged --- 
name: lunar wand of healing
slot: ranged
sp_healing: 20
 ----------------------------
 --- hands --- 
name: atal'ai hands of healing
slot: hands
sp: 9
sp_healing: 44
armor: 47
 ----------------------------
 --- waist --- 
name: firemaw's clutch
slot: waist
intelligence: 12
stamina: 12
sp: 35
mp5: 5
armor: 64
 ----------------------------
 --- legs --- 
name: empowered leggings
slot: legs
intelligence: 12
stamina: 12
spirit: 24
sp_healing: 77
spell_crit: 1
armor: 103
 ----------------------------
 --- feet --- 
name: boots of transcendence
slot: feet
intelligence: 17
stamina: 17
spirit: 17
sp_healing: 35
fire_res: 10
armor: 80
 ----------------------------
 --- finger --- 
name: pure elementium band
slot: finger
intelligence: 10
stamina: 9
spirit: 10
sp_healing: 53
 ----------------------------
 --- finger --- 
name: cauterizing band
slot: finger
intelligence: 12
stamina: 9
sp_healing: 46
 ----------------------------
 --- trinket --- 
name: rejuvenating gem
slot: trinket
sp_healing: 66
mp5: 9
 ----------------------------
 --- trinket --- 
name: hazza'rah's charm of healing
slot: trinket
 ----------------------------
 --- Set bonuses ---
name: confessor's 2 hazza'rah's 1 transcendence 3 
slot: Set bonuses
sp: 23
------------------
Best value: 333.413
------------------
Char stats: 
Effective hp: 8698.6
Effective mana (100 s, 33 % out of fsr): 16833.9
Raw max mana: 10452.3
Int: 416.53
Stam: 415.38
Spirit: 426.88
Strength: 79.58
Agility: 84.18
All stats multiplier (taken into account above): 1.15
Bonus mana: 2000
Bonus hp: 0
Mp5: 170
Sp: 67
Sp shadow: 0
Sp healing: 864
Spell crit: 21
Spell hit: 0
Arcane res: 27
Nature res: 27
Fire res: 57
Frost res: 37
Shadow res: 47
Armor: 2858.75
Defense: 300
Dodge: 0
Parry: 0
HpsPvp: 970.862
ShadowDps: 235.339
Value pvp healing: 1942.17
Value pvp shadow: 114.12
Effective hp-pvp: 11063.5
Effecctive mana for 100 s, 0.33 fsr: 18323.6
------------------
Best counts:
oh_limit: 0.5
time_left_mul: 2.7
total_deficit_to_pop_trinkets: 6302.49
in combat total: 1311.2
Flash Heal 1, casts: 13, avg: 485.992, 1.44517%, cast time 1.48719% of in combat, overheal: 0.253342
Flash Heal 2, casts: 4, avg: 737.825, 0.67509%, cast time 0.457596% of in combat, overheal: 0
Flash Heal 3, casts: 6, avg: 817.87, 1.12249%, cast time 0.686394% of in combat, overheal: 0
Flash Heal 4, casts: 2, avg: 903.216, 0.413209%, cast time 0.228798% of in combat, overheal: 0
Flash Heal 5, casts: 6, avg: 1041.57, 1.42951%, cast time 0.686394% of in combat, overheal: 0
Flash Heal 6, casts: 3, avg: 1188.94, 0.815884%, cast time 0.343197% of in combat, overheal: 0
Flash Heal 7, casts: 30, avg: 1342.91, 9.21544%, cast time 3.43197% of in combat, overheal: 0.0259696
Greater Heal 1, casts: 5, avg: 1856.95, 2.12383%, cast time 0.953325% of in combat, overheal: 0.010122
Greater Heal 1 hazz, casts: 10, avg: 1535.68, 3.51277%, cast time 1.14399% of in combat, overheal: 0.18138
Greater Heal 2 hazz, casts: 4, avg: 1951.72, 1.78577%, cast time 0.457596% of in combat, overheal: 0.0951199
Greater Heal 3 hazz, casts: 2, avg: 1877.5, 0.85893%, cast time 0.228798% of in combat, overheal: 0.243424
Greater Heal 4, casts: 66, avg: 2563.83, 38.7063%, cast time 12.5839% of in combat, overheal: 0.104225
Greater Heal 4 hazz, casts: 3, avg: 2639.43, 1.81125%, cast time 0.343197% of in combat, overheal: 0.0778135
Heal 2, casts: 72, avg: 1184.27, 19.5044%, cast time 13.7279% of in combat, overheal: 0.12321
Heal 4, casts: 38, avg: 1907.45, 16.58%, cast time 7.24527% of in combat, overheal: 0.0558127
Total time casting: 577, which is: 44.0055% of time in combat.
Total hps: 333.413, raw hps: 368.013, oh: 0.0940179
Deficit time sum: 2.63154e+07, baseline: 3.62225e+07
Deficit*time change / s: 7555.75 hp
Number of combats: 21
Average mana at start of combat: 9443.21
Average mana at end of combat: 8358.48
Other players with hps > 100:
  Cursedcookie : 135.677 hps
  Destin : 190.41 hps
  Ivaz : 228.294 hps
  Mw : 135.671 hps
  Ménèx : 134.437 hps
  Paxus : 146.041 hps
  Sambamamba : 184.502 hps
  Shamshoum : 136.95 hps
  Tcbeast : 177.336 hps
  Zuchiniz : 158.909 hps
------------------
Upgrades: 
( following sorted by alt scores, no specials )
vambraces of prophecy(2.34335) -> zandalar confessor's wraps(3.68408) : 1.34073 = +0.403746%
boots of prophecy(1.9657) -> boots of transcendence(3.12991) : 1.16422 = +0.350404%
dragon finger of intellect(0.185425) -> lunar wand of healing(1.34375) : 1.15833 = +0.348625%
gloves of prophecy(2.43704) -> atal'ai hands of healing(3.56094) : 1.1239 = +0.33823%
animated chain necklace(2.35284) -> jin'do's evil eye(3.34686) : 0.994019 = +0.299025%
burial shawl(1.7146) -> pauldrons of transcendence(2.62021) : 0.905609 = +0.272357%
fordring's seal(2.60184) -> cauterizing band(3.36877) : 0.766937 = +0.230556%
zandalar confessor's bindings(2.48172) -> firemaw's clutch(3.08044) : 0.598724 = +0.179897%
hide of the wild(3.05368) -> hide of the wild(3.05368) : 0 = +0%
truefaith vestments(5.44562) -> truefaith vestments(5.44562) : 0 = +0%
benediction, , , (8.67883) -> benediction, , , (8.67883) : 0 = +0%
empowered leggings(6.27774) -> empowered leggings(6.27774) : 0 = +0%
pure elementium band(4.0188) -> pure elementium band(4.0188) : 0 = +0%
rejuvenating gem(5.24573) -> rejuvenating gem(5.24573) : 0 = +0%
hazza'rah's charm of healing(8.18918) -> hazza'rah's charm of healing(8.18918) : 0 = +0%
zulian headdress(4.3595) -> halo of transcendence(4.34818) : -0.011322 = +-0.00339568%
------------------
~~~~ end of intermediate results ~~~~
Temporary bans and partial set bonuses on.
..
*** NEW BEST (1): 335.55

*** NEW BEST (1): 335.719
.
*** NEW BEST (1): 337.59

*** NEW BEST (1): 338.561

*** NEW BEST (1): 338.998
Temporary bans and partial set bonuses off.
.
*** NEW BEST (0): 335.913
Based on last: 3000 entries, out of total: 5556 entries, The least-squares solution is:
Int: 31.3963
Spirit: 52.0606
Sp / Healing: 100
Mp5: 169.646
Crit: 511.062
T1 3p/piece: 768.575
T2 3p/piece: 3534.99
Hazza'rah's: 9591.02
Darkmoon: 4513.99
100 points == 1 sp == 0.0650779 hps.
two-hand : staff of the shadow flame    -> benediction    => val: 335.913 -> 337.646

*** NEW BEST (0): 337.646
Based on last: 3000 entries, out of total: 5639 entries, The least-squares solution is:
Int: 32.1889
Spirit: 47.6508
Sp / Healing: 100
Mp5: 177.981
Crit: 477.444
T1 3p/piece: 712.453
T2 3p/piece: 3629.68
Hazza'rah's: 9636.56
Darkmoon: 4645.82
100 points == 1 sp == 0.0660396 hps.
back : hide of the wild -> shroud of pure thought => val: 337.646 -> 338.2

*** NEW BEST (0): 338.2
Based on last: 3000 entries, out of total: 5654 entries, The least-squares solution is:
Int: 32.6611
Spirit: 47.7739
Sp / Healing: 100
Mp5: 179.21
Crit: 476.178
T1 3p/piece: 700.282
T2 3p/piece: 3619.65
Hazza'rah's: 9633.57
Darkmoon: 4643.96
100 points == 1 sp == 0.0660661 hps.
finger 2 : primalist's seal -> cauterizing band => val: 338.2 -> 338.668

*** NEW BEST (0): 338.668
Based on last: 3000 entries, out of total: 5720 entries, The least-squares solution is:
Int: 35.5903
Spirit: 49.0482
Sp / Healing: 100
Mp5: 181.06
Crit: 458.729
T1 3p/piece: 645.966
T2 3p/piece: 3700.57
Hazza'rah's: 9631.89
Darkmoon: 4660.2
100 points == 1 sp == 0.0658358 hps.
***** INTERMEDIATE RESULTS *****
Iteration: 7
 ----------------------------
 --- head --- 
name: crystal adorned crown
slot: head
intelligence: 14
spirit: 13
sp_healing: 92
armor: 85
 ----------------------------
 --- neck --- 
name: jin'do's evil eye
slot: neck
intelligence: 11
stamina: 5
spirit: 6
sp_healing: 44
 ----------------------------
 --- shoulders --- 
name: pauldrons of transcendence
slot: shoulders
intelligence: 25
stamina: 12
spirit: 13
sp_healing: 26
fire_res: 10
armor: 87
 ----------------------------
 --- back --- 
name: shroud of pure thought
slot: back
intelligence: 11
stamina: 10
sp_healing: 33
mp5: 6
armor: 57
 ----------------------------
 --- chest --- 
name: truefaith vestments
slot: chest
stamina: 14
sp_healing: 73
mp5: 6
armor: 96
 ----------------------------
 --- wrists --- 
name: bindings of transcendence
slot: wrists
intelligence: 13
stamina: 9
spirit: 16
sp_healing: 33
armor: 51
 ----------------------------
 --- two-hand --- 
name: benediction
slot: two-hand
intelligence: 31
stamina: 10
spirit: 12
sp_healing: 106
spell_crit: 2
shadow_res: 20
 ----------------------------
 ---  --- 
name: 
slot: 
 ----------------------------
 ---  --- 
name: 
slot: 
 ----------------------------
 ---  --- 
name: 
slot: 
 ----------------------------
 --- ranged --- 
name: lunar wand of healing
slot: ranged
sp_healing: 20
 ----------------------------
 --- hands --- 
name: handguards of transcendence
slot: hands
intelligence: 20
stamina: 12
spirit: 13
sp_healing: 29
spell_crit: 1
armor: 72
 ----------------------------
 --- waist --- 
name: zandalar confessor's bindings
slot: waist
intelligence: 20
stamina: 12
spirit: 12
sp_healing: 26
armor: 53
 ----------------------------
 --- legs --- 
name: empowered leggings
slot: legs
intelligence: 12
stamina: 12
spirit: 24
sp_healing: 77
spell_crit: 1
armor: 103
 ----------------------------
 --- feet --- 
name: boots of pure thought
slot: feet
intelligence: 12
stamina: 8
spirit: 12
sp_healing: 62
armor: 74
 ----------------------------
 --- finger --- 
name: pure elementium band
slot: finger
intelligence: 10
stamina: 9
spirit: 10
sp_healing: 53
 ----------------------------
 --- finger --- 
name: cauterizing band
slot: finger
intelligence: 12
stamina: 9
sp_healing: 46
 ----------------------------
 --- trinket --- 
name: rejuvenating gem
slot: trinket
sp_healing: 66
mp5: 9
 ----------------------------
 --- trinket --- 
name: hazza'rah's charm of healing
slot: trinket
 ----------------------------
 --- Set bonuses ---
name: confessor's 2 hazza'rah's 1 transcendence 3 
slot: Set bonuses
sp: 23
------------------
Best value: 338.668
------------------
Char stats: 
Effective hp: 8556.7
Effective mana (100 s, 33 % out of fsr): 17207.8
Raw max mana: 10699
Int: 431.48
Stam: 400.43
Spirit: 444.13
Strength: 79.58
Agility: 84.18
All stats multiplier (taken into account above): 1.15
Bonus mana: 2000
Bonus hp: 0
Mp5: 171
Sp: 23
Sp shadow: 0
Sp healing: 946
Spell crit: 22
Spell hit: 0
Arcane res: 27
Nature res: 27
Fire res: 37
Frost res: 27
Shadow res: 47
Armor: 2876.75
Defense: 300
Dodge: 0
Parry: 0
HpsPvp: 984.605
ShadowDps: 226.336
Value pvp healing: 1930.63
Value pvp shadow: 102.02
Effective hp-pvp: 10757.8
Effecctive mana for 100 s, 0.33 fsr: 18751.7
------------------
Best counts:
oh_limit: 0.8
time_left_mul: 2.9
total_deficit_to_pop_trinkets: 5403.6
in combat total: 1311.2
Flash Heal 1, casts: 12, avg: 426.5, 1.15254%, cast time 1.37279% of in combat, overheal: 0.363137
Flash Heal 2, casts: 5, avg: 756.825, 0.852161%, cast time 0.571995% of in combat, overheal: -6.45171e-08
Flash Heal 3, casts: 2, avg: 837.054, 0.376999%, cast time 0.228798% of in combat, overheal: 0
Flash Heal 4, casts: 1, avg: 922.596, 0.207763%, cast time 0.114399% of in combat, overheal: 0
Flash Heal 5, casts: 2, avg: 1061.27, 0.477983%, cast time 0.228798% of in combat, overheal: 0
Flash Heal 6, casts: 3, avg: 1208.98, 0.816761%, cast time 0.343197% of in combat, overheal: 0
Flash Heal 7, casts: 28, avg: 1356.1, 8.5508%, cast time 3.20317% of in combat, overheal: 0.0307927
Greater Heal 1, casts: 8, avg: 1623.47, 2.92477%, cast time 1.52532% of in combat, overheal: 0.152099
Greater Heal 1 hazz, casts: 14, avg: 1395.9, 4.40089%, cast time 1.60159% of in combat, overheal: 0.270952
Greater Heal 2 hazz, casts: 3, avg: 2196.29, 1.48377%, cast time 0.343197% of in combat, overheal: 0
Greater Heal 3 hazz, casts: 3, avg: 1695, 1.14511%, cast time 0.343197% of in combat, overheal: 0.327842
Greater Heal 4, casts: 67, avg: 2522.93, 38.0659%, cast time 12.7746% of in combat, overheal: 0.130976
Greater Heal 4 hazz, casts: 5, avg: 2694.34, 3.03374%, cast time 0.571995% of in combat, overheal: 0.0719332
Heal 2, casts: 97, avg: 1022, 22.3244%, cast time 18.4945% of in combat, overheal: 0.263904
Heal 4, casts: 35, avg: 1799.9, 14.1864%, cast time 6.67328% of in combat, overheal: 0.126033
Total time casting: 634.5, which is: 48.3908% of time in combat.
Total hps: 338.668, raw hps: 405.282, oh: 0.164364
Deficit time sum: 2.63263e+07, baseline: 3.62225e+07
Deficit*time change / s: 7547.41 hp
Number of combats: 21
Average mana at start of combat: 9650.04
Average mana at end of combat: 8605.4
Other players with hps > 100:
  Cursedcookie : 137.876 hps
  Destin : 193.747 hps
  Ivaz : 225.047 hps
  Mw : 138.219 hps
  Ménèx : 134.388 hps
  Paxus : 143.994 hps
  Sambamamba : 183.211 hps
  Shamshoum : 137.124 hps
  Tcbeast : 174.715 hps
  Zuchiniz : 157.321 hps
------------------
Upgrades: 
( following sorted by alt scores, no specials )
boots of prophecy(2.09119) -> boots of pure thought(4.75049) : 2.6593 = +0.791438%
zulian headdress(4.42453) -> crystal adorned crown(6.80472) : 2.38019 = +0.707782%
dragon finger of intellect(0.187439) -> lunar wand of healing(1.31671) : 1.12927 = +0.334561%
burial shawl(1.69162) -> pauldrons of transcendence(2.71729) : 1.02567 = +0.303772%
animated chain necklace(2.36633) -> jin'do's evil eye(3.34827) : 0.981934 = +0.290783%
fordring's seal(2.55307) -> cauterizing band(3.30963) : 0.756561 = +0.223893%
vambraces of prophecy(2.46942) -> bindings of transcendence(2.99384) : 0.524414 = +0.155086%
gloves of prophecy(2.73608) -> handguards of transcendence(3.09967) : 0.363586 = +0.107473%
hide of the wild(2.99942) -> shroud of pure thought(3.14554) : 0.146118 = +0.0431635%
truefaith vestments(5.52124) -> truefaith vestments(5.52124) : 0 = +0%
benediction, , , (8.69647) -> benediction, , , (8.69647) : 0 = +0%
zandalar confessor's bindings(4.08206) -> zandalar confessor's bindings(4.08206) : 0 = +0%
empowered leggings(6.42752) -> empowered leggings(6.42752) : 0 = +0%
pure elementium band(4.04654) -> pure elementium band(4.04654) : 0 = +0%
rejuvenating gem(5.418) -> rejuvenating gem(5.418) : 0 = +0%
hazza'rah's charm of healing(7.85547) -> hazza'rah's charm of healing(7.85547) : 0 = +0%
------------------
~~~~ end of intermediate results ~~~~
Temporary bans and partial set bonuses on.
.
*** NEW BEST (1): 339.208
Based on last: 3000 entries, out of total: 5742 entries, The least-squares solution is:
Int: 36.1382
Spirit: 48.3559
Sp / Healing: 100
Mp5: 182.506
Crit: 456.238
T1 3p/piece: 643.69
T2 3p/piece: 3701.65
Hazza'rah's: 9633.67
Darkmoon: 4661.07
100 points == 1 sp == 0.0658235 hps.
.
*** NEW BEST (1): 339.695
Based on last: 3000 entries, out of total: 6022 entries, The least-squares solution is:
Int: 38.7619
Spirit: 54.5869
Sp / Healing: 100
Mp5: 203.842
Crit: 422.044
T1 3p/piece: 570.564
T2 3p/piece: 3557.75
Hazza'rah's: 9602.87
Darkmoon: 4750.77
100 points == 1 sp == 0.0665575 hps.
.Temporary bans and partial set bonuses off.
.neck : wavefront necklace -> jin'do's evil eye => val: 334.493 -> 335.495
shoulders : mantle of the blackwing cabal -> pauldrons of transcendence => val: 335.495 -> 335.711
Swapping to best matching bonuses: 
    zandalar confessor's bindings -> zandalar confessor's bindings
    pauldrons of transcendence -> zandalar confessor's mantle
    bindings of transcendence -> bindings of transcendence
    atal'ai hands of healing -> handguards of transcendence
    truefaith vestments -> robes of transcendence
    boots of transcendence -> boots of pure thought
    leggings of transcendence -> empowered leggings
    value from: 335.711 -> 338.245
***** INTERMEDIATE RESULTS *****
Iteration: 11
 ----------------------------
 --- head --- 
name: crystal adorned crown
slot: head
intelligence: 14
spirit: 13
sp_healing: 92
armor: 85
 ----------------------------
 --- neck --- 
name: jin'do's evil eye
slot: neck
intelligence: 11
stamina: 5
spirit: 6
sp_healing: 44
 ----------------------------
 --- shoulders --- 
name: pauldrons of transcendence
slot: shoulders
intelligence: 25
stamina: 12
spirit: 13
sp_healing: 26
fire_res: 10
armor: 87
 ----------------------------
 --- back --- 
name: shroud of pure thought
slot: back
intelligence: 11
stamina: 10
sp_healing: 33
mp5: 6
armor: 57
 ----------------------------
 --- chest --- 
name: truefaith vestments
slot: chest
stamina: 14
sp_healing: 73
mp5: 6
armor: 96
 ----------------------------
 --- wrists --- 
name: bindings of transcendence
slot: wrists
intelligence: 13
stamina: 9
spirit: 16
sp_healing: 33
armor: 51
 ----------------------------
 --- two-hand --- 
name: benediction
slot: two-hand
intelligence: 31
stamina: 10
spirit: 12
sp_healing: 106
spell_crit: 2
shadow_res: 20
 ----------------------------
 ---  --- 
name: 
slot: 
 ----------------------------
 ---  --- 
name: 
slot: 
 ----------------------------
 ---  --- 
name: 
slot: 
 ----------------------------
 --- ranged --- 
name: lunar wand of healing
slot: ranged
sp_healing: 20
 ----------------------------
 --- hands --- 
name: handguards of transcendence
slot: hands
intelligence: 20
stamina: 12
spirit: 13
sp_healing: 29
spell_crit: 1
armor: 72
 ----------------------------
 --- waist --- 
name: zandalar confessor's bindings
slot: waist
intelligence: 20
stamina: 12
spirit: 12
sp_healing: 26
armor: 53
 ----------------------------
 --- legs --- 
name: empowered leggings
slot: legs
intelligence: 12
stamina: 12
spirit: 24
sp_healing: 77
spell_crit: 1
armor: 103
 ----------------------------
 --- feet --- 
name: boots of pure thought
slot: feet
intelligence: 12
stamina: 8
spirit: 12
sp_healing: 62
armor: 74
 ----------------------------
 --- finger --- 
name: pure elementium band
slot: finger
intelligence: 10
stamina: 9
spirit: 10
sp_healing: 53
 ----------------------------
 --- finger --- 
name: primalist's seal
slot: finger
intelligence: 12
spirit: 8
sp_healing: 29
 ----------------------------
 --- trinket --- 
name: rejuvenating gem
slot: trinket
sp_healing: 66
mp5: 9
 ----------------------------
 --- trinket --- 
name: hazza'rah's charm of healing
slot: trinket
 ----------------------------
 --- Set bonuses ---
name: confessor's 2 hazza'rah's 1 transcendence 3 
slot: Set bonuses
sp: 23
------------------
Best value: 338.668
------------------
Char stats: 
Effective hp: 8449.8
Effective mana (100 s, 33 % out of fsr): 17265.1
Raw max mana: 10699
Int: 431.48
Stam: 390.08
Spirit: 453.33
Strength: 79.58
Agility: 84.18
All stats multiplier (taken into account above): 1.15
Bonus mana: 2000
Bonus hp: 0
Mp5: 171
Sp: 23
Sp shadow: 0
Sp healing: 929
Spell crit: 22
Spell hit: 0
Arcane res: 27
Nature res: 27
Fire res: 37
Frost res: 27
Shadow res: 47
Armor: 2876.75
Defense: 300
Dodge: 0
Parry: 0
HpsPvp: 978.622
ShadowDps: 226.336
Value pvp healing: 1979.34
Value pvp shadow: 105.876
Effective hp-pvp: 10623.4
Effecctive mana for 100 s, 0.33 fsr: 18837.8
------------------
Best counts:
oh_limit: 0.8
time_left_mul: 2.9
total_deficit_to_pop_trinkets: 5403.6
in combat total: 1311.2
Flash Heal 1, casts: 12, avg: 426.5, 1.15414%, cast time 1.37279% of in combat, overheal: 0.35569
Flash Heal 2, casts: 4, avg: 749.084, 0.67569%, cast time 0.457596% of in combat, overheal: 0
Flash Heal 3, casts: 3, avg: 829.313, 0.561044%, cast time 0.343197% of in combat, overheal: 0
Flash Heal 4, casts: 1, avg: 914.855, 0.206305%, cast time 0.114399% of in combat, overheal: 0
Flash Heal 5, casts: 2, avg: 1053.53, 0.475153%, cast time 0.228798% of in combat, overheal: 0
Flash Heal 6, casts: 3, avg: 1201.23, 0.812655%, cast time 0.343197% of in combat, overheal: 0
Flash Heal 7, casts: 28, avg: 1348.91, 8.51725%, cast time 3.20317% of in combat, overheal: 0.0305667
Greater Heal 1, casts: 9, avg: 1647.28, 3.34323%, cast time 1.71599% of in combat, overheal: 0.132692
Greater Heal 1 hazz, casts: 14, avg: 1387.03, 4.37898%, cast time 1.60159% of in combat, overheal: 0.269712
Greater Heal 2 hazz, casts: 3, avg: 2180.89, 1.47541%, cast time 0.343197% of in combat, overheal: 0
Greater Heal 3 hazz, casts: 3, avg: 1695, 1.1467%, cast time 0.343197% of in combat, overheal: 0.323713
Greater Heal 4, casts: 70, avg: 2517.31, 39.7367%, cast time 13.3466% of in combat, overheal: 0.128288
Greater Heal 4 hazz, casts: 5, avg: 2682.02, 3.02406%, cast time 0.571995% of in combat, overheal: 0.0712504
Heal 2, casts: 95, avg: 1015.57, 21.7567%, cast time 18.1132% of in combat, overheal: 0.260283
Heal 4, casts: 32, avg: 1764.92, 12.736%, cast time 6.10128% of in combat, overheal: 0.136525
Total time casting: 632, which is: 48.2001% of time in combat.
Total hps: 338.2, raw hps: 403.583, oh: 0.162005
Deficit time sum: 2.62374e+07, baseline: 3.62225e+07
Deficit*time change / s: 7615.21 hp
Number of combats: 21
Average mana at start of combat: 9666.44
Average mana at end of combat: 8617.4
Other players with hps > 100:
  Cursedcookie : 137.909 hps
  Destin : 193.829 hps
  Ivaz : 225.194 hps
  Mw : 138.272 hps
  Ménèx : 134.512 hps
  Paxus : 144.049 hps
  Sambamamba : 183.3 hps
  Shamshoum : 137.2 hps
  Tcbeast : 174.83 hps
  Zuchiniz : 157.441 hps
------------------
Upgrades: 
( following sorted by alt scores, no specials )
boots of prophecy(2.2074) -> boots of pure thought(4.87213) : 2.66473 = +0.794174%
zulian headdress(4.55627) -> crystal adorned crown(6.95679) : 2.40051 = +0.714865%
dragon finger of intellect(0.20639) -> lunar wand of healing(1.33115) : 1.12476 = +0.333681%
burial shawl(1.74393) -> pauldrons of transcendence(2.84778) : 1.10385 = +0.327459%
animated chain necklace(2.4144) -> jin'do's evil eye(3.4303) : 1.0159 = +0.301289%
vambraces of prophecy(2.59323) -> bindings of transcendence(3.1131) : 0.519867 = +0.153952%
gloves of prophecy(2.94403) -> handguards of transcendence(3.19937) : 0.255341 = +0.0755569%
hide of the wild(3.05341) -> shroud of pure thought(3.29422) : 0.240814 = +0.0712554%
truefaith vestments(5.67273) -> truefaith vestments(5.67273) : 0 = +0%
benediction, , , (8.85263) -> benediction, , , (8.85263) : 0 = +0%
zandalar confessor's bindings(4.21329) -> zandalar confessor's bindings(4.21329) : 0 = +0%
empowered leggings(6.58737) -> empowered leggings(6.58737) : 0 = +0%
pure elementium band(4.14886) -> pure elementium band(4.14886) : 0 = +0%
rejuvenating gem(5.61383) -> rejuvenating gem(5.61383) : 0 = +0%
hazza'rah's charm of healing(7.92224) -> hazza'rah's charm of healing(7.92224) : 0 = +0%
fordring's seal(2.59161) -> primalist's seal(2.5304) : -0.0612183 = +-0.0180979%
------------------
~~~~ end of intermediate results ~~~~
Temporary bans and partial set bonuses on.
...Temporary bans and partial set bonuses off.
.back : hide of the wild -> shroud of pure thought => val: 333.433 -> 335.081
finger 2 : primalist's seal -> cauterizing band => val: 335.081 -> 335.339
***** INTERMEDIATE RESULTS *****
Iteration: 15
 ----------------------------
 --- head --- 
name: crystal adorned crown
slot: head
intelligence: 14
spirit: 13
sp_healing: 92
armor: 85
 ----------------------------
 --- neck --- 
name: jin'do's evil eye
slot: neck
intelligence: 11
stamina: 5
spirit: 6
sp_healing: 44
 ----------------------------
 --- shoulders --- 
name: pauldrons of transcendence
slot: shoulders
intelligence: 25
stamina: 12
spirit: 13
sp_healing: 26
fire_res: 10
armor: 87
 ----------------------------
 --- back --- 
name: shroud of pure thought
slot: back
intelligence: 11
stamina: 10
sp_healing: 33
mp5: 6
armor: 57
 ----------------------------
 --- chest --- 
name: truefaith vestments
slot: chest
stamina: 14
sp_healing: 73
mp5: 6
armor: 96
 ----------------------------
 --- wrists --- 
name: bindings of transcendence
slot: wrists
intelligence: 13
stamina: 9
spirit: 16
sp_healing: 33
armor: 51
 ----------------------------
 --- two-hand --- 
name: benediction
slot: two-hand
intelligence: 31
stamina: 10
spirit: 12
sp_healing: 106
spell_crit: 2
shadow_res: 20
 ----------------------------
 ---  --- 
name: 
slot: 
 ----------------------------
 ---  --- 
name: 
slot: 
 ----------------------------
 ---  --- 
name: 
slot: 
 ----------------------------
 --- ranged --- 
name: lunar wand of healing
slot: ranged
sp_healing: 20
 ----------------------------
 --- hands --- 
name: handguards of transcendence
slot: hands
intelligence: 20
stamina: 12
spirit: 13
sp_healing: 29
spell_crit: 1
armor: 72
 ----------------------------
 --- waist --- 
name: zandalar confessor's bindings
slot: waist
intelligence: 20
stamina: 12
spirit: 12
sp_healing: 26
armor: 53
 ----------------------------
 --- legs --- 
name: empowered leggings
slot: legs
intelligence: 12
stamina: 12
spirit: 24
sp_healing: 77
spell_crit: 1
armor: 103
 ----------------------------
 --- feet --- 
name: boots of pure thought
slot: feet
intelligence: 12
stamina: 8
spirit: 12
sp_healing: 62
armor: 74
 ----------------------------
 --- finger --- 
name: pure elementium band
slot: finger
intelligence: 10
stamina: 9
spirit: 10
sp_healing: 53
 ----------------------------
 --- finger --- 
name: primalist's seal
slot: finger
intelligence: 12
spirit: 8
sp_healing: 29
 ----------------------------
 --- trinket --- 
name: rejuvenating gem
slot: trinket
sp_healing: 66
mp5: 9
 ----------------------------
 --- trinket --- 
name: hazza'rah's charm of healing
slot: trinket
 ----------------------------
 --- Set bonuses ---
name: confessor's 2 hazza'rah's 1 transcendence 3 
slot: Set bonuses
sp: 23
------------------
Best value: 338.668
------------------
Char stats: 
Effective hp: 8449.8
Effective mana (100 s, 33 % out of fsr): 17265.1
Raw max mana: 10699
Int: 431.48
Stam: 390.08
Spirit: 453.33
Strength: 79.58
Agility: 84.18
All stats multiplier (taken into account above): 1.15
Bonus mana: 2000
Bonus hp: 0
Mp5: 171
Sp: 23
Sp shadow: 0
Sp healing: 929
Spell crit: 22
Spell hit: 0
Arcane res: 27
Nature res: 27
Fire res: 37
Frost res: 27
Shadow res: 47
Armor: 2876.75
Defense: 300
Dodge: 0
Parry: 0
HpsPvp: 967.232
ShadowDps: 234.621
Value pvp healing: 1940.09
Value pvp shadow: 114.155
Effective hp-pvp: 10623.4
Effecctive mana for 100 s, 0.33 fsr: 18837.8
------------------
Best counts:
oh_limit: 0.8
time_left_mul: 2.7
total_deficit_to_pop_trinkets: 5403.6
in combat total: 1311.2
Flash Heal 1, casts: 13, avg: 432.692, 1.2728%, cast time 1.48719% of in combat, overheal: 0.346335
Flash Heal 2, casts: 4, avg: 749.084, 0.677995%, cast time 0.457596% of in combat, overheal: 0
Flash Heal 3, casts: 5, avg: 829.313, 0.938263%, cast time 0.571995% of in combat, overheal: 0
Flash Heal 4, casts: 1, avg: 914.855, 0.207009%, cast time 0.114399% of in combat, overheal: 0
Flash Heal 5, casts: 3, avg: 1053.53, 0.715161%, cast time 0.343197% of in combat, overheal: 0
Flash Heal 6, casts: 3, avg: 1201.23, 0.815427%, cast time 0.343197% of in combat, overheal: 0
Flash Heal 7, casts: 29, avg: 1342.68, 8.8106%, cast time 3.31757% of in combat, overheal: 0.0350501
Greater Heal 1, casts: 9, avg: 1647.28, 3.35464%, cast time 1.71599% of in combat, overheal: 0.132692
Greater Heal 1 hazz, casts: 14, avg: 1387.03, 4.39392%, cast time 1.60159% of in combat, overheal: 0.269712
Greater Heal 2 hazz, casts: 3, avg: 2180.89, 1.48044%, cast time 0.343197% of in combat, overheal: 0
Greater Heal 3 hazz, casts: 3, avg: 1695, 1.15061%, cast time 0.343197% of in combat, overheal: 0.323713
Greater Heal 4, casts: 69, avg: 2511.94, 39.2189%, cast time 13.1559% of in combat, overheal: 0.130147
Greater Heal 4 hazz, casts: 5, avg: 2682.02, 3.03437%, cast time 0.571995% of in combat, overheal: 0.0712504
Heal 2, casts: 90, avg: 1015.87, 20.688%, cast time 17.1599% of in combat, overheal: 0.260064
Heal 4, casts: 33, avg: 1773.38, 13.2419%, cast time 6.29195% of in combat, overheal: 0.132388
Total time casting: 627, which is: 47.8188% of time in combat.
Total hps: 337.05, raw hps: 401.338, oh: 0.160183
Deficit time sum: 2.62782e+07, baseline: 3.62225e+07
Deficit*time change / s: 7584.1 hp
Number of combats: 21
Average mana at start of combat: 9646.1
Average mana at end of combat: 8594.96
Other players with hps > 100:
  Cursedcookie : 137.508 hps
  Destin : 193.883 hps
  Ivaz : 224.561 hps
  Mw : 138.272 hps
  Ménèx : 134.769 hps
  Paxus : 144.049 hps
  Sambamamba : 183.3 hps
  Shamshoum : 137.2 hps
  Tcbeast : 175.32 hps
  Zuchiniz : 157.441 hps
------------------
Upgrades: 
( following sorted by alt scores, no specials )
boots of prophecy(2.2074) -> boots of pure thought(4.87213) : 2.66473 = +0.796904%
zulian headdress(4.55627) -> crystal adorned crown(6.95679) : 2.40051 = +0.717321%
dragon finger of intellect(0.20639) -> lunar wand of healing(1.33115) : 1.12476 = +0.334823%
burial shawl(1.74393) -> pauldrons of transcendence(2.84778) : 1.10385 = +0.328579%
animated chain necklace(2.4144) -> jin'do's evil eye(3.4303) : 1.0159 = +0.30232%
vambraces of prophecy(2.59323) -> bindings of transcendence(3.1131) : 0.519867 = +0.154478%
gloves of prophecy(2.94403) -> handguards of transcendence(3.19937) : 0.255341 = +0.0758148%
hide of the wild(3.05341) -> shroud of pure thought(3.29422) : 0.240814 = +0.0714986%
truefaith vestments(5.67273) -> truefaith vestments(5.67273) : 0 = +0%
benediction, , , (8.85263) -> benediction, , , (8.85263) : 0 = +0%
zandalar confessor's bindings(4.21329) -> zandalar confessor's bindings(4.21329) : 0 = +0%
empowered leggings(6.58737) -> empowered leggings(6.58737) : 0 = +0%
pure elementium band(4.14886) -> pure elementium band(4.14886) : 0 = +0%
rejuvenating gem(5.61383) -> rejuvenating gem(5.61383) : 0 = +0%
hazza'rah's charm of healing(7.92224) -> hazza'rah's charm of healing(7.92224) : 0 = +0%
fordring's seal(2.59161) -> primalist's seal(2.5304) : -0.0612183 = +-0.0181596%
------------------
~~~~ end of intermediate results ~~~~
Same items for intermediate results again, ending optimization. 
 ----------------------------
 --- head --- 
name: crystal adorned crown
slot: head
intelligence: 14
spirit: 13
sp_healing: 92
armor: 85
 ----------------------------
 --- neck --- 
name: jin'do's evil eye
slot: neck
intelligence: 11
stamina: 5
spirit: 6
sp_healing: 44
 ----------------------------
 --- shoulders --- 
name: pauldrons of transcendence
slot: shoulders
intelligence: 25
stamina: 12
spirit: 13
sp_healing: 26
fire_res: 10
armor: 87
 ----------------------------
 --- back --- 
name: shroud of pure thought
slot: back
intelligence: 11
stamina: 10
sp_healing: 33
mp5: 6
armor: 57
 ----------------------------
 --- chest --- 
name: truefaith vestments
slot: chest
stamina: 14
sp_healing: 73
mp5: 6
armor: 96
 ----------------------------
 --- wrists --- 
name: bindings of transcendence
slot: wrists
intelligence: 13
stamina: 9
spirit: 16
sp_healing: 33
armor: 51
 ----------------------------
 --- two-hand --- 
name: benediction
slot: two-hand
intelligence: 31
stamina: 10
spirit: 12
sp_healing: 106
spell_crit: 2
shadow_res: 20
 ----------------------------
 ---  --- 
name: 
slot: 
 ----------------------------
 ---  --- 
name: 
slot: 
 ----------------------------
 ---  --- 
name: 
slot: 
 ----------------------------
 --- ranged --- 
name: lunar wand of healing
slot: ranged
sp_healing: 20
 ----------------------------
 --- hands --- 
name: handguards of transcendence
slot: hands
intelligence: 20
stamina: 12
spirit: 13
sp_healing: 29
spell_crit: 1
armor: 72
 ----------------------------
 --- waist --- 
name: zandalar confessor's bindings
slot: waist
intelligence: 20
stamina: 12
spirit: 12
sp_healing: 26
armor: 53
 ----------------------------
 --- legs --- 
name: empowered leggings
slot: legs
intelligence: 12
stamina: 12
spirit: 24
sp_healing: 77
spell_crit: 1
armor: 103
 ----------------------------
 --- feet --- 
name: boots of pure thought
slot: feet
intelligence: 12
stamina: 8
spirit: 12
sp_healing: 62
armor: 74
 ----------------------------
 --- finger --- 
name: pure elementium band
slot: finger
intelligence: 10
stamina: 9
spirit: 10
sp_healing: 53
 ----------------------------
 --- finger --- 
name: primalist's seal
slot: finger
intelligence: 12
spirit: 8
sp_healing: 29
 ----------------------------
 --- trinket --- 
name: rejuvenating gem
slot: trinket
sp_healing: 66
mp5: 9
 ----------------------------
 --- trinket --- 
name: hazza'rah's charm of healing
slot: trinket
 ----------------------------
 --- Set bonuses ---
name: confessor's 2 hazza'rah's 1 transcendence 3 
slot: Set bonuses
sp: 23
------------------
Char stats: 
Effective hp: 8449.8
Effective mana (100 s, 33 % out of fsr): 17265.1
Raw max mana: 10699
Int: 431.48
Stam: 390.08
Spirit: 453.33
Strength: 79.58
Agility: 84.18
All stats multiplier (taken into account above): 1.15
Bonus mana: 2000
Bonus hp: 0
Mp5: 171
Sp: 23
Sp shadow: 0
Sp healing: 929
Spell crit: 22
Spell hit: 0
Arcane res: 27
Nature res: 27
Fire res: 37
Frost res: 27
Shadow res: 47
Armor: 2876.75
Defense: 300
Dodge: 0
Parry: 0
HpsPvp: 979.087
ShadowDps: 226.336
Value pvp healing: 1867.84
Value pvp shadow: 99.8174
Effective hp-pvp: 10623.4
Effecctive mana for 100 s, 0.33 fsr: 18837.8
------------------
Best counts:
oh_limit: 0.8
time_left_mul: 2.7
total_deficit_to_pop_trinkets: 5403.6
in combat total: 1311.2
Flash Heal 1, casts: 13, avg: 432.692, 1.2728%, cast time 1.48719% of in combat, overheal: 0.346335
Flash Heal 2, casts: 4, avg: 749.084, 0.677995%, cast time 0.457596% of in combat, overheal: 0
Flash Heal 3, casts: 5, avg: 829.313, 0.938263%, cast time 0.571995% of in combat, overheal: 0
Flash Heal 4, casts: 1, avg: 914.855, 0.207009%, cast time 0.114399% of in combat, overheal: 0
Flash Heal 5, casts: 3, avg: 1053.53, 0.715161%, cast time 0.343197% of in combat, overheal: 0
Flash Heal 6, casts: 3, avg: 1201.23, 0.815427%, cast time 0.343197% of in combat, overheal: 0
Flash Heal 7, casts: 29, avg: 1342.68, 8.8106%, cast time 3.31757% of in combat, overheal: 0.0350501
Greater Heal 1, casts: 9, avg: 1647.28, 3.35464%, cast time 1.71599% of in combat, overheal: 0.132692
Greater Heal 1 hazz, casts: 14, avg: 1387.03, 4.39392%, cast time 1.60159% of in combat, overheal: 0.269712
Greater Heal 2 hazz, casts: 3, avg: 2180.89, 1.48044%, cast time 0.343197% of in combat, overheal: 0
Greater Heal 3 hazz, casts: 3, avg: 1695, 1.15061%, cast time 0.343197% of in combat, overheal: 0.323713
Greater Heal 4, casts: 69, avg: 2511.94, 39.2189%, cast time 13.1559% of in combat, overheal: 0.130147
Greater Heal 4 hazz, casts: 5, avg: 2682.02, 3.03437%, cast time 0.571995% of in combat, overheal: 0.0712504
Heal 2, casts: 90, avg: 1015.87, 20.688%, cast time 17.1599% of in combat, overheal: 0.260064
Heal 4, casts: 33, avg: 1773.38, 13.2419%, cast time 6.29195% of in combat, overheal: 0.132388
Total time casting: 627, which is: 47.8188% of time in combat.
Total hps: 337.05, raw hps: 401.338, oh: 0.160183
Deficit time sum: 2.62782e+07, baseline: 3.62225e+07
Deficit*time change / s: 7584.1 hp
Number of combats: 21
Average mana at start of combat: 9646.1
Average mana at end of combat: 8594.96
Other players with hps > 100:
  Cursedcookie : 137.508 hps
  Destin : 193.883 hps
  Ivaz : 224.561 hps
  Mw : 138.272 hps
  Ménèx : 134.769 hps
  Paxus : 144.049 hps
  Sambamamba : 183.3 hps
  Shamshoum : 137.2 hps
  Tcbeast : 175.32 hps
  Zuchiniz : 157.441 hps
------------------
Based on last: 3000 entries, out of total: 9807 entries, The least-squares solution is:
Int: 48.3262
Spirit: 14.0557
Sp / Healing: 100
Mp5: 94.8813
Crit: 243.028
T1 3p/piece: 461.627
T2 3p/piece: 2883.2
Hazza'rah's: 8481.98
Darkmoon: 3221.15
100 points == 1 sp == 0.0939844 hps.
Appended tag:
( Pawn: v1: "senseless_bwl_speed_phase4": Intellect=48.3262, Spirit=14.0557, Healing=100, Mp5=94.8813, SpellCritRating=243.028, IsFist=X, Is2HMace=X, IsCrossbow=X, IsGun=X, IsShield=X, IsPolearm=X, Is2HAxe=X, IsBow=X, IsMail=X, IsPlate=X, IsLeather=X, IsAxe=X, Is2HAxe=X, IsSword=X, Is2HSword=X)
To file: senseless_bwl_speed_phase4.pawn_tag.txt
------------------
Diffs to start: 
Upgrades: 
( following sorted by alt scores, no specials )
boots of prophecy(2.70743) -> boots of pure thought(6.53058) : 3.82315 = +1.14731%
zulian headdress(6.03537) -> crystal adorned crown(9.45416) : 3.41879 = +1.02472%
animated chain necklace(3.18076) -> jin'do's evil eye(4.71417) : 1.53342 = +0.457031%
dragon finger of intellect(0.363342) -> lunar wand of healing(1.8797) : 1.51636 = +0.451924%
burial shawl(2.60638) -> pauldrons of transcendence(3.75079) : 1.14441 = +0.340693%
gloves of prophecy(3.1062) -> handguards of transcendence(4.03406) : 0.927856 = +0.276047%
vambraces of prophecy(3.20193) -> bindings of transcendence(3.90329) : 0.701355 = +0.20852%
truefaith vestments(7.3959) -> truefaith vestments(7.3959) : 0 = +0%
benediction, , , (11.9857) -> benediction, , , (11.9857) : 0 = +0%
zandalar confessor's bindings(5.67215) -> zandalar confessor's bindings(5.67215) : 0 = +0%
empowered leggings(8.32727) -> empowered leggings(8.32727) : 0 = +0%
pure elementium band(5.56747) -> pure elementium band(5.56747) : 0 = +0%
rejuvenating gem(7.00552) -> rejuvenating gem(7.00552) : 0 = +0%
hazza'rah's charm of healing(10.1334) -> hazza'rah's charm of healing(10.1334) : 0 = +0%
hide of the wild(4.40152) -> shroud of pure thought(4.13614) : -0.265381 = +-0.0786743%
fordring's seal(3.70453) -> primalist's seal(3.37625) : -0.328278 = +-0.0973024%
- - - - - - - - - - - - - - - - - - - - - - - - - - - - - - - - - - - - - - - - - 
| Upgrades at best in slot level, from start item to candidate, partial bonuses: 1: |
  alt scores are from least squares fit, special score from e.g. set bonuses as s are part of em
. . . . . . . . . . . . . . . . . . . . . . . . . . . . . . . . . . . . . . . . . 
- . - ' - . - ' - . - ' - . - ' - . - ' - . -
head, zulian headdress (4.81396), alt: 6.03537 -> :
    crystal adorned crown (7.26266) : +0.729182 %, alt : +9.45416, from: azuregos
    halo of transcendence (6.67258) : +0.553464 %, alt : +6.02819, from: onyxia
    eternal crown of healing (5.42099) : +0.180762 %, alt : +6.015, from: random green
    mish'undare circlet of mind flayer (5.04636) : +0.0692023 %, alt : +4.95522, from: bwl
- . - ' - . - ' - . - ' - . - ' - . - ' - . -
neck, animated chain necklace (2.16916), alt: 3.18076 -> :
    jin'do's evil eye (3.04395) : +0.259282 %, alt : +4.71418, from: zg
    wavefront necklace (4.39398) : +0.659425 %, alt : +3.24153, from: silithus
- . - ' - . - ' - . - ' - . - ' - . - ' - . -
shoulders, burial shawl (2.06049), alt: 2.60638 -> :
    pauldrons of transcendence (4.67807) : +0.779866 %, alt : +6.46056 (s: 2.70976), from: bwl
    mantle of the blackwing cabal (2.87775) : +0.243489 %, alt : +3.92217, from: bwl
    zandalar confessor's mantle (3.05109) : +0.295133 %, alt : +3.35587, from: zg
- . - ' - . - ' - . - ' - . - ' - . - ' - . -
back, hide of the wild (1.87903), alt: 4.40155 -> :
    shroud of pure thought (2.44241) : +0.16683 %, alt : +4.13614, from: bwl
    drape of benediction (2.16544) : +0.0848113 %, alt : +3.60965, from: azuregos
    hakkari loa cloak (1.8949) : +0.00469919 %, alt : +3.47968, from: zg
- . - ' - . - ' - . - ' - . - ' - . - ' - . -
chest, truefaith vestments (5.78229), alt: 7.3959 -> :
    robes of transcendence (6.50751) : +0.214395 %, alt : +6.79479, from: bwl
- . - ' - . - ' - . - ' - . - ' - . - ' - . -
wrists, vambraces of prophecy (3.92639), alt: 3.72717 (s: 0.433858) -> :
    bindings of transcendence (5.13968) : +0.359973 %, alt : +6.61305 (s: 2.70976), from: bwl
    zandalar confessor's wraps (3.33563) : -0.175274 %, alt : +2.91376, from: zg
- . - ' - . - ' - . - ' - . - ' - . - ' - . -
two-hand, benediction (9.21631), alt: 11.9857 -> :
    lok'amir il romathis and lei of the lifegiver (11.2747) : +0.608532 %, alt : +14.0666, from: bwl, av rep
    lok'amir il romathis and brightly glowing stone (9.30042) : +0.0248642 %, alt : +12.2953, from: bwl, pre-raid
    fang of the mystics and lei of the lifegiver (9.78802) : +0.169015 %, alt : +10.0474, from: azuregos, av rep
    staff of rampant growth (9.80576) : +0.174257 %, alt : +9.6023, from: emeriss; lethon; taerar; ysondre
- . - ' - . - ' - . - ' - . - ' - . - ' - . -
ranged, dragon finger of intellect (1.19293), alt: 0.363342 -> :
    lunar wand of healing (0.464478) : -0.214889 %, alt : +1.87969, from: random green
    essence gatherer (1.60956) : +0.122902 %, alt : +0.763802, from: bwl
- . - ' - . - ' - . - ' - . - ' - . - ' - . -
hands, gloves of prophecy (5.26965), alt: 3.63141 (s: 0.433858) -> :
    handguards of transcendence (5.74908) : +0.141934 %, alt : +6.74383 (s: 2.70976), from: bwl
    atal'ai hands of healing (4.76257) : -0.15012 %, alt : +4.98117, from: sunken temple
    high councillor's gloves of healing (3.75415) : -0.448661 %, alt : +4.32328, from: random green
    hands of the exalted herald (3.63138) : -0.485007 %, alt : +3.85045, from: pre-raid
- . - ' - . - ' - . - ' - . - ' - . - ' - . -
waist, zandalar confessor's bindings (3.73264), alt: 5.67215 -> :
    zandalar confessor's bindings (3.73264) : +0 %, alt : +5.67214, from: zg
- . - ' - . - ' - . - ' - . - ' - . - ' - . -
legs, empowered leggings (7.14709), alt: 8.32727 -> :
    leggings of transcendence (6.83704) : -0.091662 %, alt : +6.17871, from: mc
- . - ' - . - ' - . - ' - . - ' - . - ' - . -
feet, boots of prophecy (2.62897), alt: 3.23264 (s: 0.433858) -> :
    boots of pure thought (4.7373) : +0.627192 %, alt : +6.53058, from: bwl
    boots of transcendence (4.57663) : +0.579394 %, alt : +4.28615, from: bwl
    snowblind shoes (4.24307) : +0.480167 %, alt : +3.90756, from: azuregos
- . - ' - . - ' - . - ' - . - ' - . - ' - . -
finger, pure elementium band (3.80417), alt: 5.56747 -> :
    primalist's seal (2.98038) : -0.243536 %, alt : +4.927, from: zg
    cauterizing band (3.91574) : +0.0329839 %, alt : +4.86831, from: mc
    primalist's band (1.18903) : -0.773109 %, alt : +2.53997, from: zg
- . - ' - . - ' - . - ' - . - ' - . - ' - . -
finger 2, fordring's seal (2.76984), alt: 3.70453 -> :
    pure elementium band (4.28442) : +0.448314 %, alt : +5.56746, from: bwl
    primalist's seal (3.19208) : +0.124982 %, alt : +4.927, from: zg
    cauterizing band (3.1268) : +0.10566 %, alt : +4.86831, from: mc
    ring of blackrock (4.26758) : +0.443328 %, alt : +2.58827, from: bwl
    primalist's band (3.3035) : +0.157962 %, alt : +2.53997, from: zg
- . - ' - . - ' - . - ' - . - ' - . - ' - . -
trinket, rejuvenating gem (5.63443), alt: 7.00552 -> :
    hazza'rah's charm of healing (0) : -1.66569 %, alt : +10.1334, from: zg
    darkmoon card: blue dragon (3.51031) : -0.627948 %, alt : +3.02738, from: 
- . - ' - . - ' - . - ' - . - ' - . - ' - . -
trinket 2, hazza'rah's charm of healing (7.95547), alt: 10.1334 -> :
    hazza'rah's charm of healing (7.95547) : +0 %, alt : +10.1334, from: zg
    darkmoon card: blue dragon (1.49545) : -1.90976 %, alt : +3.02738, from: 
- - - - - - - - - - - - - - - - - - - - - - - - - - - - - - - - - - - - - - - - - 
| Upgrades at best in slot level, from start item to candidate, partial bonuses: 0: |
  alt scores are from least squares fit, special score from e.g. set bonuses as s are part of em
. . . . . . . . . . . . . . . . . . . . . . . . . . . . . . . . . . . . . . . . . 
- . - ' - . - ' - . - ' - . - ' - . - ' - . -
head, zulian headdress (8.73752), alt: 6.03537 -> :
    crystal adorned crown (11.8873) : +0.943329 %, alt : +9.45416, from: azuregos
    halo of transcendence (9.07693) : +0.101652 %, alt : +6.02819, from: onyxia
    mish'undare circlet of mind flayer (8.77698) : +0.0118177 %, alt : +4.95522, from: bwl
- . - ' - . - ' - . - ' - . - ' - . - ' - . -
neck, animated chain necklace (2.68845), alt: 3.18076 -> :
    jin'do's evil eye (4.21738) : +0.455688 %, alt : +4.71418, from: zg
    wavefront necklace (4.69928) : +0.599316 %, alt : +3.24153, from: silithus
- . - ' - . - ' - . - ' - . - ' - . - ' - . -
shoulders, burial shawl (2.39709), alt: 2.60638 -> :
    pauldrons of transcendence (10.3652) : +2.4213 %, alt : +11.8801 (s: 8.12927), from: bwl
    mantle of the blackwing cabal (4.49893) : +0.638696 %, alt : +3.92217, from: bwl
    zandalar confessor's mantle (3.91336) : +0.460756 %, alt : +3.35587, from: zg
- . - ' - . - ' - . - ' - . - ' - . - ' - . -
back, hide of the wild (5.11044), alt: 4.40155 -> :
- . - ' - . - ' - . - ' - . - ' - . - ' - . -
chest, truefaith vestments (6.20074), alt: 7.3959 -> :
    robes of transcendence (6.14688) : -0.0159809 %, alt : +6.79479, from: bwl
- . - ' - . - ' - . - ' - . - ' - . - ' - . -
wrists, vambraces of prophecy (4.52283), alt: 3.20193 -> :
    bindings of transcendence (10.5446) : +1.81911 %, alt : +12.0326 (s: 8.12927), from: bwl
    zandalar confessor's wraps (3.49359) : -0.31092 %, alt : +2.91376, from: zg
- . - ' - . - ' - . - ' - . - ' - . - ' - . -
two-hand, benediction (17.2934), alt: 11.9857 -> :
    lok'amir il romathis and lei of the lifegiver (18.3782) : +0.321844 %, alt : +14.0666, from: bwl, av rep
    lok'amir il romathis and brightly glowing stone (17.209) : -0.0250261 %, alt : +12.2953, from: bwl, pre-raid
- . - ' - . - ' - . - ' - . - ' - . - ' - . -
ranged, dragon finger of intellect (1.06042), alt: 0.363342 -> :
    lunar wand of healing (2.10526) : +0.310956 %, alt : +1.87969, from: random green
    essence gatherer (1.98953) : +0.276516 %, alt : +0.763802, from: bwl
- . - ' - . - ' - . - ' - . - ' - . - ' - . -
hands, gloves of prophecy (4.82254), alt: 3.1062 -> :
    handguards of transcendence (11.0353) : +1.87788 %, alt : +12.1633 (s: 8.12927), from: bwl
    atal'ai hands of healing (4.54391) : -0.0842182 %, alt : +4.98117, from: sunken temple
    high councillor's gloves of healing (4.52313) : -0.0905 %, alt : +4.32328, from: random green
    hands of the exalted herald (4.56192) : -0.0787758 %, alt : +3.85045, from: pre-raid
- . - ' - . - ' - . - ' - . - ' - . - ' - . -
waist, zandalar confessor's bindings (5.14993), alt: 5.67215 -> :
    zandalar confessor's bindings (5.14993) : +0 %, alt : +5.67214, from: zg
- . - ' - . - ' - . - ' - . - ' - . - ' - . -
legs, empowered leggings (7.63126), alt: 8.32727 -> :
    leggings of transcendence (6.69144) : -0.278836 %, alt : +6.17871, from: mc
- . - ' - . - ' - . - ' - . - ' - . - ' - . -
feet, boots of prophecy (2.41537), alt: 2.70743 -> :
    boots of pure thought (5.67194) : +0.97562 %, alt : +6.53058, from: bwl
    boots of transcendence (4.56415) : +0.643743 %, alt : +4.28615, from: bwl
    snowblind shoes (3.83087) : +0.424063 %, alt : +3.90756, from: azuregos
- . - ' - . - ' - . - ' - . - ' - . - ' - . -
finger, pure elementium band (5.32983), alt: 5.56747 -> :
- . - ' - . - ' - . - ' - . - ' - . - ' - . -
finger 2, fordring's seal (3.56754), alt: 3.70453 -> :
    pure elementium band (3.92859) : +0.106936 %, alt : +5.56746, from: bwl
    cauterizing band (4.29507) : +0.21548 %, alt : +4.86831, from: mc
    ring of blackrock (3.78516) : +0.0644542 %, alt : +2.58827, from: bwl
- . - ' - . - ' - . - ' - . - ' - . - ' - . -
trinket, rejuvenating gem (6.93866), alt: 7.00552 -> :
    hazza'rah's charm of healing (0) : -2.05864 %, alt : +10.1334, from: zg
    darkmoon card: blue dragon (4.05283) : -0.856202 %, alt : +3.02738, from: 
- . - ' - . - ' - . - ' - . - ' - . - ' - . -
trinket 2, hazza'rah's charm of healing (9.26044), alt: 10.1334 -> :
    hazza'rah's charm of healing (9.26044) : +0 %, alt : +10.1334, from: zg
    darkmoon card: blue dragon (1.3241) : -2.35464 %, alt : +3.02738, from: 
- - - - - - - - - - - - - - - - - - - - - - - - - - - - - - - - - - - - - - - - - 
| Upgrades at start level, from start item to candidate, partial bonuses: 1: |
  alt scores are from least squares fit, special score from e.g. set bonuses as s are part of em
. . . . . . . . . . . . . . . . . . . . . . . . . . . . . . . . . . . . . . . . . 
- . - ' - . - ' - . - ' - . - ' - . - ' - . -
head, zulian headdress (7.6167), alt: 6.03537 -> :
    crystal adorned crown (16.4712) : +2.81486 %, alt : +9.45416, from: azuregos
    halo of transcendence (8.77072) : +0.366865 %, alt : +8.73795 (s: 2.70976), from: onyxia
    eternal crown of healing (9.42017) : +0.573324 %, alt : +6.015, from: random green
- . - ' - . - ' - . - ' - . - ' - . - ' - . -
neck, animated chain necklace (5.04996), alt: 3.18076 -> :
    jin'do's evil eye (7.53018) : +0.788465 %, alt : +4.71418, from: zg
    wavefront necklace (4.60651) : -0.140973 %, alt : +3.24153, from: silithus
- . - ' - . - ' - . - ' - . - ' - . - ' - . -
shoulders, burial shawl (1.81485), alt: 2.60638 -> :
    pauldrons of transcendence (5.70477) : +1.23661 %, alt : +6.46056 (s: 2.70976), from: bwl
    mantle of the blackwing cabal (3.97198) : +0.685755 %, alt : +3.92217, from: bwl
    zandalar confessor's mantle (3.41385) : +0.508323 %, alt : +3.35587, from: zg
- . - ' - . - ' - . - ' - . - ' - . - ' - . -
back, hide of the wild (6.07889), alt: 4.40155 -> :
- . - ' - . - ' - . - ' - . - ' - . - ' - . -
chest, truefaith vestments (7.95322), alt: 7.3959 -> :
    robes of transcendence (8.24188) : +0.0917671 %, alt : +9.50455 (s: 2.70976), from: bwl
- . - ' - . - ' - . - ' - . - ' - . - ' - . -
wrists, vambraces of prophecy (1.51642), alt: 3.90988 (s: 0.433858) -> :
    bindings of transcendence (5.05765) : +1.12576 %, alt : +6.61305 (s: 2.70976), from: bwl
    vambraces of prophecy (1.51642) : +0 %, alt : +3.90989 (s: 0.433858), from: mc
    zandalar confessor's wraps (0.624664) : -0.283489 %, alt : +2.91376, from: zg
- . - ' - . - ' - . - ' - . - ' - . - ' - . -
two-hand, benediction (13.4077), alt: 11.9857 -> :
    lok'amir il romathis and lei of the lifegiver (21.1186) : +2.45131 %, alt : +14.0666, from: bwl, av rep
    lok'amir il romathis and brightly glowing stone (15.5172) : +0.670621 %, alt : +12.2953, from: bwl, pre-raid
- . - ' - . - ' - . - ' - . - ' - . - ' - . -
ranged, dragon finger of intellect (0.806946), alt: 0.363342 -> :
    lunar wand of healing (3.98956) : +1.01176 %, alt : +1.87969, from: random green
    essence gatherer (0.962494) : +0.0494489 %, alt : +0.763802, from: bwl
- . - ' - . - ' - . - ' - . - ' - . - ' - . -
hands, gloves of prophecy (4.3494), alt: 3.81415 (s: 0.433858) -> :
    handguards of transcendence (7.7645) : +1.08566 %, alt : +6.74383 (s: 2.70976), from: bwl
    atal'ai hands of healing (11.3312) : +2.21951 %, alt : +4.98117, from: sunken temple
    high councillor's gloves of healing (10.7031) : +2.01985 %, alt : +4.32328, from: random green
    hands of the exalted herald (6.83728) : +0.790901 %, alt : +3.85045, from: pre-raid
- . - ' - . - ' - . - ' - . - ' - . - ' - . -
waist, zandalar confessor's bindings (6.65585), alt: 5.67215 -> :
    zandalar confessor's bindings (6.65585) : +0 %, alt : +5.67214, from: zg
- . - ' - . - ' - . - ' - . - ' - . - ' - . -
legs, empowered leggings (9.33044), alt: 8.32727 -> :
- . - ' - . - ' - . - ' - . - ' - . - ' - . -
feet, boots of prophecy (3.2124), alt: 3.41537 (s: 0.433858) -> :
    boots of transcendence (7.26703) : +1.28897 %, alt : +6.99591 (s: 2.70976), from: bwl
    boots of pure thought (11.9851) : +2.78886 %, alt : +6.53058, from: bwl
    snowblind shoes (6.48431) : +1.04014 %, alt : +3.90756, from: azuregos
- . - ' - . - ' - . - ' - . - ' - . - ' - . -
finger, pure elementium band (7.0946), alt: 5.56747 -> :
- . - ' - . - ' - . - ' - . - ' - . - ' - . -
finger 2, fordring's seal (5.71234), alt: 3.70453 -> :
    pure elementium band (8.64655) : +0.932786 %, alt : +5.56746, from: bwl
    primalist's seal (7.68292) : +0.626449 %, alt : +4.927, from: zg
    cauterizing band (8.4101) : +0.857618 %, alt : +4.86831, from: mc
- . - ' - . - ' - . - ' - . - ' - . - ' - . -
trinket, rejuvenating gem (7.82886), alt: 7.00552 -> :
    hazza'rah's charm of healing (0) : -2.4888 %, alt : +10.1334, from: zg
    darkmoon card: blue dragon (2.39032) : -1.72892 %, alt : +3.02738, from: 
- . - ' - . - ' - . - ' - . - ' - . - ' - . -
trinket 2, hazza'rah's charm of healing (4.36322), alt: 10.1334 -> :
    hazza'rah's charm of healing (4.36322) : +0 %, alt : +10.1334, from: zg
    rejuvenating gem (7.21991) : +0.908144 %, alt : +7.00553, from: bwl
    hibernation crystal (6.19846) : +0.583423 %, alt : +5.54508, from: ysondre
    zandalarian hero charm (5.16293) : +0.254229 %, alt : +3.75938, from: zg
    royal seal of eldre'thalas (4.48221) : +0.0378264 %, alt : +3.45818, from: pre-raid
    darkmoon card: blue dragon (2.1181) : -0.713725 %, alt : +3.02738, from: 
- - - - - - - - - - - - - - - - - - - - - - - - - - - - - - - - - - - - - - - - - 
| Upgrades at start level, from start item to candidate, partial bonuses: 0: |
  alt scores are from least squares fit, special score from e.g. set bonuses as s are part of em
. . . . . . . . . . . . . . . . . . . . . . . . . . . . . . . . . . . . . . . . . 
- . - ' - . - ' - . - ' - . - ' - . - ' - . -
head, zulian headdress (6.01831), alt: 6.03537 -> :
    crystal adorned crown (10.2248) : +1.34594 %, alt : +9.45416, from: azuregos
- . - ' - . - ' - . - ' - . - ' - . - ' - . -
neck, animated chain necklace (4.1947), alt: 3.18076 -> :
    jin'do's evil eye (4.3038) : +0.0349083 %, alt : +4.71418, from: zg
    wavefront necklace (2.30032) : -0.606134 %, alt : +3.24153, from: silithus
- . - ' - . - ' - . - ' - . - ' - . - ' - . -
shoulders, burial shawl (4.31018), alt: 2.60638 -> :
    mantle of the blackwing cabal (4.93243) : +0.199099 %, alt : +3.92217, from: bwl
    pauldrons of transcendence (4.65866) : +0.111501 %, alt : +3.7508, from: bwl
    zandalar confessor's mantle (5.56778) : +0.402387 %, alt : +3.35587, from: zg
- . - ' - . - ' - . - ' - . - ' - . - ' - . -
back, hide of the wild (5.38498), alt: 4.40155 -> :
- . - ' - . - ' - . - ' - . - ' - . - ' - . -
chest, truefaith vestments (8.50125), alt: 7.3959 -> :
- . - ' - . - ' - . - ' - . - ' - . - ' - . -
wrists, vambraces of prophecy (4.03464), alt: 4.50351 (s: 1.30157) -> :
    vambraces of prophecy (4.03464) : +0 %, alt : +4.50351 (s: 1.30157), from: mc
    bindings of transcendence (4.72046) : +0.219439 %, alt : +3.9033, from: bwl
    zandalar confessor's wraps (5.00198) : +0.309517 %, alt : +2.91376, from: zg
- . - ' - . - ' - . - ' - . - ' - . - ' - . -
two-hand, benediction (13.3997), alt: 11.9857 -> :
    lok'amir il romathis and lei of the lifegiver (16.1943) : +0.894179 %, alt : +14.0666, from: bwl, av rep
    lok'amir il romathis and brightly glowing stone (13.3636) : -0.0115222 %, alt : +12.2953, from: bwl, pre-raid
- . - ' - . - ' - . - ' - . - ' - . - ' - . -
ranged, dragon finger of intellect (-0.544342), alt: 0.363342 -> :
    lunar wand of healing (1.49127) : +0.651325 %, alt : +1.87969, from: random green
    essence gatherer (0.264526) : +0.258809 %, alt : +0.763802, from: bwl
- . - ' - . - ' - . - ' - . - ' - . - ' - . -
hands, gloves of prophecy (4.90308), alt: 4.40778 (s: 1.30157) -> :
    atal'ai hands of healing (8.31174) : +1.09065 %, alt : +4.98117, from: sunken temple
    high councillor's gloves of healing (8.05341) : +1.00799 %, alt : +4.32328, from: random green
    handguards of transcendence (5.16467) : +0.0837017 %, alt : +4.03407, from: bwl
    hands of the exalted herald (5.28702) : +0.122848 %, alt : +3.85045, from: pre-raid
- . - ' - . - ' - . - ' - . - ' - . - ' - . -
waist, zandalar confessor's bindings (5.56253), alt: 5.67215 -> :
    zandalar confessor's bindings (5.56253) : +0 %, alt : +5.67214, from: zg
- . - ' - . - ' - . - ' - . - ' - . - ' - . -
legs, empowered leggings (8.97791), alt: 8.32727 -> :
- . - ' - . - ' - . - ' - . - ' - . - ' - . -
feet, boots of prophecy (3.9552), alt: 4.009 (s: 1.30157) -> :
    boots of pure thought (13.5811) : +3.07994 %, alt : +6.53058, from: bwl
    boots of transcendence (5.14041) : +0.379226 %, alt : +4.28615, from: bwl
    snowblind shoes (5.42242) : +0.46946 %, alt : +3.90756, from: azuregos
- . - ' - . - ' - . - ' - . - ' - . - ' - . -
finger, pure elementium band (5.81955), alt: 5.56747 -> :
- . - ' - . - ' - . - ' - . - ' - . - ' - . -
finger 2, fordring's seal (5.26547), alt: 3.70453 -> :
    pure elementium band (6.10458) : +0.268486 %, alt : +5.56746, from: bwl
    cauterizing band (5.83069) : +0.180849 %, alt : +4.86831, from: mc
- . - ' - . - ' - . - ' - . - ' - . - ' - . -
trinket, rejuvenating gem (8.47122), alt: 7.00552 -> :
    hazza'rah's charm of healing (0) : -2.71049 %, alt : +10.1334, from: zg
    darkmoon card: blue dragon (3.04086) : -1.73752 %, alt : +3.02738, from: 
- . - ' - . - ' - . - ' - . - ' - . - ' - . -
trinket 2, hazza'rah's charm of healing (8.31686), alt: 10.1334 -> :
    hazza'rah's charm of healing (8.31686) : +0 %, alt : +10.1334, from: zg
    rejuvenating gem (11.6802) : +1.07616 %, alt : +7.00553, from: bwl
    hibernation crystal (10.9265) : +0.834996 %, alt : +5.54508, from: ysondre
    darkmoon card: blue dragon (2.87518) : -1.74115 %, alt : +3.02738, from: 
------------------
Best value: 338.668
