Your call: ./css 4 ../items/phase5.csv ban_tmp_phase4.txt no-locks soon_tm_bwl_speed_phase4 -a ../confs/wcl_bwl_speed_log.csv -l soon_tm_speed.txt 
Found: -a, val: ../confs/wcl_bwl_speed_log.csv
./css 4 ../items/phase5.csv ban_tmp_phase4.txt no-locks soon_tm_bwl_speed_phase4 -l soon_tm_speed.txt 
Found key: buff_fraction, saw val: 1
Found key: healing_from_crit_fraction, saw val: 0.2
Found key: transc8_exists, saw val: 0
Found key: enchantments, saw val: 1
Found key: fort, saw val: 1
Found key: motw, saw val: 1
Found key: spirit, saw val: 1
Found key: ai, saw val: 1
Found key: flask, saw val: 1
Found key: holy_disc, saw val: 0
Found key: min_combat_length, saw val: 2
Found key: max_log_entry_diff_in_combat, saw val: 10
Found key: precast, saw val: 1
Found key: swap_cast, saw val: 1
Found key: time_step, saw val: 0.1
Found key: reaction_time, saw val: 0.1
Found key: skip_player, saw val: Paisti
Found key: use_deficit_time_sum, saw val: 0
Found key: wcl_log, saw val: 1
Found: -l, val: soon_tm_speed.txt
./css 4 ../items/phase5.csv ban_tmp_phase4.txt no-locks soon_tm_bwl_speed_phase4 
Will read log from: soon_tm_speed.txt
./css 4 ../items/phase5.csv ban_tmp_phase4.txt no-locks soon_tm_bwl_speed_phase4 
./css 4 ../items/phase5.csv ban_tmp_phase4.txt no-locks soon_tm_bwl_speed_phase4 
Shuffle seed: 2416673600
Reading banned from: ban_tmp_phase4.txt
Banning: aq20
Banning: aq40
Banning: naxx
Banning: neltharion's tear
Banning: lok'amir il romathis
Banning: choker of the fire lord
Reading WCL parsed log: soon_tm_speed.txt
Saw 38124 lines of log, with 38124 log lines
Sorting by timestamp...
Sorted.
Pruning log from: 38124 entries.
Combat from 0 to 8.9 s
Combat from 53.771 to 59.033 s
Combat from 69.963 to 79.927 s
Combat from 84.15 to 125.046 s
Combat from 126.649 to 138.016 s
Combat from 142.072 to 214.558 s
Combat from 218.198 to 231.967 s
Combat from 234.859 to 340.579 s
Combat from 400.864 to 420.144 s
Combat from 450.238 to 490.002 s
Combat from 504.552 to 730.573 s
Combat from 731.878 to 798.47 s
Combat from 816.102 to 853.38 s
Combat from 878.14 to 1062.47 s
Combat from 1065.23 to 1180.65 s
Combat from 1192.81 to 1267.84 s
Combat from 1303.42 to 1425.26 s
Combat from 1437.14 to 1514.88 s
Combat from 1631.41 to 1668.55 s
Combat from 1671.9 to 1708.8 s
Combat from 1709.54 to 1717.67 s
Combat from 1749.65 to 1789.39 s
Combat from 1911.37 to 1942.13 s
Combat from 1956.3 to 1983.06 s
Combat from 1995.58 to 2025.63 s
Combat from 2026.38 to 2059.95 s
Combat from 2064.72 to 2079.31 s
Combat from 2082.43 to 2115.32 s
Combat from 2116.26 to 2173.82 s
Combat from 2186.75 to 2290.1 s
Combat from 2353.49 to 2394.04 s
Combat from 2399.73 to 2434.11 s
Combat from 2456.8 to 2481.62 s
Combat from 2496.53 to 2540.36 s
Combat from 2557.57 to 2600.43 s
Combat from 2624.77 to 2630.45 s
Combat from 2666.48 to 2760.36 s
Combat from 2777.34 to 2786.71 s
Combat from 2804.52 to 2875 s
Combat from 2888.74 to 2962.81 s
Combat from 2967.66 to 3011.81 s
Combat from 3040.55 to 3081.85 s
Combat from 3096.45 to 3178.18 s
Combat from 3201.22 to 3231.21 s
Combat from 3246.98 to 3327.93 s
Combat from 3366.88 to 3404.53 s
Combat from 3437.68 to 3445.38 s
Combat from 3461.18 to 3545.2 s
Combat from 3578.62 to 3600.9 s
Combat from 3632.49 to 3677.79 s
Combat from 3770.89 to 3779.85 s
Combat from 3783.12 to 3806.62 s
Combat from 3828.66 to 3845.54 s
Combat from 3912.42 to 3954.51 s
Combat from 4442.09 to 4462.75 s
Combat from 4475.71 to 4492.71 s
Combat from 4500.02 to 4508.93 s
Combat from 4553.87 to 4646.86 s
Pruned to: 37873 entries.
----------------------------------------------------------
---- Baseline results without simulated player input: ----
----------------------------------------------------------
oh_limit: 0.9
time_left_mul: 0.5
total_deficit_to_pop_trinkets: 10000
in combat total: 2836.9
Total time casting: 0, which is: 0% of time in combat.
Total hps: 0, raw hps: 0, oh: -nan
Deficit time sum: 4.16939e+07, baseline: 0
Deficit*time change / s: -14697 hp
Number of combats: 58
Average mana at start of combat: 0
Average mana at end of combat: 0
Other players with hps > 100:
  Bandu : 185.344 hps
  Bojanco : 197.371 hps
  Jakiro : 204.529 hps
  Pumpkinduke : 168.975 hps
  Slemhinnan : 214.774 hps
  Stekpanna : 141.448 hps
  Vagenius : 219.305 hps
  Windiestfury : 161.756 hps
  Wlz : 154.092 hps
Reading tmp locked from: start_with.txt
Locking: anastari heirloom
Locking: anathema
Locking: animated chain necklace
Locking: argent crusader
Locking: atal'ai gloves of the owl
Locking: ban'thok sash
Locking: banshee finger
Locking: benediction
Locking: blood of the martyr
Locking: briarwood reed
Locking: burial shawl
Locking: clutch of andros
Locking: crimson felt hat
Locking: cyclopean band
Locking: devout belt
Locking: devout bracers
Locking: devout crown
Locking: devout mantle
Locking: devout robe
Locking: devout sandals
Locking: devout skirt
Locking: dragon finger of healing
Locking: dragon finger of intellect
Locking: dragonrider boots
Locking: dragonslayer's signet
Locking: drakefire amulet
Locking: dreadmist mantle
Locking: dreamweave circlet
Locking: dreamweave gloves
Locking: dreamweave vest
Locking: elder magus pendant
Locking: eye of the beast
Locking: fordring's seal
Locking: girdle of prophecy
Locking: gloves of prophecy
Locking: grimgore noose
Locking: halo of transcendence
Locking: heart of the fiend
Locking: hide of the wild
Locking: kentic amice
Locking: magister's robes
Locking: maleki's footwraps
Locking: mindtap talisman
Locking: nature's breath
Locking: necropile boots
Locking: necropile cuffs
Locking: necropile leggings
Locking: necropile mantle
Locking: necropile robe
Locking: noxious shooter
Locking: omnicast boots
Locking: orb of the forgotten seer
Locking: padre's trousers
Locking: penelope's rose
Locking: quel'dorai channeling rod
Locking: raincaster drape
Locking: rainstrider leggings
Locking: ring of demonic guile
Locking: ring of demonic guile
Locking: robes of prophecy
Locking: robes of the exalted
Locking: robes of the royal crown
Locking: rod of corrosion
Locking: rosewine circle
Locking: royal seal of eldre'thalas
Locking: royal tribunal cloak
Locking: sarah's guide
Locking: seal of rivendare
Locking: seal of rivendare
Locking: shadowy laced handwraps
Locking: silkweb gloves
Locking: soulstealer mantle
Locking: spellbound tome
Locking: spritecaster cape
Locking: star of mystaria
Locking: starfire tiara
Locking: stormrager
Locking: sublime wristguards
Locking: the hammer of grace
Locking: the postmaster's treads
Locking: thuzadin sash
Locking: triune amulet
Locking: vinerot sandals
Locking: whipvine cord
Locking: wolfshear leggings
Locking: boots of the full moon
Locking: mantle of prophecy
Locking: dragon's touch
Locking: bindings of transcendence
Locking: shimmering geta
Locking: empowered leggings
Locking: seal of the archmagus
Locking: circlet of prophecy
Locking: boots of prophecy
Locking: pauldrons of transcendence
Locking: primalist's seal
Locking: zandalar confessor's bindings
Locking: zulian headdress
Locking: mar'li's eye
Locking: shroud of pure thought
Locking: belt of transcendence
Locking: jin'do's evil eye
Locking: primalist's band
Locking: zandalarian hero charm
Locking: zandalar confessor's mantle
Locking: zandalar confessor's wraps 
Locking: pure elementium band
Locking: truefaith vestments
Locking: vambraces of prophecy
Locking: hazza'rah's charm of healing
Locking: handguards of transcendence
Locking: boots of transcendence
Locking: darkmoon card: blue dragon
Locking: rejuvenating gem
Optimizing start items...

*** NEW BEST (1): 189.126

*** NEW BEST (1): 191.636

*** NEW BEST (1): 198.013

*** NEW BEST (1): 208.579

*** NEW BEST (1): 212.432

*** NEW BEST (1): 216.991

*** NEW BEST (1): 219.698

*** NEW BEST (1): 222.684

*** NEW BEST (1): 224.578

*** NEW BEST (1): 226.676

*** NEW BEST (1): 227.393

*** NEW BEST (1): 229.514

*** NEW BEST (1): 231.851

*** NEW BEST (1): 236.358

*** NEW BEST (1): 241.748

*** NEW BEST (1): 243.411
*
*** NEW BEST (1): 243.599
*
*** NEW BEST (1): 243.836

*** NEW BEST (1): 243.961
*
*** NEW BEST (1): 244.371
********
*** NEW BEST (0): 208.106
Based on last: 3000 entries, out of total: 3352 entries, The least-squares solution is:
Int: 17.208
Spirit: 5.78798
Sp / Healing: 100
Mp5: 0
Crit: 493.887
T1 3p/piece: 595.743
T2 3p/piece: 0
Hazza'rah's: 21375.3
Darkmoon: 593.568
100 points == 1 sp == 0.0509321 hps.
neck : animated chain necklace -> jin'do's evil eye => val: 208.106 -> 208.565

*** NEW BEST (0): 208.565
Based on last: 3000 entries, out of total: 3383 entries, The least-squares solution is:
Int: 17.4757
Spirit: 6.08257
Sp / Healing: 100
Mp5: 0
Crit: 500.781
T1 3p/piece: 578.483
T2 3p/piece: 0
Hazza'rah's: 21376.2
Darkmoon: 593.542
100 points == 1 sp == 0.0509343 hps.
trinket : eye of the beast -> hazza'rah's charm of healing => val: 208.565 -> 218.435

*** NEW BEST (0): 218.435
Based on last: 3000 entries, out of total: 3398 entries, The least-squares solution is:
Int: 17.4599
Spirit: 5.99145
Sp / Healing: 100
Mp5: 0
Crit: 500.677
T1 3p/piece: 589.286
T2 3p/piece: 0
Hazza'rah's: 21250.3
Darkmoon: 592.895
100 points == 1 sp == 0.0509899 hps.
chest : dreamweave vest -> truefaith vestments => val: 218.435 -> 222.098

*** NEW BEST (0): 222.098
Based on last: 3000 entries, out of total: 3416 entries, The least-squares solution is:
Int: 17.5982
Spirit: 6.12874
Sp / Healing: 100
Mp5: 0
Crit: 492.415
T1 3p/piece: 582.312
T2 3p/piece: 0
Hazza'rah's: 21216.7
Darkmoon: 591.989
100 points == 1 sp == 0.0510679 hps.
legs : devout skirt -> empowered leggings => val: 222.098 -> 226.58

*** NEW BEST (0): 226.58
Based on last: 3000 entries, out of total: 3430 entries, The least-squares solution is:
Int: 17.0667
Spirit: 6.7279
Sp / Healing: 100
Mp5: 0
Crit: 484.089
T1 3p/piece: 588.576
T2 3p/piece: 0
Hazza'rah's: 21215.8
Darkmoon: 591.907
100 points == 1 sp == 0.0510749 hps.
finger : cyclopean band -> pure elementium band => val: 226.58 -> 228.764

*** NEW BEST (0): 228.764
Based on last: 3000 entries, out of total: 3449 entries, The least-squares solution is:
Int: 16.9313
Spirit: 7.08696
Sp / Healing: 100
Mp5: 0
Crit: 482.867
T1 3p/piece: 594.519
T2 3p/piece: 0
Hazza'rah's: 21281.4
Darkmoon: 593.45
100 points == 1 sp == 0.0509422 hps.
shoulders : soulstealer mantle -> zandalar confessor's mantle => val: 228.764 -> 230.229

*** NEW BEST (0): 230.229
Based on last: 3000 entries, out of total: 3478 entries, The least-squares solution is:
Int: 16.8299
Spirit: 8.32205
Sp / Healing: 100
Mp5: 0
Crit: 469.46
T1 3p/piece: 591.13
T2 3p/piece: 0
Hazza'rah's: 21413
Darkmoon: 596.74
100 points == 1 sp == 0.0506613 hps.
wrists : devout bracers -> bindings of transcendence => val: 230.229 -> 232.212

*** NEW BEST (0): 232.212
Based on last: 3000 entries, out of total: 3492 entries, The least-squares solution is:
Int: 16.99
Spirit: 8.38991
Sp / Healing: 100
Mp5: 0
Crit: 467.219
T1 3p/piece: 586.745
T2 3p/piece: 0
Hazza'rah's: 21398
Darkmoon: 596.345
100 points == 1 sp == 0.0506948 hps.
ranged : dragon finger of intellect -> dragon's touch => val: 232.212 -> 232.448

*** NEW BEST (0): 232.448
Based on last: 3000 entries, out of total: 3501 entries, The least-squares solution is:
Int: 16.9365
Spirit: 8.43357
Sp / Healing: 100
Mp5: 0
Crit: 466.458
T1 3p/piece: 585.488
T2 3p/piece: 0
Hazza'rah's: 21390.5
Darkmoon: 596.157
100 points == 1 sp == 0.0507109 hps.
finger 2 : blood of the martyr -> fordring's seal => val: 232.448 -> 234.436

*** NEW BEST (0): 234.436
Based on last: 3000 entries, out of total: 3516 entries, The least-squares solution is:
Int: 16.9272
Spirit: 8.48419
Sp / Healing: 100
Mp5: 0
Crit: 462.037
T1 3p/piece: 578.877
T2 3p/piece: 0
Hazza'rah's: 21339.9
Darkmoon: 594.859
100 points == 1 sp == 0.0508215 hps.
trinket 2 : briarwood reed -> rejuvenating gem => val: 234.436 -> 236.934

*** NEW BEST (0): 236.934
Based on last: 3000 entries, out of total: 3530 entries, The least-squares solution is:
Int: 16.3586
Spirit: 10.1558
Sp / Healing: 100
Mp5: 3.83329
Crit: 466.894
T1 3p/piece: 555.408
T2 3p/piece: 0
Hazza'rah's: 21362.7
Darkmoon: 595.415
100 points == 1 sp == 0.050774 hps.
feet : boots of the full moon -> boots of transcendence => val: 236.934 -> 237.665

*** NEW BEST (0): 237.665
Based on last: 3000 entries, out of total: 3546 entries, The least-squares solution is:
Int: 16.1014
Spirit: 9.14495
Sp / Healing: 100
Mp5: 4.1347
Crit: 463.983
T1 3p/piece: 581.254
T2 3p/piece: 0
Hazza'rah's: 21415.8
Darkmoon: 596.748
100 points == 1 sp == 0.0506607 hps.
head : crimson felt hat -> zulian headdress => val: 237.665 -> 240.145

*** NEW BEST (0): 240.145
Based on last: 3000 entries, out of total: 3563 entries, The least-squares solution is:
Int: 16.0289
Spirit: 9.27134
Sp / Healing: 100
Mp5: 3.3819
Crit: 454.279
T1 3p/piece: 577.517
T2 3p/piece: 0
Hazza'rah's: 21349.2
Darkmoon: 595.005
100 points == 1 sp == 0.050809 hps.
waist : ban'thok sash -> whipvine cord => val: 240.145 -> 240.406

*** NEW BEST (0): 240.406
Based on last: 3000 entries, out of total: 3576 entries, The least-squares solution is:
Int: 16.5806
Spirit: 8.76254
Sp / Healing: 100
Mp5: 3.70815
Crit: 456.261
T1 3p/piece: 570.496
T2 3p/piece: 0
Hazza'rah's: 21334.5
Darkmoon: 594.651
100 points == 1 sp == 0.0508393 hps.
*two-hand :   the hammer of grace orb of the forgotten seer -> benediction    => val: 240.406 -> 242.84

*** NEW BEST (0): 242.84
Based on last: 3000 entries, out of total: 3679 entries, The least-squares solution is:
Int: 16.4226
Spirit: 7.89693
Sp / Healing: 100
Mp5: 0.320894
Crit: 467.682
T1 3p/piece: 592.431
T2 3p/piece: 0
Hazza'rah's: 21370.4
Darkmoon: 595.054
100 points == 1 sp == 0.0508048 hps.
********
Read starting items and cleared locks.
 ----------------------------
 --- head --- 
name: zulian headdress
slot: head
intelligence: 15
stamina: 13
spirit: 14
sp_healing: 55
armor: 78
 ----------------------------
 --- neck --- 
name: jin'do's evil eye
slot: neck
intelligence: 11
stamina: 5
spirit: 6
sp_healing: 44
 ----------------------------
 --- shoulders --- 
name: zandalar confessor's mantle
slot: shoulders
intelligence: 24
stamina: 11
spirit: 15
sp_healing: 22
armor: 78
 ----------------------------
 --- back --- 
name: hide of the wild
slot: back
intelligence: 10
stamina: 8
sp_healing: 42
armor: 48
 ----------------------------
 --- chest --- 
name: truefaith vestments
slot: chest
stamina: 14
sp_healing: 73
mp5: 6
armor: 96
 ----------------------------
 --- wrists --- 
name: bindings of transcendence
slot: wrists
intelligence: 13
stamina: 9
spirit: 16
sp_healing: 33
armor: 51
 ----------------------------
 --- two-hand --- 
name: benediction
slot: two-hand
intelligence: 31
stamina: 10
spirit: 12
sp_healing: 106
spell_crit: 2
shadow_res: 20
 ----------------------------
 ---  --- 
name: 
slot: 
 ----------------------------
 ---  --- 
name: 
slot: 
 ----------------------------
 ---  --- 
name: 
slot: 
 ----------------------------
 --- ranged --- 
name: dragon's touch
slot: ranged
intelligence: 12
stamina: 7
sp: 6
 ----------------------------
 --- hands --- 
name: handguards of transcendence
slot: hands
intelligence: 20
stamina: 12
spirit: 13
sp_healing: 29
spell_crit: 1
armor: 72
 ----------------------------
 --- waist --- 
name: whipvine cord
slot: waist
intelligence: 8
sp_healing: 31
mp5: 6
armor: 47
 ----------------------------
 --- legs --- 
name: empowered leggings
slot: legs
intelligence: 12
stamina: 12
spirit: 24
sp_healing: 77
spell_crit: 1
armor: 103
 ----------------------------
 --- feet --- 
name: boots of transcendence
slot: feet
intelligence: 17
stamina: 17
spirit: 17
sp_healing: 35
fire_res: 10
armor: 80
 ----------------------------
 --- finger --- 
name: pure elementium band
slot: finger
intelligence: 10
stamina: 9
spirit: 10
sp_healing: 53
 ----------------------------
 --- finger --- 
name: fordring's seal
slot: finger
intelligence: 5
stamina: 4
sp_healing: 37
 ----------------------------
 --- trinket --- 
name: hazza'rah's charm of healing
slot: trinket
 ----------------------------
 --- trinket --- 
name: rejuvenating gem
slot: trinket
sp_healing: 66
mp5: 9
 ----------------------------
 --- Set bonuses ---
name: confessor's 2 hazza'rah's 1 transcendence 3 
slot: Set bonuses
sp: 23
 --- And counts for start items ---
oh_limit: 0.9
time_left_mul: 0.5
total_deficit_to_pop_trinkets: 10000
in combat total: 2836.9
Flash Heal 1, casts: 88, avg: 453.646, 5.79477%, cast time 4.65297% of in combat, overheal: 0.28511
Flash Heal 2, casts: 44, avg: 601.651, 3.84267%, cast time 2.32648% of in combat, overheal: 0.166337
Flash Heal 3, casts: 22, avg: 688.401, 2.19837%, cast time 1.16324% of in combat, overheal: 0.141555
Flash Heal 4, casts: 44, avg: 875.543, 5.59199%, cast time 2.32648% of in combat, overheal: 0.0134172
Flash Heal 5, casts: 55, avg: 845.806, 6.75258%, cast time 2.9081% of in combat, overheal: 0.175717
Flash Heal 6, casts: 51, avg: 970.052, 7.18127%, cast time 2.69661% of in combat, overheal: 0.173582
Flash Heal 7, casts: 304, avg: 1241.53, 54.7857%, cast time 16.0739% of in combat, overheal: 0.0897847
Greater Heal 1 hazz, casts: 17, avg: 984.033, 2.42826%, cast time 0.898868% of in combat, overheal: 0.466585
Greater Heal 2 hazz, casts: 6, avg: 1600.67, 1.39409%, cast time 0.317248% of in combat, overheal: 0.247219
Greater Heal 3 hazz, casts: 12, avg: 1717.84, 2.99226%, cast time 0.634495% of in combat, overheal: 0.299345
Greater Heal 4 hazz, casts: 22, avg: 2203.91, 7.03806%, cast time 1.16324% of in combat, overheal: 0.222104
Total time casting: 997.5, which is: 35.1616% of time in combat.
Total hps: 242.84, raw hps: 285.915, oh: 0.150657
Deficit time sum: 3.58935e+07, baseline: 4.16939e+07
Deficit*time change / s: 2044.6 hp
Number of combats: 58
Average mana at start of combat: 10388.9
Average mana at end of combat: 9561.56
Other players with hps > 100:
  Bandu : 164.081 hps
  Bojanco : 179.369 hps
  Jakiro : 176.292 hps
  Pumpkinduke : 150.945 hps
  Slemhinnan : 194.897 hps
  Stekpanna : 125.906 hps
  Vagenius : 185.94 hps
  Windiestfury : 146.187 hps
  Wlz : 144.322 hps
Reading locked from: no-locks
Setting tag name to: soon_tm_bwl_speed_phase4
.
*** NEW BEST (1): 266.883

*** NEW BEST (1): 267.935

*** NEW BEST (1): 268.033

*** NEW BEST (1): 268.691

*** NEW BEST (1): 268.7

*** NEW BEST (1): 269.52
Temporary bans and partial set bonuses off.
.
*** NEW BEST (0): 270.614
two-hand : staff of the shadow flame    ->   jin'do's hexxer lei of the lifegiver => val: 270.614 -> 271.699

*** NEW BEST (0): 271.699
chest : robes of the exalted -> truefaith vestments => val: 271.699 -> 271.961

*** NEW BEST (0): 271.961
back : shroud of pure thought -> hide of the wild => val: 271.961 -> 272.879

*** NEW BEST (0): 272.879
legs : leggings of transcendence -> empowered leggings => val: 272.879 -> 274.916

*** NEW BEST (0): 274.916
finger 2 : primalist's seal -> cauterizing band => val: 274.509 -> 275.161

*** NEW BEST (0): 275.161
***** INTERMEDIATE RESULTS *****
Iteration: 2
 ----------------------------
 --- head --- 
name: crystal adorned crown
slot: head
intelligence: 14
spirit: 13
sp_healing: 92
armor: 85
 ----------------------------
 --- neck --- 
name: jin'do's evil eye
slot: neck
intelligence: 11
stamina: 5
spirit: 6
sp_healing: 44
 ----------------------------
 --- shoulders --- 
name: mantle of the blackwing cabal
slot: shoulders
intelligence: 16
stamina: 12
sp: 34
armor: 84
 ----------------------------
 --- back --- 
name: hide of the wild
slot: back
intelligence: 10
stamina: 8
sp_healing: 42
armor: 48
 ----------------------------
 --- chest --- 
name: truefaith vestments
slot: chest
stamina: 14
sp_healing: 73
mp5: 6
armor: 96
 ----------------------------
 --- wrists --- 
name: zandalar confessor's wraps
slot: wrists
intelligence: 11
stamina: 10
spirit: 12
sp_healing: 24
armor: 41
 ----------------------------
 ---  --- 
name: 
slot: 
 ----------------------------
 --- main hand --- 
name: jin'do's hexxer
slot: main hand
intelligence: 9
stamina: 6
sp_healing: 51
spell_crit: 1
 ----------------------------
 ---  --- 
name: 
slot: 
 ----------------------------
 --- off hand --- 
name: lei of the lifegiver
slot: off hand
sp_healing: 53
mp5: 3
 ----------------------------
 --- ranged --- 
name: lunar wand of healing
slot: ranged
sp_healing: 20
 ----------------------------
 --- hands --- 
name: atal'ai hands of healing
slot: hands
sp: 9
sp_healing: 44
armor: 47
 ----------------------------
 --- waist --- 
name: firemaw's clutch
slot: waist
intelligence: 12
stamina: 12
sp: 35
mp5: 5
armor: 64
 ----------------------------
 --- legs --- 
name: empowered leggings
slot: legs
intelligence: 12
stamina: 12
spirit: 24
sp_healing: 77
spell_crit: 1
armor: 103
 ----------------------------
 --- feet --- 
name: boots of pure thought
slot: feet
intelligence: 12
stamina: 8
spirit: 12
sp_healing: 62
armor: 74
 ----------------------------
 --- finger --- 
name: pure elementium band
slot: finger
intelligence: 10
stamina: 9
spirit: 10
sp_healing: 53
 ----------------------------
 --- finger --- 
name: cauterizing band
slot: finger
intelligence: 12
stamina: 9
sp_healing: 46
 ----------------------------
 --- trinket --- 
name: hazza'rah's charm of healing
slot: trinket
 ----------------------------
 --- trinket --- 
name: rejuvenating gem
slot: trinket
sp_healing: 66
mp5: 9
 ----------------------------
 --- Set bonuses ---
name: confessor's 2 hazza'rah's 1 
slot: Set bonuses
sp: 23
------------------
Best value: 275.161
------------------
Char stats: 
Effective hp: 8369
Effective mana (100 s, 33 % out of fsr): 15198
Raw max mana: 9522.57
Int: 360.18
Stam: 380.88
Spirit: 382.03
Strength: 79.58
Agility: 84.18
All stats multiplier (taken into account above): 1.15
Bonus mana: 2000
Bonus hp: 0
Mp5: 173
Sp: 101
Sp shadow: 0
Sp healing: 907
Spell crit: 20
Spell hit: 0
Arcane res: 27
Nature res: 27
Fire res: 27
Frost res: 27
Shadow res: 27
Armor: 2840.75
Defense: 300
Dodge: 0
Parry: 0
HpsPvp: 993.657
ShadowDps: 239.74
Value pvp healing: 1620.87
Value pvp shadow: 94.3532
Effective hp-pvp: 10393.1
Effecctive mana for 100 s, 0.33 fsr: 16790.5
------------------
Best counts:
oh_limit: 0.7
time_left_mul: 2.1
total_deficit_to_pop_trinkets: 4401.27
in combat total: 2836.9
Flash Heal 1, casts: 37, avg: 432.488, 2.0465%, cast time 1.95636% of in combat, overheal: 0.367253
Flash Heal 2, casts: 14, avg: 607.655, 1.08798%, cast time 0.740245% of in combat, overheal: 0.210987
Flash Heal 3, casts: 6, avg: 708.262, 0.543477%, cast time 0.317248% of in combat, overheal: 0.166667
Flash Heal 4, casts: 19, avg: 874.868, 2.12585%, cast time 1.00462% of in combat, overheal: 0.0642785
Flash Heal 5, casts: 27, avg: 877.675, 3.03063%, cast time 1.42761% of in combat, overheal: 0.181919
Flash Heal 6, casts: 18, avg: 1059.26, 2.43844%, cast time 0.951743% of in combat, overheal: 0.131541
Flash Heal 7, casts: 104, avg: 1288.23, 17.1341%, cast time 5.49896% of in combat, overheal: 0.0856016
Greater Heal 1, casts: 20, avg: 1577.5, 4.03492%, cast time 1.76249% of in combat, overheal: 0.186344
Greater Heal 1 hazz, casts: 24, avg: 1425.84, 4.37642%, cast time 1.26899% of in combat, overheal: 0.264567
Greater Heal 2 hazz, casts: 9, avg: 1954.78, 2.24996%, cast time 0.475872% of in combat, overheal: 0.118974
Greater Heal 3 hazz, casts: 2, avg: 2542.32, 0.650273%, cast time 0.105749% of in combat, overheal: 0
Greater Heal 4, casts: 56, avg: 2448.27, 17.5341%, cast time 4.93496% of in combat, overheal: 0.162
Greater Heal 4 hazz, casts: 18, avg: 2604.26, 5.99504%, cast time 0.951743% of in combat, overheal: 0.108609
Heal 2, casts: 190, avg: 1063.96, 25.8531%, cast time 16.7436% of in combat, overheal: 0.248497
Heal 4, casts: 51, avg: 1671.04, 10.8991%, cast time 4.49434% of in combat, overheal: 0.197767
Total time casting: 1209.5, which is: 42.6346% of time in combat.
Total hps: 275.626, raw hps: 337.749, oh: 0.183931
Deficit time sum: 3.5389e+07, baseline: 4.16939e+07
Deficit*time change / s: 2222.45 hp
Number of combats: 58
Average mana at start of combat: 9211.4
Average mana at end of combat: 8361
Other players with hps > 100:
  Bandu : 163.199 hps
  Bojanco : 177.446 hps
  Jakiro : 171.025 hps
  Pumpkinduke : 149.242 hps
  Slemhinnan : 189.595 hps
  Stekpanna : 122.692 hps
  Vagenius : 182.829 hps
  Windiestfury : 144.084 hps
  Wlz : 141.663 hps
------------------
Upgrades: 
( following sorted by alt scores, no specials )
zulian headdress(2.97559) -> crystal adorned crown(4.84302) : 1.86743 = +0.682145%
boots of transcendence(1.98822) -> boots of pure thought(3.29816) : 1.30994 = +0.477528%
handguards of transcendence(1.92996) -> atal'ai hands of healing(2.69266) : 0.762695 = +0.277482%
bindings of transcendence(1.84921) -> zandalar confessor's wraps(2.52774) : 0.678528 = +0.246784%
dragon's touch(0.404938) -> lunar wand of healing(1.01608) : 0.611145 = +0.222222%
fordring's seal(1.92151) -> cauterizing band(2.43713) : 0.515625 = +0.187425%
zandalar confessor's mantle(1.37814) -> mantle of the blackwing cabal(1.86087) : 0.482727 = +0.175446%
whipvine cord(1.64267) -> firemaw's clutch(1.87912) : 0.23645 = +0.0858602%
jin'do's evil eye(2.35126) -> jin'do's evil eye(2.35126) : 0 = +0%
hide of the wild(2.21722) -> hide of the wild(2.21722) : 0 = +0%
truefaith vestments(3.70972) -> truefaith vestments(3.70972) : 0 = +0%
empowered leggings(4.34598) -> empowered leggings(4.34598) : 0 = +0%
pure elementium band(2.81622) -> pure elementium band(2.81622) : 0 = +0%
hazza'rah's charm of healing(12.0257) -> hazza'rah's charm of healing(12.0257) : 0 = +0%
rejuvenating gem(3.35458) -> rejuvenating gem(3.35458) : 0 = +0%
benediction, , , (6.1673) -> , jin'do's hexxer, , lei of the lifegiver(5.59689) : -0.570404 = +-0.206521%
------------------
~~~~ end of intermediate results ~~~~
Temporary bans and partial set bonuses on.
.
*** NEW BEST (1): 276.421
.
*** NEW BEST (1): 276.484

*** NEW BEST (1): 276.68
Temporary bans and partial set bonuses off.
.
*** NEW BEST (0): 275.549
finger 2 : primalist's seal -> cauterizing band => val: 275.549 -> 276.36

*** NEW BEST (0): 276.36
***** INTERMEDIATE RESULTS *****
Iteration: 5
 ----------------------------
 --- head --- 
name: crystal adorned crown
slot: head
intelligence: 14
spirit: 13
sp_healing: 92
armor: 85
 ----------------------------
 --- neck --- 
name: jin'do's evil eye
slot: neck
intelligence: 11
stamina: 5
spirit: 6
sp_healing: 44
 ----------------------------
 --- shoulders --- 
name: mantle of the blackwing cabal
slot: shoulders
intelligence: 16
stamina: 12
sp: 34
armor: 84
 ----------------------------
 --- back --- 
name: hide of the wild
slot: back
intelligence: 10
stamina: 8
sp_healing: 42
armor: 48
 ----------------------------
 --- chest --- 
name: truefaith vestments
slot: chest
stamina: 14
sp_healing: 73
mp5: 6
armor: 96
 ----------------------------
 --- wrists --- 
name: zandalar confessor's wraps
slot: wrists
intelligence: 11
stamina: 10
spirit: 12
sp_healing: 24
armor: 41
 ----------------------------
 --- two-hand --- 
name: benediction
slot: two-hand
intelligence: 31
stamina: 10
spirit: 12
sp_healing: 106
spell_crit: 2
shadow_res: 20
 ----------------------------
 ---  --- 
name: 
slot: 
 ----------------------------
 ---  --- 
name: 
slot: 
 ----------------------------
 ---  --- 
name: 
slot: 
 ----------------------------
 --- ranged --- 
name: lunar wand of healing
slot: ranged
sp_healing: 20
 ----------------------------
 --- hands --- 
name: atal'ai hands of healing
slot: hands
sp: 9
sp_healing: 44
armor: 47
 ----------------------------
 --- waist --- 
name: firemaw's clutch
slot: waist
intelligence: 12
stamina: 12
sp: 35
mp5: 5
armor: 64
 ----------------------------
 --- legs --- 
name: empowered leggings
slot: legs
intelligence: 12
stamina: 12
spirit: 24
sp_healing: 77
spell_crit: 1
armor: 103
 ----------------------------
 --- feet --- 
name: boots of pure thought
slot: feet
intelligence: 12
stamina: 8
spirit: 12
sp_healing: 62
armor: 74
 ----------------------------
 --- finger --- 
name: pure elementium band
slot: finger
intelligence: 10
stamina: 9
spirit: 10
sp_healing: 53
 ----------------------------
 --- finger --- 
name: cauterizing band
slot: finger
intelligence: 12
stamina: 9
sp_healing: 46
 ----------------------------
 --- trinket --- 
name: hazza'rah's charm of healing
slot: trinket
 ----------------------------
 --- trinket --- 
name: rejuvenating gem
slot: trinket
sp_healing: 66
mp5: 9
 ----------------------------
 --- Set bonuses ---
name: confessor's 2 hazza'rah's 1 
slot: Set bonuses
sp: 23
------------------
Best value: 276.36
------------------
Char stats: 
Effective hp: 8415.4
Effective mana (100 s, 33 % out of fsr): 15625.9
Raw max mana: 9940.02
Int: 385.48
Stam: 385.48
Spirit: 395.83
Strength: 79.58
Agility: 84.18
All stats multiplier (taken into account above): 1.15
Bonus mana: 2000
Bonus hp: 0
Mp5: 170
Sp: 101
Sp shadow: 0
Sp healing: 909
Spell crit: 21
Spell hit: 0
Arcane res: 27
Nature res: 27
Fire res: 27
Frost res: 27
Shadow res: 47
Armor: 2840.75
Defense: 300
Dodge: 0
Parry: 0
HpsPvp: 995.929
ShadowDps: 240.866
Value pvp healing: 1719.6
Value pvp shadow: 100.583
Effective hp-pvp: 10533.3
Effecctive mana for 100 s, 0.33 fsr: 17269.4
------------------
Best counts:
oh_limit: 0.7
time_left_mul: 2.3
total_deficit_to_pop_trinkets: 4621.33
in combat total: 2836.9
Flash Heal 1, casts: 31, avg: 462.529, 1.82887%, cast time 1.63911% of in combat, overheal: 0.325945
Flash Heal 2, casts: 15, avg: 599.164, 1.14635%, cast time 0.793119% of in combat, overheal: 0.224936
Flash Heal 3, casts: 7, avg: 853.027, 0.761626%, cast time 0.370122% of in combat, overheal: 0
Flash Heal 4, casts: 16, avg: 885.306, 1.80673%, cast time 0.845994% of in combat, overheal: 0.0564785
Flash Heal 5, casts: 24, avg: 901.194, 2.75874%, cast time 1.26899% of in combat, overheal: 0.162876
Flash Heal 6, casts: 13, avg: 1059.88, 1.75744%, cast time 0.68737% of in combat, overheal: 0.133927
Flash Heal 7, casts: 97, avg: 1280.02, 15.8369%, cast time 5.12884% of in combat, overheal: 0.0943593
Greater Heal 1, casts: 21, avg: 1646.96, 4.41146%, cast time 1.85061% of in combat, overheal: 0.153516
Greater Heal 1 hazz, casts: 33, avg: 1451.6, 6.11001%, cast time 1.74486% of in combat, overheal: 0.253924
Greater Heal 2 hazz, casts: 5, avg: 1707.94, 1.08924%, cast time 0.264373% of in combat, overheal: 0.232851
Greater Heal 3 hazz, casts: 3, avg: 2373.84, 0.90835%, cast time 0.158624% of in combat, overheal: 0.0693595
Greater Heal 4, casts: 54, avg: 2474.66, 17.0447%, cast time 4.75872% of in combat, overheal: 0.155691
Greater Heal 4 hazz, casts: 17, avg: 2564.76, 5.5613%, cast time 0.898868% of in combat, overheal: 0.124952
Heal 2, casts: 197, avg: 1069.96, 26.8852%, cast time 17.3605% of in combat, overheal: 0.247177
Heal 4, casts: 56, avg: 1693.04, 12.0931%, cast time 4.93496% of in combat, overheal: 0.19001
Total time casting: 1211.5, which is: 42.7051% of time in combat.
Total hps: 276.36, raw hps: 338.992, oh: 0.184758
Deficit time sum: 3.53746e+07, baseline: 4.16939e+07
Deficit*time change / s: 2227.54 hp
Number of combats: 58
Average mana at start of combat: 9635.6
Average mana at end of combat: 8820.57
Other players with hps > 100:
  Bandu : 163.626 hps
  Bojanco : 177.468 hps
  Jakiro : 170.069 hps
  Pumpkinduke : 148.591 hps
  Slemhinnan : 188.91 hps
  Stekpanna : 123.858 hps
  Vagenius : 182.749 hps
  Windiestfury : 143.428 hps
  Wlz : 141.648 hps
------------------
Upgrades: 
( following sorted by alt scores, no specials )
zulian headdress(2.97559) -> crystal adorned crown(4.84302) : 1.86743 = +0.680321%
boots of transcendence(1.98822) -> boots of pure thought(3.29816) : 1.30994 = +0.476254%
handguards of transcendence(1.92996) -> atal'ai hands of healing(2.69266) : 0.762695 = +0.276743%
bindings of transcendence(1.84921) -> zandalar confessor's wraps(2.52774) : 0.678528 = +0.246127%
dragon's touch(0.404938) -> lunar wand of healing(1.01608) : 0.611145 = +0.221631%
fordring's seal(1.92151) -> cauterizing band(2.43713) : 0.515625 = +0.186926%
zandalar confessor's mantle(1.37814) -> mantle of the blackwing cabal(1.86087) : 0.482727 = +0.174979%
whipvine cord(1.64267) -> firemaw's clutch(1.87912) : 0.23645 = +0.085632%
jin'do's evil eye(2.35126) -> jin'do's evil eye(2.35126) : 0 = +0%
hide of the wild(2.21722) -> hide of the wild(2.21722) : 0 = +0%
truefaith vestments(3.70972) -> truefaith vestments(3.70972) : 0 = +0%
benediction, , , (6.1673) -> benediction, , , (6.1673) : 0 = +0%
empowered leggings(4.34598) -> empowered leggings(4.34598) : 0 = +0%
pure elementium band(2.81622) -> pure elementium band(2.81622) : 0 = +0%
hazza'rah's charm of healing(12.0257) -> hazza'rah's charm of healing(12.0257) : 0 = +0%
rejuvenating gem(3.35458) -> rejuvenating gem(3.35458) : 0 = +0%
------------------
~~~~ end of intermediate results ~~~~
Temporary bans and partial set bonuses on.
.
*** NEW BEST (1): 276.715
.Temporary bans and partial set bonuses off.
.hands : high councillor's gloves of healing -> atal'ai hands of healing => val: 275.071 -> 275.132
shoulders : pauldrons of transcendence -> mantle of the blackwing cabal => val: 275.132 -> 275.549
finger 2 : primalist's seal -> cauterizing band => val: 275.549 -> 276.36
***** INTERMEDIATE RESULTS *****
Iteration: 8
 ----------------------------
 --- head --- 
name: crystal adorned crown
slot: head
intelligence: 14
spirit: 13
sp_healing: 92
armor: 85
 ----------------------------
 --- neck --- 
name: jin'do's evil eye
slot: neck
intelligence: 11
stamina: 5
spirit: 6
sp_healing: 44
 ----------------------------
 --- shoulders --- 
name: mantle of the blackwing cabal
slot: shoulders
intelligence: 16
stamina: 12
sp: 34
armor: 84
 ----------------------------
 --- back --- 
name: hide of the wild
slot: back
intelligence: 10
stamina: 8
sp_healing: 42
armor: 48
 ----------------------------
 --- chest --- 
name: truefaith vestments
slot: chest
stamina: 14
sp_healing: 73
mp5: 6
armor: 96
 ----------------------------
 --- wrists --- 
name: zandalar confessor's wraps
slot: wrists
intelligence: 11
stamina: 10
spirit: 12
sp_healing: 24
armor: 41
 ----------------------------
 --- two-hand --- 
name: benediction
slot: two-hand
intelligence: 31
stamina: 10
spirit: 12
sp_healing: 106
spell_crit: 2
shadow_res: 20
 ----------------------------
 ---  --- 
name: 
slot: 
 ----------------------------
 ---  --- 
name: 
slot: 
 ----------------------------
 ---  --- 
name: 
slot: 
 ----------------------------
 --- ranged --- 
name: lunar wand of healing
slot: ranged
sp_healing: 20
 ----------------------------
 --- hands --- 
name: atal'ai hands of healing
slot: hands
sp: 9
sp_healing: 44
armor: 47
 ----------------------------
 --- waist --- 
name: firemaw's clutch
slot: waist
intelligence: 12
stamina: 12
sp: 35
mp5: 5
armor: 64
 ----------------------------
 --- legs --- 
name: empowered leggings
slot: legs
intelligence: 12
stamina: 12
spirit: 24
sp_healing: 77
spell_crit: 1
armor: 103
 ----------------------------
 --- feet --- 
name: boots of pure thought
slot: feet
intelligence: 12
stamina: 8
spirit: 12
sp_healing: 62
armor: 74
 ----------------------------
 --- finger --- 
name: pure elementium band
slot: finger
intelligence: 10
stamina: 9
spirit: 10
sp_healing: 53
 ----------------------------
 --- finger --- 
name: cauterizing band
slot: finger
intelligence: 12
stamina: 9
sp_healing: 46
 ----------------------------
 --- trinket --- 
name: hazza'rah's charm of healing
slot: trinket
 ----------------------------
 --- trinket --- 
name: rejuvenating gem
slot: trinket
sp_healing: 66
mp5: 9
 ----------------------------
 --- Set bonuses ---
name: confessor's 2 hazza'rah's 1 
slot: Set bonuses
sp: 23
------------------
Best value: 276.36
------------------
Char stats: 
Effective hp: 8415.4
Effective mana (100 s, 33 % out of fsr): 15625.9
Raw max mana: 9940.02
Int: 385.48
Stam: 385.48
Spirit: 395.83
Strength: 79.58
Agility: 84.18
All stats multiplier (taken into account above): 1.15
Bonus mana: 2000
Bonus hp: 0
Mp5: 170
Sp: 101
Sp shadow: 0
Sp healing: 909
Spell crit: 21
Spell hit: 0
Arcane res: 27
Nature res: 27
Fire res: 27
Frost res: 27
Shadow res: 47
Armor: 2840.75
Defense: 300
Dodge: 0
Parry: 0
HpsPvp: 995.929
ShadowDps: 240.866
Value pvp healing: 1719.6
Value pvp shadow: 100.583
Effective hp-pvp: 10533.3
Effecctive mana for 100 s, 0.33 fsr: 17269.4
------------------
Best counts:
oh_limit: 0.7
time_left_mul: 2.3
total_deficit_to_pop_trinkets: 4621.33
in combat total: 2836.9
Flash Heal 1, casts: 31, avg: 462.529, 1.82887%, cast time 1.63911% of in combat, overheal: 0.325945
Flash Heal 2, casts: 15, avg: 599.164, 1.14635%, cast time 0.793119% of in combat, overheal: 0.224936
Flash Heal 3, casts: 7, avg: 853.027, 0.761626%, cast time 0.370122% of in combat, overheal: 0
Flash Heal 4, casts: 16, avg: 885.306, 1.80673%, cast time 0.845994% of in combat, overheal: 0.0564785
Flash Heal 5, casts: 24, avg: 901.194, 2.75874%, cast time 1.26899% of in combat, overheal: 0.162876
Flash Heal 6, casts: 13, avg: 1059.88, 1.75744%, cast time 0.68737% of in combat, overheal: 0.133927
Flash Heal 7, casts: 97, avg: 1280.02, 15.8369%, cast time 5.12884% of in combat, overheal: 0.0943593
Greater Heal 1, casts: 21, avg: 1646.96, 4.41146%, cast time 1.85061% of in combat, overheal: 0.153516
Greater Heal 1 hazz, casts: 33, avg: 1451.6, 6.11001%, cast time 1.74486% of in combat, overheal: 0.253924
Greater Heal 2 hazz, casts: 5, avg: 1707.94, 1.08924%, cast time 0.264373% of in combat, overheal: 0.232851
Greater Heal 3 hazz, casts: 3, avg: 2373.84, 0.90835%, cast time 0.158624% of in combat, overheal: 0.0693595
Greater Heal 4, casts: 54, avg: 2474.66, 17.0447%, cast time 4.75872% of in combat, overheal: 0.155691
Greater Heal 4 hazz, casts: 17, avg: 2564.76, 5.5613%, cast time 0.898868% of in combat, overheal: 0.124952
Heal 2, casts: 197, avg: 1069.96, 26.8852%, cast time 17.3605% of in combat, overheal: 0.247177
Heal 4, casts: 56, avg: 1693.04, 12.0931%, cast time 4.93496% of in combat, overheal: 0.19001
Total time casting: 1211.5, which is: 42.7051% of time in combat.
Total hps: 276.36, raw hps: 338.992, oh: 0.184758
Deficit time sum: 3.53746e+07, baseline: 4.16939e+07
Deficit*time change / s: 2227.54 hp
Number of combats: 58
Average mana at start of combat: 9635.6
Average mana at end of combat: 8820.57
Other players with hps > 100:
  Bandu : 163.626 hps
  Bojanco : 177.468 hps
  Jakiro : 170.069 hps
  Pumpkinduke : 148.591 hps
  Slemhinnan : 188.91 hps
  Stekpanna : 123.858 hps
  Vagenius : 182.749 hps
  Windiestfury : 143.428 hps
  Wlz : 141.648 hps
------------------
Upgrades: 
( following sorted by alt scores, no specials )
zulian headdress(2.97559) -> crystal adorned crown(4.84302) : 1.86743 = +0.680321%
boots of transcendence(1.98822) -> boots of pure thought(3.29816) : 1.30994 = +0.476254%
handguards of transcendence(1.92996) -> atal'ai hands of healing(2.69266) : 0.762695 = +0.276743%
bindings of transcendence(1.84921) -> zandalar confessor's wraps(2.52774) : 0.678528 = +0.246127%
dragon's touch(0.404938) -> lunar wand of healing(1.01608) : 0.611145 = +0.221631%
fordring's seal(1.92151) -> cauterizing band(2.43713) : 0.515625 = +0.186926%
zandalar confessor's mantle(1.37814) -> mantle of the blackwing cabal(1.86087) : 0.482727 = +0.174979%
whipvine cord(1.64267) -> firemaw's clutch(1.87912) : 0.23645 = +0.085632%
jin'do's evil eye(2.35126) -> jin'do's evil eye(2.35126) : 0 = +0%
hide of the wild(2.21722) -> hide of the wild(2.21722) : 0 = +0%
truefaith vestments(3.70972) -> truefaith vestments(3.70972) : 0 = +0%
benediction, , , (6.1673) -> benediction, , , (6.1673) : 0 = +0%
empowered leggings(4.34598) -> empowered leggings(4.34598) : 0 = +0%
pure elementium band(2.81622) -> pure elementium band(2.81622) : 0 = +0%
hazza'rah's charm of healing(12.0257) -> hazza'rah's charm of healing(12.0257) : 0 = +0%
rejuvenating gem(3.35458) -> rejuvenating gem(3.35458) : 0 = +0%
------------------
~~~~ end of intermediate results ~~~~
Same items for intermediate results again, ending optimization. 
 ----------------------------
 --- head --- 
name: crystal adorned crown
slot: head
intelligence: 14
spirit: 13
sp_healing: 92
armor: 85
 ----------------------------
 --- neck --- 
name: jin'do's evil eye
slot: neck
intelligence: 11
stamina: 5
spirit: 6
sp_healing: 44
 ----------------------------
 --- shoulders --- 
name: mantle of the blackwing cabal
slot: shoulders
intelligence: 16
stamina: 12
sp: 34
armor: 84
 ----------------------------
 --- back --- 
name: hide of the wild
slot: back
intelligence: 10
stamina: 8
sp_healing: 42
armor: 48
 ----------------------------
 --- chest --- 
name: truefaith vestments
slot: chest
stamina: 14
sp_healing: 73
mp5: 6
armor: 96
 ----------------------------
 --- wrists --- 
name: zandalar confessor's wraps
slot: wrists
intelligence: 11
stamina: 10
spirit: 12
sp_healing: 24
armor: 41
 ----------------------------
 --- two-hand --- 
name: benediction
slot: two-hand
intelligence: 31
stamina: 10
spirit: 12
sp_healing: 106
spell_crit: 2
shadow_res: 20
 ----------------------------
 ---  --- 
name: 
slot: 
 ----------------------------
 ---  --- 
name: 
slot: 
 ----------------------------
 ---  --- 
name: 
slot: 
 ----------------------------
 --- ranged --- 
name: lunar wand of healing
slot: ranged
sp_healing: 20
 ----------------------------
 --- hands --- 
name: atal'ai hands of healing
slot: hands
sp: 9
sp_healing: 44
armor: 47
 ----------------------------
 --- waist --- 
name: firemaw's clutch
slot: waist
intelligence: 12
stamina: 12
sp: 35
mp5: 5
armor: 64
 ----------------------------
 --- legs --- 
name: empowered leggings
slot: legs
intelligence: 12
stamina: 12
spirit: 24
sp_healing: 77
spell_crit: 1
armor: 103
 ----------------------------
 --- feet --- 
name: boots of pure thought
slot: feet
intelligence: 12
stamina: 8
spirit: 12
sp_healing: 62
armor: 74
 ----------------------------
 --- finger --- 
name: pure elementium band
slot: finger
intelligence: 10
stamina: 9
spirit: 10
sp_healing: 53
 ----------------------------
 --- finger --- 
name: cauterizing band
slot: finger
intelligence: 12
stamina: 9
sp_healing: 46
 ----------------------------
 --- trinket --- 
name: hazza'rah's charm of healing
slot: trinket
 ----------------------------
 --- trinket --- 
name: rejuvenating gem
slot: trinket
sp_healing: 66
mp5: 9
 ----------------------------
 --- Set bonuses ---
name: confessor's 2 hazza'rah's 1 
slot: Set bonuses
sp: 23
------------------
Char stats: 
Effective hp: 8415.4
Effective mana (100 s, 33 % out of fsr): 15625.9
Raw max mana: 9940.02
Int: 385.48
Stam: 385.48
Spirit: 395.83
Strength: 79.58
Agility: 84.18
All stats multiplier (taken into account above): 1.15
Bonus mana: 2000
Bonus hp: 0
Mp5: 170
Sp: 101
Sp shadow: 0
Sp healing: 909
Spell crit: 21
Spell hit: 0
Arcane res: 27
Nature res: 27
Fire res: 27
Frost res: 27
Shadow res: 47
Armor: 2840.75
Defense: 300
Dodge: 0
Parry: 0
HpsPvp: 995.929
ShadowDps: 240.866
Value pvp healing: 1719.6
Value pvp shadow: 100.583
Effective hp-pvp: 10533.3
Effecctive mana for 100 s, 0.33 fsr: 17269.4
------------------
Best counts:
oh_limit: 0.7
time_left_mul: 2.3
total_deficit_to_pop_trinkets: 4621.33
in combat total: 2836.9
Flash Heal 1, casts: 31, avg: 462.529, 1.82887%, cast time 1.63911% of in combat, overheal: 0.325945
Flash Heal 2, casts: 15, avg: 599.164, 1.14635%, cast time 0.793119% of in combat, overheal: 0.224936
Flash Heal 3, casts: 7, avg: 853.027, 0.761626%, cast time 0.370122% of in combat, overheal: 0
Flash Heal 4, casts: 16, avg: 885.306, 1.80673%, cast time 0.845994% of in combat, overheal: 0.0564785
Flash Heal 5, casts: 24, avg: 901.194, 2.75874%, cast time 1.26899% of in combat, overheal: 0.162876
Flash Heal 6, casts: 13, avg: 1059.88, 1.75744%, cast time 0.68737% of in combat, overheal: 0.133927
Flash Heal 7, casts: 97, avg: 1280.02, 15.8369%, cast time 5.12884% of in combat, overheal: 0.0943593
Greater Heal 1, casts: 21, avg: 1646.96, 4.41146%, cast time 1.85061% of in combat, overheal: 0.153516
Greater Heal 1 hazz, casts: 33, avg: 1451.6, 6.11001%, cast time 1.74486% of in combat, overheal: 0.253924
Greater Heal 2 hazz, casts: 5, avg: 1707.94, 1.08924%, cast time 0.264373% of in combat, overheal: 0.232851
Greater Heal 3 hazz, casts: 3, avg: 2373.84, 0.90835%, cast time 0.158624% of in combat, overheal: 0.0693595
Greater Heal 4, casts: 54, avg: 2474.66, 17.0447%, cast time 4.75872% of in combat, overheal: 0.155691
Greater Heal 4 hazz, casts: 17, avg: 2564.76, 5.5613%, cast time 0.898868% of in combat, overheal: 0.124952
Heal 2, casts: 197, avg: 1069.96, 26.8852%, cast time 17.3605% of in combat, overheal: 0.247177
Heal 4, casts: 56, avg: 1693.04, 12.0931%, cast time 4.93496% of in combat, overheal: 0.19001
Total time casting: 1211.5, which is: 42.7051% of time in combat.
Total hps: 276.36, raw hps: 338.992, oh: 0.184758
Deficit time sum: 3.53746e+07, baseline: 4.16939e+07
Deficit*time change / s: 2227.54 hp
Number of combats: 58
Average mana at start of combat: 9635.6
Average mana at end of combat: 8820.57
Other players with hps > 100:
  Bandu : 163.626 hps
  Bojanco : 177.468 hps
  Jakiro : 170.069 hps
  Pumpkinduke : 148.591 hps
  Slemhinnan : 188.91 hps
  Stekpanna : 123.858 hps
  Vagenius : 182.749 hps
  Windiestfury : 143.428 hps
  Wlz : 141.648 hps
------------------
Based on last: 3000 entries, out of total: 6652 entries, The least-squares solution is:
Int: 14.4647
Spirit: 13.4454
Sp / Healing: 100
Mp5: 24.0796
Crit: 533.687
T1 3p/piece: 1037.84
T2 3p/piece: 1024.88
Hazza'rah's: 21371.3
Darkmoon: 1011.56
100 points == 1 sp == 0.0516987 hps.
Appended tag:
( Pawn: v1: "soon_tm_bwl_speed_phase4": Intellect=14.4647, Spirit=13.4454, Healing=100, Mp5=24.0796, SpellCritRating=533.687, IsFist=X, Is2HMace=X, IsCrossbow=X, IsGun=X, IsShield=X, IsPolearm=X, Is2HAxe=X, IsBow=X, IsMail=X, IsPlate=X, IsLeather=X, IsAxe=X, Is2HAxe=X, IsSword=X, Is2HSword=X)
To file: soon_tm_bwl_speed_phase4.pawn_tag.txt
------------------
Diffs to start: 
Upgrades: 
( following sorted by alt scores, no specials )
zulian headdress(3.05292) -> crystal adorned crown(4.95132) : 1.89841 = +0.691684%
boots of transcendence(2.05475) -> boots of pure thought(3.37848) : 1.32373 = +0.481293%
handguards of transcendence(2.01511) -> atal'ai hands of healing(2.74002) : 0.724915 = +0.262998%
bindings of transcendence(1.91449) -> zandalar confessor's wraps(2.59552) : 0.68103 = +0.247037%
dragon's touch(0.399933) -> lunar wand of healing(1.03397) : 0.634033 = +0.22995%
fordring's seal(1.95023) -> cauterizing band(2.46786) : 0.517639 = +0.187658%
zandalar confessor's mantle(1.42111) -> mantle of the blackwing cabal(1.87741) : 0.456299 = +0.165383%
whipvine cord(1.73718) -> firemaw's clutch(1.96143) : 0.224243 = +0.0812076%
jin'do's evil eye(2.39871) -> jin'do's evil eye(2.39871) : 0 = +0%
hide of the wild(2.24612) -> hide of the wild(2.24612) : 0 = +0%
truefaith vestments(3.84869) -> truefaith vestments(3.84869) : 0 = +0%
benediction, , , (6.34711) -> benediction, , , (6.34711) : 0 = +0%
empowered leggings(4.51328) -> empowered leggings(4.51328) : 0 = +0%
pure elementium band(2.88431) -> pure elementium band(2.88431) : 0 = +0%
hazza'rah's charm of healing(12.2378) -> hazza'rah's charm of healing(12.2378) : 0 = +0%
rejuvenating gem(3.52414) -> rejuvenating gem(3.52414) : 0 = +0%
- - - - - - - - - - - - - - - - - - - - - - - - - - - - - - - - - - - - - - - - - 
| Upgrades at best in slot level, from start item to candidate, partial bonuses: 1: |
  alt scores are from least squares fit, special score from e.g. set bonuses as s are part of em
. . . . . . . . . . . . . . . . . . . . . . . . . . . . . . . . . . . . . . . . . 
- . - ' - . - ' - . - ' - . - ' - . - ' - . -
head, zulian headdress (3.75424), alt: 3.05292 -> :
    crystal adorned crown (5.93991) : +0.796152 %, alt : +4.95133, from: azuregos
    halo of transcendence (4.32999) : +0.209721 %, alt : +3.36621 (s: 0.529847), from: onyxia
    eternal crown of healing (3.86945) : +0.0419642 %, alt : +3.30871, from: random green
    mish'undare circlet of mind flayer (4.3468) : +0.215846 %, alt : +2.6033, from: bwl
    the hexxer's cover (3.78601) : +0.0115721 %, alt : +2.19443, from: zg
- . - ' - . - ' - . - ' - . - ' - . - ' - . -
neck, jin'do's evil eye (2.54868), alt: 2.39871 -> :
    the all-seeing eye of zuldazar (1.48645) : -0.38387 %, alt : +1.08076, from: zg
- . - ' - . - ' - . - ' - . - ' - . - ' - . -
shoulders, zandalar confessor's mantle (2.07184), alt: 1.42111 -> :
    pauldrons of transcendence (2.15643) : +0.0306096 %, alt : +2.15133 (s: 0.529847), from: bwl
    mantle of the blackwing cabal (2.41977) : +0.125895 %, alt : +1.8774, from: bwl
    zandalar confessor's mantle (2.07184) : +0 %, alt : +1.42111, from: zg
- . - ' - . - ' - . - ' - . - ' - . - ' - . -
back, hide of the wild (2.12708), alt: 2.24612 -> :
- . - ' - . - ' - . - ' - . - ' - . - ' - . -
chest, truefaith vestments (4.67322), alt: 3.84869 -> :
- . - ' - . - ' - . - ' - . - ' - . - ' - . -
wrists, bindings of transcendence (1.74835), alt: 2.44434 (s: 0.529847) -> :
    zandalar confessor's wraps (2.42209) : +0.244071 %, alt : +2.59551, from: zg
    vambraces of prophecy (1.92947) : +0.0656141 %, alt : +2.08678 (s: 0.536548), from: mc
- . - ' - . - ' - . - ' - . - ' - . - ' - . -
two-hand, benediction (7.0943), alt: 6.34711 -> :
    lok'amir il romathis and lei of the lifegiver (7.30893) : +0.0775637 %, alt : +7.31028, from: bwl, av rep
    lok'amir il romathis and brightly glowing stone (5.99222) : -0.398273 %, alt : +6.44575, from: bwl, pre-raid
- . - ' - . - ' - . - ' - . - ' - . - ' - . -
ranged, dragon's touch (0.276947), alt: 0.399933 -> :
    lunar wand of healing (0.694946) : +0.151286 %, alt : +1.03397, from: random green
    bonecreeper stylus (0.487152) : +0.0760795 %, alt : +0.598598, from: pre-raid
- . - ' - . - ' - . - ' - . - ' - . - ' - . -
hands, handguards of transcendence (1.65445), alt: 2.54495 (s: 0.529847) -> :
    atal'ai hands of healing (2.17627) : +0.188933 %, alt : +2.74003, from: sunken temple
    high councillor's gloves of healing (1.83084) : +0.0638654 %, alt : +2.37814, from: random green
- . - ' - . - ' - . - ' - . - ' - . - ' - . -
waist, whipvine cord (2.10977), alt: 1.73718 -> :
    firemaw's clutch (2.26407) : +0.0557914 %, alt : +1.96143, from: bwl
    zandalar confessor's bindings (2.07745) : -0.0116857 %, alt : +1.57714, from: zg
- . - ' - . - ' - . - ' - . - ' - . - ' - . -
legs, empowered leggings (5.03799), alt: 4.51328 -> :
- . - ' - . - ' - . - ' - . - ' - . - ' - . -
feet, boots of transcendence (2.46823), alt: 2.58459 (s: 0.529847) -> :
    boots of pure thought (3.76291) : +0.470074 %, alt : +3.37847, from: bwl
- . - ' - . - ' - . - ' - . - ' - . - ' - . -
finger, pure elementium band (3.63147), alt: 2.88431 -> :
- . - ' - . - ' - . - ' - . - ' - . - ' - . -
finger 2, fordring's seal (2.08871), alt: 1.95023 -> :
    pure elementium band (2.81012) : +0.260954 %, alt : +2.88432, from: bwl
    primalist's seal (2.31973) : +0.0835664 %, alt : +2.49763, from: zg
    cauterizing band (2.35477) : +0.0962393 %, alt : +2.46788, from: mc
- . - ' - . - ' - . - ' - . - ' - . - ' - . -
trinket, hazza'rah's charm of healing (12.8901), alt: 12.2378 -> :
    hazza'rah's charm of healing (12.8901) : +0 %, alt : +12.2378, from: zg
    darkmoon card: blue dragon (0.580597) : -4.44846 %, alt : +0.522961, from: 
- . - ' - . - ' - . - ' - . - ' - . - ' - . -
trinket 2, rejuvenating gem (4.2049), alt: 3.52414 -> :
    hazza'rah's charm of healing (0) : -1.51958 %, alt : +12.2378, from: zg
    darkmoon card: blue dragon (0.791595) : -1.23351 %, alt : +0.522961, from: 
- - - - - - - - - - - - - - - - - - - - - - - - - - - - - - - - - - - - - - - - - 
| Upgrades at best in slot level, from start item to candidate, partial bonuses: 0: |
  alt scores are from least squares fit, special score from e.g. set bonuses as s are part of em
. . . . . . . . . . . . . . . . . . . . . . . . . . . . . . . . . . . . . . . . . 
- . - ' - . - ' - . - ' - . - ' - . - ' - . -
head, zulian headdress (4.6644), alt: 3.05292 -> :
    crystal adorned crown (6.41953) : +0.639146 %, alt : +4.95133, from: azuregos
    eternal crown of healing (4.61551) : -0.0178035 %, alt : +3.30871, from: random green
- . - ' - . - ' - . - ' - . - ' - . - ' - . -
neck, jin'do's evil eye (3.58325), alt: 2.39871 -> :
    the all-seeing eye of zuldazar (1.69504) : -0.683244 %, alt : +1.08076, from: zg
- . - ' - . - ' - . - ' - . - ' - . - ' - . -
shoulders, zandalar confessor's mantle (1.43665), alt: 1.42111 -> :
    mantle of the blackwing cabal (1.98511) : +0.198854 %, alt : +1.8774, from: bwl
    pauldrons of transcendence (1.72818) : +0.105701 %, alt : +1.62148, from: bwl
    zandalar confessor's mantle (1.43665) : +0 %, alt : +1.42111, from: zg
- . - ' - . - ' - . - ' - . - ' - . - ' - . -
back, hide of the wild (3.40106), alt: 2.24612 -> :
- . - ' - . - ' - . - ' - . - ' - . - ' - . -
chest, truefaith vestments (5.4545), alt: 3.84869 -> :
- . - ' - . - ' - . - ' - . - ' - . - ' - . -
wrists, bindings of transcendence (2.61984), alt: 1.91449 -> :
    zandalar confessor's wraps (3.26489) : +0.233955 %, alt : +2.59551, from: zg
- . - ' - . - ' - . - ' - . - ' - . - ' - . -
two-hand, benediction (7.31113), alt: 6.34711 -> :
    lok'amir il romathis and lei of the lifegiver (8.34909) : +0.375584 %, alt : +7.31028, from: bwl, av rep
    lok'amir il romathis and brightly glowing stone (6.44489) : -0.313447 %, alt : +6.44575, from: bwl, pre-raid
- . - ' - . - ' - . - ' - . - ' - . - ' - . -
ranged, dragon's touch (0.616394), alt: 0.399933 -> :
    lunar wand of healing (1.20822) : +0.21461 %, alt : +1.03397, from: random green
    bonecreeper stylus (0.853363) : +0.0859305 %, alt : +0.598598, from: pre-raid
- . - ' - . - ' - . - ' - . - ' - . - ' - . -
hands, handguards of transcendence (2.73892), alt: 2.01511 -> :
    atal'ai hands of healing (3.64627) : +0.329403 %, alt : +2.74003, from: sunken temple
    high councillor's gloves of healing (3.41309) : +0.244748 %, alt : +2.37814, from: random green
- . - ' - . - ' - . - ' - . - ' - . - ' - . -
waist, whipvine cord (1.76361), alt: 1.73718 -> :
    firemaw's clutch (1.83389) : +0.0254378 %, alt : +1.96143, from: bwl
    zandalar confessor's bindings (1.50018) : -0.0953447 %, alt : +1.57714, from: zg
- . - ' - . - ' - . - ' - . - ' - . - ' - . -
legs, empowered leggings (5.62949), alt: 4.51328 -> :
- . - ' - . - ' - . - ' - . - ' - . - ' - . -
feet, boots of transcendence (2.14163), alt: 2.05475 -> :
    boots of pure thought (4.03116) : +0.688426 %, alt : +3.37847, from: bwl
    snowblind shoes (2.77661) : +0.231347 %, alt : +1.79138, from: azuregos
    betrayer's boots (2.23795) : +0.0350906 %, alt : +1.72411, from: zg
    boots of the full moon (2.34354) : +0.0735614 %, alt : +1.49646, from: pre-raid
    omnicast boots (2.20068) : +0.0215147 %, alt : +1.20467, from: pre-raid
- . - ' - . - ' - . - ' - . - ' - . - ' - . -
finger, pure elementium band (4.06677), alt: 2.88431 -> :
- . - ' - . - ' - . - ' - . - ' - . - ' - . -
finger 2, fordring's seal (2.56638), alt: 1.95023 -> :
    pure elementium band (3.68161) : +0.404921 %, alt : +2.88432, from: bwl
    cauterizing band (3.50607) : +0.341187 %, alt : +2.46788, from: mc
    primalist's seal (2.69495) : +0.0466816 %, alt : +1.64461, from: zg
- . - ' - . - ' - . - ' - . - ' - . - ' - . -
trinket, hazza'rah's charm of healing (13.625), alt: 12.2378 -> :
    hazza'rah's charm of healing (13.625) : +0 %, alt : +12.2378, from: zg
    darkmoon card: blue dragon (0.532898) : -4.73735 %, alt : +0.522961, from: 
- . - ' - . - ' - . - ' - . - ' - . - ' - . -
trinket 2, rejuvenating gem (4.25128), alt: 3.52414 -> :
    hazza'rah's charm of healing (0) : -1.53831 %, alt : +12.2378, from: zg
    darkmoon card: blue dragon (0.777039) : -1.25714 %, alt : +0.522961, from: 
- - - - - - - - - - - - - - - - - - - - - - - - - - - - - - - - - - - - - - - - - 
| Upgrades at start level, from start item to candidate, partial bonuses: 1: |
  alt scores are from least squares fit, special score from e.g. set bonuses as s are part of em
. . . . . . . . . . . . . . . . . . . . . . . . . . . . . . . . . . . . . . . . . 
- . - ' - . - ' - . - ' - . - ' - . - ' - . -
head, zulian headdress (3.29065), alt: 3.05292 -> :
    crystal adorned crown (5.88019) : +0.961436 %, alt : +4.95133, from: azuregos
    eternal crown of healing (3.30356) : +0.00479279 %, alt : +3.30871, from: random green
    halo of transcendence (3.35593) : +0.0242359 %, alt : +2.83637, from: onyxia
- . - ' - . - ' - . - ' - . - ' - . - ' - . -
neck, jin'do's evil eye (2.97131), alt: 2.39871 -> :
    the all-seeing eye of zuldazar (2.28894) : -0.253349 %, alt : +1.08076, from: zg
- . - ' - . - ' - . - ' - . - ' - . - ' - . -
shoulders, zandalar confessor's mantle (3.02438), alt: 2.61017 -> :
    zandalar confessor's mantle (3.02438) : +0 %, alt : +2.61018, from: zg
    pauldrons of transcendence (2.83539) : -0.0701696 %, alt : +1.62148, from: bwl
- . - ' - . - ' - . - ' - . - ' - . - ' - . -
back, hide of the wild (2.15906), alt: 2.24612 -> :
    cloak of the cosmos (2.28455) : +0.0465909 %, alt : +1.42642, from: pre-raid
- . - ' - . - ' - . - ' - . - ' - . - ' - . -
chest, truefaith vestments (3.83685), alt: 3.84869 -> :
    robes of transcendence (3.41495) : -0.156644 %, alt : +3.25995, from: bwl
- . - ' - . - ' - . - ' - . - ' - . - ' - . -
wrists, bindings of transcendence (0.588928), alt: 2.44434 (s: 0.529847) -> :
    bindings of transcendence (0.588928) : +0 %, alt : +2.44433 (s: 0.529847), from: bwl
    vambraces of prophecy (0.805389) : +0.0803671 %, alt : +2.08678 (s: 0.536548), from: mc
    flameweave cuffs of healing (0.920288) : +0.123026 %, alt : +1.70606, from: brd
    zandalar confessor's wraps (0.375153) : -0.07937 %, alt : +1.40644, from: zg
    bracers of arcane accuracy (0.595245) : +0.00234541 %, alt : +1.17541, from: bwl
- . - ' - . - ' - . - ' - . - ' - . - ' - . -
two-hand, benediction (4.72815), alt: 6.34711 -> :
    lok'amir il romathis and lei of the lifegiver (5.93881) : +0.449491 %, alt : +7.31028, from: bwl, av rep
    lok'amir il romathis and brightly glowing stone (4.48337) : -0.0908817 %, alt : +6.44575, from: bwl, pre-raid
- . - ' - . - ' - . - ' - . - ' - . - ' - . -
ranged, dragon's touch (0.114655), alt: 0.399933 -> :
    lunar wand of healing (0.571777) : +0.169719 %, alt : +1.03397, from: random green
    bonecreeper stylus (0.139862) : +0.00935897 %, alt : +0.598598, from: pre-raid
    mar'li's touch (0.190918) : +0.0283149 %, alt : +0.123965, from: zg
- . - ' - . - ' - . - ' - . - ' - . - ' - . -
hands, handguards of transcendence (0.63678), alt: 2.54495 (s: 0.529847) -> :
    atal'ai hands of healing (2.03983) : +0.520919 %, alt : +2.74003, from: sunken temple
    handguards of transcendence (0.63678) : +0 %, alt : +2.54494 (s: 0.529847), from: bwl
    high councillor's gloves of healing (1.72876) : +0.405427 %, alt : +2.37814, from: random green
    hands of the exalted herald (0.838867) : +0.0750304 %, alt : +1.88668, from: pre-raid
    hands of power (0.89566) : +0.0961164 %, alt : +1.43074, from: pre-raid
- . - ' - . - ' - . - ' - . - ' - . - ' - . -
waist, whipvine cord (0.661987), alt: 1.73718 -> :
    firemaw's clutch (0.676819) : +0.00550661 %, alt : +1.96143, from: bwl
    mana igniting cord (0.680206) : +0.00676429 %, alt : +1.68802, from: mc
    belt of transcendence (0.497345) : -0.0611279 %, alt : +1.60115, from: bwl
    zandalar confessor's bindings (0.517151) : -0.0537744 %, alt : +1.57714, from: zg
    belt of untapped power (0.723846) : +0.0229669 %, alt : +1.55161, from: zg
- . - ' - . - ' - . - ' - . - ' - . - ' - . -
legs, empowered leggings (4.75964), alt: 4.51328 -> :
    leggings of transcendence (3.52603) : -0.458012 %, alt : +2.76829, from: mc
- . - ' - . - ' - . - ' - . - ' - . - ' - . -
feet, boots of transcendence (0.69574), alt: 2.58459 (s: 0.529847) -> :
    boots of pure thought (2.22754) : +0.568722 %, alt : +3.37847, from: bwl
    boots of transcendence (0.69574) : +0 %, alt : +2.58459 (s: 0.529847), from: bwl
    boots of prophecy (0.891479) : +0.0726737 %, alt : +1.81636 (s: 0.536548), from: mc
    betrayer's boots (0.901672) : +0.076458 %, alt : +1.72411, from: zg
    dragonrider boots (0.760529) : +0.0240546 %, alt : +1.05022, from: pre-raid
- . - ' - . - ' - . - ' - . - ' - . - ' - . -
finger, pure elementium band (3.25119), alt: 2.88431 -> :
    fordring's seal (3.4462) : +0.0724017 %, alt : +1.95024, from: pre-raid
- . - ' - . - ' - . - ' - . - ' - . - ' - . -
finger 2, fordring's seal (1.15204), alt: 1.95023 -> :
    pure elementium band (1.84152) : +0.255989 %, alt : +2.88432, from: bwl
    primalist's seal (1.35776) : +0.0763787 %, alt : +2.49763, from: zg
    cauterizing band (1.2121) : +0.0222984 %, alt : +2.46788, from: mc
- . - ' - . - ' - . - ' - . - ' - . - ' - . -
trinket, hazza'rah's charm of healing (10.6702), alt: 12.2378 -> :
    hazza'rah's charm of healing (10.6702) : +0 %, alt : +12.2378, from: zg
    darkmoon card: blue dragon (0.33078) : -3.8388 %, alt : +0.522961, from: 
- . - ' - . - ' - . - ' - . - ' - . - ' - . -
trinket 2, rejuvenating gem (4.19333), alt: 3.52414 -> :
    hazza'rah's charm of healing (0) : -1.55689 %, alt : +12.2378, from: zg
    darkmoon card: blue dragon (0.723877) : -1.28813 %, alt : +0.522961, from: 
- - - - - - - - - - - - - - - - - - - - - - - - - - - - - - - - - - - - - - - - - 
| Upgrades at start level, from start item to candidate, partial bonuses: 0: |
  alt scores are from least squares fit, special score from e.g. set bonuses as s are part of em
. . . . . . . . . . . . . . . . . . . . . . . . . . . . . . . . . . . . . . . . . 
- . - ' - . - ' - . - ' - . - ' - . - ' - . -
head, zulian headdress (4.19385), alt: 3.05292 -> :
    crystal adorned crown (5.5274) : +0.495228 %, alt : +4.95133, from: azuregos
    eternal crown of healing (3.61761) : -0.213989 %, alt : +3.30871, from: random green
    halo of transcendence (4.05405) : -0.0519163 %, alt : +2.83637, from: onyxia
- . - ' - . - ' - . - ' - . - ' - . - ' - . -
neck, jin'do's evil eye (3.33713), alt: 2.39871 -> :
    the all-seeing eye of zuldazar (2.21713) : -0.41592 %, alt : +1.08076, from: zg
- . - ' - . - ' - . - ' - . - ' - . - ' - . -
shoulders, zandalar confessor's mantle (3.39523), alt: 2.61017 -> :
    zandalar confessor's mantle (3.39523) : +0 %, alt : +2.61018, from: zg
    pauldrons of transcendence (3.25912) : -0.050545 %, alt : +1.62148, from: bwl
- . - ' - . - ' - . - ' - . - ' - . - ' - . -
back, hide of the wild (2.75635), alt: 2.24612 -> :
- . - ' - . - ' - . - ' - . - ' - . - ' - . -
chest, truefaith vestments (4.66684), alt: 3.84869 -> :
    robes of the exalted (4.93683) : +0.100263 %, alt : +3.62936, from: pre-raid
    robes of transcendence (3.8324) : -0.309877 %, alt : +3.25995, from: bwl
- . - ' - . - ' - . - ' - . - ' - . - ' - . -
wrists, bindings of transcendence (2.4649), alt: 3.50403 (s: 1.58954) -> :
    bindings of transcendence (2.4649) : +0 %, alt : +3.50403 (s: 1.58954), from: bwl
    flameweave cuffs of healing (3.10809) : +0.238854 %, alt : +1.70606, from: brd
    zandalar confessor's wraps (2.79492) : +0.122555 %, alt : +1.40644, from: zg
    black bark wristbands (2.80566) : +0.126544 %, alt : +1.35018, from: lethon
    bracers of arcane accuracy (2.56958) : +0.0388721 %, alt : +1.17541, from: bwl
- . - ' - . - ' - . - ' - . - ' - . - ' - . -
two-hand, benediction (5.87094), alt: 6.34711 -> :
    lok'amir il romathis and lei of the lifegiver (6.03378) : +0.0604727 %, alt : +7.31028, from: bwl, av rep
    lok'amir il romathis and brightly glowing stone (5.21786) : -0.242525 %, alt : +6.44575, from: bwl, pre-raid
- . - ' - . - ' - . - ' - . - ' - . - ' - . -
ranged, dragon's touch (0.136871), alt: 0.399933 -> :
    lunar wand of healing (0.264465) : +0.0473831 %, alt : +1.03397, from: random green
    bonecreeper stylus (0.0658569) : -0.0263718 %, alt : +0.598598, from: pre-raid
- . - ' - . - ' - . - ' - . - ' - . - ' - . -
hands, handguards of transcendence (2.00006), alt: 3.60464 (s: 1.58954) -> :
    handguards of transcendence (2.00006) : +0 %, alt : +3.60464 (s: 1.58954), from: bwl
    atal'ai hands of healing (3.8815) : +0.698689 %, alt : +2.74003, from: sunken temple
    high councillor's gloves of healing (3.60486) : +0.595955 %, alt : +2.37814, from: random green
    hands of the exalted herald (2.66092) : +0.245415 %, alt : +1.88668, from: pre-raid
    gloves of delusional power (2.2666) : +0.0989821 %, alt : +1.57776, from: emeriss; lethon; taerar; ysondre
    hands of power (2.32471) : +0.12056 %, alt : +1.43074, from: pre-raid
- . - ' - . - ' - . - ' - . - ' - . - ' - . -
waist, whipvine cord (2.50995), alt: 1.73718 -> :
    firemaw's clutch (2.42816) : -0.0303723 %, alt : +1.96143, from: bwl
    belt of transcendence (2.51007) : +4.53319e-05 %, alt : +1.60115, from: bwl
    zandalar confessor's bindings (2.81732) : +0.114146 %, alt : +1.57714, from: zg
- . - ' - . - ' - . - ' - . - ' - . - ' - . -
legs, empowered leggings (3.81659), alt: 4.51328 -> :
    leggings of transcendence (1.05786) : -1.02448 %, alt : +2.76829, from: mc
- . - ' - . - ' - . - ' - . - ' - . - ' - . -
feet, boots of transcendence (2.42532), alt: 3.64429 (s: 1.58954) -> :
    boots of transcendence (2.42532) : +0 %, alt : +3.64429 (s: 1.58954), from: bwl
    boots of pure thought (4.49554) : +0.768794 %, alt : +3.37847, from: bwl
    betrayer's boots (3.29434) : +0.322718 %, alt : +1.72411, from: zg
    boots of the full moon (2.73907) : +0.116514 %, alt : +1.49646, from: pre-raid
- . - ' - . - ' - . - ' - . - ' - . - ' - . -
finger, pure elementium band (4.09778), alt: 2.88431 -> :
- . - ' - . - ' - . - ' - . - ' - . - ' - . -
finger 2, fordring's seal (2.9986), alt: 1.95023 -> :
    pure elementium band (3.29099) : +0.108581 %, alt : +2.88432, from: bwl
    cauterizing band (3.01413) : +0.00576848 %, alt : +2.46788, from: mc
    ring of spellpower (3.03522) : +0.0135996 %, alt : +1.70606, from: mc
- . - ' - . - ' - . - ' - . - ' - . - ' - . -
trinket, hazza'rah's charm of healing (11.2236), alt: 12.2378 -> :
    hazza'rah's charm of healing (11.2236) : +0 %, alt : +12.2378, from: zg
    darkmoon card: blue dragon (0.397827) : -4.02023 %, alt : +0.522961, from: 
- . - ' - . - ' - . - ' - . - ' - . - ' - . -
trinket 2, rejuvenating gem (4.57474), alt: 3.52414 -> :
    hazza'rah's charm of healing (0) : -1.69887 %, alt : +12.2378, from: zg
    darkmoon card: blue dragon (0.723877) : -1.43005 %, alt : +0.522961, from: 
------------------
Best value: 276.36
