Your call: ./css 4 ../items/phase5.csv ban_tmp_phase4.txt no-locks statement_bwl_speed_phase4 -a ../confs/wcl_bwl_speed_log.csv -l statement_speed.txt 
Found: -a, val: ../confs/wcl_bwl_speed_log.csv
./css 4 ../items/phase5.csv ban_tmp_phase4.txt no-locks statement_bwl_speed_phase4 -l statement_speed.txt 
Found key: buff_fraction, saw val: 1
Found key: healing_from_crit_fraction, saw val: 0.2
Found key: transc8_exists, saw val: 0
Found key: enchantments, saw val: 1
Found key: fort, saw val: 1
Found key: motw, saw val: 1
Found key: spirit, saw val: 1
Found key: ai, saw val: 1
Found key: flask, saw val: 1
Found key: holy_disc, saw val: 0
Found key: min_combat_length, saw val: 2
Found key: max_log_entry_diff_in_combat, saw val: 10
Found key: precast, saw val: 1
Found key: swap_cast, saw val: 1
Found key: time_step, saw val: 0.1
Found key: reaction_time, saw val: 0.1
Found key: skip_player, saw val: Paisti
Found key: use_deficit_time_sum, saw val: 0
Found key: wcl_log, saw val: 1
Found: -l, val: statement_speed.txt
./css 4 ../items/phase5.csv ban_tmp_phase4.txt no-locks statement_bwl_speed_phase4 
Will read log from: statement_speed.txt
./css 4 ../items/phase5.csv ban_tmp_phase4.txt no-locks statement_bwl_speed_phase4 
./css 4 ../items/phase5.csv ban_tmp_phase4.txt no-locks statement_bwl_speed_phase4 
Shuffle seed: 2416673600
Reading banned from: ban_tmp_phase4.txt
Banning: aq20
Banning: aq40
Banning: naxx
Banning: neltharion's tear
Banning: lok'amir il romathis
Banning: choker of the fire lord
Reading WCL parsed log: statement_speed.txt
Saw 18424 lines of log, with 18424 log lines
Sorting by timestamp...
Sorted.
Pruning log from: 18424 entries.
Combat from 0 to 10.516 s
Combat from 53.104 to 218.698 s
Combat from 219.037 to 234.687 s
Combat from 236.478 to 322.765 s
Combat from 338.869 to 343.808 s
Combat from 385.488 to 405.635 s
Combat from 433.685 to 466.894 s
Combat from 467.707 to 675.342 s
Combat from 678.566 to 732.39 s
Combat from 744.48 to 904.123 s
Combat from 920.564 to 1146.43 s
Combat from 1182.01 to 1308.04 s
Combat from 1321.39 to 1395.49 s
Pruned to: 17924 entries.
Reading tmp locked from: start_with.txt
Locking: anastari heirloom
Locking: anathema
Locking: animated chain necklace
Locking: argent crusader
Locking: atal'ai gloves of the owl
Locking: ban'thok sash
Locking: banshee finger
Locking: benediction
Locking: blood of the martyr
Locking: briarwood reed
Locking: burial shawl
Locking: clutch of andros
Locking: crimson felt hat
Locking: cyclopean band
Locking: devout belt
Locking: devout bracers
Locking: devout crown
Locking: devout mantle
Locking: devout robe
Locking: devout sandals
Locking: devout skirt
Locking: dragon finger of healing
Locking: dragon finger of intellect
Locking: dragonrider boots
Locking: dragonslayer's signet
Locking: drakefire amulet
Locking: dreadmist mantle
Locking: dreamweave circlet
Locking: dreamweave gloves
Locking: dreamweave vest
Locking: elder magus pendant
Locking: eye of the beast
Locking: fordring's seal
Locking: girdle of prophecy
Locking: gloves of prophecy
Locking: grimgore noose
Locking: halo of transcendence
Locking: heart of the fiend
Locking: hide of the wild
Locking: kentic amice
Locking: magister's robes
Locking: maleki's footwraps
Locking: mindtap talisman
Locking: nature's breath
Locking: necropile boots
Locking: necropile cuffs
Locking: necropile leggings
Locking: necropile mantle
Locking: necropile robe
Locking: noxious shooter
Locking: omnicast boots
Locking: orb of the forgotten seer
Locking: padre's trousers
Locking: penelope's rose
Locking: quel'dorai channeling rod
Locking: raincaster drape
Locking: rainstrider leggings
Locking: ring of demonic guile
Locking: ring of demonic guile
Locking: robes of prophecy
Locking: robes of the exalted
Locking: robes of the royal crown
Locking: rod of corrosion
Locking: rosewine circle
Locking: royal seal of eldre'thalas
Locking: royal tribunal cloak
Locking: sarah's guide
Locking: seal of rivendare
Locking: seal of rivendare
Locking: shadowy laced handwraps
Locking: silkweb gloves
Locking: soulstealer mantle
Locking: spellbound tome
Locking: spritecaster cape
Locking: star of mystaria
Locking: starfire tiara
Locking: stormrager
Locking: sublime wristguards
Locking: the hammer of grace
Locking: the postmaster's treads
Locking: thuzadin sash
Locking: triune amulet
Locking: vinerot sandals
Locking: whipvine cord
Locking: wolfshear leggings
Locking: boots of the full moon
Locking: mantle of prophecy
Locking: dragon's touch
Locking: bindings of transcendence
Locking: shimmering geta
Locking: empowered leggings
Locking: seal of the archmagus
Locking: circlet of prophecy
Locking: boots of prophecy
Locking: pauldrons of transcendence
Locking: primalist's seal
Locking: zandalar confessor's bindings
Locking: zulian headdress
Locking: mar'li's eye
Locking: shroud of pure thought
Locking: belt of transcendence
Locking: jin'do's evil eye
Locking: primalist's band
Locking: zandalarian hero charm
Locking: zandalar confessor's mantle
Locking: zandalar confessor's wraps 
Locking: pure elementium band
Locking: truefaith vestments
Locking: vambraces of prophecy
Locking: hazza'rah's charm of healing
Locking: handguards of transcendence
Locking: boots of transcendence
Locking: darkmoon card: blue dragon
Locking: rejuvenating gem
Optimizing start items...

*** NEW BEST (1): 154.906

*** NEW BEST (1): 155.339

*** NEW BEST (1): 164.479

*** NEW BEST (1): 168.359

*** NEW BEST (1): 174.328

*** NEW BEST (1): 175.54

*** NEW BEST (1): 178.795

*** NEW BEST (1): 179.764

*** NEW BEST (1): 183.953

*** NEW BEST (1): 184.389

*** NEW BEST (1): 185.428

*** NEW BEST (1): 186.407

*** NEW BEST (1): 189.257

*** NEW BEST (1): 191.102

*** NEW BEST (1): 192.572
*
*** NEW BEST (1): 193.311

*** NEW BEST (1): 193.32
*
*** NEW BEST (1): 193.939

*** NEW BEST (1): 193.965

*** NEW BEST (1): 194.022
**
*** NEW BEST (1): 194.05

*** NEW BEST (1): 194.2

*** NEW BEST (1): 195.148

*** NEW BEST (1): 195.421

*** NEW BEST (1): 195.817

*** NEW BEST (1): 196.159
**
*** NEW BEST (1): 197.017

*** NEW BEST (1): 197.255

*** NEW BEST (1): 197.715

*** NEW BEST (1): 200.536

*** NEW BEST (1): 201.718
*****
*** NEW BEST (0): 182.952
Based on last: 3000 entries, out of total: 4043 entries, The least-squares solution is:
Int: 18.293
Spirit: 0
Sp / Healing: 100
Mp5: 0
Crit: 320.854
T1 3p/piece: 1617.16
T2 3p/piece: 0
100 points == 1 sp == 0.0463104 hps.
trinket : darkmoon card: blue dragon -> rejuvenating gem => val: 180.589 -> 183.636

*** NEW BEST (0): 183.636
Based on last: 3000 entries, out of total: 4101 entries, The least-squares solution is:
Int: 16.3201
Spirit: 0
Sp / Healing: 100
Mp5: 0
Crit: 324.584
T1 3p/piece: 1598.95
T2 3p/piece: 0
100 points == 1 sp == 0.0462369 hps.
chest : dreamweave vest -> truefaith vestments => val: 183.636 -> 185.556

*** NEW BEST (0): 185.556
Based on last: 3000 entries, out of total: 4121 entries, The least-squares solution is:
Int: 16.1822
Spirit: 0
Sp / Healing: 100
Mp5: 0
Crit: 316.6
T1 3p/piece: 1614.15
T2 3p/piece: 0
100 points == 1 sp == 0.0461322 hps.
legs : devout skirt -> empowered leggings => val: 185.556 -> 187.417

*** NEW BEST (0): 187.417
Based on last: 3000 entries, out of total: 4141 entries, The least-squares solution is:
Int: 14.8326
Spirit: 0
Sp / Healing: 100
Mp5: 0
Crit: 295.106
T1 3p/piece: 1506.43
T2 3p/piece: 0
100 points == 1 sp == 0.0461683 hps.
finger : cyclopean band -> pure elementium band => val: 187.417 -> 190.558

*** NEW BEST (0): 190.558
Based on last: 3000 entries, out of total: 4171 entries, The least-squares solution is:
Int: 14.885
Spirit: 0
Sp / Healing: 100
Mp5: 0
Crit: 273.485
T1 3p/piece: 1537.92
T2 3p/piece: 0
100 points == 1 sp == 0.0464182 hps.
hands : atal'ai gloves of the owl -> handguards of transcendence => val: 190.558 -> 191.239

*** NEW BEST (0): 191.239
Based on last: 3000 entries, out of total: 4193 entries, The least-squares solution is:
Int: 15.1132
Spirit: 0
Sp / Healing: 100
Mp5: 0
Crit: 268.385
T1 3p/piece: 1504.7
T2 3p/piece: 0
100 points == 1 sp == 0.0464977 hps.
finger 2 : blood of the martyr -> fordring's seal => val: 188.72 -> 191.532

*** NEW BEST (0): 191.532
Based on last: 3000 entries, out of total: 4278 entries, The least-squares solution is:
Int: 13.8888
Spirit: 0
Sp / Healing: 100
Mp5: 0
Crit: 292.689
T1 3p/piece: 1579.69
T2 3p/piece: 0
100 points == 1 sp == 0.0461457 hps.
feet : boots of the full moon -> boots of transcendence => val: 191.532 -> 192.025

*** NEW BEST (0): 192.025
Based on last: 3000 entries, out of total: 4312 entries, The least-squares solution is:
Int: 10.2497
Spirit: 0
Sp / Healing: 100
Mp5: 0
Crit: 284.502
T1 3p/piece: 1673.01
T2 3p/piece: 0
100 points == 1 sp == 0.0461875 hps.
head : crimson felt hat -> zulian headdress => val: 192.025 -> 192.573

*** NEW BEST (0): 192.573
Based on last: 3000 entries, out of total: 4336 entries, The least-squares solution is:
Int: 11.5727
Spirit: 0
Sp / Healing: 100
Mp5: 0
Crit: 294.675
T1 3p/piece: 1619.15
T2 3p/piece: 0
100 points == 1 sp == 0.0460708 hps.
*two-hand :   the hammer of grace orb of the forgotten seer -> benediction    => val: 191.739 -> 193.772

*** NEW BEST (0): 193.772
Based on last: 3000 entries, out of total: 4545 entries, The least-squares solution is:
Int: 8.03452
Spirit: 0
Sp / Healing: 100
Mp5: 0
Crit: 205.174
T1 3p/piece: 1589.53
T2 3p/piece: 0
100 points == 1 sp == 0.0449675 hps.
********
Read starting items and cleared locks.
 ----------------------------
 --- head --- 
name: zulian headdress
slot: head
intelligence: 15
stamina: 13
spirit: 14
sp_healing: 55
armor: 78
 ----------------------------
 --- neck --- 
name: jin'do's evil eye
slot: neck
intelligence: 11
stamina: 5
spirit: 6
sp_healing: 44
 ----------------------------
 --- shoulders --- 
name: zandalar confessor's mantle
slot: shoulders
intelligence: 24
stamina: 11
spirit: 15
sp_healing: 22
armor: 78
 ----------------------------
 --- back --- 
name: hide of the wild
slot: back
intelligence: 10
stamina: 8
sp_healing: 42
armor: 48
 ----------------------------
 --- chest --- 
name: truefaith vestments
slot: chest
stamina: 14
sp_healing: 73
mp5: 6
armor: 96
 ----------------------------
 --- wrists --- 
name: bindings of transcendence
slot: wrists
intelligence: 13
stamina: 9
spirit: 16
sp_healing: 33
armor: 51
 ----------------------------
 --- two-hand --- 
name: benediction
slot: two-hand
intelligence: 31
stamina: 10
spirit: 12
sp_healing: 106
spell_crit: 2
shadow_res: 20
 ----------------------------
 ---  --- 
name: 
slot: 
 ----------------------------
 ---  --- 
name: 
slot: 
 ----------------------------
 ---  --- 
name: 
slot: 
 ----------------------------
 --- ranged --- 
name: dragon's touch
slot: ranged
intelligence: 12
stamina: 7
sp: 6
 ----------------------------
 --- hands --- 
name: handguards of transcendence
slot: hands
intelligence: 20
stamina: 12
spirit: 13
sp_healing: 29
spell_crit: 1
armor: 72
 ----------------------------
 --- waist --- 
name: whipvine cord
slot: waist
intelligence: 8
sp_healing: 31
mp5: 6
armor: 47
 ----------------------------
 --- legs --- 
name: empowered leggings
slot: legs
intelligence: 12
stamina: 12
spirit: 24
sp_healing: 77
spell_crit: 1
armor: 103
 ----------------------------
 --- feet --- 
name: boots of transcendence
slot: feet
intelligence: 17
stamina: 17
spirit: 17
sp_healing: 35
fire_res: 10
armor: 80
 ----------------------------
 --- finger --- 
name: pure elementium band
slot: finger
intelligence: 10
stamina: 9
spirit: 10
sp_healing: 53
 ----------------------------
 --- finger --- 
name: fordring's seal
slot: finger
intelligence: 5
stamina: 4
sp_healing: 37
 ----------------------------
 --- trinket --- 
name: rejuvenating gem
slot: trinket
sp_healing: 66
mp5: 9
 ----------------------------
 --- trinket --- 
name: hazza'rah's charm of healing
slot: trinket
 ----------------------------
 --- Set bonuses ---
name: confessor's 2 hazza'rah's 1 transcendence 3 
slot: Set bonuses
sp: 23
 --- And counts for start items ---
oh_limit: 0.9
time_left_mul: 0.5
total_deficit_to_pop_trinkets: 10000
in combat total: 1185.4
Flash Heal 1, casts: 66, avg: 452.667, 13.0067%, cast time 8.35161% of in combat, overheal: 0.286652
Flash Heal 2, casts: 21, avg: 618.847, 5.65777%, cast time 2.65733% of in combat, overheal: 0.14251
Flash Heal 3, casts: 17, avg: 610.833, 4.52079%, cast time 2.15117% of in combat, overheal: 0.238283
Flash Heal 4, casts: 19, avg: 795.513, 6.58028%, cast time 2.40425% of in combat, overheal: 0.103597
Flash Heal 5, casts: 12, avg: 853, 4.45629%, cast time 1.51847% of in combat, overheal: 0.168706
Flash Heal 6, casts: 11, avg: 1133.38, 5.42766%, cast time 1.39194% of in combat, overheal: 0.0344339
Flash Heal 7, casts: 107, avg: 1173.17, 54.6499%, cast time 13.5397% of in combat, overheal: 0.139899
Greater Heal 1 hazz, casts: 10, avg: 995.378, 4.33343%, cast time 1.2654% of in combat, overheal: 0.460436
Greater Heal 2 hazz, casts: 3, avg: 1046.78, 1.36716%, cast time 0.379619% of in combat, overheal: 0.507709
Total time casting: 399, which is: 33.6595% of time in combat.
Total hps: 193.772, raw hps: 239.186, oh: 0.189866
Deficit time sum: 1.4439e+07, baseline: 1.75143e+07
Deficit*time change / s: 2594.32 hp
Number of combats: 13
Average mana at start of combat: 10255.8
Average mana at end of combat: 9508.46
Other players with hps > 100:
  Elatexa : 170.343 hps
  Igam : 120.427 hps
  Lethê : 135.615 hps
  Metalbanger : 146.577 hps
  Sajmeen : 141.664 hps
  Shamgodx : 130.564 hps
  Stewieyo : 113.704 hps
  Turbotina : 138.113 hps
  Yuuk : 109.513 hps
Reading locked from: no-locks
Setting tag name to: statement_bwl_speed_phase4
.
*** NEW BEST (1): 234.841

*** NEW BEST (1): 236.544

*** NEW BEST (1): 237.739

*** NEW BEST (1): 242.132

*** NEW BEST (1): 247.259

*** NEW BEST (1): 248.735

*** NEW BEST (1): 250.439
..Temporary bans and partial set bonuses off.
.legs : leggings of transcendence -> empowered leggings => val: 243.865 -> 245.97

*** NEW BEST (0): 245.97
waist : whipvine cord -> firemaw's clutch => val: 244.721 -> 245.497
shoulders : pauldrons of transcendence -> mantle of the blackwing cabal => val: 245.497 -> 247.039

*** NEW BEST (0): 247.039
two-hand :   jin'do's hexxer lei of the lifegiver -> benediction    => val: 247.039 -> 248.33

*** NEW BEST (0): 248.33
***** INTERMEDIATE RESULTS *****
Iteration: 4
 ----------------------------
 --- head --- 
name: crystal adorned crown
slot: head
intelligence: 14
spirit: 13
sp_healing: 92
armor: 85
 ----------------------------
 --- neck --- 
name: jin'do's evil eye
slot: neck
intelligence: 11
stamina: 5
spirit: 6
sp_healing: 44
 ----------------------------
 --- shoulders --- 
name: mantle of the blackwing cabal
slot: shoulders
intelligence: 16
stamina: 12
sp: 34
armor: 84
 ----------------------------
 --- back --- 
name: hide of the wild
slot: back
intelligence: 10
stamina: 8
sp_healing: 42
armor: 48
 ----------------------------
 --- chest --- 
name: truefaith vestments
slot: chest
stamina: 14
sp_healing: 73
mp5: 6
armor: 96
 ----------------------------
 --- wrists --- 
name: zandalar confessor's wraps
slot: wrists
intelligence: 11
stamina: 10
spirit: 12
sp_healing: 24
armor: 41
 ----------------------------
 --- two-hand --- 
name: benediction
slot: two-hand
intelligence: 31
stamina: 10
spirit: 12
sp_healing: 106
spell_crit: 2
shadow_res: 20
 ----------------------------
 ---  --- 
name: 
slot: 
 ----------------------------
 ---  --- 
name: 
slot: 
 ----------------------------
 ---  --- 
name: 
slot: 
 ----------------------------
 --- ranged --- 
name: lunar wand of healing
slot: ranged
sp_healing: 20
 ----------------------------
 --- hands --- 
name: atal'ai hands of healing
slot: hands
sp: 9
sp_healing: 44
armor: 47
 ----------------------------
 --- waist --- 
name: firemaw's clutch
slot: waist
intelligence: 12
stamina: 12
sp: 35
mp5: 5
armor: 64
 ----------------------------
 --- legs --- 
name: empowered leggings
slot: legs
intelligence: 12
stamina: 12
spirit: 24
sp_healing: 77
spell_crit: 1
armor: 103
 ----------------------------
 --- feet --- 
name: boots of pure thought
slot: feet
intelligence: 12
stamina: 8
spirit: 12
sp_healing: 62
armor: 74
 ----------------------------
 --- finger --- 
name: pure elementium band
slot: finger
intelligence: 10
stamina: 9
spirit: 10
sp_healing: 53
 ----------------------------
 --- finger --- 
name: cauterizing band
slot: finger
intelligence: 12
stamina: 9
sp_healing: 46
 ----------------------------
 --- trinket --- 
name: darkmoon card: blue dragon
slot: trinket
 ----------------------------
 --- trinket --- 
name: hazza'rah's charm of healing
slot: trinket
 ----------------------------
 --- Set bonuses ---
name: confessor's 2 darkmoon 1 hazza'rah's 1 
slot: Set bonuses
sp: 23
------------------
Best value: 248.33
------------------
Char stats: 
Effective hp: 8402.2
Effective mana (100 s, 33 % out of fsr): 15445.9
Raw max mana: 9940.02
Int: 385.48
Stam: 385.48
Spirit: 395.83
Strength: 79.58
Agility: 84.18
All stats multiplier (taken into account above): 1.15
Bonus mana: 2000
Bonus hp: 0
Mp5: 161
Sp: 101
Sp shadow: 0
Sp healing: 843
Spell crit: 21
Spell hit: 0
Arcane res: 27
Nature res: 27
Fire res: 27
Frost res: 27
Shadow res: 47
Armor: 2840.75
Defense: 300
Dodge: 0
Parry: 0
HpsPvp: 974.548
ShadowDps: 240.866
Value pvp healing: 1622.49
Value pvp shadow: 99.1124
Effective hp-pvp: 10516.7
Effecctive mana for 100 s, 0.33 fsr: 17089.4
------------------
Best counts:
oh_limit: 0.7
time_left_mul: 2.9
total_deficit_to_pop_trinkets: 6634.2
in combat total: 1185.4
Flash Heal 1, casts: 17, avg: 462.304, 2.66982%, cast time 2.15117% of in combat, overheal: 0.295518
Flash Heal 2, casts: 8, avg: 668.308, 1.81624%, cast time 1.01232% of in combat, overheal: 0.10064
Flash Heal 3, casts: 1, avg: 814, 0.276522%, cast time 0.12654% of in combat, overheal: 0.0110194
Flash Heal 4, casts: 4, avg: 908.342, 1.23428%, cast time 0.506158% of in combat, overheal: 0
Flash Heal 5, casts: 4, avg: 1046.58, 1.42213%, cast time 0.506158% of in combat, overheal: 0
Flash Heal 6, casts: 3, avg: 1062.55, 1.08287%, cast time 0.379619% of in combat, overheal: 0.109961
Flash Heal 7, casts: 20, avg: 1304.84, 8.86528%, cast time 2.53079% of in combat, overheal: 0.0568103
Greater Heal 1, casts: 7, avg: 1367.87, 3.25274%, cast time 1.47629% of in combat, overheal: 0.274745
Greater Heal 1 hazz, casts: 14, avg: 1239.09, 5.89302%, cast time 1.77155% of in combat, overheal: 0.343026
Greater Heal 3 hazz, casts: 3, avg: 1831.72, 1.86675%, cast time 0.379619% of in combat, overheal: 0.264714
Greater Heal 4, casts: 33, avg: 2487.15, 27.8819%, cast time 6.95968% of in combat, overheal: 0.133822
Greater Heal 4 hazz, casts: 3, avg: 2012.47, 2.05096%, cast time 0.379619% of in combat, overheal: 0.299135
Heal 2, casts: 93, avg: 958.721, 30.2887%, cast time 19.6136% of in combat, overheal: 0.295749
Heal 4, casts: 20, avg: 1677.74, 11.3988%, cast time 4.21799% of in combat, overheal: 0.17364
Total time casting: 498, which is: 42.0111% of time in combat.
Total hps: 248.33, raw hps: 316.057, oh: 0.214288
Deficit time sum: 1.37308e+07, baseline: 1.75143e+07
Deficit*time change / s: 3191.81 hp
Number of combats: 13
Average mana at start of combat: 9090.16
Average mana at end of combat: 7976.71
Other players with hps > 100:
  Elatexa : 169.672 hps
  Igam : 115.851 hps
  Lethê : 129.975 hps
  Metalbanger : 140.627 hps
  Sajmeen : 135.069 hps
  Shamgodx : 123.4 hps
  Stewieyo : 110.516 hps
  Turbotina : 135.936 hps
  Yuuk : 104.631 hps
------------------
Upgrades: 
( following sorted by alt scores, no specials )
zulian headdress(2.5274) -> crystal adorned crown(4.18759) : 1.66019 = +0.67304%
boots of transcendence(1.63528) -> boots of pure thought(2.83134) : 1.19606 = +0.483972%
handguards of transcendence(1.46858) -> atal'ai hands of healing(2.38329) : 0.914703 = +0.369704%
bindings of transcendence(1.5309) -> zandalar confessor's wraps(2.15321) : 0.622314 = +0.251229%
dragon's touch(0.313156) -> lunar wand of healing(0.899353) : 0.586197 = +0.236614%
zandalar confessor's mantle(1.07599) -> mantle of the blackwing cabal(1.5867) : 0.510712 = +0.206082%
fordring's seal(1.68187) -> cauterizing band(2.11186) : 0.429993 = +0.173454%
whipvine cord(1.4229) -> firemaw's clutch(1.61722) : 0.194321 = +0.0783122%
jin'do's evil eye(2.01831) -> jin'do's evil eye(2.01831) : 0 = +0%
hide of the wild(1.92476) -> hide of the wild(1.92476) : 0 = +0%
truefaith vestments(3.28262) -> truefaith vestments(3.28262) : 0 = +0%
benediction, , , (5.06308) -> benediction, , , (5.06308) : 0 = +0%
empowered leggings(3.59811) -> empowered leggings(3.59811) : 0 = +0%
pure elementium band(2.4194) -> pure elementium band(2.4194) : 0 = +0%
hazza'rah's charm of healing(1.03426) -> hazza'rah's charm of healing(1.03426) : 0 = +0%
rejuvenating gem(2.96786) -> darkmoon card: blue dragon(0) : -2.96786 = +-1.18101%
------------------
~~~~ end of intermediate results ~~~~
Temporary bans and partial set bonuses on.
...Temporary bans and partial set bonuses off.
.wrists : vambraces of prophecy -> bindings of transcendence => val: 246.686 -> 247.216
hands : high councillor's gloves of healing -> atal'ai hands of healing => val: 247.216 -> 248.246
shoulders : mantle of prophecy -> mantle of the blackwing cabal => val: 248.246 -> 249.939

*** NEW BEST (0): 249.939
Based on last: 3000 entries, out of total: 9553 entries, The least-squares solution is:
Int: 15.1422
Spirit: 0
Sp / Healing: 100
Mp5: 0
Crit: 0
T1 3p/piece: 702.652
T2 3p/piece: 0
100 points == 1 sp == 0.0430542 hps.
***** INTERMEDIATE RESULTS *****
Iteration: 8
 ----------------------------
 --- head --- 
name: crystal adorned crown
slot: head
intelligence: 14
spirit: 13
sp_healing: 92
armor: 85
 ----------------------------
 --- neck --- 
name: jin'do's evil eye
slot: neck
intelligence: 11
stamina: 5
spirit: 6
sp_healing: 44
 ----------------------------
 --- shoulders --- 
name: mantle of the blackwing cabal
slot: shoulders
intelligence: 16
stamina: 12
sp: 34
armor: 84
 ----------------------------
 --- back --- 
name: hide of the wild
slot: back
intelligence: 10
stamina: 8
sp_healing: 42
armor: 48
 ----------------------------
 --- chest --- 
name: truefaith vestments
slot: chest
stamina: 14
sp_healing: 73
mp5: 6
armor: 96
 ----------------------------
 --- wrists --- 
name: bindings of transcendence
slot: wrists
intelligence: 13
stamina: 9
spirit: 16
sp_healing: 33
armor: 51
 ----------------------------
 --- two-hand --- 
name: benediction
slot: two-hand
intelligence: 31
stamina: 10
spirit: 12
sp_healing: 106
spell_crit: 2
shadow_res: 20
 ----------------------------
 ---  --- 
name: 
slot: 
 ----------------------------
 ---  --- 
name: 
slot: 
 ----------------------------
 ---  --- 
name: 
slot: 
 ----------------------------
 --- ranged --- 
name: lunar wand of healing
slot: ranged
sp_healing: 20
 ----------------------------
 --- hands --- 
name: atal'ai hands of healing
slot: hands
sp: 9
sp_healing: 44
armor: 47
 ----------------------------
 --- waist --- 
name: zandalar confessor's bindings
slot: waist
intelligence: 20
stamina: 12
spirit: 12
sp_healing: 26
armor: 53
 ----------------------------
 --- legs --- 
name: empowered leggings
slot: legs
intelligence: 12
stamina: 12
spirit: 24
sp_healing: 77
spell_crit: 1
armor: 103
 ----------------------------
 --- feet --- 
name: boots of pure thought
slot: feet
intelligence: 12
stamina: 8
spirit: 12
sp_healing: 62
armor: 74
 ----------------------------
 --- finger --- 
name: pure elementium band
slot: finger
intelligence: 10
stamina: 9
spirit: 10
sp_healing: 53
 ----------------------------
 --- finger --- 
name: cauterizing band
slot: finger
intelligence: 12
stamina: 9
sp_healing: 46
 ----------------------------
 --- trinket --- 
name: darkmoon card: blue dragon
slot: trinket
 ----------------------------
 --- trinket --- 
name: hazza'rah's charm of healing
slot: trinket
 ----------------------------
 --- Set bonuses ---
name: confessor's 2 darkmoon 1 hazza'rah's 1 
slot: Set bonuses
sp: 23
------------------
Best value: 249.939
------------------
Char stats: 
Effective hp: 8390.7
Effective mana (100 s, 33 % out of fsr): 15629.7
Raw max mana: 10129.8
Int: 396.98
Stam: 384.33
Spirit: 414.23
Strength: 79.58
Agility: 84.18
All stats multiplier (taken into account above): 1.15
Bonus mana: 2000
Bonus hp: 0
Mp5: 156
Sp: 66
Sp shadow: 0
Sp healing: 878
Spell crit: 21
Spell hit: 0
Arcane res: 27
Nature res: 27
Fire res: 27
Frost res: 27
Shadow res: 47
Armor: 2839.75
Defense: 300
Dodge: 0
Parry: 0
HpsPvp: 974.743
ShadowDps: 233.908
Value pvp healing: 1637.83
Value pvp shadow: 94.3143
Effective hp-pvp: 10501.9
Effecctive mana for 100 s, 0.33 fsr: 17341.2
------------------
Best counts:
oh_limit: 0.6
time_left_mul: 2.9
total_deficit_to_pop_trinkets: 8801.89
in combat total: 1185.4
Flash Heal 1, casts: 15, avg: 519.31, 2.62623%, cast time 1.89809% of in combat, overheal: 0.208901
Flash Heal 2, casts: 7, avg: 657.76, 1.55232%, cast time 0.885777% of in combat, overheal: 0.115117
Flash Heal 3, casts: 2, avg: 818.666, 0.552017%, cast time 0.253079% of in combat, overheal: 0.00566672
Flash Heal 4, casts: 4, avg: 908.631, 1.22536%, cast time 0.506158% of in combat, overheal: 0
Flash Heal 5, casts: 4, avg: 1046.91, 1.41184%, cast time 0.506158% of in combat, overheal: 0
Flash Heal 6, casts: 3, avg: 1062.8, 1.07495%, cast time 0.379619% of in combat, overheal: 0.110032
Flash Heal 7, casts: 21, avg: 1308.98, 9.26761%, cast time 2.65733% of in combat, overheal: 0.0541181
Greater Heal 1, casts: 7, avg: 1503.05, 3.5472%, cast time 1.47629% of in combat, overheal: 0.20333
Greater Heal 1 hazz, casts: 10, avg: 1280.6, 4.31746%, cast time 1.2654% of in combat, overheal: 0.321236
Greater Heal 3 hazz, casts: 3, avg: 1831.99, 1.85293%, cast time 0.379619% of in combat, overheal: 0.264842
Greater Heal 4, casts: 36, avg: 2442.34, 29.6431%, cast time 7.59237% of in combat, overheal: 0.1497
Greater Heal 4 hazz, casts: 3, avg: 2012.78, 2.03579%, cast time 0.379619% of in combat, overheal: 0.299253
Heal 2, casts: 89, avg: 983.074, 29.498%, cast time 18.77% of in combat, overheal: 0.278089
Heal 4, casts: 19, avg: 1778.9, 11.3952%, cast time 4.00709% of in combat, overheal: 0.124091
Total time casting: 485.5, which is: 40.9566% of time in combat.
Total hps: 250.218, raw hps: 310.88, oh: 0.195129
Deficit time sum: 1.38367e+07, baseline: 1.75143e+07
Deficit*time change / s: 3102.45 hp
Number of combats: 13
Average mana at start of combat: 9272.34
Average mana at end of combat: 8143.56
Other players with hps > 100:
  Elatexa : 170.61 hps
  Igam : 116.422 hps
  Lethê : 129.759 hps
  Metalbanger : 139.871 hps
  Sajmeen : 134.082 hps
  Shamgodx : 123.699 hps
  Stewieyo : 109.631 hps
  Turbotina : 134.444 hps
  Yuuk : 105.006 hps
------------------
Upgrades: 
( following sorted by alt scores, no specials )
zulian headdress(2.46577) -> crystal adorned crown(4.05226) : 1.58649 = +0.638086%
boots of transcendence(1.61772) -> boots of pure thought(2.74759) : 1.12987 = +0.453601%
handguards of transcendence(1.37895) -> atal'ai hands of healing(2.28188) : 0.902924 = +0.362161%
whipvine cord(1.38684) -> zandalar confessor's bindings(2.24004) : 0.853195 = +0.342147%
dragon's touch(0.336563) -> lunar wand of healing(0.861084) : 0.524521 = +0.210065%
zandalar confessor's mantle(1.10365) -> mantle of the blackwing cabal(1.56815) : 0.464493 = +0.18598%
fordring's seal(1.6256) -> cauterizing band(2.05873) : 0.433136 = +0.173403%
jin'do's evil eye(1.96609) -> jin'do's evil eye(1.96609) : 0 = +0%
hide of the wild(1.87347) -> hide of the wild(1.87347) : 0 = +0%
truefaith vestments(3.14296) -> truefaith vestments(3.14296) : 0 = +0%
bindings of transcendence(1.50554) -> bindings of transcendence(1.50554) : 0 = +0%
benediction, , , (4.76584) -> benediction, , , (4.76584) : 0 = +0%
empowered leggings(3.3934) -> empowered leggings(3.3934) : 0 = +0%
pure elementium band(2.34706) -> pure elementium band(2.34706) : 0 = +0%
hazza'rah's charm of healing(0.99025) -> hazza'rah's charm of healing(0.99025) : 0 = +0%
rejuvenating gem(2.84157) -> darkmoon card: blue dragon(0) : -2.84157 = +-1.12288%
------------------
~~~~ end of intermediate results ~~~~
Temporary bans and partial set bonuses on.
....Temporary bans and partial set bonuses off.
.chest : robes of the exalted -> truefaith vestments => val: 242.218 -> 243.233
two-hand :   fang of the mystics brightly glowing stone -> benediction    => val: 243.233 -> 244.803
head : eternal crown of healing -> crystal adorned crown => val: 244.803 -> 248.374
***** INTERMEDIATE RESULTS *****
Iteration: 13
 ----------------------------
 --- head --- 
name: crystal adorned crown
slot: head
intelligence: 14
spirit: 13
sp_healing: 92
armor: 85
 ----------------------------
 --- neck --- 
name: jin'do's evil eye
slot: neck
intelligence: 11
stamina: 5
spirit: 6
sp_healing: 44
 ----------------------------
 --- shoulders --- 
name: mantle of the blackwing cabal
slot: shoulders
intelligence: 16
stamina: 12
sp: 34
armor: 84
 ----------------------------
 --- back --- 
name: hide of the wild
slot: back
intelligence: 10
stamina: 8
sp_healing: 42
armor: 48
 ----------------------------
 --- chest --- 
name: truefaith vestments
slot: chest
stamina: 14
sp_healing: 73
mp5: 6
armor: 96
 ----------------------------
 --- wrists --- 
name: bindings of transcendence
slot: wrists
intelligence: 13
stamina: 9
spirit: 16
sp_healing: 33
armor: 51
 ----------------------------
 --- two-hand --- 
name: benediction
slot: two-hand
intelligence: 31
stamina: 10
spirit: 12
sp_healing: 106
spell_crit: 2
shadow_res: 20
 ----------------------------
 ---  --- 
name: 
slot: 
 ----------------------------
 ---  --- 
name: 
slot: 
 ----------------------------
 ---  --- 
name: 
slot: 
 ----------------------------
 --- ranged --- 
name: lunar wand of healing
slot: ranged
sp_healing: 20
 ----------------------------
 --- hands --- 
name: atal'ai hands of healing
slot: hands
sp: 9
sp_healing: 44
armor: 47
 ----------------------------
 --- waist --- 
name: zandalar confessor's bindings
slot: waist
intelligence: 20
stamina: 12
spirit: 12
sp_healing: 26
armor: 53
 ----------------------------
 --- legs --- 
name: empowered leggings
slot: legs
intelligence: 12
stamina: 12
spirit: 24
sp_healing: 77
spell_crit: 1
armor: 103
 ----------------------------
 --- feet --- 
name: boots of pure thought
slot: feet
intelligence: 12
stamina: 8
spirit: 12
sp_healing: 62
armor: 74
 ----------------------------
 --- finger --- 
name: pure elementium band
slot: finger
intelligence: 10
stamina: 9
spirit: 10
sp_healing: 53
 ----------------------------
 --- finger --- 
name: cauterizing band
slot: finger
intelligence: 12
stamina: 9
sp_healing: 46
 ----------------------------
 --- trinket --- 
name: darkmoon card: blue dragon
slot: trinket
 ----------------------------
 --- trinket --- 
name: hazza'rah's charm of healing
slot: trinket
 ----------------------------
 --- Set bonuses ---
name: confessor's 2 darkmoon 1 hazza'rah's 1 
slot: Set bonuses
sp: 23
------------------
Best value: 249.939
------------------
Char stats: 
Effective hp: 8390.7
Effective mana (100 s, 33 % out of fsr): 15629.7
Raw max mana: 10129.8
Int: 396.98
Stam: 384.33
Spirit: 414.23
Strength: 79.58
Agility: 84.18
All stats multiplier (taken into account above): 1.15
Bonus mana: 2000
Bonus hp: 0
Mp5: 156
Sp: 66
Sp shadow: 0
Sp healing: 878
Spell crit: 21
Spell hit: 0
Arcane res: 27
Nature res: 27
Fire res: 27
Frost res: 27
Shadow res: 47
Armor: 2839.75
Defense: 300
Dodge: 0
Parry: 0
HpsPvp: 974.743
ShadowDps: 233.908
Value pvp healing: 1637.83
Value pvp shadow: 94.3143
Effective hp-pvp: 10501.9
Effecctive mana for 100 s, 0.33 fsr: 17341.2
------------------
Best counts:
oh_limit: 0.7
time_left_mul: 2.9
total_deficit_to_pop_trinkets: 6470.2
in combat total: 1185.4
Flash Heal 1, casts: 17, avg: 462.365, 2.6697%, cast time 2.15117% of in combat, overheal: 0.295649
Flash Heal 2, casts: 8, avg: 668.456, 1.81632%, cast time 1.01232% of in combat, overheal: 0.100727
Flash Heal 3, casts: 1, avg: 814, 0.276474%, cast time 0.12654% of in combat, overheal: 0.0113335
Flash Heal 4, casts: 4, avg: 908.631, 1.23446%, cast time 0.506158% of in combat, overheal: 0
Flash Heal 5, casts: 4, avg: 1046.91, 1.42233%, cast time 0.506158% of in combat, overheal: 0
Flash Heal 6, casts: 3, avg: 1062.8, 1.08293%, cast time 0.379619% of in combat, overheal: 0.110032
Flash Heal 7, casts: 20, avg: 1305.23, 8.86641%, cast time 2.53079% of in combat, overheal: 0.056824
Greater Heal 1, casts: 7, avg: 1368.05, 3.25258%, cast time 1.47629% of in combat, overheal: 0.274885
Greater Heal 1 hazz, casts: 14, avg: 1239.31, 5.893%, cast time 1.77155% of in combat, overheal: 0.343121
Greater Heal 3 hazz, casts: 3, avg: 1831.99, 1.8667%, cast time 0.379619% of in combat, overheal: 0.264842
Greater Heal 4, casts: 33, avg: 2487.62, 27.8823%, cast time 6.95968% of in combat, overheal: 0.133934
Greater Heal 4 hazz, casts: 3, avg: 2012.78, 2.05091%, cast time 0.379619% of in combat, overheal: 0.299253
Heal 2, casts: 93, avg: 958.832, 30.2869%, cast time 19.6136% of in combat, overheal: 0.295891
Heal 4, casts: 20, avg: 1678.06, 11.399%, cast time 4.21799% of in combat, overheal: 0.173744
Total time casting: 498, which is: 42.0111% of time in combat.
Total hps: 248.374, raw hps: 316.158, oh: 0.214401
Deficit time sum: 1.37305e+07, baseline: 1.75143e+07
Deficit*time change / s: 3192 hp
Number of combats: 13
Average mana at start of combat: 9263.2
Average mana at end of combat: 8133.07
Other players with hps > 100:
  Elatexa : 169.67 hps
  Igam : 115.848 hps
  Lethê : 129.973 hps
  Metalbanger : 140.619 hps
  Sajmeen : 135.067 hps
  Shamgodx : 123.395 hps
  Stewieyo : 110.512 hps
  Turbotina : 135.93 hps
  Yuuk : 104.631 hps
------------------
Upgrades: 
( following sorted by alt scores, no specials )
zulian headdress(2.46577) -> crystal adorned crown(4.05226) : 1.58649 = +0.642856%
boots of transcendence(1.61772) -> boots of pure thought(2.74759) : 1.12987 = +0.456985%
handguards of transcendence(1.37895) -> atal'ai hands of healing(2.28188) : 0.902924 = +0.364861%
whipvine cord(1.38684) -> zandalar confessor's bindings(2.24004) : 0.853195 = +0.344697%
dragon's touch(0.336563) -> lunar wand of healing(0.861084) : 0.524521 = +0.211629%
zandalar confessor's mantle(1.10365) -> mantle of the blackwing cabal(1.56815) : 0.464493 = +0.187364%
fordring's seal(1.6256) -> cauterizing band(2.05873) : 0.433136 = +0.174693%
jin'do's evil eye(1.96609) -> jin'do's evil eye(1.96609) : 0 = +0%
hide of the wild(1.87347) -> hide of the wild(1.87347) : 0 = +0%
truefaith vestments(3.14296) -> truefaith vestments(3.14296) : 0 = +0%
bindings of transcendence(1.50554) -> bindings of transcendence(1.50554) : 0 = +0%
benediction, , , (4.76584) -> benediction, , , (4.76584) : 0 = +0%
empowered leggings(3.3934) -> empowered leggings(3.3934) : 0 = +0%
pure elementium band(2.34706) -> pure elementium band(2.34706) : 0 = +0%
hazza'rah's charm of healing(0.99025) -> hazza'rah's charm of healing(0.99025) : 0 = +0%
rejuvenating gem(2.84157) -> darkmoon card: blue dragon(0) : -2.84157 = +-1.13113%
------------------
~~~~ end of intermediate results ~~~~
Same items for intermediate results again, ending optimization. 
 ----------------------------
 --- head --- 
name: crystal adorned crown
slot: head
intelligence: 14
spirit: 13
sp_healing: 92
armor: 85
 ----------------------------
 --- neck --- 
name: jin'do's evil eye
slot: neck
intelligence: 11
stamina: 5
spirit: 6
sp_healing: 44
 ----------------------------
 --- shoulders --- 
name: mantle of the blackwing cabal
slot: shoulders
intelligence: 16
stamina: 12
sp: 34
armor: 84
 ----------------------------
 --- back --- 
name: hide of the wild
slot: back
intelligence: 10
stamina: 8
sp_healing: 42
armor: 48
 ----------------------------
 --- chest --- 
name: truefaith vestments
slot: chest
stamina: 14
sp_healing: 73
mp5: 6
armor: 96
 ----------------------------
 --- wrists --- 
name: bindings of transcendence
slot: wrists
intelligence: 13
stamina: 9
spirit: 16
sp_healing: 33
armor: 51
 ----------------------------
 --- two-hand --- 
name: benediction
slot: two-hand
intelligence: 31
stamina: 10
spirit: 12
sp_healing: 106
spell_crit: 2
shadow_res: 20
 ----------------------------
 ---  --- 
name: 
slot: 
 ----------------------------
 ---  --- 
name: 
slot: 
 ----------------------------
 ---  --- 
name: 
slot: 
 ----------------------------
 --- ranged --- 
name: lunar wand of healing
slot: ranged
sp_healing: 20
 ----------------------------
 --- hands --- 
name: atal'ai hands of healing
slot: hands
sp: 9
sp_healing: 44
armor: 47
 ----------------------------
 --- waist --- 
name: zandalar confessor's bindings
slot: waist
intelligence: 20
stamina: 12
spirit: 12
sp_healing: 26
armor: 53
 ----------------------------
 --- legs --- 
name: empowered leggings
slot: legs
intelligence: 12
stamina: 12
spirit: 24
sp_healing: 77
spell_crit: 1
armor: 103
 ----------------------------
 --- feet --- 
name: boots of pure thought
slot: feet
intelligence: 12
stamina: 8
spirit: 12
sp_healing: 62
armor: 74
 ----------------------------
 --- finger --- 
name: pure elementium band
slot: finger
intelligence: 10
stamina: 9
spirit: 10
sp_healing: 53
 ----------------------------
 --- finger --- 
name: cauterizing band
slot: finger
intelligence: 12
stamina: 9
sp_healing: 46
 ----------------------------
 --- trinket --- 
name: darkmoon card: blue dragon
slot: trinket
 ----------------------------
 --- trinket --- 
name: hazza'rah's charm of healing
slot: trinket
 ----------------------------
 --- Set bonuses ---
name: confessor's 2 darkmoon 1 hazza'rah's 1 
slot: Set bonuses
sp: 23
------------------
Char stats: 
Effective hp: 8390.7
Effective mana (100 s, 33 % out of fsr): 15629.7
Raw max mana: 10129.8
Int: 396.98
Stam: 384.33
Spirit: 414.23
Strength: 79.58
Agility: 84.18
All stats multiplier (taken into account above): 1.15
Bonus mana: 2000
Bonus hp: 0
Mp5: 156
Sp: 66
Sp shadow: 0
Sp healing: 878
Spell crit: 21
Spell hit: 0
Arcane res: 27
Nature res: 27
Fire res: 27
Frost res: 27
Shadow res: 47
Armor: 2839.75
Defense: 300
Dodge: 0
Parry: 0
HpsPvp: 974.743
ShadowDps: 233.908
Value pvp healing: 1637.83
Value pvp shadow: 94.3143
Effective hp-pvp: 10501.9
Effecctive mana for 100 s, 0.33 fsr: 17341.2
------------------
Best counts:
oh_limit: 0.7
time_left_mul: 2.9
total_deficit_to_pop_trinkets: 6470.2
in combat total: 1185.4
Flash Heal 1, casts: 17, avg: 462.365, 2.6697%, cast time 2.15117% of in combat, overheal: 0.295649
Flash Heal 2, casts: 8, avg: 668.456, 1.81632%, cast time 1.01232% of in combat, overheal: 0.100727
Flash Heal 3, casts: 1, avg: 814, 0.276474%, cast time 0.12654% of in combat, overheal: 0.0113335
Flash Heal 4, casts: 4, avg: 908.631, 1.23446%, cast time 0.506158% of in combat, overheal: 0
Flash Heal 5, casts: 4, avg: 1046.91, 1.42233%, cast time 0.506158% of in combat, overheal: 0
Flash Heal 6, casts: 3, avg: 1062.8, 1.08293%, cast time 0.379619% of in combat, overheal: 0.110032
Flash Heal 7, casts: 20, avg: 1305.23, 8.86641%, cast time 2.53079% of in combat, overheal: 0.056824
Greater Heal 1, casts: 7, avg: 1368.05, 3.25258%, cast time 1.47629% of in combat, overheal: 0.274885
Greater Heal 1 hazz, casts: 14, avg: 1239.31, 5.893%, cast time 1.77155% of in combat, overheal: 0.343121
Greater Heal 3 hazz, casts: 3, avg: 1831.99, 1.8667%, cast time 0.379619% of in combat, overheal: 0.264842
Greater Heal 4, casts: 33, avg: 2487.62, 27.8823%, cast time 6.95968% of in combat, overheal: 0.133934
Greater Heal 4 hazz, casts: 3, avg: 2012.78, 2.05091%, cast time 0.379619% of in combat, overheal: 0.299253
Heal 2, casts: 93, avg: 958.832, 30.2869%, cast time 19.6136% of in combat, overheal: 0.295891
Heal 4, casts: 20, avg: 1678.06, 11.399%, cast time 4.21799% of in combat, overheal: 0.173744
Total time casting: 498, which is: 42.0111% of time in combat.
Total hps: 248.374, raw hps: 316.158, oh: 0.214401
Deficit time sum: 1.37305e+07, baseline: 1.75143e+07
Deficit*time change / s: 3192 hp
Number of combats: 13
Average mana at start of combat: 9263.2
Average mana at end of combat: 8133.07
Other players with hps > 100:
  Elatexa : 169.67 hps
  Igam : 115.848 hps
  Lethê : 129.973 hps
  Metalbanger : 140.619 hps
  Sajmeen : 135.067 hps
  Shamgodx : 123.395 hps
  Stewieyo : 110.512 hps
  Turbotina : 135.93 hps
  Yuuk : 104.631 hps
------------------
Based on last: 3000 entries, out of total: 10616 entries, The least-squares solution is:
Int: 44.0876
Spirit: 26.8158
Sp / Healing: 100
Mp5: 0
Crit: 0
T1 3p/piece: 0
T2 3p/piece: 0
100 points == 1 sp == 0.0441723 hps.
Appended tag:
( Pawn: v1: "statement_bwl_speed_phase4": Intellect=44.0876, Spirit=26.8158, Healing=100, Mp5=0, SpellCritRating=0, IsFist=X, Is2HMace=X, IsCrossbow=X, IsGun=X, IsShield=X, IsPolearm=X, Is2HAxe=X, IsBow=X, IsMail=X, IsPlate=X, IsLeather=X, IsAxe=X, Is2HAxe=X, IsSword=X, Is2HSword=X)
To file: statement_bwl_speed_phase4.pawn_tag.txt
------------------
Diffs to start: 
Upgrades: 
( following sorted by alt scores, no specials )
zulian headdress(2.88742) -> crystal adorned crown(4.49048) : 1.60306 = +0.649615%
whipvine cord(1.52513) -> zandalar confessor's bindings(2.69608) : 1.17094 = +0.473678%
boots of transcendence(2.07846) -> boots of pure thought(3.11452) : 1.03606 = +0.418883%
fordring's seal(1.73175) -> cauterizing band(2.26562) : 0.533875 = +0.215411%
handguards of transcendence(1.82448) -> atal'ai hands of healing(2.34113) : 0.516647 = +0.208446%
dragon's touch(0.498734) -> lunar wand of healing(0.883438) : 0.384705 = +0.15513%
zandalar confessor's mantle(1.61685) -> mantle of the blackwing cabal(1.81345) : 0.196594 = +0.0792153%
jin'do's evil eye(2.22887) -> jin'do's evil eye(2.22887) : 0 = +0%
hide of the wild(2.04997) -> hide of the wild(2.04997) : 0 = +0%
truefaith vestments(3.22458) -> truefaith vestments(3.22458) : 0 = +0%
bindings of transcendence(1.90038) -> bindings of transcendence(1.90038) : 0 = +0%
benediction, , , (5.42812) -> benediction, , , (5.42812) : 0 = +0%
empowered leggings(3.91924) -> empowered leggings(3.91924) : 0 = +0%
pure elementium band(2.65433) -> pure elementium band(2.65433) : 0 = +0%
hazza'rah's charm of healing(1.01596) -> hazza'rah's charm of healing(1.01596) : 0 = +0%
rejuvenating gem(2.91537) -> darkmoon card: blue dragon(0) : -2.91537 = +-1.16017%
- - - - - - - - - - - - - - - - - - - - - - - - - - - - - - - - - - - - - - - - - 
| Upgrades at best in slot level, from start item to candidate, partial bonuses: 1: |
  alt scores are from least squares fit, special score from e.g. set bonuses as s are part of em
. . . . . . . . . . . . . . . . . . . . . . . . . . . . . . . . . . . . . . . . . 
- . - ' - . - ' - . - ' - . - ' - . - ' - . -
head, zulian headdress (0.290405), alt: 2.88742 -> :
    crystal adorned crown (1.83693) : +0.629018 %, alt : +4.49048, from: azuregos
    halo of transcendence (-3.26508) : -1.44612 %, alt : +2.90667, from: onyxia
    green lens of healing (1.41882) : +0.458962 %, alt : +2.3853, from: pre-raid
- . - ' - . - ' - . - ' - . - ' - . - ' - . -
neck, jin'do's evil eye (2.59676), alt: 2.22887 -> :
    animated chain necklace (3.80789) : +0.489526 %, alt : +1.52876, from: pre-raid
- . - ' - . - ' - . - ' - . - ' - . - ' - . -
shoulders, zandalar confessor's mantle (4.14061), alt: 1.61685 -> :
    mantle of the blackwing cabal (4.59418) : +0.183663 %, alt : +1.81345, from: bwl
    pauldrons of transcendence (3.32063) : -0.332033 %, alt : +1.78933, from: bwl
    zandalar confessor's mantle (4.14061) : +0 %, alt : +1.61685, from: zg
- . - ' - . - ' - . - ' - . - ' - . - ' - . -
back, hide of the wild (1.91777), alt: 2.04997 -> :
    drape of benediction (3.18556) : +0.512426 %, alt : +1.71727, from: azuregos
    shroud of pure thought (2.51405) : +0.24101 %, alt : +1.6719, from: bwl
    hakkari loa cloak (3.27682) : +0.549313 %, alt : +1.66929, from: zg
    cloak of the brood lord (3.00645) : +0.440033 %, alt : +1.50947, from: bwl
    archivist cape of healing (3.25009) : +0.538508 %, alt : +1.45768, from: pre-raid
- . - ' - . - ' - . - ' - . - ' - . - ' - . -
chest, truefaith vestments (3.19681), alt: 3.22458 -> :
    robes of transcendence (1.5162) : -0.679279 %, alt : +3.23315, from: bwl
    robes of the exalted (4.76953) : +0.635676 %, alt : +3.23138, from: pre-raid
- . - ' - . - ' - . - ' - . - ' - . - ' - . -
wrists, bindings of transcendence (4.78748), alt: 1.90038 -> :
    bindings of transcendence (4.78748) : +0 %, alt : +1.90038, from: bwl
    flameweave cuffs of healing (4.81921) : +0.0128282 %, alt : +1.45768, from: brd
    vambraces of prophecy (5.93732) : +0.464752 %, alt : +1.45123, from: mc
- . - ' - . - ' - . - ' - . - ' - . - ' - . -
two-hand, benediction (2.24246), alt: 5.42812 -> :
    lok'amir il romathis and lei of the lifegiver (2.73235) : +0.198005 %, alt : +6.4969, from: bwl, av rep
    lok'amir il romathis and brightly glowing stone (3.70441) : +0.5909 %, alt : +5.79015, from: bwl, pre-raid
    lok'amir il romathis and trance stone (3.72502) : +0.599232 %, alt : +5.51064, from: bwl, emeriss; lethon; taerar; ysondre
    jin'do's hexxer and lei of the lifegiver (4.87074) : +1.06232 %, alt : +4.76919, from: zg, av rep
    fang of the mystics and lei of the lifegiver (3.01773) : +0.313354 %, alt : +4.30277, from: azuregos, av rep
- . - ' - . - ' - . - ' - . - ' - . - ' - . -
ranged, dragon's touch (4.33755), alt: 0.498734 -> :
    lunar wand of healing (4.46858) : +0.0529877 %, alt : +0.883445, from: random green
    bonecreeper stylus (5.8632) : +0.616976 %, alt : +0.563793, from: pre-raid
- . - ' - . - ' - . - ' - . - ' - . - ' - . -
hands, handguards of transcendence (-0.417633), alt: 1.82448 -> :
    atal'ai hands of healing (4.06076) : +1.84348 %, alt : +2.34113, from: sunken temple
    high councillor's gloves of healing (5.48662) : +2.43042 %, alt : +2.03192, from: random green
    hands of the exalted herald (3.14253) : +1.4655 %, alt : +1.85299, from: pre-raid
    handguards of transcendence (-0.417633) : +0 %, alt : +1.82447, from: bwl
- . - ' - . - ' - . - ' - . - ' - . - ' - . -
waist, whipvine cord (3.64386), alt: 1.52513 -> :
    zandalar confessor's bindings (2.87079) : -0.311493 %, alt : +2.69607, from: zg
    firemaw's clutch (3.90625) : +0.105725 %, alt : +1.77972, from: bwl
- . - ' - . - ' - . - ' - . - ' - . - ' - . -
legs, empowered leggings (3.78989), alt: 3.91924 -> :
    leggings of transcendence (-3.42606) : -2.9166 %, alt : +2.68964, from: mc
- . - ' - . - ' - . - ' - . - ' - . - ' - . -
feet, boots of transcendence (-3.11827), alt: 2.07846 -> :
    boots of pure thought (2.69902) : +2.40789 %, alt : +3.11452, from: bwl
    boots of transcendence (-3.11827) : +0 %, alt : +2.07846, from: bwl
    snowblind shoes (-1.94731) : +0.484684 %, alt : +1.60826, from: azuregos
- . - ' - . - ' - . - ' - . - ' - . - ' - . -
finger, pure elementium band (2.86597), alt: 2.65433 -> :
    primalist's seal (4.27016) : +0.567556 %, alt : +2.33829, from: zg
    cauterizing band (4.30457) : +0.581464 %, alt : +2.26562, from: mc
    fordring's seal (3.79974) : +0.377421 %, alt : +1.73175, from: pre-raid
- . - ' - . - ' - . - ' - . - ' - . - ' - . -
finger 2, fordring's seal (4.07544), alt: 1.73175 -> :
    pure elementium band (3.02306) : -0.423059 %, alt : +2.65433, from: bwl
    primalist's seal (4.33008) : +0.102365 %, alt : +2.33829, from: zg
    cauterizing band (2.72972) : -0.54098 %, alt : +2.26562, from: mc
- . - ' - . - ' - . - ' - . - ' - . - ' - . -
trinket, rejuvenating gem (1.16234), alt: 2.91537 -> :
    hazza'rah's charm of healing (0) : -0.466805 %, alt : +1.01596, from: zg
    darkmoon card: blue dragon (-0.426758) : -0.638194 %, alt : +0, from: 
- . - ' - . - ' - . - ' - . - ' - . - ' - . -
trinket 2, hazza'rah's charm of healing (15.9668), alt: 1.01596 -> :
    rejuvenating gem (1.53319) : -5.83391 %, alt : +2.91537, from: bwl
    hibernation crystal (2.50369) : -5.44164 %, alt : +2.60616, from: ysondre
    zandalarian hero charm (3.52779) : -5.02771 %, alt : +1.76689, from: zg
    royal seal of eldre'thalas (1.2933) : -5.93086 %, alt : +1.45768, from: pre-raid
    briarwood reed (1.62895) : -5.7952 %, alt : +1.281, from: pre-raid
    hazza'rah's charm of healing (16.3936) : +0.17249 %, alt : +1.01596, from: zg
    darkmoon card: blue dragon (0) : -6.4536 %, alt : +0, from: 
- - - - - - - - - - - - - - - - - - - - - - - - - - - - - - - - - - - - - - - - - 
| Upgrades at best in slot level, from start item to candidate, partial bonuses: 0: |
  alt scores are from least squares fit, special score from e.g. set bonuses as s are part of em
. . . . . . . . . . . . . . . . . . . . . . . . . . . . . . . . . . . . . . . . . 
- . - ' - . - ' - . - ' - . - ' - . - ' - . -
head, zulian headdress (0.569107), alt: 2.88742 -> :
    crystal adorned crown (3.02403) : +0.998267 %, alt : +4.49048, from: azuregos
    halo of transcendence (-0.103241) : -0.273402 %, alt : +2.90667, from: onyxia
- . - ' - . - ' - . - ' - . - ' - . - ' - . -
neck, jin'do's evil eye (2.36603), alt: 2.22887 -> :
- . - ' - . - ' - . - ' - . - ' - . - ' - . -
shoulders, zandalar confessor's mantle (-1.55075), alt: 1.61685 -> :
    mantle of the blackwing cabal (2.37164) : +1.60457 %, alt : +1.81345, from: bwl
    pauldrons of transcendence (3.51118) : +2.07073 %, alt : +1.78933, from: bwl
    zandalar confessor's mantle (-1.55075) : +0 %, alt : +1.61685, from: zg
- . - ' - . - ' - . - ' - . - ' - . - ' - . -
back, hide of the wild (2.642), alt: 2.04997 -> :
- . - ' - . - ' - . - ' - . - ' - . - ' - . -
chest, truefaith vestments (4.51077), alt: 3.22458 -> :
    robes of transcendence (0.497147) : -1.61596 %, alt : +3.23315, from: bwl
    robes of the exalted (3.66588) : -0.340171 %, alt : +3.23138, from: pre-raid
- . - ' - . - ' - . - ' - . - ' - . - ' - . -
wrists, bindings of transcendence (3.42406), alt: 1.90038 -> :
- . - ' - . - ' - . - ' - . - ' - . - ' - . -
two-hand, benediction (8.09972), alt: 5.42812 -> :
    lok'amir il romathis and lei of the lifegiver (9.48022) : +0.555819 %, alt : +6.4969, from: bwl, av rep
    lok'amir il romathis and brightly glowing stone (7.08257) : -0.409524 %, alt : +5.79015, from: bwl, pre-raid
    lok'amir il romathis and trance stone (7.73969) : -0.144955 %, alt : +5.51064, from: bwl, emeriss; lethon; taerar; ysondre
- . - ' - . - ' - . - ' - . - ' - . - ' - . -
ranged, dragon's touch (0.907822), alt: 0.498734 -> :
    lunar wand of healing (4.86508) : +1.61906 %, alt : +0.883445, from: random green
    bonecreeper stylus (2.42813) : +0.622016 %, alt : +0.563793, from: pre-raid
- . - ' - . - ' - . - ' - . - ' - . - ' - . -
hands, handguards of transcendence (-1.90854), alt: 1.82448 -> :
    atal'ai hands of healing (3.30646) : +2.14469 %, alt : +2.34113, from: sunken temple
    high councillor's gloves of healing (2.88358) : +1.97078 %, alt : +2.03192, from: random green
    hands of the exalted herald (-1.52402) : +0.158136 %, alt : +1.85299, from: pre-raid
    gloves of delusional power (-0.305176) : +0.659389 %, alt : +1.50424, from: emeriss; lethon; taerar; ysondre
- . - ' - . - ' - . - ' - . - ' - . - ' - . -
waist, whipvine cord (0.387848), alt: 1.52513 -> :
    zandalar confessor's bindings (3.88469) : +1.428 %, alt : +2.69607, from: zg
    firemaw's clutch (1.09039) : +0.286897 %, alt : +1.77972, from: bwl
- . - ' - . - ' - . - ' - . - ' - . - ' - . -
legs, empowered leggings (3.23128), alt: 3.91924 -> :
- . - ' - . - ' - . - ' - . - ' - . - ' - . -
feet, boots of transcendence (1.70462), alt: 2.07846 -> :
    boots of pure thought (3.82281) : +0.860161 %, alt : +3.11452, from: bwl
    snowblind shoes (2.34749) : +0.261057 %, alt : +1.60826, from: azuregos
- . - ' - . - ' - . - ' - . - ' - . - ' - . -
finger, pure elementium band (3.39093), alt: 2.65433 -> :
- . - ' - . - ' - . - ' - . - ' - . - ' - . -
finger 2, fordring's seal (-0.979019), alt: 1.73175 -> :
    pure elementium band (3.5972) : +1.86772 %, alt : +2.65433, from: bwl
    cauterizing band (2.37823) : +1.37022 %, alt : +2.26562, from: mc
    ring of spellpower (-0.824387) : +0.0631111 %, alt : +1.45768, from: mc
    band of forced concentration (0.364456) : +0.54832 %, alt : +1.16131, from: bwl
    maiden's circle (0.30722) : +0.524961 %, alt : +1.00249, from: pre-raid
    eye of orgrimmar (0.30722) : +0.524961 %, alt : +0.978803, from: pre-raid
    ring of blackrock (-0.271698) : +0.288683 %, alt : +0.839273, from: bwl
    zanzil's seal (0.0375061) : +0.41488 %, alt : +0.68064, from: zg
    cyclopean band (-0.103683) : +0.357256 %, alt : +0.581252, from: pre-raid
    band of sulfuras (-0.88623) : +0.0378704 %, alt : +0.566365, from: mc
    seal of rivendare (-0.913406) : +0.0267789 %, alt : +0.413982, from: pre-raid
    ring of entropy (-0.663971) : +0.128582 %, alt : +0.347929, from: kazzak
    seal of the archmagus (-0.940506) : +0.0157186 %, alt : +0.344516, from: mc
    emerald flame ring (-0.936005) : +0.0175558 %, alt : +0.328455, from: pre-raid
    band of the hierophant (-0.945099) : +0.0138441 %, alt : +0.325042, from: pre-raid
    magus ring (0.384918) : +0.556672 %, alt : +0.31661, from: pre-raid
    dragonslayer's signet (0.652618) : +0.66593 %, alt : +0.304765, from: onyxia
    royal seal of alexis (0.375793) : +0.552948 %, alt : +0.289506, from: pre-raid
    ring of demonic guile (-0.945099) : +0.0138441 %, alt : +0.194745, from: pre-raid
    blood of the martyr (-0.48291) : +0.20248 %, alt : +0.194745, from: pre-raid
    primalist's band (-0.945099) : +0.0138441 %, alt : +0.194745, from: zg
    ring of binding (0) : +0.399573 %, alt : +0, from: onyxia
    zanzil's band (0.247177) : +0.500455 %, alt : +0, from: zg
- . - ' - . - ' - . - ' - . - ' - . - ' - . -
trinket, rejuvenating gem (1.23737), alt: 2.91537 -> :
    hazza'rah's charm of healing (0) : -0.503745 %, alt : +1.01596, from: zg
    darkmoon card: blue dragon (3.97762) : +1.11558 %, alt : +0, from: 
- . - ' - . - ' - . - ' - . - ' - . - ' - . -
trinket 2, hazza'rah's charm of healing (16.5466), alt: 1.01596 -> :
    rejuvenating gem (2.5946) : -5.61735 %, alt : +2.91537, from: bwl
    hibernation crystal (7.21017) : -3.75904 %, alt : +2.60616, from: ysondre
    zandalarian hero charm (7.10114) : -3.80294 %, alt : +1.76689, from: zg
    royal seal of eldre'thalas (1.23953) : -6.16293 %, alt : +1.45768, from: pre-raid
    briarwood reed (2.37053) : -5.70757 %, alt : +1.281, from: pre-raid
    hazza'rah's charm of healing (12.569) : -1.60146 %, alt : +1.01596, from: zg
    darkmoon card: blue dragon (0) : -6.66199 %, alt : +0, from: 
- - - - - - - - - - - - - - - - - - - - - - - - - - - - - - - - - - - - - - - - - 
| Upgrades at start level, from start item to candidate, partial bonuses: 1: |
  alt scores are from least squares fit, special score from e.g. set bonuses as s are part of em
. . . . . . . . . . . . . . . . . . . . . . . . . . . . . . . . . . . . . . . . . 
- . - ' - . - ' - . - ' - . - ' - . - ' - . -
head, zulian headdress (-2.78458), alt: 2.88742 -> :
    crystal adorned crown (0.0493622) : +1.17826 %, alt : +4.49048, from: azuregos
    halo of transcendence (-2.12952) : +0.272354 %, alt : +2.90667, from: onyxia
    eternal crown of healing (-2.56999) : +0.0892175 %, alt : +2.82702, from: random green
    mish'undare circlet of mind flayer (-2.37405) : +0.170683 %, alt : +2.12002, from: bwl
    cassandra's grace (-2.18372) : +0.249819 %, alt : +2.05019, from: pre-raid
    cassandra's grace (-2.18372) : +0.249819 %, alt : +2.05019, from: pre-raid
- . - ' - . - ' - . - ' - . - ' - . - ' - . -
neck, jin'do's evil eye (-1.3631), alt: 2.22887 -> :
    animated chain necklace (-0.993362) : +0.153725 %, alt : +1.52876, from: pre-raid
- . - ' - . - ' - . - ' - . - ' - . - ' - . -
shoulders, zandalar confessor's mantle (-1.23988), alt: 2.63281 -> :
    zandalar confessor's mantle (-1.23988) : +0 %, alt : +2.63282, from: zg
    pauldrons of transcendence (-1.33197) : -0.0382868 %, alt : +1.78933, from: bwl
- . - ' - . - ' - . - ' - . - ' - . - ' - . -
back, hide of the wild (1.47458), alt: 2.04997 -> :
    drape of benediction (1.90681) : +0.17971 %, alt : +1.71727, from: azuregos
    shroud of pure thought (1.95383) : +0.199256 %, alt : +1.6719, from: bwl
    hakkari loa cloak (1.93155) : +0.189994 %, alt : +1.66929, from: zg
    cloak of the brood lord (1.71909) : +0.101658 %, alt : +1.50947, from: bwl
    archivist cape of healing (1.97688) : +0.208842 %, alt : +1.45768, from: pre-raid
- . - ' - . - ' - . - ' - . - ' - . - ' - . -
chest, truefaith vestments (-2.01176), alt: 3.22458 -> :
    robes of transcendence (-3.03169) : -0.424054 %, alt : +3.23315, from: bwl
    robes of the exalted (-3.0144) : -0.416867 %, alt : +3.23138, from: pre-raid
- . - ' - . - ' - . - ' - . - ' - . - ' - . -
wrists, bindings of transcendence (-0.788971), alt: 1.90038 -> :
    bindings of transcendence (-0.788971) : +0 %, alt : +1.90038, from: bwl
    flameweave cuffs of healing (0.761108) : +0.644475 %, alt : +1.45768, from: brd
    vambraces of prophecy (1.28923) : +0.864052 %, alt : +1.45123, from: mc
- . - ' - . - ' - . - ' - . - ' - . - ' - . -
two-hand, benediction (0.390396), alt: 5.42812 -> :
    lok'amir il romathis and lei of the lifegiver (0.0553284) : -0.139311 %, alt : +6.4969, from: bwl, av rep
    lok'amir il romathis and brightly glowing stone (1.6153) : +0.509275 %, alt : +5.79015, from: bwl, pre-raid
    lok'amir il romathis and trance stone (0.33493) : -0.0230609 %, alt : +5.51064, from: bwl, emeriss; lethon; taerar; ysondre
    jin'do's hexxer and brightly glowing stone (0.46286) : +0.0301283 %, alt : +4.06243, from: zg, pre-raid
    fang of the mystics and trance stone (1.3764) : +0.409951 %, alt : +3.3165, from: azuregos, emeriss; lethon; taerar; ysondre
    witchblade and lei of the lifegiver (2.20682) : +0.755212 %, alt : +3.11534, from: pre-raid, av rep
    the hammer of grace and brightly glowing stone (3.45068) : +1.27237 %, alt : +3.00371, from: pre-raid, pre-raid
    wushoolay's poker and brightly glowing stone (2.23738) : +0.767919 %, alt : +3.00371, from: zg, pre-raid
    zulian scepter of rites and brightly glowing stone (2.00594) : +0.671691 %, alt : +2.93865, from: zg, pre-raid
    aurastone hammer and brightly glowing stone (1.94655) : +0.647 %, alt : +2.93343, from: mc, pre-raid
    hypnotic blade and lei of the lifegiver (2.06372) : +0.695717 %, alt : +2.93001, from: pre-raid, av rep
    fang of venoxis and brightly glowing stone (3.20094) : +1.16854 %, alt : +2.92137, from: zg, pre-raid
    sorcerous dagger and brightly glowing stone (3.03499) : +1.09954 %, alt : +2.84889, from: mc, pre-raid
    wushoolay's poker and trance stone (1.84117) : +0.603187 %, alt : +2.7242, from: zg, emeriss; lethon; taerar; ysondre
    the hammer of grace and trance stone (3.04172) : +1.10234 %, alt : +2.7242, from: pre-raid, emeriss; lethon; taerar; ysondre
    zulian scepter of rites and trance stone (1.62471) : +0.513189 %, alt : +2.65914, from: zg, emeriss; lethon; taerar; ysondre
    aurastone hammer and trance stone (1.56381) : +0.48787 %, alt : +2.65391, from: mc, emeriss; lethon; taerar; ysondre
    fang of venoxis and trance stone (1.56479) : +0.488276 %, alt : +2.64186, from: zg, emeriss; lethon; taerar; ysondre
    gift of the elven magi and lei of the lifegiver (1.73701) : +0.559882 %, alt : +2.60695, from: pre-raid (strat live: balnazzar), av rep
    sorcerous dagger and trance stone (2.51602) : +0.883769 %, alt : +2.56938, from: mc, emeriss; lethon; taerar; ysondre
    lorespinner and lei of the lifegiver (1.71822) : +0.552066 %, alt : +2.5172, from: pre-raid, av rep
    witchblade and brightly glowing stone (2.78194) : +0.994328 %, alt : +2.40858, from: pre-raid, pre-raid
    scepter of the unholy and lei of the lifegiver (2.88615) : +1.03766 %, alt : +2.34113, from: pre-raid, av rep
    hypnotic blade and brightly glowing stone (3.79044) : +1.41363 %, alt : +2.22326, from: pre-raid, pre-raid
    witchblade and trance stone (2.11436) : +0.716773 %, alt : +2.12907, from: pre-raid, emeriss; lethon; taerar; ysondre
    gift of the elven magi and brightly glowing stone (1.9399) : +0.644234 %, alt : +1.90019, from: pre-raid (strat live: balnazzar), pre-raid
    lorespinner and brightly glowing stone (1.92033) : +0.636101 %, alt : +1.81045, from: pre-raid, pre-raid
    scepter of the unholy and brightly glowing stone (3.17587) : +1.15811 %, alt : +1.63437, from: pre-raid, pre-raid
    scepter of the unholy and trance stone (0.671875) : +0.11703 %, alt : +1.35486, from: pre-raid, emeriss; lethon; taerar; ysondre
- . - ' - . - ' - . - ' - . - ' - . - ' - . -
ranged, dragon's touch (-0.611893), alt: 0.498734 -> :
    lunar wand of healing (-2.20943) : -0.664205 %, alt : +0.883445, from: random green
    bonecreeper stylus (-0.212555) : +0.166032 %, alt : +0.563793, from: pre-raid
- . - ' - . - ' - . - ' - . - ' - . - ' - . -
hands, handguards of transcendence (-0.765244), alt: 1.82448 -> :
    atal'ai hands of healing (0.256622) : +0.42486 %, alt : +2.34113, from: sunken temple
    high councillor's gloves of healing (-1.04532) : -0.116447 %, alt : +2.03192, from: random green
    hands of the exalted herald (0.756653) : +0.632757 %, alt : +1.85299, from: pre-raid
    handguards of transcendence (-0.765244) : +0 %, alt : +1.82447, from: bwl
    gloves of delusional power (0.563812) : +0.55258 %, alt : +1.50424, from: emeriss; lethon; taerar; ysondre
- . - ' - . - ' - . - ' - . - ' - . - ' - . -
waist, whipvine cord (1.67963), alt: 1.52513 -> :
    firemaw's clutch (2.06885) : +0.161826 %, alt : +1.77972, from: bwl
    zandalar confessor's bindings (1.72336) : +0.0181823 %, alt : +1.68011, from: zg
- . - ' - . - ' - . - ' - . - ' - . - ' - . -
legs, empowered leggings (1.03354), alt: 3.91924 -> :
    leggings of transcendence (-1.15266) : -0.908955 %, alt : +2.68964, from: mc
- . - ' - . - ' - . - ' - . - ' - . - ' - . -
feet, boots of transcendence (-0.637161), alt: 2.07846 -> :
    boots of pure thought (1.72412) : +0.981748 %, alt : +3.11452, from: bwl
    boots of transcendence (-0.637161) : +0 %, alt : +2.07846, from: bwl
    betrayer's boots (0.933914) : +0.653204 %, alt : +1.701, from: zg
    snowblind shoes (0.645264) : +0.533193 %, alt : +1.60826, from: azuregos
- . - ' - . - ' - . - ' - . - ' - . - ' - . -
finger, pure elementium band (-1.73846), alt: 2.65433 -> :
    primalist's seal (-1.15941) : +0.240753 %, alt : +2.33829, from: zg
    cauterizing band (-1.12773) : +0.253924 %, alt : +2.26562, from: mc
    cyclopean band (-0.338272) : +0.582157 %, alt : +0.581252, from: pre-raid
- . - ' - . - ' - . - ' - . - ' - . - ' - . -
finger 2, fordring's seal (1.14365), alt: 1.73175 -> :
    pure elementium band (-1.50551) : -1.10144 %, alt : +2.65433, from: bwl
    primalist's seal (0.0470734) : -0.455921 %, alt : +2.33829, from: zg
    cauterizing band (0.0782928) : -0.442941 %, alt : +2.26562, from: mc
    ring of spellpower (1.17513) : +0.0130879 %, alt : +1.45768, from: mc
    rosewine circle (1.66003) : +0.214698 %, alt : +1.281, from: pre-raid
    band of servitude (1.38815) : +0.101658 %, alt : +1.19123, from: zg
    band of forced concentration (1.27322) : +0.0538744 %, alt : +1.16131, from: bwl
    mindtear band (1.57541) : +0.179514 %, alt : +1.08864, from: taerar
- . - ' - . - ' - . - ' - . - ' - . - ' - . -
trinket, rejuvenating gem (-2.43762), alt: 2.91537 -> :
    hazza'rah's charm of healing (0) : +1.01349 %, alt : +1.01596, from: zg
    darkmoon card: blue dragon (-1.5687) : +0.361273 %, alt : +0, from: 
- . - ' - . - ' - . - ' - . - ' - . - ' - . -
trinket 2, hazza'rah's charm of healing (15.1363), alt: 1.01596 -> :
    rejuvenating gem (2.24776) : -5.35865 %, alt : +2.91537, from: bwl
    hibernation crystal (3.12181) : -4.99525 %, alt : +2.60616, from: ysondre
    zandalarian hero charm (1.77168) : -5.55659 %, alt : +1.76689, from: zg
    royal seal of eldre'thalas (0.409958) : -6.12275 %, alt : +1.45768, from: pre-raid
    briarwood reed (0.71846) : -5.99449 %, alt : +1.281, from: pre-raid
    hazza'rah's charm of healing (15.1363) : +0 %, alt : +1.01596, from: zg
    darkmoon card: blue dragon (-1.23503) : -6.80669 %, alt : +0, from: 
- - - - - - - - - - - - - - - - - - - - - - - - - - - - - - - - - - - - - - - - - 
| Upgrades at start level, from start item to candidate, partial bonuses: 0: |
  alt scores are from least squares fit, special score from e.g. set bonuses as s are part of em
. . . . . . . . . . . . . . . . . . . . . . . . . . . . . . . . . . . . . . . . . 
- . - ' - . - ' - . - ' - . - ' - . - ' - . -
head, zulian headdress (-1.87361), alt: 2.88742 -> :
    crystal adorned crown (-2.3636) : -0.203396 %, alt : +4.49048, from: azuregos
    halo of transcendence (-2.27034) : -0.164683 %, alt : +2.90667, from: onyxia
- . - ' - . - ' - . - ' - . - ' - . - ' - . -
neck, jin'do's evil eye (-1.17159), alt: 2.22887 -> :
- . - ' - . - ' - . - ' - . - ' - . - ' - . -
shoulders, zandalar confessor's mantle (-2.24759), alt: 2.63281 -> :
    zandalar confessor's mantle (-2.24759) : +0 %, alt : +2.63282, from: zg
    pauldrons of transcendence (-3.30943) : -0.440773 %, alt : +1.78933, from: bwl
- . - ' - . - ' - . - ' - . - ' - . - ' - . -
back, hide of the wild (-0.0935211), alt: 2.04997 -> :
- . - ' - . - ' - . - ' - . - ' - . - ' - . -
chest, truefaith vestments (1.64558), alt: 3.22458 -> :
    robes of transcendence (-0.335724) : -0.822444 %, alt : +3.23315, from: bwl
    robes of the exalted (0.409302) : -0.513183 %, alt : +3.23138, from: pre-raid
- . - ' - . - ' - . - ' - . - ' - . - ' - . -
wrists, bindings of transcendence (-6.08853), alt: 1.90038 -> :
    bindings of transcendence (-6.08853) : +0 %, alt : +1.90038, from: bwl
    flameweave cuffs of healing (-1.90829) : +1.73522 %, alt : +1.45768, from: brd
    vambraces of prophecy (-3.77823) : +0.95901 %, alt : +1.45123, from: mc
- . - ' - . - ' - . - ' - . - ' - . - ' - . -
two-hand, benediction (1.61545), alt: 5.42812 -> :
    lok'amir il romathis and lei of the lifegiver (0.597366) : -0.422607 %, alt : +6.4969, from: bwl, av rep
    lok'amir il romathis and brightly glowing stone (1.16904) : -0.185306 %, alt : +5.79015, from: bwl, pre-raid
    lok'amir il romathis and trance stone (1.24994) : -0.151723 %, alt : +5.51064, from: bwl, emeriss; lethon; taerar; ysondre
    jin'do's hexxer and trance stone (2.47313) : +0.356025 %, alt : +3.78292, from: zg, emeriss; lethon; taerar; ysondre
    zulian scepter of rites and lei of the lifegiver (2.06348) : +0.185977 %, alt : +3.6454, from: zg, av rep
    aurastone hammer and lei of the lifegiver (2.71437) : +0.456164 %, alt : +3.64018, from: mc, av rep
    fang of venoxis and lei of the lifegiver (2.63649) : +0.423836 %, alt : +3.62813, from: zg, av rep
    fang of the mystics and brightly glowing stone (2.21153) : +0.247436 %, alt : +3.59601, from: azuregos, pre-raid
    sorcerous dagger and lei of the lifegiver (2.9095) : +0.537163 %, alt : +3.55564, from: mc, av rep
    fang of the mystics and trance stone (2.40593) : +0.32813 %, alt : +3.3165, from: azuregos, emeriss; lethon; taerar; ysondre
    witchblade and lei of the lifegiver (3.93991) : +0.964888 %, alt : +3.11534, from: pre-raid, av rep
    the hammer of grace and brightly glowing stone (5.16167) : +1.47204 %, alt : +3.00371, from: pre-raid, pre-raid
    wushoolay's poker and brightly glowing stone (2.67667) : +0.440513 %, alt : +3.00371, from: zg, pre-raid
    zulian scepter of rites and brightly glowing stone (3.6559) : +0.846994 %, alt : +2.93865, from: zg, pre-raid
    aurastone hammer and brightly glowing stone (2.39963) : +0.325514 %, alt : +2.93343, from: mc, pre-raid
    hypnotic blade and lei of the lifegiver (3.58449) : +0.817351 %, alt : +2.93001, from: pre-raid, av rep
    fang of venoxis and brightly glowing stone (2.4005) : +0.325875 %, alt : +2.92137, from: zg, pre-raid
    sorcerous dagger and brightly glowing stone (3.35139) : +0.720594 %, alt : +2.84889, from: mc, pre-raid
    the hammer of grace and trance stone (4.52399) : +1.20734 %, alt : +2.7242, from: pre-raid, emeriss; lethon; taerar; ysondre
    wushoolay's poker and trance stone (2.12172) : +0.210154 %, alt : +2.7242, from: zg, emeriss; lethon; taerar; ysondre
    zulian scepter of rites and trance stone (1.80626) : +0.079206 %, alt : +2.65914, from: zg, emeriss; lethon; taerar; ysondre
    aurastone hammer and trance stone (1.74437) : +0.0535155 %, alt : +2.65391, from: mc, emeriss; lethon; taerar; ysondre
    fang of venoxis and trance stone (1.66341) : +0.0199076 %, alt : +2.64186, from: zg, emeriss; lethon; taerar; ysondre
    gift of the elven magi and lei of the lifegiver (3.10353) : +0.617705 %, alt : +2.60695, from: pre-raid (strat live: balnazzar), av rep
    lorespinner and lei of the lifegiver (1.90038) : +0.118274 %, alt : +2.5172, from: pre-raid, av rep
    witchblade and brightly glowing stone (4.2348) : +1.0873 %, alt : +2.40858, from: pre-raid, pre-raid
    scepter of the unholy and lei of the lifegiver (4.26843) : +1.10126 %, alt : +2.34113, from: pre-raid, av rep
- . - ' - . - ' - . - ' - . - ' - . - ' - . -
ranged, dragon's touch (0.440475), alt: 0.498734 -> :
    lunar wand of healing (0.157745) : -0.117362 %, alt : +0.883445, from: random green
    bonecreeper stylus (0.651642) : +0.0876555 %, alt : +0.563793, from: pre-raid
- . - ' - . - ' - . - ' - . - ' - . - ' - . -
hands, handguards of transcendence (-6.05252), alt: 1.82448 -> :
    atal'ai hands of healing (-0.756485) : +2.19839 %, alt : +2.34113, from: sunken temple
    high councillor's gloves of healing (-0.883972) : +2.14547 %, alt : +2.03192, from: random green
    hands of the exalted herald (-1.93689) : +1.7084 %, alt : +1.85299, from: pre-raid
    handguards of transcendence (-6.05252) : +0 %, alt : +1.82447, from: bwl
    gloves of delusional power (-3.57701) : +1.02759 %, alt : +1.50424, from: emeriss; lethon; taerar; ysondre
- . - ' - . - ' - . - ' - . - ' - . - ' - . -
waist, whipvine cord (2.81221), alt: 1.52513 -> :
    firemaw's clutch (3.01334) : +0.0834877 %, alt : +1.77972, from: bwl
    zandalar confessor's bindings (2.79083) : -0.00887386 %, alt : +1.68011, from: zg
- . - ' - . - ' - . - ' - . - ' - . - ' - . -
legs, empowered leggings (1.51059), alt: 3.91924 -> :
    leggings of transcendence (0.884247) : -0.259996 %, alt : +2.68964, from: mc
    padre's trousers (1.90598) : +0.164125 %, alt : +2.24472, from: pre-raid
    ritualistic legguards (1.52298) : +0.00514316 %, alt : +2.14392, from: zg
    senior designer's pantaloons (1.62451) : +0.0472892 %, alt : +2.11642, from: pre-raid
- . - ' - . - ' - . - ' - . - ' - . - ' - . -
feet, boots of transcendence (-5.93237), alt: 2.07846 -> :
    boots of pure thought (-3.73195) : +0.913399 %, alt : +3.11452, from: bwl
    boots of transcendence (-5.93237) : +0 %, alt : +2.07846, from: bwl
    betrayer's boots (-2.12381) : +1.58094 %, alt : +1.701, from: zg
    snowblind shoes (-3.26509) : +1.10719 %, alt : +1.60826, from: azuregos
- . - ' - . - ' - . - ' - . - ' - . - ' - . -
finger, pure elementium band (-2.0408), alt: 2.65433 -> :
    maiden's circle (-1.49435) : +0.226831 %, alt : +1.00249, from: pre-raid
    eye of orgrimmar (-1.19876) : +0.349532 %, alt : +0.978803, from: pre-raid
    ring of blackrock (-1.45845) : +0.241735 %, alt : +0.839273, from: bwl
    zanzil's seal (-1.90068) : +0.0581646 %, alt : +0.68064, from: zg
- . - ' - . - ' - . - ' - . - ' - . - ' - . -
finger 2, fordring's seal (-0.474167), alt: 1.73175 -> :
    pure elementium band (-0.435455) : +0.0160692 %, alt : +2.65433, from: bwl
    cauterizing band (-0.98735) : -0.213023 %, alt : +2.26562, from: mc
    seal of rivendare (0.00497437) : +0.198892 %, alt : +0.413982, from: pre-raid
    ring of entropy (0.260559) : +0.304986 %, alt : +0.347929, from: kazzak
    emerald flame ring (-0.0181122) : +0.189309 %, alt : +0.328455, from: pre-raid
    band of the hierophant (0.0461884) : +0.216 %, alt : +0.325042, from: pre-raid
    magus ring (-0.0181122) : +0.189309 %, alt : +0.31661, from: pre-raid
    dragonslayer's signet (0.255997) : +0.303092 %, alt : +0.304765, from: onyxia
    royal seal of alexis (0.0461884) : +0.216 %, alt : +0.289506, from: pre-raid
    blood of the martyr (0.0461884) : +0.216 %, alt : +0.194745, from: pre-raid
    ring of binding (0) : +0.196827 %, alt : +0, from: onyxia
    zanzil's band (0) : +0.196827 %, alt : +0, from: zg
- . - ' - . - ' - . - ' - . - ' - . - ' - . -
trinket, rejuvenating gem (-1.3006), alt: 2.91537 -> :
    hazza'rah's charm of healing (0) : +0.53988 %, alt : +1.01596, from: zg
    darkmoon card: blue dragon (-1.28801) : +0.0052255 %, alt : +0, from: 
- . - ' - . - ' - . - ' - . - ' - . - ' - . -
trinket 2, hazza'rah's charm of healing (16.2046), alt: 1.01596 -> :
    rejuvenating gem (2.42093) : -5.72163 %, alt : +2.91537, from: bwl
    hibernation crystal (2.62949) : -5.63506 %, alt : +2.60616, from: ysondre
    zandalarian hero charm (1.37155) : -6.15723 %, alt : +1.76689, from: zg
    royal seal of eldre'thalas (0.858414) : -6.37023 %, alt : +1.45768, from: pre-raid
    briarwood reed (0.702026) : -6.43515 %, alt : +1.281, from: pre-raid
    hazza'rah's charm of healing (16.2046) : +0 %, alt : +1.01596, from: zg
    darkmoon card: blue dragon (-1.23065) : -7.23741 %, alt : +0, from: 
------------------
Best value: 249.939
