Your call: ./css 4 ../items/phase5.csv ../items/not_for_priests.txt no-locks statement_bwl_speed_phase5 -a ../confs/wcl_bwl_speed_log.csv -l statement_speed.txt 
Found: -a, val: ../confs/wcl_bwl_speed_log.csv
./css 4 ../items/phase5.csv ../items/not_for_priests.txt no-locks statement_bwl_speed_phase5 -l statement_speed.txt 
Found key: buff_fraction, saw val: 1
Found key: healing_from_crit_fraction, saw val: 0.2
Found key: transc8_exists, saw val: 0
Found key: enchantments, saw val: 1
Found key: fort, saw val: 1
Found key: motw, saw val: 1
Found key: spirit, saw val: 1
Found key: ai, saw val: 1
Found key: flask, saw val: 1
Found key: holy_disc, saw val: 0
Found key: min_combat_length, saw val: 2
Found key: max_log_entry_diff_in_combat, saw val: 10
Found key: precast, saw val: 1
Found key: swap_cast, saw val: 1
Found key: time_step, saw val: 0.1
Found key: reaction_time, saw val: 0.1
Found key: skip_player, saw val: Paisti
Found key: use_deficit_time_sum, saw val: 0
Found key: wcl_log, saw val: 1
Found: -l, val: statement_speed.txt
./css 4 ../items/phase5.csv ../items/not_for_priests.txt no-locks statement_bwl_speed_phase5 
Will read log from: statement_speed.txt
./css 4 ../items/phase5.csv ../items/not_for_priests.txt no-locks statement_bwl_speed_phase5 
./css 4 ../items/phase5.csv ../items/not_for_priests.txt no-locks statement_bwl_speed_phase5 
Shuffle seed: 2416673600
Reading banned from: ../items/not_for_priests.txt
Banning: neltharion's tear
Banning: lok'amir il romathis
Banning: choker of the fire lord
Reading WCL parsed log: statement_speed.txt
Saw 18424 lines of log, with 18424 log lines
Sorting by timestamp...
Sorted.
Pruning log from: 18424 entries.
Combat from 0 to 10.516 s
Combat from 53.104 to 218.698 s
Combat from 219.037 to 234.687 s
Combat from 236.478 to 322.765 s
Combat from 338.869 to 343.808 s
Combat from 385.488 to 405.635 s
Combat from 433.685 to 466.894 s
Combat from 467.707 to 675.342 s
Combat from 678.566 to 732.39 s
Combat from 744.48 to 904.123 s
Combat from 920.564 to 1146.43 s
Combat from 1182.01 to 1308.04 s
Combat from 1321.39 to 1395.49 s
Pruned to: 17924 entries.
----------------------------------------------------------
---- Baseline results without simulated player input: ----
----------------------------------------------------------
oh_limit: 0.9
time_left_mul: 0.5
total_deficit_to_pop_trinkets: 10000
in combat total: 1185.4
Total time casting: 0, which is: 0% of time in combat.
Total hps: 0, raw hps: 0, oh: -nan
Deficit time sum: 3.88559e+10, baseline: 0
Deficit*time change / s: -3.27787e+07 hp
Number of combats: 13
Average mana at start of combat: 0
Average mana at end of combat: 0
Other players with hps > 100:
  Elatexa : 191.453 hps
  Igam : 134.748 hps
  Lethê : 144.538 hps
  Metalbanger : 156.115 hps
  Sajmeen : 152.479 hps
  Shamgodx : 141.95 hps
  Stewieyo : 134.849 hps
  Turbotina : 153.347 hps
  Yuuk : 120.367 hps
Skip player from: Paisti to: Elatexa
Reading WCL parsed log: statement_speed.txt
Saw 18424 lines of log, with 18424 log lines
Sorting by timestamp...
Sorted.
Pruning log from: 18424 entries.
Combat from 0 to 8.113 s
Combat from 53.104 to 218.698 s
Combat from 219.037 to 234.687 s
Combat from 236.478 to 322.765 s
Combat from 338.869 to 343.556 s
Combat from 385.488 to 405.635 s
Combat from 433.685 to 466.894 s
Combat from 467.707 to 675.342 s
Combat from 678.566 to 732.39 s
Combat from 744.48 to 904.123 s
Combat from 920.564 to 1146.43 s
Combat from 1182.01 to 1308.04 s
Combat from 1321.39 to 1395.49 s
Pruned to: 17468 entries.
Skipped player entries: 458
Baseline results again due to changed skipped player
oh_limit: 0.9
time_left_mul: 0.5
total_deficit_to_pop_trinkets: 10000
in combat total: 1182.7
Total time casting: 0, which is: 0% of time in combat.
Total hps: 0, raw hps: 0, oh: -nan
Deficit time sum: 8.67654e+10, baseline: 0
Deficit*time change / s: -7.33622e+07 hp
Number of combats: 13
Average mana at start of combat: 0
Average mana at end of combat: 0
Other players with hps > 100:
  Igam : 143.675 hps
  Lethê : 150.878 hps
  Metalbanger : 164.111 hps
  Sajmeen : 162.281 hps
  Shamgodx : 154.981 hps
  Stewieyo : 143.358 hps
  Sýnth : 105.062 hps
  Turbotina : 163.224 hps
  Yuuk : 128.312 hps
Reading tmp locked from: start_with.txt
Locking: anastari heirloom
Locking: anathema
Locking: animated chain necklace
Locking: argent crusader
Locking: atal'ai gloves of the owl
Locking: ban'thok sash
Locking: banshee finger
Locking: benediction
Locking: blood of the martyr
Locking: briarwood reed
Locking: burial shawl
Locking: clutch of andros
Locking: crimson felt hat
Locking: cyclopean band
Locking: devout belt
Locking: devout bracers
Locking: devout crown
Locking: devout mantle
Locking: devout robe
Locking: devout sandals
Locking: devout skirt
Locking: dragon finger of healing
Locking: dragon finger of intellect
Locking: dragonrider boots
Locking: dragonslayer's signet
Locking: drakefire amulet
Locking: dreadmist mantle
Locking: dreamweave circlet
Locking: dreamweave gloves
Locking: dreamweave vest
Locking: elder magus pendant
Locking: eye of the beast
Locking: fordring's seal
Locking: girdle of prophecy
Locking: gloves of prophecy
Locking: grimgore noose
Locking: halo of transcendence
Locking: heart of the fiend
Locking: hide of the wild
Locking: kentic amice
Locking: leggings of transcendence
Locking: magister's robes
Locking: maleki's footwraps
Locking: mindtap talisman
Locking: nature's breath
Locking: necropile boots
Locking: necropile cuffs
Locking: necropile leggings
Locking: necropile mantle
Locking: necropile robe
Locking: noxious shooter
Locking: omnicast boots
Locking: orb of the forgotten seer
Locking: padre's trousers
Locking: pants of prophecy
Locking: penelope's rose
Locking: quel'dorai channeling rod
Locking: raincaster drape
Locking: rainstrider leggings
Locking: ring of demonic guile
Locking: ring of demonic guile
Locking: robes of prophecy
Locking: robes of the exalted
Locking: robes of the royal crown
Locking: rod of corrosion
Locking: rosewine circle
Locking: royal seal of eldre'thalas
Locking: royal tribunal cloak
Locking: sarah's guide
Locking: seal of rivendare
Locking: seal of rivendare
Locking: shadowy laced handwraps
Locking: silkweb gloves
Locking: soulstealer mantle
Locking: spellbound tome
Locking: spritecaster cape
Locking: star of mystaria
Locking: starfire tiara
Locking: stormrager
Locking: sublime wristguards
Locking: the hammer of grace
Locking: the postmaster's treads
Locking: thuzadin sash
Locking: triune amulet
Locking: vinerot sandals
Locking: whipvine cord
Locking: wolfshear leggings
Locking: boots of the full moon
Locking: mantle of prophecy
Locking: dragon's touch
Locking: bindings of transcendence
Locking: shimmering geta
Locking: empowered leggings
Locking: seal of the archmagus
Locking: circlet of prophecy
Locking: boots of prophecy
Locking: pauldrons of transcendence
Locking: primalist's seal
Locking: zandalar confessor's bindings
Locking: zulian headdress
Locking: mar'li's eye
Locking: shroud of pure thought
Locking: belt of transcendence
Locking: jin'do's evil eye
Locking: primalist's band
Locking: zandalarian hero charm
Locking: zandalar confessor's mantle
Locking: zandalar confessor's wraps 
Locking: pure elementium band
Locking: truefaith vestments
Locking: vambraces of prophecy
Locking: hazza'rah's charm of healing
Locking: handguards of transcendence
Locking: boots of transcendence
Locking: darkmoon card: blue dragon
Locking: rejuvenating gem
Optimizing start items...

*** NEW BEST (1): 168.656

*** NEW BEST (1): 175.433

*** NEW BEST (1): 185.215

*** NEW BEST (1): 192.936

*** NEW BEST (1): 196.696

*** NEW BEST (1): 202.882

*** NEW BEST (1): 207.976

*** NEW BEST (1): 210.104

*** NEW BEST (1): 213.151

*** NEW BEST (1): 215.885

*** NEW BEST (1): 216.262

*** NEW BEST (1): 219.032

*** NEW BEST (1): 222.688

*** NEW BEST (1): 222.966

*** NEW BEST (1): 224.148
*
*** NEW BEST (1): 228.433
*
*** NEW BEST (1): 229.202

*** NEW BEST (1): 230.476

*** NEW BEST (1): 230.539

*** NEW BEST (1): 233.404
****
*** NEW BEST (1): 234.945

*** NEW BEST (1): 236.365

*** NEW BEST (1): 238.774
*****
*** NEW BEST (0): 227.548
Based on last: 2726 entries, out of total: 2726 entries, (1361 dropped), The least-squares solution is:
Int: 141.904
Spirit: 75.0964
Sp / Healing: 100
Mp5: 141.776
Crit: 0.426469
T1 3p/piece: 1816.23
T2 3p/piece: 0
Hazza'rah's: 12843.7
Darkmoon: 3477.21
100 points == 1 sp == 0.0496779 hps.
chest : robes of prophecy -> robes of the exalted => val: 227.548 -> 228.185

*** NEW BEST (0): 228.185
Based on last: 2787 entries, out of total: 2787 entries, (1380 dropped), The least-squares solution is:
Int: 140.851
Spirit: 74.2465
Sp / Healing: 100
Mp5: 146.274
Crit: 0
T1 3p/piece: 1821.8
T2 3p/piece: 0
Hazza'rah's: 12642.3
Darkmoon: 3463.8
100 points == 1 sp == 0.0498703 hps.
finger : pure elementium band -> primalist's band => val: 228.185 -> 228.507

*** NEW BEST (0): 228.507
Based on last: 2834 entries, out of total: 2834 entries, (1383 dropped), The least-squares solution is:
Int: 139.684
Spirit: 74.3249
Sp / Healing: 100
Mp5: 145.276
Crit: 2.21976
T1 3p/piece: 1815.71
T2 3p/piece: 0
Hazza'rah's: 12603.4
Darkmoon: 3454.01
100 points == 1 sp == 0.0500116 hps.
hands : dreamweave gloves -> atal'ai gloves of the owl => val: 228.507 -> 228.673

*** NEW BEST (0): 228.673
Based on last: 2855 entries, out of total: 2855 entries, (1384 dropped), The least-squares solution is:
Int: 139.49
Spirit: 73.4412
Sp / Healing: 100
Mp5: 142.133
Crit: 1.45453
T1 3p/piece: 1830.65
T2 3p/piece: 0
Hazza'rah's: 12584.6
Darkmoon: 3449.48
100 points == 1 sp == 0.0500774 hps.
shoulders : zandalar confessor's mantle -> mantle of prophecy => val: 228.673 -> 228.758

*** NEW BEST (0): 228.758
Based on last: 2870 entries, out of total: 2870 entries, (1388 dropped), The least-squares solution is:
Int: 140.769
Spirit: 72.1999
Sp / Healing: 100
Mp5: 140.491
Crit: 0
T1 3p/piece: 1834.01
T2 3p/piece: 0
Hazza'rah's: 12591.1
Darkmoon: 3451.28
100 points == 1 sp == 0.0500512 hps.
wrists : bindings of transcendence -> vambraces of prophecy => val: 228.758 -> 229.81

*** NEW BEST (0): 229.81
Based on last: 2886 entries, out of total: 2886 entries, (1391 dropped), The least-squares solution is:
Int: 140.498
Spirit: 72.4912
Sp / Healing: 100
Mp5: 139.693
Crit: 0
T1 3p/piece: 1886.05
T2 3p/piece: 0
Hazza'rah's: 12576
Darkmoon: 3447.47
100 points == 1 sp == 0.0501065 hps.
ranged : dragon's touch -> dragon finger of intellect => val: 229.81 -> 230.664

*** NEW BEST (0): 230.664
Based on last: 2893 entries, out of total: 2893 entries, (1401 dropped), The least-squares solution is:
Int: 140.421
Spirit: 72.5453
Sp / Healing: 100
Mp5: 139.75
Crit: 0
T1 3p/piece: 1886.08
T2 3p/piece: 0
Hazza'rah's: 12574.9
Darkmoon: 3447.23
100 points == 1 sp == 0.0501101 hps.
*hands : atal'ai gloves of the owl -> handguards of transcendence => val: 229.551 -> 230.743

*** NEW BEST (0): 230.743
Based on last: 3000 entries, out of total: 3046 entries, (1571 dropped), The least-squares solution is:
Int: 142.475
Spirit: 67.479
Sp / Healing: 100
Mp5: 133.489
Crit: 46.9316
T1 3p/piece: 1879.31
T2 3p/piece: 0
Hazza'rah's: 12605.2
Darkmoon: 3453.48
100 points == 1 sp == 0.0500193 hps.
ranged : dragon finger of intellect -> dragon's touch => val: 228.121 -> 230.811

*** NEW BEST (0): 230.811
Based on last: 3000 entries, out of total: 3056 entries, (1614 dropped), The least-squares solution is:
Int: 142.95
Spirit: 67.6691
Sp / Healing: 100
Mp5: 132.19
Crit: 42.3423
T1 3p/piece: 1870.45
T2 3p/piece: 0
Hazza'rah's: 12685
Darkmoon: 3473.03
100 points == 1 sp == 0.0497378 hps.
back : hide of the wild -> shroud of pure thought => val: 230.057 -> 230.073
********
Read starting items and cleared locks.
 ----------------------------
 --- head --- 
name: circlet of prophecy
slot: head
intelligence: 27
stamina: 17
spirit: 20
sp: 12
fire_res: 10
armor: 83
 ----------------------------
 --- neck --- 
name: animated chain necklace
slot: neck
stamina: 7
spirit: 6
sp_healing: 33
 ----------------------------
 --- shoulders --- 
name: mantle of prophecy
slot: shoulders
intelligence: 23
stamina: 13
spirit: 10
sp: 9
shadow_res: 7
armor: 76
 ----------------------------
 --- back --- 
name: hide of the wild
slot: back
intelligence: 10
stamina: 8
sp_healing: 42
armor: 48
 ----------------------------
 --- chest --- 
name: robes of the exalted
slot: chest
intelligence: 5
spirit: 11
sp_healing: 68
armor: 89
 ----------------------------
 --- wrists --- 
name: vambraces of prophecy
slot: wrists
intelligence: 14
stamina: 8
spirit: 10
sp_healing: 24
mp5: 2
armor: 44
 ----------------------------
 --- two-hand --- 
name: benediction
slot: two-hand
intelligence: 31
stamina: 10
spirit: 12
sp_healing: 106
spell_crit: 2
shadow_res: 20
 ----------------------------
 ---  --- 
name: 
slot: 
 ----------------------------
 ---  --- 
name: 
slot: 
 ----------------------------
 ---  --- 
name: 
slot: 
 ----------------------------
 --- ranged --- 
name: dragon's touch
slot: ranged
intelligence: 12
stamina: 7
sp: 6
 ----------------------------
 --- hands --- 
name: handguards of transcendence
slot: hands
intelligence: 20
stamina: 12
spirit: 13
sp_healing: 29
spell_crit: 1
armor: 72
 ----------------------------
 --- waist --- 
name: zandalar confessor's bindings
slot: waist
intelligence: 20
stamina: 12
spirit: 12
sp_healing: 26
armor: 53
 ----------------------------
 --- legs --- 
name: empowered leggings
slot: legs
intelligence: 12
stamina: 12
spirit: 24
sp_healing: 77
spell_crit: 1
armor: 103
 ----------------------------
 --- feet --- 
name: dragonrider boots
slot: feet
intelligence: 16
stamina: 5
sp_healing: 18
armor: 61
 ----------------------------
 --- finger --- 
name: pure elementium band
slot: finger
intelligence: 10
stamina: 9
spirit: 10
sp_healing: 53
 ----------------------------
 --- finger --- 
name: primalist's seal
slot: finger
intelligence: 12
spirit: 8
sp_healing: 29
 ----------------------------
 --- trinket --- 
name: hazza'rah's charm of healing
slot: trinket
 ----------------------------
 --- trinket --- 
name: rejuvenating gem
slot: trinket
sp_healing: 66
mp5: 9
 ----------------------------
 --- Set bonuses ---
name: confessor's 2 hazza'rah's 1 prophecy 3 
slot: Set bonuses
sp: 23
 --- And counts for start items ---
oh_limit: 0.9
time_left_mul: 0.5
total_deficit_to_pop_trinkets: 10000
in combat total: 1182.7
Flash Heal 1, casts: 47, avg: 419.206, 7.21762%, cast time 5.56354% of in combat, overheal: 0.282763
Flash Heal 2, casts: 21, avg: 556.953, 4.28456%, cast time 2.48584% of in combat, overheal: 0.170791
Flash Heal 3, casts: 17, avg: 651.135, 4.05498%, cast time 2.01234% of in combat, overheal: 0.134071
Flash Heal 4, casts: 12, avg: 719.495, 3.16284%, cast time 1.42048% of in combat, overheal: 0.140952
Flash Heal 5, casts: 12, avg: 839.486, 3.69031%, cast time 1.42048% of in combat, overheal: 0.140148
Flash Heal 6, casts: 19, avg: 971.545, 6.76215%, cast time 2.24909% of in combat, overheal: 0.135728
Flash Heal 7, casts: 75, avg: 1121.57, 30.8145%, cast time 8.87799% of in combat, overheal: 0.146744
Greater Heal 1 hazz, casts: 8, avg: 1113.27, 3.26257%, cast time 1.01463% of in combat, overheal: 0.362238
Greater Heal 2 hazz, casts: 3, avg: 1607.79, 1.76693%, cast time 0.380485% of in combat, overheal: 0.206959
Greater Heal 3 hazz, casts: 1, avg: 1120, 0.410286%, cast time 0.126828% of in combat, overheal: 0.524019
Greater Heal 4, casts: 17, avg: 2583.75, 16.0905%, cast time 3.59347% of in combat, overheal: 0.0552086
Greater Heal 4 hazz, casts: 2, avg: 2470.37, 1.80992%, cast time 0.253657% of in combat, overheal: 0.0966702
Heal 2, casts: 33, avg: 977.179, 11.8129%, cast time 6.97556% of in combat, overheal: 0.197706
Heal 4, casts: 9, avg: 1474.08, 4.85995%, cast time 1.90243% of in combat, overheal: 0.21985
Total time casting: 452.7, which is: 38.2768% of time in combat.
Total hps: 230.811, raw hps: 277.015, oh: 0.166792
Deficit time sum: 4.28152e+10, baseline: 8.67654e+10
Deficit*time change / s: 3.71609e+07 hp
Number of combats: 13
Average mana at start of combat: 9262.63
Average mana at end of combat: 7706.83
Other players with hps > 100:
  Igam : 123.319 hps
  Lethê : 140.171 hps
  Metalbanger : 155.655 hps
  Sajmeen : 151.141 hps
  Shamgodx : 140.181 hps
  Stewieyo : 124.334 hps
  Turbotina : 147.664 hps
  Yuuk : 114.788 hps
Reading locked from: no-locks
Setting tag name to: statement_bwl_speed_phase5
.
*** NEW BEST (1): 261.246

*** NEW BEST (1): 266.864

*** NEW BEST (1): 273.384
Temporary bans and partial set bonuses off.
.
*** NEW BEST (0): 274.346
hands : gloves of prophecy -> gloves of dark wisdom => val: 273.054 -> 275.155

*** NEW BEST (0): 275.155
legs : leggings of transcendence -> empowered leggings => val: 275.155 -> 276.295

*** NEW BEST (0): 276.295
finger 2 : primalist's seal -> cauterizing band => val: 275.574 -> 277.372

*** NEW BEST (0): 277.372
***** INTERMEDIATE RESULTS *****
Iteration: 2
 ----------------------------
 --- head --- 
name: crystal adorned crown
slot: head
intelligence: 14
spirit: 13
sp_healing: 92
armor: 85
 ----------------------------
 --- neck --- 
name: amulet of the fallen god
slot: neck
intelligence: 11
sp_healing: 57
mp5: 6
 ----------------------------
 --- shoulders --- 
name: zandalar confessor's mantle
slot: shoulders
intelligence: 24
stamina: 11
spirit: 15
sp_healing: 22
armor: 78
 ----------------------------
 --- back --- 
name: cloak of clarity
slot: back
intelligence: 12
stamina: 6
spirit: 7
sp_healing: 40
mp5: 8
armor: 66
 ----------------------------
 --- chest --- 
name: robes of the guardian saint
slot: chest
intelligence: 22
stamina: 20
sp_healing: 70
mp5: 7
armor: 117
 ----------------------------
 --- wrists --- 
name: bracelets of royal redemption
slot: wrists
intelligence: 10
stamina: 8
spirit: 9
sp_healing: 53
armor: 54
 ----------------------------
 ---  --- 
name: 
slot: 
 ----------------------------
 --- main hand --- 
name: scepter of the false prophet
slot: main hand
intelligence: 19
stamina: 10
sp_healing: 187
mp5: 3
 ----------------------------
 ---  --- 
name: 
slot: 
 ----------------------------
 --- off hand --- 
name: sartura's might
slot: off hand
intelligence: 6
stamina: 6
sp_healing: 51
mp5: 6
 ----------------------------
 --- ranged --- 
name: dragon's touch
slot: ranged
intelligence: 12
stamina: 7
sp: 6
 ----------------------------
 --- hands --- 
name: gloves of dark wisdom
slot: hands
intelligence: 20
stamina: 19
sp_healing: 35
mp5: 5
armor: 69
 ----------------------------
 --- waist --- 
name: grasp of the old god
slot: waist
intelligence: 19
stamina: 15
sp_healing: 59
mp5: 7
armor: 75
 ----------------------------
 --- legs --- 
name: empowered leggings
slot: legs
intelligence: 12
stamina: 12
spirit: 24
sp_healing: 77
spell_crit: 1
armor: 103
 ----------------------------
 --- feet --- 
name: boots of pure thought
slot: feet
intelligence: 12
stamina: 8
spirit: 12
sp_healing: 62
armor: 74
 ----------------------------
 --- finger --- 
name: pure elementium band
slot: finger
intelligence: 10
stamina: 9
spirit: 10
sp_healing: 53
 ----------------------------
 --- finger --- 
name: cauterizing band
slot: finger
intelligence: 12
stamina: 9
sp_healing: 46
 ----------------------------
 --- trinket --- 
name: hazza'rah's charm of healing
slot: trinket
 ----------------------------
 --- trinket --- 
name: rejuvenating gem
slot: trinket
sp_healing: 66
mp5: 9
 ----------------------------
 --- Set bonuses ---
name: confessor's 2 hazza'rah's 1 
slot: Set bonuses
sp: 23
------------------
Best value: 277.372
------------------
Char stats: 
Effective hp: 8801.7
Effective mana (100 s, 33 % out of fsr): 17466.2
Raw max mana: 11154.4
Int: 459.08
Stam: 421.13
Spirit: 396.98
Strength: 79.58
Agility: 84.18
All stats multiplier (taken into account above): 1.15
Bonus mana: 2000
Bonus hp: 0
Mp5: 201
Sp: 29
Sp shadow: 0
Sp healing: 1130
Spell crit: 19
Spell hit: 0
Arcane res: 27
Nature res: 27
Fire res: 27
Frost res: 27
Shadow res: 27
Armor: 2919.75
Defense: 300
Dodge: 0
Parry: 0
HpsPvp: 1043.05
ShadowDps: 225.342
Value pvp healing: 2284.12
Value pvp shadow: 106.608
Effective hp-pvp: 10963.6
Effecctive mana for 100 s, 0.33 fsr: 19113.9
------------------
Best counts:
oh_limit: 0.7
time_left_mul: 2.9
total_deficit_to_pop_trinkets: 6634.2
in combat total: 1182.7
Flash Heal 1, casts: 21, avg: 532.431, 3.40835%, cast time 2.6634% of in combat, overheal: 0.292458
Flash Heal 2, casts: 5, avg: 791.731, 1.20673%, cast time 0.634142% of in combat, overheal: 0.0565853
Flash Heal 3, casts: 3, avg: 919.055, 0.840475%, cast time 0.380485% of in combat, overheal: 0
Flash Heal 4, casts: 4, avg: 862.135, 1.05123%, cast time 0.507314% of in combat, overheal: 0.141454
Flash Heal 5, casts: 6, avg: 1142.18, 2.08904%, cast time 0.760971% of in combat, overheal: 7.12502e-08
Flash Heal 6, casts: 1, avg: 1289.16, 0.392978%, cast time 0.126828% of in combat, overheal: 0
Flash Heal 7, casts: 25, avg: 1478.44, 11.2669%, cast time 3.17071% of in combat, overheal: 1.05686e-07
Greater Heal 1, casts: 2, avg: 1581.26, 0.964041%, cast time 0.422761% of in combat, overheal: 0.238505
Greater Heal 1 hazz, casts: 13, avg: 1219.73, 4.83359%, cast time 1.64877% of in combat, overheal: 0.412608
Greater Heal 2 hazz, casts: 6, avg: 1921.86, 3.51508%, cast time 0.760971% of in combat, overheal: 0.184522
Greater Heal 4, casts: 37, avg: 2751.76, 31.0366%, cast time 7.82109% of in combat, overheal: 0.100775
Greater Heal 4 hazz, casts: 3, avg: 2221.71, 2.03176%, cast time 0.380485% of in combat, overheal: 0.273984
Heal 2, casts: 93, avg: 1013.54, 28.7334%, cast time 19.6584% of in combat, overheal: 0.347715
Heal 4, casts: 16, avg: 1769.37, 8.62978%, cast time 3.38209% of in combat, overheal: 0.203565
Total time casting: 500.5, which is: 42.3184% of time in combat.
Total hps: 277.372, raw hps: 354.8, oh: 0.218229
Deficit time sum: 3.80988e+10, baseline: 8.67654e+10
Deficit*time change / s: 4.11487e+07 hp
Number of combats: 13
Average mana at start of combat: 10470
Average mana at end of combat: 9530.92
Other players with hps > 100:
  Igam : 121.795 hps
  Lethê : 136.248 hps
  Metalbanger : 150.657 hps
  Sajmeen : 146.759 hps
  Shamgodx : 139.535 hps
  Stewieyo : 125.825 hps
  Turbotina : 143.866 hps
  Yuuk : 111.606 hps
------------------
Upgrades: 
( following sorted by alt scores, no specials )
benediction, , , (7.92233) -> , scepter of the false prophet, , sartura's might(14.2068) : 6.28448 = +2.31825%
circlet of prophecy(3.1897) -> crystal adorned crown(6.00882) : 2.81912 = +1.0268%
dragonrider boots(2.0329) -> boots of pure thought(4.34082) : 2.30792 = +0.839047%
animated chain necklace(1.84329) -> amulet of the fallen god(4.01166) : 2.16837 = +0.787912%
mantle of prophecy(2.41953) -> zandalar confessor's mantle(4.44946) : 2.02994 = +0.737241%
zandalar confessor's bindings(3.11908) -> grasp of the old god(4.74567) : 1.62659 = +0.589886%
robes of the exalted(4.10791) -> robes of the guardian saint(5.50607) : 1.39816 = +0.506628%
vambraces of prophecy(2.65717) -> bracelets of royal redemption(3.65002) : 0.992859 = +0.359237%
hide of the wild(2.79999) -> cloak of clarity(3.60431) : 0.804321 = +0.290822%
primalist's seal(2.56485) -> cauterizing band(3.14114) : 0.576294 = +0.208202%
handguards of transcendence(3.323) -> gloves of dark wisdom(3.49158) : 0.168579 = +0.0608141%
dragon's touch(1.15164) -> dragon's touch(1.15164) : 0 = +0%
empowered leggings(5.51184) -> empowered leggings(5.51184) : 0 = +0%
pure elementium band(3.68369) -> pure elementium band(3.68369) : 0 = +0%
hazza'rah's charm of healing(7.45319) -> hazza'rah's charm of healing(7.45319) : 0 = +0%
rejuvenating gem(3.87442) -> rejuvenating gem(3.87442) : 0 = +0%
------------------
~~~~ end of intermediate results ~~~~
Temporary bans and partial set bonuses on.
.
*** NEW BEST (1): 275.252

*** NEW BEST (1): 276.183
.
*** NEW BEST (1): 276.216

*** NEW BEST (1): 277.238
Temporary bans and partial set bonuses off.
.hands : gloves of prophecy -> gloves of dark wisdom => val: 275.738 -> 276.583
finger 2 : primalist's seal -> cauterizing band => val: 276.583 -> 277.074
***** INTERMEDIATE RESULTS *****
Iteration: 5
 ----------------------------
 --- head --- 
name: crystal adorned crown
slot: head
intelligence: 14
spirit: 13
sp_healing: 92
armor: 85
 ----------------------------
 --- neck --- 
name: amulet of the fallen god
slot: neck
intelligence: 11
sp_healing: 57
mp5: 6
 ----------------------------
 --- shoulders --- 
name: ternary mantle
slot: shoulders
intelligence: 17
stamina: 12
spirit: 20
sp_healing: 44
armor: 86
 ----------------------------
 --- back --- 
name: cloak of clarity
slot: back
intelligence: 12
stamina: 6
spirit: 7
sp_healing: 40
mp5: 8
armor: 66
 ----------------------------
 --- chest --- 
name: robes of the guardian saint
slot: chest
intelligence: 22
stamina: 20
sp_healing: 70
mp5: 7
armor: 117
 ----------------------------
 --- wrists --- 
name: bracelets of royal redemption
slot: wrists
intelligence: 10
stamina: 8
spirit: 9
sp_healing: 53
armor: 54
 ----------------------------
 ---  --- 
name: 
slot: 
 ----------------------------
 --- main hand --- 
name: gavel of infinite wisdom
slot: main hand
intelligence: 11
stamina: 10
sp_healing: 90
mp5: 4
 ----------------------------
 ---  --- 
name: 
slot: 
 ----------------------------
 --- off hand --- 
name: lei of the lifegiver
slot: off hand
sp_healing: 53
mp5: 3
 ----------------------------
 --- ranged --- 
name: dragon's touch
slot: ranged
intelligence: 12
stamina: 7
sp: 6
 ----------------------------
 --- hands --- 
name: gloves of prophecy
slot: hands
intelligence: 15
stamina: 10
spirit: 15
sp_healing: 18
mp5: 6
fire_res: 7
armor: 63
 ----------------------------
 --- waist --- 
name: girdle of prophecy
slot: waist
intelligence: 22
stamina: 10
spirit: 10
sp: 9
mp5: 4
fire_res: 7
armor: 57
 ----------------------------
 --- legs --- 
name: empowered leggings
slot: legs
intelligence: 12
stamina: 12
spirit: 24
sp_healing: 77
spell_crit: 1
armor: 103
 ----------------------------
 --- feet --- 
name: boots of pure thought
slot: feet
intelligence: 12
stamina: 8
spirit: 12
sp_healing: 62
armor: 74
 ----------------------------
 --- finger --- 
name: pure elementium band
slot: finger
intelligence: 10
stamina: 9
spirit: 10
sp_healing: 53
 ----------------------------
 --- finger --- 
name: primalist's seal
slot: finger
intelligence: 12
spirit: 8
sp_healing: 29
 ----------------------------
 --- trinket --- 
name: hazza'rah's charm of healing
slot: trinket
 ----------------------------
 --- trinket --- 
name: rejuvenating gem
slot: trinket
sp_healing: 66
mp5: 9
 ----------------------------
 --- Set bonuses ---
name: hazza'rah's 1 
slot: Set bonuses
------------------
Best value: 277.372
------------------
Char stats: 
Effective hp: 8443.7
Effective mana (100 s, 33 % out of fsr): 17173
Raw max mana: 10718
Int: 432.63
Stam: 388.93
Spirit: 440.68
Strength: 79.58
Agility: 84.18
All stats multiplier (taken into account above): 1.15
Bonus mana: 2000
Bonus hp: 0
Mp5: 197
Sp: 15
Sp shadow: 0
Sp healing: 964
Spell crit: 19
Spell hit: 0
Arcane res: 27
Nature res: 27
Fire res: 41
Frost res: 27
Shadow res: 27
Armor: 2903.75
Defense: 300
Dodge: 0
Parry: 0
HpsPvp: 1043.05
ShadowDps: 225.342
Value pvp healing: 2284.12
Value pvp shadow: 106.608
Effective hp-pvp: 10555.9
Effecctive mana for 100 s, 0.33 fsr: 18982.3
------------------
Best counts:
oh_limit: 0.7
time_left_mul: 2.9
total_deficit_to_pop_trinkets: 6502.67
in combat total: 1182.7
Flash Heal 1, casts: 20, avg: 494.405, 3.05003%, cast time 2.53657% of in combat, overheal: 0.262585
Flash Heal 2, casts: 6, avg: 596.569, 1.10409%, cast time 0.760971% of in combat, overheal: 0.212038
Flash Heal 3, casts: 2, avg: 836.882, 0.51628%, cast time 0.253657% of in combat, overheal: 0
Flash Heal 4, casts: 2, avg: 921.943, 0.568755%, cast time 0.253657% of in combat, overheal: 0
Flash Heal 5, casts: 6, avg: 1059.84, 1.96147%, cast time 0.760971% of in combat, overheal: 0
Flash Heal 6, casts: 2, avg: 1206.71, 0.744433%, cast time 0.253657% of in combat, overheal: 0
Flash Heal 7, casts: 26, avg: 1392.75, 11.1696%, cast time 3.29754% of in combat, overheal: 0.0022279
Greater Heal 1, casts: 4, avg: 1657.44, 2.04498%, cast time 0.845523% of in combat, overheal: 0.133539
Greater Heal 1 hazz, casts: 18, avg: 1144.05, 6.35197%, cast time 2.28291% of in combat, overheal: 0.401926
Greater Heal 2 hazz, casts: 2, avg: 2111.45, 1.30257%, cast time 0.253657% of in combat, overheal: 0.0371407
Greater Heal 3 hazz, casts: 2, avg: 1545.17, 0.953227%, cast time 0.253657% of in combat, overheal: 0.385985
Greater Heal 4, casts: 38, avg: 2722.27, 31.9084%, cast time 8.03247% of in combat, overheal: 0.059921
Greater Heal 4 hazz, casts: 1, avg: 2895.79, 0.893219%, cast time 0.126828% of in combat, overheal: 0
Heal 2, casts: 101, avg: 889.36, 27.707%, cast time 21.3495% of in combat, overheal: 0.360019
Heal 4, casts: 18, avg: 1751.36, 9.72388%, cast time 3.80485% of in combat, overheal: 0.148564
Total time casting: 533, which is: 45.0664% of time in combat.
Total hps: 274.116, raw hps: 345.273, oh: 0.206088
Deficit time sum: 3.88664e+10, baseline: 8.67654e+10
Deficit*time change / s: 4.04997e+07 hp
Number of combats: 13
Average mana at start of combat: 10047.4
Average mana at end of combat: 9066.3
Other players with hps > 100:
  Igam : 123.366 hps
  Lethê : 137.998 hps
  Metalbanger : 149.39 hps
  Sajmeen : 143.61 hps
  Shamgodx : 139.48 hps
  Stewieyo : 125.197 hps
  Turbotina : 145.333 hps
  Yuuk : 113.584 hps
------------------
Upgrades: 
( following sorted by alt scores, no specials )
circlet of prophecy(3.1897) -> crystal adorned crown(6.00882) : 2.81912 = +1.03913%
dragonrider boots(2.0329) -> boots of pure thought(4.34082) : 2.30792 = +0.8491%
animated chain necklace(1.84329) -> amulet of the fallen god(4.01166) : 2.16837 = +0.797347%
mantle of prophecy(2.41953) -> ternary mantle(4.07031) : 1.65079 = +0.605871%
robes of the exalted(4.10791) -> robes of the guardian saint(5.50607) : 1.39816 = +0.512677%
vambraces of prophecy(2.65717) -> bracelets of royal redemption(3.65002) : 0.992859 = +0.363521%
hide of the wild(2.79999) -> cloak of clarity(3.60431) : 0.804321 = +0.294287%
benediction, , , (7.92233) -> , gavel of infinite wisdom, , lei of the lifegiver(8.35483) : 0.432495 = +0.158027%
dragon's touch(1.15164) -> dragon's touch(1.15164) : 0 = +0%
empowered leggings(5.51184) -> empowered leggings(5.51184) : 0 = +0%
pure elementium band(3.68369) -> pure elementium band(3.68369) : 0 = +0%
primalist's seal(2.56485) -> primalist's seal(2.56485) : 0 = +0%
hazza'rah's charm of healing(6.30923) -> hazza'rah's charm of healing(6.30923) : 0 = +0%
rejuvenating gem(3.87442) -> rejuvenating gem(3.87442) : 0 = +0%
handguards of transcendence(3.323) -> gloves of prophecy(2.86115) : -0.461853 = +-0.168205%
zandalar confessor's bindings(4.26303) -> girdle of prophecy(2.61142) : -1.65161 = +-0.598914%
------------------
~~~~ end of intermediate results ~~~~
Temporary bans and partial set bonuses on.
.
*** NEW BEST (1): 277.887
.Temporary bans and partial set bonuses off.
.
*** NEW BEST (0): 278.26
Based on last: 3000 entries, out of total: 3362 entries, (6149 dropped), The least-squares solution is:
Int: 137.404
Spirit: 70.98
Sp / Healing: 100
Mp5: 127.173
Crit: 144.536
T1 3p/piece: 1717.56
T2 3p/piece: 0
Hazza'rah's: 11736.6
Darkmoon: 1658.46
100 points == 1 sp == 0.0515074 hps.
shoulders : ternary mantle -> zandalar confessor's mantle => val: 278.26 -> 278.358

*** NEW BEST (0): 278.358
Based on last: 3000 entries, out of total: 3369 entries, (6294 dropped), The least-squares solution is:
Int: 135.836
Spirit: 72.1893
Sp / Healing: 100
Mp5: 129.688
Crit: 148.25
T1 3p/piece: 1719.13
T2 3p/piece: 0
Hazza'rah's: 11721.8
Darkmoon: 1657.02
100 points == 1 sp == 0.0515523 hps.
finger 2 : primalist's seal -> cauterizing band => val: 278.358 -> 278.893

*** NEW BEST (0): 278.893
Based on last: 3000 entries, out of total: 3372 entries, (6321 dropped), The least-squares solution is:
Int: 135.971
Spirit: 71.031
Sp / Healing: 100
Mp5: 129.122
Crit: 150.764
T1 3p/piece: 1728.45
T2 3p/piece: 0
Hazza'rah's: 11718.3
Darkmoon: 1656.51
100 points == 1 sp == 0.0515683 hps.
***** INTERMEDIATE RESULTS *****
Iteration: 8
 ----------------------------
 --- head --- 
name: crystal adorned crown
slot: head
intelligence: 14
spirit: 13
sp_healing: 92
armor: 85
 ----------------------------
 --- neck --- 
name: amulet of the fallen god
slot: neck
intelligence: 11
sp_healing: 57
mp5: 6
 ----------------------------
 --- shoulders --- 
name: zandalar confessor's mantle
slot: shoulders
intelligence: 24
stamina: 11
spirit: 15
sp_healing: 22
armor: 78
 ----------------------------
 --- back --- 
name: cloak of clarity
slot: back
intelligence: 12
stamina: 6
spirit: 7
sp_healing: 40
mp5: 8
armor: 66
 ----------------------------
 --- chest --- 
name: robes of the guardian saint
slot: chest
intelligence: 22
stamina: 20
sp_healing: 70
mp5: 7
armor: 117
 ----------------------------
 --- wrists --- 
name: bracelets of royal redemption
slot: wrists
intelligence: 10
stamina: 8
spirit: 9
sp_healing: 53
armor: 54
 ----------------------------
 ---  --- 
name: 
slot: 
 ----------------------------
 --- main hand --- 
name: scepter of the false prophet
slot: main hand
intelligence: 19
stamina: 10
sp_healing: 187
mp5: 3
 ----------------------------
 ---  --- 
name: 
slot: 
 ----------------------------
 --- off hand --- 
name: sartura's might
slot: off hand
intelligence: 6
stamina: 6
sp_healing: 51
mp5: 6
 ----------------------------
 --- ranged --- 
name: dragon's touch
slot: ranged
intelligence: 12
stamina: 7
sp: 6
 ----------------------------
 --- hands --- 
name: gloves of dark wisdom
slot: hands
intelligence: 20
stamina: 19
sp_healing: 35
mp5: 5
armor: 69
 ----------------------------
 --- waist --- 
name: grasp of the old god
slot: waist
intelligence: 19
stamina: 15
sp_healing: 59
mp5: 7
armor: 75
 ----------------------------
 --- legs --- 
name: empowered leggings
slot: legs
intelligence: 12
stamina: 12
spirit: 24
sp_healing: 77
spell_crit: 1
armor: 103
 ----------------------------
 --- feet --- 
name: boots of pure thought
slot: feet
intelligence: 12
stamina: 8
spirit: 12
sp_healing: 62
armor: 74
 ----------------------------
 --- finger --- 
name: pure elementium band
slot: finger
intelligence: 10
stamina: 9
spirit: 10
sp_healing: 53
 ----------------------------
 --- finger --- 
name: cauterizing band
slot: finger
intelligence: 12
stamina: 9
sp_healing: 46
 ----------------------------
 --- trinket --- 
name: hazza'rah's charm of healing
slot: trinket
 ----------------------------
 --- trinket --- 
name: rejuvenating gem
slot: trinket
sp_healing: 66
mp5: 9
 ----------------------------
 --- Set bonuses ---
name: confessor's 2 hazza'rah's 1 
slot: Set bonuses
sp: 23
------------------
Best value: 278.893
------------------
Char stats: 
Effective hp: 8801.7
Effective mana (100 s, 33 % out of fsr): 17466.2
Raw max mana: 11154.4
Int: 459.08
Stam: 421.13
Spirit: 396.98
Strength: 79.58
Agility: 84.18
All stats multiplier (taken into account above): 1.15
Bonus mana: 2000
Bonus hp: 0
Mp5: 201
Sp: 29
Sp shadow: 0
Sp healing: 1130
Spell crit: 19
Spell hit: 0
Arcane res: 27
Nature res: 27
Fire res: 27
Frost res: 27
Shadow res: 27
Armor: 2919.75
Defense: 300
Dodge: 0
Parry: 0
HpsPvp: 1043.05
ShadowDps: 225.342
Value pvp healing: 2284.12
Value pvp shadow: 106.608
Effective hp-pvp: 10963.6
Effecctive mana for 100 s, 0.33 fsr: 19113.9
------------------
Best counts:
oh_limit: 0.7
time_left_mul: 2.9
total_deficit_to_pop_trinkets: 4541.06
in combat total: 1182.7
Flash Heal 1, casts: 21, avg: 542.24, 3.45223%, cast time 2.6634% of in combat, overheal: 0.279423
Flash Heal 2, casts: 4, avg: 803.414, 0.974288%, cast time 0.507314% of in combat, overheal: 0.0426642
Flash Heal 3, casts: 3, avg: 919.055, 0.835894%, cast time 0.380485% of in combat, overheal: 0
Flash Heal 4, casts: 2, avg: 1004.18, 0.608877%, cast time 0.253657% of in combat, overheal: 0
Flash Heal 5, casts: 5, avg: 1142.18, 1.73137%, cast time 0.634142% of in combat, overheal: 0
Flash Heal 6, casts: 3, avg: 1289.16, 1.17251%, cast time 0.380485% of in combat, overheal: 0
Flash Heal 7, casts: 23, avg: 1435.07, 10.0067%, cast time 2.91705% of in combat, overheal: 0.0293329
Greater Heal 1, casts: 3, avg: 1746.35, 1.58833%, cast time 0.634142% of in combat, overheal: 0.159003
Greater Heal 1 hazz, casts: 13, avg: 1366.66, 5.38631%, cast time 1.64877% of in combat, overheal: 0.341852
Greater Heal 2 hazz, casts: 3, avg: 1664.24, 1.51365%, cast time 0.380485% of in combat, overheal: 0.293834
Greater Heal 3 hazz, casts: 1, avg: 1514, 0.459001%, cast time 0.126828% of in combat, overheal: 0.435196
Greater Heal 4, casts: 33, avg: 2793.75, 27.9505%, cast time 6.97556% of in combat, overheal: 0.0870527
Greater Heal 4 hazz, casts: 7, avg: 2861.06, 6.07174%, cast time 0.887799% of in combat, overheal: 0.0650565
Heal 2, casts: 99, avg: 1004.89, 30.1606%, cast time 20.9267% of in combat, overheal: 0.353286
Heal 4, casts: 15, avg: 1778.52, 8.08797%, cast time 3.17071% of in combat, overheal: 0.199443
Total time casting: 502.5, which is: 42.4875% of time in combat.
Total hps: 278.893, raw hps: 355.155, oh: 0.21473
Deficit time sum: 3.80829e+10, baseline: 8.67654e+10
Deficit*time change / s: 4.11622e+07 hp
Number of combats: 13
Average mana at start of combat: 10529.2
Average mana at end of combat: 9617.24
Other players with hps > 100:
  Igam : 122.453 hps
  Lethê : 134.486 hps
  Metalbanger : 149.361 hps
  Sajmeen : 145.434 hps
  Shamgodx : 137.537 hps
  Stewieyo : 125.273 hps
  Turbotina : 145.301 hps
  Yuuk : 111.951 hps
------------------
Upgrades: 
( following sorted by alt scores, no specials )
benediction, , , (8.23495) -> , scepter of the false prophet, , sartura's might(14.6255) : 6.39053 = +2.34513%
circlet of prophecy(3.2446) -> crystal adorned crown(6.20212) : 2.95752 = +1.07182%
dragonrider boots(2.05011) -> boots of pure thought(4.47821) : 2.4281 = +0.878268%
animated chain necklace(1.92154) -> amulet of the fallen god(4.1102) : 2.18866 = +0.790975%
mantle of prophecy(2.44312) -> zandalar confessor's mantle(4.55286) : 2.10974 = +0.762236%
zandalar confessor's bindings(3.18268) -> grasp of the old god(4.84088) : 1.6582 = +0.598123%
robes of the exalted(4.26016) -> robes of the guardian saint(5.61847) : 1.35831 = +0.489419%
vambraces of prophecy(2.71875) -> bracelets of royal redemption(3.76398) : 1.04523 = +0.376187%
hide of the wild(2.86703) -> cloak of clarity(3.69324) : 0.826202 = +0.297124%
primalist's seal(2.62994) -> cauterizing band(3.21356) : 0.583618 = +0.209701%
handguards of transcendence(3.45175) -> gloves of dark wisdom(3.54016) : 0.0884094 = +0.0317102%
dragon's touch(1.15082) -> dragon's touch(1.15082) : 0 = +0%
empowered leggings(5.76904) -> empowered leggings(5.76904) : 0 = +0%
pure elementium band(3.8006) -> pure elementium band(3.8006) : 0 = +0%
hazza'rah's charm of healing(7.229) -> hazza'rah's charm of healing(7.229) : 0 = +0%
rejuvenating gem(4.00278) -> rejuvenating gem(4.00278) : 0 = +0%
------------------
~~~~ end of intermediate results ~~~~
Temporary bans and partial set bonuses on.
.
*** NEW BEST (1): 279.328
Based on last: 3000 entries, out of total: 3379 entries, (6387 dropped), The least-squares solution is:
Int: 135.861
Spirit: 71.4757
Sp / Healing: 100
Mp5: 130.606
Crit: 157.437
T1 3p/piece: 1814.31
T2 3p/piece: 0
Hazza'rah's: 11720.2
Darkmoon: 1656.83
100 points == 1 sp == 0.0515584 hps.
.Temporary bans and partial set bonuses off.
.finger 2 : primalist's seal -> cauterizing band => val: 277.021 -> 277.824
neck : jin'do's evil eye -> amulet of the fallen god => val: 277.824 -> 278.601
shoulders : ternary mantle -> zandalar confessor's mantle => val: 278.601 -> 278.701
hands : gloves of prophecy -> gloves of dark wisdom => val: 278.701 -> 279.111

*** NEW BEST (0): 279.111
Based on last: 3000 entries, out of total: 3415 entries, (6963 dropped), The least-squares solution is:
Int: 135.001
Spirit: 72.2431
Sp / Healing: 100
Mp5: 130.69
Crit: 181.467
T1 3p/piece: 1838.85
T2 3p/piece: 0
Hazza'rah's: 11746.2
Darkmoon: 1659.37
100 points == 1 sp == 0.0514793 hps.
No swappies for item bonuses found. (best matching was empty)
***** INTERMEDIATE RESULTS *****
Iteration: 11
 ----------------------------
 --- head --- 
name: crystal adorned crown
slot: head
intelligence: 14
spirit: 13
sp_healing: 92
armor: 85
 ----------------------------
 --- neck --- 
name: amulet of the fallen god
slot: neck
intelligence: 11
sp_healing: 57
mp5: 6
 ----------------------------
 --- shoulders --- 
name: zandalar confessor's mantle
slot: shoulders
intelligence: 24
stamina: 11
spirit: 15
sp_healing: 22
armor: 78
 ----------------------------
 --- back --- 
name: cloak of clarity
slot: back
intelligence: 12
stamina: 6
spirit: 7
sp_healing: 40
mp5: 8
armor: 66
 ----------------------------
 --- chest --- 
name: robes of the guardian saint
slot: chest
intelligence: 22
stamina: 20
sp_healing: 70
mp5: 7
armor: 117
 ----------------------------
 --- wrists --- 
name: bracelets of royal redemption
slot: wrists
intelligence: 10
stamina: 8
spirit: 9
sp_healing: 53
armor: 54
 ----------------------------
 ---  --- 
name: 
slot: 
 ----------------------------
 --- main hand --- 
name: scepter of the false prophet
slot: main hand
intelligence: 19
stamina: 10
sp_healing: 187
mp5: 3
 ----------------------------
 ---  --- 
name: 
slot: 
 ----------------------------
 --- off hand --- 
name: sartura's might
slot: off hand
intelligence: 6
stamina: 6
sp_healing: 51
mp5: 6
 ----------------------------
 --- ranged --- 
name: antenna of invigoration
slot: ranged
intelligence: 4
sp_healing: 13
mp5: 3
 ----------------------------
 --- hands --- 
name: gloves of dark wisdom
slot: hands
intelligence: 20
stamina: 19
sp_healing: 35
mp5: 5
armor: 69
 ----------------------------
 --- waist --- 
name: grasp of the old god
slot: waist
intelligence: 19
stamina: 15
sp_healing: 59
mp5: 7
armor: 75
 ----------------------------
 --- legs --- 
name: empowered leggings
slot: legs
intelligence: 12
stamina: 12
spirit: 24
sp_healing: 77
spell_crit: 1
armor: 103
 ----------------------------
 --- feet --- 
name: boots of pure thought
slot: feet
intelligence: 12
stamina: 8
spirit: 12
sp_healing: 62
armor: 74
 ----------------------------
 --- finger --- 
name: pure elementium band
slot: finger
intelligence: 10
stamina: 9
spirit: 10
sp_healing: 53
 ----------------------------
 --- finger --- 
name: cauterizing band
slot: finger
intelligence: 12
stamina: 9
sp_healing: 46
 ----------------------------
 --- trinket --- 
name: hazza'rah's charm of healing
slot: trinket
 ----------------------------
 --- trinket --- 
name: rejuvenating gem
slot: trinket
sp_healing: 66
mp5: 9
 ----------------------------
 --- Set bonuses ---
name: confessor's 2 hazza'rah's 1 
slot: Set bonuses
sp: 23
------------------
Best value: 279.111
------------------
Char stats: 
Effective hp: 8722.6
Effective mana (100 s, 33 % out of fsr): 17374.4
Raw max mana: 11002.6
Int: 449.88
Stam: 413.08
Spirit: 396.98
Strength: 79.58
Agility: 84.18
All stats multiplier (taken into account above): 1.15
Bonus mana: 2000
Bonus hp: 0
Mp5: 204
Sp: 23
Sp shadow: 0
Sp healing: 1143
Spell crit: 19
Spell hit: 0
Arcane res: 27
Nature res: 27
Fire res: 27
Frost res: 27
Shadow res: 27
Armor: 2919.75
Defense: 300
Dodge: 0
Parry: 0
HpsPvp: 1045.15
ShadowDps: 224.192
Value pvp healing: 2240.45
Value pvp shadow: 103.091
Effective hp-pvp: 10865.1
Effecctive mana for 100 s, 0.33 fsr: 19022.1
------------------
Best counts:
oh_limit: 0.7
time_left_mul: 2.9
total_deficit_to_pop_trinkets: 4541.06
in combat total: 1182.7
Flash Heal 1, casts: 22, avg: 552.746, 3.6838%, cast time 2.79023% of in combat, overheal: 0.268359
Flash Heal 2, casts: 4, avg: 805.632, 0.976213%, cast time 0.507314% of in combat, overheal: 0.0433923
Flash Heal 3, casts: 3, avg: 921.992, 0.837908%, cast time 0.380485% of in combat, overheal: 0
Flash Heal 4, casts: 3, avg: 1007.09, 0.91525%, cast time 0.380485% of in combat, overheal: 0
Flash Heal 5, casts: 4, avg: 1145.06, 1.38751%, cast time 0.507314% of in combat, overheal: 0
Flash Heal 6, casts: 3, avg: 1292, 1.17417%, cast time 0.380485% of in combat, overheal: 0
Flash Heal 7, casts: 23, avg: 1437.75, 10.0175%, cast time 2.91705% of in combat, overheal: 0.0293596
Greater Heal 1, casts: 3, avg: 1750.2, 1.59058%, cast time 0.634142% of in combat, overheal: 0.159487
Greater Heal 1 hazz, casts: 13, avg: 1367.99, 5.38734%, cast time 1.64877% of in combat, overheal: 0.343037
Greater Heal 2 hazz, casts: 3, avg: 1666.14, 1.5142%, cast time 0.380485% of in combat, overheal: 0.294734
Greater Heal 3 hazz, casts: 1, avg: 1514, 0.458642%, cast time 0.126828% of in combat, overheal: 0.436377
Greater Heal 4, casts: 33, avg: 2798.1, 27.9721%, cast time 6.97556% of in combat, overheal: 0.087278
Greater Heal 4 hazz, casts: 7, avg: 2863.43, 6.07201%, cast time 0.887799% of in combat, overheal: 0.0659689
Heal 2, casts: 98, avg: 1007.73, 29.9171%, cast time 20.7153% of in combat, overheal: 0.353926
Heal 4, casts: 15, avg: 1781.61, 8.09563%, cast time 3.17071% of in combat, overheal: 0.200136
Total time casting: 501.5, which is: 42.403% of time in combat.
Total hps: 279.111, raw hps: 355.363, oh: 0.214574
Deficit time sum: 3.80678e+10, baseline: 8.67654e+10
Deficit*time change / s: 4.1175e+07 hp
Number of combats: 13
Average mana at start of combat: 10394.4
Average mana at end of combat: 9514.71
Other players with hps > 100:
  Igam : 122.434 hps
  Lethê : 134.451 hps
  Metalbanger : 149.32 hps
  Sajmeen : 145.464 hps
  Shamgodx : 137.513 hps
  Stewieyo : 125.245 hps
  Turbotina : 145.263 hps
  Yuuk : 111.917 hps
------------------
Upgrades: 
( following sorted by alt scores, no specials )
benediction, , , (8.24435) -> , scepter of the false prophet, , sartura's might(14.595) : 6.35065 = +2.32829%
circlet of prophecy(3.23801) -> crystal adorned crown(6.19254) : 2.95453 = +1.06987%
dragonrider boots(2.0386) -> boots of pure thought(4.47198) : 2.43338 = +0.879499%
animated chain necklace(1.92197) -> amulet of the fallen god(4.10245) : 2.18048 = +0.787374%
mantle of prophecy(2.43365) -> zandalar confessor's mantle(4.54236) : 2.1087 = +0.761258%
zandalar confessor's bindings(3.17471) -> grasp of the old god(4.82867) : 1.65396 = +0.596114%
robes of the exalted(4.25717) -> robes of the guardian saint(5.60345) : 1.34628 = +0.484684%
vambraces of prophecy(2.71494) -> bracelets of royal redemption(3.75809) : 1.04315 = +0.375143%
hide of the wild(2.85712) -> cloak of clarity(3.69171) : 0.834595 = +0.299915%
primalist's seal(2.62439) -> cauterizing band(3.20203) : 0.577637 = +0.207385%
handguards of transcendence(3.45975) -> gloves of dark wisdom(3.52811) : 0.0683594 = +0.0244978%
dragon's touch(1.14285) -> antenna of invigoration(1.14905) : 0.00619507 = +0.00221962%
empowered leggings(5.78387) -> empowered leggings(5.78387) : 0 = +0%
pure elementium band(3.79529) -> pure elementium band(3.79529) : 0 = +0%
hazza'rah's charm of healing(7.23087) -> hazza'rah's charm of healing(7.23087) : 0 = +0%
rejuvenating gem(4.00314) -> rejuvenating gem(4.00314) : 0 = +0%
------------------
~~~~ end of intermediate results ~~~~
Temporary bans and partial set bonuses on.
..Temporary bans and partial set bonuses off.
.finger 2 : primalist's seal -> cauterizing band => val: 276.288 -> 277.286
hands : gloves of prophecy -> gloves of dark wisdom => val: 277.286 -> 278.34
***** INTERMEDIATE RESULTS *****
Iteration: 14
 ----------------------------
 --- head --- 
name: crystal adorned crown
slot: head
intelligence: 14
spirit: 13
sp_healing: 92
armor: 85
 ----------------------------
 --- neck --- 
name: amulet of the fallen god
slot: neck
intelligence: 11
sp_healing: 57
mp5: 6
 ----------------------------
 --- shoulders --- 
name: zandalar confessor's mantle
slot: shoulders
intelligence: 24
stamina: 11
spirit: 15
sp_healing: 22
armor: 78
 ----------------------------
 --- back --- 
name: cloak of clarity
slot: back
intelligence: 12
stamina: 6
spirit: 7
sp_healing: 40
mp5: 8
armor: 66
 ----------------------------
 --- chest --- 
name: robes of the guardian saint
slot: chest
intelligence: 22
stamina: 20
sp_healing: 70
mp5: 7
armor: 117
 ----------------------------
 --- wrists --- 
name: bracelets of royal redemption
slot: wrists
intelligence: 10
stamina: 8
spirit: 9
sp_healing: 53
armor: 54
 ----------------------------
 ---  --- 
name: 
slot: 
 ----------------------------
 --- main hand --- 
name: scepter of the false prophet
slot: main hand
intelligence: 19
stamina: 10
sp_healing: 187
mp5: 3
 ----------------------------
 ---  --- 
name: 
slot: 
 ----------------------------
 --- off hand --- 
name: sartura's might
slot: off hand
intelligence: 6
stamina: 6
sp_healing: 51
mp5: 6
 ----------------------------
 --- ranged --- 
name: antenna of invigoration
slot: ranged
intelligence: 4
sp_healing: 13
mp5: 3
 ----------------------------
 --- hands --- 
name: gloves of dark wisdom
slot: hands
intelligence: 20
stamina: 19
sp_healing: 35
mp5: 5
armor: 69
 ----------------------------
 --- waist --- 
name: grasp of the old god
slot: waist
intelligence: 19
stamina: 15
sp_healing: 59
mp5: 7
armor: 75
 ----------------------------
 --- legs --- 
name: empowered leggings
slot: legs
intelligence: 12
stamina: 12
spirit: 24
sp_healing: 77
spell_crit: 1
armor: 103
 ----------------------------
 --- feet --- 
name: boots of pure thought
slot: feet
intelligence: 12
stamina: 8
spirit: 12
sp_healing: 62
armor: 74
 ----------------------------
 --- finger --- 
name: pure elementium band
slot: finger
intelligence: 10
stamina: 9
spirit: 10
sp_healing: 53
 ----------------------------
 --- finger --- 
name: cauterizing band
slot: finger
intelligence: 12
stamina: 9
sp_healing: 46
 ----------------------------
 --- trinket --- 
name: hazza'rah's charm of healing
slot: trinket
 ----------------------------
 --- trinket --- 
name: rejuvenating gem
slot: trinket
sp_healing: 66
mp5: 9
 ----------------------------
 --- Set bonuses ---
name: confessor's 2 hazza'rah's 1 
slot: Set bonuses
sp: 23
------------------
Best value: 279.111
------------------
Char stats: 
Effective hp: 8722.6
Effective mana (100 s, 33 % out of fsr): 17374.4
Raw max mana: 11002.6
Int: 449.88
Stam: 413.08
Spirit: 396.98
Strength: 79.58
Agility: 84.18
All stats multiplier (taken into account above): 1.15
Bonus mana: 2000
Bonus hp: 0
Mp5: 204
Sp: 23
Sp shadow: 0
Sp healing: 1143
Spell crit: 19
Spell hit: 0
Arcane res: 27
Nature res: 27
Fire res: 27
Frost res: 27
Shadow res: 27
Armor: 2919.75
Defense: 300
Dodge: 0
Parry: 0
HpsPvp: 1045.15
ShadowDps: 224.192
Value pvp healing: 2240.45
Value pvp shadow: 103.091
Effective hp-pvp: 10865.1
Effecctive mana for 100 s, 0.33 fsr: 19022.1
------------------
Best counts:
oh_limit: 0.6
time_left_mul: 2.9
total_deficit_to_pop_trinkets: 6709.21
in combat total: 1182.7
Flash Heal 1, casts: 18, avg: 531.553, 2.90649%, cast time 2.28291% of in combat, overheal: 0.296411
Flash Heal 2, casts: 4, avg: 835.382, 1.01507%, cast time 0.507314% of in combat, overheal: 0.00806706
Flash Heal 4, casts: 4, avg: 864.321, 1.05023%, cast time 0.507314% of in combat, overheal: 0.141768
Flash Heal 5, casts: 5, avg: 1014.24, 1.5405%, cast time 0.634142% of in combat, overheal: 0.11424
Flash Heal 6, casts: 3, avg: 1055.33, 0.961748%, cast time 0.380485% of in combat, overheal: 0.183179
Flash Heal 7, casts: 28, avg: 1458.16, 12.4026%, cast time 3.5512% of in combat, overheal: 0.0155815
Greater Heal 1, casts: 1, avg: 1086, 0.329898%, cast time 0.211381% of in combat, overheal: 0.47846
Greater Heal 1 hazz, casts: 8, avg: 1335.79, 3.24621%, cast time 1.01463% of in combat, overheal: 0.358503
Greater Heal 2 hazz, casts: 6, avg: 1786.37, 3.25591%, cast time 0.760971% of in combat, overheal: 0.243843
Greater Heal 4, casts: 37, avg: 2905.59, 32.6577%, cast time 7.82109% of in combat, overheal: 0.0522174
Greater Heal 4 hazz, casts: 4, avg: 2770, 3.36581%, cast time 0.507314% of in combat, overheal: 0.0964446
Heal 2, casts: 80, avg: 1153.53, 28.0329%, cast time 16.9105% of in combat, overheal: 0.260456
Heal 4, casts: 16, avg: 1900.05, 9.23498%, cast time 3.38209% of in combat, overheal: 0.146958
Total time casting: 455, which is: 38.4713% of time in combat.
Total hps: 278.34, raw hps: 330.684, oh: 0.158291
Deficit time sum: 3.8876e+10, baseline: 8.67654e+10
Deficit*time change / s: 4.04917e+07 hp
Number of combats: 13
Average mana at start of combat: 10325.8
Average mana at end of combat: 9411.86
Other players with hps > 100:
  Igam : 124.071 hps
  Lethê : 135.968 hps
  Metalbanger : 149.932 hps
  Sajmeen : 144.662 hps
  Shamgodx : 136.948 hps
  Stewieyo : 126.717 hps
  Turbotina : 145.946 hps
  Yuuk : 111.74 hps
------------------
Upgrades: 
( following sorted by alt scores, no specials )
benediction, , , (8.24435) -> , scepter of the false prophet, , sartura's might(14.595) : 6.35065 = +2.33489%
circlet of prophecy(3.23801) -> crystal adorned crown(6.19254) : 2.95453 = +1.07287%
dragonrider boots(2.0386) -> boots of pure thought(4.47198) : 2.43338 = +0.881958%
animated chain necklace(1.92197) -> amulet of the fallen god(4.10245) : 2.18048 = +0.789573%
mantle of prophecy(2.43365) -> zandalar confessor's mantle(4.54236) : 2.1087 = +0.763384%
zandalar confessor's bindings(3.17471) -> grasp of the old god(4.82867) : 1.65396 = +0.597776%
robes of the exalted(4.25717) -> robes of the guardian saint(5.60345) : 1.34628 = +0.486034%
vambraces of prophecy(2.71494) -> bracelets of royal redemption(3.75809) : 1.04315 = +0.376186%
hide of the wild(2.85712) -> cloak of clarity(3.69171) : 0.834595 = +0.300749%
primalist's seal(2.62439) -> cauterizing band(3.20203) : 0.577637 = +0.207961%
handguards of transcendence(3.45975) -> gloves of dark wisdom(3.52811) : 0.0683594 = +0.0245657%
dragon's touch(1.14285) -> antenna of invigoration(1.14905) : 0.00619507 = +0.00222577%
empowered leggings(5.78387) -> empowered leggings(5.78387) : 0 = +0%
pure elementium band(3.79529) -> pure elementium band(3.79529) : 0 = +0%
hazza'rah's charm of healing(7.23087) -> hazza'rah's charm of healing(7.23087) : 0 = +0%
rejuvenating gem(4.00314) -> rejuvenating gem(4.00314) : 0 = +0%
------------------
~~~~ end of intermediate results ~~~~
Same items for intermediate results again, ending optimization. 
 ----------------------------
 --- head --- 
name: crystal adorned crown
slot: head
intelligence: 14
spirit: 13
sp_healing: 92
armor: 85
 ----------------------------
 --- neck --- 
name: amulet of the fallen god
slot: neck
intelligence: 11
sp_healing: 57
mp5: 6
 ----------------------------
 --- shoulders --- 
name: zandalar confessor's mantle
slot: shoulders
intelligence: 24
stamina: 11
spirit: 15
sp_healing: 22
armor: 78
 ----------------------------
 --- back --- 
name: cloak of clarity
slot: back
intelligence: 12
stamina: 6
spirit: 7
sp_healing: 40
mp5: 8
armor: 66
 ----------------------------
 --- chest --- 
name: robes of the guardian saint
slot: chest
intelligence: 22
stamina: 20
sp_healing: 70
mp5: 7
armor: 117
 ----------------------------
 --- wrists --- 
name: bracelets of royal redemption
slot: wrists
intelligence: 10
stamina: 8
spirit: 9
sp_healing: 53
armor: 54
 ----------------------------
 ---  --- 
name: 
slot: 
 ----------------------------
 --- main hand --- 
name: scepter of the false prophet
slot: main hand
intelligence: 19
stamina: 10
sp_healing: 187
mp5: 3
 ----------------------------
 ---  --- 
name: 
slot: 
 ----------------------------
 --- off hand --- 
name: sartura's might
slot: off hand
intelligence: 6
stamina: 6
sp_healing: 51
mp5: 6
 ----------------------------
 --- ranged --- 
name: antenna of invigoration
slot: ranged
intelligence: 4
sp_healing: 13
mp5: 3
 ----------------------------
 --- hands --- 
name: gloves of dark wisdom
slot: hands
intelligence: 20
stamina: 19
sp_healing: 35
mp5: 5
armor: 69
 ----------------------------
 --- waist --- 
name: grasp of the old god
slot: waist
intelligence: 19
stamina: 15
sp_healing: 59
mp5: 7
armor: 75
 ----------------------------
 --- legs --- 
name: empowered leggings
slot: legs
intelligence: 12
stamina: 12
spirit: 24
sp_healing: 77
spell_crit: 1
armor: 103
 ----------------------------
 --- feet --- 
name: boots of pure thought
slot: feet
intelligence: 12
stamina: 8
spirit: 12
sp_healing: 62
armor: 74
 ----------------------------
 --- finger --- 
name: pure elementium band
slot: finger
intelligence: 10
stamina: 9
spirit: 10
sp_healing: 53
 ----------------------------
 --- finger --- 
name: cauterizing band
slot: finger
intelligence: 12
stamina: 9
sp_healing: 46
 ----------------------------
 --- trinket --- 
name: hazza'rah's charm of healing
slot: trinket
 ----------------------------
 --- trinket --- 
name: rejuvenating gem
slot: trinket
sp_healing: 66
mp5: 9
 ----------------------------
 --- Set bonuses ---
name: confessor's 2 hazza'rah's 1 
slot: Set bonuses
sp: 23
------------------
Char stats: 
Effective hp: 8722.6
Effective mana (100 s, 33 % out of fsr): 17374.4
Raw max mana: 11002.6
Int: 449.88
Stam: 413.08
Spirit: 396.98
Strength: 79.58
Agility: 84.18
All stats multiplier (taken into account above): 1.15
Bonus mana: 2000
Bonus hp: 0
Mp5: 204
Sp: 23
Sp shadow: 0
Sp healing: 1143
Spell crit: 19
Spell hit: 0
Arcane res: 27
Nature res: 27
Fire res: 27
Frost res: 27
Shadow res: 27
Armor: 2919.75
Defense: 300
Dodge: 0
Parry: 0
HpsPvp: 1045.15
ShadowDps: 224.192
Value pvp healing: 2240.45
Value pvp shadow: 103.091
Effective hp-pvp: 10865.1
Effecctive mana for 100 s, 0.33 fsr: 19022.1
------------------
Best counts:
oh_limit: 0.6
time_left_mul: 2.9
total_deficit_to_pop_trinkets: 6709.21
in combat total: 1182.7
Flash Heal 1, casts: 18, avg: 531.553, 2.90649%, cast time 2.28291% of in combat, overheal: 0.296411
Flash Heal 2, casts: 4, avg: 835.382, 1.01507%, cast time 0.507314% of in combat, overheal: 0.00806706
Flash Heal 4, casts: 4, avg: 864.321, 1.05023%, cast time 0.507314% of in combat, overheal: 0.141768
Flash Heal 5, casts: 5, avg: 1014.24, 1.5405%, cast time 0.634142% of in combat, overheal: 0.11424
Flash Heal 6, casts: 3, avg: 1055.33, 0.961748%, cast time 0.380485% of in combat, overheal: 0.183179
Flash Heal 7, casts: 28, avg: 1458.16, 12.4026%, cast time 3.5512% of in combat, overheal: 0.0155815
Greater Heal 1, casts: 1, avg: 1086, 0.329898%, cast time 0.211381% of in combat, overheal: 0.47846
Greater Heal 1 hazz, casts: 8, avg: 1335.79, 3.24621%, cast time 1.01463% of in combat, overheal: 0.358503
Greater Heal 2 hazz, casts: 6, avg: 1786.37, 3.25591%, cast time 0.760971% of in combat, overheal: 0.243843
Greater Heal 4, casts: 37, avg: 2905.59, 32.6577%, cast time 7.82109% of in combat, overheal: 0.0522174
Greater Heal 4 hazz, casts: 4, avg: 2770, 3.36581%, cast time 0.507314% of in combat, overheal: 0.0964446
Heal 2, casts: 80, avg: 1153.53, 28.0329%, cast time 16.9105% of in combat, overheal: 0.260456
Heal 4, casts: 16, avg: 1900.05, 9.23498%, cast time 3.38209% of in combat, overheal: 0.146958
Total time casting: 455, which is: 38.4713% of time in combat.
Total hps: 278.34, raw hps: 330.684, oh: 0.158291
Deficit time sum: 3.8876e+10, baseline: 8.67654e+10
Deficit*time change / s: 4.04917e+07 hp
Number of combats: 13
Average mana at start of combat: 10325.8
Average mana at end of combat: 9411.86
Other players with hps > 100:
  Igam : 124.071 hps
  Lethê : 135.968 hps
  Metalbanger : 149.932 hps
  Sajmeen : 144.662 hps
  Shamgodx : 136.948 hps
  Stewieyo : 126.717 hps
  Turbotina : 145.946 hps
  Yuuk : 111.74 hps
------------------
Based on last: 3000 entries, out of total: 3484 entries, (7475 dropped), The least-squares solution is:
Int: 130.998
Spirit: 73.5947
Sp / Healing: 100
Mp5: 131.313
Crit: 176.1
T1 3p/piece: 1789.54
T2 3p/piece: 0
Hazza'rah's: 11623.3
Darkmoon: 1644.47
100 points == 1 sp == 0.0519458 hps.
Appended tag:
( Pawn: v1: "statement_bwl_speed_phase5": Intellect=130.998, Spirit=73.5947, Healing=100, Mp5=131.313, SpellCritRating=176.1, IsFist=X, Is2HMace=X, IsCrossbow=X, IsGun=X, IsShield=X, IsPolearm=X, Is2HAxe=X, IsBow=X, IsMail=X, IsPlate=X, IsLeather=X, IsAxe=X, Is2HAxe=X, IsSword=X, Is2HSword=X)
To file: statement_bwl_speed_phase5.pawn_tag.txt
------------------
Diffs to start: 
Upgrades: 
( following sorted by alt scores, no specials )
benediction, , , (8.25745) -> , scepter of the false prophet, , sartura's might(14.6782) : 6.42078 = +2.36128%
circlet of prophecy(3.22525) -> crystal adorned crown(6.22867) : 3.00342 = +1.09082%
dragonrider boots(2.0238) -> boots of pure thought(4.49597) : 2.47217 = +0.896143%
animated chain necklace(1.94357) -> amulet of the fallen god(4.11871) : 2.17514 = +0.787624%
mantle of prophecy(2.41492) -> zandalar confessor's mantle(4.54416) : 2.12924 = +0.770876%
zandalar confessor's bindings(3.17032) -> grasp of the old god(4.83521) : 1.66489 = +0.601748%
robes of the exalted(4.29309) -> robes of the guardian saint(5.61075) : 1.31766 = +0.47565%
vambraces of prophecy(2.71808) -> bracelets of royal redemption(3.77768) : 1.0596 = +0.382141%
hide of the wild(2.86221) -> cloak of clarity(3.7077) : 0.84549 = +0.304687%
primalist's seal(2.62885) -> cauterizing band(3.20609) : 0.57724 = +0.207818%
handguards of transcendence(3.45584) -> gloves of dark wisdom(3.52011) : 0.06427 = +0.0230958%
dragon's touch(1.12827) -> antenna of invigoration(1.15213) : 0.0238647 = +0.00857469%
empowered leggings(5.82538) -> empowered leggings(5.82538) : 0 = +0%
pure elementium band(3.81589) -> pure elementium band(3.81589) : 0 = +0%
hazza'rah's charm of healing(7.23257) -> hazza'rah's charm of healing(7.23257) : 0 = +0%
rejuvenating gem(4.04233) -> rejuvenating gem(4.04233) : 0 = +0%
- - - - - - - - - - - - - - - - - - - - - - - - - - - - - - - - - - - - - - - - - 
| Upgrades at best in slot level, from start item to candidate, partial bonuses: 1: |
  alt scores are from least squares fit, special score from e.g. set bonuses as s are part of em
. . . . . . . . . . . . . . . . . . . . . . . . . . . . . . . . . . . . . . . . . 
- . - ' - . - ' - . - ' - . - ' - . - ' - . -
head, circlet of prophecy (0.777557), alt: 4.19141 (s: 0.929593) -> :
    crystal adorned crown (5.79736) : +1.83547 %, alt : +6.22867, from: azuregos
    don rigoberto's lost hat (3.29904) : +0.921971 %, alt : +5.70802, from: aq40
    halo of transcendence (0.965851) : +0.0688488 %, alt : +5.17174, from: onyxia
    zulian headdress (4.16635) : +1.2391 %, alt : +4.41295, from: zg
    dustwind turban (2.11249) : +0.488112 %, alt : +4.24863, from: aq20
    tiara of the oracle (1.46826) : +0.252553 %, alt : +4.04069, from: aq40
    mish'undare circlet of mind flayer (2.2576) : +0.541172 %, alt : +3.97827, from: bwl
    eternal crown of healing (4.55624) : +1.38166 %, alt : +3.32453, from: random green
- . - ' - . - ' - . - ' - . - ' - . - ' - . -
neck, animated chain necklace (1.53647), alt: 1.94357 -> :
    amulet of the fallen god (4.15726) : +0.949948 %, alt : +4.11871, from: aq40
    jin'do's evil eye (2.29459) : +0.274792 %, alt : +3.26352, from: zg
    angelista's charm (1.74115) : +0.0741902 %, alt : +2.97226, from: aq40
    amulet of the shifting sands (3.95871) : +0.877982 %, alt : +2.79878, from: aq20
    wavefront necklace (2.7532) : +0.441026 %, alt : +2.20068, from: silithus
    choker of enlightenment (0.803802) : -0.265567 %, alt : +1.9978, from: mc
- . - ' - . - ' - . - ' - . - ' - . - ' - . -
shoulders, mantle of prophecy (2.43106), alt: 3.3811 (s: 0.929593) -> :
    zandalar confessor's mantle (3.8721) : +0.520105 %, alt : +4.54416, from: zg
    ternary mantle (3.76852) : +0.482722 %, alt : +4.20702, from: aq40
    pauldrons of transcendence (1.83228) : -0.216116 %, alt : +3.54878, from: bwl
    mantle of the oracle (2.81522) : +0.138651 %, alt : +2.91035, from: aq40
- . - ' - . - ' - . - ' - . - ' - . - ' - . -
back, hide of the wild (1.93192), alt: 2.86221 -> :
    cloak of clarity (3.42542) : +0.539141 %, alt : +3.70771, from: aq40
    shroud of pure thought (3.5386) : +0.580001 %, alt : +2.87201, from: bwl
- . - ' - . - ' - . - ' - . - ' - . - ' - . -
chest, robes of the exalted (2.35345), alt: 4.29309 -> :
    robes of the guardian saint (3.61661) : +0.455609 %, alt : +5.61075, from: aq40
    robes of transcendence (1.98645) : -0.132375 %, alt : +5.40988, from: bwl
    vestments of the oracle (2.53867) : +0.0668041 %, alt : +4.26599, from: aq40
    truefaith vestments (3.68307) : +0.479583 %, alt : +4.20131, from: tailoring bop
- . - ' - . - ' - . - ' - . - ' - . - ' - . -
wrists, vambraces of prophecy (1.8504), alt: 3.68427 (s: 0.929593) -> :
    bracelets of royal redemption (4.31323) : +0.892183 %, alt : +3.77767, from: aq40
    bindings of transcendence (1.70276) : -0.0534854 %, alt : +3.21051, from: bwl
    zandalar confessor's wraps (1.75989) : -0.0327899 %, alt : +2.45398, from: zg
- . - ' - . - ' - . - ' - . - ' - . - ' - . -
two-hand, benediction (1.1011), alt: 8.25745 -> :
    scepter of the false prophet and sartura's might (5.74576) : +1.66112 %, alt : +14.6782, from: aq40, aq40
    scepter of the false prophet and lei of the lifegiver (5.71634) : +1.6506 %, alt : +14.1692, from: aq40, av rep
    scepter of the false prophet and trance stone (5.97928) : +1.74464 %, alt : +13.3603, from: aq40, emeriss; lethon; taerar; ysondre
    scepter of the false prophet and fire runed grimoire (6.45105) : +1.91336 %, alt : +13.2118, from: aq40, mc
    blessed qiraji augur staff (4.17371) : +1.09889 %, alt : +10.0846, from: aq40
    lok'amir il romathis and sartura's might (3.36395) : +0.809289 %, alt : +9.36094, from: bwl, aq40
    gavel of infinite wisdom and sartura's might (3.6246) : +0.902509 %, alt : +9.16329, from: aq20, aq40
    lok'amir il romathis and lei of the lifegiver (4.70438) : +1.28868 %, alt : +8.85191, from: bwl, av rep
    gavel of infinite wisdom and lei of the lifegiver (3.96417) : +1.02395 %, alt : +8.65426, from: aq20, av rep
    lok'amir il romathis and trance stone (3.05344) : +0.698235 %, alt : +8.04301, from: bwl, emeriss; lethon; taerar; ysondre
    lok'amir il romathis and fire runed grimoire (1.40897) : +0.110104 %, alt : +7.89456, from: bwl, mc
    staff of the shadow flame (1.45181) : +0.125428 %, alt : +7.20792, from: bwl
    jin'do's hexxer and sartura's might (1.36169) : +0.0931977 %, alt : +6.81994, from: zg, aq40
    fang of the mystics and sartura's might (1.32858) : +0.0813557 %, alt : +6.58943, from: azuregos, aq40
    jin'do's hexxer and lei of the lifegiver (4.48889) : +1.21161 %, alt : +6.31091, from: zg, av rep
    fang of the mystics and lei of the lifegiver (3.10144) : +0.715404 %, alt : +6.0804, from: azuregos, av rep
    stinger of ayamiss and sartura's might (2.92099) : +0.650867 %, alt : +5.90466, from: aq20, aq40
    sorcerous dagger and sartura's might (2.02853) : +0.331687 %, alt : +5.66253, from: mc, aq40
    zulian scepter of rites and sartura's might (1.87109) : +0.27538 %, alt : +5.63462, from: zg, aq40
    jin'do's hexxer and trance stone (3.69272) : +0.92687 %, alt : +5.50201, from: zg, emeriss; lethon; taerar; ysondre
    wushoolay's poker and sartura's might (2.1506) : +0.375345 %, alt : +5.48639, from: zg, aq40
    stinger of ayamiss and lei of the lifegiver (4.32245) : +1.15209 %, alt : +5.39563, from: aq20, av rep
    fang of venoxis and lei of the lifegiver (1.83557) : +0.262676 %, alt : +5.38749, from: zg, av rep
    jin'do's hexxer and fire runed grimoire (3.46594) : +0.845765 %, alt : +5.35356, from: zg, mc
    aurastone hammer and lei of the lifegiver (1.95514) : +0.305438 %, alt : +5.27795, from: mc, av rep
    fang of the mystics and trance stone (3.59045) : +0.890296 %, alt : +5.2715, from: azuregos, emeriss; lethon; taerar; ysondre
    sorcerous dagger and lei of the lifegiver (3.75604) : +0.949517 %, alt : +5.1535, from: mc, av rep
    zulian scepter of rites and lei of the lifegiver (3.64392) : +0.909417 %, alt : +5.12559, from: zg, av rep
    fang of the mystics and fire runed grimoire (1.30902) : +0.0743596 %, alt : +5.12305, from: azuregos, mc
    the hammer of grace and sartura's might (3.82812) : +0.975297 %, alt : +5.07712, from: pre-raid, aq40
    wushoolay's poker and lei of the lifegiver (3.76315) : +0.95206 %, alt : +4.97735, from: zg, av rep
    witchblade and sartura's might (1.76947) : +0.239035 %, alt : +4.73842, from: pre-raid, aq40
    hypnotic blade and sartura's might (1.44824) : +0.124151 %, alt : +4.59338, from: pre-raid, aq40
    stinger of ayamiss and trance stone (3.49243) : +0.855239 %, alt : +4.58673, from: aq20, emeriss; lethon; taerar; ysondre
    the hammer of grace and lei of the lifegiver (3.76315) : +0.95206 %, alt : +4.56808, from: pre-raid, av rep
    stinger of ayamiss and fire runed grimoire (2.4068) : +0.466971 %, alt : +4.43828, from: aq20, mc
    sorcerous dagger and trance stone (1.91995) : +0.292854 %, alt : +4.3446, from: mc, emeriss; lethon; taerar; ysondre
    zulian scepter of rites and trance stone (2.25125) : +0.411341 %, alt : +4.31669, from: zg, emeriss; lethon; taerar; ysondre
    witchblade and lei of the lifegiver (3.31592) : +0.79211 %, alt : +4.22939, from: pre-raid, av rep
    wushoolay's poker and trance stone (2.7836) : +0.601731 %, alt : +4.16846, from: zg, emeriss; lethon; taerar; ysondre
    zulian scepter of rites and fire runed grimoire (1.43188) : +0.118301 %, alt : +4.16824, from: zg, mc
    hypnotic blade and lei of the lifegiver (3.1713) : +0.740387 %, alt : +4.08435, from: pre-raid, av rep
    wushoolay's poker and fire runed grimoire (1.70532) : +0.216093 %, alt : +4.02001, from: zg, mc
    gift of the elven magi and lei of the lifegiver (2.60138) : +0.536561 %, alt : +3.86762, from: pre-raid (strat live: balnazzar), av rep
    lorespinner and lei of the lifegiver (2.57822) : +0.528277 %, alt : +3.76183, from: pre-raid, av rep
    the hammer of grace and trance stone (2.7836) : +0.601731 %, alt : +3.75918, from: pre-raid, emeriss; lethon; taerar; ysondre
    the hammer of grace and fire runed grimoire (1.70532) : +0.216093 %, alt : +3.61073, from: pre-raid, mc
    scepter of the unholy and sartura's might (2.19363) : +0.390734 %, alt : +3.4668, from: pre-raid, aq40
    witchblade and trance stone (1.48505) : +0.137314 %, alt : +3.42049, from: pre-raid, emeriss; lethon; taerar; ysondre
    hypnotic blade and trance stone (1.16577) : +0.0231275 %, alt : +3.27545, from: pre-raid, emeriss; lethon; taerar; ysondre
    scepter of the unholy and lei of the lifegiver (2.54346) : +0.515846 %, alt : +2.95776, from: pre-raid, av rep
- . - ' - . - ' - . - ' - . - ' - . - ' - . -
ranged, dragon's touch (-0.890869), alt: 1.12827 -> :
    antenna of invigoration (0.286682) : +0.424602 %, alt : +1.15212, from: aq20
    lunar wand of healing (0.70874) : +0.576788 %, alt : +1.03892, from: random green
- . - ' - . - ' - . - ' - . - ' - . - ' - . -
hands, handguards of transcendence (1.75833), alt: 3.45584 -> :
    gloves of prophecy (2.78494) : +0.370529 %, alt : +3.90464 (s: 0.929593), from: mc
    gloves of dark wisdom (3.20038) : +0.52047 %, alt : +3.52012, from: aq20
    gloves of the messiah (1.78046) : +0.00798554 %, alt : +3.18953, from: aq40
    hands of the exalted herald (3.03299) : +0.460055 %, alt : +3.05759, from: pre-raid
    gloves of delusional power (3.23282) : +0.532179 %, alt : +2.83237, from: emeriss; lethon; taerar; ysondre
- . - ' - . - ' - . - ' - . - ' - . - ' - . -
waist, zandalar confessor's bindings (-0.00424194), alt: 3.17032 -> :
    grasp of the old god (2.94882) : +1.07168 %, alt : +4.8352, from: aq40
    belt of transcendence (0.219116) : +0.0810575 %, alt : +3.46391, from: bwl
    zandalar confessor's bindings (-0.00424194) : +0 %, alt : +3.17031, from: zg
    firemaw's clutch (1.93951) : +0.705396 %, alt : +2.97574, from: bwl
    eyestalk waist cord (1.04184) : +0.379627 %, alt : +2.83369, from: aq40
- . - ' - . - ' - . - ' - . - ' - . - ' - . -
legs, empowered leggings (5.76282), alt: 5.82538 -> :
- . - ' - . - ' - . - ' - . - ' - . - ' - . -
feet, dragonrider boots (1.08868), alt: 2.0238 -> :
    boots of pure thought (4.48761) : +1.23548 %, alt : +4.49597, from: bwl
    boots of transcendence (1.94302) : +0.310546 %, alt : +3.62482, from: bwl
    treads of the wandering nomand (2.15262) : +0.386731 %, alt : +3.56738, from: aq20
    boots of epiphany (2.03308) : +0.343281 %, alt : +3.05907, from: aq40
    footwraps of the oracle (1.28934) : +0.0729358 %, alt : +2.91107, from: aq40
- . - ' - . - ' - . - ' - . - ' - . - ' - . -
finger, pure elementium band (4.31323), alt: 3.81589 -> :
    cauterizing band (4.44342) : +0.0467448 %, alt : +3.20608, from: mc
- . - ' - . - ' - . - ' - . - ' - . - ' - . -
finger 2, primalist's seal (0.917572), alt: 3.48593 -> :
    pure elementium band (2.72675) : +0.652819 %, alt : +3.8159, from: bwl
    cauterizing band (2.29333) : +0.496428 %, alt : +3.20608, from: mc
    ring of the martyr (2.54333) : +0.586637 %, alt : +2.99029, from: aq40
    fordring's seal (2.24496) : +0.478974 %, alt : +2.26224, from: pre-raid
    band of forced concentration (1.25909) : +0.123234 %, alt : +1.90744, from: bwl
    rosewine circle (1.70306) : +0.283436 %, alt : +1.84749, from: pre-raid
    band of servitude (1.37134) : +0.163736 %, alt : +1.80719, from: zg
    ring of spellpower (1.96136) : +0.37664 %, alt : +1.71421, from: mc
    mindtear band (1.18396) : +0.096123 %, alt : +1.64257, from: taerar
    maiden's circle (1.10397) : +0.0672607 %, alt : +1.64074, from: pre-raid
    eye of orgrimmar (1.10397) : +0.0672607 %, alt : +1.56428, from: pre-raid
- . - ' - . - ' - . - ' - . - ' - . - ' - . -
trinket, hazza'rah's charm of healing (12.1919), alt: 7.23257 -> :
    hazza'rah's charm of healing (12.1919) : +0 %, alt : +7.23259, from: zg
    darkmoon card: blue dragon (-4.85443) : -6.12057 %, alt : +0.854233, from: 
- . - ' - . - ' - . - ' - . - ' - . - ' - . -
trinket 2, rejuvenating gem (4.60352), alt: 4.04233 -> :
    hazza'rah's charm of healing (0) : -1.65292 %, alt : +7.23259, from: zg
    darkmoon card: blue dragon (0.17572) : -1.58983 %, alt : +0.854233, from: 
- - - - - - - - - - - - - - - - - - - - - - - - - - - - - - - - - - - - - - - - - 
| Upgrades at best in slot level, from start item to candidate, partial bonuses: 0: |
  alt scores are from least squares fit, special score from e.g. set bonuses as s are part of em
. . . . . . . . . . . . . . . . . . . . . . . . . . . . . . . . . . . . . . . . . 
- . - ' - . - ' - . - ' - . - ' - . - ' - . -
head, circlet of prophecy (0.525299), alt: 3.22525 -> :
    crystal adorned crown (5.70795) : +1.89731 %, alt : +6.22867, from: azuregos
    don rigoberto's lost hat (2.73883) : +0.810351 %, alt : +5.70802, from: aq40
    halo of transcendence (1.78094) : +0.459679 %, alt : +5.17174, from: onyxia
    zulian headdress (3.4938) : +1.08674 %, alt : +4.41295, from: zg
    dustwind turban (1.51538) : +0.362459 %, alt : +4.24863, from: aq20
    tiara of the oracle (0.917328) : +0.143518 %, alt : +4.04069, from: aq40
    mish'undare circlet of mind flayer (2.00909) : +0.543202 %, alt : +3.97827, from: bwl
    eternal crown of healing (2.41748) : +0.692708 %, alt : +3.32453, from: random green
- . - ' - . - ' - . - ' - . - ' - . - ' - . -
neck, animated chain necklace (1.65213), alt: 1.94357 -> :
    amulet of the fallen god (4.66608) : +1.09468 %, alt : +4.11871, from: aq40
    jin'do's evil eye (2.24274) : +0.214512 %, alt : +3.26352, from: zg
    angelista's charm (1.85223) : +0.0726789 %, alt : +2.97226, from: aq40
    amulet of the shifting sands (3.89926) : +0.816171 %, alt : +2.79878, from: aq20
    wavefront necklace (2.67905) : +0.372982 %, alt : +2.20068, from: silithus
    choker of enlightenment (0.733887) : -0.333511 %, alt : +1.9978, from: mc
- . - ' - . - ' - . - ' - . - ' - . - ' - . -
shoulders, mantle of prophecy (1.86887), alt: 2.41492 -> :
    zandalar confessor's mantle (4.02908) : +0.782178 %, alt : +4.54416, from: zg
    ternary mantle (3.92572) : +0.744752 %, alt : +4.20702, from: aq40
    pauldrons of transcendence (2.99124) : +0.406393 %, alt : +3.54878, from: bwl
    mantle of the oracle (2.5705) : +0.254048 %, alt : +2.91035, from: aq40
- . - ' - . - ' - . - ' - . - ' - . - ' - . -
back, hide of the wild (2.51495), alt: 2.86221 -> :
    cloak of clarity (3.99954) : +0.536233 %, alt : +3.70771, from: aq40
    shroud of pure thought (3.5433) : +0.37144 %, alt : +2.87201, from: bwl
- . - ' - . - ' - . - ' - . - ' - . - ' - . -
chest, robes of the exalted (2.41382), alt: 4.29309 -> :
    robes of the guardian saint (4.23425) : +0.658339 %, alt : +5.61075, from: aq40
    robes of transcendence (3.42905) : +0.367145 %, alt : +5.40988, from: bwl
    truefaith vestments (4.30121) : +0.682552 %, alt : +4.20131, from: tailoring bop
- . - ' - . - ' - . - ' - . - ' - . - ' - . -
wrists, vambraces of prophecy (1.38861), alt: 2.71808 -> :
    bracelets of royal redemption (4.39166) : +1.09068 %, alt : +3.77767, from: aq40
    bindings of transcendence (1.96768) : +0.210314 %, alt : +3.21051, from: bwl
    zandalar confessor's wraps (1.37152) : -0.00620689 %, alt : +2.45398, from: zg
- . - ' - . - ' - . - ' - . - ' - . - ' - . -
two-hand, benediction (1.48294), alt: 8.25745 -> :
    scepter of the false prophet and sartura's might (7.15652) : +2.02756 %, alt : +14.6782, from: aq40, aq40
    scepter of the false prophet and lei of the lifegiver (7.12933) : +2.01785 %, alt : +14.1692, from: aq40, av rep
    scepter of the false prophet and trance stone (6.67584) : +1.85578 %, alt : +13.3603, from: aq40, emeriss; lethon; taerar; ysondre
    scepter of the false prophet and fire runed grimoire (6.02573) : +1.62345 %, alt : +13.2118, from: aq40, mc
    blessed qiraji augur staff (3.03549) : +0.554834 %, alt : +10.0846, from: aq40
    lok'amir il romathis and sartura's might (1.71777) : +0.0839219 %, alt : +9.36094, from: bwl, aq40
    gavel of infinite wisdom and sartura's might (2.03363) : +0.196799 %, alt : +9.16329, from: aq20, aq40
    lok'amir il romathis and lei of the lifegiver (3.05728) : +0.562621 %, alt : +8.85191, from: bwl, av rep
    gavel of infinite wisdom and lei of the lifegiver (2.147) : +0.237315 %, alt : +8.65426, from: aq20, av rep
    lok'amir il romathis and trance stone (4.22113) : +0.978544 %, alt : +8.04301, from: bwl, emeriss; lethon; taerar; ysondre
    staff of the shadow flame (2.41476) : +0.333005 %, alt : +7.20792, from: bwl
    jin'do's hexxer and sartura's might (1.49445) : +0.00411158 %, alt : +6.81994, from: zg, aq40
    jin'do's hexxer and lei of the lifegiver (4.61362) : +1.11881 %, alt : +6.31091, from: zg, av rep
    fang of the mystics and lei of the lifegiver (4.17984) : +0.963788 %, alt : +6.0804, from: azuregos, av rep
    stinger of ayamiss and sartura's might (3.80463) : +0.829699 %, alt : +5.90466, from: aq20, aq40
    aurastone hammer and sartura's might (1.86996) : +0.13831 %, alt : +5.78698, from: mc, aq40
    sorcerous dagger and sartura's might (1.63635) : +0.0548246 %, alt : +5.66253, from: mc, aq40
    zulian scepter of rites and sartura's might (1.7446) : +0.0935084 %, alt : +5.63462, from: zg, aq40
    jin'do's hexxer and trance stone (3.72058) : +0.799663 %, alt : +5.50201, from: zg, emeriss; lethon; taerar; ysondre
    wushoolay's poker and sartura's might (2.02124) : +0.192372 %, alt : +5.48639, from: zg, aq40
    stinger of ayamiss and lei of the lifegiver (3.90012) : +0.863823 %, alt : +5.39563, from: aq20, av rep
    fang of venoxis and lei of the lifegiver (1.9353) : +0.16166 %, alt : +5.38749, from: zg, av rep
    jin'do's hexxer and fire runed grimoire (3.06781) : +0.566383 %, alt : +5.35356, from: zg, mc
    aurastone hammer and lei of the lifegiver (1.83267) : +0.124983 %, alt : +5.27795, from: mc, av rep
    fang of the mystics and trance stone (3.19257) : +0.610967 %, alt : +5.2715, from: azuregos, emeriss; lethon; taerar; ysondre
    sorcerous dagger and lei of the lifegiver (3.35965) : +0.670678 %, alt : +5.1535, from: mc, av rep
    zulian scepter of rites and lei of the lifegiver (3.51651) : +0.726735 %, alt : +5.12559, from: zg, av rep
    fang of the mystics and fire runed grimoire (2.1124) : +0.224948 %, alt : +5.12305, from: azuregos, mc
    the hammer of grace and sartura's might (3.69876) : +0.791865 %, alt : +5.07712, from: pre-raid, aq40
    wushoolay's poker and lei of the lifegiver (3.79294) : +0.825522 %, alt : +4.97735, from: zg, av rep
    stinger of ayamiss and trance stone (2.91626) : +0.512224 %, alt : +4.58673, from: aq20, emeriss; lethon; taerar; ysondre
    fang of venoxis and trance stone (1.55762) : +0.0266871 %, alt : +4.5786, from: zg, emeriss; lethon; taerar; ysondre
    the hammer of grace and lei of the lifegiver (3.79294) : +0.825522 %, alt : +4.56808, from: pre-raid, av rep
    aurastone hammer and trance stone (1.63293) : +0.0536032 %, alt : +4.46905, from: mc, emeriss; lethon; taerar; ysondre
    stinger of ayamiss and fire runed grimoire (1.8392) : +0.127317 %, alt : +4.43828, from: aq20, mc
    gift of the elven magi and sartura's might (1.68533) : +0.0723288 %, alt : +4.37665, from: pre-raid (strat live: balnazzar), aq40
    zulian scepter of rites and trance stone (1.68533) : +0.0723288 %, alt : +4.31669, from: zg, emeriss; lethon; taerar; ysondre
    lorespinner and sartura's might (1.60532) : +0.0437332 %, alt : +4.27087, from: pre-raid, aq40
    witchblade and lei of the lifegiver (2.91968) : +0.513445 %, alt : +4.22939, from: pre-raid, av rep
    wushoolay's poker and trance stone (1.95862) : +0.169992 %, alt : +4.16846, from: zg, emeriss; lethon; taerar; ysondre
    hypnotic blade and lei of the lifegiver (2.34161) : +0.306863 %, alt : +4.08435, from: pre-raid, av rep
    gift of the elven magi and lei of the lifegiver (1.77853) : +0.105636 %, alt : +3.86762, from: pre-raid (strat live: balnazzar), av rep
    lorespinner and lei of the lifegiver (1.75555) : +0.0974236 %, alt : +3.76183, from: pre-raid, av rep
    the hammer of grace and trance stone (1.95862) : +0.169992 %, alt : +3.75918, from: pre-raid, emeriss; lethon; taerar; ysondre
    scepter of the unholy and sartura's might (1.6279) : +0.0518037 %, alt : +3.4668, from: pre-raid, aq40
    scepter of the unholy and lei of the lifegiver (1.72116) : +0.0851325 %, alt : +2.95776, from: pre-raid, av rep
- . - ' - . - ' - . - ' - . - ' - . - ' - . -
ranged, dragon's touch (-0.886322), alt: 1.12827 -> :
    antenna of invigoration (0.856201) : +0.629986 %, alt : +1.15212, from: aq20
    lunar wand of healing (1.28033) : +0.783325 %, alt : +1.03892, from: random green
- . - ' - . - ' - . - ' - . - ' - . - ' - . -
hands, handguards of transcendence (3.73022), alt: 3.45584 -> :
    gloves of dark wisdom (3.77869) : +0.0174141 %, alt : +3.52012, from: aq20
- . - ' - . - ' - . - ' - . - ' - . - ' - . -
waist, zandalar confessor's bindings (1.31677), alt: 3.17032 -> :
    grasp of the old god (4.84799) : +1.28497 %, alt : +4.8352, from: aq40
    belt of transcendence (1.35037) : +0.0122266 %, alt : +3.46391, from: bwl
    zandalar confessor's bindings (1.31677) : +0 %, alt : +3.17031, from: zg
    firemaw's clutch (1.85654) : +0.196415 %, alt : +2.97574, from: bwl
    eyestalk waist cord (2.44641) : +0.411064 %, alt : +2.83369, from: aq40
- . - ' - . - ' - . - ' - . - ' - . - ' - . -
legs, empowered leggings (5.01254), alt: 5.82538 -> :
- . - ' - . - ' - . - ' - . - ' - . - ' - . -
feet, dragonrider boots (1.03497), alt: 2.0238 -> :
    boots of pure thought (5.01266) : +1.4498 %, alt : +4.49597, from: bwl
    boots of transcendence (2.14523) : +0.404669 %, alt : +3.62482, from: bwl
    treads of the wandering nomand (2.28085) : +0.454101 %, alt : +3.56738, from: aq20
    boots of epiphany (2.09161) : +0.385126 %, alt : +3.05907, from: aq40
    footwraps of the oracle (1.23547) : +0.0730788 %, alt : +2.91107, from: aq40
- . - ' - . - ' - . - ' - . - ' - . - ' - . -
finger, pure elementium band (4.39166), alt: 3.81589 -> :
- . - ' - . - ' - . - ' - . - ' - . - ' - . -
finger 2, primalist's seal (0.0966492), alt: 2.62885 -> :
    pure elementium band (2.89035) : +1.01228 %, alt : +3.8159, from: bwl
    cauterizing band (2.45483) : +0.854472 %, alt : +3.20608, from: mc
    ring of the martyr (2.70602) : +0.945488 %, alt : +2.99029, from: aq40
    fordring's seal (1.83984) : +0.631634 %, alt : +2.26224, from: pre-raid
    band of forced concentration (1.0191) : +0.334245 %, alt : +1.90744, from: bwl
    rosewine circle (1.36093) : +0.458104 %, alt : +1.84749, from: pre-raid
    band of servitude (1.13263) : +0.37538 %, alt : +1.80719, from: zg
    ring of spellpower (1.55331) : +0.527812 %, alt : +1.71421, from: mc
    mindtear band (1.39029) : +0.468741 %, alt : +1.64257, from: taerar
    maiden's circle (0.794525) : +0.25287 %, alt : +1.64074, from: pre-raid
    eye of orgrimmar (0.794525) : +0.25287 %, alt : +1.56428, from: pre-raid
    zanzil's seal (0.354279) : +0.0933502 %, alt : +1.25188, from: zg
    cyclopean band (0.206421) : +0.039775 %, alt : +1.09677, from: pre-raid
- . - ' - . - ' - . - ' - . - ' - . - ' - . -
trinket, hazza'rah's charm of healing (12.5363), alt: 7.23257 -> :
    hazza'rah's charm of healing (12.5363) : +0 %, alt : +7.23259, from: zg
    darkmoon card: blue dragon (-3.284) : -5.68382 %, alt : +0.854233, from: 
- . - ' - . - ' - . - ' - . - ' - . - ' - . -
trinket 2, rejuvenating gem (5.21701), alt: 4.04233 -> :
    hazza'rah's charm of healing (0) : -1.87433 %, alt : +7.23259, from: zg
    darkmoon card: blue dragon (0.243103) : -1.78699 %, alt : +0.854233, from: 
- - - - - - - - - - - - - - - - - - - - - - - - - - - - - - - - - - - - - - - - - 
| Upgrades at start level, from start item to candidate, partial bonuses: 1: |
  alt scores are from least squares fit, special score from e.g. set bonuses as s are part of em
. . . . . . . . . . . . . . . . . . . . . . . . . . . . . . . . . . . . . . . . . 
- . - ' - . - ' - . - ' - . - ' - . - ' - . -
head, circlet of prophecy (3.52737), alt: 4.26459 (s: 0.929593) -> :
    crystal adorned crown (6.71249) : +1.2006 %, alt : +6.22867, from: azuregos
    don rigoberto's lost hat (6.52902) : +1.13145 %, alt : +5.70802, from: aq40
    halo of transcendence (1.84451) : -0.63434 %, alt : +5.17174, from: onyxia
    zulian headdress (4.59482) : +0.402364 %, alt : +4.41295, from: zg
    circlet of prophecy (3.52737) : +0 %, alt : +4.2646 (s: 0.929593), from: mc
    dustwind turban (3.87854) : +0.132369 %, alt : +4.24863, from: aq20
    tiara of the oracle (4.08725) : +0.21104 %, alt : +4.04069, from: aq40
    mish'undare circlet of mind flayer (3.28354) : -0.0919117 %, alt : +3.97827, from: bwl
    eternal crown of healing (3.86325) : +0.126606 %, alt : +3.32453, from: random green
- . - ' - . - ' - . - ' - . - ' - . - ' - . -
neck, animated chain necklace (1.28592), alt: 1.94357 -> :
    amulet of the fallen god (-0.321899) : -0.606054 %, alt : +4.11871, from: aq40
    jin'do's evil eye (1.93591) : +0.24501 %, alt : +3.26352, from: zg
    angelista's charm (-0.10556) : -0.524507 %, alt : +2.97226, from: aq40
    amulet of the shifting sands (1.27063) : -0.00576318 %, alt : +2.79878, from: aq20
    wavefront necklace (-0.649567) : -0.729565 %, alt : +2.20068, from: silithus
    choker of enlightenment (1.64883) : +0.136798 %, alt : +1.9978, from: mc
- . - ' - . - ' - . - ' - . - ' - . - ' - . -
shoulders, mantle of prophecy (2.97836), alt: 3.45428 (s: 0.929593) -> :
    ternary mantle (4.14212) : +0.438669 %, alt : +4.20702, from: aq40
    pauldrons of transcendence (-0.104706) : -1.16214 %, alt : +3.54878, from: bwl
    zandalar confessor's mantle (3.77341) : +0.299685 %, alt : +3.3494, from: zg
    mantle of the oracle (4.01147) : +0.389423 %, alt : +2.91035, from: aq40
- . - ' - . - ' - . - ' - . - ' - . - ' - . -
back, hide of the wild (5.20377), alt: 2.86221 -> :
    cloak of clarity (2.59985) : -0.981523 %, alt : +3.70771, from: aq40
    shroud of pure thought (4.72119) : -0.181902 %, alt : +2.87201, from: bwl
    shroud of infinite wisdom (5.28949) : +0.0323129 %, alt : +2.6199, from: aq20
- . - ' - . - ' - . - ' - . - ' - . - ' - . -
chest, robes of the exalted (5.54349), alt: 4.29309 -> :
    robes of the guardian saint (4.56714) : -0.368026 %, alt : +5.61075, from: aq40
    robes of transcendence (0.500305) : -1.90099 %, alt : +5.40988, from: bwl
    truefaith vestments (6.03348) : +0.184698 %, alt : +4.20131, from: tailoring bop
- . - ' - . - ' - . - ' - . - ' - . - ' - . -
wrists, vambraces of prophecy (2.62091), alt: 3.75745 (s: 0.929593) -> :
    bracelets of royal redemption (2.68893) : +0.025641 %, alt : +3.77767, from: aq40
    vambraces of prophecy (2.62091) : +0 %, alt : +3.75745 (s: 0.929593), from: mc
    bindings of transcendence (1.13339) : -0.560708 %, alt : +3.21051, from: bwl
    zandalar confessor's wraps (1.48065) : -0.429811 %, alt : +2.45398, from: zg
- . - ' - . - ' - . - ' - . - ' - . - ' - . -
two-hand, benediction (6.15933), alt: 8.25745 -> :
    scepter of the false prophet and sartura's might (18.4914) : +4.64846 %, alt : +14.6782, from: aq40, aq40
    scepter of the false prophet and lei of the lifegiver (17.7456) : +4.36734 %, alt : +14.1692, from: aq40, av rep
    scepter of the false prophet and trance stone (16.4154) : +3.86593 %, alt : +13.3603, from: aq40, emeriss; lethon; taerar; ysondre
    scepter of the false prophet and fire runed grimoire (11.7221) : +2.09685 %, alt : +13.2118, from: aq40, mc
    blessed qiraji augur staff (4.24905) : -0.720063 %, alt : +10.0846, from: aq40
    lok'amir il romathis and sartura's might (6.62494) : +0.175507 %, alt : +9.36094, from: bwl, aq40
    gavel of infinite wisdom and sartura's might (7.06433) : +0.341132 %, alt : +9.16329, from: aq20, aq40
    lok'amir il romathis and lei of the lifegiver (6.06641) : -0.0350277 %, alt : +8.85191, from: bwl, av rep
    gavel of infinite wisdom and lei of the lifegiver (7.48242) : +0.498728 %, alt : +8.65426, from: aq20, av rep
    lok'amir il romathis and fire runed grimoire (6.56393) : +0.152511 %, alt : +7.89456, from: bwl, mc
    fang of the mystics and sartura's might (6.9267) : +0.289252 %, alt : +6.58943, from: azuregos, aq40
- . - ' - . - ' - . - ' - . - ' - . - ' - . -
ranged, dragon's touch (1.40186), alt: 1.12827 -> :
    antenna of invigoration (2.48712) : +0.409082 %, alt : +1.15212, from: aq20
- . - ' - . - ' - . - ' - . - ' - . - ' - . -
hands, handguards of transcendence (5.90866), alt: 3.45584 -> :
    gloves of dark wisdom (4.76523) : -0.431007 %, alt : +3.52012, from: aq20
    handguards of transcendence (5.90866) : +0 %, alt : +3.45585, from: bwl
    gloves of prophecy (3.04721) : -1.0786 %, alt : +3.08482, from: mc
- . - ' - . - ' - . - ' - . - ' - . - ' - . -
waist, zandalar confessor's bindings (6.43588), alt: 4.36505 -> :
    grasp of the old god (6.93481) : +0.188068 %, alt : +4.8352, from: aq40
    zandalar confessor's bindings (6.43588) : +0 %, alt : +4.36506, from: zg
    belt of transcendence (4.66806) : -0.666366 %, alt : +3.46391, from: bwl
- . - ' - . - ' - . - ' - . - ' - . - ' - . -
legs, empowered leggings (6.9259), alt: 5.82538 -> :
    leggings of transcendence (1.03802) : -2.21939 %, alt : +5.09882, from: mc
    pants of prophecy (3.64401) : -1.23708 %, alt : +4.09618, from: mc
- . - ' - . - ' - . - ' - . - ' - . - ' - . -
feet, dragonrider boots (1.71619), alt: 2.0238 -> :
    boots of pure thought (4.43845) : +1.02613 %, alt : +4.49597, from: bwl
    boots of transcendence (-0.971649) : -1.01316 %, alt : +3.62482, from: bwl
    treads of the wandering nomand (2.06104) : +0.129988 %, alt : +3.56738, from: aq20
    boots of epiphany (1.89648) : +0.0679618 %, alt : +3.05907, from: aq40
    footwraps of the oracle (1.87894) : +0.0613473 %, alt : +2.91107, from: aq40
- . - ' - . - ' - . - ' - . - ' - . - ' - . -
finger, pure elementium band (4.82367), alt: 3.81589 -> :
    primalist's seal (3.45276) : -0.516753 %, alt : +3.48595, from: zg
- . - ' - . - ' - . - ' - . - ' - . - ' - . -
finger 2, primalist's seal (6.21774), alt: 3.48593 -> :
    pure elementium band (7.37854) : +0.437553 %, alt : +3.8159, from: bwl
    primalist's seal (6.21774) : +0 %, alt : +3.48595, from: zg
    ring of the martyr (6.70883) : +0.185112 %, alt : +2.99029, from: aq40
    primalist's band (6.2529) : +0.0132519 %, alt : +1.94686, from: zg
    ring of blackrock (6.40051) : +0.0688935 %, alt : +1.60088, from: bwl
- . - ' - . - ' - . - ' - . - ' - . - ' - . -
trinket, hazza'rah's charm of healing (7.27658), alt: 7.23257 -> :
    hazza'rah's charm of healing (7.27658) : +0 %, alt : +7.23259, from: zg
    darkmoon card: blue dragon (-2.16324) : -3.55826 %, alt : +0.854233, from: 
- . - ' - . - ' - . - ' - . - ' - . - ' - . -
trinket 2, rejuvenating gem (6.6391), alt: 4.04233 -> :
    hazza'rah's charm of healing (0) : -2.50255 %, alt : +7.23259, from: zg
    darkmoon card: blue dragon (3.30484) : -1.25682 %, alt : +0.854233, from: 
- - - - - - - - - - - - - - - - - - - - - - - - - - - - - - - - - - - - - - - - - 
| Upgrades at start level, from start item to candidate, partial bonuses: 0: |
  alt scores are from least squares fit, special score from e.g. set bonuses as s are part of em
. . . . . . . . . . . . . . . . . . . . . . . . . . . . . . . . . . . . . . . . . 
- . - ' - . - ' - . - ' - . - ' - . - ' - . -
head, circlet of prophecy (4.73279), alt: 6.01401 (s: 2.78878) -> :
    crystal adorned crown (5.172) : +0.168221 %, alt : +6.22867, from: azuregos
    circlet of prophecy (4.73279) : +0 %, alt : +6.01402 (s: 2.78878), from: mc
    don rigoberto's lost hat (5.51688) : +0.300312 %, alt : +5.70802, from: aq40
    halo of transcendence (3.93436) : -0.305806 %, alt : +5.17174, from: onyxia
    zulian headdress (4.44327) : -0.110889 %, alt : +4.41295, from: zg
    dustwind turban (3.17545) : -0.596475 %, alt : +4.24863, from: aq20
    tiara of the oracle (4.68237) : -0.0193094 %, alt : +4.04069, from: aq40
    mish'undare circlet of mind flayer (2.87933) : -0.709888 %, alt : +3.97827, from: bwl
    eternal crown of healing (0.824585) : -1.49687 %, alt : +3.32453, from: random green
- . - ' - . - ' - . - ' - . - ' - . - ' - . -
neck, animated chain necklace (4.0889), alt: 1.94357 -> :
    amulet of the fallen god (6.91312) : +1.0817 %, alt : +4.11871, from: aq40
    jin'do's evil eye (5.45453) : +0.523048 %, alt : +3.26352, from: zg
    angelista's charm (6.1232) : +0.779154 %, alt : +2.97226, from: aq40
    amulet of the shifting sands (6.00156) : +0.732564 %, alt : +2.79878, from: aq20
    wavefront necklace (3.23807) : -0.325875 %, alt : +2.20068, from: silithus
    choker of enlightenment (2.1716) : -0.734341 %, alt : +1.9978, from: mc
- . - ' - . - ' - . - ' - . - ' - . - ' - . -
shoulders, mantle of prophecy (5.07175), alt: 5.2037 (s: 2.78878) -> :
    ternary mantle (4.15939) : -0.349439 %, alt : +4.20702, from: aq40
    pauldrons of transcendence (3.97861) : -0.418681 %, alt : +3.54878, from: bwl
    zandalar confessor's mantle (3.65341) : -0.543234 %, alt : +3.3494, from: zg
    mantle of the oracle (3.4718) : -0.612792 %, alt : +2.91035, from: aq40
- . - ' - . - ' - . - ' - . - ' - . - ' - . -
back, hide of the wild (5.64638), alt: 2.8622 -> :
    cloak of clarity (7.69637) : +0.785162 %, alt : +3.70771, from: aq40
    shroud of pure thought (4.32185) : -0.507304 %, alt : +2.87201, from: bwl
- . - ' - . - ' - . - ' - . - ' - . - ' - . -
chest, robes of the exalted (2.65976), alt: 4.29309 -> :
    robes of the guardian saint (5.24252) : +0.98922 %, alt : +5.61075, from: aq40
    robes of transcendence (1.2879) : -0.525432 %, alt : +5.40988, from: bwl
    truefaith vestments (3.45285) : +0.30376 %, alt : +4.20131, from: tailoring bop
- . - ' - . - ' - . - ' - . - ' - . - ' - . -
wrists, vambraces of prophecy (3.58945), alt: 5.50687 (s: 2.78878) -> :
    vambraces of prophecy (3.58945) : +0 %, alt : +5.50687 (s: 2.78878), from: mc
    bracelets of royal redemption (1.90805) : -0.643989 %, alt : +3.77767, from: aq40
    bindings of transcendence (1.27258) : -0.887378 %, alt : +3.21051, from: bwl
    zandalar confessor's wraps (0.246765) : -1.28027 %, alt : +2.45398, from: zg
- . - ' - . - ' - . - ' - . - ' - . - ' - . -
two-hand, benediction (5.04361), alt: 8.25745 -> :
    scepter of the false prophet and sartura's might (13.213) : +3.12894 %, alt : +14.6782, from: aq40, aq40
    scepter of the false prophet and lei of the lifegiver (11.983) : +2.65786 %, alt : +14.1692, from: aq40, av rep
    scepter of the false prophet and trance stone (10.66) : +2.15114 %, alt : +13.3603, from: aq40, emeriss; lethon; taerar; ysondre
    scepter of the false prophet and fire runed grimoire (12.3796) : +2.80976 %, alt : +13.2118, from: aq40, mc
    blessed qiraji augur staff (8.07935) : +1.16271 %, alt : +10.0846, from: aq40
    lok'amir il romathis and sartura's might (7.03366) : +0.762206 %, alt : +9.36094, from: bwl, aq40
    gavel of infinite wisdom and sartura's might (7.82675) : +1.06597 %, alt : +9.16329, from: aq20, aq40
    lok'amir il romathis and lei of the lifegiver (5.88364) : +0.321737 %, alt : +8.85191, from: bwl, av rep
    gavel of infinite wisdom and lei of the lifegiver (5.33197) : +0.110444 %, alt : +8.65426, from: aq20, av rep
- . - ' - . - ' - . - ' - . - ' - . - ' - . -
ranged, dragon's touch (3.71637), alt: 1.12827 -> :
    antenna of invigoration (3.94) : +0.0856532 %, alt : +1.15212, from: aq20
- . - ' - . - ' - . - ' - . - ' - . - ' - . -
hands, handguards of transcendence (4.88229), alt: 3.45584 -> :
    gloves of dark wisdom (5.42691) : +0.208593 %, alt : +3.52012, from: aq20
    gloves of prophecy (3.43088) : -0.555904 %, alt : +2.93846, from: mc
- . - ' - . - ' - . - ' - . - ' - . - ' - . -
waist, zandalar confessor's bindings (5.5247), alt: 4.36507 -> :
    grasp of the old god (7.18962) : +0.637677 %, alt : +4.8352, from: aq40
    zandalar confessor's bindings (5.5247) : +0 %, alt : +4.36506, from: zg
- . - ' - . - ' - . - ' - . - ' - . - ' - . -
legs, empowered leggings (5.09909), alt: 5.82538 -> :
    pants of prophecy (2.60507) : -0.95523 %, alt : +3.94982, from: mc
- . - ' - . - ' - . - ' - . - ' - . - ' - . -
feet, dragonrider boots (2.08466), alt: 2.0238 -> :
    boots of pure thought (4.77289) : +1.02962 %, alt : +4.49597, from: bwl
    boots of transcendence (3.61102) : +0.584611 %, alt : +3.62482, from: bwl
    treads of the wandering nomand (3.77731) : +0.648302 %, alt : +3.56738, from: aq20
    boots of epiphany (3.09543) : +0.387134 %, alt : +3.05907, from: aq40
    footwraps of the oracle (3.37708) : +0.495007 %, alt : +2.91107, from: aq40
- . - ' - . - ' - . - ' - . - ' - . - ' - . -
finger, pure elementium band (4.57184), alt: 3.81589 -> :
- . - ' - . - ' - . - ' - . - ' - . - ' - . -
finger 2, primalist's seal (2.97162), alt: 2.62885 -> :
    pure elementium band (3.65479) : +0.261658 %, alt : +3.8159, from: bwl
    cauterizing band (3.4787) : +0.194216 %, alt : +3.20608, from: mc
    ring of the martyr (4.26071) : +0.493733 %, alt : +2.99029, from: aq40
- . - ' - . - ' - . - ' - . - ' - . - ' - . -
trinket, hazza'rah's charm of healing (5.22061), alt: 7.23257 -> :
    hazza'rah's charm of healing (5.22061) : +0 %, alt : +7.23259, from: zg
    darkmoon card: blue dragon (4.02856) : -0.456564 %, alt : +0.854233, from: 
- . - ' - . - ' - . - ' - . - ' - . - ' - . -
trinket 2, rejuvenating gem (4.82562), alt: 4.04233 -> :
    hazza'rah's charm of healing (0) : -1.84825 %, alt : +7.23259, from: zg
    shard of the scale (4.97681) : +0.0579048 %, alt : +1.09139, from: onyxia
    darkmoon card: blue dragon (5.54459) : +0.275369 %, alt : +0.854233, from: 
------------------
Best value: 279.111
