Your call: ./css 4 ../items/phase5.csv ../items/not_for_priests.txt no-locks storm_bwl_speed_phase5 -a ../confs/wcl_bwl_speed_log.csv -l storm_speed.txt 
Found: -a, val: ../confs/wcl_bwl_speed_log.csv
./css 4 ../items/phase5.csv ../items/not_for_priests.txt no-locks storm_bwl_speed_phase5 -l storm_speed.txt 
Found key: buff_fraction, saw val: 1
Found key: healing_from_crit_fraction, saw val: 0.2
Found key: transc8_exists, saw val: 0
Found key: enchantments, saw val: 1
Found key: fort, saw val: 1
Found key: motw, saw val: 1
Found key: spirit, saw val: 1
Found key: ai, saw val: 1
Found key: flask, saw val: 1
Found key: holy_disc, saw val: 0
Found key: min_combat_length, saw val: 2
Found key: max_log_entry_diff_in_combat, saw val: 10
Found key: precast, saw val: 1
Found key: swap_cast, saw val: 1
Found key: time_step, saw val: 0.1
Found key: reaction_time, saw val: 0.1
Found key: skip_player, saw val: Paisti
Found key: use_deficit_time_sum, saw val: 0
Found key: wcl_log, saw val: 1
Found: -l, val: storm_speed.txt
./css 4 ../items/phase5.csv ../items/not_for_priests.txt no-locks storm_bwl_speed_phase5 
Will read log from: storm_speed.txt
./css 4 ../items/phase5.csv ../items/not_for_priests.txt no-locks storm_bwl_speed_phase5 
./css 4 ../items/phase5.csv ../items/not_for_priests.txt no-locks storm_bwl_speed_phase5 
Shuffle seed: 2416673600
Reading banned from: ../items/not_for_priests.txt
Banning: neltharion's tear
Banning: lok'amir il romathis
Banning: choker of the fire lord
Reading WCL parsed log: storm_speed.txt
Saw 21369 lines of log, with 21369 log lines
Sorting by timestamp...
Sorted.
Pruning log from: 21369 entries.
Combat from 0 to 12.798 s
Combat from 49.151 to 75.457 s
Combat from 84.8 to 107.444 s
Combat from 111.496 to 136.151 s
Combat from 142.634 to 202.532 s
Combat from 205.018 to 232.898 s
Combat from 234.919 to 281.895 s
Combat from 282.703 to 294.843 s
Combat from 298.485 to 311.056 s
Combat from 319.19 to 333.794 s
Combat from 357.485 to 429.552 s
Combat from 448.785 to 716.05 s
Combat from 717.562 to 767.446 s
Combat from 781.681 to 810.099 s
Combat from 822.964 to 934.763 s
Combat from 957.447 to 1050.29 s
Combat from 1052.61 to 1131.89 s
Combat from 1143.62 to 1172.06 s
Combat from 1187.82 to 1261.23 s
Combat from 1305.4 to 1428.92 s
Combat from 1443.34 to 1520.94 s
Pruned to: 21184 entries.
Reading tmp locked from: start_with.txt
Locking: anastari heirloom
Locking: anathema
Locking: animated chain necklace
Locking: argent crusader
Locking: atal'ai gloves of the owl
Locking: ban'thok sash
Locking: banshee finger
Locking: benediction
Locking: blood of the martyr
Locking: briarwood reed
Locking: burial shawl
Locking: clutch of andros
Locking: crimson felt hat
Locking: cyclopean band
Locking: devout belt
Locking: devout bracers
Locking: devout crown
Locking: devout mantle
Locking: devout robe
Locking: devout sandals
Locking: devout skirt
Locking: dragon finger of healing
Locking: dragon finger of intellect
Locking: dragonrider boots
Locking: dragonslayer's signet
Locking: drakefire amulet
Locking: dreadmist mantle
Locking: dreamweave circlet
Locking: dreamweave gloves
Locking: dreamweave vest
Locking: elder magus pendant
Locking: eye of the beast
Locking: fordring's seal
Locking: girdle of prophecy
Locking: gloves of prophecy
Locking: grimgore noose
Locking: halo of transcendence
Locking: heart of the fiend
Locking: hide of the wild
Locking: kentic amice
Locking: magister's robes
Locking: maleki's footwraps
Locking: mindtap talisman
Locking: nature's breath
Locking: necropile boots
Locking: necropile cuffs
Locking: necropile leggings
Locking: necropile mantle
Locking: necropile robe
Locking: noxious shooter
Locking: omnicast boots
Locking: orb of the forgotten seer
Locking: padre's trousers
Locking: penelope's rose
Locking: quel'dorai channeling rod
Locking: raincaster drape
Locking: rainstrider leggings
Locking: ring of demonic guile
Locking: ring of demonic guile
Locking: robes of prophecy
Locking: robes of the exalted
Locking: robes of the royal crown
Locking: rod of corrosion
Locking: rosewine circle
Locking: royal seal of eldre'thalas
Locking: royal tribunal cloak
Locking: sarah's guide
Locking: seal of rivendare
Locking: seal of rivendare
Locking: shadowy laced handwraps
Locking: silkweb gloves
Locking: soulstealer mantle
Locking: spellbound tome
Locking: spritecaster cape
Locking: star of mystaria
Locking: starfire tiara
Locking: stormrager
Locking: sublime wristguards
Locking: the hammer of grace
Locking: the postmaster's treads
Locking: thuzadin sash
Locking: triune amulet
Locking: vinerot sandals
Locking: whipvine cord
Locking: wolfshear leggings
Locking: boots of the full moon
Locking: mantle of prophecy
Locking: dragon's touch
Locking: bindings of transcendence
Locking: shimmering geta
Locking: empowered leggings
Locking: seal of the archmagus
Locking: circlet of prophecy
Locking: boots of prophecy
Locking: pauldrons of transcendence
Locking: primalist's seal
Locking: zandalar confessor's bindings
Locking: zulian headdress
Locking: mar'li's eye
Locking: shroud of pure thought
Locking: belt of transcendence
Locking: jin'do's evil eye
Locking: primalist's band
Locking: zandalarian hero charm
Locking: zandalar confessor's mantle
Locking: zandalar confessor's wraps 
Locking: pure elementium band
Locking: truefaith vestments
Locking: vambraces of prophecy
Locking: hazza'rah's charm of healing
Locking: handguards of transcendence
Locking: boots of transcendence
Locking: darkmoon card: blue dragon
Locking: rejuvenating gem
Optimizing start items...

*** NEW BEST (1): 189.85

*** NEW BEST (1): 195.512

*** NEW BEST (1): 202.65

*** NEW BEST (1): 213.451

*** NEW BEST (1): 221.036

*** NEW BEST (1): 228.752

*** NEW BEST (1): 231.127

*** NEW BEST (1): 235.226

*** NEW BEST (1): 238.694

*** NEW BEST (1): 242.726

*** NEW BEST (1): 244.032

*** NEW BEST (1): 246.085

*** NEW BEST (1): 249.351

*** NEW BEST (1): 254.716

*** NEW BEST (1): 263.366

*** NEW BEST (1): 267.146
*
*** NEW BEST (1): 272.698
***
*** NEW BEST (1): 273.691
*******
*** NEW BEST (0): 226.123
Based on last: 3000 entries, out of total: 4043 entries, The least-squares solution is:
Int: 74.6127
Spirit: 3.96225
Sp / Healing: 100
Mp5: 25.8036
Crit: 293.674
T1 3p/piece: 0
T2 3p/piece: 2199.89
100 points == 1 sp == 0.0805386 hps.
neck : animated chain necklace -> jin'do's evil eye => val: 226.123 -> 227.195

*** NEW BEST (0): 227.195
Based on last: 3000 entries, out of total: 4087 entries, The least-squares solution is:
Int: 73.6201
Spirit: 3.65339
Sp / Healing: 100
Mp5: 26.5515
Crit: 297.457
T1 3p/piece: 0
T2 3p/piece: 2198.34
100 points == 1 sp == 0.0808384 hps.
trinket : darkmoon card: blue dragon -> rejuvenating gem => val: 227.195 -> 230.243

*** NEW BEST (0): 230.243
Based on last: 3000 entries, out of total: 4101 entries, The least-squares solution is:
Int: 73.0756
Spirit: 4.10409
Sp / Healing: 100
Mp5: 31.9748
Crit: 300.758
T1 3p/piece: 0
T2 3p/piece: 2198.93
100 points == 1 sp == 0.0808408 hps.
chest : dreamweave vest -> truefaith vestments => val: 230.243 -> 234.148

*** NEW BEST (0): 234.148
Based on last: 3000 entries, out of total: 4121 entries, The least-squares solution is:
Int: 72.8432
Spirit: 3.98496
Sp / Healing: 100
Mp5: 34.6312
Crit: 302.365
T1 3p/piece: 0
T2 3p/piece: 2194.82
100 points == 1 sp == 0.0809844 hps.
legs : devout skirt -> empowered leggings => val: 234.148 -> 240.162

*** NEW BEST (0): 240.162
Based on last: 3000 entries, out of total: 4141 entries, The least-squares solution is:
Int: 72.3414
Spirit: 3.78506
Sp / Healing: 100
Mp5: 36.0656
Crit: 309.83
T1 3p/piece: 0
T2 3p/piece: 2218.89
100 points == 1 sp == 0.0808336 hps.
finger : cyclopean band -> pure elementium band => val: 240.162 -> 244.301

*** NEW BEST (0): 244.301
Based on last: 3000 entries, out of total: 4171 entries, The least-squares solution is:
Int: 72.8858
Spirit: 3.33616
Sp / Healing: 100
Mp5: 42.3705
Crit: 314.07
T1 3p/piece: 0
T2 3p/piece: 2243.97
100 points == 1 sp == 0.0804745 hps.
hands : atal'ai gloves of the owl -> handguards of transcendence => val: 244.301 -> 245.343

*** NEW BEST (0): 245.343
Based on last: 3000 entries, out of total: 4193 entries, The least-squares solution is:
Int: 72.5664
Spirit: 3.07286
Sp / Healing: 100
Mp5: 42.3921
Crit: 326.872
T1 3p/piece: 0
T2 3p/piece: 2107.53
100 points == 1 sp == 0.0802883 hps.
shoulders : soulstealer mantle -> zandalar confessor's mantle => val: 245.343 -> 248.002

*** NEW BEST (0): 248.002
Based on last: 3000 entries, out of total: 4212 entries, The least-squares solution is:
Int: 70.5982
Spirit: 3.21874
Sp / Healing: 100
Mp5: 44.715
Crit: 347.544
T1 3p/piece: 0
T2 3p/piece: 2106.2
100 points == 1 sp == 0.080252 hps.
wrists : devout bracers -> bindings of transcendence => val: 248.002 -> 250.808

*** NEW BEST (0): 250.808
Based on last: 3000 entries, out of total: 4231 entries, The least-squares solution is:
Int: 70.0554
Spirit: 2.95347
Sp / Healing: 100
Mp5: 45.1629
Crit: 353.892
T1 3p/piece: 0
T2 3p/piece: 2133.86
100 points == 1 sp == 0.0802009 hps.
ranged : dragon finger of intellect -> dragon's touch => val: 250.808 -> 251.008

*** NEW BEST (0): 251.008
Based on last: 3000 entries, out of total: 4248 entries, The least-squares solution is:
Int: 69.5792
Spirit: 3.25084
Sp / Healing: 100
Mp5: 45.2481
Crit: 355.773
T1 3p/piece: 0
T2 3p/piece: 2148.95
100 points == 1 sp == 0.0801668 hps.
finger 2 : blood of the martyr -> fordring's seal => val: 251.008 -> 253.064

*** NEW BEST (0): 253.064
Based on last: 3000 entries, out of total: 4278 entries, The least-squares solution is:
Int: 68.4109
Spirit: 4.47629
Sp / Healing: 100
Mp5: 46.0838
Crit: 348.443
T1 3p/piece: 0
T2 3p/piece: 2271
100 points == 1 sp == 0.0801759 hps.
feet : boots of the full moon -> boots of transcendence => val: 253.064 -> 256.576

*** NEW BEST (0): 256.576
Based on last: 3000 entries, out of total: 4312 entries, The least-squares solution is:
Int: 67.7847
Spirit: 4.23451
Sp / Healing: 100
Mp5: 37.5975
Crit: 371.526
T1 3p/piece: 0
T2 3p/piece: 1808.26
100 points == 1 sp == 0.0799098 hps.
head : crimson felt hat -> halo of transcendence => val: 256.576 -> 259.178

*** NEW BEST (0): 259.178
Based on last: 3000 entries, out of total: 4336 entries, The least-squares solution is:
Int: 68.2296
Spirit: 4.20418
Sp / Healing: 100
Mp5: 37.2767
Crit: 381.437
T1 3p/piece: 0
T2 3p/piece: 1810.18
100 points == 1 sp == 0.0797824 hps.
waist : ban'thok sash -> belt of transcendence => val: 259.178 -> 260.476

*** NEW BEST (0): 260.476
Based on last: 3000 entries, out of total: 4356 entries, The least-squares solution is:
Int: 68.6871
Spirit: 3.84963
Sp / Healing: 100
Mp5: 37.426
Crit: 381.511
T1 3p/piece: 0
T2 3p/piece: 1817.99
100 points == 1 sp == 0.079653 hps.
*two-hand :   the hammer of grace orb of the forgotten seer -> benediction    => val: 260.476 -> 270.519

*** NEW BEST (0): 270.519
Based on last: 3000 entries, out of total: 4545 entries, The least-squares solution is:
Int: 69.1355
Spirit: 3.77227
Sp / Healing: 100
Mp5: 21.7536
Crit: 411.738
T1 3p/piece: 0
T2 3p/piece: 1627.13
100 points == 1 sp == 0.0775326 hps.
********
Read starting items and cleared locks.
 ----------------------------
 --- head --- 
name: halo of transcendence
slot: head
intelligence: 27
stamina: 17
spirit: 22
sp_healing: 48
fire_res: 10
frost_res: 10
armor: 94
 ----------------------------
 --- neck --- 
name: jin'do's evil eye
slot: neck
intelligence: 11
stamina: 5
spirit: 6
sp_healing: 44
 ----------------------------
 --- shoulders --- 
name: zandalar confessor's mantle
slot: shoulders
intelligence: 24
stamina: 11
spirit: 15
sp_healing: 22
armor: 78
 ----------------------------
 --- back --- 
name: hide of the wild
slot: back
intelligence: 10
stamina: 8
sp_healing: 42
armor: 48
 ----------------------------
 --- chest --- 
name: truefaith vestments
slot: chest
stamina: 14
sp_healing: 73
mp5: 6
armor: 96
 ----------------------------
 --- wrists --- 
name: bindings of transcendence
slot: wrists
intelligence: 13
stamina: 9
spirit: 16
sp_healing: 33
armor: 51
 ----------------------------
 --- two-hand --- 
name: benediction
slot: two-hand
intelligence: 31
stamina: 10
spirit: 12
sp_healing: 106
spell_crit: 2
shadow_res: 20
 ----------------------------
 ---  --- 
name: 
slot: 
 ----------------------------
 ---  --- 
name: 
slot: 
 ----------------------------
 ---  --- 
name: 
slot: 
 ----------------------------
 --- ranged --- 
name: dragon's touch
slot: ranged
intelligence: 12
stamina: 7
sp: 6
 ----------------------------
 --- hands --- 
name: handguards of transcendence
slot: hands
intelligence: 20
stamina: 12
spirit: 13
sp_healing: 29
spell_crit: 1
armor: 72
 ----------------------------
 --- waist --- 
name: belt of transcendence
slot: waist
intelligence: 26
stamina: 14
spirit: 9
sp_healing: 26
shadow_res: 10
armor: 65
 ----------------------------
 --- legs --- 
name: empowered leggings
slot: legs
intelligence: 12
stamina: 12
spirit: 24
sp_healing: 77
spell_crit: 1
armor: 103
 ----------------------------
 --- feet --- 
name: boots of transcendence
slot: feet
intelligence: 17
stamina: 17
spirit: 17
sp_healing: 35
fire_res: 10
armor: 80
 ----------------------------
 --- finger --- 
name: pure elementium band
slot: finger
intelligence: 10
stamina: 9
spirit: 10
sp_healing: 53
 ----------------------------
 --- finger --- 
name: fordring's seal
slot: finger
intelligence: 5
stamina: 4
sp_healing: 37
 ----------------------------
 --- trinket --- 
name: rejuvenating gem
slot: trinket
sp_healing: 66
mp5: 9
 ----------------------------
 --- trinket --- 
name: hazza'rah's charm of healing
slot: trinket
 ----------------------------
 --- Set bonuses ---
name: confessor's 2 hazza'rah's 1 transcendence 3 
slot: Set bonuses
sp: 23
 --- And counts for start items ---
oh_limit: 0.9
time_left_mul: 0.5
total_deficit_to_pop_trinkets: 10000
in combat total: 1268
Flash Heal 1, casts: 47, avg: 429.162, 5.88034%, cast time 5.55994% of in combat, overheal: 0.318468
Flash Heal 2, casts: 16, avg: 704.298, 3.28519%, cast time 1.89274% of in combat, overheal: 0.0175949
Flash Heal 3, casts: 8, avg: 748.657, 1.74605%, cast time 0.946372% of in combat, overheal: 0.060903
Flash Heal 4, casts: 23, avg: 681.466, 4.56936%, cast time 2.72082% of in combat, overheal: 0.228084
Flash Heal 5, casts: 11, avg: 960.596, 3.08047%, cast time 1.30126% of in combat, overheal: 0.0597302
Flash Heal 6, casts: 15, avg: 894.336, 3.91089%, cast time 1.77445% of in combat, overheal: 0.23525
Flash Heal 7, casts: 144, avg: 1327.78, 55.7404%, cast time 17.0347% of in combat, overheal: 0.0235678
Greater Heal 1 hazz, casts: 2, avg: 1321.83, 0.770708%, cast time 0.236593% of in combat, overheal: 0.279916
Greater Heal 2 hazz, casts: 1, avg: 1104, 0.321849%, cast time 0.118297% of in combat, overheal: 0.478631
Greater Heal 4, casts: 11, avg: 2376.91, 7.62234%, cast time 2.16877% of in combat, overheal: 0.158616
Greater Heal 4 hazz, casts: 13, avg: 2825, 10.7064%, cast time 1.53786% of in combat, overheal: 0
Heal 2, casts: 6, avg: 692.577, 1.21144%, cast time 1.18297% of in combat, overheal: 0.470693
Heal 4, casts: 2, avg: 1980.09, 1.15451%, cast time 0.394322% of in combat, overheal: 0
Total time casting: 467.5, which is: 36.8691% of time in combat.
Total hps: 270.519, raw hps: 297.905, oh: 0.0919281
Deficit time sum: 2.94727e+07, baseline: 3.63852e+07
Deficit*time change / s: 5451.49 hp
Number of combats: 21
Average mana at start of combat: 9343.17
Average mana at end of combat: 8105.87
Other players with hps > 100:
  Arkkade : 194.847 hps
  Cerr : 107.103 hps
  Dodotheclown : 128.563 hps
  Dopameme : 173.356 hps
  Fashotiny : 237.217 hps
  Freedrakeo : 147.803 hps
  Noranor : 123.631 hps
  Saevicus : 168.805 hps
  Visuh : 177.012 hps
  Wazzu : 204.675 hps
Reading locked from: no-locks
Setting tag name to: storm_bwl_speed_phase5
.
*** NEW BEST (1): 336.616

*** NEW BEST (1): 342.435

*** NEW BEST (1): 346.331

*** NEW BEST (1): 346.456

*** NEW BEST (1): 346.848

*** NEW BEST (1): 348.274
.
*** NEW BEST (1): 351.333

*** NEW BEST (1): 357.001

*** NEW BEST (1): 358.746

*** NEW BEST (1): 359.41
Temporary bans and partial set bonuses off.
.
*** NEW BEST (0): 353.535
back : hide of the wild -> cloak of clarity => val: 350.759 -> 352.011
***** INTERMEDIATE RESULTS *****
Iteration: 3
 ----------------------------
 --- head --- 
name: halo of transcendence
slot: head
intelligence: 27
stamina: 17
spirit: 22
sp_healing: 48
fire_res: 10
frost_res: 10
armor: 94
 ----------------------------
 --- neck --- 
name: jin'do's evil eye
slot: neck
intelligence: 11
stamina: 5
spirit: 6
sp_healing: 44
 ----------------------------
 --- shoulders --- 
name: zandalar confessor's mantle
slot: shoulders
intelligence: 24
stamina: 11
spirit: 15
sp_healing: 22
armor: 78
 ----------------------------
 --- back --- 
name: hide of the wild
slot: back
intelligence: 10
stamina: 8
sp_healing: 42
armor: 48
 ----------------------------
 --- chest --- 
name: robes of the guardian saint
slot: chest
intelligence: 22
stamina: 20
sp_healing: 70
mp5: 7
armor: 117
 ----------------------------
 --- wrists --- 
name: bracelets of royal redemption
slot: wrists
intelligence: 10
stamina: 8
spirit: 9
sp_healing: 53
armor: 54
 ----------------------------
 ---  --- 
name: 
slot: 
 ----------------------------
 --- main hand --- 
name: scepter of the false prophet
slot: main hand
intelligence: 19
stamina: 10
sp_healing: 187
mp5: 3
 ----------------------------
 ---  --- 
name: 
slot: 
 ----------------------------
 --- off hand --- 
name: sartura's might
slot: off hand
intelligence: 6
stamina: 6
sp_healing: 51
mp5: 6
 ----------------------------
 --- ranged --- 
name: lunar wand of healing
slot: ranged
sp_healing: 20
 ----------------------------
 --- hands --- 
name: handguards of transcendence
slot: hands
intelligence: 20
stamina: 12
spirit: 13
sp_healing: 29
spell_crit: 1
armor: 72
 ----------------------------
 --- waist --- 
name: grasp of the old god
slot: waist
intelligence: 19
stamina: 15
sp_healing: 59
mp5: 7
armor: 75
 ----------------------------
 --- legs --- 
name: empowered leggings
slot: legs
intelligence: 12
stamina: 12
spirit: 24
sp_healing: 77
spell_crit: 1
armor: 103
 ----------------------------
 --- feet --- 
name: boots of transcendence
slot: feet
intelligence: 17
stamina: 17
spirit: 17
sp_healing: 35
fire_res: 10
armor: 80
 ----------------------------
 --- finger --- 
name: pure elementium band
slot: finger
intelligence: 10
stamina: 9
spirit: 10
sp_healing: 53
 ----------------------------
 --- finger --- 
name: cauterizing band
slot: finger
intelligence: 12
stamina: 9
sp_healing: 46
 ----------------------------
 --- trinket --- 
name: rejuvenating gem
slot: trinket
sp_healing: 66
mp5: 9
 ----------------------------
 --- trinket --- 
name: hazza'rah's charm of healing
slot: trinket
 ----------------------------
 --- Set bonuses ---
name: confessor's 2 hazza'rah's 1 transcendence 3 
slot: Set bonuses
sp: 23
------------------
Best value: 353.535
------------------
Char stats: 
Effective hp: 9005.4
Effective mana (100 s, 33 % out of fsr): 17851.9
Raw max mana: 11230.3
Int: 463.68
Stam: 442.98
Spirit: 426.88
Strength: 79.58
Agility: 84.18
All stats multiplier (taken into account above): 1.15
Bonus mana: 2000
Bonus hp: 0
Mp5: 182
Sp: 23
Sp shadow: 0
Sp healing: 1062
Spell crit: 20
Spell hit: 0
Arcane res: 27
Nature res: 27
Fire res: 47
Frost res: 37
Shadow res: 27
Armor: 2919.75
Defense: 300
Dodge: 0
Parry: 0
HpsPvp: 1024.01
ShadowDps: 225.177
Value pvp healing: 2418.21
Value pvp shadow: 116.933
Effective hp-pvp: 11354.7
Effecctive mana for 100 s, 0.33 fsr: 19341.6
------------------
Best counts:
oh_limit: 0.8
time_left_mul: 2.5
total_deficit_to_pop_trinkets: 9025
in combat total: 1268
Flash Heal 1, casts: 17, avg: 468.303, 1.77902%, cast time 2.01104% of in combat, overheal: 0.349967
Flash Heal 2, casts: 4, avg: 675.157, 0.603491%, cast time 0.473186% of in combat, overheal: 0.1637
Flash Heal 3, casts: 5, avg: 703.988, 0.786577%, cast time 0.591483% of in combat, overheal: 0.206607
Flash Heal 4, casts: 2, avg: 956, 0.427262%, cast time 0.236593% of in combat, overheal: 0.0170762
Flash Heal 5, casts: 3, avg: 574.294, 0.385001%, cast time 0.35489% of in combat, overheal: 0.483029
Flash Heal 6, casts: 1, avg: 1258.16, 0.281153%, cast time 0.118297% of in combat, overheal: 0
Flash Heal 7, casts: 14, avg: 1390.55, 4.35033%, cast time 1.65615% of in combat, overheal: 0.0395582
Greater Heal 1, casts: 11, avg: 1365.69, 3.35699%, cast time 2.16877% of in combat, overheal: 0.321873
Greater Heal 1 hazz, casts: 4, avg: 1112.23, 0.994168%, cast time 0.473186% of in combat, overheal: 0.447727
Greater Heal 3 hazz, casts: 1, avg: 2619.19, 0.585292%, cast time 0.118297% of in combat, overheal: 0
Greater Heal 4, casts: 75, avg: 2652.99, 44.4635%, cast time 14.7871% of in combat, overheal: 0.11553
Greater Heal 4 hazz, casts: 14, avg: 2789.56, 8.72711%, cast time 1.65615% of in combat, overheal: 0.0699998
Heal 2, casts: 91, avg: 973.612, 19.7986%, cast time 17.9416% of in combat, overheal: 0.346465
Heal 4, casts: 30, avg: 2008.02, 13.4615%, cast time 5.91483% of in combat, overheal: 0.069883
Total time casting: 615, which is: 48.5016% of time in combat.
Total hps: 352.919, raw hps: 431.262, oh: 0.18166
Deficit time sum: 2.75139e+07, baseline: 3.63852e+07
Deficit*time change / s: 6996.31 hp
Number of combats: 21
Average mana at start of combat: 9026.13
Average mana at end of combat: 7744.45
Other players with hps > 100:
  Arkkade : 187.718 hps
  Cerr : 102.74 hps
  Dodotheclown : 125.831 hps
  Dopameme : 167.839 hps
  Fashotiny : 226.858 hps
  Freedrakeo : 142.487 hps
  Noranor : 118.647 hps
  Saevicus : 159.604 hps
  Visuh : 172.46 hps
  Wazzu : 200.127 hps
------------------
Upgrades: 
( following sorted by alt scores, no specials )
benediction, , , (10.5537) -> , scepter of the false prophet, , sartura's might(19.9446) : 9.39093 = +2.73367%
belt of transcendence(3.43582) -> grasp of the old god(5.71094) : 2.27512 = +0.64884%
bindings of transcendence(3.30222) -> bracelets of royal redemption(4.67157) : 1.36935 = +0.38952%
fordring's seal(3.13672) -> cauterizing band(4.20972) : 1.073 = +0.304963%
truefaith vestments(5.76108) -> robes of the guardian saint(6.72461) : 0.963531 = +0.273765%
dragon's touch(1.10843) -> lunar wand of healing(1.55066) : 0.44223 = +0.125464%
halo of transcendence(5.23318) -> halo of transcendence(5.23318) : 0 = +0%
jin'do's evil eye(4.01862) -> jin'do's evil eye(4.01862) : 0 = +0%
zandalar confessor's mantle(4.81931) -> zandalar confessor's mantle(4.81931) : 0 = +0%
hide of the wild(3.79239) -> hide of the wild(3.79239) : 0 = +0%
handguards of transcendence(3.67773) -> handguards of transcendence(3.67773) : 0 = +0%
empowered leggings(7.00266) -> empowered leggings(7.00266) : 0 = +0%
boots of transcendence(3.67459) -> boots of transcendence(3.67459) : 0 = +0%
pure elementium band(4.6745) -> pure elementium band(4.6745) : 0 = +0%
rejuvenating gem(5.26895) -> rejuvenating gem(5.26895) : 0 = +0%
hazza'rah's charm of healing(1.78326) -> hazza'rah's charm of healing(1.78326) : 0 = +0%
------------------
~~~~ end of intermediate results ~~~~
Temporary bans and partial set bonuses on.
...
*** NEW BEST (1): 360.411
Temporary bans and partial set bonuses off.
.two-hand : blessed qiraji augur staff    ->   scepter of the false prophet sartura's might => val: 347.41 -> 355.978

*** NEW BEST (0): 355.978
Based on last: 3000 entries, out of total: 9298 entries, The least-squares solution is:
Int: 106.014
Spirit: 1.38809
Sp / Healing: 100
Mp5: 0
Crit: 177.958
T1 3p/piece: 775.402
T2 3p/piece: 1706.8
100 points == 1 sp == 0.0780853 hps.
***** INTERMEDIATE RESULTS *****
Iteration: 7
 ----------------------------
 --- head --- 
name: crystal adorned crown
slot: head
intelligence: 14
spirit: 13
sp_healing: 92
armor: 85
 ----------------------------
 --- neck --- 
name: amulet of the fallen god
slot: neck
intelligence: 11
sp_healing: 57
mp5: 6
 ----------------------------
 --- shoulders --- 
name: zandalar confessor's mantle
slot: shoulders
intelligence: 24
stamina: 11
spirit: 15
sp_healing: 22
armor: 78
 ----------------------------
 --- back --- 
name: cloak of clarity
slot: back
intelligence: 12
stamina: 6
spirit: 7
sp_healing: 40
mp5: 8
armor: 66
 ----------------------------
 --- chest --- 
name: robes of the guardian saint
slot: chest
intelligence: 22
stamina: 20
sp_healing: 70
mp5: 7
armor: 117
 ----------------------------
 --- wrists --- 
name: bracelets of royal redemption
slot: wrists
intelligence: 10
stamina: 8
spirit: 9
sp_healing: 53
armor: 54
 ----------------------------
 ---  --- 
name: 
slot: 
 ----------------------------
 --- main hand --- 
name: scepter of the false prophet
slot: main hand
intelligence: 19
stamina: 10
sp_healing: 187
mp5: 3
 ----------------------------
 ---  --- 
name: 
slot: 
 ----------------------------
 --- off hand --- 
name: sartura's might
slot: off hand
intelligence: 6
stamina: 6
sp_healing: 51
mp5: 6
 ----------------------------
 --- ranged --- 
name: lunar wand of healing
slot: ranged
sp_healing: 20
 ----------------------------
 --- hands --- 
name: atal'ai hands of healing
slot: hands
sp: 9
sp_healing: 44
armor: 47
 ----------------------------
 --- waist --- 
name: grasp of the old god
slot: waist
intelligence: 19
stamina: 15
sp_healing: 59
mp5: 7
armor: 75
 ----------------------------
 --- legs --- 
name: empowered leggings
slot: legs
intelligence: 12
stamina: 12
spirit: 24
sp_healing: 77
spell_crit: 1
armor: 103
 ----------------------------
 --- feet --- 
name: boots of pure thought
slot: feet
intelligence: 12
stamina: 8
spirit: 12
sp_healing: 62
armor: 74
 ----------------------------
 --- finger --- 
name: pure elementium band
slot: finger
intelligence: 10
stamina: 9
spirit: 10
sp_healing: 53
 ----------------------------
 --- finger --- 
name: cauterizing band
slot: finger
intelligence: 12
stamina: 9
sp_healing: 46
 ----------------------------
 --- trinket --- 
name: rejuvenating gem
slot: trinket
sp_healing: 66
mp5: 9
 ----------------------------
 --- trinket --- 
name: hazza'rah's charm of healing
slot: trinket
 ----------------------------
 --- Set bonuses ---
name: confessor's 2 hazza'rah's 1 
slot: Set bonuses
sp: 23
------------------
Best value: 355.978
------------------
Char stats: 
Effective hp: 8509.1
Effective mana (100 s, 33 % out of fsr): 16759
Raw max mana: 10547.2
Int: 422.28
Stam: 391.23
Spirit: 396.98
Strength: 79.58
Agility: 84.18
All stats multiplier (taken into account above): 1.15
Bonus mana: 2000
Bonus hp: 0
Mp5: 196
Sp: 32
Sp shadow: 0
Sp healing: 1159
Spell crit: 19
Spell hit: 0
Arcane res: 27
Nature res: 27
Fire res: 27
Frost res: 27
Shadow res: 27
Armor: 2897.75
Defense: 300
Dodge: 0
Parry: 0
HpsPvp: 1052.73
ShadowDps: 225.177
Value pvp healing: 2083.03
Value pvp shadow: 95.3036
Effective hp-pvp: 10590.3
Effecctive mana for 100 s, 0.33 fsr: 18406.7
------------------
Best counts:
oh_limit: 0.7
time_left_mul: 2.3
total_deficit_to_pop_trinkets: 9025
in combat total: 1268
Flash Heal 1, casts: 21, avg: 536.578, 2.49119%, cast time 2.48423% of in combat, overheal: 0.299714
Flash Heal 2, casts: 6, avg: 710.707, 0.942748%, cast time 0.709779% of in combat, overheal: 0.166667
Flash Heal 3, casts: 4, avg: 756.052, 0.668599%, cast time 0.473186% of in combat, overheal: 0.189311
Flash Heal 4, casts: 2, avg: 1017.64, 0.449965%, cast time 0.236593% of in combat, overheal: 0
Flash Heal 5, casts: 2, avg: 1155.5, 0.51092%, cast time 0.236593% of in combat, overheal: 0
Flash Heal 6, casts: 2, avg: 1302.33, 0.575845%, cast time 0.236593% of in combat, overheal: 0
Flash Heal 7, casts: 12, avg: 1489.47, 3.95154%, cast time 1.41956% of in combat, overheal: 0.00130859
Greater Heal 1, casts: 10, avg: 1688.88, 3.73382%, cast time 1.97161% of in combat, overheal: 0.196996
Greater Heal 1 hazz, casts: 3, avg: 1338.4, 0.88769%, cast time 0.35489% of in combat, overheal: 0.363637
Greater Heal 3 hazz, casts: 1, avg: 2706.64, 0.59839%, cast time 0.118297% of in combat, overheal: 0
Greater Heal 4, casts: 73, avg: 2772.12, 44.7392%, cast time 14.3927% of in combat, overheal: 0.10166
Greater Heal 4 hazz, casts: 13, avg: 3081.43, 8.85625%, cast time 1.53786% of in combat, overheal: 0.00142206
Heal 2, casts: 93, avg: 1111.21, 22.8473%, cast time 18.336% of in combat, overheal: 0.297245
Heal 4, casts: 19, avg: 2082.24, 8.74656%, cast time 3.74606% of in combat, overheal: 0.0738702
Total time casting: 586.5, which is: 46.2539% of time in combat.
Total hps: 356.719, raw hps: 421.914, oh: 0.154521
Deficit time sum: 2.75052e+07, baseline: 3.63852e+07
Deficit*time change / s: 7003.16 hp
Number of combats: 21
Average mana at start of combat: 8438.07
Average mana at end of combat: 7149.22
Other players with hps > 100:
  Arkkade : 188.999 hps
  Cerr : 101.068 hps
  Dodotheclown : 125.765 hps
  Dopameme : 167.664 hps
  Fashotiny : 223.736 hps
  Freedrakeo : 144.545 hps
  Noranor : 118.121 hps
  Saevicus : 159.477 hps
  Visuh : 170.421 hps
  Wazzu : 203.637 hps
------------------
Upgrades: 
( following sorted by alt scores, no specials )
benediction, , , (11.1342) -> , scepter of the false prophet, , sartura's might(20.6538) : 9.51965 = +2.74184%
halo of transcendence(6.00702) -> crystal adorned crown(8.35687) : 2.34985 = +0.663108%
belt of transcendence(4.19229) -> grasp of the old god(6.17987) : 1.98758 = +0.560305%
boots of transcendence(4.15869) -> boots of pure thought(5.84766) : 1.68896 = +0.475724%
truefaith vestments(5.70023) -> robes of the guardian saint(7.28717) : 1.58694 = +0.44686%
bindings of transcendence(3.67032) -> bracelets of royal redemption(4.97607) : 1.30576 = +0.36739%
fordring's seal(3.30307) -> cauterizing band(4.5853) : 1.28223 = +0.360746%
jin'do's evil eye(4.35284) -> amulet of the fallen god(5.36145) : 1.00861 = +0.283547%
dragon's touch(1.46188) -> lunar wand of healing(1.56171) : 0.099823 = +0.0279915%
handguards of transcendence(4.07315) -> atal'ai hands of healing(4.13852) : 0.0653687 = +0.0183283%
hide of the wild(4.10739) -> cloak of clarity(4.12436) : 0.0169678 = +0.00475684%
zandalar confessor's mantle(5.51685) -> zandalar confessor's mantle(5.51685) : 0 = +0%
empowered leggings(7.17093) -> empowered leggings(7.17093) : 0 = +0%
pure elementium band(4.97717) -> pure elementium band(4.97717) : 0 = +0%
rejuvenating gem(5.15363) -> rejuvenating gem(5.15363) : 0 = +0%
hazza'rah's charm of healing(1.79596) -> hazza'rah's charm of healing(1.79596) : 0 = +0%
------------------
~~~~ end of intermediate results ~~~~
Temporary bans and partial set bonuses on.
...Temporary bans and partial set bonuses off.
.neck : jin'do's evil eye -> amulet of the fallen god => val: 347.293 -> 350.37
two-hand : blessed qiraji augur staff    ->   scepter of the false prophet sartura's might => val: 350.37 -> 356.075

*** NEW BEST (0): 356.075
Based on last: 3000 entries, out of total: 10220 entries, The least-squares solution is:
Int: 93.9028
Spirit: 0.382473
Sp / Healing: 100
Mp5: 0
Crit: 92.7511
T1 3p/piece: 726.012
T2 3p/piece: 2203.06
100 points == 1 sp == 0.0761182 hps.
shoulders : ternary mantle -> zandalar confessor's mantle => val: 356.075 -> 356.216

*** NEW BEST (0): 356.216
Based on last: 3000 entries, out of total: 10243 entries, The least-squares solution is:
Int: 93.5847
Spirit: 0
Sp / Healing: 100
Mp5: 0
Crit: 105.537
T1 3p/piece: 748.097
T2 3p/piece: 2223.3
100 points == 1 sp == 0.0760702 hps.
No swappies for item bonuses found. (best matching was empty)
***** INTERMEDIATE RESULTS *****
Iteration: 11
 ----------------------------
 --- head --- 
name: crystal adorned crown
slot: head
intelligence: 14
spirit: 13
sp_healing: 92
armor: 85
 ----------------------------
 --- neck --- 
name: amulet of the fallen god
slot: neck
intelligence: 11
sp_healing: 57
mp5: 6
 ----------------------------
 --- shoulders --- 
name: zandalar confessor's mantle
slot: shoulders
intelligence: 24
stamina: 11
spirit: 15
sp_healing: 22
armor: 78
 ----------------------------
 --- back --- 
name: cloak of clarity
slot: back
intelligence: 12
stamina: 6
spirit: 7
sp_healing: 40
mp5: 8
armor: 66
 ----------------------------
 --- chest --- 
name: robes of transcendence
slot: chest
intelligence: 27
stamina: 17
spirit: 16
sp_healing: 57
nature_res: 10
fire_res: 10
armor: 116
 ----------------------------
 --- wrists --- 
name: bindings of transcendence
slot: wrists
intelligence: 13
stamina: 9
spirit: 16
sp_healing: 33
armor: 51
 ----------------------------
 ---  --- 
name: 
slot: 
 ----------------------------
 --- main hand --- 
name: scepter of the false prophet
slot: main hand
intelligence: 19
stamina: 10
sp_healing: 187
mp5: 3
 ----------------------------
 ---  --- 
name: 
slot: 
 ----------------------------
 --- off hand --- 
name: sartura's might
slot: off hand
intelligence: 6
stamina: 6
sp_healing: 51
mp5: 6
 ----------------------------
 --- ranged --- 
name: lunar wand of healing
slot: ranged
sp_healing: 20
 ----------------------------
 --- hands --- 
name: handguards of transcendence
slot: hands
intelligence: 20
stamina: 12
spirit: 13
sp_healing: 29
spell_crit: 1
armor: 72
 ----------------------------
 --- waist --- 
name: grasp of the old god
slot: waist
intelligence: 19
stamina: 15
sp_healing: 59
mp5: 7
armor: 75
 ----------------------------
 --- legs --- 
name: empowered leggings
slot: legs
intelligence: 12
stamina: 12
spirit: 24
sp_healing: 77
spell_crit: 1
armor: 103
 ----------------------------
 --- feet --- 
name: boots of pure thought
slot: feet
intelligence: 12
stamina: 8
spirit: 12
sp_healing: 62
armor: 74
 ----------------------------
 --- finger --- 
name: pure elementium band
slot: finger
intelligence: 10
stamina: 9
spirit: 10
sp_healing: 53
 ----------------------------
 --- finger --- 
name: cauterizing band
slot: finger
intelligence: 12
stamina: 9
sp_healing: 46
 ----------------------------
 --- trinket --- 
name: hazza'rah's charm of healing
slot: trinket
 ----------------------------
 --- trinket --- 
name: rejuvenating gem
slot: trinket
sp_healing: 66
mp5: 9
 ----------------------------
 --- Set bonuses ---
name: confessor's 2 hazza'rah's 1 transcendence 3 
slot: Set bonuses
sp: 23
------------------
Best value: 356.216
------------------
Char stats: 
Effective hp: 8612.7
Effective mana (100 s, 33 % out of fsr): 17911.6
Raw max mana: 11078.5
Int: 454.48
Stam: 402.73
Spirit: 438.38
Strength: 79.58
Agility: 84.18
All stats multiplier (taken into account above): 1.15
Bonus mana: 2000
Bonus hp: 0
Mp5: 189
Sp: 23
Sp shadow: 0
Sp healing: 1111
Spell crit: 20
Spell hit: 0
Arcane res: 27
Nature res: 37
Fire res: 37
Frost res: 27
Shadow res: 27
Armor: 2918.75
Defense: 300
Dodge: 0
Parry: 0
HpsPvp: 1036.11
ShadowDps: 224.52
Value pvp healing: 2233.14
Value pvp shadow: 104.86
Effective hp-pvp: 10776.7
Effecctive mana for 100 s, 0.33 fsr: 19437.4
------------------
Best counts:
oh_limit: 0.8
time_left_mul: 2.5
total_deficit_to_pop_trinkets: 9025
in combat total: 1268
Flash Heal 1, casts: 18, avg: 484.275, 1.92661%, cast time 2.12934% of in combat, overheal: 0.347767
Flash Heal 2, casts: 3, avg: 696.567, 0.461863%, cast time 0.35489% of in combat, overheal: 0.160106
Flash Heal 3, casts: 6, avg: 749.219, 0.993548%, cast time 0.709779% of in combat, overheal: 0.176075
Flash Heal 4, casts: 3, avg: 897.201, 0.594894%, cast time 0.35489% of in combat, overheal: 0.0979304
Flash Heal 5, casts: 3, avg: 581.614, 0.385643%, cast time 0.35489% of in combat, overheal: 0.486589
Flash Heal 6, casts: 1, avg: 1280.09, 0.282923%, cast time 0.118297% of in combat, overheal: 0
Flash Heal 7, casts: 15, avg: 1414.67, 4.69004%, cast time 1.77445% of in combat, overheal: 0.0374409
Greater Heal 1, casts: 11, avg: 1493.11, 3.63005%, cast time 2.16877% of in combat, overheal: 0.274358
Greater Heal 1 hazz, casts: 4, avg: 1123.16, 0.992956%, cast time 0.473186% of in combat, overheal: 0.454151
Greater Heal 3 hazz, casts: 1, avg: 2662.76, 0.588519%, cast time 0.118297% of in combat, overheal: 0
Greater Heal 4, casts: 76, avg: 2710.67, 45.5323%, cast time 14.9842% of in combat, overheal: 0.109211
Greater Heal 4 hazz, casts: 14, avg: 2829.93, 8.75654%, cast time 1.65615% of in combat, overheal: 0.0700201
Heal 2, casts: 89, avg: 980.51, 19.2873%, cast time 17.5473% of in combat, overheal: 0.360763
Heal 4, casts: 27, avg: 1990.26, 11.8769%, cast time 5.32334% of in combat, overheal: 0.0964996
Total time casting: 609.5, which is: 48.0678% of time in combat.
Total hps: 356.822, raw hps: 437.228, oh: 0.1839
Deficit time sum: 2.75302e+07, baseline: 3.63852e+07
Deficit*time change / s: 6983.4 hp
Number of combats: 21
Average mana at start of combat: 9142.52
Average mana at end of combat: 7944.18
Other players with hps > 100:
  Arkkade : 187.306 hps
  Cerr : 102.637 hps
  Dodotheclown : 125.351 hps
  Dopameme : 167.511 hps
  Fashotiny : 225.213 hps
  Freedrakeo : 142.508 hps
  Noranor : 118.352 hps
  Saevicus : 159.792 hps
  Visuh : 171.293 hps
  Wazzu : 200.025 hps
------------------
Upgrades: 
( following sorted by alt scores, no specials )
benediction, , , (10.4309) -> , scepter of the false prophet, , sartura's might(19.8845) : 9.45355 = +2.72147%
halo of transcendence(5.57352) -> crystal adorned crown(7.99512) : 2.4216 = +0.683295%
belt of transcendence(3.82877) -> grasp of the old god(5.84076) : 2.01199 = +0.567062%
boots of transcendence(3.87268) -> boots of pure thought(5.57065) : 1.69797 = +0.478133%
fordring's seal(3.17056) -> cauterizing band(4.35352) : 1.18295 = +0.332627%
jin'do's evil eye(4.13019) -> amulet of the fallen god(5.11908) : 0.988892 = +0.277909%
truefaith vestments(5.55313) -> robes of transcendence(6.25815) : 0.705017 = +0.197973%
dragon's touch(1.3107) -> lunar wand of healing(1.52139) : 0.210693 = +0.059082%
zandalar confessor's mantle(5.13171) -> zandalar confessor's mantle(5.13171) : 0 = +0%
bindings of transcendence(3.43579) -> bindings of transcendence(3.43579) : 0 = +0%
handguards of transcendence(3.71011) -> handguards of transcendence(3.71011) : 0 = +0%
empowered leggings(6.79196) -> empowered leggings(6.79196) : 0 = +0%
pure elementium band(4.74362) -> pure elementium band(4.74362) : 0 = +0%
hazza'rah's charm of healing(1.7496) -> hazza'rah's charm of healing(1.7496) : 0 = +0%
rejuvenating gem(5.02063) -> rejuvenating gem(5.02063) : 0 = +0%
hide of the wild(3.90686) -> cloak of clarity(3.89709) : -0.00976562 = +-0.00273676%
------------------
~~~~ end of intermediate results ~~~~
Temporary bans and partial set bonuses on.
...Temporary bans and partial set bonuses off.
.two-hand : blessed qiraji augur staff    ->   scepter of the false prophet sartura's might => val: 349.588 -> 355.776
back : cloak of clarity -> hide of the wild => val: 355.776 -> 357.644

*** NEW BEST (0): 357.644
Based on last: 3000 entries, out of total: 13665 entries, The least-squares solution is:
Int: 263.495
Spirit: 0
Sp / Healing: 100
Mp5: 0
Crit: 0
T1 3p/piece: 2199.22
T2 3p/piece: 2769.45
100 points == 1 sp == 0.0760761 hps.
wrists : bindings of transcendence -> bracelets of royal redemption => val: 355.337 -> 357.023
***** INTERMEDIATE RESULTS *****
Iteration: 15
 ----------------------------
 --- head --- 
name: crystal adorned crown
slot: head
intelligence: 14
spirit: 13
sp_healing: 92
armor: 85
 ----------------------------
 --- neck --- 
name: amulet of the fallen god
slot: neck
intelligence: 11
sp_healing: 57
mp5: 6
 ----------------------------
 --- shoulders --- 
name: pauldrons of transcendence
slot: shoulders
intelligence: 25
stamina: 12
spirit: 13
sp_healing: 26
fire_res: 10
armor: 87
 ----------------------------
 --- back --- 
name: hide of the wild
slot: back
intelligence: 10
stamina: 8
sp_healing: 42
armor: 48
 ----------------------------
 --- chest --- 
name: robes of the guardian saint
slot: chest
intelligence: 22
stamina: 20
sp_healing: 70
mp5: 7
armor: 117
 ----------------------------
 --- wrists --- 
name: bindings of transcendence
slot: wrists
intelligence: 13
stamina: 9
spirit: 16
sp_healing: 33
armor: 51
 ----------------------------
 ---  --- 
name: 
slot: 
 ----------------------------
 --- main hand --- 
name: scepter of the false prophet
slot: main hand
intelligence: 19
stamina: 10
sp_healing: 187
mp5: 3
 ----------------------------
 ---  --- 
name: 
slot: 
 ----------------------------
 --- off hand --- 
name: sartura's might
slot: off hand
intelligence: 6
stamina: 6
sp_healing: 51
mp5: 6
 ----------------------------
 --- ranged --- 
name: lunar wand of healing
slot: ranged
sp_healing: 20
 ----------------------------
 --- hands --- 
name: handguards of transcendence
slot: hands
intelligence: 20
stamina: 12
spirit: 13
sp_healing: 29
spell_crit: 1
armor: 72
 ----------------------------
 --- waist --- 
name: grasp of the old god
slot: waist
intelligence: 19
stamina: 15
sp_healing: 59
mp5: 7
armor: 75
 ----------------------------
 --- legs --- 
name: empowered leggings
slot: legs
intelligence: 12
stamina: 12
spirit: 24
sp_healing: 77
spell_crit: 1
armor: 103
 ----------------------------
 --- feet --- 
name: boots of pure thought
slot: feet
intelligence: 12
stamina: 8
spirit: 12
sp_healing: 62
armor: 74
 ----------------------------
 --- finger --- 
name: pure elementium band
slot: finger
intelligence: 10
stamina: 9
spirit: 10
sp_healing: 53
 ----------------------------
 --- finger --- 
name: cauterizing band
slot: finger
intelligence: 12
stamina: 9
sp_healing: 46
 ----------------------------
 --- trinket --- 
name: hazza'rah's charm of healing
slot: trinket
 ----------------------------
 --- trinket --- 
name: rejuvenating gem
slot: trinket
sp_healing: 66
mp5: 9
 ----------------------------
 --- Set bonuses ---
name: hazza'rah's 1 transcendence 3 
slot: Set bonuses
------------------
Best value: 357.644
------------------
Char stats: 
Effective hp: 8680.9
Effective mana (100 s, 33 % out of fsr): 17599
Raw max mana: 10964.7
Int: 447.58
Stam: 409.63
Spirit: 409.63
Strength: 79.58
Agility: 84.18
All stats multiplier (taken into account above): 1.15
Bonus mana: 2000
Bonus hp: 0
Mp5: 188
Sp: 0
Sp shadow: 0
Sp healing: 1130
Spell crit: 20
Spell hit: 0
Arcane res: 27
Nature res: 27
Fire res: 37
Frost res: 27
Shadow res: 27
Armor: 2910.75
Defense: 300
Dodge: 0
Parry: 0
HpsPvp: 1037
ShadowDps: 219.084
Value pvp healing: 2217.7
Value pvp shadow: 98.9839
Effective hp-pvp: 10842.2
Effecctive mana for 100 s, 0.33 fsr: 19034.5
------------------
Best counts:
oh_limit: 0.8
time_left_mul: 2.5
total_deficit_to_pop_trinkets: 9025
in combat total: 1268
Flash Heal 1, casts: 16, avg: 457.57, 1.61978%, cast time 1.89274% of in combat, overheal: 0.382105
Flash Heal 2, casts: 5, avg: 694.751, 0.768559%, cast time 0.591483% of in combat, overheal: 0.160297
Flash Heal 3, casts: 5, avg: 716.004, 0.79207%, cast time 0.591483% of in combat, overheal: 0.210876
Flash Heal 4, casts: 3, avg: 896.533, 0.595066%, cast time 0.35489% of in combat, overheal: 0.0967816
Flash Heal 5, casts: 3, avg: 580.937, 0.385592%, cast time 0.35489% of in combat, overheal: 0.486265
Flash Heal 6, casts: 1, avg: 1278.03, 0.28276%, cast time 0.118297% of in combat, overheal: 0
Flash Heal 7, casts: 15, avg: 1412.83, 4.68878%, cast time 1.77445% of in combat, overheal: 0.0373219
Greater Heal 1, casts: 11, avg: 1491.29, 3.62937%, cast time 2.16877% of in combat, overheal: 0.273829
Greater Heal 1 hazz, casts: 4, avg: 1122.16, 0.993097%, cast time 0.473186% of in combat, overheal: 0.453574
Greater Heal 3 hazz, casts: 1, avg: 2658.64, 0.588216%, cast time 0.118297% of in combat, overheal: 0
Greater Heal 4, casts: 75, avg: 2727.17, 45.2534%, cast time 14.7871% of in combat, overheal: 0.102553
Greater Heal 4 hazz, casts: 14, avg: 2826.04, 8.75354%, cast time 1.65615% of in combat, overheal: 0.0700182
Heal 2, casts: 92, avg: 986.18, 20.0735%, cast time 18.1388% of in combat, overheal: 0.355418
Heal 4, casts: 26, avg: 2012.42, 11.5763%, cast time 5.12618% of in combat, overheal: 0.0847536
Total time casting: 610.5, which is: 48.1467% of time in combat.
Total hps: 356.453, raw hps: 435.351, oh: 0.181228
Deficit time sum: 2.75329e+07, baseline: 3.63852e+07
Deficit*time change / s: 6981.33 hp
Number of combats: 21
Average mana at start of combat: 8940.43
Average mana at end of combat: 7720.78
Other players with hps > 100:
  Arkkade : 187.422 hps
  Cerr : 102.645 hps
  Dodotheclown : 125.38 hps
  Dopameme : 167.768 hps
  Fashotiny : 225.429 hps
  Freedrakeo : 142.545 hps
  Noranor : 118.38 hps
  Saevicus : 159.669 hps
  Visuh : 170.958 hps
  Wazzu : 200.048 hps
------------------
Upgrades: 
( following sorted by alt scores, no specials )
benediction, , , (14.2782) -> , scepter of the false prophet, , sartura's might(23.1175) : 8.83932 = +2.54286%
truefaith vestments(5.55356) -> robes of the guardian saint(9.73535) : 4.18179 = +1.18709%
fordring's seal(3.81711) -> cauterizing band(5.90497) : 2.08786 = +0.589183%
belt of transcendence(7.18985) -> grasp of the old god(8.29715) : 1.1073 = +0.311612%
boots of transcendence(6.0704) -> boots of pure thought(7.12219) : 1.05179 = +0.295944%
jin'do's evil eye(5.55237) -> amulet of the fallen god(6.54135) : 0.988983 = +0.278223%
halo of transcendence(9.06396) -> crystal adorned crown(9.80539) : 0.741425 = +0.208434%
hide of the wild(5.19977) -> hide of the wild(5.19977) : 0 = +0%
bindings of transcendence(5.11646) -> bindings of transcendence(5.11646) : 0 = +0%
handguards of transcendence(6.21533) -> handguards of transcendence(6.21533) : 0 = +0%
empowered leggings(8.26334) -> empowered leggings(8.26334) : 0 = +0%
pure elementium band(6.03659) -> pure elementium band(6.03659) : 0 = +0%
hazza'rah's charm of healing(0) -> hazza'rah's charm of healing(0) : 0 = +0%
rejuvenating gem(5.02103) -> rejuvenating gem(5.02103) : 0 = +0%
zandalar confessor's mantle(8.23438) -> pauldrons of transcendence(6.98938) : -1.245 = +-0.348057%
dragon's touch(2.86194) -> lunar wand of healing(1.52151) : -1.34042 = +-0.374636%
------------------
~~~~ end of intermediate results ~~~~
Temporary bans and partial set bonuses on.
...Temporary bans and partial set bonuses off.
.wrists : vambraces of prophecy -> bracelets of royal redemption => val: 346.64 -> 346.94
two-hand :   gavel of infinite wisdom lei of the lifegiver ->   scepter of the false prophet sartura's might => val: 346.94 -> 352.837
***** INTERMEDIATE RESULTS *****
Iteration: 19
 ----------------------------
 --- head --- 
name: crystal adorned crown
slot: head
intelligence: 14
spirit: 13
sp_healing: 92
armor: 85
 ----------------------------
 --- neck --- 
name: amulet of the fallen god
slot: neck
intelligence: 11
sp_healing: 57
mp5: 6
 ----------------------------
 --- shoulders --- 
name: pauldrons of transcendence
slot: shoulders
intelligence: 25
stamina: 12
spirit: 13
sp_healing: 26
fire_res: 10
armor: 87
 ----------------------------
 --- back --- 
name: hide of the wild
slot: back
intelligence: 10
stamina: 8
sp_healing: 42
armor: 48
 ----------------------------
 --- chest --- 
name: robes of the guardian saint
slot: chest
intelligence: 22
stamina: 20
sp_healing: 70
mp5: 7
armor: 117
 ----------------------------
 --- wrists --- 
name: bindings of transcendence
slot: wrists
intelligence: 13
stamina: 9
spirit: 16
sp_healing: 33
armor: 51
 ----------------------------
 ---  --- 
name: 
slot: 
 ----------------------------
 --- main hand --- 
name: scepter of the false prophet
slot: main hand
intelligence: 19
stamina: 10
sp_healing: 187
mp5: 3
 ----------------------------
 ---  --- 
name: 
slot: 
 ----------------------------
 --- off hand --- 
name: sartura's might
slot: off hand
intelligence: 6
stamina: 6
sp_healing: 51
mp5: 6
 ----------------------------
 --- ranged --- 
name: lunar wand of healing
slot: ranged
sp_healing: 20
 ----------------------------
 --- hands --- 
name: handguards of transcendence
slot: hands
intelligence: 20
stamina: 12
spirit: 13
sp_healing: 29
spell_crit: 1
armor: 72
 ----------------------------
 --- waist --- 
name: grasp of the old god
slot: waist
intelligence: 19
stamina: 15
sp_healing: 59
mp5: 7
armor: 75
 ----------------------------
 --- legs --- 
name: empowered leggings
slot: legs
intelligence: 12
stamina: 12
spirit: 24
sp_healing: 77
spell_crit: 1
armor: 103
 ----------------------------
 --- feet --- 
name: boots of pure thought
slot: feet
intelligence: 12
stamina: 8
spirit: 12
sp_healing: 62
armor: 74
 ----------------------------
 --- finger --- 
name: pure elementium band
slot: finger
intelligence: 10
stamina: 9
spirit: 10
sp_healing: 53
 ----------------------------
 --- finger --- 
name: cauterizing band
slot: finger
intelligence: 12
stamina: 9
sp_healing: 46
 ----------------------------
 --- trinket --- 
name: hazza'rah's charm of healing
slot: trinket
 ----------------------------
 --- trinket --- 
name: rejuvenating gem
slot: trinket
sp_healing: 66
mp5: 9
 ----------------------------
 --- Set bonuses ---
name: hazza'rah's 1 transcendence 3 
slot: Set bonuses
------------------
Best value: 357.644
------------------
Char stats: 
Effective hp: 8680.9
Effective mana (100 s, 33 % out of fsr): 17599
Raw max mana: 10964.7
Int: 447.58
Stam: 409.63
Spirit: 409.63
Strength: 79.58
Agility: 84.18
All stats multiplier (taken into account above): 1.15
Bonus mana: 2000
Bonus hp: 0
Mp5: 188
Sp: 0
Sp shadow: 0
Sp healing: 1130
Spell crit: 20
Spell hit: 0
Arcane res: 27
Nature res: 27
Fire res: 37
Frost res: 27
Shadow res: 27
Armor: 2910.75
Defense: 300
Dodge: 0
Parry: 0
HpsPvp: 1027.69
ShadowDps: 226.336
Value pvp healing: 2262.37
Value pvp shadow: 109.735
Effective hp-pvp: 10842.2
Effecctive mana for 100 s, 0.33 fsr: 19034.5
------------------
Best counts:
oh_limit: 0.8
time_left_mul: 2.1
total_deficit_to_pop_trinkets: 9025
in combat total: 1268
Flash Heal 1, casts: 22, avg: 471.142, 2.3053%, cast time 2.60252% of in combat, overheal: 0.363778
Flash Heal 2, casts: 7, avg: 695.698, 1.08311%, cast time 0.828076% of in combat, overheal: 0.159153
Flash Heal 3, casts: 7, avg: 830.957, 1.29369%, cast time 0.828076% of in combat, overheal: 0.0841833
Flash Heal 4, casts: 3, avg: 907.399, 0.605442%, cast time 0.35489% of in combat, overheal: 0.0858346
Flash Heal 5, casts: 3, avg: 1130.81, 0.754509%, cast time 0.35489% of in combat, overheal: 0
Flash Heal 6, casts: 1, avg: 1278.03, 0.284245%, cast time 0.118297% of in combat, overheal: 0
Flash Heal 7, casts: 17, avg: 1465.69, 5.54171%, cast time 2.01104% of in combat, overheal: 0.00130687
Greater Heal 1, casts: 10, avg: 1454.61, 3.2352%, cast time 1.97161% of in combat, overheal: 0.291686
Greater Heal 1 hazz, casts: 4, avg: 1122.16, 0.998313%, cast time 0.473186% of in combat, overheal: 0.453574
Greater Heal 3 hazz, casts: 1, avg: 2658.64, 0.591306%, cast time 0.118297% of in combat, overheal: 0
Greater Heal 4, casts: 73, avg: 2765.49, 44.9002%, cast time 14.3927% of in combat, overheal: 0.089943
Greater Heal 4 hazz, casts: 13, avg: 2809.67, 8.12366%, cast time 1.53786% of in combat, overheal: 0.0754043
Heal 2, casts: 85, avg: 986.323, 18.6462%, cast time 16.7587% of in combat, overheal: 0.355324
Heal 4, casts: 26, avg: 2012.42, 11.6371%, cast time 5.12618% of in combat, overheal: 0.0847536
Total time casting: 602, which is: 47.4763% of time in combat.
Total hps: 354.591, raw hps: 426.651, oh: 0.168897
Deficit time sum: 2.75e+07, baseline: 3.63852e+07
Deficit*time change / s: 7007.29 hp
Number of combats: 21
Average mana at start of combat: 8970.73
Average mana at end of combat: 7794.92
Other players with hps > 100:
  Arkkade : 187.999 hps
  Cerr : 102.123 hps
  Dodotheclown : 125.721 hps
  Dopameme : 167.359 hps
  Fashotiny : 224.482 hps
  Freedrakeo : 142.969 hps
  Noranor : 120.269 hps
  Saevicus : 159.669 hps
  Visuh : 170.959 hps
  Wazzu : 202.125 hps
------------------
Upgrades: 
( following sorted by alt scores, no specials )
benediction, , , (14.2782) -> , scepter of the false prophet, , sartura's might(23.1175) : 8.83929 = +2.55654%
truefaith vestments(5.55356) -> robes of the guardian saint(9.73535) : 4.18179 = +1.1934%
fordring's seal(3.81711) -> cauterizing band(5.90497) : 2.08786 = +0.592296%
belt of transcendence(7.18985) -> grasp of the old god(8.29715) : 1.1073 = +0.313254%
boots of transcendence(6.07043) -> boots of pure thought(7.12219) : 1.05176 = +0.297494%
jin'do's evil eye(5.55237) -> amulet of the fallen god(6.54135) : 0.988983 = +0.279688%
halo of transcendence(9.06396) -> crystal adorned crown(9.80539) : 0.741425 = +0.209531%
hide of the wild(5.19977) -> hide of the wild(5.19977) : 0 = +0%
bindings of transcendence(5.11646) -> bindings of transcendence(5.11646) : 0 = +0%
handguards of transcendence(6.21533) -> handguards of transcendence(6.21533) : 0 = +0%
empowered leggings(8.26334) -> empowered leggings(8.26334) : 0 = +0%
pure elementium band(6.03659) -> pure elementium band(6.03659) : 0 = +0%
hazza'rah's charm of healing(0) -> hazza'rah's charm of healing(0) : 0 = +0%
rejuvenating gem(5.02103) -> rejuvenating gem(5.02103) : 0 = +0%
zandalar confessor's mantle(8.23438) -> pauldrons of transcendence(6.98938) : -1.245 = +-0.349879%
dragon's touch(2.86194) -> lunar wand of healing(1.52151) : -1.34042 = +-0.376596%
------------------
~~~~ end of intermediate results ~~~~
Same items for intermediate results again, ending optimization. 
 ----------------------------
 --- head --- 
name: crystal adorned crown
slot: head
intelligence: 14
spirit: 13
sp_healing: 92
armor: 85
 ----------------------------
 --- neck --- 
name: amulet of the fallen god
slot: neck
intelligence: 11
sp_healing: 57
mp5: 6
 ----------------------------
 --- shoulders --- 
name: pauldrons of transcendence
slot: shoulders
intelligence: 25
stamina: 12
spirit: 13
sp_healing: 26
fire_res: 10
armor: 87
 ----------------------------
 --- back --- 
name: hide of the wild
slot: back
intelligence: 10
stamina: 8
sp_healing: 42
armor: 48
 ----------------------------
 --- chest --- 
name: robes of the guardian saint
slot: chest
intelligence: 22
stamina: 20
sp_healing: 70
mp5: 7
armor: 117
 ----------------------------
 --- wrists --- 
name: bindings of transcendence
slot: wrists
intelligence: 13
stamina: 9
spirit: 16
sp_healing: 33
armor: 51
 ----------------------------
 ---  --- 
name: 
slot: 
 ----------------------------
 --- main hand --- 
name: scepter of the false prophet
slot: main hand
intelligence: 19
stamina: 10
sp_healing: 187
mp5: 3
 ----------------------------
 ---  --- 
name: 
slot: 
 ----------------------------
 --- off hand --- 
name: sartura's might
slot: off hand
intelligence: 6
stamina: 6
sp_healing: 51
mp5: 6
 ----------------------------
 --- ranged --- 
name: lunar wand of healing
slot: ranged
sp_healing: 20
 ----------------------------
 --- hands --- 
name: handguards of transcendence
slot: hands
intelligence: 20
stamina: 12
spirit: 13
sp_healing: 29
spell_crit: 1
armor: 72
 ----------------------------
 --- waist --- 
name: grasp of the old god
slot: waist
intelligence: 19
stamina: 15
sp_healing: 59
mp5: 7
armor: 75
 ----------------------------
 --- legs --- 
name: empowered leggings
slot: legs
intelligence: 12
stamina: 12
spirit: 24
sp_healing: 77
spell_crit: 1
armor: 103
 ----------------------------
 --- feet --- 
name: boots of pure thought
slot: feet
intelligence: 12
stamina: 8
spirit: 12
sp_healing: 62
armor: 74
 ----------------------------
 --- finger --- 
name: pure elementium band
slot: finger
intelligence: 10
stamina: 9
spirit: 10
sp_healing: 53
 ----------------------------
 --- finger --- 
name: cauterizing band
slot: finger
intelligence: 12
stamina: 9
sp_healing: 46
 ----------------------------
 --- trinket --- 
name: hazza'rah's charm of healing
slot: trinket
 ----------------------------
 --- trinket --- 
name: rejuvenating gem
slot: trinket
sp_healing: 66
mp5: 9
 ----------------------------
 --- Set bonuses ---
name: hazza'rah's 1 transcendence 3 
slot: Set bonuses
------------------
Char stats: 
Effective hp: 8680.9
Effective mana (100 s, 33 % out of fsr): 17599
Raw max mana: 10964.7
Int: 447.58
Stam: 409.63
Spirit: 409.63
Strength: 79.58
Agility: 84.18
All stats multiplier (taken into account above): 1.15
Bonus mana: 2000
Bonus hp: 0
Mp5: 188
Sp: 0
Sp shadow: 0
Sp healing: 1130
Spell crit: 20
Spell hit: 0
Arcane res: 27
Nature res: 27
Fire res: 37
Frost res: 27
Shadow res: 27
Armor: 2910.75
Defense: 300
Dodge: 0
Parry: 0
HpsPvp: 1034.69
ShadowDps: 219.084
Value pvp healing: 2214.86
Value pvp shadow: 99.2989
Effective hp-pvp: 10842.2
Effecctive mana for 100 s, 0.33 fsr: 19034.5
------------------
Best counts:
oh_limit: 0.8
time_left_mul: 2.1
total_deficit_to_pop_trinkets: 9025
in combat total: 1268
Flash Heal 1, casts: 22, avg: 471.142, 2.3053%, cast time 2.60252% of in combat, overheal: 0.363778
Flash Heal 2, casts: 7, avg: 695.698, 1.08311%, cast time 0.828076% of in combat, overheal: 0.159153
Flash Heal 3, casts: 7, avg: 830.957, 1.29369%, cast time 0.828076% of in combat, overheal: 0.0841833
Flash Heal 4, casts: 3, avg: 907.399, 0.605442%, cast time 0.35489% of in combat, overheal: 0.0858346
Flash Heal 5, casts: 3, avg: 1130.81, 0.754509%, cast time 0.35489% of in combat, overheal: 0
Flash Heal 6, casts: 1, avg: 1278.03, 0.284245%, cast time 0.118297% of in combat, overheal: 0
Flash Heal 7, casts: 17, avg: 1465.69, 5.54171%, cast time 2.01104% of in combat, overheal: 0.00130687
Greater Heal 1, casts: 10, avg: 1454.61, 3.2352%, cast time 1.97161% of in combat, overheal: 0.291686
Greater Heal 1 hazz, casts: 4, avg: 1122.16, 0.998313%, cast time 0.473186% of in combat, overheal: 0.453574
Greater Heal 3 hazz, casts: 1, avg: 2658.64, 0.591306%, cast time 0.118297% of in combat, overheal: 0
Greater Heal 4, casts: 73, avg: 2765.49, 44.9002%, cast time 14.3927% of in combat, overheal: 0.089943
Greater Heal 4 hazz, casts: 13, avg: 2809.67, 8.12366%, cast time 1.53786% of in combat, overheal: 0.0754043
Heal 2, casts: 85, avg: 986.323, 18.6462%, cast time 16.7587% of in combat, overheal: 0.355324
Heal 4, casts: 26, avg: 2012.42, 11.6371%, cast time 5.12618% of in combat, overheal: 0.0847536
Total time casting: 602, which is: 47.4763% of time in combat.
Total hps: 354.591, raw hps: 426.651, oh: 0.168897
Deficit time sum: 2.75e+07, baseline: 3.63852e+07
Deficit*time change / s: 7007.29 hp
Number of combats: 21
Average mana at start of combat: 8970.73
Average mana at end of combat: 7794.92
Other players with hps > 100:
  Arkkade : 187.999 hps
  Cerr : 102.123 hps
  Dodotheclown : 125.721 hps
  Dopameme : 167.359 hps
  Fashotiny : 224.482 hps
  Freedrakeo : 142.969 hps
  Noranor : 120.269 hps
  Saevicus : 159.669 hps
  Visuh : 170.959 hps
  Wazzu : 202.125 hps
------------------
Based on last: 3000 entries, out of total: 14262 entries, The least-squares solution is:
Int: 220.141
Spirit: 0
Sp / Healing: 100
Mp5: 0
Crit: 0
T1 3p/piece: 1822.4
T2 3p/piece: 2885.91
100 points == 1 sp == 0.077061 hps.
Appended tag:
( Pawn: v1: "storm_bwl_speed_phase5": Intellect=220.141, Spirit=0, Healing=100, Mp5=0, SpellCritRating=0, IsFist=X, Is2HMace=X, IsCrossbow=X, IsGun=X, IsShield=X, IsPolearm=X, Is2HAxe=X, IsBow=X, IsMail=X, IsPlate=X, IsLeather=X, IsAxe=X, Is2HAxe=X, IsSword=X, Is2HSword=X)
To file: storm_bwl_speed_phase5.pawn_tag.txt
------------------
Diffs to start: 
Upgrades: 
( following sorted by alt scores, no specials )
benediction, , , (13.4274) -> , scepter of the false prophet, , sartura's might(22.5816) : 9.15417 = +2.65003%
truefaith vestments(5.62546) -> robes of the guardian saint(9.1264) : 3.50095 = +0.997165%
fordring's seal(3.69946) -> cauterizing band(5.58051) : 1.88104 = +0.533312%
belt of transcendence(6.41431) -> grasp of the old god(7.76981) : 1.3555 = +0.383738%
boots of transcendence(5.58105) -> boots of pure thought(6.81351) : 1.23245 = +0.348783%
halo of transcendence(8.27927) -> crystal adorned crown(9.4646) : 1.18533 = +0.335403%
jin'do's evil eye(5.25674) -> amulet of the fallen god(6.25854) : 1.0018 = +0.283323%
hide of the wild(4.93298) -> hide of the wild(4.93298) : 0 = +0%
bindings of transcendence(4.74838) -> bindings of transcendence(4.74838) : 0 = +0%
handguards of transcendence(5.62762) -> handguards of transcendence(5.62762) : 0 = +0%
empowered leggings(7.96942) -> empowered leggings(7.96942) : 0 = +0%
pure elementium band(5.78067) -> pure elementium band(5.78067) : 0 = +0%
hazza'rah's charm of healing(0) -> hazza'rah's charm of healing(0) : 0 = +0%
rejuvenating gem(5.08603) -> rejuvenating gem(5.08603) : 0 = +0%
dragon's touch(2.49808) -> lunar wand of healing(1.54123) : -0.956848 = +-0.269119%
zandalar confessor's mantle(7.53915) -> pauldrons of transcendence(6.24466) : -1.29449 = +-0.363739%
- - - - - - - - - - - - - - - - - - - - - - - - - - - - - - - - - - - - - - - - - 
| Upgrades at best in slot level, from start item to candidate, partial bonuses: 1: |
  alt scores are from least squares fit, special score from e.g. set bonuses as s are part of em
. . . . . . . . . . . . . . . . . . . . . . . . . . . . . . . . . . . . . . . . . 
- . - ' - . - ' - . - ' - . - ' - . - ' - . -
head, halo of transcendence (4.23859), alt: 8.27927 -> :
    crystal adorned crown (4.44089) : +0.0569507 %, alt : +9.46461, from: azuregos
    don rigoberto's lost hat (-0.547028) : -1.34722 %, alt : +9.00333, from: aq40
    halo of transcendence (4.23859) : +0 %, alt : +8.27928, from: onyxia
- . - ' - . - ' - . - ' - . - ' - . - ' - . -
neck, jin'do's evil eye (0.148682), alt: 5.25674 -> :
    amulet of the fallen god (2.9906) : +0.806032 %, alt : +6.25855, from: aq40
    the all-seeing eye of zuldazar (1.70508) : +0.441429 %, alt : +4.51664, from: zg
- . - ' - . - ' - . - ' - . - ' - . - ' - . -
shoulders, zandalar confessor's mantle (6.23099), alt: 7.53915 -> :
    pauldrons of transcendence (3.22433) : -0.83884 %, alt : +8.46856 (s: 2.22391), from: bwl
    zandalar confessor's mantle (6.23099) : +0 %, alt : +7.53917, from: zg
- . - ' - . - ' - . - ' - . - ' - . - ' - . -
back, hide of the wild (5.85849), alt: 4.93298 -> :
    cloak of clarity (4.81958) : -0.292302 %, alt : +5.11815, from: aq40
- . - ' - . - ' - . - ' - . - ' - . - ' - . -
chest, truefaith vestments (5.34613), alt: 5.62546 -> :
    robes of the guardian saint (5.46988) : +0.0348294 %, alt : +9.12641, from: aq40
    robes of transcendence (3.46619) : -0.529115 %, alt : +8.97283, from: bwl
    robes of the exalted (4.0567) : -0.362913 %, alt : +6.08836, from: pre-raid
- . - ' - . - ' - . - ' - . - ' - . - ' - . -
wrists, bindings of transcendence (2.75021), alt: 6.97226 (s: 2.22391) -> :
    bindings of transcendence (2.75021) : +0 %, alt : +6.97227 (s: 2.22391), from: bwl
    bracelets of royal redemption (7.078) : +1.21764 %, alt : +5.78066, from: aq40
    vambraces of prophecy (4.82007) : +0.582363 %, alt : +5.62882 (s: 1.40436), from: mc
    burrower bracers (4.89819) : +0.604344 %, alt : +4.36306, from: aq40
- . - ' - . - ' - . - ' - . - ' - . - ' - . -
two-hand, benediction (8.73495), alt: 13.4274 -> :
    scepter of the false prophet and sartura's might (1.15396) : -2.08179 %, alt : +22.5816, from: aq40, aq40
    scepter of the false prophet and lei of the lifegiver (3.91452) : -1.32372 %, alt : +21.7178, from: aq40, av rep
    scepter of the false prophet and trance stone (1.66913) : -1.94032 %, alt : +20.9173, from: aq40, emeriss; lethon; taerar; ysondre
    scepter of the false prophet and brightly glowing stone (2.43362) : -1.73038 %, alt : +20.4849, from: aq40, pre-raid
    blessed qiraji augur staff (0.939362) : -2.14072 %, alt : +15.0911, from: aq40
    lok'amir il romathis and sartura's might (5.51221) : -0.884985 %, alt : +14.4747, from: bwl, aq40
    gavel of infinite wisdom and sartura's might (4.25381) : -1.23055 %, alt : +13.7495, from: aq20, aq40
    lok'amir il romathis and lei of the lifegiver (6.82742) : -0.523819 %, alt : +13.6109, from: bwl, av rep
    lok'amir il romathis and trance stone (9.01523) : +0.0769647 %, alt : +12.8104, from: bwl, emeriss; lethon; taerar; ysondre
    jin'do's hexxer and sartura's might (8.75659) : +0.00594164 %, alt : +10.4049, from: zg, aq40
- . - ' - . - ' - . - ' - . - ' - . - ' - . -
ranged, dragon's touch (1.00363), alt: 2.49808 -> :
    antenna of invigoration (2.51617) : +0.427171 %, alt : +1.68036, from: aq20
    lunar wand of healing (2.34302) : +0.378268 %, alt : +1.54122, from: random green
    wandof qiraji nobility (2.36798) : +0.385318 %, alt : +1.46416, from: aq40
- . - ' - . - ' - . - ' - . - ' - . - ' - . -
hands, handguards of transcendence (2.93991), alt: 7.85153 (s: 2.22391) -> :
    handguards of transcendence (2.93991) : +0 %, alt : +7.85153 (s: 2.22391), from: bwl
    gloves of dark wisdom (6.12372) : +0.895779 %, alt : +6.08999, from: aq20
    dark storm gauntlets (5.7916) : +0.802335 %, alt : +5.3959, from: aq40
    atal'ai hands of healing (6.55524) : +1.01719 %, alt : +4.08423, from: sunken temple
- . - ' - . - ' - . - ' - . - ' - . - ' - . -
waist, belt of transcendence (2.72009), alt: 6.41431 -> :
    grasp of the old god (3.69379) : +0.274706 %, alt : +7.76981, from: aq40
    zandalar confessor's bindings (1.20944) : -0.426196 %, alt : +7.16884, from: zg
    belt of transcendence (2.72009) : +0 %, alt : +6.4143, from: bwl
- . - ' - . - ' - . - ' - . - ' - . - ' - . -
legs, empowered leggings (4.63565), alt: 7.96942 -> :
    leggings of transcendence (0.155548) : -1.2605 %, alt : +7.1073, from: mc
- . - ' - . - ' - . - ' - . - ' - . - ' - . -
feet, boots of transcendence (-0.785461), alt: 5.58105 -> :
    boots of pure thought (2.79248) : +1.01691 %, alt : +6.81349, from: bwl
    treads of the wandering nomand (-0.145294) : +0.181946 %, alt : +5.90483, from: aq20
    boots of epiphany (2.92133) : +1.05353 %, alt : +5.84328, from: aq40
    boots of transcendence (-0.785461) : +0 %, alt : +5.58106, from: bwl
- . - ' - . - ' - . - ' - . - ' - . - ' - . -
finger, pure elementium band (1.95749), alt: 5.78067 -> :
- . - ' - . - ' - . - ' - . - ' - . - ' - . -
finger 2, fordring's seal (3.40936), alt: 3.69946 -> :
    pure elementium band (6.02557) : +0.738837 %, alt : +5.78066, from: bwl
    cauterizing band (4.73428) : +0.374167 %, alt : +5.58052, from: mc
    primalist's seal (5.43564) : +0.572235 %, alt : +5.54199, from: zg
    ring of the martyr (5.76694) : +0.665796 %, alt : +3.93011, from: aq40
    band of sulfuras (-0.221375) : -1.02535 %, alt : +3.90178, from: mc
    ring of spellpower (3.42786) : +0.00522274 %, alt : +2.54301, from: mc
    rosewine circle (3.54547) : +0.038438 %, alt : +2.23477, from: pre-raid
- . - ' - . - ' - . - ' - . - ' - . - ' - . -
trinket, rejuvenating gem (-2.11569), alt: 5.08603 -> :
    hibernation crystal (4.57339) : +1.93456 %, alt : +4.5466, from: ysondre
    hazza'rah's charm of healing (7.54044) : +2.79267 %, alt : +0.886201, from: zg
    darkmoon card: blue dragon (-7.54062) : -1.56895 %, alt : +0, from: 
- . - ' - . - ' - . - ' - . - ' - . - ' - . -
trinket 2, hazza'rah's charm of healing (0), alt: 0.8862 -> :
    rejuvenating gem (-4.20544) : -1.19443 %, alt : +5.08602, from: bwl
    hibernation crystal (-1.92279) : -0.54611 %, alt : +4.5466, from: ysondre
    zandalarian hero charm (-4.68417) : -1.3304 %, alt : +3.08244, from: zg
    royal seal of eldre'thalas (-4.724) : -1.34171 %, alt : +2.54301, from: pre-raid
    briarwood reed (-6.71375) : -1.90684 %, alt : +2.23477, from: pre-raid
    scarab brooch (-7.05493) : -2.00374 %, alt : +1.92652, from: aq40
    second wind (-7.2424) : -2.05698 %, alt : +1.69534, from: pre-raid
    burst of knowledge (-6.64865) : -1.88835 %, alt : +0.924732, from: pre-raid
    hazza'rah's charm of healing (0) : +0 %, alt : +0.886201, from: zg
    darkmoon card: blue dragon (-8.61005) : -2.44542 %, alt : +0, from: 
- - - - - - - - - - - - - - - - - - - - - - - - - - - - - - - - - - - - - - - - - 
| Upgrades at best in slot level, from start item to candidate, partial bonuses: 0: |
  alt scores are from least squares fit, special score from e.g. set bonuses as s are part of em
. . . . . . . . . . . . . . . . . . . . . . . . . . . . . . . . . . . . . . . . . 
- . - ' - . - ' - . - ' - . - ' - . - ' - . -
head, halo of transcendence (4.59262), alt: 8.27927 -> :
    crystal adorned crown (4.91742) : +0.0916821 %, alt : +9.46461, from: azuregos
    don rigoberto's lost hat (1.40735) : -0.899119 %, alt : +9.00333, from: aq40
    halo of transcendence (4.59262) : +0 %, alt : +8.27928, from: onyxia
- . - ' - . - ' - . - ' - . - ' - . - ' - . -
neck, jin'do's evil eye (3.4502), alt: 5.25674 -> :
    amulet of the fallen god (2.81763) : -0.178076 %, alt : +6.25855, from: aq40
    the all-seeing eye of zuldazar (4.05865) : +0.171289 %, alt : +4.51664, from: zg
- . - ' - . - ' - . - ' - . - ' - . - ' - . -
shoulders, zandalar confessor's mantle (7.22937), alt: 7.53918 -> :
    pauldrons of transcendence (9.75879) : +0.718459 %, alt : +12.9164 (s: 6.67172), from: bwl
- . - ' - . - ' - . - ' - . - ' - . - ' - . -
back, hide of the wild (5.98868), alt: 4.93298 -> :
    cloak of clarity (4.88046) : -0.312533 %, alt : +5.11815, from: aq40
- . - ' - . - ' - . - ' - . - ' - . - ' - . -
chest, truefaith vestments (4.18854), alt: 5.62546 -> :
    robes of the guardian saint (5.0159) : +0.233874 %, alt : +9.12641, from: aq40
    robes of transcendence (2.53354) : -0.467826 %, alt : +8.97283, from: bwl
    robes of the exalted (4.0845) : -0.0294079 %, alt : +6.08836, from: pre-raid
- . - ' - . - ' - . - ' - . - ' - . - ' - . -
wrists, bindings of transcendence (10.5186), alt: 11.4201 (s: 6.67172) -> :
    bindings of transcendence (10.5186) : +0 %, alt : +11.4201 (s: 6.67172), from: bwl
    bracelets of royal redemption (7.31302) : -0.90401 %, alt : +5.78066, from: aq40
- . - ' - . - ' - . - ' - . - ' - . - ' - . -
two-hand, benediction (9.34787), alt: 13.4274 -> :
    scepter of the false prophet and sartura's might (0.785156) : -2.35279 %, alt : +22.5816, from: aq40, aq40
    scepter of the false prophet and lei of the lifegiver (3.53775) : -1.59646 %, alt : +21.7178, from: aq40, av rep
    scepter of the false prophet and trance stone (2.70084) : -1.82642 %, alt : +20.9173, from: aq40, emeriss; lethon; taerar; ysondre
    scepter of the false prophet and brightly glowing stone (2.5423) : -1.86998 %, alt : +20.4849, from: aq40, pre-raid
    blessed qiraji augur staff (5.61343) : -1.02612 %, alt : +15.0911, from: aq40
    lok'amir il romathis and sartura's might (9.57867) : +0.0634185 %, alt : +14.4747, from: bwl, aq40
    gavel of infinite wisdom and sartura's might (9.65833) : +0.0853043 %, alt : +13.7495, from: aq20, aq40
    lok'amir il romathis and lei of the lifegiver (9.2485) : -0.0273027 %, alt : +13.6109, from: bwl, av rep
    gavel of infinite wisdom and lei of the lifegiver (9.79074) : +0.121688 %, alt : +12.8858, from: aq20, av rep
    gavel of infinite wisdom and trance stone (9.54837) : +0.0550918 %, alt : +12.0852, from: aq20, emeriss; lethon; taerar; ysondre
- . - ' - . - ' - . - ' - . - ' - . - ' - . -
ranged, dragon's touch (1.80722), alt: 2.49808 -> :
    antenna of invigoration (3.43225) : +0.460003 %, alt : +1.68036, from: aq20
    lunar wand of healing (3.13257) : +0.37517 %, alt : +1.54122, from: random green
    wandof qiraji nobility (3.04196) : +0.349522 %, alt : +1.46416, from: aq40
- . - ' - . - ' - . - ' - . - ' - . - ' - . -
hands, handguards of transcendence (11.1342), alt: 12.2993 (s: 6.67172) -> :
    handguards of transcendence (11.1342) : +0 %, alt : +12.2993 (s: 6.67172), from: bwl
    gloves of dark wisdom (8.83572) : -0.648201 %, alt : +6.08999, from: aq20
- . - ' - . - ' - . - ' - . - ' - . - ' - . -
waist, belt of transcendence (3.60208), alt: 6.41431 -> :
    grasp of the old god (4.13898) : +0.151642 %, alt : +7.76981, from: aq40
    zandalar confessor's bindings (2.7865) : -0.230355 %, alt : +7.16884, from: zg
    belt of transcendence (3.60208) : +0 %, alt : +6.4143, from: bwl
    firemaw's clutch (4.64102) : +0.293441 %, alt : +4.73285, from: bwl
- . - ' - . - ' - . - ' - . - ' - . - ' - . -
legs, empowered leggings (5.02472), alt: 7.96942 -> :
    leggings of transcendence (0.436401) : -1.29398 %, alt : +7.1073, from: mc
- . - ' - . - ' - . - ' - . - ' - . - ' - . -
feet, boots of transcendence (-1.71524), alt: 5.58105 -> :
    boots of pure thought (2.15933) : +1.10476 %, alt : +6.81349, from: bwl
    treads of the wandering nomand (2.20541) : +1.1179 %, alt : +5.90483, from: aq20
    boots of epiphany (1.89865) : +1.03043 %, alt : +5.84328, from: aq40
    boots of transcendence (-1.71524) : +0 %, alt : +5.58106, from: bwl
- . - ' - . - ' - . - ' - . - ' - . - ' - . -
finger, pure elementium band (1.64023), alt: 5.78067 -> :
    fordring's seal (2.45264) : +0.229111 %, alt : +3.69947, from: pre-raid
    band of servitude (2.13412) : +0.139286 %, alt : +3.29919, from: zg
    mindtear band (2.12271) : +0.136067 %, alt : +2.7132, from: taerar
- . - ' - . - ' - . - ' - . - ' - . - ' - . -
finger 2, fordring's seal (2.64395), alt: 3.69946 -> :
    pure elementium band (5.97784) : +0.946313 %, alt : +5.78066, from: bwl
    cauterizing band (4.93146) : +0.6493 %, alt : +5.58052, from: mc
    primalist's seal (1.11234) : -0.434744 %, alt : +4.27048, from: zg
    ring of the martyr (5.85287) : +0.910841 %, alt : +3.93011, from: aq40
    band of sulfuras (-0.2099) : -0.810055 %, alt : +3.90178, from: mc
    zanzil's seal (4.25027) : +0.455949 %, alt : +2.5441, from: zg
    ring of spellpower (3.21027) : +0.160746 %, alt : +2.54301, from: mc
    blood of the martyr (3.26892) : +0.177395 %, alt : +1.69643, from: pre-raid
    ring of blackrock (3.27194) : +0.178253 %, alt : +1.46416, from: bwl
- . - ' - . - ' - . - ' - . - ' - . - ' - . -
trinket, rejuvenating gem (-2.11569), alt: 5.08603 -> :
    hibernation crystal (4.57339) : +1.93456 %, alt : +4.5466, from: ysondre
    darkmoon card: blue dragon (-7.54062) : -1.56895 %, alt : +0, from: 
    hazza'rah's charm of healing (6.70798) : +2.55191 %, alt : +0, from: zg
- . - ' - . - ' - . - ' - . - ' - . - ' - . -
trinket 2, hazza'rah's charm of healing (0), alt: 0 -> :
    rejuvenating gem (-3.17957) : -0.905698 %, alt : +5.08602, from: bwl
    hibernation crystal (-0.896912) : -0.255485 %, alt : +4.5466, from: ysondre
    zandalarian hero charm (-3.65829) : -1.04206 %, alt : +3.08244, from: zg
    royal seal of eldre'thalas (-3.69812) : -1.05341 %, alt : +2.54301, from: pre-raid
    briarwood reed (-5.68787) : -1.62019 %, alt : +2.23477, from: pre-raid
    scarab brooch (-6.02905) : -1.71737 %, alt : +1.92652, from: aq40
    second wind (-6.21652) : -1.77077 %, alt : +1.69534, from: pre-raid
    burst of knowledge (-5.62277) : -1.60164 %, alt : +0.924732, from: pre-raid
    darkmoon card: blue dragon (-7.58417) : -2.16035 %, alt : +0, from: 
    hazza'rah's charm of healing (0) : +0 %, alt : +0, from: zg
- - - - - - - - - - - - - - - - - - - - - - - - - - - - - - - - - - - - - - - - - 
| Upgrades at start level, from start item to candidate, partial bonuses: 1: |
  alt scores are from least squares fit, special score from e.g. set bonuses as s are part of em
. . . . . . . . . . . . . . . . . . . . . . . . . . . . . . . . . . . . . . . . . 
- . - ' - . - ' - . - ' - . - ' - . - ' - . -
head, halo of transcendence (9.08258), alt: 8.27927 -> :
    crystal adorned crown (11.1592) : +0.613108 %, alt : +9.46461, from: azuregos
    don rigoberto's lost hat (11.8952) : +0.830382 %, alt : +9.00333, from: aq40
    halo of transcendence (9.08258) : +0 %, alt : +8.27928, from: onyxia
- . - ' - . - ' - . - ' - . - ' - . - ' - . -
neck, jin'do's evil eye (6.56), alt: 5.25674 -> :
    amulet of the fallen god (8.84195) : +0.673717 %, alt : +6.25855, from: aq40
    angelista's charm (7.00232) : +0.13059 %, alt : +4.76389, from: aq40
    the all-seeing eye of zuldazar (4.12057) : -0.720209 %, alt : +2.74424, from: zg
- . - ' - . - ' - . - ' - . - ' - . - ' - . -
shoulders, zandalar confessor's mantle (8.14291), alt: 7.53918 -> :
    zandalar confessor's mantle (8.14291) : +0 %, alt : +7.53917, from: zg
    pauldrons of transcendence (8.04907) : -0.0277055 %, alt : +6.24465, from: bwl
- . - ' - . - ' - . - ' - . - ' - . - ' - . -
back, hide of the wild (5.4808), alt: 4.93298 -> :
    cloak of clarity (7.76282) : +0.673735 %, alt : +5.11815, from: aq40
    drape of benediction (5.56381) : +0.024507 %, alt : +4.59425, from: azuregos
- . - ' - . - ' - . - ' - . - ' - . - ' - . -
chest, truefaith vestments (11.4327), alt: 5.62546 -> :
    robes of the guardian saint (13.2087) : +0.524342 %, alt : +9.12641, from: aq40
    robes of transcendence (11.9644) : +0.156962 %, alt : +8.97283, from: bwl
    robes of the exalted (10.8117) : -0.183334 %, alt : +6.08836, from: pre-raid
- . - ' - . - ' - . - ' - . - ' - . - ' - . -
wrists, bindings of transcendence (6.59055), alt: 4.74838 -> :
    bracelets of royal redemption (7.20142) : +0.180352 %, alt : +5.78066, from: aq40
    vambraces of prophecy (7.28189) : +0.204111 %, alt : +5.62882 (s: 1.40436), from: mc
    bindings of transcendence (6.59055) : +0 %, alt : +4.74837, from: bwl
- . - ' - . - ' - . - ' - . - ' - . - ' - . -
two-hand, benediction (14.8952), alt: 13.4274 -> :
    scepter of the false prophet and sartura's might (22.6698) : +2.29537 %, alt : +22.5816, from: aq40, aq40
    scepter of the false prophet and lei of the lifegiver (21.9672) : +2.08793 %, alt : +21.7178, from: aq40, av rep
    scepter of the false prophet and trance stone (21.11) : +1.83486 %, alt : +20.9173, from: aq40, emeriss; lethon; taerar; ysondre
    scepter of the false prophet and brightly glowing stone (21.1218) : +1.83834 %, alt : +20.4849, from: aq40, pre-raid
    blessed qiraji augur staff (19.1776) : +1.26435 %, alt : +15.0911, from: aq40
    lok'amir il romathis and sartura's might (17.2407) : +0.692494 %, alt : +14.4747, from: bwl, aq40
    gavel of infinite wisdom and sartura's might (16.7694) : +0.553354 %, alt : +13.7495, from: aq20, aq40
    lok'amir il romathis and lei of the lifegiver (16.5455) : +0.48723 %, alt : +13.6109, from: bwl, av rep
    gavel of infinite wisdom and lei of the lifegiver (16.8923) : +0.589619 %, alt : +12.8858, from: aq20, av rep
    fang of the mystics and sartura's might (15.0996) : +0.0603665 %, alt : +9.72683, from: azuregos, aq40
- . - ' - . - ' - . - ' - . - ' - . - ' - . -
ranged, dragon's touch (1.37213), alt: 2.49808 -> :
    antenna of invigoration (1.93854) : +0.167224 %, alt : +1.68036, from: aq20
    lunar wand of healing (1.69864) : +0.0963972 %, alt : +1.54122, from: random green
    wandof qiraji nobility (1.59866) : +0.0668807 %, alt : +1.46416, from: aq40
- . - ' - . - ' - . - ' - . - ' - . - ' - . -
hands, handguards of transcendence (7.86465), alt: 5.62762 -> :
    gloves of dark wisdom (8.9324) : +0.315239 %, alt : +6.08999, from: aq20
    handguards of transcendence (7.86465) : +0 %, alt : +5.62762, from: bwl
- . - ' - . - ' - . - ' - . - ' - . - ' - . -
waist, belt of transcendence (6.59525), alt: 6.41431 -> :
    grasp of the old god (10.6994) : +1.2117 %, alt : +7.76981, from: aq40
    belt of transcendence (6.59525) : +0 %, alt : +6.4143, from: bwl
    zandalar confessor's bindings (5.97211) : -0.183974 %, alt : +5.39644, from: zg
- . - ' - . - ' - . - ' - . - ' - . - ' - . -
legs, empowered leggings (13.1712), alt: 7.96942 -> :
    leggings of transcendence (12.6527) : -0.153088 %, alt : +7.1073, from: mc
- . - ' - . - ' - . - ' - . - ' - . - ' - . -
feet, boots of transcendence (6.94873), alt: 5.58105 -> :
    boots of pure thought (9.0188) : +0.611161 %, alt : +6.81349, from: bwl
    treads of the wandering nomand (7.82196) : +0.25781 %, alt : +5.90483, from: aq20
    boots of epiphany (6.3779) : -0.168531 %, alt : +5.84328, from: aq40
    boots of transcendence (6.94873) : +0 %, alt : +5.58106, from: bwl
- . - ' - . - ' - . - ' - . - ' - . - ' - . -
finger, pure elementium band (7.93948), alt: 5.78067 -> :
- . - ' - . - ' - . - ' - . - ' - . - ' - . -
finger 2, fordring's seal (4.01028), alt: 3.69946 -> :
    pure elementium band (6.33594) : +0.68662 %, alt : +5.78066, from: bwl
    cauterizing band (5.08179) : +0.316348 %, alt : +5.58052, from: mc
    primalist's seal (5.09491) : +0.320222 %, alt : +5.54199, from: zg
    ring of the martyr (6.12921) : +0.625586 %, alt : +3.93011, from: aq40
    band of sulfuras (3.18161) : -0.244656 %, alt : +3.90178, from: mc
    ring of the devoured (6.16776) : +0.636966 %, alt : +3.36127, from: aq40
    primalist's band (4.69415) : +0.201903 %, alt : +2.96793, from: zg
    eye of orgrimmar (4.54413) : +0.157611 %, alt : +2.5746, from: pre-raid
    rosewine circle (4.33228) : +0.0950637 %, alt : +2.23477, from: pre-raid
    ring of blackrock (4.88083) : +0.257017 %, alt : +1.46416, from: bwl
- . - ' - . - ' - . - ' - . - ' - . - ' - . -
trinket, rejuvenating gem (11.1598), alt: 5.08603 -> :
    hazza'rah's charm of healing (0) : -3.29478 %, alt : +1.7724, from: zg
    darkmoon card: blue dragon (7.33975) : -1.12781 %, alt : +0, from: 
- . - ' - . - ' - . - ' - . - ' - . - ' - . -
trinket 2, hazza'rah's charm of healing (8.09683), alt: 1.7724 -> :
    rejuvenating gem (7.30621) : -0.23342 %, alt : +5.08602, from: bwl
    hibernation crystal (4.29495) : -1.12246 %, alt : +4.5466, from: ysondre
    zandalarian hero charm (2.9184) : -1.52887 %, alt : +3.08244, from: zg
    royal seal of eldre'thalas (2.96365) : -1.51551 %, alt : +2.54301, from: pre-raid
    briarwood reed (1.57025) : -1.92689 %, alt : +2.23477, from: pre-raid
    scarab brooch (1.6694) : -1.89762 %, alt : +1.92652, from: aq40
    hazza'rah's charm of healing (8.09683) : +0 %, alt : +1.7724, from: zg
    darkmoon card: blue dragon (4.39914) : -1.0917 %, alt : +0, from: 
- - - - - - - - - - - - - - - - - - - - - - - - - - - - - - - - - - - - - - - - - 
| Upgrades at start level, from start item to candidate, partial bonuses: 0: |
  alt scores are from least squares fit, special score from e.g. set bonuses as s are part of em
. . . . . . . . . . . . . . . . . . . . . . . . . . . . . . . . . . . . . . . . . 
- . - ' - . - ' - . - ' - . - ' - . - ' - . -
head, halo of transcendence (9.65967), alt: 8.27927 -> :
    crystal adorned crown (10.9233) : +0.37407 %, alt : +9.46461, from: azuregos
    don rigoberto's lost hat (12.3481) : +0.795849 %, alt : +9.00333, from: aq40
    halo of transcendence (9.65967) : +0 %, alt : +8.27928, from: onyxia
- . - ' - . - ' - . - ' - . - ' - . - ' - . -
neck, jin'do's evil eye (6.80948), alt: 5.25674 -> :
    amulet of the fallen god (9.03479) : +0.658764 %, alt : +6.25855, from: aq40
    angelista's charm (7.86929) : +0.313739 %, alt : +4.76389, from: aq40
    the all-seeing eye of zuldazar (4.98724) : -0.53944 %, alt : +2.74424, from: zg
- . - ' - . - ' - . - ' - . - ' - . - ' - . -
shoulders, zandalar confessor's mantle (8.33203), alt: 7.53918 -> :
    zandalar confessor's mantle (8.33203) : +0 %, alt : +7.53917, from: zg
    pauldrons of transcendence (5.40921) : -0.865249 %, alt : +6.24465, from: bwl
- . - ' - . - ' - . - ' - . - ' - . - ' - . -
back, hide of the wild (5.62885), alt: 4.93298 -> :
    cloak of clarity (7.85278) : +0.658358 %, alt : +5.11815, from: aq40
- . - ' - . - ' - . - ' - . - ' - . - ' - . -
chest, truefaith vestments (11.7024), alt: 5.62546 -> :
    robes of the guardian saint (13.4195) : +0.508309 %, alt : +9.12641, from: aq40
    robes of transcendence (10.3894) : -0.388696 %, alt : +8.97283, from: bwl
    robes of the exalted (10.8526) : -0.251584 %, alt : +6.08836, from: pre-raid
- . - ' - . - ' - . - ' - . - ' - . - ' - . -
wrists, bindings of transcendence (6.16406), alt: 4.74838 -> :
    bracelets of royal redemption (6.30084) : +0.0404912 %, alt : +5.78066, from: aq40
    bindings of transcendence (6.16406) : +0 %, alt : +4.74837, from: bwl
    vambraces of prophecy (7.43256) : +0.375515 %, alt : +4.22446, from: mc
- . - ' - . - ' - . - ' - . - ' - . - ' - . -
two-hand, benediction (16.0348), alt: 13.4274 -> :
    scepter of the false prophet and sartura's might (24.2065) : +2.41909 %, alt : +22.5816, from: aq40, aq40
    scepter of the false prophet and lei of the lifegiver (23.2811) : +2.14515 %, alt : +21.7178, from: aq40, av rep
    scepter of the false prophet and trance stone (23.8057) : +2.30045 %, alt : +20.9173, from: aq40, emeriss; lethon; taerar; ysondre
    scepter of the false prophet and brightly glowing stone (22.0252) : +1.77338 %, alt : +20.4849, from: aq40, pre-raid
    blessed qiraji augur staff (20.2744) : +1.25507 %, alt : +15.0911, from: aq40
    lok'amir il romathis and sartura's might (18.0947) : +0.609817 %, alt : +14.4747, from: bwl, aq40
    gavel of infinite wisdom and sartura's might (17.8663) : +0.542205 %, alt : +13.7495, from: aq20, aq40
    lok'amir il romathis and lei of the lifegiver (17.6364) : +0.474132 %, alt : +13.6109, from: bwl, av rep
    gavel of infinite wisdom and lei of the lifegiver (17.9814) : +0.576255 %, alt : +12.8858, from: aq20, av rep
    gavel of infinite wisdom and trance stone (16.3069) : +0.0805579 %, alt : +12.0852, from: aq20, emeriss; lethon; taerar; ysondre
- . - ' - . - ' - . - ' - . - ' - . - ' - . -
ranged, dragon's touch (1.18301), alt: 2.49808 -> :
    antenna of invigoration (2.24246) : +0.313631 %, alt : +1.68036, from: aq20
    lunar wand of healing (1.32645) : +0.0424607 %, alt : +1.54122, from: random green
    wandof qiraji nobility (1.22546) : +0.0125666 %, alt : +1.46416, from: aq40
- . - ' - . - ' - . - ' - . - ' - . - ' - . -
hands, handguards of transcendence (7.38721), alt: 5.62762 -> :
    gloves of dark wisdom (8.45703) : +0.316703 %, alt : +6.08999, from: aq20
    handguards of transcendence (7.38721) : +0 %, alt : +5.62762, from: bwl
- . - ' - . - ' - . - ' - . - ' - . - ' - . -
waist, belt of transcendence (4.47427), alt: 6.41431 -> :
    grasp of the old god (8.11462) : +1.07766 %, alt : +7.76981, from: aq40
    belt of transcendence (4.47427) : +0 %, alt : +6.4143, from: bwl
    zandalar confessor's bindings (3.86783) : -0.179527 %, alt : +5.39644, from: zg
- . - ' - . - ' - . - ' - . - ' - . - ' - . -
legs, empowered leggings (12.8348), alt: 7.96942 -> :
    leggings of transcendence (12.7859) : -0.0144908 %, alt : +7.1073, from: mc
- . - ' - . - ' - . - ' - . - ' - . - ' - . -
feet, boots of transcendence (7.23999), alt: 5.58105 -> :
    boots of pure thought (8.77194) : +0.453507 %, alt : +6.81349, from: bwl
    treads of the wandering nomand (8.14246) : +0.267159 %, alt : +5.90483, from: aq20
    boots of epiphany (6.6286) : -0.180991 %, alt : +5.84328, from: aq40
    boots of transcendence (7.23999) : +0 %, alt : +5.58106, from: bwl
- . - ' - . - ' - . - ' - . - ' - . - ' - . -
finger, pure elementium band (8.16714), alt: 5.78067 -> :
- . - ' - . - ' - . - ' - . - ' - . - ' - . -
finger 2, fordring's seal (4.27359), alt: 3.69946 -> :
    pure elementium band (6.76025) : +0.736133 %, alt : +5.78066, from: bwl
    cauterizing band (5.6637) : +0.411516 %, alt : +5.58052, from: mc
    primalist's seal (5.3468) : +0.317705 %, alt : +4.27048, from: zg
    ring of the martyr (6.30203) : +0.600484 %, alt : +3.93011, from: aq40
    band of sulfuras (3.18176) : -0.323216 %, alt : +3.90178, from: mc
    ring of the devoured (4.6991) : +0.125964 %, alt : +3.36127, from: aq40
    rosewine circle (5.80786) : +0.454194 %, alt : +2.23477, from: pre-raid
    ring of blackrock (4.69455) : +0.124618 %, alt : +1.46416, from: bwl
- . - ' - . - ' - . - ' - . - ' - . - ' - . -
trinket, rejuvenating gem (11.312), alt: 5.08603 -> :
    hazza'rah's charm of healing (0) : -3.3487 %, alt : +1.7724, from: zg
    darkmoon card: blue dragon (7.33594) : -1.17703 %, alt : +0, from: 
- . - ' - . - ' - . - ' - . - ' - . - ' - . -
trinket 2, hazza'rah's charm of healing (6.51041), alt: 1.7724 -> :
    rejuvenating gem (5.80289) : -0.209449 %, alt : +5.08602, from: bwl
    hibernation crystal (2.78433) : -1.10304 %, alt : +4.5466, from: ysondre
    zandalarian hero charm (1.22247) : -1.5654 %, alt : +3.08244, from: zg
    royal seal of eldre'thalas (1.84738) : -1.38041 %, alt : +2.54301, from: pre-raid
    briarwood reed (0.53299) : -1.76951 %, alt : +2.23477, from: pre-raid
    scarab brooch (0.141541) : -1.88539 %, alt : +1.92652, from: aq40
    hazza'rah's charm of healing (6.51041) : +0 %, alt : +1.7724, from: zg
    darkmoon card: blue dragon (2.58176) : -1.16301 %, alt : +0, from: 
------------------
Best value: 357.644
