Your call: ./css 4 ../items/phase5.csv ban_tmp_phase4.txt no-locks storm_bwl_speed_phase4 -a ../confs/wcl_bwl_speed_log.csv -l storm_speed.txt 
Found: -a, val: ../confs/wcl_bwl_speed_log.csv
./css 4 ../items/phase5.csv ban_tmp_phase4.txt no-locks storm_bwl_speed_phase4 -l storm_speed.txt 
Found key: buff_fraction, saw val: 1
Found key: healing_from_crit_fraction, saw val: 0.2
Found key: transc8_exists, saw val: 0
Found key: enchantments, saw val: 1
Found key: fort, saw val: 1
Found key: motw, saw val: 1
Found key: spirit, saw val: 1
Found key: ai, saw val: 1
Found key: flask, saw val: 1
Found key: holy_disc, saw val: 0
Found key: min_combat_length, saw val: 2
Found key: max_log_entry_diff_in_combat, saw val: 10
Found key: precast, saw val: 1
Found key: swap_cast, saw val: 1
Found key: time_step, saw val: 0.1
Found key: reaction_time, saw val: 0.1
Found key: skip_player, saw val: Paisti
Found key: use_deficit_time_sum, saw val: 0
Found key: wcl_log, saw val: 1
Found: -l, val: storm_speed.txt
./css 4 ../items/phase5.csv ban_tmp_phase4.txt no-locks storm_bwl_speed_phase4 
Will read log from: storm_speed.txt
./css 4 ../items/phase5.csv ban_tmp_phase4.txt no-locks storm_bwl_speed_phase4 
./css 4 ../items/phase5.csv ban_tmp_phase4.txt no-locks storm_bwl_speed_phase4 
Shuffle seed: 2416673600
Reading banned from: ban_tmp_phase4.txt
Banning: aq20
Banning: aq40
Banning: naxx
Banning: neltharion's tear
Banning: lok'amir il romathis
Banning: choker of the fire lord
Reading WCL parsed log: storm_speed.txt
Saw 21369 lines of log, with 21369 log lines
Sorting by timestamp...
Sorted.
Pruning log from: 21369 entries.
Combat from 0 to 12.798 s
Combat from 49.151 to 75.457 s
Combat from 84.8 to 107.444 s
Combat from 111.496 to 136.151 s
Combat from 142.634 to 202.532 s
Combat from 205.018 to 232.898 s
Combat from 234.919 to 281.895 s
Combat from 282.703 to 294.843 s
Combat from 298.485 to 311.056 s
Combat from 319.19 to 333.794 s
Combat from 357.485 to 429.552 s
Combat from 448.785 to 716.05 s
Combat from 717.562 to 767.446 s
Combat from 781.681 to 810.099 s
Combat from 822.964 to 934.763 s
Combat from 957.447 to 1050.29 s
Combat from 1052.61 to 1131.89 s
Combat from 1143.62 to 1172.06 s
Combat from 1187.82 to 1261.23 s
Combat from 1305.4 to 1428.92 s
Combat from 1443.34 to 1520.94 s
Pruned to: 21184 entries.
----------------------------------------------------------
---- Baseline results without simulated player input: ----
----------------------------------------------------------
oh_limit: 0.9
time_left_mul: 0.5
total_deficit_to_pop_trinkets: 10000
in combat total: 1268
Total time casting: 0, which is: 0% of time in combat.
Total hps: 0, raw hps: 0, oh: -nan
Deficit time sum: 1.15601e+11, baseline: 0
Deficit*time change / s: -9.11677e+07 hp
Number of combats: 21
Average mana at start of combat: 0
Average mana at end of combat: 0
Other players with hps > 100:
  Arkkade : 212.879 hps
  Cerr : 113.192 hps
  Dodotheclown : 147.858 hps
  Dopameme : 189.757 hps
  Fashotiny : 258.564 hps
  Freedrakeo : 162.796 hps
  Noranor : 139.603 hps
  Saevicus : 191.706 hps
  Visuh : 196.104 hps
  Wazzu : 232.34 hps
Skip player from: Paisti to: Fashotiny
Reading WCL parsed log: storm_speed.txt
Saw 21369 lines of log, with 21369 log lines
Sorting by timestamp...
Sorted.
Pruning log from: 21369 entries.
Combat from 0 to 12.798 s
Combat from 49.151 to 75.457 s
Combat from 84.8 to 107.444 s
Combat from 111.496 to 136.151 s
Combat from 142.634 to 202.532 s
Combat from 205.018 to 232.898 s
Combat from 234.919 to 281.895 s
Combat from 282.703 to 294.843 s
Combat from 298.485 to 311.056 s
Combat from 319.19 to 333.794 s
Combat from 357.485 to 429.552 s
Combat from 448.785 to 716.05 s
Combat from 717.562 to 767.446 s
Combat from 781.681 to 810.099 s
Combat from 822.964 to 934.763 s
Combat from 957.447 to 1050.29 s
Combat from 1052.61 to 1131.89 s
Combat from 1143.62 to 1172.06 s
Combat from 1187.82 to 1261.23 s
Combat from 1305.4 to 1428.92 s
Combat from 1443.34 to 1520.94 s
Pruned to: 20677 entries.
Skipped player entries: 517
Baseline results again due to changed skipped player
oh_limit: 0.9
time_left_mul: 0.5
total_deficit_to_pop_trinkets: 10000
in combat total: 1268
Total time casting: 0, which is: 0% of time in combat.
Total hps: 0, raw hps: 0, oh: -nan
Deficit time sum: 2.17906e+11, baseline: 0
Deficit*time change / s: -1.7185e+08 hp
Number of combats: 21
Average mana at start of combat: 0
Average mana at end of combat: 0
Other players with hps > 100:
  Arkkade : 219.159 hps
  Cerr : 118.957 hps
  Dodotheclown : 155.439 hps
  Dopameme : 202.135 hps
  Freedrakeo : 167.686 hps
  Noranor : 148.104 hps
  Saevicus : 205.474 hps
  Visuh : 204.559 hps
  Wazzu : 246.634 hps
Reading tmp locked from: start_with.txt
Locking: anastari heirloom
Locking: anathema
Locking: animated chain necklace
Locking: argent crusader
Locking: atal'ai gloves of the owl
Locking: ban'thok sash
Locking: banshee finger
Locking: benediction
Locking: blood of the martyr
Locking: briarwood reed
Locking: burial shawl
Locking: clutch of andros
Locking: crimson felt hat
Locking: cyclopean band
Locking: devout belt
Locking: devout bracers
Locking: devout crown
Locking: devout mantle
Locking: devout robe
Locking: devout sandals
Locking: devout skirt
Locking: dragon finger of healing
Locking: dragon finger of intellect
Locking: dragonrider boots
Locking: dragonslayer's signet
Locking: drakefire amulet
Locking: dreadmist mantle
Locking: dreamweave circlet
Locking: dreamweave gloves
Locking: dreamweave vest
Locking: elder magus pendant
Locking: eye of the beast
Locking: fordring's seal
Locking: girdle of prophecy
Locking: gloves of prophecy
Locking: grimgore noose
Locking: halo of transcendence
Locking: heart of the fiend
Locking: hide of the wild
Locking: kentic amice
Locking: leggings of transcendence
Locking: magister's robes
Locking: maleki's footwraps
Locking: mindtap talisman
Locking: nature's breath
Locking: necropile boots
Locking: necropile cuffs
Locking: necropile leggings
Locking: necropile mantle
Locking: necropile robe
Locking: noxious shooter
Locking: omnicast boots
Locking: orb of the forgotten seer
Locking: padre's trousers
Locking: pants of prophecy
Locking: penelope's rose
Locking: quel'dorai channeling rod
Locking: raincaster drape
Locking: rainstrider leggings
Locking: ring of demonic guile
Locking: ring of demonic guile
Locking: robes of prophecy
Locking: robes of the exalted
Locking: robes of the royal crown
Locking: rod of corrosion
Locking: rosewine circle
Locking: royal seal of eldre'thalas
Locking: royal tribunal cloak
Locking: sarah's guide
Locking: seal of rivendare
Locking: seal of rivendare
Locking: shadowy laced handwraps
Locking: silkweb gloves
Locking: soulstealer mantle
Locking: spellbound tome
Locking: spritecaster cape
Locking: star of mystaria
Locking: starfire tiara
Locking: stormrager
Locking: sublime wristguards
Locking: the hammer of grace
Locking: the postmaster's treads
Locking: thuzadin sash
Locking: triune amulet
Locking: vinerot sandals
Locking: whipvine cord
Locking: wolfshear leggings
Locking: boots of the full moon
Locking: mantle of prophecy
Locking: dragon's touch
Locking: bindings of transcendence
Locking: shimmering geta
Locking: empowered leggings
Locking: seal of the archmagus
Locking: circlet of prophecy
Locking: boots of prophecy
Locking: pauldrons of transcendence
Locking: primalist's seal
Locking: zandalar confessor's bindings
Locking: zulian headdress
Locking: mar'li's eye
Locking: shroud of pure thought
Locking: belt of transcendence
Locking: jin'do's evil eye
Locking: primalist's band
Locking: zandalarian hero charm
Locking: zandalar confessor's mantle
Locking: zandalar confessor's wraps 
Locking: pure elementium band
Locking: truefaith vestments
Locking: vambraces of prophecy
Locking: hazza'rah's charm of healing
Locking: handguards of transcendence
Locking: boots of transcendence
Locking: darkmoon card: blue dragon
Locking: rejuvenating gem
Optimizing start items...

*** NEW BEST (1): 194.007

*** NEW BEST (1): 202.999

*** NEW BEST (1): 212.516

*** NEW BEST (1): 222.555

*** NEW BEST (1): 230.978

*** NEW BEST (1): 237.593

*** NEW BEST (1): 242.107

*** NEW BEST (1): 246.276

*** NEW BEST (1): 250.898

*** NEW BEST (1): 255.268

*** NEW BEST (1): 262.979

*** NEW BEST (1): 270.217

*** NEW BEST (1): 275.62
*
*** NEW BEST (1): 276.351

*** NEW BEST (1): 276.553

*** NEW BEST (1): 276.783
*
*** NEW BEST (1): 277.363

*** NEW BEST (1): 277.728
*
*** NEW BEST (1): 278.002

*** NEW BEST (1): 278.57
********
*** NEW BEST (0): 223.75
Based on last: 3000 entries, out of total: 3616 entries, (471 dropped), The least-squares solution is:
Int: 113.158
Spirit: 8.58167
Sp / Healing: 100
Mp5: 146.205
Crit: 543.175
T1 3p/piece: 0
T2 3p/piece: 2330.41
Hazza'rah's: 20528.3
Darkmoon: 2638.81
100 points == 1 sp == 0.06685 hps.
back : hide of the wild -> shroud of pure thought => val: 223.75 -> 227.075

*** NEW BEST (0): 227.075
Based on last: 3000 entries, out of total: 3624 entries, (485 dropped), The least-squares solution is:
Int: 112.953
Spirit: 8.27102
Sp / Healing: 100
Mp5: 145.718
Crit: 544.086
T1 3p/piece: 0
T2 3p/piece: 2334.9
Hazza'rah's: 20512.6
Darkmoon: 2637.02
100 points == 1 sp == 0.0668955 hps.
trinket : briarwood reed -> hazza'rah's charm of healing => val: 224.797 -> 233.837

*** NEW BEST (0): 233.837
Based on last: 3000 entries, out of total: 3635 entries, (512 dropped), The least-squares solution is:
Int: 113.376
Spirit: 6.09521
Sp / Healing: 100
Mp5: 143.275
Crit: 534.195
T1 3p/piece: 0
T2 3p/piece: 2354.69
Hazza'rah's: 20138.2
Darkmoon: 2633.03
100 points == 1 sp == 0.0669967 hps.
chest : dreamweave vest -> truefaith vestments => val: 233.837 -> 242.817

*** NEW BEST (0): 242.817
Based on last: 3000 entries, out of total: 3644 entries, (523 dropped), The least-squares solution is:
Int: 113.105
Spirit: 5.92364
Sp / Healing: 100
Mp5: 143.281
Crit: 535.406
T1 3p/piece: 0
T2 3p/piece: 2364.85
Hazza'rah's: 20142.2
Darkmoon: 2633.52
100 points == 1 sp == 0.0669843 hps.
legs : devout skirt -> empowered leggings => val: 242.817 -> 244.64

*** NEW BEST (0): 244.64
Based on last: 3000 entries, out of total: 3648 entries, (539 dropped), The least-squares solution is:
Int: 113.246
Spirit: 5.89061
Sp / Healing: 100
Mp5: 143.511
Crit: 531.838
T1 3p/piece: 0
T2 3p/piece: 2361.9
Hazza'rah's: 20136.5
Darkmoon: 2632.9
100 points == 1 sp == 0.0670002 hps.
finger : cyclopean band -> pure elementium band => val: 244.64 -> 250.231

*** NEW BEST (0): 250.231
Based on last: 3000 entries, out of total: 3656 entries, (561 dropped), The least-squares solution is:
Int: 113.255
Spirit: 5.85945
Sp / Healing: 100
Mp5: 144.275
Crit: 532.199
T1 3p/piece: 0
T2 3p/piece: 2347.27
Hazza'rah's: 20149.9
Darkmoon: 2634.51
100 points == 1 sp == 0.0669591 hps.
hands : atal'ai gloves of the owl -> handguards of transcendence => val: 250.231 -> 251.671

*** NEW BEST (0): 251.671
Based on last: 3000 entries, out of total: 3661 entries, (578 dropped), The least-squares solution is:
Int: 113.089
Spirit: 5.92925
Sp / Healing: 100
Mp5: 143.822
Crit: 533.569
T1 3p/piece: 0
T2 3p/piece: 2349.12
Hazza'rah's: 20148.9
Darkmoon: 2634.37
100 points == 1 sp == 0.0669627 hps.
shoulders : soulstealer mantle -> zandalar confessor's mantle => val: 251.671 -> 253.717

*** NEW BEST (0): 253.717
Based on last: 3000 entries, out of total: 3668 entries, (590 dropped), The least-squares solution is:
Int: 112.991
Spirit: 5.70304
Sp / Healing: 100
Mp5: 143.925
Crit: 531.775
T1 3p/piece: 0
T2 3p/piece: 2351.69
Hazza'rah's: 20140.1
Darkmoon: 2633.32
100 points == 1 sp == 0.0669894 hps.
wrists : devout bracers -> bindings of transcendence => val: 253.717 -> 259.387

*** NEW BEST (0): 259.387
Based on last: 3000 entries, out of total: 3673 entries, (604 dropped), The least-squares solution is:
Int: 112.969
Spirit: 5.39876
Sp / Healing: 100
Mp5: 142.884
Crit: 534.665
T1 3p/piece: 0
T2 3p/piece: 2358.02
Hazza'rah's: 20144.7
Darkmoon: 2633.84
100 points == 1 sp == 0.0669761 hps.
trinket 2 : eye of the beast -> rejuvenating gem => val: 259.015 -> 266.793

*** NEW BEST (0): 266.793
Based on last: 3000 entries, out of total: 3679 entries, (661 dropped), The least-squares solution is:
Int: 112.824
Spirit: 5.37957
Sp / Healing: 100
Mp5: 142.578
Crit: 536.573
T1 3p/piece: 0
T2 3p/piece: 2358.83
Hazza'rah's: 20141.9
Darkmoon: 2633.44
100 points == 1 sp == 0.0669864 hps.
head : crimson felt hat -> halo of transcendence => val: 263.873 -> 267.087

*** NEW BEST (0): 267.087
Based on last: 3000 entries, out of total: 3689 entries, (695 dropped), The least-squares solution is:
Int: 113.033
Spirit: 5.35958
Sp / Healing: 100
Mp5: 142.609
Crit: 537.566
T1 3p/piece: 0
T2 3p/piece: 2356.92
Hazza'rah's: 20151.4
Darkmoon: 2634.53
100 points == 1 sp == 0.0669587 hps.
waist : ban'thok sash -> belt of transcendence => val: 267.087 -> 267.74

*** NEW BEST (0): 267.74
Based on last: 3000 entries, out of total: 3700 entries, (704 dropped), The least-squares solution is:
Int: 112.836
Spirit: 5.42134
Sp / Healing: 100
Mp5: 142.773
Crit: 538.326
T1 3p/piece: 0
T2 3p/piece: 2359.5
Hazza'rah's: 20146.6
Darkmoon: 2634.01
100 points == 1 sp == 0.0669718 hps.
*two-hand :   the hammer of grace orb of the forgotten seer -> benediction    => val: 267.74 -> 276.227

*** NEW BEST (0): 276.227
Based on last: 3000 entries, out of total: 3777 entries, (818 dropped), The least-squares solution is:
Int: 112.272
Spirit: 5.06527
Sp / Healing: 100
Mp5: 144.293
Crit: 529.878
T1 3p/piece: 0
T2 3p/piece: 2394.72
Hazza'rah's: 20109.7
Darkmoon: 2629.16
100 points == 1 sp == 0.0670953 hps.
********
Read starting items and cleared locks.
 ----------------------------
 --- head --- 
name: halo of transcendence
slot: head
intelligence: 27
stamina: 17
spirit: 22
sp_healing: 48
fire_res: 10
frost_res: 10
armor: 94
 ----------------------------
 --- neck --- 
name: jin'do's evil eye
slot: neck
intelligence: 11
stamina: 5
spirit: 6
sp_healing: 44
 ----------------------------
 --- shoulders --- 
name: zandalar confessor's mantle
slot: shoulders
intelligence: 24
stamina: 11
spirit: 15
sp_healing: 22
armor: 78
 ----------------------------
 --- back --- 
name: shroud of pure thought
slot: back
intelligence: 11
stamina: 10
sp_healing: 33
mp5: 6
armor: 57
 ----------------------------
 --- chest --- 
name: truefaith vestments
slot: chest
stamina: 14
sp_healing: 73
mp5: 6
armor: 96
 ----------------------------
 --- wrists --- 
name: bindings of transcendence
slot: wrists
intelligence: 13
stamina: 9
spirit: 16
sp_healing: 33
armor: 51
 ----------------------------
 --- two-hand --- 
name: benediction
slot: two-hand
intelligence: 31
stamina: 10
spirit: 12
sp_healing: 106
spell_crit: 2
shadow_res: 20
 ----------------------------
 ---  --- 
name: 
slot: 
 ----------------------------
 ---  --- 
name: 
slot: 
 ----------------------------
 ---  --- 
name: 
slot: 
 ----------------------------
 --- ranged --- 
name: dragon's touch
slot: ranged
intelligence: 12
stamina: 7
sp: 6
 ----------------------------
 --- hands --- 
name: handguards of transcendence
slot: hands
intelligence: 20
stamina: 12
spirit: 13
sp_healing: 29
spell_crit: 1
armor: 72
 ----------------------------
 --- waist --- 
name: belt of transcendence
slot: waist
intelligence: 26
stamina: 14
spirit: 9
sp_healing: 26
shadow_res: 10
armor: 65
 ----------------------------
 --- legs --- 
name: empowered leggings
slot: legs
intelligence: 12
stamina: 12
spirit: 24
sp_healing: 77
spell_crit: 1
armor: 103
 ----------------------------
 --- feet --- 
name: boots of transcendence
slot: feet
intelligence: 17
stamina: 17
spirit: 17
sp_healing: 35
fire_res: 10
armor: 80
 ----------------------------
 --- finger --- 
name: pure elementium band
slot: finger
intelligence: 10
stamina: 9
spirit: 10
sp_healing: 53
 ----------------------------
 --- finger --- 
name: primalist's seal
slot: finger
intelligence: 12
spirit: 8
sp_healing: 29
 ----------------------------
 --- trinket --- 
name: hazza'rah's charm of healing
slot: trinket
 ----------------------------
 --- trinket --- 
name: rejuvenating gem
slot: trinket
sp_healing: 66
mp5: 9
 ----------------------------
 --- Set bonuses ---
name: confessor's 2 hazza'rah's 1 transcendence 3 
slot: Set bonuses
sp: 23
 --- And counts for start items ---
oh_limit: 0.9
time_left_mul: 0.5
total_deficit_to_pop_trinkets: 10000
in combat total: 1268
Flash Heal 1, casts: 48, avg: 443.033, 6.07146%, cast time 5.67823% of in combat, overheal: 0.287856
Flash Heal 2, casts: 17, avg: 682.793, 3.314%, cast time 2.01104% of in combat, overheal: 0.0374313
Flash Heal 3, casts: 9, avg: 789.662, 2.02908%, cast time 1.06467% of in combat, overheal: 6.87046e-08
Flash Heal 4, casts: 14, avg: 729.071, 2.91416%, cast time 1.65615% of in combat, overheal: 0.167061
Flash Heal 5, casts: 13, avg: 890.31, 3.30445%, cast time 1.53786% of in combat, overheal: 0.122092
Flash Heal 6, casts: 16, avg: 959.581, 4.38346%, cast time 1.89274% of in combat, overheal: 0.174196
Flash Heal 7, casts: 152, avg: 1325.07, 57.5039%, cast time 17.9811% of in combat, overheal: 0.0202223
Greater Heal 1 hazz, casts: 2, avg: 1652.86, 0.943803%, cast time 0.236593% of in combat, overheal: 0.0921944
Greater Heal 2 hazz, casts: 1, avg: 1033, 0.294928%, cast time 0.118297% of in combat, overheal: 0.50871
Greater Heal 3 hazz, casts: 2, avg: 2040.22, 1.16499%, cast time 0.236593% of in combat, overheal: 0.159863
Greater Heal 4, casts: 7, avg: 2622.74, 5.24166%, cast time 1.38013% of in combat, overheal: 0.0667396
Greater Heal 4 hazz, casts: 12, avg: 2810.3, 9.6283%, cast time 1.41956% of in combat, overheal: 0
Heal 2, casts: 5, avg: 1066.63, 1.52265%, cast time 0.985804% of in combat, overheal: 0.175257
Heal 4, casts: 3, avg: 1965.09, 1.68313%, cast time 0.591483% of in combat, overheal: 0
Total time casting: 466.5, which is: 36.7902% of time in combat.
Total hps: 276.227, raw hps: 295.728, oh: 0.0659432
Deficit time sum: 1.22259e+11, baseline: 2.17906e+11
Deficit*time change / s: 7.54312e+07 hp
Number of combats: 21
Average mana at start of combat: 9645.8
Average mana at end of combat: 8437.93
Other players with hps > 100:
  Arkkade : 205.926 hps
  Cerr : 112.269 hps
  Dodotheclown : 140.604 hps
  Dopameme : 188.917 hps
  Freedrakeo : 160.806 hps
  Noranor : 137.422 hps
  Saevicus : 185.671 hps
  Visuh : 190.885 hps
  Wazzu : 227.377 hps
Reading locked from: no-locks
Setting tag name to: storm_bwl_speed_phase4
.
*** NEW BEST (1): 366.393

*** NEW BEST (1): 368.994
Temporary bans and partial set bonuses off.
.
*** NEW BEST (0): 367.604
back : hide of the wild -> shroud of pure thought => val: 367.272 -> 367.895

*** NEW BEST (0): 367.895
legs : leggings of transcendence -> empowered leggings => val: 367.895 -> 369.316

*** NEW BEST (0): 369.316
neck : wavefront necklace -> jin'do's evil eye => val: 369.316 -> 369.664

*** NEW BEST (0): 369.664
***** INTERMEDIATE RESULTS *****
Iteration: 2
 ----------------------------
 --- head --- 
name: crystal adorned crown
slot: head
intelligence: 14
spirit: 13
sp_healing: 92
armor: 85
 ----------------------------
 --- neck --- 
name: jin'do's evil eye
slot: neck
intelligence: 11
stamina: 5
spirit: 6
sp_healing: 44
 ----------------------------
 --- shoulders --- 
name: pauldrons of transcendence
slot: shoulders
intelligence: 25
stamina: 12
spirit: 13
sp_healing: 26
fire_res: 10
armor: 87
 ----------------------------
 --- back --- 
name: shroud of pure thought
slot: back
intelligence: 11
stamina: 10
sp_healing: 33
mp5: 6
armor: 57
 ----------------------------
 --- chest --- 
name: robes of transcendence
slot: chest
intelligence: 27
stamina: 17
spirit: 16
sp_healing: 57
nature_res: 10
fire_res: 10
armor: 116
 ----------------------------
 --- wrists --- 
name: zandalar confessor's wraps
slot: wrists
intelligence: 11
stamina: 10
spirit: 12
sp_healing: 24
armor: 41
 ----------------------------
 --- two-hand --- 
name: benediction
slot: two-hand
intelligence: 31
stamina: 10
spirit: 12
sp_healing: 106
spell_crit: 2
shadow_res: 20
 ----------------------------
 ---  --- 
name: 
slot: 
 ----------------------------
 ---  --- 
name: 
slot: 
 ----------------------------
 ---  --- 
name: 
slot: 
 ----------------------------
 --- ranged --- 
name: lunar wand of healing
slot: ranged
sp_healing: 20
 ----------------------------
 --- hands --- 
name: handguards of transcendence
slot: hands
intelligence: 20
stamina: 12
spirit: 13
sp_healing: 29
spell_crit: 1
armor: 72
 ----------------------------
 --- waist --- 
name: firemaw's clutch
slot: waist
intelligence: 12
stamina: 12
sp: 35
mp5: 5
armor: 64
 ----------------------------
 --- legs --- 
name: empowered leggings
slot: legs
intelligence: 12
stamina: 12
spirit: 24
sp_healing: 77
spell_crit: 1
armor: 103
 ----------------------------
 --- feet --- 
name: boots of pure thought
slot: feet
intelligence: 12
stamina: 8
spirit: 12
sp_healing: 62
armor: 74
 ----------------------------
 --- finger --- 
name: pure elementium band
slot: finger
intelligence: 10
stamina: 9
spirit: 10
sp_healing: 53
 ----------------------------
 --- finger --- 
name: cauterizing band
slot: finger
intelligence: 12
stamina: 9
sp_healing: 46
 ----------------------------
 --- trinket --- 
name: hazza'rah's charm of healing
slot: trinket
 ----------------------------
 --- trinket --- 
name: rejuvenating gem
slot: trinket
sp_healing: 66
mp5: 9
 ----------------------------
 --- Set bonuses ---
name: confessor's 2 hazza'rah's 1 transcendence 3 
slot: Set bonuses
sp: 23
------------------
Best value: 369.664
------------------
Char stats: 
Effective hp: 8599.5
Effective mana (100 s, 33 % out of fsr): 17510.4
Raw max mana: 11021.6
Int: 451.03
Stam: 405.03
Spirit: 444.13
Strength: 79.58
Agility: 84.18
All stats multiplier (taken into account above): 1.15
Bonus mana: 2000
Bonus hp: 0
Mp5: 170
Sp: 58
Sp shadow: 0
Sp healing: 895
Spell crit: 22
Spell hit: 0
Arcane res: 27
Nature res: 37
Fire res: 47
Frost res: 27
Shadow res: 47
Armor: 2897.75
Defense: 300
Dodge: 0
Parry: 0
HpsPvp: 979.745
ShadowDps: 235.339
Value pvp healing: 1986.1
Value pvp shadow: 114.594
Effective hp-pvp: 10870.2
Effecctive mana for 100 s, 0.33 fsr: 19054.3
------------------
Best counts:
oh_limit: 0.6
time_left_mul: 1.3
total_deficit_to_pop_trinkets: 9428.93
in combat total: 1268
Flash Heal 1, casts: 27, avg: 520.114, 2.96706%, cast time 3.19401% of in combat, overheal: 0.21523
Flash Heal 2, casts: 11, avg: 716.873, 1.66609%, cast time 1.30126% of in combat, overheal: 0.044097
Flash Heal 3, casts: 7, avg: 771.47, 1.14099%, cast time 0.828076% of in combat, overheal: 0.0707588
Flash Heal 4, casts: 10, avg: 832.842, 1.75965%, cast time 1.18297% of in combat, overheal: 0.0905879
Flash Heal 5, casts: 7, avg: 1054.55, 1.55966%, cast time 0.828076% of in combat, overheal: 0
Flash Heal 6, casts: 4, avg: 1202.34, 1.01613%, cast time 0.473186% of in combat, overheal: 0
Flash Heal 7, casts: 23, avg: 1392.65, 6.76759%, cast time 2.72082% of in combat, overheal: 1.21952e-07
Greater Heal 1, casts: 12, avg: 1839.05, 4.66271%, cast time 2.36593% of in combat, overheal: 0.0327083
Greater Heal 1 hazz, casts: 3, avg: 1536.82, 0.974112%, cast time 0.35489% of in combat, overheal: 0.191671
Greater Heal 2 hazz, casts: 3, avg: 2182.98, 1.38368%, cast time 0.35489% of in combat, overheal: 0
Greater Heal 3 hazz, casts: 2, avg: 2080.3, 0.879063%, cast time 0.236593% of in combat, overheal: 0.170732
Greater Heal 4, casts: 82, avg: 2839.99, 49.2034%, cast time 16.1672% of in combat, overheal: 0.017389
Greater Heal 4 hazz, casts: 9, avg: 2805.37, 5.33454%, cast time 1.06467% of in combat, overheal: 0.0293669
Heal 2, casts: 52, avg: 1138.94, 12.5132%, cast time 10.2524% of in combat, overheal: 0.171424
Heal 4, casts: 22, avg: 1758.13, 8.17217%, cast time 4.33754% of in combat, overheal: 0.140695
Total time casting: 579, which is: 45.6625% of time in combat.
Total hps: 373.264, raw hps: 398.204, oh: 0.0626297
Deficit time sum: 9.36416e+10, baseline: 2.17906e+11
Deficit*time change / s: 9.80005e+07 hp
Number of combats: 21
Average mana at start of combat: 8644.44
Average mana at end of combat: 7288.76
Other players with hps > 100:
  Arkkade : 197.874 hps
  Cerr : 110.662 hps
  Dodotheclown : 132.97 hps
  Dopameme : 181.022 hps
  Freedrakeo : 152.043 hps
  Noranor : 133.579 hps
  Saevicus : 182.29 hps
  Visuh : 187.766 hps
  Wazzu : 228.03 hps
------------------
Upgrades: 
( following sorted by alt scores, no specials )
halo of transcendence(5.32922) -> crystal adorned crown(7.27155) : 1.94232 = +0.523083%
boots of transcendence(3.68671) -> boots of pure thought(5.10464) : 1.41794 = +0.381324%
primalist's seal(2.87689) -> cauterizing band(3.99033) : 1.11343 = +0.299189%
bindings of transcendence(3.2478) -> zandalar confessor's wraps(4.02289) : 0.775085 = +0.208083%
truefaith vestments(5.47885) -> robes of transcendence(5.91269) : 0.433838 = +0.116363%
zandalar confessor's mantle(3.33496) -> pauldrons of transcendence(3.67188) : 0.336914 = +0.090343%
dragon's touch(1.30652) -> lunar wand of healing(1.34192) : 0.0354004 = +0.0094849%
belt of transcendence(3.73361) -> firemaw's clutch(3.73636) : 0.00274658 = +0.000735833%
jin'do's evil eye(3.80121) -> jin'do's evil eye(3.80121) : 0 = +0%
shroud of pure thought(3.62366) -> shroud of pure thought(3.62366) : 0 = +0%
benediction, , , (10.1991) -> benediction, , , (10.1991) : 0 = +0%
handguards of transcendence(3.85205) -> handguards of transcendence(3.85205) : 0 = +0%
empowered leggings(6.50739) -> empowered leggings(6.50739) : 0 = +0%
pure elementium band(4.34332) -> pure elementium band(4.34332) : 0 = +0%
hazza'rah's charm of healing(15.0359) -> hazza'rah's charm of healing(15.0359) : 0 = +0%
rejuvenating gem(5.29962) -> rejuvenating gem(5.29962) : 0 = +0%
------------------
~~~~ end of intermediate results ~~~~
Temporary bans and partial set bonuses on.
.
*** NEW BEST (1): 373.691

*** NEW BEST (1): 373.721
.Temporary bans and partial set bonuses off.
.two-hand :   jin'do's hexxer lei of the lifegiver -> benediction    => val: 369.369 -> 374.387

*** NEW BEST (0): 374.387
waist : belt of transcendence -> firemaw's clutch => val: 374.387 -> 375.31

*** NEW BEST (0): 375.31
***** INTERMEDIATE RESULTS *****
Iteration: 5
 ----------------------------
 --- head --- 
name: crystal adorned crown
slot: head
intelligence: 14
spirit: 13
sp_healing: 92
armor: 85
 ----------------------------
 --- neck --- 
name: jin'do's evil eye
slot: neck
intelligence: 11
stamina: 5
spirit: 6
sp_healing: 44
 ----------------------------
 --- shoulders --- 
name: zandalar confessor's mantle
slot: shoulders
intelligence: 24
stamina: 11
spirit: 15
sp_healing: 22
armor: 78
 ----------------------------
 --- back --- 
name: shroud of pure thought
slot: back
intelligence: 11
stamina: 10
sp_healing: 33
mp5: 6
armor: 57
 ----------------------------
 --- chest --- 
name: robes of transcendence
slot: chest
intelligence: 27
stamina: 17
spirit: 16
sp_healing: 57
nature_res: 10
fire_res: 10
armor: 116
 ----------------------------
 --- wrists --- 
name: bindings of transcendence
slot: wrists
intelligence: 13
stamina: 9
spirit: 16
sp_healing: 33
armor: 51
 ----------------------------
 --- two-hand --- 
name: benediction
slot: two-hand
intelligence: 31
stamina: 10
spirit: 12
sp_healing: 106
spell_crit: 2
shadow_res: 20
 ----------------------------
 ---  --- 
name: 
slot: 
 ----------------------------
 ---  --- 
name: 
slot: 
 ----------------------------
 ---  --- 
name: 
slot: 
 ----------------------------
 --- ranged --- 
name: lunar wand of healing
slot: ranged
sp_healing: 20
 ----------------------------
 --- hands --- 
name: handguards of transcendence
slot: hands
intelligence: 20
stamina: 12
spirit: 13
sp_healing: 29
spell_crit: 1
armor: 72
 ----------------------------
 --- waist --- 
name: firemaw's clutch
slot: waist
intelligence: 12
stamina: 12
sp: 35
mp5: 5
armor: 64
 ----------------------------
 --- legs --- 
name: empowered leggings
slot: legs
intelligence: 12
stamina: 12
spirit: 24
sp_healing: 77
spell_crit: 1
armor: 103
 ----------------------------
 --- feet --- 
name: boots of pure thought
slot: feet
intelligence: 12
stamina: 8
spirit: 12
sp_healing: 62
armor: 74
 ----------------------------
 --- finger --- 
name: pure elementium band
slot: finger
intelligence: 10
stamina: 9
spirit: 10
sp_healing: 53
 ----------------------------
 --- finger --- 
name: cauterizing band
slot: finger
intelligence: 12
stamina: 9
sp_healing: 46
 ----------------------------
 --- trinket --- 
name: hazza'rah's charm of healing
slot: trinket
 ----------------------------
 --- trinket --- 
name: rejuvenating gem
slot: trinket
sp_healing: 66
mp5: 9
 ----------------------------
 --- Set bonuses ---
name: confessor's 2 hazza'rah's 1 transcendence 3 
slot: Set bonuses
sp: 23
------------------
Best value: 375.31
------------------
Char stats: 
Effective hp: 8577.5
Effective mana (100 s, 33 % out of fsr): 17572.3
Raw max mana: 11040.6
Int: 452.18
Stam: 402.73
Spirit: 451.03
Strength: 79.58
Agility: 84.18
All stats multiplier (taken into account above): 1.15
Bonus mana: 2000
Bonus hp: 0
Mp5: 170
Sp: 58
Sp shadow: 0
Sp healing: 900
Spell crit: 22
Spell hit: 0
Arcane res: 27
Nature res: 37
Fire res: 37
Frost res: 27
Shadow res: 47
Armor: 2898.75
Defense: 300
Dodge: 0
Parry: 0
HpsPvp: 981.388
ShadowDps: 235.339
Value pvp healing: 1977.59
Value pvp shadow: 113.722
Effective hp-pvp: 10809.7
Effecctive mana for 100 s, 0.33 fsr: 19137.9
------------------
Best counts:
oh_limit: 0.6
time_left_mul: 1.3
total_deficit_to_pop_trinkets: 9428.93
in combat total: 1268
Flash Heal 1, casts: 28, avg: 525.948, 3.09451%, cast time 3.3123% of in combat, overheal: 0.209172
Flash Heal 2, casts: 11, avg: 718.338, 1.6604%, cast time 1.30126% of in combat, overheal: 0.0450747
Flash Heal 3, casts: 6, avg: 763.599, 0.962737%, cast time 0.709779% of in combat, overheal: 0.0827848
Flash Heal 4, casts: 10, avg: 834.688, 1.75394%, cast time 1.18297% of in combat, overheal: 0.0908628
Flash Heal 5, casts: 6, avg: 1056.86, 1.33248%, cast time 0.709779% of in combat, overheal: 0
Flash Heal 6, casts: 4, avg: 1204.65, 1.01254%, cast time 0.473186% of in combat, overheal: 0
Flash Heal 7, casts: 23, avg: 1394.97, 6.74193%, cast time 2.72082% of in combat, overheal: 0
Greater Heal 1, casts: 11, avg: 1837.57, 4.24744%, cast time 2.16877% of in combat, overheal: 0.0358149
Greater Heal 1 hazz, casts: 4, avg: 1631.37, 1.37121%, cast time 0.473186% of in combat, overheal: 0.144009
Greater Heal 2 hazz, casts: 3, avg: 2187.58, 1.37904%, cast time 0.35489% of in combat, overheal: 0
Greater Heal 3 hazz, casts: 2, avg: 2082.6, 0.875241%, cast time 0.236593% of in combat, overheal: 0.171336
Greater Heal 4, casts: 84, avg: 2845.31, 50.2227%, cast time 16.5615% of in combat, overheal: 0.0171191
Greater Heal 4 hazz, casts: 9, avg: 2809.22, 5.31275%, cast time 1.06467% of in combat, overheal: 0.0295866
Heal 2, casts: 53, avg: 1145.08, 12.7527%, cast time 10.4495% of in combat, overheal: 0.169737
Heal 4, casts: 20, avg: 1732.35, 7.2804%, cast time 3.94322% of in combat, overheal: 0.155204
Total time casting: 579, which is: 45.6625% of time in combat.
Total hps: 375.31, raw hps: 400.493, oh: 0.0628795
Deficit time sum: 9.3459e+10, baseline: 2.17906e+11
Deficit*time change / s: 9.81444e+07 hp
Number of combats: 21
Average mana at start of combat: 8672.58
Average mana at end of combat: 7318.33
Other players with hps > 100:
  Arkkade : 197.866 hps
  Cerr : 110.701 hps
  Dodotheclown : 133.349 hps
  Dopameme : 180.976 hps
  Freedrakeo : 152.327 hps
  Noranor : 133.481 hps
  Saevicus : 181.882 hps
  Visuh : 187.802 hps
  Wazzu : 227.578 hps
------------------
Upgrades: 
( following sorted by alt scores, no specials )
halo of transcendence(5.32922) -> crystal adorned crown(7.27155) : 1.94232 = +0.520217%
boots of transcendence(3.68671) -> boots of pure thought(5.10464) : 1.41794 = +0.379237%
primalist's seal(2.87689) -> cauterizing band(3.99033) : 1.11343 = +0.297553%
truefaith vestments(5.47885) -> robes of transcendence(5.91269) : 0.433838 = +0.115728%
dragon's touch(1.30652) -> lunar wand of healing(1.34192) : 0.0354004 = +0.0094332%
belt of transcendence(3.73361) -> firemaw's clutch(3.73636) : 0.00274658 = +0.000731823%
jin'do's evil eye(3.80121) -> jin'do's evil eye(3.80121) : 0 = +0%
zandalar confessor's mantle(4.87817) -> zandalar confessor's mantle(4.87817) : 0 = +0%
shroud of pure thought(3.62366) -> shroud of pure thought(3.62366) : 0 = +0%
bindings of transcendence(3.2478) -> bindings of transcendence(3.2478) : 0 = +0%
benediction, , , (10.1991) -> benediction, , , (10.1991) : 0 = +0%
handguards of transcendence(3.85205) -> handguards of transcendence(3.85205) : 0 = +0%
empowered leggings(6.50739) -> empowered leggings(6.50739) : 0 = +0%
pure elementium band(4.34332) -> pure elementium band(4.34332) : 0 = +0%
hazza'rah's charm of healing(15.0359) -> hazza'rah's charm of healing(15.0359) : 0 = +0%
rejuvenating gem(5.29962) -> rejuvenating gem(5.29962) : 0 = +0%
------------------
~~~~ end of intermediate results ~~~~
Temporary bans and partial set bonuses on.
.
*** NEW BEST (1): 375.073
.Temporary bans and partial set bonuses off.
.wrists : bindings of transcendence -> zandalar confessor's wraps => val: 369.576 -> 369.851
hands : atal'ai hands of healing -> handguards of transcendence => val: 369.851 -> 370.663
legs : leggings of transcendence -> empowered leggings => val: 370.663 -> 372.7
waist : belt of transcendence -> firemaw's clutch => val: 372.7 -> 373.264
***** INTERMEDIATE RESULTS *****
Iteration: 8
 ----------------------------
 --- head --- 
name: crystal adorned crown
slot: head
intelligence: 14
spirit: 13
sp_healing: 92
armor: 85
 ----------------------------
 --- neck --- 
name: jin'do's evil eye
slot: neck
intelligence: 11
stamina: 5
spirit: 6
sp_healing: 44
 ----------------------------
 --- shoulders --- 
name: zandalar confessor's mantle
slot: shoulders
intelligence: 24
stamina: 11
spirit: 15
sp_healing: 22
armor: 78
 ----------------------------
 --- back --- 
name: shroud of pure thought
slot: back
intelligence: 11
stamina: 10
sp_healing: 33
mp5: 6
armor: 57
 ----------------------------
 --- chest --- 
name: robes of transcendence
slot: chest
intelligence: 27
stamina: 17
spirit: 16
sp_healing: 57
nature_res: 10
fire_res: 10
armor: 116
 ----------------------------
 --- wrists --- 
name: bindings of transcendence
slot: wrists
intelligence: 13
stamina: 9
spirit: 16
sp_healing: 33
armor: 51
 ----------------------------
 --- two-hand --- 
name: benediction
slot: two-hand
intelligence: 31
stamina: 10
spirit: 12
sp_healing: 106
spell_crit: 2
shadow_res: 20
 ----------------------------
 ---  --- 
name: 
slot: 
 ----------------------------
 ---  --- 
name: 
slot: 
 ----------------------------
 ---  --- 
name: 
slot: 
 ----------------------------
 --- ranged --- 
name: lunar wand of healing
slot: ranged
sp_healing: 20
 ----------------------------
 --- hands --- 
name: handguards of transcendence
slot: hands
intelligence: 20
stamina: 12
spirit: 13
sp_healing: 29
spell_crit: 1
armor: 72
 ----------------------------
 --- waist --- 
name: firemaw's clutch
slot: waist
intelligence: 12
stamina: 12
sp: 35
mp5: 5
armor: 64
 ----------------------------
 --- legs --- 
name: empowered leggings
slot: legs
intelligence: 12
stamina: 12
spirit: 24
sp_healing: 77
spell_crit: 1
armor: 103
 ----------------------------
 --- feet --- 
name: boots of pure thought
slot: feet
intelligence: 12
stamina: 8
spirit: 12
sp_healing: 62
armor: 74
 ----------------------------
 --- finger --- 
name: pure elementium band
slot: finger
intelligence: 10
stamina: 9
spirit: 10
sp_healing: 53
 ----------------------------
 --- finger --- 
name: cauterizing band
slot: finger
intelligence: 12
stamina: 9
sp_healing: 46
 ----------------------------
 --- trinket --- 
name: hazza'rah's charm of healing
slot: trinket
 ----------------------------
 --- trinket --- 
name: rejuvenating gem
slot: trinket
sp_healing: 66
mp5: 9
 ----------------------------
 --- Set bonuses ---
name: confessor's 2 hazza'rah's 1 transcendence 3 
slot: Set bonuses
sp: 23
------------------
Best value: 375.31
------------------
Char stats: 
Effective hp: 8577.5
Effective mana (100 s, 33 % out of fsr): 17572.3
Raw max mana: 11040.6
Int: 452.18
Stam: 402.73
Spirit: 451.03
Strength: 79.58
Agility: 84.18
All stats multiplier (taken into account above): 1.15
Bonus mana: 2000
Bonus hp: 0
Mp5: 170
Sp: 58
Sp shadow: 0
Sp healing: 900
Spell crit: 22
Spell hit: 0
Arcane res: 27
Nature res: 37
Fire res: 37
Frost res: 27
Shadow res: 47
Armor: 2898.75
Defense: 300
Dodge: 0
Parry: 0
HpsPvp: 979.745
ShadowDps: 235.339
Value pvp healing: 1986.1
Value pvp shadow: 114.594
Effective hp-pvp: 10809.7
Effecctive mana for 100 s, 0.33 fsr: 19137.9
------------------
Best counts:
oh_limit: 0.6
time_left_mul: 1.3
total_deficit_to_pop_trinkets: 9428.93
in combat total: 1268
Flash Heal 1, casts: 28, avg: 525.948, 3.09451%, cast time 3.3123% of in combat, overheal: 0.209172
Flash Heal 2, casts: 11, avg: 718.338, 1.6604%, cast time 1.30126% of in combat, overheal: 0.0450747
Flash Heal 3, casts: 6, avg: 763.599, 0.962737%, cast time 0.709779% of in combat, overheal: 0.0827848
Flash Heal 4, casts: 10, avg: 834.688, 1.75394%, cast time 1.18297% of in combat, overheal: 0.0908628
Flash Heal 5, casts: 6, avg: 1056.86, 1.33248%, cast time 0.709779% of in combat, overheal: 0
Flash Heal 6, casts: 4, avg: 1204.65, 1.01254%, cast time 0.473186% of in combat, overheal: 0
Flash Heal 7, casts: 23, avg: 1394.97, 6.74193%, cast time 2.72082% of in combat, overheal: 0
Greater Heal 1, casts: 11, avg: 1837.57, 4.24744%, cast time 2.16877% of in combat, overheal: 0.0358149
Greater Heal 1 hazz, casts: 4, avg: 1631.37, 1.37121%, cast time 0.473186% of in combat, overheal: 0.144009
Greater Heal 2 hazz, casts: 3, avg: 2187.58, 1.37904%, cast time 0.35489% of in combat, overheal: 0
Greater Heal 3 hazz, casts: 2, avg: 2082.6, 0.875241%, cast time 0.236593% of in combat, overheal: 0.171336
Greater Heal 4, casts: 84, avg: 2845.31, 50.2227%, cast time 16.5615% of in combat, overheal: 0.0171191
Greater Heal 4 hazz, casts: 9, avg: 2809.22, 5.31275%, cast time 1.06467% of in combat, overheal: 0.0295866
Heal 2, casts: 53, avg: 1145.08, 12.7527%, cast time 10.4495% of in combat, overheal: 0.169737
Heal 4, casts: 20, avg: 1732.35, 7.2804%, cast time 3.94322% of in combat, overheal: 0.155204
Total time casting: 579, which is: 45.6625% of time in combat.
Total hps: 375.31, raw hps: 400.493, oh: 0.0628795
Deficit time sum: 9.3459e+10, baseline: 2.17906e+11
Deficit*time change / s: 9.81444e+07 hp
Number of combats: 21
Average mana at start of combat: 8672.58
Average mana at end of combat: 7318.33
Other players with hps > 100:
  Arkkade : 197.866 hps
  Cerr : 110.701 hps
  Dodotheclown : 133.349 hps
  Dopameme : 180.976 hps
  Freedrakeo : 152.327 hps
  Noranor : 133.481 hps
  Saevicus : 181.882 hps
  Visuh : 187.802 hps
  Wazzu : 227.578 hps
------------------
Upgrades: 
( following sorted by alt scores, no specials )
halo of transcendence(5.32922) -> crystal adorned crown(7.27155) : 1.94232 = +0.520217%
boots of transcendence(3.68671) -> boots of pure thought(5.10464) : 1.41794 = +0.379237%
primalist's seal(2.87689) -> cauterizing band(3.99033) : 1.11343 = +0.297553%
truefaith vestments(5.47885) -> robes of transcendence(5.91269) : 0.433838 = +0.115728%
dragon's touch(1.30652) -> lunar wand of healing(1.34192) : 0.0354004 = +0.0094332%
belt of transcendence(3.73361) -> firemaw's clutch(3.73636) : 0.00274658 = +0.000731823%
jin'do's evil eye(3.80121) -> jin'do's evil eye(3.80121) : 0 = +0%
zandalar confessor's mantle(4.87817) -> zandalar confessor's mantle(4.87817) : 0 = +0%
shroud of pure thought(3.62366) -> shroud of pure thought(3.62366) : 0 = +0%
bindings of transcendence(3.2478) -> bindings of transcendence(3.2478) : 0 = +0%
benediction, , , (10.1991) -> benediction, , , (10.1991) : 0 = +0%
handguards of transcendence(3.85205) -> handguards of transcendence(3.85205) : 0 = +0%
empowered leggings(6.50739) -> empowered leggings(6.50739) : 0 = +0%
pure elementium band(4.34332) -> pure elementium band(4.34332) : 0 = +0%
hazza'rah's charm of healing(15.0359) -> hazza'rah's charm of healing(15.0359) : 0 = +0%
rejuvenating gem(5.29962) -> rejuvenating gem(5.29962) : 0 = +0%
------------------
~~~~ end of intermediate results ~~~~
Same items for intermediate results again, ending optimization. 
 ----------------------------
 --- head --- 
name: crystal adorned crown
slot: head
intelligence: 14
spirit: 13
sp_healing: 92
armor: 85
 ----------------------------
 --- neck --- 
name: jin'do's evil eye
slot: neck
intelligence: 11
stamina: 5
spirit: 6
sp_healing: 44
 ----------------------------
 --- shoulders --- 
name: zandalar confessor's mantle
slot: shoulders
intelligence: 24
stamina: 11
spirit: 15
sp_healing: 22
armor: 78
 ----------------------------
 --- back --- 
name: shroud of pure thought
slot: back
intelligence: 11
stamina: 10
sp_healing: 33
mp5: 6
armor: 57
 ----------------------------
 --- chest --- 
name: robes of transcendence
slot: chest
intelligence: 27
stamina: 17
spirit: 16
sp_healing: 57
nature_res: 10
fire_res: 10
armor: 116
 ----------------------------
 --- wrists --- 
name: bindings of transcendence
slot: wrists
intelligence: 13
stamina: 9
spirit: 16
sp_healing: 33
armor: 51
 ----------------------------
 --- two-hand --- 
name: benediction
slot: two-hand
intelligence: 31
stamina: 10
spirit: 12
sp_healing: 106
spell_crit: 2
shadow_res: 20
 ----------------------------
 ---  --- 
name: 
slot: 
 ----------------------------
 ---  --- 
name: 
slot: 
 ----------------------------
 ---  --- 
name: 
slot: 
 ----------------------------
 --- ranged --- 
name: lunar wand of healing
slot: ranged
sp_healing: 20
 ----------------------------
 --- hands --- 
name: handguards of transcendence
slot: hands
intelligence: 20
stamina: 12
spirit: 13
sp_healing: 29
spell_crit: 1
armor: 72
 ----------------------------
 --- waist --- 
name: firemaw's clutch
slot: waist
intelligence: 12
stamina: 12
sp: 35
mp5: 5
armor: 64
 ----------------------------
 --- legs --- 
name: empowered leggings
slot: legs
intelligence: 12
stamina: 12
spirit: 24
sp_healing: 77
spell_crit: 1
armor: 103
 ----------------------------
 --- feet --- 
name: boots of pure thought
slot: feet
intelligence: 12
stamina: 8
spirit: 12
sp_healing: 62
armor: 74
 ----------------------------
 --- finger --- 
name: pure elementium band
slot: finger
intelligence: 10
stamina: 9
spirit: 10
sp_healing: 53
 ----------------------------
 --- finger --- 
name: cauterizing band
slot: finger
intelligence: 12
stamina: 9
sp_healing: 46
 ----------------------------
 --- trinket --- 
name: hazza'rah's charm of healing
slot: trinket
 ----------------------------
 --- trinket --- 
name: rejuvenating gem
slot: trinket
sp_healing: 66
mp5: 9
 ----------------------------
 --- Set bonuses ---
name: confessor's 2 hazza'rah's 1 transcendence 3 
slot: Set bonuses
sp: 23
------------------
Char stats: 
Effective hp: 8577.5
Effective mana (100 s, 33 % out of fsr): 17572.3
Raw max mana: 11040.6
Int: 452.18
Stam: 402.73
Spirit: 451.03
Strength: 79.58
Agility: 84.18
All stats multiplier (taken into account above): 1.15
Bonus mana: 2000
Bonus hp: 0
Mp5: 170
Sp: 58
Sp shadow: 0
Sp healing: 900
Spell crit: 22
Spell hit: 0
Arcane res: 27
Nature res: 37
Fire res: 37
Frost res: 27
Shadow res: 47
Armor: 2898.75
Defense: 300
Dodge: 0
Parry: 0
HpsPvp: 981.388
ShadowDps: 235.339
Value pvp healing: 1977.59
Value pvp shadow: 113.722
Effective hp-pvp: 10809.7
Effecctive mana for 100 s, 0.33 fsr: 19137.9
------------------
Best counts:
oh_limit: 0.6
time_left_mul: 1.3
total_deficit_to_pop_trinkets: 9428.93
in combat total: 1268
Flash Heal 1, casts: 28, avg: 525.948, 3.09451%, cast time 3.3123% of in combat, overheal: 0.209172
Flash Heal 2, casts: 11, avg: 718.338, 1.6604%, cast time 1.30126% of in combat, overheal: 0.0450747
Flash Heal 3, casts: 6, avg: 763.599, 0.962737%, cast time 0.709779% of in combat, overheal: 0.0827848
Flash Heal 4, casts: 10, avg: 834.688, 1.75394%, cast time 1.18297% of in combat, overheal: 0.0908628
Flash Heal 5, casts: 6, avg: 1056.86, 1.33248%, cast time 0.709779% of in combat, overheal: 0
Flash Heal 6, casts: 4, avg: 1204.65, 1.01254%, cast time 0.473186% of in combat, overheal: 0
Flash Heal 7, casts: 23, avg: 1394.97, 6.74193%, cast time 2.72082% of in combat, overheal: 0
Greater Heal 1, casts: 11, avg: 1837.57, 4.24744%, cast time 2.16877% of in combat, overheal: 0.0358149
Greater Heal 1 hazz, casts: 4, avg: 1631.37, 1.37121%, cast time 0.473186% of in combat, overheal: 0.144009
Greater Heal 2 hazz, casts: 3, avg: 2187.58, 1.37904%, cast time 0.35489% of in combat, overheal: 0
Greater Heal 3 hazz, casts: 2, avg: 2082.6, 0.875241%, cast time 0.236593% of in combat, overheal: 0.171336
Greater Heal 4, casts: 84, avg: 2845.31, 50.2227%, cast time 16.5615% of in combat, overheal: 0.0171191
Greater Heal 4 hazz, casts: 9, avg: 2809.22, 5.31275%, cast time 1.06467% of in combat, overheal: 0.0295866
Heal 2, casts: 53, avg: 1145.08, 12.7527%, cast time 10.4495% of in combat, overheal: 0.169737
Heal 4, casts: 20, avg: 1732.35, 7.2804%, cast time 3.94322% of in combat, overheal: 0.155204
Total time casting: 579, which is: 45.6625% of time in combat.
Total hps: 375.31, raw hps: 400.493, oh: 0.0628795
Deficit time sum: 9.3459e+10, baseline: 2.17906e+11
Deficit*time change / s: 9.81444e+07 hp
Number of combats: 21
Average mana at start of combat: 8672.58
Average mana at end of combat: 7318.33
Other players with hps > 100:
  Arkkade : 197.866 hps
  Cerr : 110.701 hps
  Dodotheclown : 133.349 hps
  Dopameme : 180.976 hps
  Freedrakeo : 152.327 hps
  Noranor : 133.481 hps
  Saevicus : 181.882 hps
  Visuh : 187.802 hps
  Wazzu : 227.578 hps
------------------
Based on last: 3000 entries, out of total: 5150 entries, (4586 dropped), The least-squares solution is:
Int: 114.633
Spirit: 12.5674
Sp / Healing: 100
Mp5: 185.831
Crit: 326.684
T1 3p/piece: 0
T2 3p/piece: 2221.14
Hazza'rah's: 21630.7
Darkmoon: 2731.09
100 points == 1 sp == 0.0654443 hps.
Appended tag:
( Pawn: v1: "storm_bwl_speed_phase4": Intellect=114.633, Spirit=12.5674, Healing=100, Mp5=185.831, SpellCritRating=326.684, IsFist=X, Is2HMace=X, IsCrossbow=X, IsGun=X, IsShield=X, IsPolearm=X, Is2HAxe=X, IsBow=X, IsMail=X, IsPlate=X, IsLeather=X, IsAxe=X, Is2HAxe=X, IsSword=X, Is2HSword=X)
To file: storm_bwl_speed_phase4.pawn_tag.txt
------------------
Diffs to start: 
Upgrades: 
( following sorted by alt scores, no specials )
halo of transcendence(5.34781) -> crystal adorned crown(7.17807) : 1.83026 = +0.490057%
boots of transcendence(3.70572) -> boots of pure thought(5.05649) : 1.35077 = +0.361208%
primalist's seal(2.86392) -> cauterizing band(3.91068) : 1.04675 = +0.279684%
truefaith vestments(5.50711) -> robes of transcendence(5.88748) : 0.380371 = +0.101451%
belt of transcendence(3.7261) -> firemaw's clutch(3.79886) : 0.0727539 = +0.0193888%
dragon's touch(1.29291) -> lunar wand of healing(1.3089) : 0.0159912 = +0.00426098%
jin'do's evil eye(3.75412) -> jin'do's evil eye(3.75412) : 0 = +0%
zandalar confessor's mantle(4.86887) -> zandalar confessor's mantle(4.86887) : 0 = +0%
shroud of pure thought(3.71457) -> shroud of pure thought(3.71457) : 0 = +0%
bindings of transcendence(3.26651) -> bindings of transcendence(3.26651) : 0 = +0%
benediction, , , (9.78903) -> benediction, , , (9.78903) : 0 = +0%
handguards of transcendence(3.71902) -> handguards of transcendence(3.71902) : 0 = +0%
empowered leggings(6.35065) -> empowered leggings(6.35065) : 0 = +0%
pure elementium band(4.30099) -> pure elementium band(4.30099) : 0 = +0%
hazza'rah's charm of healing(15.6613) -> hazza'rah's charm of healing(15.6613) : 0 = +0%
rejuvenating gem(5.41385) -> rejuvenating gem(5.41385) : 0 = +0%
- - - - - - - - - - - - - - - - - - - - - - - - - - - - - - - - - - - - - - - - - 
| Upgrades at best in slot level, from start item to candidate, partial bonuses: 1: |
  alt scores are from least squares fit, special score from e.g. set bonuses as s are part of em
. . . . . . . . . . . . . . . . . . . . . . . . . . . . . . . . . . . . . . . . . 
- . - ' - . - ' - . - ' - . - ' - . - ' - . -
head, halo of transcendence (12.8135), alt: 5.34781 -> :
    crystal adorned crown (15.0599) : +0.602515 %, alt : +7.17808, from: azuregos
    halo of transcendence (12.8135) : +0 %, alt : +5.34782, from: onyxia
- . - ' - . - ' - . - ' - . - ' - . - ' - . -
neck, jin'do's evil eye (5.53333), alt: 3.75412 -> :
    the all-seeing eye of zuldazar (4.29602) : -0.329884 %, alt : +1.88508, from: zg
- . - ' - . - ' - . - ' - . - ' - . - ' - . -
shoulders, zandalar confessor's mantle (9.1319), alt: 4.86887 -> :
    zandalar confessor's mantle (9.1319) : +0 %, alt : +4.86885, from: zg
    pauldrons of transcendence (6.36633) : -0.73734 %, alt : +3.68398, from: bwl
- . - ' - . - ' - . - ' - . - ' - . - ' - . -
back, shroud of pure thought (5.55255), alt: 3.71457 -> :
- . - ' - . - ' - . - ' - . - ' - . - ' - . -
chest, truefaith vestments (7.11319), alt: 5.50711 -> :
    robes of transcendence (16.1566) : +2.47066 %, alt : +7.34108 (s: 1.45361), from: bwl
    robes of the exalted (8.22095) : +0.302641 %, alt : +4.91578, from: pre-raid
    jade inlaid vestments (9.73102) : +0.715196 %, alt : +4.29571, from: ysondre
    flowing ritual robes (8.32108) : +0.329997 %, alt : +3.36264, from: zg
    robe of volatile power (7.1376) : +0.00666997 %, alt : +3.14036, from: mc
- . - ' - . - ' - . - ' - . - ' - . - ' - . -
wrists, bindings of transcendence (9.76562), alt: 4.72012 (s: 1.45361) -> :
    bindings of transcendence (9.76562) : +0 %, alt : +4.72013 (s: 1.45361), from: bwl
    zandalar confessor's wraps (1.90637) : -2.09539 %, alt : +2.49458, from: zg
- . - ' - . - ' - . - ' - . - ' - . - ' - . -
two-hand, benediction (19.0553), alt: 9.78903 -> :
    lok'amir il romathis and lei of the lifegiver (20.2873) : +0.32846 %, alt : +10.7469, from: bwl, av rep
- . - ' - . - ' - . - ' - . - ' - . - ' - . -
ranged, dragon's touch (-1.91232), alt: 1.29291 -> :
    lunar wand of healing (0.403412) : +0.621245 %, alt : +1.30889, from: random green
    essence gatherer (1.90024) : +1.0228 %, alt : +1.13322, from: bwl
    mar'li's touch (0.578247) : +0.668148 %, alt : +0.874573, from: zg
- . - ' - . - ' - . - ' - . - ' - . - ' - . -
hands, handguards of transcendence (11.1584), alt: 5.17261 (s: 1.45361) -> :
    handguards of transcendence (11.1584) : +0 %, alt : +5.17262 (s: 1.45361), from: bwl
- . - ' - . - ' - . - ' - . - ' - . - ' - . -
waist, belt of transcendence (4.60077), alt: 3.7261 -> :
    firemaw's clutch (5.94989) : +0.360994 %, alt : +3.79887, from: bwl
    belt of transcendence (4.60077) : +0 %, alt : +3.72611, from: bwl
    zandalar confessor's bindings (2.75821) : -0.493027 %, alt : +3.30066, from: zg
    girdle of prophecy (5.04889) : +0.119907 %, alt : +2.89368, from: mc
- . - ' - . - ' - . - ' - . - ' - . - ' - . -
legs, empowered leggings (14.6617), alt: 6.35065 -> :
    leggings of transcendence (14.6241) : -0.0100322 %, alt : +5.60989, from: mc
- . - ' - . - ' - . - ' - . - ' - . - ' - . -
feet, boots of transcendence (8.82629), alt: 3.70572 -> :
    boots of pure thought (11.4992) : +0.717761 %, alt : +5.05649, from: bwl
    boots of transcendence (8.82629) : +0 %, alt : +3.70572, from: bwl
    snowblind shoes (10.4808) : +0.444283 %, alt : +3.4525, from: azuregos
    betrayer's boots (9.93356) : +0.297333 %, alt : +2.96227, from: zg
    boots of prophecy (8.98688) : +0.0431212 %, alt : +2.73725, from: mc
- . - ' - . - ' - . - ' - . - ' - . - ' - . -
finger, pure elementium band (6.18518), alt: 4.30099 -> :
- . - ' - . - ' - . - ' - . - ' - . - ' - . -
finger 2, primalist's seal (4.77304), alt: 3.94376 -> :
    pure elementium band (6.6915) : +0.513831 %, alt : +4.301, from: bwl
    cauterizing band (6.48257) : +0.457874 %, alt : +3.91068, from: mc
    primalist's band (5.01804) : +0.0656184 %, alt : +2.55973, from: zg
    rosewine circle (5.33304) : +0.149987 %, alt : +2.50596, from: pre-raid
    band of forced concentration (5.56116) : +0.211086 %, alt : +2.27458, from: bwl
    eye of orgrimmar (4.80106) : +0.00750345 %, alt : +1.73604, from: pre-raid
- . - ' - . - ' - . - ' - . - ' - . - ' - . -
trinket, hazza'rah's charm of healing (7.58347), alt: 15.6613 -> :
    hazza'rah's charm of healing (7.58347) : +0 %, alt : +15.6613, from: zg
    darkmoon card: blue dragon (3.81705) : -1.00418 %, alt : +1.78735, from: 
- . - ' - . - ' - . - ' - . - ' - . - ' - . -
trinket 2, rejuvenating gem (12.2419), alt: 5.41385 -> :
    hazza'rah's charm of healing (0) : -3.26388 %, alt : +15.6613, from: zg
    darkmoon card: blue dragon (7.72131) : -1.20527 %, alt : +1.78735, from: 
- - - - - - - - - - - - - - - - - - - - - - - - - - - - - - - - - - - - - - - - - 
| Upgrades at best in slot level, from start item to candidate, partial bonuses: 0: |
  alt scores are from least squares fit, special score from e.g. set bonuses as s are part of em
. . . . . . . . . . . . . . . . . . . . . . . . . . . . . . . . . . . . . . . . . 
- . - ' - . - ' - . - ' - . - ' - . - ' - . -
head, halo of transcendence (11.3439), alt: 5.34781 -> :
    crystal adorned crown (15.7699) : +1.19337 %, alt : +7.17808, from: azuregos
    halo of transcendence (11.3439) : +0 %, alt : +5.34782, from: onyxia
- . - ' - . - ' - . - ' - . - ' - . - ' - . -
neck, jin'do's evil eye (6.95172), alt: 3.75412 -> :
    the all-seeing eye of zuldazar (3.91287) : -0.809691 %, alt : +1.88508, from: zg
- . - ' - . - ' - . - ' - . - ' - . - ' - . -
shoulders, zandalar confessor's mantle (9.35321), alt: 4.86887 -> :
    zandalar confessor's mantle (9.35321) : +0 %, alt : +4.86885, from: zg
    pauldrons of transcendence (5.30493) : -1.07865 %, alt : +3.68398, from: bwl
- . - ' - . - ' - . - ' - . - ' - . - ' - . -
back, shroud of pure thought (6.76038), alt: 3.71457 -> :
- . - ' - . - ' - . - ' - . - ' - . - ' - . -
chest, truefaith vestments (9.68756), alt: 5.50711 -> :
    robes of transcendence (28.1493) : +5.17355 %, alt : +10.2483 (s: 4.36083), from: bwl
- . - ' - . - ' - . - ' - . - ' - . - ' - . -
wrists, bindings of transcendence (21.8252), alt: 7.62735 (s: 4.36083) -> :
    bindings of transcendence (21.8252) : +0 %, alt : +7.62735 (s: 4.36083), from: bwl
    zandalar confessor's wraps (4.05347) : -4.73522 %, alt : +2.49458, from: zg
- . - ' - . - ' - . - ' - . - ' - . - ' - . -
two-hand, benediction (20.8416), alt: 9.78903 -> :
    lok'amir il romathis and lei of the lifegiver (18.137) : -0.72062 %, alt : +10.7469, from: bwl, av rep
- . - ' - . - ' - . - ' - . - ' - . - ' - . -
ranged, dragon's touch (-1.80927), alt: 1.29291 -> :
    lunar wand of healing (1.74207) : +0.955279 %, alt : +1.30889, from: random green
    essence gatherer (1.90454) : +0.998983 %, alt : +1.13322, from: bwl
    bonecreeper stylus (0.358856) : +0.583207 %, alt : +1.01997, from: pre-raid
    mar'li's touch (0.582397) : +0.643338 %, alt : +0.874573, from: zg
- . - ' - . - ' - . - ' - . - ' - . - ' - . -
hands, handguards of transcendence (22.6819), alt: 8.07983 (s: 4.36083) -> :
    handguards of transcendence (22.6819) : +0 %, alt : +8.07984 (s: 4.36083), from: bwl
- . - ' - . - ' - . - ' - . - ' - . - ' - . -
waist, belt of transcendence (5.91434), alt: 3.7261 -> :
    firemaw's clutch (6.83713) : +0.24648 %, alt : +3.79887, from: bwl
    belt of transcendence (5.91434) : +0 %, alt : +3.72611, from: bwl
    zandalar confessor's bindings (2.98691) : -0.781926 %, alt : +3.30066, from: zg
- . - ' - . - ' - . - ' - . - ' - . - ' - . -
legs, empowered leggings (18.4417), alt: 6.35065 -> :
    leggings of transcendence (16.4968) : -0.5182 %, alt : +5.60989, from: mc
- . - ' - . - ' - . - ' - . - ' - . - ' - . -
feet, boots of transcendence (11.1958), alt: 3.70572 -> :
    boots of pure thought (15.6847) : +1.21052 %, alt : +5.05649, from: bwl
    boots of transcendence (11.1958) : +0 %, alt : +3.70572, from: bwl
    snowblind shoes (12.6196) : +0.383966 %, alt : +3.4525, from: azuregos
    betrayer's boots (12.6429) : +0.390254 %, alt : +2.96227, from: zg
- . - ' - . - ' - . - ' - . - ' - . - ' - . -
finger, pure elementium band (8.19418), alt: 4.30099 -> :
- . - ' - . - ' - . - ' - . - ' - . - ' - . -
finger 2, primalist's seal (5.01501), alt: 2.86392 -> :
    pure elementium band (5.10178) : +0.0231757 %, alt : +4.301, from: bwl
    cauterizing band (5.96048) : +0.252552 %, alt : +3.91068, from: mc
- . - ' - . - ' - . - ' - . - ' - . - ' - . -
trinket, hazza'rah's charm of healing (9.00183), alt: 15.6613 -> :
    hazza'rah's charm of healing (9.00183) : +0 %, alt : +15.6613, from: zg
    darkmoon card: blue dragon (3.82538) : -1.37925 %, alt : +1.78735, from: 
- . - ' - . - ' - . - ' - . - ' - . - ' - . -
trinket 2, rejuvenating gem (15.6504), alt: 5.41385 -> :
    hazza'rah's charm of healing (0) : -4.16999 %, alt : +15.6613, from: zg
    darkmoon card: blue dragon (6.78616) : -2.36184 %, alt : +1.78735, from: 
- - - - - - - - - - - - - - - - - - - - - - - - - - - - - - - - - - - - - - - - - 
| Upgrades at start level, from start item to candidate, partial bonuses: 1: |
  alt scores are from least squares fit, special score from e.g. set bonuses as s are part of em
. . . . . . . . . . . . . . . . . . . . . . . . . . . . . . . . . . . . . . . . . 
- . - ' - . - ' - . - ' - . - ' - . - ' - . -
head, halo of transcendence (10.3922), alt: 5.34781 -> :
    crystal adorned crown (18.3119) : +2.16324 %, alt : +7.17808, from: azuregos
    halo of transcendence (10.3922) : +0 %, alt : +5.34782, from: onyxia
    zulian headdress (10.4872) : +0.0259576 %, alt : +4.83989, from: zg
- . - ' - . - ' - . - ' - . - ' - . - ' - . -
neck, jin'do's evil eye (7.22882), alt: 3.75412 -> :
    wavefront necklace (7.42191) : +0.0527404 %, alt : +2.99371, from: silithus
    the all-seeing eye of zuldazar (4.74722) : -0.67784 %, alt : +1.88508, from: zg
- . - ' - . - ' - . - ' - . - ' - . - ' - . -
shoulders, zandalar confessor's mantle (8.86441), alt: 4.86887 -> :
    zandalar confessor's mantle (8.86441) : +0 %, alt : +4.86885, from: zg
    pauldrons of transcendence (5.90121) : -0.809387 %, alt : +3.68398, from: bwl
- . - ' - . - ' - . - ' - . - ' - . - ' - . -
back, shroud of pure thought (7.22314), alt: 3.71457 -> :
- . - ' - . - ' - . - ' - . - ' - . - ' - . -
chest, truefaith vestments (13.1793), alt: 5.50711 -> :
    robes of transcendence (14.8158) : +0.447006 %, alt : +5.88747, from: bwl
    robes of the exalted (13.9811) : +0.219006 %, alt : +4.91578, from: pre-raid
- . - ' - . - ' - . - ' - . - ' - . - ' - . -
wrists, bindings of transcendence (5.2905), alt: 3.26651 -> :
    bindings of transcendence (5.2905) : +0 %, alt : +3.26652, from: bwl
    zandalar confessor's wraps (5.23962) : -0.0138957 %, alt : +2.49458, from: zg
- . - ' - . - ' - . - ' - . - ' - . - ' - . -
two-hand, benediction (19.5073), alt: 9.78903 -> :
    lok'amir il romathis and lei of the lifegiver (25.6824) : +1.68669 %, alt : +10.7469, from: bwl, av rep
- . - ' - . - ' - . - ' - . - ' - . - ' - . -
ranged, dragon's touch (0.741272), alt: 1.29291 -> :
    lunar wand of healing (4.53) : +1.03488 %, alt : +1.30889, from: random green
    bonecreeper stylus (1.52386) : +0.213763 %, alt : +1.01997, from: pre-raid
    mar'li's touch (0.943756) : +0.0553079 %, alt : +0.874573, from: zg
- . - ' - . - ' - . - ' - . - ' - . - ' - . -
hands, handguards of transcendence (4.92819), alt: 3.71902 -> :
    handguards of transcendence (4.92819) : +0 %, alt : +3.71901, from: bwl
    atal'ai hands of healing (7.37479) : +0.668279 %, alt : +3.46855, from: sunken temple
    gloves of prophecy (5.38278) : +0.12417 %, alt : +3.24189, from: mc
    hands of the exalted herald (5.21606) : +0.0786313 %, alt : +3.23362, from: pre-raid
    high councillor's gloves of healing (6.56393) : +0.446797 %, alt : +3.01044, from: random green
- . - ' - . - ' - . - ' - . - ' - . - ' - . -
waist, belt of transcendence (3.50323), alt: 3.7261 -> :
    firemaw's clutch (7.01846) : +0.960173 %, alt : +3.79887, from: bwl
    belt of transcendence (3.50323) : +0 %, alt : +3.72611, from: bwl
    whipvine cord (4.05124) : +0.149685 %, alt : +3.35863, from: pre-raid
    zandalar confessor's bindings (2.69916) : -0.219631 %, alt : +3.30066, from: zg
- . - ' - . - ' - . - ' - . - ' - . - ' - . -
legs, empowered leggings (14.5843), alt: 6.35065 -> :
    leggings of transcendence (14.4704) : -0.0311091 %, alt : +5.60989, from: mc
- . - ' - . - ' - . - ' - . - ' - . - ' - . -
feet, boots of transcendence (5.28262), alt: 3.70572 -> :
    boots of pure thought (11.0934) : +1.58721 %, alt : +5.05649, from: bwl
    boots of transcendence (5.28262) : +0 %, alt : +3.70572, from: bwl
    snowblind shoes (5.83429) : +0.150686 %, alt : +3.4525, from: azuregos
- . - ' - . - ' - . - ' - . - ' - . - ' - . -
finger, pure elementium band (7.63684), alt: 4.30099 -> :
    primalist's seal (2.60068) : -1.37561 %, alt : +3.94376, from: zg
    primalist's band (2.28665) : -1.46139 %, alt : +2.55973, from: zg
- . - ' - . - ' - . - ' - . - ' - . - ' - . -
finger 2, primalist's seal (7.12137), alt: 3.94376 -> :
    pure elementium band (10.7101) : +0.980254 %, alt : +4.301, from: bwl
    primalist's seal (7.12137) : +0 %, alt : +3.94376, from: zg
    cauterizing band (7.56833) : +0.122086 %, alt : +3.91068, from: mc
    primalist's band (5.20889) : -0.522386 %, alt : +2.55973, from: zg
- . - ' - . - ' - . - ' - . - ' - . - ' - . -
trinket, hazza'rah's charm of healing (7.7366), alt: 15.6613 -> :
    hazza'rah's charm of healing (7.7366) : +0 %, alt : +15.6613, from: zg
    rejuvenating gem (8.90063) : +0.317951 %, alt : +5.41386, from: bwl
    hibernation crystal (9.33527) : +0.436669 %, alt : +3.86121, from: ysondre
    darkmoon card: blue dragon (5.41003) : -0.635494 %, alt : +1.78735, from: 
- . - ' - . - ' - . - ' - . - ' - . - ' - . -
trinket 2, rejuvenating gem (10.4904), alt: 5.41385 -> :
    hazza'rah's charm of healing (0) : -2.86542 %, alt : +15.6613, from: zg
    darkmoon card: blue dragon (4.29984) : -1.69094 %, alt : +1.78735, from: 
- - - - - - - - - - - - - - - - - - - - - - - - - - - - - - - - - - - - - - - - - 
| Upgrades at start level, from start item to candidate, partial bonuses: 0: |
  alt scores are from least squares fit, special score from e.g. set bonuses as s are part of em
. . . . . . . . . . . . . . . . . . . . . . . . . . . . . . . . . . . . . . . . . 
- . - ' - . - ' - . - ' - . - ' - . - ' - . -
head, halo of transcendence (12.4212), alt: 5.34781 -> :
    crystal adorned crown (19.032) : +1.82071 %, alt : +7.17808, from: azuregos
    halo of transcendence (12.4212) : +0 %, alt : +5.34782, from: onyxia
- . - ' - . - ' - . - ' - . - ' - . - ' - . -
neck, jin'do's evil eye (9.62656), alt: 3.75412 -> :
    the all-seeing eye of zuldazar (5.6098) : -1.10628 %, alt : +1.88508, from: zg
- . - ' - . - ' - . - ' - . - ' - . - ' - . -
shoulders, zandalar confessor's mantle (12.0085), alt: 4.86887 -> :
    zandalar confessor's mantle (12.0085) : +0 %, alt : +4.86885, from: zg
    pauldrons of transcendence (7.39636) : -1.27025 %, alt : +3.68398, from: bwl
- . - ' - . - ' - . - ' - . - ' - . - ' - . -
back, shroud of pure thought (9.05542), alt: 3.71457 -> :
    hakkari loa cloak (9.14468) : +0.0245848 %, alt : +2.67558, from: zg
- . - ' - . - ' - . - ' - . - ' - . - ' - . -
chest, truefaith vestments (10.4365), alt: 5.50711 -> :
    robes of transcendence (6.49274) : -1.08617 %, alt : +5.88747, from: bwl
- . - ' - . - ' - . - ' - . - ' - . - ' - . -
wrists, bindings of transcendence (7.82007), alt: 3.26651 -> :
    bindings of transcendence (7.82007) : +0 %, alt : +3.26652, from: bwl
    zandalar confessor's wraps (6.48761) : -0.366982 %, alt : +2.49458, from: zg
- . - ' - . - ' - . - ' - . - ' - . - ' - . -
two-hand, benediction (19.2428), alt: 9.78903 -> :
    lok'amir il romathis and lei of the lifegiver (21.3503) : +0.580462 %, alt : +10.7469, from: bwl, av rep
    lok'amir il romathis and trance stone (19.378) : +0.0372428 %, alt : +9.21555, from: bwl, emeriss; lethon; taerar; ysondre
- . - ' - . - ' - . - ' - . - ' - . - ' - . -
ranged, dragon's touch (2.25555), alt: 1.29291 -> :
    lunar wand of healing (2.7081) : +0.124639 %, alt : +1.30889, from: random green
    essence gatherer (3.20544) : +0.261616 %, alt : +1.13322, from: bwl
    bonecreeper stylus (2.34918) : +0.0257867 %, alt : +1.01997, from: pre-raid
- . - ' - . - ' - . - ' - . - ' - . - ' - . -
hands, handguards of transcendence (7.27176), alt: 3.71902 -> :
    handguards of transcendence (7.27176) : +0 %, alt : +3.71901, from: bwl
    gloves of delusional power (7.57861) : +0.0845129 %, alt : +3.5754, from: emeriss; lethon; taerar; ysondre
- . - ' - . - ' - . - ' - . - ' - . - ' - . -
waist, belt of transcendence (8.64737), alt: 3.7261 -> :
    firemaw's clutch (9.60086) : +0.262608 %, alt : +3.79887, from: bwl
    belt of transcendence (8.64737) : +0 %, alt : +3.72611, from: bwl
    whipvine cord (9.68851) : +0.286747 %, alt : +3.35863, from: pre-raid
    zandalar confessor's bindings (8.97974) : +0.0915395 %, alt : +3.30066, from: zg
- . - ' - . - ' - . - ' - . - ' - . - ' - . -
legs, empowered leggings (12.1571), alt: 6.35065 -> :
    leggings of transcendence (9.74347) : -0.664765 %, alt : +5.60989, from: mc
- . - ' - . - ' - . - ' - . - ' - . - ' - . -
feet, boots of transcendence (7.60208), alt: 3.70572 -> :
    boots of pure thought (9.92737) : +0.640424 %, alt : +5.05649, from: bwl
    boots of transcendence (7.60208) : +0 %, alt : +3.70572, from: bwl
    snowblind shoes (7.92511) : +0.0889676 %, alt : +3.4525, from: azuregos
- . - ' - . - ' - . - ' - . - ' - . - ' - . -
finger, pure elementium band (10.4746), alt: 4.30099 -> :
- . - ' - . - ' - . - ' - . - ' - . - ' - . -
finger 2, primalist's seal (5.6156), alt: 2.86392 -> :
    pure elementium band (8.61859) : +0.827075 %, alt : +4.301, from: bwl
    cauterizing band (7.06003) : +0.39782 %, alt : +3.91068, from: mc
    rosewine circle (6.06912) : +0.124908 %, alt : +2.50596, from: pre-raid
- . - ' - . - ' - . - ' - . - ' - . - ' - . -
trinket, hazza'rah's charm of healing (8.54956), alt: 15.6613 -> :
    hazza'rah's charm of healing (8.54956) : +0 %, alt : +15.6613, from: zg
    rejuvenating gem (12.081) : +0.972625 %, alt : +5.41386, from: bwl
    hibernation crystal (8.76178) : +0.0584488 %, alt : +3.86121, from: ysondre
    darkmoon card: blue dragon (6.72012) : -0.503858 %, alt : +1.78735, from: 
- . - ' - . - ' - . - ' - . - ' - . - ' - . -
trinket 2, rejuvenating gem (14.1624), alt: 5.41385 -> :
    hazza'rah's charm of healing (0) : -3.90056 %, alt : +15.6613, from: zg
    darkmoon card: blue dragon (6.29904) : -2.1657 %, alt : +1.78735, from: 
------------------
Best value: 375.31
