Your call: ./css 4 ../items/phase5.csv ../items/not_for_priests.txt no-locks vevfabriken_bwl_speed_phase5 -a ../confs/wcl_bwl_speed_log.csv -l vevfabriken_speed.txt 
Found: -a, val: ../confs/wcl_bwl_speed_log.csv
./css 4 ../items/phase5.csv ../items/not_for_priests.txt no-locks vevfabriken_bwl_speed_phase5 -l vevfabriken_speed.txt 
Found key: buff_fraction, saw val: 1
Found key: healing_from_crit_fraction, saw val: 0.2
Found key: transc8_exists, saw val: 0
Found key: enchantments, saw val: 1
Found key: fort, saw val: 1
Found key: motw, saw val: 1
Found key: spirit, saw val: 1
Found key: ai, saw val: 1
Found key: flask, saw val: 1
Found key: holy_disc, saw val: 0
Found key: min_combat_length, saw val: 2
Found key: max_log_entry_diff_in_combat, saw val: 10
Found key: precast, saw val: 1
Found key: swap_cast, saw val: 1
Found key: time_step, saw val: 0.1
Found key: reaction_time, saw val: 0.1
Found key: skip_player, saw val: Paisti
Found key: use_deficit_time_sum, saw val: 0
Found key: wcl_log, saw val: 1
Found: -l, val: vevfabriken_speed.txt
./css 4 ../items/phase5.csv ../items/not_for_priests.txt no-locks vevfabriken_bwl_speed_phase5 
Will read log from: vevfabriken_speed.txt
./css 4 ../items/phase5.csv ../items/not_for_priests.txt no-locks vevfabriken_bwl_speed_phase5 
./css 4 ../items/phase5.csv ../items/not_for_priests.txt no-locks vevfabriken_bwl_speed_phase5 
Shuffle seed: 4077487917
Reading banned from: ../items/not_for_priests.txt
Banning: neltharion's tear
Banning: lok'amir il romathis
Banning: choker of the fire lord
Reading WCL parsed log: vevfabriken_speed.txt
Saw 19702 lines of log, with 19702 log lines
Sorting by timestamp...
Sorted.
Pruning log from: 19702 entries.
Combat from 0 to 6.875 s
Combat from 48.152 to 168.37 s
Combat from 172.512 to 214.558 s
Combat from 219.82 to 231.953 s
Combat from 234.806 to 323.899 s
Combat from 343.337 to 348.991 s
Combat from 389.07 to 410.392 s
Combat from 430.411 to 741.697 s
Combat from 753.052 to 792.295 s
Combat from 821.829 to 921.447 s
Combat from 934.421 to 966.727 s
Combat from 988.344 to 1035.76 s
Combat from 1047.91 to 1167.32 s
Combat from 1179.9 to 1253.35 s
Combat from 1291.59 to 1422.09 s
Combat from 1431.84 to 1508.57 s
Pruned to: 19573 entries.
Reading tmp locked from: start_with.txt
Locking: anastari heirloom
Locking: anathema
Locking: animated chain necklace
Locking: argent crusader
Locking: atal'ai gloves of the owl
Locking: ban'thok sash
Locking: banshee finger
Locking: benediction
Locking: blood of the martyr
Locking: briarwood reed
Locking: burial shawl
Locking: clutch of andros
Locking: crimson felt hat
Locking: cyclopean band
Locking: devout belt
Locking: devout bracers
Locking: devout crown
Locking: devout mantle
Locking: devout robe
Locking: devout sandals
Locking: devout skirt
Locking: dragon finger of healing
Locking: dragon finger of intellect
Locking: dragonrider boots
Locking: dragonslayer's signet
Locking: drakefire amulet
Locking: dreadmist mantle
Locking: dreamweave circlet
Locking: dreamweave gloves
Locking: dreamweave vest
Locking: elder magus pendant
Locking: eye of the beast
Locking: fordring's seal
Locking: girdle of prophecy
Locking: gloves of prophecy
Locking: grimgore noose
Locking: halo of transcendence
Locking: heart of the fiend
Locking: hide of the wild
Locking: kentic amice
Locking: magister's robes
Locking: maleki's footwraps
Locking: mindtap talisman
Locking: nature's breath
Locking: necropile boots
Locking: necropile cuffs
Locking: necropile leggings
Locking: necropile mantle
Locking: necropile robe
Locking: noxious shooter
Locking: omnicast boots
Locking: orb of the forgotten seer
Locking: padre's trousers
Locking: penelope's rose
Locking: quel'dorai channeling rod
Locking: raincaster drape
Locking: rainstrider leggings
Locking: ring of demonic guile
Locking: ring of demonic guile
Locking: robes of prophecy
Locking: robes of the exalted
Locking: robes of the royal crown
Locking: rod of corrosion
Locking: rosewine circle
Locking: royal seal of eldre'thalas
Locking: royal tribunal cloak
Locking: sarah's guide
Locking: seal of rivendare
Locking: seal of rivendare
Locking: shadowy laced handwraps
Locking: silkweb gloves
Locking: soulstealer mantle
Locking: spellbound tome
Locking: spritecaster cape
Locking: star of mystaria
Locking: starfire tiara
Locking: stormrager
Locking: sublime wristguards
Locking: the hammer of grace
Locking: the postmaster's treads
Locking: thuzadin sash
Locking: triune amulet
Locking: vinerot sandals
Locking: whipvine cord
Locking: wolfshear leggings
Locking: boots of the full moon
Locking: mantle of prophecy
Locking: dragon's touch
Locking: bindings of transcendence
Locking: shimmering geta
Locking: empowered leggings
Locking: seal of the archmagus
Locking: circlet of prophecy
Locking: boots of prophecy
Locking: pauldrons of transcendence
Locking: primalist's seal
Locking: zandalar confessor's bindings
Locking: zulian headdress
Locking: mar'li's eye
Locking: shroud of pure thought
Locking: belt of transcendence
Locking: jin'do's evil eye
Locking: primalist's band
Locking: zandalarian hero charm
Locking: zandalar confessor's mantle
Locking: zandalar confessor's wraps 
Locking: pure elementium band
Locking: truefaith vestments
Locking: vambraces of prophecy
Locking: hazza'rah's charm of healing
Locking: handguards of transcendence
Locking: boots of transcendence
Optimizing start items...

*** NEW BEST (1): 183.879

*** NEW BEST (1): 186.776

*** NEW BEST (1): 188.206

*** NEW BEST (1): 188.963

*** NEW BEST (1): 193.291

*** NEW BEST (1): 196.554

*** NEW BEST (1): 199.136

*** NEW BEST (1): 204.493

*** NEW BEST (1): 208.507

*** NEW BEST (1): 209.055

*** NEW BEST (1): 209.426

*** NEW BEST (1): 213.721

*** NEW BEST (1): 217.048

*** NEW BEST (1): 219.491

*** NEW BEST (1): 225.429

*** NEW BEST (1): 228.265
*
*** NEW BEST (1): 228.9

*** NEW BEST (1): 229.204

*** NEW BEST (1): 230.013

*** NEW BEST (1): 230.38
*
*** NEW BEST (1): 230.416
**
*** NEW BEST (1): 230.424

*** NEW BEST (1): 230.765
***
*** NEW BEST (1): 230.883
****
*** NEW BEST (0): 200.821
Based on last: 3000 entries, out of total: 4015 entries, The least-squares solution is:
Int: 9.39306
Spirit: 30.0652
Sp / Healing: 100
Mp5: 67.4305
Crit: 648.474
T1 3p/piece: 1224.51
T2 3p/piece: 1263.06
100 points == 1 sp == 0.0643082 hps.
waist : ban'thok sash -> zandalar confessor's bindings => val: 200.821 -> 203.2

*** NEW BEST (0): 203.2
Based on last: 3000 entries, out of total: 4035 entries, The least-squares solution is:
Int: 11.9175
Spirit: 28.8206
Sp / Healing: 100
Mp5: 68.0032
Crit: 641.51
T1 3p/piece: 1230.53
T2 3p/piece: 1235.83
100 points == 1 sp == 0.0642081 hps.
finger 2 : blood of the martyr -> pure elementium band => val: 203.2 -> 207.156

*** NEW BEST (0): 207.156
Based on last: 3000 entries, out of total: 4065 entries, The least-squares solution is:
Int: 12.6776
Spirit: 28.8619
Sp / Healing: 100
Mp5: 69.419
Crit: 646.288
T1 3p/piece: 1210.85
T2 3p/piece: 1219.8
100 points == 1 sp == 0.0641322 hps.
legs : devout skirt -> empowered leggings => val: 207.156 -> 210.916

*** NEW BEST (0): 210.916
Based on last: 3000 entries, out of total: 4085 entries, The least-squares solution is:
Int: 13.6177
Spirit: 27.1634
Sp / Healing: 100
Mp5: 69.9815
Crit: 634.944
T1 3p/piece: 1232.4
T2 3p/piece: 1232.03
100 points == 1 sp == 0.0640958 hps.
two-hand :   the hammer of grace orb of the forgotten seer -> benediction    => val: 210.916 -> 216.127

*** NEW BEST (0): 216.127
Based on last: 3000 entries, out of total: 4135 entries, The least-squares solution is:
Int: 14.4284
Spirit: 28.7822
Sp / Healing: 100
Mp5: 78.7637
Crit: 605.486
T1 3p/piece: 1253.75
T2 3p/piece: 1267.81
100 points == 1 sp == 0.0632494 hps.
finger : cyclopean band -> fordring's seal => val: 216.127 -> 217.18

*** NEW BEST (0): 217.18
Based on last: 3000 entries, out of total: 4201 entries, The least-squares solution is:
Int: 15.3918
Spirit: 29.4018
Sp / Healing: 100
Mp5: 81.0882
Crit: 612.419
T1 3p/piece: 1228.3
T2 3p/piece: 1234.33
100 points == 1 sp == 0.063128 hps.
ranged : dragon finger of intellect -> dragon's touch => val: 217.18 -> 217.266

*** NEW BEST (0): 217.266
Based on last: 3000 entries, out of total: 4218 entries, The least-squares solution is:
Int: 14.3401
Spirit: 29.9611
Sp / Healing: 100
Mp5: 83.9121
Crit: 613.827
T1 3p/piece: 1224.84
T2 3p/piece: 1235.41
100 points == 1 sp == 0.0632891 hps.
wrists : devout bracers -> bindings of transcendence => val: 217.266 -> 219.107

*** NEW BEST (0): 219.107
Based on last: 3000 entries, out of total: 4237 entries, The least-squares solution is:
Int: 14.3967
Spirit: 30.1876
Sp / Healing: 100
Mp5: 84.4575
Crit: 610.832
T1 3p/piece: 1218.66
T2 3p/piece: 1225.39
100 points == 1 sp == 0.0633227 hps.
shoulders : soulstealer mantle -> pauldrons of transcendence => val: 219.107 -> 222.658

*** NEW BEST (0): 222.658
Based on last: 3000 entries, out of total: 4256 entries, The least-squares solution is:
Int: 15.5114
Spirit: 30.4921
Sp / Healing: 100
Mp5: 84.7165
Crit: 607.486
T1 3p/piece: 1183.48
T2 3p/piece: 1210.67
100 points == 1 sp == 0.0631459 hps.
feet : boots of the full moon -> boots of transcendence => val: 222.658 -> 223.609

*** NEW BEST (0): 223.609
Based on last: 3000 entries, out of total: 4276 entries, The least-squares solution is:
Int: 17.0778
Spirit: 31.6233
Sp / Healing: 100
Mp5: 84.5845
Crit: 579.514
T1 3p/piece: 1160.21
T2 3p/piece: 1157.7
100 points == 1 sp == 0.0630902 hps.
chest : dreamweave vest -> truefaith vestments => val: 223.609 -> 226.775

*** NEW BEST (0): 226.775
Based on last: 3000 entries, out of total: 4296 entries, The least-squares solution is:
Int: 17.7192
Spirit: 32.0122
Sp / Healing: 100
Mp5: 83.8855
Crit: 589.082
T1 3p/piece: 1177.85
T2 3p/piece: 1119.17
100 points == 1 sp == 0.0632985 hps.
hands : atal'ai gloves of the owl -> handguards of transcendence => val: 226.775 -> 227.192

*** NEW BEST (0): 227.192
Based on last: 3000 entries, out of total: 4318 entries, The least-squares solution is:
Int: 17.403
Spirit: 33.3657
Sp / Healing: 100
Mp5: 84.4463
Crit: 589.621
T1 3p/piece: 1153.61
T2 3p/piece: 1117.75
100 points == 1 sp == 0.0631623 hps.
trinket : briarwood reed -> zandalarian hero charm => val: 227.192 -> 227.43

*** NEW BEST (0): 227.43
Based on last: 3000 entries, out of total: 4332 entries, The least-squares solution is:
Int: 18.1503
Spirit: 33.24
Sp / Healing: 100
Mp5: 81.04
Crit: 598.311
T1 3p/piece: 1157.66
T2 3p/piece: 1092.1
100 points == 1 sp == 0.062886 hps.
head : crimson felt hat -> zulian headdress => val: 227.43 -> 228.104

*** NEW BEST (0): 228.104
Based on last: 3000 entries, out of total: 4356 entries, The least-squares solution is:
Int: 18.257
Spirit: 32.9338
Sp / Healing: 100
Mp5: 83.6958
Crit: 600.146
T1 3p/piece: 1177.78
T2 3p/piece: 1127.53
100 points == 1 sp == 0.0625479 hps.
*neck : animated chain necklace -> jin'do's evil eye => val: 228.104 -> 229.157

*** NEW BEST (0): 229.157
Based on last: 3000 entries, out of total: 4400 entries, The least-squares solution is:
Int: 18.0702
Spirit: 32.423
Sp / Healing: 100
Mp5: 83.2369
Crit: 601.052
T1 3p/piece: 1190.39
T2 3p/piece: 1140.19
100 points == 1 sp == 0.0625351 hps.
********
Read starting items and cleared locks.
 ----------------------------
 --- head --- 
name: zulian headdress
slot: head
intelligence: 15
stamina: 13
spirit: 14
sp_healing: 55
armor: 78
 ----------------------------
 --- neck --- 
name: jin'do's evil eye
slot: neck
intelligence: 11
stamina: 5
spirit: 6
sp_healing: 44
 ----------------------------
 --- shoulders --- 
name: pauldrons of transcendence
slot: shoulders
intelligence: 25
stamina: 12
spirit: 13
sp_healing: 26
fire_res: 10
armor: 87
 ----------------------------
 --- back --- 
name: hide of the wild
slot: back
intelligence: 10
stamina: 8
sp_healing: 42
armor: 48
 ----------------------------
 --- chest --- 
name: truefaith vestments
slot: chest
stamina: 14
sp_healing: 73
mp5: 6
armor: 96
 ----------------------------
 --- wrists --- 
name: bindings of transcendence
slot: wrists
intelligence: 13
stamina: 9
spirit: 16
sp_healing: 33
armor: 51
 ----------------------------
 --- two-hand --- 
name: benediction
slot: two-hand
intelligence: 31
stamina: 10
spirit: 12
sp_healing: 106
spell_crit: 2
shadow_res: 20
 ----------------------------
 ---  --- 
name: 
slot: 
 ----------------------------
 ---  --- 
name: 
slot: 
 ----------------------------
 ---  --- 
name: 
slot: 
 ----------------------------
 --- ranged --- 
name: dragon's touch
slot: ranged
intelligence: 12
stamina: 7
sp: 6
 ----------------------------
 --- hands --- 
name: handguards of transcendence
slot: hands
intelligence: 20
stamina: 12
spirit: 13
sp_healing: 29
spell_crit: 1
armor: 72
 ----------------------------
 --- waist --- 
name: zandalar confessor's bindings
slot: waist
intelligence: 20
stamina: 12
spirit: 12
sp_healing: 26
armor: 53
 ----------------------------
 --- legs --- 
name: empowered leggings
slot: legs
intelligence: 12
stamina: 12
spirit: 24
sp_healing: 77
spell_crit: 1
armor: 103
 ----------------------------
 --- feet --- 
name: boots of transcendence
slot: feet
intelligence: 17
stamina: 17
spirit: 17
sp_healing: 35
fire_res: 10
armor: 80
 ----------------------------
 --- finger --- 
name: fordring's seal
slot: finger
intelligence: 5
stamina: 4
sp_healing: 37
 ----------------------------
 --- finger --- 
name: pure elementium band
slot: finger
intelligence: 10
stamina: 9
spirit: 10
sp_healing: 53
 ----------------------------
 --- trinket --- 
name: zandalarian hero charm
slot: trinket
sp: 20
sp_healing: 20
 ----------------------------
 --- trinket --- 
name: hazza'rah's charm of healing
slot: trinket
 ----------------------------
 --- Set bonuses ---
name: confessor's 2 hazza'rah's 1 transcendence 3 
slot: Set bonuses
sp: 23
 --- And counts for start items ---
oh_limit: 0.9
time_left_mul: 0.5
total_deficit_to_pop_trinkets: 10000
in combat total: 1229.8
Flash Heal 1, casts: 48, avg: 452.427, 7.70589%, cast time 5.85461% of in combat, overheal: 0.273246
Flash Heal 2, casts: 23, avg: 622.453, 5.08004%, cast time 2.80533% of in combat, overheal: 0.122928
Flash Heal 3, casts: 14, avg: 774.313, 3.8466%, cast time 1.70759% of in combat, overheal: 0.0197931
Flash Heal 4, casts: 20, avg: 726.062, 5.15272%, cast time 2.43942% of in combat, overheal: 0.170705
Flash Heal 5, casts: 12, avg: 929.716, 3.95881%, cast time 1.46365% of in combat, overheal: 0.0833333
Flash Heal 6, casts: 17, avg: 943.991, 5.69442%, cast time 2.07351% of in combat, overheal: 0.187607
Flash Heal 7, casts: 133, avg: 1234.09, 58.2414%, cast time 16.2222% of in combat, overheal: 0.0873855
Greater Heal 1, casts: 1, avg: 211, 0.0748713%, cast time 0.203285% of in combat, overheal: 0.884135
Greater Heal 1 hazz, casts: 10, avg: 1150.52, 4.0825%, cast time 1.21971% of in combat, overheal: 0.368224
Greater Heal 2 hazz, casts: 2, avg: 1681.5, 1.19333%, cast time 0.243942% of in combat, overheal: 0.200339
Greater Heal 3 hazz, casts: 3, avg: 720.667, 0.767165%, cast time 0.365913% of in combat, overheal: 0.703223
Greater Heal 4 hazz, casts: 6, avg: 1947.94, 4.14724%, cast time 0.731826% of in combat, overheal: 0.306753
Heal 2, casts: 1, avg: 155, 0.0550002%, cast time 0.203285% of in combat, overheal: 0.880225
Total time casting: 437, which is: 35.5342% of time in combat.
Total hps: 229.157, raw hps: 273.398, oh: 0.16182
Deficit time sum: 1.4562e+07, baseline: 1.94078e+07
Deficit*time change / s: 3940.33 hp
Number of combats: 16
Average mana at start of combat: 10295.2
Average mana at end of combat: 8937.73
Other players with hps > 100:
  Crøcodile : 160.194 hps
  Hård : 151.173 hps
  Kannushi : 171.451 hps
  Lessarr : 150.792 hps
  Magglish : 183.495 hps
  Mcstealth : 127.825 hps
  Pawelele : 166.5 hps
  Santto : 195.399 hps
Reading locked from: no-locks
Setting tag name to: vevfabriken_bwl_speed_phase5
.
*** NEW BEST (1): 267.037

*** NEW BEST (1): 267.87

*** NEW BEST (1): 271.414

*** NEW BEST (1): 273.008

*** NEW BEST (1): 273.367
.
*** NEW BEST (1): 274.049

*** NEW BEST (1): 274.377

*** NEW BEST (1): 274.487
...Temporary bans and partial set bonuses off.
.
*** NEW BEST (0): 267.955
two-hand :   gavel of infinite wisdom lei of the lifegiver ->   scepter of the false prophet sartura's might => val: 267.955 -> 268.769

*** NEW BEST (0): 268.769
Swapping to best matching bonuses: 
    bindings of transcendence -> bindings of transcendence
    handguards of transcendence -> handguards of transcendence
    robes of the guardian saint -> robes of transcendence
    pauldrons of transcendence -> zandalar confessor's mantle
    value from: 268.769 -> 269.212

*** NEW BEST (0): 269.212
***** INTERMEDIATE RESULTS *****
Iteration: 6
 ----------------------------
 --- head --- 
name: crystal adorned crown
slot: head
intelligence: 14
spirit: 13
sp_healing: 92
armor: 85
 ----------------------------
 --- neck --- 
name: amulet of the fallen god
slot: neck
intelligence: 11
sp_healing: 57
mp5: 6
 ----------------------------
 --- shoulders --- 
name: zandalar confessor's mantle
slot: shoulders
intelligence: 24
stamina: 11
spirit: 15
sp_healing: 22
armor: 78
 ----------------------------
 --- back --- 
name: cloak of clarity
slot: back
intelligence: 12
stamina: 6
spirit: 7
sp_healing: 40
mp5: 8
armor: 66
 ----------------------------
 --- chest --- 
name: robes of transcendence
slot: chest
intelligence: 27
stamina: 17
spirit: 16
sp_healing: 57
nature_res: 10
fire_res: 10
armor: 116
 ----------------------------
 --- wrists --- 
name: bindings of transcendence
slot: wrists
intelligence: 13
stamina: 9
spirit: 16
sp_healing: 33
armor: 51
 ----------------------------
 ---  --- 
name: 
slot: 
 ----------------------------
 --- main hand --- 
name: scepter of the false prophet
slot: main hand
intelligence: 19
stamina: 10
sp_healing: 187
mp5: 3
 ----------------------------
 ---  --- 
name: 
slot: 
 ----------------------------
 --- off hand --- 
name: sartura's might
slot: off hand
intelligence: 6
stamina: 6
sp_healing: 51
mp5: 6
 ----------------------------
 --- ranged --- 
name: lunar wand of healing
slot: ranged
sp_healing: 20
 ----------------------------
 --- hands --- 
name: handguards of transcendence
slot: hands
intelligence: 20
stamina: 12
spirit: 13
sp_healing: 29
spell_crit: 1
armor: 72
 ----------------------------
 --- waist --- 
name: grasp of the old god
slot: waist
intelligence: 19
stamina: 15
sp_healing: 59
mp5: 7
armor: 75
 ----------------------------
 --- legs --- 
name: empowered leggings
slot: legs
intelligence: 12
stamina: 12
spirit: 24
sp_healing: 77
spell_crit: 1
armor: 103
 ----------------------------
 --- feet --- 
name: boots of pure thought
slot: feet
intelligence: 12
stamina: 8
spirit: 12
sp_healing: 62
armor: 74
 ----------------------------
 --- finger --- 
name: ring of the martyr
slot: finger
stamina: 10
sp_healing: 51
mp5: 5
 ----------------------------
 --- finger --- 
name: pure elementium band
slot: finger
intelligence: 10
stamina: 9
spirit: 10
sp_healing: 53
 ----------------------------
 --- trinket --- 
name: rejuvenating gem
slot: trinket
sp_healing: 66
mp5: 9
 ----------------------------
 --- trinket --- 
name: hazza'rah's charm of healing
slot: trinket
 ----------------------------
 --- Set bonuses ---
name: confessor's 2 hazza'rah's 1 transcendence 3 
slot: Set bonuses
sp: 23
------------------
Best value: 269.212
------------------
Char stats: 
Effective hp: 8625.2
Effective mana (100 s, 33 % out of fsr): 17543.9
Raw max mana: 10850.8
Int: 440.68
Stam: 403.88
Spirit: 438.38
Strength: 79.58
Agility: 84.18
All stats multiplier (taken into account above): 1.15
Bonus mana: 2000
Bonus hp: 0
Mp5: 182
Sp: 23
Sp shadow: 0
Sp healing: 1116
Spell crit: 20
Spell hit: 0
Arcane res: 27
Nature res: 37
Fire res: 37
Frost res: 27
Shadow res: 27
Armor: 2918.75
Defense: 300
Dodge: 0
Parry: 0
HpsPvp: 1037.48
ShadowDps: 224.52
Value pvp healing: 2199.46
Value pvp shadow: 103.006
Effective hp-pvp: 10792.3
Effecctive mana for 100 s, 0.33 fsr: 19069.7
------------------
Best counts:
oh_limit: 0.6
time_left_mul: 2.9
total_deficit_to_pop_trinkets: 10500
in combat total: 1229.8
Flash Heal 1, casts: 18, avg: 594.018, 3.22956%, cast time 2.19548% of in combat, overheal: 0.202097
Flash Heal 2, casts: 5, avg: 621.582, 0.938728%, cast time 0.609855% of in combat, overheal: 0.25228
Flash Heal 3, casts: 1, avg: 0, 0%, cast time 0.121971% of in combat, overheal: 1
Flash Heal 4, casts: 8, avg: 996.492, 2.40788%, cast time 0.975768% of in combat, overheal: 0
Flash Heal 5, casts: 4, avg: 944.34, 1.14093%, cast time 0.487884% of in combat, overheal: 0.167747
Flash Heal 6, casts: 4, avg: 1231.4, 1.48775%, cast time 0.487884% of in combat, overheal: 0.0393696
Flash Heal 7, casts: 37, avg: 1423.76, 15.9115%, cast time 4.51293% of in combat, overheal: 0.0323839
Greater Heal 1, casts: 10, avg: 1777.8, 5.36975%, cast time 2.03285% of in combat, overheal: 0.13756
Greater Heal 1 hazz, casts: 10, avg: 1553.81, 4.69319%, cast time 1.21971% of in combat, overheal: 0.246221
Greater Heal 2 hazz, casts: 2, avg: 2084.48, 1.25921%, cast time 0.243942% of in combat, overheal: 0.109941
Greater Heal 3 hazz, casts: 3, avg: 2185.83, 1.98066%, cast time 0.365913% of in combat, overheal: 0.180184
Greater Heal 4, casts: 24, avg: 2751.97, 19.9492%, cast time 4.87884% of in combat, overheal: 0.0966332
Greater Heal 4 hazz, casts: 5, avg: 2827.81, 4.27062%, cast time 0.609855% of in combat, overheal: 0.0717381
Heal 2, casts: 74, avg: 1158.24, 25.8882%, cast time 15.0431% of in combat, overheal: 0.246833
Heal 4, casts: 20, avg: 1899.19, 11.4728%, cast time 4.0657% of in combat, overheal: 0.139284
Total time casting: 465.5, which is: 37.8517% of time in combat.
Total hps: 269.212, raw hps: 317.72, oh: 0.152676
Deficit time sum: 1.4188e+07, baseline: 1.94078e+07
Deficit*time change / s: 4244.43 hp
Number of combats: 16
Average mana at start of combat: 10679.1
Average mana at end of combat: 9986.12
Other players with hps > 100:
  Crøcodile : 159.981 hps
  Hård : 148.545 hps
  Kannushi : 165.817 hps
  Lessarr : 145.422 hps
  Magglish : 178.523 hps
  Mcstealth : 125.785 hps
  Pawelele : 163.035 hps
  Santto : 187.771 hps
------------------
Upgrades: 
( following sorted by alt scores, no specials )
benediction, , , (7.97409) -> , scepter of the false prophet, , sartura's might(15.6343) : 7.66025 = +2.92877%
zulian headdress(3.89279) -> crystal adorned crown(6.17502) : 2.28223 = +0.854992%
zandalar confessor's bindings(2.09521) -> grasp of the old god(4.26865) : 2.17343 = +0.813902%
zandalarian hero charm(2.5014) -> rejuvenating gem(4.59579) : 2.09439 = +0.784071%
boots of transcendence(2.72552) -> boots of pure thought(4.2561) : 1.53058 = +0.571792%
pauldrons of transcendence(2.172) -> zandalar confessor's mantle(3.38943) : 1.21744 = +0.454277%
fordring's seal(2.3703) -> ring of the martyr(3.44955) : 1.07925 = +0.402508%
jin'do's evil eye(2.9975) -> amulet of the fallen god(4.00113) : 1.00363 = +0.374199%
dragon's touch(0.510803) -> lunar wand of healing(1.2507) : 0.739899 = +0.275596%
hide of the wild(2.73947) -> cloak of clarity(3.19534) : 0.455872 = +0.169623%
bindings of transcendence(2.53497) -> bindings of transcendence(2.53497) : 0 = +0%
handguards of transcendence(2.67899) -> handguards of transcendence(2.67899) : 0 = +0%
empowered leggings(5.81329) -> empowered leggings(5.81329) : 0 = +0%
pure elementium band(3.63013) -> pure elementium band(3.63013) : 0 = +0%
hazza'rah's charm of healing(1.43829) -> hazza'rah's charm of healing(1.43829) : 0 = +0%
truefaith vestments(4.87738) -> robes of transcendence(4.19403) : -0.68335 = +-0.253191%
------------------
~~~~ end of intermediate results ~~~~
Temporary bans and partial set bonuses on.
.....
*** NEW BEST (1): 275.221
Based on last: 3000 entries, out of total: 10542 entries, The least-squares solution is:
Int: 0
Spirit: 0
Sp / Healing: 100
Mp5: 0
Crit: 0
T1 3p/piece: 350.784
T2 3p/piece: 0
100 points == 1 sp == 0.0366335 hps.
.
*** NEW BEST (1): 275.943
Based on last: 3000 entries, out of total: 10828 entries, The least-squares solution is:
Int: 0
Spirit: 0
Sp / Healing: 100
Mp5: 0
Crit: 0
T1 3p/piece: 619.683
T2 3p/piece: 0
100 points == 1 sp == 0.0365047 hps.

*** NEW BEST (1): 276.052
Based on last: 3000 entries, out of total: 10840 entries, The least-squares solution is:
Int: 0
Spirit: 0
Sp / Healing: 100
Mp5: 0
Crit: 0
T1 3p/piece: 618.274
T2 3p/piece: 0
100 points == 1 sp == 0.0364741 hps.
.
*** NEW BEST (1): 276.426
Based on last: 3000 entries, out of total: 10895 entries, The least-squares solution is:
Int: 0
Spirit: 0
Sp / Healing: 100
Mp5: 0
Crit: 0
T1 3p/piece: 347.342
T2 3p/piece: 0
100 points == 1 sp == 0.0363193 hps.
.Temporary bans and partial set bonuses off.
.
*** NEW BEST (0): 275.745
Based on last: 3000 entries, out of total: 11216 entries, The least-squares solution is:
Int: 0
Spirit: 0
Sp / Healing: 100
Mp5: 0
Crit: 0
T1 3p/piece: 354.152
T2 3p/piece: 0
100 points == 1 sp == 0.0384906 hps.
feet : treads of the wandering nomand -> boots of pure thought => val: 275.745 -> 276.346

*** NEW BEST (0): 276.346
Based on last: 3000 entries, out of total: 11321 entries, The least-squares solution is:
Int: 0
Spirit: 0
Sp / Healing: 100
Mp5: 0
Crit: 0
T1 3p/piece: 353.918
T2 3p/piece: 0
100 points == 1 sp == 0.0398643 hps.
.No swappies for item bonuses found. (best matching was empty)
***** INTERMEDIATE RESULTS *****
Iteration: 16
 ----------------------------
 --- head --- 
name: crystal adorned crown
slot: head
intelligence: 14
spirit: 13
sp_healing: 92
armor: 85
 ----------------------------
 --- neck --- 
name: amulet of the fallen god
slot: neck
intelligence: 11
sp_healing: 57
mp5: 6
 ----------------------------
 --- shoulders --- 
name: zandalar confessor's mantle
slot: shoulders
intelligence: 24
stamina: 11
spirit: 15
sp_healing: 22
armor: 78
 ----------------------------
 --- back --- 
name: hide of the wild
slot: back
intelligence: 10
stamina: 8
sp_healing: 42
armor: 48
 ----------------------------
 --- chest --- 
name: truefaith vestments
slot: chest
stamina: 14
sp_healing: 73
mp5: 6
armor: 96
 ----------------------------
 --- wrists --- 
name: bracelets of royal redemption
slot: wrists
intelligence: 10
stamina: 8
spirit: 9
sp_healing: 53
armor: 54
 ----------------------------
 ---  --- 
name: 
slot: 
 ----------------------------
 --- main hand --- 
name: scepter of the false prophet
slot: main hand
intelligence: 19
stamina: 10
sp_healing: 187
mp5: 3
 ----------------------------
 ---  --- 
name: 
slot: 
 ----------------------------
 --- off hand --- 
name: lei of the lifegiver
slot: off hand
sp_healing: 53
mp5: 3
 ----------------------------
 --- ranged --- 
name: lunar wand of healing
slot: ranged
sp_healing: 20
 ----------------------------
 --- hands --- 
name: atal'ai hands of healing
slot: hands
sp: 9
sp_healing: 44
armor: 47
 ----------------------------
 --- waist --- 
name: grasp of the old god
slot: waist
intelligence: 19
stamina: 15
sp_healing: 59
mp5: 7
armor: 75
 ----------------------------
 --- legs --- 
name: empowered leggings
slot: legs
intelligence: 12
stamina: 12
spirit: 24
sp_healing: 77
spell_crit: 1
armor: 103
 ----------------------------
 --- feet --- 
name: boots of pure thought
slot: feet
intelligence: 12
stamina: 8
spirit: 12
sp_healing: 62
armor: 74
 ----------------------------
 --- finger --- 
name: ring of the martyr
slot: finger
stamina: 10
sp_healing: 51
mp5: 5
 ----------------------------
 --- finger --- 
name: pure elementium band
slot: finger
intelligence: 10
stamina: 9
spirit: 10
sp_healing: 53
 ----------------------------
 --- trinket --- 
name: rejuvenating gem
slot: trinket
sp_healing: 66
mp5: 9
 ----------------------------
 --- trinket --- 
name: hazza'rah's charm of healing
slot: trinket
 ----------------------------
 --- Set bonuses ---
name: confessor's 2 hazza'rah's 1 
slot: Set bonuses
sp: 23
------------------
Best value: 276.346
------------------
Char stats: 
Effective hp: 8408
Effective mana (100 s, 33 % out of fsr): 15540.9
Raw max mana: 9750.27
Int: 373.98
Stam: 380.88
Spirit: 388.93
Strength: 79.58
Agility: 84.18
All stats multiplier (taken into account above): 1.15
Bonus mana: 2000
Bonus hp: 0
Mp5: 177
Sp: 32
Sp shadow: 0
Sp healing: 1171
Spell crit: 19
Spell hit: 0
Arcane res: 27
Nature res: 27
Fire res: 27
Frost res: 27
Shadow res: 27
Armor: 2858.75
Defense: 300
Dodge: 0
Parry: 0
HpsPvp: 1055.72
ShadowDps: 223.541
Value pvp healing: 1891.06
Value pvp shadow: 84.7854
Effective hp-pvp: 10448.8
Effecctive mana for 100 s, 0.33 fsr: 17158.9
------------------
Best counts:
oh_limit: 0.6
time_left_mul: 2.9
total_deficit_to_pop_trinkets: 10500
in combat total: 1229.8
Flash Heal 1, casts: 21, avg: 583.81, 3.60747%, cast time 2.56139% of in combat, overheal: 0.242421
Flash Heal 2, casts: 4, avg: 620.316, 0.730103%, cast time 0.487884% of in combat, overheal: 0.276289
Flash Heal 3, casts: 4, avg: 936.78, 1.10258%, cast time 0.487884% of in combat, overheal: 0
Flash Heal 4, casts: 4, avg: 1021.7, 1.20253%, cast time 0.487884% of in combat, overheal: 0
Flash Heal 5, casts: 4, avg: 956.687, 1.12601%, cast time 0.487884% of in combat, overheal: 0.174825
Flash Heal 6, casts: 3, avg: 1230.67, 1.08637%, cast time 0.365913% of in combat, overheal: 0.0576851
Flash Heal 7, casts: 24, avg: 1416.63, 10.0041%, cast time 2.92731% of in combat, overheal: 0.0523253
Greater Heal 1, casts: 7, avg: 1947.28, 4.01087%, cast time 1.423% of in combat, overheal: 0.0776257
Greater Heal 1 hazz, casts: 10, avg: 1635.05, 4.81108%, cast time 1.21971% of in combat, overheal: 0.225522
Greater Heal 2 hazz, casts: 2, avg: 1807.85, 1.06391%, cast time 0.243942% of in combat, overheal: 0.243799
Greater Heal 3 hazz, casts: 4, avg: 2168.14, 2.55187%, cast time 0.487884% of in combat, overheal: 0.201063
Greater Heal 4, casts: 29, avg: 2773.33, 23.6652%, cast time 5.89527% of in combat, overheal: 0.103195
Greater Heal 4 hazz, casts: 4, avg: 3049.09, 3.58874%, cast time 0.487884% of in combat, overheal: 0.0140222
Heal 2, casts: 78, avg: 1181.5, 27.1168%, cast time 15.8562% of in combat, overheal: 0.256902
Heal 4, casts: 25, avg: 1948.34, 14.3323%, cast time 5.08213% of in combat, overheal: 0.136434
Total time casting: 473.5, which is: 38.5022% of time in combat.
Total hps: 276.346, raw hps: 330.034, oh: 0.162672
Deficit time sum: 1.39722e+07, baseline: 1.94078e+07
Deficit*time change / s: 4419.86 hp
Number of combats: 16
Average mana at start of combat: 9448.16
Average mana at end of combat: 8516.99
Other players with hps > 100:
  Crøcodile : 157.987 hps
  Hård : 147.647 hps
  Kannushi : 164.684 hps
  Lessarr : 145.761 hps
  Magglish : 179.019 hps
  Mcstealth : 126.12 hps
  Pawelele : 161.475 hps
  Santto : 187.285 hps
------------------
Upgrades: 
( following sorted by alt scores, no specials )
benediction, , , (4.22562) -> , scepter of the false prophet, , lei of the lifegiver(9.56744) : 5.34183 = +1.97112%
zulian headdress(2.19254) -> crystal adorned crown(3.66751) : 1.47498 = +0.536606%
zandalar confessor's bindings(1.03647) -> grasp of the old god(2.35199) : 1.31552 = +0.478318%
boots of transcendence(1.39526) -> boots of pure thought(2.47159) : 1.07632 = +0.391007%
zandalarian hero charm(1.59457) -> rejuvenating gem(2.63104) : 1.03647 = +0.376473%
handguards of transcendence(1.15607) -> atal'ai hands of healing(2.11279) : 0.956726 = +0.347408%
bindings of transcendence(1.31552) -> bracelets of royal redemption(2.11279) : 0.797272 = +0.289339%
pauldrons of transcendence(1.03647) -> zandalar confessor's mantle(1.79388) : 0.757416 = +0.274835%
fordring's seal(1.47498) -> ring of the martyr(2.03308) : 0.558105 = +0.202367%
dragon's touch(0.239197) -> lunar wand of healing(0.797272) : 0.558075 = +0.202356%
jin'do's evil eye(1.75403) -> amulet of the fallen god(2.27228) : 0.51825 = +0.187889%
hide of the wild(1.67429) -> hide of the wild(1.67429) : 0 = +0%
truefaith vestments(2.9101) -> truefaith vestments(2.9101) : 0 = +0%
empowered leggings(3.06955) -> empowered leggings(3.06955) : 0 = +0%
pure elementium band(2.11279) -> pure elementium band(2.11279) : 0 = +0%
hazza'rah's charm of healing(0.91687) -> hazza'rah's charm of healing(0.91687) : 0 = +0%
------------------
~~~~ end of intermediate results ~~~~
Temporary bans and partial set bonuses on.
.
*** NEW BEST (1): 277.402
Based on last: 3000 entries, out of total: 11511 entries, The least-squares solution is:
Int: 0
Spirit: 0
Sp / Healing: 100
Mp5: 0
Crit: 0
T1 3p/piece: 423.497
T2 3p/piece: 0
100 points == 1 sp == 0.0402771 hps.
.
*** NEW BEST (1): 277.596
Based on last: 3000 entries, out of total: 11717 entries, The least-squares solution is:
Int: 0
Spirit: 0
Sp / Healing: 100
Mp5: 0
Crit: 130.04
T1 3p/piece: 252.248
T2 3p/piece: 0
100 points == 1 sp == 0.0409234 hps.
.....Temporary bans and partial set bonuses off.
.two-hand :   gavel of infinite wisdom sartura's might ->   scepter of the false prophet lei of the lifegiver => val: 271.262 -> 275.028
..No swappies for item bonuses found. (best matching was empty)
***** INTERMEDIATE RESULTS *****
Iteration: 26
 ----------------------------
 --- head --- 
name: eternal crown of healing
slot: head
sp_healing: 64
armor: 67
 ----------------------------
 --- neck --- 
name: amulet of the fallen god
slot: neck
intelligence: 11
sp_healing: 57
mp5: 6
 ----------------------------
 --- shoulders --- 
name: zandalar confessor's mantle
slot: shoulders
intelligence: 24
stamina: 11
spirit: 15
sp_healing: 22
armor: 78
 ----------------------------
 --- back --- 
name: hide of the wild
slot: back
intelligence: 10
stamina: 8
sp_healing: 42
armor: 48
 ----------------------------
 --- chest --- 
name: truefaith vestments
slot: chest
stamina: 14
sp_healing: 73
mp5: 6
armor: 96
 ----------------------------
 --- wrists --- 
name: bracelets of royal redemption
slot: wrists
intelligence: 10
stamina: 8
spirit: 9
sp_healing: 53
armor: 54
 ----------------------------
 ---  --- 
name: 
slot: 
 ----------------------------
 --- main hand --- 
name: scepter of the false prophet
slot: main hand
intelligence: 19
stamina: 10
sp_healing: 187
mp5: 3
 ----------------------------
 ---  --- 
name: 
slot: 
 ----------------------------
 --- off hand --- 
name: lei of the lifegiver
slot: off hand
sp_healing: 53
mp5: 3
 ----------------------------
 --- ranged --- 
name: lunar wand of healing
slot: ranged
sp_healing: 20
 ----------------------------
 --- hands --- 
name: atal'ai hands of healing
slot: hands
sp: 9
sp_healing: 44
armor: 47
 ----------------------------
 --- waist --- 
name: grasp of the old god
slot: waist
intelligence: 19
stamina: 15
sp_healing: 59
mp5: 7
armor: 75
 ----------------------------
 --- legs --- 
name: empowered leggings
slot: legs
intelligence: 12
stamina: 12
spirit: 24
sp_healing: 77
spell_crit: 1
armor: 103
 ----------------------------
 --- feet --- 
name: boots of pure thought
slot: feet
intelligence: 12
stamina: 8
spirit: 12
sp_healing: 62
armor: 74
 ----------------------------
 --- finger --- 
name: ring of the martyr
slot: finger
stamina: 10
sp_healing: 51
mp5: 5
 ----------------------------
 --- finger --- 
name: pure elementium band
slot: finger
intelligence: 10
stamina: 9
spirit: 10
sp_healing: 53
 ----------------------------
 --- trinket --- 
name: rejuvenating gem
slot: trinket
sp_healing: 66
mp5: 9
 ----------------------------
 --- trinket --- 
name: hazza'rah's charm of healing
slot: trinket
 ----------------------------
 --- Set bonuses ---
name: confessor's 2 hazza'rah's 1 
slot: Set bonuses
sp: 23
------------------
Best value: 276.346
------------------
Char stats: 
Effective hp: 8402.4
Effective mana (100 s, 33 % out of fsr): 15198.9
Raw max mana: 9484.62
Int: 357.88
Stam: 380.88
Spirit: 373.98
Strength: 79.58
Agility: 84.18
All stats multiplier (taken into account above): 1.15
Bonus mana: 2000
Bonus hp: 0
Mp5: 177
Sp: 32
Sp shadow: 0
Sp healing: 1143
Spell crit: 19
Spell hit: 0
Arcane res: 27
Nature res: 27
Fire res: 27
Frost res: 27
Shadow res: 27
Armor: 2840.75
Defense: 300
Dodge: 0
Parry: 0
HpsPvp: 1055.72
ShadowDps: 223.541
Value pvp healing: 1891.06
Value pvp shadow: 84.7854
Effective hp-pvp: 10434.6
Effecctive mana for 100 s, 0.33 fsr: 16761.6
------------------
Best counts:
oh_limit: 0.6
time_left_mul: 2.9
total_deficit_to_pop_trinkets: 10500
in combat total: 1229.8
Flash Heal 1, casts: 22, avg: 586.985, 3.79865%, cast time 2.68336% of in combat, overheal: 0.225235
Flash Heal 2, casts: 2, avg: 844.097, 0.496595%, cast time 0.243942% of in combat, overheal: 0
Flash Heal 3, casts: 3, avg: 615.806, 0.543432%, cast time 0.365913% of in combat, overheal: 0.333333
Flash Heal 4, casts: 6, avg: 1008.6, 1.78012%, cast time 0.731826% of in combat, overheal: 0
Flash Heal 5, casts: 4, avg: 950.102, 1.11792%, cast time 0.487884% of in combat, overheal: 0.171088
Flash Heal 6, casts: 3, avg: 1221.85, 1.07825%, cast time 0.365913% of in combat, overheal: 0.0548631
Flash Heal 7, casts: 22, avg: 1403.66, 9.08374%, cast time 2.68336% of in combat, overheal: 0.0525598
Greater Heal 1, casts: 10, avg: 1872.55, 5.50826%, cast time 2.03285% of in combat, overheal: 0.101913
Greater Heal 1 hazz, casts: 9, avg: 1605.02, 4.24915%, cast time 1.09774% of in combat, overheal: 0.230226
Greater Heal 2 hazz, casts: 3, avg: 1805.49, 1.5933%, cast time 0.365913% of in combat, overheal: 0.236408
Greater Heal 3 hazz, casts: 3, avg: 2179.6, 1.92344%, cast time 0.365913% of in combat, overheal: 0.188956
Greater Heal 4, casts: 28, avg: 2795.64, 23.0261%, cast time 5.69198% of in combat, overheal: 0.0881494
Greater Heal 4 hazz, casts: 5, avg: 2839.54, 4.17636%, cast time 0.609855% of in combat, overheal: 0.0738316
Heal 2, casts: 76, avg: 1163.88, 26.0197%, cast time 15.4497% of in combat, overheal: 0.255804
Heal 4, casts: 27, avg: 1964.82, 15.6051%, cast time 5.4887% of in combat, overheal: 0.118855
Total time casting: 475.5, which is: 38.6648% of time in combat.
Total hps: 276.43, raw hps: 327.897, oh: 0.156959
Deficit time sum: 1.39564e+07, baseline: 1.94078e+07
Deficit*time change / s: 4432.77 hp
Number of combats: 16
Average mana at start of combat: 9152.18
Average mana at end of combat: 8173.28
Other players with hps > 100:
  Crøcodile : 157.797 hps
  Hård : 148.145 hps
  Kannushi : 165.927 hps
  Lessarr : 145.054 hps
  Magglish : 178.647 hps
  Mcstealth : 126.216 hps
  Pawelele : 160.522 hps
  Santto : 187.086 hps
------------------
Upgrades: 
( following sorted by alt scores, no specials )
benediction, , , (4.44431) -> , scepter of the false prophet, , lei of the lifegiver(9.82162) : 5.37732 = +1.98386%
zandalar confessor's bindings(1.064) -> grasp of the old god(2.41449) : 1.35049 = +0.490947%
boots of transcendence(1.43231) -> boots of pure thought(2.53726) : 1.10495 = +0.401325%
zandalarian hero charm(1.63693) -> rejuvenating gem(2.70096) : 1.06403 = +0.386404%
handguards of transcendence(1.23999) -> atal'ai hands of healing(2.16895) : 0.928955 = +0.337187%
bindings of transcendence(1.35046) -> bracelets of royal redemption(2.16895) : 0.818481 = +0.296969%
pauldrons of transcendence(1.064) -> zandalar confessor's mantle(1.84155) : 0.777557 = +0.282079%
dragon's touch(0.245544) -> lunar wand of healing(0.818481) : 0.572937 = +0.207693%
fordring's seal(1.51416) -> ring of the martyr(2.0871) : 0.572937 = +0.207693%
jin'do's evil eye(1.80063) -> amulet of the fallen god(2.33264) : 0.532013 = +0.192829%
zulian headdress(2.25079) -> eternal crown of healing(2.61911) : 0.368317 = +0.133418%
hide of the wild(1.71878) -> hide of the wild(1.71878) : 0 = +0%
truefaith vestments(2.9874) -> truefaith vestments(2.9874) : 0 = +0%
empowered leggings(3.20432) -> empowered leggings(3.20432) : 0 = +0%
pure elementium band(2.16895) -> pure elementium band(2.16895) : 0 = +0%
hazza'rah's charm of healing(0.941223) -> hazza'rah's charm of healing(0.941223) : 0 = +0%
------------------
~~~~ end of intermediate results ~~~~
Temporary bans and partial set bonuses on.
..........Temporary bans and partial set bonuses off.
....***** INTERMEDIATE RESULTS *****
Iteration: 40
 ----------------------------
 --- head --- 
name: eternal crown of healing
slot: head
sp_healing: 64
armor: 67
 ----------------------------
 --- neck --- 
name: amulet of the fallen god
slot: neck
intelligence: 11
sp_healing: 57
mp5: 6
 ----------------------------
 --- shoulders --- 
name: zandalar confessor's mantle
slot: shoulders
intelligence: 24
stamina: 11
spirit: 15
sp_healing: 22
armor: 78
 ----------------------------
 --- back --- 
name: hide of the wild
slot: back
intelligence: 10
stamina: 8
sp_healing: 42
armor: 48
 ----------------------------
 --- chest --- 
name: truefaith vestments
slot: chest
stamina: 14
sp_healing: 73
mp5: 6
armor: 96
 ----------------------------
 --- wrists --- 
name: bracelets of royal redemption
slot: wrists
intelligence: 10
stamina: 8
spirit: 9
sp_healing: 53
armor: 54
 ----------------------------
 ---  --- 
name: 
slot: 
 ----------------------------
 --- main hand --- 
name: scepter of the false prophet
slot: main hand
intelligence: 19
stamina: 10
sp_healing: 187
mp5: 3
 ----------------------------
 ---  --- 
name: 
slot: 
 ----------------------------
 --- off hand --- 
name: lei of the lifegiver
slot: off hand
sp_healing: 53
mp5: 3
 ----------------------------
 --- ranged --- 
name: lunar wand of healing
slot: ranged
sp_healing: 20
 ----------------------------
 --- hands --- 
name: atal'ai hands of healing
slot: hands
sp: 9
sp_healing: 44
armor: 47
 ----------------------------
 --- waist --- 
name: grasp of the old god
slot: waist
intelligence: 19
stamina: 15
sp_healing: 59
mp5: 7
armor: 75
 ----------------------------
 --- legs --- 
name: empowered leggings
slot: legs
intelligence: 12
stamina: 12
spirit: 24
sp_healing: 77
spell_crit: 1
armor: 103
 ----------------------------
 --- feet --- 
name: boots of pure thought
slot: feet
intelligence: 12
stamina: 8
spirit: 12
sp_healing: 62
armor: 74
 ----------------------------
 --- finger --- 
name: ring of the martyr
slot: finger
stamina: 10
sp_healing: 51
mp5: 5
 ----------------------------
 --- finger --- 
name: pure elementium band
slot: finger
intelligence: 10
stamina: 9
spirit: 10
sp_healing: 53
 ----------------------------
 --- trinket --- 
name: rejuvenating gem
slot: trinket
sp_healing: 66
mp5: 9
 ----------------------------
 --- trinket --- 
name: hazza'rah's charm of healing
slot: trinket
 ----------------------------
 --- Set bonuses ---
name: confessor's 2 hazza'rah's 1 
slot: Set bonuses
sp: 23
------------------
Best value: 276.346
------------------
Char stats: 
Effective hp: 8402.4
Effective mana (100 s, 33 % out of fsr): 15198.9
Raw max mana: 9484.62
Int: 357.88
Stam: 380.88
Spirit: 373.98
Strength: 79.58
Agility: 84.18
All stats multiplier (taken into account above): 1.15
Bonus mana: 2000
Bonus hp: 0
Mp5: 177
Sp: 32
Sp shadow: 0
Sp healing: 1143
Spell crit: 19
Spell hit: 0
Arcane res: 27
Nature res: 27
Fire res: 27
Frost res: 27
Shadow res: 27
Armor: 2840.75
Defense: 300
Dodge: 0
Parry: 0
HpsPvp: 1055.72
ShadowDps: 223.541
Value pvp healing: 1891.06
Value pvp shadow: 84.7854
Effective hp-pvp: 10434.6
Effecctive mana for 100 s, 0.33 fsr: 16761.6
------------------
Best counts:
oh_limit: 0.6
time_left_mul: 2.9
total_deficit_to_pop_trinkets: 10500
in combat total: 1229.8
Flash Heal 1, casts: 22, avg: 586.985, 3.79865%, cast time 2.68336% of in combat, overheal: 0.225235
Flash Heal 2, casts: 2, avg: 844.097, 0.496595%, cast time 0.243942% of in combat, overheal: 0
Flash Heal 3, casts: 3, avg: 615.806, 0.543432%, cast time 0.365913% of in combat, overheal: 0.333333
Flash Heal 4, casts: 6, avg: 1008.6, 1.78012%, cast time 0.731826% of in combat, overheal: 0
Flash Heal 5, casts: 4, avg: 950.102, 1.11792%, cast time 0.487884% of in combat, overheal: 0.171088
Flash Heal 6, casts: 3, avg: 1221.85, 1.07825%, cast time 0.365913% of in combat, overheal: 0.0548631
Flash Heal 7, casts: 22, avg: 1403.66, 9.08374%, cast time 2.68336% of in combat, overheal: 0.0525598
Greater Heal 1, casts: 10, avg: 1872.55, 5.50826%, cast time 2.03285% of in combat, overheal: 0.101913
Greater Heal 1 hazz, casts: 9, avg: 1605.02, 4.24915%, cast time 1.09774% of in combat, overheal: 0.230226
Greater Heal 2 hazz, casts: 3, avg: 1805.49, 1.5933%, cast time 0.365913% of in combat, overheal: 0.236408
Greater Heal 3 hazz, casts: 3, avg: 2179.6, 1.92344%, cast time 0.365913% of in combat, overheal: 0.188956
Greater Heal 4, casts: 28, avg: 2795.64, 23.0261%, cast time 5.69198% of in combat, overheal: 0.0881494
Greater Heal 4 hazz, casts: 5, avg: 2839.54, 4.17636%, cast time 0.609855% of in combat, overheal: 0.0738316
Heal 2, casts: 76, avg: 1163.88, 26.0197%, cast time 15.4497% of in combat, overheal: 0.255804
Heal 4, casts: 27, avg: 1964.82, 15.6051%, cast time 5.4887% of in combat, overheal: 0.118855
Total time casting: 475.5, which is: 38.6648% of time in combat.
Total hps: 276.43, raw hps: 327.897, oh: 0.156959
Deficit time sum: 1.39564e+07, baseline: 1.94078e+07
Deficit*time change / s: 4432.77 hp
Number of combats: 16
Average mana at start of combat: 9152.18
Average mana at end of combat: 8173.28
Other players with hps > 100:
  Crøcodile : 157.797 hps
  Hård : 148.145 hps
  Kannushi : 165.927 hps
  Lessarr : 145.054 hps
  Magglish : 178.647 hps
  Mcstealth : 126.216 hps
  Pawelele : 160.522 hps
  Santto : 187.086 hps
------------------
Upgrades: 
( following sorted by alt scores, no specials )
benediction, , , (4.44431) -> , scepter of the false prophet, , lei of the lifegiver(9.82162) : 5.37732 = +1.98386%
zandalar confessor's bindings(1.064) -> grasp of the old god(2.41449) : 1.35049 = +0.490947%
boots of transcendence(1.43231) -> boots of pure thought(2.53726) : 1.10495 = +0.401325%
zandalarian hero charm(1.63693) -> rejuvenating gem(2.70096) : 1.06403 = +0.386404%
handguards of transcendence(1.23999) -> atal'ai hands of healing(2.16895) : 0.928955 = +0.337187%
bindings of transcendence(1.35046) -> bracelets of royal redemption(2.16895) : 0.818481 = +0.296969%
pauldrons of transcendence(1.064) -> zandalar confessor's mantle(1.84155) : 0.777557 = +0.282079%
dragon's touch(0.245544) -> lunar wand of healing(0.818481) : 0.572937 = +0.207693%
fordring's seal(1.51416) -> ring of the martyr(2.0871) : 0.572937 = +0.207693%
jin'do's evil eye(1.80063) -> amulet of the fallen god(2.33264) : 0.532013 = +0.192829%
zulian headdress(2.25079) -> eternal crown of healing(2.61911) : 0.368317 = +0.133418%
hide of the wild(1.71878) -> hide of the wild(1.71878) : 0 = +0%
truefaith vestments(2.9874) -> truefaith vestments(2.9874) : 0 = +0%
empowered leggings(3.20432) -> empowered leggings(3.20432) : 0 = +0%
pure elementium band(2.16895) -> pure elementium band(2.16895) : 0 = +0%
hazza'rah's charm of healing(0.941223) -> hazza'rah's charm of healing(0.941223) : 0 = +0%
------------------
~~~~ end of intermediate results ~~~~
Same items for intermediate results again, ending optimization. 
 ----------------------------
 --- head --- 
name: eternal crown of healing
slot: head
sp_healing: 64
armor: 67
 ----------------------------
 --- neck --- 
name: amulet of the fallen god
slot: neck
intelligence: 11
sp_healing: 57
mp5: 6
 ----------------------------
 --- shoulders --- 
name: zandalar confessor's mantle
slot: shoulders
intelligence: 24
stamina: 11
spirit: 15
sp_healing: 22
armor: 78
 ----------------------------
 --- back --- 
name: hide of the wild
slot: back
intelligence: 10
stamina: 8
sp_healing: 42
armor: 48
 ----------------------------
 --- chest --- 
name: truefaith vestments
slot: chest
stamina: 14
sp_healing: 73
mp5: 6
armor: 96
 ----------------------------
 --- wrists --- 
name: bracelets of royal redemption
slot: wrists
intelligence: 10
stamina: 8
spirit: 9
sp_healing: 53
armor: 54
 ----------------------------
 ---  --- 
name: 
slot: 
 ----------------------------
 --- main hand --- 
name: scepter of the false prophet
slot: main hand
intelligence: 19
stamina: 10
sp_healing: 187
mp5: 3
 ----------------------------
 ---  --- 
name: 
slot: 
 ----------------------------
 --- off hand --- 
name: lei of the lifegiver
slot: off hand
sp_healing: 53
mp5: 3
 ----------------------------
 --- ranged --- 
name: lunar wand of healing
slot: ranged
sp_healing: 20
 ----------------------------
 --- hands --- 
name: atal'ai hands of healing
slot: hands
sp: 9
sp_healing: 44
armor: 47
 ----------------------------
 --- waist --- 
name: grasp of the old god
slot: waist
intelligence: 19
stamina: 15
sp_healing: 59
mp5: 7
armor: 75
 ----------------------------
 --- legs --- 
name: empowered leggings
slot: legs
intelligence: 12
stamina: 12
spirit: 24
sp_healing: 77
spell_crit: 1
armor: 103
 ----------------------------
 --- feet --- 
name: boots of pure thought
slot: feet
intelligence: 12
stamina: 8
spirit: 12
sp_healing: 62
armor: 74
 ----------------------------
 --- finger --- 
name: ring of the martyr
slot: finger
stamina: 10
sp_healing: 51
mp5: 5
 ----------------------------
 --- finger --- 
name: pure elementium band
slot: finger
intelligence: 10
stamina: 9
spirit: 10
sp_healing: 53
 ----------------------------
 --- trinket --- 
name: rejuvenating gem
slot: trinket
sp_healing: 66
mp5: 9
 ----------------------------
 --- trinket --- 
name: hazza'rah's charm of healing
slot: trinket
 ----------------------------
 --- Set bonuses ---
name: confessor's 2 hazza'rah's 1 
slot: Set bonuses
sp: 23
------------------
Char stats: 
Effective hp: 8402.4
Effective mana (100 s, 33 % out of fsr): 15198.9
Raw max mana: 9484.62
Int: 357.88
Stam: 380.88
Spirit: 373.98
Strength: 79.58
Agility: 84.18
All stats multiplier (taken into account above): 1.15
Bonus mana: 2000
Bonus hp: 0
Mp5: 177
Sp: 32
Sp shadow: 0
Sp healing: 1143
Spell crit: 19
Spell hit: 0
Arcane res: 27
Nature res: 27
Fire res: 27
Frost res: 27
Shadow res: 27
Armor: 2840.75
Defense: 300
Dodge: 0
Parry: 0
HpsPvp: 1046.38
ShadowDps: 223.216
Value pvp healing: 1811.92
Value pvp shadow: 82.4543
Effective hp-pvp: 10434.6
Effecctive mana for 100 s, 0.33 fsr: 16761.6
------------------
Best counts:
oh_limit: 0.6
time_left_mul: 2.9
total_deficit_to_pop_trinkets: 10500
in combat total: 1229.8
Flash Heal 1, casts: 22, avg: 586.985, 3.79865%, cast time 2.68336% of in combat, overheal: 0.225235
Flash Heal 2, casts: 2, avg: 844.097, 0.496595%, cast time 0.243942% of in combat, overheal: 0
Flash Heal 3, casts: 3, avg: 615.806, 0.543432%, cast time 0.365913% of in combat, overheal: 0.333333
Flash Heal 4, casts: 6, avg: 1008.6, 1.78012%, cast time 0.731826% of in combat, overheal: 0
Flash Heal 5, casts: 4, avg: 950.102, 1.11792%, cast time 0.487884% of in combat, overheal: 0.171088
Flash Heal 6, casts: 3, avg: 1221.85, 1.07825%, cast time 0.365913% of in combat, overheal: 0.0548631
Flash Heal 7, casts: 22, avg: 1403.66, 9.08374%, cast time 2.68336% of in combat, overheal: 0.0525598
Greater Heal 1, casts: 10, avg: 1872.55, 5.50826%, cast time 2.03285% of in combat, overheal: 0.101913
Greater Heal 1 hazz, casts: 9, avg: 1605.02, 4.24915%, cast time 1.09774% of in combat, overheal: 0.230226
Greater Heal 2 hazz, casts: 3, avg: 1805.49, 1.5933%, cast time 0.365913% of in combat, overheal: 0.236408
Greater Heal 3 hazz, casts: 3, avg: 2179.6, 1.92344%, cast time 0.365913% of in combat, overheal: 0.188956
Greater Heal 4, casts: 28, avg: 2795.64, 23.0261%, cast time 5.69198% of in combat, overheal: 0.0881494
Greater Heal 4 hazz, casts: 5, avg: 2839.54, 4.17636%, cast time 0.609855% of in combat, overheal: 0.0738316
Heal 2, casts: 76, avg: 1163.88, 26.0197%, cast time 15.4497% of in combat, overheal: 0.255804
Heal 4, casts: 27, avg: 1964.82, 15.6051%, cast time 5.4887% of in combat, overheal: 0.118855
Total time casting: 475.5, which is: 38.6648% of time in combat.
Total hps: 276.43, raw hps: 327.897, oh: 0.156959
Deficit time sum: 1.39564e+07, baseline: 1.94078e+07
Deficit*time change / s: 4432.77 hp
Number of combats: 16
Average mana at start of combat: 9152.18
Average mana at end of combat: 8173.28
Other players with hps > 100:
  Crøcodile : 157.797 hps
  Hård : 148.145 hps
  Kannushi : 165.927 hps
  Lessarr : 145.054 hps
  Magglish : 178.647 hps
  Mcstealth : 126.216 hps
  Pawelele : 160.522 hps
  Santto : 187.086 hps
------------------
Based on last: 3000 entries, out of total: 14440 entries, The least-squares solution is:
Int: 0
Spirit: 0
Sp / Healing: 100
Mp5: 0
Crit: 664.847
T1 3p/piece: 0
T2 3p/piece: 0
100 points == 1 sp == 0.0409356 hps.
Appended tag:
( Pawn: v1: "vevfabriken_bwl_speed_phase5": Intellect=0, Spirit=0, Healing=100, Mp5=0, SpellCritRating=664.847, IsFist=X, Is2HMace=X, IsCrossbow=X, IsGun=X, IsShield=X, IsPolearm=X, Is2HAxe=X, IsBow=X, IsMail=X, IsPlate=X, IsLeather=X, IsAxe=X, Is2HAxe=X, IsSword=X, Is2HSword=X)
To file: vevfabriken_bwl_speed_phase5.pawn_tag.txt
------------------
Diffs to start: 
Upgrades: 
( following sorted by alt scores, no specials )
benediction, , , (4.88348) -> , scepter of the false prophet, , lei of the lifegiver(9.82455) : 4.94107 = +1.81999%
zandalar confessor's bindings(1.06433) -> grasp of the old god(2.41519) : 1.35086 = +0.49108%
boots of transcendence(1.43274) -> boots of pure thought(2.53799) : 1.10526 = +0.401437%
zandalarian hero charm(1.63742) -> rejuvenating gem(2.70175) : 1.06433 = +0.386515%
bindings of transcendence(1.35086) -> bracelets of royal redemption(2.16959) : 0.818726 = +0.297058%
pauldrons of transcendence(1.06433) -> zandalar confessor's mantle(1.8421) : 0.777771 = +0.282156%
handguards of transcendence(1.45929) -> atal'ai hands of healing(2.16959) : 0.710297 = +0.257615%
dragon's touch(0.245605) -> lunar wand of healing(0.818726) : 0.57312 = +0.20776%
fordring's seal(1.51462) -> ring of the martyr(2.08771) : 0.57309 = +0.207749%
jin'do's evil eye(1.80118) -> amulet of the fallen god(2.33334) : 0.532166 = +0.192885%
zulian headdress(2.25146) -> eternal crown of healing(2.61987) : 0.368408 = +0.133451%
hide of the wild(1.7193) -> hide of the wild(1.7193) : 0 = +0%
truefaith vestments(2.98831) -> truefaith vestments(2.98831) : 0 = +0%
empowered leggings(3.42419) -> empowered leggings(3.42419) : 0 = +0%
pure elementium band(2.16959) -> pure elementium band(2.16959) : 0 = +0%
hazza'rah's charm of healing(0.941528) -> hazza'rah's charm of healing(0.941528) : 0 = +0%
- - - - - - - - - - - - - - - - - - - - - - - - - - - - - - - - - - - - - - - - - 
| Upgrades at best in slot level, from start item to candidate, partial bonuses: 1: |
  alt scores are from least squares fit, special score from e.g. set bonuses as s are part of em
. . . . . . . . . . . . . . . . . . . . . . . . . . . . . . . . . . . . . . . . . 
- . - ' - . - ' - . - ' - . - ' - . - ' - . -
head, zulian headdress (-0.031189), alt: 2.25146 -> :
    crystal adorned crown (1.00742) : +0.376741 %, alt : +3.76608, from: azuregos
    eternal crown of healing (1.72269) : +0.636196 %, alt : +2.61988, from: random green
    don rigoberto's lost hat (0.576416) : +0.220401 %, alt : +2.61988, from: aq40
- . - ' - . - ' - . - ' - . - ' - . - ' - . -
neck, jin'do's evil eye (0.979431), alt: 1.80118 -> :
    amulet of the fallen god (2.02426) : +0.378027 %, alt : +2.33333, from: aq40
    amulet of the shifting sands (1.05853) : +0.0286195 %, alt : +1.88304, from: aq20
- . - ' - . - ' - . - ' - . - ' - . - ' - . -
shoulders, pauldrons of transcendence (0.813141), alt: 1.06433 -> :
    zandalar confessor's mantle (2.26141) : +0.524761 %, alt : +1.8421, from: zg
    ternary mantle (2.15228) : +0.485219 %, alt : +1.80117, from: aq40
    mantle of the blackwing cabal (1.31287) : +0.181068 %, alt : +1.39181, from: bwl
- . - ' - . - ' - . - ' - . - ' - . - ' - . -
back, hide of the wild (2.13651), alt: 1.7193 -> :
- . - ' - . - ' - . - ' - . - ' - . - ' - . -
chest, truefaith vestments (4.44623), alt: 2.98831 -> :
- . - ' - . - ' - . - ' - . - ' - . - ' - . -
wrists, bindings of transcendence (0.152679), alt: 1.35086 -> :
    bracelets of royal redemption (2.08438) : +0.701153 %, alt : +2.16959, from: aq40
    flameweave cuffs of healing (1.36212) : +0.438993 %, alt : +1.35088, from: brd
    zandalar confessor's wraps (0.25296) : +0.0363991 %, alt : +0.982455, from: zg
- . - ' - . - ' - . - ' - . - ' - . - ' - . -
two-hand, benediction (2.35043), alt: 4.88348 -> :
    scepter of the false prophet and lei of the lifegiver (0.878113) : -0.526231 %, alt : +9.82455, from: aq40, av rep
    scepter of the false prophet and sartura's might (-0.739197) : -1.10428 %, alt : +9.74268, from: aq40, aq40
    scepter of the false prophet and brightly glowing stone (-0.900635) : -1.16198 %, alt : +9.16958, from: aq40, pre-raid
    scepter of the false prophet and trance stone (-3.07083) : -1.93765 %, alt : +8.67835, from: aq40, emeriss; lethon; taerar; ysondre
    blessed qiraji augur staff (1.50873) : -0.300839 %, alt : +5.85379, from: aq40
    gavel of infinite wisdom and lei of the lifegiver (3.86365) : +0.540847 %, alt : +5.85379, from: aq20, av rep
    gavel of infinite wisdom and sartura's might (3.76675) : +0.506216 %, alt : +5.77192, from: aq20, aq40
    lok'amir il romathis and lei of the lifegiver (3.62814) : +0.456674 %, alt : +5.60818, from: bwl, av rep
    lok'amir il romathis and sartura's might (3.53119) : +0.422021 %, alt : +5.52631, from: bwl, aq40
    gavel of infinite wisdom and brightly glowing stone (3.0798) : +0.260689 %, alt : +5.19882, from: aq20, pre-raid
    lok'amir il romathis and brightly glowing stone (2.71793) : +0.131348 %, alt : +4.95321, from: bwl, pre-raid
    jin'do's hexxer and lei of the lifegiver (2.86032) : +0.182242 %, alt : +4.52946, from: zg, av rep
    lok'amir il romathis and trance stone (2.84302) : +0.176058 %, alt : +4.46198, from: bwl, emeriss; lethon; taerar; ysondre
    jin'do's hexxer and sartura's might (2.64948) : +0.106882 %, alt : +4.44759, from: zg, aq40
    fang of the mystics and lei of the lifegiver (3.05063) : +0.250261 %, alt : +4.07917, from: azuregos, av rep
    fang of the mystics and sartura's might (2.94913) : +0.213983 %, alt : +3.9973, from: azuregos, aq40
    staff of the shadow flame (3.00656) : +0.234511 %, alt : +3.98291, from: bwl
    stinger of ayamiss and lei of the lifegiver (2.98294) : +0.226068 %, alt : +3.91543, from: aq20, av rep
    jin'do's hexxer and brightly glowing stone (2.92575) : +0.205628 %, alt : +3.87449, from: zg, pre-raid
    stinger of ayamiss and sartura's might (2.88016) : +0.189332 %, alt : +3.83356, from: aq20, aq40
- . - ' - . - ' - . - ' - . - ' - . - ' - . -
ranged, dragon's touch (-0.384216), alt: 0.245605 -> :
    lunar wand of healing (0.729004) : +0.402871 %, alt : +0.818712, from: random green
    wandof qiraji nobility (0.659729) : +0.3778 %, alt : +0.777777, from: aq40
    antenna of invigoration (-0.948395) : -0.204174 %, alt : +0.532163, from: aq20
    bonecreeper stylus (0.128021) : +0.185377 %, alt : +0.450292, from: pre-raid
- . - ' - . - ' - . - ' - . - ' - . - ' - . -
hands, handguards of transcendence (0.238098), alt: 1.45929 -> :
    atal'ai hands of healing (2.07822) : +0.667689 %, alt : +2.16959, from: sunken temple
    high councillor's gloves of healing (1.5932) : +0.4917 %, alt : +1.88304, from: random green
- . - ' - . - ' - . - ' - . - ' - . - ' - . -
waist, zandalar confessor's bindings (-0.427643), alt: 1.06433 -> :
    grasp of the old god (1.61789) : +0.742777 %, alt : +2.4152, from: aq40
    eyestalk waist cord (0.500458) : +0.337013 %, alt : +1.95052, from: aq40
    firemaw's clutch (0.0245361) : +0.164196 %, alt : +1.43275, from: bwl
    whipvine cord (-0.210938) : +0.0786904 %, alt : +1.269, from: pre-raid
- . - ' - . - ' - . - ' - . - ' - . - ' - . -
legs, empowered leggings (4.03256), alt: 3.42419 -> :
- . - ' - . - ' - . - ' - . - ' - . - ' - . -
feet, boots of transcendence (-1.72324), alt: 1.43274 -> :
    boots of pure thought (1.2276) : +1.07505 %, alt : +2.53801, from: bwl
    treads of the wandering nomand (-0.36261) : +0.495702 %, alt : +1.51462, from: aq20
    boots of epiphany (-0.498962) : +0.446027 %, alt : +1.39181, from: aq40
- . - ' - . - ' - . - ' - . - ' - . - ' - . -
finger, fordring's seal (1.4725), alt: 1.51462 -> :
    pure elementium band (2.63757) : +0.421595 %, alt : +2.16959, from: bwl
    ring of the martyr (2.55978) : +0.393446 %, alt : +2.08772, from: aq40
    cauterizing band (2.28156) : +0.292765 %, alt : +1.88304, from: mc
- . - ' - . - ' - . - ' - . - ' - . - ' - . -
finger 2, pure elementium band (2.08438), alt: 2.16959 -> :
- . - ' - . - ' - . - ' - . - ' - . - ' - . -
trinket, zandalarian hero charm (2.69348), alt: 1.63742 -> :
    rejuvenating gem (4.25659) : +0.566607 %, alt : +2.70175, from: bwl
    hibernation crystal (-14.9875) : -6.40913 %, alt : +2.4152, from: ysondre
    hazza'rah's charm of healing (0) : -0.976351 %, alt : +0.941519, from: zg
- . - ' - . - ' - . - ' - . - ' - . - ' - . -
trinket 2, hazza'rah's charm of healing (19.9496), alt: 0.941528 -> :
    rejuvenating gem (5.87991) : -5.07133 %, alt : +2.70175, from: bwl
    hibernation crystal (7.53256) : -4.47565 %, alt : +2.4152, from: ysondre
    zandalarian hero charm (1.80829) : -6.53893 %, alt : +1.63742, from: zg
    royal seal of eldre'thalas (1.83612) : -6.5289 %, alt : +1.35088, from: pre-raid
    briarwood reed (1.6384) : -6.60016 %, alt : +1.18713, from: pre-raid
    scarab brooch (1.79501) : -6.54371 %, alt : +1.02339, from: aq40
    hazza'rah's charm of healing (19.9496) : +0 %, alt : +0.941519, from: zg
- - - - - - - - - - - - - - - - - - - - - - - - - - - - - - - - - - - - - - - - - 
| Upgrades at best in slot level, from start item to candidate, partial bonuses: 0: |
  alt scores are from least squares fit, special score from e.g. set bonuses as s are part of em
. . . . . . . . . . . . . . . . . . . . . . . . . . . . . . . . . . . . . . . . . 
- . - ' - . - ' - . - ' - . - ' - . - ' - . -
head, zulian headdress (3.14352), alt: 2.25146 -> :
    crystal adorned crown (3.95291) : +0.293749 %, alt : +3.76608, from: azuregos
    eternal crown of healing (4.03668) : +0.324152 %, alt : +2.61988, from: random green
    don rigoberto's lost hat (3.52136) : +0.137128 %, alt : +2.61988, from: aq40
- . - ' - . - ' - . - ' - . - ' - . - ' - . -
neck, jin'do's evil eye (2.5965), alt: 1.80118 -> :
    amulet of the fallen god (3.1803) : +0.21164 %, alt : +2.33333, from: aq40
    amulet of the shifting sands (2.67538) : +0.0285985 %, alt : +1.88304, from: aq20
- . - ' - . - ' - . - ' - . - ' - . - ' - . -
shoulders, pauldrons of transcendence (-0.291138), alt: 1.06433 -> :
    zandalar confessor's mantle (0.641388) : +0.338488 %, alt : +1.8421, from: zg
    ternary mantle (0.530457) : +0.298222 %, alt : +1.80117, from: aq40
    mantle of the blackwing cabal (0.153625) : +0.16144 %, alt : +1.39181, from: bwl
- . - ' - . - ' - . - ' - . - ' - . - ' - . -
back, hide of the wild (1.16748), alt: 1.7193 -> :
    shroud of pure thought (1.41394) : +0.0891581 %, alt : +1.35088, from: bwl
    hakkari loa cloak (1.38538) : +0.0788248 %, alt : +1.35088, from: zg
- . - ' - . - ' - . - ' - . - ' - . - ' - . -
chest, truefaith vestments (3.02002), alt: 2.98831 -> :
- . - ' - . - ' - . - ' - . - ' - . - ' - . -
wrists, bindings of transcendence (2.62024), alt: 1.35086 -> :
    bracelets of royal redemption (3.61218) : +0.360133 %, alt : +2.16959, from: aq40
    zandalar confessor's wraps (2.53333) : -0.0315548 %, alt : +0.982455, from: zg
- . - ' - . - ' - . - ' - . - ' - . - ' - . -
two-hand, benediction (3.57877), alt: 4.88348 -> :
    scepter of the false prophet and lei of the lifegiver (0.355835) : -1.15101 %, alt : +9.82455, from: aq40, av rep
    scepter of the false prophet and sartura's might (-1.37961) : -1.77079 %, alt : +9.74268, from: aq40, aq40
    scepter of the false prophet and brightly glowing stone (-2.07846) : -2.02037 %, alt : +9.16958, from: aq40, pre-raid
    scepter of the false prophet and trance stone (-2.65372) : -2.22582 %, alt : +8.67835, from: aq40, emeriss; lethon; taerar; ysondre
    blessed qiraji augur staff (3.1319) : -0.159591 %, alt : +5.85379, from: aq40
    gavel of infinite wisdom and lei of the lifegiver (4.26251) : +0.244187 %, alt : +5.85379, from: aq20, av rep
    gavel of infinite wisdom and sartura's might (4.16534) : +0.209486 %, alt : +5.77192, from: aq20, aq40
    lok'amir il romathis and lei of the lifegiver (3.90811) : +0.11762 %, alt : +5.60818, from: bwl, av rep
    lok'amir il romathis and sartura's might (3.80957) : +0.0824275 %, alt : +5.52631, from: bwl, aq40
    gavel of infinite wisdom and brightly glowing stone (3.3114) : -0.0954843 %, alt : +5.19882, from: aq20, pre-raid
    lok'amir il romathis and brightly glowing stone (3.94714) : +0.131559 %, alt : +4.95321, from: bwl, pre-raid
    jin'do's hexxer and lei of the lifegiver (4.12152) : +0.193835 %, alt : +4.52946, from: zg, av rep
    jin'do's hexxer and sartura's might (4.03271) : +0.162119 %, alt : +4.44759, from: zg, aq40
- . - ' - . - ' - . - ' - . - ' - . - ' - . -
ranged, dragon's touch (-0.799011), alt: 0.245605 -> :
    lunar wand of healing (1.00894) : +0.658342 %, alt : +0.818712, from: random green
    wandof qiraji nobility (0.938141) : +0.632561 %, alt : +0.777777, from: aq40
    antenna of invigoration (0.670227) : +0.535003 %, alt : +0.532163, from: aq20
    bonecreeper stylus (1.27249) : +0.75431 %, alt : +0.450292, from: pre-raid
- . - ' - . - ' - . - ' - . - ' - . - ' - . -
hands, handguards of transcendence (-1.31076), alt: 1.45929 -> :
    atal'ai hands of healing (0.754211) : +0.752636 %, alt : +2.16959, from: sunken temple
    high councillor's gloves of healing (0.392578) : +0.620829 %, alt : +1.88304, from: random green
    gloves of dark wisdom (-1.28275) : +0.0102109 %, alt : +1.43275, from: aq20
- . - ' - . - ' - . - ' - . - ' - . - ' - . -
waist, zandalar confessor's bindings (1.87445), alt: 1.06433 -> :
    grasp of the old god (3.06836) : +0.433776 %, alt : +2.4152, from: aq40
    eyestalk waist cord (2.54196) : +0.242523 %, alt : +1.95052, from: aq40
    firemaw's clutch (1.87598) : +0.000554389 %, alt : +1.43275, from: bwl
    whipvine cord (2.04916) : +0.0634775 %, alt : +1.269, from: pre-raid
- . - ' - . - ' - . - ' - . - ' - . - ' - . -
legs, empowered leggings (3.53574), alt: 3.42419 -> :
- . - ' - . - ' - . - ' - . - ' - . - ' - . -
feet, boots of transcendence (2.63147), alt: 1.43274 -> :
    boots of pure thought (3.54443) : +0.331364 %, alt : +2.53801, from: bwl
    treads of the wandering nomand (2.77887) : +0.0534993 %, alt : +1.51462, from: aq20
- . - ' - . - ' - . - ' - . - ' - . - ' - . -
finger, fordring's seal (0.0516968), alt: 1.51462 -> :
    pure elementium band (1.01111) : +0.347771 %, alt : +2.16959, from: bwl
    ring of the martyr (0.607544) : +0.201486 %, alt : +2.08772, from: aq40
    cauterizing band (0.456268) : +0.146651 %, alt : +1.88304, from: mc
- . - ' - . - ' - . - ' - . - ' - . - ' - . -
finger 2, pure elementium band (3.61218), alt: 2.16959 -> :
- . - ' - . - ' - . - ' - . - ' - . - ' - . -
trinket, zandalarian hero charm (2.95169), alt: 1.63742 -> :
    rejuvenating gem (3.76462) : +0.294948 %, alt : +2.70175, from: bwl
    hibernation crystal (-14.0278) : -6.16054 %, alt : +2.4152, from: ysondre
    hazza'rah's charm of healing (0) : -1.07094 %, alt : +0.941519, from: zg
- . - ' - . - ' - . - ' - . - ' - . - ' - . -
trinket 2, hazza'rah's charm of healing (19.4506), alt: 0.941528 -> :
    rejuvenating gem (5.12601) : -5.182 %, alt : +2.70175, from: bwl
    hibernation crystal (2.81247) : -6.01893 %, alt : +2.4152, from: ysondre
    zandalarian hero charm (2.11121) : -6.27262 %, alt : +1.63742, from: zg
    royal seal of eldre'thalas (2.1853) : -6.24581 %, alt : +1.35088, from: pre-raid
    briarwood reed (2.96292) : -5.96451 %, alt : +1.18713, from: pre-raid
    scarab brooch (2.69714) : -6.06065 %, alt : +1.02339, from: aq40
    hazza'rah's charm of healing (19.4506) : +0 %, alt : +0.941519, from: zg
- - - - - - - - - - - - - - - - - - - - - - - - - - - - - - - - - - - - - - - - - 
| Upgrades at start level, from start item to candidate, partial bonuses: 1: |
  alt scores are from least squares fit, special score from e.g. set bonuses as s are part of em
. . . . . . . . . . . . . . . . . . . . . . . . . . . . . . . . . . . . . . . . . 
- . - ' - . - ' - . - ' - . - ' - . - ' - . -
head, zulian headdress (2.78217), alt: 2.25146 -> :
    crystal adorned crown (1.82001) : -0.359499 %, alt : +3.76608, from: azuregos
    eternal crown of healing (1.4017) : -0.515793 %, alt : +2.61988, from: random green
    don rigoberto's lost hat (-0.0956726) : -1.07527 %, alt : +2.61988, from: aq40
- . - ' - . - ' - . - ' - . - ' - . - ' - . -
neck, jin'do's evil eye (0.638123), alt: 1.80118 -> :
    amulet of the fallen god (-1.96741) : -0.973524 %, alt : +2.33333, from: aq40
    amulet of the shifting sands (0.740265) : +0.0381642 %, alt : +1.88304, from: aq20
- . - ' - . - ' - . - ' - . - ' - . - ' - . -
shoulders, pauldrons of transcendence (-0.789429), alt: 1.06433 -> :
    ternary mantle (-1.89459) : -0.412931 %, alt : +1.80117, from: aq40
    mantle of the blackwing cabal (-2.21738) : -0.533535 %, alt : +1.39181, from: bwl
    pauldrons of transcendence (-0.789429) : +0 %, alt : +1.06433, from: bwl
    zandalar confessor's mantle (-0.305634) : +0.180764 %, alt : +0.900584, from: zg
- . - ' - . - ' - . - ' - . - ' - . - ' - . -
back, hide of the wild (0.464661), alt: 1.7193 -> :
- . - ' - . - ' - . - ' - . - ' - . - ' - . -
chest, truefaith vestments (1.93539), alt: 2.98831 -> :
    robes of the guardian saint (2.12186) : +0.0696694 %, alt : +2.86549, from: aq40
    robes of the exalted (2.37119) : +0.162828 %, alt : +2.78362, from: pre-raid
    robes of transcendence (1.37097) : -0.21089 %, alt : +2.33333, from: bwl
- . - ' - . - ' - . - ' - . - ' - . - ' - . -
wrists, bindings of transcendence (-0.273773), alt: 1.35086 -> :
    bracelets of royal redemption (-1.19583) : -0.344516 %, alt : +2.16959, from: aq40
    flameweave cuffs of healing (0.892792) : +0.435873 %, alt : +1.35088, from: brd
    bindings of transcendence (-0.273773) : +0 %, alt : +1.35088, from: bwl
    zandalar confessor's wraps (-0.0186768) : +0.0953136 %, alt : +0.982455, from: zg
- . - ' - . - ' - . - ' - . - ' - . - ' - . -
two-hand, benediction (5.62683), alt: 4.88348 -> :
    scepter of the false prophet and lei of the lifegiver (9.28693) : +1.36755 %, alt : +9.82455, from: aq40, av rep
    scepter of the false prophet and sartura's might (9.16852) : +1.32331 %, alt : +9.74268, from: aq40, aq40
    scepter of the false prophet and brightly glowing stone (10.4581) : +1.80516 %, alt : +9.16958, from: aq40, pre-raid
    scepter of the false prophet and trance stone (10.4972) : +1.81974 %, alt : +8.67835, from: aq40, emeriss; lethon; taerar; ysondre
    blessed qiraji augur staff (3.90158) : -0.644618 %, alt : +5.85379, from: aq40
    gavel of infinite wisdom and lei of the lifegiver (5.15875) : -0.174892 %, alt : +5.85379, from: aq20, av rep
    gavel of infinite wisdom and sartura's might (5.0889) : -0.200992 %, alt : +5.77192, from: aq20, aq40
    lok'amir il romathis and lei of the lifegiver (4.86252) : -0.285576 %, alt : +5.60818, from: bwl, av rep
    lok'amir il romathis and sartura's might (3.52921) : -0.783752 %, alt : +5.52631, from: bwl, aq40
    gavel of infinite wisdom and brightly glowing stone (4.10593) : -0.568267 %, alt : +5.19882, from: aq20, pre-raid
    lok'amir il romathis and brightly glowing stone (4.08185) : -0.577264 %, alt : +4.95321, from: bwl, pre-raid
    gavel of infinite wisdom and trance stone (5.6308) : +0.00148233 %, alt : +4.7076, from: aq20, emeriss; lethon; taerar; ysondre
    jin'do's hexxer and lei of the lifegiver (6.43555) : +0.302167 %, alt : +4.52946, from: zg, av rep
    lok'amir il romathis and trance stone (6.10803) : +0.179795 %, alt : +4.46198, from: bwl, emeriss; lethon; taerar; ysondre
    jin'do's hexxer and sartura's might (5.88046) : +0.0947663 %, alt : +4.44759, from: zg, aq40
    stinger of ayamiss and lei of the lifegiver (6.10876) : +0.180069 %, alt : +3.91543, from: aq20, av rep
    jin'do's hexxer and brightly glowing stone (6.03802) : +0.153637 %, alt : +3.87449, from: zg, pre-raid
    stinger of ayamiss and sartura's might (6.02829) : +0.15 %, alt : +3.83356, from: aq20, aq40
    wushoolay's poker and lei of the lifegiver (6.10089) : +0.177127 %, alt : +3.43859, from: zg, av rep
    the hammer of grace and lei of the lifegiver (6.04993) : +0.158084 %, alt : +3.43859, from: pre-raid, av rep
    fang of the mystics and brightly glowing stone (5.85764) : +0.0862372 %, alt : +3.4242, from: azuregos, pre-raid
    jin'do's hexxer and trance stone (5.8132) : +0.0696352 %, alt : +3.38327, from: zg, emeriss; lethon; taerar; ysondre
    the hammer of grace and sartura's might (5.91858) : +0.109008 %, alt : +3.35672, from: pre-raid, aq40
    zulian scepter of rites and lei of the lifegiver (5.67978) : +0.0197834 %, alt : +3.23391, from: zg, av rep
- . - ' - . - ' - . - ' - . - ' - . - ' - . -
ranged, dragon's touch (-0.443604), alt: 0.245605 -> :
    lunar wand of healing (-1.8241) : -0.515804 %, alt : +0.818712, from: random green
    wandof qiraji nobility (-1.90436) : -0.545793 %, alt : +0.777777, from: aq40
    antenna of invigoration (0.0838928) : +0.197092 %, alt : +0.532163, from: aq20
    bonecreeper stylus (0.337616) : +0.291893 %, alt : +0.450292, from: pre-raid
- . - ' - . - ' - . - ' - . - ' - . - ' - . -
hands, handguards of transcendence (-0.23642), alt: 1.45929 -> :
    atal'ai hands of healing (-0.838409) : -0.224926 %, alt : +2.16959, from: sunken temple
    high councillor's gloves of healing (-1.3291) : -0.408267 %, alt : +1.88304, from: random green
    handguards of transcendence (-0.23642) : +0 %, alt : +1.45929, from: bwl
    gloves of dark wisdom (-0.0778198) : +0.0592589 %, alt : +1.43275, from: aq20
- . - ' - . - ' - . - ' - . - ' - . - ' - . -
waist, zandalar confessor's bindings (2.06656), alt: 2.00586 -> :
    grasp of the old god (-0.786072) : -1.06585 %, alt : +2.4152, from: aq40
    eyestalk waist cord (2.99329) : +0.34626 %, alt : +1.95052, from: aq40
- . - ' - . - ' - . - ' - . - ' - . - ' - . -
legs, empowered leggings (2.05084), alt: 3.42419 -> :
    leggings of the black blizzard (2.22452) : +0.0648917 %, alt : +1.95052, from: aq20
    leggings of transcendence (1.409) : -0.239818 %, alt : +1.88304, from: mc
- . - ' - . - ' - . - ' - . - ' - . - ' - . -
feet, boots of transcendence (-0.0835876), alt: 1.43274 -> :
    boots of pure thought (-0.110229) : -0.0099544 %, alt : +2.53801, from: bwl
    treads of the wandering nomand (0.0854492) : +0.0631585 %, alt : +1.51462, from: aq20
    boots of transcendence (-0.0835876) : +0 %, alt : +1.43275, from: bwl
    boots of epiphany (0.5914) : +0.252201 %, alt : +1.39181, from: aq40
- . - ' - . - ' - . - ' - . - ' - . - ' - . -
finger, fordring's seal (-0.0395813), alt: 1.51462 -> :
    pure elementium band (-2.37701) : -0.873353 %, alt : +2.16959, from: bwl
    ring of the martyr (-2.59241) : -0.953832 %, alt : +2.08772, from: aq40
    cauterizing band (-1.73547) : -0.633649 %, alt : +1.88304, from: mc
- . - ' - . - ' - . - ' - . - ' - . - ' - . -
finger 2, pure elementium band (2.3605), alt: 2.16959 -> :
    ring of the martyr (2.88739) : +0.196864 %, alt : +2.08772, from: aq40
    cauterizing band (2.80054) : +0.164413 %, alt : +1.88304, from: mc
    primalist's seal (2.75986) : +0.149213 %, alt : +1.86257, from: zg
    ring of spellpower (2.36853) : +0.00299886 %, alt : +1.35088, from: mc
    rosewine circle (2.84357) : +0.18049 %, alt : +1.18713, from: pre-raid
    mindtear band (3.12503) : +0.285656 %, alt : +1.17274, from: taerar
    band of servitude (3.00656) : +0.241391 %, alt : +0.941519, from: zg
    band of forced concentration (2.85727) : +0.18561 %, alt : +0.859648, from: bwl
    eye of orgrimmar (2.57849) : +0.0814482 %, alt : +0.736841, from: pre-raid
    maiden's circle (2.57849) : +0.0814482 %, alt : +0.736841, from: pre-raid
- . - ' - . - ' - . - ' - . - ' - . - ' - . -
trinket, zandalarian hero charm (0.183136), alt: 1.63742 -> :
    rejuvenating gem (-1.5307) : -0.640354 %, alt : +2.70175, from: bwl
    hibernation crystal (-9.72656) : -3.70264 %, alt : +2.4152, from: ysondre
    hazza'rah's charm of healing (0) : -0.0684265 %, alt : +0.941519, from: zg
- . - ' - . - ' - . - ' - . - ' - . - ' - . -
trinket 2, hazza'rah's charm of healing (10.9514), alt: 0.941528 -> :
    rejuvenating gem (-3.7574) : -5.49574 %, alt : +2.70175, from: bwl
    hibernation crystal (-1.22031) : -4.54779 %, alt : +2.4152, from: ysondre
    zandalarian hero charm (-0.848068) : -4.40871 %, alt : +1.63742, from: zg
    royal seal of eldre'thalas (-1.29321) : -4.57503 %, alt : +1.35088, from: pre-raid
    briarwood reed (1.45712) : -3.5474 %, alt : +1.18713, from: pre-raid
    scarab brooch (1.13007) : -3.6696 %, alt : +1.02339, from: aq40
    hazza'rah's charm of healing (10.9514) : +0 %, alt : +0.941519, from: zg
- - - - - - - - - - - - - - - - - - - - - - - - - - - - - - - - - - - - - - - - - 
| Upgrades at start level, from start item to candidate, partial bonuses: 0: |
  alt scores are from least squares fit, special score from e.g. set bonuses as s are part of em
. . . . . . . . . . . . . . . . . . . . . . . . . . . . . . . . . . . . . . . . . 
- . - ' - . - ' - . - ' - . - ' - . - ' - . -
head, zulian headdress (1.85095), alt: 2.25146 -> :
    crystal adorned crown (1.24084) : -0.227906 %, alt : +3.76608, from: azuregos
    eternal crown of healing (2.7413) : +0.33259 %, alt : +2.61988, from: random green
    don rigoberto's lost hat (0.75412) : -0.409722 %, alt : +2.61988, from: aq40
- . - ' - . - ' - . - ' - . - ' - . - ' - . -
neck, jin'do's evil eye (2.88315), alt: 1.80118 -> :
    amulet of the fallen god (1.73199) : -0.430014 %, alt : +2.33333, from: aq40
    amulet of the shifting sands (2.57318) : -0.115788 %, alt : +1.88304, from: aq20
- . - ' - . - ' - . - ' - . - ' - . - ' - . -
shoulders, pauldrons of transcendence (0.221222), alt: 1.06433 -> :
    ternary mantle (0.645111) : +0.158344 %, alt : +1.80117, from: aq40
    mantle of the blackwing cabal (1.1333) : +0.340707 %, alt : +1.39181, from: bwl
    pauldrons of transcendence (0.221222) : +0 %, alt : +1.06433, from: bwl
    zandalar confessor's mantle (-0.109711) : -0.12362 %, alt : +0.900584, from: zg
- . - ' - . - ' - . - ' - . - ' - . - ' - . -
back, hide of the wild (2.46487), alt: 1.7193 -> :
- . - ' - . - ' - . - ' - . - ' - . - ' - . -
chest, truefaith vestments (2.65424), alt: 2.98831 -> :
    robes of transcendence (2.58783) : -0.0248061 %, alt : +2.33333, from: bwl
- . - ' - . - ' - . - ' - . - ' - . - ' - . -
wrists, bindings of transcendence (0.626465), alt: 1.35086 -> :
    bracelets of royal redemption (-1.20935) : -0.685769 %, alt : +2.16959, from: aq40
    flameweave cuffs of healing (1.0524) : +0.159108 %, alt : +1.35088, from: brd
    bindings of transcendence (0.626465) : +0 %, alt : +1.35088, from: bwl
    zandalar confessor's wraps (0.0800171) : -0.204126 %, alt : +0.982455, from: zg
- . - ' - . - ' - . - ' - . - ' - . - ' - . -
two-hand, benediction (5.82877), alt: 4.88348 -> :
    scepter of the false prophet and lei of the lifegiver (10.7289) : +1.83043 %, alt : +9.82455, from: aq40, av rep
    scepter of the false prophet and sartura's might (9.90308) : +1.52196 %, alt : +9.74268, from: aq40, aq40
    scepter of the false prophet and brightly glowing stone (10.6292) : +1.79318 %, alt : +9.16958, from: aq40, pre-raid
    scepter of the false prophet and trance stone (9.70581) : +1.44827 %, alt : +8.67835, from: aq40, emeriss; lethon; taerar; ysondre
    blessed qiraji augur staff (3.42981) : -0.89613 %, alt : +5.85379, from: aq40
    gavel of infinite wisdom and lei of the lifegiver (4.53635) : -0.482783 %, alt : +5.85379, from: aq20, av rep
    gavel of infinite wisdom and sartura's might (3.2666) : -0.957097 %, alt : +5.77192, from: aq20, aq40
    lok'amir il romathis and lei of the lifegiver (4.16403) : -0.621862 %, alt : +5.60818, from: bwl, av rep
    lok'amir il romathis and sartura's might (2.82681) : -1.12138 %, alt : +5.52631, from: bwl, aq40
    gavel of infinite wisdom and brightly glowing stone (6.18121) : +0.131657 %, alt : +5.19882, from: aq20, pre-raid
    lok'amir il romathis and brightly glowing stone (6.73962) : +0.340251 %, alt : +4.95321, from: bwl, pre-raid
    gavel of infinite wisdom and trance stone (5.83313) : +0.00163018 %, alt : +4.7076, from: aq20, emeriss; lethon; taerar; ysondre
    jin'do's hexxer and lei of the lifegiver (5.90863) : +0.0298334 %, alt : +4.52946, from: zg, av rep
    fang of the mystics and lei of the lifegiver (6.42236) : +0.221738 %, alt : +4.07917, from: azuregos, av rep
    stinger of ayamiss and lei of the lifegiver (6.02188) : +0.0721382 %, alt : +3.91543, from: aq20, av rep
    jin'do's hexxer and brightly glowing stone (5.96036) : +0.0491561 %, alt : +3.87449, from: zg, pre-raid
    stinger of ayamiss and sartura's might (5.94229) : +0.0424074 %, alt : +3.83356, from: aq20, aq40
- . - ' - . - ' - . - ' - . - ' - . - ' - . -
ranged, dragon's touch (0.357635), alt: 0.245605 -> :
    lunar wand of healing (0.84848) : +0.183355 %, alt : +0.818712, from: random green
    wandof qiraji nobility (0.766357) : +0.152678 %, alt : +0.777777, from: aq40
    antenna of invigoration (0.285492) : -0.0269492 %, alt : +0.532163, from: aq20
    bonecreeper stylus (0.720032) : +0.135373 %, alt : +0.450292, from: pre-raid
- . - ' - . - ' - . - ' - . - ' - . - ' - . -
hands, handguards of transcendence (1.26151), alt: 1.45929 -> :
    atal'ai hands of healing (0.234772) : -0.383536 %, alt : +2.16959, from: sunken temple
    high councillor's gloves of healing (2.1142) : +0.318523 %, alt : +1.88304, from: random green
    handguards of transcendence (1.26151) : +0 %, alt : +1.45929, from: bwl
- . - ' - . - ' - . - ' - . - ' - . - ' - . -
waist, zandalar confessor's bindings (3.60428), alt: 2.00586 -> :
    grasp of the old god (3.74426) : +0.0522911 %, alt : +2.4152, from: aq40
    eyestalk waist cord (3.71701) : +0.042111 %, alt : +1.95052, from: aq40
    firemaw's clutch (3.91367) : +0.115572 %, alt : +1.43275, from: bwl
    whipvine cord (3.67584) : +0.0267326 %, alt : +1.269, from: pre-raid
- . - ' - . - ' - . - ' - . - ' - . - ' - . -
legs, empowered leggings (1.86096), alt: 3.42419 -> :
    leggings of transcendence (-0.246521) : -0.78725 %, alt : +1.88304, from: mc
- . - ' - . - ' - . - ' - . - ' - . - ' - . -
feet, boots of transcendence (1.41299), alt: 1.43274 -> :
    boots of pure thought (0.128723) : -0.47974 %, alt : +2.53801, from: bwl
    treads of the wandering nomand (1.58136) : +0.0628929 %, alt : +1.51462, from: aq20
    boots of transcendence (1.41299) : +0 %, alt : +1.43275, from: bwl
- . - ' - . - ' - . - ' - . - ' - . - ' - . -
finger, fordring's seal (2.13837), alt: 1.51462 -> :
    pure elementium band (2.45163) : +0.117019 %, alt : +2.16959, from: bwl
    ring of the martyr (2.23126) : +0.0347011 %, alt : +2.08772, from: aq40
    cauterizing band (2.24155) : +0.0385429 %, alt : +1.88304, from: mc
- . - ' - . - ' - . - ' - . - ' - . - ' - . -
finger 2, pure elementium band (3.59048), alt: 2.16959 -> :
    fordring's seal (4.35767) : +0.286581 %, alt : +1.51462, from: pre-raid
    ring of spellpower (3.99893) : +0.152576 %, alt : +1.35088, from: mc
    rosewine circle (3.66473) : +0.0277358 %, alt : +1.18713, from: pre-raid
- . - ' - . - ' - . - ' - . - ' - . - ' - . -
trinket, zandalarian hero charm (2.24316), alt: 1.63742 -> :
    rejuvenating gem (-0.304718) : -0.951762 %, alt : +2.70175, from: bwl
    hibernation crystal (-8.36002) : -3.96082 %, alt : +2.4152, from: ysondre
    hazza'rah's charm of healing (0) : -0.837934 %, alt : +0.941519, from: zg
- . - ' - . - ' - . - ' - . - ' - . - ' - . -
trinket 2, hazza'rah's charm of healing (11.3487), alt: 0.941528 -> :
    rejuvenating gem (-2.51193) : -5.17765 %, alt : +2.70175, from: bwl
    hibernation crystal (-0.0557556) : -4.26014 %, alt : +2.4152, from: ysondre
    zandalarian hero charm (1.75082) : -3.5853 %, alt : +1.63742, from: zg
    royal seal of eldre'thalas (1.50928) : -3.67553 %, alt : +1.35088, from: pre-raid
    briarwood reed (1.36752) : -3.72848 %, alt : +1.18713, from: pre-raid
    scarab brooch (1.23169) : -3.77922 %, alt : +1.02339, from: aq40
    hazza'rah's charm of healing (11.3487) : +0 %, alt : +0.941519, from: zg
------------------
Best value: 276.346
