Your call: ./css 4 ../items/phase5.csv ../items/not_for_priests.txt no-locks who_bwl_speed_phase5 -a ../confs/wcl_bwl_speed_log.csv -l who_speed.txt 
Found: -a, val: ../confs/wcl_bwl_speed_log.csv
./css 4 ../items/phase5.csv ../items/not_for_priests.txt no-locks who_bwl_speed_phase5 -l who_speed.txt 
Found key: buff_fraction, saw val: 1
Found key: healing_from_crit_fraction, saw val: 0.2
Found key: transc8_exists, saw val: 0
Found key: enchantments, saw val: 1
Found key: fort, saw val: 1
Found key: motw, saw val: 1
Found key: spirit, saw val: 1
Found key: ai, saw val: 1
Found key: flask, saw val: 1
Found key: holy_disc, saw val: 0
Found key: min_combat_length, saw val: 2
Found key: max_log_entry_diff_in_combat, saw val: 10
Found key: precast, saw val: 1
Found key: swap_cast, saw val: 1
Found key: time_step, saw val: 0.1
Found key: reaction_time, saw val: 0.1
Found key: skip_player, saw val: Paisti
Found key: use_deficit_time_sum, saw val: 0
Found key: wcl_log, saw val: 1
Found: -l, val: who_speed.txt
./css 4 ../items/phase5.csv ../items/not_for_priests.txt no-locks who_bwl_speed_phase5 
Will read log from: who_speed.txt
./css 4 ../items/phase5.csv ../items/not_for_priests.txt no-locks who_bwl_speed_phase5 
./css 4 ../items/phase5.csv ../items/not_for_priests.txt no-locks who_bwl_speed_phase5 
Shuffle seed: 2133637585
Reading banned from: ../items/not_for_priests.txt
Banning: neltharion's tear
Banning: lok'amir il romathis
Banning: choker of the fire lord
Reading WCL parsed log: who_speed.txt
Saw 17997 lines of log, with 17997 log lines
Sorting by timestamp...
Sorted.
Pruning log from: 17997 entries.
Combat from 0 to 13.249 s
Combat from 51.322 to 67.524 s
Combat from 68.343 to 83.517 s
Combat from 84.904 to 113.299 s
Combat from 113.718 to 170.313 s
Combat from 176.825 to 234.281 s
Combat from 237.932 to 336.707 s
Combat from 348.472 to 360.153 s
Combat from 394.176 to 416.162 s
Combat from 442.759 to 482.918 s
Combat from 486.115 to 679.304 s
Combat from 691.06 to 746.154 s
Combat from 769.214 to 843.433 s
Combat from 847.785 to 876.151 s
Combat from 876.567 to 913.768 s
Combat from 916.222 to 948.212 s
Combat from 952.322 to 998.053 s
Combat from 1017.08 to 1097.89 s
Combat from 1107.04 to 1140.6 s
Combat from 1153.18 to 1229.95 s
Combat from 1267.32 to 1395.67 s
Combat from 1407.81 to 1485.01 s
Pruned to: 17927 entries.
Reading tmp locked from: start_with.txt
Locking: anastari heirloom
Locking: anathema
Locking: animated chain necklace
Locking: argent crusader
Locking: atal'ai gloves of the owl
Locking: ban'thok sash
Locking: banshee finger
Locking: benediction
Locking: blood of the martyr
Locking: briarwood reed
Locking: burial shawl
Locking: clutch of andros
Locking: crimson felt hat
Locking: cyclopean band
Locking: devout belt
Locking: devout bracers
Locking: devout crown
Locking: devout mantle
Locking: devout robe
Locking: devout sandals
Locking: devout skirt
Locking: dragon finger of healing
Locking: dragon finger of intellect
Locking: dragonrider boots
Locking: dragonslayer's signet
Locking: drakefire amulet
Locking: dreadmist mantle
Locking: dreamweave circlet
Locking: dreamweave gloves
Locking: dreamweave vest
Locking: elder magus pendant
Locking: eye of the beast
Locking: fordring's seal
Locking: girdle of prophecy
Locking: gloves of prophecy
Locking: grimgore noose
Locking: halo of transcendence
Locking: heart of the fiend
Locking: hide of the wild
Locking: kentic amice
Locking: magister's robes
Locking: maleki's footwraps
Locking: mindtap talisman
Locking: nature's breath
Locking: necropile boots
Locking: necropile cuffs
Locking: necropile leggings
Locking: necropile mantle
Locking: necropile robe
Locking: noxious shooter
Locking: omnicast boots
Locking: orb of the forgotten seer
Locking: padre's trousers
Locking: penelope's rose
Locking: quel'dorai channeling rod
Locking: raincaster drape
Locking: rainstrider leggings
Locking: ring of demonic guile
Locking: ring of demonic guile
Locking: robes of prophecy
Locking: robes of the exalted
Locking: robes of the royal crown
Locking: rod of corrosion
Locking: rosewine circle
Locking: royal seal of eldre'thalas
Locking: royal tribunal cloak
Locking: sarah's guide
Locking: seal of rivendare
Locking: seal of rivendare
Locking: shadowy laced handwraps
Locking: silkweb gloves
Locking: soulstealer mantle
Locking: spellbound tome
Locking: spritecaster cape
Locking: star of mystaria
Locking: starfire tiara
Locking: stormrager
Locking: sublime wristguards
Locking: the hammer of grace
Locking: the postmaster's treads
Locking: thuzadin sash
Locking: triune amulet
Locking: vinerot sandals
Locking: whipvine cord
Locking: wolfshear leggings
Locking: boots of the full moon
Locking: mantle of prophecy
Locking: dragon's touch
Locking: bindings of transcendence
Locking: shimmering geta
Locking: empowered leggings
Locking: seal of the archmagus
Locking: circlet of prophecy
Locking: boots of prophecy
Locking: pauldrons of transcendence
Locking: primalist's seal
Locking: zandalar confessor's bindings
Locking: zulian headdress
Locking: mar'li's eye
Locking: shroud of pure thought
Locking: belt of transcendence
Locking: jin'do's evil eye
Locking: primalist's band
Locking: zandalarian hero charm
Locking: zandalar confessor's mantle
Locking: zandalar confessor's wraps 
Locking: pure elementium band
Locking: truefaith vestments
Locking: vambraces of prophecy
Locking: hazza'rah's charm of healing
Locking: handguards of transcendence
Locking: boots of transcendence
Optimizing start items...

*** NEW BEST (1): 176.536

*** NEW BEST (1): 183.363

*** NEW BEST (1): 187.962

*** NEW BEST (1): 191.561

*** NEW BEST (1): 198.549

*** NEW BEST (1): 200.983

*** NEW BEST (1): 202.902

*** NEW BEST (1): 203.772

*** NEW BEST (1): 203.804

*** NEW BEST (1): 209.027

*** NEW BEST (1): 212.99

*** NEW BEST (1): 214.904

*** NEW BEST (1): 216.349
*
*** NEW BEST (1): 216.814

*** NEW BEST (1): 218.054

*** NEW BEST (1): 218.908
*
*** NEW BEST (1): 219.119
*
*** NEW BEST (1): 223.824

*** NEW BEST (1): 223.997

*** NEW BEST (1): 226.768
*
*** NEW BEST (1): 227.43
*******
*** NEW BEST (0): 204.719
Based on last: 3000 entries, out of total: 4012 entries, The least-squares solution is:
Int: 0
Spirit: 0
Sp / Healing: 100
Mp5: 0
Crit: 282.031
T1 3p/piece: 0
T2 3p/piece: 0
100 points == 1 sp == 0.0557132 hps.
finger 2 : blood of the martyr -> pure elementium band => val: 204.719 -> 209.047

*** NEW BEST (0): 209.047
Based on last: 3000 entries, out of total: 4042 entries, The least-squares solution is:
Int: 0
Spirit: 0
Sp / Healing: 100
Mp5: 0
Crit: 293.741
T1 3p/piece: 0
T2 3p/piece: 0
100 points == 1 sp == 0.0555959 hps.
feet : boots of the full moon -> boots of transcendence => val: 209.047 -> 210.198

*** NEW BEST (0): 210.198
Based on last: 3000 entries, out of total: 4062 entries, The least-squares solution is:
Int: 0
Spirit: 0
Sp / Healing: 100
Mp5: 0
Crit: 258.85
T1 3p/piece: 0
T2 3p/piece: 0
100 points == 1 sp == 0.0554008 hps.
head : crimson felt hat -> zulian headdress => val: 204.14 -> 205.924
neck : animated chain necklace -> jin'do's evil eye => val: 205.924 -> 208.258
chest : dreamweave vest -> truefaith vestments => val: 208.258 -> 212.327

*** NEW BEST (0): 212.327
Based on last: 3000 entries, out of total: 4158 entries, The least-squares solution is:
Int: 0
Spirit: 0
Sp / Healing: 100
Mp5: 0
Crit: 292.456
T1 3p/piece: 0
T2 3p/piece: 0
100 points == 1 sp == 0.0531771 hps.
legs : devout skirt -> empowered leggings => val: 211.618 -> 212.345

*** NEW BEST (0): 212.345
Based on last: 3000 entries, out of total: 4228 entries, The least-squares solution is:
Int: 0
Spirit: 0
Sp / Healing: 100
Mp5: 0
Crit: 271.695
T1 3p/piece: 0
T2 3p/piece: 0
100 points == 1 sp == 0.0536909 hps.
two-hand :   the hammer of grace orb of the forgotten seer -> benediction    => val: 211.459 -> 215.464

*** NEW BEST (0): 215.464
Based on last: 3000 entries, out of total: 4315 entries, The least-squares solution is:
Int: 0
Spirit: 0
Sp / Healing: 100
Mp5: 0
Crit: 299.417
T1 3p/piece: 0
T2 3p/piece: 0
100 points == 1 sp == 0.0538259 hps.
hands : atal'ai gloves of the owl -> handguards of transcendence => val: 215.464 -> 216.557

*** NEW BEST (0): 216.557
Based on last: 3000 entries, out of total: 4337 entries, The least-squares solution is:
Int: 0
Spirit: 0
Sp / Healing: 100
Mp5: 0
Crit: 299.72
T1 3p/piece: 0
T2 3p/piece: 0
100 points == 1 sp == 0.05359 hps.
shoulders : soulstealer mantle -> pauldrons of transcendence => val: 216.557 -> 218.334

*** NEW BEST (0): 218.334
Based on last: 3000 entries, out of total: 4356 entries, The least-squares solution is:
Int: 0
Spirit: 0
Sp / Healing: 100
Mp5: 0
Crit: 298.915
T1 3p/piece: 0
T2 3p/piece: 0
100 points == 1 sp == 0.0533944 hps.
*wrists : devout bracers -> bindings of transcendence => val: 218.334 -> 219.704

*** NEW BEST (0): 219.704
Based on last: 3000 entries, out of total: 4586 entries, The least-squares solution is:
Int: 0
Spirit: 0
Sp / Healing: 100
Mp5: 0
Crit: 391.706
T1 3p/piece: 0
T2 3p/piece: 0
100 points == 1 sp == 0.0509991 hps.
********
Read starting items and cleared locks.
 ----------------------------
 --- head --- 
name: zulian headdress
slot: head
intelligence: 15
stamina: 13
spirit: 14
sp_healing: 55
armor: 78
 ----------------------------
 --- neck --- 
name: jin'do's evil eye
slot: neck
intelligence: 11
stamina: 5
spirit: 6
sp_healing: 44
 ----------------------------
 --- shoulders --- 
name: pauldrons of transcendence
slot: shoulders
intelligence: 25
stamina: 12
spirit: 13
sp_healing: 26
fire_res: 10
armor: 87
 ----------------------------
 --- back --- 
name: hide of the wild
slot: back
intelligence: 10
stamina: 8
sp_healing: 42
armor: 48
 ----------------------------
 --- chest --- 
name: truefaith vestments
slot: chest
stamina: 14
sp_healing: 73
mp5: 6
armor: 96
 ----------------------------
 --- wrists --- 
name: bindings of transcendence
slot: wrists
intelligence: 13
stamina: 9
spirit: 16
sp_healing: 33
armor: 51
 ----------------------------
 --- two-hand --- 
name: benediction
slot: two-hand
intelligence: 31
stamina: 10
spirit: 12
sp_healing: 106
spell_crit: 2
shadow_res: 20
 ----------------------------
 ---  --- 
name: 
slot: 
 ----------------------------
 ---  --- 
name: 
slot: 
 ----------------------------
 ---  --- 
name: 
slot: 
 ----------------------------
 --- ranged --- 
name: dragon's touch
slot: ranged
intelligence: 12
stamina: 7
sp: 6
 ----------------------------
 --- hands --- 
name: handguards of transcendence
slot: hands
intelligence: 20
stamina: 12
spirit: 13
sp_healing: 29
spell_crit: 1
armor: 72
 ----------------------------
 --- waist --- 
name: zandalar confessor's bindings
slot: waist
intelligence: 20
stamina: 12
spirit: 12
sp_healing: 26
armor: 53
 ----------------------------
 --- legs --- 
name: empowered leggings
slot: legs
intelligence: 12
stamina: 12
spirit: 24
sp_healing: 77
spell_crit: 1
armor: 103
 ----------------------------
 --- feet --- 
name: boots of transcendence
slot: feet
intelligence: 17
stamina: 17
spirit: 17
sp_healing: 35
fire_res: 10
armor: 80
 ----------------------------
 --- finger --- 
name: fordring's seal
slot: finger
intelligence: 5
stamina: 4
sp_healing: 37
 ----------------------------
 --- finger --- 
name: pure elementium band
slot: finger
intelligence: 10
stamina: 9
spirit: 10
sp_healing: 53
 ----------------------------
 --- trinket --- 
name: zandalarian hero charm
slot: trinket
sp: 20
sp_healing: 20
 ----------------------------
 --- trinket --- 
name: hazza'rah's charm of healing
slot: trinket
 ----------------------------
 --- Set bonuses ---
name: confessor's 2 hazza'rah's 1 transcendence 3 
slot: Set bonuses
sp: 23
 --- And counts for start items ---
oh_limit: 0.9
time_left_mul: 0.5
total_deficit_to_pop_trinkets: 10000
in combat total: 1225.3
Flash Heal 1, casts: 67, avg: 441.335, 10.984%, cast time 8.20207% of in combat, overheal: 0.291063
Flash Heal 2, casts: 13, avg: 627.528, 3.03037%, cast time 1.59145% of in combat, overheal: 0.115777
Flash Heal 3, casts: 15, avg: 689.225, 3.84036%, cast time 1.83628% of in combat, overheal: 0.127506
Flash Heal 4, casts: 15, avg: 782.582, 4.36054%, cast time 1.83628% of in combat, overheal: 0.106149
Flash Heal 5, casts: 11, avg: 851.807, 3.48059%, cast time 1.34661% of in combat, overheal: 0.160148
Flash Heal 6, casts: 15, avg: 1000.59, 5.57529%, cast time 1.83628% of in combat, overheal: 0.138896
Flash Heal 7, casts: 130, avg: 1218.07, 58.8213%, cast time 15.9145% of in combat, overheal: 0.0992328
Greater Heal 1 hazz, casts: 8, avg: 594.625, 1.76706%, cast time 0.979352% of in combat, overheal: 0.673477
Greater Heal 2 hazz, casts: 1, avg: 2102.77, 0.781106%, cast time 0.122419% of in combat, overheal: 0
Greater Heal 3 hazz, casts: 1, avg: 2428.31, 0.902035%, cast time 0.122419% of in combat, overheal: 0
Greater Heal 4 hazz, casts: 7, avg: 2483.32, 6.45729%, cast time 0.856933% of in combat, overheal: 0.116216
Total time casting: 424.5, which is: 34.6446% of time in combat.
Total hps: 219.704, raw hps: 260.399, oh: 0.156277
Deficit time sum: 1.56503e+07, baseline: 1.87127e+07
Deficit*time change / s: 2499.34 hp
Number of combats: 22
Average mana at start of combat: 10226.1
Average mana at end of combat: 9293.61
Other players with hps > 100:
  Camillae : 151.036 hps
  Hamsword : 120.266 hps
  Inj : 154.447 hps
  Kespada : 164.184 hps
  Koshimo : 151.095 hps
  Phxs : 167.395 hps
  Stnu : 139.238 hps
  Swolex : 171.698 hps
  Topgunx : 161.32 hps
Reading locked from: no-locks
Setting tag name to: who_bwl_speed_phase5
.
*** NEW BEST (1): 261.84

*** NEW BEST (1): 262.009

*** NEW BEST (1): 263.978

*** NEW BEST (1): 264.572

*** NEW BEST (1): 264.595

*** NEW BEST (1): 265.277

*** NEW BEST (1): 267.746
.
*** NEW BEST (1): 272.601

*** NEW BEST (1): 273.981
..
*** NEW BEST (1): 274.34
.....
*** NEW BEST (1): 275.092
....Temporary bans and partial set bonuses off.
.
*** NEW BEST (0): 272.253
Based on last: 3000 entries, out of total: 10624 entries, The least-squares solution is:
Int: 0
Spirit: 0
Sp / Healing: 100
Mp5: 0
Crit: 463.986
T1 3p/piece: 0
T2 3p/piece: 0
100 points == 1 sp == 0.037782 hps.
wrists : flameweave cuffs of healing -> bracelets of royal redemption => val: 272.253 -> 273.08

*** NEW BEST (0): 273.08
Based on last: 3000 entries, out of total: 10696 entries, The least-squares solution is:
Int: 0
Spirit: 0
Sp / Healing: 100
Mp5: 0
Crit: 526.63
T1 3p/piece: 0
T2 3p/piece: 0
100 points == 1 sp == 0.036618 hps.
two-hand :   scepter of the false prophet lei of the lifegiver -> blessed qiraji augur staff    => val: 273.08 -> 273.378

*** NEW BEST (0): 273.378
Based on last: 3000 entries, out of total: 10769 entries, The least-squares solution is:
Int: 0
Spirit: 0
Sp / Healing: 100
Mp5: 0
Crit: 593.465
T1 3p/piece: 0
T2 3p/piece: 0
100 points == 1 sp == 0.0354205 hps.
..No swappies for item bonuses found. (best matching was empty)
.***** INTERMEDIATE RESULTS *****
Iteration: 17
 ----------------------------
 --- head --- 
name: crystal adorned crown
slot: head
intelligence: 14
spirit: 13
sp_healing: 92
armor: 85
 ----------------------------
 --- neck --- 
name: amulet of the fallen god
slot: neck
intelligence: 11
sp_healing: 57
mp5: 6
 ----------------------------
 --- shoulders --- 
name: zandalar confessor's mantle
slot: shoulders
intelligence: 24
stamina: 11
spirit: 15
sp_healing: 22
armor: 78
 ----------------------------
 --- back --- 
name: hide of the wild
slot: back
intelligence: 10
stamina: 8
sp_healing: 42
armor: 48
 ----------------------------
 --- chest --- 
name: truefaith vestments
slot: chest
stamina: 14
sp_healing: 73
mp5: 6
armor: 96
 ----------------------------
 --- wrists --- 
name: bracelets of royal redemption
slot: wrists
intelligence: 10
stamina: 8
spirit: 9
sp_healing: 53
armor: 54
 ----------------------------
 --- two-hand --- 
name: blessed qiraji augur staff
slot: two-hand
intelligence: 24
stamina: 23
sp_healing: 143
mp5: 15
 ----------------------------
 ---  --- 
name: 
slot: 
 ----------------------------
 ---  --- 
name: 
slot: 
 ----------------------------
 ---  --- 
name: 
slot: 
 ----------------------------
 --- ranged --- 
name: lunar wand of healing
slot: ranged
sp_healing: 20
 ----------------------------
 --- hands --- 
name: atal'ai hands of healing
slot: hands
sp: 9
sp_healing: 44
armor: 47
 ----------------------------
 --- waist --- 
name: grasp of the old god
slot: waist
intelligence: 19
stamina: 15
sp_healing: 59
mp5: 7
armor: 75
 ----------------------------
 --- legs --- 
name: empowered leggings
slot: legs
intelligence: 12
stamina: 12
spirit: 24
sp_healing: 77
spell_crit: 1
armor: 103
 ----------------------------
 --- feet --- 
name: boots of pure thought
slot: feet
intelligence: 12
stamina: 8
spirit: 12
sp_healing: 62
armor: 74
 ----------------------------
 --- finger --- 
name: ring of the martyr
slot: finger
stamina: 10
sp_healing: 51
mp5: 5
 ----------------------------
 --- finger --- 
name: pure elementium band
slot: finger
intelligence: 10
stamina: 9
spirit: 10
sp_healing: 53
 ----------------------------
 --- trinket --- 
name: rejuvenating gem
slot: trinket
sp_healing: 66
mp5: 9
 ----------------------------
 --- trinket --- 
name: hazza'rah's charm of healing
slot: trinket
 ----------------------------
 --- Set bonuses ---
name: confessor's 2 hazza'rah's 1 
slot: Set bonuses
sp: 23
------------------
Best value: 273.378
------------------
Char stats: 
Effective hp: 8538.1
Effective mana (100 s, 33 % out of fsr): 15815.8
Raw max mana: 9845.14
Int: 379.73
Stam: 395.83
Spirit: 388.93
Strength: 79.58
Agility: 84.18
All stats multiplier (taken into account above): 1.15
Bonus mana: 2000
Bonus hp: 0
Mp5: 186
Sp: 32
Sp shadow: 0
Sp healing: 1074
Spell crit: 19
Spell hit: 0
Arcane res: 27
Nature res: 27
Fire res: 27
Frost res: 27
Shadow res: 27
Armor: 2858.75
Defense: 300
Dodge: 0
Parry: 0
HpsPvp: 1024.48
ShadowDps: 223.866
Value pvp healing: 1868.82
Value pvp shadow: 89.2351
Effective hp-pvp: 10610.4
Effecctive mana for 100 s, 0.33 fsr: 17433.8
------------------
Best counts:
oh_limit: 0.8
time_left_mul: 2.9
total_deficit_to_pop_trinkets: 8145.06
in combat total: 1225.3
Flash Heal 1, casts: 21, avg: 515.874, 3.23413%, cast time 2.5708% of in combat, overheal: 0.290302
Flash Heal 2, casts: 2, avg: 813.413, 0.485663%, cast time 0.244838% of in combat, overheal: 0
Flash Heal 3, casts: 3, avg: 550.025, 0.492604%, cast time 0.367257% of in combat, overheal: 0.384122
Flash Heal 4, casts: 3, avg: 978.011, 0.875909%, cast time 0.367257% of in combat, overheal: 0
Flash Heal 5, casts: 3, avg: 1115.7, 0.999227%, cast time 0.367257% of in combat, overheal: 0
Flash Heal 6, casts: 3, avg: 1129.58, 1.01165%, cast time 0.367257% of in combat, overheal: 0.10519
Flash Heal 7, casts: 25, avg: 1349.76, 10.0738%, cast time 3.06047% of in combat, overheal: 0.0699184
Greater Heal 1, casts: 9, avg: 1726.18, 4.63792%, cast time 1.83628% of in combat, overheal: 0.147258
Greater Heal 1 hazz, casts: 8, avg: 1481.98, 3.53937%, cast time 0.979352% of in combat, overheal: 0.267896
Greater Heal 2 hazz, casts: 2, avg: 2303.86, 1.37556%, cast time 0.244838% of in combat, overheal: 0
Greater Heal 3 hazz, casts: 3, avg: 2407, 2.15571%, cast time 0.367257% of in combat, overheal: 0.0837437
Greater Heal 4, casts: 27, avg: 2743.35, 22.1126%, cast time 5.50885% of in combat, overheal: 0.0872894
Greater Heal 4 hazz, casts: 7, avg: 2955.37, 6.17596%, cast time 0.856933% of in combat, overheal: 0.0167512
Heal 2, casts: 102, avg: 955.168, 29.0853%, cast time 20.8112% of in combat, overheal: 0.364276
Heal 4, casts: 25, avg: 1841.61, 13.7446%, cast time 5.10079% of in combat, overheal: 0.150861
Total time casting: 527.5, which is: 43.0507% of time in combat.
Total hps: 273.378, raw hps: 344.805, oh: 0.207152
Deficit time sum: 1.54006e+07, baseline: 1.87127e+07
Deficit*time change / s: 2703.14 hp
Number of combats: 22
Average mana at start of combat: 9402.62
Average mana at end of combat: 8686.68
Other players with hps > 100:
  Camillae : 146.051 hps
  Hamsword : 116.281 hps
  Inj : 149.965 hps
  Kespada : 156.505 hps
  Koshimo : 149.069 hps
  Phxs : 166.657 hps
  Stnu : 135.926 hps
  Swolex : 163.482 hps
  Topgunx : 156.715 hps
------------------
Upgrades: 
( following sorted by alt scores, no specials )
zulian headdress(1.94812) -> crystal adorned crown(3.2587) : 1.31058 = +0.481711%
zandalar confessor's bindings(0.920929) -> grasp of the old god(2.08981) : 1.16888 = +0.429407%
boots of transcendence(1.23972) -> boots of pure thought(2.19608) : 0.95636 = +0.351059%
zandalarian hero charm(1.41681) -> rejuvenating gem(2.33777) : 0.920959 = +0.33802%
benediction, , , (4.17499) -> blessed qiraji augur staff, , , (5.06512) : 0.890137 = +0.32667%
bindings of transcendence(1.16888) -> bracelets of royal redemption(1.87729) : 0.708405 = +0.259803%
pauldrons of transcendence(0.920929) -> zandalar confessor's mantle(1.59393) : 0.673004 = +0.246788%
handguards of transcendence(1.2374) -> atal'ai hands of healing(1.87729) : 0.639893 = +0.234618%
fordring's seal(1.31055) -> ring of the martyr(1.80646) : 0.495911 = +0.181731%
dragon's touch(0.212524) -> lunar wand of healing(0.708405) : 0.49588 = +0.18172%
jin'do's evil eye(1.5585) -> amulet of the fallen god(2.01898) : 0.46048 = +0.168725%
hide of the wild(1.48767) -> hide of the wild(1.48767) : 0 = +0%
truefaith vestments(2.58569) -> truefaith vestments(2.58569) : 0 = +0%
empowered leggings(2.93759) -> empowered leggings(2.93759) : 0 = +0%
pure elementium band(1.87729) -> pure elementium band(1.87729) : 0 = +0%
hazza'rah's charm of healing(0.814667) -> hazza'rah's charm of healing(0.814667) : 0 = +0%
------------------
~~~~ end of intermediate results ~~~~
Temporary bans and partial set bonuses on.
...........
*** NEW BEST (1): 275.297
Based on last: 3000 entries, out of total: 12486 entries, The least-squares solution is:
Int: 0
Spirit: 0
Sp / Healing: 100
Mp5: 0
Crit: 694.1
T1 3p/piece: 595.507
T2 3p/piece: 0
100 points == 1 sp == 0.0457881 hps.
.....Temporary bans and partial set bonuses off.
.wrists : flameweave cuffs of healing -> bracelets of royal redemption => val: 272.771 -> 273.378
..No swappies for item bonuses found. (best matching was empty)
.***** INTERMEDIATE RESULTS *****
Iteration: 37
 ----------------------------
 --- head --- 
name: crystal adorned crown
slot: head
intelligence: 14
spirit: 13
sp_healing: 92
armor: 85
 ----------------------------
 --- neck --- 
name: amulet of the fallen god
slot: neck
intelligence: 11
sp_healing: 57
mp5: 6
 ----------------------------
 --- shoulders --- 
name: zandalar confessor's mantle
slot: shoulders
intelligence: 24
stamina: 11
spirit: 15
sp_healing: 22
armor: 78
 ----------------------------
 --- back --- 
name: hide of the wild
slot: back
intelligence: 10
stamina: 8
sp_healing: 42
armor: 48
 ----------------------------
 --- chest --- 
name: truefaith vestments
slot: chest
stamina: 14
sp_healing: 73
mp5: 6
armor: 96
 ----------------------------
 --- wrists --- 
name: bracelets of royal redemption
slot: wrists
intelligence: 10
stamina: 8
spirit: 9
sp_healing: 53
armor: 54
 ----------------------------
 ---  --- 
name: 
slot: 
 ----------------------------
 --- main hand --- 
name: gavel of infinite wisdom
slot: main hand
intelligence: 11
stamina: 10
sp_healing: 90
mp5: 4
 ----------------------------
 ---  --- 
name: 
slot: 
 ----------------------------
 --- off hand --- 
name: sartura's might
slot: off hand
intelligence: 6
stamina: 6
sp_healing: 51
mp5: 6
 ----------------------------
 --- ranged --- 
name: lunar wand of healing
slot: ranged
sp_healing: 20
 ----------------------------
 --- hands --- 
name: atal'ai hands of healing
slot: hands
sp: 9
sp_healing: 44
armor: 47
 ----------------------------
 --- waist --- 
name: grasp of the old god
slot: waist
intelligence: 19
stamina: 15
sp_healing: 59
mp5: 7
armor: 75
 ----------------------------
 --- legs --- 
name: empowered leggings
slot: legs
intelligence: 12
stamina: 12
spirit: 24
sp_healing: 77
spell_crit: 1
armor: 103
 ----------------------------
 --- feet --- 
name: boots of pure thought
slot: feet
intelligence: 12
stamina: 8
spirit: 12
sp_healing: 62
armor: 74
 ----------------------------
 --- finger --- 
name: ring of the martyr
slot: finger
stamina: 10
sp_healing: 51
mp5: 5
 ----------------------------
 --- finger --- 
name: pure elementium band
slot: finger
intelligence: 10
stamina: 9
spirit: 10
sp_healing: 53
 ----------------------------
 --- trinket --- 
name: rejuvenating gem
slot: trinket
sp_healing: 66
mp5: 9
 ----------------------------
 --- trinket --- 
name: hazza'rah's charm of healing
slot: trinket
 ----------------------------
 --- Set bonuses ---
name: confessor's 2 hazza'rah's 1 
slot: Set bonuses
sp: 23
------------------
Best value: 273.378
------------------
Char stats: 
Effective hp: 8457.2
Effective mana (100 s, 33 % out of fsr): 15583
Raw max mana: 9712.32
Int: 371.68
Stam: 387.78
Spirit: 388.93
Strength: 79.58
Agility: 84.18
All stats multiplier (taken into account above): 1.15
Bonus mana: 2000
Bonus hp: 0
Mp5: 181
Sp: 32
Sp shadow: 0
Sp healing: 1072
Spell crit: 19
Spell hit: 0
Arcane res: 27
Nature res: 27
Fire res: 27
Frost res: 27
Shadow res: 27
Armor: 2858.75
Defense: 300
Dodge: 0
Parry: 0
HpsPvp: 1024.48
ShadowDps: 223.866
Value pvp healing: 1868.82
Value pvp shadow: 89.2351
Effective hp-pvp: 10509.9
Effecctive mana for 100 s, 0.33 fsr: 17201
------------------
Best counts:
oh_limit: 0.8
time_left_mul: 2.9
total_deficit_to_pop_trinkets: 8145.06
in combat total: 1225.3
Flash Heal 1, casts: 21, avg: 515.569, 3.21389%, cast time 2.5708% of in combat, overheal: 0.289679
Flash Heal 2, casts: 2, avg: 812.327, 0.482264%, cast time 0.244838% of in combat, overheal: 0
Flash Heal 3, casts: 3, avg: 549.657, 0.489483%, cast time 0.367257% of in combat, overheal: 0.383772
Flash Heal 4, casts: 3, avg: 976.888, 0.869943%, cast time 0.367257% of in combat, overheal: 0
Flash Heal 5, casts: 3, avg: 1114.55, 0.992534%, cast time 0.367257% of in combat, overheal: 0
Flash Heal 6, casts: 3, avg: 1128.79, 1.00521%, cast time 0.367257% of in combat, overheal: 0.104975
Flash Heal 7, casts: 23, avg: 1339.87, 9.14778%, cast time 2.81564% of in combat, overheal: 0.0759521
Greater Heal 1, casts: 10, avg: 1754.41, 5.20783%, cast time 2.04032% of in combat, overheal: 0.132346
Greater Heal 1 hazz, casts: 8, avg: 1481.13, 3.51729%, cast time 0.979352% of in combat, overheal: 0.267499
Greater Heal 2 hazz, casts: 2, avg: 2301.55, 1.36639%, cast time 0.244838% of in combat, overheal: 0
Greater Heal 3 hazz, casts: 3, avg: 2406.2, 2.14278%, cast time 0.367257% of in combat, overheal: 0.0832134
Greater Heal 4, casts: 28, avg: 2751.38, 22.8682%, cast time 5.71289% of in combat, overheal: 0.0838666
Greater Heal 4 hazz, casts: 7, avg: 2953.61, 6.13727%, cast time 0.856933% of in combat, overheal: 0.0165295
Heal 2, casts: 102, avg: 954.559, 28.902%, cast time 20.8112% of in combat, overheal: 0.363773
Heal 4, casts: 25, avg: 1840.33, 13.6572%, cast time 5.10079% of in combat, overheal: 0.150552
Total time casting: 529.5, which is: 43.2139% of time in combat.
Total hps: 274.937, raw hps: 346.148, oh: 0.205725
Deficit time sum: 1.53792e+07, baseline: 1.87127e+07
Deficit*time change / s: 2720.55 hp
Number of combats: 22
Average mana at start of combat: 9226.6
Average mana at end of combat: 8480.46
Other players with hps > 100:
  Camillae : 146.065 hps
  Hamsword : 116.135 hps
  Inj : 149.984 hps
  Kespada : 156.527 hps
  Koshimo : 149.083 hps
  Phxs : 166.673 hps
  Stnu : 135.935 hps
  Swolex : 163.497 hps
  Topgunx : 156.519 hps
------------------
Upgrades: 
( following sorted by alt scores, no specials )
zulian headdress(2.51834) -> crystal adorned crown(4.21249) : 1.69415 = +0.620017%
zandalar confessor's bindings(1.19049) -> grasp of the old god(2.70151) : 1.51102 = +0.552624%
boots of transcendence(1.60257) -> boots of pure thought(2.83887) : 1.2363 = +0.451697%
zandalarian hero charm(1.83151) -> rejuvenating gem(3.022) : 1.19049 = +0.434888%
benediction, , , (5.48917) -> , gavel of infinite wisdom, , sartura's might(6.45612) : 0.966949 = +0.35294%
bindings of transcendence(1.51102) -> bracelets of royal redemption(2.42676) : 0.915741 = +0.334186%
pauldrons of transcendence(1.19049) -> zandalar confessor's mantle(2.06046) : 0.869965 = +0.317428%
handguards of transcendence(1.64566) -> atal'ai hands of healing(2.42676) : 0.781097 = +0.28491%
dragon's touch(0.274719) -> lunar wand of healing(0.915771) : 0.641052 = +0.233708%
fordring's seal(1.69415) -> ring of the martyr(2.33521) : 0.641052 = +0.233708%
jin'do's evil eye(2.01468) -> amulet of the fallen god(2.60992) : 0.595245 = +0.216972%
hide of the wild(1.9231) -> hide of the wild(1.9231) : 0 = +0%
truefaith vestments(3.34253) -> truefaith vestments(3.34253) : 0 = +0%
empowered leggings(3.84351) -> empowered leggings(3.84351) : 0 = +0%
pure elementium band(2.42676) -> pure elementium band(2.42676) : 0 = +0%
hazza'rah's charm of healing(1.05313) -> hazza'rah's charm of healing(1.05313) : 0 = +0%
------------------
~~~~ end of intermediate results ~~~~
Temporary bans and partial set bonuses on.
...............Temporary bans and partial set bonuses off.
....No swappies for item bonuses found. (best matching was empty)
.***** INTERMEDIATE RESULTS *****
Iteration: 57
 ----------------------------
 --- head --- 
name: crystal adorned crown
slot: head
intelligence: 14
spirit: 13
sp_healing: 92
armor: 85
 ----------------------------
 --- neck --- 
name: amulet of the fallen god
slot: neck
intelligence: 11
sp_healing: 57
mp5: 6
 ----------------------------
 --- shoulders --- 
name: zandalar confessor's mantle
slot: shoulders
intelligence: 24
stamina: 11
spirit: 15
sp_healing: 22
armor: 78
 ----------------------------
 --- back --- 
name: hide of the wild
slot: back
intelligence: 10
stamina: 8
sp_healing: 42
armor: 48
 ----------------------------
 --- chest --- 
name: truefaith vestments
slot: chest
stamina: 14
sp_healing: 73
mp5: 6
armor: 96
 ----------------------------
 --- wrists --- 
name: bracelets of royal redemption
slot: wrists
intelligence: 10
stamina: 8
spirit: 9
sp_healing: 53
armor: 54
 ----------------------------
 ---  --- 
name: 
slot: 
 ----------------------------
 --- main hand --- 
name: gavel of infinite wisdom
slot: main hand
intelligence: 11
stamina: 10
sp_healing: 90
mp5: 4
 ----------------------------
 ---  --- 
name: 
slot: 
 ----------------------------
 --- off hand --- 
name: sartura's might
slot: off hand
intelligence: 6
stamina: 6
sp_healing: 51
mp5: 6
 ----------------------------
 --- ranged --- 
name: lunar wand of healing
slot: ranged
sp_healing: 20
 ----------------------------
 --- hands --- 
name: atal'ai hands of healing
slot: hands
sp: 9
sp_healing: 44
armor: 47
 ----------------------------
 --- waist --- 
name: grasp of the old god
slot: waist
intelligence: 19
stamina: 15
sp_healing: 59
mp5: 7
armor: 75
 ----------------------------
 --- legs --- 
name: empowered leggings
slot: legs
intelligence: 12
stamina: 12
spirit: 24
sp_healing: 77
spell_crit: 1
armor: 103
 ----------------------------
 --- feet --- 
name: boots of pure thought
slot: feet
intelligence: 12
stamina: 8
spirit: 12
sp_healing: 62
armor: 74
 ----------------------------
 --- finger --- 
name: ring of the martyr
slot: finger
stamina: 10
sp_healing: 51
mp5: 5
 ----------------------------
 --- finger --- 
name: pure elementium band
slot: finger
intelligence: 10
stamina: 9
spirit: 10
sp_healing: 53
 ----------------------------
 --- trinket --- 
name: rejuvenating gem
slot: trinket
sp_healing: 66
mp5: 9
 ----------------------------
 --- trinket --- 
name: hazza'rah's charm of healing
slot: trinket
 ----------------------------
 --- Set bonuses ---
name: confessor's 2 hazza'rah's 1 
slot: Set bonuses
sp: 23
------------------
Best value: 273.378
------------------
Char stats: 
Effective hp: 8457.2
Effective mana (100 s, 33 % out of fsr): 15583
Raw max mana: 9712.32
Int: 371.68
Stam: 387.78
Spirit: 388.93
Strength: 79.58
Agility: 84.18
All stats multiplier (taken into account above): 1.15
Bonus mana: 2000
Bonus hp: 0
Mp5: 181
Sp: 32
Sp shadow: 0
Sp healing: 1072
Spell crit: 19
Spell hit: 0
Arcane res: 27
Nature res: 27
Fire res: 27
Frost res: 27
Shadow res: 27
Armor: 2858.75
Defense: 300
Dodge: 0
Parry: 0
HpsPvp: 1024.48
ShadowDps: 223.866
Value pvp healing: 1868.82
Value pvp shadow: 89.2351
Effective hp-pvp: 10509.9
Effecctive mana for 100 s, 0.33 fsr: 17201
------------------
Best counts:
oh_limit: 0.8
time_left_mul: 2.9
total_deficit_to_pop_trinkets: 8145.06
in combat total: 1225.3
Flash Heal 1, casts: 21, avg: 515.569, 3.21389%, cast time 2.5708% of in combat, overheal: 0.289679
Flash Heal 2, casts: 2, avg: 812.327, 0.482264%, cast time 0.244838% of in combat, overheal: 0
Flash Heal 3, casts: 3, avg: 549.657, 0.489483%, cast time 0.367257% of in combat, overheal: 0.383772
Flash Heal 4, casts: 3, avg: 976.888, 0.869943%, cast time 0.367257% of in combat, overheal: 0
Flash Heal 5, casts: 3, avg: 1114.55, 0.992534%, cast time 0.367257% of in combat, overheal: 0
Flash Heal 6, casts: 3, avg: 1128.79, 1.00521%, cast time 0.367257% of in combat, overheal: 0.104975
Flash Heal 7, casts: 23, avg: 1339.87, 9.14778%, cast time 2.81564% of in combat, overheal: 0.0759521
Greater Heal 1, casts: 10, avg: 1754.41, 5.20783%, cast time 2.04032% of in combat, overheal: 0.132346
Greater Heal 1 hazz, casts: 8, avg: 1481.13, 3.51729%, cast time 0.979352% of in combat, overheal: 0.267499
Greater Heal 2 hazz, casts: 2, avg: 2301.55, 1.36639%, cast time 0.244838% of in combat, overheal: 0
Greater Heal 3 hazz, casts: 3, avg: 2406.2, 2.14278%, cast time 0.367257% of in combat, overheal: 0.0832134
Greater Heal 4, casts: 28, avg: 2751.38, 22.8682%, cast time 5.71289% of in combat, overheal: 0.0838666
Greater Heal 4 hazz, casts: 7, avg: 2953.61, 6.13727%, cast time 0.856933% of in combat, overheal: 0.0165295
Heal 2, casts: 102, avg: 954.559, 28.902%, cast time 20.8112% of in combat, overheal: 0.363773
Heal 4, casts: 25, avg: 1840.33, 13.6572%, cast time 5.10079% of in combat, overheal: 0.150552
Total time casting: 529.5, which is: 43.2139% of time in combat.
Total hps: 274.937, raw hps: 346.148, oh: 0.205725
Deficit time sum: 1.53792e+07, baseline: 1.87127e+07
Deficit*time change / s: 2720.55 hp
Number of combats: 22
Average mana at start of combat: 9226.6
Average mana at end of combat: 8480.46
Other players with hps > 100:
  Camillae : 146.065 hps
  Hamsword : 116.135 hps
  Inj : 149.984 hps
  Kespada : 156.527 hps
  Koshimo : 149.083 hps
  Phxs : 166.673 hps
  Stnu : 135.935 hps
  Swolex : 163.497 hps
  Topgunx : 156.519 hps
------------------
Upgrades: 
( following sorted by alt scores, no specials )
zulian headdress(2.51834) -> crystal adorned crown(4.21249) : 1.69415 = +0.620017%
zandalar confessor's bindings(1.19049) -> grasp of the old god(2.70151) : 1.51102 = +0.552624%
boots of transcendence(1.60257) -> boots of pure thought(2.83887) : 1.2363 = +0.451697%
zandalarian hero charm(1.83151) -> rejuvenating gem(3.022) : 1.19049 = +0.434888%
benediction, , , (5.48917) -> , gavel of infinite wisdom, , sartura's might(6.45612) : 0.966949 = +0.35294%
bindings of transcendence(1.51102) -> bracelets of royal redemption(2.42676) : 0.915741 = +0.334186%
pauldrons of transcendence(1.19049) -> zandalar confessor's mantle(2.06046) : 0.869965 = +0.317428%
handguards of transcendence(1.64566) -> atal'ai hands of healing(2.42676) : 0.781097 = +0.28491%
dragon's touch(0.274719) -> lunar wand of healing(0.915771) : 0.641052 = +0.233708%
fordring's seal(1.69415) -> ring of the martyr(2.33521) : 0.641052 = +0.233708%
jin'do's evil eye(2.01468) -> amulet of the fallen god(2.60992) : 0.595245 = +0.216972%
hide of the wild(1.9231) -> hide of the wild(1.9231) : 0 = +0%
truefaith vestments(3.34253) -> truefaith vestments(3.34253) : 0 = +0%
empowered leggings(3.84351) -> empowered leggings(3.84351) : 0 = +0%
pure elementium band(2.42676) -> pure elementium band(2.42676) : 0 = +0%
hazza'rah's charm of healing(1.05313) -> hazza'rah's charm of healing(1.05313) : 0 = +0%
------------------
~~~~ end of intermediate results ~~~~
Same items for intermediate results again, ending optimization. 
 ----------------------------
 --- head --- 
name: crystal adorned crown
slot: head
intelligence: 14
spirit: 13
sp_healing: 92
armor: 85
 ----------------------------
 --- neck --- 
name: amulet of the fallen god
slot: neck
intelligence: 11
sp_healing: 57
mp5: 6
 ----------------------------
 --- shoulders --- 
name: zandalar confessor's mantle
slot: shoulders
intelligence: 24
stamina: 11
spirit: 15
sp_healing: 22
armor: 78
 ----------------------------
 --- back --- 
name: hide of the wild
slot: back
intelligence: 10
stamina: 8
sp_healing: 42
armor: 48
 ----------------------------
 --- chest --- 
name: truefaith vestments
slot: chest
stamina: 14
sp_healing: 73
mp5: 6
armor: 96
 ----------------------------
 --- wrists --- 
name: bracelets of royal redemption
slot: wrists
intelligence: 10
stamina: 8
spirit: 9
sp_healing: 53
armor: 54
 ----------------------------
 ---  --- 
name: 
slot: 
 ----------------------------
 --- main hand --- 
name: gavel of infinite wisdom
slot: main hand
intelligence: 11
stamina: 10
sp_healing: 90
mp5: 4
 ----------------------------
 ---  --- 
name: 
slot: 
 ----------------------------
 --- off hand --- 
name: sartura's might
slot: off hand
intelligence: 6
stamina: 6
sp_healing: 51
mp5: 6
 ----------------------------
 --- ranged --- 
name: lunar wand of healing
slot: ranged
sp_healing: 20
 ----------------------------
 --- hands --- 
name: atal'ai hands of healing
slot: hands
sp: 9
sp_healing: 44
armor: 47
 ----------------------------
 --- waist --- 
name: grasp of the old god
slot: waist
intelligence: 19
stamina: 15
sp_healing: 59
mp5: 7
armor: 75
 ----------------------------
 --- legs --- 
name: empowered leggings
slot: legs
intelligence: 12
stamina: 12
spirit: 24
sp_healing: 77
spell_crit: 1
armor: 103
 ----------------------------
 --- feet --- 
name: boots of pure thought
slot: feet
intelligence: 12
stamina: 8
spirit: 12
sp_healing: 62
armor: 74
 ----------------------------
 --- finger --- 
name: ring of the martyr
slot: finger
stamina: 10
sp_healing: 51
mp5: 5
 ----------------------------
 --- finger --- 
name: pure elementium band
slot: finger
intelligence: 10
stamina: 9
spirit: 10
sp_healing: 53
 ----------------------------
 --- trinket --- 
name: rejuvenating gem
slot: trinket
sp_healing: 66
mp5: 9
 ----------------------------
 --- trinket --- 
name: hazza'rah's charm of healing
slot: trinket
 ----------------------------
 --- Set bonuses ---
name: confessor's 2 hazza'rah's 1 
slot: Set bonuses
sp: 23
------------------
Char stats: 
Effective hp: 8457.2
Effective mana (100 s, 33 % out of fsr): 15583
Raw max mana: 9712.32
Int: 371.68
Stam: 387.78
Spirit: 388.93
Strength: 79.58
Agility: 84.18
All stats multiplier (taken into account above): 1.15
Bonus mana: 2000
Bonus hp: 0
Mp5: 181
Sp: 32
Sp shadow: 0
Sp healing: 1072
Spell crit: 19
Spell hit: 0
Arcane res: 27
Nature res: 27
Fire res: 27
Frost res: 27
Shadow res: 27
Armor: 2858.75
Defense: 300
Dodge: 0
Parry: 0
HpsPvp: 1023.69
ShadowDps: 223.541
Value pvp healing: 1803.79
Value pvp shadow: 86.0127
Effective hp-pvp: 10509.9
Effecctive mana for 100 s, 0.33 fsr: 17201
------------------
Best counts:
oh_limit: 0.8
time_left_mul: 2.9
total_deficit_to_pop_trinkets: 8145.06
in combat total: 1225.3
Flash Heal 1, casts: 21, avg: 515.569, 3.21389%, cast time 2.5708% of in combat, overheal: 0.289679
Flash Heal 2, casts: 2, avg: 812.327, 0.482264%, cast time 0.244838% of in combat, overheal: 0
Flash Heal 3, casts: 3, avg: 549.657, 0.489483%, cast time 0.367257% of in combat, overheal: 0.383772
Flash Heal 4, casts: 3, avg: 976.888, 0.869943%, cast time 0.367257% of in combat, overheal: 0
Flash Heal 5, casts: 3, avg: 1114.55, 0.992534%, cast time 0.367257% of in combat, overheal: 0
Flash Heal 6, casts: 3, avg: 1128.79, 1.00521%, cast time 0.367257% of in combat, overheal: 0.104975
Flash Heal 7, casts: 23, avg: 1339.87, 9.14778%, cast time 2.81564% of in combat, overheal: 0.0759521
Greater Heal 1, casts: 10, avg: 1754.41, 5.20783%, cast time 2.04032% of in combat, overheal: 0.132346
Greater Heal 1 hazz, casts: 8, avg: 1481.13, 3.51729%, cast time 0.979352% of in combat, overheal: 0.267499
Greater Heal 2 hazz, casts: 2, avg: 2301.55, 1.36639%, cast time 0.244838% of in combat, overheal: 0
Greater Heal 3 hazz, casts: 3, avg: 2406.2, 2.14278%, cast time 0.367257% of in combat, overheal: 0.0832134
Greater Heal 4, casts: 28, avg: 2751.38, 22.8682%, cast time 5.71289% of in combat, overheal: 0.0838666
Greater Heal 4 hazz, casts: 7, avg: 2953.61, 6.13727%, cast time 0.856933% of in combat, overheal: 0.0165295
Heal 2, casts: 102, avg: 954.559, 28.902%, cast time 20.8112% of in combat, overheal: 0.363773
Heal 4, casts: 25, avg: 1840.33, 13.6572%, cast time 5.10079% of in combat, overheal: 0.150552
Total time casting: 529.5, which is: 43.2139% of time in combat.
Total hps: 274.937, raw hps: 346.148, oh: 0.205725
Deficit time sum: 1.53792e+07, baseline: 1.87127e+07
Deficit*time change / s: 2720.55 hp
Number of combats: 22
Average mana at start of combat: 9226.6
Average mana at end of combat: 8480.46
Other players with hps > 100:
  Camillae : 146.065 hps
  Hamsword : 116.135 hps
  Inj : 149.984 hps
  Kespada : 156.527 hps
  Koshimo : 149.083 hps
  Phxs : 166.673 hps
  Stnu : 135.935 hps
  Swolex : 163.497 hps
  Topgunx : 156.519 hps
------------------
Based on last: 3000 entries, out of total: 16067 entries, The least-squares solution is:
Int: 0
Spirit: 0
Sp / Healing: 100
Mp5: 0
Crit: 292.811
T1 3p/piece: 0
T2 3p/piece: 0
100 points == 1 sp == 0.0569169 hps.
Appended tag:
( Pawn: v1: "who_bwl_speed_phase5": Intellect=0, Spirit=0, Healing=100, Mp5=0, SpellCritRating=292.811, IsFist=X, Is2HMace=X, IsCrossbow=X, IsGun=X, IsShield=X, IsPolearm=X, Is2HAxe=X, IsBow=X, IsMail=X, IsPlate=X, IsLeather=X, IsAxe=X, Is2HAxe=X, IsSword=X, Is2HSword=X)
To file: who_bwl_speed_phase5.pawn_tag.txt
------------------
Diffs to start: 
Upgrades: 
( following sorted by alt scores, no specials )
zulian headdress(3.13043) -> crystal adorned crown(5.23636) : 2.10593 = +0.771879%
zandalar confessor's bindings(1.47983) -> grasp of the old god(3.35809) : 1.87827 = +0.687862%
benediction, , , (6.36652) -> , gavel of infinite wisdom, , sartura's might(8.0253) : 1.65878 = +0.606994%
boots of transcendence(1.9921) -> boots of pure thought(3.52884) : 1.53674 = +0.562086%
zandalarian hero charm(2.27667) -> rejuvenating gem(3.75653) : 1.47986 = +0.541167%
handguards of transcendence(1.81726) -> atal'ai hands of healing(3.0166) : 1.19934 = +0.438135%
bindings of transcendence(1.87827) -> bracelets of royal redemption(3.0166) : 1.13834 = +0.415757%
pauldrons of transcendence(1.47983) -> zandalar confessor's mantle(2.56125) : 1.08142 = +0.394887%
dragon's touch(0.341492) -> lunar wand of healing(1.13834) : 0.796844 = +0.290671%
fordring's seal(2.10593) -> ring of the martyr(2.90277) : 0.796844 = +0.290671%
jin'do's evil eye(2.50433) -> amulet of the fallen god(3.24426) : 0.739929 = +0.269853%
hide of the wild(2.3905) -> hide of the wild(2.3905) : 0 = +0%
truefaith vestments(4.15494) -> truefaith vestments(4.15494) : 0 = +0%
empowered leggings(4.54926) -> empowered leggings(4.54926) : 0 = +0%
pure elementium band(3.0166) -> pure elementium band(3.0166) : 0 = +0%
hazza'rah's charm of healing(1.30908) -> hazza'rah's charm of healing(1.30908) : 0 = +0%
- - - - - - - - - - - - - - - - - - - - - - - - - - - - - - - - - - - - - - - - - 
| Upgrades at best in slot level, from start item to candidate, partial bonuses: 1: |
  alt scores are from least squares fit, special score from e.g. set bonuses as s are part of em
. . . . . . . . . . . . . . . . . . . . . . . . . . . . . . . . . . . . . . . . . 
- . - ' - . - ' - . - ' - . - ' - . - ' - . -
head, zulian headdress (3.58893), alt: 3.13043 -> :
    crystal adorned crown (6.55795) : +1.09024 %, alt : +5.23636, from: azuregos
    eternal crown of healing (4.07745) : +0.179389 %, alt : +3.64268, from: random green
    don rigoberto's lost hat (2.2222) : -0.501869 %, alt : +3.64268, from: aq40
- . - ' - . - ' - . - ' - . - ' - . - ' - . -
neck, jin'do's evil eye (2.28659), alt: 2.50433 -> :
    amulet of the fallen god (3.4856) : +0.437437 %, alt : +3.24426, from: aq40
    amulet of the shifting sands (3.10049) : +0.296939 %, alt : +2.61818, from: aq20
- . - ' - . - ' - . - ' - . - ' - . - ' - . -
shoulders, pauldrons of transcendence (-0.65744), alt: 1.47983 -> :
    zandalar confessor's mantle (2.68481) : +1.22897 %, alt : +2.56126, from: zg
    ternary mantle (3.01016) : +1.34861 %, alt : +2.50434, from: aq40
    mantle of the blackwing cabal (2.31601) : +1.09336 %, alt : +1.93518, from: bwl
- . - ' - . - ' - . - ' - . - ' - . - ' - . -
back, hide of the wild (3.71451), alt: 2.3905 -> :
- . - ' - . - ' - . - ' - . - ' - . - ' - . -
chest, truefaith vestments (3.84335), alt: 4.15494 -> :
    robes of the exalted (3.9628) : +0.043388 %, alt : +3.87035, from: pre-raid
- . - ' - . - ' - . - ' - . - ' - . - ' - . -
wrists, bindings of transcendence (0.35614), alt: 1.87827 -> :
    bracelets of royal redemption (3.75772) : +1.25106 %, alt : +3.0166, from: aq40
    flameweave cuffs of healing (2.01279) : +0.609295 %, alt : +1.87826, from: brd
    burrower bracers (1.31769) : +0.353646 %, alt : +1.59367, from: aq40
- . - ' - . - ' - . - ' - . - ' - . - ' - . -
two-hand, benediction (0.474976), alt: 6.36652 -> :
    scepter of the false prophet and lei of the lifegiver (0.864288) : +0.141172 %, alt : +13.6601, from: aq40, av rep
    scepter of the false prophet and sartura's might (0.779358) : +0.110375 %, alt : +13.5462, from: aq40, aq40
    scepter of the false prophet and brightly glowing stone (0.246826) : -0.0827312 %, alt : +12.7494, from: aq40, pre-raid
    scepter of the false prophet and arlokk's hoodoo stick (-0.241547) : -0.259824 %, alt : +12.0623, from: aq40, zg
    blessed qiraji augur staff (-0.749023) : -0.443844 %, alt : +8.13912, from: aq40
    gavel of infinite wisdom and lei of the lifegiver (-0.274628) : -0.27182 %, alt : +8.13912, from: aq20, av rep
    gavel of infinite wisdom and sartura's might (-0.888184) : -0.494307 %, alt : +8.02528, from: aq20, aq40
    lok'amir il romathis and lei of the lifegiver (1.10117) : +0.227068 %, alt : +7.79762, from: bwl, av rep
    lok'amir il romathis and sartura's might (0.659332) : +0.0668511 %, alt : +7.68378, from: bwl, aq40
    gavel of infinite wisdom and brightly glowing stone (1.09476) : +0.224744 %, alt : +7.22845, from: aq20, pre-raid
    lok'amir il romathis and brightly glowing stone (0.760773) : +0.103635 %, alt : +6.88695, from: bwl, pre-raid
    gavel of infinite wisdom and arlokk's hoodoo stick (0.460205) : -0.00535606 %, alt : +6.54135, from: aq20, zg
- . - ' - . - ' - . - ' - . - ' - . - ' - . -
ranged, dragon's touch (-1.24707), alt: 0.341492 -> :
    lunar wand of healing (1.6897) : +1.07827 %, alt : +1.13834, from: random green
    wandof qiraji nobility (2.05023) : +1.21064 %, alt : +1.08142, from: aq40
    antenna of invigoration (-0.0734863) : +0.430894 %, alt : +0.73992, from: aq20
    bonecreeper stylus (1.5253) : +1.01791 %, alt : +0.626086, from: pre-raid
- . - ' - . - ' - . - ' - . - ' - . - ' - . -
hands, handguards of transcendence (0.435852), alt: 1.81726 -> :
    atal'ai hands of healing (3.70169) : +1.20054 %, alt : +3.0166, from: sunken temple
    high councillor's gloves of healing (3.65472) : +1.18327 %, alt : +2.61818, from: random green
    dark storm gauntlets (0.64328) : +0.0762515 %, alt : +2.10593, from: aq40
    gloves of dark wisdom (0.532318) : +0.0354614 %, alt : +1.99209, from: aq20
- . - ' - . - ' - . - ' - . - ' - . - ' - . -
waist, zandalar confessor's bindings (1.6347), alt: 1.47983 -> :
    grasp of the old god (4.31656) : +0.983751 %, alt : +3.3581, from: aq40
    eyestalk waist cord (3.03745) : +0.51455 %, alt : +2.50025, from: aq40
    firemaw's clutch (2.30392) : +0.245482 %, alt : +1.99209, from: bwl
    whipvine cord (1.85251) : +0.0798943 %, alt : +1.76442, from: pre-raid
- . - ' - . - ' - . - ' - . - ' - . - ' - . -
legs, empowered leggings (5.7923), alt: 4.54926 -> :
- . - ' - . - ' - . - ' - . - ' - . - ' - . -
feet, boots of transcendence (0.128143), alt: 1.9921 -> :
    boots of pure thought (4.42142) : +1.58421 %, alt : +3.52885, from: bwl
    treads of the wandering nomand (1.99777) : +0.68989 %, alt : +2.10593, from: aq20
    boots of epiphany (1.79224) : +0.614048 %, alt : +1.93518, from: aq40
- . - ' - . - ' - . - ' - . - ' - . - ' - . -
finger, fordring's seal (2.31516), alt: 2.10593 -> :
    pure elementium band (3.73721) : +0.518894 %, alt : +3.0166, from: bwl
    ring of the martyr (3.55664) : +0.453005 %, alt : +2.90276, from: aq40
    cauterizing band (3.71405) : +0.510442 %, alt : +2.61818, from: mc
    primalist's seal (3.6795) : +0.497837 %, alt : +2.58972, from: zg
- . - ' - . - ' - . - ' - . - ' - . - ' - . -
finger 2, pure elementium band (3.75772), alt: 3.0166 -> :
- . - ' - . - ' - . - ' - . - ' - . - ' - . -
trinket, zandalarian hero charm (1.55304), alt: 2.27667 -> :
    rejuvenating gem (4.07983) : +0.926345 %, alt : +3.75652, from: bwl
    hibernation crystal (-14.2321) : -5.78698 %, alt : +3.3581, from: ysondre
    hazza'rah's charm of healing (0) : -0.569358 %, alt : +1.30909, from: zg
- . - ' - . - ' - . - ' - . - ' - . - ' - . -
trinket 2, hazza'rah's charm of healing (18.6825), alt: 1.30908 -> :
    rejuvenating gem (1.87952) : -6.10358 %, alt : +3.75652, from: bwl
    hibernation crystal (2.4682) : -5.88975 %, alt : +3.3581, from: ysondre
    zandalarian hero charm (2.28464) : -5.95642 %, alt : +2.27668, from: zg
    royal seal of eldre'thalas (2.26663) : -5.96296 %, alt : +1.87826, from: pre-raid
    briarwood reed (2.17862) : -5.99493 %, alt : +1.65059, from: pre-raid
    scarab brooch (1.92358) : -6.08757 %, alt : +1.42292, from: aq40
    hazza'rah's charm of healing (18.6825) : +0 %, alt : +1.30909, from: zg
- - - - - - - - - - - - - - - - - - - - - - - - - - - - - - - - - - - - - - - - - 
| Upgrades at best in slot level, from start item to candidate, partial bonuses: 0: |
  alt scores are from least squares fit, special score from e.g. set bonuses as s are part of em
. . . . . . . . . . . . . . . . . . . . . . . . . . . . . . . . . . . . . . . . . 
- . - ' - . - ' - . - ' - . - ' - . - ' - . -
head, zulian headdress (3.86038), alt: 3.13043 -> :
    crystal adorned crown (6.87) : +1.10677 %, alt : +5.23636, from: azuregos
    eternal crown of healing (3.66943) : -0.0702204 %, alt : +3.64268, from: random green
    don rigoberto's lost hat (2.41718) : -0.530733 %, alt : +3.64268, from: aq40
- . - ' - . - ' - . - ' - . - ' - . - ' - . -
neck, jin'do's evil eye (3.60129), alt: 2.50433 -> :
    amulet of the fallen god (5.25067) : +0.603534 %, alt : +3.24426, from: aq40
    amulet of the shifting sands (3.68271) : +0.0297931 %, alt : +2.61818, from: aq20
- . - ' - . - ' - . - ' - . - ' - . - ' - . -
shoulders, pauldrons of transcendence (0.947327), alt: 1.47983 -> :
    zandalar confessor's mantle (3.16199) : +0.812057 %, alt : +2.56126, from: zg
    ternary mantle (2.31985) : +0.50327 %, alt : +2.50434, from: aq40
    mantle of the blackwing cabal (1.6106) : +0.243203 %, alt : +1.93518, from: bwl
- . - ' - . - ' - . - ' - . - ' - . - ' - . -
back, hide of the wild (3.43384), alt: 2.3905 -> :
- . - ' - . - ' - . - ' - . - ' - . - ' - . -
chest, truefaith vestments (5.57605), alt: 4.15494 -> :
- . - ' - . - ' - . - ' - . - ' - . - ' - . -
wrists, bindings of transcendence (1.95667), alt: 1.87827 -> :
    bracelets of royal redemption (4.23135) : +0.834251 %, alt : +3.0166, from: aq40
- . - ' - . - ' - . - ' - . - ' - . - ' - . -
two-hand, benediction (-1.31464), alt: 6.36652 -> :
    scepter of the false prophet and lei of the lifegiver (0.862427) : +0.795645 %, alt : +13.6601, from: aq40, av rep
    scepter of the false prophet and sartura's might (0.776733) : +0.764327 %, alt : +13.5462, from: aq40, aq40
    scepter of the false prophet and brightly glowing stone (0.0434265) : +0.496328 %, alt : +12.7494, from: aq40, pre-raid
    scepter of the false prophet and arlokk's hoodoo stick (-0.0571594) : +0.459567 %, alt : +12.0623, from: aq40, zg
    blessed qiraji augur staff (1.02103) : +0.853608 %, alt : +8.13912, from: aq40
    gavel of infinite wisdom and lei of the lifegiver (1.49487) : +1.02678 %, alt : +8.13912, from: aq20, av rep
    gavel of infinite wisdom and sartura's might (1.51608) : +1.03454 %, alt : +8.02528, from: aq20, aq40
    lok'amir il romathis and lei of the lifegiver (1.39771) : +0.991272 %, alt : +7.79762, from: bwl, av rep
    lok'amir il romathis and sartura's might (1.30411) : +0.957065 %, alt : +7.68378, from: bwl, aq40
    gavel of infinite wisdom and brightly glowing stone (0.74646) : +0.753263 %, alt : +7.22845, from: aq20, pre-raid
    lok'amir il romathis and brightly glowing stone (0.404602) : +0.628325 %, alt : +6.88695, from: bwl, pre-raid
    gavel of infinite wisdom and arlokk's hoodoo stick (-1.03363) : +0.102698 %, alt : +6.54135, from: aq20, zg
    sorcerous dagger and brightly glowing stone (-1.23105) : +0.0305486 %, alt : +3.24426, from: mc, pre-raid
    wushoolay's poker and arlokk's hoodoo stick (-1.1601) : +0.0564797 %, alt : +3.18326, from: zg, zg
    the hammer of grace and arlokk's hoodoo stick (-1.1601) : +0.0564797 %, alt : +3.18326, from: pre-raid, zg
    gift of the elven magi and lei of the lifegiver (-0.981659) : +0.121692 %, alt : +3.0166, from: pre-raid (strat live: balnazzar), av rep
    lorespinner and lei of the lifegiver (-1.00177) : +0.114342 %, alt : +3.0166, from: pre-raid, av rep
    scepter of the unholy and lei of the lifegiver (-1.03186) : +0.103345 %, alt : +3.0166, from: pre-raid, av rep
    witchblade and brightly glowing stone (-1.12137) : +0.0706331 %, alt : +2.90276, from: pre-raid, pre-raid
    gift of the elven magi and sartura's might (-1.08124) : +0.0852995 %, alt : +2.90276, from: pre-raid (strat live: balnazzar), aq40
    scepter of the unholy and sartura's might (-1.13135) : +0.066986 %, alt : +2.90276, from: pre-raid, aq40
    zulian scepter of rites and arlokk's hoodoo stick (-1.0184) : +0.108264 %, alt : +2.89867, from: zg, zg
    aurastone hammer and arlokk's hoodoo stick (-1.07327) : +0.0882105 %, alt : +2.84175, from: mc, zg
    fang of venoxis and arlokk's hoodoo stick (-1.14828) : +0.060796 %, alt : +2.78484, from: zg, zg
    hypnotic blade and brightly glowing stone (-1.02081) : +0.107383 %, alt : +2.61818, from: pre-raid, pre-raid
    sorcerous dagger and arlokk's hoodoo stick (-0.937653) : +0.137775 %, alt : +2.55717, from: mc, zg
    witchblade and arlokk's hoodoo stick (-0.567871) : +0.272918 %, alt : +2.21567, from: pre-raid, zg
    gift of the elven magi and brightly glowing stone (-0.441864) : +0.31897 %, alt : +2.10593, from: pre-raid (strat live: balnazzar), pre-raid
    scepter of the unholy and brightly glowing stone (0.943512) : +0.825279 %, alt : +2.10593, from: pre-raid, pre-raid
    lorespinner and brightly glowing stone (-0.307648) : +0.368021 %, alt : +2.10593, from: pre-raid, pre-raid
    hypnotic blade and arlokk's hoodoo stick (-0.388702) : +0.338399 %, alt : +1.93108, from: pre-raid, zg
    scepter of the unholy and arlokk's hoodoo stick (0.52121) : +0.670942 %, alt : +1.41883, from: pre-raid, zg
    lorespinner and arlokk's hoodoo stick (-0.727112) : +0.214721 %, alt : +1.41883, from: pre-raid, zg
    gift of the elven magi and arlokk's hoodoo stick (-0.707214) : +0.221993 %, alt : +1.41883, from: pre-raid (strat live: balnazzar), zg
- . - ' - . - ' - . - ' - . - ' - . - ' - . -
ranged, dragon's touch (-1.49951), alt: 0.341492 -> :
    lunar wand of healing (2.2912) : +1.39803 %, alt : +1.13834, from: random green
    wandof qiraji nobility (1.48709) : +1.10147 %, alt : +1.08142, from: aq40
    antenna of invigoration (-0.639465) : +0.317189 %, alt : +0.73992, from: aq20
    bonecreeper stylus (0.948151) : +0.902709 %, alt : +0.626086, from: pre-raid
- . - ' - . - ' - . - ' - . - ' - . - ' - . -
hands, handguards of transcendence (0.315369), alt: 1.81726 -> :
    atal'ai hands of healing (4.1756) : +1.42404 %, alt : +3.0166, from: sunken temple
    high councillor's gloves of healing (2.95258) : +0.972864 %, alt : +2.61818, from: random green
    dark storm gauntlets (1.52429) : +0.445971 %, alt : +2.10593, from: aq40
    gloves of dark wisdom (0.149628) : -0.0611417 %, alt : +1.99209, from: aq20
- . - ' - . - ' - . - ' - . - ' - . - ' - . -
waist, zandalar confessor's bindings (1.32233), alt: 1.47983 -> :
    grasp of the old god (4.04376) : +0.999736 %, alt : +3.3581, from: aq40
    eyestalk waist cord (1.90094) : +0.212557 %, alt : +2.50025, from: aq40
    firemaw's clutch (1.49796) : +0.0645183 %, alt : +1.99209, from: bwl
    whipvine cord (0.85968) : -0.169956 %, alt : +1.76442, from: pre-raid
- . - ' - . - ' - . - ' - . - ' - . - ' - . -
legs, empowered leggings (6.26416), alt: 4.54926 -> :
- . - ' - . - ' - . - ' - . - ' - . - ' - . -
feet, boots of transcendence (0.892609), alt: 1.9921 -> :
    boots of pure thought (3.58691) : +0.989671 %, alt : +3.52885, from: bwl
    treads of the wandering nomand (1.04181) : +0.0548042 %, alt : +2.10593, from: aq20
- . - ' - . - ' - . - ' - . - ' - . - ' - . -
finger, fordring's seal (1.92639), alt: 2.10593 -> :
    pure elementium band (4.22418) : +0.842197 %, alt : +3.0166, from: bwl
    ring of the martyr (4.03055) : +0.771226 %, alt : +2.90276, from: aq40
    cauterizing band (3.01318) : +0.398336 %, alt : +2.61818, from: mc
- . - ' - . - ' - . - ' - . - ' - . - ' - . -
finger 2, pure elementium band (4.23135), alt: 3.0166 -> :
- . - ' - . - ' - . - ' - . - ' - . - ' - . -
trinket, zandalarian hero charm (2.49487), alt: 2.27667 -> :
    rejuvenating gem (5.1452) : +0.97336 %, alt : +3.75652, from: bwl
    hibernation crystal (-13.8656) : -6.00855 %, alt : +3.3581, from: ysondre
    hazza'rah's charm of healing (0) : -0.916267 %, alt : +1.30909, from: zg
- . - ' - . - ' - . - ' - . - ' - . - ' - . -
trinket 2, hazza'rah's charm of healing (19.4532), alt: 1.30908 -> :
    rejuvenating gem (3.20944) : -5.90819 %, alt : +3.75652, from: bwl
    hibernation crystal (3.63855) : -5.75212 %, alt : +3.3581, from: ysondre
    zandalarian hero charm (3.27762) : -5.8834 %, alt : +2.27668, from: zg
    royal seal of eldre'thalas (2.7865) : -6.06203 %, alt : +1.87826, from: pre-raid
    briarwood reed (3.06149) : -5.96201 %, alt : +1.65059, from: pre-raid
    scarab brooch (2.78885) : -6.06117 %, alt : +1.42292, from: aq40
    hazza'rah's charm of healing (19.4532) : +0 %, alt : +1.30909, from: zg
- - - - - - - - - - - - - - - - - - - - - - - - - - - - - - - - - - - - - - - - - 
| Upgrades at start level, from start item to candidate, partial bonuses: 1: |
  alt scores are from least squares fit, special score from e.g. set bonuses as s are part of em
. . . . . . . . . . . . . . . . . . . . . . . . . . . . . . . . . . . . . . . . . 
- . - ' - . - ' - . - ' - . - ' - . - ' - . -
head, zulian headdress (1.05176), alt: 3.13043 -> :
    crystal adorned crown (0.127563) : -0.351144 %, alt : +5.23636, from: azuregos
    eternal crown of healing (2.17807) : +0.427937 %, alt : +3.64268, from: random green
    don rigoberto's lost hat (0.60733) : -0.168858 %, alt : +3.64268, from: aq40
- . - ' - . - ' - . - ' - . - ' - . - ' - . -
neck, jin'do's evil eye (0.454895), alt: 2.50433 -> :
    amulet of the fallen god (-0.159363) : -0.233385 %, alt : +3.24426, from: aq40
    amulet of the shifting sands (0.549927) : +0.0361069 %, alt : +2.61818, from: aq20
- . - ' - . - ' - . - ' - . - ' - . - ' - . -
shoulders, pauldrons of transcendence (-0.640015), alt: 1.47983 -> :
    ternary mantle (0.110413) : +0.285122 %, alt : +2.50434, from: aq40
    mantle of the blackwing cabal (0.441742) : +0.411009 %, alt : +1.93518, from: bwl
    pauldrons of transcendence (-0.640015) : +0 %, alt : +1.47984, from: bwl
    zandalar confessor's mantle (-0.530243) : +0.0417073 %, alt : +1.25217, from: zg
- . - ' - . - ' - . - ' - . - ' - . - ' - . -
back, hide of the wild (0.288239), alt: 2.3905 -> :
    hakkari loa cloak (1.91071) : +0.616449 %, alt : +1.87826, from: zg
- . - ' - . - ' - . - ' - . - ' - . - ' - . -
chest, truefaith vestments (1.63058), alt: 4.15494 -> :
    robes of the exalted (2.19855) : +0.215795 %, alt : +3.87035, from: pre-raid
    robes of transcendence (2.36914) : +0.280611 %, alt : +3.24426, from: bwl
- . - ' - . - ' - . - ' - . - ' - . - ' - . -
wrists, bindings of transcendence (-0.418915), alt: 1.87827 -> :
    bracelets of royal redemption (0.51535) : +0.35497 %, alt : +3.0166, from: aq40
    flameweave cuffs of healing (0.0119934) : +0.163722 %, alt : +1.87826, from: brd
    bindings of transcendence (-0.418915) : +0 %, alt : +1.87826, from: bwl
    burrower bracers (0.120636) : +0.205 %, alt : +1.59367, from: aq40
- . - ' - . - ' - . - ' - . - ' - . - ' - . -
two-hand, benediction (2.72906), alt: 6.36652 -> :
    scepter of the false prophet and lei of the lifegiver (6.5773) : +1.46212 %, alt : +13.6601, from: aq40, av rep
    scepter of the false prophet and sartura's might (6.46609) : +1.41987 %, alt : +13.5462, from: aq40, aq40
    scepter of the false prophet and brightly glowing stone (5.96344) : +1.22889 %, alt : +12.7494, from: aq40, pre-raid
    scepter of the false prophet and arlokk's hoodoo stick (5.48831) : +1.04836 %, alt : +12.0623, from: aq40, zg
    blessed qiraji augur staff (1.12347) : -0.610037 %, alt : +8.13912, from: aq40
    gavel of infinite wisdom and lei of the lifegiver (1.05164) : -0.637332 %, alt : +8.13912, from: aq20, av rep
    gavel of infinite wisdom and sartura's might (0.933319) : -0.682286 %, alt : +8.02528, from: aq20, aq40
    lok'amir il romathis and lei of the lifegiver (3.56427) : +0.317333 %, alt : +7.79762, from: bwl, av rep
    lok'amir il romathis and sartura's might (2.47324) : -0.0972011 %, alt : +7.68378, from: bwl, aq40
    gavel of infinite wisdom and brightly glowing stone (3.66705) : +0.356385 %, alt : +7.22845, from: aq20, pre-raid
    lok'amir il romathis and brightly glowing stone (3.66687) : +0.356315 %, alt : +6.88695, from: bwl, pre-raid
    gavel of infinite wisdom and arlokk's hoodoo stick (3.25647) : +0.200385 %, alt : +6.54135, from: aq20, zg
    lok'amir il romathis and arlokk's hoodoo stick (3.25125) : +0.198402 %, alt : +6.19985, from: bwl, zg
    jin'do's hexxer and lei of the lifegiver (3.27811) : +0.208606 %, alt : +6.08602, from: zg, av rep
    jin'do's hexxer and sartura's might (4.34027) : +0.612171 %, alt : +5.97218, from: zg, aq40
    fang of the mystics and lei of the lifegiver (3.48535) : +0.287348 %, alt : +5.45993, from: azuregos, av rep
    fang of the mystics and sartura's might (3.46182) : +0.278408 %, alt : +5.3461, from: azuregos, aq40
    stinger of ayamiss and lei of the lifegiver (3.25101) : +0.19831 %, alt : +5.23226, from: aq20, av rep
    jin'do's hexxer and brightly glowing stone (3.18295) : +0.172453 %, alt : +5.17535, from: zg, pre-raid
    stinger of ayamiss and sartura's might (3.12628) : +0.150921 %, alt : +5.11843, from: aq20, aq40
    staff of the shadow flame (3.31857) : +0.223981 %, alt : +5.11434, from: bwl
    wushoolay's poker and lei of the lifegiver (3.23975) : +0.194031 %, alt : +4.78102, from: zg, av rep
    the hammer of grace and lei of the lifegiver (3.23975) : +0.194031 %, alt : +4.78102, from: pre-raid, av rep
    the hammer of grace and sartura's might (3.11542) : +0.146793 %, alt : +4.66719, from: pre-raid, aq40
    wushoolay's poker and sartura's might (3.11542) : +0.146793 %, alt : +4.66719, from: zg, aq40
    fang of the mystics and brightly glowing stone (3.08127) : +0.133818 %, alt : +4.54926, from: azuregos, pre-raid
    zulian scepter of rites and lei of the lifegiver (2.88861) : +0.0606188 %, alt : +4.49644, from: zg, av rep
    jin'do's hexxer and arlokk's hoodoo stick (3.09631) : +0.139534 %, alt : +4.48825, from: zg, zg
    aurastone hammer and lei of the lifegiver (2.82019) : +0.0346227 %, alt : +4.43952, from: mc, av rep
    zulian scepter of rites and sartura's might (2.76303) : +0.0129053 %, alt : +4.3826, from: zg, aq40
    stinger of ayamiss and brightly glowing stone (2.74347) : +0.00547285 %, alt : +4.32159, from: aq20, pre-raid
    the hammer of grace and brightly glowing stone (2.74408) : +0.00570475 %, alt : +3.87035, from: pre-raid, pre-raid
- . - ' - . - ' - . - ' - . - ' - . - ' - . -
ranged, dragon's touch (-1.46167), alt: 0.341492 -> :
    lunar wand of healing (-0.866638) : +0.22608 %, alt : +1.13834, from: random green
    wandof qiraji nobility (-0.94455) : +0.196478 %, alt : +1.08142, from: aq40
    antenna of invigoration (-0.959656) : +0.190738 %, alt : +0.73992, from: aq20
    bonecreeper stylus (-0.609039) : +0.323953 %, alt : +0.626086, from: pre-raid
- . - ' - . - ' - . - ' - . - ' - . - ' - . -
hands, handguards of transcendence (-0.35791), alt: 1.81726 -> :
    atal'ai hands of healing (0.970856) : +0.504859 %, alt : +3.0166, from: sunken temple
    high councillor's gloves of healing (0.602417) : +0.364872 %, alt : +2.61818, from: random green
    dark storm gauntlets (0.412506) : +0.292716 %, alt : +2.10593, from: aq40
    gloves of dark wisdom (-0.222717) : +0.0513659 %, alt : +1.99209, from: aq20
- . - ' - . - ' - . - ' - . - ' - . - ' - . -
waist, zandalar confessor's bindings (0.597473), alt: 2.78894 -> :
    grasp of the old god (0.175018) : -0.16051 %, alt : +3.3581, from: aq40
    eyestalk waist cord (1.1741) : +0.219088 %, alt : +2.50025, from: aq40
    firemaw's clutch (1.79434) : +0.454745 %, alt : +1.99209, from: bwl
    whipvine cord (1.44879) : +0.323455 %, alt : +1.76442, from: pre-raid
- . - ' - . - ' - . - ' - . - ' - . - ' - . -
legs, empowered leggings (1.18204), alt: 4.54926 -> :
    leggings of transcendence (-0.126221) : -0.497067 %, alt : +2.61818, from: mc
    leggings of the black blizzard (1.45709) : +0.104506 %, alt : +2.50025, from: aq20
    padre's trousers (1.21957) : +0.0142619 %, alt : +2.39051, from: pre-raid
- . - ' - . - ' - . - ' - . - ' - . - ' - . -
feet, boots of transcendence (-0.235046), alt: 1.9921 -> :
    boots of pure thought (-0.51358) : -0.105828 %, alt : +3.52885, from: bwl
    treads of the wandering nomand (0.433167) : +0.253885 %, alt : +2.10593, from: aq20
    boots of transcendence (-0.235046) : +0 %, alt : +1.99209, from: bwl
    boots of epiphany (0.201904) : +0.166018 %, alt : +1.93518, from: aq40
- . - ' - . - ' - . - ' - . - ' - . - ' - . -
finger, fordring's seal (-0.142853), alt: 2.10593 -> :
    pure elementium band (-0.496643) : -0.134421 %, alt : +3.0166, from: bwl
    ring of the martyr (-0.707428) : -0.214508 %, alt : +2.90276, from: aq40
    cauterizing band (0.598999) : +0.281863 %, alt : +2.61818, from: mc
    primalist's seal (-0.637177) : -0.187816 %, alt : +2.58972, from: zg
- . - ' - . - ' - . - ' - . - ' - . - ' - . -
finger 2, pure elementium band (0.862244), alt: 3.0166 -> :
    ring of the martyr (1.15219) : +0.110164 %, alt : +2.90276, from: aq40
    cauterizing band (2.32437) : +0.555529 %, alt : +2.61818, from: mc
    primalist's seal (1.7822) : +0.349532 %, alt : +2.58972, from: zg
    fordring's seal (1.81195) : +0.360837 %, alt : +2.10593, from: pre-raid
    ring of spellpower (1.56549) : +0.267196 %, alt : +1.87826, from: mc
    rosewine circle (1.3176) : +0.173009 %, alt : +1.65059, from: pre-raid
    mindtear band (1.56284) : +0.266187 %, alt : +1.41883, from: taerar
    band of servitude (1.43381) : +0.217163 %, alt : +1.30909, from: zg
    band of forced concentration (1.29138) : +0.163049 %, alt : +1.19526, from: bwl
    eye of orgrimmar (1.17761) : +0.119823 %, alt : +1.0245, from: pre-raid
    maiden's circle (1.17761) : +0.119823 %, alt : +1.0245, from: pre-raid
- . - ' - . - ' - . - ' - . - ' - . - ' - . -
trinket, zandalarian hero charm (0.0700073), alt: 2.27667 -> :
    rejuvenating gem (-1.46042) : -0.581479 %, alt : +3.75652, from: bwl
    hibernation crystal (-16.5115) : -6.30007 %, alt : +3.3581, from: ysondre
    hazza'rah's charm of healing (0) : -0.026599 %, alt : +1.30909, from: zg
- . - ' - . - ' - . - ' - . - ' - . - ' - . -
trinket 2, hazza'rah's charm of healing (14.9082), alt: 1.30908 -> :
    rejuvenating gem (-1.66454) : -6.29672 %, alt : +3.75652, from: bwl
    hibernation crystal (-1.48502) : -6.22852 %, alt : +3.3581, from: ysondre
    zandalarian hero charm (-1.08276) : -6.07568 %, alt : +2.27668, from: zg
    royal seal of eldre'thalas (-1.0594) : -6.0668 %, alt : +1.87826, from: pre-raid
    briarwood reed (-1.35645) : -6.17967 %, alt : +1.65059, from: pre-raid
    scarab brooch (-1.65347) : -6.29252 %, alt : +1.42292, from: aq40
    hazza'rah's charm of healing (14.9082) : +0 %, alt : +1.30909, from: zg
- - - - - - - - - - - - - - - - - - - - - - - - - - - - - - - - - - - - - - - - - 
| Upgrades at start level, from start item to candidate, partial bonuses: 0: |
  alt scores are from least squares fit, special score from e.g. set bonuses as s are part of em
. . . . . . . . . . . . . . . . . . . . . . . . . . . . . . . . . . . . . . . . . 
- . - ' - . - ' - . - ' - . - ' - . - ' - . -
head, zulian headdress (1.91867), alt: 3.13043 -> :
    crystal adorned crown (-0.0160522) : -0.731078 %, alt : +5.23636, from: azuregos
    eternal crown of healing (1.12631) : -0.29941 %, alt : +3.64268, from: random green
    don rigoberto's lost hat (-0.864746) : -1.05178 %, alt : +3.64268, from: aq40
- . - ' - . - ' - . - ' - . - ' - . - ' - . -
neck, jin'do's evil eye (2.51352), alt: 2.50433 -> :
    amulet of the fallen god (-0.00723267) : -0.952522 %, alt : +3.24426, from: aq40
    amulet of the shifting sands (2.61093) : +0.0368093 %, alt : +2.61818, from: aq20
- . - ' - . - ' - . - ' - . - ' - . - ' - . -
shoulders, pauldrons of transcendence (1.45639), alt: 1.47983 -> :
    ternary mantle (0.982117) : -0.179215 %, alt : +2.50434, from: aq40
    mantle of the blackwing cabal (0.61908) : -0.316396 %, alt : +1.93518, from: bwl
    pauldrons of transcendence (1.45639) : +0 %, alt : +1.47984, from: bwl
    zandalar confessor's mantle (1.12854) : -0.123885 %, alt : +1.25217, from: zg
- . - ' - . - ' - . - ' - . - ' - . - ' - . -
back, hide of the wild (2.34683), alt: 2.3905 -> :
- . - ' - . - ' - . - ' - . - ' - . - ' - . -
chest, truefaith vestments (3.41556), alt: 4.15494 -> :
    robes of transcendence (1.86368) : -0.586412 %, alt : +3.24426, from: bwl
- . - ' - . - ' - . - ' - . - ' - . - ' - . -
wrists, bindings of transcendence (1.9509), alt: 1.87827 -> :
    bracelets of royal redemption (1.66125) : -0.109448 %, alt : +3.0166, from: aq40
    bindings of transcendence (1.9509) : +0 %, alt : +1.87826, from: bwl
- . - ' - . - ' - . - ' - . - ' - . - ' - . -
two-hand, benediction (5.21704), alt: 6.36652 -> :
    scepter of the false prophet and lei of the lifegiver (7.33188) : +0.799138 %, alt : +13.6601, from: aq40, av rep
    scepter of the false prophet and sartura's might (7.22055) : +0.75707 %, alt : +13.5462, from: aq40, aq40
    scepter of the false prophet and brightly glowing stone (6.46289) : +0.470772 %, alt : +12.7494, from: aq40, pre-raid
    scepter of the false prophet and arlokk's hoodoo stick (6.22705) : +0.381654 %, alt : +12.0623, from: aq40, zg
    blessed qiraji augur staff (3.35925) : -0.702006 %, alt : +8.13912, from: aq40
    gavel of infinite wisdom and lei of the lifegiver (4.48447) : -0.276819 %, alt : +8.13912, from: aq20, av rep
    gavel of infinite wisdom and sartura's might (3.2309) : -0.750509 %, alt : +8.02528, from: aq20, aq40
    lok'amir il romathis and lei of the lifegiver (4.63321) : -0.220614 %, alt : +7.79762, from: bwl, av rep
    lok'amir il romathis and sartura's might (3.23474) : -0.749056 %, alt : +7.68378, from: bwl, aq40
    gavel of infinite wisdom and brightly glowing stone (4.23776) : -0.370042 %, alt : +7.22845, from: aq20, pre-raid
    lok'amir il romathis and brightly glowing stone (4.23087) : -0.372648 %, alt : +6.88695, from: bwl, pre-raid
    gavel of infinite wisdom and arlokk's hoodoo stick (5.24033) : +0.00879872 %, alt : +6.54135, from: aq20, zg
- . - ' - . - ' - . - ' - . - ' - . - ' - . -
ranged, dragon's touch (0.553131), alt: 0.341492 -> :
    lunar wand of healing (-0.25708) : -0.306156 %, alt : +1.13834, from: random green
    wandof qiraji nobility (-0.33609) : -0.336012 %, alt : +1.08142, from: aq40
    antenna of invigoration (-0.860352) : -0.534116 %, alt : +0.73992, from: aq20
    bonecreeper stylus (0.553375) : +9.22539e-05 %, alt : +0.626086, from: pre-raid
- . - ' - . - ' - . - ' - . - ' - . - ' - . -
hands, handguards of transcendence (2.00928), alt: 1.81726 -> :
    atal'ai hands of healing (1.60275) : -0.153614 %, alt : +3.0166, from: sunken temple
    high councillor's gloves of healing (1.05298) : -0.361359 %, alt : +2.61818, from: random green
    dark storm gauntlets (2.04224) : +0.0124543 %, alt : +2.10593, from: aq40
    gloves of dark wisdom (1.6467) : -0.137009 %, alt : +1.99209, from: aq20
- . - ' - . - ' - . - ' - . - ' - . - ' - . -
waist, zandalar confessor's bindings (2.96844), alt: 2.78894 -> :
    grasp of the old god (0.207245) : -1.04338 %, alt : +3.3581, from: aq40
- . - ' - . - ' - . - ' - . - ' - . - ' - . -
legs, empowered leggings (3.67923), alt: 4.54926 -> :
    leggings of transcendence (0.0109558) : -1.38614 %, alt : +2.61818, from: mc
- . - ' - . - ' - . - ' - . - ' - . - ' - . -
feet, boots of transcendence (2.1347), alt: 1.9921 -> :
    boots of pure thought (1.44147) : -0.261955 %, alt : +3.52885, from: bwl
    treads of the wandering nomand (2.30151) : +0.0630325 %, alt : +2.10593, from: aq20
    boots of transcendence (2.1347) : +0 %, alt : +1.99209, from: bwl
- . - ' - . - ' - . - ' - . - ' - . - ' - . -
finger, fordring's seal (2.22717), alt: 2.10593 -> :
    pure elementium band (-0.0328674) : -0.854006 %, alt : +3.0166, from: bwl
    ring of the martyr (-0.243469) : -0.933587 %, alt : +2.90276, from: aq40
    cauterizing band (0.625702) : -0.605151 %, alt : +2.61818, from: mc
- . - ' - . - ' - . - ' - . - ' - . - ' - . -
finger 2, pure elementium band (2.436), alt: 3.0166 -> :
- . - ' - . - ' - . - ' - . - ' - . - ' - . -
trinket, zandalarian hero charm (2.12881), alt: 2.27667 -> :
    rejuvenating gem (0.186523) : -0.733938 %, alt : +3.75652, from: bwl
    hibernation crystal (-13.6528) : -5.96344 %, alt : +3.3581, from: ysondre
    hazza'rah's charm of healing (0) : -0.80442 %, alt : +1.30909, from: zg
- . - ' - . - ' - . - ' - . - ' - . - ' - . -
trinket 2, hazza'rah's charm of healing (16.4544), alt: 1.30908 -> :
    rejuvenating gem (-1.7106) : -6.86405 %, alt : +3.75652, from: bwl
    hibernation crystal (-0.920074) : -6.56533 %, alt : +3.3581, from: ysondre
    zandalarian hero charm (-1.29169) : -6.70575 %, alt : +2.27668, from: zg
    royal seal of eldre'thalas (-1.81396) : -6.90311 %, alt : +1.87826, from: pre-raid
    briarwood reed (-0.492096) : -6.40361 %, alt : +1.65059, from: pre-raid
    scarab brooch (1.1317) : -5.79002 %, alt : +1.42292, from: aq40
    hazza'rah's charm of healing (16.4544) : +0 %, alt : +1.30909, from: zg
------------------
Best value: 273.378
