Your call: ./css 4 ../items/phase5.csv ban_tmp_phase4.txt no-locks who_bwl_speed_phase4 -a ../confs/wcl_bwl_speed_log.csv -l who_speed.txt 
Found: -a, val: ../confs/wcl_bwl_speed_log.csv
./css 4 ../items/phase5.csv ban_tmp_phase4.txt no-locks who_bwl_speed_phase4 -l who_speed.txt 
Found key: buff_fraction, saw val: 1
Found key: healing_from_crit_fraction, saw val: 0.2
Found key: transc8_exists, saw val: 0
Found key: enchantments, saw val: 1
Found key: fort, saw val: 1
Found key: motw, saw val: 1
Found key: spirit, saw val: 1
Found key: ai, saw val: 1
Found key: flask, saw val: 1
Found key: holy_disc, saw val: 0
Found key: min_combat_length, saw val: 2
Found key: max_log_entry_diff_in_combat, saw val: 10
Found key: precast, saw val: 1
Found key: swap_cast, saw val: 1
Found key: time_step, saw val: 0.1
Found key: reaction_time, saw val: 0.1
Found key: skip_player, saw val: Paisti
Found key: use_deficit_time_sum, saw val: 0
Found key: wcl_log, saw val: 1
Found: -l, val: who_speed.txt
./css 4 ../items/phase5.csv ban_tmp_phase4.txt no-locks who_bwl_speed_phase4 
Will read log from: who_speed.txt
./css 4 ../items/phase5.csv ban_tmp_phase4.txt no-locks who_bwl_speed_phase4 
./css 4 ../items/phase5.csv ban_tmp_phase4.txt no-locks who_bwl_speed_phase4 
Shuffle seed: 2416673600
Reading banned from: ban_tmp_phase4.txt
Banning: aq20
Banning: aq40
Banning: naxx
Banning: neltharion's tear
Banning: lok'amir il romathis
Banning: choker of the fire lord
Reading WCL parsed log: who_speed.txt
Saw 17997 lines of log, with 17997 log lines
Sorting by timestamp...
Sorted.
Pruning log from: 17997 entries.
Combat from 0 to 13.249 s
Combat from 51.322 to 67.524 s
Combat from 68.343 to 83.517 s
Combat from 84.904 to 113.299 s
Combat from 113.718 to 170.313 s
Combat from 176.825 to 234.281 s
Combat from 237.932 to 336.707 s
Combat from 348.472 to 360.153 s
Combat from 394.176 to 416.162 s
Combat from 442.759 to 482.918 s
Combat from 486.115 to 679.304 s
Combat from 691.06 to 746.154 s
Combat from 769.214 to 843.433 s
Combat from 847.785 to 876.151 s
Combat from 876.567 to 913.768 s
Combat from 916.222 to 948.212 s
Combat from 952.322 to 998.053 s
Combat from 1017.08 to 1097.89 s
Combat from 1107.04 to 1140.6 s
Combat from 1153.18 to 1229.95 s
Combat from 1267.32 to 1395.67 s
Combat from 1407.81 to 1485.01 s
Pruned to: 17927 entries.
----------------------------------------------------------
---- Baseline results without simulated player input: ----
----------------------------------------------------------
oh_limit: 0.9
time_left_mul: 0.5
total_deficit_to_pop_trinkets: 10000
in combat total: 1225.3
Total time casting: 0, which is: 0% of time in combat.
Total hps: 0, raw hps: 0, oh: -nan
Deficit time sum: 5.12202e+10, baseline: 0
Deficit*time change / s: -4.18022e+07 hp
Number of combats: 22
Average mana at start of combat: 0
Average mana at end of combat: 0
Other players with hps > 100:
  Camillae : 175.831 hps
  Fanofbread : 117.656 hps
  Hamsword : 128.734 hps
  Inj : 168.372 hps
  Kespada : 177.171 hps
  Koshimo : 167.441 hps
  Phxs : 180.64 hps
  Stnu : 156.397 hps
  Swolex : 186.911 hps
  Topgunx : 177.195 hps
Skip player from: Paisti to: Swolex
Reading WCL parsed log: who_speed.txt
Saw 17997 lines of log, with 17997 log lines
Sorting by timestamp...
Sorted.
Pruning log from: 17997 entries.
Combat from 0 to 13.249 s
Combat from 51.322 to 67.524 s
Combat from 68.343 to 83.517 s
Combat from 84.904 to 113.299 s
Combat from 113.718 to 170.313 s
Combat from 176.825 to 234.281 s
Combat from 237.932 to 336.707 s
Combat from 348.472 to 360.153 s
Combat from 394.176 to 416.162 s
Combat from 442.759 to 482.918 s
Combat from 486.115 to 679.304 s
Combat from 691.06 to 746.154 s
Combat from 769.214 to 843.433 s
Combat from 847.785 to 876.151 s
Combat from 876.567 to 913.768 s
Combat from 916.222 to 948.212 s
Combat from 952.322 to 998.053 s
Combat from 1017.08 to 1097.89 s
Combat from 1107.04 to 1140.6 s
Combat from 1153.18 to 1229.95 s
Combat from 1267.32 to 1395.67 s
Combat from 1407.81 to 1485.01 s
Pruned to: 17412 entries.
Skipped player entries: 519
Baseline results again due to changed skipped player
oh_limit: 0.9
time_left_mul: 0.5
total_deficit_to_pop_trinkets: 10000
in combat total: 1225.3
Total time casting: 0, which is: 0% of time in combat.
Total hps: 0, raw hps: 0, oh: -nan
Deficit time sum: 6.96642e+10, baseline: 0
Deficit*time change / s: -5.68548e+07 hp
Number of combats: 22
Average mana at start of combat: 0
Average mana at end of combat: 0
Other players with hps > 100:
  Camillae : 189.724 hps
  Fanofbread : 128.107 hps
  Hamsword : 136.468 hps
  Inj : 180.986 hps
  Kespada : 185.975 hps
  Koshimo : 183.022 hps
  Phxs : 202.691 hps
  Stnu : 166.811 hps
  Topgunx : 185.973 hps
Reading tmp locked from: start_with.txt
Locking: anastari heirloom
Locking: anathema
Locking: animated chain necklace
Locking: argent crusader
Locking: atal'ai gloves of the owl
Locking: ban'thok sash
Locking: banshee finger
Locking: benediction
Locking: blood of the martyr
Locking: briarwood reed
Locking: burial shawl
Locking: clutch of andros
Locking: crimson felt hat
Locking: cyclopean band
Locking: devout belt
Locking: devout bracers
Locking: devout crown
Locking: devout mantle
Locking: devout robe
Locking: devout sandals
Locking: devout skirt
Locking: dragon finger of healing
Locking: dragon finger of intellect
Locking: dragonrider boots
Locking: dragonslayer's signet
Locking: drakefire amulet
Locking: dreadmist mantle
Locking: dreamweave circlet
Locking: dreamweave gloves
Locking: dreamweave vest
Locking: elder magus pendant
Locking: eye of the beast
Locking: fordring's seal
Locking: girdle of prophecy
Locking: gloves of prophecy
Locking: grimgore noose
Locking: halo of transcendence
Locking: heart of the fiend
Locking: hide of the wild
Locking: kentic amice
Locking: leggings of transcendence
Locking: magister's robes
Locking: maleki's footwraps
Locking: mindtap talisman
Locking: nature's breath
Locking: necropile boots
Locking: necropile cuffs
Locking: necropile leggings
Locking: necropile mantle
Locking: necropile robe
Locking: noxious shooter
Locking: omnicast boots
Locking: orb of the forgotten seer
Locking: padre's trousers
Locking: pants of prophecy
Locking: penelope's rose
Locking: quel'dorai channeling rod
Locking: raincaster drape
Locking: rainstrider leggings
Locking: ring of demonic guile
Locking: ring of demonic guile
Locking: robes of prophecy
Locking: robes of the exalted
Locking: robes of the royal crown
Locking: rod of corrosion
Locking: rosewine circle
Locking: royal seal of eldre'thalas
Locking: royal tribunal cloak
Locking: sarah's guide
Locking: seal of rivendare
Locking: seal of rivendare
Locking: shadowy laced handwraps
Locking: silkweb gloves
Locking: soulstealer mantle
Locking: spellbound tome
Locking: spritecaster cape
Locking: star of mystaria
Locking: starfire tiara
Locking: stormrager
Locking: sublime wristguards
Locking: the hammer of grace
Locking: the postmaster's treads
Locking: thuzadin sash
Locking: triune amulet
Locking: vinerot sandals
Locking: whipvine cord
Locking: wolfshear leggings
Locking: boots of the full moon
Locking: mantle of prophecy
Locking: dragon's touch
Locking: bindings of transcendence
Locking: shimmering geta
Locking: empowered leggings
Locking: seal of the archmagus
Locking: circlet of prophecy
Locking: boots of prophecy
Locking: pauldrons of transcendence
Locking: primalist's seal
Locking: zandalar confessor's bindings
Locking: zulian headdress
Locking: mar'li's eye
Locking: shroud of pure thought
Locking: belt of transcendence
Locking: jin'do's evil eye
Locking: primalist's band
Locking: zandalarian hero charm
Locking: zandalar confessor's mantle
Locking: zandalar confessor's wraps 
Locking: pure elementium band
Locking: truefaith vestments
Locking: vambraces of prophecy
Locking: hazza'rah's charm of healing
Locking: handguards of transcendence
Locking: boots of transcendence
Locking: darkmoon card: blue dragon
Locking: rejuvenating gem
Optimizing start items...

*** NEW BEST (1): 183.805

*** NEW BEST (1): 189.237

*** NEW BEST (1): 196.004

*** NEW BEST (1): 207.077

*** NEW BEST (1): 213.583

*** NEW BEST (1): 215.473

*** NEW BEST (1): 216.235

*** NEW BEST (1): 217.7

*** NEW BEST (1): 218.875

*** NEW BEST (1): 223.63

*** NEW BEST (1): 230.15

*** NEW BEST (1): 232.182
*
*** NEW BEST (1): 234.34

*** NEW BEST (1): 234.947

*** NEW BEST (1): 235.665
*
*** NEW BEST (1): 236.066

*** NEW BEST (1): 236.309

*** NEW BEST (1): 236.335

*** NEW BEST (1): 236.521
*
*** NEW BEST (1): 236.634
*
*** NEW BEST (1): 237.023
*******
*** NEW BEST (0): 198.893
Based on last: 3000 entries, out of total: 3303 entries, (784 dropped), The least-squares solution is:
Int: 10.0037
Spirit: 7.06402
Sp / Healing: 100
Mp5: 17.246
Crit: 414.771
T1 3p/piece: 251.968
T2 3p/piece: 100.952
Hazza'rah's: 30282.2
Darkmoon: 1964.92
100 points == 1 sp == 0.0531789 hps.
neck : animated chain necklace -> jin'do's evil eye => val: 198.893 -> 199.222

*** NEW BEST (0): 199.222
Based on last: 3000 entries, out of total: 3303 entries, (828 dropped), The least-squares solution is:
Int: 10.0037
Spirit: 7.06402
Sp / Healing: 100
Mp5: 17.246
Crit: 414.771
T1 3p/piece: 251.968
T2 3p/piece: 100.952
Hazza'rah's: 30282.2
Darkmoon: 1964.92
100 points == 1 sp == 0.0531789 hps.
trinket : briarwood reed -> hazza'rah's charm of healing => val: 199.222 -> 216.912

*** NEW BEST (0): 216.912
Based on last: 3000 entries, out of total: 3307 entries, (840 dropped), The least-squares solution is:
Int: 10.2077
Spirit: 7.07849
Sp / Healing: 100
Mp5: 17.3659
Crit: 417.391
T1 3p/piece: 247.872
T2 3p/piece: 98.7153
Hazza'rah's: 30761.1
Darkmoon: 1967.74
100 points == 1 sp == 0.0531027 hps.
legs : devout skirt -> empowered leggings => val: 214.695 -> 220.304

*** NEW BEST (0): 220.304
Based on last: 3000 entries, out of total: 3307 entries, (880 dropped), The least-squares solution is:
Int: 10.2077
Spirit: 7.07849
Sp / Healing: 100
Mp5: 17.3659
Crit: 417.391
T1 3p/piece: 247.872
T2 3p/piece: 98.7153
Hazza'rah's: 30761.1
Darkmoon: 1967.74
100 points == 1 sp == 0.0531027 hps.
finger : cyclopean band -> pure elementium band => val: 220.304 -> 221.076

*** NEW BEST (0): 221.076
Based on last: 3000 entries, out of total: 3310 entries, (907 dropped), The least-squares solution is:
Int: 10.2179
Spirit: 7.10177
Sp / Healing: 100
Mp5: 17.3748
Crit: 417.565
T1 3p/piece: 247.351
T2 3p/piece: 98.2565
Hazza'rah's: 30764.8
Darkmoon: 1967.95
100 points == 1 sp == 0.0530969 hps.
shoulders : soulstealer mantle -> zandalar confessor's mantle => val: 219.133 -> 222.199

*** NEW BEST (0): 222.199
Based on last: 3000 entries, out of total: 3318 entries, (940 dropped), The least-squares solution is:
Int: 10.2913
Spirit: 6.82216
Sp / Healing: 100
Mp5: 17.7193
Crit: 420.894
T1 3p/piece: 238.287
T2 3p/piece: 104.406
Hazza'rah's: 30772.6
Darkmoon: 1968.51
100 points == 1 sp == 0.0530819 hps.
wrists : devout bracers -> bindings of transcendence => val: 222.199 -> 222.803

*** NEW BEST (0): 222.803
Based on last: 3000 entries, out of total: 3318 entries, (959 dropped), The least-squares solution is:
Int: 10.2913
Spirit: 6.82216
Sp / Healing: 100
Mp5: 17.7193
Crit: 420.894
T1 3p/piece: 238.287
T2 3p/piece: 104.406
Hazza'rah's: 30772.6
Darkmoon: 1968.51
100 points == 1 sp == 0.0530819 hps.
ranged : dragon finger of intellect -> dragon's touch => val: 222.803 -> 223.183

*** NEW BEST (0): 223.183
Based on last: 3000 entries, out of total: 3322 entries, (972 dropped), The least-squares solution is:
Int: 10.2605
Spirit: 6.91845
Sp / Healing: 100
Mp5: 17.5117
Crit: 421.782
T1 3p/piece: 237.71
T2 3p/piece: 104.319
Hazza'rah's: 30776.8
Darkmoon: 1968.77
100 points == 1 sp == 0.0530749 hps.
finger 2 : blood of the martyr -> fordring's seal => val: 223.183 -> 224.549

*** NEW BEST (0): 224.549
Based on last: 3000 entries, out of total: 3330 entries, (994 dropped), The least-squares solution is:
Int: 10.2941
Spirit: 6.97076
Sp / Healing: 100
Mp5: 17.4529
Crit: 421.524
T1 3p/piece: 238.114
T2 3p/piece: 105.582
Hazza'rah's: 30790.4
Darkmoon: 1969.62
100 points == 1 sp == 0.053052 hps.
trinket 2 : eye of the beast -> rejuvenating gem => val: 224.549 -> 228.217

*** NEW BEST (0): 228.217
Based on last: 3000 entries, out of total: 3337 entries, (1003 dropped), The least-squares solution is:
Int: 10.1241
Spirit: 7.13495
Sp / Healing: 100
Mp5: 18.0499
Crit: 420.973
T1 3p/piece: 237.934
T2 3p/piece: 106.174
Hazza'rah's: 30784.9
Darkmoon: 1969.3
100 points == 1 sp == 0.0530605 hps.
feet : boots of the full moon -> boots of transcendence => val: 228.217 -> 228.775

*** NEW BEST (0): 228.775
Based on last: 3000 entries, out of total: 3343 entries, (1017 dropped), The least-squares solution is:
Int: 10.1194
Spirit: 7.16127
Sp / Healing: 100
Mp5: 18.0444
Crit: 420.542
T1 3p/piece: 237.886
T2 3p/piece: 141.717
Hazza'rah's: 30787.1
Darkmoon: 1969.41
100 points == 1 sp == 0.0530576 hps.
head : crimson felt hat -> zulian headdress => val: 228.775 -> 230.331

*** NEW BEST (0): 230.331
Based on last: 3000 entries, out of total: 3360 entries, (1024 dropped), The least-squares solution is:
Int: 9.91819
Spirit: 7.42659
Sp / Healing: 100
Mp5: 17.4921
Crit: 422.396
T1 3p/piece: 211.67
T2 3p/piece: 137.437
Hazza'rah's: 30769.1
Darkmoon: 1968.25
100 points == 1 sp == 0.0530889 hps.
waist : ban'thok sash -> whipvine cord => val: 230.331 -> 231.338

*** NEW BEST (0): 231.338
Based on last: 3000 entries, out of total: 3366 entries, (1038 dropped), The least-squares solution is:
Int: 9.84584
Spirit: 7.5224
Sp / Healing: 100
Mp5: 17.3866
Crit: 424.411
T1 3p/piece: 211.316
T2 3p/piece: 138.034
Hazza'rah's: 30788.8
Darkmoon: 1969.4
100 points == 1 sp == 0.0530578 hps.
*two-hand :   the hammer of grace orb of the forgotten seer -> benediction    => val: 231.338 -> 235.642

*** NEW BEST (0): 235.642
Based on last: 3000 entries, out of total: 3481 entries, (1114 dropped), The least-squares solution is:
Int: 9.72486
Spirit: 8.13264
Sp / Healing: 100
Mp5: 17.9168
Crit: 413.761
T1 3p/piece: 197.592
T2 3p/piece: 129.009
Hazza'rah's: 30414.7
Darkmoon: 1967.31
100 points == 1 sp == 0.0531141 hps.
********
Read starting items and cleared locks.
 ----------------------------
 --- head --- 
name: zulian headdress
slot: head
intelligence: 15
stamina: 13
spirit: 14
sp_healing: 55
armor: 78
 ----------------------------
 --- neck --- 
name: jin'do's evil eye
slot: neck
intelligence: 11
stamina: 5
spirit: 6
sp_healing: 44
 ----------------------------
 --- shoulders --- 
name: zandalar confessor's mantle
slot: shoulders
intelligence: 24
stamina: 11
spirit: 15
sp_healing: 22
armor: 78
 ----------------------------
 --- back --- 
name: hide of the wild
slot: back
intelligence: 10
stamina: 8
sp_healing: 42
armor: 48
 ----------------------------
 --- chest --- 
name: truefaith vestments
slot: chest
stamina: 14
sp_healing: 73
mp5: 6
armor: 96
 ----------------------------
 --- wrists --- 
name: bindings of transcendence
slot: wrists
intelligence: 13
stamina: 9
spirit: 16
sp_healing: 33
armor: 51
 ----------------------------
 --- two-hand --- 
name: benediction
slot: two-hand
intelligence: 31
stamina: 10
spirit: 12
sp_healing: 106
spell_crit: 2
shadow_res: 20
 ----------------------------
 ---  --- 
name: 
slot: 
 ----------------------------
 ---  --- 
name: 
slot: 
 ----------------------------
 ---  --- 
name: 
slot: 
 ----------------------------
 --- ranged --- 
name: dragon's touch
slot: ranged
intelligence: 12
stamina: 7
sp: 6
 ----------------------------
 --- hands --- 
name: handguards of transcendence
slot: hands
intelligence: 20
stamina: 12
spirit: 13
sp_healing: 29
spell_crit: 1
armor: 72
 ----------------------------
 --- waist --- 
name: whipvine cord
slot: waist
intelligence: 8
sp_healing: 31
mp5: 6
armor: 47
 ----------------------------
 --- legs --- 
name: empowered leggings
slot: legs
intelligence: 12
stamina: 12
spirit: 24
sp_healing: 77
spell_crit: 1
armor: 103
 ----------------------------
 --- feet --- 
name: boots of transcendence
slot: feet
intelligence: 17
stamina: 17
spirit: 17
sp_healing: 35
fire_res: 10
armor: 80
 ----------------------------
 --- finger --- 
name: pure elementium band
slot: finger
intelligence: 10
stamina: 9
spirit: 10
sp_healing: 53
 ----------------------------
 --- finger --- 
name: fordring's seal
slot: finger
intelligence: 5
stamina: 4
sp_healing: 37
 ----------------------------
 --- trinket --- 
name: hazza'rah's charm of healing
slot: trinket
 ----------------------------
 --- trinket --- 
name: rejuvenating gem
slot: trinket
sp_healing: 66
mp5: 9
 ----------------------------
 --- Set bonuses ---
name: confessor's 2 hazza'rah's 1 transcendence 3 
slot: Set bonuses
sp: 23
 --- And counts for start items ---
oh_limit: 0.9
time_left_mul: 0.5
total_deficit_to_pop_trinkets: 10000
in combat total: 1225.3
Flash Heal 1, casts: 65, avg: 435.111, 9.79533%, cast time 7.95723% of in combat, overheal: 0.314319
Flash Heal 2, casts: 15, avg: 659.579, 3.4266%, cast time 1.83628% of in combat, overheal: 0.0860693
Flash Heal 3, casts: 15, avg: 695.605, 3.61376%, cast time 1.83628% of in combat, overheal: 0.132571
Flash Heal 4, casts: 17, avg: 826.632, 4.86706%, cast time 2.08112% of in combat, overheal: 0.0685307
Flash Heal 5, casts: 13, avg: 927.05, 4.174%, cast time 1.59145% of in combat, overheal: 0.09654
Flash Heal 6, casts: 9, avg: 928.446, 2.89404%, cast time 1.10177% of in combat, overheal: 0.209027
Flash Heal 7, casts: 126, avg: 1251.05, 54.5947%, cast time 15.4248% of in combat, overheal: 0.0828057
Greater Heal 1 hazz, casts: 8, avg: 848.875, 2.35201%, cast time 0.979352% of in combat, overheal: 0.53985
Greater Heal 2 hazz, casts: 3, avg: 1746.23, 1.81438%, cast time 0.367257% of in combat, overheal: 0.178765
Greater Heal 3 hazz, casts: 3, avg: 1839.17, 1.91095%, cast time 0.367257% of in combat, overheal: 0.249856
Greater Heal 4 hazz, casts: 12, avg: 2540.16, 10.5572%, cast time 1.46903% of in combat, overheal: 0.10342
Total time casting: 429, which is: 35.0118% of time in combat.
Total hps: 235.642, raw hps: 275.398, oh: 0.14436
Deficit time sum: 4.24057e+10, baseline: 6.96642e+10
Deficit*time change / s: 2.22464e+07 hp
Number of combats: 22
Average mana at start of combat: 10215.8
Average mana at end of combat: 9411.43
Other players with hps > 100:
  Camillae : 157.523 hps
  Fanofbread : 109.6 hps
  Hamsword : 125.742 hps
  Inj : 166.899 hps
  Kespada : 174.09 hps
  Koshimo : 168.348 hps
  Phxs : 185.396 hps
  Stnu : 152.113 hps
  Topgunx : 169.804 hps
Reading locked from: no-locks
Setting tag name to: who_bwl_speed_phase4
.
*** NEW BEST (1): 290.984

*** NEW BEST (1): 292.068

*** NEW BEST (1): 296.69

*** NEW BEST (1): 299.114
Temporary bans and partial set bonuses off.
.
*** NEW BEST (0): 298.21
two-hand :   jin'do's hexxer lei of the lifegiver -> benediction    => val: 298.21 -> 298.923

*** NEW BEST (0): 298.923
back : shroud of pure thought -> hide of the wild => val: 298.067 -> 299.529

*** NEW BEST (0): 299.529
legs : leggings of transcendence -> empowered leggings => val: 299.529 -> 299.927

*** NEW BEST (0): 299.927
neck : animated chain necklace -> jin'do's evil eye => val: 299.927 -> 300.557

*** NEW BEST (0): 300.557
finger 2 : primalist's seal -> cauterizing band => val: 300.557 -> 301.614

*** NEW BEST (0): 301.614
***** INTERMEDIATE RESULTS *****
Iteration: 2
 ----------------------------
 --- head --- 
name: crystal adorned crown
slot: head
intelligence: 14
spirit: 13
sp_healing: 92
armor: 85
 ----------------------------
 --- neck --- 
name: jin'do's evil eye
slot: neck
intelligence: 11
stamina: 5
spirit: 6
sp_healing: 44
 ----------------------------
 --- shoulders --- 
name: mantle of the blackwing cabal
slot: shoulders
intelligence: 16
stamina: 12
sp: 34
armor: 84
 ----------------------------
 --- back --- 
name: hide of the wild
slot: back
intelligence: 10
stamina: 8
sp_healing: 42
armor: 48
 ----------------------------
 --- chest --- 
name: truefaith vestments
slot: chest
stamina: 14
sp_healing: 73
mp5: 6
armor: 96
 ----------------------------
 --- wrists --- 
name: zandalar confessor's wraps
slot: wrists
intelligence: 11
stamina: 10
spirit: 12
sp_healing: 24
armor: 41
 ----------------------------
 --- two-hand --- 
name: benediction
slot: two-hand
intelligence: 31
stamina: 10
spirit: 12
sp_healing: 106
spell_crit: 2
shadow_res: 20
 ----------------------------
 ---  --- 
name: 
slot: 
 ----------------------------
 ---  --- 
name: 
slot: 
 ----------------------------
 ---  --- 
name: 
slot: 
 ----------------------------
 --- ranged --- 
name: lunar wand of healing
slot: ranged
sp_healing: 20
 ----------------------------
 --- hands --- 
name: atal'ai hands of healing
slot: hands
sp: 9
sp_healing: 44
armor: 47
 ----------------------------
 --- waist --- 
name: firemaw's clutch
slot: waist
intelligence: 12
stamina: 12
sp: 35
mp5: 5
armor: 64
 ----------------------------
 --- legs --- 
name: empowered leggings
slot: legs
intelligence: 12
stamina: 12
spirit: 24
sp_healing: 77
spell_crit: 1
armor: 103
 ----------------------------
 --- feet --- 
name: boots of pure thought
slot: feet
intelligence: 12
stamina: 8
spirit: 12
sp_healing: 62
armor: 74
 ----------------------------
 --- finger --- 
name: pure elementium band
slot: finger
intelligence: 10
stamina: 9
spirit: 10
sp_healing: 53
 ----------------------------
 --- finger --- 
name: cauterizing band
slot: finger
intelligence: 12
stamina: 9
sp_healing: 46
 ----------------------------
 --- trinket --- 
name: hazza'rah's charm of healing
slot: trinket
 ----------------------------
 --- trinket --- 
name: rejuvenating gem
slot: trinket
sp_healing: 66
mp5: 9
 ----------------------------
 --- Set bonuses ---
name: confessor's 2 hazza'rah's 1 
slot: Set bonuses
sp: 23
------------------
Best value: 301.614
------------------
Char stats: 
Effective hp: 8415.4
Effective mana (100 s, 33 % out of fsr): 15625.9
Raw max mana: 9940.02
Int: 385.48
Stam: 385.48
Spirit: 395.83
Strength: 79.58
Agility: 84.18
All stats multiplier (taken into account above): 1.15
Bonus mana: 2000
Bonus hp: 0
Mp5: 170
Sp: 101
Sp shadow: 0
Sp healing: 909
Spell crit: 21
Spell hit: 0
Arcane res: 27
Nature res: 27
Fire res: 27
Frost res: 27
Shadow res: 47
Armor: 2840.75
Defense: 300
Dodge: 0
Parry: 0
HpsPvp: 995.929
ShadowDps: 240.866
Value pvp healing: 1719.6
Value pvp shadow: 100.583
Effective hp-pvp: 10533.3
Effecctive mana for 100 s, 0.33 fsr: 17269.4
------------------
Best counts:
oh_limit: 0.7
time_left_mul: 2.9
total_deficit_to_pop_trinkets: 8145.06
in combat total: 1225.3
Flash Heal 1, casts: 19, avg: 495.408, 2.54696%, cast time 2.32596% of in combat, overheal: 0.27803
Flash Heal 2, casts: 4, avg: 674.763, 0.730326%, cast time 0.489676% of in combat, overheal: 0.127144
Flash Heal 3, casts: 3, avg: 846.018, 0.686763%, cast time 0.367257% of in combat, overheal: 0.00821675
Flash Heal 4, casts: 7, avg: 938.3, 1.77724%, cast time 0.856933% of in combat, overheal: 0
Flash Heal 7, casts: 14, avg: 1161.07, 4.39838%, cast time 1.71387% of in combat, overheal: 0.178521
Greater Heal 1, casts: 7, avg: 1677.03, 3.17647%, cast time 1.42822% of in combat, overheal: 0.138058
Greater Heal 1 hazz, casts: 8, avg: 1588.53, 3.43867%, cast time 0.979352% of in combat, overheal: 0.183547
Greater Heal 3 hazz, casts: 5, avg: 2233.26, 3.02144%, cast time 0.612095% of in combat, overheal: 0.124474
Greater Heal 4, casts: 45, avg: 2562.62, 31.2034%, cast time 9.18142% of in combat, overheal: 0.125683
Greater Heal 4 hazz, casts: 10, avg: 2434, 6.58606%, cast time 1.22419% of in combat, overheal: 0.169566
Heal 2, casts: 97, avg: 1044.75, 27.4214%, cast time 19.7911% of in combat, overheal: 0.264914
Heal 4, casts: 29, avg: 1913.2, 15.0129%, cast time 5.91692% of in combat, overheal: 0.0846808
Total time casting: 550, which is: 44.887% of time in combat.
Total hps: 301.614, raw hps: 364.536, oh: 0.172607
Deficit time sum: 3.97364e+10, baseline: 6.96642e+10
Deficit*time change / s: 2.44249e+07 hp
Number of combats: 22
Average mana at start of combat: 8533.37
Average mana at end of combat: 7528.88
Other players with hps > 100:
  Camillae : 157.139 hps
  Fanofbread : 100.551 hps
  Hamsword : 123.991 hps
  Inj : 162.061 hps
  Kespada : 172.064 hps
  Koshimo : 164.575 hps
  Phxs : 180.414 hps
  Stnu : 143.165 hps
  Topgunx : 169.916 hps
------------------
Upgrades: 
( following sorted by alt scores, no specials )
zulian headdress(3.05923) -> crystal adorned crown(5.01498) : 1.95575 = +0.65266%
boots of transcendence(2.02023) -> boots of pure thought(3.40689) : 1.38666 = +0.461869%
handguards of transcendence(1.91953) -> atal'ai hands of healing(2.81506) : 0.895538 = +0.297799%
bindings of transcendence(1.88904) -> zandalar confessor's wraps(2.60501) : 0.715973 = +0.237945%
dragon's touch(0.380676) -> lunar wand of healing(1.06229) : 0.68161 = +0.226499%
zandalar confessor's mantle(1.35727) -> mantle of the blackwing cabal(1.88852) : 0.53125 = +0.176446%
fordring's seal(1.99106) -> cauterizing band(2.50522) : 0.51416 = +0.170761%
whipvine cord(1.74496) -> firemaw's clutch(1.96857) : 0.223602 = +0.0741902%
jin'do's evil eye(2.41977) -> jin'do's evil eye(2.41977) : 0 = +0%
hide of the wild(2.28244) -> hide of the wild(2.28244) : 0 = +0%
truefaith vestments(3.93442) -> truefaith vestments(3.93442) : 0 = +0%
benediction, , , (6.28159) -> benediction, , , (6.28159) : 0 = +0%
empowered leggings(4.47522) -> empowered leggings(4.47522) : 0 = +0%
pure elementium band(2.90991) -> pure elementium band(2.90991) : 0 = +0%
hazza'rah's charm of healing(17.3761) -> hazza'rah's charm of healing(17.3761) : 0 = +0%
rejuvenating gem(3.59119) -> rejuvenating gem(3.59119) : 0 = +0%
------------------
~~~~ end of intermediate results ~~~~
Temporary bans and partial set bonuses on.
.
*** NEW BEST (1): 302.98
.Temporary bans and partial set bonuses off.
.finger 2 : primalist's seal -> cauterizing band => val: 300.557 -> 301.614
***** INTERMEDIATE RESULTS *****
Iteration: 5
 ----------------------------
 --- head --- 
name: crystal adorned crown
slot: head
intelligence: 14
spirit: 13
sp_healing: 92
armor: 85
 ----------------------------
 --- neck --- 
name: jin'do's evil eye
slot: neck
intelligence: 11
stamina: 5
spirit: 6
sp_healing: 44
 ----------------------------
 --- shoulders --- 
name: mantle of the blackwing cabal
slot: shoulders
intelligence: 16
stamina: 12
sp: 34
armor: 84
 ----------------------------
 --- back --- 
name: hide of the wild
slot: back
intelligence: 10
stamina: 8
sp_healing: 42
armor: 48
 ----------------------------
 --- chest --- 
name: truefaith vestments
slot: chest
stamina: 14
sp_healing: 73
mp5: 6
armor: 96
 ----------------------------
 --- wrists --- 
name: zandalar confessor's wraps
slot: wrists
intelligence: 11
stamina: 10
spirit: 12
sp_healing: 24
armor: 41
 ----------------------------
 --- two-hand --- 
name: benediction
slot: two-hand
intelligence: 31
stamina: 10
spirit: 12
sp_healing: 106
spell_crit: 2
shadow_res: 20
 ----------------------------
 ---  --- 
name: 
slot: 
 ----------------------------
 ---  --- 
name: 
slot: 
 ----------------------------
 ---  --- 
name: 
slot: 
 ----------------------------
 --- ranged --- 
name: lunar wand of healing
slot: ranged
sp_healing: 20
 ----------------------------
 --- hands --- 
name: atal'ai hands of healing
slot: hands
sp: 9
sp_healing: 44
armor: 47
 ----------------------------
 --- waist --- 
name: whipvine cord
slot: waist
intelligence: 8
sp_healing: 31
mp5: 6
armor: 47
 ----------------------------
 --- legs --- 
name: empowered leggings
slot: legs
intelligence: 12
stamina: 12
spirit: 24
sp_healing: 77
spell_crit: 1
armor: 103
 ----------------------------
 --- feet --- 
name: boots of pure thought
slot: feet
intelligence: 12
stamina: 8
spirit: 12
sp_healing: 62
armor: 74
 ----------------------------
 --- finger --- 
name: pure elementium band
slot: finger
intelligence: 10
stamina: 9
spirit: 10
sp_healing: 53
 ----------------------------
 --- finger --- 
name: cauterizing band
slot: finger
intelligence: 12
stamina: 9
sp_healing: 46
 ----------------------------
 --- trinket --- 
name: hazza'rah's charm of healing
slot: trinket
 ----------------------------
 --- trinket --- 
name: rejuvenating gem
slot: trinket
sp_healing: 66
mp5: 9
 ----------------------------
 --- Set bonuses ---
name: confessor's 2 hazza'rah's 1 
slot: Set bonuses
sp: 23
------------------
Best value: 301.614
------------------
Char stats: 
Effective hp: 8276.6
Effective mana (100 s, 33 % out of fsr): 15570
Raw max mana: 9864.12
Int: 380.88
Stam: 371.68
Spirit: 395.83
Strength: 79.58
Agility: 84.18
All stats multiplier (taken into account above): 1.15
Bonus mana: 2000
Bonus hp: 0
Mp5: 171
Sp: 66
Sp shadow: 0
Sp healing: 940
Spell crit: 21
Spell hit: 0
Arcane res: 27
Nature res: 27
Fire res: 27
Frost res: 27
Shadow res: 47
Armor: 2823.75
Defense: 300
Dodge: 0
Parry: 0
HpsPvp: 995.929
ShadowDps: 240.866
Value pvp healing: 1719.6
Value pvp shadow: 100.583
Effective hp-pvp: 10352.6
Effecctive mana for 100 s, 0.33 fsr: 17213.5
------------------
Best counts:
oh_limit: 0.7
time_left_mul: 2.9
total_deficit_to_pop_trinkets: 8145.06
in combat total: 1225.3
Flash Heal 1, casts: 19, avg: 495.008, 2.54797%, cast time 2.32596% of in combat, overheal: 0.276608
Flash Heal 2, casts: 4, avg: 674.284, 0.730687%, cast time 0.489676% of in combat, overheal: 0.125598
Flash Heal 3, casts: 3, avg: 844.736, 0.686547%, cast time 0.367257% of in combat, overheal: 0.00748177
Flash Heal 4, casts: 7, avg: 936.365, 1.77571%, cast time 0.856933% of in combat, overheal: 0
Flash Heal 7, casts: 14, avg: 1159.64, 4.39825%, cast time 1.71387% of in combat, overheal: 0.178372
Greater Heal 1, casts: 7, avg: 1674.28, 3.17507%, cast time 1.42822% of in combat, overheal: 0.137765
Greater Heal 1 hazz, casts: 8, avg: 1586.12, 3.43758%, cast time 0.979352% of in combat, overheal: 0.183166
Greater Heal 3 hazz, casts: 5, avg: 2230.89, 3.02188%, cast time 0.612095% of in combat, overheal: 0.124048
Greater Heal 4, casts: 45, avg: 2560.32, 31.2129%, cast time 9.18142% of in combat, overheal: 0.125279
Greater Heal 4 hazz, casts: 10, avg: 2431.6, 6.58751%, cast time 1.22419% of in combat, overheal: 0.169253
Heal 2, casts: 97, avg: 1043.45, 27.4203%, cast time 19.7911% of in combat, overheal: 0.263852
Heal 4, casts: 29, avg: 1909.97, 15.0056%, cast time 5.91692% of in combat, overheal: 0.084517
Total time casting: 550, which is: 44.887% of time in combat.
Total hps: 301.252, raw hps: 363.825, oh: 0.171988
Deficit time sum: 3.97432e+10, baseline: 6.96642e+10
Deficit*time change / s: 2.44193e+07 hp
Number of combats: 22
Average mana at start of combat: 8483.34
Average mana at end of combat: 7484.08
Other players with hps > 100:
  Camillae : 157.168 hps
  Fanofbread : 100.573 hps
  Hamsword : 124.021 hps
  Inj : 162.104 hps
  Kespada : 172.079 hps
  Koshimo : 164.612 hps
  Phxs : 180.435 hps
  Stnu : 143.197 hps
  Topgunx : 169.951 hps
------------------
Upgrades: 
( following sorted by alt scores, no specials )
zulian headdress(3.05923) -> crystal adorned crown(5.01498) : 1.95575 = +0.65345%
boots of transcendence(2.02023) -> boots of pure thought(3.40689) : 1.38666 = +0.462427%
handguards of transcendence(1.91953) -> atal'ai hands of healing(2.81506) : 0.895538 = +0.298159%
bindings of transcendence(1.88904) -> zandalar confessor's wraps(2.60501) : 0.715973 = +0.238232%
dragon's touch(0.380676) -> lunar wand of healing(1.06229) : 0.68161 = +0.226773%
zandalar confessor's mantle(1.35727) -> mantle of the blackwing cabal(1.88852) : 0.53125 = +0.176659%
fordring's seal(1.99106) -> cauterizing band(2.50522) : 0.51416 = +0.170966%
jin'do's evil eye(2.41977) -> jin'do's evil eye(2.41977) : 0 = +0%
hide of the wild(2.28244) -> hide of the wild(2.28244) : 0 = +0%
truefaith vestments(3.93442) -> truefaith vestments(3.93442) : 0 = +0%
benediction, , , (6.28159) -> benediction, , , (6.28159) : 0 = +0%
whipvine cord(1.74496) -> whipvine cord(1.74496) : 0 = +0%
empowered leggings(4.47522) -> empowered leggings(4.47522) : 0 = +0%
pure elementium band(2.90991) -> pure elementium band(2.90991) : 0 = +0%
hazza'rah's charm of healing(17.3761) -> hazza'rah's charm of healing(17.3761) : 0 = +0%
rejuvenating gem(3.59119) -> rejuvenating gem(3.59119) : 0 = +0%
------------------
~~~~ end of intermediate results ~~~~
Temporary bans and partial set bonuses on.
.
*** NEW BEST (1): 303.733

*** NEW BEST (1): 304.044
Temporary bans and partial set bonuses off.
.
*** NEW BEST (0): 301.837
Based on last: 3000 entries, out of total: 5240 entries, (4002 dropped), The least-squares solution is:
Int: 3.64709
Spirit: 15.8824
Sp / Healing: 100
Mp5: 28.8999
Crit: 546.773
T1 3p/piece: 289.894
T2 3p/piece: 0
Hazza'rah's: 31320.9
Darkmoon: 1938.64
100 points == 1 sp == 0.0538998 hps.
finger 2 : primalist's seal -> cauterizing band => val: 298.279 -> 299.983
***** INTERMEDIATE RESULTS *****
Iteration: 7
 ----------------------------
 --- head --- 
name: crystal adorned crown
slot: head
intelligence: 14
spirit: 13
sp_healing: 92
armor: 85
 ----------------------------
 --- neck --- 
name: jin'do's evil eye
slot: neck
intelligence: 11
stamina: 5
spirit: 6
sp_healing: 44
 ----------------------------
 --- shoulders --- 
name: mantle of the blackwing cabal
slot: shoulders
intelligence: 16
stamina: 12
sp: 34
armor: 84
 ----------------------------
 --- back --- 
name: hide of the wild
slot: back
intelligence: 10
stamina: 8
sp_healing: 42
armor: 48
 ----------------------------
 --- chest --- 
name: robes of the exalted
slot: chest
intelligence: 5
spirit: 11
sp_healing: 68
armor: 89
 ----------------------------
 --- wrists --- 
name: zandalar confessor's wraps
slot: wrists
intelligence: 11
stamina: 10
spirit: 12
sp_healing: 24
armor: 41
 ----------------------------
 ---  --- 
name: 
slot: 
 ----------------------------
 --- main hand --- 
name: jin'do's hexxer
slot: main hand
intelligence: 9
stamina: 6
sp_healing: 51
spell_crit: 1
 ----------------------------
 ---  --- 
name: 
slot: 
 ----------------------------
 --- off hand --- 
name: lei of the lifegiver
slot: off hand
sp_healing: 53
mp5: 3
 ----------------------------
 --- ranged --- 
name: lunar wand of healing
slot: ranged
sp_healing: 20
 ----------------------------
 --- hands --- 
name: atal'ai hands of healing
slot: hands
sp: 9
sp_healing: 44
armor: 47
 ----------------------------
 --- waist --- 
name: firemaw's clutch
slot: waist
intelligence: 12
stamina: 12
sp: 35
mp5: 5
armor: 64
 ----------------------------
 --- legs --- 
name: empowered leggings
slot: legs
intelligence: 12
stamina: 12
spirit: 24
sp_healing: 77
spell_crit: 1
armor: 103
 ----------------------------
 --- feet --- 
name: boots of pure thought
slot: feet
intelligence: 12
stamina: 8
spirit: 12
sp_healing: 62
armor: 74
 ----------------------------
 --- finger --- 
name: pure elementium band
slot: finger
intelligence: 10
stamina: 9
spirit: 10
sp_healing: 53
 ----------------------------
 --- finger --- 
name: primalist's seal
slot: finger
intelligence: 12
spirit: 8
sp_healing: 29
 ----------------------------
 --- trinket --- 
name: hazza'rah's charm of healing
slot: trinket
 ----------------------------
 --- trinket --- 
name: rejuvenating gem
slot: trinket
sp_healing: 66
mp5: 9
 ----------------------------
 --- Set bonuses ---
name: confessor's 2 hazza'rah's 1 
slot: Set bonuses
sp: 23
------------------
Best value: 301.837
------------------
Char stats: 
Effective hp: 8100.1
Effective mana (100 s, 33 % out of fsr): 15284.5
Raw max mana: 9617.45
Int: 365.93
Stam: 354.43
Spirit: 403.88
Strength: 79.58
Agility: 84.18
All stats multiplier (taken into account above): 1.15
Bonus mana: 2000
Bonus hp: 0
Mp5: 167
Sp: 101
Sp shadow: 0
Sp healing: 885
Spell crit: 20
Spell hit: 0
Arcane res: 27
Nature res: 27
Fire res: 27
Frost res: 27
Shadow res: 27
Armor: 2833.75
Defense: 300
Dodge: 0
Parry: 0
HpsPvp: 993.657
ShadowDps: 239.74
Value pvp healing: 1620.87
Value pvp shadow: 94.3532
Effective hp-pvp: 10056.4
Effecctive mana for 100 s, 0.33 fsr: 16957.7
------------------
Best counts:
oh_limit: 0.7
time_left_mul: 2.9
total_deficit_to_pop_trinkets: 8145.06
in combat total: 1225.3
Flash Heal 1, casts: 20, avg: 506.264, 2.74125%, cast time 2.44838% of in combat, overheal: 0.248483
Flash Heal 2, casts: 2, avg: 674.153, 0.365032%, cast time 0.244838% of in combat, overheal: 0.113314
Flash Heal 3, casts: 4, avg: 838.066, 0.907571%, cast time 0.489676% of in combat, overheal: 0.002407
Flash Heal 4, casts: 8, avg: 925.154, 2.00376%, cast time 0.979352% of in combat, overheal: 0
Flash Heal 6, casts: 1, avg: 1209.94, 0.327571%, cast time 0.122419% of in combat, overheal: 0
Flash Heal 7, casts: 11, avg: 1281.61, 3.81673%, cast time 1.34661% of in combat, overheal: 0.0839666
Greater Heal 1, casts: 7, avg: 1658.2, 3.14251%, cast time 1.42822% of in combat, overheal: 0.13603
Greater Heal 1 hazz, casts: 8, avg: 1572.05, 3.40485%, cast time 0.979352% of in combat, overheal: 0.180917
Greater Heal 3 hazz, casts: 4, avg: 2139.96, 2.31743%, cast time 0.489676% of in combat, overheal: 0.151791
Greater Heal 4, casts: 44, avg: 2556.49, 30.4537%, cast time 8.97739% of in combat, overheal: 0.119125
Greater Heal 4 hazz, casts: 11, avg: 2460.87, 7.32864%, cast time 1.34661% of in combat, overheal: 0.152074
Heal 2, casts: 99, avg: 1036.67, 27.7855%, cast time 20.1991% of in combat, overheal: 0.257436
Heal 4, casts: 30, avg: 1896.75, 15.4055%, cast time 6.12095% of in combat, overheal: 0.0807561
Total time casting: 553.5, which is: 45.1726% of time in combat.
Total hps: 301.45, raw hps: 359.888, oh: 0.162378
Deficit time sum: 3.97546e+10, baseline: 6.96642e+10
Deficit*time change / s: 2.44101e+07 hp
Number of combats: 22
Average mana at start of combat: 8198.47
Average mana at end of combat: 7184.14
Other players with hps > 100:
  Camillae : 157.927 hps
  Fanofbread : 100.335 hps
  Hamsword : 124.123 hps
  Inj : 162.232 hps
  Kespada : 171.653 hps
  Koshimo : 163.227 hps
  Phxs : 180.542 hps
  Stnu : 143.393 hps
  Topgunx : 170.144 hps
------------------
Upgrades: 
( following sorted by alt scores, no specials )
zulian headdress(3.11383) -> crystal adorned crown(5.0976) : 1.98376 = +0.662434%
boots of transcendence(2.06543) -> boots of pure thought(3.46811) : 1.40268 = +0.467486%
handguards of transcendence(2.00842) -> atal'ai hands of healing(2.85669) : 0.848267 = +0.28219%
dragon's touch(0.346985) -> lunar wand of healing(1.078) : 0.731018 = +0.24309%
bindings of transcendence(1.94122) -> zandalar confessor's wraps(2.65765) : 0.716431 = +0.238228%
zandalar confessor's mantle(1.36139) -> mantle of the blackwing cabal(1.86404) : 0.502655 = +0.167024%
whipvine cord(1.78009) -> firemaw's clutch(1.98798) : 0.207886 = +0.0690095%
hazza'rah's charm of healing(18.1216) -> hazza'rah's charm of healing(18.1216) : 3.05176e-05 = +1.01236e-05%
jin'do's evil eye(2.44458) -> jin'do's evil eye(2.44458) : 0 = +0%
hide of the wild(2.28345) -> hide of the wild(2.28345) : 0 = +0%
empowered leggings(4.67404) -> empowered leggings(4.67404) : 0 = +0%
pure elementium band(2.96194) -> pure elementium band(2.96194) : 0 = +0%
rejuvenating gem(3.69757) -> rejuvenating gem(3.69757) : 0 = +0%
truefaith vestments(4.02814) -> robes of the exalted(3.7692) : -0.258942 = +-0.085825%
fordring's seal(2.00412) -> primalist's seal(1.65518) : -0.348938 = +-0.115619%
benediction, , , (6.46646) -> , jin'do's hexxer, , lei of the lifegiver(5.96472) : -0.50174 = +-0.166165%
------------------
~~~~ end of intermediate results ~~~~
Temporary bans and partial set bonuses on.
...Temporary bans and partial set bonuses off.
.finger 2 : primalist's seal -> cauterizing band => val: 296.672 -> 297.742
neck : animated chain necklace -> jin'do's evil eye => val: 297.742 -> 298.665
shoulders : pauldrons of transcendence -> mantle of the blackwing cabal => val: 298.665 -> 299.124
No swappies for item bonuses found. (best matching was empty)
***** INTERMEDIATE RESULTS *****
Iteration: 11
 ----------------------------
 --- head --- 
name: crystal adorned crown
slot: head
intelligence: 14
spirit: 13
sp_healing: 92
armor: 85
 ----------------------------
 --- neck --- 
name: jin'do's evil eye
slot: neck
intelligence: 11
stamina: 5
spirit: 6
sp_healing: 44
 ----------------------------
 --- shoulders --- 
name: mantle of the blackwing cabal
slot: shoulders
intelligence: 16
stamina: 12
sp: 34
armor: 84
 ----------------------------
 --- back --- 
name: hide of the wild
slot: back
intelligence: 10
stamina: 8
sp_healing: 42
armor: 48
 ----------------------------
 --- chest --- 
name: robes of the exalted
slot: chest
intelligence: 5
spirit: 11
sp_healing: 68
armor: 89
 ----------------------------
 --- wrists --- 
name: zandalar confessor's wraps
slot: wrists
intelligence: 11
stamina: 10
spirit: 12
sp_healing: 24
armor: 41
 ----------------------------
 ---  --- 
name: 
slot: 
 ----------------------------
 --- main hand --- 
name: jin'do's hexxer
slot: main hand
intelligence: 9
stamina: 6
sp_healing: 51
spell_crit: 1
 ----------------------------
 ---  --- 
name: 
slot: 
 ----------------------------
 --- off hand --- 
name: lei of the lifegiver
slot: off hand
sp_healing: 53
mp5: 3
 ----------------------------
 --- ranged --- 
name: lunar wand of healing
slot: ranged
sp_healing: 20
 ----------------------------
 --- hands --- 
name: atal'ai hands of healing
slot: hands
sp: 9
sp_healing: 44
armor: 47
 ----------------------------
 --- waist --- 
name: firemaw's clutch
slot: waist
intelligence: 12
stamina: 12
sp: 35
mp5: 5
armor: 64
 ----------------------------
 --- legs --- 
name: empowered leggings
slot: legs
intelligence: 12
stamina: 12
spirit: 24
sp_healing: 77
spell_crit: 1
armor: 103
 ----------------------------
 --- feet --- 
name: boots of pure thought
slot: feet
intelligence: 12
stamina: 8
spirit: 12
sp_healing: 62
armor: 74
 ----------------------------
 --- finger --- 
name: pure elementium band
slot: finger
intelligence: 10
stamina: 9
spirit: 10
sp_healing: 53
 ----------------------------
 --- finger --- 
name: primalist's seal
slot: finger
intelligence: 12
spirit: 8
sp_healing: 29
 ----------------------------
 --- trinket --- 
name: hazza'rah's charm of healing
slot: trinket
 ----------------------------
 --- trinket --- 
name: rejuvenating gem
slot: trinket
sp_healing: 66
mp5: 9
 ----------------------------
 --- Set bonuses ---
name: confessor's 2 hazza'rah's 1 
slot: Set bonuses
sp: 23
------------------
Best value: 301.837
------------------
Char stats: 
Effective hp: 8100.1
Effective mana (100 s, 33 % out of fsr): 15284.5
Raw max mana: 9617.45
Int: 365.93
Stam: 354.43
Spirit: 403.88
Strength: 79.58
Agility: 84.18
All stats multiplier (taken into account above): 1.15
Bonus mana: 2000
Bonus hp: 0
Mp5: 167
Sp: 101
Sp shadow: 0
Sp healing: 885
Spell crit: 20
Spell hit: 0
Arcane res: 27
Nature res: 27
Fire res: 27
Frost res: 27
Shadow res: 27
Armor: 2833.75
Defense: 300
Dodge: 0
Parry: 0
HpsPvp: 995.929
ShadowDps: 240.866
Value pvp healing: 1719.6
Value pvp shadow: 100.583
Effective hp-pvp: 10056.4
Effecctive mana for 100 s, 0.33 fsr: 16957.7
------------------
Best counts:
oh_limit: 0.7
time_left_mul: 2.9
total_deficit_to_pop_trinkets: 8145.06
in combat total: 1225.3
Flash Heal 1, casts: 20, avg: 506.264, 2.74125%, cast time 2.44838% of in combat, overheal: 0.248483
Flash Heal 2, casts: 2, avg: 674.153, 0.365032%, cast time 0.244838% of in combat, overheal: 0.113314
Flash Heal 3, casts: 4, avg: 838.066, 0.907571%, cast time 0.489676% of in combat, overheal: 0.002407
Flash Heal 4, casts: 8, avg: 925.154, 2.00376%, cast time 0.979352% of in combat, overheal: 0
Flash Heal 6, casts: 1, avg: 1209.94, 0.327571%, cast time 0.122419% of in combat, overheal: 0
Flash Heal 7, casts: 11, avg: 1281.61, 3.81673%, cast time 1.34661% of in combat, overheal: 0.0839666
Greater Heal 1, casts: 7, avg: 1658.2, 3.14251%, cast time 1.42822% of in combat, overheal: 0.13603
Greater Heal 1 hazz, casts: 8, avg: 1572.05, 3.40485%, cast time 0.979352% of in combat, overheal: 0.180917
Greater Heal 3 hazz, casts: 4, avg: 2139.96, 2.31743%, cast time 0.489676% of in combat, overheal: 0.151791
Greater Heal 4, casts: 44, avg: 2556.49, 30.4537%, cast time 8.97739% of in combat, overheal: 0.119125
Greater Heal 4 hazz, casts: 11, avg: 2460.87, 7.32864%, cast time 1.34661% of in combat, overheal: 0.152074
Heal 2, casts: 99, avg: 1036.67, 27.7855%, cast time 20.1991% of in combat, overheal: 0.257436
Heal 4, casts: 30, avg: 1896.75, 15.4055%, cast time 6.12095% of in combat, overheal: 0.0807561
Total time casting: 553.5, which is: 45.1726% of time in combat.
Total hps: 301.45, raw hps: 359.888, oh: 0.162378
Deficit time sum: 3.97546e+10, baseline: 6.96642e+10
Deficit*time change / s: 2.44101e+07 hp
Number of combats: 22
Average mana at start of combat: 8198.47
Average mana at end of combat: 7184.14
Other players with hps > 100:
  Camillae : 157.927 hps
  Fanofbread : 100.335 hps
  Hamsword : 124.123 hps
  Inj : 162.232 hps
  Kespada : 171.653 hps
  Koshimo : 163.227 hps
  Phxs : 180.542 hps
  Stnu : 143.393 hps
  Topgunx : 170.144 hps
------------------
Upgrades: 
( following sorted by alt scores, no specials )
zulian headdress(3.11383) -> crystal adorned crown(5.0976) : 1.98376 = +0.662434%
boots of transcendence(2.06543) -> boots of pure thought(3.46811) : 1.40268 = +0.467486%
handguards of transcendence(2.00842) -> atal'ai hands of healing(2.85669) : 0.848267 = +0.28219%
dragon's touch(0.346985) -> lunar wand of healing(1.078) : 0.731018 = +0.24309%
bindings of transcendence(1.94122) -> zandalar confessor's wraps(2.65765) : 0.716431 = +0.238228%
zandalar confessor's mantle(1.36139) -> mantle of the blackwing cabal(1.86404) : 0.502655 = +0.167024%
whipvine cord(1.78009) -> firemaw's clutch(1.98798) : 0.207886 = +0.0690095%
hazza'rah's charm of healing(18.1216) -> hazza'rah's charm of healing(18.1216) : 3.05176e-05 = +1.01236e-05%
jin'do's evil eye(2.44458) -> jin'do's evil eye(2.44458) : 0 = +0%
hide of the wild(2.28345) -> hide of the wild(2.28345) : 0 = +0%
empowered leggings(4.67404) -> empowered leggings(4.67404) : 0 = +0%
pure elementium band(2.96194) -> pure elementium band(2.96194) : 0 = +0%
rejuvenating gem(3.69757) -> rejuvenating gem(3.69757) : 0 = +0%
truefaith vestments(4.02814) -> robes of the exalted(3.7692) : -0.258942 = +-0.085825%
fordring's seal(2.00412) -> primalist's seal(1.65518) : -0.348938 = +-0.115619%
benediction, , , (6.46646) -> , jin'do's hexxer, , lei of the lifegiver(5.96472) : -0.50174 = +-0.166165%
------------------
~~~~ end of intermediate results ~~~~
Same items for intermediate results again, ending optimization. 
 ----------------------------
 --- head --- 
name: crystal adorned crown
slot: head
intelligence: 14
spirit: 13
sp_healing: 92
armor: 85
 ----------------------------
 --- neck --- 
name: jin'do's evil eye
slot: neck
intelligence: 11
stamina: 5
spirit: 6
sp_healing: 44
 ----------------------------
 --- shoulders --- 
name: mantle of the blackwing cabal
slot: shoulders
intelligence: 16
stamina: 12
sp: 34
armor: 84
 ----------------------------
 --- back --- 
name: hide of the wild
slot: back
intelligence: 10
stamina: 8
sp_healing: 42
armor: 48
 ----------------------------
 --- chest --- 
name: robes of the exalted
slot: chest
intelligence: 5
spirit: 11
sp_healing: 68
armor: 89
 ----------------------------
 --- wrists --- 
name: zandalar confessor's wraps
slot: wrists
intelligence: 11
stamina: 10
spirit: 12
sp_healing: 24
armor: 41
 ----------------------------
 ---  --- 
name: 
slot: 
 ----------------------------
 --- main hand --- 
name: jin'do's hexxer
slot: main hand
intelligence: 9
stamina: 6
sp_healing: 51
spell_crit: 1
 ----------------------------
 ---  --- 
name: 
slot: 
 ----------------------------
 --- off hand --- 
name: lei of the lifegiver
slot: off hand
sp_healing: 53
mp5: 3
 ----------------------------
 --- ranged --- 
name: lunar wand of healing
slot: ranged
sp_healing: 20
 ----------------------------
 --- hands --- 
name: atal'ai hands of healing
slot: hands
sp: 9
sp_healing: 44
armor: 47
 ----------------------------
 --- waist --- 
name: firemaw's clutch
slot: waist
intelligence: 12
stamina: 12
sp: 35
mp5: 5
armor: 64
 ----------------------------
 --- legs --- 
name: empowered leggings
slot: legs
intelligence: 12
stamina: 12
spirit: 24
sp_healing: 77
spell_crit: 1
armor: 103
 ----------------------------
 --- feet --- 
name: boots of pure thought
slot: feet
intelligence: 12
stamina: 8
spirit: 12
sp_healing: 62
armor: 74
 ----------------------------
 --- finger --- 
name: pure elementium band
slot: finger
intelligence: 10
stamina: 9
spirit: 10
sp_healing: 53
 ----------------------------
 --- finger --- 
name: primalist's seal
slot: finger
intelligence: 12
spirit: 8
sp_healing: 29
 ----------------------------
 --- trinket --- 
name: hazza'rah's charm of healing
slot: trinket
 ----------------------------
 --- trinket --- 
name: rejuvenating gem
slot: trinket
sp_healing: 66
mp5: 9
 ----------------------------
 --- Set bonuses ---
name: confessor's 2 hazza'rah's 1 
slot: Set bonuses
sp: 23
------------------
Char stats: 
Effective hp: 8100.1
Effective mana (100 s, 33 % out of fsr): 15284.5
Raw max mana: 9617.45
Int: 365.93
Stam: 354.43
Spirit: 403.88
Strength: 79.58
Agility: 84.18
All stats multiplier (taken into account above): 1.15
Bonus mana: 2000
Bonus hp: 0
Mp5: 167
Sp: 101
Sp shadow: 0
Sp healing: 885
Spell crit: 20
Spell hit: 0
Arcane res: 27
Nature res: 27
Fire res: 27
Frost res: 27
Shadow res: 27
Armor: 2833.75
Defense: 300
Dodge: 0
Parry: 0
HpsPvp: 986.64
ShadowDps: 239.74
Value pvp healing: 1504.72
Value pvp shadow: 88.8423
Effective hp-pvp: 10056.4
Effecctive mana for 100 s, 0.33 fsr: 16957.7
------------------
Best counts:
oh_limit: 0.7
time_left_mul: 2.9
total_deficit_to_pop_trinkets: 8145.06
in combat total: 1225.3
Flash Heal 1, casts: 20, avg: 506.264, 2.74125%, cast time 2.44838% of in combat, overheal: 0.248483
Flash Heal 2, casts: 2, avg: 674.153, 0.365032%, cast time 0.244838% of in combat, overheal: 0.113314
Flash Heal 3, casts: 4, avg: 838.066, 0.907571%, cast time 0.489676% of in combat, overheal: 0.002407
Flash Heal 4, casts: 8, avg: 925.154, 2.00376%, cast time 0.979352% of in combat, overheal: 0
Flash Heal 6, casts: 1, avg: 1209.94, 0.327571%, cast time 0.122419% of in combat, overheal: 0
Flash Heal 7, casts: 11, avg: 1281.61, 3.81673%, cast time 1.34661% of in combat, overheal: 0.0839666
Greater Heal 1, casts: 7, avg: 1658.2, 3.14251%, cast time 1.42822% of in combat, overheal: 0.13603
Greater Heal 1 hazz, casts: 8, avg: 1572.05, 3.40485%, cast time 0.979352% of in combat, overheal: 0.180917
Greater Heal 3 hazz, casts: 4, avg: 2139.96, 2.31743%, cast time 0.489676% of in combat, overheal: 0.151791
Greater Heal 4, casts: 44, avg: 2556.49, 30.4537%, cast time 8.97739% of in combat, overheal: 0.119125
Greater Heal 4 hazz, casts: 11, avg: 2460.87, 7.32864%, cast time 1.34661% of in combat, overheal: 0.152074
Heal 2, casts: 99, avg: 1036.67, 27.7855%, cast time 20.1991% of in combat, overheal: 0.257436
Heal 4, casts: 30, avg: 1896.75, 15.4055%, cast time 6.12095% of in combat, overheal: 0.0807561
Total time casting: 553.5, which is: 45.1726% of time in combat.
Total hps: 301.45, raw hps: 359.888, oh: 0.162378
Deficit time sum: 3.97546e+10, baseline: 6.96642e+10
Deficit*time change / s: 2.44101e+07 hp
Number of combats: 22
Average mana at start of combat: 8198.47
Average mana at end of combat: 7184.14
Other players with hps > 100:
  Camillae : 157.927 hps
  Fanofbread : 100.335 hps
  Hamsword : 124.123 hps
  Inj : 162.232 hps
  Kespada : 171.653 hps
  Koshimo : 163.227 hps
  Phxs : 180.542 hps
  Stnu : 143.393 hps
  Topgunx : 170.144 hps
------------------
Based on last: 3000 entries, out of total: 5384 entries, (5057 dropped), The least-squares solution is:
Int: 3.03817
Spirit: 16.4218
Sp / Healing: 100
Mp5: 30.4034
Crit: 548.885
T1 3p/piece: 504.71
T2 3p/piece: 0
Hazza'rah's: 31981.7
Darkmoon: 1934.39
100 points == 1 sp == 0.0540183 hps.
Appended tag:
( Pawn: v1: "who_bwl_speed_phase4": Intellect=3.03817, Spirit=16.4218, Healing=100, Mp5=30.4034, SpellCritRating=548.885, IsFist=X, Is2HMace=X, IsCrossbow=X, IsGun=X, IsShield=X, IsPolearm=X, Is2HAxe=X, IsBow=X, IsMail=X, IsPlate=X, IsLeather=X, IsAxe=X, Is2HAxe=X, IsSword=X, Is2HSword=X)
To file: who_bwl_speed_phase4.pawn_tag.txt
------------------
Diffs to start: 
Upgrades: 
( following sorted by alt scores, no specials )
zulian headdress(3.11981) -> crystal adorned crown(5.10797) : 1.98816 = +0.663911%
boots of transcendence(2.06934) -> boots of pure thought(3.47528) : 1.40594 = +0.46858%
handguards of transcendence(2.01117) -> atal'ai hands of healing(2.86298) : 0.851807 = +0.283371%
dragon's touch(0.343811) -> lunar wand of healing(1.08035) : 0.736542 = +0.244931%
bindings of transcendence(1.94586) -> zandalar confessor's wraps(2.66336) : 0.717499 = +0.238584%
zandalar confessor's mantle(1.36084) -> mantle of the blackwing cabal(1.86288) : 0.502045 = +0.166821%
whipvine cord(1.78622) -> firemaw's clutch(1.99246) : 0.206238 = +0.0684621%
jin'do's evil eye(2.44809) -> jin'do's evil eye(2.44809) : 0 = +0%
hide of the wild(2.28519) -> hide of the wild(2.28519) : 0 = +0%
empowered leggings(4.68851) -> empowered leggings(4.68851) : 0 = +0%
pure elementium band(2.96808) -> pure elementium band(2.96808) : 0 = +0%
hazza'rah's charm of healing(18.5184) -> hazza'rah's charm of healing(18.5184) : 0 = +0%
rejuvenating gem(3.71301) -> rejuvenating gem(3.71301) : 0 = +0%
truefaith vestments(4.04187) -> robes of the exalted(3.77902) : -0.262848 = +-0.0871186%
fordring's seal(2.00687) -> primalist's seal(1.6572) : -0.34967 = +-0.115862%
benediction, , , (6.47626) -> , jin'do's hexxer, , lei of the lifegiver(5.97842) : -0.497833 = +-0.164874%
- - - - - - - - - - - - - - - - - - - - - - - - - - - - - - - - - - - - - - - - - 
| Upgrades at best in slot level, from start item to candidate, partial bonuses: 1: |
  alt scores are from least squares fit, special score from e.g. set bonuses as s are part of em
. . . . . . . . . . . . . . . . . . . . . . . . . . . . . . . . . . . . . . . . . 
- . - ' - . - ' - . - ' - . - ' - . - ' - . -
head, zulian headdress (1.74908), alt: 3.11981 -> :
    crystal adorned crown (4.10635) : +0.784006 %, alt : +5.10798, from: azuregos
    eternal crown of healing (1.68378) : -0.0217207 %, alt : +3.45717, from: random green
- . - ' - . - ' - . - ' - . - ' - . - ' - . -
neck, jin'do's evil eye (2.94946), alt: 2.44809 -> :
    the all-seeing eye of zuldazar (-0.238922) : -1.05218 %, alt : +1.10078, from: zg
- . - ' - . - ' - . - ' - . - ' - . - ' - . -
shoulders, zandalar confessor's mantle (-0.00750732), alt: 1.36084 -> :
    mantle of the blackwing cabal (2.20505) : +0.735521 %, alt : +1.86288, from: bwl
    pauldrons of transcendence (-4.29581) : -1.42556 %, alt : +1.56082, from: bwl
    zandalar confessor's mantle (-0.00750732) : +0 %, alt : +1.36085, from: zg
    burial shawl (1.31955) : +0.441155 %, alt : +1.10662, from: pre-raid
- . - ' - . - ' - . - ' - . - ' - . - ' - . -
back, hide of the wild (2.44327), alt: 2.28519 -> :
- . - ' - . - ' - . - ' - . - ' - . - ' - . -
chest, truefaith vestments (1.64716), alt: 4.04187 -> :
    robes of the exalted (2.38443) : +0.243896 %, alt : +3.77903, from: pre-raid
- . - ' - . - ' - . - ' - . - ' - . - ' - . -
wrists, bindings of transcendence (-2.16559), alt: 1.94586 -> :
    zandalar confessor's wraps (3.64746) : +1.95585 %, alt : +2.66336, from: zg
    flameweave cuffs of healing (1.93143) : +1.37847 %, alt : +1.7826, from: brd
- . - ' - . - ' - . - ' - . - ' - . - ' - . -
two-hand, benediction (-1.29929), alt: 6.47626 -> :
    lok'amir il romathis and lei of the lifegiver (-0.481628) : +0.270992 %, alt : +7.55028, from: bwl, av rep
    lok'amir il romathis and brightly glowing stone (0.329773) : +0.53991 %, alt : +6.63672, from: bwl, pre-raid
    lok'amir il romathis and arlokk's hoodoo stick (1.6127) : +0.965104 %, alt : +6.12294, from: bwl, zg
    jin'do's hexxer and lei of the lifegiver (2.0817) : +1.12054 %, alt : +5.97844, from: zg, av rep
    fang of the mystics and lei of the lifegiver (1.09192) : +0.792504 %, alt : +5.45157, from: azuregos, av rep
    staff of the shadow flame (0.86554) : +0.717476 %, alt : +5.3378, from: bwl
    jin'do's hexxer and brightly glowing stone (0.930054) : +0.738858 %, alt : +5.06488, from: zg, pre-raid
    staff of rampant growth (-1.04568) : +0.0840496 %, alt : +4.74445, from: emeriss; lethon; taerar; ysondre
    wushoolay's poker and lei of the lifegiver (-1.14468) : +0.0512389 %, alt : +4.68534, from: zg, av rep
    the hammer of grace and lei of the lifegiver (2.89383) : +1.3897 %, alt : +4.5868, from: pre-raid, av rep
    jin'do's hexxer and arlokk's hoodoo stick (0.275116) : +0.521795 %, alt : +4.5511, from: zg, zg
    fang of the mystics and brightly glowing stone (0.231964) : +0.507494 %, alt : +4.53801, from: azuregos, pre-raid
    zulian scepter of rites and lei of the lifegiver (-0.224243) : +0.356296 %, alt : +4.39554, from: zg, av rep
    fang of the mystics and arlokk's hoodoo stick (-0.541107) : +0.251279 %, alt : +4.02423, from: azuregos, zg
    sorcerous dagger and lei of the lifegiver (-0.420471) : +0.291261 %, alt : +4.0205, from: mc, av rep
    wushoolay's poker and brightly glowing stone (-1.08716) : +0.0703043 %, alt : +3.77178, from: zg, pre-raid
    witchblade and lei of the lifegiver (-0.894653) : +0.134105 %, alt : +3.68162, from: pre-raid, av rep
    the hammer of grace and brightly glowing stone (3.64429) : +1.63842 %, alt : +3.67324, from: pre-raid, pre-raid
    the hammer of grace and arlokk's hoodoo stick (3.11469) : +1.4629 %, alt : +3.15947, from: pre-raid, zg
    lorespinner and lei of the lifegiver (-0.157104) : +0.378547 %, alt : +3.01571, from: pre-raid, av rep
    gift of the elven magi and lei of the lifegiver (3.11469) : +1.4629 %, alt : +2.98187, from: pre-raid (strat live: balnazzar), av rep
    zulian scepter of rites and arlokk's hoodoo stick (3.13828) : +1.47072 %, alt : +2.9682, from: zg, zg
    scepter of the unholy and lei of the lifegiver (3.12003) : +1.46467 %, alt : +2.91224, from: pre-raid, av rep
    witchblade and brightly glowing stone (2.4389) : +1.23893 %, alt : +2.76806, from: pre-raid, pre-raid
    sorcerous dagger and arlokk's hoodoo stick (0.598358) : +0.628926 %, alt : +2.59317, from: mc, zg
    hypnotic blade and brightly glowing stone (0.491119) : +0.593384 %, alt : +2.52458, from: pre-raid, pre-raid
    witchblade and arlokk's hoodoo stick (0.471771) : +0.586972 %, alt : +2.25429, from: pre-raid, zg
    lorespinner and brightly glowing stone (0.27951) : +0.523252 %, alt : +2.10215, from: pre-raid, pre-raid
    gift of the elven magi and brightly glowing stone (0.305115) : +0.531738 %, alt : +2.06831, from: pre-raid (strat live: balnazzar), pre-raid
    hypnotic blade and arlokk's hoodoo stick (0.176025) : +0.488954 %, alt : +2.01081, from: pre-raid, zg
    scepter of the unholy and brightly glowing stone (1.396) : +0.893283 %, alt : +1.99868, from: pre-raid, pre-raid
    lorespinner and arlokk's hoodoo stick (0.666718) : +0.651582 %, alt : +1.58837, from: pre-raid, zg
    gift of the elven magi and arlokk's hoodoo stick (0.692291) : +0.660057 %, alt : +1.55454, from: pre-raid (strat live: balnazzar), zg
    scepter of the unholy and arlokk's hoodoo stick (2.27139) : +1.18341 %, alt : +1.4849, from: pre-raid, zg
- . - ' - . - ' - . - ' - . - ' - . - ' - . -
ranged, dragon's touch (0.0911865), alt: 0.343811 -> :
    lunar wand of healing (1.32938) : +0.410283 %, alt : +1.08037, from: random green
    bonecreeper stylus (0.897461) : +0.267165 %, alt : +0.600766, from: pre-raid
- . - ' - . - ' - . - ' - . - ' - . - ' - . -
hands, handguards of transcendence (-5.95435), alt: 2.01117 -> :
    atal'ai hands of healing (2.60269) : +2.90591 %, alt : +2.86297, from: sunken temple
    high councillor's gloves of healing (2.31595) : +2.80853 %, alt : +2.48484, from: random green
    hands of the exalted herald (-0.184479) : +1.95941 %, alt : +1.91039, from: pre-raid
    gloves of prophecy (-4.15784) : +0.610082 %, alt : +1.61978 (s: 0.272636), from: mc
    gloves of delusional power (-1.00699) : +1.68009 %, alt : +1.56687, from: emeriss; lethon; taerar; ysondre
    hands of power (-0.614441) : +1.81339 %, alt : +1.46755, from: pre-raid
- . - ' - . - ' - . - ' - . - ' - . - ' - . -
waist, whipvine cord (2.96179), alt: 1.78622 -> :
    firemaw's clutch (3.01868) : +0.0187757 %, alt : +1.99245, from: bwl
    zandalar confessor's bindings (2.61252) : -0.115283 %, alt : +1.54375, from: zg
- . - ' - . - ' - . - ' - . - ' - . - ' - . -
legs, empowered leggings (3.09781), alt: 4.68851 -> :
- . - ' - . - ' - . - ' - . - ' - . - ' - . -
feet, boots of transcendence (-4.60852), alt: 2.06934 -> :
    boots of pure thought (2.42407) : +2.37592 %, alt : +3.47528, from: bwl
    snowblind shoes (-0.511169) : +1.38427 %, alt : +1.82711, from: azuregos
    betrayer's boots (0.497345) : +1.72499 %, alt : +1.74669, from: zg
    boots of the full moon (0.147766) : +1.60688 %, alt : +1.50401, from: pre-raid
- . - ' - . - ' - . - ' - . - ' - . - ' - . -
finger, pure elementium band (2.6683), alt: 2.96808 -> :
    primalist's seal (0.741455) : -0.635867 %, alt : +2.54849, from: zg
    primalist's band (-0.342041) : -0.993424 %, alt : +1.00625, from: zg
- . - ' - . - ' - . - ' - . - ' - . - ' - . -
finger 2, fordring's seal (2.51633), alt: 2.00687 -> :
    pure elementium band (4.87286) : +0.778848 %, alt : +2.96809, from: bwl
    primalist's seal (2.97632) : +0.15203 %, alt : +2.54849, from: zg
    cauterizing band (3.01892) : +0.16611 %, alt : +2.50453, from: mc
    primalist's band (0.127716) : -0.789448 %, alt : +1.00625, from: zg
- . - ' - . - ' - . - ' - . - ' - . - ' - . -
trinket, hazza'rah's charm of healing (20.8332), alt: 18.5184 -> :
    hazza'rah's charm of healing (20.8332) : +0 %, alt : +18.5184, from: zg
    darkmoon card: blue dragon (-6.28656) : -8.94962 %, alt : +1.04492, from: 
- . - ' - . - ' - . - ' - . - ' - . - ' - . -
trinket 2, rejuvenating gem (1.59503), alt: 3.71301 -> :
    hazza'rah's charm of healing (0) : -0.526366 %, alt : +18.5184, from: zg
    darkmoon card: blue dragon (-0.476074) : -0.683472 %, alt : +1.04492, from: 
- - - - - - - - - - - - - - - - - - - - - - - - - - - - - - - - - - - - - - - - - 
| Upgrades at best in slot level, from start item to candidate, partial bonuses: 0: |
  alt scores are from least squares fit, special score from e.g. set bonuses as s are part of em
. . . . . . . . . . . . . . . . . . . . . . . . . . . . . . . . . . . . . . . . . 
- . - ' - . - ' - . - ' - . - ' - . - ' - . -
head, zulian headdress (2.80969), alt: 3.11981 -> :
    crystal adorned crown (4.37329) : +0.521397 %, alt : +5.10798, from: azuregos
    eternal crown of healing (3.74152) : +0.310726 %, alt : +3.45717, from: random green
    green lens of healing (3.26196) : +0.150814 %, alt : +2.91699, from: pre-raid
    cassandra's grace (3.31775) : +0.169416 %, alt : +2.45664, from: pre-raid
    cassandra's grace (3.31775) : +0.169416 %, alt : +2.45664, from: pre-raid
    the hexxer's cover (3.11844) : +0.102954 %, alt : +2.23116, from: zg
- . - ' - . - ' - . - ' - . - ' - . - ' - . -
neck, jin'do's evil eye (1.66165), alt: 2.44809 -> :
    the all-seeing eye of zuldazar (1.27219) : -0.129197 %, alt : +1.10078, from: zg
- . - ' - . - ' - . - ' - . - ' - . - ' - . -
shoulders, zandalar confessor's mantle (-1.70807), alt: 1.36084 -> :
    mantle of the blackwing cabal (0.873627) : +0.863824 %, alt : +1.86288, from: bwl
    pauldrons of transcendence (-1.35574) : +0.117887 %, alt : +1.56082, from: bwl
    zandalar confessor's mantle (-1.70807) : +0 %, alt : +1.36085, from: zg
    burial shawl (0.0727539) : +0.595855 %, alt : +1.10662, from: pre-raid
- . - ' - . - ' - . - ' - . - ' - . - ' - . -
back, hide of the wild (1.23355), alt: 2.28519 -> :
- . - ' - . - ' - . - ' - . - ' - . - ' - . -
chest, truefaith vestments (1.35822), alt: 4.04187 -> :
    robes of the exalted (2.84192) : +0.494623 %, alt : +3.77903, from: pre-raid
    jade inlaid vestments (2.73779) : +0.459911 %, alt : +2.47731, from: ysondre
- . - ' - . - ' - . - ' - . - ' - . - ' - . -
wrists, bindings of transcendence (0.154938), alt: 1.94586 -> :
    zandalar confessor's wraps (0.942719) : +0.262015 %, alt : +2.66336, from: zg
- . - ' - . - ' - . - ' - . - ' - . - ' - . -
two-hand, benediction (2.39185), alt: 6.47626 -> :
    lok'amir il romathis and lei of the lifegiver (3.48444) : +0.359592 %, alt : +7.55028, from: bwl, av rep
    lok'amir il romathis and brightly glowing stone (2.59122) : +0.0656168 %, alt : +6.63672, from: bwl, pre-raid
    the hammer of grace and lei of the lifegiver (4.55975) : +0.713499 %, alt : +4.5868, from: pre-raid, av rep
    the hammer of grace and brightly glowing stone (3.10522) : +0.234786 %, alt : +3.67324, from: pre-raid, pre-raid
    the hammer of grace and arlokk's hoodoo stick (3.60501) : +0.399275 %, alt : +3.15947, from: pre-raid, zg
    lorespinner and lei of the lifegiver (2.5936) : +0.0664002 %, alt : +3.01571, from: pre-raid, av rep
    gift of the elven magi and lei of the lifegiver (2.61902) : +0.0747668 %, alt : +2.98187, from: pre-raid (strat live: balnazzar), av rep
    zulian scepter of rites and arlokk's hoodoo stick (2.57086) : +0.0589175 %, alt : +2.9682, from: zg, zg
    fang of venoxis and arlokk's hoodoo stick (2.4053) : +0.00442936 %, alt : +2.94623, from: zg, zg
    aurastone hammer and arlokk's hoodoo stick (2.50085) : +0.0358768 %, alt : +2.93389, from: mc, zg
    scepter of the unholy and lei of the lifegiver (2.99921) : +0.199894 %, alt : +2.91224, from: pre-raid, av rep
    witchblade and brightly glowing stone (4.02936) : +0.538936 %, alt : +2.76806, from: pre-raid, pre-raid
    witchblade and arlokk's hoodoo stick (2.70636) : +0.103512 %, alt : +2.25429, from: pre-raid, zg
    scepter of the unholy and brightly glowing stone (3.61319) : +0.401967 %, alt : +1.99868, from: pre-raid, pre-raid
- . - ' - . - ' - . - ' - . - ' - . - ' - . -
ranged, dragon's touch (0.617493), alt: 0.343811 -> :
    lunar wand of healing (1.33994) : +0.240232 %, alt : +1.08037, from: random green
    bonecreeper stylus (0.579193) : -0.0127356 %, alt : +0.600766, from: pre-raid
- . - ' - . - ' - . - ' - . - ' - . - ' - . -
hands, handguards of transcendence (-0.234863), alt: 2.01117 -> :
    atal'ai hands of healing (2.10217) : +0.781322 %, alt : +2.86297, from: sunken temple
    high councillor's gloves of healing (1.49033) : +0.576769 %, alt : +2.48484, from: random green
    gloves of delusional power (0.684143) : +0.307244 %, alt : +1.56687, from: emeriss; lethon; taerar; ysondre
    hands of power (1.68198) : +0.640841 %, alt : +1.46755, from: pre-raid
    gloves of prophecy (0.181) : +0.139032 %, alt : +1.22855, from: mc
- . - ' - . - ' - . - ' - . - ' - . - ' - . -
waist, whipvine cord (0.402924), alt: 1.78622 -> :
    firemaw's clutch (0.778412) : +0.124716 %, alt : +1.99245, from: bwl
    zandalar confessor's bindings (0.0434875) : -0.119384 %, alt : +1.54375, from: zg
- . - ' - . - ' - . - ' - . - ' - . - ' - . -
legs, empowered leggings (2.71164), alt: 4.68851 -> :
- . - ' - . - ' - . - ' - . - ' - . - ' - . -
feet, boots of transcendence (1.9024), alt: 2.06934 -> :
    boots of pure thought (2.32922) : +0.141789 %, alt : +3.47528, from: bwl
- . - ' - . - ' - . - ' - . - ' - . - ' - . -
finger, pure elementium band (1.48001), alt: 2.96808 -> :
- . - ' - . - ' - . - ' - . - ' - . - ' - . -
finger 2, fordring's seal (0.724243), alt: 2.00687 -> :
    pure elementium band (2.05444) : +0.440971 %, alt : +2.96809, from: bwl
    cauterizing band (1.4697) : +0.247123 %, alt : +2.50453, from: mc
- . - ' - . - ' - . - ' - . - ' - . - ' - . -
trinket, hazza'rah's charm of healing (20.3065), alt: 18.5184 -> :
    hazza'rah's charm of healing (20.3065) : +0 %, alt : +18.5184, from: zg
    darkmoon card: blue dragon (-3.3663) : -7.85299 %, alt : +1.04492, from: 
- . - ' - . - ' - . - ' - . - ' - . - ' - . -
trinket 2, rejuvenating gem (1.41916), alt: 3.71301 -> :
    hazza'rah's charm of healing (0) : -0.470778 %, alt : +18.5184, from: zg
    darkmoon card: blue dragon (-2.4093) : -1.27002 %, alt : +1.04492, from: 
- - - - - - - - - - - - - - - - - - - - - - - - - - - - - - - - - - - - - - - - - 
| Upgrades at start level, from start item to candidate, partial bonuses: 1: |
  alt scores are from least squares fit, special score from e.g. set bonuses as s are part of em
. . . . . . . . . . . . . . . . . . . . . . . . . . . . . . . . . . . . . . . . . 
- . - ' - . - ' - . - ' - . - ' - . - ' - . -
head, zulian headdress (1.2883), alt: 3.11981 -> :
    crystal adorned crown (2.82129) : +0.525717 %, alt : +5.10798, from: azuregos
    eternal crown of healing (1.77863) : +0.16815 %, alt : +3.45717, from: random green
    green lens of healing (1.63477) : +0.118816 %, alt : +2.91699, from: pre-raid
    halo of transcendence (0.238129) : -0.360141 %, alt : +2.83235, from: onyxia
- . - ' - . - ' - . - ' - . - ' - . - ' - . -
neck, jin'do's evil eye (1.44974), alt: 2.44809 -> :
    the all-seeing eye of zuldazar (0.463013) : -0.338383 %, alt : +1.10078, from: zg
- . - ' - . - ' - . - ' - . - ' - . - ' - . -
shoulders, zandalar confessor's mantle (0.437836), alt: 2.60327 -> :
    zandalar confessor's mantle (0.437836) : +0 %, alt : +2.60327, from: zg
    pauldrons of transcendence (-0.591705) : -0.353066 %, alt : +1.56082, from: bwl
- . - ' - . - ' - . - ' - . - ' - . - ' - . -
back, hide of the wild (1.41919), alt: 2.28519 -> :
- . - ' - . - ' - . - ' - . - ' - . - ' - . -
chest, truefaith vestments (2.56009), alt: 4.04187 -> :
    robes of the exalted (2.67422) : +0.0391412 %, alt : +3.77903, from: pre-raid
    robes of transcendence (0.255463) : -0.790339 %, alt : +3.26529, from: bwl
- . - ' - . - ' - . - ' - . - ' - . - ' - . -
wrists, bindings of transcendence (-2.35513), alt: 1.94586 -> :
    bindings of transcendence (-2.35513) : +0 %, alt : +1.94587, from: bwl
    flameweave cuffs of healing (-1.07153) : +0.440192 %, alt : +1.7826, from: brd
    zandalar confessor's wraps (-1.44839) : +0.310953 %, alt : +1.42094, from: zg
- . - ' - . - ' - . - ' - . - ' - . - ' - . -
two-hand, benediction (2.12967), alt: 6.47626 -> :
    lok'amir il romathis and lei of the lifegiver (3.31476) : +0.406409 %, alt : +7.55028, from: bwl, av rep
    lok'amir il romathis and brightly glowing stone (2.55377) : +0.14544 %, alt : +6.63672, from: bwl, pre-raid
    lok'amir il romathis and arlokk's hoodoo stick (2.19437) : +0.022187 %, alt : +6.12294, from: bwl, zg
    jin'do's hexxer and arlokk's hoodoo stick (2.53238) : +0.138104 %, alt : +4.5511, from: zg, zg
- . - ' - . - ' - . - ' - . - ' - . - ' - . -
ranged, dragon's touch (0.0913086), alt: 0.343811 -> :
    lunar wand of healing (0.536407) : +0.15264 %, alt : +1.08037, from: random green
    bonecreeper stylus (0.336304) : +0.0840176 %, alt : +0.600766, from: pre-raid
- . - ' - . - ' - . - ' - . - ' - . - ' - . -
hands, handguards of transcendence (-2.28757), alt: 2.01117 -> :
    atal'ai hands of healing (-0.0340576) : +0.772809 %, alt : +2.86297, from: sunken temple
    high councillor's gloves of healing (-0.6633) : +0.55702 %, alt : +2.48484, from: random green
    handguards of transcendence (-2.28757) : +0 %, alt : +2.01117, from: bwl
    hands of the exalted herald (-0.639008) : +0.56535 %, alt : +1.91039, from: pre-raid
    gloves of delusional power (-1.14508) : +0.3918 %, alt : +1.56687, from: emeriss; lethon; taerar; ysondre
    hands of power (-1.66382) : +0.213906 %, alt : +1.46755, from: pre-raid
- . - ' - . - ' - . - ' - . - ' - . - ' - . -
waist, whipvine cord (-0.15802), alt: 1.78622 -> :
    firemaw's clutch (0.0748291) : +0.0798523 %, alt : +1.99245, from: bwl
    mana igniting cord (0.269196) : +0.146508 %, alt : +1.67321, from: mc
    belt of untapped power (1.39127) : +0.531306 %, alt : +1.57802, from: zg
    zandalar confessor's bindings (0.00140381) : +0.0546721 %, alt : +1.54375, from: zg
    belt of transcendence (0.0401917) : +0.0679739 %, alt : +1.52698, from: bwl
- . - ' - . - ' - . - ' - . - ' - . - ' - . -
legs, empowered leggings (4.00952), alt: 4.68851 -> :
    leggings of transcendence (2.62988) : -0.473128 %, alt : +2.82055, from: mc
- . - ' - . - ' - . - ' - . - ' - . - ' - . -
feet, boots of transcendence (-1.8306), alt: 2.06934 -> :
    boots of pure thought (1.55307) : +1.16038 %, alt : +3.47528, from: bwl
    boots of transcendence (-1.8306) : +0 %, alt : +2.06934, from: bwl
    snowblind shoes (-0.411316) : +0.486722 %, alt : +1.82711, from: azuregos
    betrayer's boots (-0.579987) : +0.428879 %, alt : +1.74669, from: zg
    boots of the full moon (-0.943329) : +0.304276 %, alt : +1.50401, from: pre-raid
- . - ' - . - ' - . - ' - . - ' - . - ' - . -
finger, pure elementium band (2.25751), alt: 2.96808 -> :
- . - ' - . - ' - . - ' - . - ' - . - ' - . -
finger 2, fordring's seal (0.92688), alt: 2.00687 -> :
    pure elementium band (1.66379) : +0.252712 %, alt : +2.96809, from: bwl
    primalist's seal (0.997986) : +0.0243848 %, alt : +2.54849, from: zg
    cauterizing band (1.04321) : +0.0398948 %, alt : +2.50453, from: mc
    ring of spellpower (1.06284) : +0.0466241 %, alt : +1.7826, from: mc
- . - ' - . - ' - . - ' - . - ' - . - ' - . -
trinket, hazza'rah's charm of healing (20.892), alt: 18.5184 -> :
    hazza'rah's charm of healing (20.892) : +0 %, alt : +18.5184, from: zg
    darkmoon card: blue dragon (-0.50592) : -7.33811 %, alt : +1.04492, from: 
- . - ' - . - ' - . - ' - . - ' - . - ' - . -
trinket 2, rejuvenating gem (1.9241), alt: 3.71301 -> :
    hazza'rah's charm of healing (0) : -0.659844 %, alt : +18.5184, from: zg
    royal seal of eldre'thalas (2.90091) : +0.334982 %, alt : +1.8483, from: pre-raid
    briarwood reed (2.21936) : +0.101254 %, alt : +1.56653, from: pre-raid
    darkmoon card: blue dragon (-1.69577) : -1.24138 %, alt : +1.04492, from: 
- - - - - - - - - - - - - - - - - - - - - - - - - - - - - - - - - - - - - - - - - 
| Upgrades at start level, from start item to candidate, partial bonuses: 0: |
  alt scores are from least squares fit, special score from e.g. set bonuses as s are part of em
. . . . . . . . . . . . . . . . . . . . . . . . . . . . . . . . . . . . . . . . . 
- . - ' - . - ' - . - ' - . - ' - . - ' - . -
head, zulian headdress (1.15558), alt: 3.11981 -> :
    crystal adorned crown (3.08646) : +0.66424 %, alt : +5.10798, from: azuregos
    eternal crown of healing (2.27643) : +0.385583 %, alt : +3.45717, from: random green
    halo of transcendence (0.128082) : -0.353468 %, alt : +2.83235, from: onyxia
    the hexxer's cover (1.60129) : +0.153328 %, alt : +2.23116, from: zg
- . - ' - . - ' - . - ' - . - ' - . - ' - . -
neck, jin'do's evil eye (1.58054), alt: 2.44809 -> :
    jeklik's opaline talisman (1.72876) : +0.0509904 %, alt : +1.23767, from: zg
    the all-seeing eye of zuldazar (1.51437) : -0.0227604 %, alt : +1.10078, from: zg
- . - ' - . - ' - . - ' - . - ' - . - ' - . -
shoulders, zandalar confessor's mantle (0.00576782), alt: 2.60327 -> :
    zandalar confessor's mantle (0.00576782) : +0 %, alt : +2.60327, from: zg
    mantle of the blackwing cabal (0.706207) : +0.240958 %, alt : +1.86288, from: bwl
    pauldrons of transcendence (-0.0135193) : -0.00663495 %, alt : +1.56082, from: bwl
    burial shawl (1.2049) : +0.412511 %, alt : +1.10662, from: pre-raid
- . - ' - . - ' - . - ' - . - ' - . - ' - . -
back, hide of the wild (1.3927), alt: 2.28519 -> :
- . - ' - . - ' - . - ' - . - ' - . - ' - . -
chest, truefaith vestments (3.32413), alt: 4.04187 -> :
    robes of transcendence (2.81293) : -0.175858 %, alt : +3.26529, from: bwl
- . - ' - . - ' - . - ' - . - ' - . - ' - . -
wrists, bindings of transcendence (-5.79346), alt: 1.94586 -> :
    bindings of transcendence (-5.79346) : +0 %, alt : +1.94587, from: bwl
    flameweave cuffs of healing (1.05063) : +2.35443 %, alt : +1.7826, from: brd
    zandalar confessor's wraps (-0.783112) : +1.72361 %, alt : +1.42094, from: zg
- . - ' - . - ' - . - ' - . - ' - . - ' - . -
two-hand, benediction (3.69684), alt: 6.47626 -> :
    lok'amir il romathis and lei of the lifegiver (4.76718) : +0.368208 %, alt : +7.55028, from: bwl, av rep
    lok'amir il romathis and brightly glowing stone (4.60172) : +0.311286 %, alt : +6.63672, from: bwl, pre-raid
    lok'amir il romathis and arlokk's hoodoo stick (3.78049) : +0.0287759 %, alt : +6.12294, from: bwl, zg
    staff of the shadow flame (4.31873) : +0.213935 %, alt : +5.3378, from: bwl
    jin'do's hexxer and brightly glowing stone (5.48877) : +0.616441 %, alt : +5.06488, from: zg, pre-raid
    jin'do's hexxer and arlokk's hoodoo stick (4.22729) : +0.182482 %, alt : +4.5511, from: zg, zg
- . - ' - . - ' - . - ' - . - ' - . - ' - . -
ranged, dragon's touch (0.0678101), alt: 0.343811 -> :
    lunar wand of healing (1.64096) : +0.541179 %, alt : +1.08037, from: random green
    bonecreeper stylus (0.867157) : +0.274983 %, alt : +0.600766, from: pre-raid
- . - ' - . - ' - . - ' - . - ' - . - ' - . -
hands, handguards of transcendence (-5.72903), alt: 2.01117 -> :
    atal'ai hands of healing (2.18744) : +2.72334 %, alt : +2.86297, from: sunken temple
    high councillor's gloves of healing (2.12378) : +2.70144 %, alt : +2.48484, from: random green
    handguards of transcendence (-5.72903) : +0 %, alt : +2.01117, from: bwl
    hands of the exalted herald (0.0232544) : +1.97884 %, alt : +1.91039, from: pre-raid
    gloves of delusional power (-0.983887) : +1.63238 %, alt : +1.56687, from: emeriss; lethon; taerar; ysondre
    hands of power (0.472168) : +2.13327 %, alt : +1.46755, from: pre-raid
    gloves of prophecy (-2.29645) : +1.18084 %, alt : +1.22855, from: mc
- . - ' - . - ' - . - ' - . - ' - . - ' - . -
waist, whipvine cord (-0.645172), alt: 1.78622 -> :
    firemaw's clutch (0.141296) : +0.270553 %, alt : +1.99245, from: bwl
    belt of untapped power (0.229462) : +0.300882 %, alt : +1.57802, from: zg
    zandalar confessor's bindings (-1.15649) : -0.1759 %, alt : +1.54375, from: zg
    belt of transcendence (-1.11783) : -0.162598 %, alt : +1.52698, from: bwl
- . - ' - . - ' - . - ' - . - ' - . - ' - . -
legs, empowered leggings (3.55548), alt: 4.68851 -> :
    leggings of transcendence (1.88269) : -0.575456 %, alt : +2.82055, from: mc
- . - ' - . - ' - . - ' - . - ' - . - ' - . -
feet, boots of transcendence (-5.58118), alt: 2.06934 -> :
    boots of pure thought (1.97849) : +2.60059 %, alt : +3.47528, from: bwl
    boots of transcendence (-5.58118) : +0 %, alt : +2.06934, from: bwl
    snowblind shoes (-1.24728) : +1.4909 %, alt : +1.82711, from: azuregos
    betrayer's boots (-0.221161) : +1.8439 %, alt : +1.74669, from: zg
    boots of the full moon (0.513916) : +2.09677 %, alt : +1.50401, from: pre-raid
- . - ' - . - ' - . - ' - . - ' - . - ' - . -
finger, pure elementium band (0.941895), alt: 2.96808 -> :
    primalist's seal (1.10852) : +0.0573209 %, alt : +1.65719, from: zg
    rosewine circle (1.01465) : +0.025028 %, alt : +1.64865, from: pre-raid
- . - ' - . - ' - . - ' - . - ' - . - ' - . -
finger 2, fordring's seal (0.908325), alt: 2.00687 -> :
    pure elementium band (2.103) : +0.410978 %, alt : +2.96809, from: bwl
    cauterizing band (1.65512) : +0.256905 %, alt : +2.50453, from: mc
    zanzil's seal (0.910583) : +0.000776877 %, alt : +0.610613, from: zg
- . - ' - . - ' - . - ' - . - ' - . - ' - . -
trinket, hazza'rah's charm of healing (19.3242), alt: 18.5184 -> :
    hazza'rah's charm of healing (19.3242) : +0 %, alt : +18.5184, from: zg
    darkmoon card: blue dragon (-0.501648) : -6.82026 %, alt : +1.04492, from: 
- . - ' - . - ' - . - ' - . - ' - . - ' - . -
trinket 2, rejuvenating gem (2.68811), alt: 3.71301 -> :
    hazza'rah's charm of healing (0) : -0.924735 %, alt : +18.5184, from: zg
    royal seal of eldre'thalas (3.36066) : +0.231362 %, alt : +1.8483, from: pre-raid
    briarwood reed (2.99719) : +0.106327 %, alt : +1.56653, from: pre-raid
    darkmoon card: blue dragon (-1.69153) : -1.50664 %, alt : +1.04492, from: 
------------------
Best value: 301.837
