Your call: ./css 4 ../items/phase5.csv ban_tmp_phase4.txt no-locks zoo_bwl_speed_phase4 -a ../confs/wcl_bwl_speed_log.csv -l zoo_speed.txt 
Found: -a, val: ../confs/wcl_bwl_speed_log.csv
./css 4 ../items/phase5.csv ban_tmp_phase4.txt no-locks zoo_bwl_speed_phase4 -l zoo_speed.txt 
Found key: buff_fraction, saw val: 1
Found key: healing_from_crit_fraction, saw val: 0.2
Found key: transc8_exists, saw val: 0
Found key: enchantments, saw val: 1
Found key: fort, saw val: 1
Found key: motw, saw val: 1
Found key: spirit, saw val: 1
Found key: ai, saw val: 1
Found key: flask, saw val: 1
Found key: holy_disc, saw val: 0
Found key: min_combat_length, saw val: 2
Found key: max_log_entry_diff_in_combat, saw val: 10
Found key: precast, saw val: 1
Found key: swap_cast, saw val: 1
Found key: time_step, saw val: 0.1
Found key: reaction_time, saw val: 0.1
Found key: skip_player, saw val: Paisti
Found key: use_deficit_time_sum, saw val: 0
Found key: wcl_log, saw val: 1
Found: -l, val: zoo_speed.txt
./css 4 ../items/phase5.csv ban_tmp_phase4.txt no-locks zoo_bwl_speed_phase4 
Will read log from: zoo_speed.txt
./css 4 ../items/phase5.csv ban_tmp_phase4.txt no-locks zoo_bwl_speed_phase4 
./css 4 ../items/phase5.csv ban_tmp_phase4.txt no-locks zoo_bwl_speed_phase4 
Shuffle seed: 2416673600
Reading banned from: ban_tmp_phase4.txt
Banning: aq20
Banning: aq40
Banning: naxx
Banning: neltharion's tear
Banning: lok'amir il romathis
Banning: choker of the fire lord
Reading WCL parsed log: zoo_speed.txt
Saw 16151 lines of log, with 16151 log lines
Sorting by timestamp...
Sorted.
Pruning log from: 16151 entries.
Combat from 0 to 13.367 s
Combat from 47.805 to 61.181 s
Combat from 66.848 to 295.723 s
Combat from 298.404 to 316.615 s
Combat from 330.708 to 341.315 s
Combat from 353.828 to 395.858 s
Combat from 422.337 to 440.164 s
Combat from 456.363 to 658.54 s
Combat from 660.019 to 709.468 s
Combat from 726.4 to 749.582 s
Combat from 760.976 to 833.639 s
Combat from 849.284 to 927.162 s
Combat from 930.477 to 974.873 s
Combat from 975.036 to 1048.95 s
Combat from 1100.56 to 1156.04 s
Combat from 1195.28 to 1336.49 s
Combat from 1344.6 to 1411.63 s
Pruned to: 16023 entries.
----------------------------------------------------------
---- Baseline results without simulated player input: ----
----------------------------------------------------------
oh_limit: 0.9
time_left_mul: 0.5
total_deficit_to_pop_trinkets: 10000
in combat total: 1154.2
Total time casting: 0, which is: 0% of time in combat.
Total hps: 0, raw hps: 0, oh: -nan
Deficit time sum: 2.26854e+07, baseline: 0
Deficit*time change / s: -19654.7 hp
Number of combats: 17
Average mana at start of combat: 0
Average mana at end of combat: 0
Other players with hps > 100:
  Bigbodybez : 138.801 hps
  Erathonx : 205.299 hps
  Foolio : 177.724 hps
  Imandie : 152.283 hps
  Juneau : 146.51 hps
  Kekwxd : 122.171 hps
  Kontiainen : 220.94 hps
  Kritikaldg : 195.905 hps
  Meandow : 157.045 hps
Reading tmp locked from: start_with.txt
Locking: anastari heirloom
Locking: anathema
Locking: animated chain necklace
Locking: argent crusader
Locking: atal'ai gloves of the owl
Locking: ban'thok sash
Locking: banshee finger
Locking: benediction
Locking: blood of the martyr
Locking: briarwood reed
Locking: burial shawl
Locking: clutch of andros
Locking: crimson felt hat
Locking: cyclopean band
Locking: devout belt
Locking: devout bracers
Locking: devout crown
Locking: devout mantle
Locking: devout robe
Locking: devout sandals
Locking: devout skirt
Locking: dragon finger of healing
Locking: dragon finger of intellect
Locking: dragonrider boots
Locking: dragonslayer's signet
Locking: drakefire amulet
Locking: dreadmist mantle
Locking: dreamweave circlet
Locking: dreamweave gloves
Locking: dreamweave vest
Locking: elder magus pendant
Locking: eye of the beast
Locking: fordring's seal
Locking: girdle of prophecy
Locking: gloves of prophecy
Locking: grimgore noose
Locking: halo of transcendence
Locking: heart of the fiend
Locking: hide of the wild
Locking: kentic amice
Locking: magister's robes
Locking: maleki's footwraps
Locking: mindtap talisman
Locking: nature's breath
Locking: necropile boots
Locking: necropile cuffs
Locking: necropile leggings
Locking: necropile mantle
Locking: necropile robe
Locking: noxious shooter
Locking: omnicast boots
Locking: orb of the forgotten seer
Locking: padre's trousers
Locking: penelope's rose
Locking: quel'dorai channeling rod
Locking: raincaster drape
Locking: rainstrider leggings
Locking: ring of demonic guile
Locking: ring of demonic guile
Locking: robes of prophecy
Locking: robes of the exalted
Locking: robes of the royal crown
Locking: rod of corrosion
Locking: rosewine circle
Locking: royal seal of eldre'thalas
Locking: royal tribunal cloak
Locking: sarah's guide
Locking: seal of rivendare
Locking: seal of rivendare
Locking: shadowy laced handwraps
Locking: silkweb gloves
Locking: soulstealer mantle
Locking: spellbound tome
Locking: spritecaster cape
Locking: star of mystaria
Locking: starfire tiara
Locking: stormrager
Locking: sublime wristguards
Locking: the hammer of grace
Locking: the postmaster's treads
Locking: thuzadin sash
Locking: triune amulet
Locking: vinerot sandals
Locking: whipvine cord
Locking: wolfshear leggings
Locking: boots of the full moon
Locking: mantle of prophecy
Locking: dragon's touch
Locking: bindings of transcendence
Locking: shimmering geta
Locking: empowered leggings
Locking: seal of the archmagus
Locking: circlet of prophecy
Locking: boots of prophecy
Locking: pauldrons of transcendence
Locking: primalist's seal
Locking: zandalar confessor's bindings
Locking: zulian headdress
Locking: mar'li's eye
Locking: shroud of pure thought
Locking: belt of transcendence
Locking: jin'do's evil eye
Locking: primalist's band
Locking: zandalarian hero charm
Locking: zandalar confessor's mantle
Locking: zandalar confessor's wraps 
Locking: pure elementium band
Locking: truefaith vestments
Locking: vambraces of prophecy
Locking: hazza'rah's charm of healing
Locking: handguards of transcendence
Locking: boots of transcendence
Locking: darkmoon card: blue dragon
Locking: rejuvenating gem
Optimizing start items...

*** NEW BEST (1): 194.593

*** NEW BEST (1): 198.156

*** NEW BEST (1): 204.803

*** NEW BEST (1): 213.722

*** NEW BEST (1): 218.49

*** NEW BEST (1): 220.567

*** NEW BEST (1): 221.53

*** NEW BEST (1): 223.625

*** NEW BEST (1): 231.586

*** NEW BEST (1): 233.416
*
*** NEW BEST (1): 233.428

*** NEW BEST (1): 233.471

*** NEW BEST (1): 233.49
*
*** NEW BEST (1): 233.768
****
*** NEW BEST (1): 236.715

*** NEW BEST (1): 236.926

*** NEW BEST (1): 237.568

*** NEW BEST (1): 238.93

*** NEW BEST (1): 240.591

*** NEW BEST (1): 241.011

*** NEW BEST (1): 241.325
**
*** NEW BEST (1): 241.541
*
*** NEW BEST (1): 241.662
**
*** NEW BEST (0): 222.092
Based on last: 3000 entries, out of total: 3255 entries, The least-squares solution is:
Int: 11.2223
Spirit: 0
Sp / Healing: 100
Mp5: 18.9554
Crit: 567.51
T1 3p/piece: 0
T2 3p/piece: 0
Hazza'rah's: 13357.6
Darkmoon: 0
100 points == 1 sp == 0.0671567 hps.
neck : animated chain necklace -> jin'do's evil eye => val: 222.092 -> 222.512

*** NEW BEST (0): 222.512
Based on last: 3000 entries, out of total: 3285 entries, The least-squares solution is:
Int: 11.1744
Spirit: 0
Sp / Healing: 100
Mp5: 20.3833
Crit: 567.22
T1 3p/piece: 0
T2 3p/piece: 0
Hazza'rah's: 13344.6
Darkmoon: 0
100 points == 1 sp == 0.0672271 hps.
trinket : briarwood reed -> rejuvenating gem => val: 222.512 -> 222.537

*** NEW BEST (0): 222.537
Based on last: 3000 entries, out of total: 3291 entries, The least-squares solution is:
Int: 11.3365
Spirit: 0
Sp / Healing: 100
Mp5: 20.3769
Crit: 561.683
T1 3p/piece: 0
T2 3p/piece: 0
Hazza'rah's: 13342.1
Darkmoon: 905.21
100 points == 1 sp == 0.0672344 hps.
chest : dreamweave vest -> truefaith vestments => val: 222.537 -> 228.453

*** NEW BEST (0): 228.453
Based on last: 3000 entries, out of total: 3310 entries, The least-squares solution is:
Int: 11.6602
Spirit: 0
Sp / Healing: 100
Mp5: 18.6887
Crit: 552.283
T1 3p/piece: 0
T2 3p/piece: 0
Hazza'rah's: 13351.6
Darkmoon: 905.071
100 points == 1 sp == 0.0672446 hps.
finger : blood of the martyr -> pure elementium band => val: 228.453 -> 231.392

*** NEW BEST (0): 231.392
Based on last: 3000 entries, out of total: 3354 entries, The least-squares solution is:
Int: 11.7358
Spirit: 0
Sp / Healing: 100
Mp5: 16.4582
Crit: 539.86
T1 3p/piece: 0
T2 3p/piece: 0
Hazza'rah's: 13394.2
Darkmoon: 907.086
100 points == 1 sp == 0.0670953 hps.
wrists : devout bracers -> bindings of transcendence => val: 231.392 -> 233.358

*** NEW BEST (0): 233.358
Based on last: 3000 entries, out of total: 3393 entries, The least-squares solution is:
Int: 11.224
Spirit: 0
Sp / Healing: 100
Mp5: 17.386
Crit: 539.749
T1 3p/piece: 0
T2 3p/piece: 0
Hazza'rah's: 13380.7
Darkmoon: 906.35
100 points == 1 sp == 0.0671498 hps.
feet : boots of the full moon -> boots of transcendence => val: 230.765 -> 231.262
waist : ban'thok sash -> whipvine cord => val: 231.262 -> 232.358
*two-hand : argent crusader    -> benediction    => val: 232.358 -> 241.282

*** NEW BEST (0): 241.282
Based on last: 3000 entries, out of total: 3540 entries, The least-squares solution is:
Int: 10.3364
Spirit: 0
Sp / Healing: 100
Mp5: 20.3923
Crit: 556.943
T1 3p/piece: 0
T2 3p/piece: 0
Hazza'rah's: 12526.2
Darkmoon: 894.462
100 points == 1 sp == 0.0680423 hps.
********
Read starting items and cleared locks.
 ----------------------------
 --- head --- 
name: zulian headdress
slot: head
intelligence: 15
stamina: 13
spirit: 14
sp_healing: 55
armor: 78
 ----------------------------
 --- neck --- 
name: jin'do's evil eye
slot: neck
intelligence: 11
stamina: 5
spirit: 6
sp_healing: 44
 ----------------------------
 --- shoulders --- 
name: zandalar confessor's mantle
slot: shoulders
intelligence: 24
stamina: 11
spirit: 15
sp_healing: 22
armor: 78
 ----------------------------
 --- back --- 
name: hide of the wild
slot: back
intelligence: 10
stamina: 8
sp_healing: 42
armor: 48
 ----------------------------
 --- chest --- 
name: truefaith vestments
slot: chest
stamina: 14
sp_healing: 73
mp5: 6
armor: 96
 ----------------------------
 --- wrists --- 
name: bindings of transcendence
slot: wrists
intelligence: 13
stamina: 9
spirit: 16
sp_healing: 33
armor: 51
 ----------------------------
 --- two-hand --- 
name: benediction
slot: two-hand
intelligence: 31
stamina: 10
spirit: 12
sp_healing: 106
spell_crit: 2
shadow_res: 20
 ----------------------------
 ---  --- 
name: 
slot: 
 ----------------------------
 ---  --- 
name: 
slot: 
 ----------------------------
 ---  --- 
name: 
slot: 
 ----------------------------
 --- ranged --- 
name: dragon's touch
slot: ranged
intelligence: 12
stamina: 7
sp: 6
 ----------------------------
 --- hands --- 
name: handguards of transcendence
slot: hands
intelligence: 20
stamina: 12
spirit: 13
sp_healing: 29
spell_crit: 1
armor: 72
 ----------------------------
 --- waist --- 
name: whipvine cord
slot: waist
intelligence: 8
sp_healing: 31
mp5: 6
armor: 47
 ----------------------------
 --- legs --- 
name: empowered leggings
slot: legs
intelligence: 12
stamina: 12
spirit: 24
sp_healing: 77
spell_crit: 1
armor: 103
 ----------------------------
 --- feet --- 
name: boots of transcendence
slot: feet
intelligence: 17
stamina: 17
spirit: 17
sp_healing: 35
fire_res: 10
armor: 80
 ----------------------------
 --- finger --- 
name: pure elementium band
slot: finger
intelligence: 10
stamina: 9
spirit: 10
sp_healing: 53
 ----------------------------
 --- finger --- 
name: fordring's seal
slot: finger
intelligence: 5
stamina: 4
sp_healing: 37
 ----------------------------
 --- trinket --- 
name: rejuvenating gem
slot: trinket
sp_healing: 66
mp5: 9
 ----------------------------
 --- trinket --- 
name: hazza'rah's charm of healing
slot: trinket
 ----------------------------
 --- Set bonuses ---
name: confessor's 2 hazza'rah's 1 transcendence 3 
slot: Set bonuses
sp: 23
 --- And counts for start items ---
oh_limit: 0.9
time_left_mul: 0.5
total_deficit_to_pop_trinkets: 10000
in combat total: 1154.2
Flash Heal 1, casts: 59, avg: 486.109, 10.2986%, cast time 7.66765% of in combat, overheal: 0.233951
Flash Heal 2, casts: 13, avg: 619.12, 2.89009%, cast time 1.68948% of in combat, overheal: 0.142131
Flash Heal 3, casts: 13, avg: 663.256, 3.09612%, cast time 1.68948% of in combat, overheal: 0.172911
Flash Heal 4, casts: 15, avg: 818.96, 4.4111%, cast time 1.9494% of in combat, overheal: 0.0771761
Flash Heal 5, casts: 11, avg: 957.828, 3.78332%, cast time 1.42956% of in combat, overheal: 0.0665452
Flash Heal 6, casts: 20, avg: 1071.94, 7.6983%, cast time 2.5992% of in combat, overheal: 0.0867781
Flash Heal 7, casts: 129, avg: 1243.38, 57.5954%, cast time 16.7649% of in combat, overheal: 0.0884257
Greater Heal 1 hazz, casts: 4, avg: 965, 1.38606%, cast time 0.519841% of in combat, overheal: 0.476903
Greater Heal 2 hazz, casts: 3, avg: 1975.56, 2.12817%, cast time 0.389881% of in combat, overheal: 0.0709113
Greater Heal 3 hazz, casts: 1, avg: 2451.76, 0.880382%, cast time 0.12996% of in combat, overheal: 0
Greater Heal 4 hazz, casts: 8, avg: 2030.31, 5.83239%, cast time 1.03968% of in combat, overheal: 0.283377
Total time casting: 414, which is: 35.869% of time in combat.
Total hps: 241.282, raw hps: 277.38, oh: 0.130138
Deficit time sum: 1.98381e+07, baseline: 2.26854e+07
Deficit*time change / s: 2466.92 hp
Number of combats: 17
Average mana at start of combat: 10173.5
Average mana at end of combat: 9158.35
Other players with hps > 100:
  Bigbodybez : 132.407 hps
  Erathonx : 187.578 hps
  Foolio : 165.443 hps
  Imandie : 140.025 hps
  Juneau : 129.684 hps
  Kekwxd : 105.957 hps
  Kontiainen : 197.674 hps
  Kritikaldg : 172.666 hps
  Meandow : 142.323 hps
Reading locked from: no-locks
Setting tag name to: zoo_bwl_speed_phase4
.
*** NEW BEST (1): 289.416

*** NEW BEST (1): 291.585

*** NEW BEST (1): 291.605

*** NEW BEST (1): 292.7

*** NEW BEST (1): 293.224

*** NEW BEST (1): 294.002

*** NEW BEST (1): 294.385

*** NEW BEST (1): 294.411
.
*** NEW BEST (1): 300.367

*** NEW BEST (1): 302.703

*** NEW BEST (1): 303.191

*** NEW BEST (1): 305.303
.
*** NEW BEST (1): 305.639
Temporary bans and partial set bonuses off.
.legs : leggings of transcendence -> empowered leggings => val: 300.27 -> 303.709

*** NEW BEST (0): 303.709
neck : animated chain necklace -> jin'do's evil eye => val: 303.709 -> 304.224

*** NEW BEST (0): 304.224
waist : whipvine cord -> firemaw's clutch => val: 304.224 -> 305.091

*** NEW BEST (0): 305.091
shoulders : pauldrons of transcendence -> mantle of the blackwing cabal => val: 305.091 -> 305.261

*** NEW BEST (0): 305.261
***** INTERMEDIATE RESULTS *****
Iteration: 4
 ----------------------------
 --- head --- 
name: crystal adorned crown
slot: head
intelligence: 14
spirit: 13
sp_healing: 92
armor: 85
 ----------------------------
 --- neck --- 
name: jin'do's evil eye
slot: neck
intelligence: 11
stamina: 5
spirit: 6
sp_healing: 44
 ----------------------------
 --- shoulders --- 
name: mantle of the blackwing cabal
slot: shoulders
intelligence: 16
stamina: 12
sp: 34
armor: 84
 ----------------------------
 --- back --- 
name: hide of the wild
slot: back
intelligence: 10
stamina: 8
sp_healing: 42
armor: 48
 ----------------------------
 --- chest --- 
name: truefaith vestments
slot: chest
stamina: 14
sp_healing: 73
mp5: 6
armor: 96
 ----------------------------
 --- wrists --- 
name: zandalar confessor's wraps
slot: wrists
intelligence: 11
stamina: 10
spirit: 12
sp_healing: 24
armor: 41
 ----------------------------
 --- two-hand --- 
name: benediction
slot: two-hand
intelligence: 31
stamina: 10
spirit: 12
sp_healing: 106
spell_crit: 2
shadow_res: 20
 ----------------------------
 ---  --- 
name: 
slot: 
 ----------------------------
 ---  --- 
name: 
slot: 
 ----------------------------
 ---  --- 
name: 
slot: 
 ----------------------------
 --- ranged --- 
name: lunar wand of healing
slot: ranged
sp_healing: 20
 ----------------------------
 --- hands --- 
name: atal'ai hands of healing
slot: hands
sp: 9
sp_healing: 44
armor: 47
 ----------------------------
 --- waist --- 
name: firemaw's clutch
slot: waist
intelligence: 12
stamina: 12
sp: 35
mp5: 5
armor: 64
 ----------------------------
 --- legs --- 
name: empowered leggings
slot: legs
intelligence: 12
stamina: 12
spirit: 24
sp_healing: 77
spell_crit: 1
armor: 103
 ----------------------------
 --- feet --- 
name: boots of pure thought
slot: feet
intelligence: 12
stamina: 8
spirit: 12
sp_healing: 62
armor: 74
 ----------------------------
 --- finger --- 
name: pure elementium band
slot: finger
intelligence: 10
stamina: 9
spirit: 10
sp_healing: 53
 ----------------------------
 --- finger --- 
name: cauterizing band
slot: finger
intelligence: 12
stamina: 9
sp_healing: 46
 ----------------------------
 --- trinket --- 
name: rejuvenating gem
slot: trinket
sp_healing: 66
mp5: 9
 ----------------------------
 --- trinket --- 
name: hazza'rah's charm of healing
slot: trinket
 ----------------------------
 --- Set bonuses ---
name: confessor's 2 hazza'rah's 1 
slot: Set bonuses
sp: 23
------------------
Best value: 305.261
------------------
Char stats: 
Effective hp: 8415.4
Effective mana (100 s, 33 % out of fsr): 15625.9
Raw max mana: 9940.02
Int: 385.48
Stam: 385.48
Spirit: 395.83
Strength: 79.58
Agility: 84.18
All stats multiplier (taken into account above): 1.15
Bonus mana: 2000
Bonus hp: 0
Mp5: 170
Sp: 101
Sp shadow: 0
Sp healing: 909
Spell crit: 21
Spell hit: 0
Arcane res: 27
Nature res: 27
Fire res: 27
Frost res: 27
Shadow res: 47
Armor: 2840.75
Defense: 300
Dodge: 0
Parry: 0
HpsPvp: 995.929
ShadowDps: 240.866
Value pvp healing: 1719.6
Value pvp shadow: 100.583
Effective hp-pvp: 10533.3
Effecctive mana for 100 s, 0.33 fsr: 17269.4
------------------
Best counts:
oh_limit: 0.8
time_left_mul: 2.7
total_deficit_to_pop_trinkets: 17958.6
in combat total: 1154.2
Flash Heal 1, casts: 13, avg: 408.322, 1.50659%, cast time 1.68948% of in combat, overheal: 0.404943
Flash Heal 2, casts: 6, avg: 751.534, 1.27982%, cast time 0.779761% of in combat, overheal: 0.027834
Flash Heal 3, casts: 3, avg: 567.676, 0.483359%, cast time 0.389881% of in combat, overheal: 0.334516
Flash Heal 4, casts: 6, avg: 938.3, 1.59787%, cast time 0.779761% of in combat, overheal: 0
Flash Heal 5, casts: 2, avg: 1076.54, 0.611093%, cast time 0.25992% of in combat, overheal: 0
Flash Heal 6, casts: 7, avg: 1105.56, 2.19648%, cast time 0.909721% of in combat, overheal: 0.0966043
Flash Heal 7, casts: 28, avg: 1385.71, 11.0123%, cast time 3.63888% of in combat, overheal: 0.0195875
Greater Heal 1, casts: 4, avg: 1564.07, 1.77568%, cast time 0.866401% of in combat, overheal: 0.196116
Greater Heal 1 hazz, casts: 5, avg: 1506.13, 2.13737%, cast time 0.649801% of in combat, overheal: 0.225897
Greater Heal 3 hazz, casts: 4, avg: 2253.44, 2.55832%, cast time 0.519841% of in combat, overheal: 0.116561
Greater Heal 4, casts: 32, avg: 2694.28, 24.4704%, cast time 6.93121% of in combat, overheal: 0.0807635
Greater Heal 4 hazz, casts: 11, avg: 2836.63, 8.85613%, cast time 1.42956% of in combat, overheal: 0.0321949
Heal 2, casts: 101, avg: 905.099, 25.9457%, cast time 21.8766% of in combat, overheal: 0.363171
Heal 4, casts: 30, avg: 1828.47, 15.5689%, cast time 6.49801% of in combat, overheal: 0.125216
Total time casting: 545, which is: 47.2189% of time in combat.
Total hps: 305.261, raw hps: 374.322, oh: 0.184497
Deficit time sum: 1.93018e+07, baseline: 2.26854e+07
Deficit*time change / s: 2931.57 hp
Number of combats: 17
Average mana at start of combat: 9190.01
Average mana at end of combat: 7899.74
Other players with hps > 100:
  Bigbodybez : 129.972 hps
  Erathonx : 176.137 hps
  Foolio : 163.01 hps
  Imandie : 134.561 hps
  Juneau : 128.928 hps
  Kekwxd : 100.244 hps
  Kontiainen : 189.634 hps
  Kritikaldg : 168.612 hps
  Meandow : 134.453 hps
------------------
Upgrades: 
( following sorted by alt scores, no specials )
zulian headdress(3.84781) -> crystal adorned crown(6.35837) : 2.51056 = +0.829252%
boots of transcendence(2.50104) -> boots of pure thought(4.30301) : 1.80197 = +0.593811%
handguards of transcendence(2.49286) -> atal'ai hands of healing(3.60623) : 1.11337 = +0.366064%
bindings of transcendence(2.33682) -> zandalar confessor's wraps(3.27536) : 0.938538 = +0.308403%
dragon's touch(0.492645) -> lunar wand of healing(1.36084) : 0.868195 = +0.285222%
zandalar confessor's mantle(1.66571) -> mantle of the blackwing cabal(2.42596) : 0.760254 = +0.249673%
fordring's seal(2.55273) -> cauterizing band(3.21436) : 0.661621 = +0.217211%
whipvine cord(2.24884) -> firemaw's clutch(2.53525) : 0.286407 = +0.0939121%
jin'do's evil eye(3.07123) -> jin'do's evil eye(3.07123) : 0 = +0%
hide of the wild(2.9281) -> hide of the wild(2.9281) : 0 = +0%
truefaith vestments(5.05035) -> truefaith vestments(5.05035) : 0 = +0%
benediction, , , (8.18842) -> benediction, , , (8.18842) : 0 = +0%
empowered leggings(5.70261) -> empowered leggings(5.70261) : 0 = +0%
pure elementium band(3.67657) -> pure elementium band(3.67657) : 0 = +0%
rejuvenating gem(4.61566) -> rejuvenating gem(4.61566) : 0 = +0%
hazza'rah's charm of healing(10.0881) -> hazza'rah's charm of healing(10.0881) : 0 = +0%
------------------
~~~~ end of intermediate results ~~~~
Temporary bans and partial set bonuses on.
...Temporary bans and partial set bonuses off.
.two-hand : benediction    ->   jin'do's hexxer lei of the lifegiver => val: 303.707 -> 303.85
hands : high councillor's gloves of healing -> atal'ai hands of healing => val: 303.85 -> 304.287
shoulders : pauldrons of transcendence -> mantle of the blackwing cabal => val: 304.287 -> 304.708
***** INTERMEDIATE RESULTS *****
Iteration: 8
 ----------------------------
 --- head --- 
name: crystal adorned crown
slot: head
intelligence: 14
spirit: 13
sp_healing: 92
armor: 85
 ----------------------------
 --- neck --- 
name: jin'do's evil eye
slot: neck
intelligence: 11
stamina: 5
spirit: 6
sp_healing: 44
 ----------------------------
 --- shoulders --- 
name: mantle of the blackwing cabal
slot: shoulders
intelligence: 16
stamina: 12
sp: 34
armor: 84
 ----------------------------
 --- back --- 
name: hide of the wild
slot: back
intelligence: 10
stamina: 8
sp_healing: 42
armor: 48
 ----------------------------
 --- chest --- 
name: truefaith vestments
slot: chest
stamina: 14
sp_healing: 73
mp5: 6
armor: 96
 ----------------------------
 --- wrists --- 
name: zandalar confessor's wraps
slot: wrists
intelligence: 11
stamina: 10
spirit: 12
sp_healing: 24
armor: 41
 ----------------------------
 --- two-hand --- 
name: benediction
slot: two-hand
intelligence: 31
stamina: 10
spirit: 12
sp_healing: 106
spell_crit: 2
shadow_res: 20
 ----------------------------
 ---  --- 
name: 
slot: 
 ----------------------------
 ---  --- 
name: 
slot: 
 ----------------------------
 ---  --- 
name: 
slot: 
 ----------------------------
 --- ranged --- 
name: lunar wand of healing
slot: ranged
sp_healing: 20
 ----------------------------
 --- hands --- 
name: atal'ai hands of healing
slot: hands
sp: 9
sp_healing: 44
armor: 47
 ----------------------------
 --- waist --- 
name: firemaw's clutch
slot: waist
intelligence: 12
stamina: 12
sp: 35
mp5: 5
armor: 64
 ----------------------------
 --- legs --- 
name: empowered leggings
slot: legs
intelligence: 12
stamina: 12
spirit: 24
sp_healing: 77
spell_crit: 1
armor: 103
 ----------------------------
 --- feet --- 
name: boots of pure thought
slot: feet
intelligence: 12
stamina: 8
spirit: 12
sp_healing: 62
armor: 74
 ----------------------------
 --- finger --- 
name: pure elementium band
slot: finger
intelligence: 10
stamina: 9
spirit: 10
sp_healing: 53
 ----------------------------
 --- finger --- 
name: cauterizing band
slot: finger
intelligence: 12
stamina: 9
sp_healing: 46
 ----------------------------
 --- trinket --- 
name: rejuvenating gem
slot: trinket
sp_healing: 66
mp5: 9
 ----------------------------
 --- trinket --- 
name: hazza'rah's charm of healing
slot: trinket
 ----------------------------
 --- Set bonuses ---
name: confessor's 2 hazza'rah's 1 
slot: Set bonuses
sp: 23
------------------
Best value: 305.261
------------------
Char stats: 
Effective hp: 8415.4
Effective mana (100 s, 33 % out of fsr): 15625.9
Raw max mana: 9940.02
Int: 385.48
Stam: 385.48
Spirit: 395.83
Strength: 79.58
Agility: 84.18
All stats multiplier (taken into account above): 1.15
Bonus mana: 2000
Bonus hp: 0
Mp5: 170
Sp: 101
Sp shadow: 0
Sp healing: 909
Spell crit: 21
Spell hit: 0
Arcane res: 27
Nature res: 27
Fire res: 27
Frost res: 27
Shadow res: 47
Armor: 2840.75
Defense: 300
Dodge: 0
Parry: 0
HpsPvp: 993.856
ShadowDps: 232.143
Value pvp healing: 1636.49
Value pvp shadow: 89.2846
Effective hp-pvp: 10533.3
Effecctive mana for 100 s, 0.33 fsr: 17269.4
------------------
Best counts:
oh_limit: 0.8
time_left_mul: 2.7
total_deficit_to_pop_trinkets: 17958.6
in combat total: 1154.2
Flash Heal 1, casts: 13, avg: 408.322, 1.50659%, cast time 1.68948% of in combat, overheal: 0.404943
Flash Heal 2, casts: 6, avg: 751.534, 1.27982%, cast time 0.779761% of in combat, overheal: 0.027834
Flash Heal 3, casts: 3, avg: 567.676, 0.483359%, cast time 0.389881% of in combat, overheal: 0.334516
Flash Heal 4, casts: 6, avg: 938.3, 1.59787%, cast time 0.779761% of in combat, overheal: 0
Flash Heal 5, casts: 2, avg: 1076.54, 0.611093%, cast time 0.25992% of in combat, overheal: 0
Flash Heal 6, casts: 7, avg: 1105.56, 2.19648%, cast time 0.909721% of in combat, overheal: 0.0966043
Flash Heal 7, casts: 28, avg: 1385.71, 11.0123%, cast time 3.63888% of in combat, overheal: 0.0195875
Greater Heal 1, casts: 4, avg: 1564.07, 1.77568%, cast time 0.866401% of in combat, overheal: 0.196116
Greater Heal 1 hazz, casts: 5, avg: 1506.13, 2.13737%, cast time 0.649801% of in combat, overheal: 0.225897
Greater Heal 3 hazz, casts: 4, avg: 2253.44, 2.55832%, cast time 0.519841% of in combat, overheal: 0.116561
Greater Heal 4, casts: 32, avg: 2694.28, 24.4704%, cast time 6.93121% of in combat, overheal: 0.0807635
Greater Heal 4 hazz, casts: 11, avg: 2836.63, 8.85613%, cast time 1.42956% of in combat, overheal: 0.0321949
Heal 2, casts: 101, avg: 905.099, 25.9457%, cast time 21.8766% of in combat, overheal: 0.363171
Heal 4, casts: 30, avg: 1828.47, 15.5689%, cast time 6.49801% of in combat, overheal: 0.125216
Total time casting: 545, which is: 47.2189% of time in combat.
Total hps: 305.261, raw hps: 374.322, oh: 0.184497
Deficit time sum: 1.93018e+07, baseline: 2.26854e+07
Deficit*time change / s: 2931.57 hp
Number of combats: 17
Average mana at start of combat: 9190.01
Average mana at end of combat: 7899.74
Other players with hps > 100:
  Bigbodybez : 129.972 hps
  Erathonx : 176.137 hps
  Foolio : 163.01 hps
  Imandie : 134.561 hps
  Juneau : 128.928 hps
  Kekwxd : 100.244 hps
  Kontiainen : 189.634 hps
  Kritikaldg : 168.612 hps
  Meandow : 134.453 hps
------------------
Upgrades: 
( following sorted by alt scores, no specials )
zulian headdress(3.84781) -> crystal adorned crown(6.35837) : 2.51056 = +0.829252%
boots of transcendence(2.50104) -> boots of pure thought(4.30301) : 1.80197 = +0.593811%
handguards of transcendence(2.49286) -> atal'ai hands of healing(3.60623) : 1.11337 = +0.366064%
bindings of transcendence(2.33682) -> zandalar confessor's wraps(3.27536) : 0.938538 = +0.308403%
dragon's touch(0.492645) -> lunar wand of healing(1.36084) : 0.868195 = +0.285222%
zandalar confessor's mantle(1.66571) -> mantle of the blackwing cabal(2.42596) : 0.760254 = +0.249673%
fordring's seal(2.55273) -> cauterizing band(3.21436) : 0.661621 = +0.217211%
whipvine cord(2.24884) -> firemaw's clutch(2.53525) : 0.286407 = +0.0939121%
jin'do's evil eye(3.07123) -> jin'do's evil eye(3.07123) : 0 = +0%
hide of the wild(2.9281) -> hide of the wild(2.9281) : 0 = +0%
truefaith vestments(5.05035) -> truefaith vestments(5.05035) : 0 = +0%
benediction, , , (8.18842) -> benediction, , , (8.18842) : 0 = +0%
empowered leggings(5.70261) -> empowered leggings(5.70261) : 0 = +0%
pure elementium band(3.67657) -> pure elementium band(3.67657) : 0 = +0%
rejuvenating gem(4.61566) -> rejuvenating gem(4.61566) : 0 = +0%
hazza'rah's charm of healing(10.0881) -> hazza'rah's charm of healing(10.0881) : 0 = +0%
------------------
~~~~ end of intermediate results ~~~~
Same items for intermediate results again, ending optimization. 
 ----------------------------
 --- head --- 
name: crystal adorned crown
slot: head
intelligence: 14
spirit: 13
sp_healing: 92
armor: 85
 ----------------------------
 --- neck --- 
name: jin'do's evil eye
slot: neck
intelligence: 11
stamina: 5
spirit: 6
sp_healing: 44
 ----------------------------
 --- shoulders --- 
name: mantle of the blackwing cabal
slot: shoulders
intelligence: 16
stamina: 12
sp: 34
armor: 84
 ----------------------------
 --- back --- 
name: hide of the wild
slot: back
intelligence: 10
stamina: 8
sp_healing: 42
armor: 48
 ----------------------------
 --- chest --- 
name: truefaith vestments
slot: chest
stamina: 14
sp_healing: 73
mp5: 6
armor: 96
 ----------------------------
 --- wrists --- 
name: zandalar confessor's wraps
slot: wrists
intelligence: 11
stamina: 10
spirit: 12
sp_healing: 24
armor: 41
 ----------------------------
 --- two-hand --- 
name: benediction
slot: two-hand
intelligence: 31
stamina: 10
spirit: 12
sp_healing: 106
spell_crit: 2
shadow_res: 20
 ----------------------------
 ---  --- 
name: 
slot: 
 ----------------------------
 ---  --- 
name: 
slot: 
 ----------------------------
 ---  --- 
name: 
slot: 
 ----------------------------
 --- ranged --- 
name: lunar wand of healing
slot: ranged
sp_healing: 20
 ----------------------------
 --- hands --- 
name: atal'ai hands of healing
slot: hands
sp: 9
sp_healing: 44
armor: 47
 ----------------------------
 --- waist --- 
name: firemaw's clutch
slot: waist
intelligence: 12
stamina: 12
sp: 35
mp5: 5
armor: 64
 ----------------------------
 --- legs --- 
name: empowered leggings
slot: legs
intelligence: 12
stamina: 12
spirit: 24
sp_healing: 77
spell_crit: 1
armor: 103
 ----------------------------
 --- feet --- 
name: boots of pure thought
slot: feet
intelligence: 12
stamina: 8
spirit: 12
sp_healing: 62
armor: 74
 ----------------------------
 --- finger --- 
name: pure elementium band
slot: finger
intelligence: 10
stamina: 9
spirit: 10
sp_healing: 53
 ----------------------------
 --- finger --- 
name: cauterizing band
slot: finger
intelligence: 12
stamina: 9
sp_healing: 46
 ----------------------------
 --- trinket --- 
name: rejuvenating gem
slot: trinket
sp_healing: 66
mp5: 9
 ----------------------------
 --- trinket --- 
name: hazza'rah's charm of healing
slot: trinket
 ----------------------------
 --- Set bonuses ---
name: confessor's 2 hazza'rah's 1 
slot: Set bonuses
sp: 23
------------------
Char stats: 
Effective hp: 8415.4
Effective mana (100 s, 33 % out of fsr): 15625.9
Raw max mana: 9940.02
Int: 385.48
Stam: 385.48
Spirit: 395.83
Strength: 79.58
Agility: 84.18
All stats multiplier (taken into account above): 1.15
Bonus mana: 2000
Bonus hp: 0
Mp5: 170
Sp: 101
Sp shadow: 0
Sp healing: 909
Spell crit: 21
Spell hit: 0
Arcane res: 27
Nature res: 27
Fire res: 27
Frost res: 27
Shadow res: 47
Armor: 2840.75
Defense: 300
Dodge: 0
Parry: 0
HpsPvp: 995.929
ShadowDps: 240.866
Value pvp healing: 1719.6
Value pvp shadow: 100.583
Effective hp-pvp: 10533.3
Effecctive mana for 100 s, 0.33 fsr: 17269.4
------------------
Best counts:
oh_limit: 0.8
time_left_mul: 2.7
total_deficit_to_pop_trinkets: 17958.6
in combat total: 1154.2
Flash Heal 1, casts: 13, avg: 408.322, 1.50659%, cast time 1.68948% of in combat, overheal: 0.404943
Flash Heal 2, casts: 6, avg: 751.534, 1.27982%, cast time 0.779761% of in combat, overheal: 0.027834
Flash Heal 3, casts: 3, avg: 567.676, 0.483359%, cast time 0.389881% of in combat, overheal: 0.334516
Flash Heal 4, casts: 6, avg: 938.3, 1.59787%, cast time 0.779761% of in combat, overheal: 0
Flash Heal 5, casts: 2, avg: 1076.54, 0.611093%, cast time 0.25992% of in combat, overheal: 0
Flash Heal 6, casts: 7, avg: 1105.56, 2.19648%, cast time 0.909721% of in combat, overheal: 0.0966043
Flash Heal 7, casts: 28, avg: 1385.71, 11.0123%, cast time 3.63888% of in combat, overheal: 0.0195875
Greater Heal 1, casts: 4, avg: 1564.07, 1.77568%, cast time 0.866401% of in combat, overheal: 0.196116
Greater Heal 1 hazz, casts: 5, avg: 1506.13, 2.13737%, cast time 0.649801% of in combat, overheal: 0.225897
Greater Heal 3 hazz, casts: 4, avg: 2253.44, 2.55832%, cast time 0.519841% of in combat, overheal: 0.116561
Greater Heal 4, casts: 32, avg: 2694.28, 24.4704%, cast time 6.93121% of in combat, overheal: 0.0807635
Greater Heal 4 hazz, casts: 11, avg: 2836.63, 8.85613%, cast time 1.42956% of in combat, overheal: 0.0321949
Heal 2, casts: 101, avg: 905.099, 25.9457%, cast time 21.8766% of in combat, overheal: 0.363171
Heal 4, casts: 30, avg: 1828.47, 15.5689%, cast time 6.49801% of in combat, overheal: 0.125216
Total time casting: 545, which is: 47.2189% of time in combat.
Total hps: 305.261, raw hps: 374.322, oh: 0.184497
Deficit time sum: 1.93018e+07, baseline: 2.26854e+07
Deficit*time change / s: 2931.57 hp
Number of combats: 17
Average mana at start of combat: 9190.01
Average mana at end of combat: 7899.74
Other players with hps > 100:
  Bigbodybez : 129.972 hps
  Erathonx : 176.137 hps
  Foolio : 163.01 hps
  Imandie : 134.561 hps
  Juneau : 128.928 hps
  Kekwxd : 100.244 hps
  Kontiainen : 189.634 hps
  Kritikaldg : 168.612 hps
  Meandow : 134.453 hps
------------------
Based on last: 3000 entries, out of total: 7185 entries, The least-squares solution is:
Int: 8.11878
Spirit: 0
Sp / Healing: 100
Mp5: 37.5389
Crit: 634.233
T1 3p/piece: 345.119
T2 3p/piece: 173.091
Hazza'rah's: 18680.8
Darkmoon: 644.439
100 points == 1 sp == 0.0682689 hps.
Appended tag:
( Pawn: v1: "zoo_bwl_speed_phase4": Intellect=8.11878, Spirit=0, Healing=100, Mp5=37.5389, SpellCritRating=634.233, IsFist=X, Is2HMace=X, IsCrossbow=X, IsGun=X, IsShield=X, IsPolearm=X, Is2HAxe=X, IsBow=X, IsMail=X, IsPlate=X, IsLeather=X, IsAxe=X, Is2HAxe=X, IsSword=X, Is2HSword=X)
To file: zoo_bwl_speed_phase4.pawn_tag.txt
------------------
Diffs to start: 
Upgrades: 
( following sorted by alt scores, no specials )
zulian headdress(3.83792) -> crystal adorned crown(6.35834) : 2.52042 = +0.832535%
boots of transcendence(2.48364) -> boots of pure thought(4.29919) : 1.81555 = +0.598313%
handguards of transcendence(2.52362) -> atal'ai hands of healing(3.61826) : 1.09464 = +0.359881%
bindings of transcendence(2.32492) -> zandalar confessor's wraps(3.26959) : 0.944672 = +0.310425%
dragon's touch(0.476135) -> lunar wand of healing(1.36539) : 0.889252 = +0.29216%
zandalar confessor's mantle(1.63495) -> mantle of the blackwing cabal(2.40982) : 0.774872 = +0.254485%
fordring's seal(2.55365) -> cauterizing band(3.20688) : 0.653229 = +0.214449%
whipvine cord(2.31445) -> firemaw's clutch(2.58405) : 0.269592 = +0.0883935%
jin'do's evil eye(3.06479) -> jin'do's evil eye(3.06479) : 0 = +0%
hide of the wild(2.92273) -> hide of the wild(2.92273) : 0 = +0%
truefaith vestments(5.13739) -> truefaith vestments(5.13739) : 0 = +0%
benediction, , , (8.27429) -> benediction, , , (8.27429) : 0 = +0%
empowered leggings(5.7562) -> empowered leggings(5.7562) : 0 = +0%
pure elementium band(3.67368) -> pure elementium band(3.67368) : 0 = +0%
rejuvenating gem(4.73639) -> rejuvenating gem(4.73639) : 0 = +0%
hazza'rah's charm of healing(14.3234) -> hazza'rah's charm of healing(14.3234) : 0 = +0%
- - - - - - - - - - - - - - - - - - - - - - - - - - - - - - - - - - - - - - - - - 
| Upgrades at best in slot level, from start item to candidate, partial bonuses: 1: |
  alt scores are from least squares fit, special score from e.g. set bonuses as s are part of em
. . . . . . . . . . . . . . . . . . . . . . . . . . . . . . . . . . . . . . . . . 
- . - ' - . - ' - . - ' - . - ' - . - ' - . -
head, zulian headdress (5.36447), alt: 3.83792 -> :
    crystal adorned crown (7.82825) : +0.812626 %, alt : +6.35833, from: azuregos
    eternal crown of healing (6.24969) : +0.291973 %, alt : +4.36921, from: random green
    green lens of healing (6.12936) : +0.252284 %, alt : +3.68652, from: pre-raid
    halo of transcendence (6.25336) : +0.293181 %, alt : +3.54472 (s: 0.118167), from: onyxia
    mish'undare circlet of mind flayer (6.12576) : +0.251096 %, alt : +3.3884, from: bwl
    cassandra's grace (5.95868) : +0.195987 %, alt : +3.00383, from: pre-raid
    cassandra's grace (5.95868) : +0.195987 %, alt : +3.00383, from: pre-raid
    the hexxer's cover (5.77341) : +0.134879 %, alt : +2.85445, from: zg
- . - ' - . - ' - . - ' - . - ' - . - ' - . -
neck, jin'do's evil eye (1.51834), alt: 3.06479 -> :
    the all-seeing eye of zuldazar (0.534393) : -0.321919 %, alt : +1.27318, from: zg
- . - ' - . - ' - . - ' - . - ' - . - ' - . -
shoulders, zandalar confessor's mantle (1.72693), alt: 1.63495 -> :
    mantle of the blackwing cabal (2.32895) : +0.197352 %, alt : +2.40982, from: bwl
    pauldrons of transcendence (1.97867) : +0.0825243 %, alt : +2.03172 (s: 0.118167), from: bwl
    zandalar confessor's mantle (1.72693) : +0 %, alt : +1.63494, from: zg
    burial shawl (2.59244) : +0.283728 %, alt : +1.45406, from: pre-raid
- . - ' - . - ' - . - ' - . - ' - . - ' - . -
back, hide of the wild (1.39401), alt: 2.92273 -> :
    archivist cape of healing (1.43192) : +0.0124007 %, alt : +2.35538, from: pre-raid
    hakkari loa cloak (1.46979) : +0.0247914 %, alt : +2.28613, from: zg
    drape of benediction (1.42612) : +0.0105037 %, alt : +2.18839, from: azuregos
- . - ' - . - ' - . - ' - . - ' - . - ' - . -
chest, truefaith vestments (5.73611), alt: 5.13739 -> :
    robes of transcendence (5.78983) : +0.0175726 %, alt : +4.15914 (s: 0.118167), from: bwl
- . - ' - . - ' - . - ' - . - ' - . - ' - . -
wrists, bindings of transcendence (0.969543), alt: 2.44308 (s: 0.118167) -> :
    zandalar confessor's wraps (1.76706) : +0.261606 %, alt : +3.26961, from: zg
    flameweave cuffs of healing (1.96127) : +0.325314 %, alt : +2.25287, from: brd
    vambraces of prophecy (1.05975) : +0.0295913 %, alt : +2.17611 (s: 0.235609), from: mc
- . - ' - . - ' - . - ' - . - ' - . - ' - . -
two-hand, benediction (7.29871), alt: 8.27429 -> :
    lok'amir il romathis and lei of the lifegiver (8.00531) : +0.23118 %, alt : +9.52949, from: bwl, av rep
    lok'amir il romathis and brightly glowing stone (7.64261) : +0.112515 %, alt : +8.3603, from: bwl, pre-raid
- . - ' - . - ' - . - ' - . - ' - . - ' - . -
ranged, dragon's touch (-0.0792236), alt: 0.476135 -> :
    lunar wand of healing (1.0195) : +0.360767 %, alt : +1.36538, from: random green
    bonecreeper stylus (0.781952) : +0.282768 %, alt : +0.773128, from: pre-raid
    essence gatherer (0.407928) : +0.159957 %, alt : +0.166935, from: bwl
    oblivion's touch (0.0692139) : +0.0487396 %, alt : +0.0609686, from: pre-raid
    mar'li's touch (0.433105) : +0.168224 %, alt : +0.0609686, from: zg
- . - ' - . - ' - . - ' - . - ' - . - ' - . -
hands, handguards of transcendence (2.0321), alt: 2.64182 (s: 0.118167) -> :
    atal'ai hands of healing (2.37891) : +0.113592 %, alt : +3.61825, from: sunken temple
    high councillor's gloves of healing (1.82117) : -0.069091 %, alt : +3.14037, from: random green
- . - ' - . - ' - . - ' - . - ' - . - ' - . -
waist, whipvine cord (2.40405), alt: 2.31445 -> :
    firemaw's clutch (2.38416) : -0.00650944 %, alt : +2.58406, from: bwl
    zandalar confessor's bindings (2.17184) : -0.0759668 %, alt : +1.88584, from: zg
- . - ' - . - ' - . - ' - . - ' - . - ' - . -
legs, empowered leggings (6.32117), alt: 5.7562 -> :
- . - ' - . - ' - . - ' - . - ' - . - ' - . -
feet, boots of transcendence (3.45221), alt: 2.60181 (s: 0.118167) -> :
    boots of pure thought (5.0462) : +0.524242 %, alt : +4.29918, from: bwl
    snowblind shoes (3.87192) : +0.138036 %, alt : +2.36817, from: azuregos
    boots of prophecy (3.75891) : +0.10087 %, alt : +1.73741 (s: 0.235609), from: mc
    omnicast boots (3.86093) : +0.134423 %, alt : +1.5518, from: pre-raid
    dragonrider boots (3.62378) : +0.0564269 %, alt : +1.31752, from: pre-raid
- . - ' - . - ' - . - ' - . - ' - . - ' - . -
finger, pure elementium band (2.44272), alt: 3.67368 -> :
- . - ' - . - ' - . - ' - . - ' - . - ' - . -
finger 2, fordring's seal (1.38333), alt: 2.55365 -> :
    pure elementium band (2.58994) : +0.395162 %, alt : +3.67368, from: bwl
    cauterizing band (1.69034) : +0.100545 %, alt : +3.20688, from: mc
    primalist's seal (2.01443) : +0.206686 %, alt : +3.17275, from: zg
- . - ' - . - ' - . - ' - . - ' - . - ' - . -
trinket, rejuvenating gem (5.29266), alt: 4.73639 -> :
    hazza'rah's charm of healing (0) : -1.7316 %, alt : +14.3234, from: zg
    darkmoon card: blue dragon (-0.136871) : -1.77639 %, alt : +0.439952, from: 
- . - ' - . - ' - . - ' - . - ' - . - ' - . -
trinket 2, hazza'rah's charm of healing (18.555), alt: 14.3234 -> :
    hazza'rah's charm of healing (18.555) : +0 %, alt : +14.3234, from: zg
    darkmoon card: blue dragon (0.439362) : -5.9269 %, alt : +0.439952, from: 
- - - - - - - - - - - - - - - - - - - - - - - - - - - - - - - - - - - - - - - - - 
| Upgrades at best in slot level, from start item to candidate, partial bonuses: 0: |
  alt scores are from least squares fit, special score from e.g. set bonuses as s are part of em
. . . . . . . . . . . . . . . . . . . . . . . . . . . . . . . . . . . . . . . . . 
- . - ' - . - ' - . - ' - . - ' - . - ' - . -
head, zulian headdress (4.18384), alt: 3.83792 -> :
    crystal adorned crown (5.60818) : +0.468788 %, alt : +6.35833, from: azuregos
    eternal crown of healing (4.78397) : +0.197517 %, alt : +4.36921, from: random green
- . - ' - . - ' - . - ' - . - ' - . - ' - . -
neck, jin'do's evil eye (2.02621), alt: 3.06479 -> :
    the all-seeing eye of zuldazar (0.907227) : -0.366568 %, alt : +1.27318, from: zg
- . - ' - . - ' - . - ' - . - ' - . - ' - . -
shoulders, zandalar confessor's mantle (0.266907), alt: 1.63495 -> :
    mantle of the blackwing cabal (1.28418) : +0.334362 %, alt : +2.40982, from: bwl
    pauldrons of transcendence (1.1149) : +0.278722 %, alt : +1.91356, from: bwl
    zandalar confessor's mantle (0.266907) : +0 %, alt : +1.63494, from: zg
    burial shawl (0.385925) : +0.0391195 %, alt : +1.45406, from: pre-raid
    kentic amice (0.373077) : +0.0348966 %, alt : +1.02782, from: pre-raid
- . - ' - . - ' - . - ' - . - ' - . - ' - . -
back, hide of the wild (2.09363), alt: 2.92273 -> :
- . - ' - . - ' - . - ' - . - ' - . - ' - . -
chest, truefaith vestments (6.08984), alt: 5.13739 -> :
- . - ' - . - ' - . - ' - . - ' - . - ' - . -
wrists, bindings of transcendence (1.75275), alt: 2.32492 -> :
    zandalar confessor's wraps (2.27444) : +0.171195 %, alt : +3.26961, from: zg
- . - ' - . - ' - . - ' - . - ' - . - ' - . -
two-hand, benediction (7.62747), alt: 8.27429 -> :
    lok'amir il romathis and lei of the lifegiver (8.07916) : +0.147969 %, alt : +9.52949, from: bwl, av rep
    lok'amir il romathis and brightly glowing stone (7.46194) : -0.0542249 %, alt : +8.3603, from: bwl, pre-raid
    lok'amir il romathis and trance stone (8.06277) : +0.1426 %, alt : +7.58542, from: bwl, emeriss; lethon; taerar; ysondre
- . - ' - . - ' - . - ' - . - ' - . - ' - . -
ranged, dragon's touch (-0.261444), alt: 0.476135 -> :
    lunar wand of healing (1.25592) : +0.499555 %, alt : +1.36538, from: random green
    bonecreeper stylus (0.612366) : +0.28768 %, alt : +0.773128, from: pre-raid
    essence gatherer (-0.170441) : +0.0299606 %, alt : +0.166935, from: bwl
    oblivion's touch (0.0697021) : +0.109022 %, alt : +0.0609686, from: pre-raid
    mar'li's touch (-0.145111) : +0.0382998 %, alt : +0.0609686, from: zg
- . - ' - . - ' - . - ' - . - ' - . - ' - . -
hands, handguards of transcendence (3.62808), alt: 2.52362 -> :
    atal'ai hands of healing (4.918) : +0.424356 %, alt : +3.61825, from: sunken temple
    high councillor's gloves of healing (4.99075) : +0.44829 %, alt : +3.14037, from: random green
    hands of power (3.84433) : +0.0711409 %, alt : +1.80825, from: pre-raid
    dreamweave gloves (4.0433) : +0.136599 %, alt : +1.25101, from: pre-raid
- . - ' - . - ' - . - ' - . - ' - . - ' - . -
waist, whipvine cord (1.41782), alt: 2.31445 -> :
    firemaw's clutch (1.34161) : -0.0249568 %, alt : +2.58406, from: bwl
    zandalar confessor's bindings (0.723267) : -0.22747 %, alt : +1.88584, from: zg
- . - ' - . - ' - . - ' - . - ' - . - ' - . -
legs, empowered leggings (6.92099), alt: 5.7562 -> :
- . - ' - . - ' - . - ' - . - ' - . - ' - . -
feet, boots of transcendence (4.31189), alt: 2.48364 -> :
    boots of pure thought (5.39191) : +0.355058 %, alt : +4.29918, from: bwl
    snowblind shoes (4.84412) : +0.174971 %, alt : +2.36817, from: azuregos
    betrayer's boots (4.37537) : +0.0208681 %, alt : +2.11458, from: zg
- . - ' - . - ' - . - ' - . - ' - . - ' - . -
finger, pure elementium band (4.84448), alt: 3.67368 -> :
    cauterizing band (4.92987) : +0.0279722 %, alt : +3.20688, from: mc
- . - ' - . - ' - . - ' - . - ' - . - ' - . -
finger 2, fordring's seal (1.48492), alt: 2.55365 -> :
    pure elementium band (2.58075) : +0.359821 %, alt : +3.67368, from: bwl
    cauterizing band (2.19775) : +0.234062 %, alt : +3.20688, from: mc
    maiden's circle (1.79489) : +0.101779 %, alt : +1.26764, from: pre-raid
- . - ' - . - ' - . - ' - . - ' - . - ' - . -
trinket, rejuvenating gem (5.63916), alt: 4.73639 -> :
    hazza'rah's charm of healing (0) : -1.84733 %, alt : +14.3234, from: zg
    darkmoon card: blue dragon (-0.141388) : -1.89364 %, alt : +0.439952, from: 
- . - ' - . - ' - . - ' - . - ' - . - ' - . -
trinket 2, hazza'rah's charm of healing (19.2061), alt: 14.3234 -> :
    hazza'rah's charm of healing (19.2061) : +0 %, alt : +14.3234, from: zg
    darkmoon card: blue dragon (0.482513) : -6.13365 %, alt : +0.439952, from: 
- - - - - - - - - - - - - - - - - - - - - - - - - - - - - - - - - - - - - - - - - 
| Upgrades at start level, from start item to candidate, partial bonuses: 1: |
  alt scores are from least squares fit, special score from e.g. set bonuses as s are part of em
. . . . . . . . . . . . . . . . . . . . . . . . . . . . . . . . . . . . . . . . . 
- . - ' - . - ' - . - ' - . - ' - . - ' - . -
head, zulian headdress (2.44818), alt: 3.83792 -> :
    crystal adorned crown (3.07574) : +0.211202 %, alt : +6.35833, from: azuregos
    eternal crown of healing (4.83505) : +0.803286 %, alt : +4.36921, from: random green
    green lens of healing (3.54562) : +0.369337 %, alt : +3.68652, from: pre-raid
    halo of transcendence (1.94315) : -0.169966 %, alt : +3.42656, from: onyxia
    cassandra's grace (3.04532) : +0.200963 %, alt : +3.00383, from: pre-raid
    cassandra's grace (3.04532) : +0.200963 %, alt : +3.00383, from: pre-raid
    the hexxer's cover (2.86081) : +0.138867 %, alt : +2.85445, from: zg
    crimson felt hat (3.69553) : +0.419786 %, alt : +2.09241, from: pre-raid
    papal fez (3.48917) : +0.350337 %, alt : +1.59614, from: pre-raid
    dreamweave circlet (3.36011) : +0.306903 %, alt : +1.48907, from: pre-raid
- . - ' - . - ' - . - ' - . - ' - . - ' - . -
neck, jin'do's evil eye (2.49933), alt: 3.06479 -> :
    animated chain necklace (3.1218) : +0.209487 %, alt : +2.25287, from: pre-raid
    wavefront necklace (3.17416) : +0.227111 %, alt : +1.87673, from: silithus
    jeklik's opaline talisman (3.97363) : +0.496167 %, alt : +1.5788, from: zg
    the all-seeing eye of zuldazar (2.42099) : -0.0263643 %, alt : +1.27318, from: zg
- . - ' - . - ' - . - ' - . - ' - . - ' - . -
shoulders, zandalar confessor's mantle (2.40628), alt: 3.20511 -> :
    zandalar confessor's mantle (2.40628) : +0 %, alt : +3.20512, from: zg
    mantle of the blackwing cabal (3.04788) : +0.215927 %, alt : +2.40982, from: bwl
    pauldrons of transcendence (1.50351) : -0.303822 %, alt : +1.91356, from: bwl
    burial shawl (3.64722) : +0.417629 %, alt : +1.45406, from: pre-raid
    mantle of prophecy (3.34467) : +0.315807 %, alt : +1.1507 (s: 0.235609), from: mc
    kentic amice (3.53241) : +0.378991 %, alt : +1.02782, from: pre-raid
    elder wizard's mantle (3.32455) : +0.309039 %, alt : +0.86181, from: pre-raid
- . - ' - . - ' - . - ' - . - ' - . - ' - . -
back, hide of the wild (2.32297), alt: 2.92273 -> :
    cloak of the hakkari worshipers (2.65833) : +0.112862 %, alt : +1.60344, from: zg
- . - ' - . - ' - . - ' - . - ' - . - ' - . -
chest, truefaith vestments (3.21881), alt: 5.13739 -> :
    robes of transcendence (2.39664) : -0.276697 %, alt : +4.04098, from: bwl
    jade inlaid vestments (3.43271) : +0.0719859 %, alt : +3.1036, from: ysondre
- . - ' - . - ' - . - ' - . - ' - . - ' - . -
wrists, bindings of transcendence (-1.47781), alt: 2.44308 (s: 0.118167) -> :
    bindings of transcendence (-1.47781) : +0 %, alt : +2.44309 (s: 0.118167), from: bwl
    flameweave cuffs of healing (0.451263) : +0.649218 %, alt : +2.25287, from: brd
    vambraces of prophecy (-0.713287) : +0.257296 %, alt : +2.17611 (s: 0.235609), from: mc
    black bark wristbands (-0.0912781) : +0.466629 %, alt : +1.72889, from: lethon
    zandalar confessor's wraps (-0.798492) : +0.228621 %, alt : +1.69942, from: zg
    bracers of arcane accuracy (-0.143951) : +0.448903 %, alt : +1.50016, from: bwl
    sublime wristguards (0.132141) : +0.54182 %, alt : +0.874653, from: pre-raid
- . - ' - . - ' - . - ' - . - ' - . - ' - . -
two-hand, benediction (6.10913), alt: 8.27429 -> :
    lok'amir il romathis and lei of the lifegiver (6.77805) : +0.225119 %, alt : +9.52949, from: bwl, av rep
    lok'amir il romathis and brightly glowing stone (8.23923) : +0.71687 %, alt : +8.3603, from: bwl, pre-raid
    lok'amir il romathis and arlokk's hoodoo stick (6.92087) : +0.273185 %, alt : +7.76925, from: bwl, zg
    jin'do's hexxer and lei of the lifegiver (6.79822) : +0.231908 %, alt : +7.65971, from: zg, av rep
    lok'amir il romathis and trance stone (6.93979) : +0.279552 %, alt : +7.58542, from: bwl, emeriss; lethon; taerar; ysondre
    fang of the mystics and lei of the lifegiver (6.45581) : +0.116673 %, alt : +7.01681, from: azuregos, av rep
    staff of the shadow flame (6.37247) : +0.088624 %, alt : +6.76129, from: bwl
    jin'do's hexxer and brightly glowing stone (7.46729) : +0.457078 %, alt : +6.49053, from: zg, pre-raid
    staff of rampant growth (7.45987) : +0.454582 %, alt : +6.10517, from: emeriss; lethon; taerar; ysondre
    wushoolay's poker and lei of the lifegiver (7.09973) : +0.33338 %, alt : +5.96523, from: zg, av rep
    jin'do's hexxer and arlokk's hoodoo stick (6.99634) : +0.298584 %, alt : +5.89948, from: zg, zg
    fang of the mystics and brightly glowing stone (6.95831) : +0.285787 %, alt : +5.84762, from: azuregos, pre-raid
    the hammer of grace and lei of the lifegiver (7.09973) : +0.33338 %, alt : +5.81147, from: pre-raid, av rep
    jin'do's hexxer and trance stone (6.91913) : +0.272599 %, alt : +5.71564, from: zg, emeriss; lethon; taerar; ysondre
    zulian scepter of rites and lei of the lifegiver (6.73193) : +0.2096 %, alt : +5.61697, from: zg, av rep
    aurastone hammer and lei of the lifegiver (6.66092) : +0.185701 %, alt : +5.58542, from: mc, av rep
    fang of venoxis and lei of the lifegiver (6.81827) : +0.238655 %, alt : +5.53169, from: zg, av rep
    sorcerous dagger and lei of the lifegiver (6.28635) : +0.0596407 %, alt : +5.15474, from: mc, av rep
- . - ' - . - ' - . - ' - . - ' - . - ' - . -
ranged, dragon's touch (-0.699585), alt: 0.476135 -> :
    lunar wand of healing (1.6658) : +0.796055 %, alt : +1.36538, from: random green
    bonecreeper stylus (0.943512) : +0.552973 %, alt : +0.773128, from: pre-raid
- . - ' - . - ' - . - ' - . - ' - . - ' - . -
hands, handguards of transcendence (-1.38898), alt: 2.64182 (s: 0.118167) -> :
    atal'ai hands of healing (-0.212952) : +0.395784 %, alt : +3.61825, from: sunken temple
    high councillor's gloves of healing (1.53302) : +0.983379 %, alt : +3.14037, from: random green
    handguards of transcendence (-1.38898) : +0 %, alt : +2.6418 (s: 0.118167), from: bwl
    hands of the exalted herald (-0.0746155) : +0.44234 %, alt : +2.32493, from: pre-raid
    gloves of delusional power (-0.523193) : +0.291374 %, alt : +2.06008, from: emeriss; lethon; taerar; ysondre
    gloves of prophecy (-0.937256) : +0.152024 %, alt : +1.87455 (s: 0.235609), from: mc
    hands of power (0.00314331) : +0.468509 %, alt : +1.80825, from: pre-raid
    bloodtinged gloves (-0.388275) : +0.33678 %, alt : +1.35253, from: zg
    dreamweave gloves (-0.443756) : +0.318108 %, alt : +1.25101, from: pre-raid
    atal'ai gloves of the owl (-0.102448) : +0.432973 %, alt : +0.686474, from: pre-raid
- . - ' - . - ' - . - ' - . - ' - . - ' - . -
waist, whipvine cord (-1.14536), alt: 2.31445 -> :
    firemaw's clutch (-0.787476) : +0.120442 %, alt : +2.58406, from: bwl
    belt of untapped power (-0.0413208) : +0.371555 %, alt : +2.0186, from: zg
    belt of transcendence (-1.44592) : -0.101154 %, alt : +1.9191, from: bwl
    zandalar confessor's bindings (-1.48419) : -0.114033 %, alt : +1.88584, from: zg
    belt of the dark bog (-0.949005) : +0.0660803 %, alt : +1.00011, from: lethon
    ban'thok sash (-0.765381) : +0.127878 %, alt : +0.880195, from: pre-raid
- . - ' - . - ' - . - ' - . - ' - . - ' - . -
legs, empowered leggings (3.99252), alt: 5.7562 -> :
    leggings of transcendence (3.85956) : -0.0447485 %, alt : +3.43615, from: mc
    senior designer's pantaloons (4.2717) : +0.0939544 %, alt : +2.76955, from: pre-raid
- . - ' - . - ' - . - ' - . - ' - . - ' - . -
feet, boots of transcendence (-1.28293), alt: 2.60181 (s: 0.118167) -> :
    boots of pure thought (0.561768) : +0.62082 %, alt : +4.29918, from: bwl
    boots of transcendence (-1.28293) : +0 %, alt : +2.6018 (s: 0.118167), from: bwl
    snowblind shoes (-0.240082) : +0.350963 %, alt : +2.36817, from: azuregos
    betrayer's boots (-0.327362) : +0.32159 %, alt : +2.11458, from: zg
    boots of the full moon (0.0460205) : +0.447249 %, alt : +1.8415, from: pre-raid
    boots of prophecy (-0.847046) : +0.146693 %, alt : +1.73741 (s: 0.235609), from: mc
    omnicast boots (-0.0764771) : +0.406023 %, alt : +1.5518, from: pre-raid
    dragonrider boots (-0.364349) : +0.309142 %, alt : +1.31752, from: pre-raid
- . - ' - . - ' - . - ' - . - ' - . - ' - . -
finger, pure elementium band (2.11957), alt: 3.67368 -> :
    fordring's seal (2.36685) : +0.0832218 %, alt : +2.55366, from: pre-raid
    ring of spellpower (3.76877) : +0.555027 %, alt : +2.25287, from: mc
    rosewine circle (3.43185) : +0.441641 %, alt : +2.10793, from: pre-raid
    mindtear band (3.26086) : +0.384096 %, alt : +1.96816, from: taerar
    band of servitude (3.39407) : +0.428926 %, alt : +1.62007, from: zg
    ring of blackrock (3.25665) : +0.382678 %, alt : +1.52776, from: bwl
    band of forced concentration (3.24481) : +0.378693 %, alt : +1.50016, from: bwl
    primalist's band (2.85287) : +0.24679 %, alt : +1.33563, from: zg
    eye of orgrimmar (2.96005) : +0.28286 %, alt : +1.26764, from: pre-raid
    maiden's circle (2.96005) : +0.28286 %, alt : +1.26764, from: pre-raid
    zanzil's seal (2.38895) : +0.0906576 %, alt : +0.806384, from: zg
- . - ' - . - ' - . - ' - . - ' - . - ' - . -
finger 2, fordring's seal (-0.65918), alt: 2.55365 -> :
    pure elementium band (0.69812) : +0.45679 %, alt : +3.67368, from: bwl
    cauterizing band (0.13205) : +0.266283 %, alt : +3.20688, from: mc
    primalist's seal (0.0907288) : +0.252377 %, alt : +3.17275, from: zg
    ring of spellpower (0.252228) : +0.306728 %, alt : +2.25287, from: mc
    primalist's band (0.0378113) : +0.234568 %, alt : +1.33563, from: zg
    cyclopean band (0.80307) : +0.49211 %, alt : +0.653218, from: pre-raid
    zanzil's band (0) : +0.221843 %, alt : +0.10251, from: zg
    band of the hierophant (0.0640259) : +0.24339 %, alt : +0.055426, from: pre-raid
    blood of the martyr (0.0640259) : +0.24339 %, alt : +0.055426, from: pre-raid
    royal seal of alexis (0.0640259) : +0.24339 %, alt : +0.055426, from: pre-raid
    ring of binding (0) : +0.221843 %, alt : +0, from: onyxia
- . - ' - . - ' - . - ' - . - ' - . - ' - . -
trinket, rejuvenating gem (2.94711), alt: 4.73639 -> :
    hazza'rah's charm of healing (0) : -0.991831 %, alt : +14.3234, from: zg
    royal seal of eldre'thalas (3.97528) : +0.346023 %, alt : +2.35538, from: pre-raid
    darkmoon card: blue dragon (-1.46552) : -1.48504 %, alt : +0.439952, from: 
- . - ' - . - ' - . - ' - . - ' - . - ' - . -
trinket 2, hazza'rah's charm of healing (16.4257), alt: 14.3234 -> :
    hazza'rah's charm of healing (16.4257) : +0 %, alt : +14.3234, from: zg
    darkmoon card: blue dragon (0) : -5.52796 %, alt : +0.439952, from: 
- - - - - - - - - - - - - - - - - - - - - - - - - - - - - - - - - - - - - - - - - 
| Upgrades at start level, from start item to candidate, partial bonuses: 0: |
  alt scores are from least squares fit, special score from e.g. set bonuses as s are part of em
. . . . . . . . . . . . . . . . . . . . . . . . . . . . . . . . . . . . . . . . . 
- . - ' - . - ' - . - ' - . - ' - . - ' - . -
head, zulian headdress (2.46082), alt: 3.83792 -> :
    crystal adorned crown (2.89746) : +0.147258 %, alt : +6.35833, from: azuregos
    eternal crown of healing (4.05499) : +0.537635 %, alt : +4.36921, from: random green
    green lens of healing (3.55588) : +0.369309 %, alt : +3.68652, from: pre-raid
    halo of transcendence (1.96036) : -0.168779 %, alt : +3.42656, from: onyxia
    mish'undare circlet of mind flayer (3.37485) : +0.308257 %, alt : +3.3884, from: bwl
    cassandra's grace (4.48917) : +0.68406 %, alt : +3.00383, from: pre-raid
    cassandra's grace (4.48917) : +0.68406 %, alt : +3.00383, from: pre-raid
    the hexxer's cover (4.30072) : +0.620506 %, alt : +2.85445, from: zg
    crimson felt hat (3.77121) : +0.441929 %, alt : +2.09241, from: pre-raid
- . - ' - . - ' - . - ' - . - ' - . - ' - . -
neck, jin'do's evil eye (1.59448), alt: 3.06479 -> :
    animated chain necklace (3.64859) : +0.692746 %, alt : +2.25287, from: pre-raid
    wavefront necklace (3.59723) : +0.675425 %, alt : +1.87673, from: silithus
    jeklik's opaline talisman (3.13199) : +0.518523 %, alt : +1.5788, from: zg
    choker of enlightenment (2.85904) : +0.426471 %, alt : +1.28427, from: mc
    the all-seeing eye of zuldazar (2.84622) : +0.422148 %, alt : +1.27318, from: zg
- . - ' - . - ' - . - ' - . - ' - . - ' - . -
shoulders, zandalar confessor's mantle (2.00839), alt: 3.20511 -> :
    zandalar confessor's mantle (2.00839) : +0 %, alt : +3.20512, from: zg
    mantle of the blackwing cabal (4.08176) : +0.699241 %, alt : +2.40982, from: bwl
    pauldrons of transcendence (3.87546) : +0.629666 %, alt : +1.91356, from: bwl
    burial shawl (3.31238) : +0.439768 %, alt : +1.45406, from: pre-raid
- . - ' - . - ' - . - ' - . - ' - . - ' - . -
back, hide of the wild (2.06476), alt: 2.92273 -> :
    shroud of pure thought (3.35794) : +0.436125 %, alt : +2.46761, from: bwl
    archivist cape of healing (3.02478) : +0.323767 %, alt : +2.35538, from: pre-raid
    hakkari loa cloak (3.06305) : +0.336673 %, alt : +2.28613, from: zg
    drape of benediction (2.94003) : +0.295186 %, alt : +2.18839, from: azuregos
    cloak of the brood lord (2.69485) : +0.2125 %, alt : +1.98913, from: bwl
    cloak of the cosmos (4.1846) : +0.714915 %, alt : +1.83596, from: pre-raid
    cloak of consumption (3.92542) : +0.627505 %, alt : +1.62561, from: zg
    cloak of the hakkari worshipers (3.89981) : +0.61887 %, alt : +1.60344, from: zg
- . - ' - . - ' - . - ' - . - ' - . - ' - . -
chest, truefaith vestments (3.28641), alt: 5.13739 -> :
    robes of transcendence (3.89523) : +0.205326 %, alt : +4.04098, from: bwl
- . - ' - . - ' - . - ' - . - ' - . - ' - . -
wrists, bindings of transcendence (1.98056), alt: 2.67944 (s: 0.354502) -> :
    bindings of transcendence (1.98056) : +0 %, alt : +2.67943 (s: 0.354502), from: bwl
    flameweave cuffs of healing (3.45346) : +0.496734 %, alt : +2.25287, from: brd
    vambraces of prophecy (4.9111) : +0.988323 %, alt : +1.7673, from: mc
    black bark wristbands (4.93146) : +0.995188 %, alt : +1.72889, from: lethon
    zandalar confessor's wraps (4.89182) : +0.981818 %, alt : +1.69942, from: zg
    bracers of arcane accuracy (4.64432) : +0.89835 %, alt : +1.50016, from: bwl
    sublime wristguards (4.27966) : +0.775371 %, alt : +0.874653, from: pre-raid
- . - ' - . - ' - . - ' - . - ' - . - ' - . -
two-hand, benediction (6.37234), alt: 8.27429 -> :
    lok'amir il romathis and lei of the lifegiver (9.04233) : +0.90045 %, alt : +9.52949, from: bwl, av rep
    lok'amir il romathis and brightly glowing stone (7.81497) : +0.486525 %, alt : +8.3603, from: bwl, pre-raid
    lok'amir il romathis and arlokk's hoodoo stick (7.5155) : +0.385529 %, alt : +7.76925, from: bwl, zg
    jin'do's hexxer and lei of the lifegiver (7.29333) : +0.310603 %, alt : +7.65971, from: zg, av rep
    lok'amir il romathis and trance stone (7.43576) : +0.358636 %, alt : +7.58542, from: bwl, emeriss; lethon; taerar; ysondre
    fang of the mystics and lei of the lifegiver (8.2215) : +0.623625 %, alt : +7.01681, from: azuregos, av rep
    staff of the shadow flame (7.9675) : +0.537964 %, alt : +6.76129, from: bwl
    jin'do's hexxer and brightly glowing stone (7.79498) : +0.479784 %, alt : +6.49053, from: zg, pre-raid
    staff of rampant growth (7.12314) : +0.253204 %, alt : +6.10517, from: emeriss; lethon; taerar; ysondre
    wushoolay's poker and lei of the lifegiver (7.64474) : +0.429116 %, alt : +5.96523, from: zg, av rep
    the hammer of grace and lei of the lifegiver (7.64474) : +0.429116 %, alt : +5.81147, from: pre-raid, av rep
- . - ' - . - ' - . - ' - . - ' - . - ' - . -
ranged, dragon's touch (-1.03122), alt: 0.476135 -> :
    lunar wand of healing (0.999359) : +0.684811 %, alt : +1.36538, from: random green
    bonecreeper stylus (0.375458) : +0.474401 %, alt : +0.773128, from: pre-raid
- . - ' - . - ' - . - ' - . - ' - . - ' - . -
hands, handguards of transcendence (1.8186), alt: 2.87814 (s: 0.354502) -> :
    atal'ai hands of healing (4.98758) : +1.06873 %, alt : +3.61825, from: sunken temple
    high councillor's gloves of healing (3.95053) : +0.718991 %, alt : +3.14037, from: random green
    handguards of transcendence (1.8186) : +0 %, alt : +2.87814 (s: 0.354502), from: bwl
    hands of the exalted herald (3.28494) : +0.494522 %, alt : +2.32493, from: pre-raid
    gloves of delusional power (2.8089) : +0.333976 %, alt : +2.06008, from: emeriss; lethon; taerar; ysondre
    hands of power (2.66348) : +0.284935 %, alt : +1.80825, from: pre-raid
    gloves of prophecy (4.81314) : +1.00991 %, alt : +1.46574, from: mc
    bloodtinged gloves (4.50156) : +0.904824 %, alt : +1.35253, from: zg
    dreamweave gloves (4.49838) : +0.903753 %, alt : +1.25101, from: pre-raid
    atal'ai gloves of the owl (3.79608) : +0.666903 %, alt : +0.686474, from: pre-raid
- . - ' - . - ' - . - ' - . - ' - . - ' - . -
waist, whipvine cord (1.61795), alt: 2.31445 -> :
    firemaw's clutch (1.64224) : +0.00819246 %, alt : +2.58406, from: bwl
    belt of untapped power (2.71921) : +0.371398 %, alt : +2.0186, from: zg
    belt of transcendence (1.31982) : -0.100543 %, alt : +1.9191, from: bwl
    zandalar confessor's bindings (1.28207) : -0.113274 %, alt : +1.88584, from: zg
    belt of the dark bog (3.64709) : +0.684327 %, alt : +1.00011, from: lethon
    ban'thok sash (3.49786) : +0.633999 %, alt : +0.880195, from: pre-raid
- . - ' - . - ' - . - ' - . - ' - . - ' - . -
legs, empowered leggings (4.06369), alt: 5.7562 -> :
    leggings of transcendence (1.11588) : -0.994148 %, alt : +3.43615, from: mc
- . - ' - . - ' - . - ' - . - ' - . - ' - . -
feet, boots of transcendence (1.92874), alt: 2.83813 (s: 0.354502) -> :
    boots of pure thought (5.36786) : +1.15984 %, alt : +4.29918, from: bwl
    boots of transcendence (1.92874) : +0 %, alt : +2.83814 (s: 0.354502), from: bwl
    snowblind shoes (3.19153) : +0.425874 %, alt : +2.36817, from: azuregos
    betrayer's boots (3.03873) : +0.374342 %, alt : +2.11458, from: zg
    boots of the full moon (4.82074) : +0.975324 %, alt : +1.8415, from: pre-raid
    omnicast boots (4.46301) : +0.854681 %, alt : +1.5518, from: pre-raid
    boots of prophecy (4.59207) : +0.898206 %, alt : +1.32861, from: mc
    dragonrider boots (4.57922) : +0.893873 %, alt : +1.31752, from: pre-raid
- . - ' - . - ' - . - ' - . - ' - . - ' - . -
finger, pure elementium band (2.01672), alt: 3.67368 -> :
    fordring's seal (4.09799) : +0.701906 %, alt : +2.55366, from: pre-raid
    ring of spellpower (3.72903) : +0.577475 %, alt : +2.25287, from: mc
    rosewine circle (3.39218) : +0.463872 %, alt : +2.10793, from: pre-raid
    primalist's seal (3.46899) : +0.489777 %, alt : +2.04631, from: zg
    mindtear band (3.21997) : +0.405794 %, alt : +1.96816, from: taerar
    band of servitude (2.94406) : +0.312744 %, alt : +1.62007, from: zg
- . - ' - . - ' - . - ' - . - ' - . - ' - . -
finger 2, fordring's seal (1.73413), alt: 2.55365 -> :
    pure elementium band (2.76181) : +0.346584 %, alt : +3.67368, from: bwl
    cauterizing band (2.19302) : +0.154761 %, alt : +3.20688, from: mc
    ring of spellpower (2.64465) : +0.307073 %, alt : +2.25287, from: mc
    rosewine circle (3.07294) : +0.451511 %, alt : +2.10793, from: pre-raid
    mindtear band (2.63971) : +0.305406 %, alt : +1.96816, from: taerar
    band of servitude (2.36423) : +0.2125 %, alt : +1.62007, from: zg
    ring of blackrock (2.64047) : +0.305663 %, alt : +1.52776, from: bwl
    band of forced concentration (3.60751) : +0.631797 %, alt : +1.50016, from: bwl
    eye of orgrimmar (3.60767) : +0.631848 %, alt : +1.26764, from: pre-raid
    maiden's circle (3.60767) : +0.631848 %, alt : +1.26764, from: pre-raid
    zanzil's seal (3.03699) : +0.439387 %, alt : +0.806384, from: zg
    cyclopean band (2.84937) : +0.376112 %, alt : +0.653218, from: pre-raid
- . - ' - . - ' - . - ' - . - ' - . - ' - . -
trinket, rejuvenating gem (2.97076), alt: 4.73639 -> :
    hazza'rah's charm of healing (0) : -1.00189 %, alt : +14.3234, from: zg
    darkmoon card: blue dragon (-1.45654) : -1.49311 %, alt : +0.439952, from: 
- . - ' - . - ' - . - ' - . - ' - . - ' - . -
trinket 2, hazza'rah's charm of healing (15.0768), alt: 14.3234 -> :
    hazza'rah's charm of healing (15.0768) : +0 %, alt : +14.3234, from: zg
    darkmoon card: blue dragon (-1.26392) : -5.5109 %, alt : +0.439952, from: 
------------------
Best value: 305.261
