Your call: ./css 5 -f 0.0 ../items/more_raid.csv 
./css 5 ../items/more_raid.csv 
Shuffle seed: 1322543290
Reading tmp locked from: start_with.txt
Locking: anastari heirloom
Locking: animated chain necklace
Locking: argent crusader
Locking: atal'ai gloves of the owl
Locking: banshee finger
Locking: blood of the martyr
Locking: briarwood reed
Locking: burial shawl
Locking: crimson felt hat
Locking: cyclopean band
Locking: devout belt
Locking: devout bracers
Locking: devout crown
Locking: devout mantle
Locking: devout robe
Locking: devout sandals
Locking: devout skirt
Locking: dragon finger of intellect
Locking: dragonslayer's signet
Locking: drakefire amulet
Locking: dreadmist mantle
Locking: dreamweave circlet
Locking: dreamweave gloves
Locking: dreamweave vest
Locking: eye of the beast
Locking: fordring's seal
Locking: grimgore noose
Locking: halo of transcendence
Locking: heart of the fiend
Locking: hide of the wild
Locking: kentic amice
Locking: magister's robes
Locking: maleki's footwraps
Locking: nature's breath
Locking: necropile boots
Locking: necropile cuffs
Locking: necropile mantle
Locking: noxious shooter
Locking: omnicast boots
Locking: orb of the forgotten seer
Locking: padre's trousers
Locking: penelope's rose
Locking: quel'dorai channeling rod
Locking: raincaster drape
Locking: rainstrider leggings
Locking: ring of demonic guile
Locking: ring of demonic guile
Locking: robes of the royal crown
Locking: rod of corrosion
Locking: rosewine circle
Locking: royal seal of eldre'thalas
Locking: royal tribunal cloak
Locking: sarah's guide
Locking: seal of rivendare
Locking: seal of rivendare
Locking: shadowy laced handwraps
Locking: silkweb gloves
Locking: soulstealer mantle
Locking: spellbound tome
Locking: spritecaster cape
Locking: starfire tiara
Locking: the hammer of grace
Locking: the postmaster's treads
Locking: thuzadin sash
Locking: triune amulet
Locking: vinerot sandals
Locking: wolfshear leggings
Locking: pants of prophecy
Optimizing start items...
[Perf] spent in FindBestPveHealingCounts: 0.00768234 s, that's: 100.013 % of total.

*** NEW BEST: 114 ***

*** NEW BEST: 117.916 ***

*** NEW BEST: 132.129 ***

*** NEW BEST: 150.01 ***

*** NEW BEST: 156.547 ***

*** NEW BEST: 162.939 ***

*** NEW BEST: 171.187 ***

*** NEW BEST: 178.56 ***

*** NEW BEST: 183.757 ***

*** NEW BEST: 202.803 ***

*** NEW BEST: 210.136 ***

*** NEW BEST: 222.737 ***

*** NEW BEST: 230.68 ***

*** NEW BEST: 234.429 ***

*** NEW BEST: 242.723 ***

*** NEW BEST: 251.952 ***
*
best val: 251.952

*** NEW BEST: 253.312 ***
*
best val: 253.312
*
best val: 253.312
*
best val: 253.312
*
best val: 253.312

Read starting items and cleared locks.
 ----------------------------
 --- head --- 
name: halo of transcendence
slot: head
intelligence: 27
stamina: 17
spirit: 22
sp_healing: 48
fire_res: 10
frost_res: 10
armor: 94
 ----------------------------
 --- neck --- 
name: animated chain necklace
slot: neck
stamina: 7
spirit: 6
sp_healing: 33
 ----------------------------
 --- shoulders --- 
name: devout mantle
slot: shoulders
intelligence: 21
stamina: 4
spirit: 9
armor: 64
 ----------------------------
 --- back --- 
name: hide of the wild
slot: back
intelligence: 10
stamina: 8
sp_healing: 42
armor: 48
 ----------------------------
 --- chest --- 
name: devout robe
slot: chest
intelligence: 24
stamina: 13
spirit: 15
armor: 89
 ----------------------------
 --- wrists --- 
name: devout bracers
slot: wrists
intelligence: 10
stamina: 7
spirit: 10
armor: 35
 ----------------------------
 --- two-hand --- 
name: quel'dorai channeling rod
slot: two-hand
intelligence: 18
stamina: 8
spirit: 8
mp5: 8
 ----------------------------
 ---  --- 
name: 
slot: 
 ----------------------------
 ---  --- 
name: 
slot: 
 ----------------------------
 ---  --- 
name: 
slot: 
 ----------------------------
 --- ranged --- 
name: dragon finger of intellect
slot: ranged
intelligence: 8
 ----------------------------
 --- hands --- 
name: atal'ai gloves of the owl
slot: hands
intelligence: 13
spirit: 13
sp: 9
armor: 47
 ----------------------------
 --- waist --- 
name: thuzadin sash
slot: waist
intelligence: 12
stamina: 11
spirit: 11
sp: 11
armor: 49
 ----------------------------
 --- legs --- 
name: pants of prophecy
slot: legs
intelligence: 24
stamina: 18
spirit: 20
sp_healing: 22
mp5: 6
shadow_res: 10
armor: 89
 ----------------------------
 --- feet --- 
name: devout sandals
slot: feet
intelligence: 10
stamina: 9
spirit: 17
armor: 58
 ----------------------------
 --- finger --- 
name: rosewine circle
slot: finger
sp_healing: 29
mp5: 5
 ----------------------------
 --- finger --- 
name: ring of demonic guile
slot: finger
intelligence: 10
mp5: 6
 ----------------------------
 --- trinket --- 
name: briarwood reed
slot: trinket
sp: 29
 ----------------------------
 --- trinket --- 
name: royal seal of eldre'thalas
slot: trinket
sp_healing: 33
mp5: 4
 ----------------------------
 --- Set bonuses ---
name: devout 2 devout 4 
slot: Set bonuses
sp: 23
armor: 200
 --- And counts for start items ---
For 120 s fights:
    casts: 6, ticks: 10, ticks_oom: 0
    Heal, rank: 2, count: 2
    Heal, rank: 4, count: 1
    Greater Heal, rank: 1, count: 8
    Greater Heal, rank: 4, count: 3
    Flash Heal, rank: 7, count: 0
    Renew, rank: 10, count: 1
    Prayer of Healing, rank: 5, count: 0
    pve info: 0
    hps: 338.117
For 180 s fights:
    casts: 5, ticks: 10, ticks_oom: 4
    Heal, rank: 2, count: 1
    Heal, rank: 4, count: 0
    Greater Heal, rank: 1, count: 9
    Greater Heal, rank: 4, count: 2
    Flash Heal, rank: 7, count: 0
    Renew, rank: 10, count: 1
    Prayer of Healing, rank: 5, count: 0
    pve info: 0
    hps: 269.665
For 240 s fights:
    casts: 4, ticks: 10, ticks_oom: 0
    Heal, rank: 2, count: 1
    Heal, rank: 4, count: 0
    Greater Heal, rank: 1, count: 2
    Greater Heal, rank: 4, count: 1
    Flash Heal, rank: 7, count: 0
    Renew, rank: 10, count: 1
    Prayer of Healing, rank: 5, count: 0
    pve info: 0
    hps: 238.493
For 300 s fights:
    casts: 4, ticks: 10, ticks_oom: 0
    Heal, rank: 2, count: 2
    Heal, rank: 4, count: 0
    Greater Heal, rank: 1, count: 3
    Greater Heal, rank: 4, count: 1
    Flash Heal, rank: 7, count: 0
    Renew, rank: 10, count: 1
    Prayer of Healing, rank: 5, count: 0
    pve info: 0
    hps: 217.307
For 360 s fights:
    casts: 3, ticks: 10, ticks_oom: 0
    Heal, rank: 2, count: 1
    Heal, rank: 4, count: 1
    Greater Heal, rank: 1, count: 4
    Greater Heal, rank: 4, count: 2
    Flash Heal, rank: 7, count: 0
    Renew, rank: 10, count: 2
    Prayer of Healing, rank: 5, count: 0
    pve info: 0
    hps: 202.979
.
*** NEW BEST: 258.084 ***

*** NEW BEST: 261.616 ***

*** NEW BEST: 268.731 ***

*** NEW BEST: 269.757 ***

*** NEW BEST: 272.366 ***

*** NEW BEST: 278.131 ***

*** NEW BEST: 279.645 ***

*** NEW BEST: 283.906 ***

*** NEW BEST: 285.896 ***

*** NEW BEST: 292.713 ***

*** NEW BEST: 310.507 ***

*** NEW BEST: 313.812 ***
....
*** NEW BEST: 314.452 ***

*** NEW BEST: 316.912 ***
.....
*** NEW BEST: 317.919 ***
.
*** NEW BEST: 318.085 ***

*** NEW BEST: 318.976 ***
...................
*** NEW BEST: 319.405 ***
...............
*** NEW BEST: 319.449 ***
....................................................................
*** NEW BEST: 319.54 ***
..................................................[Perf] spent in FindBestPveHealingCounts: 24.5487 s, that's: 60.8363 % of total.
....................................Temporary bans and partial set bonuses off.
.two-hand : staff of dominance    -> benediction    => val: 308.962 -> 318.455
....Copied previous best.
..... ----------------------------
 --- head --- 
name: halo of transcendence
slot: head
intelligence: 27
stamina: 17
spirit: 22
sp_healing: 48
fire_res: 10
frost_res: 10
armor: 94
 ----------------------------
 --- neck --- 
name: choker of enlightenment
slot: neck
intelligence: 10
stamina: 9
spirit: 10
sp: 18
 ----------------------------
 --- shoulders --- 
name: mantle of prophecy
slot: shoulders
intelligence: 23
stamina: 13
spirit: 10
sp: 9
shadow_res: 7
armor: 76
 ----------------------------
 --- back --- 
name: hide of the wild
slot: back
intelligence: 10
stamina: 8
sp_healing: 42
armor: 48
 ----------------------------
 --- chest --- 
name: truefaith vestments
slot: chest
stamina: 14
sp_healing: 73
mp5: 6
armor: 96
 ----------------------------
 --- wrists --- 
name: vambraces of prophecy
slot: wrists
intelligence: 14
stamina: 8
spirit: 10
sp_healing: 24
mp5: 2
armor: 44
 ----------------------------
 --- two-hand --- 
name: benediction
slot: two-hand
intelligence: 31
stamina: 10
spirit: 12
sp_healing: 106
spell_crit: 2
shadow_res: 20
 ----------------------------
 ---  --- 
name: 
slot: 
 ----------------------------
 ---  --- 
name: 
slot: 
 ----------------------------
 ---  --- 
name: 
slot: 
 ----------------------------
 --- ranged --- 
name: lunar wand of the owl
slot: ranged
intelligence: 6
spirit: 6
 ----------------------------
 --- hands --- 
name: gloves of prophecy
slot: hands
intelligence: 15
stamina: 10
spirit: 15
sp_healing: 18
mp5: 6
fire_res: 7
armor: 63
 ----------------------------
 --- waist --- 
name: girdle of prophecy
slot: waist
intelligence: 22
stamina: 10
spirit: 10
sp: 9
mp5: 4
fire_res: 7
armor: 57
 ----------------------------
 --- legs --- 
name: leggings of transcendence
slot: legs
intelligence: 21
stamina: 16
spirit: 21
sp_healing: 46
mp5: 7
arcane_res: 10
shadow_res: 10
armor: 101
 ----------------------------
 --- feet --- 
name: boots of prophecy
slot: feet
intelligence: 18
stamina: 17
spirit: 15
sp_healing: 18
shadow_res: 7
armor: 70
 ----------------------------
 --- finger --- 
name: cauterizing band
slot: finger
intelligence: 12
stamina: 9
sp_healing: 46
 ----------------------------
 --- finger --- 
name: band of sulfuras
slot: finger
intelligence: 23
stamina: 13
spirit: 10
 ----------------------------
 --- trinket --- 
name: shard of the scale
slot: trinket
mp5: 16
 ----------------------------
 --- trinket --- 
name: mindtap talisman
slot: trinket
mp5: 11
 ----------------------------
 --- Set bonuses ---
name: 
slot: Set bonuses
------------------
Char stats: 
Effective hp: 6112.4
Effective mana: 9562.88
Raw max mana: 6829.6
Int: 350
Stam: 205
Spirit: 271
Strength: 34
Agility: 38
Mp5: 52
Sp: 36
Sp shadow: 0
Sp healing: 421
Spell crit: 2
Spell hit: 0
Arcane res: 10
Nature res: 0
Fire res: 24
Frost res: 10
Shadow res: 44
Armor: 2463
Defense: 300
Dodge: 0
Parry: 0
HpsPvp: 941.64
ShadowDps: 210.682
Value pvp healing: 452.518
Value pvp shadow: 22.6529
------------------
Best counts:
For 120 s fights:
    casts: 9, ticks: 10, ticks_oom: 0
    Heal, rank: 2, count: 6
    Heal, rank: 4, count: 0
    Greater Heal, rank: 1, count: 6
    Greater Heal, rank: 4, count: 3
    Flash Heal, rank: 7, count: 0
    Renew, rank: 10, count: 3
    Prayer of Healing, rank: 5, count: 0
    pve info: 0
    hps: 415.456
For 180 s fights:
    casts: 6, ticks: 10, ticks_oom: 0
    Heal, rank: 2, count: 0
    Heal, rank: 4, count: 0
    Greater Heal, rank: 1, count: 10
    Greater Heal, rank: 4, count: 3
    Flash Heal, rank: 7, count: 0
    Renew, rank: 10, count: 2
    Prayer of Healing, rank: 5, count: 0
    pve info: 0
    hps: 340.466
For 240 s fights:
    casts: 5, ticks: 10, ticks_oom: 0
    Heal, rank: 2, count: 6
    Heal, rank: 4, count: 0
    Greater Heal, rank: 1, count: 13
    Greater Heal, rank: 4, count: 1
    Flash Heal, rank: 7, count: 0
    Renew, rank: 10, count: 2
    Prayer of Healing, rank: 5, count: 0
    pve info: 0
    hps: 302.475
For 300 s fights:
    casts: 5, ticks: 10, ticks_oom: 0
    Heal, rank: 2, count: 2
    Heal, rank: 4, count: 0
    Greater Heal, rank: 1, count: 7
    Greater Heal, rank: 4, count: 0
    Flash Heal, rank: 7, count: 0
    Renew, rank: 10, count: 2
    Prayer of Healing, rank: 5, count: 0
    pve info: 0
    hps: 277.643
For 360 s fights:
    casts: 5, ticks: 10, ticks_oom: 0
    Heal, rank: 2, count: 5
    Heal, rank: 4, count: 0
    Greater Heal, rank: 1, count: 3
    Greater Heal, rank: 4, count: 1
    Flash Heal, rank: 7, count: 0
    Renew, rank: 10, count: 1
    Prayer of Healing, rank: 5, count: 0
    pve info: 0
    hps: 261.659
------------------
Current relative stat values for matching or exceeding +50 pts of sp
int: 154.803
spi: 131.018
sta: 0
agi: 0
mp5: 401.94
sp: 100
sp_shadow: 0
sp_healing: 100
spell crit: 332.795
spell hit: 0
arcane res: 0
nature res: 0
fire res: 0
frost res: 0
shadow res: 0
armor: 0
defense: 0
dodge: 0
parry: 0
------------------
Diffs to start: 
Upgrades: 
quel'dorai channeling rod(19.2706) -> benediction(37.1711) : 17.9005 = +5.93442%
briarwood reed(4.61588) -> shard of the scale(19.0457) : 14.4298 = +4.72939%
atal'ai gloves of the owl(13.9881) -> gloves of prophecy(22.9417) : 8.95355 = +2.88279%
devout robe(11.3847) -> truefaith vestments(18.5163) : 7.13162 = +2.28279%
thuzadin sash(13.5518) -> girdle of prophecy(20.6033) : 7.05145 = +2.25655%
devout bracers(9.44727) -> vambraces of prophecy(16.1783) : 6.73099 = +2.15179%
devout sandals(11.8551) -> boots of prophecy(16.5836) : 4.72845 = +1.502%
pants of prophecy(30.3796) -> leggings of transcendence(34.8251) : 4.44553 = +1.41086%
animated chain necklace(7.26788) -> choker of enlightenment(10.1473) : 2.87946 = +0.90932%
rosewine circle(9.2121) -> cauterizing band(11.954) : 2.74194 = +0.865519%
devout mantle(13.061) -> mantle of prophecy(15.5573) : 2.49625 = +0.787352%
ring of demonic guile(12.375) -> band of sulfuras(14.1011) : 1.72614 = +0.543128%
royal seal of eldre'thalas(9.93936) -> mindtap talisman(11.473) : 1.53363 = +0.482265%
dragon finger of intellect(2.91653) -> lunar wand of the owl(4.00531) : 1.08878 = +0.341898%
halo of transcendence(29.0338) -> halo of transcendence(29.0338) : 0 = +0%
hide of the wild(10.0549) -> hide of the wild(10.0549) : 0 = +0%
- - - - - - - - - - - - - - - - - - - - - - - - - - - - - - - - -
| Upgrades at best in slot level, from start item to candidate: |
. . . . . . . . . . . . . . . . . . . . . . . . . . . . . . . . .
- . - ' - . - ' - . - ' - . - ' - . - ' - . -
head, halo of transcendence (29.0338) -> :
- . - ' - . - ' - . - ' - . - ' - . - ' - . -
neck, animated chain necklace (7.26788) -> :
    choker of enlightenment (10.1473) : +0.90932 %, from: mc
    choker of the fire lord (8.54068) : +0.401944 %, from: mc
    tooth of gnarr (7.68649) : +0.132195 %, from: pre-raid
- . - ' - . - ' - . - ' - . - ' - . - ' - . -
shoulders, devout mantle (13.061) -> :
    mantle of prophecy (15.5573) : +0.787352 %, from: mc
    sunderseer mantle (13.8212) : +0.239785 %, from: pre-raid
    soulstealer mantle (13.4586) : +0.125413 %, from: pre-raid
- . - ' - . - ' - . - ' - . - ' - . - ' - . -
back, hide of the wild (10.0549) -> :
- . - ' - . - ' - . - ' - . - ' - . - ' - . -
chest, devout robe (11.3847) -> :
    truefaith vestments (18.5163) : +2.28279 %, from: tailoring bop
    robes of the exalted (17.254) : +1.87875 %, from: pre-raid
    robes of prophecy (16.2458) : +1.556 %, from: mc
    robe of volatile power (13.0015) : +0.517535 %, from: mc
    mindsurge robe (11.9415) : +0.178236 %, from: pre-raid
    the postmaster's tunic (11.771) : +0.123669 %, from: pre-raid
    magister's robes (11.4628) : +0.0250171 %, from: pre-raid
- . - ' - . - ' - . - ' - . - ' - . - ' - . -
wrists, devout bracers (9.44727) -> :
    vambraces of prophecy (16.1783) : +2.15179 %, from: mc
    flarecore wraps (12.9479) : +1.1191 %, from: tailoring boe
    wyrmthalak's shackles (10.3518) : +0.289158 %, from: pre-raid
    sublime wristguards (9.77426) : +0.104535 %, from: pre-raid
- . - ' - . - ' - . - ' - . - ' - . - ' - . -
two-hand, quel'dorai channeling rod (19.2706) -> :
    benediction (37.1711) : +5.93442 %, from: mc
    staff of dominance (27.2202) : +2.63546 %, from: mc
    aurastone hammer and thaurissan's royal scepter (24.7992) : +1.83286 %, from: mc, pre-raid
    aurastone hammer and fire runed grimoire (24.7897) : +1.8297 %, from: mc, mc
    aurastone hammer and ancient cornerstone grimoire (23.766) : +1.49032 %, from: mc, onyxia
    aurastone hammer and milli's lexicon (23.4928) : +1.39974 %, from: mc, pre-raid
    aurastone hammer and penelope's rose (22.8064) : +1.1722 %, from: mc, pre-raid (scholo quest)
    aurastone hammer and spellbound tome (22.6279) : +1.11302 %, from: mc, pre-raid
    sorcerous dagger and fire runed grimoire (22.2365) : +0.983275 %, from: mc, mc
    aurastone hammer and globe of d'sak (21.6354) : +0.783976 %, from: mc, pre-raid
    sorcerous dagger and thaurissan's royal scepter (21.4836) : +0.733673 %, from: mc, pre-raid
    sorcerous dagger and ancient cornerstone grimoire (21.4826) : +0.733339 %, from: mc, onyxia
    aurastone hammer and brightly glowing stone (21.1643) : +0.627796 %, from: mc, pre-raid
    sorcerous dagger and milli's lexicon (20.8849) : +0.535182 %, from: mc, pre-raid
    sorcerous dagger and penelope's rose (20.4144) : +0.379205 %, from: mc, pre-raid (scholo quest)
    anathema (20.0714) : +0.265466 %, from: mc
    sorcerous dagger and spellbound tome (19.9271) : +0.217652 %, from: mc, pre-raid
    lorespinner and fire runed grimoire (19.2848) : +0.00471464 %, from: pre-raid, mc
- . - ' - . - ' - . - ' - . - ' - . - ' - . -
ranged, dragon finger of intellect (2.91653) -> :
    lunar wand of the owl (4.00531) : +0.341898 %, from: random green
    oblivion's touch (3.84885) : +0.292765 %, from: pre-raid
    mana channeling wand (3.64844) : +0.229832 %, from: pre-raid
    bonecreeper stylus (3.62881) : +0.22367 %, from: pre-raid
    crimson shocker (3.46561) : +0.17242 %, from: mc
    lunar wand of intellect (3.37793) : +0.144887 %, from: random green
    lunar wand of healing (3.34903) : +0.135812 %, from: random green
- . - ' - . - ' - . - ' - . - ' - . - ' - . -
hands, atal'ai gloves of the owl (13.9881) -> :
    gloves of prophecy (22.9417) : +2.88279 %, from: mc
    hands of the exalted herald (17.2442) : +1.04835 %, from: pre-raid
- . - ' - . - ' - . - ' - . - ' - . - ' - . -
waist, thuzadin sash (13.5518) -> :
    girdle of prophecy (20.6033) : +2.25655 %, from: mc
    whipvine cord (17.4857) : +1.25887 %, from: pre-raid
    mana igniting cord (14.203) : +0.208367 %, from: mc
- . - ' - . - ' - . - ' - . - ' - . - ' - . -
legs, pants of prophecy (30.3796) -> :
    leggings of transcendence (34.8251) : +1.41086 %, from: mc
- . - ' - . - ' - . - ' - . - ' - . - ' - . -
feet, devout sandals (11.8551) -> :
    boots of prophecy (16.5836) : +1.502 %, from: mc
    boots of the full moon (13.9179) : +0.655261 %, from: pre-raid
    wolfrunner shoes (11.9757) : +0.0383201 %, from: pre-raid
- . - ' - . - ' - . - ' - . - ' - . - ' - . -
finger, rosewine circle (9.2121) -> :
    cauterizing band (11.954) : +0.865519 %, from: mc
- . - ' - . - ' - . - ' - . - ' - . - ' - . -
finger 2, ring of demonic guile (12.375) -> :
    cauterizing band (14.3258) : +0.61383 %, from: mc
    band of sulfuras (14.1011) : +0.543128 %, from: mc
    seal of the archmagus (13.1429) : +0.241614 %, from: mc
- . - ' - . - ' - . - ' - . - ' - . - ' - . -
trinket, briarwood reed (4.61588) -> :
    shard of the scale (19.0457) : +4.72939 %, from: onyxia
    mindtap talisman (14.1563) : +3.12689 %, from: pre-raid
    royal seal of eldre'thalas (11.9418) : +2.40108 %, from: pre-raid
    shard of afrasa (7.57272) : +0.969109 %, from: pre-raid
- . - ' - . - ' - . - ' - . - ' - . - ' - . -
trinket 2, royal seal of eldre'thalas (9.93936) -> :
    shard of the scale (14.7843) : +1.52353 %, from: onyxia
    mindtap talisman (11.473) : +0.482265 %, from: pre-raid
------------------
- - - - - - - - - - - - - - - - - - - - - - - - - - - - - -
| Upgrades at start level, from start item to candidate:  |
. . . . . . . . . . . . . . . . . . . . . . . . . . . . . .
- . - ' - . - ' - . - ' - . - ' - . - ' - . -
head, halo of transcendence (23.9259) -> :
- . - ' - . - ' - . - ' - . - ' - . - ' - . -
neck, animated chain necklace (6.51819) -> :
    choker of enlightenment (7.58211) : +0.420003 %, from: mc
    choker of the fire lord (6.94533) : +0.168622 %, from: mc
- . - ' - . - ' - . - ' - . - ' - . - ' - . -
shoulders, devout mantle (12.0607) -> :
- . - ' - . - ' - . - ' - . - ' - . - ' - . -
back, hide of the wild (8.76512) -> :
- . - ' - . - ' - . - ' - . - ' - . - ' - . -
chest, devout robe (16.7517) -> :
    robes of prophecy (17.7963) : +0.412365 %, from: mc
    truefaith vestments (16.756) : +0.00171676 %, from: tailoring bop
- . - ' - . - ' - . - ' - . - ' - . - ' - . -
wrists, devout bracers (9.32849) -> :
    vambraces of prophecy (11.6598) : +0.920326 %, from: mc
- . - ' - . - ' - . - ' - . - ' - . - ' - . -
two-hand, quel'dorai channeling rod (16.9488) -> :
    benediction (31.6075) : +5.78683 %, from: mc
    staff of dominance (23.8868) : +2.7389 %, from: mc
    aurastone hammer and fire runed grimoire (21.3518) : +1.73816 %, from: mc, mc
    aurastone hammer and thaurissan's royal scepter (20.8267) : +1.53088 %, from: mc, pre-raid
    aurastone hammer and ancient cornerstone grimoire (20.8242) : +1.52988 %, from: mc, onyxia
    aurastone hammer and milli's lexicon (20.3474) : +1.34168 %, from: mc, pre-raid
    aurastone hammer and penelope's rose (19.9446) : +1.18266 %, from: mc, pre-raid (scholo quest)
    aurastone hammer and spellbound tome (19.5716) : +1.0354 %, from: mc, pre-raid
    sorcerous dagger and fire runed grimoire (18.6698) : +0.679396 %, from: mc, mc
    sorcerous dagger and ancient cornerstone grimoire (18.5199) : +0.620237 %, from: mc, onyxia
    sorcerous dagger and thaurissan's royal scepter (18.2128) : +0.498974 %, from: mc, pre-raid
    aurastone hammer and brightly glowing stone (18.1128) : +0.459507 %, from: mc, pre-raid
    aurastone hammer and globe of d'sak (18.0302) : +0.426894 %, from: mc, pre-raid
    anathema (17.5603) : +0.241382 %, from: mc
    sorcerous dagger and milli's lexicon (17.543) : +0.234569 %, from: mc, pre-raid
    sorcerous dagger and penelope's rose (17.1899) : +0.0951746 %, from: mc, pre-raid (scholo quest)
- . - ' - . - ' - . - ' - . - ' - . - ' - . -
ranged, dragon finger of intellect (2.45503) -> :
    lunar wand of the owl (3.29919) : +0.33325 %, from: random green
    mana channeling wand (3.05972) : +0.238714 %, from: pre-raid
    oblivion's touch (3.04297) : +0.2321 %, from: pre-raid
    crimson shocker (2.93867) : +0.190927 %, from: mc
    bonecreeper stylus (2.86124) : +0.160357 %, from: pre-raid
    lunar wand of healing (2.80154) : +0.136792 %, from: random green
    lunar wand of intellect (2.60757) : +0.060219 %, from: random green
- . - ' - . - ' - . - ' - . - ' - . - ' - . -
hands, atal'ai gloves of the owl (9.09851) -> :
    gloves of prophecy (15.2184) : +2.41593 %, from: mc
    hands of the exalted herald (12.1687) : +1.21202 %, from: pre-raid
- . - ' - . - ' - . - ' - . - ' - . - ' - . -
waist, thuzadin sash (8.38687) -> :
    girdle of prophecy (12.9961) : +1.81959 %, from: mc
    whipvine cord (11.6194) : +1.2761 %, from: pre-raid
    mana igniting cord (8.76285) : +0.148424 %, from: mc
- . - ' - . - ' - . - ' - . - ' - . - ' - . -
legs, pants of prophecy (23.7178) -> :
    leggings of transcendence (27.101) : +1.33557 %, from: mc
- . - ' - . - ' - . - ' - . - ' - . - ' - . -
feet, devout sandals (11.0694) -> :
    boots of prophecy (11.9217) : +0.336442 %, from: mc
- . - ' - . - ' - . - ' - . - ' - . - ' - . -
finger, rosewine circle (7.85855) -> :
    cauterizing band (9.84688) : +0.784931 %, from: mc
    band of sulfuras (8.32152) : +0.182765 %, from: mc
- . - ' - . - ' - . - ' - . - ' - . - ' - . -
finger 2, ring of demonic guile (8.00096) -> :
    cauterizing band (10.3926) : +0.94415 %, from: mc
    band of sulfuras (9.49658) : +0.590426 %, from: mc
    seal of the archmagus (8.85838) : +0.338484 %, from: mc
    rosewine circle (8.418) : +0.164634 %, from: pre-raid
- . - ' - . - ' - . - ' - . - ' - . - ' - . -
trinket, briarwood reed (4.1042) -> :
    shard of the scale (10.2693) : +2.43381 %, from: onyxia
    royal seal of eldre'thalas (7.15094) : +1.20276 %, from: pre-raid
    mindtap talisman (7.08633) : +1.17726 %, from: pre-raid
- . - ' - . - ' - . - ' - . - ' - . - ' - . -
trinket 2, royal seal of eldre'thalas (7.69853) -> :
    shard of the scale (10.7415) : +1.20128 %, from: onyxia
-- Stat values at start item level: --
Current relative stat values for matching or exceeding +50 pts of sp
int: 230.921
spi: 205.147
sta: 0
agi: 0
mp5: 653.246
sp: 100
sp_shadow: 0
sp_healing: 100
spell crit: 306.145
spell hit: 0
arcane res: 0
nature res: 0
fire res: 0
frost res: 0
shadow res: 0
armor: 0
defense: 0
dodge: 0
parry: 0
------------------
Best value: 319.54
