Your call: ./css 5 -f 1.0 ../items/more_raid.csv 
./css 5 ../items/more_raid.csv 
Shuffle seed: 508919417
Reading tmp locked from: start_with.txt
Locking: anastari heirloom
Locking: animated chain necklace
Locking: argent crusader
Locking: atal'ai gloves of the owl
Locking: banshee finger
Locking: blood of the martyr
Locking: briarwood reed
Locking: burial shawl
Locking: crimson felt hat
Locking: cyclopean band
Locking: devout belt
Locking: devout bracers
Locking: devout crown
Locking: devout mantle
Locking: devout robe
Locking: devout sandals
Locking: devout skirt
Locking: dragon finger of intellect
Locking: dragonslayer's signet
Locking: drakefire amulet
Locking: dreadmist mantle
Locking: dreamweave circlet
Locking: dreamweave gloves
Locking: dreamweave vest
Locking: eye of the beast
Locking: fordring's seal
Locking: grimgore noose
Locking: halo of transcendence
Locking: heart of the fiend
Locking: hide of the wild
Locking: kentic amice
Locking: magister's robes
Locking: maleki's footwraps
Locking: nature's breath
Locking: necropile boots
Locking: necropile cuffs
Locking: necropile mantle
Locking: noxious shooter
Locking: omnicast boots
Locking: orb of the forgotten seer
Locking: padre's trousers
Locking: penelope's rose
Locking: quel'dorai channeling rod
Locking: raincaster drape
Locking: rainstrider leggings
Locking: ring of demonic guile
Locking: ring of demonic guile
Locking: robes of the royal crown
Locking: rod of corrosion
Locking: rosewine circle
Locking: royal seal of eldre'thalas
Locking: royal tribunal cloak
Locking: sarah's guide
Locking: seal of rivendare
Locking: seal of rivendare
Locking: shadowy laced handwraps
Locking: silkweb gloves
Locking: soulstealer mantle
Locking: spellbound tome
Locking: spritecaster cape
Locking: starfire tiara
Locking: the hammer of grace
Locking: the postmaster's treads
Locking: thuzadin sash
Locking: triune amulet
Locking: vinerot sandals
Locking: wolfshear leggings
Locking: pants of prophecy
Optimizing start items...
[Perf] spent in FindBestPveHealingCounts: 0.0748961 s, that's: 100.001 % of total.

*** NEW BEST: 243.774 ***

*** NEW BEST: 252.743 ***

*** NEW BEST: 260.909 ***

*** NEW BEST: 271.417 ***

*** NEW BEST: 279.434 ***

*** NEW BEST: 281.642 ***

*** NEW BEST: 291.895 ***

*** NEW BEST: 298.911 ***

*** NEW BEST: 309.409 ***

*** NEW BEST: 316.069 ***

*** NEW BEST: 335.884 ***

*** NEW BEST: 343.51 ***

*** NEW BEST: 354.671 ***

*** NEW BEST: 377.964 ***

*** NEW BEST: 383.86 ***

*** NEW BEST: 389.746 ***
*
best val: 389.746
*
best val: 389.746

*** NEW BEST: 394.384 ***
*
best val: 394.384
feet : necropile boots -> omnicast boots => val: 389.171 -> 389.536
hands : atal'ai gloves of the owl -> shadowy laced handwraps => val: 389.536 -> 389.622
*
best val: 391.094
*
best val: 391.094

Read starting items and cleared locks.
 ----------------------------
 --- head --- 
name: halo of transcendence
slot: head
intelligence: 27
stamina: 17
spirit: 22
sp_healing: 48
fire_res: 10
frost_res: 10
armor: 94
 ----------------------------
 --- neck --- 
name: animated chain necklace
slot: neck
stamina: 7
spirit: 6
sp_healing: 33
 ----------------------------
 --- shoulders --- 
name: burial shawl
slot: shoulders
intelligence: 16
sp: 20
armor: 65
 ----------------------------
 --- back --- 
name: hide of the wild
slot: back
intelligence: 10
stamina: 8
sp_healing: 42
armor: 48
 ----------------------------
 --- chest --- 
name: devout robe
slot: chest
intelligence: 24
stamina: 13
spirit: 15
armor: 89
 ----------------------------
 --- wrists --- 
name: devout bracers
slot: wrists
intelligence: 10
stamina: 7
spirit: 10
armor: 35
 ----------------------------
 ---  --- 
name: 
slot: 
 ----------------------------
 --- one-hand --- 
name: aurastone hammer
slot: one-hand
intelligence: 10
stamina: 10
sp: 25
mp5: 5
 ----------------------------
 ---  --- 
name: 
slot: 
 ----------------------------
 --- off hand --- 
name: penelope's rose
slot: off hand
intelligence: 11
stamina: 10
spirit: 11
 ----------------------------
 --- ranged --- 
name: dragon finger of intellect
slot: ranged
intelligence: 8
 ----------------------------
 --- hands --- 
name: atal'ai gloves of the owl
slot: hands
intelligence: 13
spirit: 13
sp: 9
armor: 47
 ----------------------------
 --- waist --- 
name: thuzadin sash
slot: waist
intelligence: 12
stamina: 11
spirit: 11
sp: 11
armor: 49
 ----------------------------
 --- legs --- 
name: padre's trousers
slot: legs
intelligence: 20
sp_healing: 42
mp5: 6
armor: 76
 ----------------------------
 --- feet --- 
name: necropile boots
slot: feet
intelligence: 10
stamina: 15
spirit: 9
sp: 11
armor: 60
 ----------------------------
 --- finger --- 
name: rosewine circle
slot: finger
sp_healing: 29
mp5: 5
 ----------------------------
 --- finger --- 
name: fordring's seal
slot: finger
intelligence: 5
stamina: 4
sp_healing: 37
 ----------------------------
 --- trinket --- 
name: royal seal of eldre'thalas
slot: trinket
sp_healing: 33
mp5: 4
 ----------------------------
 --- trinket --- 
name: briarwood reed
slot: trinket
sp: 29
 ----------------------------
 --- Set bonuses ---
name: devout 2 
slot: Set bonuses
armor: 200
 --- And counts for start items ---
For 120 s fights:
    casts: 14, ticks: 9, ticks_oom: 0
    Heal, rank: 2, count: 0
    Heal, rank: 4, count: 0
    Greater Heal, rank: 1, count: 11
    Greater Heal, rank: 4, count: 3
    Flash Heal, rank: 7, count: 0
    Renew, rank: 10, count: 3
    Prayer of Healing, rank: 5, count: 0
    pve info: 0
    hps: 499.166
For 180 s fights:
    casts: 4, ticks: 10, ticks_oom: 0
    Heal, rank: 2, count: 0
    Heal, rank: 4, count: 0
    Greater Heal, rank: 1, count: 3
    Greater Heal, rank: 4, count: 1
    Flash Heal, rank: 7, count: 0
    Renew, rank: 10, count: 1
    Prayer of Healing, rank: 5, count: 0
    pve info: 0
    hps: 417.919
For 240 s fights:
    casts: 7, ticks: 10, ticks_oom: 0
    Heal, rank: 2, count: 0
    Heal, rank: 4, count: 0
    Greater Heal, rank: 1, count: 2
    Greater Heal, rank: 4, count: 0
    Flash Heal, rank: 7, count: 0
    Renew, rank: 10, count: 0
    Prayer of Healing, rank: 5, count: 0
    pve info: 0
    hps: 365.523
For 300 s fights:
    casts: 7, ticks: 10, ticks_oom: 0
    Heal, rank: 2, count: 0
    Heal, rank: 4, count: 0
    Greater Heal, rank: 1, count: 8
    Greater Heal, rank: 4, count: 1
    Flash Heal, rank: 7, count: 0
    Renew, rank: 10, count: 2
    Prayer of Healing, rank: 5, count: 0
    pve info: 0
    hps: 345.442
For 360 s fights:
    casts: 5, ticks: 9, ticks_oom: 0
    Heal, rank: 2, count: 2
    Heal, rank: 4, count: 0
    Greater Heal, rank: 1, count: 2
    Greater Heal, rank: 4, count: 1
    Flash Heal, rank: 7, count: 0
    Renew, rank: 10, count: 1
    Prayer of Healing, rank: 5, count: 0
    pve info: 0
    hps: 327.42
.
*** NEW BEST: 397.247 ***

*** NEW BEST: 398.595 ***

*** NEW BEST: 405.814 ***

*** NEW BEST: 407.284 ***

*** NEW BEST: 411.669 ***

*** NEW BEST: 413.149 ***

*** NEW BEST: 435.63 ***

*** NEW BEST: 437.719 ***

*** NEW BEST: 450.118 ***

*** NEW BEST: 452.09 ***

*** NEW BEST: 458.758 ***

*** NEW BEST: 464.188 ***
.
*** NEW BEST: 468.68 ***

*** NEW BEST: 470.92 ***
..
*** NEW BEST: 471.005 ***

*** NEW BEST: 472.775 ***
..
*** NEW BEST: 477.642 ***
..
*** NEW BEST: 478.049 ***
....................................
*** NEW BEST: 478.27 ***
.....................................................................................................Temporary bans and partial set bonuses off.
.neck : animated chain necklace -> choker of the fire lord => val: 476.491 -> 478.27
.......... ----------------------------
 --- head --- 
name: halo of transcendence
slot: head
intelligence: 27
stamina: 17
spirit: 22
sp_healing: 48
fire_res: 10
frost_res: 10
armor: 94
 ----------------------------
 --- neck --- 
name: choker of the fire lord
slot: neck
intelligence: 7
stamina: 7
sp: 34
 ----------------------------
 --- shoulders --- 
name: mantle of prophecy
slot: shoulders
intelligence: 23
stamina: 13
spirit: 10
sp: 9
shadow_res: 7
armor: 76
 ----------------------------
 --- back --- 
name: hide of the wild
slot: back
intelligence: 10
stamina: 8
sp_healing: 42
armor: 48
 ----------------------------
 --- chest --- 
name: truefaith vestments
slot: chest
stamina: 14
sp_healing: 73
mp5: 6
armor: 96
 ----------------------------
 --- wrists --- 
name: vambraces of prophecy
slot: wrists
intelligence: 14
stamina: 8
spirit: 10
sp_healing: 24
mp5: 2
armor: 44
 ----------------------------
 --- two-hand --- 
name: benediction
slot: two-hand
intelligence: 31
stamina: 10
spirit: 12
sp_healing: 106
spell_crit: 2
shadow_res: 20
 ----------------------------
 ---  --- 
name: 
slot: 
 ----------------------------
 ---  --- 
name: 
slot: 
 ----------------------------
 ---  --- 
name: 
slot: 
 ----------------------------
 --- ranged --- 
name: lunar wand of healing
slot: ranged
sp_healing: 20
 ----------------------------
 --- hands --- 
name: gloves of prophecy
slot: hands
intelligence: 15
stamina: 10
spirit: 15
sp_healing: 18
mp5: 6
fire_res: 7
armor: 63
 ----------------------------
 --- waist --- 
name: whipvine cord
slot: waist
intelligence: 8
sp_healing: 31
mp5: 6
armor: 47
 ----------------------------
 --- legs --- 
name: leggings of transcendence
slot: legs
intelligence: 21
stamina: 16
spirit: 21
sp_healing: 46
mp5: 7
arcane_res: 10
shadow_res: 10
armor: 101
 ----------------------------
 --- feet --- 
name: boots of prophecy
slot: feet
intelligence: 18
stamina: 17
spirit: 15
sp_healing: 18
shadow_res: 7
armor: 70
 ----------------------------
 --- finger --- 
name: cauterizing band
slot: finger
intelligence: 12
stamina: 9
sp_healing: 46
 ----------------------------
 --- finger --- 
name: rosewine circle
slot: finger
sp_healing: 29
mp5: 5
 ----------------------------
 --- trinket --- 
name: royal seal of eldre'thalas
slot: trinket
sp_healing: 33
mp5: 4
 ----------------------------
 --- trinket --- 
name: shard of the scale
slot: trinket
mp5: 16
 ----------------------------
 --- Set bonuses ---
name: 
slot: Set bonuses
------------------
Char stats: 
Effective hp: 5886.4
Effective mana: 13363
Raw max mana: 8139.6
Int: 437.333
Stam: 180
Spirit: 235
Strength: 34
Agility: 38
Mp5: 186
Sp: 43
Sp shadow: 0
Sp healing: 534
Spell crit: -0.244669
Spell hit: 0
Arcane res: 10
Nature res: 0
Fire res: 17
Frost res: 10
Shadow res: 44
Armor: 2453
Defense: 300
Dodge: 0
Parry: 0
HpsPvp: 981.343
ShadowDps: 212.869
Value pvp healing: 633.823
Value pvp shadow: 29.823
------------------
Best counts:
For 120 s fights:
    casts: 19, ticks: 5, ticks_oom: 0
    Heal, rank: 2, count: 5
    Heal, rank: 4, count: 0
    Greater Heal, rank: 1, count: 8
    Greater Heal, rank: 4, count: 2
    Flash Heal, rank: 7, count: 0
    Renew, rank: 10, count: 3
    Prayer of Healing, rank: 5, count: 0
    pve info: 0
    hps: 597.798
For 180 s fights:
    casts: 14, ticks: 8, ticks_oom: 0
    Heal, rank: 2, count: 6
    Heal, rank: 4, count: 0
    Greater Heal, rank: 1, count: 0
    Greater Heal, rank: 4, count: 0
    Flash Heal, rank: 7, count: 0
    Renew, rank: 10, count: 1
    Prayer of Healing, rank: 5, count: 0
    pve info: 0
    hps: 507.466
For 240 s fights:
    casts: 19, ticks: 10, ticks_oom: 0
    Heal, rank: 2, count: 4
    Heal, rank: 4, count: 0
    Greater Heal, rank: 1, count: 0
    Greater Heal, rank: 4, count: 0
    Flash Heal, rank: 7, count: 0
    Renew, rank: 10, count: 1
    Prayer of Healing, rank: 5, count: 0
    pve info: 0
    hps: 460.069
For 300 s fights:
    casts: 11, ticks: 10, ticks_oom: 0
    Heal, rank: 2, count: 3
    Heal, rank: 4, count: 0
    Greater Heal, rank: 1, count: 7
    Greater Heal, rank: 4, count: 0
    Flash Heal, rank: 7, count: 0
    Renew, rank: 10, count: 2
    Prayer of Healing, rank: 5, count: 0
    pve info: 0
    hps: 419.738
For 360 s fights:
    casts: 14, ticks: 10, ticks_oom: 0
    Heal, rank: 2, count: 4
    Heal, rank: 4, count: 0
    Greater Heal, rank: 1, count: 0
    Greater Heal, rank: 4, count: 0
    Flash Heal, rank: 7, count: 0
    Renew, rank: 10, count: 1
    Prayer of Healing, rank: 5, count: 0
    pve info: 0
    hps: 406.276
------------------
Current relative stat values for matching or exceeding +50 pts of sp
int: 104.215
spi: 44.9822
sta: 0
agi: 0
mp5: 280.325
sp: 100
sp_shadow: 0
sp_healing: 100
spell crit: 275.084
spell hit: 0
arcane res: 0
nature res: 0
fire res: 0
frost res: 0
shadow res: 0
armor: 0
defense: 0
dodge: 0
parry: 0
------------------
Diffs to start: 
Upgrades: 
(0) -> benediction(46.5372) : 46.5372 = +10.7792%
devout robe(9.63397) -> truefaith vestments(26.3432) : 16.7092 = +3.62015%
devout bracers(6.87057) -> vambraces of prophecy(16.7072) : 9.83658 = +2.09989%
briarwood reed(8.0791) -> shard of the scale(17.0658) : 8.98672 = +1.91499%
atal'ai gloves of the owl(12.0123) -> gloves of prophecy(20.9724) : 8.96011 = +1.90921%
thuzadin sash(10.6041) -> whipvine cord(18.5005) : 7.89639 = +1.67875%
necropile boots(9.97974) -> boots of prophecy(16.1123) : 6.13254 = +1.29889%
padre's trousers(27.985) -> leggings of transcendence(33.4339) : 5.44885 = +1.15241%
fordring's seal(12.5701) -> cauterizing band(17.3183) : 4.7482 = +1.00274%
dragon finger of intellect(2.1731) -> lunar wand of healing(5.73413) : 3.56104 = +0.750152%
animated chain necklace(10.1177) -> choker of the fire lord(11.896) : 1.77829 = +0.373205%
burial shawl(13.3488) -> mantle of prophecy(14.6215) : 1.27267 = +0.26681%
halo of transcendence(29.317) -> halo of transcendence(29.317) : 0 = +0%
hide of the wild(15.6571) -> hide of the wild(15.6571) : 0 = +0%
rosewine circle(12.357) -> rosewine circle(12.357) : 0 = +0%
royal seal of eldre'thalas(12.8716) -> royal seal of eldre'thalas(12.8716) : 0 = +0%
penelope's rose(4.63779) -> (0) : -4.63779 = +-0.960388%
aurastone hammer(14.1828) -> (0) : -14.1828 = +-2.88003%
- - - - - - - - - - - - - - - - - - - - - - - - - - - - - - - - -
| Upgrades at best in slot level, from start item to candidate: |
. . . . . . . . . . . . . . . . . . . . . . . . . . . . . . . . .
- . - ' - . - ' - . - ' - . - ' - . - ' - . -
head, halo of transcendence (29.317) -> :
- . - ' - . - ' - . - ' - . - ' - . - ' - . -
neck, animated chain necklace (10.1177) -> :
    choker of the fire lord (11.896) : +0.373205 %, from: mc
- . - ' - . - ' - . - ' - . - ' - . - ' - . -
shoulders, burial shawl (13.3488) -> :
    mantle of prophecy (14.6215) : +0.26681 %, from: mc
- . - ' - . - ' - . - ' - . - ' - . - ' - . -
back, hide of the wild (15.6571) -> :
- . - ' - . - ' - . - ' - . - ' - . - ' - . -
chest, devout robe (9.63397) -> :
    truefaith vestments (26.3432) : +3.62015 %, from: tailoring bop
    robes of the exalted (22.9438) : +2.88365 %, from: pre-raid
    robes of prophecy (17.2155) : +1.64259 %, from: mc
    robe of volatile power (14.4518) : +1.04382 %, from: mc
    mindsurge robe (12.3806) : +0.595078 %, from: pre-raid
    the postmaster's tunic (12.1692) : +0.549271 %, from: pre-raid
    magister's robes (10.739) : +0.239401 %, from: pre-raid
    dreamweave vest (10.2575) : +0.135086 %, from: pre-raid
- . - ' - . - ' - . - ' - . - ' - . - ' - . -
wrists, devout bracers (6.87057) -> :
    vambraces of prophecy (16.7072) : +2.09989 %, from: mc
    flarecore wraps (12.007) : +1.0965 %, from: tailoring boe
    sublime wristguards (9.68228) : +0.600237 %, from: pre-raid
    flameweave cuffs of healing (9.31174) : +0.521134 %, from: brd
    magister's bindings (7.6936) : +0.175698 %, from: pre-raid
    magiskull cuffs (7.50977) : +0.136453 %, from: pre-raid
    wyrmthalak's shackles (7.42126) : +0.11756 %, from: pre-raid
- . - ' - . - ' - . - ' - . - ' - . - ' - . -
two-hand,  (0) -> :
    benediction (46.5372) : +10.7792 %, from: mc
    staff of dominance (28.6779) : +6.64252 %, from: mc
    aurastone hammer and fire runed grimoire (27.2172) : +6.30418 %, from: mc, mc
    aurastone hammer and thaurissan's royal scepter (26.4052) : +6.11609 %, from: mc, pre-raid
    aurastone hammer and brightly glowing stone (26.0664) : +6.03762 %, from: mc, pre-raid
    aurastone hammer and milli's lexicon (24.5328) : +5.68242 %, from: mc, pre-raid
    sorcerous dagger and fire runed grimoire (23.8062) : +5.51411 %, from: mc, mc
    aurastone hammer and ancient cornerstone grimoire (23.7363) : +5.49793 %, from: mc, onyxia
    aurastone hammer and spellbound tome (23.2428) : +5.38362 %, from: mc, pre-raid
    sorcerous dagger and thaurissan's royal scepter (22.9968) : +5.32664 %, from: mc, pre-raid
    sorcerous dagger and brightly glowing stone (22.6604) : +5.24871 %, from: mc, pre-raid
    aurastone hammer and penelope's rose (22.5529) : +5.22381 %, from: mc, pre-raid (scholo quest)
    aurastone hammer and globe of d'sak (22.5378) : +5.22033 %, from: mc, pre-raid
    the hammer of grace and fire runed grimoire (21.2745) : +4.9277 %, from: pre-raid, mc
    sorcerous dagger and milli's lexicon (21.1298) : +4.89419 %, from: mc, pre-raid
    sorcerous dagger and ancient cornerstone grimoire (20.3969) : +4.72443 %, from: mc, onyxia
    sorcerous dagger and spellbound tome (19.8249) : +4.59195 %, from: mc, pre-raid
    witchblade and fire runed grimoire (19.4744) : +4.51075 %, from: pre-raid, mc
    sorcerous dagger and penelope's rose (19.3098) : +4.47264 %, from: mc, pre-raid (scholo quest)
    sorcerous dagger and globe of d'sak (19.1373) : +4.43267 %, from: mc, pre-raid
    aurastone hammer and orb of the forgotten seer (19.005) : +4.40204 %, from: mc, pre-raid
    the hammer of grace and brightly glowing stone (18.8549) : +4.36726 %, from: pre-raid, pre-raid
    anathema (18.5223) : +4.29024 %, from: mc
    hypnotic blade and fire runed grimoire (18.3801) : +4.25729 %, from: pre-raid, mc
    the hammer of grace and thaurissan's royal scepter (18.0105) : +4.17167 %, from: pre-raid, pre-raid
    lorespinner and fire runed grimoire (17.8725) : +4.13971 %, from: pre-raid, mc
    witchblade and brightly glowing stone (17.1066) : +3.96232 %, from: pre-raid, pre-raid
    the hammer of grace and milli's lexicon (17.0552) : +3.95042 %, from: pre-raid, pre-raid
    witchblade and thaurissan's royal scepter (16.9966) : +3.93685 %, from: pre-raid, pre-raid
    gift of the elven magi and fire runed grimoire (16.9355) : +3.9227 %, from: pre-raid (strat live: balnazzar), mc
    quel'dorai channeling rod (16.5042) : +3.82277 %, from: pre-raid
    witchblade and milli's lexicon (16.3425) : +3.78533 %, from: pre-raid, pre-raid
    hypnotic blade and brightly glowing stone (16.2427) : +3.76222 %, from: pre-raid, pre-raid
    the hammer of grace and ancient cornerstone grimoire (16.2239) : +3.75786 %, from: pre-raid, onyxia
    hypnotic blade and thaurissan's royal scepter (16.0727) : +3.72283 %, from: pre-raid, pre-raid
    lorespinner and brightly glowing stone (16.0403) : +3.71532 %, from: pre-raid, pre-raid
    guiding stave of wisdom (15.9157) : +3.68648 %, from: pre-raid
    the hammer of grace and spellbound tome (15.8204) : +3.66439 %, from: pre-raid, pre-raid
    sorcerous dagger and orb of the forgotten seer (15.6167) : +3.61721 %, from: mc, pre-raid
    witchblade and spellbound tome (15.5699) : +3.60637 %, from: pre-raid, pre-raid
    witchblade and ancient cornerstone grimoire (15.548) : +3.6013 %, from: pre-raid, onyxia
    lorespinner and thaurissan's royal scepter (15.5032) : +3.59092 %, from: pre-raid, pre-raid
    lorespinner and milli's lexicon (15.4755) : +3.5845 %, from: pre-raid, pre-raid
    hypnotic blade and milli's lexicon (15.4058) : +3.56837 %, from: pre-raid, pre-raid
    gift of the elven magi and brightly glowing stone (15.2364) : +3.52913 %, from: pre-raid (strat live: balnazzar), pre-raid
    the hammer of grace and globe of d'sak (15.0543) : +3.48696 %, from: pre-raid, pre-raid
    hypnotic blade and ancient cornerstone grimoire (14.9821) : +3.47024 %, from: pre-raid, onyxia
    lorespinner and ancient cornerstone grimoire (14.5295) : +3.3654 %, from: pre-raid, onyxia
    gift of the elven magi and thaurissan's royal scepter (14.4996) : +3.35846 %, from: pre-raid (strat live: balnazzar), pre-raid
    trindlehaven staff (14.4287) : +3.34204 %, from: pre-raid
    hypnotic blade and spellbound tome (14.413) : +3.33841 %, from: pre-raid, pre-raid
    the hammer of grace and penelope's rose (14.3825) : +3.33136 %, from: pre-raid, pre-raid (scholo quest)
    witchblade and globe of d'sak (14.3539) : +3.32472 %, from: pre-raid, pre-raid
    gift of the elven magi and milli's lexicon (14.3247) : +3.31796 %, from: pre-raid (strat live: balnazzar), pre-raid
    witchblade and penelope's rose (14.2913) : +3.31021 %, from: pre-raid, pre-raid (scholo quest)
    argent crusader (14.111) : +3.26845 %, from: pre-raid
    lorespinner and spellbound tome (13.9624) : +3.23403 %, from: pre-raid, pre-raid
    rod of the ogre magi (13.8749) : +3.21378 %, from: pre-raid
    gift of the elven magi and ancient cornerstone grimoire (13.534) : +3.13481 %, from: pre-raid (strat live: balnazzar), onyxia
    hypnotic blade and penelope's rose (13.4363) : +3.11219 %, from: pre-raid, pre-raid (scholo quest)
    lorespinner and globe of d'sak (13.342) : +3.09035 %, from: pre-raid, pre-raid
    hypnotic blade and globe of d'sak (13.2016) : +3.05783 %, from: pre-raid, pre-raid
    gift of the elven magi and spellbound tome (12.9664) : +3.00335 %, from: pre-raid (strat live: balnazzar), pre-raid
    lorespinner and penelope's rose (12.8691) : +2.98081 %, from: pre-raid, pre-raid (scholo quest)
    scepter of the unholy and fire runed grimoire (12.4951) : +2.89418 %, from: pre-raid, mc
    gift of the elven magi and globe of d'sak (12.2836) : +2.84519 %, from: pre-raid (strat live: balnazzar), pre-raid
    the hammer of grace and orb of the forgotten seer (11.9228) : +2.76162 %, from: pre-raid, pre-raid
    gift of the elven magi and penelope's rose (11.8426) : +2.74304 %, from: pre-raid (strat live: balnazzar), pre-raid (scholo quest)
    scepter of the unholy and brightly glowing stone (10.2594) : +2.37633 %, from: pre-raid, pre-raid
    witchblade and orb of the forgotten seer (10.1335) : +2.34716 %, from: pre-raid, pre-raid
    scepter of the unholy and thaurissan's royal scepter (9.36081) : +2.1682 %, from: pre-raid, pre-raid
    hypnotic blade and orb of the forgotten seer (9.24347) : +2.14102 %, from: pre-raid, pre-raid
    lorespinner and orb of the forgotten seer (9.0199) : +2.08923 %, from: pre-raid, pre-raid
    scepter of the unholy and milli's lexicon (8.30295) : +1.92317 %, from: pre-raid, pre-raid
    gift of the elven magi and orb of the forgotten seer (8.22339) : +1.90474 %, from: pre-raid (strat live: balnazzar), pre-raid
    scepter of the unholy and ancient cornerstone grimoire (7.48004) : +1.73256 %, from: pre-raid, onyxia
    scepter of the unholy and spellbound tome (7.08078) : +1.64009 %, from: pre-raid, pre-raid
    scepter of the unholy and globe of d'sak (6.32346) : +1.46467 %, from: pre-raid, pre-raid
    sarah's guide (6.01813) : +1.39395 %, from: pre-raid
    scepter of the unholy and penelope's rose (5.67688) : +1.31491 %, from: pre-raid, pre-raid (scholo quest)
    scepter of the unholy and orb of the forgotten seer (3.32764) : +0.770764 %, from: pre-raid, pre-raid
- . - ' - . - ' - . - ' - . - ' - . - ' - . -
ranged, dragon finger of intellect (2.1731) -> :
    lunar wand of healing (5.73413) : +0.750152 %, from: random green
    bonecreeper stylus (4.27698) : +0.443194 %, from: pre-raid
    oblivion's touch (3.2146) : +0.219399 %, from: pre-raid
    mana channeling wand (3.05359) : +0.185481 %, from: pre-raid
    crimson shocker (2.7811) : +0.128079 %, from: mc
    lunar wand of intellect (2.68713) : +0.108285 %, from: random green
    lunar wand of the owl (2.48572) : +0.0658556 %, from: random green
- . - ' - . - ' - . - ' - . - ' - . - ' - . -
hands, atal'ai gloves of the owl (12.0123) -> :
    gloves of prophecy (20.9724) : +1.90921 %, from: mc
    hands of the exalted herald (18.5146) : +1.3855 %, from: pre-raid
    atal'ai hands of healing (14.7509) : +0.583542 %, from: sunken temple
    high councillor's gloves of healing (12.8031) : +0.168516 %, from: random green
    shadowy laced handwraps (12.7561) : +0.158496 %, from: pre-raid
- . - ' - . - ' - . - ' - . - ' - . - ' - . -
waist, thuzadin sash (10.6041) -> :
    whipvine cord (18.5005) : +1.67875 %, from: pre-raid
    girdle of prophecy (16.0096) : +1.14918 %, from: mc
    mana igniting cord (15.051) : +0.945405 %, from: mc
- . - ' - . - ' - . - ' - . - ' - . - ' - . -
legs, padre's trousers (27.985) -> :
    leggings of transcendence (33.4339) : +1.15241 %, from: mc
- . - ' - . - ' - . - ' - . - ' - . - ' - . -
feet, necropile boots (9.97974) -> :
    boots of prophecy (16.1123) : +1.29889 %, from: mc
    boots of the full moon (15.4552) : +1.15971 %, from: pre-raid
    dragonrider boots (13.0437) : +0.648957 %, from: pre-raid
    wolfrunner shoes (11.7931) : +0.384067 %, from: pre-raid
    omnicast boots (11.4688) : +0.315397 %, from: pre-raid
    the postmaster's treads (10.5366) : +0.11795 %, from: pre-raid
- . - ' - . - ' - . - ' - . - ' - . - ' - . -
finger, rosewine circle (12.6758) -> :
    cauterizing band (17.3183) : +0.980199 %, from: mc
- . - ' - . - ' - . - ' - . - ' - . - ' - . -
finger 2, fordring's seal (12.0567) -> :
    cauterizing band (16.7523) : +0.982397 %, from: mc
    rosewine circle (12.357) : +0.0628268 %, from: pre-raid
- . - ' - . - ' - . - ' - . - ' - . - ' - . -
trinket, royal seal of eldre'thalas (12.8716) -> :
    shard of the scale (12.9304) : +0.0123022 %, from: onyxia
- . - ' - . - ' - . - ' - . - ' - . - ' - . -
trinket 2, briarwood reed (8.0791) -> :
    shard of the scale (17.0658) : +1.91499 %, from: onyxia
    royal seal of eldre'thalas (14.1704) : +1.298 %, from: pre-raid
    mindtap talisman (12.9811) : +1.04458 %, from: pre-raid
------------------
- - - - - - - - - - - - - - - - - - - - - - - - - - - - - -
| Upgrades at start level, from start item to candidate:  |
. . . . . . . . . . . . . . . . . . . . . . . . . . . . . .
- . - ' - . - ' - . - ' - . - ' - . - ' - . -
head, halo of transcendence (22.4247) -> :
- . - ' - . - ' - . - ' - . - ' - . - ' - . -
neck, animated chain necklace (7.57489) -> :
    choker of the fire lord (10.4164) : +0.726565 %, from: mc
    choker of enlightenment (9.37317) : +0.459807 %, from: mc
- . - ' - . - ' - . - ' - . - ' - . - ' - . -
shoulders, burial shawl (9.73676) -> :
    mantle of prophecy (12.2405) : +0.640192 %, from: mc
    elder wizard's mantle (10.6104) : +0.22338 %, from: pre-raid
    sunderseer mantle (10.4546) : +0.183537 %, from: pre-raid
    soulstealer mantle (10.0463) : +0.0791471 %, from: pre-raid
    devout mantle (9.79614) : +0.0151849 %, from: pre-raid
- . - ' - . - ' - . - ' - . - ' - . - ' - . -
back, hide of the wild (12.249) -> :
- . - ' - . - ' - . - ' - . - ' - . - ' - . -
chest, devout robe (10.7854) -> :
    truefaith vestments (19.0691) : +2.11808 %, from: tailoring bop
    robes of prophecy (17.958) : +1.83399 %, from: mc
    robes of the exalted (17.2847) : +1.66181 %, from: pre-raid
    magister's robes (13.3033) : +0.643797 %, from: pre-raid
    robe of volatile power (12.2898) : +0.384663 %, from: mc
    mindsurge robe (11.7474) : +0.245978 %, from: pre-raid
- . - ' - . - ' - . - ' - . - ' - . - ' - . -
wrists, devout bracers (5.62418) -> :
    vambraces of prophecy (14.4277) : +2.25101 %, from: mc
    flarecore wraps (10.7022) : +1.29842 %, from: tailoring boe
    magister's bindings (7.71265) : +0.534007 %, from: pre-raid
    wyrmthalak's shackles (7.68338) : +0.526524 %, from: pre-raid
    magiskull cuffs (7.48151) : +0.474906 %, from: pre-raid
    sublime wristguards (7.39163) : +0.451926 %, from: pre-raid
    flameweave cuffs of healing (6.6037) : +0.250457 %, from: brd
- . - ' - . - ' - . - ' - . - ' - . - ' - . -
two-hand,  (0) -> :
    benediction (35.123) : +8.98071 %, from: mc
    staff of dominance (22.6364) : +5.78796 %, from: mc
    aurastone hammer and fire runed grimoire (20.8311) : +5.32638 %, from: mc, mc
    aurastone hammer and brightly glowing stone (20.1213) : +5.14488 %, from: mc, pre-raid
    aurastone hammer and thaurissan's royal scepter (19.5926) : +5.0097 %, from: mc, pre-raid
    sorcerous dagger and fire runed grimoire (18.6812) : +4.77665 %, from: mc, mc
    sorcerous dagger and brightly glowing stone (18.0945) : +4.62663 %, from: mc, pre-raid
    aurastone hammer and milli's lexicon (18.0789) : +4.62265 %, from: mc, pre-raid
    aurastone hammer and ancient cornerstone grimoire (17.9976) : +4.60185 %, from: mc, onyxia
    sorcerous dagger and thaurissan's royal scepter (17.6587) : +4.5152 %, from: mc, pre-raid
    aurastone hammer and spellbound tome (17.6301) : +4.50789 %, from: mc, pre-raid
    aurastone hammer and globe of d'sak (17.1331) : +4.3808 %, from: mc, pre-raid
    aurastone hammer and penelope's rose (16.9467) : +4.33316 %, from: mc, pre-raid (scholo quest)
    sorcerous dagger and milli's lexicon (16.208) : +4.14427 %, from: mc, pre-raid
    the hammer of grace and fire runed grimoire (16.1984) : +4.14182 %, from: pre-raid, mc
    sorcerous dagger and ancient cornerstone grimoire (16.0661) : +4.108 %, from: mc, onyxia
    sorcerous dagger and spellbound tome (15.6079) : +3.99082 %, from: mc, pre-raid
    the hammer of grace and thaurissan's royal scepter (15.085) : +3.85712 %, from: pre-raid, pre-raid
    sorcerous dagger and globe of d'sak (15.0511) : +3.84847 %, from: mc, pre-raid
    aurastone hammer and orb of the forgotten seer (14.9861) : +3.83185 %, from: mc, pre-raid
    witchblade and fire runed grimoire (14.9732) : +3.82854 %, from: pre-raid, mc
    sorcerous dagger and penelope's rose (14.9259) : +3.81644 %, from: mc, pre-raid (scholo quest)
    anathema (14.614) : +3.7367 %, from: mc
    witchblade and brightly glowing stone (14.2416) : +3.64148 %, from: pre-raid, pre-raid
    hypnotic blade and fire runed grimoire (14.1374) : +3.61483 %, from: pre-raid, mc
    witchblade and thaurissan's royal scepter (13.8287) : +3.5359 %, from: pre-raid, pre-raid
    lorespinner and fire runed grimoire (13.7772) : +3.52272 %, from: pre-raid, mc
    the hammer of grace and brightly glowing stone (13.7547) : +3.51698 %, from: pre-raid, pre-raid
    guiding stave of wisdom (13.5983) : +3.47699 %, from: pre-raid
    the hammer of grace and milli's lexicon (13.5641) : +3.46825 %, from: pre-raid, pre-raid
    hypnotic blade and brightly glowing stone (13.5567) : +3.46635 %, from: pre-raid, pre-raid
    the hammer of grace and ancient cornerstone grimoire (13.4207) : +3.43157 %, from: pre-raid, onyxia
    gift of the elven magi and fire runed grimoire (13.2999) : +3.40069 %, from: pre-raid (strat live: balnazzar), mc
    hypnotic blade and thaurissan's royal scepter (13.2434) : +3.38624 %, from: pre-raid, pre-raid
    lorespinner and brightly glowing stone (13.2306) : +3.38298 %, from: pre-raid, pre-raid
    the hammer of grace and spellbound tome (13.1128) : +3.35286 %, from: pre-raid, pre-raid
    sorcerous dagger and orb of the forgotten seer (12.9687) : +3.31599 %, from: mc, pre-raid
    gift of the elven magi and brightly glowing stone (12.7485) : +3.2597 %, from: pre-raid (strat live: balnazzar), pre-raid
    lorespinner and thaurissan's royal scepter (12.7176) : +3.25179 %, from: pre-raid, pre-raid
    the hammer of grace and globe of d'sak (12.4626) : +3.18659 %, from: pre-raid, pre-raid
    the hammer of grace and penelope's rose (12.429) : +3.17802 %, from: pre-raid, pre-raid (scholo quest)
    witchblade and ancient cornerstone grimoire (12.3701) : +3.16294 %, from: pre-raid, onyxia
    gift of the elven magi and thaurissan's royal scepter (12.3139) : +3.14859 %, from: pre-raid (strat live: balnazzar), pre-raid
    quel'dorai channeling rod (12.2568) : +3.13399 %, from: pre-raid
    witchblade and milli's lexicon (12.1798) : +3.11429 %, from: pre-raid, pre-raid
    rod of the ogre magi (11.9485) : +3.05514 %, from: pre-raid
    witchblade and spellbound tome (11.8527) : +3.03065 %, from: pre-raid, pre-raid
    trindlehaven staff (11.5816) : +2.96134 %, from: pre-raid
    hypnotic blade and milli's lexicon (11.5553) : +2.95461 %, from: pre-raid, pre-raid
    hypnotic blade and ancient cornerstone grimoire (11.5342) : +2.94922 %, from: pre-raid, onyxia
    witchblade and globe of d'sak (11.2366) : +2.87313 %, from: pre-raid, pre-raid
    hypnotic blade and spellbound tome (11.2289) : +2.87115 %, from: pre-raid, pre-raid
    lorespinner and milli's lexicon (11.189) : +2.86094 %, from: pre-raid, pre-raid
    argent crusader (11.1616) : +2.85395 %, from: pre-raid
    lorespinner and ancient cornerstone grimoire (11.1229) : +2.84405 %, from: pre-raid, onyxia
    witchblade and penelope's rose (11.1121) : +2.84128 %, from: pre-raid, pre-raid (scholo quest)
    lorespinner and spellbound tome (10.864) : +2.77784 %, from: pre-raid, pre-raid
    hypnotic blade and globe of d'sak (10.7348) : +2.74482 %, from: pre-raid, pre-raid
    gift of the elven magi and milli's lexicon (10.6539) : +2.72413 %, from: pre-raid (strat live: balnazzar), pre-raid
    gift of the elven magi and ancient cornerstone grimoire (10.6479) : +2.72258 %, from: pre-raid (strat live: balnazzar), onyxia
    hypnotic blade and penelope's rose (10.5503) : +2.69764 %, from: pre-raid, pre-raid (scholo quest)
    gift of the elven magi and spellbound tome (10.2383) : +2.61786 %, from: pre-raid (strat live: balnazzar), pre-raid
    lorespinner and globe of d'sak (10.1914) : +2.60588 %, from: pre-raid, pre-raid
    lorespinner and penelope's rose (10.0674) : +2.57415 %, from: pre-raid, pre-raid (scholo quest)
    scepter of the unholy and fire runed grimoire (9.82822) : +2.51301 %, from: pre-raid, mc
    gift of the elven magi and penelope's rose (9.60715) : +2.45648 %, from: pre-raid (strat live: balnazzar), pre-raid (scholo quest)
    gift of the elven magi and globe of d'sak (9.56561) : +2.44586 %, from: pre-raid (strat live: balnazzar), pre-raid
    witchblade and orb of the forgotten seer (9.14069) : +2.33721 %, from: pre-raid, pre-raid
    scepter of the unholy and thaurissan's royal scepter (8.75479) : +2.23854 %, from: pre-raid, pre-raid
    the hammer of grace and orb of the forgotten seer (8.69785) : +2.22398 %, from: pre-raid, pre-raid
    hypnotic blade and orb of the forgotten seer (8.4523) : +2.16119 %, from: pre-raid, pre-raid
    lorespinner and orb of the forgotten seer (8.11215) : +2.07422 %, from: pre-raid, pre-raid
    gift of the elven magi and orb of the forgotten seer (7.63449) : +1.95209 %, from: pre-raid (strat live: balnazzar), pre-raid
    scepter of the unholy and brightly glowing stone (7.48422) : +1.91366 %, from: pre-raid, pre-raid
    scepter of the unholy and milli's lexicon (7.19861) : +1.84063 %, from: pre-raid, pre-raid
    scepter of the unholy and ancient cornerstone grimoire (7.05661) : +1.80433 %, from: pre-raid, onyxia
    scepter of the unholy and spellbound tome (6.75217) : +1.72648 %, from: pre-raid, pre-raid
    scepter of the unholy and globe of d'sak (6.10974) : +1.56222 %, from: pre-raid, pre-raid
    scepter of the unholy and penelope's rose (6.07669) : +1.55377 %, from: pre-raid, pre-raid (scholo quest)
    sarah's guide (5.84232) : +1.49384 %, from: pre-raid
    scepter of the unholy and orb of the forgotten seer (2.42743) : +0.620677 %, from: pre-raid, pre-raid
- . - ' - . - ' - . - ' - . - ' - . - ' - . -
ranged, dragon finger of intellect (3.32925) -> :
    oblivion's touch (5.76773) : +0.623501 %, from: pre-raid
    crimson shocker (5.4856) : +0.551361 %, from: mc
    lunar wand of intellect (5.21851) : +0.483068 %, from: random green
    lunar wand of the owl (5.10599) : +0.454298 %, from: random green
    bonecreeper stylus (4.4422) : +0.284572 %, from: pre-raid
    lunar wand of healing (4.01999) : +0.176616 %, from: random green
    mana channeling wand (3.41461) : +0.0218254 %, from: pre-raid
- . - ' - . - ' - . - ' - . - ' - . - ' - . -
hands, atal'ai gloves of the owl (9.02164) -> :
    gloves of prophecy (16.7411) : +1.97381 %, from: mc
    hands of the exalted herald (13.8615) : +1.23753 %, from: pre-raid
    shadowy laced handwraps (10.5898) : +0.400979 %, from: pre-raid
    atal'ai hands of healing (10.573) : +0.396672 %, from: sunken temple
    mooncloth gloves (9.88287) : +0.220212 %, from: pre-raid
    magister's gloves (9.27573) : +0.0649689 %, from: pre-raid
    high councillor's gloves of healing (9.17651) : +0.0396009 %, from: random green
- . - ' - . - ' - . - ' - . - ' - . - ' - . -
waist, thuzadin sash (8.64984) -> :
    whipvine cord (15.2542) : +1.6887 %, from: pre-raid
    girdle of prophecy (14.8604) : +1.58798 %, from: mc
    mana igniting cord (12.9732) : +1.10545 %, from: mc
    magister's belt (9.6702) : +0.260898 %, from: pre-raid
    dustfeather sash (9.50397) : +0.218394 %, from: pre-raid
    grimgore noose (9.33792) : +0.175937 %, from: pre-raid
- . - ' - . - ' - . - ' - . - ' - . - ' - . -
legs, padre's trousers (19.4296) -> :
    leggings of transcendence (25.4047) : +1.52779 %, from: mc
    pants of prophecy (20.4579) : +0.262926 %, from: mc
- . - ' - . - ' - . - ' - . - ' - . - ' - . -
feet, necropile boots (7.75055) -> :
    boots of prophecy (13.7505) : +1.53413 %, from: mc
    boots of the full moon (12.9576) : +1.33141 %, from: pre-raid
    dragonrider boots (11.0191) : +0.835746 %, from: pre-raid
    wolfrunner shoes (10.1809) : +0.621433 %, from: pre-raid
    the postmaster's treads (9.28003) : +0.391077 %, from: pre-raid
    omnicast boots (8.17993) : +0.10979 %, from: pre-raid
    vinerot sandals (8.07285) : +0.0824089 %, from: pre-raid
    devout sandals (8.06253) : +0.0797714 %, from: pre-raid
- . - ' - . - ' - . - ' - . - ' - . - ' - . -
finger, rosewine circle (10.562) -> :
    cauterizing band (15.3012) : +1.21179 %, from: mc
    band of sulfuras (10.977) : +0.106099 %, from: mc
- . - ' - . - ' - . - ' - . - ' - . - ' - . -
finger 2, fordring's seal (9.99689) -> :
    cauterizing band (15.3249) : +1.36232 %, from: mc
    rosewine circle (11.5621) : +0.400207 %, from: pre-raid
    band of sulfuras (10.1455) : +0.038009 %, from: mc
- . - ' - . - ' - . - ' - . - ' - . - ' - . -
trinket, royal seal of eldre'thalas (10.5965) -> :
    shard of the scale (12.4886) : +0.483802 %, from: onyxia
- . - ' - . - ' - . - ' - . - ' - . - ' - . -
trinket 2, briarwood reed (5.86563) -> :
    shard of the scale (10.8805) : +1.28226 %, from: onyxia
    royal seal of eldre'thalas (10.674) : +1.22946 %, from: pre-raid
    mindtap talisman (7.92892) : +0.52757 %, from: pre-raid
-- Stat values at start item level: --
Current relative stat values for matching or exceeding +50 pts of sp
int: 175.436
spi: 78.2201
sta: 0
agi: 0
mp5: 433.795
sp: 100
sp_shadow: 0
sp_healing: 100
spell crit: 236.951
spell hit: 0
arcane res: 0
nature res: 0
fire res: 0
frost res: 0
shadow res: 0
armor: 0
defense: 0
dodge: 0
parry: 0
------------------
Best value: 478.27
