Your call: ./css 5 -f 0.4 ../items/more_raid.csv 
./css 5 ../items/more_raid.csv 
Shuffle seed: 2452017851
Reading tmp locked from: start_with.txt
Locking: anastari heirloom
Locking: animated chain necklace
Locking: argent crusader
Locking: atal'ai gloves of the owl
Locking: banshee finger
Locking: blood of the martyr
Locking: briarwood reed
Locking: burial shawl
Locking: crimson felt hat
Locking: cyclopean band
Locking: devout belt
Locking: devout bracers
Locking: devout crown
Locking: devout mantle
Locking: devout robe
Locking: devout sandals
Locking: devout skirt
Locking: dragon finger of intellect
Locking: dragonslayer's signet
Locking: drakefire amulet
Locking: dreadmist mantle
Locking: dreamweave circlet
Locking: dreamweave gloves
Locking: dreamweave vest
Locking: eye of the beast
Locking: fordring's seal
Locking: grimgore noose
Locking: halo of transcendence
Locking: heart of the fiend
Locking: hide of the wild
Locking: kentic amice
Locking: magister's robes
Locking: maleki's footwraps
Locking: nature's breath
Locking: necropile boots
Locking: necropile cuffs
Locking: necropile mantle
Locking: noxious shooter
Locking: omnicast boots
Locking: orb of the forgotten seer
Locking: padre's trousers
Locking: penelope's rose
Locking: quel'dorai channeling rod
Locking: raincaster drape
Locking: rainstrider leggings
Locking: ring of demonic guile
Locking: ring of demonic guile
Locking: robes of the royal crown
Locking: rod of corrosion
Locking: rosewine circle
Locking: royal seal of eldre'thalas
Locking: royal tribunal cloak
Locking: sarah's guide
Locking: seal of rivendare
Locking: seal of rivendare
Locking: shadowy laced handwraps
Locking: silkweb gloves
Locking: soulstealer mantle
Locking: spellbound tome
Locking: spritecaster cape
Locking: starfire tiara
Locking: the hammer of grace
Locking: the postmaster's treads
Locking: thuzadin sash
Locking: triune amulet
Locking: vinerot sandals
Locking: wolfshear leggings
Locking: pants of prophecy
Optimizing start items...
[Perf] spent in FindBestPveHealingCounts: 0.026183 s, that's: 100.002 % of total.

*** NEW BEST: 170.734 ***

*** NEW BEST: 178.935 ***

*** NEW BEST: 186.884 ***

*** NEW BEST: 195.22 ***

*** NEW BEST: 202.651 ***

*** NEW BEST: 208.273 ***

*** NEW BEST: 211.918 ***

*** NEW BEST: 230.061 ***

*** NEW BEST: 238.997 ***

*** NEW BEST: 248.305 ***

*** NEW BEST: 256.273 ***

*** NEW BEST: 270.01 ***

*** NEW BEST: 291.429 ***

*** NEW BEST: 293.672 ***

*** NEW BEST: 300.928 ***

*** NEW BEST: 309.302 ***
*
best val: 309.302
*
best val: 309.302
*
best val: 309.302
*
best val: 309.302
*
best val: 309.302

Read starting items and cleared locks.
 ----------------------------
 --- head --- 
name: halo of transcendence
slot: head
intelligence: 27
stamina: 17
spirit: 22
sp_healing: 48
fire_res: 10
frost_res: 10
armor: 94
 ----------------------------
 --- neck --- 
name: animated chain necklace
slot: neck
stamina: 7
spirit: 6
sp_healing: 33
 ----------------------------
 --- shoulders --- 
name: devout mantle
slot: shoulders
intelligence: 21
stamina: 4
spirit: 9
armor: 64
 ----------------------------
 --- back --- 
name: hide of the wild
slot: back
intelligence: 10
stamina: 8
sp_healing: 42
armor: 48
 ----------------------------
 --- chest --- 
name: devout robe
slot: chest
intelligence: 24
stamina: 13
spirit: 15
armor: 89
 ----------------------------
 --- wrists --- 
name: devout bracers
slot: wrists
intelligence: 10
stamina: 7
spirit: 10
armor: 35
 ----------------------------
 --- two-hand --- 
name: quel'dorai channeling rod
slot: two-hand
intelligence: 18
stamina: 8
spirit: 8
mp5: 8
 ----------------------------
 ---  --- 
name: 
slot: 
 ----------------------------
 ---  --- 
name: 
slot: 
 ----------------------------
 ---  --- 
name: 
slot: 
 ----------------------------
 --- ranged --- 
name: dragon finger of intellect
slot: ranged
intelligence: 8
 ----------------------------
 --- hands --- 
name: atal'ai gloves of the owl
slot: hands
intelligence: 13
spirit: 13
sp: 9
armor: 47
 ----------------------------
 --- waist --- 
name: thuzadin sash
slot: waist
intelligence: 12
stamina: 11
spirit: 11
sp: 11
armor: 49
 ----------------------------
 --- legs --- 
name: pants of prophecy
slot: legs
intelligence: 24
stamina: 18
spirit: 20
sp_healing: 22
mp5: 6
shadow_res: 10
armor: 89
 ----------------------------
 --- feet --- 
name: devout sandals
slot: feet
intelligence: 10
stamina: 9
spirit: 17
armor: 58
 ----------------------------
 --- finger --- 
name: fordring's seal
slot: finger
intelligence: 5
stamina: 4
sp_healing: 37
 ----------------------------
 --- finger --- 
name: rosewine circle
slot: finger
sp_healing: 29
mp5: 5
 ----------------------------
 --- trinket --- 
name: briarwood reed
slot: trinket
sp: 29
 ----------------------------
 --- trinket --- 
name: royal seal of eldre'thalas
slot: trinket
sp_healing: 33
mp5: 4
 ----------------------------
 --- Set bonuses ---
name: devout 2 devout 4 
slot: Set bonuses
sp: 23
armor: 200
 --- And counts for start items ---
For 120 s fights:
    casts: 7, ticks: 9, ticks_oom: 0
    Heal, rank: 2, count: 1
    Heal, rank: 4, count: 0
    Greater Heal, rank: 1, count: 6
    Greater Heal, rank: 4, count: 2
    Flash Heal, rank: 7, count: 0
    Renew, rank: 10, count: 1
    Prayer of Healing, rank: 5, count: 0
    pve info: 0
    hps: 400.179
For 180 s fights:
    casts: 4, ticks: 10, ticks_oom: 0
    Heal, rank: 2, count: 0
    Heal, rank: 4, count: 0
    Greater Heal, rank: 1, count: 7
    Greater Heal, rank: 4, count: 2
    Flash Heal, rank: 7, count: 0
    Renew, rank: 10, count: 2
    Prayer of Healing, rank: 5, count: 0
    pve info: 0
    hps: 327.54
For 240 s fights:
    casts: 5, ticks: 10, ticks_oom: 0
    Heal, rank: 2, count: 1
    Heal, rank: 4, count: 0
    Greater Heal, rank: 1, count: 3
    Greater Heal, rank: 4, count: 1
    Flash Heal, rank: 7, count: 0
    Renew, rank: 10, count: 1
    Prayer of Healing, rank: 5, count: 0
    pve info: 0
    hps: 295.272
For 300 s fights:
    casts: 4, ticks: 9, ticks_oom: 0
    Heal, rank: 2, count: 0
    Heal, rank: 4, count: 0
    Greater Heal, rank: 1, count: 6
    Greater Heal, rank: 4, count: 2
    Flash Heal, rank: 7, count: 0
    Renew, rank: 10, count: 2
    Prayer of Healing, rank: 5, count: 0
    pve info: 0
    hps: 268.455
For 360 s fights:
    casts: 5, ticks: 10, ticks_oom: 0
    Heal, rank: 2, count: 2
    Heal, rank: 4, count: 0
    Greater Heal, rank: 1, count: 2
    Greater Heal, rank: 4, count: 1
    Flash Heal, rank: 7, count: 0
    Renew, rank: 10, count: 1
    Prayer of Healing, rank: 5, count: 0
    pve info: 0
    hps: 255.065
.
*** NEW BEST: 314.369 ***

*** NEW BEST: 318.01 ***

*** NEW BEST: 335.186 ***

*** NEW BEST: 339.343 ***

*** NEW BEST: 343.253 ***

*** NEW BEST: 343.958 ***

*** NEW BEST: 350.891 ***

*** NEW BEST: 359.275 ***

*** NEW BEST: 367.412 ***
.
*** NEW BEST: 367.748 ***

*** NEW BEST: 373.076 ***
.
*** NEW BEST: 373.81 ***

*** NEW BEST: 375.616 ***
.....
*** NEW BEST: 377.559 ***
...
*** NEW BEST: 378.615 ***
..
*** NEW BEST: 379.106 ***
.....
*** NEW BEST: 379.107 ***
......
*** NEW BEST: 379.133 ***
.....
*** NEW BEST: 379.231 ***
.......................................................
*** NEW BEST: 380.252 ***
...
*** NEW BEST: 380.899 ***
............................................................................[Perf] spent in FindBestPveHealingCounts: 28.445 s, that's: 64.8974 % of total.
......................Temporary bans and partial set bonuses off.
.legs : pants of prophecy -> leggings of transcendence => val: 375.891 -> 380.899
.......... ----------------------------
 --- head --- 
name: halo of transcendence
slot: head
intelligence: 27
stamina: 17
spirit: 22
sp_healing: 48
fire_res: 10
frost_res: 10
armor: 94
 ----------------------------
 --- neck --- 
name: choker of the fire lord
slot: neck
intelligence: 7
stamina: 7
sp: 34
 ----------------------------
 --- shoulders --- 
name: mantle of prophecy
slot: shoulders
intelligence: 23
stamina: 13
spirit: 10
sp: 9
shadow_res: 7
armor: 76
 ----------------------------
 --- back --- 
name: hide of the wild
slot: back
intelligence: 10
stamina: 8
sp_healing: 42
armor: 48
 ----------------------------
 --- chest --- 
name: truefaith vestments
slot: chest
stamina: 14
sp_healing: 73
mp5: 6
armor: 96
 ----------------------------
 --- wrists --- 
name: vambraces of prophecy
slot: wrists
intelligence: 14
stamina: 8
spirit: 10
sp_healing: 24
mp5: 2
armor: 44
 ----------------------------
 --- two-hand --- 
name: benediction
slot: two-hand
intelligence: 31
stamina: 10
spirit: 12
sp_healing: 106
spell_crit: 2
shadow_res: 20
 ----------------------------
 ---  --- 
name: 
slot: 
 ----------------------------
 ---  --- 
name: 
slot: 
 ----------------------------
 ---  --- 
name: 
slot: 
 ----------------------------
 --- ranged --- 
name: lunar wand of healing
slot: ranged
sp_healing: 20
 ----------------------------
 --- hands --- 
name: gloves of prophecy
slot: hands
intelligence: 15
stamina: 10
spirit: 15
sp_healing: 18
mp5: 6
fire_res: 7
armor: 63
 ----------------------------
 --- waist --- 
name: girdle of prophecy
slot: waist
intelligence: 22
stamina: 10
spirit: 10
sp: 9
mp5: 4
fire_res: 7
armor: 57
 ----------------------------
 --- legs --- 
name: leggings of transcendence
slot: legs
intelligence: 21
stamina: 16
spirit: 21
sp_healing: 46
mp5: 7
arcane_res: 10
shadow_res: 10
armor: 101
 ----------------------------
 --- feet --- 
name: boots of prophecy
slot: feet
intelligence: 18
stamina: 17
spirit: 15
sp_healing: 18
shadow_res: 7
armor: 70
 ----------------------------
 --- finger --- 
name: cauterizing band
slot: finger
intelligence: 12
stamina: 9
sp_healing: 46
 ----------------------------
 --- finger --- 
name: rosewine circle
slot: finger
sp_healing: 29
mp5: 5
 ----------------------------
 --- trinket --- 
name: shard of the scale
slot: trinket
mp5: 16
 ----------------------------
 --- trinket --- 
name: royal seal of eldre'thalas
slot: trinket
sp_healing: 33
mp5: 4
 ----------------------------
 --- Set bonuses ---
name: 
slot: Set bonuses
------------------
Char stats: 
Effective hp: 5982
Effective mana: 10777.7
Raw max mana: 7149.6
Int: 371.333
Stam: 190
Spirit: 245
Strength: 34
Agility: 38
Mp5: 103.6
Sp: 52
Sp shadow: 0
Sp healing: 503
Spell crit: 1.10213
Spell hit: 0
Arcane res: 10
Nature res: 0
Fire res: 24
Frost res: 10
Shadow res: 44
Armor: 2463
Defense: 300
Dodge: 0
Parry: 0
HpsPvp: 974.242
ShadowDps: 213.756
Value pvp healing: 522.887
Value pvp shadow: 25.1717
------------------
Best counts:
For 120 s fights:
    casts: 11, ticks: 10, ticks_oom: 0
    Heal, rank: 2, count: 3
    Heal, rank: 4, count: 0
    Greater Heal, rank: 1, count: 8
    Greater Heal, rank: 4, count: 1
    Flash Heal, rank: 7, count: 0
    Renew, rank: 10, count: 2
    Prayer of Healing, rank: 5, count: 0
    pve info: 0
    hps: 488.533
For 180 s fights:
    casts: 9, ticks: 10, ticks_oom: 0
    Heal, rank: 2, count: 6
    Heal, rank: 4, count: 0
    Greater Heal, rank: 1, count: 7
    Greater Heal, rank: 4, count: 3
    Flash Heal, rank: 7, count: 0
    Renew, rank: 10, count: 2
    Prayer of Healing, rank: 5, count: 0
    pve info: 0
    hps: 403.686
For 240 s fights:
    casts: 8, ticks: 10, ticks_oom: 0
    Heal, rank: 2, count: 3
    Heal, rank: 4, count: 0
    Greater Heal, rank: 1, count: 4
    Greater Heal, rank: 4, count: 0
    Flash Heal, rank: 7, count: 0
    Renew, rank: 10, count: 1
    Prayer of Healing, rank: 5, count: 0
    pve info: 0
    hps: 362.527
For 300 s fights:
    casts: 5, ticks: 10, ticks_oom: 0
    Heal, rank: 2, count: 1
    Heal, rank: 4, count: 0
    Greater Heal, rank: 1, count: 6
    Greater Heal, rank: 4, count: 2
    Flash Heal, rank: 7, count: 0
    Renew, rank: 10, count: 2
    Prayer of Healing, rank: 5, count: 0
    pve info: 0
    hps: 331.62
For 360 s fights:
    casts: 8, ticks: 10, ticks_oom: 0
    Heal, rank: 2, count: 8
    Heal, rank: 4, count: 0
    Greater Heal, rank: 1, count: 0
    Greater Heal, rank: 4, count: 1
    Flash Heal, rank: 7, count: 0
    Renew, rank: 10, count: 2
    Prayer of Healing, rank: 5, count: 0
    pve info: 0
    hps: 318.126
------------------
Current relative stat values for matching or exceeding +50 pts of sp
int: 136.338
spi: 100.197
sta: 0
agi: 0
mp5: 365.458
sp: 100
sp_shadow: 0
sp_healing: 100
spell crit: 325.578
spell hit: 0
arcane res: 0
nature res: 0
fire res: 0
frost res: 0
shadow res: 0
armor: 0
defense: 0
dodge: 0
parry: 0
------------------
Diffs to start: 
Upgrades: 
quel'dorai channeling rod(16.858) -> benediction(38.3918) : 21.5338 = +5.99218%
briarwood reed(5.66238) -> shard of the scale(16.6192) : 10.9568 = +2.96178%
devout robe(10.2937) -> truefaith vestments(19.9256) : 9.63184 = +2.59432%
atal'ai gloves of the owl(10.9535) -> gloves of prophecy(19.1797) : 8.22617 = +2.20735%
devout bracers(6.78036) -> vambraces of prophecy(14.2427) : 7.46231 = +1.99828%
thuzadin sash(11.9905) -> girdle of prophecy(17.9061) : 5.91562 = +1.57757%
devout sandals(8.68274) -> boots of prophecy(14.1815) : 5.49881 = +1.46479%
pants of prophecy(27.8038) -> leggings of transcendence(32.8118) : 5.00793 = +1.33229%
fordring's seal(8.94443) -> cauterizing band(12.7237) : 3.7793 = +1.00215%
devout mantle(9.74683) -> mantle of prophecy(12.375) : 2.6282 = +0.694795%
dragon finger of intellect(2.0043) -> lunar wand of healing(4.07233) : 2.06802 = +0.545897%
animated chain necklace(7.84186) -> choker of the fire lord(8.85172) : 1.00986 = +0.26583%
halo of transcendence(27.8958) -> halo of transcendence(27.8958) : 0 = +0%
hide of the wild(11.4309) -> hide of the wild(11.4309) : 0 = +0%
rosewine circle(10.4239) -> rosewine circle(10.4239) : 0 = +0%
royal seal of eldre'thalas(10.1476) -> royal seal of eldre'thalas(10.1476) : 0 = +0%
- - - - - - - - - - - - - - - - - - - - - - - - - - - - - - - - -
| Upgrades at best in slot level, from start item to candidate: |
. . . . . . . . . . . . . . . . . . . . . . . . . . . . . . . . .
- . - ' - . - ' - . - ' - . - ' - . - ' - . -
head, halo of transcendence (27.8958) -> :
- . - ' - . - ' - . - ' - . - ' - . - ' - . -
neck, animated chain necklace (7.84186) -> :
    choker of the fire lord (8.85172) : +0.26583 %, from: mc
    choker of enlightenment (8.48181) : +0.168458 %, from: mc
- . - ' - . - ' - . - ' - . - ' - . - ' - . -
shoulders, devout mantle (9.74683) -> :
    mantle of prophecy (12.375) : +0.694795 %, from: mc
    sunderseer mantle (10.7522) : +0.265781 %, from: pre-raid
    soulstealer mantle (9.99973) : +0.0668567 %, from: pre-raid
- . - ' - . - ' - . - ' - . - ' - . - ' - . -
back, hide of the wild (11.4309) -> :
- . - ' - . - ' - . - ' - . - ' - . - ' - . -
chest, devout robe (10.2937) -> :
    truefaith vestments (19.9256) : +2.59432 %, from: tailoring bop
    robes of the exalted (18.286) : +2.15271 %, from: pre-raid
    robes of prophecy (15.9664) : +1.52793 %, from: mc
    robe of volatile power (12.8425) : +0.686514 %, from: mc
    mindsurge robe (11.4326) : +0.306757 %, from: pre-raid
    the postmaster's tunic (11.2906) : +0.268502 %, from: pre-raid
    magister's robes (10.7807) : +0.131164 %, from: pre-raid
- . - ' - . - ' - . - ' - . - ' - . - ' - . -
wrists, devout bracers (6.78036) -> :
    vambraces of prophecy (14.2427) : +1.99828 %, from: mc
    flarecore wraps (10.6668) : +1.04072 %, from: tailoring boe
    sublime wristguards (7.88068) : +0.294645 %, from: pre-raid
    wyrmthalak's shackles (7.44183) : +0.17713 %, from: pre-raid
- . - ' - . - ' - . - ' - . - ' - . - ' - . -
two-hand, quel'dorai channeling rod (16.858) -> :
    benediction (38.3918) : +5.99218 %, from: mc
    staff of dominance (26.3213) : +2.63334 %, from: mc
    aurastone hammer and thaurissan's royal scepter (23.8954) : +1.95828 %, from: mc, pre-raid
    aurastone hammer and fire runed grimoire (23.8772) : +1.95321 %, from: mc, mc
    aurastone hammer and brightly glowing stone (23.3578) : +1.80867 %, from: mc, pre-raid
    aurastone hammer and ancient cornerstone grimoire (22.3828) : +1.53737 %, from: mc, onyxia
    aurastone hammer and milli's lexicon (22.14) : +1.46981 %, from: mc, pre-raid
    aurastone hammer and penelope's rose (21.2144) : +1.21225 %, from: mc, pre-raid (scholo quest)
    aurastone hammer and spellbound tome (21.1805) : +1.2028 %, from: mc, pre-raid
    sorcerous dagger and thaurissan's royal scepter (21.1303) : +1.18885 %, from: mc, pre-raid
    sorcerous dagger and fire runed grimoire (21.0517) : +1.16696 %, from: mc, mc
    aurastone hammer and globe of d'sak (20.3051) : +0.959216 %, from: mc, pre-raid
    sorcerous dagger and ancient cornerstone grimoire (19.5636) : +0.752866 %, from: mc, onyxia
    sorcerous dagger and milli's lexicon (19.436) : +0.717369 %, from: mc, pre-raid
    sorcerous dagger and brightly glowing stone (19.3741) : +0.700139 %, from: mc, pre-raid
    sorcerous dagger and penelope's rose (18.6158) : +0.489136 %, from: mc, pre-raid (scholo quest)
    sorcerous dagger and spellbound tome (18.5195) : +0.462335 %, from: mc, pre-raid
    aurastone hammer and orb of the forgotten seer (18.3293) : +0.409404 %, from: mc, pre-raid
    anathema (17.9938) : +0.31605 %, from: mc
    the hammer of grace and fire runed grimoire (17.9893) : +0.31481 %, from: pre-raid, mc
    sorcerous dagger and globe of d'sak (17.5675) : +0.197424 %, from: mc, pre-raid
    the hammer of grace and thaurissan's royal scepter (17.4925) : +0.176559 %, from: pre-raid, pre-raid
    lorespinner and thaurissan's royal scepter (17.382) : +0.145809 %, from: pre-raid, pre-raid
    lorespinner and fire runed grimoire (17.3476) : +0.13623 %, from: pre-raid, mc
    witchblade and fire runed grimoire (17.128) : +0.075121 %, from: pre-raid, mc
    hypnotic blade and fire runed grimoire (17.1085) : +0.0697031 %, from: pre-raid, mc
    the hammer of grace and milli's lexicon (16.9444) : +0.0240326 %, from: pre-raid, pre-raid
    the hammer of grace and ancient cornerstone grimoire (16.9434) : +0.0237609 %, from: pre-raid, onyxia
- . - ' - . - ' - . - ' - . - ' - . - ' - . -
ranged, dragon finger of intellect (2.0043) -> :
    lunar wand of healing (4.07233) : +0.545897 %, from: random green
    bonecreeper stylus (3.21893) : +0.320626 %, from: pre-raid
    lunar wand of the owl (2.96075) : +0.252475 %, from: random green
    oblivion's touch (2.91571) : +0.240585 %, from: pre-raid
    mana channeling wand (2.90393) : +0.237475 %, from: pre-raid
    crimson shocker (2.73328) : +0.192427 %, from: mc
    lunar wand of intellect (2.42767) : +0.111757 %, from: random green
- . - ' - . - ' - . - ' - . - ' - . - ' - . -
hands, atal'ai gloves of the owl (10.9535) -> :
    gloves of prophecy (19.1797) : +2.20735 %, from: mc
    hands of the exalted herald (15.4502) : +1.2066 %, from: pre-raid
- . - ' - . - ' - . - ' - . - ' - . - ' - . -
waist, thuzadin sash (11.9905) -> :
    girdle of prophecy (17.9061) : +1.57757 %, from: mc
    whipvine cord (17.2525) : +1.40327 %, from: pre-raid
    mana igniting cord (13.6071) : +0.431131 %, from: mc
- . - ' - . - ' - . - ' - . - ' - . - ' - . -
legs, pants of prophecy (27.8038) -> :
    leggings of transcendence (32.8118) : +1.33229 %, from: mc
- . - ' - . - ' - . - ' - . - ' - . - ' - . -
feet, devout sandals (8.68274) -> :
    boots of prophecy (14.1815) : +1.46479 %, from: mc
    boots of the full moon (12.7017) : +1.07057 %, from: pre-raid
    wolfrunner shoes (10.2571) : +0.419377 %, from: pre-raid
    dragonrider boots (9.5257) : +0.224549 %, from: pre-raid
    necropile boots (8.74124) : +0.015584 %, from: pre-raid
- . - ' - . - ' - . - ' - . - ' - . - ' - . -
finger, fordring's seal (8.94443) -> :
    cauterizing band (12.7237) : +1.00215 %, from: mc
    rosewine circle (9.59891) : +0.173547 %, from: pre-raid
- . - ' - . - ' - . - ' - . - ' - . - ' - . -
finger 2, rosewine circle (10.4239) -> :
    cauterizing band (13.4797) : +0.802265 %, from: mc
- . - ' - . - ' - . - ' - . - ' - . - ' - . -
trinket, briarwood reed (5.66238) -> :
    shard of the scale (16.6192) : +2.96178 %, from: onyxia
    mindtap talisman (12.0333) : +1.72215 %, from: pre-raid
    royal seal of eldre'thalas (11.5755) : +1.59839 %, from: pre-raid
- . - ' - . - ' - . - ' - . - ' - . - ' - . -
trinket 2, royal seal of eldre'thalas (10.1476) -> :
    shard of the scale (12.1259) : +0.519378 %, from: onyxia
------------------
- - - - - - - - - - - - - - - - - - - - - - - - - - - - - -
| Upgrades at start level, from start item to candidate:  |
. . . . . . . . . . . . . . . . . . . . . . . . . . . . . .
- . - ' - . - ' - . - ' - . - ' - . - ' - . -
head, halo of transcendence (22.0266) -> :
- . - ' - . - ' - . - ' - . - ' - . - ' - . -
neck, animated chain necklace (6.65506) -> :
    choker of enlightenment (7.62247) : +0.312771 %, from: mc
    choker of the fire lord (7.40134) : +0.241278 %, from: mc
- . - ' - . - ' - . - ' - . - ' - . - ' - . -
shoulders, devout mantle (12.0492) -> :
- . - ' - . - ' - . - ' - . - ' - . - ' - . -
back, hide of the wild (9.60037) -> :
- . - ' - . - ' - . - ' - . - ' - . - ' - . -
chest, devout robe (14.8225) -> :
    truefaith vestments (17.4547) : +0.850994 %, from: tailoring bop
    robes of the exalted (15.9863) : +0.376262 %, from: pre-raid
    robes of prophecy (15.9264) : +0.356884 %, from: mc
- . - ' - . - ' - . - ' - . - ' - . - ' - . -
wrists, devout bracers (9.11725) -> :
    vambraces of prophecy (11.6817) : +0.829119 %, from: mc
- . - ' - . - ' - . - ' - . - ' - . - ' - . -
two-hand, quel'dorai channeling rod (14.288) -> :
    benediction (31.4606) : +5.55203 %, from: mc
    staff of dominance (22.1399) : +2.53858 %, from: mc
    aurastone hammer and fire runed grimoire (19.7715) : +1.77287 %, from: mc, mc
    aurastone hammer and thaurissan's royal scepter (19.4926) : +1.68269 %, from: mc, pre-raid
    aurastone hammer and ancient cornerstone grimoire (18.7543) : +1.44398 %, from: mc, onyxia
    aurastone hammer and milli's lexicon (18.3737) : +1.32092 %, from: mc, pre-raid
    aurastone hammer and brightly glowing stone (17.7831) : +1.12998 %, from: mc, pre-raid
    aurastone hammer and penelope's rose (17.7667) : +1.12468 %, from: mc, pre-raid (scholo quest)
    aurastone hammer and spellbound tome (17.5194) : +1.04472 %, from: mc, pre-raid
    aurastone hammer and globe of d'sak (16.5736) : +0.738958 %, from: mc, pre-raid
    sorcerous dagger and fire runed grimoire (16.5692) : +0.737518 %, from: mc, mc
    sorcerous dagger and thaurissan's royal scepter (16.2285) : +0.627367 %, from: mc, pre-raid
    sorcerous dagger and ancient cornerstone grimoire (16.2141) : +0.62272 %, from: mc, onyxia
    sorcerous dagger and milli's lexicon (16.0413) : +0.566855 %, from: mc, pre-raid
    anathema (15.3021) : +0.327867 %, from: mc
    sorcerous dagger and penelope's rose (15.2779) : +0.320033 %, from: mc, pre-raid (scholo quest)
    sorcerous dagger and spellbound tome (14.4789) : +0.0617057 %, from: mc, pre-raid
    sorcerous dagger and brightly glowing stone (14.3084) : +0.00659088 %, from: mc, pre-raid
    lorespinner and fire runed grimoire (14.2994) : +0.00369011 %, from: pre-raid, mc
- . - ' - . - ' - . - ' - . - ' - . - ' - . -
ranged, dragon finger of intellect (1.91583) -> :
    lunar wand of healing (3.26093) : +0.43488 %, from: random green
    oblivion's touch (2.77625) : +0.278179 %, from: pre-raid
    bonecreeper stylus (2.72577) : +0.261859 %, from: pre-raid
    lunar wand of the owl (2.65826) : +0.240034 %, from: random green
    mana channeling wand (2.56415) : +0.209606 %, from: pre-raid
    crimson shocker (2.38013) : +0.15011 %, from: mc
    lunar wand of intellect (2.31183) : +0.128029 %, from: random green
- . - ' - . - ' - . - ' - . - ' - . - ' - . -
hands, atal'ai gloves of the owl (8.28571) -> :
    gloves of prophecy (14.8319) : +2.11643 %, from: mc
    hands of the exalted herald (12.0336) : +1.21173 %, from: pre-raid
    atal'ai hands of healing (8.49841) : +0.0687701 %, from: sunken temple
- . - ' - . - ' - . - ' - . - ' - . - ' - . -
waist, thuzadin sash (8.03534) -> :
    girdle of prophecy (12.9047) : +1.57429 %, from: mc
    whipvine cord (12.1237) : +1.32179 %, from: pre-raid
    mana igniting cord (9.57794) : +0.498736 %, from: mc
- . - ' - . - ' - . - ' - . - ' - . - ' - . -
legs, pants of prophecy (22.3704) -> :
    leggings of transcendence (26.3589) : +1.2895 %, from: mc
- . - ' - . - ' - . - ' - . - ' - . - ' - . -
feet, devout sandals (10.8437) -> :
    boots of prophecy (11.6974) : +0.275998 %, from: mc
- . - ' - . - ' - . - ' - . - ' - . - ' - . -
finger, fordring's seal (7.42413) -> :
    cauterizing band (10.7534) : +1.07638 %, from: mc
    rosewine circle (8.27719) : +0.275801 %, from: pre-raid
    band of sulfuras (7.95428) : +0.171402 %, from: mc
- . - ' - . - ' - . - ' - . - ' - . - ' - . -
finger 2, rosewine circle (8.1297) -> :
    cauterizing band (10.5301) : +0.776067 %, from: mc
- . - ' - . - ' - . - ' - . - ' - . - ' - . -
trinket, briarwood reed (4.75043) -> :
    shard of the scale (10.8831) : +1.98274 %, from: onyxia
    royal seal of eldre'thalas (8.17001) : +1.10558 %, from: pre-raid
    mindtap talisman (7.50385) : +0.890203 %, from: pre-raid
- . - ' - . - ' - . - ' - . - ' - . - ' - . -
trinket 2, royal seal of eldre'thalas (8.12994) -> :
    shard of the scale (10.9423) : +0.909246 %, from: onyxia
-- Stat values at start item level: --
Current relative stat values for matching or exceeding +50 pts of sp
int: 224.816
spi: 167.034
sta: 0
agi: 0
mp5: 528.036
sp: 100
sp_shadow: 0
sp_healing: 100
spell crit: 286.158
spell hit: 0
arcane res: 0
nature res: 0
fire res: 0
frost res: 0
shadow res: 0
armor: 0
defense: 0
dodge: 0
parry: 0
------------------
Best value: 380.899
