Your call: ./css 5 -f 0.3 ../items/more_raid.csv 
./css 5 ../items/more_raid.csv 
Shuffle seed: 1896487110
Reading tmp locked from: start_with.txt
Locking: anastari heirloom
Locking: animated chain necklace
Locking: argent crusader
Locking: atal'ai gloves of the owl
Locking: banshee finger
Locking: blood of the martyr
Locking: briarwood reed
Locking: burial shawl
Locking: crimson felt hat
Locking: cyclopean band
Locking: devout belt
Locking: devout bracers
Locking: devout crown
Locking: devout mantle
Locking: devout robe
Locking: devout sandals
Locking: devout skirt
Locking: dragon finger of intellect
Locking: dragonslayer's signet
Locking: drakefire amulet
Locking: dreadmist mantle
Locking: dreamweave circlet
Locking: dreamweave gloves
Locking: dreamweave vest
Locking: eye of the beast
Locking: fordring's seal
Locking: grimgore noose
Locking: halo of transcendence
Locking: heart of the fiend
Locking: hide of the wild
Locking: kentic amice
Locking: magister's robes
Locking: maleki's footwraps
Locking: nature's breath
Locking: necropile boots
Locking: necropile cuffs
Locking: necropile mantle
Locking: noxious shooter
Locking: omnicast boots
Locking: orb of the forgotten seer
Locking: padre's trousers
Locking: penelope's rose
Locking: quel'dorai channeling rod
Locking: raincaster drape
Locking: rainstrider leggings
Locking: ring of demonic guile
Locking: ring of demonic guile
Locking: robes of the royal crown
Locking: rod of corrosion
Locking: rosewine circle
Locking: royal seal of eldre'thalas
Locking: royal tribunal cloak
Locking: sarah's guide
Locking: seal of rivendare
Locking: seal of rivendare
Locking: shadowy laced handwraps
Locking: silkweb gloves
Locking: soulstealer mantle
Locking: spellbound tome
Locking: spritecaster cape
Locking: starfire tiara
Locking: the hammer of grace
Locking: the postmaster's treads
Locking: thuzadin sash
Locking: triune amulet
Locking: vinerot sandals
Locking: wolfshear leggings
Locking: pants of prophecy
Optimizing start items...
[Perf] spent in FindBestPveHealingCounts: 0.0216491 s, that's: 100.005 % of total.

*** NEW BEST: 152.044 ***

*** NEW BEST: 172.862 ***

*** NEW BEST: 183.067 ***

*** NEW BEST: 192.761 ***

*** NEW BEST: 199.3 ***

*** NEW BEST: 210.02 ***

*** NEW BEST: 217.838 ***

*** NEW BEST: 225.263 ***

*** NEW BEST: 237.455 ***

*** NEW BEST: 239.309 ***

*** NEW BEST: 259.891 ***

*** NEW BEST: 265.895 ***

*** NEW BEST: 275.74 ***

*** NEW BEST: 280.228 ***

*** NEW BEST: 287.245 ***

*** NEW BEST: 294.113 ***
*
best val: 294.113
*
best val: 294.113
*
best val: 294.113
finger 2 : ring of demonic guile -> fordring's seal => val: 293.878 -> 294.113
*
best val: 294.113
*
best val: 294.113

Read starting items and cleared locks.
 ----------------------------
 --- head --- 
name: halo of transcendence
slot: head
intelligence: 27
stamina: 17
spirit: 22
sp_healing: 48
fire_res: 10
frost_res: 10
armor: 94
 ----------------------------
 --- neck --- 
name: animated chain necklace
slot: neck
stamina: 7
spirit: 6
sp_healing: 33
 ----------------------------
 --- shoulders --- 
name: devout mantle
slot: shoulders
intelligence: 21
stamina: 4
spirit: 9
armor: 64
 ----------------------------
 --- back --- 
name: hide of the wild
slot: back
intelligence: 10
stamina: 8
sp_healing: 42
armor: 48
 ----------------------------
 --- chest --- 
name: devout robe
slot: chest
intelligence: 24
stamina: 13
spirit: 15
armor: 89
 ----------------------------
 --- wrists --- 
name: devout bracers
slot: wrists
intelligence: 10
stamina: 7
spirit: 10
armor: 35
 ----------------------------
 --- two-hand --- 
name: quel'dorai channeling rod
slot: two-hand
intelligence: 18
stamina: 8
spirit: 8
mp5: 8
 ----------------------------
 ---  --- 
name: 
slot: 
 ----------------------------
 ---  --- 
name: 
slot: 
 ----------------------------
 ---  --- 
name: 
slot: 
 ----------------------------
 --- ranged --- 
name: dragon finger of intellect
slot: ranged
intelligence: 8
 ----------------------------
 --- hands --- 
name: atal'ai gloves of the owl
slot: hands
intelligence: 13
spirit: 13
sp: 9
armor: 47
 ----------------------------
 --- waist --- 
name: thuzadin sash
slot: waist
intelligence: 12
stamina: 11
spirit: 11
sp: 11
armor: 49
 ----------------------------
 --- legs --- 
name: pants of prophecy
slot: legs
intelligence: 24
stamina: 18
spirit: 20
sp_healing: 22
mp5: 6
shadow_res: 10
armor: 89
 ----------------------------
 --- feet --- 
name: devout sandals
slot: feet
intelligence: 10
stamina: 9
spirit: 17
armor: 58
 ----------------------------
 --- finger --- 
name: rosewine circle
slot: finger
sp_healing: 29
mp5: 5
 ----------------------------
 --- finger --- 
name: fordring's seal
slot: finger
intelligence: 5
stamina: 4
sp_healing: 37
 ----------------------------
 --- trinket --- 
name: royal seal of eldre'thalas
slot: trinket
sp_healing: 33
mp5: 4
 ----------------------------
 --- trinket --- 
name: briarwood reed
slot: trinket
sp: 29
 ----------------------------
 --- Set bonuses ---
name: devout 2 devout 4 
slot: Set bonuses
sp: 23
armor: 200
 --- And counts for start items ---
For 120 s fights:
    casts: 6, ticks: 10, ticks_oom: 0
    Heal, rank: 2, count: 0
    Heal, rank: 4, count: 4
    Greater Heal, rank: 1, count: 7
    Greater Heal, rank: 4, count: 3
    Flash Heal, rank: 7, count: 0
    Renew, rank: 10, count: 1
    Prayer of Healing, rank: 5, count: 0
    pve info: 0
    hps: 379.548
For 180 s fights:
    casts: 4, ticks: 10, ticks_oom: 0
    Heal, rank: 2, count: 7
    Heal, rank: 4, count: 1
    Greater Heal, rank: 1, count: 3
    Greater Heal, rank: 4, count: 3
    Flash Heal, rank: 7, count: 0
    Renew, rank: 10, count: 2
    Prayer of Healing, rank: 5, count: 0
    pve info: 0
    hps: 313.287
For 240 s fights:
    casts: 5, ticks: 10, ticks_oom: 0
    Heal, rank: 2, count: 2
    Heal, rank: 4, count: 0
    Greater Heal, rank: 1, count: 2
    Greater Heal, rank: 4, count: 1
    Flash Heal, rank: 7, count: 0
    Renew, rank: 10, count: 1
    Prayer of Healing, rank: 5, count: 0
    pve info: 0
    hps: 281.781
For 300 s fights:
    casts: 4, ticks: 9, ticks_oom: 0
    Heal, rank: 2, count: 1
    Heal, rank: 4, count: 0
    Greater Heal, rank: 1, count: 6
    Greater Heal, rank: 4, count: 2
    Flash Heal, rank: 7, count: 0
    Renew, rank: 10, count: 2
    Prayer of Healing, rank: 5, count: 0
    pve info: 0
    hps: 256.322
For 360 s fights:
    casts: 4, ticks: 10, ticks_oom: 0
    Heal, rank: 2, count: 0
    Heal, rank: 4, count: 0
    Greater Heal, rank: 1, count: 6
    Greater Heal, rank: 4, count: 1
    Flash Heal, rank: 7, count: 0
    Renew, rank: 10, count: 1
    Prayer of Healing, rank: 5, count: 0
    pve info: 0
    hps: 239.628
.
*** NEW BEST: 296.966 ***

*** NEW BEST: 302.905 ***

*** NEW BEST: 308.139 ***

*** NEW BEST: 311.477 ***

*** NEW BEST: 312.226 ***

*** NEW BEST: 313.332 ***

*** NEW BEST: 314.627 ***

*** NEW BEST: 317.238 ***

*** NEW BEST: 323.308 ***

*** NEW BEST: 327.574 ***

*** NEW BEST: 334.507 ***

*** NEW BEST: 352.657 ***
..
*** NEW BEST: 362.147 ***
............
*** NEW BEST: 362.505 ***
....
*** NEW BEST: 362.776 ***
................
*** NEW BEST: 363.072 ***
.....................................................................................................Temporary bans and partial set bonuses off.
.wrists : flarecore wraps -> vambraces of prophecy => val: 359.929 -> 363.072
.......... ----------------------------
 --- head --- 
name: halo of transcendence
slot: head
intelligence: 27
stamina: 17
spirit: 22
sp_healing: 48
fire_res: 10
frost_res: 10
armor: 94
 ----------------------------
 --- neck --- 
name: choker of enlightenment
slot: neck
intelligence: 10
stamina: 9
spirit: 10
sp: 18
 ----------------------------
 --- shoulders --- 
name: mantle of prophecy
slot: shoulders
intelligence: 23
stamina: 13
spirit: 10
sp: 9
shadow_res: 7
armor: 76
 ----------------------------
 --- back --- 
name: hide of the wild
slot: back
intelligence: 10
stamina: 8
sp_healing: 42
armor: 48
 ----------------------------
 --- chest --- 
name: truefaith vestments
slot: chest
stamina: 14
sp_healing: 73
mp5: 6
armor: 96
 ----------------------------
 --- wrists --- 
name: vambraces of prophecy
slot: wrists
intelligence: 14
stamina: 8
spirit: 10
sp_healing: 24
mp5: 2
armor: 44
 ----------------------------
 --- two-hand --- 
name: benediction
slot: two-hand
intelligence: 31
stamina: 10
spirit: 12
sp_healing: 106
spell_crit: 2
shadow_res: 20
 ----------------------------
 ---  --- 
name: 
slot: 
 ----------------------------
 ---  --- 
name: 
slot: 
 ----------------------------
 ---  --- 
name: 
slot: 
 ----------------------------
 --- ranged --- 
name: lunar wand of healing
slot: ranged
sp_healing: 20
 ----------------------------
 --- hands --- 
name: gloves of prophecy
slot: hands
intelligence: 15
stamina: 10
spirit: 15
sp_healing: 18
mp5: 6
fire_res: 7
armor: 63
 ----------------------------
 --- waist --- 
name: girdle of prophecy
slot: waist
intelligence: 22
stamina: 10
spirit: 10
sp: 9
mp5: 4
fire_res: 7
armor: 57
 ----------------------------
 --- legs --- 
name: leggings of transcendence
slot: legs
intelligence: 21
stamina: 16
spirit: 21
sp_healing: 46
mp5: 7
arcane_res: 10
shadow_res: 10
armor: 101
 ----------------------------
 --- feet --- 
name: boots of prophecy
slot: feet
intelligence: 18
stamina: 17
spirit: 15
sp_healing: 18
shadow_res: 7
armor: 70
 ----------------------------
 --- finger --- 
name: cauterizing band
slot: finger
intelligence: 12
stamina: 9
sp_healing: 46
 ----------------------------
 --- finger --- 
name: rosewine circle
slot: finger
sp_healing: 29
mp5: 5
 ----------------------------
 --- trinket --- 
name: shard of the scale
slot: trinket
mp5: 16
 ----------------------------
 --- trinket --- 
name: royal seal of eldre'thalas
slot: trinket
sp_healing: 33
mp5: 4
 ----------------------------
 --- Set bonuses ---
name: 
slot: Set bonuses
------------------
Char stats: 
Effective hp: 5998.8
Effective mana: 10407.5
Raw max mana: 6994.6
Int: 361
Stam: 192
Spirit: 255
Strength: 34
Agility: 38
Mp5: 90.2
Sp: 36
Sp shadow: 0
Sp healing: 503
Spell crit: 1.3266
Spell hit: 0
Arcane res: 10
Nature res: 0
Fire res: 24
Frost res: 10
Shadow res: 44
Armor: 2463
Defense: 300
Dodge: 0
Parry: 0
HpsPvp: 968.856
ShadowDps: 210.394
Value pvp healing: 502.165
Value pvp shadow: 23.6808
------------------
Best counts:
For 120 s fights:
    casts: 8, ticks: 9, ticks_oom: 0
    Heal, rank: 2, count: 1
    Heal, rank: 4, count: 0
    Greater Heal, rank: 1, count: 9
    Greater Heal, rank: 4, count: 3
    Flash Heal, rank: 7, count: 0
    Renew, rank: 10, count: 2
    Prayer of Healing, rank: 5, count: 0
    pve info: 0
    hps: 465.709
For 180 s fights:
    casts: 10, ticks: 9, ticks_oom: 0
    Heal, rank: 2, count: 10
    Heal, rank: 4, count: 0
    Greater Heal, rank: 1, count: 6
    Greater Heal, rank: 4, count: 2
    Flash Heal, rank: 7, count: 0
    Renew, rank: 10, count: 2
    Prayer of Healing, rank: 5, count: 0
    pve info: 0
    hps: 386.354
For 240 s fights:
    casts: 5, ticks: 10, ticks_oom: 0
    Heal, rank: 2, count: 0
    Heal, rank: 4, count: 0
    Greater Heal, rank: 1, count: 4
    Greater Heal, rank: 4, count: 1
    Flash Heal, rank: 7, count: 0
    Renew, rank: 10, count: 1
    Prayer of Healing, rank: 5, count: 0
    pve info: 0
    hps: 342.891
For 300 s fights:
    casts: 5, ticks: 10, ticks_oom: 0
    Heal, rank: 2, count: 1
    Heal, rank: 4, count: 0
    Greater Heal, rank: 1, count: 7
    Greater Heal, rank: 4, count: 1
    Flash Heal, rank: 7, count: 0
    Renew, rank: 10, count: 2
    Prayer of Healing, rank: 5, count: 0
    pve info: 0
    hps: 318.381
For 360 s fights:
    casts: 5, ticks: 10, ticks_oom: 0
    Heal, rank: 2, count: 0
    Heal, rank: 4, count: 0
    Greater Heal, rank: 1, count: 8
    Greater Heal, rank: 4, count: 1
    Flash Heal, rank: 7, count: 0
    Renew, rank: 10, count: 1
    Prayer of Healing, rank: 5, count: 0
    pve info: 0
    hps: 302.024
------------------
Current relative stat values for matching or exceeding +50 pts of sp
int: 150.802
spi: 119.589
sta: 0
agi: 0
mp5: 398.683
sp: 100
sp_shadow: 0
sp_healing: 100
spell crit: 355.852
spell hit: 0
arcane res: 0
nature res: 0
fire res: 0
frost res: 0
shadow res: 0
armor: 0
defense: 0
dodge: 0
parry: 0
------------------
Diffs to start: 
Upgrades: 
quel'dorai channeling rod(15.9061) -> benediction(35.2501) : 19.344 = +5.6277%
briarwood reed(5.021) -> shard of the scale(15.7803) : 10.7593 = +3.05392%
devout robe(10.123) -> truefaith vestments(18.1629) : 8.03995 = +2.26457%
atal'ai gloves of the owl(12.0307) -> gloves of prophecy(19.84) : 7.80927 = +2.19817%
devout bracers(7.34216) -> vambraces of prophecy(14.2637) : 6.92154 = +1.94343%
thuzadin sash(11.5308) -> girdle of prophecy(17.2899) : 5.75912 = +1.61179%
devout sandals(9.52441) -> boots of prophecy(14.5114) : 4.98694 = +1.39267%
pants of prophecy(27.1288) -> leggings of transcendence(31.6159) : 4.48709 = +1.25133%
fordring's seal(8.12979) -> cauterizing band(11.6974) : 3.56763 = +0.992374%
devout mantle(10.696) -> mantle of prophecy(13.016) : 2.31998 = +0.643095%
dragon finger of intellect(2.19965) -> lunar wand of healing(3.63821) : 1.43857 = +0.397797%
animated chain necklace(8.05432) -> choker of enlightenment(8.99939) : 0.945068 = +0.260977%
halo of transcendence(26.6408) -> halo of transcendence(26.6408) : 0 = +0%
hide of the wild(10.3911) -> hide of the wild(10.3911) : 0 = +0%
rosewine circle(9.06775) -> rosewine circle(9.06775) : 0 = +0%
royal seal of eldre'thalas(8.95242) -> royal seal of eldre'thalas(8.95242) : 0 = +0%
- - - - - - - - - - - - - - - - - - - - - - - - - - - - - - - - -
| Upgrades at best in slot level, from start item to candidate: |
. . . . . . . . . . . . . . . . . . . . . . . . . . . . . . . . .
- . - ' - . - ' - . - ' - . - ' - . - ' - . -
head, halo of transcendence (26.6408) -> :
- . - ' - . - ' - . - ' - . - ' - . - ' - . -
neck, animated chain necklace (8.05432) -> :
    choker of enlightenment (8.99939) : +0.260977 %, from: mc
    choker of the fire lord (8.75702) : +0.194047 %, from: mc
- . - ' - . - ' - . - ' - . - ' - . - ' - . -
shoulders, devout mantle (10.696) -> :
    mantle of prophecy (13.016) : +0.643095 %, from: mc
    sunderseer mantle (11.3738) : +0.187867 %, from: pre-raid
    soulstealer mantle (10.7069) : +0.00302002 %, from: pre-raid
- . - ' - . - ' - . - ' - . - ' - . - ' - . -
back, hide of the wild (10.3911) -> :
- . - ' - . - ' - . - ' - . - ' - . - ' - . -
chest, devout robe (10.123) -> :
    truefaith vestments (18.1629) : +2.26457 %, from: tailoring bop
    robes of the exalted (16.7525) : +1.86731 %, from: pre-raid
    robes of prophecy (15.5207) : +1.52035 %, from: mc
    robe of volatile power (12.1726) : +0.577298 %, from: mc
    mindsurge robe (11.1253) : +0.282327 %, from: pre-raid
    the postmaster's tunic (10.8105) : +0.193662 %, from: pre-raid
    magister's robes (10.6048) : +0.135718 %, from: pre-raid
- . - ' - . - ' - . - ' - . - ' - . - ' - . -
wrists, devout bracers (7.34216) -> :
    vambraces of prophecy (14.2637) : +1.94343 %, from: mc
    flarecore wraps (11.1206) : +1.06092 %, from: tailoring boe
    sublime wristguards (8.60263) : +0.353914 %, from: pre-raid
    wyrmthalak's shackles (8.26416) : +0.258879 %, from: pre-raid
- . - ' - . - ' - . - ' - . - ' - . - ' - . -
two-hand, quel'dorai channeling rod (15.9061) -> :
    benediction (35.2501) : +5.6277 %, from: mc
    staff of dominance (24.609) : +2.53193 %, from: mc
    aurastone hammer and fire runed grimoire (22.1943) : +1.82941 %, from: mc, mc
    aurastone hammer and thaurissan's royal scepter (21.9441) : +1.75664 %, from: mc, pre-raid
    aurastone hammer and brightly glowing stone (21.2226) : +1.54672 %, from: mc, pre-raid
    aurastone hammer and ancient cornerstone grimoire (20.9619) : +1.47088 %, from: mc, onyxia
    aurastone hammer and milli's lexicon (20.5405) : +1.34828 %, from: mc, pre-raid
    aurastone hammer and penelope's rose (19.9425) : +1.1743 %, from: mc, pre-raid (scholo quest)
    aurastone hammer and spellbound tome (19.7407) : +1.11559 %, from: mc, pre-raid
    sorcerous dagger and thaurissan's royal scepter (19.5067) : +1.04752 %, from: mc, pre-raid
    sorcerous dagger and fire runed grimoire (19.4882) : +1.04213 %, from: mc, mc
    aurastone hammer and globe of d'sak (18.8721) : +0.86291 %, from: mc, pre-raid
    sorcerous dagger and ancient cornerstone grimoire (18.324) : +0.703454 %, from: mc, onyxia
    sorcerous dagger and milli's lexicon (18.0593) : +0.626434 %, from: mc, pre-raid
    sorcerous dagger and spellbound tome (17.2499) : +0.390961 %, from: mc, pre-raid
    sorcerous dagger and penelope's rose (17.2448) : +0.389469 %, from: mc, pre-raid (scholo quest)
    sorcerous dagger and brightly glowing stone (17.239) : +0.387773 %, from: mc, pre-raid
    anathema (17.0803) : +0.341606 %, from: mc
    aurastone hammer and orb of the forgotten seer (16.7349) : +0.241138 %, from: mc, pre-raid
    the hammer of grace and fire runed grimoire (16.3402) : +0.126304 %, from: pre-raid, mc
    lorespinner and fire runed grimoire (16.2694) : +0.105697 %, from: pre-raid, mc
    sorcerous dagger and globe of d'sak (16.2536) : +0.101107 %, from: mc, pre-raid
    lorespinner and thaurissan's royal scepter (16.1752) : +0.0783076 %, from: pre-raid, pre-raid
    the hammer of grace and ancient cornerstone grimoire (15.9433) : +0.0108317 %, from: pre-raid, onyxia
    hypnotic blade and fire runed grimoire (15.9128) : +0.00195325 %, from: pre-raid, mc
- . - ' - . - ' - . - ' - . - ' - . - ' - . -
ranged, dragon finger of intellect (2.19965) -> :
    lunar wand of healing (3.63821) : +0.397797 %, from: random green
    bonecreeper stylus (3.07816) : +0.242928 %, from: pre-raid
    lunar wand of the owl (3.04388) : +0.233451 %, from: random green
    oblivion's touch (2.99673) : +0.220413 %, from: pre-raid
    mana channeling wand (2.98892) : +0.218253 %, from: pre-raid
    crimson shocker (2.68362) : +0.133831 %, from: mc
    lunar wand of intellect (2.40738) : +0.057443 %, from: random green
- . - ' - . - ' - . - ' - . - ' - . - ' - . -
hands, atal'ai gloves of the owl (12.0307) -> :
    gloves of prophecy (19.84) : +2.19817 %, from: mc
    hands of the exalted herald (16.2135) : +1.17739 %, from: pre-raid
- . - ' - . - ' - . - ' - . - ' - . - ' - . -
waist, thuzadin sash (11.5308) -> :
    girdle of prophecy (17.2899) : +1.61179 %, from: mc
    whipvine cord (16.2968) : +1.33384 %, from: pre-raid
    mana igniting cord (12.1275) : +0.166991 %, from: mc
- . - ' - . - ' - . - ' - . - ' - . - ' - . -
legs, pants of prophecy (27.1288) -> :
    leggings of transcendence (31.6159) : +1.25133 %, from: mc
- . - ' - . - ' - . - ' - . - ' - . - ' - . -
feet, devout sandals (9.52441) -> :
    boots of prophecy (14.5114) : +1.39267 %, from: mc
    boots of the full moon (12.8649) : +0.932866 %, from: pre-raid
    wolfrunner shoes (10.755) : +0.34365 %, from: pre-raid
    dragonrider boots (9.93347) : +0.114235 %, from: pre-raid
    necropile boots (9.60336) : +0.0220475 %, from: pre-raid
- . - ' - . - ' - . - ' - . - ' - . - ' - . -
finger, rosewine circle (8.88977) -> :
    cauterizing band (11.6974) : +0.77933 %, from: mc
- . - ' - . - ' - . - ' - . - ' - . - ' - . -
finger 2, fordring's seal (8.09387) -> :
    cauterizing band (11.6729) : +0.988401 %, from: mc
    rosewine circle (9.06775) : +0.268954 %, from: pre-raid
    band of sulfuras (8.69016) : +0.164674 %, from: mc
- . - ' - . - ' - . - ' - . - ' - . - ' - . -
trinket, royal seal of eldre'thalas (9.60239) -> :
    shard of the scale (15.7803) : +1.73103 %, from: onyxia
    mindtap talisman (11.9424) : +0.655673 %, from: pre-raid
- . - ' - . - ' - . - ' - . - ' - . - ' - . -
trinket 2, briarwood reed (5.24432) -> :
    shard of the scale (11.5572) : +1.75669 %, from: onyxia
    royal seal of eldre'thalas (8.95242) : +1.03185 %, from: pre-raid
    mindtap talisman (7.92676) : +0.74644 %, from: pre-raid
------------------
- - - - - - - - - - - - - - - - - - - - - - - - - - - - - -
| Upgrades at start level, from start item to candidate:  |
. . . . . . . . . . . . . . . . . . . . . . . . . . . . . .
- . - ' - . - ' - . - ' - . - ' - . - ' - . -
head, halo of transcendence (21.6926) -> :
- . - ' - . - ' - . - ' - . - ' - . - ' - . -
neck, animated chain necklace (7.00409) -> :
    choker of enlightenment (8.1423) : +0.386999 %, from: mc
    choker of the fire lord (7.43774) : +0.147445 %, from: mc
- . - ' - . - ' - . - ' - . - ' - . - ' - . -
shoulders, devout mantle (12.9625) -> :
- . - ' - . - ' - . - ' - . - ' - . - ' - . -
back, hide of the wild (9.55701) -> :
- . - ' - . - ' - . - ' - . - ' - . - ' - . -
chest, devout robe (15.4583) -> :
    robes of prophecy (16.5484) : +0.370646 %, from: mc
    truefaith vestments (15.933) : +0.16139 %, from: tailoring bop
- . - ' - . - ' - . - ' - . - ' - . - ' - . -
wrists, devout bracers (10.4173) -> :
    vambraces of prophecy (12.9814) : +0.871803 %, from: mc
- . - ' - . - ' - . - ' - . - ' - . - ' - . -
two-hand, quel'dorai channeling rod (14.5854) -> :
    benediction (30.3852) : +5.37201 %, from: mc
    staff of dominance (21.9156) : +2.4923 %, from: mc
    aurastone hammer and fire runed grimoire (19.2334) : +1.58034 %, from: mc, mc
    aurastone hammer and thaurissan's royal scepter (18.9211) : +1.47415 %, from: mc, pre-raid
    aurastone hammer and ancient cornerstone grimoire (18.8665) : +1.4556 %, from: mc, onyxia
    aurastone hammer and milli's lexicon (18.5764) : +1.35697 %, from: mc, pre-raid
    aurastone hammer and penelope's rose (17.3766) : +0.949022 %, from: mc, pre-raid (scholo quest)
    aurastone hammer and spellbound tome (17.1786) : +0.881702 %, from: mc, pre-raid
    sorcerous dagger and ancient cornerstone grimoire (16.0015) : +0.481494 %, from: mc, onyxia
    aurastone hammer and globe of d'sak (15.9239) : +0.455108 %, from: mc, pre-raid
    aurastone hammer and brightly glowing stone (15.9226) : +0.454651 %, from: mc, pre-raid
    sorcerous dagger and fire runed grimoire (15.7306) : +0.389365 %, from: mc, mc
    sorcerous dagger and milli's lexicon (15.6237) : +0.353048 %, from: mc, pre-raid
    anathema (15.3618) : +0.263969 %, from: mc
    sorcerous dagger and thaurissan's royal scepter (14.8907) : +0.103824 %, from: mc, pre-raid
    sorcerous dagger and penelope's rose (14.8069) : +0.0753308 %, from: mc, pre-raid (scholo quest)
- . - ' - . - ' - . - ' - . - ' - . - ' - . -
ranged, dragon finger of intellect (2.51758) -> :
    lunar wand of the owl (3.4162) : +0.305536 %, from: random green
    oblivion's touch (3.2695) : +0.255658 %, from: pre-raid
    mana channeling wand (3.22565) : +0.240747 %, from: pre-raid
    lunar wand of healing (3.10065) : +0.198247 %, from: random green
    crimson shocker (2.98114) : +0.157614 %, from: mc
    lunar wand of intellect (2.80588) : +0.0980234 %, from: random green
    bonecreeper stylus (2.7038) : +0.0633152 %, from: pre-raid
- . - ' - . - ' - . - ' - . - ' - . - ' - . -
hands, atal'ai gloves of the owl (9.77863) -> :
    gloves of prophecy (16.2509) : +2.2006 %, from: mc
    hands of the exalted herald (13.1089) : +1.1323 %, from: pre-raid
- . - ' - . - ' - . - ' - . - ' - . - ' - . -
waist, thuzadin sash (9.28717) -> :
    girdle of prophecy (14) : +1.60239 %, from: mc
    whipvine cord (13.1128) : +1.30074 %, from: pre-raid
    mana igniting cord (10.2123) : +0.314553 %, from: mc
- . - ' - . - ' - . - ' - . - ' - . - ' - . -
legs, pants of prophecy (20.7195) -> :
    leggings of transcendence (24.7299) : +1.36354 %, from: mc
- . - ' - . - ' - . - ' - . - ' - . - ' - . -
feet, devout sandals (11.7463) -> :
    boots of prophecy (12.4699) : +0.246018 %, from: mc
- . - ' - . - ' - . - ' - . - ' - . - ' - . -
finger, rosewine circle (8.96341) -> :
    cauterizing band (10.9357) : +0.670589 %, from: mc
    band of sulfuras (9.14694) : +0.0624021 %, from: mc
- . - ' - . - ' - . - ' - . - ' - . - ' - . -
finger 2, fordring's seal (7.41428) -> :
    cauterizing band (10.6712) : +1.10738 %, from: mc
    rosewine circle (8.33859) : +0.314272 %, from: pre-raid
    band of sulfuras (8.30957) : +0.304405 %, from: mc
    seal of the archmagus (7.59442) : +0.0612504 %, from: mc
- . - ' - . - ' - . - ' - . - ' - . - ' - . -
trinket, royal seal of eldre'thalas (8.58429) -> :
    shard of the scale (11.5977) : +1.02459 %, from: onyxia
- . - ' - . - ' - . - ' - . - ' - . - ' - . -
trinket 2, briarwood reed (4.52588) -> :
    shard of the scale (10.9036) : +2.16847 %, from: onyxia
    royal seal of eldre'thalas (7.91287) : +1.1516 %, from: pre-raid
    mindtap talisman (7.39206) : +0.974517 %, from: pre-raid
-- Stat values at start item level: --
Current relative stat values for matching or exceeding +50 pts of sp
int: 202.47
spi: 188.903
sta: 0
agi: 0
mp5: 562.949
sp: 100
sp_shadow: 0
sp_healing: 100
spell crit: 321.391
spell hit: 0
arcane res: 0
nature res: 0
fire res: 0
frost res: 0
shadow res: 0
armor: 0
defense: 0
dodge: 0
parry: 0
------------------
Best value: 363.072
