Your call: ./css 5 -f 0.7 ../items/more_raid.csv 
./css 5 ../items/more_raid.csv 
Shuffle seed: 194841883
Reading tmp locked from: start_with.txt
Locking: anastari heirloom
Locking: animated chain necklace
Locking: argent crusader
Locking: atal'ai gloves of the owl
Locking: banshee finger
Locking: blood of the martyr
Locking: briarwood reed
Locking: burial shawl
Locking: crimson felt hat
Locking: cyclopean band
Locking: devout belt
Locking: devout bracers
Locking: devout crown
Locking: devout mantle
Locking: devout robe
Locking: devout sandals
Locking: devout skirt
Locking: dragon finger of intellect
Locking: dragonslayer's signet
Locking: drakefire amulet
Locking: dreadmist mantle
Locking: dreamweave circlet
Locking: dreamweave gloves
Locking: dreamweave vest
Locking: eye of the beast
Locking: fordring's seal
Locking: grimgore noose
Locking: halo of transcendence
Locking: heart of the fiend
Locking: hide of the wild
Locking: kentic amice
Locking: magister's robes
Locking: maleki's footwraps
Locking: nature's breath
Locking: necropile boots
Locking: necropile cuffs
Locking: necropile mantle
Locking: noxious shooter
Locking: omnicast boots
Locking: orb of the forgotten seer
Locking: padre's trousers
Locking: penelope's rose
Locking: quel'dorai channeling rod
Locking: raincaster drape
Locking: rainstrider leggings
Locking: ring of demonic guile
Locking: ring of demonic guile
Locking: robes of the royal crown
Locking: rod of corrosion
Locking: rosewine circle
Locking: royal seal of eldre'thalas
Locking: royal tribunal cloak
Locking: sarah's guide
Locking: seal of rivendare
Locking: seal of rivendare
Locking: shadowy laced handwraps
Locking: silkweb gloves
Locking: soulstealer mantle
Locking: spellbound tome
Locking: spritecaster cape
Locking: starfire tiara
Locking: the hammer of grace
Locking: the postmaster's treads
Locking: thuzadin sash
Locking: triune amulet
Locking: vinerot sandals
Locking: wolfshear leggings
Locking: pants of prophecy
Optimizing start items...
[Perf] spent in FindBestPveHealingCounts: 0.099709 s, that's: 100.001 % of total.

*** NEW BEST: 198.872 ***

*** NEW BEST: 218.508 ***

*** NEW BEST: 228.427 ***

*** NEW BEST: 243.692 ***

*** NEW BEST: 251.718 ***

*** NEW BEST: 259.466 ***

*** NEW BEST: 267.436 ***

*** NEW BEST: 290.555 ***

*** NEW BEST: 295.688 ***

*** NEW BEST: 300.514 ***

*** NEW BEST: 312.869 ***

*** NEW BEST: 320.212 ***

*** NEW BEST: 327.963 ***

*** NEW BEST: 336.452 ***

*** NEW BEST: 342.338 ***

*** NEW BEST: 349.448 ***
*
best val: 349.448
*
best val: 349.448

*** NEW BEST: 350.404 ***

*** NEW BEST: 350.632 ***
*
best val: 350.632
*
best val: 350.632
*
best val: 350.632

Read starting items and cleared locks.
 ----------------------------
 --- head --- 
name: halo of transcendence
slot: head
intelligence: 27
stamina: 17
spirit: 22
sp_healing: 48
fire_res: 10
frost_res: 10
armor: 94
 ----------------------------
 --- neck --- 
name: animated chain necklace
slot: neck
stamina: 7
spirit: 6
sp_healing: 33
 ----------------------------
 --- shoulders --- 
name: devout mantle
slot: shoulders
intelligence: 21
stamina: 4
spirit: 9
armor: 64
 ----------------------------
 --- back --- 
name: hide of the wild
slot: back
intelligence: 10
stamina: 8
sp_healing: 42
armor: 48
 ----------------------------
 --- chest --- 
name: devout robe
slot: chest
intelligence: 24
stamina: 13
spirit: 15
armor: 89
 ----------------------------
 --- wrists --- 
name: devout bracers
slot: wrists
intelligence: 10
stamina: 7
spirit: 10
armor: 35
 ----------------------------
 --- two-hand --- 
name: quel'dorai channeling rod
slot: two-hand
intelligence: 18
stamina: 8
spirit: 8
mp5: 8
 ----------------------------
 ---  --- 
name: 
slot: 
 ----------------------------
 ---  --- 
name: 
slot: 
 ----------------------------
 ---  --- 
name: 
slot: 
 ----------------------------
 --- ranged --- 
name: dragon finger of intellect
slot: ranged
intelligence: 8
 ----------------------------
 --- hands --- 
name: atal'ai gloves of the owl
slot: hands
intelligence: 13
spirit: 13
sp: 9
armor: 47
 ----------------------------
 --- waist --- 
name: thuzadin sash
slot: waist
intelligence: 12
stamina: 11
spirit: 11
sp: 11
armor: 49
 ----------------------------
 --- legs --- 
name: pants of prophecy
slot: legs
intelligence: 24
stamina: 18
spirit: 20
sp_healing: 22
mp5: 6
shadow_res: 10
armor: 89
 ----------------------------
 --- feet --- 
name: devout sandals
slot: feet
intelligence: 10
stamina: 9
spirit: 17
armor: 58
 ----------------------------
 --- finger --- 
name: rosewine circle
slot: finger
sp_healing: 29
mp5: 5
 ----------------------------
 --- finger --- 
name: fordring's seal
slot: finger
intelligence: 5
stamina: 4
sp_healing: 37
 ----------------------------
 --- trinket --- 
name: royal seal of eldre'thalas
slot: trinket
sp_healing: 33
mp5: 4
 ----------------------------
 --- trinket --- 
name: briarwood reed
slot: trinket
sp: 29
 ----------------------------
 --- Set bonuses ---
name: devout 2 devout 4 
slot: Set bonuses
sp: 23
armor: 200
 --- And counts for start items ---
For 120 s fights:
    casts: 7, ticks: 9, ticks_oom: 0
    Heal, rank: 2, count: 0
    Heal, rank: 4, count: 2
    Greater Heal, rank: 1, count: 11
    Greater Heal, rank: 4, count: 4
    Flash Heal, rank: 7, count: 0
    Renew, rank: 10, count: 3
    Prayer of Healing, rank: 5, count: 0
    pve info: 0
    hps: 447.272
For 180 s fights:
    casts: 4, ticks: 10, ticks_oom: 0
    Heal, rank: 2, count: 1
    Heal, rank: 4, count: 0
    Greater Heal, rank: 1, count: 6
    Greater Heal, rank: 4, count: 1
    Flash Heal, rank: 7, count: 0
    Renew, rank: 10, count: 2
    Prayer of Healing, rank: 5, count: 0
    pve info: 0
    hps: 373.296
For 240 s fights:
    casts: 5, ticks: 10, ticks_oom: 6
    Heal, rank: 2, count: 2
    Heal, rank: 4, count: 2
    Greater Heal, rank: 1, count: 8
    Greater Heal, rank: 4, count: 1
    Flash Heal, rank: 7, count: 0
    Renew, rank: 10, count: 3
    Prayer of Healing, rank: 5, count: 0
    pve info: 0
    hps: 328.8
For 300 s fights:
    casts: 5, ticks: 10, ticks_oom: 0
    Heal, rank: 2, count: 0
    Heal, rank: 4, count: 0
    Greater Heal, rank: 1, count: 10
    Greater Heal, rank: 4, count: 3
    Flash Heal, rank: 7, count: 0
    Renew, rank: 10, count: 3
    Prayer of Healing, rank: 5, count: 0
    pve info: 0
    hps: 311.146
For 360 s fights:
    casts: 5, ticks: 9, ticks_oom: 0
    Heal, rank: 2, count: 0
    Heal, rank: 4, count: 0
    Greater Heal, rank: 1, count: 7
    Greater Heal, rank: 4, count: 2
    Flash Heal, rank: 7, count: 0
    Renew, rank: 10, count: 2
    Prayer of Healing, rank: 5, count: 0
    pve info: 0
    hps: 292.645
.
*** NEW BEST: 351.658 ***

*** NEW BEST: 355.036 ***

*** NEW BEST: 374.41 ***

*** NEW BEST: 376.303 ***

*** NEW BEST: 383.522 ***

*** NEW BEST: 387.124 ***

*** NEW BEST: 392.365 ***

*** NEW BEST: 398.155 ***

*** NEW BEST: 399.334 ***

*** NEW BEST: 402.086 ***

*** NEW BEST: 406.793 ***

*** NEW BEST: 411.697 ***
.
*** NEW BEST: 419.496 ***

*** NEW BEST: 421.187 ***
....
*** NEW BEST: 421.421 ***
..............................................................
*** NEW BEST: 421.555 ***
................
*** NEW BEST: 422.267 ***
......
*** NEW BEST: 423.442 ***

*** NEW BEST: 424.015 ***
.............
*** NEW BEST: 424.735 ***
...........................................................[Perf] spent in FindBestPveHealingCounts: 25.2725 s, that's: 64.1087 % of total.
......................................
*** NEW BEST: 425.59 ***
........................Temporary bans and partial set bonuses off.
.legs : pants of prophecy -> leggings of transcendence => val: 420.401 -> 425.59
.......... ----------------------------
 --- head --- 
name: halo of transcendence
slot: head
intelligence: 27
stamina: 17
spirit: 22
sp_healing: 48
fire_res: 10
frost_res: 10
armor: 94
 ----------------------------
 --- neck --- 
name: choker of the fire lord
slot: neck
intelligence: 7
stamina: 7
sp: 34
 ----------------------------
 --- shoulders --- 
name: mantle of prophecy
slot: shoulders
intelligence: 23
stamina: 13
spirit: 10
sp: 9
shadow_res: 7
armor: 76
 ----------------------------
 --- back --- 
name: hide of the wild
slot: back
intelligence: 10
stamina: 8
sp_healing: 42
armor: 48
 ----------------------------
 --- chest --- 
name: truefaith vestments
slot: chest
stamina: 14
sp_healing: 73
mp5: 6
armor: 96
 ----------------------------
 --- wrists --- 
name: vambraces of prophecy
slot: wrists
intelligence: 14
stamina: 8
spirit: 10
sp_healing: 24
mp5: 2
armor: 44
 ----------------------------
 --- two-hand --- 
name: benediction
slot: two-hand
intelligence: 31
stamina: 10
spirit: 12
sp_healing: 106
spell_crit: 2
shadow_res: 20
 ----------------------------
 ---  --- 
name: 
slot: 
 ----------------------------
 ---  --- 
name: 
slot: 
 ----------------------------
 ---  --- 
name: 
slot: 
 ----------------------------
 --- ranged --- 
name: lunar wand of healing
slot: ranged
sp_healing: 20
 ----------------------------
 --- hands --- 
name: gloves of prophecy
slot: hands
intelligence: 15
stamina: 10
spirit: 15
sp_healing: 18
mp5: 6
fire_res: 7
armor: 63
 ----------------------------
 --- waist --- 
name: girdle of prophecy
slot: waist
intelligence: 22
stamina: 10
spirit: 10
sp: 9
mp5: 4
fire_res: 7
armor: 57
 ----------------------------
 --- legs --- 
name: leggings of transcendence
slot: legs
intelligence: 21
stamina: 16
spirit: 21
sp_healing: 46
mp5: 7
arcane_res: 10
shadow_res: 10
armor: 101
 ----------------------------
 --- feet --- 
name: boots of prophecy
slot: feet
intelligence: 18
stamina: 17
spirit: 15
sp_healing: 18
shadow_res: 7
armor: 70
 ----------------------------
 --- finger --- 
name: rosewine circle
slot: finger
sp_healing: 29
mp5: 5
 ----------------------------
 --- finger --- 
name: cauterizing band
slot: finger
intelligence: 12
stamina: 9
sp_healing: 46
 ----------------------------
 --- trinket --- 
name: shard of the scale
slot: trinket
mp5: 16
 ----------------------------
 --- trinket --- 
name: royal seal of eldre'thalas
slot: trinket
sp_healing: 33
mp5: 4
 ----------------------------
 --- Set bonuses ---
name: 
slot: Set bonuses
------------------
Char stats: 
Effective hp: 5982
Effective mana: 12181.7
Raw max mana: 7749.6
Int: 411.333
Stam: 190
Spirit: 245
Strength: 34
Agility: 38
Mp5: 143.8
Sp: 52
Sp shadow: 0
Sp healing: 503
Spell crit: 0.428732
Spell hit: 0
Arcane res: 10
Nature res: 0
Fire res: 24
Frost res: 10
Shadow res: 44
Armor: 2463
Defense: 300
Dodge: 0
Parry: 0
HpsPvp: 974.242
ShadowDps: 214.352
Value pvp healing: 591.003
Value pvp shadow: 28.6096
------------------
Best counts:
For 120 s fights:
    casts: 15, ticks: 10, ticks_oom: 0
    Heal, rank: 2, count: 0
    Heal, rank: 4, count: 0
    Greater Heal, rank: 1, count: 10
    Greater Heal, rank: 4, count: 3
    Flash Heal, rank: 7, count: 0
    Renew, rank: 10, count: 2
    Prayer of Healing, rank: 5, count: 0
    pve info: 0
    hps: 545.536
For 180 s fights:
    casts: 7, ticks: 10, ticks_oom: 0
    Heal, rank: 2, count: 2
    Heal, rank: 4, count: 0
    Greater Heal, rank: 1, count: 9
    Greater Heal, rank: 4, count: 0
    Flash Heal, rank: 7, count: 0
    Renew, rank: 10, count: 2
    Prayer of Healing, rank: 5, count: 0
    pve info: 0
    hps: 447.786
For 240 s fights:
    casts: 7, ticks: 10, ticks_oom: 0
    Heal, rank: 2, count: 1
    Heal, rank: 4, count: 0
    Greater Heal, rank: 1, count: 11
    Greater Heal, rank: 4, count: 2
    Flash Heal, rank: 7, count: 0
    Renew, rank: 10, count: 3
    Prayer of Healing, rank: 5, count: 0
    pve info: 0
    hps: 404.814
For 300 s fights:
    casts: 5, ticks: 10, ticks_oom: 0
    Heal, rank: 2, count: 0
    Heal, rank: 4, count: 0
    Greater Heal, rank: 1, count: 10
    Greater Heal, rank: 4, count: 3
    Flash Heal, rank: 7, count: 0
    Renew, rank: 10, count: 3
    Prayer of Healing, rank: 5, count: 0
    pve info: 0
    hps: 370.23
For 360 s fights:
    casts: 8, ticks: 10, ticks_oom: 0
    Heal, rank: 2, count: 6
    Heal, rank: 4, count: 0
    Greater Heal, rank: 1, count: 5
    Greater Heal, rank: 4, count: 2
    Flash Heal, rank: 7, count: 0
    Renew, rank: 10, count: 3
    Prayer of Healing, rank: 5, count: 0
    pve info: 0
    hps: 359.586
------------------
Current relative stat values for matching or exceeding +50 pts of sp
int: 140.201
spi: 96.6531
sta: 0
agi: 0
mp5: 372.85
sp: 100
sp_shadow: 0
sp_healing: 100
spell crit: 357.879
spell hit: 0
arcane res: 0
nature res: 0
fire res: 0
frost res: 0
shadow res: 0
armor: 0
defense: 0
dodge: 0
parry: 0
------------------
Diffs to start: 
Upgrades: 
quel'dorai channeling rod(16.7956) -> benediction(40.2384) : 23.4428 = +5.8294%
briarwood reed(5.75446) -> shard of the scale(18.0002) : 12.2458 = +2.9626%
atal'ai gloves of the owl(10.7662) -> gloves of prophecy(21.8775) : 11.1113 = +2.68078%
devout robe(13.2139) -> truefaith vestments(22.9805) : 9.76654 = +2.34872%
devout bracers(7.3093) -> vambraces of prophecy(16.7621) : 9.45282 = +2.27156%
thuzadin sash(10.8722) -> girdle of prophecy(19.9439) : 9.07169 = +2.17798%
devout sandals(8.0311) -> boots of prophecy(16.6664) : 8.63528 = +2.07103%
fordring's seal(9.3374) -> cauterizing band(16.2304) : 6.89297 = +1.64629%
pants of prophecy(27.6385) -> leggings of transcendence(32.8284) : 5.18985 = +1.2345%
devout mantle(13.4579) -> mantle of prophecy(16.1976) : 2.73975 = +0.647923%
animated chain necklace(9.30521) -> choker of the fire lord(12.0251) : 2.71988 = +0.643194%
dragon finger of intellect(2.23987) -> lunar wand of healing(4.14676) : 1.90689 = +0.450074%
halo of transcendence(28.6523) -> halo of transcendence(28.6523) : 0 = +0%
hide of the wild(14.5359) -> hide of the wild(14.5359) : 0 = +0%
rosewine circle(11.7026) -> rosewine circle(11.7026) : 0 = +0%
royal seal of eldre'thalas(11.543) -> royal seal of eldre'thalas(11.543) : 0 = +0%
- - - - - - - - - - - - - - - - - - - - - - - - - - - - - - - - -
| Upgrades at best in slot level, from start item to candidate: |
. . . . . . . . . . . . . . . . . . . . . . . . . . . . . . . . .
- . - ' - . - ' - . - ' - . - ' - . - ' - . -
head, halo of transcendence (28.6523) -> :
- . - ' - . - ' - . - ' - . - ' - . - ' - . -
neck, animated chain necklace (9.30521) -> :
    choker of the fire lord (12.0251) : +0.643194 %, from: mc
    choker of enlightenment (11.7068) : +0.567931 %, from: mc
- . - ' - . - ' - . - ' - . - ' - . - ' - . -
shoulders, devout mantle (13.4579) -> :
    mantle of prophecy (16.1976) : +0.647923 %, from: mc
    soulstealer mantle (13.7766) : +0.0753682 %, from: pre-raid
- . - ' - . - ' - . - ' - . - ' - . - ' - . -
back, hide of the wild (14.5359) -> :
- . - ' - . - ' - . - ' - . - ' - . - ' - . -
chest, devout robe (13.2139) -> :
    truefaith vestments (22.9805) : +2.34872 %, from: tailoring bop
    robes of the exalted (21.1781) : +1.91528 %, from: pre-raid
    robes of prophecy (18.9364) : +1.37618 %, from: mc
    robe of volatile power (15.7936) : +0.620378 %, from: mc
    mindsurge robe (14.4905) : +0.307008 %, from: pre-raid
    the postmaster's tunic (14.1773) : +0.23168 %, from: pre-raid
    magister's robes (13.8574) : +0.154751 %, from: pre-raid
- . - ' - . - ' - . - ' - . - ' - . - ' - . -
wrists, devout bracers (7.3093) -> :
    vambraces of prophecy (16.7621) : +2.27156 %, from: mc
    flarecore wraps (13.463) : +1.47876 %, from: tailoring boe
    magiskull cuffs (8.81299) : +0.361345 %, from: pre-raid
    wyrmthalak's shackles (8.14816) : +0.201584 %, from: pre-raid
    sublime wristguards (7.79221) : +0.116046 %, from: pre-raid
    magister's bindings (7.56271) : +0.0608976 %, from: pre-raid
- . - ' - . - ' - . - ' - . - ' - . - ' - . -
two-hand, quel'dorai channeling rod (16.7956) -> :
    benediction (40.2384) : +5.8294 %, from: mc
    staff of dominance (27.9354) : +2.77006 %, from: mc
    aurastone hammer and fire runed grimoire (25.6092) : +2.19163 %, from: mc, mc
    aurastone hammer and ancient cornerstone grimoire (23.7726) : +1.73493 %, from: mc, onyxia
    sorcerous dagger and fire runed grimoire (22.8258) : +1.4995 %, from: mc, mc
    aurastone hammer and spellbound tome (22.7709) : +1.48584 %, from: mc, pre-raid
    aurastone hammer and thaurissan's royal scepter (22.4379) : +1.40304 %, from: mc, pre-raid
    aurastone hammer and milli's lexicon (22.1816) : +1.33931 %, from: mc, pre-raid
    aurastone hammer and globe of d'sak (21.8996) : +1.26919 %, from: mc, pre-raid
    aurastone hammer and brightly glowing stone (21.8171) : +1.24866 %, from: mc, pre-raid
    sorcerous dagger and ancient cornerstone grimoire (21.1208) : +1.07552 %, from: mc, onyxia
    aurastone hammer and penelope's rose (21.0348) : +1.05414 %, from: mc, pre-raid (scholo quest)
    sorcerous dagger and spellbound tome (19.9598) : +0.786814 %, from: mc, pre-raid
    anathema (19.7633) : +0.737951 %, from: mc
    sorcerous dagger and thaurissan's royal scepter (19.6567) : +0.711459 %, from: mc, pre-raid
    sorcerous dagger and milli's lexicon (19.2981) : +0.622277 %, from: mc, pre-raid
    sorcerous dagger and globe of d'sak (19.0739) : +0.566516 %, from: mc, pre-raid
    lorespinner and fire runed grimoire (18.8433) : +0.509176 %, from: pre-raid, mc
    sorcerous dagger and brightly glowing stone (18.5172) : +0.428099 %, from: mc, pre-raid
    sorcerous dagger and penelope's rose (18.2904) : +0.3717 %, from: mc, pre-raid (scholo quest)
    gift of the elven magi and fire runed grimoire (18.0261) : +0.305974 %, from: pre-raid (strat live: balnazzar), mc
    witchblade and fire runed grimoire (17.2279) : +0.107493 %, from: pre-raid, mc
    hypnotic blade and fire runed grimoire (17.014) : +0.0543044 %, from: pre-raid, mc
- . - ' - . - ' - . - ' - . - ' - . - ' - . -
ranged, dragon finger of intellect (2.23987) -> :
    lunar wand of healing (4.14676) : +0.450074 %, from: random green
    bonecreeper stylus (3.43726) : +0.282614 %, from: pre-raid
    oblivion's touch (3.1875) : +0.223665 %, from: pre-raid
    mana channeling wand (3.13968) : +0.212378 %, from: pre-raid
    lunar wand of the owl (2.94223) : +0.165775 %, from: random green
    crimson shocker (2.91272) : +0.15881 %, from: mc
    lunar wand of intellect (2.54688) : +0.0724614 %, from: random green
- . - ' - . - ' - . - ' - . - ' - . - ' - . -
hands, atal'ai gloves of the owl (10.7662) -> :
    gloves of prophecy (21.8775) : +2.68078 %, from: mc
    hands of the exalted herald (15.525) : +1.14814 %, from: pre-raid
    shadowy laced handwraps (12.1) : +0.321809 %, from: pre-raid
    mooncloth gloves (11.6974) : +0.224656 %, from: pre-raid
- . - ' - . - ' - . - ' - . - ' - . - ' - . -
waist, thuzadin sash (10.8722) -> :
    girdle of prophecy (19.9439) : +2.17798 %, from: mc
    whipvine cord (16.407) : +1.32883 %, from: pre-raid
    mana igniting cord (12.6992) : +0.438642 %, from: mc
- . - ' - . - ' - . - ' - . - ' - . - ' - . -
legs, pants of prophecy (27.6385) -> :
    leggings of transcendence (32.8284) : +1.2345 %, from: mc
- . - ' - . - ' - . - ' - . - ' - . - ' - . -
feet, devout sandals (8.0311) -> :
    boots of prophecy (16.6664) : +2.07103 %, from: mc
    boots of the full moon (12.215) : +1.00345 %, from: pre-raid
    dragonrider boots (10.9934) : +0.710455 %, from: pre-raid
    the postmaster's treads (9.78723) : +0.421181 %, from: pre-raid
    wolfrunner shoes (9.65707) : +0.389964 %, from: pre-raid
    vinerot sandals (8.86584) : +0.200201 %, from: pre-raid
    necropile boots (8.6308) : +0.143829 %, from: pre-raid
- . - ' - . - ' - . - ' - . - ' - . - ' - . -
finger, rosewine circle (11.7026) -> :
    cauterizing band (14.8214) : +0.732804 %, from: mc
- . - ' - . - ' - . - ' - . - ' - . - ' - . -
finger 2, fordring's seal (9.3374) -> :
    cauterizing band (16.2304) : +1.64629 %, from: mc
    band of sulfuras (11.6885) : +0.561521 %, from: mc
    rosewine circle (11.2894) : +0.466214 %, from: pre-raid
    seal of the archmagus (10.8705) : +0.366162 %, from: mc
    ring of demonic guile (10.6095) : +0.303822 %, from: pre-raid
    seal of rivendare (9.48834) : +0.0360499 %, from: pre-raid
- . - ' - . - ' - . - ' - . - ' - . - ' - . -
trinket, royal seal of eldre'thalas (10.5587) -> :
    shard of the scale (18.0002) : +1.77963 %, from: onyxia
    mindtap talisman (12.2382) : +0.401652 %, from: pre-raid
- . - ' - . - ' - . - ' - . - ' - . - ' - . -
trinket 2, briarwood reed (5.95599) -> :
    shard of the scale (13.9314) : +1.8989 %, from: onyxia
    royal seal of eldre'thalas (11.543) : +1.33023 %, from: pre-raid
    mindtap talisman (10.0082) : +0.964813 %, from: pre-raid
------------------
- - - - - - - - - - - - - - - - - - - - - - - - - - - - - -
| Upgrades at start level, from start item to candidate:  |
. . . . . . . . . . . . . . . . . . . . . . . . . . . . . .
- . - ' - . - ' - . - ' - . - ' - . - ' - . -
head, halo of transcendence (20.6893) -> :
- . - ' - . - ' - . - ' - . - ' - . - ' - . -
neck, animated chain necklace (6.95895) -> :
    choker of the fire lord (7.98499) : +0.292624 %, from: mc
    choker of enlightenment (7.60733) : +0.184917 %, from: mc
- . - ' - . - ' - . - ' - . - ' - . - ' - . -
shoulders, devout mantle (11.7291) -> :
- . - ' - . - ' - . - ' - . - ' - . - ' - . -
back, hide of the wild (10.0736) -> :
- . - ' - . - ' - . - ' - . - ' - . - ' - . -
chest, devout robe (14.2036) -> :
    truefaith vestments (17.7096) : +0.999922 %, from: tailoring bop
    robes of the exalted (15.9382) : +0.494721 %, from: pre-raid
    robes of prophecy (15.306) : +0.314409 %, from: mc
- . - ' - . - ' - . - ' - . - ' - . - ' - . -
wrists, devout bracers (9.07925) -> :
    vambraces of prophecy (11.6788) : +0.741399 %, from: mc
- . - ' - . - ' - . - ' - . - ' - . - ' - . -
two-hand, quel'dorai channeling rod (12.7248) -> :
    benediction (31.458) : +5.34271 %, from: mc
    staff of dominance (21.3606) : +2.46292 %, from: mc
    aurastone hammer and fire runed grimoire (18.8693) : +1.75242 %, from: mc, mc
    aurastone hammer and thaurissan's royal scepter (18.4904) : +1.64435 %, from: mc, pre-raid
    aurastone hammer and ancient cornerstone grimoire (17.6296) : +1.39884 %, from: mc, onyxia
    aurastone hammer and brightly glowing stone (17.5439) : +1.37439 %, from: mc, pre-raid
    aurastone hammer and milli's lexicon (17.4791) : +1.35593 %, from: mc, pre-raid
    aurastone hammer and penelope's rose (16.5357) : +1.08686 %, from: mc, pre-raid (scholo quest)
    aurastone hammer and spellbound tome (16.4011) : +1.04847 %, from: mc, pre-raid
    sorcerous dagger and fire runed grimoire (15.8954) : +0.904269 %, from: mc, mc
    sorcerous dagger and thaurissan's royal scepter (15.5724) : +0.812133 %, from: mc, pre-raid
    aurastone hammer and globe of d'sak (15.3143) : +0.738518 %, from: mc, pre-raid
    sorcerous dagger and milli's lexicon (14.9093) : +0.623012 %, from: mc, pre-raid
    sorcerous dagger and ancient cornerstone grimoire (14.6278) : +0.542748 %, from: mc, onyxia
    sorcerous dagger and brightly glowing stone (14.4106) : +0.480778 %, from: mc, pre-raid
    anathema (14.0121) : +0.367127 %, from: mc
    sorcerous dagger and penelope's rose (13.6201) : +0.255338 %, from: mc, pre-raid (scholo quest)
    sorcerous dagger and spellbound tome (13.5858) : +0.245546 %, from: mc, pre-raid
    aurastone hammer and orb of the forgotten seer (13.0934) : +0.105139 %, from: mc, pre-raid
    the hammer of grace and fire runed grimoire (13.0865) : +0.103172 %, from: pre-raid, mc
    sorcerous dagger and globe of d'sak (12.8434) : +0.0338396 %, from: mc, pre-raid
    lorespinner and fire runed grimoire (12.8085) : +0.0238827 %, from: pre-raid, mc
    the hammer of grace and thaurissan's royal scepter (12.7518) : +0.00769398 %, from: pre-raid, pre-raid
- . - ' - . - ' - . - ' - . - ' - . - ' - . -
ranged, dragon finger of intellect (2.06729) -> :
    lunar wand of healing (3.59348) : +0.435267 %, from: random green
    bonecreeper stylus (3.11295) : +0.29822 %, from: pre-raid
    oblivion's touch (2.94339) : +0.249863 %, from: pre-raid
    lunar wand of the owl (2.62479) : +0.158997 %, from: random green
    crimson shocker (2.53516) : +0.133435 %, from: mc
    mana channeling wand (2.40894) : +0.0974368 %, from: pre-raid
    lunar wand of intellect (2.32816) : +0.0743984 %, from: random green
- . - ' - . - ' - . - ' - . - ' - . - ' - . -
hands, atal'ai gloves of the owl (7.96945) -> :
    gloves of prophecy (13.8458) : +1.67593 %, from: mc
    hands of the exalted herald (12.2518) : +1.22133 %, from: pre-raid
    atal'ai hands of healing (9.4313) : +0.41692 %, from: sunken temple
    high councillor's gloves of healing (8.18552) : +0.0616215 %, from: random green
- . - ' - . - ' - . - ' - . - ' - . - ' - . -
waist, thuzadin sash (7.69016) -> :
    whipvine cord (12.3603) : +1.33193 %, from: pre-raid
    girdle of prophecy (12.3358) : +1.32494 %, from: mc
    mana igniting cord (9.5864) : +0.540807 %, from: mc
- . - ' - . - ' - . - ' - . - ' - . - ' - . -
legs, pants of prophecy (19.7157) -> :
    leggings of transcendence (24.1588) : +1.26718 %, from: mc
- . - ' - . - ' - . - ' - . - ' - . - ' - . -
feet, devout sandals (10.5503) -> :
    boots of prophecy (11.3594) : +0.23075 %, from: mc
- . - ' - . - ' - . - ' - . - ' - . - ' - . -
finger, rosewine circle (9.0675) -> :
    cauterizing band (11.8294) : +0.787693 %, from: mc
- . - ' - . - ' - . - ' - . - ' - . - ' - . -
finger 2, fordring's seal (7.87683) -> :
    cauterizing band (11.3692) : +0.996031 %, from: mc
    rosewine circle (8.13083) : +0.0724401 %, from: pre-raid
- . - ' - . - ' - . - ' - . - ' - . - ' - . -
trinket, royal seal of eldre'thalas (9.05212) -> :
    shard of the scale (9.76083) : +0.202124 %, from: onyxia
- . - ' - . - ' - . - ' - . - ' - . - ' - . -
trinket 2, briarwood reed (5.23438) -> :
    shard of the scale (8.67905) : +0.982419 %, from: onyxia
    royal seal of eldre'thalas (8.48776) : +0.927865 %, from: pre-raid
    mindtap talisman (6.17102) : +0.267131 %, from: pre-raid
-- Stat values at start item level: --
Current relative stat values for matching or exceeding +50 pts of sp
int: 200.67
spi: 142.255
sta: 0
agi: 0
mp5: 534.165
sp: 100
sp_shadow: 0
sp_healing: 100
spell crit: 314.851
spell hit: 0
arcane res: 0
nature res: 0
fire res: 0
frost res: 0
shadow res: 0
armor: 0
defense: 0
dodge: 0
parry: 0
------------------
Best value: 425.59
