Your call: ./css 5 -f 0.1 ../items/more_raid.csv 
./css 5 ../items/more_raid.csv 
Shuffle seed: 1765622815
Reading tmp locked from: start_with.txt
Locking: anastari heirloom
Locking: animated chain necklace
Locking: argent crusader
Locking: atal'ai gloves of the owl
Locking: banshee finger
Locking: blood of the martyr
Locking: briarwood reed
Locking: burial shawl
Locking: crimson felt hat
Locking: cyclopean band
Locking: devout belt
Locking: devout bracers
Locking: devout crown
Locking: devout mantle
Locking: devout robe
Locking: devout sandals
Locking: devout skirt
Locking: dragon finger of intellect
Locking: dragonslayer's signet
Locking: drakefire amulet
Locking: dreadmist mantle
Locking: dreamweave circlet
Locking: dreamweave gloves
Locking: dreamweave vest
Locking: eye of the beast
Locking: fordring's seal
Locking: grimgore noose
Locking: halo of transcendence
Locking: heart of the fiend
Locking: hide of the wild
Locking: kentic amice
Locking: magister's robes
Locking: maleki's footwraps
Locking: nature's breath
Locking: necropile boots
Locking: necropile cuffs
Locking: necropile mantle
Locking: noxious shooter
Locking: omnicast boots
Locking: orb of the forgotten seer
Locking: padre's trousers
Locking: penelope's rose
Locking: quel'dorai channeling rod
Locking: raincaster drape
Locking: rainstrider leggings
Locking: ring of demonic guile
Locking: ring of demonic guile
Locking: robes of the royal crown
Locking: rod of corrosion
Locking: rosewine circle
Locking: royal seal of eldre'thalas
Locking: royal tribunal cloak
Locking: sarah's guide
Locking: seal of rivendare
Locking: seal of rivendare
Locking: shadowy laced handwraps
Locking: silkweb gloves
Locking: soulstealer mantle
Locking: spellbound tome
Locking: spritecaster cape
Locking: starfire tiara
Locking: the hammer of grace
Locking: the postmaster's treads
Locking: thuzadin sash
Locking: triune amulet
Locking: vinerot sandals
Locking: wolfshear leggings
Locking: pants of prophecy
Optimizing start items...
[Perf] spent in FindBestPveHealingCounts: 0.0231507 s, that's: 100.004 % of total.

*** NEW BEST: 136.281 ***

*** NEW BEST: 139.375 ***

*** NEW BEST: 148.851 ***

*** NEW BEST: 156.309 ***

*** NEW BEST: 161.601 ***

*** NEW BEST: 167.58 ***

*** NEW BEST: 179.936 ***

*** NEW BEST: 187.836 ***

*** NEW BEST: 197.31 ***

*** NEW BEST: 206.094 ***

*** NEW BEST: 213.885 ***

*** NEW BEST: 225.418 ***

*** NEW BEST: 229.384 ***

*** NEW BEST: 248.452 ***

*** NEW BEST: 255.392 ***

*** NEW BEST: 265.279 ***
*
best val: 265.279
*
best val: 265.279

*** NEW BEST: 265.911 ***

*** NEW BEST: 267.094 ***
*
best val: 267.094
*
best val: 267.094
*
best val: 267.094

Read starting items and cleared locks.
 ----------------------------
 --- head --- 
name: halo of transcendence
slot: head
intelligence: 27
stamina: 17
spirit: 22
sp_healing: 48
fire_res: 10
frost_res: 10
armor: 94
 ----------------------------
 --- neck --- 
name: animated chain necklace
slot: neck
stamina: 7
spirit: 6
sp_healing: 33
 ----------------------------
 --- shoulders --- 
name: devout mantle
slot: shoulders
intelligence: 21
stamina: 4
spirit: 9
armor: 64
 ----------------------------
 --- back --- 
name: hide of the wild
slot: back
intelligence: 10
stamina: 8
sp_healing: 42
armor: 48
 ----------------------------
 --- chest --- 
name: devout robe
slot: chest
intelligence: 24
stamina: 13
spirit: 15
armor: 89
 ----------------------------
 --- wrists --- 
name: devout bracers
slot: wrists
intelligence: 10
stamina: 7
spirit: 10
armor: 35
 ----------------------------
 --- two-hand --- 
name: quel'dorai channeling rod
slot: two-hand
intelligence: 18
stamina: 8
spirit: 8
mp5: 8
 ----------------------------
 ---  --- 
name: 
slot: 
 ----------------------------
 ---  --- 
name: 
slot: 
 ----------------------------
 ---  --- 
name: 
slot: 
 ----------------------------
 --- ranged --- 
name: dragon finger of intellect
slot: ranged
intelligence: 8
 ----------------------------
 --- hands --- 
name: atal'ai gloves of the owl
slot: hands
intelligence: 13
spirit: 13
sp: 9
armor: 47
 ----------------------------
 --- waist --- 
name: thuzadin sash
slot: waist
intelligence: 12
stamina: 11
spirit: 11
sp: 11
armor: 49
 ----------------------------
 --- legs --- 
name: pants of prophecy
slot: legs
intelligence: 24
stamina: 18
spirit: 20
sp_healing: 22
mp5: 6
shadow_res: 10
armor: 89
 ----------------------------
 --- feet --- 
name: devout sandals
slot: feet
intelligence: 10
stamina: 9
spirit: 17
armor: 58
 ----------------------------
 --- finger --- 
name: rosewine circle
slot: finger
sp_healing: 29
mp5: 5
 ----------------------------
 --- finger --- 
name: fordring's seal
slot: finger
intelligence: 5
stamina: 4
sp_healing: 37
 ----------------------------
 --- trinket --- 
name: briarwood reed
slot: trinket
sp: 29
 ----------------------------
 --- trinket --- 
name: royal seal of eldre'thalas
slot: trinket
sp_healing: 33
mp5: 4
 ----------------------------
 --- Set bonuses ---
name: devout 2 devout 4 
slot: Set bonuses
sp: 23
armor: 200
 --- And counts for start items ---
For 120 s fights:
    casts: 8, ticks: 10, ticks_oom: 0
    Heal, rank: 2, count: 2
    Heal, rank: 4, count: 1
    Greater Heal, rank: 1, count: 4
    Greater Heal, rank: 4, count: 1
    Flash Heal, rank: 7, count: 0
    Renew, rank: 10, count: 2
    Prayer of Healing, rank: 5, count: 0
    pve info: 0
    hps: 353.932
For 180 s fights:
    casts: 5, ticks: 10, ticks_oom: 0
    Heal, rank: 2, count: 0
    Heal, rank: 4, count: 0
    Greater Heal, rank: 1, count: 5
    Greater Heal, rank: 4, count: 1
    Flash Heal, rank: 7, count: 0
    Renew, rank: 10, count: 1
    Prayer of Healing, rank: 5, count: 0
    pve info: 0
    hps: 284.65
For 240 s fights:
    casts: 5, ticks: 10, ticks_oom: 0
    Heal, rank: 2, count: 3
    Heal, rank: 4, count: 0
    Greater Heal, rank: 1, count: 2
    Greater Heal, rank: 4, count: 0
    Flash Heal, rank: 7, count: 0
    Renew, rank: 10, count: 1
    Prayer of Healing, rank: 5, count: 0
    pve info: 0
    hps: 253.112
For 300 s fights:
    casts: 4, ticks: 9, ticks_oom: 0
    Heal, rank: 2, count: 3
    Heal, rank: 4, count: 0
    Greater Heal, rank: 1, count: 3
    Greater Heal, rank: 4, count: 1
    Flash Heal, rank: 7, count: 0
    Renew, rank: 10, count: 1
    Prayer of Healing, rank: 5, count: 0
    pve info: 0
    hps: 231.157
For 360 s fights:
    casts: 4, ticks: 10, ticks_oom: 5
    Heal, rank: 2, count: 0
    Heal, rank: 4, count: 0
    Greater Heal, rank: 1, count: 2
    Greater Heal, rank: 4, count: 0
    Flash Heal, rank: 7, count: 0
    Renew, rank: 10, count: 0
    Prayer of Healing, rank: 5, count: 0
    pve info: 0
    hps: 212.619
.
*** NEW BEST: 270.248 ***

*** NEW BEST: 274.224 ***

*** NEW BEST: 276.132 ***

*** NEW BEST: 281.387 ***

*** NEW BEST: 286.956 ***

*** NEW BEST: 288.499 ***

*** NEW BEST: 292.285 ***

*** NEW BEST: 295.934 ***

*** NEW BEST: 313.45 ***

*** NEW BEST: 314.871 ***

*** NEW BEST: 318.496 ***

*** NEW BEST: 321.949 ***
.
*** NEW BEST: 328.612 ***

*** NEW BEST: 329.998 ***
..
*** NEW BEST: 330.99 ***
.
*** NEW BEST: 332.321 ***
....
*** NEW BEST: 333.14 ***

*** NEW BEST: 333.68 ***
.....................................................................................................Temporary bans and partial set bonuses off.
.neck : choker of the fire lord -> choker of enlightenment => val: 332.649 -> 332.943
trinket : mindtap talisman -> royal seal of eldre'thalas => val: 332.943 -> 333.549
.
*** NEW BEST: 333.68 ***
Current relative stat values for matching or exceeding +50 pts of sp
int: 152.157
spi: 127.261
sta: 0
agi: 0
mp5: 405.735
sp: 100
sp_shadow: 0
sp_healing: 100
spell crit: 334.34
spell hit: 0
arcane res: 0
nature res: 0
fire res: 0
frost res: 0
shadow res: 0
armor: 0
defense: 0
dodge: 0
parry: 0
Temporary bans and partial set bonuses on.
...................................................[Perf] spent in FindBestPveHealingCounts: 25.478 s, that's: 61.3046 % of total.
.................................Temporary bans and partial set bonuses off.
.waist : whipvine cord -> girdle of prophecy => val: 330.925 -> 331.32
chest : robes of prophecy -> truefaith vestments => val: 331.32 -> 333.549
.
*** NEW BEST: 333.68 ***
Current relative stat values for matching or exceeding +50 pts of sp
int: 152.157
spi: 127.261
sta: 0
agi: 0
mp5: 405.735
sp: 100
sp_shadow: 0
sp_healing: 100
spell crit: 334.34
spell hit: 0
arcane res: 0
nature res: 0
fire res: 0
frost res: 0
shadow res: 0
armor: 0
defense: 0
dodge: 0
parry: 0
......... ----------------------------
 --- head --- 
name: halo of transcendence
slot: head
intelligence: 27
stamina: 17
spirit: 22
sp_healing: 48
fire_res: 10
frost_res: 10
armor: 94
 ----------------------------
 --- neck --- 
name: choker of enlightenment
slot: neck
intelligence: 10
stamina: 9
spirit: 10
sp: 18
 ----------------------------
 --- shoulders --- 
name: mantle of prophecy
slot: shoulders
intelligence: 23
stamina: 13
spirit: 10
sp: 9
shadow_res: 7
armor: 76
 ----------------------------
 --- back --- 
name: hide of the wild
slot: back
intelligence: 10
stamina: 8
sp_healing: 42
armor: 48
 ----------------------------
 --- chest --- 
name: truefaith vestments
slot: chest
stamina: 14
sp_healing: 73
mp5: 6
armor: 96
 ----------------------------
 --- wrists --- 
name: vambraces of prophecy
slot: wrists
intelligence: 14
stamina: 8
spirit: 10
sp_healing: 24
mp5: 2
armor: 44
 ----------------------------
 --- two-hand --- 
name: benediction
slot: two-hand
intelligence: 31
stamina: 10
spirit: 12
sp_healing: 106
spell_crit: 2
shadow_res: 20
 ----------------------------
 ---  --- 
name: 
slot: 
 ----------------------------
 ---  --- 
name: 
slot: 
 ----------------------------
 ---  --- 
name: 
slot: 
 ----------------------------
 --- ranged --- 
name: lunar wand of healing
slot: ranged
sp_healing: 20
 ----------------------------
 --- hands --- 
name: gloves of prophecy
slot: hands
intelligence: 15
stamina: 10
spirit: 15
sp_healing: 18
mp5: 6
fire_res: 7
armor: 63
 ----------------------------
 --- waist --- 
name: girdle of prophecy
slot: waist
intelligence: 22
stamina: 10
spirit: 10
sp: 9
mp5: 4
fire_res: 7
armor: 57
 ----------------------------
 --- legs --- 
name: leggings of transcendence
slot: legs
intelligence: 21
stamina: 16
spirit: 21
sp_healing: 46
mp5: 7
arcane_res: 10
shadow_res: 10
armor: 101
 ----------------------------
 --- feet --- 
name: boots of prophecy
slot: feet
intelligence: 18
stamina: 17
spirit: 15
sp_healing: 18
shadow_res: 7
armor: 70
 ----------------------------
 --- finger --- 
name: band of sulfuras
slot: finger
intelligence: 23
stamina: 13
spirit: 10
 ----------------------------
 --- finger --- 
name: cauterizing band
slot: finger
intelligence: 12
stamina: 9
sp_healing: 46
 ----------------------------
 --- trinket --- 
name: royal seal of eldre'thalas
slot: trinket
sp_healing: 33
mp5: 4
 ----------------------------
 --- trinket --- 
name: shard of the scale
slot: trinket
mp5: 16
 ----------------------------
 --- Set bonuses ---
name: 
slot: Set bonuses
------------------
Char stats: 
Effective hp: 6123
Effective mana: 9769.22
Raw max mana: 6939.6
Int: 357.333
Stam: 205
Spirit: 265
Strength: 34
Agility: 38
Mp5: 58.4
Sp: 36
Sp shadow: 0
Sp healing: 474
Spell crit: 1.77553
Spell hit: 0
Arcane res: 10
Nature res: 0
Fire res: 24
Frost res: 10
Shadow res: 44
Armor: 2463
Defense: 300
Dodge: 0
Parry: 0
HpsPvp: 959.617
ShadowDps: 210.682
Value pvp healing: 481.769
Value pvp shadow: 23.222
------------------
Best counts:
For 120 s fights:
    casts: 9, ticks: 8, ticks_oom: 0
    Heal, rank: 2, count: 4
    Heal, rank: 4, count: 0
    Greater Heal, rank: 1, count: 4
    Greater Heal, rank: 4, count: 2
    Flash Heal, rank: 7, count: 0
    Renew, rank: 10, count: 2
    Prayer of Healing, rank: 5, count: 0
    pve info: 0
    hps: 437.046
For 180 s fights:
    casts: 7, ticks: 10, ticks_oom: 0
    Heal, rank: 2, count: 0
    Heal, rank: 4, count: 0
    Greater Heal, rank: 1, count: 6
    Greater Heal, rank: 4, count: 0
    Flash Heal, rank: 7, count: 0
    Renew, rank: 10, count: 1
    Prayer of Healing, rank: 5, count: 0
    pve info: 0
    hps: 354.909
For 240 s fights:
    casts: 5, ticks: 10, ticks_oom: 0
    Heal, rank: 2, count: 3
    Heal, rank: 4, count: 0
    Greater Heal, rank: 1, count: 1
    Greater Heal, rank: 4, count: 1
    Flash Heal, rank: 7, count: 0
    Renew, rank: 10, count: 1
    Prayer of Healing, rank: 5, count: 0
    pve info: 0
    hps: 313.598
For 300 s fights:
    casts: 5, ticks: 10, ticks_oom: 0
    Heal, rank: 2, count: 3
    Heal, rank: 4, count: 0
    Greater Heal, rank: 1, count: 5
    Greater Heal, rank: 4, count: 1
    Flash Heal, rank: 7, count: 0
    Renew, rank: 10, count: 1
    Prayer of Healing, rank: 5, count: 0
    pve info: 0
    hps: 291.199
For 360 s fights:
    casts: 5, ticks: 10, ticks_oom: 0
    Heal, rank: 2, count: 3
    Heal, rank: 4, count: 0
    Greater Heal, rank: 1, count: 13
    Greater Heal, rank: 4, count: 0
    Flash Heal, rank: 7, count: 0
    Renew, rank: 10, count: 2
    Prayer of Healing, rank: 5, count: 0
    pve info: 0
    hps: 271.65
------------------
Current relative stat values for matching or exceeding +50 pts of sp
int: 152.157
spi: 127.261
sta: 0
agi: 0
mp5: 405.735
sp: 100
sp_shadow: 0
sp_healing: 100
spell crit: 334.34
spell hit: 0
arcane res: 0
nature res: 0
fire res: 0
frost res: 0
shadow res: 0
armor: 0
defense: 0
dodge: 0
parry: 0
------------------
Diffs to start: 
Upgrades: 
quel'dorai channeling rod(18.337) -> benediction(37.3911) : 19.0541 = +6.0561%
briarwood reed(4.77209) -> shard of the scale(18.3096) : 13.5375 = +4.22857%
atal'ai gloves of the owl(12.8196) -> gloves of prophecy(22.9321) : 10.1125 = +3.1253%
devout bracers(7.01077) -> vambraces of prophecy(15.7697) : 8.75897 = +2.69572%
thuzadin sash(12.1667) -> girdle of prophecy(20.4258) : 8.259 = +2.53794%
devout robe(12.1982) -> truefaith vestments(19.612) : 7.41382 = +2.27232%
devout sandals(9.24728) -> boots of prophecy(16.1492) : 6.90189 = +2.1121%
fordring's seal(8.10663) -> cauterizing band(13.6357) : 5.52908 = +1.68492%
pants of prophecy(29.5597) -> leggings of transcendence(33.9156) : 4.35596 = +1.32269%
animated chain necklace(7.64386) -> choker of enlightenment(11.2212) : 3.57733 = +1.0837%
rosewine circle(11.7159) -> band of sulfuras(14.379) : 2.66318 = +0.804543%
devout mantle(13.5423) -> mantle of prophecy(15.8773) : 2.33508 = +0.704728%
dragon finger of intellect(2.09467) -> lunar wand of healing(3.51431) : 1.41965 = +0.427269%
halo of transcendence(28.8506) -> halo of transcendence(28.8506) : 0 = +0%
hide of the wild(12.4779) -> hide of the wild(12.4779) : 0 = +0%
royal seal of eldre'thalas(9.13263) -> royal seal of eldre'thalas(9.13263) : 0 = +0%
- - - - - - - - - - - - - - - - - - - - - - - - - - - - - - - - -
| Upgrades at best in slot level, from start item to candidate: |
. . . . . . . . . . . . . . . . . . . . . . . . . . . . . . . . .
- . - ' - . - ' - . - ' - . - ' - . - ' - . -
head, halo of transcendence (28.8506) -> :
- . - ' - . - ' - . - ' - . - ' - . - ' - . -
neck, animated chain necklace (7.64386) -> :
    choker of enlightenment (11.2212) : +1.0837 %, from: mc
    tooth of gnarr (8.8454) : +0.363989 %, from: pre-raid
    choker of the fire lord (8.79529) : +0.348809 %, from: mc
    archlight talisman (8.05814) : +0.125499 %, from: pre-raid
- . - ' - . - ' - . - ' - . - ' - . - ' - . -
shoulders, devout mantle (13.5423) -> :
    mantle of prophecy (15.8773) : +0.704728 %, from: mc
    soulstealer mantle (13.7735) : +0.0697949 %, from: pre-raid
- . - ' - . - ' - . - ' - . - ' - . - ' - . -
back, hide of the wild (12.4779) -> :
- . - ' - . - ' - . - ' - . - ' - . - ' - . -
chest, devout robe (12.1982) -> :
    truefaith vestments (19.612) : +2.27232 %, from: tailoring bop
    robes of the exalted (18.4175) : +1.90621 %, from: pre-raid
    robes of prophecy (17.159) : +1.52048 %, from: mc
    robe of volatile power (13.9764) : +0.545023 %, from: mc
    mindsurge robe (13.0368) : +0.257036 %, from: pre-raid
    the postmaster's tunic (12.7121) : +0.157495 %, from: pre-raid
    magister's robes (12.4002) : +0.0619206 %, from: pre-raid
- . - ' - . - ' - . - ' - . - ' - . - ' - . -
wrists, devout bracers (7.01077) -> :
    vambraces of prophecy (15.7697) : +2.69572 %, from: mc
    flarecore wraps (12.5875) : +1.71633 %, from: tailoring boe
    magister's bindings (8.44559) : +0.441588 %, from: pre-raid
    sublime wristguards (8.15915) : +0.353432 %, from: pre-raid
    magiskull cuffs (8.03171) : +0.31421 %, from: pre-raid
    wyrmthalak's shackles (7.91055) : +0.276922 %, from: pre-raid
- . - ' - . - ' - . - ' - . - ' - . - ' - . -
two-hand, quel'dorai channeling rod (18.337) -> :
    benediction (37.3911) : +6.0561 %, from: mc
    staff of dominance (27.1173) : +2.79072 %, from: mc
    aurastone hammer and fire runed grimoire (24.6999) : +2.02235 %, from: mc, mc
    aurastone hammer and ancient cornerstone grimoire (23.7127) : +1.70861 %, from: mc, onyxia
    aurastone hammer and milli's lexicon (22.8419) : +1.43183 %, from: mc, pre-raid
    aurastone hammer and spellbound tome (22.4763) : +1.31563 %, from: mc, pre-raid
    aurastone hammer and thaurissan's royal scepter (22.4297) : +1.30082 %, from: mc, pre-raid
    aurastone hammer and penelope's rose (22.1933) : +1.22568 %, from: mc, pre-raid (scholo quest)
    sorcerous dagger and fire runed grimoire (22.1886) : +1.22417 %, from: mc, mc
    aurastone hammer and globe of d'sak (21.5392) : +1.01776 %, from: mc, pre-raid
    aurastone hammer and brightly glowing stone (21.2916) : +0.939079 %, from: mc, pre-raid
    sorcerous dagger and ancient cornerstone grimoire (21.115) : +0.882957 %, from: mc, onyxia
    sorcerous dagger and milli's lexicon (20.7329) : +0.761517 %, from: mc, pre-raid
    sorcerous dagger and spellbound tome (19.8705) : +0.487387 %, from: mc, pre-raid
    sorcerous dagger and thaurissan's royal scepter (19.8285) : +0.47404 %, from: mc, pre-raid
    anathema (19.6956) : +0.431827 %, from: mc
    sorcerous dagger and penelope's rose (19.6948) : +0.431556 %, from: mc, pre-raid (scholo quest)
    lorespinner and fire runed grimoire (18.9474) : +0.193992 %, from: pre-raid, mc
    sorcerous dagger and globe of d'sak (18.8838) : +0.173778 %, from: mc, pre-raid
- . - ' - . - ' - . - ' - . - ' - . - ' - . -
ranged, dragon finger of intellect (2.09467) -> :
    lunar wand of healing (3.51431) : +0.427269 %, from: random green
    bonecreeper stylus (2.9711) : +0.263779 %, from: pre-raid
    oblivion's touch (2.85559) : +0.229014 %, from: pre-raid
    lunar wand of the owl (2.85403) : +0.228546 %, from: random green
    mana channeling wand (2.7265) : +0.190163 %, from: pre-raid
    crimson shocker (2.57248) : +0.143807 %, from: mc
    lunar wand of intellect (2.37781) : +0.0852168 %, from: random green
- . - ' - . - ' - . - ' - . - ' - . - ' - . -
hands, atal'ai gloves of the owl (12.8196) -> :
    gloves of prophecy (22.9321) : +3.1253 %, from: mc
    hands of the exalted herald (16.4192) : +1.11245 %, from: pre-raid
    mooncloth gloves (13.1401) : +0.0990505 %, from: pre-raid
    shadowy laced handwraps (12.857) : +0.0115537 %, from: pre-raid
- . - ' - . - ' - . - ' - . - ' - . - ' - . -
waist, thuzadin sash (12.1667) -> :
    girdle of prophecy (20.4258) : +2.53794 %, from: mc
    whipvine cord (16.7638) : +1.41265 %, from: pre-raid
    mana igniting cord (12.7979) : +0.193962 %, from: mc
- . - ' - . - ' - . - ' - . - ' - . - ' - . -
legs, pants of prophecy (29.5597) -> :
    leggings of transcendence (33.9156) : +1.32269 %, from: mc
- . - ' - . - ' - . - ' - . - ' - . - ' - . -
feet, devout sandals (9.24728) -> :
    boots of prophecy (16.1492) : +2.1121 %, from: mc
    boots of the full moon (12.4432) : +0.978018 %, from: pre-raid
    wolfrunner shoes (9.9744) : +0.222509 %, from: pre-raid
    dragonrider boots (9.31229) : +0.0198919 %, from: pre-raid
- . - ' - . - ' - . - ' - . - ' - . - ' - . -
finger, rosewine circle (11.7159) -> :
    band of sulfuras (14.379) : +0.804543 %, from: mc
    cauterizing band (13.8261) : +0.637517 %, from: mc
- . - ' - . - ' - . - ' - . - ' - . - ' - . -
finger 2, fordring's seal (8.10663) -> :
    cauterizing band (13.6357) : +1.68492 %, from: mc
    band of sulfuras (10.5502) : +0.744648 %, from: mc
    seal of the archmagus (9.76575) : +0.505595 %, from: mc
    ring of demonic guile (9.20334) : +0.334209 %, from: pre-raid
    rosewine circle (8.99033) : +0.269296 %, from: pre-raid
    maiden's circle (8.66217) : +0.169294 %, from: pre-raid
    seal of rivendare (8.3696) : +0.0801368 %, from: pre-raid
- . - ' - . - ' - . - ' - . - ' - . - ' - . -
trinket, briarwood reed (5.03418) -> :
    shard of the scale (11.7258) : +2.03033 %, from: onyxia
    royal seal of eldre'thalas (9.13263) : +1.24353 %, from: pre-raid
    mindtap talisman (8.29468) : +0.989283 %, from: pre-raid
- . - ' - . - ' - . - ' - . - ' - . - ' - . -
trinket 2, royal seal of eldre'thalas (10.3349) -> :
    shard of the scale (18.3096) : +2.44844 %, from: onyxia
    mindtap talisman (12.0577) : +0.528965 %, from: pre-raid
------------------
- - - - - - - - - - - - - - - - - - - - - - - - - - - - - -
| Upgrades at start level, from start item to candidate:  |
. . . . . . . . . . . . . . . . . . . . . . . . . . . . . .
- . - ' - . - ' - . - ' - . - ' - . - ' - . -
head, halo of transcendence (29.1353) -> :
- . - ' - . - ' - . - ' - . - ' - . - ' - . -
neck, animated chain necklace (9.42834) -> :
    choker of enlightenment (10.5089) : +0.404575 %, from: mc
    choker of the fire lord (10.1441) : +0.267969 %, from: mc
- . - ' - . - ' - . - ' - . - ' - . - ' - . -
shoulders, devout mantle (17.6756) -> :
- . - ' - . - ' - . - ' - . - ' - . - ' - . -
back, hide of the wild (13.1361) -> :
- . - ' - . - ' - . - ' - . - ' - . - ' - . -
chest, devout robe (20.4309) -> :
    robes of prophecy (21.5419) : +0.415933 %, from: mc
- . - ' - . - ' - . - ' - . - ' - . - ' - . -
wrists, devout bracers (13.5645) -> :
    vambraces of prophecy (16.0768) : +0.940604 %, from: mc
- . - ' - . - ' - . - ' - . - ' - . - ' - . -
two-hand, quel'dorai channeling rod (21.2681) -> :
    benediction (35.2223) : +5.22445 %, from: mc
    staff of dominance (28.7414) : +2.79799 %, from: mc
    aurastone hammer and fire runed grimoire (25.9553) : +1.75486 %, from: mc, mc
    aurastone hammer and ancient cornerstone grimoire (25.5909) : +1.61846 %, from: mc, onyxia
    aurastone hammer and milli's lexicon (24.3585) : +1.15703 %, from: mc, pre-raid
    aurastone hammer and penelope's rose (24.0492) : +1.04122 %, from: mc, pre-raid (scholo quest)
    aurastone hammer and spellbound tome (23.0926) : +0.683067 %, from: mc, pre-raid
    anathema (22.1729) : +0.33874 %, from: mc
    sorcerous dagger and ancient cornerstone grimoire (22.0304) : +0.285404 %, from: mc, onyxia
    aurastone hammer and thaurissan's royal scepter (21.5814) : +0.117286 %, from: mc, pre-raid
- . - ' - . - ' - . - ' - . - ' - . - ' - . -
ranged, dragon finger of intellect (5.98825) -> :
    lunar wand of the owl (7.01691) : +0.385129 %, from: random green
    oblivion's touch (6.86594) : +0.328605 %, from: pre-raid
    crimson shocker (6.55371) : +0.211708 %, from: mc
    lunar wand of intellect (6.42307) : +0.162794 %, from: random green
- . - ' - . - ' - . - ' - . - ' - . - ' - . -
hands, atal'ai gloves of the owl (13.7505) -> :
    gloves of prophecy (20.1329) : +2.38958 %, from: mc
    hands of the exalted herald (16.5867) : +1.06187 %, from: pre-raid
- . - ' - . - ' - . - ' - . - ' - . - ' - . -
waist, thuzadin sash (12.6361) -> :
    girdle of prophecy (17.3757) : +1.77454 %, from: mc
    whipvine cord (16.2426) : +1.35029 %, from: pre-raid
- . - ' - . - ' - . - ' - . - ' - . - ' - . -
legs, pants of prophecy (29.1693) -> :
    leggings of transcendence (33.1277) : +1.48204 %, from: mc
- . - ' - . - ' - . - ' - . - ' - . - ' - . -
feet, devout sandals (15.6976) -> :
    boots of prophecy (16.5894) : +0.333873 %, from: mc
- . - ' - . - ' - . - ' - . - ' - . - ' - . -
finger, rosewine circle (13.0529) -> :
    cauterizing band (15.3792) : +0.870941 %, from: mc
    band of sulfuras (13.2403) : +0.0701657 %, from: mc
- . - ' - . - ' - . - ' - . - ' - . - ' - . -
finger 2, fordring's seal (10.3866) -> :
    cauterizing band (13.5408) : +1.18091 %, from: mc
    band of sulfuras (11.422) : +0.387642 %, from: mc
    rosewine circle (11.3801) : +0.371943 %, from: pre-raid
    seal of the archmagus (10.5367) : +0.056192 %, from: mc
- . - ' - . - ' - . - ' - . - ' - . - ' - . -
trinket, briarwood reed (4.45978) -> :
    shard of the scale (10.6551) : +2.31951 %, from: onyxia
    royal seal of eldre'thalas (7.81659) : +1.25679 %, from: pre-raid
    mindtap talisman (7.27475) : +1.05392 %, from: pre-raid
- . - ' - . - ' - . - ' - . - ' - . - ' - . -
trinket 2, royal seal of eldre'thalas (11.8337) -> :
    shard of the scale (14.6709) : +1.06224 %, from: onyxia
-- Stat values at start item level: --
Current relative stat values for matching or exceeding +50 pts of sp
int: 225.98
spi: 240.097
sta: 0
agi: 0
mp5: 592.221
sp: 100
sp_shadow: 0
sp_healing: 100
spell crit: 308.653
spell hit: 0
arcane res: 0
nature res: 0
fire res: 0
frost res: 0
shadow res: 0
armor: 0
defense: 0
dodge: 0
parry: 0
------------------
Best value: 333.68
