Your call: ./css 5 -f 0.8 ../items/more_raid.csv 
./css 5 ../items/more_raid.csv 
Shuffle seed: 769222057
Reading tmp locked from: start_with.txt
Locking: anastari heirloom
Locking: animated chain necklace
Locking: argent crusader
Locking: atal'ai gloves of the owl
Locking: banshee finger
Locking: blood of the martyr
Locking: briarwood reed
Locking: burial shawl
Locking: crimson felt hat
Locking: cyclopean band
Locking: devout belt
Locking: devout bracers
Locking: devout crown
Locking: devout mantle
Locking: devout robe
Locking: devout sandals
Locking: devout skirt
Locking: dragon finger of intellect
Locking: dragonslayer's signet
Locking: drakefire amulet
Locking: dreadmist mantle
Locking: dreamweave circlet
Locking: dreamweave gloves
Locking: dreamweave vest
Locking: eye of the beast
Locking: fordring's seal
Locking: grimgore noose
Locking: halo of transcendence
Locking: heart of the fiend
Locking: hide of the wild
Locking: kentic amice
Locking: magister's robes
Locking: maleki's footwraps
Locking: nature's breath
Locking: necropile boots
Locking: necropile cuffs
Locking: necropile mantle
Locking: noxious shooter
Locking: omnicast boots
Locking: orb of the forgotten seer
Locking: padre's trousers
Locking: penelope's rose
Locking: quel'dorai channeling rod
Locking: raincaster drape
Locking: rainstrider leggings
Locking: ring of demonic guile
Locking: ring of demonic guile
Locking: robes of the royal crown
Locking: rod of corrosion
Locking: rosewine circle
Locking: royal seal of eldre'thalas
Locking: royal tribunal cloak
Locking: sarah's guide
Locking: seal of rivendare
Locking: seal of rivendare
Locking: shadowy laced handwraps
Locking: silkweb gloves
Locking: soulstealer mantle
Locking: spellbound tome
Locking: spritecaster cape
Locking: starfire tiara
Locking: the hammer of grace
Locking: the postmaster's treads
Locking: thuzadin sash
Locking: triune amulet
Locking: vinerot sandals
Locking: wolfshear leggings
Locking: pants of prophecy
Optimizing start items...
[Perf] spent in FindBestPveHealingCounts: 0.0489328 s, that's: 100.004 % of total.

*** NEW BEST: 212.811 ***

*** NEW BEST: 224.506 ***

*** NEW BEST: 230.986 ***

*** NEW BEST: 238.975 ***

*** NEW BEST: 251.453 ***

*** NEW BEST: 264.1 ***

*** NEW BEST: 284.238 ***

*** NEW BEST: 292.685 ***

*** NEW BEST: 300.227 ***

*** NEW BEST: 310.524 ***

*** NEW BEST: 312.562 ***

*** NEW BEST: 317.533 ***

*** NEW BEST: 325.044 ***

*** NEW BEST: 337.053 ***

*** NEW BEST: 356.473 ***

*** NEW BEST: 361.936 ***
*
best val: 361.936

*** NEW BEST: 363.116 ***
*
best val: 363.116
*
best val: 363.116
chest : devout robe -> magister's robes => val: 359.327 -> 359.755
shoulders : devout mantle -> burial shawl => val: 359.755 -> 360.486
*
best val: 363.116
*
best val: 363.116

Read starting items and cleared locks.
 ----------------------------
 --- head --- 
name: halo of transcendence
slot: head
intelligence: 27
stamina: 17
spirit: 22
sp_healing: 48
fire_res: 10
frost_res: 10
armor: 94
 ----------------------------
 --- neck --- 
name: animated chain necklace
slot: neck
stamina: 7
spirit: 6
sp_healing: 33
 ----------------------------
 --- shoulders --- 
name: devout mantle
slot: shoulders
intelligence: 21
stamina: 4
spirit: 9
armor: 64
 ----------------------------
 --- back --- 
name: hide of the wild
slot: back
intelligence: 10
stamina: 8
sp_healing: 42
armor: 48
 ----------------------------
 --- chest --- 
name: devout robe
slot: chest
intelligence: 24
stamina: 13
spirit: 15
armor: 89
 ----------------------------
 --- wrists --- 
name: devout bracers
slot: wrists
intelligence: 10
stamina: 7
spirit: 10
armor: 35
 ----------------------------
 --- two-hand --- 
name: quel'dorai channeling rod
slot: two-hand
intelligence: 18
stamina: 8
spirit: 8
mp5: 8
 ----------------------------
 ---  --- 
name: 
slot: 
 ----------------------------
 ---  --- 
name: 
slot: 
 ----------------------------
 ---  --- 
name: 
slot: 
 ----------------------------
 --- ranged --- 
name: dragon finger of intellect
slot: ranged
intelligence: 8
 ----------------------------
 --- hands --- 
name: shadowy laced handwraps
slot: hands
intelligence: 15
mp5: 5
shadow_res: 12
armor: 53
 ----------------------------
 --- waist --- 
name: thuzadin sash
slot: waist
intelligence: 12
stamina: 11
spirit: 11
sp: 11
armor: 49
 ----------------------------
 --- legs --- 
name: pants of prophecy
slot: legs
intelligence: 24
stamina: 18
spirit: 20
sp_healing: 22
mp5: 6
shadow_res: 10
armor: 89
 ----------------------------
 --- feet --- 
name: devout sandals
slot: feet
intelligence: 10
stamina: 9
spirit: 17
armor: 58
 ----------------------------
 --- finger --- 
name: fordring's seal
slot: finger
intelligence: 5
stamina: 4
sp_healing: 37
 ----------------------------
 --- finger --- 
name: rosewine circle
slot: finger
sp_healing: 29
mp5: 5
 ----------------------------
 --- trinket --- 
name: royal seal of eldre'thalas
slot: trinket
sp_healing: 33
mp5: 4
 ----------------------------
 --- trinket --- 
name: briarwood reed
slot: trinket
sp: 29
 ----------------------------
 --- Set bonuses ---
name: devout 2 devout 4 
slot: Set bonuses
sp: 23
armor: 200
 --- And counts for start items ---
For 120 s fights:
    casts: 8, ticks: 9, ticks_oom: 0
    Heal, rank: 2, count: 0
    Heal, rank: 4, count: 4
    Greater Heal, rank: 1, count: 6
    Greater Heal, rank: 4, count: 3
    Flash Heal, rank: 7, count: 0
    Renew, rank: 10, count: 2
    Prayer of Healing, rank: 5, count: 0
    pve info: 0
    hps: 459.531
For 180 s fights:
    casts: 4, ticks: 10, ticks_oom: 0
    Heal, rank: 2, count: 0
    Heal, rank: 4, count: 0
    Greater Heal, rank: 1, count: 3
    Greater Heal, rank: 4, count: 1
    Flash Heal, rank: 7, count: 0
    Renew, rank: 10, count: 1
    Prayer of Healing, rank: 5, count: 0
    pve info: 0
    hps: 388.931
For 240 s fights:
    casts: 6, ticks: 9, ticks_oom: 0
    Heal, rank: 2, count: 0
    Heal, rank: 4, count: 0
    Greater Heal, rank: 1, count: 8
    Greater Heal, rank: 4, count: 2
    Flash Heal, rank: 7, count: 0
    Renew, rank: 10, count: 1
    Prayer of Healing, rank: 5, count: 0
    pve info: 0
    hps: 345.775
For 300 s fights:
    casts: 5, ticks: 10, ticks_oom: 0
    Heal, rank: 2, count: 1
    Heal, rank: 4, count: 1
    Greater Heal, rank: 1, count: 1
    Greater Heal, rank: 4, count: 1
    Flash Heal, rank: 7, count: 0
    Renew, rank: 10, count: 1
    Prayer of Healing, rank: 5, count: 0
    pve info: 0
    hps: 317.887
For 360 s fights:
    casts: 5, ticks: 9, ticks_oom: 0
    Heal, rank: 2, count: 5
    Heal, rank: 4, count: 0
    Greater Heal, rank: 1, count: 7
    Greater Heal, rank: 4, count: 3
    Flash Heal, rank: 7, count: 0
    Renew, rank: 10, count: 3
    Prayer of Healing, rank: 5, count: 0
    pve info: 0
    hps: 303.457
.
*** NEW BEST: 364.511 ***

*** NEW BEST: 365.589 ***

*** NEW BEST: 370.833 ***

*** NEW BEST: 376.001 ***

*** NEW BEST: 383.344 ***

*** NEW BEST: 388.4 ***

*** NEW BEST: 390.994 ***

*** NEW BEST: 393.596 ***

*** NEW BEST: 400.385 ***

*** NEW BEST: 422.986 ***

*** NEW BEST: 429.349 ***
...
*** NEW BEST: 431.182 ***

*** NEW BEST: 432.928 ***
.
*** NEW BEST: 439.04 ***
...
*** NEW BEST: 439.735 ***
..
*** NEW BEST: 440.042 ***
.....
*** NEW BEST: 440.252 ***
..................................................................................
*** NEW BEST: 440.386 ***
....................................................................[Perf] spent in FindBestPveHealingCounts: 19.2069 s, that's: 62.4944 % of total.
.................................Temporary bans and partial set bonuses off.
.legs : pants of prophecy -> leggings of transcendence => val: 434.846 -> 440.386
.......... ----------------------------
 --- head --- 
name: halo of transcendence
slot: head
intelligence: 27
stamina: 17
spirit: 22
sp_healing: 48
fire_res: 10
frost_res: 10
armor: 94
 ----------------------------
 --- neck --- 
name: choker of the fire lord
slot: neck
intelligence: 7
stamina: 7
sp: 34
 ----------------------------
 --- shoulders --- 
name: mantle of prophecy
slot: shoulders
intelligence: 23
stamina: 13
spirit: 10
sp: 9
shadow_res: 7
armor: 76
 ----------------------------
 --- back --- 
name: hide of the wild
slot: back
intelligence: 10
stamina: 8
sp_healing: 42
armor: 48
 ----------------------------
 --- chest --- 
name: truefaith vestments
slot: chest
stamina: 14
sp_healing: 73
mp5: 6
armor: 96
 ----------------------------
 --- wrists --- 
name: vambraces of prophecy
slot: wrists
intelligence: 14
stamina: 8
spirit: 10
sp_healing: 24
mp5: 2
armor: 44
 ----------------------------
 --- two-hand --- 
name: benediction
slot: two-hand
intelligence: 31
stamina: 10
spirit: 12
sp_healing: 106
spell_crit: 2
shadow_res: 20
 ----------------------------
 ---  --- 
name: 
slot: 
 ----------------------------
 ---  --- 
name: 
slot: 
 ----------------------------
 ---  --- 
name: 
slot: 
 ----------------------------
 --- ranged --- 
name: lunar wand of healing
slot: ranged
sp_healing: 20
 ----------------------------
 --- hands --- 
name: gloves of prophecy
slot: hands
intelligence: 15
stamina: 10
spirit: 15
sp_healing: 18
mp5: 6
fire_res: 7
armor: 63
 ----------------------------
 --- waist --- 
name: whipvine cord
slot: waist
intelligence: 8
sp_healing: 31
mp5: 6
armor: 47
 ----------------------------
 --- legs --- 
name: leggings of transcendence
slot: legs
intelligence: 21
stamina: 16
spirit: 21
sp_healing: 46
mp5: 7
arcane_res: 10
shadow_res: 10
armor: 101
 ----------------------------
 --- feet --- 
name: boots of prophecy
slot: feet
intelligence: 18
stamina: 17
spirit: 15
sp_healing: 18
shadow_res: 7
armor: 70
 ----------------------------
 --- finger --- 
name: cauterizing band
slot: finger
intelligence: 12
stamina: 9
sp_healing: 46
 ----------------------------
 --- finger --- 
name: rosewine circle
slot: finger
sp_healing: 29
mp5: 5
 ----------------------------
 --- trinket --- 
name: shard of the scale
slot: trinket
mp5: 16
 ----------------------------
 --- trinket --- 
name: royal seal of eldre'thalas
slot: trinket
sp_healing: 33
mp5: 4
 ----------------------------
 --- Set bonuses ---
name: 
slot: Set bonuses
------------------
Char stats: 
Effective hp: 5886.4
Effective mana: 12427
Raw max mana: 7739.6
Int: 410.667
Stam: 180
Spirit: 235
Strength: 34
Agility: 38
Mp5: 159.2
Sp: 43
Sp shadow: 0
Sp healing: 534
Spell crit: 0.204265
Spell hit: 0
Arcane res: 10
Nature res: 0
Fire res: 17
Frost res: 10
Shadow res: 44
Armor: 2453
Defense: 300
Dodge: 0
Parry: 0
HpsPvp: 981.343
ShadowDps: 212.575
Value pvp healing: 589.428
Value pvp shadow: 27.6575
------------------
Best counts:
For 120 s fights:
    casts: 15, ticks: 9, ticks_oom: 0
    Heal, rank: 2, count: 1
    Heal, rank: 4, count: 1
    Greater Heal, rank: 1, count: 8
    Greater Heal, rank: 4, count: 3
    Flash Heal, rank: 7, count: 0
    Renew, rank: 10, count: 3
    Prayer of Healing, rank: 5, count: 0
    pve info: 0
    hps: 559.965
For 180 s fights:
    casts: 7, ticks: 10, ticks_oom: 0
    Heal, rank: 2, count: 3
    Heal, rank: 4, count: 0
    Greater Heal, rank: 1, count: 2
    Greater Heal, rank: 4, count: 0
    Flash Heal, rank: 7, count: 0
    Renew, rank: 10, count: 1
    Prayer of Healing, rank: 5, count: 0
    pve info: 0
    hps: 466.718
For 240 s fights:
    casts: 8, ticks: 9, ticks_oom: 0
    Heal, rank: 2, count: 2
    Heal, rank: 4, count: 0
    Greater Heal, rank: 1, count: 7
    Greater Heal, rank: 4, count: 1
    Flash Heal, rank: 7, count: 0
    Renew, rank: 10, count: 2
    Prayer of Healing, rank: 5, count: 0
    pve info: 0
    hps: 418.971
For 300 s fights:
    casts: 5, ticks: 7, ticks_oom: 0
    Heal, rank: 2, count: 1
    Heal, rank: 4, count: 1
    Greater Heal, rank: 1, count: 1
    Greater Heal, rank: 4, count: 1
    Flash Heal, rank: 7, count: 0
    Renew, rank: 10, count: 1
    Prayer of Healing, rank: 5, count: 0
    pve info: 0
    hps: 384.404
For 360 s fights:
    casts: 8, ticks: 10, ticks_oom: 0
    Heal, rank: 2, count: 10
    Heal, rank: 4, count: 0
    Greater Heal, rank: 1, count: 6
    Greater Heal, rank: 4, count: 5
    Flash Heal, rank: 7, count: 0
    Renew, rank: 10, count: 4
    Prayer of Healing, rank: 5, count: 0
    pve info: 0
    hps: 371.872
------------------
Current relative stat values for matching or exceeding +50 pts of sp
int: 135.649
spi: 83.6753
sta: 0
agi: 0
mp5: 354.294
sp: 100
sp_shadow: 0
sp_healing: 100
spell crit: 347.665
spell hit: 0
arcane res: 0
nature res: 0
fire res: 0
frost res: 0
shadow res: 0
armor: 0
defense: 0
dodge: 0
parry: 0
------------------
Diffs to start: 
Upgrades: 
quel'dorai channeling rod(18.4062) -> benediction(41.644) : 23.2378 = +5.57063%
briarwood reed(6.08569) -> shard of the scale(19.0529) : 12.9672 = +3.03384%
devout robe(12.4938) -> truefaith vestments(23.4026) : 10.9088 = +2.54003%
devout bracers(6.91623) -> vambraces of prophecy(16.5686) : 9.65234 = +2.24091%
shadowy laced handwraps(13.5722) -> gloves of prophecy(23.0217) : 9.44952 = +2.19279%
devout sandals(8.15869) -> boots of prophecy(15.8526) : 7.69391 = +1.77815%
thuzadin sash(12.0197) -> whipvine cord(17.8026) : 5.78287 = +1.33061%
fordring's seal(10.6001) -> cauterizing band(16.3275) : 5.72745 = +1.31769%
pants of prophecy(28.2598) -> leggings of transcendence(33.8) : 5.54025 = +1.27407%
animated chain necklace(8.24487) -> choker of the fire lord(11.1674) : 2.92252 = +0.66806%
devout mantle(12.2645) -> mantle of prophecy(15.085) : 2.82056 = +0.644603%
dragon finger of intellect(2.35971) -> lunar wand of healing(4.38449) : 2.02478 = +0.461898%
halo of transcendence(29.0272) -> halo of transcendence(29.0272) : 0 = +0%
hide of the wild(14.955) -> hide of the wild(14.955) : 0 = +0%
rosewine circle(13.0454) -> rosewine circle(13.0454) : 0 = +0%
royal seal of eldre'thalas(12.1215) -> royal seal of eldre'thalas(12.1215) : 0 = +0%
- - - - - - - - - - - - - - - - - - - - - - - - - - - - - - - - -
| Upgrades at best in slot level, from start item to candidate: |
. . . . . . . . . . . . . . . . . . . . . . . . . . . . . . . . .
- . - ' - . - ' - . - ' - . - ' - . - ' - . -
head, halo of transcendence (29.0272) -> :
- . - ' - . - ' - . - ' - . - ' - . - ' - . -
neck, animated chain necklace (8.24487) -> :
    choker of the fire lord (11.1674) : +0.66806 %, from: mc
    choker of enlightenment (10.4864) : +0.512397 %, from: mc
- . - ' - . - ' - . - ' - . - ' - . - ' - . -
shoulders, devout mantle (12.2645) -> :
    mantle of prophecy (15.085) : +0.644603 %, from: mc
    soulstealer mantle (12.5423) : +0.063495 %, from: pre-raid
- . - ' - . - ' - . - ' - . - ' - . - ' - . -
back, hide of the wild (14.955) -> :
- . - ' - . - ' - . - ' - . - ' - . - ' - . -
chest, devout robe (12.4938) -> :
    truefaith vestments (23.4026) : +2.54003 %, from: tailoring bop
    robes of the exalted (21.1895) : +2.02471 %, from: pre-raid
    robes of prophecy (18.4844) : +1.39487 %, from: mc
    robe of volatile power (15.5465) : +0.710789 %, from: mc
    mindsurge robe (14.1634) : +0.388756 %, from: pre-raid
    the postmaster's tunic (13.7454) : +0.291428 %, from: pre-raid
    magister's robes (13.2707) : +0.180891 %, from: pre-raid
- . - ' - . - ' - . - ' - . - ' - . - ' - . -
wrists, devout bracers (6.91623) -> :
    vambraces of prophecy (16.5686) : +2.24091 %, from: mc
    flarecore wraps (12.9839) : +1.40867 %, from: tailoring boe
    sublime wristguards (7.64703) : +0.169665 %, from: pre-raid
    wyrmthalak's shackles (7.47296) : +0.129252 %, from: pre-raid
    flameweave cuffs of healing (7.05054) : +0.0311812 %, from: brd
    magister's bindings (7.03033) : +0.0264909 %, from: pre-raid
- . - ' - . - ' - . - ' - . - ' - . - ' - . -
two-hand, quel'dorai channeling rod (18.4062) -> :
    benediction (41.644) : +5.57063 %, from: mc
    staff of dominance (28.5693) : +2.43633 %, from: mc
    aurastone hammer and fire runed grimoire (26.2225) : +1.87374 %, from: mc, mc
    aurastone hammer and milli's lexicon (24.4095) : +1.43914 %, from: mc, pre-raid
    aurastone hammer and ancient cornerstone grimoire (24.2416) : +1.39887 %, from: mc, onyxia
    sorcerous dagger and fire runed grimoire (23.4744) : +1.21496 %, from: mc, mc
    aurastone hammer and thaurissan's royal scepter (23.2666) : +1.16514 %, from: mc, pre-raid
    aurastone hammer and penelope's rose (23.1844) : +1.14543 %, from: mc, pre-raid (scholo quest)
    aurastone hammer and brightly glowing stone (23.1674) : +1.14138 %, from: mc, pre-raid
    aurastone hammer and spellbound tome (23.1179) : +1.1295 %, from: mc, pre-raid
    aurastone hammer and globe of d'sak (22.3818) : +0.953032 %, from: mc, pre-raid
    sorcerous dagger and milli's lexicon (21.5105) : +0.74416 %, from: mc, pre-raid
    sorcerous dagger and ancient cornerstone grimoire (21.2794) : +0.688772 %, from: mc, onyxia
    sorcerous dagger and spellbound tome (20.3777) : +0.472613 %, from: mc, pre-raid
    sorcerous dagger and thaurissan's royal scepter (20.3702) : +0.470806 %, from: mc, pre-raid
    anathema (19.9609) : +0.372687 %, from: mc
    sorcerous dagger and globe of d'sak (19.5799) : +0.281357 %, from: mc, pre-raid
    sorcerous dagger and brightly glowing stone (19.4658) : +0.254003 %, from: mc, pre-raid
    lorespinner and fire runed grimoire (19.0951) : +0.165139 %, from: pre-raid, mc
    sorcerous dagger and penelope's rose (18.6469) : +0.0577068 %, from: mc, pre-raid (scholo quest)
- . - ' - . - ' - . - ' - . - ' - . - ' - . -
ranged, dragon finger of intellect (2.35971) -> :
    lunar wand of healing (4.38449) : +0.461898 %, from: random green
    bonecreeper stylus (3.44711) : +0.248061 %, from: pre-raid
    oblivion's touch (3.08273) : +0.164938 %, from: pre-raid
    mana channeling wand (3.03207) : +0.153381 %, from: pre-raid
    crimson shocker (2.87558) : +0.117681 %, from: mc
    lunar wand of the owl (2.8504) : +0.111938 %, from: random green
    lunar wand of intellect (2.56665) : +0.0472076 %, from: random green
- . - ' - . - ' - . - ' - . - ' - . - ' - . -
hands, shadowy laced handwraps (13.5722) -> :
    gloves of prophecy (23.0217) : +2.19279 %, from: mc
    hands of the exalted herald (16.5421) : +0.689169 %, from: pre-raid
- . - ' - . - ' - . - ' - . - ' - . - ' - . -
waist, thuzadin sash (12.0197) -> :
    whipvine cord (17.8026) : +1.33061 %, from: pre-raid
    girdle of prophecy (17.401) : +1.23822 %, from: mc
    mana igniting cord (14.8769) : +0.657423 %, from: mc
- . - ' - . - ' - . - ' - . - ' - . - ' - . -
legs, pants of prophecy (28.2598) -> :
    leggings of transcendence (33.8) : +1.27407 %, from: mc
- . - ' - . - ' - . - ' - . - ' - . - ' - . -
feet, devout sandals (8.15869) -> :
    boots of prophecy (15.8526) : +1.77815 %, from: mc
    boots of the full moon (11.7346) : +0.826423 %, from: pre-raid
    dragonrider boots (10.4838) : +0.537358 %, from: pre-raid
    wolfrunner shoes (9.10953) : +0.219749 %, from: pre-raid
    the postmaster's treads (8.8504) : +0.159862 %, from: pre-raid
- . - ' - . - ' - . - ' - . - ' - . - ' - . -
finger, fordring's seal (10.6001) -> :
    cauterizing band (16.3275) : +1.31769 %, from: mc
    band of sulfuras (11.281) : +0.156661 %, from: mc
    rosewine circle (11.2255) : +0.143889 %, from: pre-raid
- . - ' - . - ' - . - ' - . - ' - . - ' - . -
finger 2, rosewine circle (13.0454) -> :
    cauterizing band (16.3828) : +0.757843 %, from: mc
- . - ' - . - ' - . - ' - . - ' - . - ' - . -
trinket, royal seal of eldre'thalas (11.738) -> :
    shard of the scale (19.0529) : +1.68908 %, from: onyxia
    mindtap talisman (12.2714) : +0.123178 %, from: pre-raid
- . - ' - . - ' - . - ' - . - ' - . - ' - . -
trinket 2, briarwood reed (6.29868) -> :
    shard of the scale (13.9886) : +1.76957 %, from: onyxia
    royal seal of eldre'thalas (12.1215) : +1.33992 %, from: pre-raid
    mindtap talisman (10.1021) : +0.875225 %, from: pre-raid
------------------
- - - - - - - - - - - - - - - - - - - - - - - - - - - - - -
| Upgrades at start level, from start item to candidate:  |
. . . . . . . . . . . . . . . . . . . . . . . . . . . . . .
- . - ' - . - ' - . - ' - . - ' - . - ' - . -
head, halo of transcendence (20.8386) -> :
- . - ' - . - ' - . - ' - . - ' - . - ' - . -
neck, animated chain necklace (7.33813) -> :
    choker of the fire lord (8.23425) : +0.246786 %, from: mc
    choker of enlightenment (7.99997) : +0.182265 %, from: mc
- . - ' - . - ' - . - ' - . - ' - . - ' - . -
shoulders, devout mantle (11.8036) -> :
- . - ' - . - ' - . - ' - . - ' - . - ' - . -
back, hide of the wild (10.6383) -> :
- . - ' - . - ' - . - ' - . - ' - . - ' - . -
chest, devout robe (13.8539) -> :
    truefaith vestments (18.0072) : +1.14377 %, from: tailoring bop
    robes of the exalted (16.2744) : +0.666575 %, from: pre-raid
    robes of prophecy (14.7997) : +0.260468 %, from: mc
- . - ' - . - ' - . - ' - . - ' - . - ' - . -
wrists, devout bracers (8.89575) -> :
    vambraces of prophecy (11.5626) : +0.734432 %, from: mc
- . - ' - . - ' - . - ' - . - ' - . - ' - . -
two-hand, quel'dorai channeling rod (12.5453) -> :
    benediction (32.0662) : +5.37595 %, from: mc
    staff of dominance (21.1022) : +2.35651 %, from: mc
    aurastone hammer and fire runed grimoire (19.0035) : +1.77856 %, from: mc, mc
    aurastone hammer and thaurissan's royal scepter (18.6948) : +1.69355 %, from: mc, pre-raid
    aurastone hammer and brightly glowing stone (17.9568) : +1.4903 %, from: mc, pre-raid
    aurastone hammer and milli's lexicon (17.6052) : +1.39346 %, from: mc, pre-raid
    aurastone hammer and ancient cornerstone grimoire (17.5327) : +1.37351 %, from: mc, onyxia
    aurastone hammer and penelope's rose (16.4508) : +1.07555 %, from: mc, pre-raid (scholo quest)
    aurastone hammer and spellbound tome (16.4448) : +1.07391 %, from: mc, pre-raid
    sorcerous dagger and fire runed grimoire (16.3377) : +1.04442 %, from: mc, mc
    sorcerous dagger and thaurissan's royal scepter (16.1009) : +0.9792 %, from: mc, pre-raid
    aurastone hammer and globe of d'sak (15.6636) : +0.858757 %, from: mc, pre-raid
    sorcerous dagger and brightly glowing stone (15.3599) : +0.775117 %, from: mc, pre-raid
    sorcerous dagger and ancient cornerstone grimoire (14.7993) : +0.620754 %, from: mc, onyxia
    sorcerous dagger and milli's lexicon (14.7985) : +0.62051 %, from: mc, pre-raid
    sorcerous dagger and spellbound tome (13.7722) : +0.337889 %, from: mc, pre-raid
    the hammer of grace and fire runed grimoire (13.7049) : +0.319349 %, from: pre-raid, mc
    anathema (13.6737) : +0.31076 %, from: mc
    sorcerous dagger and penelope's rose (13.6602) : +0.307045 %, from: mc, pre-raid (scholo quest)
    the hammer of grace and thaurissan's royal scepter (13.3676) : +0.226455 %, from: pre-raid, pre-raid
    aurastone hammer and orb of the forgotten seer (13.3451) : +0.220261 %, from: mc, pre-raid
    sorcerous dagger and globe of d'sak (12.8596) : +0.0865481 %, from: mc, pre-raid
    witchblade and fire runed grimoire (12.8241) : +0.0767906 %, from: pre-raid, mc
    lorespinner and fire runed grimoire (12.6693) : +0.0341553 %, from: pre-raid, mc
- . - ' - . - ' - . - ' - . - ' - . - ' - . -
ranged, dragon finger of intellect (2.21472) -> :
    lunar wand of healing (3.71936) : +0.414368 %, from: random green
    bonecreeper stylus (3.07654) : +0.237339 %, from: pre-raid
    oblivion's touch (2.92273) : +0.194981 %, from: pre-raid
    mana channeling wand (2.90204) : +0.189283 %, from: pre-raid
    crimson shocker (2.69165) : +0.131343 %, from: mc
    lunar wand of the owl (2.69061) : +0.131058 %, from: random green
    lunar wand of intellect (2.37262) : +0.0434841 %, from: random green
- . - ' - . - ' - . - ' - . - ' - . - ' - . -
hands, shadowy laced handwraps (7.78799) -> :
    gloves of prophecy (14.6651) : +1.89391 %, from: mc
    hands of the exalted herald (12.0598) : +1.17643 %, from: pre-raid
    atal'ai hands of healing (9.73987) : +0.537534 %, from: sunken temple
    high councillor's gloves of healing (8.45334) : +0.183232 %, from: random green
    atal'ai gloves of the owl (7.84323) : +0.0152119 %, from: pre-raid
    hands of power (7.82059) : +0.00897585 %, from: pre-raid
- . - ' - . - ' - . - ' - . - ' - . - ' - . -
waist, thuzadin sash (7.48547) -> :
    girdle of prophecy (12.4117) : +1.35666 %, from: mc
    whipvine cord (12.256) : +1.31378 %, from: pre-raid
    mana igniting cord (9.62842) : +0.590154 %, from: mc
- . - ' - . - ' - . - ' - . - ' - . - ' - . -
legs, pants of prophecy (19.7657) -> :
    leggings of transcendence (24.4086) : +1.27865 %, from: mc
- . - ' - . - ' - . - ' - . - ' - . - ' - . -
feet, devout sandals (10.3482) -> :
    boots of prophecy (11.0696) : +0.198679 %, from: mc
- . - ' - . - ' - . - ' - . - ' - . - ' - . -
finger, fordring's seal (8.31168) -> :
    cauterizing band (11.8969) : +0.987361 %, from: mc
    rosewine circle (9.01172) : +0.192788 %, from: pre-raid
- . - ' - . - ' - . - ' - . - ' - . - ' - . -
finger 2, rosewine circle (8.96973) -> :
    cauterizing band (11.7202) : +0.757468 %, from: mc
- . - ' - . - ' - . - ' - . - ' - . - ' - . -
trinket, royal seal of eldre'thalas (8.95901) -> :
    shard of the scale (10.8965) : +0.533584 %, from: onyxia
- . - ' - . - ' - . - ' - . - ' - . - ' - . -
trinket 2, briarwood reed (5.41858) -> :
    shard of the scale (10.3623) : +1.36148 %, from: onyxia
    royal seal of eldre'thalas (8.97098) : +0.978309 %, from: pre-raid
    mindtap talisman (7.59485) : +0.599331 %, from: pre-raid
-- Stat values at start item level: --
Current relative stat values for matching or exceeding +50 pts of sp
int: 196.877
spi: 147.76
sta: 0
agi: 0
mp5: 540.413
sp: 100
sp_shadow: 0
sp_healing: 100
spell crit: 301.674
spell hit: 0
arcane res: 0
nature res: 0
fire res: 0
frost res: 0
shadow res: 0
armor: 0
defense: 0
dodge: 0
parry: 0
------------------
Best value: 440.386
