Your call: ./css 5 ../items/more_raid.csv -b 0.2 -r 0.1 
Found: -b, val: 0.2
./css 5 ../items/more_raid.csv -r 0.1 
Found: -r, val: 0.1
./css 5 ../items/more_raid.csv 
Shuffle seed: 2559462414
Reading tmp locked from: start_with.txt
Locking: anastari heirloom
Locking: animated chain necklace
Locking: argent crusader
Locking: atal'ai gloves of the owl
Locking: banshee finger
Locking: blood of the martyr
Locking: briarwood reed
Locking: burial shawl
Locking: crimson felt hat
Locking: cyclopean band
Locking: devout belt
Locking: devout bracers
Locking: devout crown
Locking: devout mantle
Locking: devout robe
Locking: devout sandals
Locking: devout skirt
Locking: dragon finger of intellect
Locking: dragonslayer's signet
Locking: drakefire amulet
Locking: dreadmist mantle
Locking: dreamweave circlet
Locking: dreamweave gloves
Locking: dreamweave vest
Locking: eye of the beast
Locking: fordring's seal
Locking: grimgore noose
Locking: halo of transcendence
Locking: heart of the fiend
Locking: hide of the wild
Locking: kentic amice
Locking: magister's robes
Locking: maleki's footwraps
Locking: nature's breath
Locking: necropile boots
Locking: necropile cuffs
Locking: necropile mantle
Locking: noxious shooter
Locking: omnicast boots
Locking: orb of the forgotten seer
Locking: padre's trousers
Locking: penelope's rose
Locking: quel'dorai channeling rod
Locking: raincaster drape
Locking: rainstrider leggings
Locking: ring of demonic guile
Locking: ring of demonic guile
Locking: robes of the royal crown
Locking: rod of corrosion
Locking: rosewine circle
Locking: royal seal of eldre'thalas
Locking: royal tribunal cloak
Locking: sarah's guide
Locking: seal of rivendare
Locking: seal of rivendare
Locking: shadowy laced handwraps
Locking: silkweb gloves
Locking: soulstealer mantle
Locking: spellbound tome
Locking: spritecaster cape
Locking: starfire tiara
Locking: the hammer of grace
Locking: the postmaster's treads
Locking: thuzadin sash
Locking: triune amulet
Locking: vinerot sandals
Locking: wolfshear leggings
Locking: pants of prophecy
Locking: clutch of andros
Locking: star of mystaria
Optimizing start items...
[Perf] spent in FindBestPveHealingCounts: 0.00675754 s, that's: 100.004 % of total.

*** NEW BEST: 89.5967 ***

*** NEW BEST: 97.5115 ***

*** NEW BEST: 104.595 ***

*** NEW BEST: 109.062 ***

*** NEW BEST: 120.006 ***

*** NEW BEST: 124.818 ***

*** NEW BEST: 142.432 ***

*** NEW BEST: 151.215 ***

*** NEW BEST: 171.041 ***

*** NEW BEST: 175.989 ***

*** NEW BEST: 182.829 ***

*** NEW BEST: 192.364 ***

*** NEW BEST: 201.811 ***

*** NEW BEST: 216.084 ***

*** NEW BEST: 226.207 ***

*** NEW BEST: 234.52 ***
*
best val: 234.52

*** NEW BEST: 234.771 ***
*
best val: 234.771

*** NEW BEST: 235.378 ***
*
best val: 235.378
chest : devout robe -> magister's robes => val: 232.448 -> 233.3

*** NEW BEST: 233.3 ***
shoulders : devout mantle -> burial shawl => val: 233.3 -> 235.199

*** NEW BEST: 235.199 ***
wrists : devout bracers -> necropile cuffs => val: 235.199 -> 235.562

*** NEW BEST: 235.562 ***
*
best val: 235.562
*
best val: 235.562

Read starting items and cleared locks.
 ----------------------------
 --- head --- 
name: halo of transcendence
slot: head
intelligence: 27
stamina: 17
spirit: 22
sp_healing: 48
fire_res: 10
frost_res: 10
armor: 94
 ----------------------------
 --- neck --- 
name: animated chain necklace
slot: neck
stamina: 7
spirit: 6
sp_healing: 33
 ----------------------------
 --- shoulders --- 
name: burial shawl
slot: shoulders
intelligence: 16
sp: 20
armor: 65
 ----------------------------
 --- back --- 
name: hide of the wild
slot: back
intelligence: 10
stamina: 8
sp_healing: 42
armor: 48
 ----------------------------
 --- chest --- 
name: magister's robes
slot: chest
intelligence: 31
stamina: 9
spirit: 8
armor: 89
 ----------------------------
 --- wrists --- 
name: necropile cuffs
slot: wrists
intelligence: 11
stamina: 12
spirit: 7
armor: 38
 ----------------------------
 --- two-hand --- 
name: quel'dorai channeling rod
slot: two-hand
intelligence: 18
stamina: 8
spirit: 8
mp5: 8
 ----------------------------
 ---  --- 
name: 
slot: 
 ----------------------------
 ---  --- 
name: 
slot: 
 ----------------------------
 ---  --- 
name: 
slot: 
 ----------------------------
 --- ranged --- 
name: dragon finger of intellect
slot: ranged
intelligence: 8
 ----------------------------
 --- hands --- 
name: shadowy laced handwraps
slot: hands
intelligence: 15
mp5: 5
shadow_res: 12
armor: 53
 ----------------------------
 --- waist --- 
name: thuzadin sash
slot: waist
intelligence: 12
stamina: 11
spirit: 11
sp: 11
armor: 49
 ----------------------------
 --- legs --- 
name: pants of prophecy
slot: legs
intelligence: 24
stamina: 18
spirit: 20
sp_healing: 22
mp5: 6
shadow_res: 10
armor: 89
 ----------------------------
 --- feet --- 
name: omnicast boots
slot: feet
intelligence: 9
stamina: 6
sp_healing: 22
armor: 58
 ----------------------------
 --- finger --- 
name: ring of demonic guile
slot: finger
intelligence: 10
mp5: 6
 ----------------------------
 --- finger --- 
name: rosewine circle
slot: finger
sp_healing: 29
mp5: 5
 ----------------------------
 --- trinket --- 
name: briarwood reed
slot: trinket
sp: 29
 ----------------------------
 --- trinket --- 
name: royal seal of eldre'thalas
slot: trinket
sp_healing: 33
mp5: 4
 ----------------------------
 --- Set bonuses ---
name: 
slot: Set bonuses
 --- And counts for start items ---
For 120 s fights:
    casts: 5, ticks: 3, ticks_oom: 0
    Heal, rank: 2, count: 7
    Heal, rank: 4, count: 0
    Greater Heal, rank: 1, count: 5
    Greater Heal, rank: 4, count: 0
    Flash Heal, rank: 7, count: 0
    Renew, rank: 10, count: 0
    Prayer of Healing, rank: 5, count: 0
    pve info: 1
    hps: 342.062
For 180 s fights:
    casts: 5, ticks: 3, ticks_oom: 0
    Heal, rank: 2, count: 9
    Heal, rank: 4, count: 0
    Greater Heal, rank: 1, count: 0
    Greater Heal, rank: 4, count: 0
    Flash Heal, rank: 7, count: 0
    Renew, rank: 10, count: 0
    Prayer of Healing, rank: 5, count: 0
    pve info: 1
    hps: 263.991
For 240 s fights:
    casts: 5, ticks: 3, ticks_oom: 2
    Heal, rank: 2, count: 10
    Heal, rank: 4, count: 0
    Greater Heal, rank: 1, count: 0
    Greater Heal, rank: 4, count: 0
    Flash Heal, rank: 7, count: 0
    Renew, rank: 10, count: 0
    Prayer of Healing, rank: 5, count: 0
    pve info: 0.968796
    hps: 215.301
For 300 s fights:
    casts: 5, ticks: 3, ticks_oom: 0
    Heal, rank: 2, count: 14
    Heal, rank: 4, count: 0
    Greater Heal, rank: 1, count: 0
    Greater Heal, rank: 4, count: 0
    Flash Heal, rank: 7, count: 0
    Renew, rank: 10, count: 0
    Prayer of Healing, rank: 5, count: 0
    pve info: 0.938815
    hps: 186.805
For 360 s fights:
    casts: 3, ticks: 3, ticks_oom: 0
    Heal, rank: 2, count: 8
    Heal, rank: 4, count: 0
    Greater Heal, rank: 1, count: 0
    Greater Heal, rank: 4, count: 0
    Flash Heal, rank: 7, count: 0
    Renew, rank: 10, count: 0
    Prayer of Healing, rank: 5, count: 0
    pve info: 0.935222
    hps: 169.651
.
*** NEW BEST: 239.64 ***

*** NEW BEST: 246.515 ***

*** NEW BEST: 249.853 ***

*** NEW BEST: 271.724 ***

*** NEW BEST: 275.147 ***

*** NEW BEST: 282.486 ***

*** NEW BEST: 283.85 ***

*** NEW BEST: 284.869 ***

*** NEW BEST: 290.812 ***

*** NEW BEST: 292.137 ***

*** NEW BEST: 298.135 ***

*** NEW BEST: 303.679 ***
.
*** NEW BEST: 306.437 ***

*** NEW BEST: 311.045 ***
..
*** NEW BEST: 318.78 ***
...........................................Temporary bans and partial set bonuses off.
.finger : band of sulfuras -> rosewine circle => val: 306.623 -> 306.692
ranged : oblivion's touch -> mana channeling wand => val: 306.692 -> 306.705
head : circlet of prophecy -> halo of transcendence => val: 306.705 -> 315.28

*** NEW BEST: 315.302 ***
Current relative stat values for matching or exceeding +50 pts of sp
int: 186.698
spi: 74.465
sta: 0
agi: 0
mp5: 494.114
sp: 100
sp_shadow: 0
sp_healing: 100
spell crit: 270.841
spell hit: 0
arcane res: 0
nature res: 0
fire res: 0
frost res: 0
shadow res: 0
armor: 0
defense: 0
dodge: 0
parry: 0
.......***** INTERMEDIATE RESULTS *****
Iteration: 55
 ----------------------------
 --- head --- 
name: halo of transcendence
slot: head
intelligence: 27
stamina: 17
spirit: 22
sp_healing: 48
fire_res: 10
frost_res: 10
armor: 94
 ----------------------------
 --- neck --- 
name: choker of the fire lord
slot: neck
intelligence: 7
stamina: 7
sp: 34
 ----------------------------
 --- shoulders --- 
name: mantle of prophecy
slot: shoulders
intelligence: 23
stamina: 13
spirit: 10
sp: 9
shadow_res: 7
armor: 76
 ----------------------------
 --- back --- 
name: hide of the wild
slot: back
intelligence: 10
stamina: 8
sp_healing: 42
armor: 48
 ----------------------------
 --- chest --- 
name: truefaith vestments
slot: chest
stamina: 14
sp_healing: 73
mp5: 6
armor: 96
 ----------------------------
 --- wrists --- 
name: vambraces of prophecy
slot: wrists
intelligence: 14
stamina: 8
spirit: 10
sp_healing: 24
mp5: 2
armor: 44
 ----------------------------
 --- two-hand --- 
name: benediction
slot: two-hand
intelligence: 31
stamina: 10
spirit: 12
sp_healing: 106
spell_crit: 2
shadow_res: 20
 ----------------------------
 ---  --- 
name: 
slot: 
 ----------------------------
 ---  --- 
name: 
slot: 
 ----------------------------
 ---  --- 
name: 
slot: 
 ----------------------------
 --- ranged --- 
name: mana channeling wand
slot: ranged
mp5: 4
 ----------------------------
 --- hands --- 
name: gloves of prophecy
slot: hands
intelligence: 15
stamina: 10
spirit: 15
sp_healing: 18
mp5: 6
fire_res: 7
armor: 63
 ----------------------------
 --- waist --- 
name: girdle of prophecy
slot: waist
intelligence: 22
stamina: 10
spirit: 10
sp: 9
mp5: 4
fire_res: 7
armor: 57
 ----------------------------
 --- legs --- 
name: leggings of transcendence
slot: legs
intelligence: 21
stamina: 16
spirit: 21
sp_healing: 46
mp5: 7
arcane_res: 10
shadow_res: 10
armor: 101
 ----------------------------
 --- feet --- 
name: boots of prophecy
slot: feet
intelligence: 18
stamina: 17
spirit: 15
sp_healing: 18
shadow_res: 7
armor: 70
 ----------------------------
 --- finger --- 
name: rosewine circle
slot: finger
sp_healing: 29
mp5: 5
 ----------------------------
 --- finger --- 
name: cauterizing band
slot: finger
intelligence: 12
stamina: 9
sp_healing: 46
 ----------------------------
 --- trinket --- 
name: mindtap talisman
slot: trinket
mp5: 11
 ----------------------------
 --- trinket --- 
name: shard of the scale
slot: trinket
mp5: 16
 ----------------------------
 --- Set bonuses ---
name: 
slot: Set bonuses
------------------
Best value: 315.302
------------------
Char stats: 
Effective hp: 5971.4
Effective mana: 10061.7
Raw max mana: 6749.6
Int: 344.667
Stam: 190
Spirit: 245
Strength: 34
Agility: 38
Mp5: 87.8
Sp: 52
Sp shadow: 0
Sp healing: 450
Spell crit: 1.55107
Spell hit: 0
Arcane res: 10
Nature res: 0
Fire res: 24
Frost res: 10
Shadow res: 44
Armor: 2463
Defense: 300
Dodge: 0
Parry: 0
HpsPvp: 956.102
ShadowDps: 213.756
Value pvp healing: 468.476
Value pvp shadow: 23.4162
------------------
Best counts:
For 120 s fights:
    casts: 5, ticks: 3, ticks_oom: 0
    Heal, rank: 2, count: 4
    Heal, rank: 4, count: 0
    Greater Heal, rank: 1, count: 12
    Greater Heal, rank: 4, count: 0
    Flash Heal, rank: 7, count: 0
    Renew, rank: 10, count: 0
    Prayer of Healing, rank: 5, count: 0
    pve info: 0.993416
    hps: 416.057
For 180 s fights:
    casts: 12, ticks: 4, ticks_oom: 0
    Heal, rank: 2, count: 20
    Heal, rank: 4, count: 0
    Greater Heal, rank: 1, count: 0
    Greater Heal, rank: 4, count: 0
    Flash Heal, rank: 7, count: 0
    Renew, rank: 10, count: 0
    Prayer of Healing, rank: 5, count: 0
    pve info: 0.997784
    hps: 357.084
For 240 s fights:
    casts: 4, ticks: 3, ticks_oom: 0
    Heal, rank: 2, count: 20
    Heal, rank: 4, count: 0
    Greater Heal, rank: 1, count: 0
    Greater Heal, rank: 4, count: 0
    Flash Heal, rank: 7, count: 0
    Renew, rank: 10, count: 0
    Prayer of Healing, rank: 5, count: 0
    pve info: 0.983817
    hps: 294.489
For 300 s fights:
    casts: 4, ticks: 3, ticks_oom: 2
    Heal, rank: 2, count: 35
    Heal, rank: 4, count: 0
    Greater Heal, rank: 1, count: 0
    Greater Heal, rank: 4, count: 0
    Flash Heal, rank: 7, count: 0
    Renew, rank: 10, count: 0
    Prayer of Healing, rank: 5, count: 0
    pve info: 0.979173
    hps: 267.066
For 360 s fights:
    casts: 3, ticks: 3, ticks_oom: 0
    Heal, rank: 2, count: 28
    Heal, rank: 4, count: 0
    Greater Heal, rank: 1, count: 4
    Greater Heal, rank: 4, count: 0
    Flash Heal, rank: 7, count: 0
    Renew, rank: 10, count: 0
    Prayer of Healing, rank: 5, count: 0
    pve info: 0.956155
    hps: 241.814
------------------
Upgrades: 
quel'dorai channeling rod(16.6111) -> benediction(39.7421) : 23.131 = +7.91696%
necropile cuffs(4.71408) -> vambraces of prophecy(15.0933) : 10.3792 = +3.40389%
magister's robes(15.5307) -> truefaith vestments(24.4186) : 8.88785 = +2.9006%
thuzadin sash(9.48633) -> girdle of prophecy(18.3079) : 8.82153 = +2.87834%
royal seal of eldre'thalas(11.8491) -> shard of the scale(19.7875) : 7.93842 = +2.58275%
shadowy laced handwraps(13.4862) -> gloves of prophecy(20.7543) : 7.26807 = +2.3595%
briarwood reed(6.32944) -> mindtap talisman(13.5237) : 7.19431 = +2.335%
omnicast boots(7.32257) -> boots of prophecy(13.8997) : 6.57715 = +2.13043%
ring of demonic guile(10.8266) -> cauterizing band(16.5856) : 5.75906 = +1.86051%
pants of prophecy(25.1088) -> leggings of transcendence(30.8054) : 5.69659 = +1.83995%
burial shawl(11.2205) -> mantle of prophecy(14.111) : 2.89056 = +0.925243%
animated chain necklace(9.25699) -> choker of the fire lord(11.5969) : 2.33987 = +0.747655%
dragon finger of intellect(4.46338) -> mana channeling wand(5.25568) : 0.792297 = +0.251915%
halo of transcendence(26.4873) -> halo of transcendence(26.4873) : 0 = +0%
hide of the wild(14.5686) -> hide of the wild(14.5686) : 0 = +0%
rosewine circle(13.4458) -> rosewine circle(13.4458) : 0 = +0%
------------------
~~~~ end of intermediate results ~~~~
Temporary bans and partial set bonuses on.
............
*** NEW BEST: 316.067 ***
Current relative stat values for matching or exceeding +50 pts of sp
int: 137.933
spi: 57.0767
sta: 0
agi: 0
mp5: 390.121
sp: 100
sp_shadow: 0
sp_healing: 100
spell crit: 269.248
spell hit: 0
arcane res: 0
nature res: 0
fire res: 0
frost res: 0
shadow res: 0
armor: 0
defense: 0
dodge: 0
parry: 0
.....
*** NEW BEST: 316.105 ***
Current relative stat values for matching or exceeding +50 pts of sp
int: 143.351
spi: 62.0065
sta: 0
agi: 0
mp5: 413.883
sp: 100
sp_shadow: 0
sp_healing: 100
spell crit: 268.62
spell hit: 0
arcane res: 0
nature res: 0
fire res: 0
frost res: 0
shadow res: 0
armor: 0
defense: 0
dodge: 0
parry: 0
................Temporary bans and partial set bonuses off.
.chest : robes of the exalted -> truefaith vestments => val: 311.85 -> 316.152

*** NEW BEST: 316.232 ***
Current relative stat values for matching or exceeding +50 pts of sp
int: 183.82
spi: 74.7078
sta: 0
agi: 0
mp5: 500.932
sp: 100
sp_shadow: 0
sp_healing: 100
spell crit: 273.763
spell hit: 0
arcane res: 0
nature res: 0
fire res: 0
frost res: 0
shadow res: 0
armor: 0
defense: 0
dodge: 0
parry: 0
........***** INTERMEDIATE RESULTS *****
Iteration: 97
 ----------------------------
 --- head --- 
name: halo of transcendence
slot: head
intelligence: 27
stamina: 17
spirit: 22
sp_healing: 48
fire_res: 10
frost_res: 10
armor: 94
 ----------------------------
 --- neck --- 
name: choker of the fire lord
slot: neck
intelligence: 7
stamina: 7
sp: 34
 ----------------------------
 --- shoulders --- 
name: mantle of prophecy
slot: shoulders
intelligence: 23
stamina: 13
spirit: 10
sp: 9
shadow_res: 7
armor: 76
 ----------------------------
 --- back --- 
name: hide of the wild
slot: back
intelligence: 10
stamina: 8
sp_healing: 42
armor: 48
 ----------------------------
 --- chest --- 
name: truefaith vestments
slot: chest
stamina: 14
sp_healing: 73
mp5: 6
armor: 96
 ----------------------------
 --- wrists --- 
name: vambraces of prophecy
slot: wrists
intelligence: 14
stamina: 8
spirit: 10
sp_healing: 24
mp5: 2
armor: 44
 ----------------------------
 --- two-hand --- 
name: benediction
slot: two-hand
intelligence: 31
stamina: 10
spirit: 12
sp_healing: 106
spell_crit: 2
shadow_res: 20
 ----------------------------
 ---  --- 
name: 
slot: 
 ----------------------------
 ---  --- 
name: 
slot: 
 ----------------------------
 ---  --- 
name: 
slot: 
 ----------------------------
 --- ranged --- 
name: lunar wand of healing
slot: ranged
sp_healing: 20
 ----------------------------
 --- hands --- 
name: gloves of prophecy
slot: hands
intelligence: 15
stamina: 10
spirit: 15
sp_healing: 18
mp5: 6
fire_res: 7
armor: 63
 ----------------------------
 --- waist --- 
name: girdle of prophecy
slot: waist
intelligence: 22
stamina: 10
spirit: 10
sp: 9
mp5: 4
fire_res: 7
armor: 57
 ----------------------------
 --- legs --- 
name: leggings of transcendence
slot: legs
intelligence: 21
stamina: 16
spirit: 21
sp_healing: 46
mp5: 7
arcane_res: 10
shadow_res: 10
armor: 101
 ----------------------------
 --- feet --- 
name: boots of prophecy
slot: feet
intelligence: 18
stamina: 17
spirit: 15
sp_healing: 18
shadow_res: 7
armor: 70
 ----------------------------
 --- finger --- 
name: rosewine circle
slot: finger
sp_healing: 29
mp5: 5
 ----------------------------
 --- finger --- 
name: cauterizing band
slot: finger
intelligence: 12
stamina: 9
sp_healing: 46
 ----------------------------
 --- trinket --- 
name: mindtap talisman
slot: trinket
mp5: 11
 ----------------------------
 --- trinket --- 
name: shard of the scale
slot: trinket
mp5: 16
 ----------------------------
 --- Set bonuses ---
name: 
slot: Set bonuses
------------------
Best value: 316.232
------------------
Char stats: 
Effective hp: 5975.4
Effective mana: 9981.73
Raw max mana: 6749.6
Int: 344.667
Stam: 190
Spirit: 245
Strength: 34
Agility: 38
Mp5: 83.8
Sp: 52
Sp shadow: 0
Sp healing: 470
Spell crit: 1.55107
Spell hit: 0
Arcane res: 10
Nature res: 0
Fire res: 24
Frost res: 10
Shadow res: 44
Armor: 2463
Defense: 300
Dodge: 0
Parry: 0
HpsPvp: 962.947
ShadowDps: 213.756
Value pvp healing: 472.061
Value pvp shadow: 23.2612
------------------
Best counts:
For 120 s fights:
    casts: 5, ticks: 3, ticks_oom: 0
    Heal, rank: 2, count: 5
    Heal, rank: 4, count: 0
    Greater Heal, rank: 1, count: 13
    Greater Heal, rank: 4, count: 0
    Flash Heal, rank: 7, count: 0
    Renew, rank: 10, count: 0
    Prayer of Healing, rank: 5, count: 0
    pve info: 0.993416
    hps: 417.421
For 180 s fights:
    casts: 12, ticks: 4, ticks_oom: 0
    Heal, rank: 2, count: 22
    Heal, rank: 4, count: 0
    Greater Heal, rank: 1, count: 0
    Greater Heal, rank: 4, count: 0
    Flash Heal, rank: 7, count: 0
    Renew, rank: 10, count: 0
    Prayer of Healing, rank: 5, count: 0
    pve info: 0.995556
    hps: 358.312
For 240 s fights:
    casts: 4, ticks: 3, ticks_oom: 0
    Heal, rank: 2, count: 22
    Heal, rank: 4, count: 0
    Greater Heal, rank: 1, count: 0
    Greater Heal, rank: 4, count: 0
    Flash Heal, rank: 7, count: 0
    Renew, rank: 10, count: 0
    Prayer of Healing, rank: 5, count: 0
    pve info: 0.983817
    hps: 296.18
For 300 s fights:
    casts: 4, ticks: 3, ticks_oom: 2
    Heal, rank: 2, count: 44
    Heal, rank: 4, count: 0
    Greater Heal, rank: 1, count: 0
    Greater Heal, rank: 4, count: 0
    Flash Heal, rank: 7, count: 0
    Renew, rank: 10, count: 0
    Prayer of Healing, rank: 5, count: 0
    pve info: 0.975033
    hps: 266.564
For 360 s fights:
    casts: 3, ticks: 3, ticks_oom: 0
    Heal, rank: 2, count: 27
    Heal, rank: 4, count: 0
    Greater Heal, rank: 1, count: 3
    Greater Heal, rank: 4, count: 0
    Flash Heal, rank: 7, count: 0
    Renew, rank: 10, count: 0
    Prayer of Healing, rank: 5, count: 0
    pve info: 0.956155
    hps: 242.682
------------------
Upgrades: 
quel'dorai channeling rod(17.2331) -> benediction(40.6179) : 23.3849 = +7.98535%
thuzadin sash(9.16132) -> girdle of prophecy(19.0863) : 9.92502 = +3.24022%
necropile cuffs(6.42886) -> vambraces of prophecy(16.331) : 9.90213 = +3.23251%
royal seal of eldre'thalas(11.6928) -> shard of the scale(20.9448) : 9.25201 = +3.01389%
magister's robes(16.0237) -> truefaith vestments(25.0701) : 9.04639 = +2.94493%
briarwood reed(6.22299) -> mindtap talisman(14.9211) : 8.69809 = +2.82834%
shadowy laced handwraps(13.3945) -> gloves of prophecy(21.7762) : 8.38171 = +2.72266%
omnicast boots(7.84961) -> boots of prophecy(15.6927) : 7.84308 = +2.54325%
ring of demonic guile(10.4688) -> cauterizing band(16.5068) : 6.03802 = +1.94653%
pants of prophecy(26.4218) -> leggings of transcendence(32.3069) : 5.8851 = +1.8963%
burial shawl(10.9896) -> mantle of prophecy(15.0831) : 4.09344 = +1.31142%
animated chain necklace(7.97696) -> choker of the fire lord(10.7393) : 2.76236 = +0.881222%
dragon finger of intellect(2.52603) -> lunar wand of healing(4.53839) : 2.01236 = +0.640432%
halo of transcendence(27.5652) -> halo of transcendence(27.5652) : 0 = +0%
hide of the wild(14.4434) -> hide of the wild(14.4434) : 0 = +0%
rosewine circle(13.0317) -> rosewine circle(13.0317) : 0 = +0%
------------------
~~~~ end of intermediate results ~~~~
Temporary bans and partial set bonuses on.
....
*** NEW BEST: 318.401 ***
Current relative stat values for matching or exceeding +50 pts of sp
int: 144.068
spi: 63.0418
sta: 0
agi: 0
mp5: 419.112
sp: 100
sp_shadow: 0
sp_healing: 100
spell crit: 272.844
spell hit: 0
arcane res: 0
nature res: 0
fire res: 0
frost res: 0
shadow res: 0
armor: 0
defense: 0
dodge: 0
parry: 0
...................
*** NEW BEST: 318.415 ***
Current relative stat values for matching or exceeding +50 pts of sp
int: 144.128
spi: 63.4017
sta: 0
agi: 0
mp5: 422.929
sp: 100
sp_shadow: 0
sp_healing: 100
spell crit: 272.972
spell hit: 0
arcane res: 0
nature res: 0
fire res: 0
frost res: 0
shadow res: 0
armor: 0
defense: 0
dodge: 0
parry: 0
.........Temporary bans and partial set bonuses off.
.......... ----------------------------
 --- head --- 
name: halo of transcendence
slot: head
intelligence: 27
stamina: 17
spirit: 22
sp_healing: 48
fire_res: 10
frost_res: 10
armor: 94
 ----------------------------
 --- neck --- 
name: choker of the fire lord
slot: neck
intelligence: 7
stamina: 7
sp: 34
 ----------------------------
 --- shoulders --- 
name: mantle of prophecy
slot: shoulders
intelligence: 23
stamina: 13
spirit: 10
sp: 9
shadow_res: 7
armor: 76
 ----------------------------
 --- back --- 
name: hide of the wild
slot: back
intelligence: 10
stamina: 8
sp_healing: 42
armor: 48
 ----------------------------
 --- chest --- 
name: truefaith vestments
slot: chest
stamina: 14
sp_healing: 73
mp5: 6
armor: 96
 ----------------------------
 --- wrists --- 
name: vambraces of prophecy
slot: wrists
intelligence: 14
stamina: 8
spirit: 10
sp_healing: 24
mp5: 2
armor: 44
 ----------------------------
 --- two-hand --- 
name: benediction
slot: two-hand
intelligence: 31
stamina: 10
spirit: 12
sp_healing: 106
spell_crit: 2
shadow_res: 20
 ----------------------------
 ---  --- 
name: 
slot: 
 ----------------------------
 ---  --- 
name: 
slot: 
 ----------------------------
 ---  --- 
name: 
slot: 
 ----------------------------
 --- ranged --- 
name: lunar wand of healing
slot: ranged
sp_healing: 20
 ----------------------------
 --- hands --- 
name: gloves of prophecy
slot: hands
intelligence: 15
stamina: 10
spirit: 15
sp_healing: 18
mp5: 6
fire_res: 7
armor: 63
 ----------------------------
 --- waist --- 
name: girdle of prophecy
slot: waist
intelligence: 22
stamina: 10
spirit: 10
sp: 9
mp5: 4
fire_res: 7
armor: 57
 ----------------------------
 --- legs --- 
name: leggings of transcendence
slot: legs
intelligence: 21
stamina: 16
spirit: 21
sp_healing: 46
mp5: 7
arcane_res: 10
shadow_res: 10
armor: 101
 ----------------------------
 --- feet --- 
name: boots of prophecy
slot: feet
intelligence: 18
stamina: 17
spirit: 15
sp_healing: 18
shadow_res: 7
armor: 70
 ----------------------------
 --- finger --- 
name: rosewine circle
slot: finger
sp_healing: 29
mp5: 5
 ----------------------------
 --- finger --- 
name: cauterizing band
slot: finger
intelligence: 12
stamina: 9
sp_healing: 46
 ----------------------------
 --- trinket --- 
name: mindtap talisman
slot: trinket
mp5: 11
 ----------------------------
 --- trinket --- 
name: shard of the scale
slot: trinket
mp5: 16
 ----------------------------
 --- Set bonuses ---
name: 
slot: Set bonuses
------------------
Char stats: 
Effective hp: 5975.4
Effective mana: 9981.73
Raw max mana: 6749.6
Int: 344.667
Stam: 190
Spirit: 245
Strength: 34
Agility: 38
Mp5: 83.8
Sp: 52
Sp shadow: 0
Sp healing: 470
Spell crit: 1.55107
Spell hit: 0
Arcane res: 10
Nature res: 0
Fire res: 24
Frost res: 10
Shadow res: 44
Armor: 2463
Defense: 300
Dodge: 0
Parry: 0
HpsPvp: 962.947
ShadowDps: 213.756
Value pvp healing: 472.061
Value pvp shadow: 23.2612
------------------
Best counts:
For 120 s fights:
    casts: 5, ticks: 3, ticks_oom: 0
    Heal, rank: 2, count: 7
    Heal, rank: 4, count: 0
    Greater Heal, rank: 1, count: 14
    Greater Heal, rank: 4, count: 0
    Flash Heal, rank: 7, count: 0
    Renew, rank: 10, count: 0
    Prayer of Healing, rank: 5, count: 0
    pve info: 1
    hps: 428.266
For 180 s fights:
    casts: 12, ticks: 4, ticks_oom: 0
    Heal, rank: 2, count: 24
    Heal, rank: 4, count: 0
    Greater Heal, rank: 1, count: 0
    Greater Heal, rank: 4, count: 0
    Flash Heal, rank: 7, count: 0
    Renew, rank: 10, count: 0
    Prayer of Healing, rank: 5, count: 0
    pve info: 0.995556
    hps: 358.312
For 240 s fights:
    casts: 4, ticks: 3, ticks_oom: 0
    Heal, rank: 2, count: 22
    Heal, rank: 4, count: 0
    Greater Heal, rank: 1, count: 0
    Greater Heal, rank: 4, count: 0
    Flash Heal, rank: 7, count: 0
    Renew, rank: 10, count: 0
    Prayer of Healing, rank: 5, count: 0
    pve info: 0.983817
    hps: 296.18
For 300 s fights:
    casts: 4, ticks: 3, ticks_oom: 0
    Heal, rank: 2, count: 47
    Heal, rank: 4, count: 0
    Greater Heal, rank: 1, count: 0
    Greater Heal, rank: 4, count: 0
    Flash Heal, rank: 7, count: 0
    Renew, rank: 10, count: 0
    Prayer of Healing, rank: 5, count: 0
    pve info: 0.975033
    hps: 266.564
For 360 s fights:
    casts: 3, ticks: 3, ticks_oom: 0
    Heal, rank: 2, count: 25
    Heal, rank: 4, count: 0
    Greater Heal, rank: 1, count: 3
    Greater Heal, rank: 4, count: 0
    Flash Heal, rank: 7, count: 0
    Renew, rank: 10, count: 0
    Prayer of Healing, rank: 5, count: 0
    pve info: 0.956155
    hps: 242.754
------------------
Current relative stat values for matching or exceeding +50 pts of sp
int: 144.068
spi: 63.0418
sta: 0
agi: 0
mp5: 419.112
sp: 100
sp_shadow: 0
sp_healing: 100
spell crit: 272.844
spell hit: 0
arcane res: 0
nature res: 0
fire res: 0
frost res: 0
shadow res: 0
armor: 0
defense: 0
dodge: 0
parry: 0
------------------
Diffs to start: 
Upgrades: 
quel'dorai channeling rod(18.9963) -> benediction(42.6382) : 23.6418 = +8.02074%
necropile cuffs(6.6571) -> vambraces of prophecy(18.6027) : 11.9456 = +3.89798%
royal seal of eldre'thalas(11.3781) -> shard of the scale(22.8689) : 11.4908 = +3.74404%
magister's robes(14.7108) -> truefaith vestments(26.0619) : 11.3511 = +3.69683%
briarwood reed(6.23975) -> mindtap talisman(17.179) : 10.9392 = +3.55792%
thuzadin sash(9.72159) -> girdle of prophecy(20.5057) : 10.7841 = +3.50571%
shadowy laced handwraps(13.9993) -> gloves of prophecy(23.6909) : 9.69165 = +3.13941%
omnicast boots(9.25876) -> boots of prophecy(17.9609) : 8.70215 = +2.80988%
ring of demonic guile(11.6695) -> cauterizing band(17.8025) : 6.133 = +1.96402%
pants of prophecy(28.5936) -> leggings of transcendence(34.5342) : 5.94055 = +1.90122%
burial shawl(12.17) -> mantle of prophecy(16.8563) : 4.68631 = +1.49381%
animated chain necklace(8.67633) -> choker of the fire lord(12.9634) : 4.28711 = +1.36483%
dragon finger of intellect(2.53857) -> lunar wand of healing(4.58475) : 2.04617 = +0.646797%
halo of transcendence(28.7003) -> halo of transcendence(28.7003) : 0 = +0%
hide of the wild(15.7478) -> hide of the wild(15.7478) : 0 = +0%
rosewine circle(15.4407) -> rosewine circle(15.4407) : 0 = +0%
- - - - - - - - - - - - - - - - - - - - - - - - - - - - - - - - -
| Upgrades at best in slot level, from start item to candidate: |
. . . . . . . . . . . . . . . . . . . . . . . . . . . . . . . . .
- . - ' - . - ' - . - ' - . - ' - . - ' - . -
head, halo of transcendence (28.7148) -> :
- . - ' - . - ' - . - ' - . - ' - . - ' - . -
neck, animated chain necklace (8.66479) -> :
    choker of the fire lord (13.1569) : +1.43094 %, from: mc
    choker of enlightenment (11.4651) : +0.892031 %, from: mc
    tooth of gnarr (9.78003) : +0.355257 %, from: pre-raid
- . - ' - . - ' - . - ' - . - ' - . - ' - . -
shoulders, burial shawl (12.1556) -> :
    mantle of prophecy (16.8565) : +1.49846 %, from: mc
    soulstealer mantle (13.3767) : +0.38922 %, from: pre-raid
    magister's mantle (13.0313) : +0.27913 %, from: pre-raid
    devout mantle (12.7387) : +0.185869 %, from: pre-raid
    elder wizard's mantle (12.488) : +0.105946 %, from: pre-raid
    sunderseer mantle (12.1862) : +0.00973755 %, from: pre-raid
- . - ' - . - ' - . - ' - . - ' - . - ' - . -
back, hide of the wild (15.7624) -> :
- . - ' - . - ' - . - ' - . - ' - . - ' - . -
chest, magister's robes (14.7818) -> :
    truefaith vestments (26.0765) : +3.67761 %, from: tailoring bop
    robes of the exalted (21.347) : +2.13767 %, from: pre-raid
    robes of prophecy (20.1342) : +1.74278 %, from: mc
    mindsurge robe (17.0051) : +0.723936 %, from: pre-raid
    robe of volatile power (16.1383) : +0.441695 %, from: mc
    the postmaster's tunic (15.0101) : +0.0743462 %, from: pre-raid
- . - ' - . - ' - . - ' - . - ' - . - ' - . -
wrists, necropile cuffs (6.59363) -> :
    vambraces of prophecy (18.5538) : +3.90274 %, from: mc
    flarecore wraps (15.8607) : +3.02396 %, from: tailoring boe
    magiskull cuffs (9.64536) : +0.995815 %, from: pre-raid
    sublime wristguards (8.64172) : +0.668318 %, from: pre-raid
    magister's bindings (8.17987) : +0.51761 %, from: pre-raid
    flameweave cuffs of healing (7.2207) : +0.204622 %, from: brd
    wyrmthalak's shackles (7.12405) : +0.173084 %, from: pre-raid
    devout bracers (6.63309) : +0.012876 %, from: pre-raid
- . - ' - . - ' - . - ' - . - ' - . - ' - . -
two-hand, quel'dorai channeling rod (19.0208) -> :
    benediction (42.6527) : +8.01671 %, from: mc
    aurastone hammer and lei of the lifegiver (30.5594) : +3.91424 %, from: mc, av rep
    staff of dominance (28.8103) : +3.3209 %, from: mc
    aurastone hammer and fire runed grimoire (27.8075) : +2.98071 %, from: mc, mc
    sorcerous dagger and lei of the lifegiver (27.3781) : +2.83507 %, from: mc, av rep
    aurastone hammer and milli's lexicon (26.1791) : +2.42832 %, from: mc, pre-raid
    aurastone hammer and ancient cornerstone grimoire (24.6246) : +1.90099 %, from: mc, onyxia
    sorcerous dagger and fire runed grimoire (24.4824) : +1.85275 %, from: mc, mc
    aurastone hammer and brightly glowing stone (24.4682) : +1.84794 %, from: mc, pre-raid
    aurastone hammer and spellbound tome (24.4389) : +1.838 %, from: mc, pre-raid
    aurastone hammer and thaurissan's royal scepter (23.9536) : +1.67334 %, from: mc, pre-raid
    aurastone hammer and globe of d'sak (23.8776) : +1.64759 %, from: mc, pre-raid
    aurastone hammer and penelope's rose (23.5742) : +1.54465 %, from: mc, pre-raid (scholo quest)
    sorcerous dagger and milli's lexicon (22.9735) : +1.34089 %, from: mc, pre-raid
    the hammer of grace and lei of the lifegiver (22.272) : +1.10291 %, from: pre-raid, av rep
    sorcerous dagger and ancient cornerstone grimoire (21.7828) : +0.936957 %, from: mc, onyxia
    anathema (21.4868) : +0.836537 %, from: mc
    sorcerous dagger and spellbound tome (21.2772) : +0.765446 %, from: mc, pre-raid
    lorespinner and lei of the lifegiver (21.2275) : +0.748582 %, from: pre-raid, av rep
    witchblade and lei of the lifegiver (21.1384) : +0.718342 %, from: pre-raid, av rep
    sorcerous dagger and thaurissan's royal scepter (20.7516) : +0.587124 %, from: mc, pre-raid
    sorcerous dagger and globe of d'sak (19.9375) : +0.310959 %, from: mc, pre-raid
    lorespinner and fire runed grimoire (19.8185) : +0.270595 %, from: pre-raid, mc
    hypnotic blade and lei of the lifegiver (19.815) : +0.269404 %, from: pre-raid, av rep
    gift of the elven magi and lei of the lifegiver (19.6118) : +0.200487 %, from: pre-raid (strat live: balnazzar), av rep
- . - ' - . - ' - . - ' - . - ' - . - ' - . -
ranged, dragon finger of intellect (2.53857) -> :
    lunar wand of healing (4.58289) : +0.646175 %, from: random green
    bonecreeper stylus (3.52917) : +0.313113 %, from: pre-raid
    mana channeling wand (3.37778) : +0.265259 %, from: pre-raid
    oblivion's touch (3.20074) : +0.209302 %, from: pre-raid
    lunar wand of intellect (2.94147) : +0.127348 %, from: random green
    crimson shocker (2.9209) : +0.120847 %, from: mc
    lunar wand of the owl (2.69601) : +0.0497644 %, from: random green
- . - ' - . - ' - . - ' - . - ' - . - ' - . -
hands, shadowy laced handwraps (14.0939) -> :
    gloves of prophecy (23.8001) : +3.14414 %, from: mc
    hands of the exalted herald (16.1855) : +0.677545 %, from: pre-raid
- . - ' - . - ' - . - ' - . - ' - . - ' - . -
waist, thuzadin sash (9.72162) -> :
    girdle of prophecy (20.5203) : +3.51044 %, from: mc
    whipvine cord (17.7565) : +2.61199 %, from: pre-raid
    mana igniting cord (12.9732) : +1.05704 %, from: mc
- . - ' - . - ' - . - ' - . - ' - . - ' - . -
legs, pants of prophecy (28.5979) -> :
    leggings of transcendence (34.7354) : +1.9654 %, from: mc
- . - ' - . - ' - . - ' - . - ' - . - ' - . -
feet, omnicast boots (9.1427) -> :
    boots of prophecy (17.8594) : +2.81459 %, from: mc
    boots of the full moon (13.3798) : +1.36813 %, from: pre-raid
    dragonrider boots (12.4711) : +1.07471 %, from: pre-raid
    the postmaster's treads (10.5594) : +0.45746 %, from: pre-raid
    wolfrunner shoes (10.4044) : +0.407402 %, from: pre-raid
    necropile boots (9.26749) : +0.0402928 %, from: pre-raid
- . - ' - . - ' - . - ' - . - ' - . - ' - . -
finger, ring of demonic guile (12.7448) -> :
    cauterizing band (18.2686) : +1.74965 %, from: mc
    rosewine circle (15.4553) : +0.858558 %, from: pre-raid
    fordring's seal (12.9854) : +0.0762203 %, from: pre-raid
    band of sulfuras (12.8253) : +0.0254809 %, from: mc
- . - ' - . - ' - . - ' - . - ' - . - ' - . -
finger 2, rosewine circle (13.0208) -> :
    cauterizing band (17.8171) : +1.52933 %, from: mc
- . - ' - . - ' - . - ' - . - ' - . - ' - . -
trinket, briarwood reed (6.23975) -> :
    shard of the scale (21.1434) : +4.84731 %, from: onyxia
    mindtap talisman (17.1936) : +3.56267 %, from: pre-raid
    royal seal of eldre'thalas (13.7865) : +2.45453 %, from: pre-raid
    shard of afrasa (7.21542) : +0.317333 %, from: pre-raid
- . - ' - . - ' - . - ' - . - ' - . - ' - . -
trinket 2, royal seal of eldre'thalas (11.4471) -> :
    shard of the scale (23.0594) : +3.78494 %, from: onyxia
    mindtap talisman (14.0353) : +0.843602 %, from: pre-raid
------------------
- - - - - - - - - - - - - - - - - - - - - - - - - - - - - -
| Upgrades at start level, from start item to candidate:  |
. . . . . . . . . . . . . . . . . . . . . . . . . . . . . .
- . - ' - . - ' - . - ' - . - ' - . - ' - . -
head, halo of transcendence (25.6124) -> :
- . - ' - . - ' - . - ' - . - ' - . - ' - . -
neck, animated chain necklace (8.69833) -> :
    choker of the fire lord (9.27698) : +0.245644 %, from: mc
- . - ' - . - ' - . - ' - . - ' - . - ' - . -
shoulders, burial shawl (11.3392) -> :
    mantle of prophecy (11.7714) : +0.183498 %, from: mc
- . - ' - . - ' - . - ' - . - ' - . - ' - . -
back, hide of the wild (13.6693) -> :
- . - ' - . - ' - . - ' - . - ' - . - ' - . -
chest, magister's robes (14.8864) -> :
    truefaith vestments (20.3783) : +2.33141 %, from: tailoring bop
    robes of prophecy (18.4545) : +1.51472 %, from: mc
    robes of the exalted (16.1386) : +0.531592 %, from: pre-raid
- . - ' - . - ' - . - ' - . - ' - . - ' - . -
wrists, necropile cuffs (6.175) -> :
    vambraces of prophecy (13.7257) : +3.20541 %, from: mc
    flarecore wraps (11.5895) : +2.29853 %, from: tailoring boe
    sublime wristguards (8.28716) : +0.896644 %, from: pre-raid
    magiskull cuffs (6.80528) : +0.267564 %, from: pre-raid
    flameweave cuffs of healing (6.77477) : +0.254609 %, from: brd
    magister's bindings (6.5238) : +0.148072 %, from: pre-raid
    wyrmthalak's shackles (6.17935) : +0.00184612 %, from: pre-raid
- . - ' - . - ' - . - ' - . - ' - . - ' - . -
two-hand, quel'dorai channeling rod (18.3964) -> :
    benediction (38.8183) : +8.66941 %, from: mc
    aurastone hammer and lei of the lifegiver (28.6967) : +4.37263 %, from: mc, av rep
    staff of dominance (25.9779) : +3.21845 %, from: mc
    aurastone hammer and fire runed grimoire (25.3778) : +2.96372 %, from: mc, mc
    aurastone hammer and milli's lexicon (24.4632) : +2.57543 %, from: mc, pre-raid
    sorcerous dagger and lei of the lifegiver (24.2948) : +2.50395 %, from: mc, av rep
    aurastone hammer and ancient cornerstone grimoire (23.107) : +1.99974 %, from: mc, onyxia
    aurastone hammer and thaurissan's royal scepter (22.9315) : +1.92523 %, from: mc, pre-raid
    aurastone hammer and spellbound tome (22.8957) : +1.91003 %, from: mc, pre-raid
    sorcerous dagger and fire runed grimoire (22.7205) : +1.83564 %, from: mc, mc
    aurastone hammer and globe of d'sak (22.3814) : +1.69171 %, from: mc, pre-raid
    aurastone hammer and penelope's rose (22.2406) : +1.63191 %, from: mc, pre-raid (scholo quest)
    sorcerous dagger and milli's lexicon (21.7841) : +1.43811 %, from: mc, pre-raid
    aurastone hammer and brightly glowing stone (20.8479) : +1.04068 %, from: mc, pre-raid
    anathema (19.8621) : +0.622226 %, from: mc
    sorcerous dagger and ancient cornerstone grimoire (19.8468) : +0.615703 %, from: mc, onyxia
    lorespinner and lei of the lifegiver (19.8065) : +0.598622 %, from: pre-raid, av rep
    witchblade and lei of the lifegiver (19.5941) : +0.508434 %, from: pre-raid, av rep
    sorcerous dagger and spellbound tome (19.5646) : +0.495906 %, from: mc, pre-raid
    hypnotic blade and lei of the lifegiver (19.4023) : +0.427024 %, from: pre-raid, av rep
    the hammer of grace and lei of the lifegiver (19.2561) : +0.364942 %, from: pre-raid, av rep
    sorcerous dagger and thaurissan's royal scepter (18.7175) : +0.136308 %, from: mc, pre-raid
    sorcerous dagger and globe of d'sak (18.5423) : +0.0619454 %, from: mc, pre-raid
    lorespinner and fire runed grimoire (18.5388) : +0.060462 %, from: pre-raid, mc
- . - ' - . - ' - . - ' - . - ' - . - ' - . -
ranged, dragon finger of intellect (4.38852) -> :
    oblivion's touch (4.9006) : +0.217389 %, from: pre-raid
    crimson shocker (4.55087) : +0.0689218 %, from: mc
- . - ' - . - ' - . - ' - . - ' - . - ' - . -
hands, shadowy laced handwraps (13.8043) -> :
    gloves of prophecy (20.3313) : +2.77082 %, from: mc
    hands of the exalted herald (15.1212) : +0.559063 %, from: pre-raid
- . - ' - . - ' - . - ' - . - ' - . - ' - . -
waist, thuzadin sash (10.2782) -> :
    whipvine cord (16.531) : +2.65439 %, from: pre-raid
    girdle of prophecy (15.7605) : +2.3273 %, from: mc
    mana igniting cord (13.5552) : +1.39114 %, from: mc
- . - ' - . - ' - . - ' - . - ' - . - ' - . -
legs, pants of prophecy (25.0553) -> :
    leggings of transcendence (30.3422) : +2.24438 %, from: mc
- . - ' - . - ' - . - ' - . - ' - . - ' - . -
feet, omnicast boots (9.25766) -> :
    boots of prophecy (12.4327) : +1.34786 %, from: mc
    boots of the full moon (11.5116) : +0.956821 %, from: pre-raid
    dragonrider boots (9.90248) : +0.273737 %, from: pre-raid
- . - ' - . - ' - . - ' - . - ' - . - ' - . -
finger, ring of demonic guile (11.7552) -> :
    cauterizing band (14.3301) : +1.0931 %, from: mc
    rosewine circle (11.827) : +0.0304836 %, from: pre-raid
- . - ' - . - ' - . - ' - . - ' - . - ' - . -
finger 2, rosewine circle (12.4247) -> :
    cauterizing band (15.3216) : +1.22979 %, from: mc
- . - ' - . - ' - . - ' - . - ' - . - ' - . -
trinket, briarwood reed (6.12717) -> :
    shard of the scale (13.6048) : +3.17438 %, from: onyxia
    royal seal of eldre'thalas (9.85194) : +1.58123 %, from: pre-raid
    mindtap talisman (9.20241) : +1.30549 %, from: pre-raid
- . - ' - . - ' - . - ' - . - ' - . - ' - . -
trinket 2, royal seal of eldre'thalas (12.4213) -> :
    shard of the scale (15.7444) : +1.41071 %, from: onyxia
-- Stat values at start item level: --
Current relative stat values for matching or exceeding +50 pts of sp
int: 166.724
spi: 74.4467
sta: 0
agi: 0
mp5: 464.95
sp: 100
sp_shadow: 0
sp_healing: 100
spell crit: 224.532
spell hit: 0
arcane res: 0
nature res: 0
fire res: 0
frost res: 0
shadow res: 0
armor: 0
defense: 0
dodge: 0
parry: 0
------------------
Best value: 318.401
