Your call: ./css 5 ../items/more_raid.csv -b 0.2 -r 0.8 
Found: -b, val: 0.2
./css 5 ../items/more_raid.csv -r 0.8 
Found: -r, val: 0.8
./css 5 ../items/more_raid.csv 
Shuffle seed: 4124624490
Reading tmp locked from: start_with.txt
Locking: anastari heirloom
Locking: animated chain necklace
Locking: argent crusader
Locking: atal'ai gloves of the owl
Locking: banshee finger
Locking: blood of the martyr
Locking: briarwood reed
Locking: burial shawl
Locking: crimson felt hat
Locking: cyclopean band
Locking: devout belt
Locking: devout bracers
Locking: devout crown
Locking: devout mantle
Locking: devout robe
Locking: devout sandals
Locking: devout skirt
Locking: dragon finger of intellect
Locking: dragonslayer's signet
Locking: drakefire amulet
Locking: dreadmist mantle
Locking: dreamweave circlet
Locking: dreamweave gloves
Locking: dreamweave vest
Locking: eye of the beast
Locking: fordring's seal
Locking: grimgore noose
Locking: halo of transcendence
Locking: heart of the fiend
Locking: hide of the wild
Locking: kentic amice
Locking: magister's robes
Locking: maleki's footwraps
Locking: nature's breath
Locking: necropile boots
Locking: necropile cuffs
Locking: necropile mantle
Locking: noxious shooter
Locking: omnicast boots
Locking: orb of the forgotten seer
Locking: padre's trousers
Locking: penelope's rose
Locking: quel'dorai channeling rod
Locking: raincaster drape
Locking: rainstrider leggings
Locking: ring of demonic guile
Locking: ring of demonic guile
Locking: robes of the royal crown
Locking: rod of corrosion
Locking: rosewine circle
Locking: royal seal of eldre'thalas
Locking: royal tribunal cloak
Locking: sarah's guide
Locking: seal of rivendare
Locking: seal of rivendare
Locking: shadowy laced handwraps
Locking: silkweb gloves
Locking: soulstealer mantle
Locking: spellbound tome
Locking: spritecaster cape
Locking: starfire tiara
Locking: the hammer of grace
Locking: the postmaster's treads
Locking: thuzadin sash
Locking: triune amulet
Locking: vinerot sandals
Locking: wolfshear leggings
Locking: pants of prophecy
Optimizing start items...
[Perf] spent in FindBestPveHealingCounts: 0.0587002 s, that's: 100.001 % of total.

*** NEW BEST: 138.333 ***

*** NEW BEST: 156.9 ***

*** NEW BEST: 168.153 ***

*** NEW BEST: 174.576 ***

*** NEW BEST: 182.65 ***

*** NEW BEST: 189.811 ***

*** NEW BEST: 197.547 ***

*** NEW BEST: 205.987 ***

*** NEW BEST: 209.492 ***

*** NEW BEST: 211.561 ***

*** NEW BEST: 218.891 ***

*** NEW BEST: 228.906 ***

*** NEW BEST: 247.916 ***

*** NEW BEST: 261.329 ***

*** NEW BEST: 267.699 ***

*** NEW BEST: 282.478 ***
*
best val: 282.478
*
best val: 282.478
*
best val: 282.478
*
best val: 282.478
*
best val: 282.478

Read starting items and cleared locks.
 ----------------------------
 --- head --- 
name: halo of transcendence
slot: head
intelligence: 27
stamina: 17
spirit: 22
sp_healing: 48
fire_res: 10
frost_res: 10
armor: 94
 ----------------------------
 --- neck --- 
name: animated chain necklace
slot: neck
stamina: 7
spirit: 6
sp_healing: 33
 ----------------------------
 --- shoulders --- 
name: devout mantle
slot: shoulders
intelligence: 21
stamina: 4
spirit: 9
armor: 64
 ----------------------------
 --- back --- 
name: hide of the wild
slot: back
intelligence: 10
stamina: 8
sp_healing: 42
armor: 48
 ----------------------------
 --- chest --- 
name: devout robe
slot: chest
intelligence: 24
stamina: 13
spirit: 15
armor: 89
 ----------------------------
 --- wrists --- 
name: devout bracers
slot: wrists
intelligence: 10
stamina: 7
spirit: 10
armor: 35
 ----------------------------
 --- two-hand --- 
name: quel'dorai channeling rod
slot: two-hand
intelligence: 18
stamina: 8
spirit: 8
mp5: 8
 ----------------------------
 ---  --- 
name: 
slot: 
 ----------------------------
 ---  --- 
name: 
slot: 
 ----------------------------
 ---  --- 
name: 
slot: 
 ----------------------------
 --- ranged --- 
name: dragon finger of intellect
slot: ranged
intelligence: 8
 ----------------------------
 --- hands --- 
name: atal'ai gloves of the owl
slot: hands
intelligence: 13
spirit: 13
sp: 9
armor: 47
 ----------------------------
 --- waist --- 
name: thuzadin sash
slot: waist
intelligence: 12
stamina: 11
spirit: 11
sp: 11
armor: 49
 ----------------------------
 --- legs --- 
name: pants of prophecy
slot: legs
intelligence: 24
stamina: 18
spirit: 20
sp_healing: 22
mp5: 6
shadow_res: 10
armor: 89
 ----------------------------
 --- feet --- 
name: devout sandals
slot: feet
intelligence: 10
stamina: 9
spirit: 17
armor: 58
 ----------------------------
 --- finger --- 
name: rosewine circle
slot: finger
sp_healing: 29
mp5: 5
 ----------------------------
 --- finger --- 
name: ring of demonic guile
slot: finger
intelligence: 10
mp5: 6
 ----------------------------
 --- trinket --- 
name: royal seal of eldre'thalas
slot: trinket
sp_healing: 33
mp5: 4
 ----------------------------
 --- trinket --- 
name: briarwood reed
slot: trinket
sp: 29
 ----------------------------
 --- Set bonuses ---
name: devout 2 devout 4 
slot: Set bonuses
sp: 23
armor: 200
 --- And counts for start items ---
For 120 s fights:
    casts: 8, ticks: 9, ticks_oom: 0
    Heal, rank: 2, count: 1
    Heal, rank: 4, count: 0
    Greater Heal, rank: 1, count: 8
    Greater Heal, rank: 4, count: 2
    Flash Heal, rank: 7, count: 0
    Renew, rank: 10, count: 2
    Prayer of Healing, rank: 5, count: 0
    pve info: 1
    hps: 373.232
For 180 s fights:
    casts: 6, ticks: 10, ticks_oom: 0
    Heal, rank: 2, count: 0
    Heal, rank: 4, count: 0
    Greater Heal, rank: 1, count: 5
    Greater Heal, rank: 4, count: 1
    Flash Heal, rank: 7, count: 0
    Renew, rank: 10, count: 1
    Prayer of Healing, rank: 5, count: 0
    pve info: 1
    hps: 300.322
For 240 s fights:
    casts: 5, ticks: 10, ticks_oom: 0
    Heal, rank: 2, count: 0
    Heal, rank: 4, count: 0
    Greater Heal, rank: 1, count: 8
    Greater Heal, rank: 4, count: 0
    Flash Heal, rank: 7, count: 0
    Renew, rank: 10, count: 0
    Prayer of Healing, rank: 5, count: 0
    pve info: 1
    hps: 267.053
For 300 s fights:
    casts: 4, ticks: 9, ticks_oom: 0
    Heal, rank: 2, count: 3
    Heal, rank: 4, count: 0
    Greater Heal, rank: 1, count: 7
    Greater Heal, rank: 4, count: 3
    Flash Heal, rank: 7, count: 0
    Renew, rank: 10, count: 3
    Prayer of Healing, rank: 5, count: 0
    pve info: 1
    hps: 244.508
For 360 s fights:
    casts: 4, ticks: 10, ticks_oom: 0
    Heal, rank: 2, count: 3
    Heal, rank: 4, count: 1
    Greater Heal, rank: 1, count: 9
    Greater Heal, rank: 4, count: 2
    Flash Heal, rank: 7, count: 0
    Renew, rank: 10, count: 1
    Prayer of Healing, rank: 5, count: 0
    pve info: 1
    hps: 227.276
.
*** NEW BEST: 283.844 ***

*** NEW BEST: 286.927 ***

*** NEW BEST: 290.284 ***

*** NEW BEST: 299.149 ***

*** NEW BEST: 302.253 ***

*** NEW BEST: 303.194 ***

*** NEW BEST: 307.133 ***

*** NEW BEST: 324.815 ***

*** NEW BEST: 331.335 ***

*** NEW BEST: 339.118 ***
..
*** NEW BEST: 340.289 ***

*** NEW BEST: 341.821 ***
.
*** NEW BEST: 345.911 ***
.
*** NEW BEST: 346.755 ***

*** NEW BEST: 347.674 ***
....
*** NEW BEST: 348.187 ***

*** NEW BEST: 348.545 ***
.
*** NEW BEST: 348.947 ***
...........
*** NEW BEST: 349.097 ***
.....................................................................................................Temporary bans and partial set bonuses off.
.......... ----------------------------
 --- head --- 
name: halo of transcendence
slot: head
intelligence: 27
stamina: 17
spirit: 22
sp_healing: 48
fire_res: 10
frost_res: 10
armor: 94
 ----------------------------
 --- neck --- 
name: choker of enlightenment
slot: neck
intelligence: 10
stamina: 9
spirit: 10
sp: 18
 ----------------------------
 --- shoulders --- 
name: mantle of prophecy
slot: shoulders
intelligence: 23
stamina: 13
spirit: 10
sp: 9
shadow_res: 7
armor: 76
 ----------------------------
 --- back --- 
name: hide of the wild
slot: back
intelligence: 10
stamina: 8
sp_healing: 42
armor: 48
 ----------------------------
 --- chest --- 
name: truefaith vestments
slot: chest
stamina: 14
sp_healing: 73
mp5: 6
armor: 96
 ----------------------------
 --- wrists --- 
name: vambraces of prophecy
slot: wrists
intelligence: 14
stamina: 8
spirit: 10
sp_healing: 24
mp5: 2
armor: 44
 ----------------------------
 --- two-hand --- 
name: benediction
slot: two-hand
intelligence: 31
stamina: 10
spirit: 12
sp_healing: 106
spell_crit: 2
shadow_res: 20
 ----------------------------
 ---  --- 
name: 
slot: 
 ----------------------------
 ---  --- 
name: 
slot: 
 ----------------------------
 ---  --- 
name: 
slot: 
 ----------------------------
 --- ranged --- 
name: lunar wand of healing
slot: ranged
sp_healing: 20
 ----------------------------
 --- hands --- 
name: gloves of prophecy
slot: hands
intelligence: 15
stamina: 10
spirit: 15
sp_healing: 18
mp5: 6
fire_res: 7
armor: 63
 ----------------------------
 --- waist --- 
name: girdle of prophecy
slot: waist
intelligence: 22
stamina: 10
spirit: 10
sp: 9
mp5: 4
fire_res: 7
armor: 57
 ----------------------------
 --- legs --- 
name: leggings of transcendence
slot: legs
intelligence: 21
stamina: 16
spirit: 21
sp_healing: 46
mp5: 7
arcane_res: 10
shadow_res: 10
armor: 101
 ----------------------------
 --- feet --- 
name: boots of prophecy
slot: feet
intelligence: 18
stamina: 17
spirit: 15
sp_healing: 18
shadow_res: 7
armor: 70
 ----------------------------
 --- finger --- 
name: band of sulfuras
slot: finger
intelligence: 23
stamina: 13
spirit: 10
 ----------------------------
 --- finger --- 
name: cauterizing band
slot: finger
intelligence: 12
stamina: 9
sp_healing: 46
 ----------------------------
 --- trinket --- 
name: royal seal of eldre'thalas
slot: trinket
sp_healing: 33
mp5: 4
 ----------------------------
 --- trinket --- 
name: shard of the scale
slot: trinket
mp5: 16
 ----------------------------
 --- Set bonuses ---
name: 
slot: Set bonuses
------------------
Char stats: 
Effective hp: 6123
Effective mana: 10237.2
Raw max mana: 7139.6
Int: 370.667
Stam: 205
Spirit: 265
Strength: 34
Agility: 38
Mp5: 71.8
Sp: 36
Sp shadow: 0
Sp healing: 474
Spell crit: 1.55107
Spell hit: 0
Arcane res: 10
Nature res: 0
Fire res: 24
Frost res: 10
Shadow res: 44
Armor: 2463
Defense: 300
Dodge: 0
Parry: 0
HpsPvp: 959.617
ShadowDps: 210.971
Value pvp healing: 504.849
Value pvp shadow: 24.4013
------------------
Best counts:
For 120 s fights:
    casts: 8, ticks: 9, ticks_oom: 0
    Heal, rank: 2, count: 1
    Heal, rank: 4, count: 0
    Greater Heal, rank: 1, count: 8
    Greater Heal, rank: 4, count: 2
    Flash Heal, rank: 7, count: 0
    Renew, rank: 10, count: 2
    Prayer of Healing, rank: 5, count: 0
    pve info: 1
    hps: 452.453
For 180 s fights:
    casts: 7, ticks: 10, ticks_oom: 0
    Heal, rank: 2, count: 0
    Heal, rank: 4, count: 0
    Greater Heal, rank: 1, count: 6
    Greater Heal, rank: 4, count: 0
    Flash Heal, rank: 7, count: 0
    Renew, rank: 10, count: 1
    Prayer of Healing, rank: 5, count: 0
    pve info: 1
    hps: 369.36
For 240 s fights:
    casts: 5, ticks: 10, ticks_oom: 0
    Heal, rank: 2, count: 3
    Heal, rank: 4, count: 0
    Greater Heal, rank: 1, count: 7
    Greater Heal, rank: 4, count: 3
    Flash Heal, rank: 7, count: 0
    Renew, rank: 10, count: 3
    Prayer of Healing, rank: 5, count: 0
    pve info: 1
    hps: 332.379
For 300 s fights:
    casts: 5, ticks: 10, ticks_oom: 0
    Heal, rank: 2, count: 7
    Heal, rank: 4, count: 0
    Greater Heal, rank: 1, count: 7
    Greater Heal, rank: 4, count: 4
    Flash Heal, rank: 7, count: 0
    Renew, rank: 10, count: 4
    Prayer of Healing, rank: 5, count: 0
    pve info: 1
    hps: 305.14
For 360 s fights:
    casts: 5, ticks: 10, ticks_oom: 0
    Heal, rank: 2, count: 6
    Heal, rank: 4, count: 0
    Greater Heal, rank: 1, count: 9
    Greater Heal, rank: 4, count: 3
    Flash Heal, rank: 7, count: 0
    Renew, rank: 10, count: 2
    Prayer of Healing, rank: 5, count: 0
    pve info: 1
    hps: 286.155
------------------
Current relative stat values for matching or exceeding +50 pts of sp
int: 162.11
spi: 131.941
sta: 0
agi: 0
mp5: 427.204
sp: 100
sp_shadow: 0
sp_healing: 100
spell crit: 352.615
spell hit: 0
arcane res: 0
nature res: 0
fire res: 0
frost res: 0
shadow res: 0
armor: 0
defense: 0
dodge: 0
parry: 0
------------------
Diffs to start: 
Upgrades: 
quel'dorai channeling rod(14.672) -> benediction(33.0899) : 18.4179 = +5.56972%
briarwood reed(4.83356) -> shard of the scale(16.2758) : 11.4423 = +3.38875%
devout robe(9.92392) -> truefaith vestments(17.0325) : 7.10855 = +2.07859%
atal'ai gloves of the owl(12.4293) -> gloves of prophecy(19.4351) : 7.00583 = +2.04794%
devout bracers(5.56265) -> vambraces of prophecy(12.3979) : 6.8353 = +1.99709%
thuzadin sash(10.7561) -> girdle of prophecy(15.9384) : 5.18234 = +1.50687%
devout sandals(7.59799) -> boots of prophecy(12.5512) : 4.95319 = +1.43928%
pants of prophecy(23.5461) -> leggings of transcendence(27.8625) : 4.31641 = +1.25193%
ring of demonic guile(7.22498) -> cauterizing band(11.4656) : 4.24063 = +1.22968%
devout mantle(8.23267) -> mantle of prophecy(10.6308) : 2.39813 = +0.691704%
dragon finger of intellect(2.23877) -> lunar wand of healing(3.49579) : 1.25702 = +0.361378%
animated chain necklace(7.28415) -> choker of enlightenment(8.32095) : 1.0368 = +0.29788%
rosewine circle(8.90839) -> band of sulfuras(9.08997) : 0.18158 = +0.0520411%
halo of transcendence(24.5872) -> halo of transcendence(24.5872) : 0 = +0%
hide of the wild(10.0613) -> hide of the wild(10.0613) : 0 = +0%
royal seal of eldre'thalas(8.68912) -> royal seal of eldre'thalas(8.68912) : 0 = +0%
- - - - - - - - - - - - - - - - - - - - - - - - - - - - - - - - -
| Upgrades at best in slot level, from start item to candidate: |
. . . . . . . . . . . . . . . . . . . . . . . . . . . . . . . . .
- . - ' - . - ' - . - ' - . - ' - . - ' - . -
head, halo of transcendence (24.5872) -> :
- . - ' - . - ' - . - ' - . - ' - . - ' - . -
neck, animated chain necklace (7.28415) -> :
    choker of enlightenment (8.32095) : +0.29788 %, from: mc
    choker of the fire lord (7.80804) : +0.150518 %, from: mc
- . - ' - . - ' - . - ' - . - ' - . - ' - . -
shoulders, devout mantle (8.23267) -> :
    mantle of prophecy (10.6308) : +0.691704 %, from: mc
    sunderseer mantle (8.9978) : +0.220692 %, from: pre-raid
    soulstealer mantle (8.44946) : +0.0625317 %, from: pre-raid
    burial shawl (8.28137) : +0.0140485 %, from: pre-raid
- . - ' - . - ' - . - ' - . - ' - . - ' - . -
back, hide of the wild (10.0613) -> :
- . - ' - . - ' - . - ' - . - ' - . - ' - . -
chest, devout robe (9.92392) -> :
    truefaith vestments (17.0325) : +2.07859 %, from: tailoring bop
    robes of the exalted (15.7175) : +1.69408 %, from: pre-raid
    robes of prophecy (15.1667) : +1.53301 %, from: mc
    robe of volatile power (11.6379) : +0.501192 %, from: mc
    mindsurge robe (10.809) : +0.25881 %, from: pre-raid
    the postmaster's tunic (10.2853) : +0.105673 %, from: pre-raid
    magister's robes (10.2648) : +0.0996762 %, from: pre-raid
- . - ' - . - ' - . - ' - . - ' - . - ' - . -
wrists, devout bracers (5.56265) -> :
    vambraces of prophecy (12.3979) : +1.99709 %, from: mc
    flarecore wraps (9.35651) : +1.10846 %, from: tailoring boe
    sublime wristguards (6.75003) : +0.346921 %, from: pre-raid
    wyrmthalak's shackles (6.47308) : +0.266004 %, from: pre-raid
    flameweave cuffs of healing (5.65948) : +0.0282918 %, from: brd
    magister's bindings (5.56674) : +0.0011948 %, from: pre-raid
- . - ' - . - ' - . - ' - . - ' - . - ' - . -
two-hand, quel'dorai channeling rod (14.672) -> :
    benediction (33.0899) : +5.56972 %, from: mc
    staff of dominance (23.0918) : +2.5462 %, from: mc
    aurastone hammer and fire runed grimoire (20.5405) : +1.77469 %, from: mc, mc
    aurastone hammer and thaurissan's royal scepter (20.3474) : +1.71628 %, from: mc, pre-raid
    aurastone hammer and ancient cornerstone grimoire (19.4885) : +1.45655 %, from: mc, onyxia
    aurastone hammer and brightly glowing stone (19.3305) : +1.40876 %, from: mc, pre-raid
    aurastone hammer and milli's lexicon (19.0796) : +1.3329 %, from: mc, pre-raid
    aurastone hammer and penelope's rose (18.4531) : +1.14344 %, from: mc, pre-raid (scholo quest)
    aurastone hammer and spellbound tome (18.1851) : +1.0624 %, from: mc, pre-raid
    sorcerous dagger and fire runed grimoire (17.9331) : +0.986175 %, from: mc, mc
    sorcerous dagger and thaurissan's royal scepter (17.8408) : +0.958267 %, from: mc, pre-raid
    aurastone hammer and globe of d'sak (17.2312) : +0.773914 %, from: mc, pre-raid
    sorcerous dagger and ancient cornerstone grimoire (16.9796) : +0.697823 %, from: mc, onyxia
    sorcerous dagger and brightly glowing stone (16.7173) : +0.618511 %, from: mc, pre-raid
    sorcerous dagger and milli's lexicon (16.5818) : +0.577554 %, from: mc, pre-raid
    sorcerous dagger and penelope's rose (15.8024) : +0.341851 %, from: mc, pre-raid (scholo quest)
    anathema (15.6454) : +0.294369 %, from: mc
    sorcerous dagger and spellbound tome (15.6269) : +0.288758 %, from: mc, pre-raid
    the hammer of grace and fire runed grimoire (15.2344) : +0.170067 %, from: pre-raid, mc
    the hammer of grace and thaurissan's royal scepter (15.0662) : +0.119199 %, from: pre-raid, pre-raid
    aurastone hammer and orb of the forgotten seer (15.0216) : +0.105715 %, from: mc, pre-raid
    lorespinner and fire runed grimoire (14.8055) : +0.0403665 %, from: pre-raid, mc
    sorcerous dagger and globe of d'sak (14.7259) : +0.0162887 %, from: mc, pre-raid
- . - ' - . - ' - . - ' - . - ' - . - ' - . -
ranged, dragon finger of intellect (2.23877) -> :
    lunar wand of healing (3.49579) : +0.361378 %, from: random green
    lunar wand of the owl (3.14526) : +0.260606 %, from: random green
    oblivion's touch (2.99216) : +0.21659 %, from: pre-raid
    mana channeling wand (2.96667) : +0.209264 %, from: pre-raid
    bonecreeper stylus (2.92725) : +0.197929 %, from: pre-raid
    crimson shocker (2.79208) : +0.159071 %, from: mc
    lunar wand of intellect (2.49146) : +0.0726441 %, from: random green
- . - ' - . - ' - . - ' - . - ' - . - ' - . -
hands, atal'ai gloves of the owl (12.4293) -> :
    gloves of prophecy (19.4351) : +2.04794 %, from: mc
    hands of the exalted herald (16.3362) : +1.14207 %, from: pre-raid
- . - ' - . - ' - . - ' - . - ' - . - ' - . -
waist, thuzadin sash (10.7561) -> :
    girdle of prophecy (15.9384) : +1.50687 %, from: mc
    whipvine cord (14.9402) : +1.21661 %, from: pre-raid
    mana igniting cord (11.8104) : +0.306547 %, from: mc
- . - ' - . - ' - . - ' - . - ' - . - ' - . -
legs, pants of prophecy (23.5461) -> :
    leggings of transcendence (27.8625) : +1.25193 %, from: mc
- . - ' - . - ' - . - ' - . - ' - . - ' - . -
feet, devout sandals (7.59799) -> :
    boots of prophecy (12.5512) : +1.43928 %, from: mc
    boots of the full moon (10.7089) : +0.903962 %, from: pre-raid
    wolfrunner shoes (8.70123) : +0.320575 %, from: pre-raid
    dragonrider boots (8.49658) : +0.261109 %, from: pre-raid
    necropile boots (7.62372) : +0.00747545 %, from: pre-raid
- . - ' - . - ' - . - ' - . - ' - . - ' - . -
finger, rosewine circle (8.90839) -> :
    cauterizing band (11.5961) : +0.770296 %, from: mc
    band of sulfuras (9.08997) : +0.0520411 %, from: mc
- . - ' - . - ' - . - ' - . - ' - . - ' - . -
finger 2, ring of demonic guile (7.22498) -> :
    cauterizing band (11.4656) : +1.22968 %, from: mc
    rosewine circle (8.83368) : +0.466485 %, from: pre-raid
    band of sulfuras (8.73798) : +0.438733 %, from: mc
    seal of the archmagus (7.95554) : +0.211845 %, from: mc
    fordring's seal (7.89404) : +0.194013 %, from: pre-raid
- . - ' - . - ' - . - ' - . - ' - . - ' - . -
trinket, royal seal of eldre'thalas (8.68912) -> :
    shard of the scale (11.7736) : +0.883556 %, from: onyxia
- . - ' - . - ' - . - ' - . - ' - . - ' - . -
trinket 2, briarwood reed (4.83356) -> :
    shard of the scale (16.2758) : +3.38875 %, from: onyxia
    mindtap talisman (12.5444) : +2.28365 %, from: pre-raid
    royal seal of eldre'thalas (11.5667) : +1.99408 %, from: pre-raid
    shard of afrasa (7.17804) : +0.694342 %, from: pre-raid
------------------
- - - - - - - - - - - - - - - - - - - - - - - - - - - - - -
| Upgrades at start level, from start item to candidate:  |
. . . . . . . . . . . . . . . . . . . . . . . . . . . . . .
- . - ' - . - ' - . - ' - . - ' - . - ' - . -
head, halo of transcendence (27.0382) -> :
- . - ' - . - ' - . - ' - . - ' - . - ' - . -
neck, animated chain necklace (7.32251) -> :
    choker of enlightenment (8.24991) : +0.328308 %, from: mc
    choker of the fire lord (7.77399) : +0.159827 %, from: mc
- . - ' - . - ' - . - ' - . - ' - . - ' - . -
shoulders, devout mantle (17.0906) -> :
- . - ' - . - ' - . - ' - . - ' - . - ' - . -
back, hide of the wild (13.0902) -> :
- . - ' - . - ' - . - ' - . - ' - . - ' - . -
chest, devout robe (19.5981) -> :
    robes of prophecy (20.5929) : +0.352184 %, from: mc
- . - ' - . - ' - . - ' - . - ' - . - ' - . -
wrists, devout bracers (13.6859) -> :
    vambraces of prophecy (16.1736) : +0.88067 %, from: mc
- . - ' - . - ' - . - ' - . - ' - . - ' - . -
two-hand, quel'dorai channeling rod (20.4348) -> :
    benediction (36.2915) : +5.61344 %, from: mc
    staff of dominance (27.7852) : +2.60214 %, from: mc
    aurastone hammer and fire runed grimoire (24.9327) : +1.59231 %, from: mc, mc
    aurastone hammer and ancient cornerstone grimoire (24.7931) : +1.5429 %, from: mc, onyxia
    aurastone hammer and milli's lexicon (24.3804) : +1.39679 %, from: mc, pre-raid
    aurastone hammer and penelope's rose (23.6168) : +1.12648 %, from: mc, pre-raid (scholo quest)
    aurastone hammer and spellbound tome (22.8339) : +0.849308 %, from: mc, pre-raid
    sorcerous dagger and fire runed grimoire (22.0645) : +0.576929 %, from: mc, mc
    aurastone hammer and globe of d'sak (21.761) : +0.469499 %, from: mc, pre-raid
    sorcerous dagger and ancient cornerstone grimoire (21.6575) : +0.432865 %, from: mc, onyxia
    aurastone hammer and thaurissan's royal scepter (21.3854) : +0.33653 %, from: mc, pre-raid
    sorcerous dagger and milli's lexicon (21.2461) : +0.287222 %, from: mc, pre-raid
    anathema (21.1914) : +0.267862 %, from: mc
    sorcerous dagger and penelope's rose (20.4634) : +0.0101445 %, from: mc, pre-raid (scholo quest)
- . - ' - . - ' - . - ' - . - ' - . - ' - . -
ranged, dragon finger of intellect (6.05945) -> :
    oblivion's touch (6.83063) : +0.273005 %, from: pre-raid
    lunar wand of the owl (6.83063) : +0.273005 %, from: random green
    mana channeling wand (6.73956) : +0.240767 %, from: pre-raid
    crimson shocker (6.4978) : +0.155182 %, from: mc
    lunar wand of intellect (6.24701) : +0.0663984 %, from: random green
- . - ' - . - ' - . - ' - . - ' - . - ' - . -
hands, atal'ai gloves of the owl (13.1753) -> :
    gloves of prophecy (19.4095) : +2.20696 %, from: mc
    hands of the exalted herald (16.6931) : +1.24536 %, from: pre-raid
- . - ' - . - ' - . - ' - . - ' - . - ' - . -
waist, thuzadin sash (13.0045) -> :
    girdle of prophecy (17.5049) : +1.59321 %, from: mc
    whipvine cord (16.6986) : +1.30777 %, from: pre-raid
    mana igniting cord (13.5277) : +0.185237 %, from: mc
- . - ' - . - ' - . - ' - . - ' - . - ' - . -
legs, pants of prophecy (28.8209) -> :
    leggings of transcendence (32.7325) : +1.38472 %, from: mc
- . - ' - . - ' - . - ' - . - ' - . - ' - . -
feet, devout sandals (14.9771) -> :
    boots of prophecy (15.6611) : +0.24215 %, from: mc
- . - ' - . - ' - . - ' - . - ' - . - ' - . -
finger, rosewine circle (12.143) -> :
    cauterizing band (14.0857) : +0.68773 %, from: mc
- . - ' - . - ' - . - ' - . - ' - . - ' - . -
finger 2, ring of demonic guile (11.8939) -> :
    band of sulfuras (13.2605) : +0.483782 %, from: mc
    seal of the archmagus (12.6089) : +0.253137 %, from: mc
- . - ' - . - ' - . - ' - . - ' - . - ' - . -
trinket, royal seal of eldre'thalas (12.1283) -> :
    shard of the scale (14.6631) : +0.897351 %, from: onyxia
- . - ' - . - ' - . - ' - . - ' - . - ' - . -
trinket 2, briarwood reed (4.58716) -> :
    shard of the scale (10.2209) : +1.99438 %, from: onyxia
    royal seal of eldre'thalas (7.70599) : +1.1041 %, from: pre-raid
    mindtap talisman (7.17426) : +0.915857 %, from: pre-raid
-- Stat values at start item level: --
Current relative stat values for matching or exceeding +50 pts of sp
int: 209.66
spi: 203.017
sta: 0
agi: 0
mp5: 597.709
sp: 100
sp_shadow: 0
sp_healing: 100
spell crit: 313.358
spell hit: 0
arcane res: 0
nature res: 0
fire res: 0
frost res: 0
shadow res: 0
armor: 0
defense: 0
dodge: 0
parry: 0
------------------
Best value: 349.097
