Your call: ./css 5 ../items/more_raid.csv -b 0.2 -r 0.6 
Found: -b, val: 0.2
./css 5 ../items/more_raid.csv -r 0.6 
Found: -r, val: 0.6
./css 5 ../items/more_raid.csv 
Shuffle seed: 1955856900
Reading tmp locked from: start_with.txt
Locking: anastari heirloom
Locking: animated chain necklace
Locking: argent crusader
Locking: atal'ai gloves of the owl
Locking: banshee finger
Locking: blood of the martyr
Locking: briarwood reed
Locking: burial shawl
Locking: crimson felt hat
Locking: cyclopean band
Locking: devout belt
Locking: devout bracers
Locking: devout crown
Locking: devout mantle
Locking: devout robe
Locking: devout sandals
Locking: devout skirt
Locking: dragon finger of intellect
Locking: dragonslayer's signet
Locking: drakefire amulet
Locking: dreadmist mantle
Locking: dreamweave circlet
Locking: dreamweave gloves
Locking: dreamweave vest
Locking: eye of the beast
Locking: fordring's seal
Locking: grimgore noose
Locking: halo of transcendence
Locking: heart of the fiend
Locking: hide of the wild
Locking: kentic amice
Locking: magister's robes
Locking: maleki's footwraps
Locking: nature's breath
Locking: necropile boots
Locking: necropile cuffs
Locking: necropile mantle
Locking: noxious shooter
Locking: omnicast boots
Locking: orb of the forgotten seer
Locking: padre's trousers
Locking: penelope's rose
Locking: quel'dorai channeling rod
Locking: raincaster drape
Locking: rainstrider leggings
Locking: ring of demonic guile
Locking: ring of demonic guile
Locking: robes of the royal crown
Locking: rod of corrosion
Locking: rosewine circle
Locking: royal seal of eldre'thalas
Locking: royal tribunal cloak
Locking: sarah's guide
Locking: seal of rivendare
Locking: seal of rivendare
Locking: shadowy laced handwraps
Locking: silkweb gloves
Locking: soulstealer mantle
Locking: spellbound tome
Locking: spritecaster cape
Locking: starfire tiara
Locking: the hammer of grace
Locking: the postmaster's treads
Locking: thuzadin sash
Locking: triune amulet
Locking: vinerot sandals
Locking: wolfshear leggings
Locking: pants of prophecy
Locking: clutch of andros
Locking: star of mystaria
Optimizing start items...
[Perf] spent in FindBestPveHealingCounts: 0.0135162 s, that's: 100.002 % of total.

*** NEW BEST: 136.263 ***

*** NEW BEST: 156.21 ***

*** NEW BEST: 164.87 ***

*** NEW BEST: 171.894 ***

*** NEW BEST: 183.496 ***

*** NEW BEST: 197.237 ***

*** NEW BEST: 205.791 ***

*** NEW BEST: 213.132 ***

*** NEW BEST: 217.38 ***

*** NEW BEST: 225.011 ***

*** NEW BEST: 245.563 ***

*** NEW BEST: 252.408 ***

*** NEW BEST: 262.006 ***

*** NEW BEST: 264.011 ***

*** NEW BEST: 272.184 ***

*** NEW BEST: 280.78 ***
*
best val: 280.78
*
best val: 280.78
*
best val: 280.78
*
best val: 280.78
*
best val: 280.78

Read starting items and cleared locks.
 ----------------------------
 --- head --- 
name: halo of transcendence
slot: head
intelligence: 27
stamina: 17
spirit: 22
sp_healing: 48
fire_res: 10
frost_res: 10
armor: 94
 ----------------------------
 --- neck --- 
name: animated chain necklace
slot: neck
stamina: 7
spirit: 6
sp_healing: 33
 ----------------------------
 --- shoulders --- 
name: devout mantle
slot: shoulders
intelligence: 21
stamina: 4
spirit: 9
armor: 64
 ----------------------------
 --- back --- 
name: hide of the wild
slot: back
intelligence: 10
stamina: 8
sp_healing: 42
armor: 48
 ----------------------------
 --- chest --- 
name: devout robe
slot: chest
intelligence: 24
stamina: 13
spirit: 15
armor: 89
 ----------------------------
 --- wrists --- 
name: devout bracers
slot: wrists
intelligence: 10
stamina: 7
spirit: 10
armor: 35
 ----------------------------
 --- two-hand --- 
name: quel'dorai channeling rod
slot: two-hand
intelligence: 18
stamina: 8
spirit: 8
mp5: 8
 ----------------------------
 ---  --- 
name: 
slot: 
 ----------------------------
 ---  --- 
name: 
slot: 
 ----------------------------
 ---  --- 
name: 
slot: 
 ----------------------------
 --- ranged --- 
name: dragon finger of intellect
slot: ranged
intelligence: 8
 ----------------------------
 --- hands --- 
name: atal'ai gloves of the owl
slot: hands
intelligence: 13
spirit: 13
sp: 9
armor: 47
 ----------------------------
 --- waist --- 
name: thuzadin sash
slot: waist
intelligence: 12
stamina: 11
spirit: 11
sp: 11
armor: 49
 ----------------------------
 --- legs --- 
name: pants of prophecy
slot: legs
intelligence: 24
stamina: 18
spirit: 20
sp_healing: 22
mp5: 6
shadow_res: 10
armor: 89
 ----------------------------
 --- feet --- 
name: devout sandals
slot: feet
intelligence: 10
stamina: 9
spirit: 17
armor: 58
 ----------------------------
 --- finger --- 
name: fordring's seal
slot: finger
intelligence: 5
stamina: 4
sp_healing: 37
 ----------------------------
 --- finger --- 
name: rosewine circle
slot: finger
sp_healing: 29
mp5: 5
 ----------------------------
 --- trinket --- 
name: royal seal of eldre'thalas
slot: trinket
sp_healing: 33
mp5: 4
 ----------------------------
 --- trinket --- 
name: briarwood reed
slot: trinket
sp: 29
 ----------------------------
 --- Set bonuses ---
name: devout 2 devout 4 
slot: Set bonuses
sp: 23
armor: 200
 --- And counts for start items ---
For 120 s fights:
    casts: 7, ticks: 10, ticks_oom: 0
    Heal, rank: 2, count: 0
    Heal, rank: 4, count: 0
    Greater Heal, rank: 1, count: 8
    Greater Heal, rank: 4, count: 2
    Flash Heal, rank: 7, count: 0
    Renew, rank: 10, count: 2
    Prayer of Healing, rank: 5, count: 0
    pve info: 1
    hps: 370.974
For 180 s fights:
    casts: 4, ticks: 10, ticks_oom: 0
    Heal, rank: 2, count: 5
    Heal, rank: 4, count: 0
    Greater Heal, rank: 1, count: 6
    Greater Heal, rank: 4, count: 3
    Flash Heal, rank: 7, count: 0
    Renew, rank: 10, count: 2
    Prayer of Healing, rank: 5, count: 0
    pve info: 1
    hps: 297.484
For 240 s fights:
    casts: 4, ticks: 9, ticks_oom: 0
    Heal, rank: 2, count: 3
    Heal, rank: 4, count: 2
    Greater Heal, rank: 1, count: 4
    Greater Heal, rank: 4, count: 3
    Flash Heal, rank: 7, count: 0
    Renew, rank: 10, count: 3
    Prayer of Healing, rank: 5, count: 0
    pve info: 1
    hps: 264.055
For 300 s fights:
    casts: 4, ticks: 9, ticks_oom: 0
    Heal, rank: 2, count: 3
    Heal, rank: 4, count: 0
    Greater Heal, rank: 1, count: 3
    Greater Heal, rank: 4, count: 1
    Flash Heal, rank: 7, count: 0
    Renew, rank: 10, count: 1
    Prayer of Healing, rank: 5, count: 0
    pve info: 1
    hps: 242.354
For 360 s fights:
    casts: 4, ticks: 10, ticks_oom: 0
    Heal, rank: 2, count: 1
    Heal, rank: 4, count: 0
    Greater Heal, rank: 1, count: 2
    Greater Heal, rank: 4, count: 1
    Flash Heal, rank: 7, count: 0
    Renew, rank: 10, count: 1
    Prayer of Healing, rank: 5, count: 0
    pve info: 1
    hps: 229.034
.
*** NEW BEST: 296.246 ***

*** NEW BEST: 302.436 ***

*** NEW BEST: 306.305 ***

*** NEW BEST: 311.296 ***

*** NEW BEST: 314.587 ***

*** NEW BEST: 321.519 ***

*** NEW BEST: 325.871 ***

*** NEW BEST: 333.994 ***

*** NEW BEST: 336.103 ***

*** NEW BEST: 336.793 ***

*** NEW BEST: 338.095 ***
...
*** NEW BEST: 344.857 ***

*** NEW BEST: 345.764 ***
..
*** NEW BEST: 346.156 ***
..
*** NEW BEST: 346.224 ***

*** NEW BEST: 347.759 ***
.
*** NEW BEST: 348.212 ***

*** NEW BEST: 348.336 ***
....................Temporary bans and partial set bonuses off.
.head : circlet of prophecy -> halo of transcendence => val: 341.475 -> 348.254

*** NEW BEST: 348.254 ***
Current relative stat values for matching or exceeding +50 pts of sp
int: 151.586
spi: 124.936
sta: 0
agi: 0
mp5: 406.587
sp: 100
sp_shadow: 0
sp_healing: 100
spell crit: 342.488
spell hit: 0
arcane res: 0
nature res: 0
fire res: 0
frost res: 0
shadow res: 0
armor: 0
defense: 0
dodge: 0
parry: 0
....***** INTERMEDIATE RESULTS *****
Iteration: 34
 ----------------------------
 --- head --- 
name: halo of transcendence
slot: head
intelligence: 27
stamina: 17
spirit: 22
sp_healing: 48
fire_res: 10
frost_res: 10
armor: 94
 ----------------------------
 --- neck --- 
name: choker of enlightenment
slot: neck
intelligence: 10
stamina: 9
spirit: 10
sp: 18
 ----------------------------
 --- shoulders --- 
name: mantle of prophecy
slot: shoulders
intelligence: 23
stamina: 13
spirit: 10
sp: 9
shadow_res: 7
armor: 76
 ----------------------------
 --- back --- 
name: hide of the wild
slot: back
intelligence: 10
stamina: 8
sp_healing: 42
armor: 48
 ----------------------------
 --- chest --- 
name: truefaith vestments
slot: chest
stamina: 14
sp_healing: 73
mp5: 6
armor: 96
 ----------------------------
 --- wrists --- 
name: vambraces of prophecy
slot: wrists
intelligence: 14
stamina: 8
spirit: 10
sp_healing: 24
mp5: 2
armor: 44
 ----------------------------
 --- two-hand --- 
name: benediction
slot: two-hand
intelligence: 31
stamina: 10
spirit: 12
sp_healing: 106
spell_crit: 2
shadow_res: 20
 ----------------------------
 ---  --- 
name: 
slot: 
 ----------------------------
 ---  --- 
name: 
slot: 
 ----------------------------
 ---  --- 
name: 
slot: 
 ----------------------------
 --- ranged --- 
name: lunar wand of healing
slot: ranged
sp_healing: 20
 ----------------------------
 --- hands --- 
name: gloves of prophecy
slot: hands
intelligence: 15
stamina: 10
spirit: 15
sp_healing: 18
mp5: 6
fire_res: 7
armor: 63
 ----------------------------
 --- waist --- 
name: girdle of prophecy
slot: waist
intelligence: 22
stamina: 10
spirit: 10
sp: 9
mp5: 4
fire_res: 7
armor: 57
 ----------------------------
 --- legs --- 
name: leggings of transcendence
slot: legs
intelligence: 21
stamina: 16
spirit: 21
sp_healing: 46
mp5: 7
arcane_res: 10
shadow_res: 10
armor: 101
 ----------------------------
 --- feet --- 
name: boots of prophecy
slot: feet
intelligence: 18
stamina: 17
spirit: 15
sp_healing: 18
shadow_res: 7
armor: 70
 ----------------------------
 --- finger --- 
name: band of sulfuras
slot: finger
intelligence: 23
stamina: 13
spirit: 10
 ----------------------------
 --- finger --- 
name: cauterizing band
slot: finger
intelligence: 12
stamina: 9
sp_healing: 46
 ----------------------------
 --- trinket --- 
name: royal seal of eldre'thalas
slot: trinket
sp_healing: 33
mp5: 4
 ----------------------------
 --- trinket --- 
name: shard of the scale
slot: trinket
mp5: 16
 ----------------------------
 --- Set bonuses ---
name: 
slot: Set bonuses
------------------
Best value: 348.254
------------------
Char stats: 
Effective hp: 6123
Effective mana: 10237.2
Raw max mana: 7139.6
Int: 370.667
Stam: 205
Spirit: 265
Strength: 34
Agility: 38
Mp5: 71.8
Sp: 36
Sp shadow: 0
Sp healing: 474
Spell crit: 1.55107
Spell hit: 0
Arcane res: 10
Nature res: 0
Fire res: 24
Frost res: 10
Shadow res: 44
Armor: 2463
Defense: 300
Dodge: 0
Parry: 0
HpsPvp: 959.617
ShadowDps: 210.971
Value pvp healing: 504.849
Value pvp shadow: 24.4013
------------------
Best counts:
For 120 s fights:
    casts: 8, ticks: 9, ticks_oom: 0
    Heal, rank: 2, count: 1
    Heal, rank: 4, count: 0
    Greater Heal, rank: 1, count: 8
    Greater Heal, rank: 4, count: 2
    Flash Heal, rank: 7, count: 0
    Renew, rank: 10, count: 2
    Prayer of Healing, rank: 5, count: 0
    pve info: 1
    hps: 452.453
For 180 s fights:
    casts: 9, ticks: 10, ticks_oom: 0
    Heal, rank: 2, count: 5
    Heal, rank: 4, count: 0
    Greater Heal, rank: 1, count: 6
    Greater Heal, rank: 4, count: 1
    Flash Heal, rank: 7, count: 0
    Renew, rank: 10, count: 2
    Prayer of Healing, rank: 5, count: 0
    pve info: 1
    hps: 367.372
For 240 s fights:
    casts: 5, ticks: 10, ticks_oom: 0
    Heal, rank: 2, count: 6
    Heal, rank: 4, count: 1
    Greater Heal, rank: 1, count: 3
    Greater Heal, rank: 4, count: 3
    Flash Heal, rank: 7, count: 0
    Renew, rank: 10, count: 3
    Prayer of Healing, rank: 5, count: 0
    pve info: 1
    hps: 330.512
For 300 s fights:
    casts: 5, ticks: 10, ticks_oom: 0
    Heal, rank: 2, count: 2
    Heal, rank: 4, count: 0
    Greater Heal, rank: 1, count: 5
    Greater Heal, rank: 4, count: 2
    Flash Heal, rank: 7, count: 0
    Renew, rank: 10, count: 1
    Prayer of Healing, rank: 5, count: 0
    pve info: 1
    hps: 306.102
For 360 s fights:
    casts: 5, ticks: 9, ticks_oom: 0
    Heal, rank: 2, count: 3
    Heal, rank: 4, count: 0
    Greater Heal, rank: 1, count: 1
    Greater Heal, rank: 4, count: 1
    Flash Heal, rank: 7, count: 0
    Renew, rank: 10, count: 1
    Prayer of Healing, rank: 5, count: 0
    pve info: 1
    hps: 284.833
------------------
Upgrades: 
quel'dorai channeling rod(14.3075) -> benediction(33.2411) : 18.9336 = +5.74928%
briarwood reed(4.96765) -> shard of the scale(14.5188) : 9.55115 = +2.81992%
atal'ai gloves of the owl(9.93616) -> gloves of prophecy(17.9652) : 8.02905 = +2.35992%
devout robe(10.0626) -> truefaith vestments(17.7116) : 7.64896 = +2.24569%
devout bracers(5.8913) -> vambraces of prophecy(12.8091) : 6.91785 = +2.02669%
thuzadin sash(9.07251) -> girdle of prophecy(14.9467) : 5.87418 = +1.71569%
devout sandals(8.07797) -> boots of prophecy(12.9274) : 4.8494 = +1.41215%
pants of prophecy(23.4233) -> leggings of transcendence(27.7167) : 4.29343 = +1.24823%
rosewine circle(8.72363) -> cauterizing band(11.4408) : 2.71716 = +0.786359%
devout mantle(9.22455) -> mantle of prophecy(11.4385) : 2.21393 = +0.639789%
fordring's seal(8.13309) -> band of sulfuras(9.86734) : 1.73425 = +0.500477%
dragon finger of intellect(2.25473) -> lunar wand of healing(3.59521) : 1.34048 = +0.386403%
animated chain necklace(7.94989) -> choker of enlightenment(8.90555) : 0.955658 = +0.275169%
halo of transcendence(23.7078) -> halo of transcendence(23.7078) : 0 = +0%
hide of the wild(10.0343) -> hide of the wild(10.0343) : 0 = +0%
royal seal of eldre'thalas(8.68555) -> royal seal of eldre'thalas(8.68555) : 0 = +0%
------------------
~~~~ end of intermediate results ~~~~
Temporary bans and partial set bonuses on.
..
*** NEW BEST: 348.806 ***
Current relative stat values for matching or exceeding +50 pts of sp
int: 152.454
spi: 121.261
sta: 0
agi: 0
mp5: 397.135
sp: 100
sp_shadow: 0
sp_healing: 100
spell crit: 326.063
spell hit: 0
arcane res: 0
nature res: 0
fire res: 0
frost res: 0
shadow res: 0
armor: 0
defense: 0
dodge: 0
parry: 0

*** NEW BEST: 348.849 ***
Current relative stat values for matching or exceeding +50 pts of sp
int: 148.472
spi: 116.179
sta: 0
agi: 0
mp5: 386.678
sp: 100
sp_shadow: 0
sp_healing: 100
spell crit: 324.682
spell hit: 0
arcane res: 0
nature res: 0
fire res: 0
frost res: 0
shadow res: 0
armor: 0
defense: 0
dodge: 0
parry: 0
................
*** NEW BEST: 349.243 ***
Current relative stat values for matching or exceeding +50 pts of sp
int: 146.358
spi: 113.141
sta: 0
agi: 0
mp5: 379.685
sp: 100
sp_shadow: 0
sp_healing: 100
spell crit: 327.22
spell hit: 0
arcane res: 0
nature res: 0
fire res: 0
frost res: 0
shadow res: 0
armor: 0
defense: 0
dodge: 0
parry: 0
..Temporary bans and partial set bonuses off.
........***** INTERMEDIATE RESULTS *****
Iteration: 62
 ----------------------------
 --- head --- 
name: halo of transcendence
slot: head
intelligence: 27
stamina: 17
spirit: 22
sp_healing: 48
fire_res: 10
frost_res: 10
armor: 94
 ----------------------------
 --- neck --- 
name: choker of enlightenment
slot: neck
intelligence: 10
stamina: 9
spirit: 10
sp: 18
 ----------------------------
 --- shoulders --- 
name: mantle of prophecy
slot: shoulders
intelligence: 23
stamina: 13
spirit: 10
sp: 9
shadow_res: 7
armor: 76
 ----------------------------
 --- back --- 
name: hide of the wild
slot: back
intelligence: 10
stamina: 8
sp_healing: 42
armor: 48
 ----------------------------
 --- chest --- 
name: truefaith vestments
slot: chest
stamina: 14
sp_healing: 73
mp5: 6
armor: 96
 ----------------------------
 --- wrists --- 
name: vambraces of prophecy
slot: wrists
intelligence: 14
stamina: 8
spirit: 10
sp_healing: 24
mp5: 2
armor: 44
 ----------------------------
 --- two-hand --- 
name: benediction
slot: two-hand
intelligence: 31
stamina: 10
spirit: 12
sp_healing: 106
spell_crit: 2
shadow_res: 20
 ----------------------------
 ---  --- 
name: 
slot: 
 ----------------------------
 ---  --- 
name: 
slot: 
 ----------------------------
 ---  --- 
name: 
slot: 
 ----------------------------
 --- ranged --- 
name: lunar wand of healing
slot: ranged
sp_healing: 20
 ----------------------------
 --- hands --- 
name: gloves of prophecy
slot: hands
intelligence: 15
stamina: 10
spirit: 15
sp_healing: 18
mp5: 6
fire_res: 7
armor: 63
 ----------------------------
 --- waist --- 
name: girdle of prophecy
slot: waist
intelligence: 22
stamina: 10
spirit: 10
sp: 9
mp5: 4
fire_res: 7
armor: 57
 ----------------------------
 --- legs --- 
name: leggings of transcendence
slot: legs
intelligence: 21
stamina: 16
spirit: 21
sp_healing: 46
mp5: 7
arcane_res: 10
shadow_res: 10
armor: 101
 ----------------------------
 --- feet --- 
name: boots of prophecy
slot: feet
intelligence: 18
stamina: 17
spirit: 15
sp_healing: 18
shadow_res: 7
armor: 70
 ----------------------------
 --- finger --- 
name: rosewine circle
slot: finger
sp_healing: 29
mp5: 5
 ----------------------------
 --- finger --- 
name: cauterizing band
slot: finger
intelligence: 12
stamina: 9
sp_healing: 46
 ----------------------------
 --- trinket --- 
name: mindtap talisman
slot: trinket
mp5: 11
 ----------------------------
 --- trinket --- 
name: shard of the scale
slot: trinket
mp5: 16
 ----------------------------
 --- Set bonuses ---
name: 
slot: Set bonuses
------------------
Best value: 349.243
------------------
Char stats: 
Effective hp: 5992.2
Effective mana: 10079.5
Raw max mana: 6794.6
Int: 347.667
Stam: 192
Spirit: 255
Strength: 34
Agility: 38
Mp5: 83.8
Sp: 36
Sp shadow: 0
Sp healing: 470
Spell crit: 1.55107
Spell hit: 0
Arcane res: 10
Nature res: 0
Fire res: 24
Frost res: 10
Shadow res: 44
Armor: 2463
Defense: 300
Dodge: 0
Parry: 0
HpsPvp: 957.56
ShadowDps: 210.107
Value pvp healing: 474.02
Value pvp shadow: 22.8216
------------------
Best counts:
For 120 s fights:
    casts: 8, ticks: 9, ticks_oom: 0
    Heal, rank: 2, count: 1
    Heal, rank: 4, count: 0
    Greater Heal, rank: 1, count: 8
    Greater Heal, rank: 4, count: 2
    Flash Heal, rank: 7, count: 0
    Renew, rank: 10, count: 2
    Prayer of Healing, rank: 5, count: 0
    pve info: 1
    hps: 448.086
For 180 s fights:
    casts: 9, ticks: 10, ticks_oom: 0
    Heal, rank: 2, count: 6
    Heal, rank: 4, count: 0
    Greater Heal, rank: 1, count: 8
    Greater Heal, rank: 4, count: 2
    Flash Heal, rank: 7, count: 0
    Renew, rank: 10, count: 2
    Prayer of Healing, rank: 5, count: 0
    pve info: 1
    hps: 369.477
For 240 s fights:
    casts: 5, ticks: 10, ticks_oom: 0
    Heal, rank: 2, count: 6
    Heal, rank: 4, count: 1
    Greater Heal, rank: 1, count: 3
    Greater Heal, rank: 4, count: 3
    Flash Heal, rank: 7, count: 0
    Renew, rank: 10, count: 3
    Prayer of Healing, rank: 5, count: 0
    pve info: 1
    hps: 330.833
For 300 s fights:
    casts: 5, ticks: 10, ticks_oom: 0
    Heal, rank: 2, count: 2
    Heal, rank: 4, count: 0
    Greater Heal, rank: 1, count: 5
    Greater Heal, rank: 4, count: 2
    Flash Heal, rank: 7, count: 0
    Renew, rank: 10, count: 1
    Prayer of Healing, rank: 5, count: 0
    pve info: 1
    hps: 307.182
For 360 s fights:
    casts: 8, ticks: 10, ticks_oom: 0
    Heal, rank: 2, count: 4
    Heal, rank: 4, count: 0
    Greater Heal, rank: 1, count: 0
    Greater Heal, rank: 4, count: 0
    Flash Heal, rank: 7, count: 0
    Renew, rank: 10, count: 1
    Prayer of Healing, rank: 5, count: 0
    pve info: 1
    hps: 290.639
------------------
Upgrades: 
quel'dorai channeling rod(14.7933) -> benediction(34.4458) : 19.6525 = +5.96269%
briarwood reed(5.10419) -> shard of the scale(15.8744) : 10.7702 = +3.182%
atal'ai gloves of the owl(10.2973) -> gloves of prophecy(19.2517) : 8.95444 = +2.63142%
devout robe(10.6356) -> truefaith vestments(19.0888) : 8.45316 = +2.48046%
devout bracers(7.85922) -> vambraces of prophecy(14.8811) : 7.02188 = +2.05185%
thuzadin sash(9.81979) -> girdle of prophecy(16.4561) : 6.63632 = +1.93701%
devout sandals(9.53979) -> boots of prophecy(14.6276) : 5.0878 = +1.47834%
pants of prophecy(23.6895) -> leggings of transcendence(28.3984) : 4.70889 = +1.36674%
fordring's seal(8.30893) -> cauterizing band(11.9027) : 3.59375 = +1.03971%
devout mantle(10.5925) -> mantle of prophecy(13.2165) : 2.62399 = +0.757024%
dragon finger of intellect(1.96487) -> lunar wand of healing(3.74408) : 1.77921 = +0.512054%
animated chain necklace(8.82544) -> choker of enlightenment(9.67789) : 0.852448 = +0.244681%
royal seal of eldre'thalas(10.5137) -> mindtap talisman(11.0576) : 0.543823 = +0.155957%
halo of transcendence(24.9476) -> halo of transcendence(24.9476) : 0 = +0%
hide of the wild(10.6855) -> hide of the wild(10.6855) : 0 = +0%
rosewine circle(9.0813) -> rosewine circle(9.0813) : 0 = +0%
------------------
~~~~ end of intermediate results ~~~~
Temporary bans and partial set bonuses on.
...
*** NEW BEST: 349.664 ***
Current relative stat values for matching or exceeding +50 pts of sp
int: 145.924
spi: 114.605
sta: 0
agi: 0
mp5: 387.96
sp: 100
sp_shadow: 0
sp_healing: 100
spell crit: 327.453
spell hit: 0
arcane res: 0
nature res: 0
fire res: 0
frost res: 0
shadow res: 0
armor: 0
defense: 0
dodge: 0
parry: 0
.......................Temporary bans and partial set bonuses off.
.feet : boots of the full moon -> boots of prophecy => val: 347.929 -> 349.319
neck : choker of enlightenment -> choker of the fire lord => val: 349.319 -> 349.347

*** NEW BEST: 349.347 ***
Current relative stat values for matching or exceeding +50 pts of sp
int: 147.577
spi: 117.214
sta: 0
agi: 0
mp5: 391.913
sp: 100
sp_shadow: 0
sp_healing: 100
spell crit: 330.78
spell hit: 0
arcane res: 0
nature res: 0
fire res: 0
frost res: 0
shadow res: 0
armor: 0
defense: 0
dodge: 0
parry: 0
....***** INTERMEDIATE RESULTS *****
Iteration: 93
 ----------------------------
 --- head --- 
name: halo of transcendence
slot: head
intelligence: 27
stamina: 17
spirit: 22
sp_healing: 48
fire_res: 10
frost_res: 10
armor: 94
 ----------------------------
 --- neck --- 
name: choker of the fire lord
slot: neck
intelligence: 7
stamina: 7
sp: 34
 ----------------------------
 --- shoulders --- 
name: mantle of prophecy
slot: shoulders
intelligence: 23
stamina: 13
spirit: 10
sp: 9
shadow_res: 7
armor: 76
 ----------------------------
 --- back --- 
name: hide of the wild
slot: back
intelligence: 10
stamina: 8
sp_healing: 42
armor: 48
 ----------------------------
 --- chest --- 
name: truefaith vestments
slot: chest
stamina: 14
sp_healing: 73
mp5: 6
armor: 96
 ----------------------------
 --- wrists --- 
name: vambraces of prophecy
slot: wrists
intelligence: 14
stamina: 8
spirit: 10
sp_healing: 24
mp5: 2
armor: 44
 ----------------------------
 --- two-hand --- 
name: benediction
slot: two-hand
intelligence: 31
stamina: 10
spirit: 12
sp_healing: 106
spell_crit: 2
shadow_res: 20
 ----------------------------
 ---  --- 
name: 
slot: 
 ----------------------------
 ---  --- 
name: 
slot: 
 ----------------------------
 ---  --- 
name: 
slot: 
 ----------------------------
 --- ranged --- 
name: lunar wand of healing
slot: ranged
sp_healing: 20
 ----------------------------
 --- hands --- 
name: gloves of prophecy
slot: hands
intelligence: 15
stamina: 10
spirit: 15
sp_healing: 18
mp5: 6
fire_res: 7
armor: 63
 ----------------------------
 --- waist --- 
name: girdle of prophecy
slot: waist
intelligence: 22
stamina: 10
spirit: 10
sp: 9
mp5: 4
fire_res: 7
armor: 57
 ----------------------------
 --- legs --- 
name: leggings of transcendence
slot: legs
intelligence: 21
stamina: 16
spirit: 21
sp_healing: 46
mp5: 7
arcane_res: 10
shadow_res: 10
armor: 101
 ----------------------------
 --- feet --- 
name: boots of prophecy
slot: feet
intelligence: 18
stamina: 17
spirit: 15
sp_healing: 18
shadow_res: 7
armor: 70
 ----------------------------
 --- finger --- 
name: band of sulfuras
slot: finger
intelligence: 23
stamina: 13
spirit: 10
 ----------------------------
 --- finger --- 
name: cauterizing band
slot: finger
intelligence: 12
stamina: 9
sp_healing: 46
 ----------------------------
 --- trinket --- 
name: royal seal of eldre'thalas
slot: trinket
sp_healing: 33
mp5: 4
 ----------------------------
 --- trinket --- 
name: shard of the scale
slot: trinket
mp5: 16
 ----------------------------
 --- Set bonuses ---
name: 
slot: Set bonuses
------------------
Best value: 349.347
------------------
Char stats: 
Effective hp: 6106.2
Effective mana: 10139.5
Raw max mana: 7094.6
Int: 367.667
Stam: 203
Spirit: 255
Strength: 34
Agility: 38
Mp5: 71.8
Sp: 52
Sp shadow: 0
Sp healing: 474
Spell crit: 1.55107
Spell hit: 0
Arcane res: 10
Nature res: 0
Fire res: 24
Frost res: 10
Shadow res: 44
Armor: 2463
Defense: 300
Dodge: 0
Parry: 0
HpsPvp: 965.008
ShadowDps: 214.054
Value pvp healing: 502.891
Value pvp shadow: 24.7433
------------------
Best counts:
For 120 s fights:
    casts: 8, ticks: 9, ticks_oom: 0
    Heal, rank: 2, count: 1
    Heal, rank: 4, count: 0
    Greater Heal, rank: 1, count: 8
    Greater Heal, rank: 4, count: 2
    Flash Heal, rank: 7, count: 0
    Renew, rank: 10, count: 2
    Prayer of Healing, rank: 5, count: 0
    pve info: 1
    hps: 452.699
For 180 s fights:
    casts: 9, ticks: 10, ticks_oom: 0
    Heal, rank: 2, count: 6
    Heal, rank: 4, count: 0
    Greater Heal, rank: 1, count: 8
    Greater Heal, rank: 4, count: 2
    Flash Heal, rank: 7, count: 0
    Renew, rank: 10, count: 2
    Prayer of Healing, rank: 5, count: 0
    pve info: 1
    hps: 371.195
For 240 s fights:
    casts: 5, ticks: 10, ticks_oom: 0
    Heal, rank: 2, count: 6
    Heal, rank: 4, count: 1
    Greater Heal, rank: 1, count: 3
    Greater Heal, rank: 4, count: 3
    Flash Heal, rank: 7, count: 0
    Renew, rank: 10, count: 3
    Prayer of Healing, rank: 5, count: 0
    pve info: 1
    hps: 329.861
For 300 s fights:
    casts: 5, ticks: 10, ticks_oom: 0
    Heal, rank: 2, count: 2
    Heal, rank: 4, count: 0
    Greater Heal, rank: 1, count: 5
    Greater Heal, rank: 4, count: 2
    Flash Heal, rank: 7, count: 0
    Renew, rank: 10, count: 1
    Prayer of Healing, rank: 5, count: 0
    pve info: 1
    hps: 305.291
For 360 s fights:
    casts: 8, ticks: 10, ticks_oom: 0
    Heal, rank: 2, count: 5
    Heal, rank: 4, count: 0
    Greater Heal, rank: 1, count: 0
    Greater Heal, rank: 4, count: 0
    Flash Heal, rank: 7, count: 0
    Renew, rank: 10, count: 1
    Prayer of Healing, rank: 5, count: 0
    pve info: 1
    hps: 287.688
------------------
Upgrades: 
quel'dorai channeling rod(15.9348) -> benediction(35.4519) : 19.517 = +5.9173%
briarwood reed(5.07718) -> shard of the scale(16.6476) : 11.5704 = +3.42545%
atal'ai gloves of the owl(9.5383) -> gloves of prophecy(20.1107) : 10.5724 = +3.12077%
devout bracers(7.39639) -> vambraces of prophecy(16.3676) : 8.97125 = +2.63569%
thuzadin sash(8.89597) -> girdle of prophecy(17.3367) : 8.44077 = +2.47598%
devout robe(12.1617) -> truefaith vestments(20.3286) : 8.1669 = +2.39372%
devout sandals(9.46967) -> boots of prophecy(15.6599) : 6.19019 = +1.80389%
pants of prophecy(25.9284) -> leggings of transcendence(30.7301) : 4.8017 = +1.39363%
fordring's seal(7.81302) -> band of sulfuras(12.4958) : 4.6828 = +1.35866%
devout mantle(11.3395) -> mantle of prophecy(14.0811) : 2.74155 = +0.790971%
rosewine circle(10.9609) -> cauterizing band(13.6912) : 2.73029 = +0.787696%
dragon finger of intellect(2.22803) -> lunar wand of healing(3.7189) : 1.49088 = +0.42859%
animated chain necklace(8.67987) -> choker of the fire lord(9.35532) : 0.675446 = +0.19372%
halo of transcendence(25.8471) -> halo of transcendence(25.8471) : 0 = +0%
hide of the wild(12.3249) -> hide of the wild(12.3249) : 0 = +0%
royal seal of eldre'thalas(10.9521) -> royal seal of eldre'thalas(10.9521) : 0 = +0%
------------------
~~~~ end of intermediate results ~~~~
Temporary bans and partial set bonuses on.
....
*** NEW BEST: 349.423 ***
Current relative stat values for matching or exceeding +50 pts of sp
int: 153.329
spi: 121.016
sta: 0
agi: 0
mp5: 399.231
sp: 100
sp_shadow: 0
sp_healing: 100
spell crit: 329.797
spell hit: 0
arcane res: 0
nature res: 0
fire res: 0
frost res: 0
shadow res: 0
armor: 0
defense: 0
dodge: 0
parry: 0
....
*** NEW BEST: 349.664 ***
Current relative stat values for matching or exceeding +50 pts of sp
int: 145.924
spi: 114.605
sta: 0
agi: 0
mp5: 387.96
sp: 100
sp_shadow: 0
sp_healing: 100
spell crit: 327.453
spell hit: 0
arcane res: 0
nature res: 0
fire res: 0
frost res: 0
shadow res: 0
armor: 0
defense: 0
dodge: 0
parry: 0
................Temporary bans and partial set bonuses off.
.head : circlet of prophecy -> halo of transcendence => val: 341.631 -> 348.874
ranged : mana channeling wand -> lunar wand of healing => val: 348.874 -> 348.983
neck : choker of the fire lord -> choker of enlightenment => val: 348.983 -> 349.664
........***** INTERMEDIATE RESULTS *****
Iteration: 126
 ----------------------------
 --- head --- 
name: halo of transcendence
slot: head
intelligence: 27
stamina: 17
spirit: 22
sp_healing: 48
fire_res: 10
frost_res: 10
armor: 94
 ----------------------------
 --- neck --- 
name: choker of enlightenment
slot: neck
intelligence: 10
stamina: 9
spirit: 10
sp: 18
 ----------------------------
 --- shoulders --- 
name: mantle of prophecy
slot: shoulders
intelligence: 23
stamina: 13
spirit: 10
sp: 9
shadow_res: 7
armor: 76
 ----------------------------
 --- back --- 
name: hide of the wild
slot: back
intelligence: 10
stamina: 8
sp_healing: 42
armor: 48
 ----------------------------
 --- chest --- 
name: truefaith vestments
slot: chest
stamina: 14
sp_healing: 73
mp5: 6
armor: 96
 ----------------------------
 --- wrists --- 
name: vambraces of prophecy
slot: wrists
intelligence: 14
stamina: 8
spirit: 10
sp_healing: 24
mp5: 2
armor: 44
 ----------------------------
 --- two-hand --- 
name: benediction
slot: two-hand
intelligence: 31
stamina: 10
spirit: 12
sp_healing: 106
spell_crit: 2
shadow_res: 20
 ----------------------------
 ---  --- 
name: 
slot: 
 ----------------------------
 ---  --- 
name: 
slot: 
 ----------------------------
 ---  --- 
name: 
slot: 
 ----------------------------
 --- ranged --- 
name: lunar wand of healing
slot: ranged
sp_healing: 20
 ----------------------------
 --- hands --- 
name: gloves of prophecy
slot: hands
intelligence: 15
stamina: 10
spirit: 15
sp_healing: 18
mp5: 6
fire_res: 7
armor: 63
 ----------------------------
 --- waist --- 
name: girdle of prophecy
slot: waist
intelligence: 22
stamina: 10
spirit: 10
sp: 9
mp5: 4
fire_res: 7
armor: 57
 ----------------------------
 --- legs --- 
name: leggings of transcendence
slot: legs
intelligence: 21
stamina: 16
spirit: 21
sp_healing: 46
mp5: 7
arcane_res: 10
shadow_res: 10
armor: 101
 ----------------------------
 --- feet --- 
name: boots of prophecy
slot: feet
intelligence: 18
stamina: 17
spirit: 15
sp_healing: 18
shadow_res: 7
armor: 70
 ----------------------------
 --- finger --- 
name: band of sulfuras
slot: finger
intelligence: 23
stamina: 13
spirit: 10
 ----------------------------
 --- finger --- 
name: cauterizing band
slot: finger
intelligence: 12
stamina: 9
sp_healing: 46
 ----------------------------
 --- trinket --- 
name: royal seal of eldre'thalas
slot: trinket
sp_healing: 33
mp5: 4
 ----------------------------
 --- trinket --- 
name: shard of the scale
slot: trinket
mp5: 16
 ----------------------------
 --- Set bonuses ---
name: 
slot: Set bonuses
------------------
Best value: 349.664
------------------
Char stats: 
Effective hp: 6123
Effective mana: 10237.2
Raw max mana: 7139.6
Int: 370.667
Stam: 205
Spirit: 265
Strength: 34
Agility: 38
Mp5: 71.8
Sp: 36
Sp shadow: 0
Sp healing: 474
Spell crit: 1.55107
Spell hit: 0
Arcane res: 10
Nature res: 0
Fire res: 24
Frost res: 10
Shadow res: 44
Armor: 2463
Defense: 300
Dodge: 0
Parry: 0
HpsPvp: 959.617
ShadowDps: 210.971
Value pvp healing: 504.849
Value pvp shadow: 24.4013
------------------
Best counts:
For 120 s fights:
    casts: 8, ticks: 9, ticks_oom: 0
    Heal, rank: 2, count: 1
    Heal, rank: 4, count: 0
    Greater Heal, rank: 1, count: 8
    Greater Heal, rank: 4, count: 2
    Flash Heal, rank: 7, count: 0
    Renew, rank: 10, count: 2
    Prayer of Healing, rank: 5, count: 0
    pve info: 1
    hps: 452.453
For 180 s fights:
    casts: 9, ticks: 10, ticks_oom: 0
    Heal, rank: 2, count: 6
    Heal, rank: 4, count: 0
    Greater Heal, rank: 1, count: 8
    Greater Heal, rank: 4, count: 2
    Flash Heal, rank: 7, count: 0
    Renew, rank: 10, count: 2
    Prayer of Healing, rank: 5, count: 0
    pve info: 1
    hps: 370.565
For 240 s fights:
    casts: 5, ticks: 10, ticks_oom: 0
    Heal, rank: 2, count: 6
    Heal, rank: 4, count: 1
    Greater Heal, rank: 1, count: 3
    Greater Heal, rank: 4, count: 3
    Flash Heal, rank: 7, count: 0
    Renew, rank: 10, count: 3
    Prayer of Healing, rank: 5, count: 0
    pve info: 1
    hps: 330.512
For 300 s fights:
    casts: 5, ticks: 10, ticks_oom: 0
    Heal, rank: 2, count: 2
    Heal, rank: 4, count: 0
    Greater Heal, rank: 1, count: 5
    Greater Heal, rank: 4, count: 2
    Flash Heal, rank: 7, count: 0
    Renew, rank: 10, count: 1
    Prayer of Healing, rank: 5, count: 0
    pve info: 1
    hps: 306.102
For 360 s fights:
    casts: 8, ticks: 10, ticks_oom: 0
    Heal, rank: 2, count: 4
    Heal, rank: 4, count: 0
    Greater Heal, rank: 1, count: 0
    Greater Heal, rank: 4, count: 0
    Flash Heal, rank: 7, count: 0
    Renew, rank: 10, count: 1
    Prayer of Healing, rank: 5, count: 0
    pve info: 1
    hps: 288.686
------------------
Upgrades: 
quel'dorai channeling rod(15.1071) -> benediction(34.8092) : 19.7021 = +5.97104%
briarwood reed(5.13245) -> shard of the scale(15.6403) : 10.5079 = +3.09824%
atal'ai gloves of the owl(11.2145) -> gloves of prophecy(20.1546) : 8.94016 = +2.62387%
devout robe(10.3626) -> truefaith vestments(18.6433) : 8.28064 = +2.42562%
devout bracers(7.11752) -> vambraces of prophecy(14.6906) : 7.57303 = +2.21375%
thuzadin sash(9.5069) -> girdle of prophecy(16.8763) : 7.36942 = +2.15295%
devout sandals(9.88214) -> boots of prophecy(14.8669) : 4.98471 = +1.44619%
pants of prophecy(23.9467) -> leggings of transcendence(28.4175) : 4.47076 = +1.29515%
fordring's seal(8.51157) -> band of sulfuras(11.805) : 3.2934 = +0.950831%
rosewine circle(9.36429) -> cauterizing band(12.2578) : 2.89349 = +0.834413%
devout mantle(11.1224) -> mantle of prophecy(13.4037) : 2.28134 = +0.656724%
dragon finger of intellect(2.25925) -> lunar wand of healing(3.74252) : 1.48328 = +0.426008%
animated chain necklace(8.62076) -> choker of enlightenment(9.97546) : 1.35471 = +0.388938%
halo of transcendence(26.3121) -> halo of transcendence(26.3121) : 0 = +0%
hide of the wild(10.6136) -> hide of the wild(10.6136) : 0 = +0%
royal seal of eldre'thalas(9.42624) -> royal seal of eldre'thalas(9.42624) : 0 = +0%
------------------
~~~~ end of intermediate results ~~~~
Temporary bans and partial set bonuses on.
................................[Perf] spent in FindBestPveHealingCounts: 16.1858 s, that's: 5.34692 % of total.
Temporary bans and partial set bonuses off.
.
*** NEW BEST: 349.238 ***
Current relative stat values for matching or exceeding +50 pts of sp
int: 154.046
spi: 124.159
sta: 0
agi: 0
mp5: 413.498
sp: 100
sp_shadow: 0
sp_healing: 100
spell crit: 325.84
spell hit: 0
arcane res: 0
nature res: 0
fire res: 0
frost res: 0
shadow res: 0
armor: 0
defense: 0
dodge: 0
parry: 0
......***** INTERMEDIATE RESULTS *****
Iteration: 165
 ----------------------------
 --- head --- 
name: halo of transcendence
slot: head
intelligence: 27
stamina: 17
spirit: 22
sp_healing: 48
fire_res: 10
frost_res: 10
armor: 94
 ----------------------------
 --- neck --- 
name: choker of enlightenment
slot: neck
intelligence: 10
stamina: 9
spirit: 10
sp: 18
 ----------------------------
 --- shoulders --- 
name: mantle of prophecy
slot: shoulders
intelligence: 23
stamina: 13
spirit: 10
sp: 9
shadow_res: 7
armor: 76
 ----------------------------
 --- back --- 
name: hide of the wild
slot: back
intelligence: 10
stamina: 8
sp_healing: 42
armor: 48
 ----------------------------
 --- chest --- 
name: truefaith vestments
slot: chest
stamina: 14
sp_healing: 73
mp5: 6
armor: 96
 ----------------------------
 --- wrists --- 
name: vambraces of prophecy
slot: wrists
intelligence: 14
stamina: 8
spirit: 10
sp_healing: 24
mp5: 2
armor: 44
 ----------------------------
 --- two-hand --- 
name: benediction
slot: two-hand
intelligence: 31
stamina: 10
spirit: 12
sp_healing: 106
spell_crit: 2
shadow_res: 20
 ----------------------------
 ---  --- 
name: 
slot: 
 ----------------------------
 ---  --- 
name: 
slot: 
 ----------------------------
 ---  --- 
name: 
slot: 
 ----------------------------
 --- ranged --- 
name: lunar wand of healing
slot: ranged
sp_healing: 20
 ----------------------------
 --- hands --- 
name: gloves of prophecy
slot: hands
intelligence: 15
stamina: 10
spirit: 15
sp_healing: 18
mp5: 6
fire_res: 7
armor: 63
 ----------------------------
 --- waist --- 
name: girdle of prophecy
slot: waist
intelligence: 22
stamina: 10
spirit: 10
sp: 9
mp5: 4
fire_res: 7
armor: 57
 ----------------------------
 --- legs --- 
name: leggings of transcendence
slot: legs
intelligence: 21
stamina: 16
spirit: 21
sp_healing: 46
mp5: 7
arcane_res: 10
shadow_res: 10
armor: 101
 ----------------------------
 --- feet --- 
name: boots of prophecy
slot: feet
intelligence: 18
stamina: 17
spirit: 15
sp_healing: 18
shadow_res: 7
armor: 70
 ----------------------------
 --- finger --- 
name: rosewine circle
slot: finger
sp_healing: 29
mp5: 5
 ----------------------------
 --- finger --- 
name: cauterizing band
slot: finger
intelligence: 12
stamina: 9
sp_healing: 46
 ----------------------------
 --- trinket --- 
name: royal seal of eldre'thalas
slot: trinket
sp_healing: 33
mp5: 4
 ----------------------------
 --- trinket --- 
name: shard of the scale
slot: trinket
mp5: 16
 ----------------------------
 --- Set bonuses ---
name: 
slot: Set bonuses
------------------
Best value: 349.238
------------------
Char stats: 
Effective hp: 5998.8
Effective mana: 9939.48
Raw max mana: 6794.6
Int: 347.667
Stam: 192
Spirit: 255
Strength: 34
Agility: 38
Mp5: 76.8
Sp: 36
Sp shadow: 0
Sp healing: 503
Spell crit: 1.55107
Spell hit: 0
Arcane res: 10
Nature res: 0
Fire res: 24
Frost res: 10
Shadow res: 44
Armor: 2463
Defense: 300
Dodge: 0
Parry: 0
HpsPvp: 968.856
ShadowDps: 210.107
Value pvp healing: 479.584
Value pvp shadow: 22.5542
------------------
Best counts:
For 120 s fights:
    casts: 8, ticks: 9, ticks_oom: 0
    Heal, rank: 2, count: 1
    Heal, rank: 4, count: 0
    Greater Heal, rank: 1, count: 8
    Greater Heal, rank: 4, count: 2
    Flash Heal, rank: 7, count: 0
    Renew, rank: 10, count: 2
    Prayer of Healing, rank: 5, count: 0
    pve info: 1
    hps: 449.615
For 180 s fights:
    casts: 8, ticks: 10, ticks_oom: 0
    Heal, rank: 2, count: 7
    Heal, rank: 4, count: 0
    Greater Heal, rank: 1, count: 9
    Greater Heal, rank: 4, count: 1
    Flash Heal, rank: 7, count: 0
    Renew, rank: 10, count: 4
    Prayer of Healing, rank: 5, count: 0
    pve info: 1
    hps: 367.986
For 240 s fights:
    casts: 5, ticks: 10, ticks_oom: 0
    Heal, rank: 2, count: 6
    Heal, rank: 4, count: 1
    Greater Heal, rank: 1, count: 3
    Greater Heal, rank: 4, count: 3
    Flash Heal, rank: 7, count: 0
    Renew, rank: 10, count: 3
    Prayer of Healing, rank: 5, count: 0
    pve info: 1
    hps: 330.944
For 300 s fights:
    casts: 5, ticks: 10, ticks_oom: 0
    Heal, rank: 2, count: 2
    Heal, rank: 4, count: 0
    Greater Heal, rank: 1, count: 5
    Greater Heal, rank: 4, count: 2
    Flash Heal, rank: 7, count: 0
    Renew, rank: 10, count: 1
    Prayer of Healing, rank: 5, count: 0
    pve info: 1
    hps: 307.043
For 360 s fights:
    casts: 8, ticks: 10, ticks_oom: 0
    Heal, rank: 2, count: 5
    Heal, rank: 4, count: 0
    Greater Heal, rank: 1, count: 0
    Greater Heal, rank: 4, count: 0
    Flash Heal, rank: 7, count: 0
    Renew, rank: 10, count: 1
    Prayer of Healing, rank: 5, count: 0
    pve info: 1
    hps: 290.604
------------------
Upgrades: 
quel'dorai channeling rod(14.6579) -> benediction(34.1844) : 19.5265 = +5.92229%
briarwood reed(5.15567) -> shard of the scale(14.9981) : 9.84241 = +2.89998%
atal'ai gloves of the owl(9.48044) -> gloves of prophecy(18.6664) : 9.18594 = +2.70133%
devout robe(11.2467) -> truefaith vestments(19.1285) : 7.88181 = +2.30897%
devout bracers(6.6254) -> vambraces of prophecy(14.3234) : 7.69797 = +2.2539%
thuzadin sash(8.67319) -> girdle of prophecy(15.5869) : 6.9137 = +2.01963%
devout sandals(8.61667) -> boots of prophecy(14.0494) : 5.43274 = +1.58018%
pants of prophecy(23.2829) -> leggings of transcendence(28.2577) : 4.97482 = +1.44506%
fordring's seal(8.41034) -> cauterizing band(12.369) : 3.95865 = +1.1465%
devout mantle(9.94531) -> mantle of prophecy(12.7647) : 2.8194 = +0.813869%
animated chain necklace(8.4809) -> choker of enlightenment(10.0706) : 1.58972 = +0.457278%
dragon finger of intellect(2.23425) -> lunar wand of healing(3.70691) : 1.47266 = +0.423462%
halo of transcendence(24.5903) -> halo of transcendence(24.5903) : 0 = +0%
hide of the wild(10.991) -> hide of the wild(10.991) : 0 = +0%
rosewine circle(10.0498) -> rosewine circle(10.0498) : 0 = +0%
royal seal of eldre'thalas(9.62186) -> royal seal of eldre'thalas(9.62186) : 0 = +0%
------------------
~~~~ end of intermediate results ~~~~
Temporary bans and partial set bonuses on.
.................................Temporary bans and partial set bonuses off.
.neck : choker of the fire lord -> choker of enlightenment => val: 348.633 -> 348.708
finger : band of sulfuras -> rosewine circle => val: 348.708 -> 348.778
.
*** NEW BEST: 349.238 ***
Current relative stat values for matching or exceeding +50 pts of sp
int: 154.046
spi: 124.159
sta: 0
agi: 0
mp5: 413.498
sp: 100
sp_shadow: 0
sp_healing: 100
spell crit: 325.84
spell hit: 0
arcane res: 0
nature res: 0
fire res: 0
frost res: 0
shadow res: 0
armor: 0
defense: 0
dodge: 0
parry: 0
....***** INTERMEDIATE RESULTS *****
Iteration: 204
 ----------------------------
 --- head --- 
name: halo of transcendence
slot: head
intelligence: 27
stamina: 17
spirit: 22
sp_healing: 48
fire_res: 10
frost_res: 10
armor: 94
 ----------------------------
 --- neck --- 
name: choker of enlightenment
slot: neck
intelligence: 10
stamina: 9
spirit: 10
sp: 18
 ----------------------------
 --- shoulders --- 
name: mantle of prophecy
slot: shoulders
intelligence: 23
stamina: 13
spirit: 10
sp: 9
shadow_res: 7
armor: 76
 ----------------------------
 --- back --- 
name: hide of the wild
slot: back
intelligence: 10
stamina: 8
sp_healing: 42
armor: 48
 ----------------------------
 --- chest --- 
name: truefaith vestments
slot: chest
stamina: 14
sp_healing: 73
mp5: 6
armor: 96
 ----------------------------
 --- wrists --- 
name: vambraces of prophecy
slot: wrists
intelligence: 14
stamina: 8
spirit: 10
sp_healing: 24
mp5: 2
armor: 44
 ----------------------------
 --- two-hand --- 
name: benediction
slot: two-hand
intelligence: 31
stamina: 10
spirit: 12
sp_healing: 106
spell_crit: 2
shadow_res: 20
 ----------------------------
 ---  --- 
name: 
slot: 
 ----------------------------
 ---  --- 
name: 
slot: 
 ----------------------------
 ---  --- 
name: 
slot: 
 ----------------------------
 --- ranged --- 
name: lunar wand of healing
slot: ranged
sp_healing: 20
 ----------------------------
 --- hands --- 
name: gloves of prophecy
slot: hands
intelligence: 15
stamina: 10
spirit: 15
sp_healing: 18
mp5: 6
fire_res: 7
armor: 63
 ----------------------------
 --- waist --- 
name: girdle of prophecy
slot: waist
intelligence: 22
stamina: 10
spirit: 10
sp: 9
mp5: 4
fire_res: 7
armor: 57
 ----------------------------
 --- legs --- 
name: leggings of transcendence
slot: legs
intelligence: 21
stamina: 16
spirit: 21
sp_healing: 46
mp5: 7
arcane_res: 10
shadow_res: 10
armor: 101
 ----------------------------
 --- feet --- 
name: boots of prophecy
slot: feet
intelligence: 18
stamina: 17
spirit: 15
sp_healing: 18
shadow_res: 7
armor: 70
 ----------------------------
 --- finger --- 
name: rosewine circle
slot: finger
sp_healing: 29
mp5: 5
 ----------------------------
 --- finger --- 
name: cauterizing band
slot: finger
intelligence: 12
stamina: 9
sp_healing: 46
 ----------------------------
 --- trinket --- 
name: royal seal of eldre'thalas
slot: trinket
sp_healing: 33
mp5: 4
 ----------------------------
 --- trinket --- 
name: shard of the scale
slot: trinket
mp5: 16
 ----------------------------
 --- Set bonuses ---
name: 
slot: Set bonuses
------------------
Best value: 349.238
------------------
Char stats: 
Effective hp: 5998.8
Effective mana: 9939.48
Raw max mana: 6794.6
Int: 347.667
Stam: 192
Spirit: 255
Strength: 34
Agility: 38
Mp5: 76.8
Sp: 36
Sp shadow: 0
Sp healing: 503
Spell crit: 1.55107
Spell hit: 0
Arcane res: 10
Nature res: 0
Fire res: 24
Frost res: 10
Shadow res: 44
Armor: 2463
Defense: 300
Dodge: 0
Parry: 0
HpsPvp: 968.856
ShadowDps: 210.107
Value pvp healing: 479.584
Value pvp shadow: 22.5542
------------------
Best counts:
For 120 s fights:
    casts: 8, ticks: 9, ticks_oom: 0
    Heal, rank: 2, count: 1
    Heal, rank: 4, count: 0
    Greater Heal, rank: 1, count: 8
    Greater Heal, rank: 4, count: 2
    Flash Heal, rank: 7, count: 0
    Renew, rank: 10, count: 2
    Prayer of Healing, rank: 5, count: 0
    pve info: 1
    hps: 449.615
For 180 s fights:
    casts: 8, ticks: 10, ticks_oom: 0
    Heal, rank: 2, count: 7
    Heal, rank: 4, count: 0
    Greater Heal, rank: 1, count: 9
    Greater Heal, rank: 4, count: 1
    Flash Heal, rank: 7, count: 0
    Renew, rank: 10, count: 4
    Prayer of Healing, rank: 5, count: 0
    pve info: 1
    hps: 367.986
For 240 s fights:
    casts: 5, ticks: 10, ticks_oom: 0
    Heal, rank: 2, count: 6
    Heal, rank: 4, count: 1
    Greater Heal, rank: 1, count: 3
    Greater Heal, rank: 4, count: 3
    Flash Heal, rank: 7, count: 0
    Renew, rank: 10, count: 3
    Prayer of Healing, rank: 5, count: 0
    pve info: 1
    hps: 330.944
For 300 s fights:
    casts: 5, ticks: 10, ticks_oom: 0
    Heal, rank: 2, count: 2
    Heal, rank: 4, count: 0
    Greater Heal, rank: 1, count: 5
    Greater Heal, rank: 4, count: 2
    Flash Heal, rank: 7, count: 0
    Renew, rank: 10, count: 1
    Prayer of Healing, rank: 5, count: 0
    pve info: 1
    hps: 307.043
For 360 s fights:
    casts: 8, ticks: 10, ticks_oom: 0
    Heal, rank: 2, count: 5
    Heal, rank: 4, count: 0
    Greater Heal, rank: 1, count: 0
    Greater Heal, rank: 4, count: 0
    Flash Heal, rank: 7, count: 0
    Renew, rank: 10, count: 1
    Prayer of Healing, rank: 5, count: 0
    pve info: 1
    hps: 290.604
------------------
Upgrades: 
quel'dorai channeling rod(14.6579) -> benediction(34.1844) : 19.5265 = +5.92229%
briarwood reed(5.15567) -> shard of the scale(14.9981) : 9.84241 = +2.89998%
atal'ai gloves of the owl(9.48044) -> gloves of prophecy(18.6664) : 9.18594 = +2.70133%
devout robe(11.2467) -> truefaith vestments(19.1285) : 7.88181 = +2.30897%
devout bracers(6.6254) -> vambraces of prophecy(14.3234) : 7.69797 = +2.2539%
thuzadin sash(8.67319) -> girdle of prophecy(15.5869) : 6.9137 = +2.01963%
devout sandals(8.61667) -> boots of prophecy(14.0494) : 5.43274 = +1.58018%
pants of prophecy(23.2829) -> leggings of transcendence(28.2577) : 4.97482 = +1.44506%
fordring's seal(8.41034) -> cauterizing band(12.369) : 3.95865 = +1.1465%
devout mantle(9.94531) -> mantle of prophecy(12.7647) : 2.8194 = +0.813869%
animated chain necklace(8.4809) -> choker of enlightenment(10.0706) : 1.58972 = +0.457278%
dragon finger of intellect(2.23425) -> lunar wand of healing(3.70691) : 1.47266 = +0.423462%
halo of transcendence(24.5903) -> halo of transcendence(24.5903) : 0 = +0%
hide of the wild(10.991) -> hide of the wild(10.991) : 0 = +0%
rosewine circle(10.0498) -> rosewine circle(10.0498) : 0 = +0%
royal seal of eldre'thalas(9.62186) -> royal seal of eldre'thalas(9.62186) : 0 = +0%
------------------
~~~~ end of intermediate results ~~~~
Same items for intermediate results again, ending optimization. 
 ----------------------------
 --- head --- 
name: halo of transcendence
slot: head
intelligence: 27
stamina: 17
spirit: 22
sp_healing: 48
fire_res: 10
frost_res: 10
armor: 94
 ----------------------------
 --- neck --- 
name: choker of enlightenment
slot: neck
intelligence: 10
stamina: 9
spirit: 10
sp: 18
 ----------------------------
 --- shoulders --- 
name: mantle of prophecy
slot: shoulders
intelligence: 23
stamina: 13
spirit: 10
sp: 9
shadow_res: 7
armor: 76
 ----------------------------
 --- back --- 
name: hide of the wild
slot: back
intelligence: 10
stamina: 8
sp_healing: 42
armor: 48
 ----------------------------
 --- chest --- 
name: truefaith vestments
slot: chest
stamina: 14
sp_healing: 73
mp5: 6
armor: 96
 ----------------------------
 --- wrists --- 
name: vambraces of prophecy
slot: wrists
intelligence: 14
stamina: 8
spirit: 10
sp_healing: 24
mp5: 2
armor: 44
 ----------------------------
 --- two-hand --- 
name: benediction
slot: two-hand
intelligence: 31
stamina: 10
spirit: 12
sp_healing: 106
spell_crit: 2
shadow_res: 20
 ----------------------------
 ---  --- 
name: 
slot: 
 ----------------------------
 ---  --- 
name: 
slot: 
 ----------------------------
 ---  --- 
name: 
slot: 
 ----------------------------
 --- ranged --- 
name: lunar wand of healing
slot: ranged
sp_healing: 20
 ----------------------------
 --- hands --- 
name: gloves of prophecy
slot: hands
intelligence: 15
stamina: 10
spirit: 15
sp_healing: 18
mp5: 6
fire_res: 7
armor: 63
 ----------------------------
 --- waist --- 
name: girdle of prophecy
slot: waist
intelligence: 22
stamina: 10
spirit: 10
sp: 9
mp5: 4
fire_res: 7
armor: 57
 ----------------------------
 --- legs --- 
name: leggings of transcendence
slot: legs
intelligence: 21
stamina: 16
spirit: 21
sp_healing: 46
mp5: 7
arcane_res: 10
shadow_res: 10
armor: 101
 ----------------------------
 --- feet --- 
name: boots of prophecy
slot: feet
intelligence: 18
stamina: 17
spirit: 15
sp_healing: 18
shadow_res: 7
armor: 70
 ----------------------------
 --- finger --- 
name: rosewine circle
slot: finger
sp_healing: 29
mp5: 5
 ----------------------------
 --- finger --- 
name: cauterizing band
slot: finger
intelligence: 12
stamina: 9
sp_healing: 46
 ----------------------------
 --- trinket --- 
name: royal seal of eldre'thalas
slot: trinket
sp_healing: 33
mp5: 4
 ----------------------------
 --- trinket --- 
name: shard of the scale
slot: trinket
mp5: 16
 ----------------------------
 --- Set bonuses ---
name: 
slot: Set bonuses
------------------
Char stats: 
Effective hp: 5998.8
Effective mana: 9939.48
Raw max mana: 6794.6
Int: 347.667
Stam: 192
Spirit: 255
Strength: 34
Agility: 38
Mp5: 76.8
Sp: 36
Sp shadow: 0
Sp healing: 503
Spell crit: 1.55107
Spell hit: 0
Arcane res: 10
Nature res: 0
Fire res: 24
Frost res: 10
Shadow res: 44
Armor: 2463
Defense: 300
Dodge: 0
Parry: 0
HpsPvp: 968.856
ShadowDps: 210.107
Value pvp healing: 479.584
Value pvp shadow: 22.5542
------------------
Best counts:
For 120 s fights:
    casts: 8, ticks: 9, ticks_oom: 0
    Heal, rank: 2, count: 1
    Heal, rank: 4, count: 0
    Greater Heal, rank: 1, count: 8
    Greater Heal, rank: 4, count: 2
    Flash Heal, rank: 7, count: 0
    Renew, rank: 10, count: 2
    Prayer of Healing, rank: 5, count: 0
    pve info: 1
    hps: 449.615
For 180 s fights:
    casts: 8, ticks: 10, ticks_oom: 0
    Heal, rank: 2, count: 7
    Heal, rank: 4, count: 0
    Greater Heal, rank: 1, count: 9
    Greater Heal, rank: 4, count: 1
    Flash Heal, rank: 7, count: 0
    Renew, rank: 10, count: 4
    Prayer of Healing, rank: 5, count: 0
    pve info: 1
    hps: 367.986
For 240 s fights:
    casts: 5, ticks: 10, ticks_oom: 0
    Heal, rank: 2, count: 6
    Heal, rank: 4, count: 1
    Greater Heal, rank: 1, count: 3
    Greater Heal, rank: 4, count: 3
    Flash Heal, rank: 7, count: 0
    Renew, rank: 10, count: 3
    Prayer of Healing, rank: 5, count: 0
    pve info: 1
    hps: 330.944
For 300 s fights:
    casts: 5, ticks: 10, ticks_oom: 0
    Heal, rank: 2, count: 2
    Heal, rank: 4, count: 0
    Greater Heal, rank: 1, count: 5
    Greater Heal, rank: 4, count: 2
    Flash Heal, rank: 7, count: 0
    Renew, rank: 10, count: 1
    Prayer of Healing, rank: 5, count: 0
    pve info: 1
    hps: 307.043
For 360 s fights:
    casts: 8, ticks: 10, ticks_oom: 0
    Heal, rank: 2, count: 5
    Heal, rank: 4, count: 0
    Greater Heal, rank: 1, count: 0
    Greater Heal, rank: 4, count: 0
    Flash Heal, rank: 7, count: 0
    Renew, rank: 10, count: 1
    Prayer of Healing, rank: 5, count: 0
    pve info: 1
    hps: 290.604
------------------
Current relative stat values for matching or exceeding +50 pts of sp
int: 154.046
spi: 124.159
sta: 0
agi: 0
mp5: 413.498
sp: 100
sp_shadow: 0
sp_healing: 100
spell crit: 325.84
spell hit: 0
arcane res: 0
nature res: 0
fire res: 0
frost res: 0
shadow res: 0
armor: 0
defense: 0
dodge: 0
parry: 0
------------------
Diffs to start: 
Upgrades: 
quel'dorai channeling rod(14.6579) -> benediction(34.1844) : 19.5265 = +5.92229%
briarwood reed(5.15567) -> shard of the scale(14.9981) : 9.84241 = +2.89998%
atal'ai gloves of the owl(9.48044) -> gloves of prophecy(18.6664) : 9.18594 = +2.70133%
devout robe(11.2467) -> truefaith vestments(19.1285) : 7.88181 = +2.30897%
devout bracers(6.6254) -> vambraces of prophecy(14.3234) : 7.69797 = +2.2539%
thuzadin sash(8.67319) -> girdle of prophecy(15.5869) : 6.9137 = +2.01963%
devout sandals(8.61667) -> boots of prophecy(14.0494) : 5.43274 = +1.58018%
pants of prophecy(23.2829) -> leggings of transcendence(28.2577) : 4.97482 = +1.44506%
fordring's seal(8.41034) -> cauterizing band(12.369) : 3.95865 = +1.1465%
devout mantle(9.94531) -> mantle of prophecy(12.7647) : 2.8194 = +0.813869%
animated chain necklace(8.4809) -> choker of enlightenment(10.0706) : 1.58972 = +0.457278%
dragon finger of intellect(2.23425) -> lunar wand of healing(3.70691) : 1.47266 = +0.423462%
halo of transcendence(24.5903) -> halo of transcendence(24.5903) : 0 = +0%
hide of the wild(10.991) -> hide of the wild(10.991) : 0 = +0%
rosewine circle(10.0498) -> rosewine circle(10.0498) : 0 = +0%
royal seal of eldre'thalas(9.62186) -> royal seal of eldre'thalas(9.62186) : 0 = +0%
- - - - - - - - - - - - - - - - - - - - - - - - - - - - - - - - -
| Upgrades at best in slot level, from start item to candidate: |
. . . . . . . . . . . . . . . . . . . . . . . . . . . . . . . . .
- . - ' - . - ' - . - ' - . - ' - . - ' - . -
head, halo of transcendence (24.5903) -> :
- . - ' - . - ' - . - ' - . - ' - . - ' - . -
neck, animated chain necklace (8.4809) -> :
    choker of enlightenment (10.0706) : +0.457278 %, from: mc
    choker of the fire lord (9.15588) : +0.194158 %, from: mc
- . - ' - . - ' - . - ' - . - ' - . - ' - . -
shoulders, devout mantle (9.94531) -> :
    mantle of prophecy (12.7647) : +0.813869 %, from: mc
    sunderseer mantle (10.7577) : +0.234516 %, from: pre-raid
    soulstealer mantle (10.4197) : +0.136952 %, from: pre-raid
- . - ' - . - ' - . - ' - . - ' - . - ' - . -
back, hide of the wild (10.991) -> :
- . - ' - . - ' - . - ' - . - ' - . - ' - . -
chest, devout robe (11.2467) -> :
    truefaith vestments (19.1285) : +2.30897 %, from: tailoring bop
    robes of the exalted (17.3074) : +1.77548 %, from: pre-raid
    robes of prophecy (16.657) : +1.58494 %, from: mc
    robe of volatile power (13.068) : +0.533536 %, from: mc
    mindsurge robe (12.2021) : +0.279869 %, from: pre-raid
    the postmaster's tunic (11.8141) : +0.166205 %, from: pre-raid
    magister's robes (11.6192) : +0.109132 %, from: pre-raid
- . - ' - . - ' - . - ' - . - ' - . - ' - . -
wrists, devout bracers (6.6254) -> :
    vambraces of prophecy (14.3234) : +2.2539 %, from: mc
    flarecore wraps (11.1029) : +1.31098 %, from: tailoring boe
    sublime wristguards (7.94385) : +0.386031 %, from: pre-raid
    wyrmthalak's shackles (7.91989) : +0.379017 %, from: pre-raid
    magister's bindings (6.6814) : +0.0163962 %, from: pre-raid
- . - ' - . - ' - . - ' - . - ' - . - ' - . -
two-hand, quel'dorai channeling rod (14.6579) -> :
    benediction (34.1844) : +5.92229 %, from: mc
    aurastone hammer and lei of the lifegiver (24.9067) : +3.1084 %, from: mc, av rep
    staff of dominance (23.436) : +2.66234 %, from: mc
    sorcerous dagger and lei of the lifegiver (21.6171) : +2.11069 %, from: mc, av rep
    aurastone hammer and fire runed grimoire (21.0544) : +1.94002 %, from: mc, mc
    aurastone hammer and thaurissan's royal scepter (20.8596) : +1.88092 %, from: mc, pre-raid
    aurastone hammer and ancient cornerstone grimoire (19.7086) : +1.53185 %, from: mc, onyxia
    aurastone hammer and milli's lexicon (19.526) : +1.47645 %, from: mc, pre-raid
    aurastone hammer and brightly glowing stone (19.2919) : +1.40546 %, from: mc, pre-raid
    aurastone hammer and penelope's rose (18.6654) : +1.21546 %, from: mc, pre-raid (scholo quest)
    lorespinner and lei of the lifegiver (18.6266) : +1.20367 %, from: pre-raid, av rep
    aurastone hammer and spellbound tome (18.5648) : +1.18492 %, from: mc, pre-raid
    sorcerous dagger and fire runed grimoire (17.7499) : +0.937792 %, from: mc, mc
    sorcerous dagger and thaurissan's royal scepter (17.7303) : +0.93185 %, from: mc, pre-raid
    gift of the elven magi and lei of the lifegiver (17.7101) : +0.925722 %, from: pre-raid (strat live: balnazzar), av rep
    the hammer of grace and lei of the lifegiver (17.45) : +0.846825 %, from: pre-raid, av rep
    aurastone hammer and globe of d'sak (17.2661) : +0.791041 %, from: mc, pre-raid
    sorcerous dagger and ancient cornerstone grimoire (17.2558) : +0.787931 %, from: mc, onyxia
    hypnotic blade and lei of the lifegiver (17.1146) : +0.745085 %, from: pre-raid, av rep
    sorcerous dagger and milli's lexicon (16.9186) : +0.685663 %, from: mc, pre-raid
    witchblade and lei of the lifegiver (16.6761) : +0.612107 %, from: pre-raid, av rep
    anathema (15.7141) : +0.320317 %, from: mc
    sorcerous dagger and penelope's rose (15.656) : +0.302721 %, from: mc, pre-raid (scholo quest)
    sorcerous dagger and spellbound tome (15.351) : +0.210218 %, from: mc, pre-raid
    sorcerous dagger and brightly glowing stone (15.0789) : +0.127693 %, from: mc, pre-raid
    aurastone hammer and orb of the forgotten seer (14.7415) : +0.025361 %, from: mc, pre-raid
- . - ' - . - ' - . - ' - . - ' - . - ' - . -
ranged, dragon finger of intellect (2.23425) -> :
    lunar wand of healing (3.70691) : +0.423462 %, from: random green
    bonecreeper stylus (3.16867) : +0.268692 %, from: pre-raid
    oblivion's touch (3.04645) : +0.233547 %, from: pre-raid
    mana channeling wand (2.88458) : +0.187002 %, from: pre-raid
    lunar wand of the owl (2.88272) : +0.186467 %, from: random green
    crimson shocker (2.77014) : +0.154095 %, from: mc
    lunar wand of intellect (2.40356) : +0.0486855 %, from: random green
- . - ' - . - ' - . - ' - . - ' - . - ' - . -
hands, atal'ai gloves of the owl (9.48044) -> :
    gloves of prophecy (18.6664) : +2.70133 %, from: mc
    hands of the exalted herald (13.7329) : +1.25053 %, from: pre-raid
    mooncloth gloves (9.97754) : +0.146184 %, from: pre-raid
    shadowy laced handwraps (9.51016) : +0.00874104 %, from: pre-raid
- . - ' - . - ' - . - ' - . - ' - . - ' - . -
waist, thuzadin sash (8.67319) -> :
    girdle of prophecy (15.5869) : +2.01963 %, from: mc
    whipvine cord (14.077) : +1.57857 %, from: pre-raid
    mana igniting cord (9.82819) : +0.337399 %, from: mc
- . - ' - . - ' - . - ' - . - ' - . - ' - . -
legs, pants of prophecy (23.2829) -> :
    leggings of transcendence (28.2577) : +1.44506 %, from: mc
- . - ' - . - ' - . - ' - . - ' - . - ' - . -
feet, devout sandals (8.61667) -> :
    boots of prophecy (14.0494) : +1.58018 %, from: mc
    boots of the full moon (11.9536) : +0.970573 %, from: pre-raid
    wolfrunner shoes (9.595) : +0.28456 %, from: pre-raid
    dragonrider boots (8.96356) : +0.100898 %, from: pre-raid
- . - ' - . - ' - . - ' - . - ' - . - ' - . -
finger, fordring's seal (8.68408) -> :
    cauterizing band (12.583) : +1.1208 %, from: mc
    rosewine circle (10.0498) : +0.392593 %, from: pre-raid
    band of sulfuras (9.81479) : +0.325035 %, from: mc
- . - ' - . - ' - . - ' - . - ' - . - ' - . -
finger 2, rosewine circle (9.62668) -> :
    cauterizing band (12.369) : +0.79144 %, from: mc
- . - ' - . - ' - . - ' - . - ' - . - ' - . -
trinket, royal seal of eldre'thalas (9.62186) -> :
    shard of the scale (12.4283) : +0.803602 %, from: onyxia
- . - ' - . - ' - . - ' - . - ' - . - ' - . -
trinket 2, briarwood reed (5.15567) -> :
    shard of the scale (14.9981) : +2.89998 %, from: onyxia
    mindtap talisman (10.247) : +1.50011 %, from: pre-raid
    royal seal of eldre'thalas (9.37979) : +1.2446 %, from: pre-raid
------------------
- - - - - - - - - - - - - - - - - - - - - - - - - - - - - -
| Upgrades at start level, from start item to candidate:  |
. . . . . . . . . . . . . . . . . . . . . . . . . . . . . .
- . - ' - . - ' - . - ' - . - ' - . - ' - . -
head, halo of transcendence (21.6087) -> :
- . - ' - . - ' - . - ' - . - ' - . - ' - . -
neck, animated chain necklace (6.73535) -> :
    choker of enlightenment (7.96829) : +0.439113 %, from: mc
    choker of the fire lord (7.34503) : +0.217138 %, from: mc
- . - ' - . - ' - . - ' - . - ' - . - ' - . -
shoulders, devout mantle (12.4806) -> :
- . - ' - . - ' - . - ' - . - ' - . - ' - . -
back, hide of the wild (9.2554) -> :
- . - ' - . - ' - . - ' - . - ' - . - ' - . -
chest, devout robe (15.2145) -> :
    robes of prophecy (16.3539) : +0.4058 %, from: mc
    truefaith vestments (15.6957) : +0.17138 %, from: tailoring bop
- . - ' - . - ' - . - ' - . - ' - . - ' - . -
wrists, devout bracers (8.95764) -> :
    vambraces of prophecy (11.489) : +0.901528 %, from: mc
- . - ' - . - ' - . - ' - . - ' - . - ' - . -
two-hand, quel'dorai channeling rod (14.5363) -> :
    benediction (30.1496) : +5.56068 %, from: mc
    aurastone hammer and lei of the lifegiver (22.0845) : +2.68827 %, from: mc, av rep
    staff of dominance (22.0531) : +2.67709 %, from: mc
    sorcerous dagger and lei of the lifegiver (19.123) : +1.63353 %, from: mc, av rep
    aurastone hammer and fire runed grimoire (19.1136) : +1.63019 %, from: mc, mc
    aurastone hammer and thaurissan's royal scepter (19.0495) : +1.60736 %, from: mc, pre-raid
    aurastone hammer and ancient cornerstone grimoire (18.7089) : +1.48605 %, from: mc, onyxia
    aurastone hammer and milli's lexicon (18.2621) : +1.32692 %, from: mc, pre-raid
    aurastone hammer and penelope's rose (17.3459) : +1.00061 %, from: mc, pre-raid (scholo quest)
    aurastone hammer and brightly glowing stone (17.1013) : +0.913527 %, from: mc, pre-raid
    aurastone hammer and spellbound tome (17.0442) : +0.893159 %, from: mc, pre-raid
    lorespinner and lei of the lifegiver (16.6974) : +0.769656 %, from: pre-raid, av rep
    sorcerous dagger and fire runed grimoire (16.673) : +0.760983 %, from: mc, mc
    sorcerous dagger and thaurissan's royal scepter (16.5559) : +0.719279 %, from: mc, pre-raid
    aurastone hammer and globe of d'sak (16.1761) : +0.584005 %, from: mc, pre-raid
    sorcerous dagger and ancient cornerstone grimoire (16.0648) : +0.544345 %, from: mc, onyxia
    gift of the elven magi and lei of the lifegiver (15.6982) : +0.413799 %, from: pre-raid (strat live: balnazzar), av rep
    sorcerous dagger and milli's lexicon (15.5108) : +0.347064 %, from: mc, pre-raid
    anathema (15.4044) : +0.309154 %, from: mc
    hypnotic blade and lei of the lifegiver (15.2239) : +0.244886 %, from: pre-raid, av rep
    sorcerous dagger and penelope's rose (15.0851) : +0.195455 %, from: mc, pre-raid (scholo quest)
    sorcerous dagger and spellbound tome (14.759) : +0.0792883 %, from: mc, pre-raid
    the hammer of grace and lei of the lifegiver (14.6197) : +0.0296828 %, from: pre-raid, av rep
- . - ' - . - ' - . - ' - . - ' - . - ' - . -
ranged, dragon finger of intellect (2.44608) -> :
    lunar wand of the owl (3.26218) : +0.290655 %, from: random green
    oblivion's touch (3.17044) : +0.257983 %, from: pre-raid
    mana channeling wand (3.10556) : +0.234876 %, from: pre-raid
    crimson shocker (3.10315) : +0.234017 %, from: mc
    lunar wand of healing (3.02655) : +0.206736 %, from: random green
    bonecreeper stylus (2.6499) : +0.0725931 %, from: pre-raid
    lunar wand of intellect (2.64966) : +0.0725061 %, from: random green
- . - ' - . - ' - . - ' - . - ' - . - ' - . -
hands, atal'ai gloves of the owl (8.48291) -> :
    gloves of prophecy (14.9668) : +2.30925 %, from: mc
    hands of the exalted herald (11.8375) : +1.19473 %, from: pre-raid
- . - ' - . - ' - . - ' - . - ' - . - ' - . -
waist, thuzadin sash (7.96011) -> :
    girdle of prophecy (12.7188) : +1.69479 %, from: mc
    whipvine cord (11.6393) : +1.31035 %, from: pre-raid
    mana igniting cord (8.68945) : +0.259755 %, from: mc
- . - ' - . - ' - . - ' - . - ' - . - ' - . -
legs, pants of prophecy (21.2206) -> :
    leggings of transcendence (25.01) : +1.3496 %, from: mc
- . - ' - . - ' - . - ' - . - ' - . - ' - . -
feet, devout sandals (10.9223) -> :
    boots of prophecy (11.7061) : +0.279177 %, from: mc
- . - ' - . - ' - . - ' - . - ' - . - ' - . -
finger, fordring's seal (7.14496) -> :
    cauterizing band (10.2442) : +1.10381 %, from: mc
    band of sulfuras (8.32413) : +0.419962 %, from: mc
    rosewine circle (7.97488) : +0.295578 %, from: pre-raid
    seal of the archmagus (7.43076) : +0.101787 %, from: mc
- . - ' - . - ' - . - ' - . - ' - . - ' - . -
finger 2, rosewine circle (8.07693) -> :
    cauterizing band (10.1571) : +0.740854 %, from: mc
    band of sulfuras (8.33826) : +0.09307 %, from: mc
- . - ' - . - ' - . - ' - . - ' - . - ' - . -
trinket, royal seal of eldre'thalas (8.08636) -> :
    shard of the scale (11.1937) : +1.10668 %, from: onyxia
- . - ' - . - ' - . - ' - . - ' - . - ' - . -
trinket 2, briarwood reed (4.41815) -> :
    shard of the scale (10.9704) : +2.33358 %, from: onyxia
    royal seal of eldre'thalas (7.7886) : +1.20039 %, from: pre-raid
    mindtap talisman (7.36374) : +1.04907 %, from: pre-raid
-- Stat values at start item level: --
Current relative stat values for matching or exceeding +50 pts of sp
int: 210.777
spi: 189.819
sta: 0
agi: 0
mp5: 556.688
sp: 100
sp_shadow: 0
sp_healing: 100
spell crit: 292.751
spell hit: 0
arcane res: 0
nature res: 0
fire res: 0
frost res: 0
shadow res: 0
armor: 0
defense: 0
dodge: 0
parry: 0
------------------
Best value: 349.238
