Your call: ./css 5 ../items/more_raid.csv -b 0.2 -r 1.0 
Found: -b, val: 0.2
./css 5 ../items/more_raid.csv -r 1.0 
Found: -r, val: 1
./css 5 ../items/more_raid.csv 
Shuffle seed: 546731559
Reading tmp locked from: start_with.txt
Locking: anastari heirloom
Locking: animated chain necklace
Locking: argent crusader
Locking: atal'ai gloves of the owl
Locking: banshee finger
Locking: blood of the martyr
Locking: briarwood reed
Locking: burial shawl
Locking: crimson felt hat
Locking: cyclopean band
Locking: devout belt
Locking: devout bracers
Locking: devout crown
Locking: devout mantle
Locking: devout robe
Locking: devout sandals
Locking: devout skirt
Locking: dragon finger of intellect
Locking: dragonslayer's signet
Locking: drakefire amulet
Locking: dreadmist mantle
Locking: dreamweave circlet
Locking: dreamweave gloves
Locking: dreamweave vest
Locking: eye of the beast
Locking: fordring's seal
Locking: grimgore noose
Locking: halo of transcendence
Locking: heart of the fiend
Locking: hide of the wild
Locking: kentic amice
Locking: magister's robes
Locking: maleki's footwraps
Locking: nature's breath
Locking: necropile boots
Locking: necropile cuffs
Locking: necropile mantle
Locking: noxious shooter
Locking: omnicast boots
Locking: orb of the forgotten seer
Locking: padre's trousers
Locking: penelope's rose
Locking: quel'dorai channeling rod
Locking: raincaster drape
Locking: rainstrider leggings
Locking: ring of demonic guile
Locking: ring of demonic guile
Locking: robes of the royal crown
Locking: rod of corrosion
Locking: rosewine circle
Locking: royal seal of eldre'thalas
Locking: royal tribunal cloak
Locking: sarah's guide
Locking: seal of rivendare
Locking: seal of rivendare
Locking: shadowy laced handwraps
Locking: silkweb gloves
Locking: soulstealer mantle
Locking: spellbound tome
Locking: spritecaster cape
Locking: starfire tiara
Locking: the hammer of grace
Locking: the postmaster's treads
Locking: thuzadin sash
Locking: triune amulet
Locking: vinerot sandals
Locking: wolfshear leggings
Locking: pants of prophecy
Optimizing start items...
[Perf] spent in FindBestPveHealingCounts: 0.0440845 s, that's: 100.001 % of total.

*** NEW BEST: 147.059 ***

*** NEW BEST: 153.052 ***

*** NEW BEST: 162.064 ***

*** NEW BEST: 169.651 ***

*** NEW BEST: 178.213 ***

*** NEW BEST: 185.466 ***

*** NEW BEST: 187.935 ***

*** NEW BEST: 195.554 ***

*** NEW BEST: 202.466 ***

*** NEW BEST: 222.14 ***

*** NEW BEST: 241.119 ***

*** NEW BEST: 247.424 ***

*** NEW BEST: 255.996 ***

*** NEW BEST: 260.271 ***

*** NEW BEST: 267.392 ***

*** NEW BEST: 280.815 ***
*
best val: 280.815
*
best val: 280.815
*
best val: 280.815
*
best val: 280.815
*
best val: 280.815

Read starting items and cleared locks.
 ----------------------------
 --- head --- 
name: halo of transcendence
slot: head
intelligence: 27
stamina: 17
spirit: 22
sp_healing: 48
fire_res: 10
frost_res: 10
armor: 94
 ----------------------------
 --- neck --- 
name: heart of the fiend
slot: neck
intelligence: 5
stamina: 5
spirit: 15
 ----------------------------
 --- shoulders --- 
name: devout mantle
slot: shoulders
intelligence: 21
stamina: 4
spirit: 9
armor: 64
 ----------------------------
 --- back --- 
name: hide of the wild
slot: back
intelligence: 10
stamina: 8
sp_healing: 42
armor: 48
 ----------------------------
 --- chest --- 
name: devout robe
slot: chest
intelligence: 24
stamina: 13
spirit: 15
armor: 89
 ----------------------------
 --- wrists --- 
name: devout bracers
slot: wrists
intelligence: 10
stamina: 7
spirit: 10
armor: 35
 ----------------------------
 --- two-hand --- 
name: quel'dorai channeling rod
slot: two-hand
intelligence: 18
stamina: 8
spirit: 8
mp5: 8
 ----------------------------
 ---  --- 
name: 
slot: 
 ----------------------------
 ---  --- 
name: 
slot: 
 ----------------------------
 ---  --- 
name: 
slot: 
 ----------------------------
 --- ranged --- 
name: dragon finger of intellect
slot: ranged
intelligence: 8
 ----------------------------
 --- hands --- 
name: atal'ai gloves of the owl
slot: hands
intelligence: 13
spirit: 13
sp: 9
armor: 47
 ----------------------------
 --- waist --- 
name: thuzadin sash
slot: waist
intelligence: 12
stamina: 11
spirit: 11
sp: 11
armor: 49
 ----------------------------
 --- legs --- 
name: pants of prophecy
slot: legs
intelligence: 24
stamina: 18
spirit: 20
sp_healing: 22
mp5: 6
shadow_res: 10
armor: 89
 ----------------------------
 --- feet --- 
name: devout sandals
slot: feet
intelligence: 10
stamina: 9
spirit: 17
armor: 58
 ----------------------------
 --- finger --- 
name: rosewine circle
slot: finger
sp_healing: 29
mp5: 5
 ----------------------------
 --- finger --- 
name: ring of demonic guile
slot: finger
intelligence: 10
mp5: 6
 ----------------------------
 --- trinket --- 
name: royal seal of eldre'thalas
slot: trinket
sp_healing: 33
mp5: 4
 ----------------------------
 --- trinket --- 
name: briarwood reed
slot: trinket
sp: 29
 ----------------------------
 --- Set bonuses ---
name: devout 2 devout 4 
slot: Set bonuses
sp: 23
armor: 200
 --- And counts for start items ---
For 120 s fights:
    casts: 7, ticks: 10, ticks_oom: 0
    Heal, rank: 2, count: 0
    Heal, rank: 4, count: 3
    Greater Heal, rank: 1, count: 5
    Greater Heal, rank: 4, count: 2
    Flash Heal, rank: 7, count: 0
    Renew, rank: 10, count: 2
    Prayer of Healing, rank: 5, count: 0
    pve info: 1
    hps: 366.727
For 180 s fights:
    casts: 4, ticks: 10, ticks_oom: 0
    Heal, rank: 2, count: 0
    Heal, rank: 4, count: 0
    Greater Heal, rank: 1, count: 6
    Greater Heal, rank: 4, count: 1
    Flash Heal, rank: 7, count: 0
    Renew, rank: 10, count: 1
    Prayer of Healing, rank: 5, count: 0
    pve info: 1
    hps: 297.55
For 240 s fights:
    casts: 5, ticks: 10, ticks_oom: 0
    Heal, rank: 2, count: 2
    Heal, rank: 4, count: 0
    Greater Heal, rank: 1, count: 3
    Greater Heal, rank: 4, count: 1
    Flash Heal, rank: 7, count: 0
    Renew, rank: 10, count: 1
    Prayer of Healing, rank: 5, count: 0
    pve info: 1
    hps: 267.101
For 300 s fights:
    casts: 4, ticks: 9, ticks_oom: 0
    Heal, rank: 2, count: 0
    Heal, rank: 4, count: 0
    Greater Heal, rank: 1, count: 6
    Greater Heal, rank: 4, count: 1
    Flash Heal, rank: 7, count: 0
    Renew, rank: 10, count: 1
    Prayer of Healing, rank: 5, count: 0
    pve info: 1
    hps: 244.468
For 360 s fights:
    casts: 4, ticks: 9, ticks_oom: 0
    Heal, rank: 2, count: 1
    Heal, rank: 4, count: 0
    Greater Heal, rank: 1, count: 3
    Greater Heal, rank: 4, count: 1
    Flash Heal, rank: 7, count: 0
    Renew, rank: 10, count: 1
    Prayer of Healing, rank: 5, count: 0
    pve info: 1
    hps: 228.227
.
*** NEW BEST: 294.502 ***

*** NEW BEST: 297.554 ***

*** NEW BEST: 304.795 ***

*** NEW BEST: 308.703 ***

*** NEW BEST: 312.569 ***

*** NEW BEST: 318.14 ***

*** NEW BEST: 322.05 ***

*** NEW BEST: 323.945 ***

*** NEW BEST: 328.223 ***

*** NEW BEST: 331.869 ***

*** NEW BEST: 338.205 ***

*** NEW BEST: 338.665 ***

*** NEW BEST: 339.7 ***
...
*** NEW BEST: 340.03 ***

*** NEW BEST: 343.457 ***
..
*** NEW BEST: 344.98 ***

*** NEW BEST: 345.529 ***
.
*** NEW BEST: 346.793 ***
...........
*** NEW BEST: 346.864 ***
.
*** NEW BEST: 347.35 ***

*** NEW BEST: 347.842 ***
.....................................................................................................Temporary bans and partial set bonuses off.
.......... ----------------------------
 --- head --- 
name: halo of transcendence
slot: head
intelligence: 27
stamina: 17
spirit: 22
sp_healing: 48
fire_res: 10
frost_res: 10
armor: 94
 ----------------------------
 --- neck --- 
name: choker of enlightenment
slot: neck
intelligence: 10
stamina: 9
spirit: 10
sp: 18
 ----------------------------
 --- shoulders --- 
name: mantle of prophecy
slot: shoulders
intelligence: 23
stamina: 13
spirit: 10
sp: 9
shadow_res: 7
armor: 76
 ----------------------------
 --- back --- 
name: hide of the wild
slot: back
intelligence: 10
stamina: 8
sp_healing: 42
armor: 48
 ----------------------------
 --- chest --- 
name: truefaith vestments
slot: chest
stamina: 14
sp_healing: 73
mp5: 6
armor: 96
 ----------------------------
 --- wrists --- 
name: vambraces of prophecy
slot: wrists
intelligence: 14
stamina: 8
spirit: 10
sp_healing: 24
mp5: 2
armor: 44
 ----------------------------
 --- two-hand --- 
name: benediction
slot: two-hand
intelligence: 31
stamina: 10
spirit: 12
sp_healing: 106
spell_crit: 2
shadow_res: 20
 ----------------------------
 ---  --- 
name: 
slot: 
 ----------------------------
 ---  --- 
name: 
slot: 
 ----------------------------
 ---  --- 
name: 
slot: 
 ----------------------------
 --- ranged --- 
name: lunar wand of healing
slot: ranged
sp_healing: 20
 ----------------------------
 --- hands --- 
name: gloves of prophecy
slot: hands
intelligence: 15
stamina: 10
spirit: 15
sp_healing: 18
mp5: 6
fire_res: 7
armor: 63
 ----------------------------
 --- waist --- 
name: girdle of prophecy
slot: waist
intelligence: 22
stamina: 10
spirit: 10
sp: 9
mp5: 4
fire_res: 7
armor: 57
 ----------------------------
 --- legs --- 
name: leggings of transcendence
slot: legs
intelligence: 21
stamina: 16
spirit: 21
sp_healing: 46
mp5: 7
arcane_res: 10
shadow_res: 10
armor: 101
 ----------------------------
 --- feet --- 
name: boots of prophecy
slot: feet
intelligence: 18
stamina: 17
spirit: 15
sp_healing: 18
shadow_res: 7
armor: 70
 ----------------------------
 --- finger --- 
name: band of sulfuras
slot: finger
intelligence: 23
stamina: 13
spirit: 10
 ----------------------------
 --- finger --- 
name: cauterizing band
slot: finger
intelligence: 12
stamina: 9
sp_healing: 46
 ----------------------------
 --- trinket --- 
name: shard of the scale
slot: trinket
mp5: 16
 ----------------------------
 --- trinket --- 
name: royal seal of eldre'thalas
slot: trinket
sp_healing: 33
mp5: 4
 ----------------------------
 --- Set bonuses ---
name: 
slot: Set bonuses
------------------
Char stats: 
Effective hp: 6123
Effective mana: 10237.2
Raw max mana: 7139.6
Int: 370.667
Stam: 205
Spirit: 265
Strength: 34
Agility: 38
Mp5: 71.8
Sp: 36
Sp shadow: 0
Sp healing: 474
Spell crit: 1.55107
Spell hit: 0
Arcane res: 10
Nature res: 0
Fire res: 24
Frost res: 10
Shadow res: 44
Armor: 2463
Defense: 300
Dodge: 0
Parry: 0
HpsPvp: 959.617
ShadowDps: 210.971
Value pvp healing: 504.849
Value pvp shadow: 24.4013
------------------
Best counts:
For 120 s fights:
    casts: 8, ticks: 9, ticks_oom: 0
    Heal, rank: 2, count: 1
    Heal, rank: 4, count: 2
    Greater Heal, rank: 1, count: 5
    Greater Heal, rank: 4, count: 2
    Flash Heal, rank: 7, count: 0
    Renew, rank: 10, count: 2
    Prayer of Healing, rank: 5, count: 0
    pve info: 1
    hps: 448.261
For 180 s fights:
    casts: 7, ticks: 10, ticks_oom: 0
    Heal, rank: 2, count: 0
    Heal, rank: 4, count: 0
    Greater Heal, rank: 1, count: 6
    Greater Heal, rank: 4, count: 0
    Flash Heal, rank: 7, count: 0
    Renew, rank: 10, count: 1
    Prayer of Healing, rank: 5, count: 0
    pve info: 1
    hps: 369.36
For 240 s fights:
    casts: 5, ticks: 10, ticks_oom: 0
    Heal, rank: 2, count: 0
    Heal, rank: 4, count: 0
    Greater Heal, rank: 1, count: 8
    Greater Heal, rank: 4, count: 1
    Flash Heal, rank: 7, count: 0
    Renew, rank: 10, count: 1
    Prayer of Healing, rank: 5, count: 0
    pve info: 1
    hps: 331.661
For 300 s fights:
    casts: 5, ticks: 10, ticks_oom: 0
    Heal, rank: 2, count: 2
    Heal, rank: 4, count: 0
    Greater Heal, rank: 1, count: 6
    Greater Heal, rank: 4, count: 1
    Flash Heal, rank: 7, count: 0
    Renew, rank: 10, count: 2
    Prayer of Healing, rank: 5, count: 0
    pve info: 1
    hps: 304.524
For 360 s fights:
    casts: 5, ticks: 10, ticks_oom: 0
    Heal, rank: 2, count: 0
    Heal, rank: 4, count: 0
    Greater Heal, rank: 1, count: 5
    Greater Heal, rank: 4, count: 0
    Flash Heal, rank: 7, count: 0
    Renew, rank: 10, count: 1
    Prayer of Healing, rank: 5, count: 0
    pve info: 1
    hps: 285.403
------------------
Current relative stat values for matching or exceeding +50 pts of sp
int: 162.383
spi: 131.968
sta: 0
agi: 0
mp5: 421.738
sp: 100
sp_shadow: 0
sp_healing: 100
spell crit: 352.917
spell hit: 0
arcane res: 0
nature res: 0
fire res: 0
frost res: 0
shadow res: 0
armor: 0
defense: 0
dodge: 0
parry: 0
------------------
Diffs to start: 
Upgrades: 
quel'dorai channeling rod(14.8909) -> benediction(33.2142) : 18.3232 = +5.56061%
briarwood reed(4.83093) -> shard of the scale(15.3601) : 10.5291 = +3.12148%
atal'ai gloves of the owl(10.3003) -> gloves of prophecy(18.4254) : 8.12509 = +2.39173%
devout bracers(6.16589) -> vambraces of prophecy(13.4403) : 7.27444 = +2.13598%
devout robe(10.6704) -> truefaith vestments(17.8732) : 7.20273 = +2.11448%
thuzadin sash(10.435) -> girdle of prophecy(16.3815) : 5.9465 = +1.73928%
devout sandals(8.12579) -> boots of prophecy(13.0638) : 4.93796 = +1.44004%
pants of prophecy(24.2473) -> leggings of transcendence(28.7017) : 4.45444 = +1.29721%
ring of demonic guile(7.67603) -> cauterizing band(11.8769) : 4.2009 = +1.22247%
heart of the fiend(5.59338) -> choker of enlightenment(9.05048) : 3.45709 = +1.00385%
devout mantle(9.26682) -> mantle of prophecy(11.8163) : 2.5495 = +0.73836%
dragon finger of intellect(2.0014) -> lunar wand of healing(3.47903) : 1.47763 = +0.426612%
rosewine circle(9.60657) -> band of sulfuras(10.2926) : 0.686066 = +0.197625%
halo of transcendence(24.1601) -> halo of transcendence(24.1601) : 0 = +0%
hide of the wild(10.5252) -> hide of the wild(10.5252) : 0 = +0%
royal seal of eldre'thalas(9.36038) -> royal seal of eldre'thalas(9.36038) : 0 = +0%
- - - - - - - - - - - - - - - - - - - - - - - - - - - - - - - - -
| Upgrades at best in slot level, from start item to candidate: |
. . . . . . . . . . . . . . . . . . . . . . . . . . . . . . . . .
- . - ' - . - ' - . - ' - . - ' - . - ' - . -
head, halo of transcendence (24.1601) -> :
- . - ' - . - ' - . - ' - . - ' - . - ' - . -
neck, heart of the fiend (5.59338) -> :
    choker of enlightenment (9.05048) : +1.00385 %, from: mc
    choker of the fire lord (7.95135) : +0.684691 %, from: mc
    animated chain necklace (7.31287) : +0.499291 %, from: pre-raid
    tooth of gnarr (6.72546) : +0.328726 %, from: pre-raid
    archlight talisman (5.91916) : +0.0945963 %, from: pre-raid
- . - ' - . - ' - . - ' - . - ' - . - ' - . -
shoulders, devout mantle (9.26682) -> :
    mantle of prophecy (11.8163) : +0.73836 %, from: mc
    sunderseer mantle (9.97192) : +0.204206 %, from: pre-raid
    soulstealer mantle (9.64243) : +0.10878 %, from: pre-raid
- . - ' - . - ' - . - ' - . - ' - . - ' - . -
back, hide of the wild (10.5252) -> :
- . - ' - . - ' - . - ' - . - ' - . - ' - . -
chest, devout robe (10.6704) -> :
    truefaith vestments (17.8732) : +2.11448 %, from: tailoring bop
    robes of the exalted (16.562) : +1.72955 %, from: pre-raid
    robes of prophecy (15.8935) : +1.53332 %, from: mc
    robe of volatile power (12.3058) : +0.480091 %, from: mc
    mindsurge robe (11.4789) : +0.237331 %, from: pre-raid
    the postmaster's tunic (11.1741) : +0.147858 %, from: pre-raid
    magister's robes (10.9331) : +0.0771184 %, from: pre-raid
- . - ' - . - ' - . - ' - . - ' - . - ' - . -
wrists, devout bracers (6.16589) -> :
    vambraces of prophecy (13.4403) : +2.13598 %, from: mc
    flarecore wraps (10.2618) : +1.20267 %, from: tailoring boe
    wyrmthalak's shackles (7.37756) : +0.35578 %, from: pre-raid
    sublime wristguards (7.24768) : +0.317643 %, from: pre-raid
- . - ' - . - ' - . - ' - . - ' - . - ' - . -
two-hand, quel'dorai channeling rod (14.8909) -> :
    benediction (33.2142) : +5.56061 %, from: mc
    staff of dominance (23.1185) : +2.49685 %, from: mc
    aurastone hammer and fire runed grimoire (20.6353) : +1.74326 %, from: mc, mc
    aurastone hammer and thaurissan's royal scepter (20.4749) : +1.69457 %, from: mc, pre-raid
    aurastone hammer and ancient cornerstone grimoire (19.5322) : +1.4085 %, from: mc, onyxia
    aurastone hammer and milli's lexicon (19.2264) : +1.3157 %, from: mc, pre-raid
    aurastone hammer and brightly glowing stone (18.8087) : +1.18892 %, from: mc, pre-raid
    aurastone hammer and penelope's rose (18.5582) : +1.11292 %, from: mc, pre-raid (scholo quest)
    aurastone hammer and spellbound tome (18.3822) : +1.05951 %, from: mc, pre-raid
    sorcerous dagger and fire runed grimoire (17.5592) : +0.809759 %, from: mc, mc
    sorcerous dagger and thaurissan's royal scepter (17.4275) : +0.769769 %, from: mc, pre-raid
    aurastone hammer and globe of d'sak (17.274) : +0.723212 %, from: mc, pre-raid
    sorcerous dagger and ancient cornerstone grimoire (16.9754) : +0.632581 %, from: mc, onyxia
    sorcerous dagger and milli's lexicon (16.5525) : +0.504239 %, from: mc, pre-raid
    sorcerous dagger and penelope's rose (16.0033) : +0.337564 %, from: mc, pre-raid (scholo quest)
    anathema (15.6602) : +0.233439 %, from: mc
    sorcerous dagger and brightly glowing stone (15.5831) : +0.210064 %, from: mc, pre-raid
    sorcerous dagger and spellbound tome (15.2417) : +0.106449 %, from: mc, pre-raid
- . - ' - . - ' - . - ' - . - ' - . - ' - . -
ranged, dragon finger of intellect (2.0014) -> :
    lunar wand of healing (3.47903) : +0.426612 %, from: random green
    oblivion's touch (2.99219) : +0.286053 %, from: pre-raid
    lunar wand of the owl (2.98749) : +0.284696 %, from: random green
    bonecreeper stylus (2.918) : +0.264634 %, from: pre-raid
    mana channeling wand (2.8093) : +0.233249 %, from: pre-raid
    crimson shocker (2.58112) : +0.167371 %, from: mc
    lunar wand of intellect (2.49158) : +0.14152 %, from: random green
- . - ' - . - ' - . - ' - . - ' - . - ' - . -
hands, atal'ai gloves of the owl (10.3003) -> :
    gloves of prophecy (18.4254) : +2.39173 %, from: mc
    hands of the exalted herald (13.7704) : +1.02146 %, from: pre-raid
    mooncloth gloves (10.3406) : +0.0118759 %, from: pre-raid
- . - ' - . - ' - . - ' - . - ' - . - ' - . -
waist, thuzadin sash (10.435) -> :
    girdle of prophecy (16.3815) : +1.73928 %, from: mc
    whipvine cord (14.5482) : +1.20306 %, from: pre-raid
    mana igniting cord (10.9636) : +0.154607 %, from: mc
- . - ' - . - ' - . - ' - . - ' - . - ' - . -
legs, pants of prophecy (24.2473) -> :
    leggings of transcendence (28.7017) : +1.29721 %, from: mc
- . - ' - . - ' - . - ' - . - ' - . - ' - . -
feet, devout sandals (8.12579) -> :
    boots of prophecy (13.0638) : +1.44004 %, from: mc
    boots of the full moon (10.8062) : +0.781683 %, from: pre-raid
    wolfrunner shoes (8.75092) : +0.182302 %, from: pre-raid
- . - ' - . - ' - . - ' - . - ' - . - ' - . -
finger, rosewine circle (9.60657) -> :
    cauterizing band (11.6901) : +0.600171 %, from: mc
    band of sulfuras (10.2926) : +0.197625 %, from: mc
- . - ' - . - ' - . - ' - . - ' - . - ' - . -
finger 2, ring of demonic guile (7.67603) -> :
    cauterizing band (11.8769) : +1.22247 %, from: mc
    rosewine circle (9.10193) : +0.41494 %, from: pre-raid
    band of sulfuras (9.0943) : +0.41272 %, from: mc
    fordring's seal (8.3129) : +0.185331 %, from: pre-raid
    seal of the archmagus (8.25006) : +0.167045 %, from: mc
- . - ' - . - ' - . - ' - . - ' - . - ' - . -
trinket, royal seal of eldre'thalas (10.2428) -> :
    shard of the scale (15.3601) : +1.49312 %, from: onyxia
    mindtap talisman (10.9601) : +0.209289 %, from: pre-raid
- . - ' - . - ' - . - ' - . - ' - . - ' - . -
trinket 2, briarwood reed (4.9928) -> :
    shard of the scale (12.3174) : +2.13252 %, from: onyxia
    royal seal of eldre'thalas (9.36038) : +1.27159 %, from: pre-raid
    mindtap talisman (8.66132) : +1.06806 %, from: pre-raid
------------------
- - - - - - - - - - - - - - - - - - - - - - - - - - - - - -
| Upgrades at start level, from start item to candidate:  |
. . . . . . . . . . . . . . . . . . . . . . . . . . . . . .
- . - ' - . - ' - . - ' - . - ' - . - ' - . -
head, halo of transcendence (23.6674) -> :
- . - ' - . - ' - . - ' - . - ' - . - ' - . -
neck, heart of the fiend (6.63467) -> :
    choker of enlightenment (9.51117) : +1.02434 %, from: mc
    choker of the fire lord (7.71002) : +0.382939 %, from: mc
    tooth of gnarr (7.58844) : +0.339643 %, from: pre-raid
    animated chain necklace (7.19949) : +0.201136 %, from: pre-raid
    archlight talisman (6.70914) : +0.0265167 %, from: pre-raid
- . - ' - . - ' - . - ' - . - ' - . - ' - . -
shoulders, devout mantle (12.8642) -> :
- . - ' - . - ' - . - ' - . - ' - . - ' - . -
back, hide of the wild (9.32077) -> :
- . - ' - . - ' - . - ' - . - ' - . - ' - . -
chest, devout robe (16.4594) -> :
    robes of prophecy (17.5325) : +0.382156 %, from: mc
    truefaith vestments (17.2156) : +0.269308 %, from: tailoring bop
- . - ' - . - ' - . - ' - . - ' - . - ' - . -
wrists, devout bracers (9.84213) -> :
    vambraces of prophecy (12.3263) : +0.884627 %, from: mc
- . - ' - . - ' - . - ' - . - ' - . - ' - . -
two-hand, quel'dorai channeling rod (16.6795) -> :
    benediction (31.9205) : +5.42742 %, from: mc
    staff of dominance (24.2398) : +2.69229 %, from: mc
    aurastone hammer and fire runed grimoire (21.2922) : +1.64261 %, from: mc, mc
    aurastone hammer and ancient cornerstone grimoire (20.9271) : +1.5126 %, from: mc, onyxia
    aurastone hammer and thaurissan's royal scepter (20.9103) : +1.50661 %, from: mc, pre-raid
    aurastone hammer and milli's lexicon (20.504) : +1.36193 %, from: mc, pre-raid
    aurastone hammer and penelope's rose (20.0185) : +1.18903 %, from: mc, pre-raid (scholo quest)
    aurastone hammer and spellbound tome (19.3254) : +0.942225 %, from: mc, pre-raid
    aurastone hammer and brightly glowing stone (18.5115) : +0.652377 %, from: mc, pre-raid
    sorcerous dagger and thaurissan's royal scepter (17.8072) : +0.401587 %, from: mc, pre-raid
    sorcerous dagger and ancient cornerstone grimoire (17.681) : +0.356639 %, from: mc, onyxia
    sorcerous dagger and fire runed grimoire (17.5619) : +0.314213 %, from: mc, mc
    anathema (17.443) : +0.271894 %, from: mc
    aurastone hammer and globe of d'sak (17.3665) : +0.244639 %, from: mc, pre-raid
    sorcerous dagger and milli's lexicon (17.0682) : +0.13842 %, from: mc, pre-raid
- . - ' - . - ' - . - ' - . - ' - . - ' - . -
ranged, dragon finger of intellect (2.06906) -> :
    lunar wand of healing (3.09598) : +0.365692 %, from: random green
    lunar wand of the owl (2.89111) : +0.292738 %, from: random green
    bonecreeper stylus (2.87781) : +0.288 %, from: pre-raid
    oblivion's touch (2.83127) : +0.271427 %, from: pre-raid
    mana channeling wand (2.63147) : +0.200277 %, from: pre-raid
    crimson shocker (2.5188) : +0.160155 %, from: mc
    lunar wand of intellect (2.23947) : +0.0606842 %, from: random green
- . - ' - . - ' - . - ' - . - ' - . - ' - . -
hands, atal'ai gloves of the owl (9.65192) -> :
    gloves of prophecy (15.9763) : +2.25215 %, from: mc
    hands of the exalted herald (13.2091) : +1.26673 %, from: pre-raid
- . - ' - . - ' - . - ' - . - ' - . - ' - . -
waist, thuzadin sash (9.21298) -> :
    girdle of prophecy (13.8939) : +1.6669 %, from: mc
    whipvine cord (12.9253) : +1.32197 %, from: pre-raid
    mana igniting cord (9.65201) : +0.15634 %, from: mc
- . - ' - . - ' - . - ' - . - ' - . - ' - . -
legs, pants of prophecy (22.9267) -> :
    leggings of transcendence (26.6471) : +1.32488 %, from: mc
- . - ' - . - ' - . - ' - . - ' - . - ' - . -
feet, devout sandals (12.1522) -> :
    boots of prophecy (12.9934) : +0.299552 %, from: mc
- . - ' - . - ' - . - ' - . - ' - . - ' - . -
finger, rosewine circle (8.99631) -> :
    cauterizing band (11.2621) : +0.806859 %, from: mc
    band of sulfuras (9.04797) : +0.0183987 %, from: mc
- . - ' - . - ' - . - ' - . - ' - . - ' - . -
finger 2, ring of demonic guile (8.6348) -> :
    cauterizing band (10.4391) : +0.64252 %, from: mc
    band of sulfuras (10.2181) : +0.563818 %, from: mc
    seal of the archmagus (9.3577) : +0.25743 %, from: mc
- . - ' - . - ' - . - ' - . - ' - . - ' - . -
trinket, royal seal of eldre'thalas (9.17319) -> :
    shard of the scale (11.8953) : +0.96935 %, from: onyxia
- . - ' - . - ' - . - ' - . - ' - . - ' - . -
trinket 2, briarwood reed (4.51361) -> :
    shard of the scale (10.4919) : +2.12893 %, from: onyxia
    royal seal of eldre'thalas (7.93469) : +1.21827 %, from: pre-raid
    mindtap talisman (7.21231) : +0.961026 %, from: pre-raid
-- Stat values at start item level: --
Current relative stat values for matching or exceeding +50 pts of sp
int: 238.778
spi: 245.076
sta: 0
agi: 0
mp5: 736.33
sp: 100
sp_shadow: 0
sp_healing: 100
spell crit: 309.412
spell hit: 0
arcane res: 0
nature res: 0
fire res: 0
frost res: 0
shadow res: 0
armor: 0
defense: 0
dodge: 0
parry: 0
------------------
Best value: 347.842
