Your call: ./css 5 ../items/more_raid.csv -b 0.2 -r 0.5 
Found: -b, val: 0.2
./css 5 ../items/more_raid.csv -r 0.5 
Found: -r, val: 0.5
./css 5 ../items/more_raid.csv 
Shuffle seed: 3257824549
Reading tmp locked from: start_with.txt
Locking: anastari heirloom
Locking: animated chain necklace
Locking: argent crusader
Locking: atal'ai gloves of the owl
Locking: banshee finger
Locking: blood of the martyr
Locking: briarwood reed
Locking: burial shawl
Locking: crimson felt hat
Locking: cyclopean band
Locking: devout belt
Locking: devout bracers
Locking: devout crown
Locking: devout mantle
Locking: devout robe
Locking: devout sandals
Locking: devout skirt
Locking: dragon finger of intellect
Locking: dragonslayer's signet
Locking: drakefire amulet
Locking: dreadmist mantle
Locking: dreamweave circlet
Locking: dreamweave gloves
Locking: dreamweave vest
Locking: eye of the beast
Locking: fordring's seal
Locking: grimgore noose
Locking: halo of transcendence
Locking: heart of the fiend
Locking: hide of the wild
Locking: kentic amice
Locking: magister's robes
Locking: maleki's footwraps
Locking: nature's breath
Locking: necropile boots
Locking: necropile cuffs
Locking: necropile mantle
Locking: noxious shooter
Locking: omnicast boots
Locking: orb of the forgotten seer
Locking: padre's trousers
Locking: penelope's rose
Locking: quel'dorai channeling rod
Locking: raincaster drape
Locking: rainstrider leggings
Locking: ring of demonic guile
Locking: ring of demonic guile
Locking: robes of the royal crown
Locking: rod of corrosion
Locking: rosewine circle
Locking: royal seal of eldre'thalas
Locking: royal tribunal cloak
Locking: sarah's guide
Locking: seal of rivendare
Locking: seal of rivendare
Locking: shadowy laced handwraps
Locking: silkweb gloves
Locking: soulstealer mantle
Locking: spellbound tome
Locking: spritecaster cape
Locking: starfire tiara
Locking: the hammer of grace
Locking: the postmaster's treads
Locking: thuzadin sash
Locking: triune amulet
Locking: vinerot sandals
Locking: wolfshear leggings
Locking: pants of prophecy
Locking: clutch of andros
Locking: star of mystaria
Optimizing start items...
[Perf] spent in FindBestPveHealingCounts: 0.0235948 s, that's: 100.002 % of total.

*** NEW BEST: 141.82 ***

*** NEW BEST: 149.122 ***

*** NEW BEST: 156.973 ***

*** NEW BEST: 168.638 ***

*** NEW BEST: 171.5 ***

*** NEW BEST: 174.974 ***

*** NEW BEST: 182.157 ***

*** NEW BEST: 191.313 ***

*** NEW BEST: 197.662 ***

*** NEW BEST: 206.249 ***

*** NEW BEST: 212.881 ***

*** NEW BEST: 220.238 ***

*** NEW BEST: 228.892 ***

*** NEW BEST: 249.664 ***

*** NEW BEST: 270.792 ***

*** NEW BEST: 279.135 ***
*
best val: 279.135
*
best val: 279.135
*
best val: 279.135
*
best val: 279.135
*
best val: 279.135

Read starting items and cleared locks.
 ----------------------------
 --- head --- 
name: halo of transcendence
slot: head
intelligence: 27
stamina: 17
spirit: 22
sp_healing: 48
fire_res: 10
frost_res: 10
armor: 94
 ----------------------------
 --- neck --- 
name: animated chain necklace
slot: neck
stamina: 7
spirit: 6
sp_healing: 33
 ----------------------------
 --- shoulders --- 
name: devout mantle
slot: shoulders
intelligence: 21
stamina: 4
spirit: 9
armor: 64
 ----------------------------
 --- back --- 
name: hide of the wild
slot: back
intelligence: 10
stamina: 8
sp_healing: 42
armor: 48
 ----------------------------
 --- chest --- 
name: devout robe
slot: chest
intelligence: 24
stamina: 13
spirit: 15
armor: 89
 ----------------------------
 --- wrists --- 
name: devout bracers
slot: wrists
intelligence: 10
stamina: 7
spirit: 10
armor: 35
 ----------------------------
 --- two-hand --- 
name: quel'dorai channeling rod
slot: two-hand
intelligence: 18
stamina: 8
spirit: 8
mp5: 8
 ----------------------------
 ---  --- 
name: 
slot: 
 ----------------------------
 ---  --- 
name: 
slot: 
 ----------------------------
 ---  --- 
name: 
slot: 
 ----------------------------
 --- ranged --- 
name: dragon finger of intellect
slot: ranged
intelligence: 8
 ----------------------------
 --- hands --- 
name: atal'ai gloves of the owl
slot: hands
intelligence: 13
spirit: 13
sp: 9
armor: 47
 ----------------------------
 --- waist --- 
name: thuzadin sash
slot: waist
intelligence: 12
stamina: 11
spirit: 11
sp: 11
armor: 49
 ----------------------------
 --- legs --- 
name: pants of prophecy
slot: legs
intelligence: 24
stamina: 18
spirit: 20
sp_healing: 22
mp5: 6
shadow_res: 10
armor: 89
 ----------------------------
 --- feet --- 
name: devout sandals
slot: feet
intelligence: 10
stamina: 9
spirit: 17
armor: 58
 ----------------------------
 --- finger --- 
name: ring of demonic guile
slot: finger
intelligence: 10
mp5: 6
 ----------------------------
 --- finger --- 
name: rosewine circle
slot: finger
sp_healing: 29
mp5: 5
 ----------------------------
 --- trinket --- 
name: briarwood reed
slot: trinket
sp: 29
 ----------------------------
 --- trinket --- 
name: royal seal of eldre'thalas
slot: trinket
sp_healing: 33
mp5: 4
 ----------------------------
 --- Set bonuses ---
name: devout 2 devout 4 
slot: Set bonuses
sp: 23
armor: 200
 --- And counts for start items ---
For 120 s fights:
    casts: 9, ticks: 9, ticks_oom: 0
    Heal, rank: 2, count: 3
    Heal, rank: 4, count: 0
    Greater Heal, rank: 1, count: 4
    Greater Heal, rank: 4, count: 1
    Flash Heal, rank: 7, count: 0
    Renew, rank: 10, count: 1
    Prayer of Healing, rank: 5, count: 0
    pve info: 1
    hps: 368.943
For 180 s fights:
    casts: 5, ticks: 10, ticks_oom: 0
    Heal, rank: 2, count: 0
    Heal, rank: 4, count: 0
    Greater Heal, rank: 1, count: 4
    Greater Heal, rank: 4, count: 1
    Flash Heal, rank: 7, count: 0
    Renew, rank: 10, count: 1
    Prayer of Healing, rank: 5, count: 0
    pve info: 1
    hps: 296.855
For 240 s fights:
    casts: 5, ticks: 10, ticks_oom: 0
    Heal, rank: 2, count: 0
    Heal, rank: 4, count: 0
    Greater Heal, rank: 1, count: 6
    Greater Heal, rank: 4, count: 0
    Flash Heal, rank: 7, count: 0
    Renew, rank: 10, count: 0
    Prayer of Healing, rank: 5, count: 0
    pve info: 1
    hps: 267.053
For 300 s fights:
    casts: 4, ticks: 9, ticks_oom: 5
    Heal, rank: 2, count: 0
    Heal, rank: 4, count: 0
    Greater Heal, rank: 1, count: 9
    Greater Heal, rank: 4, count: 2
    Flash Heal, rank: 7, count: 0
    Renew, rank: 10, count: 1
    Prayer of Healing, rank: 5, count: 0
    pve info: 0.986711
    hps: 241.382
For 360 s fights:
    casts: 3, ticks: 8, ticks_oom: 0
    Heal, rank: 2, count: 0
    Heal, rank: 4, count: 0
    Greater Heal, rank: 1, count: 8
    Greater Heal, rank: 4, count: 2
    Flash Heal, rank: 7, count: 0
    Renew, rank: 10, count: 2
    Prayer of Healing, rank: 5, count: 0
    pve info: 1
    hps: 221.441
.
*** NEW BEST: 285.016 ***

*** NEW BEST: 289.718 ***

*** NEW BEST: 293.201 ***

*** NEW BEST: 297.252 ***

*** NEW BEST: 300.92 ***

*** NEW BEST: 303.44 ***

*** NEW BEST: 320.133 ***

*** NEW BEST: 328.25 ***

*** NEW BEST: 330.093 ***

*** NEW BEST: 332.402 ***

*** NEW BEST: 335.884 ***
.
*** NEW BEST: 342.598 ***
....
*** NEW BEST: 346.318 ***
....
*** NEW BEST: 347.326 ***
......................Temporary bans and partial set bonuses off.
.........***** INTERMEDIATE RESULTS *****
Iteration: 41
 ----------------------------
 --- head --- 
name: halo of transcendence
slot: head
intelligence: 27
stamina: 17
spirit: 22
sp_healing: 48
fire_res: 10
frost_res: 10
armor: 94
 ----------------------------
 --- neck --- 
name: choker of enlightenment
slot: neck
intelligence: 10
stamina: 9
spirit: 10
sp: 18
 ----------------------------
 --- shoulders --- 
name: mantle of prophecy
slot: shoulders
intelligence: 23
stamina: 13
spirit: 10
sp: 9
shadow_res: 7
armor: 76
 ----------------------------
 --- back --- 
name: hide of the wild
slot: back
intelligence: 10
stamina: 8
sp_healing: 42
armor: 48
 ----------------------------
 --- chest --- 
name: truefaith vestments
slot: chest
stamina: 14
sp_healing: 73
mp5: 6
armor: 96
 ----------------------------
 --- wrists --- 
name: vambraces of prophecy
slot: wrists
intelligence: 14
stamina: 8
spirit: 10
sp_healing: 24
mp5: 2
armor: 44
 ----------------------------
 --- two-hand --- 
name: benediction
slot: two-hand
intelligence: 31
stamina: 10
spirit: 12
sp_healing: 106
spell_crit: 2
shadow_res: 20
 ----------------------------
 ---  --- 
name: 
slot: 
 ----------------------------
 ---  --- 
name: 
slot: 
 ----------------------------
 ---  --- 
name: 
slot: 
 ----------------------------
 --- ranged --- 
name: lunar wand of healing
slot: ranged
sp_healing: 20
 ----------------------------
 --- hands --- 
name: gloves of prophecy
slot: hands
intelligence: 15
stamina: 10
spirit: 15
sp_healing: 18
mp5: 6
fire_res: 7
armor: 63
 ----------------------------
 --- waist --- 
name: girdle of prophecy
slot: waist
intelligence: 22
stamina: 10
spirit: 10
sp: 9
mp5: 4
fire_res: 7
armor: 57
 ----------------------------
 --- legs --- 
name: leggings of transcendence
slot: legs
intelligence: 21
stamina: 16
spirit: 21
sp_healing: 46
mp5: 7
arcane_res: 10
shadow_res: 10
armor: 101
 ----------------------------
 --- feet --- 
name: boots of prophecy
slot: feet
intelligence: 18
stamina: 17
spirit: 15
sp_healing: 18
shadow_res: 7
armor: 70
 ----------------------------
 --- finger --- 
name: rosewine circle
slot: finger
sp_healing: 29
mp5: 5
 ----------------------------
 --- finger --- 
name: cauterizing band
slot: finger
intelligence: 12
stamina: 9
sp_healing: 46
 ----------------------------
 --- trinket --- 
name: royal seal of eldre'thalas
slot: trinket
sp_healing: 33
mp5: 4
 ----------------------------
 --- trinket --- 
name: shard of the scale
slot: trinket
mp5: 16
 ----------------------------
 --- Set bonuses ---
name: 
slot: Set bonuses
------------------
Best value: 347.164
------------------
Char stats: 
Effective hp: 5998.8
Effective mana: 9939.48
Raw max mana: 6794.6
Int: 347.667
Stam: 192
Spirit: 255
Strength: 34
Agility: 38
Mp5: 76.8
Sp: 36
Sp shadow: 0
Sp healing: 503
Spell crit: 1.55107
Spell hit: 0
Arcane res: 10
Nature res: 0
Fire res: 24
Frost res: 10
Shadow res: 44
Armor: 2463
Defense: 300
Dodge: 0
Parry: 0
HpsPvp: 968.856
ShadowDps: 210.107
Value pvp healing: 479.584
Value pvp shadow: 22.5542
------------------
Best counts:
For 120 s fights:
    casts: 9, ticks: 9, ticks_oom: 0
    Heal, rank: 2, count: 3
    Heal, rank: 4, count: 0
    Greater Heal, rank: 1, count: 4
    Greater Heal, rank: 4, count: 1
    Flash Heal, rank: 7, count: 0
    Renew, rank: 10, count: 1
    Prayer of Healing, rank: 5, count: 0
    pve info: 1
    hps: 448.729
For 180 s fights:
    casts: 7, ticks: 9, ticks_oom: 0
    Heal, rank: 2, count: 2
    Heal, rank: 4, count: 0
    Greater Heal, rank: 1, count: 1
    Greater Heal, rank: 4, count: 1
    Flash Heal, rank: 7, count: 0
    Renew, rank: 10, count: 1
    Prayer of Healing, rank: 5, count: 0
    pve info: 1
    hps: 368.171
For 240 s fights:
    casts: 5, ticks: 10, ticks_oom: 0
    Heal, rank: 2, count: 1
    Heal, rank: 4, count: 0
    Greater Heal, rank: 1, count: 3
    Greater Heal, rank: 4, count: 1
    Flash Heal, rank: 7, count: 0
    Renew, rank: 10, count: 1
    Prayer of Healing, rank: 5, count: 0
    pve info: 1
    hps: 329.102
For 300 s fights:
    casts: 5, ticks: 10, ticks_oom: 0
    Heal, rank: 2, count: 1
    Heal, rank: 4, count: 0
    Greater Heal, rank: 1, count: 8
    Greater Heal, rank: 4, count: 0
    Flash Heal, rank: 7, count: 0
    Renew, rank: 10, count: 2
    Prayer of Healing, rank: 5, count: 0
    pve info: 1
    hps: 304.161
For 360 s fights:
    casts: 5, ticks: 10, ticks_oom: 0
    Heal, rank: 2, count: 3
    Heal, rank: 4, count: 0
    Greater Heal, rank: 1, count: 12
    Greater Heal, rank: 4, count: 1
    Flash Heal, rank: 7, count: 0
    Renew, rank: 10, count: 3
    Prayer of Healing, rank: 5, count: 0
    pve info: 1
    hps: 286.466
------------------
Upgrades: 
quel'dorai channeling rod(14.5398) -> benediction(33.3444) : 18.8046 = +5.72683%
briarwood reed(4.94379) -> shard of the scale(15.2292) : 10.2855 = +3.05317%
devout robe(9.70798) -> truefaith vestments(17.4311) : 7.72308 = +2.27524%
atal'ai gloves of the owl(11.1094) -> gloves of prophecy(18.3327) : 7.22336 = +2.12489%
devout bracers(5.78906) -> vambraces of prophecy(12.637) : 6.84796 = +2.01224%
thuzadin sash(10.4824) -> girdle of prophecy(15.6919) : 5.2095 = +1.52345%
devout sandals(7.76547) -> boots of prophecy(12.6953) : 4.92978 = +1.44047%
pants of prophecy(24.8976) -> leggings of transcendence(29.4394) : 4.54181 = +1.3256%
ring of demonic guile(7.04468) -> cauterizing band(11.5204) : 4.47568 = +1.30605%
devout mantle(9.12085) -> mantle of prophecy(11.5067) : 2.3858 = +0.691982%
dragon finger of intellect(2.01184) -> lunar wand of healing(3.54916) : 1.53732 = +0.444793%
animated chain necklace(7.00281) -> choker of enlightenment(8.31781) : 1.315 = +0.380224%
halo of transcendence(24.0605) -> halo of transcendence(24.0605) : 0 = +0%
hide of the wild(10.3372) -> hide of the wild(10.3372) : 0 = +0%
rosewine circle(9.01514) -> rosewine circle(9.01514) : 0 = +0%
royal seal of eldre'thalas(8.94644) -> royal seal of eldre'thalas(8.94644) : 0 = +0%
------------------
~~~~ end of intermediate results ~~~~
Temporary bans and partial set bonuses on.
...............................Temporary bans and partial set bonuses off.
.ranged : lunar wand of the owl -> lunar wand of healing => val: 346.553 -> 347.164
........***** INTERMEDIATE RESULTS *****
Iteration: 81
 ----------------------------
 --- head --- 
name: halo of transcendence
slot: head
intelligence: 27
stamina: 17
spirit: 22
sp_healing: 48
fire_res: 10
frost_res: 10
armor: 94
 ----------------------------
 --- neck --- 
name: choker of enlightenment
slot: neck
intelligence: 10
stamina: 9
spirit: 10
sp: 18
 ----------------------------
 --- shoulders --- 
name: mantle of prophecy
slot: shoulders
intelligence: 23
stamina: 13
spirit: 10
sp: 9
shadow_res: 7
armor: 76
 ----------------------------
 --- back --- 
name: hide of the wild
slot: back
intelligence: 10
stamina: 8
sp_healing: 42
armor: 48
 ----------------------------
 --- chest --- 
name: truefaith vestments
slot: chest
stamina: 14
sp_healing: 73
mp5: 6
armor: 96
 ----------------------------
 --- wrists --- 
name: vambraces of prophecy
slot: wrists
intelligence: 14
stamina: 8
spirit: 10
sp_healing: 24
mp5: 2
armor: 44
 ----------------------------
 --- two-hand --- 
name: benediction
slot: two-hand
intelligence: 31
stamina: 10
spirit: 12
sp_healing: 106
spell_crit: 2
shadow_res: 20
 ----------------------------
 ---  --- 
name: 
slot: 
 ----------------------------
 ---  --- 
name: 
slot: 
 ----------------------------
 ---  --- 
name: 
slot: 
 ----------------------------
 --- ranged --- 
name: lunar wand of healing
slot: ranged
sp_healing: 20
 ----------------------------
 --- hands --- 
name: gloves of prophecy
slot: hands
intelligence: 15
stamina: 10
spirit: 15
sp_healing: 18
mp5: 6
fire_res: 7
armor: 63
 ----------------------------
 --- waist --- 
name: girdle of prophecy
slot: waist
intelligence: 22
stamina: 10
spirit: 10
sp: 9
mp5: 4
fire_res: 7
armor: 57
 ----------------------------
 --- legs --- 
name: leggings of transcendence
slot: legs
intelligence: 21
stamina: 16
spirit: 21
sp_healing: 46
mp5: 7
arcane_res: 10
shadow_res: 10
armor: 101
 ----------------------------
 --- feet --- 
name: boots of prophecy
slot: feet
intelligence: 18
stamina: 17
spirit: 15
sp_healing: 18
shadow_res: 7
armor: 70
 ----------------------------
 --- finger --- 
name: rosewine circle
slot: finger
sp_healing: 29
mp5: 5
 ----------------------------
 --- finger --- 
name: cauterizing band
slot: finger
intelligence: 12
stamina: 9
sp_healing: 46
 ----------------------------
 --- trinket --- 
name: royal seal of eldre'thalas
slot: trinket
sp_healing: 33
mp5: 4
 ----------------------------
 --- trinket --- 
name: shard of the scale
slot: trinket
mp5: 16
 ----------------------------
 --- Set bonuses ---
name: 
slot: Set bonuses
------------------
Best value: 347.164
------------------
Char stats: 
Effective hp: 5998.8
Effective mana: 9939.48
Raw max mana: 6794.6
Int: 347.667
Stam: 192
Spirit: 255
Strength: 34
Agility: 38
Mp5: 76.8
Sp: 36
Sp shadow: 0
Sp healing: 503
Spell crit: 1.55107
Spell hit: 0
Arcane res: 10
Nature res: 0
Fire res: 24
Frost res: 10
Shadow res: 44
Armor: 2463
Defense: 300
Dodge: 0
Parry: 0
HpsPvp: 968.856
ShadowDps: 210.107
Value pvp healing: 479.584
Value pvp shadow: 22.5542
------------------
Best counts:
For 120 s fights:
    casts: 9, ticks: 9, ticks_oom: 0
    Heal, rank: 2, count: 3
    Heal, rank: 4, count: 0
    Greater Heal, rank: 1, count: 4
    Greater Heal, rank: 4, count: 1
    Flash Heal, rank: 7, count: 0
    Renew, rank: 10, count: 1
    Prayer of Healing, rank: 5, count: 0
    pve info: 1
    hps: 448.729
For 180 s fights:
    casts: 7, ticks: 9, ticks_oom: 0
    Heal, rank: 2, count: 2
    Heal, rank: 4, count: 0
    Greater Heal, rank: 1, count: 1
    Greater Heal, rank: 4, count: 1
    Flash Heal, rank: 7, count: 0
    Renew, rank: 10, count: 1
    Prayer of Healing, rank: 5, count: 0
    pve info: 1
    hps: 368.171
For 240 s fights:
    casts: 5, ticks: 10, ticks_oom: 0
    Heal, rank: 2, count: 1
    Heal, rank: 4, count: 0
    Greater Heal, rank: 1, count: 3
    Greater Heal, rank: 4, count: 1
    Flash Heal, rank: 7, count: 0
    Renew, rank: 10, count: 1
    Prayer of Healing, rank: 5, count: 0
    pve info: 1
    hps: 329.102
For 300 s fights:
    casts: 5, ticks: 10, ticks_oom: 0
    Heal, rank: 2, count: 1
    Heal, rank: 4, count: 0
    Greater Heal, rank: 1, count: 8
    Greater Heal, rank: 4, count: 0
    Flash Heal, rank: 7, count: 0
    Renew, rank: 10, count: 2
    Prayer of Healing, rank: 5, count: 0
    pve info: 1
    hps: 304.161
For 360 s fights:
    casts: 5, ticks: 10, ticks_oom: 0
    Heal, rank: 2, count: 3
    Heal, rank: 4, count: 0
    Greater Heal, rank: 1, count: 12
    Greater Heal, rank: 4, count: 1
    Flash Heal, rank: 7, count: 0
    Renew, rank: 10, count: 3
    Prayer of Healing, rank: 5, count: 0
    pve info: 1
    hps: 286.466
------------------
Upgrades: 
quel'dorai channeling rod(14.5398) -> benediction(33.3444) : 18.8046 = +5.72683%
briarwood reed(4.94379) -> shard of the scale(15.2292) : 10.2855 = +3.05317%
devout robe(9.70798) -> truefaith vestments(17.4311) : 7.72308 = +2.27524%
atal'ai gloves of the owl(11.1094) -> gloves of prophecy(18.3327) : 7.22336 = +2.12489%
devout bracers(5.78906) -> vambraces of prophecy(12.637) : 6.84796 = +2.01224%
thuzadin sash(10.4824) -> girdle of prophecy(15.6919) : 5.2095 = +1.52345%
devout sandals(7.76547) -> boots of prophecy(12.6953) : 4.92978 = +1.44047%
pants of prophecy(24.8976) -> leggings of transcendence(29.4394) : 4.54181 = +1.3256%
ring of demonic guile(7.04468) -> cauterizing band(11.5204) : 4.47568 = +1.30605%
devout mantle(9.12085) -> mantle of prophecy(11.5067) : 2.3858 = +0.691982%
dragon finger of intellect(2.01184) -> lunar wand of healing(3.54916) : 1.53732 = +0.444793%
animated chain necklace(7.00281) -> choker of enlightenment(8.31781) : 1.315 = +0.380224%
halo of transcendence(24.0605) -> halo of transcendence(24.0605) : 0 = +0%
hide of the wild(10.3372) -> hide of the wild(10.3372) : 0 = +0%
rosewine circle(9.01514) -> rosewine circle(9.01514) : 0 = +0%
royal seal of eldre'thalas(8.94644) -> royal seal of eldre'thalas(8.94644) : 0 = +0%
------------------
~~~~ end of intermediate results ~~~~
Same items for intermediate results again, ending optimization. 
 ----------------------------
 --- head --- 
name: halo of transcendence
slot: head
intelligence: 27
stamina: 17
spirit: 22
sp_healing: 48
fire_res: 10
frost_res: 10
armor: 94
 ----------------------------
 --- neck --- 
name: choker of enlightenment
slot: neck
intelligence: 10
stamina: 9
spirit: 10
sp: 18
 ----------------------------
 --- shoulders --- 
name: mantle of prophecy
slot: shoulders
intelligence: 23
stamina: 13
spirit: 10
sp: 9
shadow_res: 7
armor: 76
 ----------------------------
 --- back --- 
name: hide of the wild
slot: back
intelligence: 10
stamina: 8
sp_healing: 42
armor: 48
 ----------------------------
 --- chest --- 
name: truefaith vestments
slot: chest
stamina: 14
sp_healing: 73
mp5: 6
armor: 96
 ----------------------------
 --- wrists --- 
name: vambraces of prophecy
slot: wrists
intelligence: 14
stamina: 8
spirit: 10
sp_healing: 24
mp5: 2
armor: 44
 ----------------------------
 --- two-hand --- 
name: benediction
slot: two-hand
intelligence: 31
stamina: 10
spirit: 12
sp_healing: 106
spell_crit: 2
shadow_res: 20
 ----------------------------
 ---  --- 
name: 
slot: 
 ----------------------------
 ---  --- 
name: 
slot: 
 ----------------------------
 ---  --- 
name: 
slot: 
 ----------------------------
 --- ranged --- 
name: lunar wand of healing
slot: ranged
sp_healing: 20
 ----------------------------
 --- hands --- 
name: gloves of prophecy
slot: hands
intelligence: 15
stamina: 10
spirit: 15
sp_healing: 18
mp5: 6
fire_res: 7
armor: 63
 ----------------------------
 --- waist --- 
name: girdle of prophecy
slot: waist
intelligence: 22
stamina: 10
spirit: 10
sp: 9
mp5: 4
fire_res: 7
armor: 57
 ----------------------------
 --- legs --- 
name: leggings of transcendence
slot: legs
intelligence: 21
stamina: 16
spirit: 21
sp_healing: 46
mp5: 7
arcane_res: 10
shadow_res: 10
armor: 101
 ----------------------------
 --- feet --- 
name: boots of prophecy
slot: feet
intelligence: 18
stamina: 17
spirit: 15
sp_healing: 18
shadow_res: 7
armor: 70
 ----------------------------
 --- finger --- 
name: rosewine circle
slot: finger
sp_healing: 29
mp5: 5
 ----------------------------
 --- finger --- 
name: cauterizing band
slot: finger
intelligence: 12
stamina: 9
sp_healing: 46
 ----------------------------
 --- trinket --- 
name: royal seal of eldre'thalas
slot: trinket
sp_healing: 33
mp5: 4
 ----------------------------
 --- trinket --- 
name: shard of the scale
slot: trinket
mp5: 16
 ----------------------------
 --- Set bonuses ---
name: 
slot: Set bonuses
------------------
Char stats: 
Effective hp: 5998.8
Effective mana: 9939.48
Raw max mana: 6794.6
Int: 347.667
Stam: 192
Spirit: 255
Strength: 34
Agility: 38
Mp5: 76.8
Sp: 36
Sp shadow: 0
Sp healing: 503
Spell crit: 1.55107
Spell hit: 0
Arcane res: 10
Nature res: 0
Fire res: 24
Frost res: 10
Shadow res: 44
Armor: 2463
Defense: 300
Dodge: 0
Parry: 0
HpsPvp: 968.856
ShadowDps: 210.107
Value pvp healing: 479.584
Value pvp shadow: 22.5542
------------------
Best counts:
For 120 s fights:
    casts: 9, ticks: 9, ticks_oom: 0
    Heal, rank: 2, count: 3
    Heal, rank: 4, count: 0
    Greater Heal, rank: 1, count: 4
    Greater Heal, rank: 4, count: 1
    Flash Heal, rank: 7, count: 0
    Renew, rank: 10, count: 1
    Prayer of Healing, rank: 5, count: 0
    pve info: 1
    hps: 448.729
For 180 s fights:
    casts: 7, ticks: 9, ticks_oom: 0
    Heal, rank: 2, count: 2
    Heal, rank: 4, count: 0
    Greater Heal, rank: 1, count: 1
    Greater Heal, rank: 4, count: 1
    Flash Heal, rank: 7, count: 0
    Renew, rank: 10, count: 1
    Prayer of Healing, rank: 5, count: 0
    pve info: 1
    hps: 368.171
For 240 s fights:
    casts: 5, ticks: 10, ticks_oom: 0
    Heal, rank: 2, count: 1
    Heal, rank: 4, count: 0
    Greater Heal, rank: 1, count: 3
    Greater Heal, rank: 4, count: 1
    Flash Heal, rank: 7, count: 0
    Renew, rank: 10, count: 1
    Prayer of Healing, rank: 5, count: 0
    pve info: 1
    hps: 329.102
For 300 s fights:
    casts: 5, ticks: 10, ticks_oom: 0
    Heal, rank: 2, count: 1
    Heal, rank: 4, count: 0
    Greater Heal, rank: 1, count: 8
    Greater Heal, rank: 4, count: 0
    Flash Heal, rank: 7, count: 0
    Renew, rank: 10, count: 2
    Prayer of Healing, rank: 5, count: 0
    pve info: 1
    hps: 304.161
For 360 s fights:
    casts: 5, ticks: 10, ticks_oom: 0
    Heal, rank: 2, count: 3
    Heal, rank: 4, count: 0
    Greater Heal, rank: 1, count: 12
    Greater Heal, rank: 4, count: 1
    Flash Heal, rank: 7, count: 0
    Renew, rank: 10, count: 3
    Prayer of Healing, rank: 5, count: 0
    pve info: 1
    hps: 286.466
------------------
Current relative stat values for matching or exceeding +50 pts of sp
int: 154.192
spi: 123.424
sta: 0
agi: 0
mp5: 408.114
sp: 100
sp_shadow: 0
sp_healing: 100
spell crit: 340.554
spell hit: 0
arcane res: 0
nature res: 0
fire res: 0
frost res: 0
shadow res: 0
armor: 0
defense: 0
dodge: 0
parry: 0
------------------
Diffs to start: 
Upgrades: 
quel'dorai channeling rod(14.5398) -> benediction(33.3444) : 18.8046 = +5.72683%
briarwood reed(4.94379) -> shard of the scale(15.2292) : 10.2855 = +3.05317%
devout robe(9.70798) -> truefaith vestments(17.4311) : 7.72308 = +2.27524%
atal'ai gloves of the owl(11.1094) -> gloves of prophecy(18.3327) : 7.22336 = +2.12489%
devout bracers(5.78906) -> vambraces of prophecy(12.637) : 6.84796 = +2.01224%
thuzadin sash(10.4824) -> girdle of prophecy(15.6919) : 5.2095 = +1.52345%
devout sandals(7.76547) -> boots of prophecy(12.6953) : 4.92978 = +1.44047%
pants of prophecy(24.8976) -> leggings of transcendence(29.4394) : 4.54181 = +1.3256%
ring of demonic guile(7.04468) -> cauterizing band(11.5204) : 4.47568 = +1.30605%
devout mantle(9.12085) -> mantle of prophecy(11.5067) : 2.3858 = +0.691982%
dragon finger of intellect(2.01184) -> lunar wand of healing(3.54916) : 1.53732 = +0.444793%
animated chain necklace(7.00281) -> choker of enlightenment(8.31781) : 1.315 = +0.380224%
halo of transcendence(24.0605) -> halo of transcendence(24.0605) : 0 = +0%
hide of the wild(10.3372) -> hide of the wild(10.3372) : 0 = +0%
rosewine circle(9.01514) -> rosewine circle(9.01514) : 0 = +0%
royal seal of eldre'thalas(8.94644) -> royal seal of eldre'thalas(8.94644) : 0 = +0%
- - - - - - - - - - - - - - - - - - - - - - - - - - - - - - - - -
| Upgrades at best in slot level, from start item to candidate: |
. . . . . . . . . . . . . . . . . . . . . . . . . . . . . . . . .
- . - ' - . - ' - . - ' - . - ' - . - ' - . -
head, halo of transcendence (25.8821) -> :
- . - ' - . - ' - . - ' - . - ' - . - ' - . -
neck, animated chain necklace (7.95621) -> :
    choker of enlightenment (9.82172) : +0.540007 %, from: mc
    choker of the fire lord (8.86548) : +0.263206 %, from: mc
- . - ' - . - ' - . - ' - . - ' - . - ' - . -
shoulders, devout mantle (10.6096) -> :
    mantle of prophecy (12.9874) : +0.689305 %, from: mc
    sunderseer mantle (11.4057) : +0.230792 %, from: pre-raid
    soulstealer mantle (10.7797) : +0.0493132 %, from: pre-raid
- . - ' - . - ' - . - ' - . - ' - . - ' - . -
back, hide of the wild (10.465) -> :
- . - ' - . - ' - . - ' - . - ' - . - ' - . -
chest, devout robe (10.9221) -> :
    truefaith vestments (18.5793) : +2.25432 %, from: tailoring bop
    robes of the exalted (17.1914) : +1.84572 %, from: pre-raid
    robes of prophecy (16.1063) : +1.52625 %, from: mc
    robe of volatile power (12.7669) : +0.543132 %, from: mc
    mindsurge robe (11.829) : +0.26702 %, from: pre-raid
    the postmaster's tunic (11.5815) : +0.194155 %, from: pre-raid
    magister's robes (11.4001) : +0.140742 %, from: pre-raid
- . - ' - . - ' - . - ' - . - ' - . - ' - . -
wrists, devout bracers (6.98187) -> :
    vambraces of prophecy (14.1625) : +2.11104 %, from: mc
    flarecore wraps (11.0482) : +1.19547 %, from: tailoring boe
    wyrmthalak's shackles (8.07993) : +0.322819 %, from: pre-raid
    sublime wristguards (7.90546) : +0.271526 %, from: pre-raid
- . - ' - . - ' - . - ' - . - ' - . - ' - . -
two-hand, quel'dorai channeling rod (15.8919) -> :
    benediction (34.6297) : +5.70252 %, from: mc
    aurastone hammer and lei of the lifegiver (25.8998) : +3.04572 %, from: mc, av rep
    staff of dominance (24.3817) : +2.58371 %, from: mc
    sorcerous dagger and lei of the lifegiver (22.2681) : +1.94047 %, from: mc, av rep
    aurastone hammer and fire runed grimoire (21.9287) : +1.83719 %, from: mc, mc
    aurastone hammer and thaurissan's royal scepter (21.6777) : +1.76081 %, from: mc, pre-raid
    aurastone hammer and ancient cornerstone grimoire (20.8623) : +1.51264 %, from: mc, onyxia
    aurastone hammer and milli's lexicon (20.3946) : +1.37031 %, from: mc, pre-raid
    lorespinner and lei of the lifegiver (20.1206) : +1.28693 %, from: pre-raid, av rep
    aurastone hammer and brightly glowing stone (19.9865) : +1.24613 %, from: mc, pre-raid
    aurastone hammer and penelope's rose (19.7406) : +1.17128 %, from: mc, pre-raid (scholo quest)
    aurastone hammer and spellbound tome (19.4841) : +1.09323 %, from: mc, pre-raid
    sorcerous dagger and fire runed grimoire (19.0556) : +0.962806 %, from: mc, mc
    sorcerous dagger and thaurissan's royal scepter (18.9659) : +0.93551 %, from: mc, pre-raid
    aurastone hammer and globe of d'sak (18.5888) : +0.820744 %, from: mc, pre-raid
    sorcerous dagger and ancient cornerstone grimoire (18.2961) : +0.731659 %, from: mc, onyxia
    gift of the elven magi and lei of the lifegiver (18.1653) : +0.691862 %, from: pre-raid (strat live: balnazzar), av rep
    sorcerous dagger and milli's lexicon (17.9334) : +0.621305 %, from: mc, pre-raid
    witchblade and lei of the lifegiver (17.5738) : +0.511843 %, from: pre-raid, av rep
    the hammer of grace and lei of the lifegiver (17.5289) : +0.498181 %, from: pre-raid, av rep
    hypnotic blade and lei of the lifegiver (17.5132) : +0.493407 %, from: pre-raid, av rep
    sorcerous dagger and penelope's rose (17.063) : +0.356398 %, from: mc, pre-raid (scholo quest)
    anathema (16.9583) : +0.324542 %, from: mc
    sorcerous dagger and spellbound tome (16.881) : +0.301007 %, from: mc, pre-raid
    lorespinner and thaurissan's royal scepter (16.1459) : +0.0772905 %, from: pre-raid, pre-raid
    lorespinner and fire runed grimoire (16.138) : +0.0749036 %, from: pre-raid, mc
    sorcerous dagger and brightly glowing stone (15.9098) : +0.00544247 %, from: mc, pre-raid
- . - ' - . - ' - . - ' - . - ' - . - ' - . -
ranged, dragon finger of intellect (1.9852) -> :
    lunar wand of healing (3.53125) : +0.44712 %, from: random green
    lunar wand of the owl (2.93802) : +0.275557 %, from: random green
    bonecreeper stylus (2.91229) : +0.268117 %, from: pre-raid
    oblivion's touch (2.88843) : +0.261215 %, from: pre-raid
    mana channeling wand (2.88715) : +0.260844 %, from: pre-raid
    crimson shocker (2.62833) : +0.185993 %, from: mc
    lunar wand of intellect (2.40509) : +0.121433 %, from: random green
- . - ' - . - ' - . - ' - . - ' - . - ' - . -
hands, atal'ai gloves of the owl (11.7187) -> :
    gloves of prophecy (20.6074) : +2.62641 %, from: mc
    hands of the exalted herald (15.8141) : +1.21011 %, from: pre-raid
    mooncloth gloves (12.0285) : +0.0915517 %, from: pre-raid
    shadowy laced handwraps (11.9542) : +0.0695858 %, from: pre-raid
- . - ' - . - ' - . - ' - . - ' - . - ' - . -
waist, thuzadin sash (10.552) -> :
    girdle of prophecy (17.2884) : +1.97784 %, from: mc
    whipvine cord (15.4416) : +1.43562 %, from: pre-raid
    mana igniting cord (11.3549) : +0.235743 %, from: mc
- . - ' - . - ' - . - ' - . - ' - . - ' - . -
legs, pants of prophecy (24.5624) -> :
    leggings of transcendence (29.0827) : +1.3186 %, from: mc
- . - ' - . - ' - . - ' - . - ' - . - ' - . -
feet, devout sandals (8.99573) -> :
    boots of prophecy (13.9894) : +1.45873 %, from: mc
    boots of the full moon (11.6793) : +0.783915 %, from: pre-raid
    wolfrunner shoes (9.7558) : +0.222027 %, from: pre-raid
- . - ' - . - ' - . - ' - . - ' - . - ' - . -
finger, ring of demonic guile (8.02731) -> :
    cauterizing band (12.1545) : +1.19457 %, from: mc
    rosewine circle (9.86026) : +0.530531 %, from: pre-raid
    band of sulfuras (9.62985) : +0.463841 %, from: mc
    seal of the archmagus (8.642) : +0.177915 %, from: mc
    fordring's seal (8.26999) : +0.0702404 %, from: pre-raid
- . - ' - . - ' - . - ' - . - ' - . - ' - . -
finger 2, rosewine circle (8.98828) -> :
    cauterizing band (11.6439) : +0.770469 %, from: mc
- . - ' - . - ' - . - ' - . - ' - . - ' - . -
trinket, briarwood reed (5.06662) -> :
    shard of the scale (12.1631) : +2.06911 %, from: onyxia
    royal seal of eldre'thalas (9.42212) : +1.26993 %, from: pre-raid
    mindtap talisman (8.47461) : +0.993669 %, from: pre-raid
- . - ' - . - ' - . - ' - . - ' - . - ' - . -
trinket 2, royal seal of eldre'thalas (9.95972) -> :
    shard of the scale (16.2726) : +1.85123 %, from: onyxia
    mindtap talisman (11.4601) : +0.439982 %, from: pre-raid
------------------
- - - - - - - - - - - - - - - - - - - - - - - - - - - - - -
| Upgrades at start level, from start item to candidate:  |
. . . . . . . . . . . . . . . . . . . . . . . . . . . . . .
- . - ' - . - ' - . - ' - . - ' - . - ' - . -
head, halo of transcendence (24.0706) -> :
- . - ' - . - ' - . - ' - . - ' - . - ' - . -
neck, animated chain necklace (6.99945) -> :
    choker of enlightenment (8.20929) : +0.433425 %, from: mc
    choker of the fire lord (7.59442) : +0.213148 %, from: mc
- . - ' - . - ' - . - ' - . - ' - . - ' - . -
shoulders, devout mantle (12.8248) -> :
- . - ' - . - ' - . - ' - . - ' - . - ' - . -
back, hide of the wild (9.5112) -> :
- . - ' - . - ' - . - ' - . - ' - . - ' - . -
chest, devout robe (16.496) -> :
    robes of prophecy (17.6486) : +0.412914 %, from: mc
    truefaith vestments (17.4753) : +0.350859 %, from: tailoring bop
    robes of the exalted (16.5257) : +0.0106596 %, from: pre-raid
- . - ' - . - ' - . - ' - . - ' - . - ' - . -
wrists, devout bracers (9.53647) -> :
    vambraces of prophecy (12.2346) : +0.966623 %, from: mc
- . - ' - . - ' - . - ' - . - ' - . - ' - . -
two-hand, quel'dorai channeling rod (16.449) -> :
    benediction (32.1224) : +5.61499 %, from: mc
    staff of dominance (23.5903) : +2.55837 %, from: mc
    aurastone hammer and lei of the lifegiver (23.5181) : +2.53248 %, from: mc, av rep
    aurastone hammer and fire runed grimoire (21.1642) : +1.68922 %, from: mc, mc
    aurastone hammer and thaurissan's royal scepter (20.8047) : +1.56041 %, from: mc, pre-raid
    sorcerous dagger and lei of the lifegiver (20.7182) : +1.52944 %, from: mc, av rep
    aurastone hammer and ancient cornerstone grimoire (20.7053) : +1.52479 %, from: mc, onyxia
    aurastone hammer and milli's lexicon (20.2935) : +1.3773 %, from: mc, pre-raid
    aurastone hammer and penelope's rose (19.5066) : +1.09536 %, from: mc, pre-raid (scholo quest)
    aurastone hammer and spellbound tome (18.832) : +0.853708 %, from: mc, pre-raid
    aurastone hammer and brightly glowing stone (18.5983) : +0.769973 %, from: mc, pre-raid
    sorcerous dagger and fire runed grimoire (18.3334) : +0.675086 %, from: mc, mc
    lorespinner and lei of the lifegiver (18.278) : +0.65521 %, from: pre-raid, av rep
    aurastone hammer and globe of d'sak (17.9887) : +0.551577 %, from: mc, pre-raid
    sorcerous dagger and ancient cornerstone grimoire (17.7865) : +0.479146 %, from: mc, onyxia
    sorcerous dagger and thaurissan's royal scepter (17.7406) : +0.462714 %, from: mc, pre-raid
    sorcerous dagger and milli's lexicon (17.4249) : +0.349591 %, from: mc, pre-raid
    hypnotic blade and lei of the lifegiver (17.3189) : +0.311643 %, from: pre-raid, av rep
    anathema (17.2928) : +0.302262 %, from: mc
    gift of the elven magi and lei of the lifegiver (17.1876) : +0.264598 %, from: pre-raid (strat live: balnazzar), av rep
    witchblade and lei of the lifegiver (16.766) : +0.11356 %, from: pre-raid, av rep
    sorcerous dagger and penelope's rose (16.7018) : +0.0905355 %, from: mc, pre-raid (scholo quest)
- . - ' - . - ' - . - ' - . - ' - . - ' - . -
ranged, dragon finger of intellect (2.49005) -> :
    lunar wand of the owl (3.621) : +0.405163 %, from: random green
    mana channeling wand (3.38495) : +0.320597 %, from: pre-raid
    oblivion's touch (3.20187) : +0.25501 %, from: pre-raid
    lunar wand of healing (3.10123) : +0.218954 %, from: random green
    crimson shocker (2.92719) : +0.156603 %, from: mc
    bonecreeper stylus (2.86591) : +0.13465 %, from: pre-raid
    lunar wand of intellect (2.76468) : +0.0983853 %, from: random green
- . - ' - . - ' - . - ' - . - ' - . - ' - . -
hands, atal'ai gloves of the owl (8.93668) -> :
    gloves of prophecy (15.4718) : +2.34121 %, from: mc
    hands of the exalted herald (12.414) : +1.24575 %, from: pre-raid
- . - ' - . - ' - . - ' - . - ' - . - ' - . -
waist, thuzadin sash (8.6051) -> :
    girdle of prophecy (13.3661) : +1.70564 %, from: mc
    whipvine cord (12.3997) : +1.35941 %, from: pre-raid
    mana igniting cord (9.27625) : +0.240437 %, from: mc
- . - ' - . - ' - . - ' - . - ' - . - ' - . -
legs, pants of prophecy (24.3823) -> :
    leggings of transcendence (28.3397) : +1.41773 %, from: mc
- . - ' - . - ' - . - ' - . - ' - . - ' - . -
feet, devout sandals (11.3195) -> :
    boots of prophecy (12.225) : +0.324402 %, from: mc
- . - ' - . - ' - . - ' - . - ' - . - ' - . -
finger, ring of demonic guile (8.13412) -> :
    cauterizing band (10.5001) : +0.847596 %, from: mc
    band of sulfuras (9.64249) : +0.54037 %, from: mc
    seal of the archmagus (9.06384) : +0.333071 %, from: mc
    rosewine circle (8.86655) : +0.26239 %, from: pre-raid
- . - ' - . - ' - . - ' - . - ' - . - ' - . -
finger 2, rosewine circle (8.52686) -> :
    cauterizing band (10.6407) : +0.757301 %, from: mc
    band of sulfuras (8.65088) : +0.0444314 %, from: mc
- . - ' - . - ' - . - ' - . - ' - . - ' - . -
trinket, briarwood reed (4.53687) -> :
    shard of the scale (10.7402) : +2.22236 %, from: onyxia
    royal seal of eldre'thalas (8.00653) : +1.24301 %, from: pre-raid
    mindtap talisman (7.42252) : +1.03378 %, from: pre-raid
- . - ' - . - ' - . - ' - . - ' - . - ' - . -
trinket 2, royal seal of eldre'thalas (8.42868) -> :
    shard of the scale (11.3721) : +1.05449 %, from: onyxia
-- Stat values at start item level: --
Current relative stat values for matching or exceeding +50 pts of sp
int: 192.702
spi: 167.081
sta: 0
agi: 0
mp5: 518.215
sp: 100
sp_shadow: 0
sp_healing: 100
spell crit: 294.602
spell hit: 0
arcane res: 0
nature res: 0
fire res: 0
frost res: 0
shadow res: 0
armor: 0
defense: 0
dodge: 0
parry: 0
------------------
Best value: 347.164
