Your call: ./css 5 ../items/more_raid.csv -b 0.2 -r 0.2 
Found: -b, val: 0.2
./css 5 ../items/more_raid.csv -r 0.2 
Found: -r, val: 0.2
./css 5 ../items/more_raid.csv 
Shuffle seed: 2329878263
Reading tmp locked from: start_with.txt
Locking: anastari heirloom
Locking: animated chain necklace
Locking: argent crusader
Locking: atal'ai gloves of the owl
Locking: banshee finger
Locking: blood of the martyr
Locking: briarwood reed
Locking: burial shawl
Locking: crimson felt hat
Locking: cyclopean band
Locking: devout belt
Locking: devout bracers
Locking: devout crown
Locking: devout mantle
Locking: devout robe
Locking: devout sandals
Locking: devout skirt
Locking: dragon finger of intellect
Locking: dragonslayer's signet
Locking: drakefire amulet
Locking: dreadmist mantle
Locking: dreamweave circlet
Locking: dreamweave gloves
Locking: dreamweave vest
Locking: eye of the beast
Locking: fordring's seal
Locking: grimgore noose
Locking: halo of transcendence
Locking: heart of the fiend
Locking: hide of the wild
Locking: kentic amice
Locking: magister's robes
Locking: maleki's footwraps
Locking: nature's breath
Locking: necropile boots
Locking: necropile cuffs
Locking: necropile mantle
Locking: noxious shooter
Locking: omnicast boots
Locking: orb of the forgotten seer
Locking: padre's trousers
Locking: penelope's rose
Locking: quel'dorai channeling rod
Locking: raincaster drape
Locking: rainstrider leggings
Locking: ring of demonic guile
Locking: ring of demonic guile
Locking: robes of the royal crown
Locking: rod of corrosion
Locking: rosewine circle
Locking: royal seal of eldre'thalas
Locking: royal tribunal cloak
Locking: sarah's guide
Locking: seal of rivendare
Locking: seal of rivendare
Locking: shadowy laced handwraps
Locking: silkweb gloves
Locking: soulstealer mantle
Locking: spellbound tome
Locking: spritecaster cape
Locking: starfire tiara
Locking: the hammer of grace
Locking: the postmaster's treads
Locking: thuzadin sash
Locking: triune amulet
Locking: vinerot sandals
Locking: wolfshear leggings
Locking: pants of prophecy
Locking: clutch of andros
Locking: star of mystaria
Optimizing start items...
[Perf] spent in FindBestPveHealingCounts: 0.00570211 s, that's: 100.005 % of total.

*** NEW BEST: 102.71 ***

*** NEW BEST: 109.724 ***

*** NEW BEST: 120.689 ***

*** NEW BEST: 137.878 ***

*** NEW BEST: 144.865 ***

*** NEW BEST: 147.382 ***

*** NEW BEST: 155.817 ***

*** NEW BEST: 168.68 ***

*** NEW BEST: 178.291 ***

*** NEW BEST: 186.141 ***

*** NEW BEST: 192.045 ***

*** NEW BEST: 197.104 ***

*** NEW BEST: 218.277 ***

*** NEW BEST: 228.369 ***

*** NEW BEST: 238.666 ***

*** NEW BEST: 246.347 ***
*
best val: 246.347

*** NEW BEST: 246.948 ***
*
best val: 246.948
*
best val: 246.948
shoulders : devout mantle -> soulstealer mantle => val: 245.24 -> 245.653

*** NEW BEST: 245.849 ***
*
best val: 245.849
*
best val: 245.849

Read starting items and cleared locks.
 ----------------------------
 --- head --- 
name: halo of transcendence
slot: head
intelligence: 27
stamina: 17
spirit: 22
sp_healing: 48
fire_res: 10
frost_res: 10
armor: 94
 ----------------------------
 --- neck --- 
name: animated chain necklace
slot: neck
stamina: 7
spirit: 6
sp_healing: 33
 ----------------------------
 --- shoulders --- 
name: soulstealer mantle
slot: shoulders
intelligence: 22
spirit: 9
armor: 64
 ----------------------------
 --- back --- 
name: hide of the wild
slot: back
intelligence: 10
stamina: 8
sp_healing: 42
armor: 48
 ----------------------------
 --- chest --- 
name: magister's robes
slot: chest
intelligence: 31
stamina: 9
spirit: 8
armor: 89
 ----------------------------
 --- wrists --- 
name: devout bracers
slot: wrists
intelligence: 10
stamina: 7
spirit: 10
armor: 35
 ----------------------------
 --- two-hand --- 
name: quel'dorai channeling rod
slot: two-hand
intelligence: 18
stamina: 8
spirit: 8
mp5: 8
 ----------------------------
 ---  --- 
name: 
slot: 
 ----------------------------
 ---  --- 
name: 
slot: 
 ----------------------------
 ---  --- 
name: 
slot: 
 ----------------------------
 --- ranged --- 
name: dragon finger of intellect
slot: ranged
intelligence: 8
 ----------------------------
 --- hands --- 
name: shadowy laced handwraps
slot: hands
intelligence: 15
mp5: 5
shadow_res: 12
armor: 53
 ----------------------------
 --- waist --- 
name: thuzadin sash
slot: waist
intelligence: 12
stamina: 11
spirit: 11
sp: 11
armor: 49
 ----------------------------
 --- legs --- 
name: pants of prophecy
slot: legs
intelligence: 24
stamina: 18
spirit: 20
sp_healing: 22
mp5: 6
shadow_res: 10
armor: 89
 ----------------------------
 --- feet --- 
name: necropile boots
slot: feet
intelligence: 10
stamina: 15
spirit: 9
sp: 11
armor: 60
 ----------------------------
 --- finger --- 
name: rosewine circle
slot: finger
sp_healing: 29
mp5: 5
 ----------------------------
 --- finger --- 
name: fordring's seal
slot: finger
intelligence: 5
stamina: 4
sp_healing: 37
 ----------------------------
 --- trinket --- 
name: briarwood reed
slot: trinket
sp: 29
 ----------------------------
 --- trinket --- 
name: royal seal of eldre'thalas
slot: trinket
sp_healing: 33
mp5: 4
 ----------------------------
 --- Set bonuses ---
name: 
slot: Set bonuses
 --- And counts for start items ---
For 120 s fights:
    casts: 6, ticks: 5, ticks_oom: 0
    Heal, rank: 2, count: 11
    Heal, rank: 4, count: 0
    Greater Heal, rank: 1, count: 8
    Greater Heal, rank: 4, count: 2
    Flash Heal, rank: 7, count: 0
    Renew, rank: 10, count: 0
    Prayer of Healing, rank: 5, count: 0
    pve info: 1
    hps: 350.858
For 180 s fights:
    casts: 5, ticks: 4, ticks_oom: 4
    Heal, rank: 2, count: 15
    Heal, rank: 4, count: 0
    Greater Heal, rank: 1, count: 8
    Greater Heal, rank: 4, count: 0
    Flash Heal, rank: 7, count: 0
    Renew, rank: 10, count: 0
    Prayer of Healing, rank: 5, count: 0
    pve info: 0.99116
    hps: 268.139
For 240 s fights:
    casts: 20, ticks: 10, ticks_oom: 3
    Heal, rank: 2, count: 16
    Heal, rank: 4, count: 0
    Greater Heal, rank: 1, count: 0
    Greater Heal, rank: 4, count: 0
    Flash Heal, rank: 7, count: 0
    Renew, rank: 10, count: 0
    Prayer of Healing, rank: 5, count: 0
    pve info: 0.958423
    hps: 223.056
For 300 s fights:
    casts: 4, ticks: 4, ticks_oom: 0
    Heal, rank: 2, count: 9
    Heal, rank: 4, count: 0
    Greater Heal, rank: 1, count: 0
    Greater Heal, rank: 4, count: 0
    Flash Heal, rank: 7, count: 0
    Renew, rank: 10, count: 0
    Prayer of Healing, rank: 5, count: 0
    pve info: 0.965627
    hps: 202.734
For 360 s fights:
    casts: 4, ticks: 4, ticks_oom: 2
    Heal, rank: 2, count: 13
    Heal, rank: 4, count: 0
    Greater Heal, rank: 1, count: 0
    Greater Heal, rank: 4, count: 0
    Flash Heal, rank: 7, count: 0
    Renew, rank: 10, count: 0
    Prayer of Healing, rank: 5, count: 0
    pve info: 0.963617
    hps: 184.458
.
*** NEW BEST: 250.004 ***

*** NEW BEST: 258.082 ***

*** NEW BEST: 266.041 ***

*** NEW BEST: 285.961 ***

*** NEW BEST: 287.747 ***

*** NEW BEST: 294.081 ***

*** NEW BEST: 298.823 ***

*** NEW BEST: 305.886 ***

*** NEW BEST: 308.14 ***

*** NEW BEST: 313.392 ***

*** NEW BEST: 320.387 ***
..
*** NEW BEST: 322.889 ***

*** NEW BEST: 323.56 ***
.
*** NEW BEST: 327.638 ***
..
*** NEW BEST: 329.081 ***
.
*** NEW BEST: 329.116 ***
.........
*** NEW BEST: 329.837 ***
..............................Temporary bans and partial set bonuses off.
.legs : pants of prophecy -> leggings of transcendence => val: 323.722 -> 329.093

*** NEW BEST: 329.093 ***
Current relative stat values for matching or exceeding +50 pts of sp
int: 140.255
spi: 74.044
sta: 0
agi: 0
mp5: 366.878
sp: 100
sp_shadow: 0
sp_healing: 100
spell crit: 289.23
spell hit: 0
arcane res: 0
nature res: 0
fire res: 0
frost res: 0
shadow res: 0
armor: 0
defense: 0
dodge: 0
parry: 0
.......***** INTERMEDIATE RESULTS *****
Iteration: 54
 ----------------------------
 --- head --- 
name: halo of transcendence
slot: head
intelligence: 27
stamina: 17
spirit: 22
sp_healing: 48
fire_res: 10
frost_res: 10
armor: 94
 ----------------------------
 --- neck --- 
name: choker of enlightenment
slot: neck
intelligence: 10
stamina: 9
spirit: 10
sp: 18
 ----------------------------
 --- shoulders --- 
name: mantle of prophecy
slot: shoulders
intelligence: 23
stamina: 13
spirit: 10
sp: 9
shadow_res: 7
armor: 76
 ----------------------------
 --- back --- 
name: hide of the wild
slot: back
intelligence: 10
stamina: 8
sp_healing: 42
armor: 48
 ----------------------------
 --- chest --- 
name: truefaith vestments
slot: chest
stamina: 14
sp_healing: 73
mp5: 6
armor: 96
 ----------------------------
 --- wrists --- 
name: vambraces of prophecy
slot: wrists
intelligence: 14
stamina: 8
spirit: 10
sp_healing: 24
mp5: 2
armor: 44
 ----------------------------
 --- two-hand --- 
name: benediction
slot: two-hand
intelligence: 31
stamina: 10
spirit: 12
sp_healing: 106
spell_crit: 2
shadow_res: 20
 ----------------------------
 ---  --- 
name: 
slot: 
 ----------------------------
 ---  --- 
name: 
slot: 
 ----------------------------
 ---  --- 
name: 
slot: 
 ----------------------------
 --- ranged --- 
name: lunar wand of healing
slot: ranged
sp_healing: 20
 ----------------------------
 --- hands --- 
name: gloves of prophecy
slot: hands
intelligence: 15
stamina: 10
spirit: 15
sp_healing: 18
mp5: 6
fire_res: 7
armor: 63
 ----------------------------
 --- waist --- 
name: girdle of prophecy
slot: waist
intelligence: 22
stamina: 10
spirit: 10
sp: 9
mp5: 4
fire_res: 7
armor: 57
 ----------------------------
 --- legs --- 
name: leggings of transcendence
slot: legs
intelligence: 21
stamina: 16
spirit: 21
sp_healing: 46
mp5: 7
arcane_res: 10
shadow_res: 10
armor: 101
 ----------------------------
 --- feet --- 
name: boots of prophecy
slot: feet
intelligence: 18
stamina: 17
spirit: 15
sp_healing: 18
shadow_res: 7
armor: 70
 ----------------------------
 --- finger --- 
name: rosewine circle
slot: finger
sp_healing: 29
mp5: 5
 ----------------------------
 --- finger --- 
name: cauterizing band
slot: finger
intelligence: 12
stamina: 9
sp_healing: 46
 ----------------------------
 --- trinket --- 
name: mindtap talisman
slot: trinket
mp5: 11
 ----------------------------
 --- trinket --- 
name: shard of the scale
slot: trinket
mp5: 16
 ----------------------------
 --- Set bonuses ---
name: 
slot: Set bonuses
------------------
Best value: 329.093
------------------
Char stats: 
Effective hp: 5992.2
Effective mana: 10079.5
Raw max mana: 6794.6
Int: 347.667
Stam: 192
Spirit: 255
Strength: 34
Agility: 38
Mp5: 83.8
Sp: 36
Sp shadow: 0
Sp healing: 470
Spell crit: 1.55107
Spell hit: 0
Arcane res: 10
Nature res: 0
Fire res: 24
Frost res: 10
Shadow res: 44
Armor: 2463
Defense: 300
Dodge: 0
Parry: 0
HpsPvp: 957.56
ShadowDps: 210.107
Value pvp healing: 474.02
Value pvp shadow: 22.8216
------------------
Best counts:
For 120 s fights:
    casts: 9, ticks: 6, ticks_oom: 0
    Heal, rank: 2, count: 3
    Heal, rank: 4, count: 0
    Greater Heal, rank: 1, count: 12
    Greater Heal, rank: 4, count: 0
    Flash Heal, rank: 7, count: 0
    Renew, rank: 10, count: 0
    Prayer of Healing, rank: 5, count: 0
    pve info: 1
    hps: 439.663
For 180 s fights:
    casts: 5, ticks: 4, ticks_oom: 0
    Heal, rank: 2, count: 14
    Heal, rank: 4, count: 0
    Greater Heal, rank: 1, count: 13
    Greater Heal, rank: 4, count: 0
    Flash Heal, rank: 7, count: 0
    Renew, rank: 10, count: 0
    Prayer of Healing, rank: 5, count: 0
    pve info: 1
    hps: 348.68
For 240 s fights:
    casts: 19, ticks: 10, ticks_oom: 2
    Heal, rank: 2, count: 32
    Heal, rank: 4, count: 0
    Greater Heal, rank: 1, count: 0
    Greater Heal, rank: 4, count: 0
    Flash Heal, rank: 7, count: 0
    Renew, rank: 10, count: 0
    Prayer of Healing, rank: 5, count: 0
    pve info: 0.993361
    hps: 315.776
For 300 s fights:
    casts: 4, ticks: 4, ticks_oom: 0
    Heal, rank: 2, count: 14
    Heal, rank: 4, count: 0
    Greater Heal, rank: 1, count: 2
    Greater Heal, rank: 4, count: 0
    Flash Heal, rank: 7, count: 0
    Renew, rank: 10, count: 0
    Prayer of Healing, rank: 5, count: 0
    pve info: 0.987375
    hps: 279.555
For 360 s fights:
    casts: 4, ticks: 4, ticks_oom: 0
    Heal, rank: 2, count: 21
    Heal, rank: 4, count: 0
    Greater Heal, rank: 1, count: 2
    Greater Heal, rank: 4, count: 0
    Flash Heal, rank: 7, count: 0
    Renew, rank: 10, count: 0
    Prayer of Healing, rank: 5, count: 0
    pve info: 0.983934
    hps: 261.789
------------------
Upgrades: 
quel'dorai channeling rod(17.1666) -> benediction(41.6448) : 24.4782 = +8.03579%
devout bracers(6.8775) -> vambraces of prophecy(17.6197) : 10.7422 = +3.37433%
shadowy laced handwraps(13.2422) -> gloves of prophecy(23.5756) : 10.3334 = +3.24175%
magister's robes(14.2645) -> truefaith vestments(24.4262) : 10.1617 = +3.18619%
thuzadin sash(12.0535) -> girdle of prophecy(21.4825) : 9.42902 = +2.94967%
briarwood reed(6.15308) -> mindtap talisman(15.1888) : 9.03568 = +2.82315%
royal seal of eldre'thalas(13.7431) -> shard of the scale(22.7374) : 8.99429 = +2.80985%
necropile boots(10.1048) -> boots of prophecy(18.0488) : 7.94397 = +2.47361%
fordring's seal(10.7129) -> cauterizing band(16.7151) : 6.00229 = +1.85777%
pants of prophecy(29.4947) -> leggings of transcendence(34.8654) : 5.3707 = +1.65905%
soulstealer mantle(13.0468) -> mantle of prophecy(16.9816) : 3.93484 = +1.21013%
animated chain necklace(8.98618) -> choker of enlightenment(12.1229) : 3.13675 = +0.962323%
dragon finger of intellect(2.42761) -> lunar wand of healing(4.47366) : 2.04605 = +0.625615%
halo of transcendence(29.3763) -> halo of transcendence(29.3763) : 0 = +0%
hide of the wild(14.964) -> hide of the wild(14.964) : 0 = +0%
rosewine circle(13.9319) -> rosewine circle(13.9319) : 0 = +0%
------------------
~~~~ end of intermediate results ~~~~
Temporary bans and partial set bonuses on.
.............................
*** NEW BEST: 329.69 ***
Current relative stat values for matching or exceeding +50 pts of sp
int: 158.089
spi: 81.5618
sta: 0
agi: 0
mp5: 425.746
sp: 100
sp_shadow: 0
sp_healing: 100
spell crit: 285.269
spell hit: 0
arcane res: 0
nature res: 0
fire res: 0
frost res: 0
shadow res: 0
armor: 0
defense: 0
dodge: 0
parry: 0
.
*** NEW BEST: 330.185 ***
Current relative stat values for matching or exceeding +50 pts of sp
int: 147.185
spi: 79.5542
sta: 0
agi: 0
mp5: 419.649
sp: 100
sp_shadow: 0
sp_healing: 100
spell crit: 284.213
spell hit: 0
arcane res: 0
nature res: 0
fire res: 0
frost res: 0
shadow res: 0
armor: 0
defense: 0
dodge: 0
parry: 0
..
*** NEW BEST: 330.631 ***
Current relative stat values for matching or exceeding +50 pts of sp
int: 129.942
spi: 68.4036
sta: 0
agi: 0
mp5: 344.178
sp: 100
sp_shadow: 0
sp_healing: 100
spell crit: 278.839
spell hit: 0
arcane res: 0
nature res: 0
fire res: 0
frost res: 0
shadow res: 0
armor: 0
defense: 0
dodge: 0
parry: 0
Temporary bans and partial set bonuses off.
.......... ----------------------------
 --- head --- 
name: halo of transcendence
slot: head
intelligence: 27
stamina: 17
spirit: 22
sp_healing: 48
fire_res: 10
frost_res: 10
armor: 94
 ----------------------------
 --- neck --- 
name: choker of the fire lord
slot: neck
intelligence: 7
stamina: 7
sp: 34
 ----------------------------
 --- shoulders --- 
name: mantle of prophecy
slot: shoulders
intelligence: 23
stamina: 13
spirit: 10
sp: 9
shadow_res: 7
armor: 76
 ----------------------------
 --- back --- 
name: hide of the wild
slot: back
intelligence: 10
stamina: 8
sp_healing: 42
armor: 48
 ----------------------------
 --- chest --- 
name: truefaith vestments
slot: chest
stamina: 14
sp_healing: 73
mp5: 6
armor: 96
 ----------------------------
 --- wrists --- 
name: vambraces of prophecy
slot: wrists
intelligence: 14
stamina: 8
spirit: 10
sp_healing: 24
mp5: 2
armor: 44
 ----------------------------
 --- two-hand --- 
name: benediction
slot: two-hand
intelligence: 31
stamina: 10
spirit: 12
sp_healing: 106
spell_crit: 2
shadow_res: 20
 ----------------------------
 ---  --- 
name: 
slot: 
 ----------------------------
 ---  --- 
name: 
slot: 
 ----------------------------
 ---  --- 
name: 
slot: 
 ----------------------------
 --- ranged --- 
name: oblivion's touch
slot: ranged
intelligence: 11
 ----------------------------
 --- hands --- 
name: gloves of prophecy
slot: hands
intelligence: 15
stamina: 10
spirit: 15
sp_healing: 18
mp5: 6
fire_res: 7
armor: 63
 ----------------------------
 --- waist --- 
name: girdle of prophecy
slot: waist
intelligence: 22
stamina: 10
spirit: 10
sp: 9
mp5: 4
fire_res: 7
armor: 57
 ----------------------------
 --- legs --- 
name: leggings of transcendence
slot: legs
intelligence: 21
stamina: 16
spirit: 21
sp_healing: 46
mp5: 7
arcane_res: 10
shadow_res: 10
armor: 101
 ----------------------------
 --- feet --- 
name: boots of prophecy
slot: feet
intelligence: 18
stamina: 17
spirit: 15
sp_healing: 18
shadow_res: 7
armor: 70
 ----------------------------
 --- finger --- 
name: rosewine circle
slot: finger
sp_healing: 29
mp5: 5
 ----------------------------
 --- finger --- 
name: cauterizing band
slot: finger
intelligence: 12
stamina: 9
sp_healing: 46
 ----------------------------
 --- trinket --- 
name: mindtap talisman
slot: trinket
mp5: 11
 ----------------------------
 --- trinket --- 
name: shard of the scale
slot: trinket
mp5: 16
 ----------------------------
 --- Set bonuses ---
name: 
slot: Set bonuses
------------------
Char stats: 
Effective hp: 5971.4
Effective mana: 10146.7
Raw max mana: 6914.6
Int: 355.667
Stam: 190
Spirit: 245
Strength: 34
Agility: 38
Mp5: 83.8
Sp: 52
Sp shadow: 0
Sp healing: 450
Spell crit: 1.55107
Spell hit: 0
Arcane res: 10
Nature res: 0
Fire res: 24
Frost res: 10
Shadow res: 44
Armor: 2463
Defense: 300
Dodge: 0
Parry: 0
HpsPvp: 956.43
ShadowDps: 213.756
Value pvp healing: 472.758
Value pvp shadow: 23.6141
------------------
Best counts:
For 120 s fights:
    casts: 9, ticks: 6, ticks_oom: 0
    Heal, rank: 2, count: 3
    Heal, rank: 4, count: 0
    Greater Heal, rank: 1, count: 12
    Greater Heal, rank: 4, count: 0
    Flash Heal, rank: 7, count: 0
    Renew, rank: 10, count: 0
    Prayer of Healing, rank: 5, count: 0
    pve info: 1
    hps: 441.171
For 180 s fights:
    casts: 5, ticks: 4, ticks_oom: 0
    Heal, rank: 2, count: 16
    Heal, rank: 4, count: 0
    Greater Heal, rank: 1, count: 12
    Greater Heal, rank: 4, count: 0
    Flash Heal, rank: 7, count: 0
    Renew, rank: 10, count: 1
    Prayer of Healing, rank: 5, count: 0
    pve info: 1
    hps: 350.28
For 240 s fights:
    casts: 19, ticks: 10, ticks_oom: 0
    Heal, rank: 2, count: 40
    Heal, rank: 4, count: 0
    Greater Heal, rank: 1, count: 0
    Greater Heal, rank: 4, count: 0
    Flash Heal, rank: 7, count: 0
    Renew, rank: 10, count: 0
    Prayer of Healing, rank: 5, count: 0
    pve info: 0.995031
    hps: 316.583
For 300 s fights:
    casts: 7, ticks: 5, ticks_oom: 0
    Heal, rank: 2, count: 11
    Heal, rank: 4, count: 0
    Greater Heal, rank: 1, count: 0
    Greater Heal, rank: 4, count: 0
    Flash Heal, rank: 7, count: 0
    Renew, rank: 10, count: 0
    Prayer of Healing, rank: 5, count: 0
    pve info: 0.994362
    hps: 284.113
For 360 s fights:
    casts: 4, ticks: 4, ticks_oom: 0
    Heal, rank: 2, count: 26
    Heal, rank: 4, count: 0
    Greater Heal, rank: 1, count: 3
    Greater Heal, rank: 4, count: 0
    Flash Heal, rank: 7, count: 0
    Renew, rank: 10, count: 0
    Prayer of Healing, rank: 5, count: 0
    pve info: 0.987281
    hps: 261.007
------------------
Current relative stat values for matching or exceeding +50 pts of sp
int: 129.942
spi: 68.4036
sta: 0
agi: 0
mp5: 344.178
sp: 100
sp_shadow: 0
sp_healing: 100
spell crit: 278.839
spell hit: 0
arcane res: 0
nature res: 0
fire res: 0
frost res: 0
shadow res: 0
armor: 0
defense: 0
dodge: 0
parry: 0
------------------
Diffs to start: 
Upgrades: 
quel'dorai channeling rod(19.4581) -> benediction(43.2944) : 23.8363 = +7.76946%
magister's robes(13.3665) -> truefaith vestments(24.3811) : 11.0146 = +3.44618%
devout bracers(7.32086) -> vambraces of prophecy(17.1961) : 9.87524 = +3.07874%
shadowy laced handwraps(14.3233) -> gloves of prophecy(23.8611) : 9.53772 = +2.97039%
thuzadin sash(12.6378) -> girdle of prophecy(21.7323) : 9.09442 = +2.82842%
briarwood reed(6.36523) -> mindtap talisman(14.7583) : 8.39307 = +2.60462%
royal seal of eldre'thalas(13.1444) -> shard of the scale(21.5017) : 8.3573 = +2.59323%
necropile boots(9.63477) -> boots of prophecy(16.9048) : 7.27002 = +2.24827%
pants of prophecy(28.3199) -> leggings of transcendence(34.177) : 5.85709 = +1.80343%
fordring's seal(10.615) -> cauterizing band(16.4431) : 5.82812 = +1.79436%
soulstealer mantle(12.9335) -> mantle of prophecy(15.9918) : 3.05829 = +0.933621%
animated chain necklace(9.63672) -> choker of the fire lord(11.5313) : 1.89459 = +0.576326%
dragon finger of intellect(4.12262) -> oblivion's touch(5.34387) : 1.22125 = +0.37074%
halo of transcendence(30.3168) -> halo of transcendence(30.3168) : 0 = +0%
hide of the wild(14.5693) -> hide of the wild(14.5693) : 0 = +0%
rosewine circle(13.0322) -> rosewine circle(13.0322) : 0 = +0%
- - - - - - - - - - - - - - - - - - - - - - - - - - - - - - - - -
| Upgrades at best in slot level, from start item to candidate: |
. . . . . . . . . . . . . . . . . . . . . . . . . . . . . . . . .
- . - ' - . - ' - . - ' - . - ' - . - ' - . -
head, halo of transcendence (30.3168) -> :
- . - ' - . - ' - . - ' - . - ' - . - ' - . -
neck, animated chain necklace (9.63672) -> :
    choker of the fire lord (11.5313) : +0.576326 %, from: mc
- . - ' - . - ' - . - ' - . - ' - . - ' - . -
shoulders, soulstealer mantle (12.9335) -> :
    mantle of prophecy (15.9918) : +0.933621 %, from: mc
- . - ' - . - ' - . - ' - . - ' - . - ' - . -
back, hide of the wild (14.5693) -> :
- . - ' - . - ' - . - ' - . - ' - . - ' - . -
chest, magister's robes (13.3665) -> :
    truefaith vestments (24.3811) : +3.44618 %, from: tailoring bop
    robes of the exalted (20.9272) : +2.36555 %, from: pre-raid
    robes of prophecy (18.6573) : +1.65535 %, from: mc
    robe of volatile power (15.0804) : +0.536226 %, from: mc
    mindsurge robe (14.7437) : +0.430881 %, from: pre-raid
    the postmaster's tunic (13.4682) : +0.0318241 %, from: pre-raid
- . - ' - . - ' - . - ' - . - ' - . - ' - . -
wrists, devout bracers (7.32086) -> :
    vambraces of prophecy (17.1961) : +3.07874 %, from: mc
    flarecore wraps (13.8657) : +2.04044 %, from: tailoring boe
    magister's bindings (8.94717) : +0.507025 %, from: pre-raid
    magiskull cuffs (8.84933) : +0.476522 %, from: pre-raid
    sublime wristguards (8.69415) : +0.428142 %, from: pre-raid
    wyrmthalak's shackles (7.55389) : +0.072651 %, from: pre-raid
    flameweave cuffs of healing (7.33966) : +0.00586079 %, from: brd
- . - ' - . - ' - . - ' - . - ' - . - ' - . -
two-hand, quel'dorai channeling rod (19.4581) -> :
    benediction (43.2944) : +7.76946 %, from: mc
    aurastone hammer and lei of the lifegiver (32.0416) : +4.1016 %, from: mc, av rep
    staff of dominance (29.3031) : +3.20899 %, from: mc
    sorcerous dagger and lei of the lifegiver (28.4379) : +2.92697 %, from: mc, av rep
    aurastone hammer and fire runed grimoire (27.6687) : +2.67624 %, from: mc, mc
    aurastone hammer and milli's lexicon (26.4383) : +2.2752 %, from: mc, pre-raid
    aurastone hammer and thaurissan's royal scepter (25.4805) : +1.96302 %, from: mc, pre-raid
    aurastone hammer and brightly glowing stone (25.3351) : +1.91563 %, from: mc, pre-raid
    aurastone hammer and ancient cornerstone grimoire (24.79) : +1.73794 %, from: mc, onyxia
    sorcerous dagger and fire runed grimoire (24.7557) : +1.72676 %, from: mc, mc
    aurastone hammer and spellbound tome (24.5513) : +1.66013 %, from: mc, pre-raid
    aurastone hammer and penelope's rose (24.1307) : +1.52304 %, from: mc, pre-raid (scholo quest)
    aurastone hammer and globe of d'sak (23.9873) : +1.4763 %, from: mc, pre-raid
    lorespinner and lei of the lifegiver (23.9472) : +1.46323 %, from: pre-raid, av rep
    sorcerous dagger and milli's lexicon (22.7762) : +1.08152 %, from: mc, pre-raid
    hypnotic blade and lei of the lifegiver (22.641) : +1.03748 %, from: pre-raid, av rep
    witchblade and lei of the lifegiver (22.5535) : +1.00896 %, from: pre-raid, av rep
    sorcerous dagger and thaurissan's royal scepter (22.4195) : +0.965269 %, from: mc, pre-raid
    gift of the elven magi and lei of the lifegiver (22.4081) : +0.961549 %, from: pre-raid (strat live: balnazzar), av rep
    sorcerous dagger and ancient cornerstone grimoire (22.2785) : +0.919303 %, from: mc, onyxia
    the hammer of grace and lei of the lifegiver (21.6033) : +0.699241 %, from: pre-raid, av rep
    anathema (21.4754) : +0.657532 %, from: mc
    sorcerous dagger and spellbound tome (21.2756) : +0.592407 %, from: mc, pre-raid
    sorcerous dagger and brightly glowing stone (20.9679) : +0.492109 %, from: mc, pre-raid
    sorcerous dagger and penelope's rose (20.8563) : +0.455742 %, from: mc, pre-raid (scholo quest)
    sorcerous dagger and globe of d'sak (20.4273) : +0.315914 %, from: mc, pre-raid
    lorespinner and fire runed grimoire (20.0384) : +0.189157 %, from: pre-raid, mc
    hypnotic blade and fire runed grimoire (19.8988) : +0.143638 %, from: pre-raid, mc
    the hammer of grace and fire runed grimoire (19.7103) : +0.0822039 %, from: pre-raid, mc
    aurastone hammer and orb of the forgotten seer (19.7058) : +0.0807317 %, from: mc, pre-raid
- . - ' - . - ' - . - ' - . - ' - . - ' - . -
ranged, dragon finger of intellect (4.12262) -> :
    oblivion's touch (5.34387) : +0.37074 %, from: pre-raid
    mana channeling wand (4.74323) : +0.188399 %, from: pre-raid
    lunar wand of healing (4.53833) : +0.126199 %, from: random green
    crimson shocker (4.41382) : +0.0884001 %, from: mc
    lunar wand of the owl (4.40445) : +0.085556 %, from: random green
    lunar wand of intellect (4.31784) : +0.0592639 %, from: random green
- . - ' - . - ' - . - ' - . - ' - . - ' - . -
hands, shadowy laced handwraps (14.3233) -> :
    gloves of prophecy (23.8611) : +2.97039 %, from: mc
    hands of the exalted herald (17.5238) : +0.996741 %, from: pre-raid
- . - ' - . - ' - . - ' - . - ' - . - ' - . -
waist, thuzadin sash (12.6378) -> :
    girdle of prophecy (21.7323) : +2.82842 %, from: mc
    whipvine cord (20.0155) : +2.29451 %, from: pre-raid
    mana igniting cord (14.6961) : +0.640122 %, from: mc
- . - ' - . - ' - . - ' - . - ' - . - ' - . -
legs, pants of prophecy (28.3199) -> :
    leggings of transcendence (34.177) : +1.80343 %, from: mc
- . - ' - . - ' - . - ' - . - ' - . - ' - . -
feet, necropile boots (9.63477) -> :
    boots of prophecy (16.9048) : +2.24827 %, from: mc
    boots of the full moon (14.1913) : +1.4091 %, from: pre-raid
    dragonrider boots (11.7749) : +0.661841 %, from: pre-raid
    wolfrunner shoes (11.0519) : +0.438245 %, from: pre-raid
    the postmaster's treads (9.77057) : +0.0419974 %, from: pre-raid
    omnicast boots (9.67752) : +0.0132221 %, from: pre-raid
- . - ' - . - ' - . - ' - . - ' - . - ' - . -
finger, rosewine circle (13.0322) -> :
    cauterizing band (16.0058) : +0.899381 %, from: mc
- . - ' - . - ' - . - ' - . - ' - . - ' - . -
finger 2, fordring's seal (10.615) -> :
    cauterizing band (16.4431) : +1.79436 %, from: mc
    rosewine circle (12.8289) : +0.681603 %, from: pre-raid
    band of sulfuras (10.8887) : +0.0842702 %, from: mc
- . - ' - . - ' - . - ' - . - ' - . - ' - . -
trinket, briarwood reed (6.36523) -> :
    shard of the scale (19.2545) : +3.99993 %, from: onyxia
    mindtap talisman (14.7583) : +2.60462 %, from: pre-raid
    royal seal of eldre'thalas (12.9681) : +2.04908 %, from: pre-raid
    shard of afrasa (6.7959) : +0.133648 %, from: pre-raid
- . - ' - . - ' - . - ' - . - ' - . - ' - . -
trinket 2, royal seal of eldre'thalas (13.1444) -> :
    shard of the scale (21.5017) : +2.59323 %, from: onyxia
    mindtap talisman (15.0265) : +0.583991 %, from: pre-raid
------------------
- - - - - - - - - - - - - - - - - - - - - - - - - - - - - -
| Upgrades at start level, from start item to candidate:  |
. . . . . . . . . . . . . . . . . . . . . . . . . . . . . .
- . - ' - . - ' - . - ' - . - ' - . - ' - . -
head, halo of transcendence (26.3832) -> :
- . - ' - . - ' - . - ' - . - ' - . - ' - . -
neck, animated chain necklace (7.97835) -> :
    choker of the fire lord (9.24916) : +0.516908 %, from: mc
    choker of enlightenment (8.3199) : +0.138928 %, from: mc
- . - ' - . - ' - . - ' - . - ' - . - ' - . -
shoulders, soulstealer mantle (13.6929) -> :
    mantle of prophecy (15.8072) : +0.859969 %, from: mc
- . - ' - . - ' - . - ' - . - ' - . - ' - . -
back, hide of the wild (12.325) -> :
- . - ' - . - ' - . - ' - . - ' - . - ' - . -
chest, magister's robes (16.4978) -> :
    robes of prophecy (21.1431) : +1.88948 %, from: mc
    truefaith vestments (19.6712) : +1.29079 %, from: tailoring bop
    mindsurge robe (18.0049) : +0.612998 %, from: pre-raid
    robes of the exalted (16.6831) : +0.0753477 %, from: pre-raid
- . - ' - . - ' - . - ' - . - ' - . - ' - . -
wrists, devout bracers (8.37003) -> :
    vambraces of prophecy (15.9721) : +3.09216 %, from: mc
    flarecore wraps (13.0776) : +1.91481 %, from: tailoring boe
    sublime wristguards (9.53606) : +0.474287 %, from: pre-raid
    wyrmthalak's shackles (8.72453) : +0.144197 %, from: pre-raid
    magister's bindings (8.67851) : +0.125478 %, from: pre-raid
    magiskull cuffs (8.53906) : +0.0687563 %, from: pre-raid
- . - ' - . - ' - . - ' - . - ' - . - ' - . -
two-hand, quel'dorai channeling rod (19.2205) -> :
    benediction (38.1399) : +7.69551 %, from: mc
    aurastone hammer and lei of the lifegiver (29.4659) : +4.16735 %, from: mc, av rep
    staff of dominance (27.0033) : +3.16565 %, from: mc
    aurastone hammer and fire runed grimoire (25.8595) : +2.70043 %, from: mc, mc
    aurastone hammer and milli's lexicon (24.833) : +2.28287 %, from: mc, pre-raid
    sorcerous dagger and lei of the lifegiver (24.8185) : +2.27699 %, from: mc, av rep
    aurastone hammer and thaurissan's royal scepter (24.4838) : +2.14084 %, from: mc, pre-raid
    aurastone hammer and ancient cornerstone grimoire (23.9592) : +1.92747 %, from: mc, onyxia
    aurastone hammer and spellbound tome (22.8573) : +1.47929 %, from: mc, pre-raid
    aurastone hammer and penelope's rose (22.4128) : +1.29846 %, from: mc, pre-raid (scholo quest)
    sorcerous dagger and fire runed grimoire (22.309) : +1.25623 %, from: mc, mc
    aurastone hammer and brightly glowing stone (22.1724) : +1.20067 %, from: mc, pre-raid
    aurastone hammer and globe of d'sak (21.7446) : +1.02668 %, from: mc, pre-raid
    sorcerous dagger and milli's lexicon (21.3803) : +0.878477 %, from: mc, pre-raid
    sorcerous dagger and thaurissan's royal scepter (21.063) : +0.749443 %, from: mc, pre-raid
    anathema (20.9139) : +0.688798 %, from: mc
    sorcerous dagger and ancient cornerstone grimoire (20.5586) : +0.544266 %, from: mc, onyxia
    lorespinner and lei of the lifegiver (20.4958) : +0.518726 %, from: pre-raid, av rep
    sorcerous dagger and spellbound tome (19.8568) : +0.258795 %, from: mc, pre-raid
    sorcerous dagger and penelope's rose (19.3934) : +0.0703328 %, from: mc, pre-raid (scholo quest)
    witchblade and lei of the lifegiver (19.2427) : +0.00901193 %, from: pre-raid, av rep
    gift of the elven magi and lei of the lifegiver (19.226) : +0.00223436 %, from: pre-raid (strat live: balnazzar), av rep
- . - ' - . - ' - . - ' - . - ' - . - ' - . -
ranged, dragon finger of intellect (3.06001) -> :
    mana channeling wand (3.98962) : +0.378123 %, from: pre-raid
    lunar wand of healing (3.92616) : +0.352309 %, from: random green
    oblivion's touch (3.69821) : +0.25959 %, from: pre-raid
    crimson shocker (3.64345) : +0.237314 %, from: mc
    bonecreeper stylus (3.53703) : +0.19403 %, from: pre-raid
    lunar wand of the owl (3.31042) : +0.101856 %, from: random green
    lunar wand of intellect (3.14113) : +0.0329941 %, from: random green
- . - ' - . - ' - . - ' - . - ' - . - ' - . -
hands, shadowy laced handwraps (12.4474) -> :
    gloves of prophecy (19.1299) : +2.71813 %, from: mc
    hands of the exalted herald (15.3553) : +1.18281 %, from: pre-raid
- . - ' - . - ' - . - ' - . - ' - . - ' - . -
waist, thuzadin sash (10.5601) -> :
    whipvine cord (16.5725) : +2.44556 %, from: pre-raid
    girdle of prophecy (15.786) : +2.12563 %, from: mc
    mana igniting cord (12.6856) : +0.864525 %, from: mc
- . - ' - . - ' - . - ' - . - ' - . - ' - . -
legs, pants of prophecy (25.0007) -> :
    leggings of transcendence (29.9315) : +2.00561 %, from: mc
- . - ' - . - ' - . - ' - . - ' - . - ' - . -
feet, necropile boots (8.84007) -> :
    boots of prophecy (13.3483) : +1.83375 %, from: mc
    boots of the full moon (12.411) : +1.4525 %, from: pre-raid
    dragonrider boots (10.2469) : +0.572214 %, from: pre-raid
    wolfrunner shoes (9.53186) : +0.281387 %, from: pre-raid
- . - ' - . - ' - . - ' - . - ' - . - ' - . -
finger, rosewine circle (10.7803) -> :
    cauterizing band (13.1291) : +0.955414 %, from: mc
- . - ' - . - ' - . - ' - . - ' - . - ' - . -
finger 2, fordring's seal (9.21075) -> :
    cauterizing band (12.9516) : +1.5216 %, from: mc
    rosewine circle (10.1054) : +0.363903 %, from: pre-raid
- . - ' - . - ' - . - ' - . - ' - . - ' - . -
trinket, briarwood reed (5.76517) -> :
    shard of the scale (14.1801) : +3.42282 %, from: onyxia
    royal seal of eldre'thalas (9.83627) : +1.65594 %, from: pre-raid
    mindtap talisman (9.04599) : +1.33449 %, from: pre-raid
- . - ' - . - ' - . - ' - . - ' - . - ' - . -
trinket 2, royal seal of eldre'thalas (10.6092) -> :
    shard of the scale (14.6599) : +1.64762 %, from: onyxia
-- Stat values at start item level: --
Current relative stat values for matching or exceeding +50 pts of sp
int: 201.664
spi: 105.908
sta: 0
agi: 0
mp5: 541.373
sp: 100
sp_shadow: 0
sp_healing: 100
spell crit: 246.075
spell hit: 0
arcane res: 0
nature res: 0
fire res: 0
frost res: 0
shadow res: 0
armor: 0
defense: 0
dodge: 0
parry: 0
------------------
Best value: 330.631
