Your call: ./css 5 ../items/more_raid.csv -b 0.2 -r 0.9 
Found: -b, val: 0.2
./css 5 ../items/more_raid.csv -r 0.9 
Found: -r, val: 0.9
./css 5 ../items/more_raid.csv 
Shuffle seed: 924004086
Reading tmp locked from: start_with.txt
Locking: anastari heirloom
Locking: animated chain necklace
Locking: argent crusader
Locking: atal'ai gloves of the owl
Locking: banshee finger
Locking: blood of the martyr
Locking: briarwood reed
Locking: burial shawl
Locking: crimson felt hat
Locking: cyclopean band
Locking: devout belt
Locking: devout bracers
Locking: devout crown
Locking: devout mantle
Locking: devout robe
Locking: devout sandals
Locking: devout skirt
Locking: dragon finger of intellect
Locking: dragonslayer's signet
Locking: drakefire amulet
Locking: dreadmist mantle
Locking: dreamweave circlet
Locking: dreamweave gloves
Locking: dreamweave vest
Locking: eye of the beast
Locking: fordring's seal
Locking: grimgore noose
Locking: halo of transcendence
Locking: heart of the fiend
Locking: hide of the wild
Locking: kentic amice
Locking: magister's robes
Locking: maleki's footwraps
Locking: nature's breath
Locking: necropile boots
Locking: necropile cuffs
Locking: necropile mantle
Locking: noxious shooter
Locking: omnicast boots
Locking: orb of the forgotten seer
Locking: padre's trousers
Locking: penelope's rose
Locking: quel'dorai channeling rod
Locking: raincaster drape
Locking: rainstrider leggings
Locking: ring of demonic guile
Locking: ring of demonic guile
Locking: robes of the royal crown
Locking: rod of corrosion
Locking: rosewine circle
Locking: royal seal of eldre'thalas
Locking: royal tribunal cloak
Locking: sarah's guide
Locking: seal of rivendare
Locking: seal of rivendare
Locking: shadowy laced handwraps
Locking: silkweb gloves
Locking: soulstealer mantle
Locking: spellbound tome
Locking: spritecaster cape
Locking: starfire tiara
Locking: the hammer of grace
Locking: the postmaster's treads
Locking: thuzadin sash
Locking: triune amulet
Locking: vinerot sandals
Locking: wolfshear leggings
Locking: pants of prophecy
Locking: clutch of andros
Locking: star of mystaria
Optimizing start items...
[Perf] spent in FindBestPveHealingCounts: 0.028703 s, that's: 100.002 % of total.

*** NEW BEST: 126.561 ***

*** NEW BEST: 148.207 ***

*** NEW BEST: 152.801 ***

*** NEW BEST: 158.62 ***

*** NEW BEST: 166.136 ***

*** NEW BEST: 169.01 ***

*** NEW BEST: 178.856 ***

*** NEW BEST: 185.889 ***

*** NEW BEST: 195.846 ***

*** NEW BEST: 202.909 ***

*** NEW BEST: 211.302 ***

*** NEW BEST: 230.405 ***

*** NEW BEST: 238.386 ***

*** NEW BEST: 247.043 ***

*** NEW BEST: 259.401 ***

*** NEW BEST: 279.993 ***
*
best val: 279.993
*
best val: 279.993
*
best val: 279.993
chest : magister's robes -> devout robe => val: 277.488 -> 279.605
finger 2 : ring of demonic guile -> seal of rivendare => val: 279.605 -> 280.27

*** NEW BEST: 280.306 ***
*
best val: 280.306
*
best val: 280.306

Read starting items and cleared locks.
 ----------------------------
 --- head --- 
name: halo of transcendence
slot: head
intelligence: 27
stamina: 17
spirit: 22
sp_healing: 48
fire_res: 10
frost_res: 10
armor: 94
 ----------------------------
 --- neck --- 
name: animated chain necklace
slot: neck
stamina: 7
spirit: 6
sp_healing: 33
 ----------------------------
 --- shoulders --- 
name: devout mantle
slot: shoulders
intelligence: 21
stamina: 4
spirit: 9
armor: 64
 ----------------------------
 --- back --- 
name: hide of the wild
slot: back
intelligence: 10
stamina: 8
sp_healing: 42
armor: 48
 ----------------------------
 --- chest --- 
name: devout robe
slot: chest
intelligence: 24
stamina: 13
spirit: 15
armor: 89
 ----------------------------
 --- wrists --- 
name: devout bracers
slot: wrists
intelligence: 10
stamina: 7
spirit: 10
armor: 35
 ----------------------------
 --- two-hand --- 
name: quel'dorai channeling rod
slot: two-hand
intelligence: 18
stamina: 8
spirit: 8
mp5: 8
 ----------------------------
 ---  --- 
name: 
slot: 
 ----------------------------
 ---  --- 
name: 
slot: 
 ----------------------------
 ---  --- 
name: 
slot: 
 ----------------------------
 --- ranged --- 
name: dragon finger of intellect
slot: ranged
intelligence: 8
 ----------------------------
 --- hands --- 
name: atal'ai gloves of the owl
slot: hands
intelligence: 13
spirit: 13
sp: 9
armor: 47
 ----------------------------
 --- waist --- 
name: thuzadin sash
slot: waist
intelligence: 12
stamina: 11
spirit: 11
sp: 11
armor: 49
 ----------------------------
 --- legs --- 
name: pants of prophecy
slot: legs
intelligence: 24
stamina: 18
spirit: 20
sp_healing: 22
mp5: 6
shadow_res: 10
armor: 89
 ----------------------------
 --- feet --- 
name: devout sandals
slot: feet
intelligence: 10
stamina: 9
spirit: 17
armor: 58
 ----------------------------
 --- finger --- 
name: rosewine circle
slot: finger
sp_healing: 29
mp5: 5
 ----------------------------
 --- finger --- 
name: seal of rivendare
slot: finger
intelligence: 17
spirit: 7
 ----------------------------
 --- trinket --- 
name: briarwood reed
slot: trinket
sp: 29
 ----------------------------
 --- trinket --- 
name: royal seal of eldre'thalas
slot: trinket
sp_healing: 33
mp5: 4
 ----------------------------
 --- Set bonuses ---
name: devout 2 devout 4 
slot: Set bonuses
sp: 23
armor: 200
 --- And counts for start items ---
For 120 s fights:
    casts: 8, ticks: 10, ticks_oom: 0
    Heal, rank: 2, count: 1
    Heal, rank: 4, count: 1
    Greater Heal, rank: 1, count: 4
    Greater Heal, rank: 4, count: 2
    Flash Heal, rank: 7, count: 0
    Renew, rank: 10, count: 2
    Prayer of Healing, rank: 5, count: 0
    pve info: 1
    hps: 373.055
For 180 s fights:
    casts: 6, ticks: 10, ticks_oom: 0
    Heal, rank: 2, count: 3
    Heal, rank: 4, count: 0
    Greater Heal, rank: 1, count: 7
    Greater Heal, rank: 4, count: 3
    Flash Heal, rank: 7, count: 0
    Renew, rank: 10, count: 2
    Prayer of Healing, rank: 5, count: 0
    pve info: 1
    hps: 298.921
For 240 s fights:
    casts: 4, ticks: 10, ticks_oom: 0
    Heal, rank: 2, count: 0
    Heal, rank: 4, count: 4
    Greater Heal, rank: 1, count: 7
    Greater Heal, rank: 4, count: 3
    Flash Heal, rank: 7, count: 0
    Renew, rank: 10, count: 2
    Prayer of Healing, rank: 5, count: 0
    pve info: 1
    hps: 261.747
For 300 s fights:
    casts: 5, ticks: 10, ticks_oom: 0
    Heal, rank: 2, count: 1
    Heal, rank: 4, count: 0
    Greater Heal, rank: 1, count: 5
    Greater Heal, rank: 4, count: 0
    Flash Heal, rank: 7, count: 0
    Renew, rank: 10, count: 0
    Prayer of Healing, rank: 5, count: 0
    pve info: 1
    hps: 241.435
For 360 s fights:
    casts: 4, ticks: 9, ticks_oom: 0
    Heal, rank: 2, count: 2
    Heal, rank: 4, count: 0
    Greater Heal, rank: 1, count: 6
    Greater Heal, rank: 4, count: 2
    Flash Heal, rank: 7, count: 0
    Renew, rank: 10, count: 2
    Prayer of Healing, rank: 5, count: 0
    pve info: 0.995556
    hps: 226.37
.
*** NEW BEST: 293.904 ***

*** NEW BEST: 296.634 ***

*** NEW BEST: 300.028 ***

*** NEW BEST: 302.082 ***

*** NEW BEST: 303.047 ***

*** NEW BEST: 307.541 ***

*** NEW BEST: 314.535 ***

*** NEW BEST: 320.39 ***

*** NEW BEST: 329.437 ***

*** NEW BEST: 331.476 ***

*** NEW BEST: 336.152 ***
.
*** NEW BEST: 342.963 ***
.....
*** NEW BEST: 343.883 ***
.
*** NEW BEST: 346.093 ***

*** NEW BEST: 346.399 ***

*** NEW BEST: 346.44 ***
....
*** NEW BEST: 346.63 ***

*** NEW BEST: 347.042 ***
.....
*** NEW BEST: 347.498 ***
.
*** NEW BEST: 347.501 ***
..........Temporary bans and partial set bonuses off.
.
*** NEW BEST: 346.876 ***
Current relative stat values for matching or exceeding +50 pts of sp
int: 154.773
spi: 124.578
sta: 0
agi: 0
mp5: 408.301
sp: 100
sp_shadow: 0
sp_healing: 100
spell crit: 346.263
spell hit: 0
arcane res: 0
nature res: 0
fire res: 0
frost res: 0
shadow res: 0
armor: 0
defense: 0
dodge: 0
parry: 0
ranged : lunar wand of the owl -> oblivion's touch => val: 346.876 -> 346.912

*** NEW BEST: 346.912 ***
Current relative stat values for matching or exceeding +50 pts of sp
int: 154.234
spi: 123.241
sta: 0
agi: 0
mp5: 409.618
sp: 100
sp_shadow: 0
sp_healing: 100
spell crit: 346.203
spell hit: 0
arcane res: 0
nature res: 0
fire res: 0
frost res: 0
shadow res: 0
armor: 0
defense: 0
dodge: 0
parry: 0
***** INTERMEDIATE RESULTS *****
Iteration: 29
 ----------------------------
 --- head --- 
name: halo of transcendence
slot: head
intelligence: 27
stamina: 17
spirit: 22
sp_healing: 48
fire_res: 10
frost_res: 10
armor: 94
 ----------------------------
 --- neck --- 
name: choker of enlightenment
slot: neck
intelligence: 10
stamina: 9
spirit: 10
sp: 18
 ----------------------------
 --- shoulders --- 
name: mantle of prophecy
slot: shoulders
intelligence: 23
stamina: 13
spirit: 10
sp: 9
shadow_res: 7
armor: 76
 ----------------------------
 --- back --- 
name: hide of the wild
slot: back
intelligence: 10
stamina: 8
sp_healing: 42
armor: 48
 ----------------------------
 --- chest --- 
name: truefaith vestments
slot: chest
stamina: 14
sp_healing: 73
mp5: 6
armor: 96
 ----------------------------
 --- wrists --- 
name: vambraces of prophecy
slot: wrists
intelligence: 14
stamina: 8
spirit: 10
sp_healing: 24
mp5: 2
armor: 44
 ----------------------------
 --- two-hand --- 
name: benediction
slot: two-hand
intelligence: 31
stamina: 10
spirit: 12
sp_healing: 106
spell_crit: 2
shadow_res: 20
 ----------------------------
 ---  --- 
name: 
slot: 
 ----------------------------
 ---  --- 
name: 
slot: 
 ----------------------------
 ---  --- 
name: 
slot: 
 ----------------------------
 --- ranged --- 
name: oblivion's touch
slot: ranged
intelligence: 11
 ----------------------------
 --- hands --- 
name: gloves of prophecy
slot: hands
intelligence: 15
stamina: 10
spirit: 15
sp_healing: 18
mp5: 6
fire_res: 7
armor: 63
 ----------------------------
 --- waist --- 
name: girdle of prophecy
slot: waist
intelligence: 22
stamina: 10
spirit: 10
sp: 9
mp5: 4
fire_res: 7
armor: 57
 ----------------------------
 --- legs --- 
name: leggings of transcendence
slot: legs
intelligence: 21
stamina: 16
spirit: 21
sp_healing: 46
mp5: 7
arcane_res: 10
shadow_res: 10
armor: 101
 ----------------------------
 --- feet --- 
name: boots of prophecy
slot: feet
intelligence: 18
stamina: 17
spirit: 15
sp_healing: 18
shadow_res: 7
armor: 70
 ----------------------------
 --- finger --- 
name: cauterizing band
slot: finger
intelligence: 12
stamina: 9
sp_healing: 46
 ----------------------------
 --- finger --- 
name: band of sulfuras
slot: finger
intelligence: 23
stamina: 13
spirit: 10
 ----------------------------
 --- trinket --- 
name: shard of the scale
slot: trinket
mp5: 16
 ----------------------------
 --- trinket --- 
name: mindtap talisman
slot: trinket
mp5: 11
 ----------------------------
 --- Set bonuses ---
name: 
slot: Set bonuses
------------------
Best value: 346.912
------------------
Char stats: 
Effective hp: 6112.4
Effective mana: 10542.2
Raw max mana: 7304.6
Int: 381.667
Stam: 205
Spirit: 265
Strength: 34
Agility: 38
Mp5: 78.8
Sp: 36
Sp shadow: 0
Sp healing: 421
Spell crit: 1.55107
Spell hit: 0
Arcane res: 10
Nature res: 0
Fire res: 24
Frost res: 10
Shadow res: 44
Armor: 2463
Defense: 300
Dodge: 0
Parry: 0
HpsPvp: 941.787
ShadowDps: 211.552
Value pvp healing: 499.017
Value pvp shadow: 25.1793
------------------
Best counts:
For 120 s fights:
    casts: 10, ticks: 10, ticks_oom: 0
    Heal, rank: 2, count: 2
    Heal, rank: 4, count: 0
    Greater Heal, rank: 1, count: 5
    Greater Heal, rank: 4, count: 2
    Flash Heal, rank: 7, count: 0
    Renew, rank: 10, count: 2
    Prayer of Healing, rank: 5, count: 0
    pve info: 1
    hps: 451.169
For 180 s fights:
    casts: 6, ticks: 10, ticks_oom: 0
    Heal, rank: 2, count: 3
    Heal, rank: 4, count: 0
    Greater Heal, rank: 1, count: 7
    Greater Heal, rank: 4, count: 3
    Flash Heal, rank: 7, count: 0
    Renew, rank: 10, count: 2
    Prayer of Healing, rank: 5, count: 0
    pve info: 1
    hps: 367.286
For 240 s fights:
    casts: 5, ticks: 10, ticks_oom: 0
    Heal, rank: 2, count: 0
    Heal, rank: 4, count: 3
    Greater Heal, rank: 1, count: 9
    Greater Heal, rank: 4, count: 2
    Flash Heal, rank: 7, count: 0
    Renew, rank: 10, count: 3
    Prayer of Healing, rank: 5, count: 0
    pve info: 1
    hps: 328.983
For 300 s fights:
    casts: 5, ticks: 10, ticks_oom: 0
    Heal, rank: 2, count: 2
    Heal, rank: 4, count: 0
    Greater Heal, rank: 1, count: 12
    Greater Heal, rank: 4, count: 0
    Flash Heal, rank: 7, count: 0
    Renew, rank: 10, count: 1
    Prayer of Healing, rank: 5, count: 0
    pve info: 1
    hps: 300.173
For 360 s fights:
    casts: 5, ticks: 10, ticks_oom: 0
    Heal, rank: 2, count: 4
    Heal, rank: 4, count: 0
    Greater Heal, rank: 1, count: 6
    Greater Heal, rank: 4, count: 3
    Flash Heal, rank: 7, count: 0
    Renew, rank: 10, count: 3
    Prayer of Healing, rank: 5, count: 0
    pve info: 1
    hps: 286.947
------------------
Upgrades: 
quel'dorai channeling rod(14.5951) -> benediction(33.2498) : 18.6547 = +5.68295%
briarwood reed(4.90454) -> shard of the scale(14.6447) : 9.74014 = +2.88878%
atal'ai gloves of the owl(9.04514) -> gloves of prophecy(17.9253) : 8.88013 = +2.62701%
devout robe(11.1733) -> truefaith vestments(18.7367) : 7.56339 = +2.2288%
devout bracers(6.82755) -> vambraces of prophecy(14.2745) : 7.44693 = +2.19373%
thuzadin sash(8.70789) -> girdle of prophecy(15.6487) : 6.9408 = +2.04159%
devout sandals(8.22195) -> boots of prophecy(13.9435) : 5.7215 = +1.67692%
pants of prophecy(22.8553) -> leggings of transcendence(27.17) : 4.31476 = +1.25943%
seal of rivendare(7.95871) -> band of sulfuras(11.006) : 3.04733 = +0.886202%
rosewine circle(9.59991) -> cauterizing band(12.3347) : 2.73477 = +0.794583%
devout mantle(10.1347) -> mantle of prophecy(12.5403) : 2.40564 = +0.698287%
animated chain necklace(7.87204) -> choker of enlightenment(10.0448) : 2.17276 = +0.630262%
royal seal of eldre'thalas(9.42096) -> mindtap talisman(10.7815) : 1.3605 = +0.39372%
dragon finger of intellect(3.19128) -> oblivion's touch(4.16919) : 0.977905 = +0.282686%
halo of transcendence(23.909) -> halo of transcendence(23.909) : 0 = +0%
hide of the wild(11.1523) -> hide of the wild(11.1523) : 0 = +0%
------------------
~~~~ end of intermediate results ~~~~
Temporary bans and partial set bonuses on.
...
*** NEW BEST: 347.032 ***
Current relative stat values for matching or exceeding +50 pts of sp
int: 165.703
spi: 124.921
sta: 0
agi: 0
mp5: 404.823
sp: 100
sp_shadow: 0
sp_healing: 100
spell crit: 346.342
spell hit: 0
arcane res: 0
nature res: 0
fire res: 0
frost res: 0
shadow res: 0
armor: 0
defense: 0
dodge: 0
parry: 0

*** NEW BEST: 347.845 ***
Current relative stat values for matching or exceeding +50 pts of sp
int: 149.382
spi: 120.097
sta: 0
agi: 0
mp5: 388.937
sp: 100
sp_shadow: 0
sp_healing: 100
spell crit: 340.873
spell hit: 0
arcane res: 0
nature res: 0
fire res: 0
frost res: 0
shadow res: 0
armor: 0
defense: 0
dodge: 0
parry: 0
...............Temporary bans and partial set bonuses off.
.ranged : bonecreeper stylus -> lunar wand of healing => val: 345.975 -> 346.516
....Copied previous best.
.
*** NEW BEST: 347.845 ***
Current relative stat values for matching or exceeding +50 pts of sp
int: 149.382
spi: 120.097
sta: 0
agi: 0
mp5: 388.937
sp: 100
sp_shadow: 0
sp_healing: 100
spell crit: 340.873
spell hit: 0
arcane res: 0
nature res: 0
fire res: 0
frost res: 0
shadow res: 0
armor: 0
defense: 0
dodge: 0
parry: 0
***** INTERMEDIATE RESULTS *****
Iteration: 53
 ----------------------------
 --- head --- 
name: halo of transcendence
slot: head
intelligence: 27
stamina: 17
spirit: 22
sp_healing: 48
fire_res: 10
frost_res: 10
armor: 94
 ----------------------------
 --- neck --- 
name: choker of enlightenment
slot: neck
intelligence: 10
stamina: 9
spirit: 10
sp: 18
 ----------------------------
 --- shoulders --- 
name: mantle of prophecy
slot: shoulders
intelligence: 23
stamina: 13
spirit: 10
sp: 9
shadow_res: 7
armor: 76
 ----------------------------
 --- back --- 
name: hide of the wild
slot: back
intelligence: 10
stamina: 8
sp_healing: 42
armor: 48
 ----------------------------
 --- chest --- 
name: truefaith vestments
slot: chest
stamina: 14
sp_healing: 73
mp5: 6
armor: 96
 ----------------------------
 --- wrists --- 
name: vambraces of prophecy
slot: wrists
intelligence: 14
stamina: 8
spirit: 10
sp_healing: 24
mp5: 2
armor: 44
 ----------------------------
 --- two-hand --- 
name: benediction
slot: two-hand
intelligence: 31
stamina: 10
spirit: 12
sp_healing: 106
spell_crit: 2
shadow_res: 20
 ----------------------------
 ---  --- 
name: 
slot: 
 ----------------------------
 ---  --- 
name: 
slot: 
 ----------------------------
 ---  --- 
name: 
slot: 
 ----------------------------
 --- ranged --- 
name: lunar wand of healing
slot: ranged
sp_healing: 20
 ----------------------------
 --- hands --- 
name: gloves of prophecy
slot: hands
intelligence: 15
stamina: 10
spirit: 15
sp_healing: 18
mp5: 6
fire_res: 7
armor: 63
 ----------------------------
 --- waist --- 
name: girdle of prophecy
slot: waist
intelligence: 22
stamina: 10
spirit: 10
sp: 9
mp5: 4
fire_res: 7
armor: 57
 ----------------------------
 --- legs --- 
name: leggings of transcendence
slot: legs
intelligence: 21
stamina: 16
spirit: 21
sp_healing: 46
mp5: 7
arcane_res: 10
shadow_res: 10
armor: 101
 ----------------------------
 --- feet --- 
name: boots of prophecy
slot: feet
intelligence: 18
stamina: 17
spirit: 15
sp_healing: 18
shadow_res: 7
armor: 70
 ----------------------------
 --- finger --- 
name: cauterizing band
slot: finger
intelligence: 12
stamina: 9
sp_healing: 46
 ----------------------------
 --- finger --- 
name: band of sulfuras
slot: finger
intelligence: 23
stamina: 13
spirit: 10
 ----------------------------
 --- trinket --- 
name: shard of the scale
slot: trinket
mp5: 16
 ----------------------------
 --- trinket --- 
name: mindtap talisman
slot: trinket
mp5: 11
 ----------------------------
 --- Set bonuses ---
name: 
slot: Set bonuses
------------------
Best value: 347.845
------------------
Char stats: 
Effective hp: 6116.4
Effective mana: 10377.2
Raw max mana: 7139.6
Int: 370.667
Stam: 205
Spirit: 265
Strength: 34
Agility: 38
Mp5: 78.8
Sp: 36
Sp shadow: 0
Sp healing: 441
Spell crit: 1.55107
Spell hit: 0
Arcane res: 10
Nature res: 0
Fire res: 24
Frost res: 10
Shadow res: 44
Armor: 2463
Defense: 300
Dodge: 0
Parry: 0
HpsPvp: 948.314
ShadowDps: 210.971
Value pvp healing: 498.691
Value pvp shadow: 24.6817
------------------
Best counts:
For 120 s fights:
    casts: 10, ticks: 10, ticks_oom: 0
    Heal, rank: 2, count: 3
    Heal, rank: 4, count: 0
    Greater Heal, rank: 1, count: 7
    Greater Heal, rank: 4, count: 2
    Flash Heal, rank: 7, count: 0
    Renew, rank: 10, count: 2
    Prayer of Healing, rank: 5, count: 0
    pve info: 1
    hps: 451.722
For 180 s fights:
    casts: 7, ticks: 9, ticks_oom: 0
    Heal, rank: 2, count: 3
    Heal, rank: 4, count: 0
    Greater Heal, rank: 1, count: 6
    Greater Heal, rank: 4, count: 3
    Flash Heal, rank: 7, count: 0
    Renew, rank: 10, count: 3
    Prayer of Healing, rank: 5, count: 0
    pve info: 1
    hps: 368.457
For 240 s fights:
    casts: 5, ticks: 10, ticks_oom: 0
    Heal, rank: 2, count: 0
    Heal, rank: 4, count: 3
    Greater Heal, rank: 1, count: 9
    Greater Heal, rank: 4, count: 2
    Flash Heal, rank: 7, count: 0
    Renew, rank: 10, count: 3
    Prayer of Healing, rank: 5, count: 0
    pve info: 1
    hps: 329.665
For 300 s fights:
    casts: 5, ticks: 10, ticks_oom: 0
    Heal, rank: 2, count: 2
    Heal, rank: 4, count: 0
    Greater Heal, rank: 1, count: 12
    Greater Heal, rank: 4, count: 0
    Flash Heal, rank: 7, count: 0
    Renew, rank: 10, count: 1
    Prayer of Healing, rank: 5, count: 0
    pve info: 1
    hps: 301.329
For 360 s fights:
    casts: 5, ticks: 10, ticks_oom: 0
    Heal, rank: 2, count: 4
    Heal, rank: 4, count: 0
    Greater Heal, rank: 1, count: 6
    Greater Heal, rank: 4, count: 3
    Flash Heal, rank: 7, count: 0
    Renew, rank: 10, count: 3
    Prayer of Healing, rank: 5, count: 0
    pve info: 1
    hps: 288.052
------------------
Upgrades: 
quel'dorai channeling rod(15.3183) -> benediction(34.1922) : 18.8739 = +5.73726%
briarwood reed(4.90765) -> shard of the scale(16.545) : 11.6373 = +3.46135%
atal'ai gloves of the owl(8.47726) -> gloves of prophecy(19.1508) : 10.6736 = +3.16562%
thuzadin sash(7.4584) -> girdle of prophecy(16.6073) : 9.1489 = +2.70121%
devout bracers(7.10147) -> vambraces of prophecy(15.3305) : 8.22906 = +2.42305%
devout robe(11.3271) -> truefaith vestments(19.1124) : 7.78522 = +2.28937%
devout sandals(10.2798) -> boots of prophecy(15.7892) : 5.50943 = +1.60937%
animated chain necklace(6.74219) -> choker of enlightenment(11.4815) : 4.73932 = +1.3813%
pants of prophecy(23.8894) -> leggings of transcendence(28.4492) : 4.55981 = +1.32829%
seal of rivendare(11.2062) -> band of sulfuras(14.5955) : 3.38922 = +0.983935%
royal seal of eldre'thalas(9.34369) -> mindtap talisman(12.4665) : 3.12277 = +0.905881%
devout mantle(13.0338) -> mantle of prophecy(16.1271) : 3.09335 = +0.89727%
rosewine circle(11.2652) -> cauterizing band(14.1183) : 2.85312 = +0.827011%
dragon finger of intellect(1.94208) -> lunar wand of healing(3.56967) : 1.62759 = +0.470108%
halo of transcendence(24.8333) -> halo of transcendence(24.8333) : 0 = +0%
hide of the wild(12.5215) -> hide of the wild(12.5215) : 0 = +0%
------------------
~~~~ end of intermediate results ~~~~
Temporary bans and partial set bonuses on.
...............
*** NEW BEST: 348.41 ***
Current relative stat values for matching or exceeding +50 pts of sp
int: 149.764
spi: 119.19
sta: 0
agi: 0
mp5: 391.357
sp: 100
sp_shadow: 0
sp_healing: 100
spell crit: 337.003
spell hit: 0
arcane res: 0
nature res: 0
fire res: 0
frost res: 0
shadow res: 0
armor: 0
defense: 0
dodge: 0
parry: 0
...................Temporary bans and partial set bonuses off.
.
*** NEW BEST: 348.149 ***
Current relative stat values for matching or exceeding +50 pts of sp
int: 145.03
spi: 115.834
sta: 0
agi: 0
mp5: 387.251
sp: 100
sp_shadow: 0
sp_healing: 100
spell crit: 336.881
spell hit: 0
arcane res: 0
nature res: 0
fire res: 0
frost res: 0
shadow res: 0
armor: 0
defense: 0
dodge: 0
parry: 0
***** INTERMEDIATE RESULTS *****
Iteration: 88
 ----------------------------
 --- head --- 
name: halo of transcendence
slot: head
intelligence: 27
stamina: 17
spirit: 22
sp_healing: 48
fire_res: 10
frost_res: 10
armor: 94
 ----------------------------
 --- neck --- 
name: choker of enlightenment
slot: neck
intelligence: 10
stamina: 9
spirit: 10
sp: 18
 ----------------------------
 --- shoulders --- 
name: mantle of prophecy
slot: shoulders
intelligence: 23
stamina: 13
spirit: 10
sp: 9
shadow_res: 7
armor: 76
 ----------------------------
 --- back --- 
name: hide of the wild
slot: back
intelligence: 10
stamina: 8
sp_healing: 42
armor: 48
 ----------------------------
 --- chest --- 
name: truefaith vestments
slot: chest
stamina: 14
sp_healing: 73
mp5: 6
armor: 96
 ----------------------------
 --- wrists --- 
name: vambraces of prophecy
slot: wrists
intelligence: 14
stamina: 8
spirit: 10
sp_healing: 24
mp5: 2
armor: 44
 ----------------------------
 --- two-hand --- 
name: benediction
slot: two-hand
intelligence: 31
stamina: 10
spirit: 12
sp_healing: 106
spell_crit: 2
shadow_res: 20
 ----------------------------
 ---  --- 
name: 
slot: 
 ----------------------------
 ---  --- 
name: 
slot: 
 ----------------------------
 ---  --- 
name: 
slot: 
 ----------------------------
 --- ranged --- 
name: lunar wand of healing
slot: ranged
sp_healing: 20
 ----------------------------
 --- hands --- 
name: gloves of prophecy
slot: hands
intelligence: 15
stamina: 10
spirit: 15
sp_healing: 18
mp5: 6
fire_res: 7
armor: 63
 ----------------------------
 --- waist --- 
name: girdle of prophecy
slot: waist
intelligence: 22
stamina: 10
spirit: 10
sp: 9
mp5: 4
fire_res: 7
armor: 57
 ----------------------------
 --- legs --- 
name: leggings of transcendence
slot: legs
intelligence: 21
stamina: 16
spirit: 21
sp_healing: 46
mp5: 7
arcane_res: 10
shadow_res: 10
armor: 101
 ----------------------------
 --- feet --- 
name: boots of prophecy
slot: feet
intelligence: 18
stamina: 17
spirit: 15
sp_healing: 18
shadow_res: 7
armor: 70
 ----------------------------
 --- finger --- 
name: cauterizing band
slot: finger
intelligence: 12
stamina: 9
sp_healing: 46
 ----------------------------
 --- finger --- 
name: band of sulfuras
slot: finger
intelligence: 23
stamina: 13
spirit: 10
 ----------------------------
 --- trinket --- 
name: shard of the scale
slot: trinket
mp5: 16
 ----------------------------
 --- trinket --- 
name: mindtap talisman
slot: trinket
mp5: 11
 ----------------------------
 --- Set bonuses ---
name: 
slot: Set bonuses
------------------
Best value: 348.149
------------------
Char stats: 
Effective hp: 6116.4
Effective mana: 10377.2
Raw max mana: 7139.6
Int: 370.667
Stam: 205
Spirit: 265
Strength: 34
Agility: 38
Mp5: 78.8
Sp: 36
Sp shadow: 0
Sp healing: 441
Spell crit: 1.55107
Spell hit: 0
Arcane res: 10
Nature res: 0
Fire res: 24
Frost res: 10
Shadow res: 44
Armor: 2463
Defense: 300
Dodge: 0
Parry: 0
HpsPvp: 948.314
ShadowDps: 210.971
Value pvp healing: 498.691
Value pvp shadow: 24.6817
------------------
Best counts:
For 120 s fights:
    casts: 14, ticks: 10, ticks_oom: 0
    Heal, rank: 2, count: 3
    Heal, rank: 4, count: 0
    Greater Heal, rank: 1, count: 7
    Greater Heal, rank: 4, count: 1
    Flash Heal, rank: 7, count: 0
    Renew, rank: 10, count: 2
    Prayer of Healing, rank: 5, count: 0
    pve info: 1
    hps: 453.579
For 180 s fights:
    casts: 7, ticks: 9, ticks_oom: 0
    Heal, rank: 2, count: 3
    Heal, rank: 4, count: 0
    Greater Heal, rank: 1, count: 6
    Greater Heal, rank: 4, count: 3
    Flash Heal, rank: 7, count: 0
    Renew, rank: 10, count: 3
    Prayer of Healing, rank: 5, count: 0
    pve info: 1
    hps: 368.457
For 240 s fights:
    casts: 5, ticks: 10, ticks_oom: 0
    Heal, rank: 2, count: 0
    Heal, rank: 4, count: 3
    Greater Heal, rank: 1, count: 9
    Greater Heal, rank: 4, count: 2
    Flash Heal, rank: 7, count: 0
    Renew, rank: 10, count: 3
    Prayer of Healing, rank: 5, count: 0
    pve info: 1
    hps: 329.665
For 300 s fights:
    casts: 5, ticks: 10, ticks_oom: 0
    Heal, rank: 2, count: 2
    Heal, rank: 4, count: 0
    Greater Heal, rank: 1, count: 12
    Greater Heal, rank: 4, count: 0
    Flash Heal, rank: 7, count: 0
    Renew, rank: 10, count: 1
    Prayer of Healing, rank: 5, count: 0
    pve info: 1
    hps: 301.329
For 360 s fights:
    casts: 5, ticks: 10, ticks_oom: 0
    Heal, rank: 2, count: 5
    Heal, rank: 4, count: 0
    Greater Heal, rank: 1, count: 5
    Greater Heal, rank: 4, count: 3
    Flash Heal, rank: 7, count: 0
    Renew, rank: 10, count: 2
    Prayer of Healing, rank: 5, count: 0
    pve info: 1
    hps: 287.717
------------------
Upgrades: 
quel'dorai channeling rod(15.0294) -> benediction(34.6071) : 19.5777 = +5.95843%
briarwood reed(4.98898) -> shard of the scale(17.0455) : 12.0565 = +3.58727%
atal'ai gloves of the owl(8.64029) -> gloves of prophecy(19.9525) : 11.3122 = +3.35835%
devout bracers(5.86215) -> vambraces of prophecy(15.58) : 9.7178 = +2.87142%
thuzadin sash(7.76825) -> girdle of prophecy(17.28) : 9.51175 = +2.80883%
devout robe(12.9501) -> truefaith vestments(21.0479) : 8.09778 = +2.38134%
devout sandals(9.88483) -> boots of prophecy(17.9495) : 8.0647 = +2.37138%
animated chain necklace(7.51846) -> choker of enlightenment(12.6549) : 5.13647 = +1.49746%
seal of rivendare(7.17624) -> band of sulfuras(12.2934) : 5.11719 = +1.49175%
rosewine circle(10.0366) -> cauterizing band(14.709) : 4.67242 = +1.36033%
pants of prophecy(25.1991) -> leggings of transcendence(29.6911) : 4.49203 = +1.30713%
royal seal of eldre'thalas(8.73386) -> mindtap talisman(12.3805) : 3.64664 = +1.05852%
devout mantle(10.4217) -> mantle of prophecy(13.8635) : 3.44183 = +0.998479%
dragon finger of intellect(2.04953) -> lunar wand of healing(3.64355) : 1.59402 = +0.459962%
halo of transcendence(25.7517) -> halo of transcendence(25.7517) : 0 = +0%
hide of the wild(13.4289) -> hide of the wild(13.4289) : 0 = +0%
------------------
~~~~ end of intermediate results ~~~~
Same items for intermediate results again, ending optimization. 
 ----------------------------
 --- head --- 
name: halo of transcendence
slot: head
intelligence: 27
stamina: 17
spirit: 22
sp_healing: 48
fire_res: 10
frost_res: 10
armor: 94
 ----------------------------
 --- neck --- 
name: choker of enlightenment
slot: neck
intelligence: 10
stamina: 9
spirit: 10
sp: 18
 ----------------------------
 --- shoulders --- 
name: mantle of prophecy
slot: shoulders
intelligence: 23
stamina: 13
spirit: 10
sp: 9
shadow_res: 7
armor: 76
 ----------------------------
 --- back --- 
name: hide of the wild
slot: back
intelligence: 10
stamina: 8
sp_healing: 42
armor: 48
 ----------------------------
 --- chest --- 
name: truefaith vestments
slot: chest
stamina: 14
sp_healing: 73
mp5: 6
armor: 96
 ----------------------------
 --- wrists --- 
name: vambraces of prophecy
slot: wrists
intelligence: 14
stamina: 8
spirit: 10
sp_healing: 24
mp5: 2
armor: 44
 ----------------------------
 --- two-hand --- 
name: benediction
slot: two-hand
intelligence: 31
stamina: 10
spirit: 12
sp_healing: 106
spell_crit: 2
shadow_res: 20
 ----------------------------
 ---  --- 
name: 
slot: 
 ----------------------------
 ---  --- 
name: 
slot: 
 ----------------------------
 ---  --- 
name: 
slot: 
 ----------------------------
 --- ranged --- 
name: lunar wand of healing
slot: ranged
sp_healing: 20
 ----------------------------
 --- hands --- 
name: gloves of prophecy
slot: hands
intelligence: 15
stamina: 10
spirit: 15
sp_healing: 18
mp5: 6
fire_res: 7
armor: 63
 ----------------------------
 --- waist --- 
name: girdle of prophecy
slot: waist
intelligence: 22
stamina: 10
spirit: 10
sp: 9
mp5: 4
fire_res: 7
armor: 57
 ----------------------------
 --- legs --- 
name: leggings of transcendence
slot: legs
intelligence: 21
stamina: 16
spirit: 21
sp_healing: 46
mp5: 7
arcane_res: 10
shadow_res: 10
armor: 101
 ----------------------------
 --- feet --- 
name: boots of prophecy
slot: feet
intelligence: 18
stamina: 17
spirit: 15
sp_healing: 18
shadow_res: 7
armor: 70
 ----------------------------
 --- finger --- 
name: cauterizing band
slot: finger
intelligence: 12
stamina: 9
sp_healing: 46
 ----------------------------
 --- finger --- 
name: band of sulfuras
slot: finger
intelligence: 23
stamina: 13
spirit: 10
 ----------------------------
 --- trinket --- 
name: shard of the scale
slot: trinket
mp5: 16
 ----------------------------
 --- trinket --- 
name: mindtap talisman
slot: trinket
mp5: 11
 ----------------------------
 --- Set bonuses ---
name: 
slot: Set bonuses
------------------
Char stats: 
Effective hp: 6116.4
Effective mana: 10377.2
Raw max mana: 7139.6
Int: 370.667
Stam: 205
Spirit: 265
Strength: 34
Agility: 38
Mp5: 78.8
Sp: 36
Sp shadow: 0
Sp healing: 441
Spell crit: 1.55107
Spell hit: 0
Arcane res: 10
Nature res: 0
Fire res: 24
Frost res: 10
Shadow res: 44
Armor: 2463
Defense: 300
Dodge: 0
Parry: 0
HpsPvp: 948.314
ShadowDps: 210.971
Value pvp healing: 498.691
Value pvp shadow: 24.6817
------------------
Best counts:
For 120 s fights:
    casts: 14, ticks: 10, ticks_oom: 0
    Heal, rank: 2, count: 3
    Heal, rank: 4, count: 0
    Greater Heal, rank: 1, count: 7
    Greater Heal, rank: 4, count: 1
    Flash Heal, rank: 7, count: 0
    Renew, rank: 10, count: 2
    Prayer of Healing, rank: 5, count: 0
    pve info: 1
    hps: 453.579
For 180 s fights:
    casts: 7, ticks: 9, ticks_oom: 0
    Heal, rank: 2, count: 3
    Heal, rank: 4, count: 0
    Greater Heal, rank: 1, count: 6
    Greater Heal, rank: 4, count: 3
    Flash Heal, rank: 7, count: 0
    Renew, rank: 10, count: 3
    Prayer of Healing, rank: 5, count: 0
    pve info: 1
    hps: 368.457
For 240 s fights:
    casts: 5, ticks: 10, ticks_oom: 0
    Heal, rank: 2, count: 0
    Heal, rank: 4, count: 3
    Greater Heal, rank: 1, count: 9
    Greater Heal, rank: 4, count: 2
    Flash Heal, rank: 7, count: 0
    Renew, rank: 10, count: 3
    Prayer of Healing, rank: 5, count: 0
    pve info: 1
    hps: 329.665
For 300 s fights:
    casts: 5, ticks: 10, ticks_oom: 0
    Heal, rank: 2, count: 2
    Heal, rank: 4, count: 0
    Greater Heal, rank: 1, count: 12
    Greater Heal, rank: 4, count: 0
    Flash Heal, rank: 7, count: 0
    Renew, rank: 10, count: 1
    Prayer of Healing, rank: 5, count: 0
    pve info: 1
    hps: 301.329
For 360 s fights:
    casts: 5, ticks: 10, ticks_oom: 0
    Heal, rank: 2, count: 5
    Heal, rank: 4, count: 0
    Greater Heal, rank: 1, count: 5
    Greater Heal, rank: 4, count: 3
    Flash Heal, rank: 7, count: 0
    Renew, rank: 10, count: 2
    Prayer of Healing, rank: 5, count: 0
    pve info: 1
    hps: 287.717
------------------
Current relative stat values for matching or exceeding +50 pts of sp
int: 145.03
spi: 115.834
sta: 0
agi: 0
mp5: 387.251
sp: 100
sp_shadow: 0
sp_healing: 100
spell crit: 336.881
spell hit: 0
arcane res: 0
nature res: 0
fire res: 0
frost res: 0
shadow res: 0
armor: 0
defense: 0
dodge: 0
parry: 0
------------------
Diffs to start: 
Upgrades: 
quel'dorai channeling rod(15.0294) -> benediction(34.6071) : 19.5777 = +5.95843%
briarwood reed(4.98898) -> shard of the scale(17.0455) : 12.0565 = +3.58727%
atal'ai gloves of the owl(8.64029) -> gloves of prophecy(19.9525) : 11.3122 = +3.35835%
devout bracers(5.86215) -> vambraces of prophecy(15.58) : 9.7178 = +2.87142%
thuzadin sash(7.76825) -> girdle of prophecy(17.28) : 9.51175 = +2.80883%
devout robe(12.9501) -> truefaith vestments(21.0479) : 8.09778 = +2.38134%
devout sandals(9.88483) -> boots of prophecy(17.9495) : 8.0647 = +2.37138%
animated chain necklace(7.51846) -> choker of enlightenment(12.6549) : 5.13647 = +1.49746%
seal of rivendare(7.17624) -> band of sulfuras(12.2934) : 5.11719 = +1.49175%
rosewine circle(10.0366) -> cauterizing band(14.709) : 4.67242 = +1.36033%
pants of prophecy(25.1991) -> leggings of transcendence(29.6911) : 4.49203 = +1.30713%
royal seal of eldre'thalas(8.73386) -> mindtap talisman(12.3805) : 3.64664 = +1.05852%
devout mantle(10.4217) -> mantle of prophecy(13.8635) : 3.44183 = +0.998479%
dragon finger of intellect(2.04953) -> lunar wand of healing(3.64355) : 1.59402 = +0.459962%
halo of transcendence(25.7517) -> halo of transcendence(25.7517) : 0 = +0%
hide of the wild(13.4289) -> hide of the wild(13.4289) : 0 = +0%
- - - - - - - - - - - - - - - - - - - - - - - - - - - - - - - - -
| Upgrades at best in slot level, from start item to candidate: |
. . . . . . . . . . . . . . . . . . . . . . . . . . . . . . . . .
- . - ' - . - ' - . - ' - . - ' - . - ' - . -
head, halo of transcendence (25.7517) -> :
- . - ' - . - ' - . - ' - . - ' - . - ' - . -
neck, animated chain necklace (7.51846) -> :
    choker of enlightenment (12.6549) : +1.49746 %, from: mc
    tooth of gnarr (10.2866) : +0.807012 %, from: pre-raid
    choker of the fire lord (9.40738) : +0.550683 %, from: mc
    archlight talisman (9.37552) : +0.541395 %, from: pre-raid
    star of mystaria (8.56387) : +0.304773 %, from: pre-raid
    gemshard heart (7.797) : +0.0812021 %, from: pre-raid
    heart of the fiend (7.62515) : +0.0311036 %, from: pre-raid
- . - ' - . - ' - . - ' - . - ' - . - ' - . -
shoulders, devout mantle (10.4217) -> :
    mantle of prophecy (13.8635) : +0.998479 %, from: mc
    soulstealer mantle (11.644) : +0.354614 %, from: pre-raid
- . - ' - . - ' - . - ' - . - ' - . - ' - . -
back, hide of the wild (13.4289) -> :
- . - ' - . - ' - . - ' - . - ' - . - ' - . -
chest, devout robe (12.9501) -> :
    truefaith vestments (21.0479) : +2.38134 %, from: tailoring bop
    robes of the exalted (19.6603) : +1.97329 %, from: pre-raid
    robes of prophecy (18.1961) : +1.54271 %, from: mc
    robe of volatile power (15.0128) : +0.606597 %, from: mc
    mindsurge robe (13.8584) : +0.267114 %, from: pre-raid
    the postmaster's tunic (13.6089) : +0.193739 %, from: pre-raid
    magister's robes (13.282) : +0.0976055 %, from: pre-raid
- . - ' - . - ' - . - ' - . - ' - . - ' - . -
wrists, devout bracers (5.86215) -> :
    vambraces of prophecy (15.58) : +2.87142 %, from: mc
    flarecore wraps (12.3665) : +1.92192 %, from: tailoring boe
    magiskull cuffs (7.1748) : +0.387863 %, from: pre-raid
    wyrmthalak's shackles (6.60925) : +0.220754 %, from: pre-raid
    sublime wristguards (6.51511) : +0.192935 %, from: pre-raid
    magister's bindings (6.4657) : +0.178336 %, from: pre-raid
- . - ' - . - ' - . - ' - . - ' - . - ' - . -
two-hand, quel'dorai channeling rod (15.0294) -> :
    benediction (34.6071) : +5.95843 %, from: mc
    staff of dominance (23.9395) : +2.71175 %, from: mc
    aurastone hammer and lei of the lifegiver (22.6774) : +2.32763 %, from: mc, av rep
    aurastone hammer and fire runed grimoire (21.4799) : +1.9632 %, from: mc, mc
    aurastone hammer and ancient cornerstone grimoire (20.3306) : +1.6134 %, from: mc, onyxia
    aurastone hammer and milli's lexicon (19.6271) : +1.39929 %, from: mc, pre-raid
    aurastone hammer and spellbound tome (19.0849) : +1.23427 %, from: mc, pre-raid
    aurastone hammer and penelope's rose (18.9533) : +1.19424 %, from: mc, pre-raid (scholo quest)
    sorcerous dagger and fire runed grimoire (18.8694) : +1.16867 %, from: mc, mc
    sorcerous dagger and lei of the lifegiver (18.7496) : +1.13224 %, from: mc, av rep
    aurastone hammer and thaurissan's royal scepter (18.6026) : +1.08749 %, from: mc, pre-raid
    aurastone hammer and globe of d'sak (17.8037) : +0.84434 %, from: mc, pre-raid
    sorcerous dagger and ancient cornerstone grimoire (17.7764) : +0.836027 %, from: mc, onyxia
    aurastone hammer and brightly glowing stone (17.0135) : +0.603856 %, from: mc, pre-raid
    sorcerous dagger and milli's lexicon (16.9634) : +0.588596 %, from: mc, pre-raid
    lorespinner and lei of the lifegiver (16.9364) : +0.580395 %, from: pre-raid, av rep
    the hammer of grace and lei of the lifegiver (16.7511) : +0.52398 %, from: pre-raid, av rep
    anathema (16.3378) : +0.398202 %, from: mc
    sorcerous dagger and thaurissan's royal scepter (16.0859) : +0.32153 %, from: mc, pre-raid
    sorcerous dagger and spellbound tome (16.071) : +0.317007 %, from: mc, pre-raid
    witchblade and lei of the lifegiver (16.0016) : +0.295868 %, from: pre-raid, av rep
    hypnotic blade and lei of the lifegiver (15.8139) : +0.238765 %, from: pre-raid, av rep
    gift of the elven magi and lei of the lifegiver (15.3348) : +0.0929352 %, from: pre-raid (strat live: balnazzar), av rep
    lorespinner and fire runed grimoire (15.2008) : +0.0521611 %, from: pre-raid, mc
    sorcerous dagger and globe of d'sak (15.1467) : +0.0357029 %, from: mc, pre-raid
- . - ' - . - ' - . - ' - . - ' - . - ' - . -
ranged, dragon finger of intellect (2.04953) -> :
    lunar wand of healing (3.64355) : +0.459962 %, from: random green
    bonecreeper stylus (2.95435) : +0.261088 %, from: pre-raid
    lunar wand of the owl (2.91818) : +0.250653 %, from: random green
    oblivion's touch (2.82986) : +0.225169 %, from: pre-raid
    mana channeling wand (2.82465) : +0.223663 %, from: pre-raid
    crimson shocker (2.57483) : +0.151577 %, from: mc
    lunar wand of intellect (2.35632) : +0.0885264 %, from: random green
- . - ' - . - ' - . - ' - . - ' - . - ' - . -
hands, atal'ai gloves of the owl (8.64029) -> :
    gloves of prophecy (19.9525) : +3.35835 %, from: mc
    hands of the exalted herald (12.6651) : +1.19488 %, from: pre-raid
    atal'ai hands of healing (9.13156) : +0.145848 %, from: sunken temple
    mooncloth gloves (9.03772) : +0.117989 %, from: pre-raid
- . - ' - . - ' - . - ' - . - ' - . - ' - . -
waist, thuzadin sash (7.76825) -> :
    girdle of prophecy (17.28) : +2.80883 %, from: mc
    whipvine cord (12.0871) : +1.27537 %, from: pre-raid
    mana igniting cord (9.46521) : +0.501114 %, from: mc
    magister's belt (7.97314) : +0.0605057 %, from: pre-raid
- . - ' - . - ' - . - ' - . - ' - . - ' - . -
legs, pants of prophecy (25.1991) -> :
    leggings of transcendence (29.6911) : +1.30713 %, from: mc
- . - ' - . - ' - . - ' - . - ' - . - ' - . -
feet, devout sandals (9.88483) -> :
    boots of prophecy (17.9495) : +2.37138 %, from: mc
    boots of the full moon (13.3419) : +1.01652 %, from: pre-raid
    wolfrunner shoes (11.0102) : +0.330908 %, from: pre-raid
    dragonrider boots (10.2478) : +0.10674 %, from: pre-raid
    the postmaster's treads (9.91156) : +0.0078608 %, from: pre-raid
- . - ' - . - ' - . - ' - . - ' - . - ' - . -
finger, rosewine circle (10.0366) -> :
    cauterizing band (14.709) : +1.36033 %, from: mc
    band of sulfuras (11.2127) : +0.342424 %, from: mc
    seal of the archmagus (10.4032) : +0.106752 %, from: mc
- . - ' - . - ' - . - ' - . - ' - . - ' - . -
finger 2, seal of rivendare (7.17624) -> :
    band of sulfuras (12.2934) : +1.49175 %, from: mc
    cauterizing band (10.6873) : +1.02353 %, from: mc
    rosewine circle (8.63788) : +0.426094 %, from: pre-raid
    ring of demonic guile (7.70895) : +0.155296 %, from: pre-raid
    seal of the archmagus (7.68192) : +0.147414 %, from: mc
    fordring's seal (7.64713) : +0.137272 %, from: pre-raid
- . - ' - . - ' - . - ' - . - ' - . - ' - . -
trinket, briarwood reed (4.98898) -> :
    shard of the scale (17.0455) : +3.58727 %, from: onyxia
    mindtap talisman (9.73615) : +1.41246 %, from: pre-raid
    royal seal of eldre'thalas (9.37408) : +1.30473 %, from: pre-raid
- . - ' - . - ' - . - ' - . - ' - . - ' - . -
trinket 2, royal seal of eldre'thalas (8.73386) -> :
    shard of the scale (16.033) : +2.11874 %, from: onyxia
    mindtap talisman (12.3805) : +1.05852 %, from: pre-raid
------------------
- - - - - - - - - - - - - - - - - - - - - - - - - - - - - -
| Upgrades at start level, from start item to candidate:  |
. . . . . . . . . . . . . . . . . . . . . . . . . . . . . .
- . - ' - . - ' - . - ' - . - ' - . - ' - . -
head, halo of transcendence (22.3547) -> :
- . - ' - . - ' - . - ' - . - ' - . - ' - . -
neck, animated chain necklace (7.69778) -> :
    choker of enlightenment (9.16397) : +0.523067 %, from: mc
    choker of the fire lord (8.26102) : +0.200935 %, from: mc
- . - ' - . - ' - . - ' - . - ' - . - ' - . -
shoulders, devout mantle (13.4857) -> :
- . - ' - . - ' - . - ' - . - ' - . - ' - . -
back, hide of the wild (10.7287) -> :
- . - ' - . - ' - . - ' - . - ' - . - ' - . -
chest, devout robe (15.3986) -> :
    robes of prophecy (16.4839) : +0.387173 %, from: mc
- . - ' - . - ' - . - ' - . - ' - . - ' - . -
wrists, devout bracers (10.6454) -> :
    vambraces of prophecy (13.2319) : +0.922738 %, from: mc
    flarecore wraps (10.6775) : +0.0114316 %, from: tailoring boe
- . - ' - . - ' - . - ' - . - ' - . - ' - . -
two-hand, quel'dorai channeling rod (14.9522) -> :
    benediction (31.1704) : +5.78589 %, from: mc
    staff of dominance (22.5324) : +2.70425 %, from: mc
    aurastone hammer and lei of the lifegiver (20.6277) : +2.02475 %, from: mc, av rep
    aurastone hammer and fire runed grimoire (19.9897) : +1.79715 %, from: mc, mc
    aurastone hammer and ancient cornerstone grimoire (19.3443) : +1.5669 %, from: mc, onyxia
    aurastone hammer and milli's lexicon (18.8552) : +1.39241 %, from: mc, pre-raid
    aurastone hammer and penelope's rose (18.199) : +1.1583 %, from: mc, pre-raid (scholo quest)
    sorcerous dagger and lei of the lifegiver (18.1827) : +1.1525 %, from: mc, av rep
    aurastone hammer and thaurissan's royal scepter (18.0966) : +1.12176 %, from: mc, pre-raid
    aurastone hammer and spellbound tome (18.0422) : +1.10238 %, from: mc, pre-raid
    sorcerous dagger and fire runed grimoire (16.8817) : +0.688368 %, from: mc, mc
    sorcerous dagger and ancient cornerstone grimoire (16.7368) : +0.636676 %, from: mc, onyxia
    aurastone hammer and globe of d'sak (16.4529) : +0.535392 %, from: mc, pre-raid
    sorcerous dagger and milli's lexicon (16.3118) : +0.485038 %, from: mc, pre-raid
    aurastone hammer and brightly glowing stone (15.9869) : +0.369143 %, from: mc, pre-raid
    anathema (15.7156) : +0.272334 %, from: mc
    lorespinner and lei of the lifegiver (15.6679) : +0.255317 %, from: pre-raid, av rep
    sorcerous dagger and penelope's rose (15.4154) : +0.165247 %, from: mc, pre-raid (scholo quest)
    the hammer of grace and lei of the lifegiver (15.2422) : +0.103472 %, from: pre-raid, av rep
    sorcerous dagger and thaurissan's royal scepter (15.2118) : +0.0925961 %, from: mc, pre-raid
- . - ' - . - ' - . - ' - . - ' - . - ' - . -
ranged, dragon finger of intellect (3.67084) -> :
    lunar wand of the owl (4.58911) : +0.327597 %, from: random green
    oblivion's touch (4.30426) : +0.225976 %, from: pre-raid
    crimson shocker (4.18149) : +0.182176 %, from: mc
    lunar wand of intellect (3.95511) : +0.101415 %, from: random green
- . - ' - . - ' - . - ' - . - ' - . - ' - . -
hands, atal'ai gloves of the owl (10.1796) -> :
    gloves of prophecy (17.3667) : +2.56405 %, from: mc
    hands of the exalted herald (13.636) : +1.23311 %, from: pre-raid
- . - ' - . - ' - . - ' - . - ' - . - ' - . -
waist, thuzadin sash (9.50119) -> :
    girdle of prophecy (15.0069) : +1.96417 %, from: mc
    whipvine cord (13.1172) : +1.29004 %, from: pre-raid
    mana igniting cord (10.7701) : +0.45267 %, from: mc
- . - ' - . - ' - . - ' - . - ' - . - ' - . -
legs, pants of prophecy (22.0146) -> :
    leggings of transcendence (24.446) : +0.867409 %, from: mc
- . - ' - . - ' - . - ' - . - ' - . - ' - . -
feet, devout sandals (12.5917) -> :
    boots of prophecy (13.3643) : +0.2756 %, from: mc
- . - ' - . - ' - . - ' - . - ' - . - ' - . -
finger, rosewine circle (10.0348) -> :
    cauterizing band (12.3266) : +0.817611 %, from: mc
    band of sulfuras (10.9098) : +0.312159 %, from: mc
    seal of the archmagus (10.0752) : +0.0144147 %, from: mc
- . - ' - . - ' - . - ' - . - ' - . - ' - . -
finger 2, seal of rivendare (8.13531) -> :
    band of sulfuras (10.2848) : +0.766833 %, from: mc
    cauterizing band (10.2278) : +0.746506 %, from: mc
    seal of the archmagus (9.82715) : +0.603568 %, from: mc
    rosewine circle (8.35059) : +0.0767987 %, from: pre-raid
- . - ' - . - ' - . - ' - . - ' - . - ' - . -
trinket, briarwood reed (4.53729) -> :
    shard of the scale (11.162) : +2.36339 %, from: onyxia
    royal seal of eldre'thalas (8.26483) : +1.32981 %, from: pre-raid
    mindtap talisman (7.87781) : +1.19174 %, from: pre-raid
- . - ' - . - ' - . - ' - . - ' - . - ' - . -
trinket 2, royal seal of eldre'thalas (10.0346) -> :
    shard of the scale (13.3247) : +1.17374 %, from: onyxia
    mindtap talisman (10.2847) : +0.0892102 %, from: pre-raid
-- Stat values at start item level: --
Current relative stat values for matching or exceeding +50 pts of sp
int: 186.145
spi: 102.208
sta: 0
agi: 0
mp5: 478.254
sp: 100
sp_shadow: 0
sp_healing: 100
spell crit: 311.088
spell hit: 0
arcane res: 0
nature res: 0
fire res: 0
frost res: 0
shadow res: 0
armor: 0
defense: 0
dodge: 0
parry: 0
------------------
Best value: 348.149
