Your call: ./css 5 ../items/more_raid.csv -b 0.2 -r 0.3 
Found: -b, val: 0.2
./css 5 ../items/more_raid.csv -r 0.3 
Found: -r, val: 0.3
./css 5 ../items/more_raid.csv 
Shuffle seed: 2674424945
Reading tmp locked from: start_with.txt
Locking: anastari heirloom
Locking: animated chain necklace
Locking: argent crusader
Locking: atal'ai gloves of the owl
Locking: banshee finger
Locking: blood of the martyr
Locking: briarwood reed
Locking: burial shawl
Locking: crimson felt hat
Locking: cyclopean band
Locking: devout belt
Locking: devout bracers
Locking: devout crown
Locking: devout mantle
Locking: devout robe
Locking: devout sandals
Locking: devout skirt
Locking: dragon finger of intellect
Locking: dragonslayer's signet
Locking: drakefire amulet
Locking: dreadmist mantle
Locking: dreamweave circlet
Locking: dreamweave gloves
Locking: dreamweave vest
Locking: eye of the beast
Locking: fordring's seal
Locking: grimgore noose
Locking: halo of transcendence
Locking: heart of the fiend
Locking: hide of the wild
Locking: kentic amice
Locking: magister's robes
Locking: maleki's footwraps
Locking: nature's breath
Locking: necropile boots
Locking: necropile cuffs
Locking: necropile mantle
Locking: noxious shooter
Locking: omnicast boots
Locking: orb of the forgotten seer
Locking: padre's trousers
Locking: penelope's rose
Locking: quel'dorai channeling rod
Locking: raincaster drape
Locking: rainstrider leggings
Locking: ring of demonic guile
Locking: ring of demonic guile
Locking: robes of the royal crown
Locking: rod of corrosion
Locking: rosewine circle
Locking: royal seal of eldre'thalas
Locking: royal tribunal cloak
Locking: sarah's guide
Locking: seal of rivendare
Locking: seal of rivendare
Locking: shadowy laced handwraps
Locking: silkweb gloves
Locking: soulstealer mantle
Locking: spellbound tome
Locking: spritecaster cape
Locking: starfire tiara
Locking: the hammer of grace
Locking: the postmaster's treads
Locking: thuzadin sash
Locking: triune amulet
Locking: vinerot sandals
Locking: wolfshear leggings
Locking: pants of prophecy
Locking: clutch of andros
Locking: star of mystaria
Locking: dragonrider boots
Locking: anathema
Locking: benediction
Locking: girdle of prophecy
Locking: dragon finger of healings
Locking: whipvine cord
Locking: necropile leggings
Locking: necropile robe
Locking: sublime wristguards
Optimizing start items...
[Perf] spent in FindBestPveHealingCounts: 0.00414326 s, that's: 100.006 % of total.

*** NEW BEST (1): 165.116

*** NEW BEST (1): 174.921

*** NEW BEST (1): 210.926

*** NEW BEST (1): 216.279

*** NEW BEST (1): 231.183

*** NEW BEST (1): 241.353

*** NEW BEST (1): 248.878

*** NEW BEST (1): 258.595

*** NEW BEST (1): 284.424

*** NEW BEST (1): 294.301

*** NEW BEST (1): 300.527

*** NEW BEST (1): 307.682

*** NEW BEST (1): 323.968

*** NEW BEST (1): 338.507

*** NEW BEST (1): 354.063

*** NEW BEST (1): 378.89
*
*** NEW BEST (1): 380.541

*** NEW BEST (1): 383.756

*** NEW BEST (1): 384.391
*
*** NEW BEST (1): 386.942
***
Read starting items and cleared locks.
 ----------------------------
 --- head --- 
name: halo of transcendence
slot: head
intelligence: 27
stamina: 17
spirit: 22
sp_healing: 48
fire_res: 10
frost_res: 10
armor: 94
 ----------------------------
 --- neck --- 
name: animated chain necklace
slot: neck
stamina: 7
spirit: 6
sp_healing: 33
 ----------------------------
 --- shoulders --- 
name: burial shawl
slot: shoulders
intelligence: 16
sp: 20
armor: 65
 ----------------------------
 --- back --- 
name: hide of the wild
slot: back
intelligence: 10
stamina: 8
sp_healing: 42
armor: 48
 ----------------------------
 --- chest --- 
name: magister's robes
slot: chest
intelligence: 31
stamina: 9
spirit: 8
armor: 89
 ----------------------------
 --- wrists --- 
name: sublime wristguards
slot: wrists
intelligence: 10
stamina: 6
spirit: 6
sp: 12
armor: 37
 ----------------------------
 --- two-hand --- 
name: benediction
slot: two-hand
intelligence: 31
stamina: 10
spirit: 12
sp_healing: 106
spell_crit: 2
shadow_res: 20
 ----------------------------
 ---  --- 
name: 
slot: 
 ----------------------------
 ---  --- 
name: 
slot: 
 ----------------------------
 ---  --- 
name: 
slot: 
 ----------------------------
 --- ranged --- 
name: dragon finger of intellect
slot: ranged
intelligence: 8
 ----------------------------
 --- hands --- 
name: shadowy laced handwraps
slot: hands
intelligence: 15
mp5: 5
shadow_res: 12
armor: 53
 ----------------------------
 --- waist --- 
name: girdle of prophecy
slot: waist
intelligence: 22
stamina: 10
spirit: 10
sp: 9
mp5: 4
fire_res: 7
armor: 57
 ----------------------------
 --- legs --- 
name: pants of prophecy
slot: legs
intelligence: 24
stamina: 18
spirit: 20
sp_healing: 22
mp5: 6
shadow_res: 10
armor: 89
 ----------------------------
 --- feet --- 
name: dragonrider boots
slot: feet
intelligence: 16
stamina: 5
sp_healing: 18
armor: 61
 ----------------------------
 --- finger --- 
name: rosewine circle
slot: finger
sp_healing: 29
mp5: 5
 ----------------------------
 --- finger --- 
name: fordring's seal
slot: finger
intelligence: 5
stamina: 4
sp_healing: 37
 ----------------------------
 --- trinket --- 
name: briarwood reed
slot: trinket
sp: 29
 ----------------------------
 --- trinket --- 
name: royal seal of eldre'thalas
slot: trinket
sp_healing: 33
mp5: 4
 ----------------------------
 --- Set bonuses ---
name: 
slot: Set bonuses
 --- And counts for start items ---
For 60 s fights:
    casts: 16, ticks: 4, ticks_oom: 0
    Heal, rank: 2, count: 0
    Heal, rank: 4, count: 0
    Greater Heal, rank: 1, count: 5
    Greater Heal, rank: 4, count: 1
    Flash Heal, rank: 7, count: 0
    Renew, rank: 10, count: 1
    Prayer of Healing, rank: 5, count: 0
    pve info: 1
    hps: 695.083
For 120 s fights:
    casts: 11, ticks: 10, ticks_oom: 0
    Heal, rank: 2, count: 2
    Heal, rank: 4, count: 0
    Greater Heal, rank: 1, count: 4
    Greater Heal, rank: 4, count: 0
    Flash Heal, rank: 7, count: 0
    Renew, rank: 10, count: 1
    Prayer of Healing, rank: 5, count: 0
    pve info: 1
    hps: 437.531
For 180 s fights:
    casts: 12, ticks: 10, ticks_oom: 0
    Heal, rank: 2, count: 3
    Heal, rank: 4, count: 0
    Greater Heal, rank: 1, count: 2
    Greater Heal, rank: 4, count: 0
    Flash Heal, rank: 7, count: 0
    Renew, rank: 10, count: 0
    Prayer of Healing, rank: 5, count: 0
    pve info: 0.99779
    hps: 345.875
For 240 s fights:
    casts: 15, ticks: 10, ticks_oom: 7
    Heal, rank: 2, count: 13
    Heal, rank: 4, count: 0
    Greater Heal, rank: 1, count: 0
    Greater Heal, rank: 4, count: 0
    Flash Heal, rank: 7, count: 0
    Renew, rank: 10, count: 0
    Prayer of Healing, rank: 5, count: 0
    pve info: 0.975052
    hps: 299.263
For 300 s fights:
    casts: 7, ticks: 7, ticks_oom: 0
    Heal, rank: 2, count: 7
    Heal, rank: 4, count: 0
    Greater Heal, rank: 1, count: 0
    Greater Heal, rank: 4, count: 0
    Flash Heal, rank: 7, count: 0
    Renew, rank: 10, count: 0
    Prayer of Healing, rank: 5, count: 0
    pve info: 0.998671
    hps: 278.926
For 360 s fights:
    casts: 8, ticks: 8, ticks_oom: 2
    Heal, rank: 2, count: 18
    Heal, rank: 4, count: 0
    Greater Heal, rank: 1, count: 0
    Greater Heal, rank: 4, count: 0
    Flash Heal, rank: 7, count: 0
    Renew, rank: 10, count: 0
    Prayer of Healing, rank: 5, count: 0
    pve info: 0.9845
    hps: 255.453
.
*** NEW BEST (1): 396.697

*** NEW BEST (1): 398.297

*** NEW BEST (1): 400.352

*** NEW BEST (1): 405.877

*** NEW BEST (1): 411.551

*** NEW BEST (1): 424.326

*** NEW BEST (1): 458.083

*** NEW BEST (1): 467.414

*** NEW BEST (1): 469.886

*** NEW BEST (1): 485.727

*** NEW BEST (1): 492.443

*** NEW BEST (1): 500.87

*** NEW BEST (1): 507.453
.
*** NEW BEST (1): 508.413
..
*** NEW BEST (1): 512.305

*** NEW BEST (1): 514.201
..
*** NEW BEST (1): 517.672

*** NEW BEST (1): 522.092

*** NEW BEST (1): 523.383

*** NEW BEST (1): 525.156
.......................
*** NEW BEST (1): 526.128

*** NEW BEST (1): 526.284
.......Temporary bans and partial set bonuses off.
.hands : gloves of prophecy -> handguards of transcendence => val: 523.122 -> 524.422
....Copied previous best.
.Copied previous best.
.ranged : essence gatherer -> dragon's touch => val: 521.936 -> 522.206
trinket : darkmoon card: blue dragon -> shard of the scale => val: 522.206 -> 522.347
Copied previous best.
.Copied previous best.
.ranged : essence gatherer -> dragon's touch => val: 521.936 -> 522.206
Copied previous best.
.Copied previous best.
.ranged : essence gatherer -> dragon's touch => val: 521.936 -> 522.206
Copied previous best.
.Copied previous best.
.ranged : essence gatherer -> dragon's touch => val: 521.936 -> 522.206
Copied previous best.
.***** INTERMEDIATE RESULTS *****
Iteration: 50
 ----------------------------
 --- head --- 
name: halo of transcendence
slot: head
intelligence: 27
stamina: 17
spirit: 22
sp_healing: 48
fire_res: 10
frost_res: 10
armor: 94
 ----------------------------
 --- neck --- 
name: pendant of the fallen dragon
slot: neck
intelligence: 12
stamina: 9
mp5: 9
 ----------------------------
 --- shoulders --- 
name: pauldrons of transcendence
slot: shoulders
intelligence: 25
stamina: 12
spirit: 13
sp_healing: 26
fire_res: 10
armor: 87
 ----------------------------
 --- back --- 
name: shroud of pure thought
slot: back
intelligence: 11
stamina: 10
sp_healing: 33
mp5: 6
armor: 57
 ----------------------------
 --- chest --- 
name: robes of transcendence
slot: chest
intelligence: 27
stamina: 17
spirit: 16
sp_healing: 57
nature_res: 10
fire_res: 10
armor: 116
 ----------------------------
 --- wrists --- 
name: bindings of transcendence
slot: wrists
intelligence: 13
stamina: 9
spirit: 16
sp_healing: 33
armor: 51
 ----------------------------
 ---  --- 
name: 
slot: 
 ----------------------------
 --- main hand --- 
name: lok'amir il romathis
slot: main hand
intelligence: 18
stamina: 10
spirit: 8
sp: 84
 ----------------------------
 ---  --- 
name: 
slot: 
 ----------------------------
 --- off hand --- 
name: lei of the lifegiver
slot: off hand
sp_healing: 53
mp5: 3
 ----------------------------
 --- ranged --- 
name: essence gatherer
slot: ranged
intelligence: 7
stamina: 5
mp5: 5
 ----------------------------
 --- hands --- 
name: handguards of transcendence
slot: hands
intelligence: 20
stamina: 12
spirit: 13
sp_healing: 29
spell_crit: 1
armor: 72
 ----------------------------
 --- waist --- 
name: belt of transcendence
slot: waist
intelligence: 26
stamina: 14
spirit: 9
sp_healing: 26
shadow_res: 10
armor: 65
 ----------------------------
 --- legs --- 
name: empowered leggings
slot: legs
intelligence: 12
stamina: 12
spirit: 24
sp_healing: 77
spell_crit: 1
armor: 103
 ----------------------------
 --- feet --- 
name: boots of pure thought
slot: feet
intelligence: 12
stamina: 8
spirit: 12
sp_healing: 62
armor: 74
 ----------------------------
 --- finger --- 
name: cauterizing band
slot: finger
intelligence: 12
stamina: 9
sp_healing: 46
 ----------------------------
 --- finger --- 
name: pure elementium band
slot: finger
intelligence: 10
stamina: 9
spirit: 10
sp_healing: 53
 ----------------------------
 --- trinket --- 
name: darkmoon card: blue dragon
slot: trinket
 ----------------------------
 --- trinket --- 
name: rejuvenating gem
slot: trinket
sp_healing: 66
mp5: 9
 ----------------------------
 --- Set bonuses ---
name: darkmoon 1 transcendence 3 
slot: Set bonuses
------------------
Best value: 527.683
------------------
Char stats: 
Effective hp: 7022.6
Effective mana: 11197.4
Raw max mana: 7537.6
Int: 397.2
Stam: 290.2
Spirit: 329.2
Strength: 50.2
Agility: 54.2
Mp5: 58.8
Sp: 84
Sp shadow: 0
Sp healing: 664
Spell crit: 2
Spell hit: 0
Arcane res: 27
Nature res: 37
Fire res: 57
Frost res: 37
Shadow res: 37
Armor: 2917.75
Defense: 300
Dodge: 0
Parry: 0
HpsPvp: 1036.44
ShadowDps: 206.58
Value pvp healing: 787.516
Value pvp shadow: 31.2856
------------------
Best counts:
For 60 s fights:
    casts: 14, ticks: 2, ticks_oom: 0
    Heal, rank: 2, count: 0
    Heal, rank: 4, count: 0
    Greater Heal, rank: 1, count: 7
    Greater Heal, rank: 4, count: 2
    Flash Heal, rank: 7, count: 0
    Renew, rank: 10, count: 2
    Prayer of Healing, rank: 5, count: 0
    pve info: 1
    hps: 858.681
For 120 s fights:
    casts: 19, ticks: 5, ticks_oom: 0
    Heal, rank: 2, count: 3
    Heal, rank: 4, count: 0
    Greater Heal, rank: 1, count: 2
    Greater Heal, rank: 4, count: 0
    Flash Heal, rank: 7, count: 0
    Renew, rank: 10, count: 1
    Prayer of Healing, rank: 5, count: 0
    pve info: 1
    hps: 578.757
For 180 s fights:
    casts: 20, ticks: 9, ticks_oom: 0
    Heal, rank: 2, count: 8
    Heal, rank: 4, count: 0
    Greater Heal, rank: 1, count: 2
    Greater Heal, rank: 4, count: 0
    Flash Heal, rank: 7, count: 0
    Renew, rank: 10, count: 1
    Prayer of Healing, rank: 5, count: 0
    pve info: 1
    hps: 486.242
For 240 s fights:
    casts: 14, ticks: 10, ticks_oom: 0
    Heal, rank: 2, count: 19
    Heal, rank: 4, count: 0
    Greater Heal, rank: 1, count: 0
    Greater Heal, rank: 4, count: 1
    Flash Heal, rank: 7, count: 0
    Renew, rank: 10, count: 2
    Prayer of Healing, rank: 5, count: 0
    pve info: 1
    hps: 434.149
For 300 s fights:
    casts: 18, ticks: 10, ticks_oom: 0
    Heal, rank: 2, count: 10
    Heal, rank: 4, count: 0
    Greater Heal, rank: 1, count: 0
    Greater Heal, rank: 4, count: 0
    Flash Heal, rank: 7, count: 0
    Renew, rank: 10, count: 0
    Prayer of Healing, rank: 5, count: 0
    pve info: 1
    hps: 405.719
For 360 s fights:
    casts: 12, ticks: 9, ticks_oom: 0
    Heal, rank: 2, count: 20
    Heal, rank: 4, count: 0
    Greater Heal, rank: 1, count: 0
    Greater Heal, rank: 4, count: 0
    Flash Heal, rank: 7, count: 0
    Renew, rank: 10, count: 2
    Prayer of Healing, rank: 5, count: 0
    pve info: 1
    hps: 381.726
------------------
Upgrades: 
(0) -> lok'amir il romathis(45.386) : 45.386 = +9.43775%
(0) -> lei of the lifegiver(20.7056) : 20.7056 = +4.09543%
burial shawl(14.7971) -> pauldrons of transcendence(32.4065) : 17.6094 = +3.46181%
royal seal of eldre'thalas(15.745) -> rejuvenating gem(33.185) : 17.4399 = +3.42736%
magister's robes(27.2216) -> robes of transcendence(44.1119) : 16.8903 = +3.31576%
briarwood reed(8.11374) -> darkmoon card: blue dragon(24.1864) : 16.0727 = +3.1502%
dragonrider boots(22.25) -> boots of pure thought(36.6139) : 14.3639 = +2.80588%
fordring's seal(18.0248) -> pure elementium band(30.7637) : 12.7389 = +2.48058%
sublime wristguards(15.8074) -> bindings of transcendence(27.7634) : 11.9559 = +2.32457%
pants of prophecy(33.7621) -> empowered leggings(44.4218) : 10.6597 = +2.06734%
animated chain necklace(11.7447) -> pendant of the fallen dragon(22.1534) : 10.4087 = +2.01767%
shadowy laced handwraps(21.9012) -> handguards of transcendence(32.1406) : 10.2394 = +1.9842%
hide of the wild(20.0959) -> shroud of pure thought(27.6018) : 7.50592 = +1.44685%
dragon finger of intellect(6.96527) -> essence gatherer(14.21) : 7.24475 = +1.3958%
rosewine circle(16.6663) -> cauterizing band(23.8254) : 7.15912 = +1.37907%
girdle of prophecy(28.231) -> belt of transcendence(32.0679) : 3.83685 = +0.7344%
halo of transcendence(45.5161) -> halo of transcendence(45.5161) : 0 = +0%
benediction(45.2822) -> (0) : -45.2822 = +-7.92248%
------------------
~~~~ end of intermediate results ~~~~
Temporary bans and partial set bonuses on.
..........
*** NEW BEST (1): 527.247
Current relative stat values for matching or exceeding +50 pts of sp
int: 66.2616
spi: 52.1729
sta: 0
agi: 0
mp5: 172.613
sp: 100
sp_shadow: 0
sp_healing: 100
spell crit: 299.667
spell hit: 0
arcane res: 0
nature res: 0
fire res: 0
frost res: 0
shadow res: 0
armor: 0
defense: 0
dodge: 0
parry: 0
..................Temporary bans and partial set bonuses off.
.shoulders : mantle of the blackwing cabal -> pauldrons of transcendence => val: 520.063 -> 522.575
.neck : pendant of the fallen dragon -> choker of enlightenment => val: 523.208 -> 523.26
...Copied previous best.
.
*** NEW BEST (0): 527.247
Current relative stat values for matching or exceeding +50 pts of sp
int: 66.2616
spi: 52.1729
sta: 0
agi: 0
mp5: 172.613
sp: 100
sp_shadow: 0
sp_healing: 100
spell crit: 299.667
spell hit: 0
arcane res: 0
nature res: 0
fire res: 0
frost res: 0
shadow res: 0
armor: 0
defense: 0
dodge: 0
parry: 0
...... ----------------------------
 --- head --- 
name: halo of transcendence
slot: head
intelligence: 27
stamina: 17
spirit: 22
sp_healing: 48
fire_res: 10
frost_res: 10
armor: 94
 ----------------------------
 --- neck --- 
name: choker of the fire lord
slot: neck
intelligence: 7
stamina: 7
sp: 34
 ----------------------------
 --- shoulders --- 
name: pauldrons of transcendence
slot: shoulders
intelligence: 25
stamina: 12
spirit: 13
sp_healing: 26
fire_res: 10
armor: 87
 ----------------------------
 --- back --- 
name: shroud of pure thought
slot: back
intelligence: 11
stamina: 10
sp_healing: 33
mp5: 6
armor: 57
 ----------------------------
 --- chest --- 
name: robes of transcendence
slot: chest
intelligence: 27
stamina: 17
spirit: 16
sp_healing: 57
nature_res: 10
fire_res: 10
armor: 116
 ----------------------------
 --- wrists --- 
name: bindings of transcendence
slot: wrists
intelligence: 13
stamina: 9
spirit: 16
sp_healing: 33
armor: 51
 ----------------------------
 ---  --- 
name: 
slot: 
 ----------------------------
 --- main hand --- 
name: lok'amir il romathis
slot: main hand
intelligence: 18
stamina: 10
spirit: 8
sp: 84
 ----------------------------
 ---  --- 
name: 
slot: 
 ----------------------------
 --- off hand --- 
name: lei of the lifegiver
slot: off hand
sp_healing: 53
mp5: 3
 ----------------------------
 --- ranged --- 
name: essence gatherer
slot: ranged
intelligence: 7
stamina: 5
mp5: 5
 ----------------------------
 --- hands --- 
name: gloves of prophecy
slot: hands
intelligence: 15
stamina: 10
spirit: 15
sp_healing: 18
mp5: 6
fire_res: 7
armor: 63
 ----------------------------
 --- waist --- 
name: belt of transcendence
slot: waist
intelligence: 26
stamina: 14
spirit: 9
sp_healing: 26
shadow_res: 10
armor: 65
 ----------------------------
 --- legs --- 
name: empowered leggings
slot: legs
intelligence: 12
stamina: 12
spirit: 24
sp_healing: 77
spell_crit: 1
armor: 103
 ----------------------------
 --- feet --- 
name: boots of pure thought
slot: feet
intelligence: 12
stamina: 8
spirit: 12
sp_healing: 62
armor: 74
 ----------------------------
 --- finger --- 
name: cauterizing band
slot: finger
intelligence: 12
stamina: 9
sp_healing: 46
 ----------------------------
 --- finger --- 
name: pure elementium band
slot: finger
intelligence: 10
stamina: 9
spirit: 10
sp_healing: 53
 ----------------------------
 --- trinket --- 
name: darkmoon card: blue dragon
slot: trinket
 ----------------------------
 --- trinket --- 
name: rejuvenating gem
slot: trinket
sp_healing: 66
mp5: 9
 ----------------------------
 --- Set bonuses ---
name: darkmoon 1 transcendence 3 
slot: Set bonuses
------------------
Char stats: 
Effective hp: 6987.2
Effective mana: 11000.5
Raw max mana: 7387.6
Int: 387.2
Stam: 286.2
Spirit: 331.2
Strength: 50.2
Agility: 54.2
Mp5: 55.8
Sp: 118
Sp shadow: 0
Sp healing: 653
Spell crit: 1
Spell hit: 0
Arcane res: 27
Nature res: 37
Fire res: 64
Frost res: 37
Shadow res: 37
Armor: 2908.75
Defense: 300
Dodge: 0
Parry: 0
HpsPvp: 1048.49
ShadowDps: 227.845
Value pvp healing: 763.778
Value pvp shadow: 36.0676
------------------
Best counts:
For 60 s fights:
    casts: 15, ticks: 1, ticks_oom: 0
    Heal, rank: 2, count: 1
    Heal, rank: 4, count: 0
    Greater Heal, rank: 1, count: 7
    Greater Heal, rank: 4, count: 2
    Flash Heal, rank: 7, count: 0
    Renew, rank: 10, count: 2
    Prayer of Healing, rank: 5, count: 0
    pve info: 1
    hps: 840.677
For 120 s fights:
    casts: 19, ticks: 2, ticks_oom: 0
    Heal, rank: 2, count: 5
    Heal, rank: 4, count: 0
    Greater Heal, rank: 1, count: 0
    Greater Heal, rank: 4, count: 0
    Flash Heal, rank: 7, count: 0
    Renew, rank: 10, count: 1
    Prayer of Healing, rank: 5, count: 0
    pve info: 1
    hps: 591.202
For 180 s fights:
    casts: 20, ticks: 9, ticks_oom: 0
    Heal, rank: 2, count: 8
    Heal, rank: 4, count: 0
    Greater Heal, rank: 1, count: 1
    Greater Heal, rank: 4, count: 0
    Flash Heal, rank: 7, count: 0
    Renew, rank: 10, count: 1
    Prayer of Healing, rank: 5, count: 0
    pve info: 1
    hps: 485.922
For 240 s fights:
    casts: 14, ticks: 10, ticks_oom: 0
    Heal, rank: 2, count: 18
    Heal, rank: 4, count: 0
    Greater Heal, rank: 1, count: 0
    Greater Heal, rank: 4, count: 0
    Flash Heal, rank: 7, count: 0
    Renew, rank: 10, count: 3
    Prayer of Healing, rank: 5, count: 0
    pve info: 1
    hps: 437.635
For 300 s fights:
    casts: 18, ticks: 10, ticks_oom: 0
    Heal, rank: 2, count: 10
    Heal, rank: 4, count: 0
    Greater Heal, rank: 1, count: 0
    Greater Heal, rank: 4, count: 0
    Flash Heal, rank: 7, count: 0
    Renew, rank: 10, count: 0
    Prayer of Healing, rank: 5, count: 0
    pve info: 0.997351
    hps: 402.702
For 360 s fights:
    casts: 12, ticks: 9, ticks_oom: 0
    Heal, rank: 2, count: 24
    Heal, rank: 4, count: 0
    Greater Heal, rank: 1, count: 0
    Greater Heal, rank: 4, count: 0
    Flash Heal, rank: 7, count: 0
    Renew, rank: 10, count: 2
    Prayer of Healing, rank: 5, count: 0
    pve info: 1
    hps: 382.715
------------------
Current relative stat values for matching or exceeding +50 pts of sp
int: 66.2616
spi: 52.1729
sta: 0
agi: 0
mp5: 172.613
sp: 100
sp_shadow: 0
sp_healing: 100
spell crit: 299.667
spell hit: 0
arcane res: 0
nature res: 0
fire res: 0
frost res: 0
shadow res: 0
armor: 0
defense: 0
dodge: 0
parry: 0
------------------
Diffs to start: 
Upgrades: 
(0) -> lok'amir il romathis(38.6915) : 38.6915 = +7.91957%
(0) -> lei of the lifegiver(20.9403) : 20.9403 = +4.13589%
magister's robes(26.2828) -> robes of transcendence(44.4854) : 18.2026 = +3.57583%
royal seal of eldre'thalas(13.524) -> rejuvenating gem(30.9833) : 17.4594 = +3.42483%
dragonrider boots(16.5892) -> boots of pure thought(31.5489) : 14.9597 = +2.92018%
briarwood reed(8.48465) -> darkmoon card: blue dragon(22.1608) : 13.6761 = +2.66295%
shadowy laced handwraps(15.2072) -> gloves of prophecy(27.9153) : 12.7082 = +2.46982%
fordring's seal(15.1885) -> pure elementium band(27.5082) : 12.3196 = +2.3925%
sublime wristguards(13.1001) -> bindings of transcendence(25.4008) : 12.3007 = +2.38873%
pants of prophecy(30.2563) -> empowered leggings(42.3427) : 12.0864 = +2.34613%
burial shawl(21.0346) -> pauldrons of transcendence(32.8672) : 11.8326 = +2.29574%
rosewine circle(15.9748) -> cauterizing band(23.1305) : 7.15576 = +1.37587%
dragon finger of intellect(4.24609) -> essence gatherer(10.7277) : 6.48157 = +1.24462%
hide of the wild(19.2326) -> shroud of pure thought(25.1057) : 5.87311 = +1.12647%
girdle of prophecy(27.9056) -> belt of transcendence(31.2648) : 3.35919 = +0.641204%
animated chain necklace(11.697) -> choker of the fire lord(14.8668) : 3.16974 = +0.604822%
halo of transcendence(42.8687) -> halo of transcendence(42.8687) : 0 = +0%
benediction(43.5471) -> (0) : -43.5471 = +-7.6292%
- - - - - - - - - - - - - - - - - - - - - - - - - - - - - - - - -
| Upgrades at best in slot level, from start item to candidate: |
. . . . . . . . . . . . . . . . . . . . . . . . . . . . . . . . .
- . - ' - . - ' - . - ' - . - ' - . - ' - . -
head, halo of transcendence (42.8687) -> :
- . - ' - . - ' - . - ' - . - ' - . - ' - . -
neck, animated chain necklace (11.697) -> :
    choker of the fire lord (14.8668) : +0.604822 %, from: mc
    choker of enlightenment (12.6828) : +0.188098 %, from: mc
- . - ' - . - ' - . - ' - . - ' - . - ' - . -
shoulders, burial shawl (21.0346) -> :
    pauldrons of transcendence (32.8672) : +2.29574 %, from: bwl
    mantle of prophecy (26.3007) : +1.02171 %, from: mc
    mantle of the blackwing cabal (25.2041) : +0.808959 %, from: bwl
    sunderseer mantle (21.2186) : +0.0357035 %, from: pre-raid
- . - ' - . - ' - . - ' - . - ' - . - ' - . -
back, hide of the wild (19.2326) -> :
    shroud of pure thought (25.1057) : +1.12647 %, from: bwl
- . - ' - . - ' - . - ' - . - ' - . - ' - . -
chest, magister's robes (26.2828) -> :
    robes of transcendence (44.4854) : +3.57583 %, from: bwl
    robes of prophecy (34.2635) : +1.56778 %, from: mc
    truefaith vestments (33.37) : +1.39225 %, from: tailoring bop
    robes of the exalted (31.2761) : +0.980913 %, from: pre-raid
    devout robe (26.5784) : +0.0580622 %, from: pre-raid
- . - ' - . - ' - . - ' - . - ' - . - ' - . -
wrists, sublime wristguards (13.1001) -> :
    bindings of transcendence (25.4008) : +2.38872 %, from: bwl
    vambraces of prophecy (23.3724) : +1.99482 %, from: mc
    flarecore wraps (17.1569) : +0.787803 %, from: tailoring boe
    bracers of arcane accuracy (14.5046) : +0.272755 %, from: bwl
    magister's bindings (13.4083) : +0.0598562 %, from: pre-raid
- . - ' - . - ' - . - ' - . - ' - . - ' - . -
two-hand, benediction (43.5471) -> :
    lok'amir il romathis and lei of the lifegiver (49.2453) : +0.9983 %, from: bwl, av rep
- . - ' - . - ' - . - ' - . - ' - . - ' - . -
ranged, dragon finger of intellect (4.24609) -> :
    essence gatherer (10.7277) : +1.24462 %, from: bwl
    dragon's touch (10.3168) : +1.16572 %, from: bwl
    oblivion's touch (8.34509) : +0.78711 %, from: pre-raid
    lunar wand of healing (5.98523) : +0.333957 %, from: random green
    lunar wand of the owl (5.49768) : +0.240336 %, from: random green
    bonecreeper stylus (5.44708) : +0.23062 %, from: pre-raid
    dragon finger of healing (5.38654) : +0.218993 %, from: random green
    crimson shocker (5.34424) : +0.210871 %, from: mc
    lunar wand of intellect (4.49603) : +0.0479945 %, from: random green
    mana channeling wand (4.47302) : +0.043576 %, from: pre-raid
- . - ' - . - ' - . - ' - . - ' - . - ' - . -
hands, shadowy laced handwraps (15.2072) -> :
    gloves of prophecy (27.9153) : +2.46982 %, from: mc
    handguards of transcendence (25.6646) : +2.03238 %, from: bwl
    hands of the exalted herald (21.6273) : +1.24775 %, from: pre-raid
    gloves of rapid evolution (18.4127) : +0.622998 %, from: bwl
    atal'ai hands of healing (15.4036) : +0.0381722 %, from: sunken temple
- . - ' - . - ' - . - ' - . - ' - . - ' - . -
waist, girdle of prophecy (27.9056) -> :
    belt of transcendence (31.2648) : +0.641204 %, from: bwl
- . - ' - . - ' - . - ' - . - ' - . - ' - . -
legs, pants of prophecy (30.2563) -> :
    empowered leggings (42.3427) : +2.34613 %, from: bwl
    leggings of transcendence (37.6972) : +1.44439 %, from: mc
    padre's trousers (32.0357) : +0.34541 %, from: pre-raid
- . - ' - . - ' - . - ' - . - ' - . - ' - . -
feet, dragonrider boots (16.5892) -> :
    boots of pure thought (31.5489) : +2.92018 %, from: bwl
    boots of transcendence (25.6552) : +1.7697 %, from: bwl
    boots of prophecy (20.5985) : +0.782634 %, from: mc
    boots of the full moon (19.6619) : +0.59981 %, from: pre-raid
    shimmering geta (18.5591) : +0.384544 %, from: bwl
- . - ' - . - ' - . - ' - . - ' - . - ' - . -
finger, rosewine circle (15.9748) -> :
    pure elementium band (26.9919) : +2.11831 %, from: bwl
    cauterizing band (23.1305) : +1.37587 %, from: mc
    ring of blackrock (17.3789) : +0.269974 %, from: bwl
- . - ' - . - ' - . - ' - . - ' - . - ' - . -
finger 2, fordring's seal (15.1885) -> :
    pure elementium band (27.5082) : +2.3925 %, from: bwl
    cauterizing band (23.4033) : +1.59533 %, from: mc
    ring of blackrock (18.5595) : +0.65465 %, from: bwl
    rosewine circle (16.2222) : +0.200733 %, from: pre-raid
    band of forced concentration (15.8551) : +0.129448 %, from: bwl
- . - ' - . - ' - . - ' - . - ' - . - ' - . -
trinket, briarwood reed (8.48465) -> :
    rejuvenating gem (33.5234) : +4.87542 %, from: bwl
    darkmoon card: blue dragon (22.1608) : +2.66295 %, from: 
    shard of the scale (19.7794) : +2.19925 %, from: onyxia
    mindtap talisman (15.4687) : +1.35989 %, from: pre-raid
    royal seal of eldre'thalas (13.6308) : +1.00204 %, from: pre-raid
    neltharion's tear (12.6174) : +0.804709 %, from: bwl
- . - ' - . - ' - . - ' - . - ' - . - ' - . -
trinket 2, royal seal of eldre'thalas (13.524) -> :
    shard of the scale (15.0767) : +0.304578 %, from: onyxia
------------------
- - - - - - - - - - - - - - - - - - - - - - - - - - - - - -
| Upgrades at start level, from start item to candidate:  |
. . . . . . . . . . . . . . . . . . . . . . . . . . . . . .
- . - ' - . - ' - . - ' - . - ' - . - ' - . -
head, halo of transcendence (35.0186) -> :
- . - ' - . - ' - . - ' - . - ' - . - ' - . -
neck, animated chain necklace (8.87616) -> :
    choker of the fire lord (10.7118) : +0.474402 %, from: mc
    pendant of the fallen dragon (10.6659) : +0.46254 %, from: bwl
    choker of enlightenment (10.013) : +0.293809 %, from: mc
- . - ' - . - ' - . - ' - . - ' - . - ' - . -
shoulders, burial shawl (18.1768) -> :
    pauldrons of transcendence (25.3149) : +1.84474 %, from: bwl
    mantle of the blackwing cabal (21.5179) : +0.863445 %, from: bwl
    mantle of prophecy (20.2108) : +0.525667 %, from: mc
    sunderseer mantle (18.3197) : +0.0369184 %, from: pre-raid
- . - ' - . - ' - . - ' - . - ' - . - ' - . -
back, hide of the wild (16.5284) -> :
    shroud of pure thought (19.4627) : +0.758321 %, from: bwl
- . - ' - . - ' - . - ' - . - ' - . - ' - . -
chest, magister's robes (21.9861) -> :
    robes of transcendence (36.0466) : +3.63373 %, from: bwl
    robes of prophecy (27.8025) : +1.50315 %, from: mc
    truefaith vestments (23.3791) : +0.35998 %, from: tailoring bop
- . - ' - . - ' - . - ' - . - ' - . - ' - . -
wrists, sublime wristguards (10.8918) -> :
    bindings of transcendence (19.5428) : +2.23574 %, from: bwl
    vambraces of prophecy (17.9754) : +1.83066 %, from: mc
    flarecore wraps (13.0512) : +0.558066 %, from: tailoring boe
    bracers of arcane accuracy (12.7488) : +0.479915 %, from: bwl
- . - ' - . - ' - . - ' - . - ' - . - ' - . -
two-hand, benediction (48.8703) -> :
- . - ' - . - ' - . - ' - . - ' - . - ' - . -
ranged, dragon finger of intellect (6.14102) -> :
    essence gatherer (10.0984) : +1.02274 %, from: bwl
    dragon's touch (9.11243) : +0.76792 %, from: bwl
    oblivion's touch (7.39822) : +0.324907 %, from: pre-raid
    crimson shocker (7.00565) : +0.22345 %, from: mc
    lunar wand of the owl (6.90543) : +0.19755 %, from: random green
    mana channeling wand (6.81531) : +0.17426 %, from: pre-raid
    lunar wand of intellect (6.59616) : +0.117625 %, from: random green
    bonecreeper stylus (6.47479) : +0.0862586 %, from: pre-raid
- . - ' - . - ' - . - ' - . - ' - . - ' - . -
hands, shadowy laced handwraps (17.8679) -> :
    gloves of prophecy (26.187) : +2.14996 %, from: mc
    handguards of transcendence (26.0056) : +2.10309 %, from: bwl
    hands of the exalted herald (22.3372) : +1.15502 %, from: pre-raid
    gloves of rapid evolution (19.1863) : +0.340728 %, from: bwl
- . - ' - . - ' - . - ' - . - ' - . - ' - . -
waist, girdle of prophecy (24.8692) -> :
    belt of transcendence (26.1641) : +0.334655 %, from: bwl
- . - ' - . - ' - . - ' - . - ' - . - ' - . -
legs, pants of prophecy (32.119) -> :
    leggings of transcendence (37.8384) : +1.47812 %, from: mc
- . - ' - . - ' - . - ' - . - ' - . - ' - . -
feet, dragonrider boots (17.7133) -> :
    boots of pure thought (29.4493) : +3.03301 %, from: bwl
    boots of transcendence (25.7346) : +2.073 %, from: bwl
    shimmering geta (22.072) : +1.12646 %, from: bwl
    boots of prophecy (21.6115) : +1.00745 %, from: mc
    boots of the full moon (20.1782) : +0.637021 %, from: pre-raid
- . - ' - . - ' - . - ' - . - ' - . - ' - . -
finger, rosewine circle (12.2599) -> :
    pure elementium band (19.6157) : +1.90101 %, from: bwl
    cauterizing band (16.6727) : +1.14044 %, from: mc
    ring of blackrock (13.5428) : +0.331571 %, from: bwl
    band of sulfuras (12.3577) : +0.0252931 %, from: mc
- . - ' - . - ' - . - ' - . - ' - . - ' - . -
finger 2, fordring's seal (11.0902) -> :
    pure elementium band (19.1147) : +2.07383 %, from: bwl
    cauterizing band (16.7001) : +1.44979 %, from: mc
    rosewine circle (12.0355) : +0.24428 %, from: pre-raid
    ring of blackrock (11.5182) : +0.110597 %, from: bwl
- . - ' - . - ' - . - ' - . - ' - . - ' - . -
trinket, briarwood reed (6.92044) -> :
    rejuvenating gem (22.4179) : +4.00512 %, from: bwl
    royal seal of eldre'thalas (11.5864) : +1.20586 %, from: pre-raid
    shard of the scale (10.7087) : +0.979035 %, from: onyxia
    neltharion's tear (10.5001) : +0.92512 %, from: bwl
    darkmoon card: blue dragon (9.57034) : +0.684832 %, from: 
    mindtap talisman (7.80185) : +0.227788 %, from: pre-raid
- . - ' - . - ' - . - ' - . - ' - . - ' - . -
trinket 2, royal seal of eldre'thalas (12.0136) -> :
    rejuvenating gem (23.8183) : +3.05075 %, from: bwl
    shard of the scale (12.3334) : +0.0826385 %, from: onyxia
-- Stat values at start item level: --
Current relative stat values for matching or exceeding +50 pts of sp
int: 273.849
spi: 121.129
sta: 0
agi: 0
mp5: 510.82
sp: 114.553
sp_shadow: 0
sp_healing: 114.553
spell crit: 287.215
spell hit: 0
arcane res: 0
nature res: 0
fire res: 0
frost res: 0
shadow res: 0
armor: 0
defense: 0
dodge: 0
parry: 0
------------------
Best value: 527.247
