Your call: ./css 5 ../items/more_raid.csv -b 0.2 -r 0.4 
Found: -b, val: 0.2
./css 5 ../items/more_raid.csv -r 0.4 
Found: -r, val: 0.4
./css 5 ../items/more_raid.csv 
Shuffle seed: 281734073
Reading tmp locked from: start_with.txt
Locking: anastari heirloom
Locking: animated chain necklace
Locking: argent crusader
Locking: atal'ai gloves of the owl
Locking: banshee finger
Locking: blood of the martyr
Locking: briarwood reed
Locking: burial shawl
Locking: crimson felt hat
Locking: cyclopean band
Locking: devout belt
Locking: devout bracers
Locking: devout crown
Locking: devout mantle
Locking: devout robe
Locking: devout sandals
Locking: devout skirt
Locking: dragon finger of intellect
Locking: dragonslayer's signet
Locking: drakefire amulet
Locking: dreadmist mantle
Locking: dreamweave circlet
Locking: dreamweave gloves
Locking: dreamweave vest
Locking: eye of the beast
Locking: fordring's seal
Locking: grimgore noose
Locking: halo of transcendence
Locking: heart of the fiend
Locking: hide of the wild
Locking: kentic amice
Locking: magister's robes
Locking: maleki's footwraps
Locking: nature's breath
Locking: necropile boots
Locking: necropile cuffs
Locking: necropile mantle
Locking: noxious shooter
Locking: omnicast boots
Locking: orb of the forgotten seer
Locking: padre's trousers
Locking: penelope's rose
Locking: quel'dorai channeling rod
Locking: raincaster drape
Locking: rainstrider leggings
Locking: ring of demonic guile
Locking: ring of demonic guile
Locking: robes of the royal crown
Locking: rod of corrosion
Locking: rosewine circle
Locking: royal seal of eldre'thalas
Locking: royal tribunal cloak
Locking: sarah's guide
Locking: seal of rivendare
Locking: seal of rivendare
Locking: shadowy laced handwraps
Locking: silkweb gloves
Locking: soulstealer mantle
Locking: spellbound tome
Locking: spritecaster cape
Locking: starfire tiara
Locking: the hammer of grace
Locking: the postmaster's treads
Locking: thuzadin sash
Locking: triune amulet
Locking: vinerot sandals
Locking: wolfshear leggings
Locking: pants of prophecy
Optimizing start items...
[Perf] spent in FindBestPveHealingCounts: 0.0308059 s, that's: 100.002 % of total.

*** NEW BEST: 132.832 ***

*** NEW BEST: 140.243 ***

*** NEW BEST: 150.672 ***

*** NEW BEST: 160.015 ***

*** NEW BEST: 169.534 ***

*** NEW BEST: 192.215 ***

*** NEW BEST: 198.058 ***

*** NEW BEST: 205.535 ***

*** NEW BEST: 214.995 ***

*** NEW BEST: 223.632 ***

*** NEW BEST: 232.225 ***

*** NEW BEST: 243.721 ***

*** NEW BEST: 249.733 ***

*** NEW BEST: 257.297 ***

*** NEW BEST: 271.071 ***

*** NEW BEST: 274.481 ***
*
best val: 274.481

*** NEW BEST: 274.646 ***
*
best val: 274.646
*
best val: 274.646
*
best val: 274.646
*
best val: 274.646

Read starting items and cleared locks.
 ----------------------------
 --- head --- 
name: halo of transcendence
slot: head
intelligence: 27
stamina: 17
spirit: 22
sp_healing: 48
fire_res: 10
frost_res: 10
armor: 94
 ----------------------------
 --- neck --- 
name: animated chain necklace
slot: neck
stamina: 7
spirit: 6
sp_healing: 33
 ----------------------------
 --- shoulders --- 
name: devout mantle
slot: shoulders
intelligence: 21
stamina: 4
spirit: 9
armor: 64
 ----------------------------
 --- back --- 
name: hide of the wild
slot: back
intelligence: 10
stamina: 8
sp_healing: 42
armor: 48
 ----------------------------
 --- chest --- 
name: devout robe
slot: chest
intelligence: 24
stamina: 13
spirit: 15
armor: 89
 ----------------------------
 --- wrists --- 
name: devout bracers
slot: wrists
intelligence: 10
stamina: 7
spirit: 10
armor: 35
 ----------------------------
 --- two-hand --- 
name: quel'dorai channeling rod
slot: two-hand
intelligence: 18
stamina: 8
spirit: 8
mp5: 8
 ----------------------------
 ---  --- 
name: 
slot: 
 ----------------------------
 ---  --- 
name: 
slot: 
 ----------------------------
 ---  --- 
name: 
slot: 
 ----------------------------
 --- ranged --- 
name: dragon finger of intellect
slot: ranged
intelligence: 8
 ----------------------------
 --- hands --- 
name: shadowy laced handwraps
slot: hands
intelligence: 15
mp5: 5
shadow_res: 12
armor: 53
 ----------------------------
 --- waist --- 
name: thuzadin sash
slot: waist
intelligence: 12
stamina: 11
spirit: 11
sp: 11
armor: 49
 ----------------------------
 --- legs --- 
name: pants of prophecy
slot: legs
intelligence: 24
stamina: 18
spirit: 20
sp_healing: 22
mp5: 6
shadow_res: 10
armor: 89
 ----------------------------
 --- feet --- 
name: devout sandals
slot: feet
intelligence: 10
stamina: 9
spirit: 17
armor: 58
 ----------------------------
 --- finger --- 
name: fordring's seal
slot: finger
intelligence: 5
stamina: 4
sp_healing: 37
 ----------------------------
 --- finger --- 
name: rosewine circle
slot: finger
sp_healing: 29
mp5: 5
 ----------------------------
 --- trinket --- 
name: briarwood reed
slot: trinket
sp: 29
 ----------------------------
 --- trinket --- 
name: royal seal of eldre'thalas
slot: trinket
sp_healing: 33
mp5: 4
 ----------------------------
 --- Set bonuses ---
name: devout 2 devout 4 
slot: Set bonuses
sp: 23
armor: 200
 --- And counts for start items ---
For 120 s fights:
    casts: 7, ticks: 9, ticks_oom: 0
    Heal, rank: 2, count: 0
    Heal, rank: 4, count: 0
    Greater Heal, rank: 1, count: 3
    Greater Heal, rank: 4, count: 0
    Flash Heal, rank: 7, count: 0
    Renew, rank: 10, count: 0
    Prayer of Healing, rank: 5, count: 0
    pve info: 1
    hps: 361.096
For 180 s fights:
    casts: 5, ticks: 8, ticks_oom: 0
    Heal, rank: 2, count: 0
    Heal, rank: 4, count: 0
    Greater Heal, rank: 1, count: 8
    Greater Heal, rank: 4, count: 1
    Flash Heal, rank: 7, count: 0
    Renew, rank: 10, count: 0
    Prayer of Healing, rank: 5, count: 0
    pve info: 1
    hps: 293.655
For 240 s fights:
    casts: 7, ticks: 10, ticks_oom: 0
    Heal, rank: 2, count: 4
    Heal, rank: 4, count: 0
    Greater Heal, rank: 1, count: 2
    Greater Heal, rank: 4, count: 0
    Flash Heal, rank: 7, count: 0
    Renew, rank: 10, count: 0
    Prayer of Healing, rank: 5, count: 0
    pve info: 1
    hps: 261.477
For 300 s fights:
    casts: 8, ticks: 10, ticks_oom: 5
    Heal, rank: 2, count: 17
    Heal, rank: 4, count: 0
    Greater Heal, rank: 1, count: 2
    Greater Heal, rank: 4, count: 0
    Flash Heal, rank: 7, count: 0
    Renew, rank: 10, count: 0
    Prayer of Healing, rank: 5, count: 0
    pve info: 0.998667
    hps: 235.559
For 360 s fights:
    casts: 7, ticks: 10, ticks_oom: 0
    Heal, rank: 2, count: 4
    Heal, rank: 4, count: 0
    Greater Heal, rank: 1, count: 1
    Greater Heal, rank: 4, count: 0
    Flash Heal, rank: 7, count: 0
    Renew, rank: 10, count: 0
    Prayer of Healing, rank: 5, count: 0
    pve info: 0.998889
    hps: 221.443
.
*** NEW BEST: 276.7 ***

*** NEW BEST: 280.14 ***

*** NEW BEST: 281.487 ***

*** NEW BEST: 299.233 ***

*** NEW BEST: 306.305 ***

*** NEW BEST: 307.946 ***

*** NEW BEST: 313.684 ***

*** NEW BEST: 315.246 ***

*** NEW BEST: 320.353 ***

*** NEW BEST: 328.438 ***

*** NEW BEST: 329.495 ***

*** NEW BEST: 334.312 ***
.
*** NEW BEST: 334.896 ***

*** NEW BEST: 342.489 ***
....
*** NEW BEST: 342.994 ***
.......
*** NEW BEST: 343.469 ***
..
*** NEW BEST: 343.478 ***
..
*** NEW BEST: 343.86 ***
..................................................
*** NEW BEST: 343.987 ***
...............
*** NEW BEST: 344.126 ***
.........................
*** NEW BEST: 345.59 ***
.........................................
*** NEW BEST: 345.697 ***
............
*** NEW BEST: 345.998 ***
[Perf] spent in FindBestPveHealingCounts: 14.8154 s, that's: 61.4159 % of total.
.....................................................................................................Temporary bans and partial set bonuses off.
.head : circlet of prophecy -> halo of transcendence => val: 336.184 -> 343.687

*** NEW BEST: 343.687 ***
Current relative stat values for matching or exceeding +50 pts of sp
int: 136.324
spi: 96.1725
sta: 0
agi: 0
mp5: 360.87
sp: 100
sp_shadow: 0
sp_healing: 100
spell crit: 321.773
spell hit: 0
arcane res: 0
nature res: 0
fire res: 0
frost res: 0
shadow res: 0
armor: 0
defense: 0
dodge: 0
parry: 0
Temporary bans and partial set bonuses on.
.....
*** NEW BEST: 343.802 ***
..
*** NEW BEST: 344.625 ***
...........
*** NEW BEST: 344.852 ***
.....
*** NEW BEST: 345.474 ***
.................................................................Temporary bans and partial set bonuses off.
.
*** NEW BEST: 343.647 ***
Current relative stat values for matching or exceeding +50 pts of sp
int: 139.519
spi: 100.34
sta: 0
agi: 0
mp5: 368.92
sp: 100
sp_shadow: 0
sp_healing: 100
spell crit: 323.76
spell hit: 0
arcane res: 0
nature res: 0
fire res: 0
frost res: 0
shadow res: 0
armor: 0
defense: 0
dodge: 0
parry: 0
waist : whipvine cord -> girdle of prophecy => val: 343.647 -> 343.662

*** NEW BEST: 343.684 ***
Current relative stat values for matching or exceeding +50 pts of sp
int: 136.197
spi: 96.0825
sta: 0
agi: 0
mp5: 360.531
sp: 100
sp_shadow: 0
sp_healing: 100
spell crit: 321.456
spell hit: 0
arcane res: 0
nature res: 0
fire res: 0
frost res: 0
shadow res: 0
armor: 0
defense: 0
dodge: 0
parry: 0
.finger : band of sulfuras -> rosewine circle => val: 343.684 -> 344.666

*** NEW BEST: 345.007 ***
Current relative stat values for matching or exceeding +50 pts of sp
int: 135.928
spi: 92.7327
sta: 0
agi: 0
mp5: 361.598
sp: 100
sp_shadow: 0
sp_healing: 100
spell crit: 329.528
spell hit: 0
arcane res: 0
nature res: 0
fire res: 0
frost res: 0
shadow res: 0
armor: 0
defense: 0
dodge: 0
parry: 0
[Perf] spent in FindBestPveHealingCounts: 28.6454 s, that's: 56.3621 % of total.
.......... ----------------------------
 --- head --- 
name: halo of transcendence
slot: head
intelligence: 27
stamina: 17
spirit: 22
sp_healing: 48
fire_res: 10
frost_res: 10
armor: 94
 ----------------------------
 --- neck --- 
name: choker of the fire lord
slot: neck
intelligence: 7
stamina: 7
sp: 34
 ----------------------------
 --- shoulders --- 
name: mantle of prophecy
slot: shoulders
intelligence: 23
stamina: 13
spirit: 10
sp: 9
shadow_res: 7
armor: 76
 ----------------------------
 --- back --- 
name: hide of the wild
slot: back
intelligence: 10
stamina: 8
sp_healing: 42
armor: 48
 ----------------------------
 --- chest --- 
name: truefaith vestments
slot: chest
stamina: 14
sp_healing: 73
mp5: 6
armor: 96
 ----------------------------
 --- wrists --- 
name: vambraces of prophecy
slot: wrists
intelligence: 14
stamina: 8
spirit: 10
sp_healing: 24
mp5: 2
armor: 44
 ----------------------------
 --- two-hand --- 
name: benediction
slot: two-hand
intelligence: 31
stamina: 10
spirit: 12
sp_healing: 106
spell_crit: 2
shadow_res: 20
 ----------------------------
 ---  --- 
name: 
slot: 
 ----------------------------
 ---  --- 
name: 
slot: 
 ----------------------------
 ---  --- 
name: 
slot: 
 ----------------------------
 --- ranged --- 
name: lunar wand of healing
slot: ranged
sp_healing: 20
 ----------------------------
 --- hands --- 
name: gloves of prophecy
slot: hands
intelligence: 15
stamina: 10
spirit: 15
sp_healing: 18
mp5: 6
fire_res: 7
armor: 63
 ----------------------------
 --- waist --- 
name: girdle of prophecy
slot: waist
intelligence: 22
stamina: 10
spirit: 10
sp: 9
mp5: 4
fire_res: 7
armor: 57
 ----------------------------
 --- legs --- 
name: leggings of transcendence
slot: legs
intelligence: 21
stamina: 16
spirit: 21
sp_healing: 46
mp5: 7
arcane_res: 10
shadow_res: 10
armor: 101
 ----------------------------
 --- feet --- 
name: boots of prophecy
slot: feet
intelligence: 18
stamina: 17
spirit: 15
sp_healing: 18
shadow_res: 7
armor: 70
 ----------------------------
 --- finger --- 
name: rosewine circle
slot: finger
sp_healing: 29
mp5: 5
 ----------------------------
 --- finger --- 
name: cauterizing band
slot: finger
intelligence: 12
stamina: 9
sp_healing: 46
 ----------------------------
 --- trinket --- 
name: shard of the scale
slot: trinket
mp5: 16
 ----------------------------
 --- trinket --- 
name: mindtap talisman
slot: trinket
mp5: 11
 ----------------------------
 --- Set bonuses ---
name: 
slot: Set bonuses
------------------
Char stats: 
Effective hp: 5975.4
Effective mana: 9981.73
Raw max mana: 6749.6
Int: 344.667
Stam: 190
Spirit: 245
Strength: 34
Agility: 38
Mp5: 83.8
Sp: 52
Sp shadow: 0
Sp healing: 470
Spell crit: 1.55107
Spell hit: 0
Arcane res: 10
Nature res: 0
Fire res: 24
Frost res: 10
Shadow res: 44
Armor: 2463
Defense: 300
Dodge: 0
Parry: 0
HpsPvp: 962.947
ShadowDps: 213.756
Value pvp healing: 472.061
Value pvp shadow: 23.2612
------------------
Best counts:
For 120 s fights:
    casts: 7, ticks: 9, ticks_oom: 0
    Heal, rank: 2, count: 0
    Heal, rank: 4, count: 0
    Greater Heal, rank: 1, count: 3
    Greater Heal, rank: 4, count: 0
    Flash Heal, rank: 7, count: 0
    Renew, rank: 10, count: 0
    Prayer of Healing, rank: 5, count: 0
    pve info: 1
    hps: 434.542
For 180 s fights:
    casts: 9, ticks: 10, ticks_oom: 0
    Heal, rank: 2, count: 2
    Heal, rank: 4, count: 0
    Greater Heal, rank: 1, count: 6
    Greater Heal, rank: 4, count: 0
    Flash Heal, rank: 7, count: 0
    Renew, rank: 10, count: 1
    Prayer of Healing, rank: 5, count: 0
    pve info: 1
    hps: 369.888
For 240 s fights:
    casts: 7, ticks: 10, ticks_oom: 0
    Heal, rank: 2, count: 14
    Heal, rank: 4, count: 0
    Greater Heal, rank: 1, count: 24
    Greater Heal, rank: 4, count: 1
    Flash Heal, rank: 7, count: 0
    Renew, rank: 10, count: 0
    Prayer of Healing, rank: 5, count: 0
    pve info: 1
    hps: 328.35
For 300 s fights:
    casts: 8, ticks: 10, ticks_oom: 0
    Heal, rank: 2, count: 10
    Heal, rank: 4, count: 0
    Greater Heal, rank: 1, count: 6
    Greater Heal, rank: 4, count: 0
    Flash Heal, rank: 7, count: 0
    Renew, rank: 10, count: 0
    Prayer of Healing, rank: 5, count: 0
    pve info: 1
    hps: 303.701
For 360 s fights:
    casts: 11, ticks: 10, ticks_oom: 0
    Heal, rank: 2, count: 4
    Heal, rank: 4, count: 0
    Greater Heal, rank: 1, count: 0
    Greater Heal, rank: 4, count: 0
    Flash Heal, rank: 7, count: 0
    Renew, rank: 10, count: 0
    Prayer of Healing, rank: 5, count: 0
    pve info: 1
    hps: 288.553
------------------
Current relative stat values for matching or exceeding +50 pts of sp
int: 135.928
spi: 92.7327
sta: 0
agi: 0
mp5: 361.598
sp: 100
sp_shadow: 0
sp_healing: 100
spell crit: 329.528
spell hit: 0
arcane res: 0
nature res: 0
fire res: 0
frost res: 0
shadow res: 0
armor: 0
defense: 0
dodge: 0
parry: 0
------------------
Diffs to start: 
Upgrades: 
quel'dorai channeling rod(18.9788) -> benediction(40.2876) : 21.3088 = +6.58293%
briarwood reed(5.3996) -> shard of the scale(21.6778) : 16.2782 = +4.95188%
shadowy laced handwraps(13.6956) -> gloves of prophecy(24.7049) : 11.0093 = +3.29623%
devout robe(12.6573) -> truefaith vestments(22.5241) : 9.86676 = +2.94407%
devout bracers(7.66061) -> vambraces of prophecy(17.2709) : 9.61026 = +2.86534%
thuzadin sash(11.9424) -> girdle of prophecy(21.2457) : 9.30331 = +2.77129%
devout sandals(11.3903) -> boots of prophecy(17.8864) : 6.49609 = +1.91902%
pants of prophecy(30.1482) -> leggings of transcendence(35.5069) : 5.3587 = +1.57772%
fordring's seal(10.1887) -> cauterizing band(15.0698) : 4.88113 = +1.4351%
royal seal of eldre'thalas(10.7922) -> mindtap talisman(14.4029) : 3.61069 = +1.05762%
devout mantle(13.375) -> mantle of prophecy(16.2741) : 2.89911 = +0.847426%
dragon finger of intellect(1.97986) -> lunar wand of healing(4.03464) : 2.05478 = +0.599145%
animated chain necklace(8.46271) -> choker of the fire lord(9.87741) : 1.4147 = +0.411739%
halo of transcendence(30.1727) -> halo of transcendence(30.1727) : 0 = +0%
hide of the wild(12.7417) -> hide of the wild(12.7417) : 0 = +0%
rosewine circle(12.6053) -> rosewine circle(12.6053) : 0 = +0%
- - - - - - - - - - - - - - - - - - - - - - - - - - - - - - - - -
| Upgrades at best in slot level, from start item to candidate: |
. . . . . . . . . . . . . . . . . . . . . . . . . . . . . . . . .
- . - ' - . - ' - . - ' - . - ' - . - ' - . -
head, halo of transcendence (30.1727) -> :
- . - ' - . - ' - . - ' - . - ' - . - ' - . -
neck, animated chain necklace (8.46271) -> :
    choker of the fire lord (9.87741) : +0.411739 %, from: mc
    choker of enlightenment (9.49265) : +0.299756 %, from: mc
- . - ' - . - ' - . - ' - . - ' - . - ' - . -
shoulders, devout mantle (13.375) -> :
    mantle of prophecy (16.2741) : +0.847426 %, from: mc
    sunderseer mantle (14.0668) : +0.202218 %, from: pre-raid
    soulstealer mantle (13.5455) : +0.0498386 %, from: pre-raid
- . - ' - . - ' - . - ' - . - ' - . - ' - . -
back, hide of the wild (12.7417) -> :
- . - ' - . - ' - . - ' - . - ' - . - ' - . -
chest, devout robe (12.6573) -> :
    truefaith vestments (22.5241) : +2.94407 %, from: tailoring bop
    robes of the exalted (19.9716) : +2.18247 %, from: pre-raid
    robes of prophecy (18.3773) : +1.70673 %, from: mc
    robe of volatile power (15.344) : +0.801649 %, from: mc
    mindsurge robe (14.0625) : +0.419282 %, from: pre-raid
    the postmaster's tunic (13.7651) : +0.330536 %, from: pre-raid
    magister's robes (13.329) : +0.200421 %, from: pre-raid
- . - ' - . - ' - . - ' - . - ' - . - ' - . -
wrists, devout bracers (7.66061) -> :
    vambraces of prophecy (17.2709) : +2.86534 %, from: mc
    flarecore wraps (13.8243) : +1.83773 %, from: tailoring boe
    wyrmthalak's shackles (9.36096) : +0.506967 %, from: pre-raid
    sublime wristguards (8.19702) : +0.159932 %, from: pre-raid
    magister's bindings (7.67941) : +0.00560496 %, from: pre-raid
- . - ' - . - ' - . - ' - . - ' - . - ' - . -
two-hand, quel'dorai channeling rod (18.9788) -> :
    benediction (40.2876) : +6.58293 %, from: mc
    staff of dominance (28.2547) : +2.8656 %, from: mc
    aurastone hammer and fire runed grimoire (26.0587) : +2.1872 %, from: mc, mc
    aurastone hammer and thaurissan's royal scepter (25.5648) : +2.03459 %, from: mc, pre-raid
    aurastone hammer and ancient cornerstone grimoire (24.4126) : +1.67865 %, from: mc, onyxia
    aurastone hammer and milli's lexicon (24.3992) : +1.67453 %, from: mc, pre-raid
    aurastone hammer and penelope's rose (23.3979) : +1.36517 %, from: mc, pre-raid (scholo quest)
    aurastone hammer and spellbound tome (23.2612) : +1.32296 %, from: mc, pre-raid
    sorcerous dagger and fire runed grimoire (23.0189) : +1.2481 %, from: mc, mc
    aurastone hammer and brightly glowing stone (22.8182) : +1.18609 %, from: mc, pre-raid
    aurastone hammer and globe of d'sak (22.1797) : +0.988863 %, from: mc, pre-raid
    sorcerous dagger and thaurissan's royal scepter (21.6347) : +0.820492 %, from: mc, pre-raid
    sorcerous dagger and ancient cornerstone grimoire (21.625) : +0.817494 %, from: mc, onyxia
    sorcerous dagger and milli's lexicon (21.6124) : +0.81359 %, from: mc, pre-raid
    anathema (20.287) : +0.404141 %, from: mc
    sorcerous dagger and spellbound tome (20.2277) : +0.385823 %, from: mc, pre-raid
    sorcerous dagger and penelope's rose (20.1599) : +0.364856 %, from: mc, pre-raid (scholo quest)
    lorespinner and fire runed grimoire (19.2198) : +0.0744419 %, from: pre-raid, mc
- . - ' - . - ' - . - ' - . - ' - . - ' - . -
ranged, dragon finger of intellect (1.97986) -> :
    lunar wand of healing (4.03464) : +0.599145 %, from: random green
    bonecreeper stylus (3.23941) : +0.367268 %, from: pre-raid
    oblivion's touch (2.93246) : +0.277767 %, from: pre-raid
    mana channeling wand (2.86853) : +0.259124 %, from: pre-raid
    crimson shocker (2.72565) : +0.217462 %, from: mc
    lunar wand of the owl (2.67664) : +0.203171 %, from: random green
    lunar wand of intellect (2.39767) : +0.121829 %, from: random green
- . - ' - . - ' - . - ' - . - ' - . - ' - . -
hands, shadowy laced handwraps (13.6956) -> :
    gloves of prophecy (24.7049) : +3.29623 %, from: mc
    hands of the exalted herald (16.9427) : +0.972184 %, from: pre-raid
- . - ' - . - ' - . - ' - . - ' - . - ' - . -
waist, thuzadin sash (11.9424) -> :
    girdle of prophecy (21.2457) : +2.77129 %, from: mc
    whipvine cord (17.9716) : +1.79602 %, from: pre-raid
    mana igniting cord (12.4516) : +0.151686 %, from: mc
- . - ' - . - ' - . - ' - . - ' - . - ' - . -
legs, pants of prophecy (30.1482) -> :
    leggings of transcendence (35.5069) : +1.57772 %, from: mc
- . - ' - . - ' - . - ' - . - ' - . - ' - . -
feet, devout sandals (11.3903) -> :
    boots of prophecy (17.8864) : +1.91902 %, from: mc
    boots of the full moon (14.4474) : +0.90313 %, from: pre-raid
    wolfrunner shoes (11.9987) : +0.179737 %, from: pre-raid
- . - ' - . - ' - . - ' - . - ' - . - ' - . -
finger, fordring's seal (9.05249) -> :
    cauterizing band (14.8202) : +1.68915 %, from: mc
    rosewine circle (12.6053) : +1.04049 %, from: pre-raid
    band of sulfuras (11.2276) : +0.637023 %, from: mc
    seal of the archmagus (10.2786) : +0.359083 %, from: mc
    ring of demonic guile (10.0831) : +0.30183 %, from: pre-raid
    maiden's circle (9.08334) : +0.00903585 %, from: pre-raid
- . - ' - . - ' - . - ' - . - ' - . - ' - . -
finger 2, rosewine circle (11.9735) -> :
    cauterizing band (15.0698) : +0.905574 %, from: mc
- . - ' - . - ' - . - ' - . - ' - . - ' - . -
trinket, briarwood reed (5.3996) -> :
    shard of the scale (21.6778) : +4.95188 %, from: onyxia
    mindtap talisman (14.7768) : +2.85257 %, from: pre-raid
    royal seal of eldre'thalas (11.9008) : +1.97769 %, from: pre-raid
    shard of afrasa (7.2749) : +0.570472 %, from: pre-raid
- . - ' - . - ' - . - ' - . - ' - . - ' - . -
trinket 2, royal seal of eldre'thalas (10.7922) -> :
    shard of the scale (17.9527) : +2.0974 %, from: onyxia
    mindtap talisman (14.4029) : +1.05762 %, from: pre-raid
------------------
- - - - - - - - - - - - - - - - - - - - - - - - - - - - - -
| Upgrades at start level, from start item to candidate:  |
. . . . . . . . . . . . . . . . . . . . . . . . . . . . . .
- . - ' - . - ' - . - ' - . - ' - . - ' - . -
head, halo of transcendence (26.1908) -> :
- . - ' - . - ' - . - ' - . - ' - . - ' - . -
neck, animated chain necklace (8.7417) -> :
    choker of the fire lord (9.54822) : +0.293658 %, from: mc
    choker of enlightenment (9.3887) : +0.235577 %, from: mc
- . - ' - . - ' - . - ' - . - ' - . - ' - . -
shoulders, devout mantle (17.446) -> :
- . - ' - . - ' - . - ' - . - ' - . - ' - . -
back, hide of the wild (12.3308) -> :
- . - ' - . - ' - . - ' - . - ' - . - ' - . -
chest, devout robe (19.1091) -> :
    robes of prophecy (20.0839) : +0.354927 %, from: mc
- . - ' - . - ' - . - ' - . - ' - . - ' - . -
wrists, devout bracers (12.6283) -> :
    vambraces of prophecy (15.3452) : +0.989255 %, from: mc
- . - ' - . - ' - . - ' - . - ' - . - ' - . -
two-hand, quel'dorai channeling rod (18.8399) -> :
    benediction (35.4523) : +6.04867 %, from: mc
    staff of dominance (26.443) : +2.76831 %, from: mc
    aurastone hammer and fire runed grimoire (24.177) : +1.94325 %, from: mc, mc
    aurastone hammer and milli's lexicon (23.5191) : +1.70371 %, from: mc, pre-raid
    aurastone hammer and ancient cornerstone grimoire (23.1315) : +1.56259 %, from: mc, onyxia
    aurastone hammer and thaurissan's royal scepter (22.2869) : +1.25507 %, from: mc, pre-raid
    aurastone hammer and penelope's rose (21.2094) : +0.862761 %, from: mc, pre-raid (scholo quest)
    aurastone hammer and spellbound tome (21.1991) : +0.858983 %, from: mc, pre-raid
    sorcerous dagger and fire runed grimoire (20.0194) : +0.429475 %, from: mc, mc
    aurastone hammer and globe of d'sak (19.81) : +0.353216 %, from: mc, pre-raid
    anathema (19.2863) : +0.162529 %, from: mc
    sorcerous dagger and milli's lexicon (19.2802) : +0.160329 %, from: mc, pre-raid
    sorcerous dagger and ancient cornerstone grimoire (19.1205) : +0.102182 %, from: mc, onyxia
- . - ' - . - ' - . - ' - . - ' - . - ' - . -
ranged, dragon finger of intellect (4.44116) -> :
    oblivion's touch (5.27002) : +0.301791 %, from: pre-raid
    mana channeling wand (5.25885) : +0.297724 %, from: pre-raid
    lunar wand of the owl (5.0882) : +0.235588 %, from: random green
    crimson shocker (4.99234) : +0.200687 %, from: mc
    lunar wand of intellect (4.68033) : +0.0870817 %, from: random green
- . - ' - . - ' - . - ' - . - ' - . - ' - . -
hands, shadowy laced handwraps (13.2166) -> :
    gloves of prophecy (20.1918) : +2.53971 %, from: mc
    hands of the exalted herald (15.8274) : +0.950631 %, from: pre-raid
- . - ' - . - ' - . - ' - . - ' - . - ' - . -
waist, thuzadin sash (11.4894) -> :
    whipvine cord (16.2765) : +1.74301 %, from: pre-raid
    girdle of prophecy (16.2335) : +1.72733 %, from: mc
    mana igniting cord (11.6444) : +0.0564359 %, from: mc
- . - ' - . - ' - . - ' - . - ' - . - ' - . -
legs, pants of prophecy (25.7011) -> :
    leggings of transcendence (30.2154) : +1.64368 %, from: mc
- . - ' - . - ' - . - ' - . - ' - . - ' - . -
feet, devout sandals (15.8979) -> :
    boots of prophecy (16.5913) : +0.252467 %, from: mc
- . - ' - . - ' - . - ' - . - ' - . - ' - . -
finger, fordring's seal (9.59363) -> :
    cauterizing band (13.1808) : +1.30613 %, from: mc
    rosewine circle (10.459) : +0.315103 %, from: pre-raid
- . - ' - . - ' - . - ' - . - ' - . - ' - . -
finger 2, rosewine circle (12.1663) -> :
    cauterizing band (13.9534) : +0.650696 %, from: mc
- . - ' - . - ' - . - ' - . - ' - . - ' - . -
trinket, briarwood reed (5.25418) -> :
    shard of the scale (10.5975) : +1.94554 %, from: onyxia
    royal seal of eldre'thalas (8.87857) : +1.31966 %, from: pre-raid
    mindtap talisman (7.41409) : +0.786435 %, from: pre-raid
- . - ' - . - ' - . - ' - . - ' - . - ' - . -
trinket 2, royal seal of eldre'thalas (11.2936) -> :
    shard of the scale (13.4195) : +0.774046 %, from: onyxia
-- Stat values at start item level: --
Current relative stat values for matching or exceeding +50 pts of sp
int: 252.486
spi: 168.925
sta: 0
agi: 0
mp5: 605.197
sp: 100
sp_shadow: 0
sp_healing: 100
spell crit: 293.305
spell hit: 0
arcane res: 0
nature res: 0
fire res: 0
frost res: 0
shadow res: 0
armor: 0
defense: 0
dodge: 0
parry: 0
------------------
Best value: 345.007
